---------------------
Experiment information

SIF_IMG: /mnt/lustre/mathdugre/containers/ants-flint-vprec.simg
SIF_IMG_BASE: /mnt/lustre/mathdugre/containers/ants-flint-base.simg
EXPERIMENT_NAME: flint-vprec-single
STAGE: syn
SUBJECT_ID: s034
REPETITION_ID: 1

FIXED_IMG: /templateflow/tpl-MNI152NLin2009cAsym/tpl-MNI152NLin2009cAsym_res-01_desc-brain_T1w.nii.gz
INPUT_IMG: /mnt/lustre/mathdugre/fast-interpolate/datasets/ds004513/derivatives/flint/ants/flint-vprec-single/sub-s034/ses-open/anat/01/1_Affine.nii.gz

DATA_DIR: /mnt/lustre/mathdugre/fast-interpolate/datasets/ds004513
OUTPUT_DIR: /mnt/lustre/mathdugre/fast-interpolate/datasets/ds004513/derivatives/flint/ants/flint-vprec-single/sub-s034/ses-open/anat
OUTPUT_PREFIX: 011
THREAD: 1
FLOAT: 0
VFC_BACKENDS: libinterflop_vprec.so --precision-binary32=23 --range-binary32=8 --precision-binary64=23 --range-binary64=8
---------------------

--output [/mnt/lustre/mathdugre/fast-interpolate/datasets/ds004513/derivatives/flint/ants/flint-vprec-single/sub-s034/ses-open/anat/011/1_,/mnt/lustre/mathdugre/fast-interpolate/datasets/ds004513/derivatives/flint/ants/flint-vprec-single/sub-s034/ses-open/anat/011/1_Warped.nii.gz,/mnt/lustre/mathdugre/fast-interpolate/datasets/ds004513/derivatives/flint/ants/flint-vprec-single/sub-s034/ses-open/anat/011/1_InverseSyN.nii.gz] --initial-moving-transform [/templateflow/tpl-MNI152NLin2009cAsym/tpl-MNI152NLin2009cAsym_res-01_desc-brain_T1w.nii.gz,/mnt/lustre/mathdugre/fast-interpolate/datasets/ds004513/derivatives/flint/ants/flint-vprec-single/sub-s034/ses-open/anat/01/1_Affine.nii.gz,1] --transform SyN[ 0.1,3,0 ] --metric CC[/templateflow/tpl-MNI152NLin2009cAsym/tpl-MNI152NLin2009cAsym_res-01_desc-brain_T1w.nii.gz,/mnt/lustre/mathdugre/fast-interpolate/datasets/ds004513/derivatives/flint/ants/flint-vprec-single/sub-s034/ses-open/anat/01/1_Affine.nii.gz,1,4] --convergence [100x70x50x20,1e-6,10] --shrink-factors 8x4x2x1 --smoothing-sigmas 3x2x1x0vox
All_Command_lines_OK
Using double precision for computations.
=============================================================================
The composite transform comprises the following transforms (in order): 
  1. Center of mass alignment using fixed image: /templateflow/tpl-MNI152NLin2009cAsym/tpl-MNI152NLin2009cAsym_res-01_desc-brain_T1w.nii.gz and moving image: /mnt/lustre/mathdugre/fast-interpolate/datasets/ds004513/derivatives/flint/ants/flint-vprec-single/sub-s034/ses-open/anat/01/1_Affine.nii.gz (type = Euler3DTransform)
=============================================================================
  number of levels = 4
  fixed image: /templateflow/tpl-MNI152NLin2009cAsym/tpl-MNI152NLin2009cAsym_res-01_desc-brain_T1w.nii.gz
  moving image: /mnt/lustre/mathdugre/fast-interpolate/datasets/ds004513/derivatives/flint/ants/flint-vprec-single/sub-s034/ses-open/anat/01/1_Affine.nii.gz
Dimension = 3
Number of stages = 1
Use histogram matching = false
Winsorize image intensities = true
  Lower quantile = 0.005
  Upper quantile = 0.995


Stage 1 State
   Image metric = CC
     Fixed image = Image (0x3b03b50)
  RTTI typeinfo:   itk::Image<double, 3u>
  Reference Count: 2
  Modified Time: 1622
  Debug: Off
  Object Name: 
  Observers: 
    none
  Source: (none)
  Source output name: (none)
  Release Data: Off
  Data Released: False
  Global Release Data: Off
  PipelineMTime: 0
  UpdateMTime: 1407
  RealTimeStamp: 0 seconds 
  LargestPossibleRegion: 
    Dimension: 3
    Index: [0, 0, 0]
    Size: [193, 229, 193]
  BufferedRegion: 
    Dimension: 3
    Index: [0, 0, 0]
    Size: [193, 229, 193]
  RequestedRegion: 
    Dimension: 3
    Index: [0, 0, 0]
    Size: [193, 229, 193]
  Spacing: [1, 1, 1]
  Origin: [96, 132, -78]
  Direction: 
-1 0 0
0 -1 0
0 0 1

  IndexToPointMatrix: 
-1 0 0
0 -1 0
0 0 1

  PointToIndexMatrix: 
-1 0 0
0 -1 0
0 0 1

  Inverse Direction: 
-1 0 0
0 -1 0
0 0 1

  PixelContainer: 
    ImportImageContainer (0x3b7c6d0)
      RTTI typeinfo:   itk::ImportImageContainer<unsigned long, double>
      Reference Count: 1
      Modified Time: 1404
      Debug: Off
      Object Name: 
      Observers: 
        none
      Pointer: 0x7f7a145ff010
      Container manages memory: true
      Size: 8530021
      Capacity: 8530021

     Moving image = Image (0x3b0fd60)
  RTTI typeinfo:   itk::Image<double, 3u>
  Reference Count: 2
  Modified Time: 1623
  Debug: Off
  Object Name: 
  Observers: 
    none
  Source: (none)
  Source output name: (none)
  Release Data: Off
  Data Released: False
  Global Release Data: Off
  PipelineMTime: 0
  UpdateMTime: 1620
  RealTimeStamp: 0 seconds 
  LargestPossibleRegion: 
    Dimension: 3
    Index: [0, 0, 0]
    Size: [193, 229, 193]
  BufferedRegion: 
    Dimension: 3
    Index: [0, 0, 0]
    Size: [193, 229, 193]
  RequestedRegion: 
    Dimension: 3
    Index: [0, 0, 0]
    Size: [193, 229, 193]
  Spacing: [1, 1, 1]
  Origin: [96, 132, -78]
  Direction: 
-1 0 0
0 -1 0
0 0 1

  IndexToPointMatrix: 
-1 0 0
0 -1 0
0 0 1

  PointToIndexMatrix: 
-1 0 0
0 -1 0
0 0 1

  Inverse Direction: 
-1 0 0
0 -1 0
0 0 1

  PixelContainer: 
    ImportImageContainer (0x3bdc7d0)
      RTTI typeinfo:   itk::ImportImageContainer<unsigned long, double>
      Reference Count: 1
      Modified Time: 1617
      Debug: Off
      Object Name: 
      Observers: 
        none
      Pointer: 0x7f7a104ea010
      Container manages memory: true
      Size: 8530021
      Capacity: 8530021

     Weighting = 1
     Sampling strategy = none
     Number of bins = 32
     Radius = 4
     Sampling percentage  = 1
   Transform = SyN
     Gradient step = 0.1
     Update field sigma (voxel space) = 3
     Total field sigma (voxel space) = 0
     Update field time sigma = 0
     Total field time sigma  = 0
     Number of time indices = 0
     Number of time point samples = 0
Registration using 1 total stages.

Stage 0
  iterations = 100x70x50x20
  convergence threshold = 1e-06
  convergence window size = 10
  number of levels = 4
  using the CC metric (radius = 4, weight = 1, use gradient filter = 0)
  preprocessing:  winsorizing the image intensities
  Shrink factors (level 1 out of 4): [8, 8, 8]
  Shrink factors (level 2 out of 4): [4, 4, 4]
  Shrink factors (level 3 out of 4): [2, 2, 2]
  Shrink factors (level 4 out of 4): [1, 1, 1]
  smoothing sigmas per level: [3, 2, 1, 0]
  Using default NONE metricSamplingStrategy 

*** Running SyN registration (varianceForUpdateField = 3, varianceForTotalField = 0) ***

XXDIAGNOSTIC,Iteration,metricValue,convergenceValue,ITERATION_TIME_INDEX,SINCE_LAST
 1DIAGNOSTIC,     1, -9.438702464104e-01, 1.797693134862e+308, 0.0000e+00, 0.0000e+00, 
 1DIAGNOSTIC,     2, -9.495512247086e-01, 1.797693134862e+308, 0.0000e+00, 0.0000e+00, 
 1DIAGNOSTIC,     3, -9.546651244164e-01, 1.797693134862e+308, 0.0000e+00, 0.0000e+00, 
 1DIAGNOSTIC,     4, -9.583211541176e-01, 1.797693134862e+308, 1.2800e+02, 1.2800e+02, 
 1DIAGNOSTIC,     5, -9.610189199448e-01, 1.797693134862e+308, 1.2800e+02, 0.0000e+00, 
 1DIAGNOSTIC,     6, -9.634016156197e-01, 1.797693134862e+308, 1.2800e+02, 0.0000e+00, 
 1DIAGNOSTIC,     7, -9.658919572830e-01, 1.797693134862e+308, 1.2800e+02, 0.0000e+00, 
 1DIAGNOSTIC,     8, -9.682911634445e-01, 1.797693134862e+308, 1.2800e+02, 0.0000e+00, 
 1DIAGNOSTIC,     9, -9.703793525696e-01, 1.797693134862e+308, 1.2800e+02, 0.0000e+00, 
 1DIAGNOSTIC,    10, -9.721235036850e-01, 1.776464283466e-03, 1.2800e+02, 0.0000e+00, 
 1DIAGNOSTIC,    11, -9.732470512390e-01, 1.378729939461e-03, 1.2800e+02, 0.0000e+00, 
 1DIAGNOSTIC,    12, -9.733594655991e-01, 1.064941287041e-03, 2.5600e+02, 1.2800e+02, 
 1DIAGNOSTIC,    13, -9.740787148476e-01, 8.351355791092e-04, 2.5600e+02, 0.0000e+00, 
 1DIAGNOSTIC,    14, -9.745038747787e-01, 6.475746631622e-04, 2.5600e+02, 0.0000e+00, 
 1DIAGNOSTIC,    15, -9.745858907700e-01, 4.801228642464e-04, 2.5600e+02, 0.0000e+00, 
 1DIAGNOSTIC,    16, -9.747036099434e-01, 3.356114029884e-04, 2.5600e+02, 0.0000e+00, 
 1DIAGNOSTIC,    17, -9.749134778976e-01, 2.239346504211e-04, 2.5600e+02, 0.0000e+00, 
 1DIAGNOSTIC,    18, -9.748994112015e-01, 1.426078379154e-04, 2.5600e+02, 0.0000e+00, 
 1DIAGNOSTIC,    19, -9.752503633499e-01, 9.396672248840e-05, 3.8400e+02, 1.2800e+02, 
 1DIAGNOSTIC,    20, -9.751626253128e-01, 6.555020809174e-05, 3.8400e+02, 0.0000e+00, 
 1DIAGNOSTIC,    21, -9.755035638809e-01, 5.460157990456e-05, 3.8400e+02, 0.0000e+00, 
 1DIAGNOSTIC,    22, -9.754267930984e-01, 3.986433148384e-05, 3.8400e+02, 0.0000e+00, 
 1DIAGNOSTIC,    23, -9.756785035133e-01, 3.514066338539e-05, 3.8400e+02, 0.0000e+00, 
 1DIAGNOSTIC,    24, -9.755252599716e-01, 3.089010715485e-05, 3.8400e+02, 0.0000e+00, 
 1DIAGNOSTIC,    25, -9.757698178291e-01, 2.809986472130e-05, 3.8400e+02, 0.0000e+00, 
 1DIAGNOSTIC,    26, -9.756598472595e-01, 2.297013998032e-05, 3.8400e+02, 0.0000e+00, 
 1DIAGNOSTIC,    27, -9.758036136627e-01, 2.007558941841e-05, 5.1200e+02, 1.2800e+02, 
 1DIAGNOSTIC,    28, -9.757106900215e-01, 1.437962055206e-05, 5.1200e+02, 0.0000e+00, 
 1DIAGNOSTIC,    29, -9.759553670883e-01, 1.393258571625e-05, 5.1200e+02, 0.0000e+00, 
 1DIAGNOSTIC,    30, -9.757734537125e-01, 9.518116712570e-06, 5.1200e+02, 0.0000e+00, 
 1DIAGNOSTIC,    31, -9.759340286255e-01, 9.424984455109e-06, 5.1200e+02, 0.0000e+00, 
 1DIAGNOSTIC,    32, -9.757423400879e-01, 5.997717380524e-06, 5.1200e+02, 0.0000e+00, 
 1DIAGNOSTIC,    33, -9.759751558304e-01, 6.686896085739e-06, 5.1200e+02, 0.0000e+00, 
 1DIAGNOSTIC,    34, -9.758263230324e-01, 4.064291715622e-06, 5.1200e+02, 0.0000e+00, 
 1DIAGNOSTIC,    35, -9.759769439697e-01, 4.675239324570e-06, 6.4000e+02, 1.2800e+02, 
 1DIAGNOSTIC,    36, -9.757668375969e-01, 2.250075340271e-06, 6.4000e+02, 0.0000e+00, 
 1DIAGNOSTIC,    37, -9.759943485260e-01, 2.844259142876e-06, 6.4000e+02, 0.0000e+00, 
 1DIAGNOSTIC,    38, -9.758238792419e-01, 1.061707735062e-06, 6.4000e+02, 0.0000e+00, 
 1DIAGNOSTIC,    39, -9.759125709534e-01, 1.924112439156e-06, 6.4000e+02, 0.0000e+00, 
 1DIAGNOSTIC,    40, -9.757462143898e-01, 5.401670932770e-08, 6.4000e+02, 0.0000e+00, 
XXDIAGNOSTIC,Iteration,metricValue,convergenceValue,ITERATION_TIME_INDEX,SINCE_LAST
 1DIAGNOSTIC,     1, -9.244905114174e-01, 1.797693134862e+308, 8.9600e+02, 2.5600e+02, 
 1DIAGNOSTIC,     2, -9.273531436920e-01, 1.797693134862e+308, 1.0240e+03, 1.2800e+02, 
 1DIAGNOSTIC,     3, -9.306788444519e-01, 1.797693134862e+308, 1.1520e+03, 1.2800e+02, 
 1DIAGNOSTIC,     4, -9.335763454437e-01, 1.797693134862e+308, 1.2800e+03, 1.2800e+02, 
 1DIAGNOSTIC,     5, -9.362660646439e-01, 1.797693134862e+308, 1.4080e+03, 1.2800e+02, 
 1DIAGNOSTIC,     6, -9.384150505066e-01, 1.797693134862e+308, 1.6640e+03, 2.5600e+02, 
 1DIAGNOSTIC,     7, -9.401603937149e-01, 1.797693134862e+308, 1.7920e+03, 1.2800e+02, 
 1DIAGNOSTIC,     8, -9.416995048523e-01, 1.797693134862e+308, 1.9200e+03, 1.2800e+02, 
 1DIAGNOSTIC,     9, -9.428645968437e-01, 1.797693134862e+308, 2.0480e+03, 1.2800e+02, 
 1DIAGNOSTIC,    10, -9.439070224762e-01, 1.343354582787e-03, 2.1760e+03, 1.2800e+02, 
 1DIAGNOSTIC,    11, -9.446959495544e-01, 1.057796180248e-03, 2.3040e+03, 1.2800e+02, 
 1DIAGNOSTIC,    12, -9.453300237656e-01, 8.126646280289e-04, 2.4320e+03, 1.2800e+02, 
 1DIAGNOSTIC,    13, -9.457821846008e-01, 6.194710731506e-04, 2.6880e+03, 2.5600e+02, 
 1DIAGNOSTIC,    14, -9.461866021156e-01, 4.685074090958e-04, 2.8160e+03, 1.2800e+02, 
 1DIAGNOSTIC,    15, -9.465402364731e-01, 3.559216856956e-04, 2.9440e+03, 1.2800e+02, 
 1DIAGNOSTIC,    16, -9.468729496002e-01, 2.714544534683e-04, 3.0720e+03, 1.2800e+02, 
 1DIAGNOSTIC,    17, -9.471703767776e-01, 2.080239355564e-04, 3.2000e+03, 1.2800e+02, 
 1DIAGNOSTIC,    18, -9.474408626556e-01, 1.627318561077e-04, 3.3280e+03, 1.2800e+02, 
 1DIAGNOSTIC,    19, -9.476879239082e-01, 1.294761896133e-04, 3.5840e+03, 2.5600e+02, 
 1DIAGNOSTIC,    20, -9.479155540466e-01, 1.066513359547e-04, 3.7120e+03, 1.2800e+02, 
 1DIAGNOSTIC,    21, -9.481207728386e-01, 9.033083915710e-05, 3.8400e+03, 1.2800e+02, 
 1DIAGNOSTIC,    22, -9.483199119568e-01, 7.851049304008e-05, 3.9680e+03, 1.2800e+02, 
 1DIAGNOSTIC,    23, -9.485032558441e-01, 6.875768303871e-05, 4.0960e+03, 1.2800e+02, 
 1DIAGNOSTIC,    24, -9.486698508263e-01, 6.059557199478e-05, 4.2240e+03, 1.2800e+02, 
 1DIAGNOSTIC,    25, -9.488244056702e-01, 5.356967449188e-05, 4.3520e+03, 1.2800e+02, 
 1DIAGNOSTIC,    26, -9.489705562592e-01, 4.766508936882e-05, 4.6080e+03, 2.5600e+02, 
 1DIAGNOSTIC,    27, -9.491039514542e-01, 4.257261753082e-05, 4.7360e+03, 1.2800e+02, 
 1DIAGNOSTIC,    28, -9.492372274399e-01, 3.822892904282e-05, 4.8640e+03, 1.2800e+02, 
 1DIAGNOSTIC,    29, -9.493611454964e-01, 3.449618816376e-05, 4.9920e+03, 1.2800e+02, 
 1DIAGNOSTIC,    30, -9.494774341583e-01, 3.126636147499e-05, 5.1200e+03, 1.2800e+02, 
 1DIAGNOSTIC,    31, -9.495869874954e-01, 2.840161323547e-05, 5.2480e+03, 1.2800e+02, 
 1DIAGNOSTIC,    32, -9.496948719025e-01, 2.598017454147e-05, 5.5040e+03, 2.5600e+02, 
 1DIAGNOSTIC,    33, -9.497954845428e-01, 2.389773726463e-05, 5.6320e+03, 1.2800e+02, 
 1DIAGNOSTIC,    34, -9.498919248581e-01, 2.205744385719e-05, 5.7600e+03, 1.2800e+02, 
 1DIAGNOSTIC,    35, -9.499825239182e-01, 2.039410173893e-05, 5.8880e+03, 1.2800e+02, 
 1DIAGNOSTIC,    36, -9.500693678856e-01, 1.889839768410e-05, 6.0160e+03, 1.2800e+02, 
 1DIAGNOSTIC,    37, -9.501503109932e-01, 1.749210059643e-05, 6.1440e+03, 1.2800e+02, 
 1DIAGNOSTIC,    38, -9.502283930779e-01, 1.622922718525e-05, 6.2720e+03, 1.2800e+02, 
 1DIAGNOSTIC,    39, -9.503012895584e-01, 1.505576074123e-05, 6.5280e+03, 2.5600e+02, 
 1DIAGNOSTIC,    40, -9.503765106201e-01, 1.401081681252e-05, 6.6560e+03, 1.2800e+02, 
 1DIAGNOSTIC,    41, -9.504424333572e-01, 1.302734017372e-05, 6.7840e+03, 1.2800e+02, 
 1DIAGNOSTIC,    42, -9.505090117455e-01, 1.216121017933e-05, 6.9120e+03, 1.2800e+02, 
 1DIAGNOSTIC,    43, -9.505708217621e-01, 1.135468482971e-05, 7.0400e+03, 1.2800e+02, 
 1DIAGNOSTIC,    44, -9.506304264069e-01, 1.063011586666e-05, 7.1680e+03, 1.2800e+02, 
 1DIAGNOSTIC,    45, -9.506817460060e-01, 9.926036000252e-06, 7.4240e+03, 2.5600e+02, 
 1DIAGNOSTIC,    46, -9.507256150246e-01, 9.208917617798e-06, 7.5520e+03, 1.2800e+02, 
 1DIAGNOSTIC,    47, -9.507791996002e-01, 8.564442396164e-06, 7.6800e+03, 1.2800e+02, 
 1DIAGNOSTIC,    48, -9.508185386658e-01, 7.912516593933e-06, 7.8080e+03, 1.2800e+02, 
 1DIAGNOSTIC,    49, -9.508591890335e-01, 7.282942533493e-06, 7.9360e+03, 1.2800e+02, 
 1DIAGNOSTIC,    50, -9.508976936340e-01, 6.714835762978e-06, 8.0640e+03, 1.2800e+02, 
 1DIAGNOSTIC,    51, -9.509307146072e-01, 6.163492798805e-06, 8.3200e+03, 2.5600e+02, 
 1DIAGNOSTIC,    52, -9.509592652321e-01, 5.643814802170e-06, 8.4480e+03, 1.2800e+02, 
 1DIAGNOSTIC,    53, -9.509897232056e-01, 5.181878805161e-06, 8.5760e+03, 1.2800e+02, 
 1DIAGNOSTIC,    54, -9.510171413422e-01, 4.768371582031e-06, 8.7040e+03, 1.2800e+02, 
 1DIAGNOSTIC,    55, -9.510402679443e-01, 4.369765520096e-06, 8.8320e+03, 1.2800e+02, 
 1DIAGNOSTIC,    56, -9.510626792908e-01, 3.978610038757e-06, 8.9600e+03, 1.2800e+02, 
 1DIAGNOSTIC,    57, -9.510846138000e-01, 3.667548298836e-06, 9.0880e+03, 1.2800e+02, 
 1DIAGNOSTIC,    58, -9.511023163795e-01, 3.349035978317e-06, 9.3440e+03, 2.5600e+02, 
 1DIAGNOSTIC,    59, -9.511200785637e-01, 3.075227141380e-06, 9.4720e+03, 1.2800e+02, 
 1DIAGNOSTIC,    60, -9.511363506317e-01, 2.834945917130e-06, 9.6000e+03, 1.2800e+02, 
 1DIAGNOSTIC,    61, -9.511501193047e-01, 2.605840563774e-06, 9.7280e+03, 1.2800e+02, 
 1DIAGNOSTIC,    62, -9.511625766754e-01, 2.382323145866e-06, 9.8560e+03, 1.2800e+02, 
 1DIAGNOSTIC,    63, -9.511758089066e-01, 2.192333340645e-06, 9.9840e+03, 1.2800e+02, 
 1DIAGNOSTIC,    64, -9.511857628822e-01, 2.017244696617e-06, 1.0240e+04, 2.5600e+02, 
 1DIAGNOSTIC,    65, -9.511933326721e-01, 1.844018697739e-06, 1.0368e+04, 1.2800e+02, 
 1DIAGNOSTIC,    66, -9.512025117874e-01, 1.685693860054e-06, 1.0496e+04, 1.2800e+02, 
 1DIAGNOSTIC,    67, -9.512126445770e-01, 1.555308699608e-06, 1.0624e+04, 1.2800e+02, 
 1DIAGNOSTIC,    68, -9.512187242508e-01, 1.434236764908e-06, 1.0752e+04, 1.2800e+02, 
 1DIAGNOSTIC,    69, -9.512243270874e-01, 1.318752765656e-06, 1.0880e+04, 1.2800e+02, 
 1DIAGNOSTIC,    70, -9.512320756912e-01, 1.228414475918e-06, 1.1136e+04, 2.5600e+02, 
XXDIAGNOSTIC,Iteration,metricValue,convergenceValue,ITERATION_TIME_INDEX,SINCE_LAST
 1DIAGNOSTIC,     1, -9.015308618546e-01, 1.797693134862e+308, 1.2416e+04, 1.2800e+03, 
 1DIAGNOSTIC,     2, -9.036335945129e-01, 1.797693134862e+308, 1.3568e+04, 1.1520e+03, 
 1DIAGNOSTIC,     3, -9.061549305916e-01, 1.797693134862e+308, 1.4848e+04, 1.2800e+03, 
 1DIAGNOSTIC,     4, -9.088245630264e-01, 1.797693134862e+308, 1.6000e+04, 1.1520e+03, 
 1DIAGNOSTIC,     5, -9.109126329422e-01, 1.797693134862e+308, 1.7280e+04, 1.2800e+03, 
 1DIAGNOSTIC,     6, -9.129552841187e-01, 1.797693134862e+308, 1.8432e+04, 1.1520e+03, 
 1DIAGNOSTIC,     7, -9.146406650543e-01, 1.797693134862e+308, 1.9712e+04, 1.2800e+03, 
 1DIAGNOSTIC,     8, -9.162389039993e-01, 1.797693134862e+308, 2.0864e+04, 1.1520e+03, 
 1DIAGNOSTIC,     9, -9.177373647690e-01, 1.797693134862e+308, 2.2144e+04, 1.2800e+03, 
 1DIAGNOSTIC,    10, -9.191431999207e-01, 1.252911984921e-03, 2.3296e+04, 1.1520e+03, 
 1DIAGNOSTIC,    11, -9.204602241516e-01, 1.056648790836e-03, 2.4576e+04, 1.2800e+03, 
 1DIAGNOSTIC,    12, -9.216950535774e-01, 8.843094110489e-04, 2.5728e+04, 1.1520e+03, 
 1DIAGNOSTIC,    13, -9.225281476974e-01, 7.381364703178e-04, 2.7008e+04, 1.2800e+03, 
 1DIAGNOSTIC,    14, -9.234170913696e-01, 6.245151162148e-04, 2.8288e+04, 1.2800e+03, 
 1DIAGNOSTIC,    15, -9.240869879723e-01, 5.256533622742e-04, 2.9440e+04, 1.1520e+03, 
 1DIAGNOSTIC,    16, -9.246920347214e-01, 4.420354962349e-04, 3.0720e+04, 1.2800e+03, 
 1DIAGNOSTIC,    17, -9.252654314041e-01, 3.685355186462e-04, 3.2000e+04, 1.2800e+03, 
 1DIAGNOSTIC,    18, -9.257950782776e-01, 3.056488931179e-04, 3.3152e+04, 1.1520e+03, 
 1DIAGNOSTIC,    19, -9.262934923172e-01, 2.534799277782e-04, 3.4432e+04, 1.2800e+03, 
 1DIAGNOSTIC,    20, -9.267567992210e-01, 2.117492258549e-04, 3.5584e+04, 1.1520e+03, 
 1DIAGNOSTIC,    21, -9.271883964539e-01, 1.798868179321e-04, 3.6864e+04, 1.2800e+03, 
 1DIAGNOSTIC,    22, -9.275999665260e-01, 1.572407782078e-04, 3.8144e+04, 1.2800e+03, 
 1DIAGNOSTIC,    23, -9.279950857162e-01, 1.382604241371e-04, 3.9296e+04, 1.1520e+03, 
 1DIAGNOSTIC,    24, -9.283686876297e-01, 1.241378486156e-04, 4.0576e+04, 1.2800e+03, 
 1DIAGNOSTIC,    25, -9.287037849426e-01, 1.119002699852e-04, 4.1728e+04, 1.1520e+03, 
 1DIAGNOSTIC,    26, -9.289748668671e-01, 1.004785299301e-04, 4.3008e+04, 1.2800e+03, 
 1DIAGNOSTIC,    27, -9.291992187500e-01, 8.958950638771e-05, 4.4288e+04, 1.2800e+03, 
 1DIAGNOSTIC,    28, -9.293990731239e-01, 7.909536361694e-05, 4.5440e+04, 1.1520e+03, 
 1DIAGNOSTIC,    29, -9.295707941055e-01, 6.900355219841e-05, 4.6720e+04, 1.2800e+03, 
 1DIAGNOSTIC,    30, -9.297340512276e-01, 5.953013896942e-05, 4.7872e+04, 1.1520e+03, 
 1DIAGNOSTIC,    31, -9.298921823502e-01, 5.094707012177e-05, 4.9152e+04, 1.2800e+03, 
 1DIAGNOSTIC,    32, -9.300568103790e-01, 4.365667700768e-05, 5.0432e+04, 1.2800e+03, 
 1DIAGNOSTIC,    33, -9.302285313606e-01, 3.799796104431e-05, 5.1584e+04, 1.1520e+03, 
 1DIAGNOSTIC,    34, -9.304096698761e-01, 3.411248326302e-05, 5.2864e+04, 1.2800e+03, 
 1DIAGNOSTIC,    35, -9.306088685989e-01, 3.196112811565e-05, 5.4016e+04, 1.1520e+03, 
 1DIAGNOSTIC,    36, -9.308220148087e-01, 3.106147050858e-05, 5.5296e+04, 1.2800e+03, 
 1DIAGNOSTIC,    37, -9.310337305069e-01, 3.092549741268e-05, 5.6576e+04, 1.2800e+03, 
 1DIAGNOSTIC,    38, -9.312415122986e-01, 3.119371831417e-05, 5.7728e+04, 1.1520e+03, 
 1DIAGNOSTIC,    39, -9.314476847649e-01, 3.150664269924e-05, 5.9008e+04, 1.2800e+03, 
 1DIAGNOSTIC,    40, -9.316576719284e-01, 3.170967102051e-05, 6.0160e+04, 1.1520e+03, 
 1DIAGNOSTIC,    41, -9.318659305573e-01, 3.167241811752e-05, 6.1440e+04, 1.2800e+03, 
 1DIAGNOSTIC,    42, -9.320546984673e-01, 3.123469650745e-05, 6.2720e+04, 1.2800e+03, 
 1DIAGNOSTIC,    43, -9.322242736816e-01, 3.032013773918e-05, 6.3872e+04, 1.1520e+03, 
 1DIAGNOSTIC,    44, -9.323788285255e-01, 2.894364297390e-05, 6.5152e+04, 1.2800e+03, 
 1DIAGNOSTIC,    45, -9.325207471848e-01, 2.722442150116e-05, 6.6432e+04, 1.2800e+03, 
 1DIAGNOSTIC,    46, -9.326539635658e-01, 2.532824873924e-05, 6.7584e+04, 1.1520e+03, 
 1DIAGNOSTIC,    47, -9.327774643898e-01, 2.332404255867e-05, 6.8864e+04, 1.2800e+03, 
 1DIAGNOSTIC,    48, -9.328933954239e-01, 2.127885818481e-05, 7.0016e+04, 1.1520e+03, 
 1DIAGNOSTIC,    49, -9.330018758774e-01, 1.928955316544e-05, 7.1296e+04, 1.2800e+03, 
 1DIAGNOSTIC,    50, -9.331043958664e-01, 1.749582588673e-05, 7.2576e+04, 1.2800e+03, 
XXDIAGNOSTIC,Iteration,metricValue,convergenceValue,ITERATION_TIME_INDEX,SINCE_LAST
 1DIAGNOSTIC,     1, -9.021540880203e-01, 1.797693134862e+308, 8.2688e+04, 1.0112e+04, 
 1DIAGNOSTIC,     2, -9.036176204681e-01, 1.797693134862e+308, 9.2800e+04, 1.0112e+04, 
 1DIAGNOSTIC,     3, -9.055773019791e-01, 1.797693134862e+308, 1.0278e+05, 9.9840e+03, 
 1DIAGNOSTIC,     4, -9.078155755997e-01, 1.797693134862e+308, 1.1277e+05, 9.9840e+03, 
 1DIAGNOSTIC,     5, -9.099578261375e-01, 1.797693134862e+308, 1.2275e+05, 9.9840e+03, 
 1DIAGNOSTIC,     6, -9.119130373001e-01, 1.797693134862e+308, 1.3274e+05, 9.9840e+03, 
 1DIAGNOSTIC,     7, -9.136624932289e-01, 1.797693134862e+308, 1.4272e+05, 9.9840e+03, 
 1DIAGNOSTIC,     8, -9.152117371559e-01, 1.797693134862e+308, 1.5270e+05, 9.9840e+03, 
 1DIAGNOSTIC,     9, -9.166212081909e-01, 1.797693134862e+308, 1.6269e+05, 9.9840e+03, 
 1DIAGNOSTIC,    10, -9.178709983826e-01, 1.154884696007e-03, 1.7280e+05, 1.0112e+04, 
 1DIAGNOSTIC,    11, -9.188687801361e-01, 9.929165244102e-04, 1.8291e+05, 1.0112e+04, 
 1DIAGNOSTIC,    12, -9.197784662247e-01, 8.303225040436e-04, 1.9290e+05, 9.9840e+03, 
 1DIAGNOSTIC,    13, -9.206006526947e-01, 6.839111447334e-04, 2.0301e+05, 1.0112e+04, 
 1DIAGNOSTIC,    14, -9.212437272072e-01, 5.598738789558e-04, 2.1312e+05, 1.0112e+04, 
 1DIAGNOSTIC,    15, -9.218538999557e-01, 4.580169916153e-04, 2.2298e+05, 9.8560e+03, 
 1DIAGNOSTIC,    16, -9.224264621735e-01, 3.757253289223e-04, 2.3283e+05, 9.8560e+03, 
 1DIAGNOSTIC,    17, -9.229704141617e-01, 3.102011978626e-04, 2.4269e+05, 9.8560e+03, 
 1DIAGNOSTIC,    18, -9.234904050827e-01, 2.587586641312e-04, 2.5254e+05, 9.8560e+03, 
 1DIAGNOSTIC,    19, -9.239925146103e-01, 2.198033034801e-04, 2.6266e+05, 1.0112e+04, 
 1DIAGNOSTIC,    20, -9.244976043701e-01, 1.914389431477e-04, 2.7290e+05, 1.0240e+04, 
  Elapsed time (stage 0): 272896


Total elapsed time: 272896
-i /mnt/lustre/mathdugre/fast-interpolate/datasets/ds004513/derivatives/flint/ants/flint-vprec-single/sub-s034/ses-open/anat/01/1_Affine.nii.gz -o /mnt/lustre/mathdugre/fast-interpolate/datasets/ds004513/derivatives/flint/ants/flint-vprec-single/sub-s034/ses-open/anat/011/1_transformed.nii.gz -t /mnt/lustre/mathdugre/fast-interpolate/datasets/ds004513/derivatives/flint/ants/flint-vprec-single/sub-s034/ses-open/anat/011/1_1Warp.nii.gz -t /mnt/lustre/mathdugre/fast-interpolate/datasets/ds004513/derivatives/flint/ants/flint-vprec-single/sub-s034/ses-open/anat/011/1_0GenericAffine.mat
