---------------------
Experiment information

SIF_IMG: /mnt/lustre/mathdugre/containers/ants-flint-base.simg
SIF_IMG_BASE: /mnt/lustre/mathdugre/containers/ants-flint-base.simg
EXPERIMENT_NAME: flint-vprec-single
STAGE: syn
SUBJECT_ID: s014
REPETITION_ID: 1

FIXED_IMG: /templateflow/tpl-MNI152NLin2009cAsym/tpl-MNI152NLin2009cAsym_res-01_desc-brain_T1w.nii.gz
INPUT_IMG: /mnt/lustre/mathdugre/fast-interpolate/datasets/ds004513/derivatives/flint/ants/flint-vprec-single/sub-s014/ses-open/anat/11/1_Affine.nii.gz

DATA_DIR: /mnt/lustre/mathdugre/fast-interpolate/datasets/ds004513
OUTPUT_DIR: /mnt/lustre/mathdugre/fast-interpolate/datasets/ds004513/derivatives/flint/ants/flint-vprec-single/sub-s014/ses-open/anat
OUTPUT_PREFIX: 110
THREAD: 1
FLOAT: 0
VFC_BACKENDS: ieee
---------------------

--output [/mnt/lustre/mathdugre/fast-interpolate/datasets/ds004513/derivatives/flint/ants/flint-vprec-single/sub-s014/ses-open/anat/110/1_,/mnt/lustre/mathdugre/fast-interpolate/datasets/ds004513/derivatives/flint/ants/flint-vprec-single/sub-s014/ses-open/anat/110/1_Warped.nii.gz,/mnt/lustre/mathdugre/fast-interpolate/datasets/ds004513/derivatives/flint/ants/flint-vprec-single/sub-s014/ses-open/anat/110/1_InverseSyN.nii.gz] --initial-moving-transform [/templateflow/tpl-MNI152NLin2009cAsym/tpl-MNI152NLin2009cAsym_res-01_desc-brain_T1w.nii.gz,/mnt/lustre/mathdugre/fast-interpolate/datasets/ds004513/derivatives/flint/ants/flint-vprec-single/sub-s014/ses-open/anat/11/1_Affine.nii.gz,1] --transform SyN[ 0.1,3,0 ] --metric CC[/templateflow/tpl-MNI152NLin2009cAsym/tpl-MNI152NLin2009cAsym_res-01_desc-brain_T1w.nii.gz,/mnt/lustre/mathdugre/fast-interpolate/datasets/ds004513/derivatives/flint/ants/flint-vprec-single/sub-s014/ses-open/anat/11/1_Affine.nii.gz,1,4] --convergence [100x70x50x20,1e-6,10] --shrink-factors 8x4x2x1 --smoothing-sigmas 3x2x1x0vox
All_Command_lines_OK
Using double precision for computations.
=============================================================================
The composite transform comprises the following transforms (in order): 
  1. Center of mass alignment using fixed image: /templateflow/tpl-MNI152NLin2009cAsym/tpl-MNI152NLin2009cAsym_res-01_desc-brain_T1w.nii.gz and moving image: /mnt/lustre/mathdugre/fast-interpolate/datasets/ds004513/derivatives/flint/ants/flint-vprec-single/sub-s014/ses-open/anat/11/1_Affine.nii.gz (type = Euler3DTransform)
=============================================================================
  number of levels = 4
  fixed image: /templateflow/tpl-MNI152NLin2009cAsym/tpl-MNI152NLin2009cAsym_res-01_desc-brain_T1w.nii.gz
  moving image: /mnt/lustre/mathdugre/fast-interpolate/datasets/ds004513/derivatives/flint/ants/flint-vprec-single/sub-s014/ses-open/anat/11/1_Affine.nii.gz
Dimension = 3
Number of stages = 1
Use histogram matching = false
Winsorize image intensities = true
  Lower quantile = 0.005
  Upper quantile = 0.995


Stage 1 State
   Image metric = CC
     Fixed image = Image (0x556c31066a00)
  RTTI typeinfo:   itk::Image<double, 3u>
  Reference Count: 2
  Modified Time: 1622
  Debug: Off
  Object Name: 
  Observers: 
    none
  Source: (none)
  Source output name: (none)
  Release Data: Off
  Data Released: False
  Global Release Data: Off
  PipelineMTime: 0
  UpdateMTime: 1407
  RealTimeStamp: 0 seconds 
  LargestPossibleRegion: 
    Dimension: 3
    Index: [0, 0, 0]
    Size: [193, 229, 193]
  BufferedRegion: 
    Dimension: 3
    Index: [0, 0, 0]
    Size: [193, 229, 193]
  RequestedRegion: 
    Dimension: 3
    Index: [0, 0, 0]
    Size: [193, 229, 193]
  Spacing: [1, 1, 1]
  Origin: [96, 132, -78]
  Direction: 
-1 0 0
0 -1 0
0 0 1

  IndexToPointMatrix: 
-1 0 0
0 -1 0
0 0 1

  PointToIndexMatrix: 
-1 0 0
0 -1 0
0 0 1

  Inverse Direction: 
-1 0 0
0 -1 0
0 0 1

  PixelContainer: 
    ImportImageContainer (0x556c310fad50)
      RTTI typeinfo:   itk::ImportImageContainer<unsigned long, double>
      Reference Count: 1
      Modified Time: 1404
      Debug: Off
      Object Name: 
      Observers: 
        none
      Pointer: 0x7f08c2534010
      Container manages memory: true
      Size: 8530021
      Capacity: 8530021

     Moving image = Image (0x556c3106d870)
  RTTI typeinfo:   itk::Image<double, 3u>
  Reference Count: 2
  Modified Time: 1623
  Debug: Off
  Object Name: 
  Observers: 
    none
  Source: (none)
  Source output name: (none)
  Release Data: Off
  Data Released: False
  Global Release Data: Off
  PipelineMTime: 0
  UpdateMTime: 1620
  RealTimeStamp: 0 seconds 
  LargestPossibleRegion: 
    Dimension: 3
    Index: [0, 0, 0]
    Size: [193, 229, 193]
  BufferedRegion: 
    Dimension: 3
    Index: [0, 0, 0]
    Size: [193, 229, 193]
  RequestedRegion: 
    Dimension: 3
    Index: [0, 0, 0]
    Size: [193, 229, 193]
  Spacing: [1, 1, 1]
  Origin: [96, 132, -78]
  Direction: 
-1 0 0
0 -1 0
0 0 1

  IndexToPointMatrix: 
-1 0 0
0 -1 0
0 0 1

  PointToIndexMatrix: 
-1 0 0
0 -1 0
0 0 1

  Inverse Direction: 
-1 0 0
0 -1 0
0 0 1

  PixelContainer: 
    ImportImageContainer (0x556c31111d90)
      RTTI typeinfo:   itk::ImportImageContainer<unsigned long, double>
      Reference Count: 1
      Modified Time: 1617
      Debug: Off
      Object Name: 
      Observers: 
        none
      Pointer: 0x7f08be41f010
      Container manages memory: true
      Size: 8530021
      Capacity: 8530021

     Weighting = 1
     Sampling strategy = none
     Number of bins = 32
     Radius = 4
     Sampling percentage  = 1
   Transform = SyN
     Gradient step = 0.1
     Update field sigma (voxel space) = 3
     Total field sigma (voxel space) = 0
     Update field time sigma = 0
     Total field time sigma  = 0
     Number of time indices = 0
     Number of time point samples = 0
Registration using 1 total stages.

Stage 0
  iterations = 100x70x50x20
  convergence threshold = 1e-06
  convergence window size = 10
  number of levels = 4
  using the CC metric (radius = 4, weight = 1, use gradient filter = 0)
  preprocessing:  winsorizing the image intensities
  Shrink factors (level 1 out of 4): [8, 8, 8]
  Shrink factors (level 2 out of 4): [4, 4, 4]
  Shrink factors (level 3 out of 4): [2, 2, 2]
  Shrink factors (level 4 out of 4): [1, 1, 1]
  smoothing sigmas per level: [3, 2, 1, 0]
  Using default NONE metricSamplingStrategy 

*** Running SyN registration (varianceForUpdateField = 3, varianceForTotalField = 0) ***

XXDIAGNOSTIC,Iteration,metricValue,convergenceValue,ITERATION_TIME_INDEX,SINCE_LAST
 1DIAGNOSTIC,     1, -9.305861723400e-01, 1.797693134862e+308, 2.1662e+00, 2.1662e+00, 
 1DIAGNOSTIC,     2, -9.364451741723e-01, 1.797693134862e+308, 2.9098e+00, 7.4357e-01, 
 1DIAGNOSTIC,     3, -9.418436420403e-01, 1.797693134862e+308, 3.6532e+00, 7.4340e-01, 
 1DIAGNOSTIC,     4, -9.464616683584e-01, 1.797693134862e+308, 4.3943e+00, 7.4110e-01, 
 1DIAGNOSTIC,     5, -9.503966698401e-01, 1.797693134862e+308, 5.1333e+00, 7.3902e-01, 
 1DIAGNOSTIC,     6, -9.539429698040e-01, 1.797693134862e+308, 5.8732e+00, 7.3988e-01, 
 1DIAGNOSTIC,     7, -9.582373410214e-01, 1.797693134862e+308, 6.6136e+00, 7.4041e-01, 
 1DIAGNOSTIC,     8, -9.628247835623e-01, 1.797693134862e+308, 7.3541e+00, 7.4054e-01, 
 1DIAGNOSTIC,     9, -9.667953772403e-01, 1.797693134862e+308, 8.0948e+00, 7.4067e-01, 
 1DIAGNOSTIC,    10, -9.698524523789e-01, 2.589092405324e-03, 8.8344e+00, 7.3967e-01, 
 1DIAGNOSTIC,    11, -9.704980706204e-01, 2.152105535570e-03, 9.5732e+00, 7.3876e-01, 
 1DIAGNOSTIC,    12, -9.705247606576e-01, 1.741346458499e-03, 1.0313e+01, 7.3960e-01, 
 1DIAGNOSTIC,    13, -9.712109701821e-01, 1.375208431464e-03, 1.1051e+01, 7.3867e-01, 
 1DIAGNOSTIC,    14, -9.711475607972e-01, 1.031982912537e-03, 1.1792e+01, 7.4084e-01, 
 1DIAGNOSTIC,    15, -9.718857725616e-01, 7.329440504597e-04, 1.2534e+01, 7.4191e-01, 
 1DIAGNOSTIC,    16, -9.717386493916e-01, 4.671230595879e-04, 1.3273e+01, 7.3849e-01, 
 1DIAGNOSTIC,    17, -9.725166664014e-01, 2.780475795506e-04, 1.4012e+01, 7.3937e-01, 
 1DIAGNOSTIC,    18, -9.723111965133e-01, 1.553069529771e-04, 1.4751e+01, 7.3930e-01, 
 1DIAGNOSTIC,    19, -9.727844775986e-01, 9.947492269165e-05, 1.5490e+01, 7.3835e-01, 
 1DIAGNOSTIC,    20, -9.725297026663e-01, 8.129222590942e-05, 1.6227e+01, 7.3777e-01, 
 1DIAGNOSTIC,    21, -9.730141869849e-01, 7.351451085479e-05, 1.6965e+01, 7.3758e-01, 
 1DIAGNOSTIC,    22, -9.727566247097e-01, 5.624209630711e-05, 1.7706e+01, 7.4121e-01, 
 1DIAGNOSTIC,    23, -9.730439597288e-01, 4.805950239218e-05, 1.8448e+01, 7.4187e-01, 
 1DIAGNOSTIC,    24, -9.727526704192e-01, 3.158982515734e-05, 1.9188e+01, 7.3950e-01, 
 1DIAGNOSTIC,    25, -9.731569371426e-01, 2.730187482781e-05, 1.9927e+01, 7.3930e-01, 
 1DIAGNOSTIC,    26, -9.728929690136e-01, 1.585898921801e-05, 2.0669e+01, 7.4179e-01, 
 1DIAGNOSTIC,    27, -9.730482907698e-01, 1.425922549215e-05, 2.1407e+01, 7.3776e-01, 
 1DIAGNOSTIC,    28, -9.727516007307e-01, 6.128019764975e-06, 2.2147e+01, 7.4073e-01, 
 1DIAGNOSTIC,    29, -9.731397836837e-01, 7.014112350094e-06, 2.2889e+01, 7.4172e-01, 
 1DIAGNOSTIC,    30, -9.728843118034e-01, 1.989132868863e-06, 2.3630e+01, 7.4072e-01, 
 1DIAGNOSTIC,    31, -9.729779427520e-01, 2.840039400341e-06, 2.4369e+01, 7.3942e-01, 
 1DIAGNOSTIC,    32, -9.726792978684e-01, -1.694696574482e-06, 2.5110e+01, 7.4043e-01, 
XXDIAGNOSTIC,Iteration,metricValue,convergenceValue,ITERATION_TIME_INDEX,SINCE_LAST
 1DIAGNOSTIC,     1, -9.153479082847e-01, 1.797693134862e+308, 3.2690e+01, 7.5808e+00, 
 1DIAGNOSTIC,     2, -9.178390121582e-01, 1.797693134862e+308, 3.8814e+01, 6.1240e+00, 
 1DIAGNOSTIC,     3, -9.207969521011e-01, 1.797693134862e+308, 4.4943e+01, 6.1289e+00, 
 1DIAGNOSTIC,     4, -9.243927945925e-01, 1.797693134862e+308, 5.1077e+01, 6.1338e+00, 
 1DIAGNOSTIC,     5, -9.274673921614e-01, 1.797693134862e+308, 5.7218e+01, 6.1412e+00, 
 1DIAGNOSTIC,     6, -9.301444203017e-01, 1.797693134862e+308, 6.3351e+01, 6.1327e+00, 
 1DIAGNOSTIC,     7, -9.321434601301e-01, 1.797693134862e+308, 6.9454e+01, 6.1029e+00, 
 1DIAGNOSTIC,     8, -9.339025455658e-01, 1.797693134862e+308, 7.5593e+01, 6.1396e+00, 
 1DIAGNOSTIC,     9, -9.354686470466e-01, 1.797693134862e+308, 8.1732e+01, 6.1390e+00, 
 1DIAGNOSTIC,    10, -9.368469942651e-01, 1.540407800090e-03, 8.7867e+01, 6.1349e+00, 
 1DIAGNOSTIC,    11, -9.379028205365e-01, 1.260720848078e-03, 9.4026e+01, 6.1588e+00, 
 1DIAGNOSTIC,    12, -9.390331968456e-01, 1.006848951792e-03, 1.0016e+02, 6.1332e+00, 
 1DIAGNOSTIC,    13, -9.399288022786e-01, 7.908728050994e-04, 1.0631e+02, 6.1537e+00, 
 1DIAGNOSTIC,    14, -9.408523068024e-01, 6.317915575756e-04, 1.1245e+02, 6.1344e+00, 
 1DIAGNOSTIC,    15, -9.415625186418e-01, 5.125574526168e-04, 1.1859e+02, 6.1396e+00, 
 1DIAGNOSTIC,    16, -9.423279118774e-01, 4.265580754841e-04, 1.2472e+02, 6.1370e+00, 
 1DIAGNOSTIC,    17, -9.428948791196e-01, 3.570885224286e-04, 1.3087e+02, 6.1448e+00, 
 1DIAGNOSTIC,    18, -9.435375037232e-01, 3.027400652671e-04, 1.3706e+02, 6.1908e+00, 
 1DIAGNOSTIC,    19, -9.437946202811e-01, 2.550287598710e-04, 1.4323e+02, 6.1660e+00, 
 1DIAGNOSTIC,    20, -9.440607622584e-01, 2.134474491542e-04, 1.4939e+02, 6.1674e+00, 
 1DIAGNOSTIC,    21, -9.443224128357e-01, 1.749429766087e-04, 1.5557e+02, 6.1765e+00, 
 1DIAGNOSTIC,    22, -9.445671660860e-01, 1.425305343971e-04, 1.6175e+02, 6.1759e+00, 
 1DIAGNOSTIC,    23, -9.447854541102e-01, 1.142273859304e-04, 1.6791e+02, 6.1614e+00, 
 1DIAGNOSTIC,    24, -9.449910268445e-01, 9.190308743640e-05, 1.7408e+02, 6.1687e+00, 
 1DIAGNOSTIC,    25, -9.451820501127e-01, 7.369318683447e-05, 1.8022e+02, 6.1471e+00, 
 1DIAGNOSTIC,    26, -9.453538422082e-01, 6.090492333612e-05, 1.8642e+02, 6.1940e+00, 
 1DIAGNOSTIC,    27, -9.455066125855e-01, 5.135507248415e-05, 1.9256e+02, 6.1449e+00, 
 1DIAGNOSTIC,    28, -9.456428883747e-01, 4.614731298642e-05, 1.9874e+02, 6.1810e+00, 
 1DIAGNOSTIC,    29, -9.457715718947e-01, 4.103478118500e-05, 2.0489e+02, 6.1473e+00, 
 1DIAGNOSTIC,    30, -9.458790329417e-01, 3.621202849450e-05, 2.1114e+02, 6.2457e+00, 
 1DIAGNOSTIC,    31, -9.459747836815e-01, 3.182485081735e-05, 2.1736e+02, 6.2267e+00, 
 1DIAGNOSTIC,    32, -9.460592980372e-01, 2.787735912278e-05, 2.2353e+02, 6.1657e+00, 
 1DIAGNOSTIC,    33, -9.461269955332e-01, 2.421235132135e-05, 2.2969e+02, 6.1622e+00, 
 1DIAGNOSTIC,    34, -9.461930854586e-01, 2.094697526644e-05, 2.3586e+02, 6.1655e+00, 
 1DIAGNOSTIC,    35, -9.462450525334e-01, 1.804215444156e-05, 2.4201e+02, 6.1587e+00, 
 1DIAGNOSTIC,    36, -9.462969457468e-01, 1.552975084394e-05, 2.4818e+02, 6.1692e+00, 
 1DIAGNOSTIC,    37, -9.463403695809e-01, 1.334515502622e-05, 2.5434e+02, 6.1599e+00, 
 1DIAGNOSTIC,    38, -9.463798562760e-01, 1.146839380725e-05, 2.6054e+02, 6.1994e+00, 
 1DIAGNOSTIC,    39, -9.464156241458e-01, 9.936469438174e-06, 2.6672e+02, 6.1776e+00, 
 1DIAGNOSTIC,    40, -9.464451345675e-01, 8.634201096921e-06, 2.7292e+02, 6.2017e+00, 
 1DIAGNOSTIC,    41, -9.464637658605e-01, 7.480382401941e-06, 2.7907e+02, 6.1486e+00, 
 1DIAGNOSTIC,    42, -9.464855839197e-01, 6.500410940021e-06, 2.8524e+02, 6.1654e+00, 
 1DIAGNOSTIC,    43, -9.465070397331e-01, 5.635482952258e-06, 2.9139e+02, 6.1566e+00, 
 1DIAGNOSTIC,    44, -9.465197253921e-01, 4.876220064360e-06, 2.9756e+02, 6.1674e+00, 
 1DIAGNOSTIC,    45, -9.465284272407e-01, 4.156249824392e-06, 3.0372e+02, 6.1630e+00, 
 1DIAGNOSTIC,    46, -9.465316230552e-01, 3.496993789629e-06, 3.0989e+02, 6.1696e+00, 
 1DIAGNOSTIC,    47, -9.465285759781e-01, 2.853918487034e-06, 3.1604e+02, 6.1443e+00, 
 1DIAGNOSTIC,    48, -9.465277192092e-01, 2.268983138615e-06, 3.2222e+02, 6.1810e+00, 
 1DIAGNOSTIC,    49, -9.465180389862e-01, 1.711866435050e-06, 3.2836e+02, 6.1449e+00, 
 1DIAGNOSTIC,    50, -9.465048920011e-01, 1.174989742638e-06, 3.3457e+02, 6.2040e+00, 
 1DIAGNOSTIC,    51, -9.464887604296e-01, 6.228079882445e-07, 3.4073e+02, 6.1606e+00, 
XXDIAGNOSTIC,Iteration,metricValue,convergenceValue,ITERATION_TIME_INDEX,SINCE_LAST
 1DIAGNOSTIC,     1, -8.947376709147e-01, 1.797693134862e+308, 3.9209e+02, 5.1358e+01, 
 1DIAGNOSTIC,     2, -8.968547753319e-01, 1.797693134862e+308, 4.4129e+02, 4.9209e+01, 
 1DIAGNOSTIC,     3, -8.993771836586e-01, 1.797693134862e+308, 4.9044e+02, 4.9147e+01, 
 1DIAGNOSTIC,     4, -9.018575514380e-01, 1.797693134862e+308, 5.3971e+02, 4.9266e+01, 
 1DIAGNOSTIC,     5, -9.041655066361e-01, 1.797693134862e+308, 5.8907e+02, 4.9365e+01, 
 1DIAGNOSTIC,     6, -9.062568012904e-01, 1.797693134862e+308, 6.3846e+02, 4.9385e+01, 
 1DIAGNOSTIC,     7, -9.080065383914e-01, 1.797693134862e+308, 6.8781e+02, 4.9354e+01, 
 1DIAGNOSTIC,     8, -9.095664421125e-01, 1.797693134862e+308, 7.3747e+02, 4.9655e+01, 
 1DIAGNOSTIC,     9, -9.109738177871e-01, 1.797693134862e+308, 7.8681e+02, 4.9349e+01, 
 1DIAGNOSTIC,    10, -9.120978405994e-01, 1.262243681010e-03, 8.3642e+02, 4.9607e+01, 
 1DIAGNOSTIC,    11, -9.132631495983e-01, 1.051358419790e-03, 8.8577e+02, 4.9347e+01, 
 1DIAGNOSTIC,    12, -9.141501717104e-01, 8.592687349552e-04, 9.3536e+02, 4.9594e+01, 
 1DIAGNOSTIC,    13, -9.151044057320e-01, 7.024975422139e-04, 9.8491e+02, 4.9545e+01, 
 1DIAGNOSTIC,    14, -9.158220071166e-01, 5.753187169064e-04, 1.0345e+03, 4.9619e+01, 
 1DIAGNOSTIC,    15, -9.164930412527e-01, 4.743472816070e-04, 1.0840e+03, 4.9523e+01, 
 1DIAGNOSTIC,    16, -9.171440463933e-01, 3.958357719193e-04, 1.1336e+03, 4.9557e+01, 
 1DIAGNOSTIC,    17, -9.177834117004e-01, 3.337592224866e-04, 1.1831e+03, 4.9526e+01, 
 1DIAGNOSTIC,    18, -9.184152304868e-01, 2.855264588401e-04, 1.2327e+03, 4.9616e+01, 
 1DIAGNOSTIC,    19, -9.190475565290e-01, 2.492986685593e-04, 1.2825e+03, 4.9716e+01, 
 1DIAGNOSTIC,    20, -9.196750138024e-01, 2.206881908052e-04, 1.3321e+03, 4.9627e+01, 
 1DIAGNOSTIC,    21, -9.202801230507e-01, 2.004545316351e-04, 1.3817e+03, 4.9563e+01, 
 1DIAGNOSTIC,    22, -9.208513499649e-01, 1.838536172028e-04, 1.4312e+03, 4.9575e+01, 
 1DIAGNOSTIC,    23, -9.213997887636e-01, 1.717928157593e-04, 1.4809e+03, 4.9686e+01, 
 1DIAGNOSTIC,    24, -9.219340512755e-01, 1.608283708416e-04, 1.5305e+03, 4.9573e+01, 
 1DIAGNOSTIC,    25, -9.224212762112e-01, 1.500135112151e-04, 1.5800e+03, 4.9542e+01, 
 1DIAGNOSTIC,    26, -9.228616026339e-01, 1.389549901191e-04, 1.6296e+03, 4.9605e+01, 
 1DIAGNOSTIC,    27, -9.232633289127e-01, 1.276107006828e-04, 1.6792e+03, 4.9599e+01, 
 1DIAGNOSTIC,    28, -9.236301092830e-01, 1.161184017457e-04, 1.7289e+03, 4.9631e+01, 
 1DIAGNOSTIC,    29, -9.239675615521e-01, 1.048309233630e-04, 1.7784e+03, 4.9519e+01, 
 1DIAGNOSTIC,    30, -9.242814916749e-01, 9.412536037872e-05, 1.8280e+03, 4.9576e+01, 
 1DIAGNOSTIC,    31, -9.245754369123e-01, 8.421320011542e-05, 1.8776e+03, 4.9676e+01, 
 1DIAGNOSTIC,    32, -9.248524864846e-01, 7.517984863919e-05, 1.9272e+03, 4.9575e+01, 
 1DIAGNOSTIC,    33, -9.251156921434e-01, 6.720256574849e-05, 1.9767e+03, 4.9526e+01, 
 1DIAGNOSTIC,    34, -9.253636370723e-01, 6.046409920315e-05, 2.0263e+03, 4.9577e+01, 
 1DIAGNOSTIC,    35, -9.256012911831e-01, 5.480741838316e-05, 2.0758e+03, 4.9529e+01, 
 1DIAGNOSTIC,    36, -9.258313223871e-01, 5.004870886030e-05, 2.1254e+03, 4.9562e+01, 
 1DIAGNOSTIC,    37, -9.260517052325e-01, 4.602099931764e-05, 2.1750e+03, 4.9587e+01, 
 1DIAGNOSTIC,    38, -9.262660920299e-01, 4.259039591125e-05, 2.2246e+03, 4.9582e+01, 
 1DIAGNOSTIC,    39, -9.264732318248e-01, 3.963372299604e-05, 2.2742e+03, 4.9645e+01, 
 1DIAGNOSTIC,    40, -9.266553399172e-01, 3.691876257729e-05, 2.3238e+03, 4.9579e+01, 
 1DIAGNOSTIC,    41, -9.268088970817e-01, 3.423065504476e-05, 2.3734e+03, 4.9561e+01, 
 1DIAGNOSTIC,    42, -9.269443298510e-01, 3.148394274251e-05, 2.4229e+03, 4.9575e+01, 
 1DIAGNOSTIC,    43, -9.270636052987e-01, 2.865140112628e-05, 2.4725e+03, 4.9563e+01, 
 1DIAGNOSTIC,    44, -9.271680680231e-01, 2.572791228605e-05, 2.5221e+03, 4.9577e+01, 
 1DIAGNOSTIC,    45, -9.272538113486e-01, 2.274021773781e-05, 2.5716e+03, 4.9547e+01, 
 1DIAGNOSTIC,    46, -9.273269056876e-01, 1.979237376979e-05, 2.6212e+03, 4.9557e+01, 
 1DIAGNOSTIC,    47, -9.273906979221e-01, 1.699179694929e-05, 2.6707e+03, 4.9537e+01, 
 1DIAGNOSTIC,    48, -9.274493362286e-01, 1.448256789199e-05, 2.7203e+03, 4.9581e+01, 
 1DIAGNOSTIC,    49, -9.274977110791e-01, 1.234418608340e-05, 2.7701e+03, 4.9763e+01, 
 1DIAGNOSTIC,    50, -9.275383715129e-01, 1.053326806984e-05, 2.8197e+03, 4.9678e+01, 
XXDIAGNOSTIC,Iteration,metricValue,convergenceValue,ITERATION_TIME_INDEX,SINCE_LAST
 1DIAGNOSTIC,     1, -8.927659025948e-01, 1.797693134862e+308, 3.2285e+03, 4.0875e+02, 
 1DIAGNOSTIC,     2, -8.937484162303e-01, 1.797693134862e+308, 3.6317e+03, 4.0326e+02, 
 1DIAGNOSTIC,     3, -8.951190413152e-01, 1.797693134862e+308, 4.0331e+03, 4.0137e+02, 
 1DIAGNOSTIC,     4, -8.965021001316e-01, 1.797693134862e+308, 4.4344e+03, 4.0126e+02, 
 1DIAGNOSTIC,     5, -8.978603026863e-01, 1.797693134862e+308, 4.8371e+03, 4.0276e+02, 
 1DIAGNOSTIC,     6, -8.991413714087e-01, 1.797693134862e+308, 5.2386e+03, 4.0143e+02, 
 1DIAGNOSTIC,     7, -9.002855985140e-01, 1.797693134862e+308, 5.6420e+03, 4.0342e+02, 
 1DIAGNOSTIC,     8, -9.014372746638e-01, 1.797693134862e+308, 6.0448e+03, 4.0279e+02, 
 1DIAGNOSTIC,     9, -9.025280895304e-01, 1.797693134862e+308, 6.4477e+03, 4.0296e+02, 
 1DIAGNOSTIC,    10, -9.035039684901e-01, 7.885286227848e-04, 6.8518e+03, 4.0403e+02, 
 1DIAGNOSTIC,    11, -9.043320880207e-01, 6.927396169850e-04, 7.2530e+03, 4.0125e+02, 
 1DIAGNOSTIC,    12, -9.051062222811e-01, 5.967952882934e-04, 7.6559e+03, 4.0284e+02, 
 1DIAGNOSTIC,    13, -9.058967156760e-01, 5.139095634352e-04, 8.0586e+03, 4.0269e+02, 
 1DIAGNOSTIC,    14, -9.065593111366e-01, 4.419103733495e-04, 8.4614e+03, 4.0280e+02, 
 1DIAGNOSTIC,    15, -9.071859731968e-01, 3.806710234521e-04, 8.8644e+03, 4.0300e+02, 
 1DIAGNOSTIC,    16, -9.077581503738e-01, 3.285859153775e-04, 9.2672e+03, 4.0282e+02, 
 1DIAGNOSTIC,    17, -9.082960011160e-01, 2.834050805481e-04, 9.6698e+03, 4.0260e+02, 
 1DIAGNOSTIC,    18, -9.087791314782e-01, 2.454886248481e-04, 1.0073e+04, 4.0281e+02, 
 1DIAGNOSTIC,    19, -9.092587852984e-01, 2.147130481176e-04, 1.0476e+04, 4.0327e+02, 
 1DIAGNOSTIC,    20, -9.096998420487e-01, 1.892986043827e-04, 1.0879e+04, 4.0287e+02, 
  Elapsed time (stage 0): 10882.2


Total elapsed time: 10882.2
-i /mnt/lustre/mathdugre/fast-interpolate/datasets/ds004513/derivatives/flint/ants/flint-vprec-single/sub-s014/ses-open/anat/11/1_Affine.nii.gz -o /mnt/lustre/mathdugre/fast-interpolate/datasets/ds004513/derivatives/flint/ants/flint-vprec-single/sub-s014/ses-open/anat/110/1_transformed.nii.gz -t /mnt/lustre/mathdugre/fast-interpolate/datasets/ds004513/derivatives/flint/ants/flint-vprec-single/sub-s014/ses-open/anat/110/1_1Warp.nii.gz -t /mnt/lustre/mathdugre/fast-interpolate/datasets/ds004513/derivatives/flint/ants/flint-vprec-single/sub-s014/ses-open/anat/110/1_0GenericAffine.mat
