---------------------
Experiment information

SIF_IMG: /mnt/lustre/mathdugre/containers/ants-flint-vprec.simg
SIF_IMG_BASE: /mnt/lustre/mathdugre/containers/ants-flint-base.simg
EXPERIMENT_NAME: flint-vprec-single-five-levels
STAGE: rigid
SUBJECT_ID: s036
REPETITION_ID: 1

FIXED_IMG: /templateflow/tpl-MNI152NLin2009cAsym/tpl-MNI152NLin2009cAsym_res-01_desc-brain_T1w.nii.gz
INPUT_IMG: /mnt/lustre/mathdugre/fast-interpolate/datasets/ds004513/derivatives/fsl/fast/sub-s036/ses-open/anat/BrainExtractionBrain_seg.nii.gz

DATA_DIR: /mnt/lustre/mathdugre/fast-interpolate/datasets/ds004513
OUTPUT_DIR: /mnt/lustre/mathdugre/fast-interpolate/datasets/ds004513/derivatives/flint/ants/flint-vprec-single-five-levels/sub-s036/ses-open/anat
OUTPUT_PREFIX: 1
THREAD: 1
FLOAT: 0
VFC_BACKENDS: libinterflop_vprec.so --precision-binary32=23 --range-binary32=8 --precision-binary64=23 --range-binary64=8
---------------------

--output [/mnt/lustre/mathdugre/fast-interpolate/datasets/ds004513/derivatives/flint/ants/flint-vprec-single-five-levels/sub-s036/ses-open/anat/1/1_,/mnt/lustre/mathdugre/fast-interpolate/datasets/ds004513/derivatives/flint/ants/flint-vprec-single-five-levels/sub-s036/ses-open/anat/1/1_Rigid.nii.gz,/mnt/lustre/mathdugre/fast-interpolate/datasets/ds004513/derivatives/flint/ants/flint-vprec-single-five-levels/sub-s036/ses-open/anat/1/1_InverseRigid.nii.gz] --initial-moving-transform [/templateflow/tpl-MNI152NLin2009cAsym/tpl-MNI152NLin2009cAsym_res-01_desc-brain_T1w.nii.gz,/mnt/lustre/mathdugre/fast-interpolate/datasets/ds004513/derivatives/fsl/fast/sub-s036/ses-open/anat/BrainExtractionBrain_seg.nii.gz,1] --transform Rigid[0.1] --metric MI[/templateflow/tpl-MNI152NLin2009cAsym/tpl-MNI152NLin2009cAsym_res-01_desc-brain_T1w.nii.gz,/mnt/lustre/mathdugre/fast-interpolate/datasets/ds004513/derivatives/fsl/fast/sub-s036/ses-open/anat/BrainExtractionBrain_seg.nii.gz,1,32,Regular,0.25] --convergence [1000x1000x500x250x100,1e-6,10] --shrink-factors 16x8x4x2x1 --smoothing-sigmas 4x3x2x1x0vox
All_Command_lines_OK
Using double precision for computations.
=============================================================================
The composite transform comprises the following transforms (in order): 
  1. Center of mass alignment using fixed image: /templateflow/tpl-MNI152NLin2009cAsym/tpl-MNI152NLin2009cAsym_res-01_desc-brain_T1w.nii.gz and moving image: /mnt/lustre/mathdugre/fast-interpolate/datasets/ds004513/derivatives/fsl/fast/sub-s036/ses-open/anat/BrainExtractionBrain_seg.nii.gz (type = Euler3DTransform)
=============================================================================
  number of levels = 5
  fixed image: /templateflow/tpl-MNI152NLin2009cAsym/tpl-MNI152NLin2009cAsym_res-01_desc-brain_T1w.nii.gz
  moving image: /mnt/lustre/mathdugre/fast-interpolate/datasets/ds004513/derivatives/fsl/fast/sub-s036/ses-open/anat/BrainExtractionBrain_seg.nii.gz
Dimension = 3
Number of stages = 1
Use histogram matching = false
Winsorize image intensities = true
  Lower quantile = 0.005
  Upper quantile = 0.995


Stage 1 State
   Image metric = MattesMI
     Fixed image = Image (0x510d2a0)
  RTTI typeinfo:   itk::Image<double, 3u>
  Reference Count: 2
  Modified Time: 1622
  Debug: Off
  Object Name: 
  Observers: 
    none
  Source: (none)
  Source output name: (none)
  Release Data: Off
  Data Released: False
  Global Release Data: Off
  PipelineMTime: 0
  UpdateMTime: 1407
  RealTimeStamp: 0 seconds 
  LargestPossibleRegion: 
    Dimension: 3
    Index: [0, 0, 0]
    Size: [193, 229, 193]
  BufferedRegion: 
    Dimension: 3
    Index: [0, 0, 0]
    Size: [193, 229, 193]
  RequestedRegion: 
    Dimension: 3
    Index: [0, 0, 0]
    Size: [193, 229, 193]
  Spacing: [1, 1, 1]
  Origin: [96, 132, -78]
  Direction: 
-1 0 0
0 -1 0
0 0 1

  IndexToPointMatrix: 
-1 0 0
0 -1 0
0 0 1

  PointToIndexMatrix: 
-1 0 0
0 -1 0
0 0 1

  Inverse Direction: 
-1 0 0
0 -1 0
0 0 1

  PixelContainer: 
    ImportImageContainer (0x51e13d0)
      RTTI typeinfo:   itk::ImportImageContainer<unsigned long, double>
      Reference Count: 1
      Modified Time: 1404
      Debug: Off
      Object Name: 
      Observers: 
        none
      Pointer: 0x7f8c21119010
      Container manages memory: true
      Size: 8530021
      Capacity: 8530021

     Moving image = Image (0x5162170)
  RTTI typeinfo:   itk::Image<double, 3u>
  Reference Count: 2
  Modified Time: 1623
  Debug: Off
  Object Name: 
  Observers: 
    none
  Source: (none)
  Source output name: (none)
  Release Data: Off
  Data Released: False
  Global Release Data: Off
  PipelineMTime: 0
  UpdateMTime: 1620
  RealTimeStamp: 0 seconds 
  LargestPossibleRegion: 
    Dimension: 3
    Index: [0, 0, 0]
    Size: [160, 240, 256]
  BufferedRegion: 
    Dimension: 3
    Index: [0, 0, 0]
    Size: [160, 240, 256]
  RequestedRegion: 
    Dimension: 3
    Index: [0, 0, 0]
    Size: [160, 240, 256]
  Spacing: [1, 1, 1]
  Origin: [79.8347, 99.8062, -127]
  Direction: 
-0.99945 -0.0331552 0
0.0331552 -0.99945 0
0 0 1

  IndexToPointMatrix: 
-0.99945 -0.0331552 0
0.0331552 -0.99945 0
0 0 1

  PointToIndexMatrix: 
-0.99945 0.0331552 0
-0.0331552 -0.99945 0
0 0 1

  Inverse Direction: 
-0.99945 0.0331552 0
-0.0331552 -0.99945 0
0 0 1

  PixelContainer: 
    ImportImageContainer (0x510f380)
      RTTI typeinfo:   itk::ImportImageContainer<unsigned long, double>
      Reference Count: 1
      Modified Time: 1617
      Debug: Off
      Object Name: 
      Observers: 
        none
      Pointer: 0x7f8c1c618010
      Container manages memory: true
      Size: 9830400
      Capacity: 9830400

     Weighting = 1
     Sampling strategy = regular
     Number of bins = 32
     Radius = 4
     Sampling percentage  = 0.25
   Transform = Rigid
     Gradient step = 0.1
     Update field sigma (voxel space) = 0
     Total field sigma (voxel space) = 0
     Update field time sigma = 0
     Total field time sigma  = 0
     Number of time indices = 0
     Number of time point samples = 0
Registration using 1 total stages.

Stage 0
  iterations = 1000x1000x500x250x100
  convergence threshold = 1e-06
  convergence window size = 10
  number of levels = 5
  using the Mattes MI metric (number of bins = 32, weight = 1, use gradient filter = 0)
  preprocessing:  winsorizing the image intensities
  Shrink factors (level 1 out of 5): [16, 16, 16]
  Shrink factors (level 2 out of 5): [8, 8, 8]
  Shrink factors (level 3 out of 5): [4, 4, 4]
  Shrink factors (level 4 out of 5): [2, 2, 2]
  Shrink factors (level 5 out of 5): [1, 1, 1]
  smoothing sigmas per level: [4, 3, 2, 1, 0]
  regular sampling (percentage = 0.25)

*** Running Euler3DTransform registration ***

DIAGNOSTIC,Iteration,metricValue,convergenceValue,ITERATION_TIME_INDEX,SINCE_LAST
 2DIAGNOSTIC,     1, -8.678757548332e-01, 1.797693134862e+308, 1.2800e+02, 1.2800e+02, 
 2DIAGNOSTIC,     2, -8.692899942398e-01, 1.797693134862e+308, 1.2800e+02, 0.0000e+00, 
 2DIAGNOSTIC,     3, -8.714772462845e-01, 1.797693134862e+308, 1.2800e+02, 0.0000e+00, 
 2DIAGNOSTIC,     4, -8.783692717552e-01, 1.797693134862e+308, 1.2800e+02, 0.0000e+00, 
 2DIAGNOSTIC,     5, -8.813355565071e-01, 1.797693134862e+308, 1.2800e+02, 0.0000e+00, 
 2DIAGNOSTIC,     6, -8.834096789360e-01, 1.797693134862e+308, 1.2800e+02, 0.0000e+00, 
 2DIAGNOSTIC,     7, -8.840292096138e-01, 1.797693134862e+308, 1.2800e+02, 0.0000e+00, 
 2DIAGNOSTIC,     8, -8.867012858391e-01, 1.797693134862e+308, 1.2800e+02, 0.0000e+00, 
 2DIAGNOSTIC,     9, -8.879591822624e-01, 1.797693134862e+308, 1.2800e+02, 0.0000e+00, 
 2DIAGNOSTIC,    10, -8.869248032570e-01, 1.587264239788e-03, 1.2800e+02, 0.0000e+00, 
 2DIAGNOSTIC,    11, -8.888893127441e-01, 1.247994601727e-03, 1.2800e+02, 0.0000e+00, 
 2DIAGNOSTIC,    12, -8.939470052719e-01, 1.027442514896e-03, 1.2800e+02, 0.0000e+00, 
 2DIAGNOSTIC,    13, -8.961797356606e-01, 8.502528071404e-04, 1.2800e+02, 0.0000e+00, 
 2DIAGNOSTIC,    14, -8.985324501991e-01, 8.329227566719e-04, 1.2800e+02, 0.0000e+00, 
 2DIAGNOSTIC,    15, -9.056016802788e-01, 9.573772549629e-04, 1.2800e+02, 0.0000e+00, 
 2DIAGNOSTIC,    16, -9.078114032745e-01, 1.061111688614e-03, 1.2800e+02, 0.0000e+00, 
 2DIAGNOSTIC,    17, -9.088692665100e-01, 1.084260642529e-03, 1.2800e+02, 0.0000e+00, 
 2DIAGNOSTIC,    18, -9.083383679390e-01, 1.043498516083e-03, 1.2800e+02, 0.0000e+00, 
 2DIAGNOSTIC,    19, -9.081487059593e-01, 9.307675063610e-04, 1.2800e+02, 0.0000e+00, 
 2DIAGNOSTIC,    20, -9.105674624443e-01, 7.639788091183e-04, 1.2800e+02, 0.0000e+00, 
 2DIAGNOSTIC,    21, -9.123368859291e-01, 5.955994129181e-04, 1.2800e+02, 0.0000e+00, 
 2DIAGNOSTIC,    22, -9.110305309296e-01, 4.421770572662e-04, 1.2800e+02, 0.0000e+00, 
 2DIAGNOSTIC,    23, -9.116824269295e-01, 3.032051026821e-04, 1.2800e+02, 0.0000e+00, 
 2DIAGNOSTIC,    24, -9.167999625206e-01, 2.443566918373e-04, 1.2800e+02, 0.0000e+00, 
 2DIAGNOSTIC,    25, -9.168803095818e-01, 2.549104392529e-04, 1.2800e+02, 0.0000e+00, 
 2DIAGNOSTIC,    26, -9.170131087303e-01, 2.693086862564e-04, 1.2800e+02, 0.0000e+00, 
 2DIAGNOSTIC,    27, -9.163933396339e-01, 2.642460167408e-04, 1.2800e+02, 0.0000e+00, 
 2DIAGNOSTIC,    28, -9.183493256569e-01, 2.515129745007e-04, 1.2800e+02, 0.0000e+00, 
 2DIAGNOSTIC,    29, -9.183545708656e-01, 2.116486430168e-04, 1.2800e+02, 0.0000e+00, 
 2DIAGNOSTIC,    30, -9.183726310730e-01, 1.796074211597e-04, 1.2800e+02, 0.0000e+00, 
 2DIAGNOSTIC,    31, -9.183920025826e-01, 1.526251435280e-04, 1.2800e+02, 0.0000e+00, 
 2DIAGNOSTIC,    32, -9.184139370918e-01, 1.008100807667e-04, 1.2800e+02, 0.0000e+00, 
 2DIAGNOSTIC,    33, -9.184356927872e-01, 4.750862717628e-05, 1.2800e+02, 0.0000e+00, 
 2DIAGNOSTIC,    34, -9.185347557068e-01, 4.117935895920e-05, 1.2800e+02, 0.0000e+00, 
 2DIAGNOSTIC,    35, -9.185485243797e-01, 3.240816295147e-05, 1.2800e+02, 0.0000e+00, 
 2DIAGNOSTIC,    36, -9.185487031937e-01, 2.267211675644e-05, 1.2800e+02, 0.0000e+00, 
 2DIAGNOSTIC,    37, -9.185491800308e-01, 5.666166543961e-06, 1.2800e+02, 0.0000e+00, 
 2DIAGNOSTIC,    38, -9.185498356819e-01, 5.308538675308e-06, 1.2800e+02, 0.0000e+00, 
 2DIAGNOSTIC,    39, -9.185504317284e-01, 4.585832357407e-06, 1.2800e+02, 0.0000e+00, 
 2DIAGNOSTIC,    40, -9.185512065887e-01, 3.676861524582e-06, 1.2800e+02, 0.0000e+00, 
 2DIAGNOSTIC,    41, -9.185523390770e-01, 2.712011337280e-06, 1.2800e+02, 0.0000e+00, 
 2DIAGNOSTIC,    42, -9.185533523560e-01, 1.786276698112e-06, 1.2800e+02, 0.0000e+00, 
DIAGNOSTIC,Iteration,metricValue,convergenceValue,ITERATION_TIME_INDEX,SINCE_LAST
 2DIAGNOSTIC,     1, -5.445297956467e-01, 1.797693134862e+308, 1.2800e+02, 0.0000e+00, 
 2DIAGNOSTIC,     2, -5.456513762474e-01, 1.797693134862e+308, 1.2800e+02, 0.0000e+00, 
 2DIAGNOSTIC,     3, -5.491095185280e-01, 1.797693134862e+308, 1.2800e+02, 0.0000e+00, 
 2DIAGNOSTIC,     4, -5.584890246391e-01, 1.797693134862e+308, 1.2800e+02, 0.0000e+00, 
 2DIAGNOSTIC,     5, -5.630700588226e-01, 1.797693134862e+308, 1.2800e+02, 0.0000e+00, 
 2DIAGNOSTIC,     6, -5.691986680031e-01, 1.797693134862e+308, 1.2800e+02, 0.0000e+00, 
 2DIAGNOSTIC,     7, -5.721549391747e-01, 1.797693134862e+308, 1.2800e+02, 0.0000e+00, 
 2DIAGNOSTIC,     8, -5.746071338654e-01, 1.797693134862e+308, 1.2800e+02, 0.0000e+00, 
 2DIAGNOSTIC,     9, -5.752868652344e-01, 1.797693134862e+308, 1.2800e+02, 0.0000e+00, 
 2DIAGNOSTIC,    10, -5.765798687935e-01, 4.206024110317e-03, 1.2800e+02, 0.0000e+00, 
 2DIAGNOSTIC,    11, -5.770471096039e-01, 3.348998725414e-03, 1.2800e+02, 0.0000e+00, 
 2DIAGNOSTIC,    12, -5.773827433586e-01, 2.400107681751e-03, 1.2800e+02, 0.0000e+00, 
 2DIAGNOSTIC,    13, -5.784910917282e-01, 1.554243266582e-03, 1.2800e+02, 0.0000e+00, 
 2DIAGNOSTIC,    14, -5.787475705147e-01, 1.033812761307e-03, 1.2800e+02, 0.0000e+00, 
 2DIAGNOSTIC,    15, -5.787475705147e-01, 6.390437483788e-04, 1.2800e+02, 0.0000e+00, 
 2DIAGNOSTIC,    16, -5.787479877472e-01, 4.264861345291e-04, 1.2800e+02, 0.0000e+00, 
 2DIAGNOSTIC,    17, -5.787475109100e-01, 2.857074141502e-04, 1.2800e+02, 0.0000e+00, 
 2DIAGNOSTIC,    18, -5.787478685379e-01, 2.021156251431e-04, 1.2800e+02, 0.0000e+00, 
 2DIAGNOSTIC,    19, -5.787482261658e-01, 1.258477568626e-04, 1.2800e+02, 0.0000e+00, 
 2DIAGNOSTIC,    20, -5.787483453751e-01, 7.817894220352e-05, 1.2800e+02, 0.0000e+00, 
 2DIAGNOSTIC,    21, -5.787486433983e-01, 3.924593329430e-05, 1.2800e+02, 0.0000e+00, 
 2DIAGNOSTIC,    22, -5.787492394447e-01, 7.331371307373e-06, 1.2800e+02, 0.0000e+00, 
 2DIAGNOSTIC,    23, -5.787503123283e-01, 1.508742570877e-06, 1.2800e+02, 0.0000e+00, 
 2DIAGNOSTIC,    24, -5.787510275841e-01, 1.486390829086e-06, 1.2800e+02, 0.0000e+00, 
 2DIAGNOSTIC,    25, -5.787516832352e-01, 1.467764377594e-06, 1.2800e+02, 0.0000e+00, 
 2DIAGNOSTIC,    26, -5.787538290024e-01, 1.471489667892e-06, 1.2800e+02, 0.0000e+00, 
 2DIAGNOSTIC,    27, -5.787568092346e-01, 1.508742570877e-06, 1.2800e+02, 0.0000e+00, 
 2DIAGNOSTIC,    28, -5.787621736526e-01, 1.609325408936e-06, 1.2800e+02, 0.0000e+00, 
 2DIAGNOSTIC,    29, -5.787712931633e-01, 1.829117536545e-06, 1.2800e+02, 0.0000e+00, 
 2DIAGNOSTIC,    30, -5.787867903709e-01, 2.209097146988e-06, 1.2800e+02, 0.0000e+00, 
 2DIAGNOSTIC,    31, -5.788118839264e-01, 2.861022949219e-06, 1.2800e+02, 0.0000e+00, 
 2DIAGNOSTIC,    32, -5.788527131081e-01, 3.926455974579e-06, 1.2800e+02, 0.0000e+00, 
 2DIAGNOSTIC,    33, -5.789191722870e-01, 5.662441253662e-06, 1.2800e+02, 0.0000e+00, 
 2DIAGNOSTIC,    34, -5.790204405785e-01, 8.314847946167e-06, 1.2800e+02, 0.0000e+00, 
 2DIAGNOSTIC,    35, -5.791643261909e-01, 1.213140785694e-05, 1.2800e+02, 0.0000e+00, 
 2DIAGNOSTIC,    36, -5.793192386627e-01, 1.679919660091e-05, 1.2800e+02, 0.0000e+00, 
 2DIAGNOSTIC,    37, -5.794093012810e-01, 2.091377973557e-05, 1.2800e+02, 0.0000e+00, 
 2DIAGNOSTIC,    38, -5.794906020164e-01, 2.403371036053e-05, 1.2800e+02, 0.0000e+00, 
 2DIAGNOSTIC,    39, -5.794895887375e-01, 2.487748861313e-05, 1.2800e+02, 0.0000e+00, 
 2DIAGNOSTIC,    40, -5.794882178307e-01, 2.356059849262e-05, 1.2800e+02, 0.0000e+00, 
 2DIAGNOSTIC,    41, -5.796791911125e-01, 2.272985875607e-05, 1.2800e+02, 0.0000e+00, 
 2DIAGNOSTIC,    42, -5.798042416573e-01, 2.171657979488e-05, 1.2800e+02, 0.0000e+00, 
 2DIAGNOSTIC,    43, -5.801566243172e-01, 2.355128526688e-05, 1.2800e+02, 0.0000e+00, 
 2DIAGNOSTIC,    44, -5.805091261864e-01, 2.814084291458e-05, 1.2800e+02, 0.0000e+00, 
 2DIAGNOSTIC,    45, -5.838966965675e-01, 6.858445703983e-05, 1.2800e+02, 0.0000e+00, 
 2DIAGNOSTIC,    46, -5.841485261917e-01, 1.041255891323e-04, 1.2800e+02, 0.0000e+00, 
 2DIAGNOSTIC,    47, -5.841798782349e-01, 1.298524439335e-04, 1.2800e+02, 0.0000e+00, 
 2DIAGNOSTIC,    48, -5.842008590698e-01, 1.437179744244e-04, 1.2800e+02, 0.0000e+00, 
 2DIAGNOSTIC,    49, -5.841358900070e-01, 1.425277441740e-04, 1.2800e+02, 0.0000e+00, 
 2DIAGNOSTIC,    50, -5.841819643974e-01, 1.276880502701e-04, 1.2800e+02, 0.0000e+00, 
 2DIAGNOSTIC,    51, -5.842092633247e-01, 1.032445579767e-04, 1.2800e+02, 0.0000e+00, 
 2DIAGNOSTIC,    52, -5.842625498772e-01, 7.204525172710e-05, 1.2800e+02, 0.0000e+00, 
 2DIAGNOSTIC,    53, -5.842875838280e-01, 3.901310265064e-05, 1.2800e+02, 0.0000e+00, 
 2DIAGNOSTIC,    54, -5.843468904495e-01, 6.446614861488e-06, 1.2800e+02, 0.0000e+00, 
 2DIAGNOSTIC,    55, -5.843678712845e-01, 4.971399903297e-06, 1.2800e+02, 0.0000e+00, 
 2DIAGNOSTIC,    56, -5.843777060509e-01, 5.410984158516e-06, 1.2800e+02, 0.0000e+00, 
 2DIAGNOSTIC,    57, -5.844052433968e-01, 5.872920155525e-06, 1.2800e+02, 0.0000e+00, 
 2DIAGNOSTIC,    58, -5.844727158546e-01, 6.573274731636e-06, 1.2800e+02, 0.0000e+00, 
 2DIAGNOSTIC,    59, -5.845132470131e-01, 6.444752216339e-06, 1.2800e+02, 0.0000e+00, 
 2DIAGNOSTIC,    60, -5.846836566925e-01, 7.526949048042e-06, 1.2800e+02, 0.0000e+00, 
 2DIAGNOSTIC,    61, -5.855104327202e-01, 1.475214958191e-05, 1.2800e+02, 0.0000e+00, 
 2DIAGNOSTIC,    62, -5.857692956924e-01, 2.268142998219e-05, 1.2800e+02, 0.0000e+00, 
 2DIAGNOSTIC,    63, -5.859067440033e-01, 2.951174974442e-05, 1.2800e+02, 0.0000e+00, 
 2DIAGNOSTIC,    64, -5.862655639648e-01, 3.662891685963e-05, 1.2800e+02, 0.0000e+00, 
 2DIAGNOSTIC,    65, -5.866749882698e-01, 4.322826862335e-05, 1.2800e+02, 0.0000e+00, 
 2DIAGNOSTIC,    66, -5.866720080376e-01, 4.541315138340e-05, 1.2800e+02, 0.0000e+00, 
 2DIAGNOSTIC,    67, -5.868260860443e-01, 4.456564784050e-05, 1.2800e+02, 0.0000e+00, 
 2DIAGNOSTIC,    68, -5.872074365616e-01, 4.281848669052e-05, 1.2800e+02, 0.0000e+00, 
 2DIAGNOSTIC,    69, -5.876972079277e-01, 4.076492041349e-05, 1.2800e+02, 0.0000e+00, 
 2DIAGNOSTIC,    70, -5.881010890007e-01, 3.867596387863e-05, 1.2800e+02, 0.0000e+00, 
 2DIAGNOSTIC,    71, -5.889071226120e-01, 4.423689097166e-05, 1.2800e+02, 0.0000e+00, 
 2DIAGNOSTIC,    72, -5.895113945007e-01, 5.125161260366e-05, 1.2800e+02, 0.0000e+00, 
 2DIAGNOSTIC,    73, -5.910812020302e-01, 6.453879177570e-05, 1.2800e+02, 0.0000e+00, 
 2DIAGNOSTIC,    74, -5.917553901672e-01, 7.782038301229e-05, 1.2800e+02, 0.0000e+00, 
 2DIAGNOSTIC,    75, -5.920569300652e-01, 8.795969188213e-05, 1.2800e+02, 0.0000e+00, 
 2DIAGNOSTIC,    76, -5.923808813095e-01, 9.155459702015e-05, 1.2800e+02, 0.0000e+00, 
 2DIAGNOSTIC,    77, -5.924111604691e-01, 8.734967559576e-05, 1.2800e+02, 0.0000e+00, 
 2DIAGNOSTIC,    78, -5.923568606377e-01, 7.679872214794e-05, 1.2800e+02, 0.0000e+00, 
 2DIAGNOSTIC,    79, -5.923827290535e-01, 6.232224404812e-05, 1.2800e+02, 0.0000e+00, 
 2DIAGNOSTIC,    80, -5.924350619316e-01, 4.502478986979e-05, 1.2800e+02, 0.0000e+00, 
 2DIAGNOSTIC,    81, -5.923917293549e-01, 2.848822623491e-05, 1.2800e+02, 0.0000e+00, 
 2DIAGNOSTIC,    82, -5.924602746964e-01, 1.347903162241e-05, 1.2800e+02, 0.0000e+00, 
 2DIAGNOSTIC,    83, -5.926679372787e-01, 7.982365787029e-06, 1.2800e+02, 0.0000e+00, 
 2DIAGNOSTIC,    84, -5.926680564880e-01, 5.749054253101e-06, 1.2800e+02, 0.0000e+00, 
 2DIAGNOSTIC,    85, -5.926682949066e-01, 4.748813807964e-06, 1.2800e+02, 0.0000e+00, 
 2DIAGNOSTIC,    86, -5.926682353020e-01, 5.207024514675e-06, 1.2800e+02, 0.0000e+00, 
 2DIAGNOSTIC,    87, -5.926684141159e-01, 5.359761416912e-06, 1.2800e+02, 0.0000e+00, 
 2DIAGNOSTIC,    88, -5.926685929298e-01, 4.706904292107e-06, 1.2800e+02, 0.0000e+00, 
 2DIAGNOSTIC,    89, -5.926690101624e-01, 3.780238330364e-06, 1.2800e+02, 0.0000e+00, 
 2DIAGNOSTIC,    90, -5.926688313484e-01, 2.857297658920e-06, 1.2800e+02, 0.0000e+00, 
 2DIAGNOSTIC,    91, -5.926691293716e-01, 1.484528183937e-06, 1.2800e+02, 0.0000e+00, 
DIAGNOSTIC,Iteration,metricValue,convergenceValue,ITERATION_TIME_INDEX,SINCE_LAST
 2DIAGNOSTIC,     1, -4.746137559414e-01, 1.797693134862e+308, 1.2800e+02, 0.0000e+00, 
 2DIAGNOSTIC,     2, -4.752494692802e-01, 1.797693134862e+308, 1.2800e+02, 0.0000e+00, 
 2DIAGNOSTIC,     3, -4.760432243347e-01, 1.797693134862e+308, 1.2800e+02, 0.0000e+00, 
 2DIAGNOSTIC,     4, -4.775952100754e-01, 1.797693134862e+308, 2.5600e+02, 1.2800e+02, 
 2DIAGNOSTIC,     5, -4.787720143795e-01, 1.797693134862e+308, 2.5600e+02, 0.0000e+00, 
 2DIAGNOSTIC,     6, -4.795002937317e-01, 1.797693134862e+308, 2.5600e+02, 0.0000e+00, 
 2DIAGNOSTIC,     7, -4.803974032402e-01, 1.797693134862e+308, 2.5600e+02, 0.0000e+00, 
 2DIAGNOSTIC,     8, -4.814396202564e-01, 1.797693134862e+308, 2.5600e+02, 0.0000e+00, 
 2DIAGNOSTIC,     9, -4.818115830421e-01, 1.797693134862e+308, 2.5600e+02, 0.0000e+00, 
 2DIAGNOSTIC,    10, -4.827067553997e-01, 1.133538782597e-03, 2.5600e+02, 0.0000e+00, 
 2DIAGNOSTIC,    11, -4.839491844177e-01, 1.020401716232e-03, 2.5600e+02, 0.0000e+00, 
 2DIAGNOSTIC,    12, -4.857850670815e-01, 9.556338191032e-04, 2.5600e+02, 0.0000e+00, 
 2DIAGNOSTIC,    13, -4.858815371990e-01, 8.525699377060e-04, 2.5600e+02, 0.0000e+00, 
 2DIAGNOSTIC,    14, -4.859482944012e-01, 7.562637329102e-04, 2.5600e+02, 0.0000e+00, 
 2DIAGNOSTIC,    15, -4.861200749874e-01, 6.578415632248e-04, 2.5600e+02, 0.0000e+00, 
 2DIAGNOSTIC,    16, -4.866249561310e-01, 5.557090044022e-04, 2.5600e+02, 0.0000e+00, 
 2DIAGNOSTIC,    17, -4.867954254150e-01, 4.498139023781e-04, 2.5600e+02, 0.0000e+00, 
 2DIAGNOSTIC,    18, -4.867742359638e-01, 3.483816981316e-04, 2.5600e+02, 0.0000e+00, 
 2DIAGNOSTIC,    19, -4.873902499676e-01, 2.571381628513e-04, 2.5600e+02, 0.0000e+00, 
 2DIAGNOSTIC,    20, -4.877206087112e-01, 1.865178346634e-04, 2.5600e+02, 0.0000e+00, 
 2DIAGNOSTIC,    21, -4.877228438854e-01, 1.386106014252e-04, 2.5600e+02, 0.0000e+00, 
 2DIAGNOSTIC,    22, -4.876993596554e-01, 1.310594379902e-04, 2.5600e+02, 0.0000e+00, 
 2DIAGNOSTIC,    23, -4.876865744591e-01, 1.144818961620e-04, 2.5600e+02, 0.0000e+00, 
 2DIAGNOSTIC,    24, -4.876896440983e-01, 9.024515748024e-05, 2.5600e+02, 0.0000e+00, 
 2DIAGNOSTIC,    25, -4.876864850521e-01, 6.305053830147e-05, 2.5600e+02, 0.0000e+00, 
 2DIAGNOSTIC,    26, -4.877040982246e-01, 4.407763481140e-05, 2.5600e+02, 0.0000e+00, 
 2DIAGNOSTIC,    27, -4.877093136311e-01, 2.659112215042e-05, 2.5600e+02, 0.0000e+00, 
 2DIAGNOSTIC,    28, -4.877016544342e-01, 7.078051567078e-06, 2.5600e+02, 0.0000e+00, 
 2DIAGNOSTIC,    29, -4.877508580685e-01, 1.635402441025e-06, 2.5600e+02, 0.0000e+00, 
 2DIAGNOSTIC,    30, -4.878278970718e-01, 4.447996616364e-06, 2.5600e+02, 0.0000e+00, 
 2DIAGNOSTIC,    31, -4.878951013088e-01, 8.039176464081e-06, 2.5600e+02, 0.0000e+00, 
 2DIAGNOSTIC,    32, -4.880094528198e-01, 1.240521669388e-05, 2.5600e+02, 0.0000e+00, 
 2DIAGNOSTIC,    33, -4.882353544235e-01, 1.919642090797e-05, 2.5600e+02, 0.0000e+00, 
 2DIAGNOSTIC,    34, -4.884358048439e-01, 2.727657556534e-05, 2.5600e+02, 0.0000e+00, 
 2DIAGNOSTIC,    35, -4.885785877705e-01, 3.467127680779e-05, 2.5600e+02, 0.0000e+00, 
 2DIAGNOSTIC,    36, -4.886039495468e-01, 3.915652632713e-05, 2.5600e+02, 0.0000e+00, 
 2DIAGNOSTIC,    37, -4.886002242565e-01, 3.983639180660e-05, 2.5600e+02, 0.0000e+00, 
 2DIAGNOSTIC,    38, -4.886057078838e-01, 3.670342266560e-05, 2.5600e+02, 0.0000e+00, 
 2DIAGNOSTIC,    39, -4.886014759541e-01, 3.092922270298e-05, 2.5600e+02, 0.0000e+00, 
 2DIAGNOSTIC,    40, -4.886072576046e-01, 2.378970384598e-05, 2.5600e+02, 0.0000e+00, 
 2DIAGNOSTIC,    41, -4.886084794998e-01, 1.581013202667e-05, 2.5600e+02, 0.0000e+00, 
 2DIAGNOSTIC,    42, -4.886122643948e-01, 8.398666977882e-06, 2.5600e+02, 0.0000e+00, 
 2DIAGNOSTIC,    43, -4.886101484299e-01, 3.596767783165e-06, 2.5600e+02, 0.0000e+00, 
 2DIAGNOSTIC,    44, -4.886364638805e-01, 1.713633537292e-06, 2.5600e+02, 0.0000e+00, 
 2DIAGNOSTIC,    45, -4.886857569218e-01, 2.292916178703e-06, 2.5600e+02, 0.0000e+00, 
 2DIAGNOSTIC,    46, -4.890110790730e-01, 7.148832082748e-06, 2.5600e+02, 0.0000e+00, 
 2DIAGNOSTIC,    47, -4.890478551388e-01, 1.148320734501e-05, 2.5600e+02, 0.0000e+00, 
 2DIAGNOSTIC,    48, -4.890262484550e-01, 1.444667577744e-05, 2.5600e+02, 0.0000e+00, 
 2DIAGNOSTIC,    49, -4.890107214451e-01, 1.580640673637e-05, 2.5600e+02, 0.0000e+00, 
 2DIAGNOSTIC,    50, -4.889948070049e-01, 1.551769673824e-05, 2.5600e+02, 0.0000e+00, 
 2DIAGNOSTIC,    51, -4.889890253544e-01, 1.370161771774e-05, 2.5600e+02, 0.0000e+00, 
 2DIAGNOSTIC,    52, -4.889729321003e-01, 1.055747270584e-05, 2.5600e+02, 0.0000e+00, 
 2DIAGNOSTIC,    53, -4.889747202396e-01, 6.632879376411e-06, 2.5600e+02, 0.0000e+00, 
 2DIAGNOSTIC,    54, -4.889933764935e-01, 2.790242433548e-06, 2.5600e+02, 0.0000e+00, 
DIAGNOSTIC,Iteration,metricValue,convergenceValue,ITERATION_TIME_INDEX,SINCE_LAST
 2DIAGNOSTIC,     1, -4.219205081463e-01, 1.797693134862e+308, 3.8400e+02, 1.2800e+02, 
 2DIAGNOSTIC,     2, -4.221138656139e-01, 1.797693134862e+308, 3.8400e+02, 0.0000e+00, 
 2DIAGNOSTIC,     3, -4.222308397293e-01, 1.797693134862e+308, 3.8400e+02, 0.0000e+00, 
 2DIAGNOSTIC,     4, -4.222407639027e-01, 1.797693134862e+308, 3.8400e+02, 0.0000e+00, 
 2DIAGNOSTIC,     5, -4.222386479378e-01, 1.797693134862e+308, 3.8400e+02, 0.0000e+00, 
 2DIAGNOSTIC,     6, -4.222392737865e-01, 1.797693134862e+308, 3.8400e+02, 0.0000e+00, 
 2DIAGNOSTIC,     7, -4.222392141819e-01, 1.797693134862e+308, 3.8400e+02, 0.0000e+00, 
 2DIAGNOSTIC,     8, -4.222384393215e-01, 1.797693134862e+308, 3.8400e+02, 0.0000e+00, 
 2DIAGNOSTIC,     9, -4.222385585308e-01, 1.797693134862e+308, 5.1200e+02, 1.2800e+02, 
 2DIAGNOSTIC,    10, -4.222386479378e-01, 3.226101398468e-05, 5.1200e+02, 0.0000e+00, 
 2DIAGNOSTIC,    11, -4.222378134727e-01, 1.078099012375e-05, 5.1200e+02, 0.0000e+00, 
 2DIAGNOSTIC,    12, -4.222379028797e-01, 2.868473529816e-06, 5.1200e+02, 0.0000e+00, 
 2DIAGNOSTIC,    13, -4.222370982170e-01, 2.153217792511e-06, 5.1200e+02, 0.0000e+00, 
 2DIAGNOSTIC,    14, -4.222381114960e-01, 2.093613147736e-06, 5.1200e+02, 0.0000e+00, 
 2DIAGNOSTIC,    15, -4.222381114960e-01, 1.966953277588e-06, 5.1200e+02, 0.0000e+00, 
 2DIAGNOSTIC,    16, -4.222374260426e-01, 1.862645149231e-06, 5.1200e+02, 0.0000e+00, 
 2DIAGNOSTIC,    17, -4.222370684147e-01, 1.762062311172e-06, 5.1200e+02, 0.0000e+00, 
 2DIAGNOSTIC,    18, -4.222370982170e-01, 1.665204763412e-06, 5.1200e+02, 0.0000e+00, 
 2DIAGNOSTIC,    19, -4.222372472286e-01, 1.586973667145e-06, 6.4000e+02, 1.2800e+02, 
 2DIAGNOSTIC,    20, -4.222373366356e-01, 1.542270183563e-06, 6.4000e+02, 0.0000e+00, 
 2DIAGNOSTIC,    21, -4.222374260426e-01, 1.475214958191e-06, 6.4000e+02, 0.0000e+00, 
 2DIAGNOSTIC,    22, -4.222374260426e-01, 1.419335603714e-06, 6.4000e+02, 0.0000e+00, 
 2DIAGNOSTIC,    23, -4.222373068333e-01, 1.344829797745e-06, 6.4000e+02, 0.0000e+00, 
 2DIAGNOSTIC,    24, -4.222364425659e-01, 1.285225152969e-06, 6.4000e+02, 0.0000e+00, 
 2DIAGNOSTIC,    25, -4.222364723682e-01, 1.244246959686e-06, 6.4000e+02, 0.0000e+00, 
 2DIAGNOSTIC,    26, -4.222364127636e-01, 1.177191734314e-06, 6.4000e+02, 0.0000e+00, 
 2DIAGNOSTIC,    27, -4.222363829613e-01, 1.117587089539e-06, 6.4000e+02, 0.0000e+00, 
 2DIAGNOSTIC,    28, -4.222364127636e-01, 1.065433025360e-06, 7.6800e+02, 1.2800e+02, 
 2DIAGNOSTIC,    29, -4.222364425659e-01, 1.031905412674e-06, 7.6800e+02, 0.0000e+00, 
DIAGNOSTIC,Iteration,metricValue,convergenceValue,ITERATION_TIME_INDEX,SINCE_LAST
 2DIAGNOSTIC,     1, -3.881757855415e-01, 1.797693134862e+308, 7.6800e+02, 0.0000e+00, 
 2DIAGNOSTIC,     2, -3.882671594620e-01, 1.797693134862e+308, 8.9600e+02, 1.2800e+02, 
 2DIAGNOSTIC,     3, -3.883360028267e-01, 1.797693134862e+308, 1.0240e+03, 1.2800e+02, 
 2DIAGNOSTIC,     4, -3.883646726608e-01, 1.797693134862e+308, 1.1520e+03, 1.2800e+02, 
 2DIAGNOSTIC,     5, -3.883650004864e-01, 1.797693134862e+308, 1.2800e+03, 1.2800e+02, 
 2DIAGNOSTIC,     6, -3.883663415909e-01, 1.797693134862e+308, 1.2800e+03, 0.0000e+00, 
 2DIAGNOSTIC,     7, -3.883706927299e-01, 1.797693134862e+308, 1.4080e+03, 1.2800e+02, 
 2DIAGNOSTIC,     8, -3.883803486824e-01, 1.797693134862e+308, 1.5360e+03, 1.2800e+02, 
 2DIAGNOSTIC,     9, -3.883938789368e-01, 1.797693134862e+308, 1.5360e+03, 0.0000e+00, 
 2DIAGNOSTIC,    10, -3.883929252625e-01, 2.968311309814e-05, 1.6640e+03, 1.2800e+02, 
 2DIAGNOSTIC,    11, -3.883991539478e-01, 1.686066389084e-05, 1.7920e+03, 1.2800e+02, 
 2DIAGNOSTIC,    12, -3.884035348892e-01, 1.067668199539e-05, 1.9200e+03, 1.2800e+02, 
 2DIAGNOSTIC,    13, -3.884032964706e-01, 8.516013622284e-06, 2.0480e+03, 1.2800e+02, 
 2DIAGNOSTIC,    14, -3.884029984474e-01, 7.607042789459e-06, 2.1760e+03, 1.2800e+02, 
 2DIAGNOSTIC,    15, -3.884030282497e-01, 6.340444087982e-06, 2.1760e+03, 0.0000e+00, 
 2DIAGNOSTIC,    16, -3.884025216103e-01, 4.902482032776e-06, 2.3040e+03, 1.2800e+02, 
 2DIAGNOSTIC,    17, -3.884026110172e-01, 3.531575202942e-06, 2.4320e+03, 1.2800e+02, 
 2DIAGNOSTIC,    18, -3.884028792381e-01, 2.562999725342e-06, 2.5600e+03, 1.2800e+02, 
 2DIAGNOSTIC,    19, -3.884029388428e-01, 2.145767211914e-06, 2.5600e+03, 0.0000e+00, 
 2DIAGNOSTIC,    20, -3.884027004242e-01, 1.683831214905e-06, 2.6880e+03, 1.2800e+02, 
 2DIAGNOSTIC,    21, -3.884024024010e-01, 1.456588506699e-06, 2.8160e+03, 1.2800e+02, 
 2DIAGNOSTIC,    22, -3.884028196335e-01, 1.411885023117e-06, 2.9440e+03, 1.2800e+02, 
 2DIAGNOSTIC,    23, -3.884024620056e-01, 1.363456249237e-06, 2.9440e+03, 0.0000e+00, 
 2DIAGNOSTIC,    24, -3.884027600288e-01, 1.311302185059e-06, 3.0720e+03, 1.2800e+02, 
 2DIAGNOSTIC,    25, -3.884027302265e-01, 1.274049282074e-06, 3.2000e+03, 1.2800e+02, 
 2DIAGNOSTIC,    26, -3.884026110172e-01, 1.210719347000e-06, 3.3280e+03, 1.2800e+02, 
 2DIAGNOSTIC,    27, -3.884025812149e-01, 1.158565282822e-06, 3.4560e+03, 1.2800e+02, 
 2DIAGNOSTIC,    28, -3.884026110172e-01, 1.132488250732e-06, 3.4560e+03, 0.0000e+00, 
 2DIAGNOSTIC,    29, -3.884024620056e-01, 1.087784767151e-06, 3.5840e+03, 1.2800e+02, 
 2DIAGNOSTIC,    30, -3.884024024010e-01, 1.054257154465e-06, 3.7120e+03, 1.2800e+02, 
 2DIAGNOSTIC,    31, -3.884024620056e-01, 1.009553670883e-06, 3.8400e+03, 1.2800e+02, 
  Elapsed time (stage 0): 3.8400e+03


Total elapsed time: 3.8400e+03
-i /mnt/lustre/mathdugre/fast-interpolate/datasets/ds004513/derivatives/fsl/fast/sub-s036/ses-open/anat/BrainExtractionBrain_seg.nii.gz -o /mnt/lustre/mathdugre/fast-interpolate/datasets/ds004513/derivatives/flint/ants/flint-vprec-single-five-levels/sub-s036/ses-open/anat/1/1_transformed.nii.gz -t /mnt/lustre/mathdugre/fast-interpolate/datasets/ds004513/derivatives/flint/ants/flint-vprec-single-five-levels/sub-s036/ses-open/anat/1/1_0GenericAffine.mat
