---------------------
Experiment information

SIF_IMG: /mnt/lustre/mathdugre/containers/ants-flint-vprec.simg
SIF_IMG_BASE: /mnt/lustre/mathdugre/containers/ants-flint-base.simg
EXPERIMENT_NAME: flint-vprec-single-five-levels
STAGE: syn
SUBJECT_ID: s012
REPETITION_ID: 1

FIXED_IMG: /templateflow/tpl-MNI152NLin2009cAsym/tpl-MNI152NLin2009cAsym_res-01_desc-brain_T1w.nii.gz
INPUT_IMG: /mnt/lustre/mathdugre/fast-interpolate/datasets/ds004513/derivatives/flint/ants/flint-vprec-single-five-levels/sub-s012/ses-open/anat/11/1_Affine.nii.gz

DATA_DIR: /mnt/lustre/mathdugre/fast-interpolate/datasets/ds004513
OUTPUT_DIR: /mnt/lustre/mathdugre/fast-interpolate/datasets/ds004513/derivatives/flint/ants/flint-vprec-single-five-levels/sub-s012/ses-open/anat
OUTPUT_PREFIX: 111
THREAD: 1
FLOAT: 0
VFC_BACKENDS: libinterflop_vprec.so --precision-binary32=23 --range-binary32=8 --precision-binary64=23 --range-binary64=8
---------------------

--output [/mnt/lustre/mathdugre/fast-interpolate/datasets/ds004513/derivatives/flint/ants/flint-vprec-single-five-levels/sub-s012/ses-open/anat/111/1_,/mnt/lustre/mathdugre/fast-interpolate/datasets/ds004513/derivatives/flint/ants/flint-vprec-single-five-levels/sub-s012/ses-open/anat/111/1_Warped.nii.gz,/mnt/lustre/mathdugre/fast-interpolate/datasets/ds004513/derivatives/flint/ants/flint-vprec-single-five-levels/sub-s012/ses-open/anat/111/1_InverseSyN.nii.gz] --initial-moving-transform [/templateflow/tpl-MNI152NLin2009cAsym/tpl-MNI152NLin2009cAsym_res-01_desc-brain_T1w.nii.gz,/mnt/lustre/mathdugre/fast-interpolate/datasets/ds004513/derivatives/flint/ants/flint-vprec-single-five-levels/sub-s012/ses-open/anat/11/1_Affine.nii.gz,1] --transform SyN[ 0.1,3,0 ] --metric CC[/templateflow/tpl-MNI152NLin2009cAsym/tpl-MNI152NLin2009cAsym_res-01_desc-brain_T1w.nii.gz,/mnt/lustre/mathdugre/fast-interpolate/datasets/ds004513/derivatives/flint/ants/flint-vprec-single-five-levels/sub-s012/ses-open/anat/11/1_Affine.nii.gz,1,4] --convergence [100x100x70x50x20,1e-6,10] --shrink-factors 16x8x4x2x1 --smoothing-sigmas 4x3x2x1x0vox
All_Command_lines_OK
Using double precision for computations.
=============================================================================
The composite transform comprises the following transforms (in order): 
  1. Center of mass alignment using fixed image: /templateflow/tpl-MNI152NLin2009cAsym/tpl-MNI152NLin2009cAsym_res-01_desc-brain_T1w.nii.gz and moving image: /mnt/lustre/mathdugre/fast-interpolate/datasets/ds004513/derivatives/flint/ants/flint-vprec-single-five-levels/sub-s012/ses-open/anat/11/1_Affine.nii.gz (type = Euler3DTransform)
=============================================================================
  number of levels = 5
  fixed image: /templateflow/tpl-MNI152NLin2009cAsym/tpl-MNI152NLin2009cAsym_res-01_desc-brain_T1w.nii.gz
  moving image: /mnt/lustre/mathdugre/fast-interpolate/datasets/ds004513/derivatives/flint/ants/flint-vprec-single-five-levels/sub-s012/ses-open/anat/11/1_Affine.nii.gz
Dimension = 3
Number of stages = 1
Use histogram matching = false
Winsorize image intensities = true
  Lower quantile = 0.005
  Upper quantile = 0.995


Stage 1 State
   Image metric = CC
     Fixed image = Image (0x42f2f00)
  RTTI typeinfo:   itk::Image<double, 3u>
  Reference Count: 2
  Modified Time: 1622
  Debug: Off
  Object Name: 
  Observers: 
    none
  Source: (none)
  Source output name: (none)
  Release Data: Off
  Data Released: False
  Global Release Data: Off
  PipelineMTime: 0
  UpdateMTime: 1407
  RealTimeStamp: 0 seconds 
  LargestPossibleRegion: 
    Dimension: 3
    Index: [0, 0, 0]
    Size: [193, 229, 193]
  BufferedRegion: 
    Dimension: 3
    Index: [0, 0, 0]
    Size: [193, 229, 193]
  RequestedRegion: 
    Dimension: 3
    Index: [0, 0, 0]
    Size: [193, 229, 193]
  Spacing: [1, 1, 1]
  Origin: [96, 132, -78]
  Direction: 
-1 0 0
0 -1 0
0 0 1

  IndexToPointMatrix: 
-1 0 0
0 -1 0
0 0 1

  PointToIndexMatrix: 
-1 0 0
0 -1 0
0 0 1

  Inverse Direction: 
-1 0 0
0 -1 0
0 0 1

  PixelContainer: 
    ImportImageContainer (0x43df1d0)
      RTTI typeinfo:   itk::ImportImageContainer<unsigned long, double>
      Reference Count: 1
      Modified Time: 1404
      Debug: Off
      Object Name: 
      Observers: 
        none
      Pointer: 0x7fec797d5010
      Container manages memory: true
      Size: 8530021
      Capacity: 8530021

     Moving image = Image (0x42f9ff0)
  RTTI typeinfo:   itk::Image<double, 3u>
  Reference Count: 2
  Modified Time: 1623
  Debug: Off
  Object Name: 
  Observers: 
    none
  Source: (none)
  Source output name: (none)
  Release Data: Off
  Data Released: False
  Global Release Data: Off
  PipelineMTime: 0
  UpdateMTime: 1620
  RealTimeStamp: 0 seconds 
  LargestPossibleRegion: 
    Dimension: 3
    Index: [0, 0, 0]
    Size: [193, 229, 193]
  BufferedRegion: 
    Dimension: 3
    Index: [0, 0, 0]
    Size: [193, 229, 193]
  RequestedRegion: 
    Dimension: 3
    Index: [0, 0, 0]
    Size: [193, 229, 193]
  Spacing: [1, 1, 1]
  Origin: [96, 132, -78]
  Direction: 
-1 0 0
0 -1 0
0 0 1

  IndexToPointMatrix: 
-1 0 0
0 -1 0
0 0 1

  PointToIndexMatrix: 
-1 0 0
0 -1 0
0 0 1

  Inverse Direction: 
-1 0 0
0 -1 0
0 0 1

  PixelContainer: 
    ImportImageContainer (0x4380940)
      RTTI typeinfo:   itk::ImportImageContainer<unsigned long, double>
      Reference Count: 1
      Modified Time: 1617
      Debug: Off
      Object Name: 
      Observers: 
        none
      Pointer: 0x7fec756c0010
      Container manages memory: true
      Size: 8530021
      Capacity: 8530021

     Weighting = 1
     Sampling strategy = none
     Number of bins = 32
     Radius = 4
     Sampling percentage  = 1
   Transform = SyN
     Gradient step = 0.1
     Update field sigma (voxel space) = 3
     Total field sigma (voxel space) = 0
     Update field time sigma = 0
     Total field time sigma  = 0
     Number of time indices = 0
     Number of time point samples = 0
Registration using 1 total stages.

Stage 0
  iterations = 100x100x70x50x20
  convergence threshold = 1e-06
  convergence window size = 10
  number of levels = 5
  using the CC metric (radius = 4, weight = 1, use gradient filter = 0)
  preprocessing:  winsorizing the image intensities
  Shrink factors (level 1 out of 5): [16, 16, 16]
  Shrink factors (level 2 out of 5): [8, 8, 8]
  Shrink factors (level 3 out of 5): [4, 4, 4]
  Shrink factors (level 4 out of 5): [2, 2, 2]
  Shrink factors (level 5 out of 5): [1, 1, 1]
  smoothing sigmas per level: [4, 3, 2, 1, 0]
  Using default NONE metricSamplingStrategy 

*** Running SyN registration (varianceForUpdateField = 3, varianceForTotalField = 0) ***

XXDIAGNOSTIC,Iteration,metricValue,convergenceValue,ITERATION_TIME_INDEX,SINCE_LAST
 1DIAGNOSTIC,     1, -9.823068380356e-01, 1.797693134862e+308, 0.0000e+00, 0.0000e+00, 
 1DIAGNOSTIC,     2, -9.862607121468e-01, 1.797693134862e+308, 0.0000e+00, 0.0000e+00, 
 1DIAGNOSTIC,     3, -9.882514476776e-01, 1.797693134862e+308, 0.0000e+00, 0.0000e+00, 
 1DIAGNOSTIC,     4, -9.886175394058e-01, 1.797693134862e+308, 0.0000e+00, 0.0000e+00, 
 1DIAGNOSTIC,     5, -9.900182485580e-01, 1.797693134862e+308, 0.0000e+00, 0.0000e+00, 
 1DIAGNOSTIC,     6, -9.887552261353e-01, 1.797693134862e+308, 0.0000e+00, 0.0000e+00, 
 1DIAGNOSTIC,     7, -9.901680946350e-01, 1.797693134862e+308, 0.0000e+00, 0.0000e+00, 
 1DIAGNOSTIC,     8, -9.886616468430e-01, 1.797693134862e+308, 0.0000e+00, 0.0000e+00, 
 1DIAGNOSTIC,     9, -9.900540709496e-01, 1.797693134862e+308, 0.0000e+00, 0.0000e+00, 
 1DIAGNOSTIC,    10, -9.887608289719e-01, 3.072023391724e-04, 0.0000e+00, 0.0000e+00, 
 1DIAGNOSTIC,    11, -9.899890422821e-01, 1.279041171074e-04, 0.0000e+00, 0.0000e+00, 
 1DIAGNOSTIC,    12, -9.888970255852e-01, 3.422796726227e-05, 0.0000e+00, 0.0000e+00, 
 1DIAGNOSTIC,    13, -9.898998737335e-01, 1.887977123260e-05, 0.0000e+00, 0.0000e+00, 
 1DIAGNOSTIC,    14, -9.890540838242e-01, -7.003545761108e-06, 0.0000e+00, 0.0000e+00, 
XXDIAGNOSTIC,Iteration,metricValue,convergenceValue,ITERATION_TIME_INDEX,SINCE_LAST
 1DIAGNOSTIC,     1, -9.526855349541e-01, 1.797693134862e+308, 1.2800e+02, 1.2800e+02, 
 1DIAGNOSTIC,     2, -9.556725025177e-01, 1.797693134862e+308, 1.2800e+02, 0.0000e+00, 
 1DIAGNOSTIC,     3, -9.586969614029e-01, 1.797693134862e+308, 1.2800e+02, 0.0000e+00, 
 1DIAGNOSTIC,     4, -9.610735774040e-01, 1.797693134862e+308, 1.2800e+02, 0.0000e+00, 
 1DIAGNOSTIC,     5, -9.634402990341e-01, 1.797693134862e+308, 1.2800e+02, 0.0000e+00, 
 1DIAGNOSTIC,     6, -9.660921096802e-01, 1.797693134862e+308, 1.2800e+02, 0.0000e+00, 
 1DIAGNOSTIC,     7, -9.685069322586e-01, 1.797693134862e+308, 1.2800e+02, 0.0000e+00, 
 1DIAGNOSTIC,     8, -9.704582095146e-01, 1.797693134862e+308, 2.5600e+02, 1.2800e+02, 
 1DIAGNOSTIC,     9, -9.709334373474e-01, 1.797693134862e+308, 2.5600e+02, 0.0000e+00, 
 1DIAGNOSTIC,    10, -9.710985422134e-01, 1.297973096371e-03, 2.5600e+02, 0.0000e+00, 
 1DIAGNOSTIC,    11, -9.712290167809e-01, 9.937360882759e-04, 2.5600e+02, 0.0000e+00, 
 1DIAGNOSTIC,    12, -9.714679718018e-01, 7.291212677956e-04, 2.5600e+02, 0.0000e+00, 
 1DIAGNOSTIC,    13, -9.714794158936e-01, 5.076676607132e-04, 2.5600e+02, 0.0000e+00, 
 1DIAGNOSTIC,    14, -9.716850519180e-01, 3.262609243393e-04, 2.5600e+02, 0.0000e+00, 
 1DIAGNOSTIC,    15, -9.717210531235e-01, 1.863017678261e-04, 3.8400e+02, 1.2800e+02, 
 1DIAGNOSTIC,    16, -9.718341231346e-01, 9.708851575851e-05, 3.8400e+02, 0.0000e+00, 
 1DIAGNOSTIC,    17, -9.719045758247e-01, 5.175918340683e-05, 3.8400e+02, 0.0000e+00, 
 1DIAGNOSTIC,    18, -9.719676375389e-01, 3.956630825996e-05, 3.8400e+02, 0.0000e+00, 
 1DIAGNOSTIC,    19, -9.720666408539e-01, 3.401935100555e-05, 3.8400e+02, 0.0000e+00, 
 1DIAGNOSTIC,    20, -9.720882177353e-01, 2.869963645935e-05, 3.8400e+02, 0.0000e+00, 
 1DIAGNOSTIC,    21, -9.722111225128e-01, 2.486258745193e-05, 3.8400e+02, 0.0000e+00, 
 1DIAGNOSTIC,    22, -9.722057580948e-01, 2.229958772659e-05, 5.1200e+02, 1.2800e+02, 
 1DIAGNOSTIC,    23, -9.723417758942e-01, 1.985579729080e-05, 5.1200e+02, 0.0000e+00, 
 1DIAGNOSTIC,    24, -9.723131656647e-01, 1.800432801247e-05, 5.1200e+02, 0.0000e+00, 
 1DIAGNOSTIC,    25, -9.724518060684e-01, 1.679360866547e-05, 5.1200e+02, 0.0000e+00, 
 1DIAGNOSTIC,    26, -9.724106788635e-01, 1.498684287071e-05, 5.1200e+02, 0.0000e+00, 
 1DIAGNOSTIC,    27, -9.725403785706e-01, 1.421198248863e-05, 5.1200e+02, 0.0000e+00, 
 1DIAGNOSTIC,    28, -9.724931716919e-01, 1.236796379089e-05, 5.1200e+02, 0.0000e+00, 
 1DIAGNOSTIC,    29, -9.726131558418e-01, 1.183524727821e-05, 5.1200e+02, 0.0000e+00, 
 1DIAGNOSTIC,    30, -9.725655913353e-01, 1.000985503197e-05, 6.4000e+02, 1.2800e+02, 
 1DIAGNOSTIC,    31, -9.726726412773e-01, 9.670853614807e-06, 6.4000e+02, 0.0000e+00, 
 1DIAGNOSTIC,    32, -9.726251363754e-01, 7.994472980499e-06, 6.4000e+02, 0.0000e+00, 
 1DIAGNOSTIC,    33, -9.727193117142e-01, 7.834285497665e-06, 6.4000e+02, 0.0000e+00, 
 1DIAGNOSTIC,    34, -9.726775884628e-01, 6.375834345818e-06, 6.4000e+02, 0.0000e+00, 
 1DIAGNOSTIC,    35, -9.727587699890e-01, 6.355345249176e-06, 6.4000e+02, 0.0000e+00, 
 1DIAGNOSTIC,    36, -9.727217555046e-01, 5.139037966728e-06, 6.4000e+02, 0.0000e+00, 
 1DIAGNOSTIC,    37, -9.727915525436e-01, 5.193054676056e-06, 7.6800e+02, 1.2800e+02, 
 1DIAGNOSTIC,    38, -9.727613329887e-01, 4.196539521217e-06, 7.6800e+02, 0.0000e+00, 
 1DIAGNOSTIC,    39, -9.728128314018e-01, 4.239380359650e-06, 7.6800e+02, 0.0000e+00, 
 1DIAGNOSTIC,    40, -9.727921485901e-01, 3.432855010033e-06, 7.6800e+02, 0.0000e+00, 
 1DIAGNOSTIC,    41, -9.728271961212e-01, 3.447756171227e-06, 7.6800e+02, 0.0000e+00, 
 1DIAGNOSTIC,    42, -9.728188514709e-01, 2.786517143250e-06, 7.6800e+02, 0.0000e+00, 
 1DIAGNOSTIC,    43, -9.728393554688e-01, 2.762302756310e-06, 7.6800e+02, 0.0000e+00, 
 1DIAGNOSTIC,    44, -9.728453159332e-01, 2.291053533554e-06, 7.6800e+02, 0.0000e+00, 
 1DIAGNOSTIC,    45, -9.728487730026e-01, 2.253800630569e-06, 8.9600e+02, 1.2800e+02, 
 1DIAGNOSTIC,    46, -9.728693366051e-01, 1.952052116394e-06, 8.9600e+02, 0.0000e+00, 
 1DIAGNOSTIC,    47, -9.728604555130e-01, 1.929700374603e-06, 8.9600e+02, 0.0000e+00, 
 1DIAGNOSTIC,    48, -9.728910923004e-01, 1.776963472366e-06, 8.9600e+02, 0.0000e+00, 
 1DIAGNOSTIC,    49, -9.728696346283e-01, 1.708045601845e-06, 8.9600e+02, 0.0000e+00, 
 1DIAGNOSTIC,    50, -9.729108810425e-01, 1.661479473114e-06, 8.9600e+02, 0.0000e+00, 
 1DIAGNOSTIC,    51, -9.728782773018e-01, 1.527369022369e-06, 8.9600e+02, 0.0000e+00, 
 1DIAGNOSTIC,    52, -9.729294180870e-01, 1.555308699608e-06, 1.0240e+03, 1.2800e+02, 
 1DIAGNOSTIC,    53, -9.728888273239e-01, 1.374632120132e-06, 1.0240e+03, 0.0000e+00, 
 1DIAGNOSTIC,    54, -9.729472994804e-01, 1.480802893639e-06, 1.0240e+03, 0.0000e+00, 
 1DIAGNOSTIC,    55, -9.728974103928e-01, 1.244246959686e-06, 1.0240e+03, 0.0000e+00, 
 1DIAGNOSTIC,    56, -9.729615449905e-01, 1.402571797371e-06, 1.0240e+03, 0.0000e+00, 
 1DIAGNOSTIC,    57, -9.729042649269e-01, 1.123175024986e-06, 1.0240e+03, 0.0000e+00, 
 1DIAGNOSTIC,    58, -9.729767441750e-01, 1.333653926849e-06, 1.0240e+03, 0.0000e+00, 
 1DIAGNOSTIC,    59, -9.729123711586e-01, 1.013278961182e-06, 1.0240e+03, 0.0000e+00, 
 1DIAGNOSTIC,    60, -9.729914665222e-01, 1.264736056328e-06, 1.1520e+03, 1.2800e+02, 
 1DIAGNOSTIC,    61, -9.729222059250e-01, 9.313225746155e-07, 1.1520e+03, 0.0000e+00, 
XXDIAGNOSTIC,Iteration,metricValue,convergenceValue,ITERATION_TIME_INDEX,SINCE_LAST
 1DIAGNOSTIC,     1, -9.204318523407e-01, 1.797693134862e+308, 1.2800e+03, 1.2800e+02, 
 1DIAGNOSTIC,     2, -9.239130020142e-01, 1.797693134862e+308, 1.4080e+03, 1.2800e+02, 
 1DIAGNOSTIC,     3, -9.274245500565e-01, 1.797693134862e+308, 1.6640e+03, 2.5600e+02, 
 1DIAGNOSTIC,     4, -9.307084679604e-01, 1.797693134862e+308, 1.7920e+03, 1.2800e+02, 
 1DIAGNOSTIC,     5, -9.337897896767e-01, 1.797693134862e+308, 1.9200e+03, 1.2800e+02, 
 1DIAGNOSTIC,     6, -9.360943436623e-01, 1.797693134862e+308, 2.0480e+03, 1.2800e+02, 
 1DIAGNOSTIC,     7, -9.380745887756e-01, 1.797693134862e+308, 2.1760e+03, 1.2800e+02, 
 1DIAGNOSTIC,     8, -9.397780895233e-01, 1.797693134862e+308, 2.4320e+03, 2.5600e+02, 
 1DIAGNOSTIC,     9, -9.410350322723e-01, 1.797693134862e+308, 2.5600e+03, 1.2800e+02, 
 1DIAGNOSTIC,    10, -9.420719742775e-01, 1.498065888882e-03, 2.6880e+03, 1.2800e+02, 
 1DIAGNOSTIC,    11, -9.429341554642e-01, 1.169756054878e-03, 2.8160e+03, 1.2800e+02, 
 1DIAGNOSTIC,    12, -9.436790347099e-01, 8.978024125099e-04, 2.9440e+03, 1.2800e+02, 
 1DIAGNOSTIC,    13, -9.443130493164e-01, 6.828233599663e-04, 3.2000e+03, 2.5600e+02, 
 1DIAGNOSTIC,    14, -9.447631835938e-01, 5.168393254280e-04, 3.3280e+03, 1.2800e+02, 
 1DIAGNOSTIC,    15, -9.452667832375e-01, 3.980174660683e-04, 3.4560e+03, 1.2800e+02, 
 1DIAGNOSTIC,    16, -9.457626342773e-01, 3.102719783783e-04, 3.5840e+03, 1.2800e+02, 
 1DIAGNOSTIC,    17, -9.461364746094e-01, 2.458840608597e-04, 3.7120e+03, 1.2800e+02, 
 1DIAGNOSTIC,    18, -9.463631510735e-01, 1.982934772968e-04, 3.9680e+03, 2.5600e+02, 
 1DIAGNOSTIC,    19, -9.467291831970e-01, 1.632012426853e-04, 4.0960e+03, 1.2800e+02, 
 1DIAGNOSTIC,    20, -9.468869566917e-01, 1.344382762909e-04, 4.2240e+03, 1.2800e+02, 
 1DIAGNOSTIC,    21, -9.470390081406e-01, 1.104436814785e-04, 4.3520e+03, 1.2800e+02, 
 1DIAGNOSTIC,    22, -9.471820592880e-01, 9.056180715561e-05, 4.4800e+03, 1.2800e+02, 
 1DIAGNOSTIC,    23, -9.473212957382e-01, 7.416680455208e-05, 4.7360e+03, 2.5600e+02, 
 1DIAGNOSTIC,    24, -9.474503993988e-01, 5.950406193733e-05, 4.8640e+03, 1.2800e+02, 
 1DIAGNOSTIC,    25, -9.475750327110e-01, 4.803389310837e-05, 4.9920e+03, 1.2800e+02, 
 1DIAGNOSTIC,    26, -9.476786851883e-01, 3.994628787041e-05, 5.1200e+03, 1.2800e+02, 
 1DIAGNOSTIC,    27, -9.477732777596e-01, 3.403425216675e-05, 5.2480e+03, 1.2800e+02, 
 1DIAGNOSTIC,    28, -9.478642940521e-01, 2.877414226532e-05, 5.5040e+03, 2.5600e+02, 
 1DIAGNOSTIC,    29, -9.479490518570e-01, 2.592429518700e-05, 5.6320e+03, 1.2800e+02, 
 1DIAGNOSTIC,    30, -9.480270743370e-01, 2.326816320419e-05, 5.7600e+03, 1.2800e+02, 
 1DIAGNOSTIC,    31, -9.480945467949e-01, 2.078711986542e-05, 5.8880e+03, 1.2800e+02, 
 1DIAGNOSTIC,    32, -9.481586217880e-01, 1.851841807365e-05, 6.0160e+03, 1.2800e+02, 
 1DIAGNOSTIC,    33, -9.482075572014e-01, 1.642480492592e-05, 6.2720e+03, 2.5600e+02, 
 1DIAGNOSTIC,    34, -9.482506513596e-01, 1.449137926102e-05, 6.4000e+03, 1.2800e+02, 
 1DIAGNOSTIC,    35, -9.482892751694e-01, 1.277774572372e-05, 6.5280e+03, 1.2800e+02, 
 1DIAGNOSTIC,    36, -9.483209252357e-01, 1.114979386330e-05, 6.6560e+03, 1.2800e+02, 
 1DIAGNOSTIC,    37, -9.483504295349e-01, 9.624287486076e-06, 6.7840e+03, 1.2800e+02, 
 1DIAGNOSTIC,    38, -9.483712315559e-01, 8.229166269302e-06, 7.0400e+03, 2.5600e+02, 
 1DIAGNOSTIC,    39, -9.483924508095e-01, 7.007271051407e-06, 7.1680e+03, 1.2800e+02, 
 1DIAGNOSTIC,    40, -9.484077692032e-01, 5.949288606644e-06, 7.2960e+03, 1.2800e+02, 
 1DIAGNOSTIC,    41, -9.484242200851e-01, 5.064532160759e-06, 7.4240e+03, 1.2800e+02, 
 1DIAGNOSTIC,    42, -9.484337568283e-01, 4.330649971962e-06, 7.5520e+03, 1.2800e+02, 
 1DIAGNOSTIC,    43, -9.484425187111e-01, 3.689900040627e-06, 7.8080e+03, 2.5600e+02, 
 1DIAGNOSTIC,    44, -9.484521150589e-01, 3.153458237648e-06, 7.9360e+03, 1.2800e+02, 
 1DIAGNOSTIC,    45, -9.484630227089e-01, 2.736225724220e-06, 8.0640e+03, 1.2800e+02, 
 1DIAGNOSTIC,    46, -9.484683871269e-01, 2.384185791016e-06, 8.1920e+03, 1.2800e+02, 
 1DIAGNOSTIC,    47, -9.484717249870e-01, 2.088025212288e-06, 8.3200e+03, 1.2800e+02, 
 1DIAGNOSTIC,    48, -9.484744668007e-01, 1.823529601097e-06, 8.5760e+03, 2.5600e+02, 
 1DIAGNOSTIC,    49, -9.484806060791e-01, 1.618638634682e-06, 8.7040e+03, 1.2800e+02, 
 1DIAGNOSTIC,    50, -9.484830498695e-01, 1.434236764908e-06, 8.8320e+03, 1.2800e+02, 
 1DIAGNOSTIC,    51, -9.484825134277e-01, 1.275911927223e-06, 8.9600e+03, 1.2800e+02, 
 1DIAGNOSTIC,    52, -9.484832286835e-01, 1.117587089539e-06, 9.0880e+03, 1.2800e+02, 
 1DIAGNOSTIC,    53, -9.484843015671e-01, 9.760260581970e-07, 9.3440e+03, 2.5600e+02, 
XXDIAGNOSTIC,Iteration,metricValue,convergenceValue,ITERATION_TIME_INDEX,SINCE_LAST
 1DIAGNOSTIC,     1, -8.996920585632e-01, 1.797693134862e+308, 1.0624e+04, 1.2800e+03, 
 1DIAGNOSTIC,     2, -9.020558595657e-01, 1.797693134862e+308, 1.1776e+04, 1.1520e+03, 
 1DIAGNOSTIC,     3, -9.046829342842e-01, 1.797693134862e+308, 1.2928e+04, 1.1520e+03, 
 1DIAGNOSTIC,     4, -9.071778059006e-01, 1.797693134862e+308, 1.4080e+04, 1.1520e+03, 
 1DIAGNOSTIC,     5, -9.093946218491e-01, 1.797693134862e+308, 1.5232e+04, 1.1520e+03, 
 1DIAGNOSTIC,     6, -9.113291501999e-01, 1.797693134862e+308, 1.6384e+04, 1.1520e+03, 
 1DIAGNOSTIC,     7, -9.129347205162e-01, 1.797693134862e+308, 1.7536e+04, 1.1520e+03, 
 1DIAGNOSTIC,     8, -9.144805669785e-01, 1.797693134862e+308, 1.8688e+04, 1.1520e+03, 
 1DIAGNOSTIC,     9, -9.158031940460e-01, 1.797693134862e+308, 1.9840e+04, 1.1520e+03, 
 1DIAGNOSTIC,    10, -9.169844388962e-01, 1.227840781212e-03, 2.0992e+04, 1.1520e+03, 
 1DIAGNOSTIC,    11, -9.181164503098e-01, 1.010656356812e-03, 2.2144e+04, 1.1520e+03, 
 1DIAGNOSTIC,    12, -9.190472960472e-01, 8.240565657616e-04, 2.3296e+04, 1.1520e+03, 
 1DIAGNOSTIC,    13, -9.199483990669e-01, 6.757825613022e-04, 2.4448e+04, 1.1520e+03, 
 1DIAGNOSTIC,    14, -9.207644462585e-01, 5.604475736618e-04, 2.5600e+04, 1.1520e+03, 
 1DIAGNOSTIC,    15, -9.215042591095e-01, 4.702657461166e-04, 2.6752e+04, 1.1520e+03, 
 1DIAGNOSTIC,    16, -9.221886396408e-01, 3.988742828369e-04, 2.7904e+04, 1.1520e+03, 
 1DIAGNOSTIC,    17, -9.228198528290e-01, 3.398098051548e-04, 2.9056e+04, 1.1520e+03, 
 1DIAGNOSTIC,    18, -9.234126210213e-01, 2.926476299763e-04, 3.0208e+04, 1.1520e+03, 
 1DIAGNOSTIC,    19, -9.239715337753e-01, 2.539195120335e-04, 3.1488e+04, 1.2800e+03, 
 1DIAGNOSTIC,    20, -9.244941473007e-01, 2.217628061771e-04, 3.2640e+04, 1.1520e+03, 
 1DIAGNOSTIC,    21, -9.249993562698e-01, 1.961141824722e-04, 3.3792e+04, 1.1520e+03, 
 1DIAGNOSTIC,    22, -9.254683852196e-01, 1.741386950016e-04, 3.4944e+04, 1.1520e+03, 
 1DIAGNOSTIC,    23, -9.259182810783e-01, 1.559033989906e-04, 3.6096e+04, 1.1520e+03, 
 1DIAGNOSTIC,    24, -9.263516664505e-01, 1.406706869602e-04, 3.7248e+04, 1.1520e+03, 
 1DIAGNOSTIC,    25, -9.267581105232e-01, 1.276098191738e-04, 3.8400e+04, 1.1520e+03, 
 1DIAGNOSTIC,    26, -9.271559715271e-01, 1.164115965366e-04, 3.9552e+04, 1.1520e+03, 
 1DIAGNOSTIC,    27, -9.275314807892e-01, 1.065917313099e-04, 4.0704e+04, 1.1520e+03, 
 1DIAGNOSTIC,    28, -9.278938770294e-01, 9.797513484955e-05, 4.1856e+04, 1.1520e+03, 
 1DIAGNOSTIC,    29, -9.282313585281e-01, 9.025260806084e-05, 4.3008e+04, 1.1520e+03, 
 1DIAGNOSTIC,    30, -9.285527467728e-01, 8.320435881615e-05, 4.4160e+04, 1.1520e+03, 
 1DIAGNOSTIC,    31, -9.288583397865e-01, 7.683411240578e-05, 4.5312e+04, 1.1520e+03, 
 1DIAGNOSTIC,    32, -9.291304349899e-01, 7.075071334839e-05, 4.6464e+04, 1.1520e+03, 
 1DIAGNOSTIC,    33, -9.293745756149e-01, 6.483122706413e-05, 4.7616e+04, 1.1520e+03, 
 1DIAGNOSTIC,    34, -9.296008348465e-01, 5.912780761719e-05, 4.8768e+04, 1.1520e+03, 
 1DIAGNOSTIC,    35, -9.298121333122e-01, 5.360133945942e-05, 4.9920e+04, 1.1520e+03, 
 1DIAGNOSTIC,    36, -9.299994707108e-01, 4.832819104195e-05, 5.1072e+04, 1.1520e+03, 
 1DIAGNOSTIC,    37, -9.301753640175e-01, 4.336796700954e-05, 5.2224e+04, 1.1520e+03, 
 1DIAGNOSTIC,    38, -9.303431510925e-01, 3.887712955475e-05, 5.3376e+04, 1.1520e+03, 
 1DIAGNOSTIC,    39, -9.304982423782e-01, 3.484450280666e-05, 5.4528e+04, 1.1520e+03, 
 1DIAGNOSTIC,    40, -9.306453466415e-01, 3.132969141006e-05, 5.5680e+04, 1.1520e+03, 
 1DIAGNOSTIC,    41, -9.307824373245e-01, 2.836622297764e-05, 5.6832e+04, 1.1520e+03, 
 1DIAGNOSTIC,    42, -9.309157133102e-01, 2.584792673588e-05, 5.8112e+04, 1.2800e+03, 
 1DIAGNOSTIC,    43, -9.310327768326e-01, 2.360530197620e-05, 5.9264e+04, 1.1520e+03, 
 1DIAGNOSTIC,    44, -9.311493635178e-01, 2.165511250496e-05, 6.0416e+04, 1.1520e+03, 
 1DIAGNOSTIC,    45, -9.312607049942e-01, 1.996383070946e-05, 6.1568e+04, 1.1520e+03, 
 1DIAGNOSTIC,    46, -9.313653707504e-01, 1.844204962254e-05, 6.2720e+04, 1.1520e+03, 
 1DIAGNOSTIC,    47, -9.314584136009e-01, 1.702830195427e-05, 6.3872e+04, 1.1520e+03, 
 1DIAGNOSTIC,    48, -9.315494298935e-01, 1.574307680130e-05, 6.5024e+04, 1.1520e+03, 
 1DIAGNOSTIC,    49, -9.316406250000e-01, 1.459755003452e-05, 6.6176e+04, 1.1520e+03, 
 1DIAGNOSTIC,    50, -9.317314624786e-01, 1.360289752483e-05, 6.7328e+04, 1.1520e+03, 
XXDIAGNOSTIC,Iteration,metricValue,convergenceValue,ITERATION_TIME_INDEX,SINCE_LAST
 1DIAGNOSTIC,     1, -8.976784348488e-01, 1.797693134862e+308, 7.6928e+04, 9.6000e+03, 
 1DIAGNOSTIC,     2, -8.993223905563e-01, 1.797693134862e+308, 8.6400e+04, 9.4720e+03, 
 1DIAGNOSTIC,     3, -9.013270139694e-01, 1.797693134862e+308, 9.5872e+04, 9.4720e+03, 
 1DIAGNOSTIC,     4, -9.032733440399e-01, 1.797693134862e+308, 1.0522e+05, 9.3440e+03, 
 1DIAGNOSTIC,     5, -9.050673246384e-01, 1.797693134862e+308, 1.1469e+05, 9.4720e+03, 
 1DIAGNOSTIC,     6, -9.068120718002e-01, 1.797693134862e+308, 1.2403e+05, 9.3440e+03, 
 1DIAGNOSTIC,     7, -9.084474444389e-01, 1.797693134862e+308, 1.3350e+05, 9.4720e+03, 
 1DIAGNOSTIC,     8, -9.098594188690e-01, 1.797693134862e+308, 1.4298e+05, 9.4720e+03, 
 1DIAGNOSTIC,     9, -9.112274646759e-01, 1.797693134862e+308, 1.5245e+05, 9.4720e+03, 
 1DIAGNOSTIC,    10, -9.122968912125e-01, 1.061297953129e-03, 1.6192e+05, 9.4720e+03, 
