---------------------
Experiment information

SIF_IMG: /mnt/lustre/mathdugre/containers/ants-flint-base.simg
SIF_IMG_BASE: /mnt/lustre/mathdugre/containers/ants-flint-base.simg
EXPERIMENT_NAME: flint-vprec-single-five-levels
STAGE: affine
SUBJECT_ID: s014
REPETITION_ID: 1

FIXED_IMG: /templateflow/tpl-MNI152NLin2009cAsym/tpl-MNI152NLin2009cAsym_res-01_desc-brain_T1w.nii.gz
INPUT_IMG: /mnt/lustre/mathdugre/fast-interpolate/datasets/ds004513/derivatives/flint/ants/flint-vprec-single-five-levels/sub-s014/ses-open/anat/1/1_Rigid.nii.gz

DATA_DIR: /mnt/lustre/mathdugre/fast-interpolate/datasets/ds004513
OUTPUT_DIR: /mnt/lustre/mathdugre/fast-interpolate/datasets/ds004513/derivatives/flint/ants/flint-vprec-single-five-levels/sub-s014/ses-open/anat
OUTPUT_PREFIX: 10
THREAD: 1
FLOAT: 0
VFC_BACKENDS: ieee
---------------------

--output [/mnt/lustre/mathdugre/fast-interpolate/datasets/ds004513/derivatives/flint/ants/flint-vprec-single-five-levels/sub-s014/ses-open/anat/10/1_,/mnt/lustre/mathdugre/fast-interpolate/datasets/ds004513/derivatives/flint/ants/flint-vprec-single-five-levels/sub-s014/ses-open/anat/10/1_Affine.nii.gz,/mnt/lustre/mathdugre/fast-interpolate/datasets/ds004513/derivatives/flint/ants/flint-vprec-single-five-levels/sub-s014/ses-open/anat/10/1_InverseAffine.nii.gz] --initial-moving-transform [/templateflow/tpl-MNI152NLin2009cAsym/tpl-MNI152NLin2009cAsym_res-01_desc-brain_T1w.nii.gz,/mnt/lustre/mathdugre/fast-interpolate/datasets/ds004513/derivatives/flint/ants/flint-vprec-single-five-levels/sub-s014/ses-open/anat/1/1_Rigid.nii.gz,1] --transform Affine[0.1] --metric MI[/templateflow/tpl-MNI152NLin2009cAsym/tpl-MNI152NLin2009cAsym_res-01_desc-brain_T1w.nii.gz,/mnt/lustre/mathdugre/fast-interpolate/datasets/ds004513/derivatives/flint/ants/flint-vprec-single-five-levels/sub-s014/ses-open/anat/1/1_Rigid.nii.gz,1,32,Regular,0.25] --convergence [1000x1000x500x250x100,1e-6,10] --shrink-factors 16x8x4x2x1 --smoothing-sigmas 4x3x2x1x0vox
All_Command_lines_OK
Using double precision for computations.
=============================================================================
The composite transform comprises the following transforms (in order): 
  1. Center of mass alignment using fixed image: /templateflow/tpl-MNI152NLin2009cAsym/tpl-MNI152NLin2009cAsym_res-01_desc-brain_T1w.nii.gz and moving image: /mnt/lustre/mathdugre/fast-interpolate/datasets/ds004513/derivatives/flint/ants/flint-vprec-single-five-levels/sub-s014/ses-open/anat/1/1_Rigid.nii.gz (type = Euler3DTransform)
=============================================================================
  number of levels = 5
  fixed image: /templateflow/tpl-MNI152NLin2009cAsym/tpl-MNI152NLin2009cAsym_res-01_desc-brain_T1w.nii.gz
  moving image: /mnt/lustre/mathdugre/fast-interpolate/datasets/ds004513/derivatives/flint/ants/flint-vprec-single-five-levels/sub-s014/ses-open/anat/1/1_Rigid.nii.gz
Dimension = 3
Number of stages = 1
Use histogram matching = false
Winsorize image intensities = true
  Lower quantile = 0.005
  Upper quantile = 0.995


Stage 1 State
   Image metric = MattesMI
     Fixed image = Image (0x561d874d4190)
  RTTI typeinfo:   itk::Image<double, 3u>
  Reference Count: 2
  Modified Time: 1622
  Debug: Off
  Object Name: 
  Observers: 
    none
  Source: (none)
  Source output name: (none)
  Release Data: Off
  Data Released: False
  Global Release Data: Off
  PipelineMTime: 0
  UpdateMTime: 1407
  RealTimeStamp: 0 seconds 
  LargestPossibleRegion: 
    Dimension: 3
    Index: [0, 0, 0]
    Size: [193, 229, 193]
  BufferedRegion: 
    Dimension: 3
    Index: [0, 0, 0]
    Size: [193, 229, 193]
  RequestedRegion: 
    Dimension: 3
    Index: [0, 0, 0]
    Size: [193, 229, 193]
  Spacing: [1, 1, 1]
  Origin: [96, 132, -78]
  Direction: 
-1 0 0
0 -1 0
0 0 1

  IndexToPointMatrix: 
-1 0 0
0 -1 0
0 0 1

  PointToIndexMatrix: 
-1 0 0
0 -1 0
0 0 1

  Inverse Direction: 
-1 0 0
0 -1 0
0 0 1

  PixelContainer: 
    ImportImageContainer (0x561d87540010)
      RTTI typeinfo:   itk::ImportImageContainer<unsigned long, double>
      Reference Count: 1
      Modified Time: 1404
      Debug: Off
      Object Name: 
      Observers: 
        none
      Pointer: 0x7f96ef9f6010
      Container manages memory: true
      Size: 8530021
      Capacity: 8530021

     Moving image = Image (0x561d874db120)
  RTTI typeinfo:   itk::Image<double, 3u>
  Reference Count: 2
  Modified Time: 1623
  Debug: Off
  Object Name: 
  Observers: 
    none
  Source: (none)
  Source output name: (none)
  Release Data: Off
  Data Released: False
  Global Release Data: Off
  PipelineMTime: 0
  UpdateMTime: 1620
  RealTimeStamp: 0 seconds 
  LargestPossibleRegion: 
    Dimension: 3
    Index: [0, 0, 0]
    Size: [193, 229, 193]
  BufferedRegion: 
    Dimension: 3
    Index: [0, 0, 0]
    Size: [193, 229, 193]
  RequestedRegion: 
    Dimension: 3
    Index: [0, 0, 0]
    Size: [193, 229, 193]
  Spacing: [1, 1, 1]
  Origin: [96, 132, -78]
  Direction: 
-1 0 0
0 -1 0
0 0 1

  IndexToPointMatrix: 
-1 0 0
0 -1 0
0 0 1

  PointToIndexMatrix: 
-1 0 0
0 -1 0
0 0 1

  Inverse Direction: 
-1 0 0
0 -1 0
0 0 1

  PixelContainer: 
    ImportImageContainer (0x561d875a24d0)
      RTTI typeinfo:   itk::ImportImageContainer<unsigned long, double>
      Reference Count: 1
      Modified Time: 1617
      Debug: Off
      Object Name: 
      Observers: 
        none
      Pointer: 0x7f96eb8e1010
      Container manages memory: true
      Size: 8530021
      Capacity: 8530021

     Weighting = 1
     Sampling strategy = regular
     Number of bins = 32
     Radius = 4
     Sampling percentage  = 0.25
   Transform = Affine
     Gradient step = 0.1
     Update field sigma (voxel space) = 0
     Total field sigma (voxel space) = 0
     Update field time sigma = 0
     Total field time sigma  = 0
     Number of time indices = 0
     Number of time point samples = 0
Registration using 1 total stages.

Stage 0
  iterations = 1000x1000x500x250x100
  convergence threshold = 1e-06
  convergence window size = 10
  number of levels = 5
  using the Mattes MI metric (number of bins = 32, weight = 1, use gradient filter = 0)
  preprocessing:  winsorizing the image intensities
  Shrink factors (level 1 out of 5): [16, 16, 16]
  Shrink factors (level 2 out of 5): [8, 8, 8]
  Shrink factors (level 3 out of 5): [4, 4, 4]
  Shrink factors (level 4 out of 5): [2, 2, 2]
  Shrink factors (level 5 out of 5): [1, 1, 1]
  smoothing sigmas per level: [4, 3, 2, 1, 0]
  regular sampling (percentage = 0.25)

*** Running AffineTransform registration ***

DIAGNOSTIC,Iteration,metricValue,convergenceValue,ITERATION_TIME_INDEX,SINCE_LAST
 2DIAGNOSTIC,     1, -6.630516711014e-01, 1.797693134862e+308, 1.4489e+00, 1.4489e+00, 
 2DIAGNOSTIC,     2, -6.654478706705e-01, 1.797693134862e+308, 1.4503e+00, 1.3649e-03, 
 2DIAGNOSTIC,     3, -6.689806343441e-01, 1.797693134862e+308, 1.4516e+00, 1.2591e-03, 
 2DIAGNOSTIC,     4, -6.736825534118e-01, 1.797693134862e+308, 1.4528e+00, 1.2560e-03, 
 2DIAGNOSTIC,     5, -6.806597730878e-01, 1.797693134862e+308, 1.4541e+00, 1.2760e-03, 
 2DIAGNOSTIC,     6, -6.909407797565e-01, 1.797693134862e+308, 1.4554e+00, 1.3459e-03, 
 2DIAGNOSTIC,     7, -7.225788112229e-01, 1.797693134862e+308, 1.4570e+00, 1.5290e-03, 
 2DIAGNOSTIC,     8, -7.311086533333e-01, 1.797693134862e+308, 1.4584e+00, 1.4529e-03, 
 2DIAGNOSTIC,     9, -7.470884177851e-01, 1.797693134862e+308, 1.4602e+00, 1.8089e-03, 
 2DIAGNOSTIC,    10, -7.555913430287e-01, 9.424109927115e-03, 1.4630e+00, 2.7702e-03, 
 2DIAGNOSTIC,    11, -7.971636775603e-01, 1.049078608922e-02, 1.4647e+00, 1.6809e-03, 
 2DIAGNOSTIC,    12, -8.639613836076e-01, 1.257446249356e-02, 1.4668e+00, 2.1660e-03, 
 2DIAGNOSTIC,    13, -8.658541060758e-01, 1.327715948222e-02, 1.4684e+00, 1.5149e-03, 
 2DIAGNOSTIC,    14, -9.206302206135e-01, 1.426587821019e-02, 1.4701e+00, 1.7068e-03, 
 2DIAGNOSTIC,    15, -9.603938465010e-01, 1.491396338865e-02, 1.4717e+00, 1.6689e-03, 
 2DIAGNOSTIC,    16, -9.700547916500e-01, 1.451762896281e-02, 1.4741e+00, 2.3401e-03, 
 2DIAGNOSTIC,    17, -9.769163149473e-01, 1.367274839134e-02, 1.4755e+00, 1.4341e-03, 
 2DIAGNOSTIC,    18, -1.000399331535e+00, 1.231964832568e-02, 1.4769e+00, 1.4360e-03, 
 2DIAGNOSTIC,    19, -1.019777866212e+00, 1.065446582143e-02, 1.4784e+00, 1.4548e-03, 
 2DIAGNOSTIC,    20, -1.025642082128e+00, 8.440577484784e-03, 1.4801e+00, 1.7011e-03, 
 2DIAGNOSTIC,    21, -1.029047901890e+00, 6.428287057125e-03, 1.4815e+00, 1.3909e-03, 
 2DIAGNOSTIC,    22, -1.033118820436e+00, 5.156953120355e-03, 1.4830e+00, 1.5540e-03, 
 2DIAGNOSTIC,    23, -1.036008670508e+00, 3.591483999403e-03, 1.4850e+00, 1.9870e-03, 
 2DIAGNOSTIC,    24, -1.036361918662e+00, 2.595182702929e-03, 1.4864e+00, 1.3762e-03, 
 2DIAGNOSTIC,    25, -1.037648857784e+00, 1.995115426444e-03, 1.4878e+00, 1.3762e-03, 
 2DIAGNOSTIC,    26, -1.038074220327e+00, 1.394884068047e-03, 1.4892e+00, 1.3800e-03, 
 2DIAGNOSTIC,    27, -1.038705804455e+00, 8.019287385729e-04, 1.4905e+00, 1.3740e-03, 
 2DIAGNOSTIC,    28, -1.039384216969e+00, 4.563951043143e-04, 1.4925e+00, 1.9650e-03, 
 2DIAGNOSTIC,    29, -1.039664586326e+00, 3.122692305088e-04, 1.4939e+00, 1.3680e-03, 
 2DIAGNOSTIC,    30, -1.040700624924e+00, 2.231913058716e-04, 1.4954e+00, 1.5230e-03, 
 2DIAGNOSTIC,    31, -1.041385325868e+00, 1.606024188278e-04, 1.4969e+00, 1.5190e-03, 
 2DIAGNOSTIC,    32, -1.041547164838e+00, 1.284585620999e-04, 1.4984e+00, 1.5080e-03, 
 2DIAGNOSTIC,    33, -1.041914232918e+00, 1.176700674495e-04, 1.4999e+00, 1.5161e-03, 
 2DIAGNOSTIC,    34, -1.042054383319e+00, 1.008471494503e-04, 1.5013e+00, 1.3590e-03, 
 2DIAGNOSTIC,    35, -1.042091593767e+00, 8.734488215311e-05, 1.5027e+00, 1.3571e-03, 
 2DIAGNOSTIC,    36, -1.042158196566e+00, 7.062590744545e-05, 1.5045e+00, 1.7991e-03, 
 2DIAGNOSTIC,    37, -1.042180601946e+00, 5.374303492067e-05, 1.5058e+00, 1.3649e-03, 
 2DIAGNOSTIC,    38, -1.042240155501e+00, 3.890215763616e-05, 1.5072e+00, 1.3590e-03, 
 2DIAGNOSTIC,    39, -1.042280366806e+00, 2.365069604168e-05, 1.5090e+00, 1.7900e-03, 
 2DIAGNOSTIC,    40, -1.042291042000e+00, 1.499147821531e-05, 1.5105e+00, 1.4992e-03, 
 2DIAGNOSTIC,    41, -1.042304854130e+00, 1.066949384209e-05, 1.5118e+00, 1.3618e-03, 
 2DIAGNOSTIC,    42, -1.042315553683e+00, 6.829241073078e-06, 1.5132e+00, 1.3580e-03, 
 2DIAGNOSTIC,    43, -1.042333778724e+00, 5.307415923680e-06, 1.5145e+00, 1.3521e-03, 
 2DIAGNOSTIC,    44, -1.042361551190e+00, 4.581671427056e-06, 1.5163e+00, 1.7989e-03, 
 2DIAGNOSTIC,    45, -1.042366530747e+00, 3.804023856205e-06, 1.5177e+00, 1.3740e-03, 
 2DIAGNOSTIC,    46, -1.042378556713e+00, 3.295519900151e-06, 1.5191e+00, 1.3611e-03, 
 2DIAGNOSTIC,    47, -1.042388465383e+00, 2.767855026370e-06, 1.5209e+00, 1.7929e-03, 
 2DIAGNOSTIC,    48, -1.042392941867e+00, 2.462593768945e-06, 1.5222e+00, 1.3599e-03, 
 2DIAGNOSTIC,    49, -1.042398220396e+00, 2.280737559042e-06, 1.5236e+00, 1.3571e-03, 
 2DIAGNOSTIC,    50, -1.042441380328e+00, 2.277270164552e-06, 1.5254e+00, 1.8020e-03, 
 2DIAGNOSTIC,    51, -1.042443748967e+00, 2.211364858739e-06, 1.5268e+00, 1.3621e-03, 
 2DIAGNOSTIC,    52, -1.042446326772e+00, 2.078808730672e-06, 1.5281e+00, 1.3540e-03, 
 2DIAGNOSTIC,    53, -1.042453007415e+00, 1.955883462235e-06, 1.5295e+00, 1.3530e-03, 
 2DIAGNOSTIC,    54, -1.042504127561e+00, 2.144834908117e-06, 1.5313e+00, 1.7989e-03, 
 2DIAGNOSTIC,    55, -1.042505924906e+00, 2.206439015245e-06, 1.5326e+00, 1.3540e-03, 
 2DIAGNOSTIC,    56, -1.042510255469e+00, 2.202199309190e-06, 1.5340e+00, 1.3540e-03, 
 2DIAGNOSTIC,    57, -1.042517494116e+00, 2.141318096727e-06, 1.5353e+00, 1.3530e-03, 
 2DIAGNOSTIC,    58, -1.042534885962e+00, 2.046037307128e-06, 1.5367e+00, 1.3640e-03, 
 2DIAGNOSTIC,    59, -1.042584031280e+00, 2.074088745075e-06, 1.5385e+00, 1.7910e-03, 
 2DIAGNOSTIC,    60, -1.042586291119e+00, 2.174117479780e-06, 1.5398e+00, 1.3590e-03, 
 2DIAGNOSTIC,    61, -1.042617904773e+00, 2.287509542766e-06, 1.5416e+00, 1.7910e-03, 
 2DIAGNOSTIC,    62, -1.042639162641e+00, 2.344546902303e-06, 1.5430e+00, 1.3590e-03, 
 2DIAGNOSTIC,    63, -1.042646666533e+00, 2.283544496644e-06, 1.5443e+00, 1.3540e-03, 
 2DIAGNOSTIC,    64, -1.042683813515e+00, 2.459334592558e-06, 1.5457e+00, 1.3621e-03, 
 2DIAGNOSTIC,    65, -1.042831180423e+00, 3.111004108824e-06, 1.5474e+00, 1.6561e-03, 
 2DIAGNOSTIC,    66, -1.043001259773e+00, 4.248257665092e-06, 1.5493e+00, 1.9460e-03, 
 2DIAGNOSTIC,    67, -1.043014454964e+00, 5.066402654127e-06, 1.5507e+00, 1.3640e-03, 
 2DIAGNOSTIC,    68, -1.043040823709e+00, 5.619540073942e-06, 1.5520e+00, 1.3571e-03, 
 2DIAGNOSTIC,    69, -1.043061521277e+00, 5.963799702181e-06, 1.5534e+00, 1.3568e-03, 
 2DIAGNOSTIC,    70, -1.043082350136e+00, 5.850352131805e-06, 1.5547e+00, 1.3630e-03, 
 2DIAGNOSTIC,    71, -1.043104855982e+00, 5.431112311886e-06, 1.5561e+00, 1.3571e-03, 
 2DIAGNOSTIC,    72, -1.043135379937e+00, 4.761992501635e-06, 1.5577e+00, 1.6470e-03, 
 2DIAGNOSTIC,    73, -1.043168009332e+00, 3.868527006465e-06, 1.5591e+00, 1.3599e-03, 
 2DIAGNOSTIC,    74, -1.043185047742e+00, 2.873936578787e-06, 1.5609e+00, 1.7951e-03, 
 2DIAGNOSTIC,    75, -1.043192206883e+00, 2.253501596968e-06, 1.5628e+00, 1.9441e-03, 
 2DIAGNOSTIC,    76, -1.043193063489e+00, 2.127516440281e-06, 1.5642e+00, 1.3540e-03, 
 2DIAGNOSTIC,    77, -1.043196407252e+00, 1.902576708644e-06, 1.5656e+00, 1.3621e-03, 
 2DIAGNOSTIC,    78, -1.043201197744e+00, 1.655231658708e-06, 1.5669e+00, 1.3530e-03, 
 2DIAGNOSTIC,    79, -1.043207532173e+00, 1.393879233530e-06, 1.5683e+00, 1.3530e-03, 
 2DIAGNOSTIC,    80, -1.043215021445e+00, 1.148038949499e-06, 1.5696e+00, 1.3621e-03, 
DIAGNOSTIC,Iteration,metricValue,convergenceValue,ITERATION_TIME_INDEX,SINCE_LAST
 2DIAGNOSTIC,     1, -8.100460231600e-01, 1.797693134862e+308, 3.0191e+00, 1.4495e+00, 
 2DIAGNOSTIC,     2, -8.124453971291e-01, 1.797693134862e+308, 3.0301e+00, 1.0928e-02, 
 2DIAGNOSTIC,     3, -8.154258823959e-01, 1.797693134862e+308, 3.0409e+00, 1.0832e-02, 
 2DIAGNOSTIC,     4, -8.187348317884e-01, 1.797693134862e+308, 3.0518e+00, 1.0917e-02, 
 2DIAGNOSTIC,     5, -8.224969647017e-01, 1.797693134862e+308, 3.0627e+00, 1.0920e-02, 
 2DIAGNOSTIC,     6, -8.265302742757e-01, 1.797693134862e+308, 3.0736e+00, 1.0916e-02, 
 2DIAGNOSTIC,     7, -8.338866944529e-01, 1.797693134862e+308, 3.0886e+00, 1.4973e-02, 
 2DIAGNOSTIC,     8, -8.363160787521e-01, 1.797693134862e+308, 3.1032e+00, 1.4618e-02, 
 2DIAGNOSTIC,     9, -8.365817309622e-01, 1.797693134862e+308, 3.1141e+00, 1.0915e-02, 
 2DIAGNOSTIC,    10, -8.375733099900e-01, 2.449797175602e-03, 3.1253e+00, 1.1192e-02, 
 2DIAGNOSTIC,    11, -8.387584015283e-01, 2.062323606799e-03, 3.1365e+00, 1.1144e-02, 
 2DIAGNOSTIC,    12, -8.399071077697e-01, 1.652985990820e-03, 3.1476e+00, 1.1081e-02, 
 2DIAGNOSTIC,    13, -8.410125891799e-01, 1.264902769434e-03, 3.1586e+00, 1.1072e-02, 
 2DIAGNOSTIC,    14, -8.422849979755e-01, 9.316403691389e-04, 3.1698e+00, 1.1116e-02, 
 2DIAGNOSTIC,    15, -8.436044309984e-01, 6.742729723552e-04, 3.1846e+00, 1.4862e-02, 
 2DIAGNOSTIC,    16, -8.438590921701e-01, 4.751264546986e-04, 3.1995e+00, 1.4882e-02, 
 2DIAGNOSTIC,    17, -8.439585039215e-01, 4.050664623088e-04, 3.2107e+00, 1.1170e-02, 
 2DIAGNOSTIC,    18, -8.444326248036e-01, 3.610642132890e-04, 3.2219e+00, 1.1280e-02, 
 2DIAGNOSTIC,    19, -8.466468335561e-01, 3.323422658594e-04, 3.2344e+00, 1.2444e-02, 
 2DIAGNOSTIC,    20, -8.471021188322e-01, 2.990114697705e-04, 3.2455e+00, 1.1099e-02, 
 2DIAGNOSTIC,    21, -8.473489635367e-01, 2.646403521083e-04, 3.2591e+00, 1.3608e-02, 
 2DIAGNOSTIC,    22, -8.474729053458e-01, 2.291166610230e-04, 3.2702e+00, 1.1128e-02, 
 2DIAGNOSTIC,    23, -8.476460121716e-01, 1.939513993085e-04, 3.2827e+00, 1.2439e-02, 
 2DIAGNOSTIC,    24, -8.480651557957e-01, 1.666259855859e-04, 3.2963e+00, 1.3676e-02, 
 2DIAGNOSTIC,    25, -8.483912498223e-01, 1.480419722326e-04, 3.3087e+00, 1.2345e-02, 
 2DIAGNOSTIC,    26, -8.486859699648e-01, 1.246891856769e-04, 3.3210e+00, 1.2339e-02, 
 2DIAGNOSTIC,    27, -8.487628851403e-01, 9.392319451341e-05, 3.3321e+00, 1.1086e-02, 
 2DIAGNOSTIC,    28, -8.488395663546e-01, 6.267777463381e-05, 3.3457e+00, 1.3546e-02, 
 2DIAGNOSTIC,    29, -8.488841552531e-01, 5.404974699947e-05, 3.3567e+00, 1.1044e-02, 
 2DIAGNOSTIC,    30, -8.489042390309e-01, 4.625557827292e-05, 3.3677e+00, 1.1009e-02, 
 2DIAGNOSTIC,    31, -8.489142151789e-01, 3.750170884110e-05, 3.3862e+00, 1.8510e-02, 
 2DIAGNOSTIC,    32, -8.489153421005e-01, 2.720633433836e-05, 3.3973e+00, 1.1108e-02, 
 2DIAGNOSTIC,    33, -8.489198166999e-01, 1.683132334589e-05, 3.4084e+00, 1.1067e-02, 
 2DIAGNOSTIC,    34, -8.489242448604e-01, 9.727363611177e-06, 3.4195e+00, 1.1067e-02, 
 2DIAGNOSTIC,    35, -8.489276565190e-01, 5.317247049875e-06, 3.4307e+00, 1.1275e-02, 
 2DIAGNOSTIC,    36, -8.489306405690e-01, 3.525402639201e-06, 3.4418e+00, 1.1085e-02, 
 2DIAGNOSTIC,    37, -8.489347658950e-01, 2.308669414065e-06, 3.4528e+00, 1.1027e-02, 
 2DIAGNOSTIC,    38, -8.489418200604e-01, 1.755276157332e-06, 3.4676e+00, 1.4747e-02, 
 2DIAGNOSTIC,    39, -8.489427860942e-01, 1.532877858930e-06, 3.4811e+00, 1.3547e-02, 
 2DIAGNOSTIC,    40, -8.489431103860e-01, 1.425026014915e-06, 3.4922e+00, 1.1072e-02, 
 2DIAGNOSTIC,    41, -8.489447462903e-01, 1.359823073161e-06, 3.5045e+00, 1.2279e-02, 
 2DIAGNOSTIC,    42, -8.489455895209e-01, 1.257256673406e-06, 3.5168e+00, 1.2264e-02, 
 2DIAGNOSTIC,    43, -8.489456091271e-01, 1.146288117617e-06, 3.5293e+00, 1.2515e-02, 
 2DIAGNOSTIC,    44, -8.489456210173e-01, 1.036187355825e-06, 3.5416e+00, 1.2336e-02, 
DIAGNOSTIC,Iteration,metricValue,convergenceValue,ITERATION_TIME_INDEX,SINCE_LAST
 2DIAGNOSTIC,     1, -7.132160638430e-01, 1.797693134862e+308, 5.1118e+00, 1.5702e+00, 
 2DIAGNOSTIC,     2, -7.137955060481e-01, 1.797693134862e+308, 5.2256e+00, 1.1379e-01, 
 2DIAGNOSTIC,     3, -7.142928286506e-01, 1.797693134862e+308, 5.3390e+00, 1.1340e-01, 
 2DIAGNOSTIC,     4, -7.146516167567e-01, 1.797693134862e+308, 5.4527e+00, 1.1363e-01, 
 2DIAGNOSTIC,     5, -7.150866691081e-01, 1.797693134862e+308, 5.5662e+00, 1.1359e-01, 
 2DIAGNOSTIC,     6, -7.156831715305e-01, 1.797693134862e+308, 5.6798e+00, 1.1351e-01, 
 2DIAGNOSTIC,     7, -7.159776404750e-01, 1.797693134862e+308, 5.8550e+00, 1.7526e-01, 
 2DIAGNOSTIC,     8, -7.160356290825e-01, 1.797693134862e+308, 5.9688e+00, 1.1381e-01, 
 2DIAGNOSTIC,     9, -7.160625301768e-01, 1.797693134862e+308, 6.1305e+00, 1.6172e-01, 
 2DIAGNOSTIC,    10, -7.160858894204e-01, 2.731101341983e-04, 6.2597e+00, 1.2915e-01, 
 2DIAGNOSTIC,    11, -7.161382606145e-01, 1.976697086573e-04, 6.4041e+00, 1.4437e-01, 
 2DIAGNOSTIC,    12, -7.161392873416e-01, 1.362107899231e-04, 6.5330e+00, 1.2896e-01, 
 2DIAGNOSTIC,    13, -7.161394634195e-01, 8.747114020959e-05, 6.6465e+00, 1.1346e-01, 
 2DIAGNOSTIC,    14, -7.161395417696e-01, 4.815269386264e-05, 6.7601e+00, 1.1365e-01, 
 2DIAGNOSTIC,    15, -7.161397125786e-01, 2.106808612939e-05, 6.9807e+00, 2.2055e-01, 
 2DIAGNOSTIC,    16, -7.161397062966e-01, 1.023839529901e-05, 7.3676e+00, 3.8695e-01, 
 2DIAGNOSTIC,    17, -7.161397062960e-01, 6.777558130451e-06, 7.7088e+00, 3.4118e-01, 
 2DIAGNOSTIC,    18, -7.161397062960e-01, 4.536007050290e-06, 7.8530e+00, 1.4422e-01, 
 2DIAGNOSTIC,    19, -7.161397062960e-01, 2.835983583457e-06, 7.9974e+00, 1.4438e-01, 
 2DIAGNOSTIC,    20, -7.161397062960e-01, 1.632530740023e-06, 8.1423e+00, 1.4494e-01, 
 2DIAGNOSTIC,    21, -7.161397062960e-01, 1.529882708427e-06, 8.2718e+00, 1.2942e-01, 
 2DIAGNOSTIC,    22, -7.161397062960e-01, 1.453769776179e-06, 8.4318e+00, 1.6006e-01, 
 2DIAGNOSTIC,    23, -7.161397062960e-01, 1.386669288228e-06, 8.5612e+00, 1.2940e-01, 
 2DIAGNOSTIC,    24, -7.161397062960e-01, 1.326120613175e-06, 8.7216e+00, 1.6037e-01, 
 2DIAGNOSTIC,    25, -7.161397062960e-01, 1.273144417079e-06, 8.8509e+00, 1.2930e-01, 
 2DIAGNOSTIC,    26, -7.161397062960e-01, 1.224149672213e-06, 8.9800e+00, 1.2911e-01, 
 2DIAGNOSTIC,    27, -7.161397062960e-01, 1.178786133829e-06, 9.1093e+00, 1.2929e-01, 
 2DIAGNOSTIC,    28, -7.161397062960e-01, 1.136664547707e-06, 9.2232e+00, 1.1395e-01, 
 2DIAGNOSTIC,    29, -7.161397062960e-01, 1.097449369658e-06, 9.3369e+00, 1.1370e-01, 
 2DIAGNOSTIC,    30, -7.161397062960e-01, 1.060849816582e-06, 9.4657e+00, 1.2880e-01, 
 2DIAGNOSTIC,    31, -7.161397062960e-01, 1.026612643576e-06, 9.5949e+00, 1.2912e-01, 
DIAGNOSTIC,Iteration,metricValue,convergenceValue,ITERATION_TIME_INDEX,SINCE_LAST
 2DIAGNOSTIC,     1, -6.102832116116e-01, 1.797693134862e+308, 1.1943e+01, 2.3478e+00, 
 2DIAGNOSTIC,     2, -6.105531654234e-01, 1.797693134862e+308, 1.2697e+01, 7.5407e-01, 
 2DIAGNOSTIC,     3, -6.108107546987e-01, 1.797693134862e+308, 1.3447e+01, 7.5033e-01, 
 2DIAGNOSTIC,     4, -6.110772674202e-01, 1.797693134862e+308, 1.4298e+01, 8.5100e-01, 
 2DIAGNOSTIC,     5, -6.113482570320e-01, 1.797693134862e+308, 1.6831e+01, 2.5329e+00, 
 2DIAGNOSTIC,     6, -6.113482544493e-01, 1.797693134862e+308, 1.7590e+01, 7.5942e-01, 
 2DIAGNOSTIC,     7, -6.113482590648e-01, 1.797693134862e+308, 1.8345e+01, 7.5505e-01, 
 2DIAGNOSTIC,     8, -6.113482668690e-01, 1.797693134862e+308, 1.9100e+01, 7.5424e-01, 
 2DIAGNOSTIC,     9, -6.113482800645e-01, 1.797693134862e+308, 1.9850e+01, 7.5073e-01, 
 2DIAGNOSTIC,    10, -6.113483023744e-01, 1.084604781357e-04, 2.0600e+01, 7.4934e-01, 
 2DIAGNOSTIC,    11, -6.113483400860e-01, 6.441251500949e-05, 2.1347e+01, 7.4682e-01, 
 2DIAGNOSTIC,    12, -6.113484038184e-01, 3.266669386046e-05, 2.2091e+01, 7.4445e-01, 
 2DIAGNOSTIC,    13, -6.113485114585e-01, 1.215845983989e-05, 2.2838e+01, 7.4693e-01, 
 2DIAGNOSTIC,    14, -6.113486931598e-01, 2.299424146729e-06, 2.3584e+01, 7.4601e-01, 
 2DIAGNOSTIC,    15, -6.113489996577e-01, 2.163445861250e-06, 2.4327e+01, 7.4339e-01, 
 2DIAGNOSTIC,    16, -6.113495165095e-01, 2.055385781075e-06, 2.5079e+01, 7.5214e-01, 
 2DIAGNOSTIC,    17, -6.113503825012e-01, 1.977454135438e-06, 2.5843e+01, 7.6321e-01, 
 2DIAGNOSTIC,    18, -6.113518253710e-01, 1.935476663717e-06, 2.6605e+01, 7.6194e-01, 
 2DIAGNOSTIC,    19, -6.113542321772e-01, 1.940949782855e-06, 2.7358e+01, 7.5374e-01, 
 2DIAGNOSTIC,    20, -6.113581640777e-01, 2.012038771974e-06, 2.8121e+01, 7.6290e-01, 
 2DIAGNOSTIC,    21, -6.113644375830e-01, 2.175293536161e-06, 2.8881e+01, 7.6010e-01, 
 2DIAGNOSTIC,    22, -6.113742470162e-01, 2.468386371975e-06, 2.9632e+01, 7.5060e-01, 
 2DIAGNOSTIC,    23, -6.113891268099e-01, 2.939878587349e-06, 3.0379e+01, 7.4750e-01, 
 2DIAGNOSTIC,    24, -6.114118136877e-01, 3.664262400518e-06, 3.1124e+01, 7.4502e-01, 
 2DIAGNOSTIC,    25, -6.114459911818e-01, 4.745160686180e-06, 3.1874e+01, 7.4926e-01, 
 2DIAGNOSTIC,    26, -6.114832047367e-01, 6.080487190668e-06, 3.2631e+01, 7.5772e-01, 
 2DIAGNOSTIC,    27, -6.115279050528e-01, 7.635830128777e-06, 3.3392e+01, 7.6072e-01, 
 2DIAGNOSTIC,    28, -6.115683955009e-01, 9.157843636927e-06, 3.4550e+01, 1.1576e+00, 
 2DIAGNOSTIC,    29, -6.115729687504e-01, 9.921869163661e-06, 3.5301e+01, 7.5128e-01, 
 2DIAGNOSTIC,    30, -6.115795495772e-01, 9.970664006272e-06, 3.6046e+01, 7.4454e-01, 
 2DIAGNOSTIC,    31, -6.116035918885e-01, 9.625602296545e-06, 3.6988e+01, 9.4245e-01, 
 2DIAGNOSTIC,    32, -6.116158672699e-01, 8.791063086246e-06, 3.8039e+01, 1.0513e+00, 
 2DIAGNOSTIC,    33, -6.116179308985e-01, 7.499927616374e-06, 3.8794e+01, 7.5433e-01, 
 2DIAGNOSTIC,    34, -6.116195055385e-01, 6.001848017342e-06, 4.1324e+01, 2.5303e+00, 
 2DIAGNOSTIC,    35, -6.116195055354e-01, 4.563265697526e-06, 4.3518e+01, 2.1938e+00, 
 2DIAGNOSTIC,    36, -6.116195055354e-01, 3.322952237483e-06, 4.4653e+01, 1.1350e+00, 
 2DIAGNOSTIC,    37, -6.116195055354e-01, 2.463164007045e-06, 4.5488e+01, 8.3502e-01, 
 2DIAGNOSTIC,    38, -6.116195055354e-01, 1.994413856576e-06, 4.6317e+01, 8.2934e-01, 
 2DIAGNOSTIC,    39, -6.116195055354e-01, 1.497141495270e-06, 4.7143e+01, 8.2608e-01, 
 2DIAGNOSTIC,    40, -6.116195055354e-01, 1.030288689641e-06, 4.7870e+01, 7.2678e-01, 
DIAGNOSTIC,Iteration,metricValue,convergenceValue,ITERATION_TIME_INDEX,SINCE_LAST
 2DIAGNOSTIC,     1, -5.461535437834e-01, 1.797693134862e+308, 5.3943e+01, 6.0731e+00, 
 2DIAGNOSTIC,     2, -5.462909952895e-01, 1.797693134862e+308, 5.8852e+01, 4.9093e+00, 
 2DIAGNOSTIC,     3, -5.464344766566e-01, 1.797693134862e+308, 6.4349e+01, 5.4970e+00, 
 2DIAGNOSTIC,     4, -5.465342374374e-01, 1.797693134862e+308, 7.1619e+01, 7.2692e+00, 
 2DIAGNOSTIC,     5, -5.465379512944e-01, 1.797693134862e+308, 7.6525e+01, 4.9066e+00, 
 2DIAGNOSTIC,     6, -5.465461030034e-01, 1.797693134862e+308, 8.1427e+01, 4.9015e+00, 
 2DIAGNOSTIC,     7, -5.465553328370e-01, 1.797693134862e+308, 8.6332e+01, 4.9049e+00, 
 2DIAGNOSTIC,     8, -5.465651950807e-01, 1.797693134862e+308, 9.1221e+01, 4.8898e+00, 
 2DIAGNOSTIC,     9, -5.465819817964e-01, 1.797693134862e+308, 9.7296e+01, 6.0743e+00, 
 2DIAGNOSTIC,    10, -5.465903170214e-01, 4.447271700821e-05, 1.0338e+02, 6.0795e+00, 
 2DIAGNOSTIC,    11, -5.465907493255e-01, 2.575868590515e-05, 1.0827e+02, 4.8902e+00, 
 2DIAGNOSTIC,    12, -5.465920063970e-01, 1.400770961645e-05, 1.1315e+02, 4.8835e+00, 
 2DIAGNOSTIC,    13, -5.465935874944e-01, 8.728841459485e-06, 1.1803e+02, 4.8781e+00, 
 2DIAGNOSTIC,    14, -5.465956703637e-01, 7.408132774958e-06, 1.2292e+02, 4.8892e+00, 
 2DIAGNOSTIC,    15, -5.465969287017e-01, 5.960590031745e-06, 1.2956e+02, 6.6470e+00, 
 2DIAGNOSTIC,    16, -5.465971772023e-01, 4.618176324148e-06, 1.3445e+02, 4.8821e+00, 
 2DIAGNOSTIC,    17, -5.465972684428e-01, 3.478848430737e-06, 1.3933e+02, 4.8806e+00, 
 2DIAGNOSTIC,    18, -5.465976633100e-01, 2.602631617540e-06, 1.4420e+02, 4.8788e+00, 
 2DIAGNOSTIC,    19, -5.465985366524e-01, 2.217351332309e-06, 1.5085e+02, 6.6412e+00, 
 2DIAGNOSTIC,    20, -5.465991740390e-01, 2.052921998771e-06, 1.6042e+02, 9.5788e+00, 
 2DIAGNOSTIC,    21, -5.465991759061e-01, 1.872003560791e-06, 1.7589e+02, 1.5462e+01, 
 2DIAGNOSTIC,    22, -5.465991759061e-01, 1.704336963226e-06, 1.8605e+02, 1.0169e+01, 
 2DIAGNOSTIC,    23, -5.465991759061e-01, 1.561920163200e-06, 1.9152e+02, 5.4677e+00, 
 2DIAGNOSTIC,    24, -5.465991759061e-01, 1.458659481667e-06, 1.9699e+02, 5.4641e+00, 
 2DIAGNOSTIC,    25, -5.465991759061e-01, 1.377050434209e-06, 2.0186e+02, 4.8726e+00, 
 2DIAGNOSTIC,    26, -5.465991759061e-01, 1.297136711743e-06, 2.0853e+02, 6.6658e+00, 
 2DIAGNOSTIC,    27, -5.465991759061e-01, 1.218155172109e-06, 2.1403e+02, 5.5020e+00, 
 2DIAGNOSTIC,    28, -5.465991759061e-01, 1.148062548750e-06, 2.1952e+02, 5.4966e+00, 
 2DIAGNOSTIC,    29, -5.465991759061e-01, 1.097012812201e-06, 2.2618e+02, 6.6597e+00, 
 2DIAGNOSTIC,    30, -5.465991759061e-01, 1.060410602334e-06, 2.3165e+02, 5.4650e+00, 
 2DIAGNOSTIC,    31, -5.465991759061e-01, 1.026201317200e-06, 2.3622e+02, 4.5739e+00, 
  Elapsed time (stage 0): 2.3911e+02


Total elapsed time: 2.3911e+02
-i /mnt/lustre/mathdugre/fast-interpolate/datasets/ds004513/derivatives/flint/ants/flint-vprec-single-five-levels/sub-s014/ses-open/anat/1/1_Rigid.nii.gz -o /mnt/lustre/mathdugre/fast-interpolate/datasets/ds004513/derivatives/flint/ants/flint-vprec-single-five-levels/sub-s014/ses-open/anat/10/1_transformed.nii.gz -t /mnt/lustre/mathdugre/fast-interpolate/datasets/ds004513/derivatives/flint/ants/flint-vprec-single-five-levels/sub-s014/ses-open/anat/10/1_0GenericAffine.mat
