---------------------
Experiment information

SIF_IMG: /mnt/lustre/mathdugre/containers/ants-flint-vprec.simg
SIF_IMG_BASE: /mnt/lustre/mathdugre/containers/ants-flint-base.simg
EXPERIMENT_NAME: flint-vprec-single-five-levels
STAGE: syn
SUBJECT_ID: s037
REPETITION_ID: 1

FIXED_IMG: /templateflow/tpl-MNI152NLin2009cAsym/tpl-MNI152NLin2009cAsym_res-01_desc-brain_T1w.nii.gz
INPUT_IMG: /mnt/lustre/mathdugre/fast-interpolate/datasets/ds004513/derivatives/flint/ants/flint-vprec-single-five-levels/sub-s037/ses-open/anat/11/1_Affine.nii.gz

DATA_DIR: /mnt/lustre/mathdugre/fast-interpolate/datasets/ds004513
OUTPUT_DIR: /mnt/lustre/mathdugre/fast-interpolate/datasets/ds004513/derivatives/flint/ants/flint-vprec-single-five-levels/sub-s037/ses-open/anat
OUTPUT_PREFIX: 111
THREAD: 1
FLOAT: 0
VFC_BACKENDS: libinterflop_vprec.so --precision-binary32=23 --range-binary32=8 --precision-binary64=23 --range-binary64=8
---------------------

--output [/mnt/lustre/mathdugre/fast-interpolate/datasets/ds004513/derivatives/flint/ants/flint-vprec-single-five-levels/sub-s037/ses-open/anat/111/1_,/mnt/lustre/mathdugre/fast-interpolate/datasets/ds004513/derivatives/flint/ants/flint-vprec-single-five-levels/sub-s037/ses-open/anat/111/1_Warped.nii.gz,/mnt/lustre/mathdugre/fast-interpolate/datasets/ds004513/derivatives/flint/ants/flint-vprec-single-five-levels/sub-s037/ses-open/anat/111/1_InverseSyN.nii.gz] --initial-moving-transform [/templateflow/tpl-MNI152NLin2009cAsym/tpl-MNI152NLin2009cAsym_res-01_desc-brain_T1w.nii.gz,/mnt/lustre/mathdugre/fast-interpolate/datasets/ds004513/derivatives/flint/ants/flint-vprec-single-five-levels/sub-s037/ses-open/anat/11/1_Affine.nii.gz,1] --transform SyN[ 0.1,3,0 ] --metric CC[/templateflow/tpl-MNI152NLin2009cAsym/tpl-MNI152NLin2009cAsym_res-01_desc-brain_T1w.nii.gz,/mnt/lustre/mathdugre/fast-interpolate/datasets/ds004513/derivatives/flint/ants/flint-vprec-single-five-levels/sub-s037/ses-open/anat/11/1_Affine.nii.gz,1,4] --convergence [100x100x70x50x20,1e-6,10] --shrink-factors 16x8x4x2x1 --smoothing-sigmas 4x3x2x1x0vox
All_Command_lines_OK
Using double precision for computations.
=============================================================================
The composite transform comprises the following transforms (in order): 
  1. Center of mass alignment using fixed image: /templateflow/tpl-MNI152NLin2009cAsym/tpl-MNI152NLin2009cAsym_res-01_desc-brain_T1w.nii.gz and moving image: /mnt/lustre/mathdugre/fast-interpolate/datasets/ds004513/derivatives/flint/ants/flint-vprec-single-five-levels/sub-s037/ses-open/anat/11/1_Affine.nii.gz (type = Euler3DTransform)
=============================================================================
  number of levels = 5
  fixed image: /templateflow/tpl-MNI152NLin2009cAsym/tpl-MNI152NLin2009cAsym_res-01_desc-brain_T1w.nii.gz
  moving image: /mnt/lustre/mathdugre/fast-interpolate/datasets/ds004513/derivatives/flint/ants/flint-vprec-single-five-levels/sub-s037/ses-open/anat/11/1_Affine.nii.gz
Dimension = 3
Number of stages = 1
Use histogram matching = false
Winsorize image intensities = true
  Lower quantile = 0.005
  Upper quantile = 0.995


Stage 1 State
   Image metric = CC
     Fixed image = Image (0x4f75f00)
  RTTI typeinfo:   itk::Image<double, 3u>
  Reference Count: 2
  Modified Time: 1622
  Debug: Off
  Object Name: 
  Observers: 
    none
  Source: (none)
  Source output name: (none)
  Release Data: Off
  Data Released: False
  Global Release Data: Off
  PipelineMTime: 0
  UpdateMTime: 1407
  RealTimeStamp: 0 seconds 
  LargestPossibleRegion: 
    Dimension: 3
    Index: [0, 0, 0]
    Size: [193, 229, 193]
  BufferedRegion: 
    Dimension: 3
    Index: [0, 0, 0]
    Size: [193, 229, 193]
  RequestedRegion: 
    Dimension: 3
    Index: [0, 0, 0]
    Size: [193, 229, 193]
  Spacing: [1, 1, 1]
  Origin: [96, 132, -78]
  Direction: 
-1 0 0
0 -1 0
0 0 1

  IndexToPointMatrix: 
-1 0 0
0 -1 0
0 0 1

  PointToIndexMatrix: 
-1 0 0
0 -1 0
0 0 1

  Inverse Direction: 
-1 0 0
0 -1 0
0 0 1

  PixelContainer: 
    ImportImageContainer (0x50621d0)
      RTTI typeinfo:   itk::ImportImageContainer<unsigned long, double>
      Reference Count: 1
      Modified Time: 1404
      Debug: Off
      Object Name: 
      Observers: 
        none
      Pointer: 0x7fc13bbba010
      Container manages memory: true
      Size: 8530021
      Capacity: 8530021

     Moving image = Image (0x4f7cff0)
  RTTI typeinfo:   itk::Image<double, 3u>
  Reference Count: 2
  Modified Time: 1623
  Debug: Off
  Object Name: 
  Observers: 
    none
  Source: (none)
  Source output name: (none)
  Release Data: Off
  Data Released: False
  Global Release Data: Off
  PipelineMTime: 0
  UpdateMTime: 1620
  RealTimeStamp: 0 seconds 
  LargestPossibleRegion: 
    Dimension: 3
    Index: [0, 0, 0]
    Size: [193, 229, 193]
  BufferedRegion: 
    Dimension: 3
    Index: [0, 0, 0]
    Size: [193, 229, 193]
  RequestedRegion: 
    Dimension: 3
    Index: [0, 0, 0]
    Size: [193, 229, 193]
  Spacing: [1, 1, 1]
  Origin: [96, 132, -78]
  Direction: 
-1 0 0
0 -1 0
0 0 1

  IndexToPointMatrix: 
-1 0 0
0 -1 0
0 0 1

  PointToIndexMatrix: 
-1 0 0
0 -1 0
0 0 1

  Inverse Direction: 
-1 0 0
0 -1 0
0 0 1

  PixelContainer: 
    ImportImageContainer (0x5003940)
      RTTI typeinfo:   itk::ImportImageContainer<unsigned long, double>
      Reference Count: 1
      Modified Time: 1617
      Debug: Off
      Object Name: 
      Observers: 
        none
      Pointer: 0x7fc137aa5010
      Container manages memory: true
      Size: 8530021
      Capacity: 8530021

     Weighting = 1
     Sampling strategy = none
     Number of bins = 32
     Radius = 4
     Sampling percentage  = 1
   Transform = SyN
     Gradient step = 0.1
     Update field sigma (voxel space) = 3
     Total field sigma (voxel space) = 0
     Update field time sigma = 0
     Total field time sigma  = 0
     Number of time indices = 0
     Number of time point samples = 0
Registration using 1 total stages.

Stage 0
  iterations = 100x100x70x50x20
  convergence threshold = 1e-06
  convergence window size = 10
  number of levels = 5
  using the CC metric (radius = 4, weight = 1, use gradient filter = 0)
  preprocessing:  winsorizing the image intensities
  Shrink factors (level 1 out of 5): [16, 16, 16]
  Shrink factors (level 2 out of 5): [8, 8, 8]
  Shrink factors (level 3 out of 5): [4, 4, 4]
  Shrink factors (level 4 out of 5): [2, 2, 2]
  Shrink factors (level 5 out of 5): [1, 1, 1]
  smoothing sigmas per level: [4, 3, 2, 1, 0]
  Using default NONE metricSamplingStrategy 

*** Running SyN registration (varianceForUpdateField = 3, varianceForTotalField = 0) ***

XXDIAGNOSTIC,Iteration,metricValue,convergenceValue,ITERATION_TIME_INDEX,SINCE_LAST
 1DIAGNOSTIC,     1, -9.467924833298e-01, 1.797693134862e+308, 0.0000e+00, 0.0000e+00, 
 1DIAGNOSTIC,     2, -9.582608938217e-01, 1.797693134862e+308, 0.0000e+00, 0.0000e+00, 
 1DIAGNOSTIC,     3, -9.650738835335e-01, 1.797693134862e+308, 0.0000e+00, 0.0000e+00, 
 1DIAGNOSTIC,     4, -9.688217639923e-01, 1.797693134862e+308, 0.0000e+00, 0.0000e+00, 
 1DIAGNOSTIC,     5, -9.721668958664e-01, 1.797693134862e+308, 0.0000e+00, 0.0000e+00, 
 1DIAGNOSTIC,     6, -9.744656085968e-01, 1.797693134862e+308, 0.0000e+00, 0.0000e+00, 
 1DIAGNOSTIC,     7, -9.763358831406e-01, 1.797693134862e+308, 0.0000e+00, 0.0000e+00, 
 1DIAGNOSTIC,     8, -9.777915477753e-01, 1.797693134862e+308, 0.0000e+00, 0.0000e+00, 
 1DIAGNOSTIC,     9, -9.789820313454e-01, 1.797693134862e+308, 0.0000e+00, 0.0000e+00, 
 1DIAGNOSTIC,    10, -9.798262715340e-01, 1.877300441265e-03, 0.0000e+00, 0.0000e+00, 
 1DIAGNOSTIC,    11, -9.804654121399e-01, 1.204803586006e-03, 0.0000e+00, 0.0000e+00, 
 1DIAGNOSTIC,    12, -9.801757335663e-01, 8.070990443230e-04, 0.0000e+00, 0.0000e+00, 
 1DIAGNOSTIC,    13, -9.807257056236e-01, 5.632191896439e-04, 0.0000e+00, 0.0000e+00, 
 1DIAGNOSTIC,    14, -9.804928898811e-01, 3.753602504730e-04, 0.0000e+00, 0.0000e+00, 
 1DIAGNOSTIC,    15, -9.808965921402e-01, 2.510100603104e-04, 0.0000e+00, 0.0000e+00, 
 1DIAGNOSTIC,    16, -9.808806180954e-01, 1.605078577995e-04, 0.0000e+00, 0.0000e+00, 
 1DIAGNOSTIC,    17, -9.810863733292e-01, 1.015439629555e-04, 0.0000e+00, 0.0000e+00, 
 1DIAGNOSTIC,    18, -9.809851646423e-01, 6.160512566566e-05, 0.0000e+00, 0.0000e+00, 
 1DIAGNOSTIC,    19, -9.812100529671e-01, 4.183128476143e-05, 1.2800e+02, 1.2800e+02, 
 1DIAGNOSTIC,    20, -9.812743663788e-01, 3.319978713989e-05, 1.2800e+02, 0.0000e+00, 
 1DIAGNOSTIC,    21, -9.813627600670e-01, 3.267079591751e-05, 1.2800e+02, 0.0000e+00, 
 1DIAGNOSTIC,    22, -9.813014268875e-01, 2.446025609970e-05, 1.2800e+02, 0.0000e+00, 
 1DIAGNOSTIC,    23, -9.814368486404e-01, 2.368167042732e-05, 1.2800e+02, 0.0000e+00, 
 1DIAGNOSTIC,    24, -9.813234806061e-01, 1.649558544159e-05, 1.2800e+02, 0.0000e+00, 
 1DIAGNOSTIC,    25, -9.814466834068e-01, 1.463666558266e-05, 1.2800e+02, 0.0000e+00, 
 1DIAGNOSTIC,    26, -9.815513491631e-01, 1.257658004761e-05, 1.2800e+02, 0.0000e+00, 
 1DIAGNOSTIC,    27, -9.815489649773e-01, 1.182407140732e-05, 1.2800e+02, 0.0000e+00, 
 1DIAGNOSTIC,    28, -9.815012216568e-01, 8.545815944672e-06, 1.2800e+02, 0.0000e+00, 
 1DIAGNOSTIC,    29, -9.815474748611e-01, 7.536262273788e-06, 1.2800e+02, 0.0000e+00, 
 1DIAGNOSTIC,    30, -9.814937114716e-01, 6.049871444702e-06, 1.2800e+02, 0.0000e+00, 
 1DIAGNOSTIC,    31, -9.815204739571e-01, 5.263835191727e-06, 1.2800e+02, 0.0000e+00, 
 1DIAGNOSTIC,    32, -9.815260171890e-01, 3.587454557419e-06, 1.2800e+02, 0.0000e+00, 
 1DIAGNOSTIC,    33, -9.815199375153e-01, 2.954155206680e-06, 1.2800e+02, 0.0000e+00, 
 1DIAGNOSTIC,    34, -9.815467596054e-01, 1.423060894012e-06, 1.2800e+02, 0.0000e+00, 
 1DIAGNOSTIC,    35, -9.815052151680e-01, 5.736947059631e-07, 1.2800e+02, 0.0000e+00, 
XXDIAGNOSTIC,Iteration,metricValue,convergenceValue,ITERATION_TIME_INDEX,SINCE_LAST
 1DIAGNOSTIC,     1, -9.255502820015e-01, 1.797693134862e+308, 1.2800e+02, 0.0000e+00, 
 1DIAGNOSTIC,     2, -9.303326606750e-01, 1.797693134862e+308, 1.2800e+02, 0.0000e+00, 
 1DIAGNOSTIC,     3, -9.357327818871e-01, 1.797693134862e+308, 1.2800e+02, 0.0000e+00, 
 1DIAGNOSTIC,     4, -9.403525590897e-01, 1.797693134862e+308, 2.5600e+02, 1.2800e+02, 
 1DIAGNOSTIC,     5, -9.440518021584e-01, 1.797693134862e+308, 2.5600e+02, 0.0000e+00, 
 1DIAGNOSTIC,     6, -9.474422335625e-01, 1.797693134862e+308, 2.5600e+02, 0.0000e+00, 
 1DIAGNOSTIC,     7, -9.512537717819e-01, 1.797693134862e+308, 2.5600e+02, 0.0000e+00, 
 1DIAGNOSTIC,     8, -9.547701478004e-01, 1.797693134862e+308, 2.5600e+02, 0.0000e+00, 
 1DIAGNOSTIC,     9, -9.575603008270e-01, 1.797693134862e+308, 2.5600e+02, 0.0000e+00, 
 1DIAGNOSTIC,    10, -9.598345160484e-01, 2.322323620319e-03, 2.5600e+02, 0.0000e+00, 
 1DIAGNOSTIC,    11, -9.615430831909e-01, 1.913793385029e-03, 2.5600e+02, 0.0000e+00, 
 1DIAGNOSTIC,    12, -9.630360603333e-01, 1.557268202305e-03, 3.8400e+02, 1.2800e+02, 
 1DIAGNOSTIC,    13, -9.640825986862e-01, 1.262336969376e-03, 3.8400e+02, 0.0000e+00, 
 1DIAGNOSTIC,    14, -9.641705751419e-01, 9.952560067177e-04, 3.8400e+02, 0.0000e+00, 
 1DIAGNOSTIC,    15, -9.645242691040e-01, 7.541626691818e-04, 3.8400e+02, 0.0000e+00, 
 1DIAGNOSTIC,    16, -9.637717008591e-01, 5.229189991951e-04, 3.8400e+02, 0.0000e+00, 
 1DIAGNOSTIC,    17, -9.638786315918e-01, 3.393813967705e-04, 3.8400e+02, 0.0000e+00, 
 1DIAGNOSTIC,    18, -9.645183086395e-01, 2.132505178452e-04, 3.8400e+02, 0.0000e+00, 
 1DIAGNOSTIC,    19, -9.652166962624e-01, 1.347847282887e-04, 3.8400e+02, 0.0000e+00, 
 1DIAGNOSTIC,    20, -9.641563892365e-01, 6.956979632378e-05, 5.1200e+02, 1.2800e+02, 
 1DIAGNOSTIC,    21, -9.642074108124e-01, 2.968311309814e-05, 5.1200e+02, 0.0000e+00, 
 1DIAGNOSTIC,    22, -9.647050499916e-01, 1.736730337143e-05, 5.1200e+02, 0.0000e+00, 
 1DIAGNOSTIC,    23, -9.655396342278e-01, 2.826377749443e-05, 5.1200e+02, 0.0000e+00, 
 1DIAGNOSTIC,    24, -9.658541679382e-01, 4.015862941742e-05, 5.1200e+02, 0.0000e+00, 
 1DIAGNOSTIC,    25, -9.655285477638e-01, 4.846230149269e-05, 5.1200e+02, 0.0000e+00, 
 1DIAGNOSTIC,    26, -9.649307131767e-01, 3.676861524582e-05, 5.1200e+02, 0.0000e+00, 
 1DIAGNOSTIC,    27, -9.652028679848e-01, 2.654641866684e-05, 6.4000e+02, 1.2800e+02, 
 1DIAGNOSTIC,    28, -9.651492238045e-01, 2.012774348259e-05, 6.4000e+02, 0.0000e+00, 
 1DIAGNOSTIC,    29, -9.653377532959e-01, 2.173706889153e-05, 6.4000e+02, 0.0000e+00, 
 1DIAGNOSTIC,    30, -9.646378755569e-01, 4.090368747711e-06, 6.4000e+02, 0.0000e+00, 
 1DIAGNOSTIC,    31, -9.648087620735e-01, -1.024082303047e-05, 6.4000e+02, 0.0000e+00, 
XXDIAGNOSTIC,Iteration,metricValue,convergenceValue,ITERATION_TIME_INDEX,SINCE_LAST
 1DIAGNOSTIC,     1, -9.020533561707e-01, 1.797693134862e+308, 8.9600e+02, 2.5600e+02, 
 1DIAGNOSTIC,     2, -9.044187068939e-01, 1.797693134862e+308, 1.0240e+03, 1.2800e+02, 
 1DIAGNOSTIC,     3, -9.079985618591e-01, 1.797693134862e+308, 1.1520e+03, 1.2800e+02, 
 1DIAGNOSTIC,     4, -9.109570980072e-01, 1.797693134862e+308, 1.2800e+03, 1.2800e+02, 
 1DIAGNOSTIC,     5, -9.135028123856e-01, 1.797693134862e+308, 1.4080e+03, 1.2800e+02, 
 1DIAGNOSTIC,     6, -9.154496192932e-01, 1.797693134862e+308, 1.5360e+03, 1.2800e+02, 
 1DIAGNOSTIC,     7, -9.171575307846e-01, 1.797693134862e+308, 1.6640e+03, 1.2800e+02, 
 1DIAGNOSTIC,     8, -9.186882376671e-01, 1.797693134862e+308, 1.7920e+03, 1.2800e+02, 
 1DIAGNOSTIC,     9, -9.200932979584e-01, 1.797693134862e+308, 2.0480e+03, 2.5600e+02, 
 1DIAGNOSTIC,    10, -9.213953018188e-01, 1.365035772324e-03, 2.1760e+03, 1.2800e+02, 
 1DIAGNOSTIC,    11, -9.226461648941e-01, 1.106694340706e-03, 2.3040e+03, 1.2800e+02, 
 1DIAGNOSTIC,    12, -9.237753152847e-01, 8.815899491310e-04, 2.4320e+03, 1.2800e+02, 
 1DIAGNOSTIC,    13, -9.245326519012e-01, 7.143095135689e-04, 2.5600e+03, 1.2800e+02, 
 1DIAGNOSTIC,    14, -9.254568815231e-01, 5.915686488152e-04, 2.6880e+03, 1.2800e+02, 
 1DIAGNOSTIC,    15, -9.260169267654e-01, 4.948899149895e-04, 2.8160e+03, 1.2800e+02, 
 1DIAGNOSTIC,    16, -9.267466664314e-01, 4.164576530457e-04, 2.9440e+03, 1.2800e+02, 
 1DIAGNOSTIC,    17, -9.273675680161e-01, 3.510229289532e-04, 3.2000e+03, 2.5600e+02, 
 1DIAGNOSTIC,    18, -9.276712536812e-01, 2.917982637882e-04, 3.3280e+03, 1.2800e+02, 
 1DIAGNOSTIC,    19, -9.278084039688e-01, 2.368688583374e-04, 3.4560e+03, 1.2800e+02, 
 1DIAGNOSTIC,    20, -9.281127452850e-01, 1.902282238007e-04, 3.5840e+03, 1.2800e+02, 
 1DIAGNOSTIC,    21, -9.282422065735e-01, 1.504048705101e-04, 3.7120e+03, 1.2800e+02, 
 1DIAGNOSTIC,    22, -9.285359978676e-01, 1.201182603836e-04, 3.8400e+03, 1.2800e+02, 
 1DIAGNOSTIC,    23, -9.286543726921e-01, 9.289756417274e-05, 3.9680e+03, 1.2800e+02, 
 1DIAGNOSTIC,    24, -9.287650585175e-01, 7.272139191628e-05, 4.0960e+03, 1.2800e+02, 
 1DIAGNOSTIC,    25, -9.290596246719e-01, 5.786120891571e-05, 4.3520e+03, 2.5600e+02, 
 1DIAGNOSTIC,    26, -9.291641116142e-01, 4.846602678299e-05, 4.4800e+03, 1.2800e+02, 
 1DIAGNOSTIC,    27, -9.294220209122e-01, 4.529953002930e-05, 4.6080e+03, 1.2800e+02, 
 1DIAGNOSTIC,    28, -9.295026063919e-01, 4.239380359650e-05, 4.7360e+03, 1.2800e+02, 
 1DIAGNOSTIC,    29, -9.295898675919e-01, 3.814697265625e-05, 4.8640e+03, 1.2800e+02, 
 1DIAGNOSTIC,    30, -9.296820163727e-01, 3.474205732346e-05, 4.9920e+03, 1.2800e+02, 
 1DIAGNOSTIC,    31, -9.297784566879e-01, 3.052130341530e-05, 5.1200e+03, 1.2800e+02, 
 1DIAGNOSTIC,    32, -9.298874139786e-01, 2.762675285339e-05, 5.3760e+03, 2.5600e+02, 
 1DIAGNOSTIC,    33, -9.299855232239e-01, 2.438947558403e-05, 5.5040e+03, 1.2800e+02, 
 1DIAGNOSTIC,    34, -9.300826191902e-01, 2.095103263855e-05, 5.6320e+03, 1.2800e+02, 
 1DIAGNOSTIC,    35, -9.301741719246e-01, 1.920759677887e-05, 5.7600e+03, 1.2800e+02, 
 1DIAGNOSTIC,    36, -9.302635192871e-01, 1.741014420986e-05, 5.8880e+03, 1.2800e+02, 
 1DIAGNOSTIC,    37, -9.303467273712e-01, 1.695938408375e-05, 6.0160e+03, 1.2800e+02, 
 1DIAGNOSTIC,    38, -9.304336309433e-01, 1.633353531361e-05, 6.1440e+03, 1.2800e+02, 
 1DIAGNOSTIC,    39, -9.305083751678e-01, 1.553073525429e-05, 6.4000e+03, 2.5600e+02, 
 1DIAGNOSTIC,    40, -9.305795431137e-01, 1.460500061512e-05, 6.5280e+03, 1.2800e+02, 
 1DIAGNOSTIC,    41, -9.306510686874e-01, 1.365132629871e-05, 6.6560e+03, 1.2800e+02, 
 1DIAGNOSTIC,    42, -9.307228922844e-01, 1.280754804611e-05, 6.7840e+03, 1.2800e+02, 
 1DIAGNOSTIC,    43, -9.307910799980e-01, 1.204200088978e-05, 6.9120e+03, 1.2800e+02, 
 1DIAGNOSTIC,    44, -9.308565855026e-01, 1.134350895882e-05, 7.0400e+03, 1.2800e+02, 
 1DIAGNOSTIC,    45, -9.309119582176e-01, 1.065433025360e-05, 7.1680e+03, 1.2800e+02, 
 1DIAGNOSTIC,    46, -9.309560656548e-01, 9.926036000252e-06, 7.2960e+03, 1.2800e+02, 
 1DIAGNOSTIC,    47, -9.310091733932e-01, 9.221956133842e-06, 7.5520e+03, 2.5600e+02, 
 1DIAGNOSTIC,    48, -9.310569167137e-01, 8.581206202507e-06, 7.6800e+03, 1.2800e+02, 
 1DIAGNOSTIC,    49, -9.311067461967e-01, 7.977709174156e-06, 7.8080e+03, 1.2800e+02, 
 1DIAGNOSTIC,    50, -9.311478734016e-01, 7.374212145805e-06, 7.9360e+03, 1.2800e+02, 
 1DIAGNOSTIC,    51, -9.311872720718e-01, 6.811693310738e-06, 8.0640e+03, 1.2800e+02, 
 1DIAGNOSTIC,    52, -9.312262535095e-01, 6.332993507385e-06, 8.1920e+03, 1.2800e+02, 
 1DIAGNOSTIC,    53, -9.312620162964e-01, 5.906447768211e-06, 8.3200e+03, 1.2800e+02, 
 1DIAGNOSTIC,    54, -9.312928915024e-01, 5.522742867470e-06, 8.5760e+03, 2.5600e+02, 
 1DIAGNOSTIC,    55, -9.313262701035e-01, 5.180016160011e-06, 8.7040e+03, 1.2800e+02, 
 1DIAGNOSTIC,    56, -9.313524365425e-01, 4.785135388374e-06, 8.8320e+03, 1.2800e+02, 
 1DIAGNOSTIC,    57, -9.313760399818e-01, 4.405155777931e-06, 8.9600e+03, 1.2800e+02, 
 1DIAGNOSTIC,    58, -9.314015507698e-01, 4.053115844727e-06, 9.0880e+03, 1.2800e+02, 
 1DIAGNOSTIC,    59, -9.314278364182e-01, 3.766268491745e-06, 9.2160e+03, 1.2800e+02, 
 1DIAGNOSTIC,    60, -9.314532279968e-01, 3.512948751450e-06, 9.3440e+03, 1.2800e+02, 
 1DIAGNOSTIC,    61, -9.314724206924e-01, 3.272667527199e-06, 9.4720e+03, 1.2800e+02, 
 1DIAGNOSTIC,    62, -9.314891099930e-01, 3.051012754440e-06, 9.7280e+03, 2.5600e+02, 
 1DIAGNOSTIC,    63, -9.315079450607e-01, 2.855435013771e-06, 9.8560e+03, 1.2800e+02, 
 1DIAGNOSTIC,    64, -9.315236806870e-01, 2.654269337654e-06, 9.9840e+03, 1.2800e+02, 
 1DIAGNOSTIC,    65, -9.315402507782e-01, 2.488493919373e-06, 1.0112e+04, 1.2800e+02, 
 1DIAGNOSTIC,    66, -9.315516352654e-01, 2.304092049599e-06, 1.0240e+04, 1.2800e+02, 
 1DIAGNOSTIC,    67, -9.315655827522e-01, 2.125278115273e-06, 1.0368e+04, 1.2800e+02, 
 1DIAGNOSTIC,    68, -9.315736293793e-01, 1.939013600349e-06, 1.0496e+04, 1.2800e+02, 
 1DIAGNOSTIC,    69, -9.315813779831e-01, 1.766718924046e-06, 1.0752e+04, 2.5600e+02, 
 1DIAGNOSTIC,    70, -9.315871000290e-01, 1.605600118637e-06, 1.0880e+04, 1.2800e+02, 
XXDIAGNOSTIC,Iteration,metricValue,convergenceValue,ITERATION_TIME_INDEX,SINCE_LAST
 1DIAGNOSTIC,     1, -8.766535520554e-01, 1.797693134862e+308, 1.2032e+04, 1.1520e+03, 
 1DIAGNOSTIC,     2, -8.792764544487e-01, 1.797693134862e+308, 1.3056e+04, 1.0240e+03, 
 1DIAGNOSTIC,     3, -8.824571967125e-01, 1.797693134862e+308, 1.4080e+04, 1.0240e+03, 
 1DIAGNOSTIC,     4, -8.853626251221e-01, 1.797693134862e+308, 1.5232e+04, 1.1520e+03, 
 1DIAGNOSTIC,     5, -8.881530165672e-01, 1.797693134862e+308, 1.6256e+04, 1.0240e+03, 
 1DIAGNOSTIC,     6, -8.904521465302e-01, 1.797693134862e+308, 1.7408e+04, 1.1520e+03, 
 1DIAGNOSTIC,     7, -8.925685882568e-01, 1.797693134862e+308, 1.8432e+04, 1.0240e+03, 
 1DIAGNOSTIC,     8, -8.943085670471e-01, 1.797693134862e+308, 1.9584e+04, 1.1520e+03, 
 1DIAGNOSTIC,     9, -8.958760499954e-01, 1.797693134862e+308, 2.0608e+04, 1.0240e+03, 
 1DIAGNOSTIC,    10, -8.971641063690e-01, 1.509517431259e-03, 2.1632e+04, 1.0240e+03, 
 1DIAGNOSTIC,    11, -8.982303142548e-01, 1.235187053680e-03, 2.2656e+04, 1.0240e+03, 
 1DIAGNOSTIC,    12, -8.991197347641e-01, 9.886473417282e-04, 2.3680e+04, 1.0240e+03, 
 1DIAGNOSTIC,    13, -8.998792767525e-01, 7.869452238083e-04, 2.4704e+04, 1.0240e+03, 
 1DIAGNOSTIC,    14, -9.005340337753e-01, 6.230697035789e-04, 2.5600e+04, 8.9600e+02, 
 1DIAGNOSTIC,    15, -9.011089801788e-01, 4.952549934387e-04, 2.6624e+04, 1.0240e+03, 
 1DIAGNOSTIC,    16, -9.016101956367e-01, 3.933534026146e-04, 2.7648e+04, 1.0240e+03, 
 1DIAGNOSTIC,    17, -9.019172787666e-01, 3.123730421066e-04, 2.8672e+04, 1.0240e+03, 
 1DIAGNOSTIC,    18, -9.022036790848e-01, 2.471655607224e-04, 2.9696e+04, 1.0240e+03, 
 1DIAGNOSTIC,    19, -9.024667739868e-01, 1.964271068573e-04, 3.0592e+04, 8.9600e+02, 
 1DIAGNOSTIC,    20, -9.027165174484e-01, 1.568086445332e-04, 3.1616e+04, 1.0240e+03, 
 1DIAGNOSTIC,    21, -9.029591679573e-01, 1.260749995708e-04, 3.2640e+04, 1.0240e+03, 
 1DIAGNOSTIC,    22, -9.031924009323e-01, 1.025684177876e-04, 3.3664e+04, 1.0240e+03, 
 1DIAGNOSTIC,    23, -9.034130573273e-01, 8.503347635269e-05, 3.4688e+04, 1.0240e+03, 
 1DIAGNOSTIC,    24, -9.036304354668e-01, 7.251650094986e-05, 3.5584e+04, 8.9600e+02, 
 1DIAGNOSTIC,    25, -9.038488864899e-01, 6.422400474548e-05, 3.6608e+04, 1.0240e+03, 
 1DIAGNOSTIC,    26, -9.040561914444e-01, 5.922466516495e-05, 3.7632e+04, 1.0240e+03, 
 1DIAGNOSTIC,    27, -9.042694568634e-01, 5.516037344933e-05, 3.8656e+04, 1.0240e+03, 
 1DIAGNOSTIC,    28, -9.044826626778e-01, 5.188584327698e-05, 3.9680e+04, 1.0240e+03, 
 1DIAGNOSTIC,    29, -9.046965241432e-01, 4.918873310089e-05, 4.0704e+04, 1.0240e+03, 
 1DIAGNOSTIC,    30, -9.049083590508e-01, 4.693865776062e-05, 4.1600e+04, 8.9600e+02, 
 1DIAGNOSTIC,    31, -9.051264524460e-01, 4.513934254646e-05, 4.2624e+04, 1.0240e+03, 
 1DIAGNOSTIC,    32, -9.053385853767e-01, 4.362687468529e-05, 4.3648e+04, 1.0240e+03, 
 1DIAGNOSTIC,    33, -9.055502414703e-01, 4.225224256516e-05, 4.4672e+04, 1.0240e+03, 
 1DIAGNOSTIC,    34, -9.057624340057e-01, 4.098191857338e-05, 4.5696e+04, 1.0240e+03, 
 1DIAGNOSTIC,    35, -9.059733152390e-01, 3.981962800026e-05, 4.6592e+04, 8.9600e+02, 
 1DIAGNOSTIC,    36, -9.061890840530e-01, 3.869459033012e-05, 4.7616e+04, 1.0240e+03, 
 1DIAGNOSTIC,    37, -9.063915014267e-01, 3.753043711185e-05, 4.8640e+04, 1.0240e+03, 
 1DIAGNOSTIC,    38, -9.065988659859e-01, 3.639422357082e-05, 4.9664e+04, 1.0240e+03, 
 1DIAGNOSTIC,    39, -9.068022370338e-01, 3.527104854584e-05, 5.0688e+04, 1.0240e+03, 
 1DIAGNOSTIC,    40, -9.070037603378e-01, 3.413856029510e-05, 5.1712e+04, 1.0240e+03, 
 1DIAGNOSTIC,    41, -9.071977138519e-01, 3.300793468952e-05, 5.2608e+04, 8.9600e+02, 
 1DIAGNOSTIC,    42, -9.073868393898e-01, 3.184564411640e-05, 5.3632e+04, 1.0240e+03, 
 1DIAGNOSTIC,    43, -9.075725078583e-01, 3.063865005970e-05, 5.4656e+04, 1.0240e+03, 
 1DIAGNOSTIC,    44, -9.077562093735e-01, 2.944096922874e-05, 5.5680e+04, 1.0240e+03, 
 1DIAGNOSTIC,    45, -9.079333543777e-01, 2.823583781719e-05, 5.6704e+04, 1.0240e+03, 
 1DIAGNOSTIC,    46, -9.081075787544e-01, 2.709403634071e-05, 5.7600e+04, 8.9600e+02, 
 1DIAGNOSTIC,    47, -9.082809090614e-01, 2.595968544483e-05, 5.8624e+04, 1.0240e+03, 
 1DIAGNOSTIC,    48, -9.084460139275e-01, 2.487190067768e-05, 5.9648e+04, 1.0240e+03, 
 1DIAGNOSTIC,    49, -9.086108207703e-01, 2.385117113590e-05, 6.0672e+04, 1.0240e+03, 
 1DIAGNOSTIC,    50, -9.087697267532e-01, 2.289004623890e-05, 6.1696e+04, 1.0240e+03, 
XXDIAGNOSTIC,Iteration,metricValue,convergenceValue,ITERATION_TIME_INDEX,SINCE_LAST
 1DIAGNOSTIC,     1, -8.760279417038e-01, 1.797693134862e+308, 7.0016e+04, 8.3200e+03, 
 1DIAGNOSTIC,     2, -8.771377801895e-01, 1.797693134862e+308, 7.8208e+04, 8.1920e+03, 
 1DIAGNOSTIC,     3, -8.785989880562e-01, 1.797693134862e+308, 8.6272e+04, 8.0640e+03, 
 1DIAGNOSTIC,     4, -8.800305128098e-01, 1.797693134862e+308, 9.4336e+04, 8.0640e+03, 
 1DIAGNOSTIC,     5, -8.814871907234e-01, 1.797693134862e+308, 1.0253e+05, 8.1920e+03, 
 1DIAGNOSTIC,     6, -8.828626871109e-01, 1.797693134862e+308, 1.1059e+05, 8.0640e+03, 
 1DIAGNOSTIC,     7, -8.841895461082e-01, 1.797693134862e+308, 1.1878e+05, 8.1920e+03, 
 1DIAGNOSTIC,     8, -8.855186700821e-01, 1.797693134862e+308, 1.2685e+05, 8.0640e+03, 
 1DIAGNOSTIC,     9, -8.868389129639e-01, 1.797693134862e+308, 1.3504e+05, 8.1920e+03, 
 1DIAGNOSTIC,    10, -8.880034685135e-01, 8.885338902473e-04, 1.4310e+05, 8.0640e+03, 
 1DIAGNOSTIC,    11, -8.890538215637e-01, 7.936060428619e-04, 1.5130e+05, 8.1920e+03, 
 1DIAGNOSTIC,    12, -8.900310993195e-01, 6.988868117332e-04, 1.5949e+05, 8.1920e+03, 
 1DIAGNOSTIC,    13, -8.909368515015e-01, 6.137639284134e-04, 1.6755e+05, 8.0640e+03, 
 1DIAGNOSTIC,    14, -8.917999863625e-01, 5.373060703278e-04, 1.7574e+05, 8.1920e+03, 
