---------------------
Experiment information

SIF_IMG: /mnt/lustre/mathdugre/containers/ants-flint-vprec.simg
SIF_IMG_BASE: /mnt/lustre/mathdugre/containers/ants-flint-base.simg
EXPERIMENT_NAME: flint-vprec-single-five-levels
STAGE: affine
SUBJECT_ID: s003
REPETITION_ID: 1

FIXED_IMG: /templateflow/tpl-MNI152NLin2009cAsym/tpl-MNI152NLin2009cAsym_res-01_desc-brain_T1w.nii.gz
INPUT_IMG: /mnt/lustre/mathdugre/fast-interpolate/datasets/ds004513/derivatives/flint/ants/flint-vprec-single-five-levels/sub-s003/ses-open/anat/1/1_Rigid.nii.gz

DATA_DIR: /mnt/lustre/mathdugre/fast-interpolate/datasets/ds004513
OUTPUT_DIR: /mnt/lustre/mathdugre/fast-interpolate/datasets/ds004513/derivatives/flint/ants/flint-vprec-single-five-levels/sub-s003/ses-open/anat
OUTPUT_PREFIX: 11
THREAD: 1
FLOAT: 0
VFC_BACKENDS: libinterflop_vprec.so --precision-binary32=23 --range-binary32=8 --precision-binary64=23 --range-binary64=8
---------------------

--output [/mnt/lustre/mathdugre/fast-interpolate/datasets/ds004513/derivatives/flint/ants/flint-vprec-single-five-levels/sub-s003/ses-open/anat/11/1_,/mnt/lustre/mathdugre/fast-interpolate/datasets/ds004513/derivatives/flint/ants/flint-vprec-single-five-levels/sub-s003/ses-open/anat/11/1_Affine.nii.gz,/mnt/lustre/mathdugre/fast-interpolate/datasets/ds004513/derivatives/flint/ants/flint-vprec-single-five-levels/sub-s003/ses-open/anat/11/1_InverseAffine.nii.gz] --initial-moving-transform [/templateflow/tpl-MNI152NLin2009cAsym/tpl-MNI152NLin2009cAsym_res-01_desc-brain_T1w.nii.gz,/mnt/lustre/mathdugre/fast-interpolate/datasets/ds004513/derivatives/flint/ants/flint-vprec-single-five-levels/sub-s003/ses-open/anat/1/1_Rigid.nii.gz,1] --transform Affine[0.1] --metric MI[/templateflow/tpl-MNI152NLin2009cAsym/tpl-MNI152NLin2009cAsym_res-01_desc-brain_T1w.nii.gz,/mnt/lustre/mathdugre/fast-interpolate/datasets/ds004513/derivatives/flint/ants/flint-vprec-single-five-levels/sub-s003/ses-open/anat/1/1_Rigid.nii.gz,1,32,Regular,0.25] --convergence [1000x1000x500x250x100,1e-6,10] --shrink-factors 16x8x4x2x1 --smoothing-sigmas 4x3x2x1x0vox
All_Command_lines_OK
Using double precision for computations.
=============================================================================
The composite transform comprises the following transforms (in order): 
  1. Center of mass alignment using fixed image: /templateflow/tpl-MNI152NLin2009cAsym/tpl-MNI152NLin2009cAsym_res-01_desc-brain_T1w.nii.gz and moving image: /mnt/lustre/mathdugre/fast-interpolate/datasets/ds004513/derivatives/flint/ants/flint-vprec-single-five-levels/sub-s003/ses-open/anat/1/1_Rigid.nii.gz (type = Euler3DTransform)
=============================================================================
  number of levels = 5
  fixed image: /templateflow/tpl-MNI152NLin2009cAsym/tpl-MNI152NLin2009cAsym_res-01_desc-brain_T1w.nii.gz
  moving image: /mnt/lustre/mathdugre/fast-interpolate/datasets/ds004513/derivatives/flint/ants/flint-vprec-single-five-levels/sub-s003/ses-open/anat/1/1_Rigid.nii.gz
Dimension = 3
Number of stages = 1
Use histogram matching = false
Winsorize image intensities = true
  Lower quantile = 0.005
  Upper quantile = 0.995


Stage 1 State
   Image metric = MattesMI
     Fixed image = Image (0x3c4f300)
  RTTI typeinfo:   itk::Image<double, 3u>
  Reference Count: 2
  Modified Time: 1622
  Debug: Off
  Object Name: 
  Observers: 
    none
  Source: (none)
  Source output name: (none)
  Release Data: Off
  Data Released: False
  Global Release Data: Off
  PipelineMTime: 0
  UpdateMTime: 1407
  RealTimeStamp: 0 seconds 
  LargestPossibleRegion: 
    Dimension: 3
    Index: [0, 0, 0]
    Size: [193, 229, 193]
  BufferedRegion: 
    Dimension: 3
    Index: [0, 0, 0]
    Size: [193, 229, 193]
  RequestedRegion: 
    Dimension: 3
    Index: [0, 0, 0]
    Size: [193, 229, 193]
  Spacing: [1, 1, 1]
  Origin: [96, 132, -78]
  Direction: 
-1 0 0
0 -1 0
0 0 1

  IndexToPointMatrix: 
-1 0 0
0 -1 0
0 0 1

  PointToIndexMatrix: 
-1 0 0
0 -1 0
0 0 1

  Inverse Direction: 
-1 0 0
0 -1 0
0 0 1

  PixelContainer: 
    ImportImageContainer (0x3cc7a50)
      RTTI typeinfo:   itk::ImportImageContainer<unsigned long, double>
      Reference Count: 1
      Modified Time: 1404
      Debug: Off
      Object Name: 
      Observers: 
        none
      Pointer: 0x7f12f91df010
      Container manages memory: true
      Size: 8530021
      Capacity: 8530021

     Moving image = Image (0x3c4fb00)
  RTTI typeinfo:   itk::Image<double, 3u>
  Reference Count: 2
  Modified Time: 1623
  Debug: Off
  Object Name: 
  Observers: 
    none
  Source: (none)
  Source output name: (none)
  Release Data: Off
  Data Released: False
  Global Release Data: Off
  PipelineMTime: 0
  UpdateMTime: 1620
  RealTimeStamp: 0 seconds 
  LargestPossibleRegion: 
    Dimension: 3
    Index: [0, 0, 0]
    Size: [193, 229, 193]
  BufferedRegion: 
    Dimension: 3
    Index: [0, 0, 0]
    Size: [193, 229, 193]
  RequestedRegion: 
    Dimension: 3
    Index: [0, 0, 0]
    Size: [193, 229, 193]
  Spacing: [1, 1, 1]
  Origin: [96, 132, -78]
  Direction: 
-1 0 0
0 -1 0
0 0 1

  IndexToPointMatrix: 
-1 0 0
0 -1 0
0 0 1

  PointToIndexMatrix: 
-1 0 0
0 -1 0
0 0 1

  Inverse Direction: 
-1 0 0
0 -1 0
0 0 1

  PixelContainer: 
    ImportImageContainer (0x3c58810)
      RTTI typeinfo:   itk::ImportImageContainer<unsigned long, double>
      Reference Count: 1
      Modified Time: 1617
      Debug: Off
      Object Name: 
      Observers: 
        none
      Pointer: 0x7f12f50ca010
      Container manages memory: true
      Size: 8530021
      Capacity: 8530021

     Weighting = 1
     Sampling strategy = regular
     Number of bins = 32
     Radius = 4
     Sampling percentage  = 0.25
   Transform = Affine
     Gradient step = 0.1
     Update field sigma (voxel space) = 0
     Total field sigma (voxel space) = 0
     Update field time sigma = 0
     Total field time sigma  = 0
     Number of time indices = 0
     Number of time point samples = 0
Registration using 1 total stages.

Stage 0
  iterations = 1000x1000x500x250x100
  convergence threshold = 1e-06
  convergence window size = 10
  number of levels = 5
  using the Mattes MI metric (number of bins = 32, weight = 1, use gradient filter = 0)
  preprocessing:  winsorizing the image intensities
  Shrink factors (level 1 out of 5): [16, 16, 16]
  Shrink factors (level 2 out of 5): [8, 8, 8]
  Shrink factors (level 3 out of 5): [4, 4, 4]
  Shrink factors (level 4 out of 5): [2, 2, 2]
  Shrink factors (level 5 out of 5): [1, 1, 1]
  smoothing sigmas per level: [4, 3, 2, 1, 0]
  regular sampling (percentage = 0.25)

*** Running AffineTransform registration ***

DIAGNOSTIC,Iteration,metricValue,convergenceValue,ITERATION_TIME_INDEX,SINCE_LAST
 2DIAGNOSTIC,     1, -8.413558006287e-01, 1.797693134862e+308, 0.0000e+00, 0.0000e+00, 
 2DIAGNOSTIC,     2, -8.423589468002e-01, 1.797693134862e+308, 0.0000e+00, 0.0000e+00, 
 2DIAGNOSTIC,     3, -8.437136411667e-01, 1.797693134862e+308, 0.0000e+00, 0.0000e+00, 
 2DIAGNOSTIC,     4, -8.459067940712e-01, 1.797693134862e+308, 0.0000e+00, 0.0000e+00, 
 2DIAGNOSTIC,     5, -8.488034009933e-01, 1.797693134862e+308, 0.0000e+00, 0.0000e+00, 
 2DIAGNOSTIC,     6, -8.522433638573e-01, 1.797693134862e+308, 0.0000e+00, 0.0000e+00, 
 2DIAGNOSTIC,     7, -8.589489459991e-01, 1.797693134862e+308, 0.0000e+00, 0.0000e+00, 
 2DIAGNOSTIC,     8, -8.641343712807e-01, 1.797693134862e+308, 0.0000e+00, 0.0000e+00, 
 2DIAGNOSTIC,     9, -8.620737195015e-01, 1.797693134862e+308, 0.0000e+00, 0.0000e+00, 
 2DIAGNOSTIC,    10, -8.766772747040e-01, 2.451635897160e-03, 0.0000e+00, 0.0000e+00, 
 2DIAGNOSTIC,    11, -8.925447463989e-01, 2.974897623062e-03, 0.0000e+00, 0.0000e+00, 
 2DIAGNOSTIC,    12, -8.983017206192e-01, 3.314740955830e-03, 0.0000e+00, 0.0000e+00, 
 2DIAGNOSTIC,    13, -8.986710309982e-01, 3.350466489792e-03, 0.0000e+00, 0.0000e+00, 
 2DIAGNOSTIC,    14, -9.003393054008e-01, 3.175862133503e-03, 0.0000e+00, 0.0000e+00, 
 2DIAGNOSTIC,    15, -9.022428393364e-01, 2.836778759956e-03, 0.0000e+00, 0.0000e+00, 
 2DIAGNOSTIC,    16, -9.036933183670e-01, 2.370908856392e-03, 0.0000e+00, 0.0000e+00, 
 2DIAGNOSTIC,    17, -9.047865867615e-01, 1.891851425171e-03, 0.0000e+00, 0.0000e+00, 
 2DIAGNOSTIC,    18, -9.047840833664e-01, 1.395799219608e-03, 0.0000e+00, 0.0000e+00, 
 2DIAGNOSTIC,    19, -9.055829048157e-01, 8.008852601051e-04, 0.0000e+00, 0.0000e+00, 
 2DIAGNOSTIC,    20, -9.085365533829e-01, 4.704743623734e-04, 0.0000e+00, 0.0000e+00, 
 2DIAGNOSTIC,    21, -9.118073582649e-01, 4.197396337986e-04, 0.0000e+00, 0.0000e+00, 
 2DIAGNOSTIC,    22, -9.170616865158e-01, 4.957318305969e-04, 0.0000e+00, 0.0000e+00, 
 2DIAGNOSTIC,    23, -9.177200198174e-01, 5.320571362972e-04, 0.0000e+00, 0.0000e+00, 
 2DIAGNOSTIC,    24, -9.180265665054e-01, 5.427636206150e-04, 0.0000e+00, 0.0000e+00, 
 2DIAGNOSTIC,    25, -9.183368086815e-01, 5.301162600517e-04, 0.0000e+00, 0.0000e+00, 
 2DIAGNOSTIC,    26, -9.187319278717e-01, 4.903301596642e-04, 0.0000e+00, 0.0000e+00, 
 2DIAGNOSTIC,    27, -9.190335869789e-01, 4.235543310642e-04, 0.0000e+00, 0.0000e+00, 
 2DIAGNOSTIC,    28, -9.198958277702e-01, 3.321282565594e-04, 0.0000e+00, 0.0000e+00, 
 2DIAGNOSTIC,    29, -9.208056330681e-01, 2.349838614464e-04, 0.0000e+00, 0.0000e+00, 
 2DIAGNOSTIC,    30, -9.217671751976e-01, 1.636520028114e-04, 0.0000e+00, 0.0000e+00, 
 2DIAGNOSTIC,    31, -9.222051501274e-01, 1.182742416859e-04, 0.0000e+00, 0.0000e+00, 
 2DIAGNOSTIC,    32, -9.225779771805e-01, 1.206211745739e-04, 0.0000e+00, 0.0000e+00, 
 2DIAGNOSTIC,    33, -9.227689504623e-01, 1.195855438709e-04, 0.0000e+00, 0.0000e+00, 
 2DIAGNOSTIC,    34, -9.230647683144e-01, 1.128613948822e-04, 0.0000e+00, 0.0000e+00, 
 2DIAGNOSTIC,    35, -9.231424927711e-01, 9.928084909916e-05, 0.0000e+00, 0.0000e+00, 
 2DIAGNOSTIC,    36, -9.233294725418e-01, 8.233822882175e-05, 0.0000e+00, 0.0000e+00, 
 2DIAGNOSTIC,    37, -9.236441254616e-01, 6.381794810295e-05, 0.0000e+00, 0.0000e+00, 
 2DIAGNOSTIC,    38, -9.237479567528e-01, 4.819780588150e-05, 0.0000e+00, 0.0000e+00, 
 2DIAGNOSTIC,    39, -9.239337444305e-01, 3.763474524021e-05, 0.0000e+00, 0.0000e+00, 
 2DIAGNOSTIC,    40, -9.240549802780e-01, 3.260001540184e-05, 0.0000e+00, 0.0000e+00, 
 2DIAGNOSTIC,    41, -9.242075681686e-01, 2.928078174591e-05, 0.0000e+00, 0.0000e+00, 
 2DIAGNOSTIC,    42, -9.243436455727e-01, 2.717785537243e-05, 0.0000e+00, 0.0000e+00, 
 2DIAGNOSTIC,    43, -9.244194626808e-01, 2.454780042171e-05, 0.0000e+00, 0.0000e+00, 
 2DIAGNOSTIC,    44, -9.245043992996e-01, 2.251937985420e-05, 0.0000e+00, 0.0000e+00, 
 2DIAGNOSTIC,    45, -9.245954751968e-01, 1.966767013073e-05, 0.0000e+00, 0.0000e+00, 
 2DIAGNOSTIC,    46, -9.246372580528e-01, 1.663714647293e-05, 0.0000e+00, 0.0000e+00, 
 2DIAGNOSTIC,    47, -9.246948957443e-01, 1.470185816288e-05, 0.0000e+00, 0.0000e+00, 
 2DIAGNOSTIC,    48, -9.247445464134e-01, 1.249834895134e-05, 0.0000e+00, 0.0000e+00, 
 2DIAGNOSTIC,    49, -9.247671365738e-01, 1.057237386703e-05, 0.0000e+00, 0.0000e+00, 
 2DIAGNOSTIC,    50, -9.247727394104e-01, 8.566305041313e-06, 0.0000e+00, 0.0000e+00, 
 2DIAGNOSTIC,    51, -9.247968792915e-01, 6.955116987228e-06, 0.0000e+00, 0.0000e+00, 
 2DIAGNOSTIC,    52, -9.248089194298e-01, 5.684792995453e-06, 0.0000e+00, 0.0000e+00, 
 2DIAGNOSTIC,    53, -9.248139858246e-01, 4.453584551811e-06, 0.0000e+00, 0.0000e+00, 
 2DIAGNOSTIC,    54, -9.248208999634e-01, 3.421679139137e-06, 0.0000e+00, 0.0000e+00, 
 2DIAGNOSTIC,    55, -9.248331189156e-01, 2.749264240265e-06, 0.0000e+00, 0.0000e+00, 
 2DIAGNOSTIC,    56, -9.248650074005e-01, 2.294778823853e-06, 0.0000e+00, 0.0000e+00, 
 2DIAGNOSTIC,    57, -9.248685240746e-01, 2.019107341766e-06, 0.0000e+00, 0.0000e+00, 
 2DIAGNOSTIC,    58, -9.248694777489e-01, 1.888722181320e-06, 0.0000e+00, 0.0000e+00, 
 2DIAGNOSTIC,    59, -9.248711466789e-01, 1.765787601471e-06, 0.0000e+00, 0.0000e+00, 
 2DIAGNOSTIC,    60, -9.248749613762e-01, 1.577660441399e-06, 0.0000e+00, 0.0000e+00, 
 2DIAGNOSTIC,    61, -9.248802661896e-01, 1.443549990654e-06, 0.0000e+00, 0.0000e+00, 
 2DIAGNOSTIC,    62, -9.248847365379e-01, 1.305714249611e-06, 0.0000e+00, 0.0000e+00, 
 2DIAGNOSTIC,    63, -9.249264597893e-01, 1.331791281700e-06, 0.0000e+00, 0.0000e+00, 
 2DIAGNOSTIC,    64, -9.249332547188e-01, 1.342967152596e-06, 0.0000e+00, 0.0000e+00, 
 2DIAGNOSTIC,    65, -9.249590039253e-01, 1.445412635803e-06, 0.0000e+00, 0.0000e+00, 
 2DIAGNOSTIC,    66, -9.250162243843e-01, 1.884996891022e-06, 0.0000e+00, 0.0000e+00, 
DIAGNOSTIC,Iteration,metricValue,convergenceValue,ITERATION_TIME_INDEX,SINCE_LAST
 2DIAGNOSTIC,     1, -6.670330762863e-01, 1.797693134862e+308, 1.2800e+02, 1.2800e+02, 
 2DIAGNOSTIC,     2, -6.685069203377e-01, 1.797693134862e+308, 1.2800e+02, 0.0000e+00, 
 2DIAGNOSTIC,     3, -6.709150671959e-01, 1.797693134862e+308, 1.2800e+02, 0.0000e+00, 
 2DIAGNOSTIC,     4, -6.747636198997e-01, 1.797693134862e+308, 1.2800e+02, 0.0000e+00, 
 2DIAGNOSTIC,     5, -6.796948313713e-01, 1.797693134862e+308, 1.2800e+02, 0.0000e+00, 
 2DIAGNOSTIC,     6, -6.850621104240e-01, 1.797693134862e+308, 1.2800e+02, 0.0000e+00, 
 2DIAGNOSTIC,     7, -6.889733076096e-01, 1.797693134862e+308, 1.2800e+02, 0.0000e+00, 
 2DIAGNOSTIC,     8, -6.944023966789e-01, 1.797693134862e+308, 1.2800e+02, 0.0000e+00, 
 2DIAGNOSTIC,     9, -6.954835653305e-01, 1.797693134862e+308, 1.2800e+02, 0.0000e+00, 
 2DIAGNOSTIC,    10, -6.973850131035e-01, 3.249734640121e-03, 1.2800e+02, 0.0000e+00, 
 2DIAGNOSTIC,    11, -6.989243626595e-01, 2.859763801098e-03, 1.2800e+02, 0.0000e+00, 
 2DIAGNOSTIC,    12, -6.999881863594e-01, 2.366036176682e-03, 1.2800e+02, 0.0000e+00, 
 2DIAGNOSTIC,    13, -7.001161575317e-01, 1.815780997276e-03, 1.2800e+02, 0.0000e+00, 
 2DIAGNOSTIC,    14, -7.003908753395e-01, 1.302190124989e-03, 1.2800e+02, 0.0000e+00, 
 2DIAGNOSTIC,    15, -7.006251215935e-01, 8.806437253952e-04, 1.2800e+02, 0.0000e+00, 
 2DIAGNOSTIC,    16, -7.012097835541e-01, 5.838945508003e-04, 1.2800e+02, 0.0000e+00, 
 2DIAGNOSTIC,    17, -7.014180421829e-01, 3.654658794403e-04, 1.2800e+02, 0.0000e+00, 
 2DIAGNOSTIC,    18, -7.015633583069e-01, 2.659708261490e-04, 1.2800e+02, 0.0000e+00, 
 2DIAGNOSTIC,    19, -7.021828889847e-01, 1.890957355499e-04, 1.2800e+02, 0.0000e+00, 
 2DIAGNOSTIC,    20, -7.024413943291e-01, 1.459941267967e-04, 1.2800e+02, 0.0000e+00, 
 2DIAGNOSTIC,    21, -7.029995322227e-01, 1.339875161648e-04, 1.2800e+02, 0.0000e+00, 
 2DIAGNOSTIC,    22, -7.034856677055e-01, 1.395270228386e-04, 1.2800e+02, 0.0000e+00, 
 2DIAGNOSTIC,    23, -7.040840387344e-01, 1.445412635803e-04, 1.2800e+02, 0.0000e+00, 
 2DIAGNOSTIC,    24, -7.047069668770e-01, 1.508668065071e-04, 1.2800e+02, 0.0000e+00, 
 2DIAGNOSTIC,    25, -7.049210667610e-01, 1.496039330959e-04, 1.2800e+02, 0.0000e+00, 
 2DIAGNOSTIC,    26, -7.064909934998e-01, 1.684725284576e-04, 1.2800e+02, 0.0000e+00, 
 2DIAGNOSTIC,    27, -7.075139880180e-01, 1.882538199425e-04, 1.2800e+02, 0.0000e+00, 
 2DIAGNOSTIC,    28, -7.081235647202e-01, 1.995973289013e-04, 1.2800e+02, 0.0000e+00, 
 2DIAGNOSTIC,    29, -7.088024020195e-01, 2.098828554153e-04, 1.2800e+02, 0.0000e+00, 
 2DIAGNOSTIC,    30, -7.096717357635e-01, 2.149678766727e-04, 1.2800e+02, 0.0000e+00, 
 2DIAGNOSTIC,    31, -7.101479768753e-01, 2.126432955265e-04, 1.2800e+02, 0.0000e+00, 
 2DIAGNOSTIC,    32, -7.116057276726e-01, 2.148672938347e-04, 1.2800e+02, 0.0000e+00, 
 2DIAGNOSTIC,    33, -7.120116353035e-01, 2.087354660034e-04, 1.2800e+02, 0.0000e+00, 
 2DIAGNOSTIC,    34, -7.121738791466e-01, 1.929625868797e-04, 1.2800e+02, 0.0000e+00, 
 2DIAGNOSTIC,    35, -7.123355865479e-01, 1.640394330025e-04, 1.2800e+02, 0.0000e+00, 
 2DIAGNOSTIC,    36, -7.129802703857e-01, 1.459922641516e-04, 1.2800e+02, 0.0000e+00, 
 2DIAGNOSTIC,    37, -7.133464217186e-01, 1.299884170294e-04, 1.2800e+02, 0.0000e+00, 
 2DIAGNOSTIC,    38, -7.134602069855e-01, 1.101344823837e-04, 1.2800e+02, 0.0000e+00, 
 2DIAGNOSTIC,    39, -7.137306332588e-01, 9.090825915337e-05, 1.2800e+02, 0.0000e+00, 
 2DIAGNOSTIC,    40, -7.141518592834e-01, 7.720477879047e-05, 1.2800e+02, 0.0000e+00, 
 2DIAGNOSTIC,    41, -7.169645428658e-01, 8.888915181160e-05, 1.2800e+02, 0.0000e+00, 
 2DIAGNOSTIC,    42, -7.178426980972e-01, 1.132898032665e-04, 1.2800e+02, 0.0000e+00, 
 2DIAGNOSTIC,    43, -7.186782360077e-01, 1.376569271088e-04, 1.2800e+02, 0.0000e+00, 
 2DIAGNOSTIC,    44, -7.192754149437e-01, 1.551192253828e-04, 1.2800e+02, 0.0000e+00, 
 2DIAGNOSTIC,    45, -7.196082472801e-01, 1.612585037947e-04, 1.2800e+02, 0.0000e+00, 
 2DIAGNOSTIC,    46, -7.197977304459e-01, 1.587066799402e-04, 1.2800e+02, 0.0000e+00, 
 2DIAGNOSTIC,    47, -7.202979922295e-01, 1.484770327806e-04, 1.2800e+02, 0.0000e+00, 
 2DIAGNOSTIC,    48, -7.209852933884e-01, 1.314263790846e-04, 1.2800e+02, 0.0000e+00, 
 2DIAGNOSTIC,    49, -7.213847637177e-01, 1.081656664610e-04, 1.2800e+02, 0.0000e+00, 
 2DIAGNOSTIC,    50, -7.217293977737e-01, 8.125975728035e-05, 1.2800e+02, 0.0000e+00, 
 2DIAGNOSTIC,    51, -7.241553664207e-01, 8.909031748772e-05, 1.2800e+02, 0.0000e+00, 
 2DIAGNOSTIC,    52, -7.246190309525e-01, 9.789131581783e-05, 1.2800e+02, 0.0000e+00, 
 2DIAGNOSTIC,    53, -7.257660031319e-01, 1.120660454035e-04, 1.2800e+02, 0.0000e+00, 
 2DIAGNOSTIC,    54, -7.264854311943e-01, 1.248419284821e-04, 1.2800e+02, 0.0000e+00, 
 2DIAGNOSTIC,    55, -7.272233963013e-01, 1.330189406872e-04, 1.2800e+02, 0.0000e+00, 
 2DIAGNOSTIC,    56, -7.274767756462e-01, 1.310873776674e-04, 1.2800e+02, 0.0000e+00, 
 2DIAGNOSTIC,    57, -7.275114059448e-01, 1.203510910273e-04, 1.2800e+02, 0.0000e+00, 
 2DIAGNOSTIC,    58, -7.276226282120e-01, 1.041702926159e-04, 1.2800e+02, 0.0000e+00, 
 2DIAGNOSTIC,    59, -7.277411222458e-01, 8.218549191952e-05, 1.2800e+02, 0.0000e+00, 
 2DIAGNOSTIC,    60, -7.278159260750e-01, 5.548819899559e-05, 1.2800e+02, 0.0000e+00, 
 2DIAGNOSTIC,    61, -7.279277443886e-01, 4.114024341106e-05, 1.2800e+02, 0.0000e+00, 
 2DIAGNOSTIC,    62, -7.280700802803e-01, 2.718903124332e-05, 1.2800e+02, 0.0000e+00, 
 2DIAGNOSTIC,    63, -7.282843589783e-01, 1.971237361431e-05, 1.2800e+02, 0.0000e+00, 
 2DIAGNOSTIC,    64, -7.284119129181e-01, 1.579336822033e-05, 1.2800e+02, 0.0000e+00, 
 2DIAGNOSTIC,    65, -7.284459471703e-01, 1.524575054646e-05, 1.2800e+02, 0.0000e+00, 
 2DIAGNOSTIC,    66, -7.284665703773e-01, 1.497752964497e-05, 1.2800e+02, 0.0000e+00, 
 2DIAGNOSTIC,    67, -7.284884452820e-01, 1.364573836327e-05, 1.2800e+02, 0.0000e+00, 
 2DIAGNOSTIC,    68, -7.285247445107e-01, 1.193024218082e-05, 1.2800e+02, 0.0000e+00, 
 2DIAGNOSTIC,    69, -7.285708785057e-01, 1.009739935398e-05, 1.2800e+02, 0.0000e+00, 
 2DIAGNOSTIC,    70, -7.289319634438e-01, 9.885989129543e-06, 1.2800e+02, 0.0000e+00, 
 2DIAGNOSTIC,    71, -7.292792797089e-01, 1.130532473326e-05, 1.2800e+02, 0.0000e+00, 
 2DIAGNOSTIC,    72, -7.294259667397e-01, 1.318845897913e-05, 1.2800e+02, 0.0000e+00, 
 2DIAGNOSTIC,    73, -7.294418811798e-01, 1.506041735411e-05, 1.2800e+02, 0.0000e+00, 
 2DIAGNOSTIC,    74, -7.294482588768e-01, 1.621805131435e-05, 1.2800e+02, 0.0000e+00, 
 2DIAGNOSTIC,    75, -7.293719649315e-01, 1.556985080242e-05, 1.2800e+02, 0.0000e+00, 
 2DIAGNOSTIC,    76, -7.294055819511e-01, 1.373980194330e-05, 1.2800e+02, 0.0000e+00, 
 2DIAGNOSTIC,    77, -7.294238209724e-01, 1.087877899408e-05, 1.2800e+02, 0.0000e+00, 
 2DIAGNOSTIC,    78, -7.294294834137e-01, 7.331371307373e-06, 1.2800e+02, 0.0000e+00, 
 2DIAGNOSTIC,    79, -7.294342517853e-01, 3.452412784100e-06, 1.2800e+02, 0.0000e+00, 
 2DIAGNOSTIC,    80, -7.294418215752e-01, 1.178123056889e-06, 1.2800e+02, 0.0000e+00, 
DIAGNOSTIC,Iteration,metricValue,convergenceValue,ITERATION_TIME_INDEX,SINCE_LAST
 2DIAGNOSTIC,     1, -6.225895881653e-01, 1.797693134862e+308, 1.2800e+02, 0.0000e+00, 
 2DIAGNOSTIC,     2, -6.235128641129e-01, 1.797693134862e+308, 1.2800e+02, 0.0000e+00, 
 2DIAGNOSTIC,     3, -6.244652867317e-01, 1.797693134862e+308, 1.2800e+02, 0.0000e+00, 
 2DIAGNOSTIC,     4, -6.253017783165e-01, 1.797693134862e+308, 1.2800e+02, 0.0000e+00, 
 2DIAGNOSTIC,     5, -6.261963844299e-01, 1.797693134862e+308, 1.2800e+02, 0.0000e+00, 
 2DIAGNOSTIC,     6, -6.275453567505e-01, 1.797693134862e+308, 1.2800e+02, 0.0000e+00, 
 2DIAGNOSTIC,     7, -6.289679408073e-01, 1.797693134862e+308, 1.2800e+02, 0.0000e+00, 
 2DIAGNOSTIC,     8, -6.294947862625e-01, 1.797693134862e+308, 1.2800e+02, 0.0000e+00, 
 2DIAGNOSTIC,     9, -6.299577355385e-01, 1.797693134862e+308, 1.2800e+02, 0.0000e+00, 
 2DIAGNOSTIC,    10, -6.301980614662e-01, 8.512660861015e-04, 1.2800e+02, 0.0000e+00, 
 2DIAGNOSTIC,    11, -6.306880712509e-01, 7.125809788704e-04, 1.2800e+02, 0.0000e+00, 
 2DIAGNOSTIC,    12, -6.309393644333e-01, 5.764663219452e-04, 1.2800e+02, 0.0000e+00, 
 2DIAGNOSTIC,    13, -6.310456395149e-01, 4.462897777557e-04, 1.2800e+02, 0.0000e+00, 
 2DIAGNOSTIC,    14, -6.313834190369e-01, 3.328248858452e-04, 1.2800e+02, 0.0000e+00, 
 2DIAGNOSTIC,    15, -6.315005421638e-01, 2.341568470001e-04, 1.2800e+02, 0.0000e+00, 
 2DIAGNOSTIC,    16, -6.319422721863e-01, 1.762360334396e-04, 1.2800e+02, 0.0000e+00, 
 2DIAGNOSTIC,    17, -6.319751739502e-01, 1.473613083363e-04, 2.5600e+02, 1.2800e+02, 
 2DIAGNOSTIC,    18, -6.319760680199e-01, 1.215152442455e-04, 2.5600e+02, 0.0000e+00, 
 2DIAGNOSTIC,    19, -6.320636272430e-01, 1.005083322525e-04, 2.5600e+02, 0.0000e+00, 
 2DIAGNOSTIC,    20, -6.321046352386e-01, 7.842108607292e-05, 2.5600e+02, 0.0000e+00, 
 2DIAGNOSTIC,    21, -6.321212053299e-01, 6.198883056641e-05, 2.5600e+02, 0.0000e+00, 
 2DIAGNOSTIC,    22, -6.321316361427e-01, 4.683807492256e-05, 2.5600e+02, 0.0000e+00, 
 2DIAGNOSTIC,    23, -6.321771144867e-01, 3.172457218170e-05, 2.5600e+02, 0.0000e+00, 
 2DIAGNOSTIC,    24, -6.322566866875e-01, 2.287700772285e-05, 2.5600e+02, 0.0000e+00, 
 2DIAGNOSTIC,    25, -6.322799921036e-01, 1.497939229012e-05, 2.5600e+02, 0.0000e+00, 
 2DIAGNOSTIC,    26, -6.322849988937e-01, 1.418218016624e-05, 2.5600e+02, 0.0000e+00, 
 2DIAGNOSTIC,    27, -6.323183774948e-01, 1.337379217148e-05, 2.5600e+02, 0.0000e+00, 
 2DIAGNOSTIC,    28, -6.323319077492e-01, 1.165270805359e-05, 2.5600e+02, 0.0000e+00, 
 2DIAGNOSTIC,    29, -6.324452757835e-01, 1.214444637299e-05, 2.5600e+02, 0.0000e+00, 
 2DIAGNOSTIC,    30, -6.324585676193e-01, 1.233443617821e-05, 2.5600e+02, 0.0000e+00, 
 2DIAGNOSTIC,    31, -6.324594020844e-01, 1.173466444016e-05, 2.5600e+02, 0.0000e+00, 
 2DIAGNOSTIC,    32, -6.324610114098e-01, 1.034513115883e-05, 2.5600e+02, 0.0000e+00, 
 2DIAGNOSTIC,    33, -6.324620246887e-01, 8.754432201385e-06, 2.5600e+02, 0.0000e+00, 
 2DIAGNOSTIC,    34, -6.324853301048e-01, 7.858499884605e-06, 2.5600e+02, 0.0000e+00, 
 2DIAGNOSTIC,    35, -6.325889229774e-01, 7.977709174156e-06, 2.5600e+02, 0.0000e+00, 
 2DIAGNOSTIC,    36, -6.326228976250e-01, 7.886439561844e-06, 2.5600e+02, 0.0000e+00, 
 2DIAGNOSTIC,    37, -6.326445341110e-01, 7.823109626770e-06, 2.5600e+02, 0.0000e+00, 
 2DIAGNOSTIC,    38, -6.326466202736e-01, 7.269904017448e-06, 2.5600e+02, 0.0000e+00, 
 2DIAGNOSTIC,    39, -6.326470375061e-01, 7.443130016327e-06, 2.5600e+02, 0.0000e+00, 
 2DIAGNOSTIC,    40, -6.326466798782e-01, 7.100403308868e-06, 2.5600e+02, 0.0000e+00, 
 2DIAGNOSTIC,    41, -6.326589584351e-01, 6.310641765594e-06, 2.5600e+02, 0.0000e+00, 
 2DIAGNOSTIC,    42, -6.327396035194e-01, 5.917623639107e-06, 2.5600e+02, 0.0000e+00, 
 2DIAGNOSTIC,    43, -6.327782869339e-01, 5.463138222694e-06, 2.5600e+02, 0.0000e+00, 
 2DIAGNOSTIC,    44, -6.327682733536e-01, 4.693865776062e-06, 2.5600e+02, 0.0000e+00, 
 2DIAGNOSTIC,    45, -6.327682137489e-01, 4.624947905540e-06, 2.5600e+02, 0.0000e+00, 
 2DIAGNOSTIC,    46, -6.327677965164e-01, 4.509463906288e-06, 2.5600e+02, 0.0000e+00, 
 2DIAGNOSTIC,    47, -6.327675580978e-01, 4.218891263008e-06, 2.5600e+02, 0.0000e+00, 
 2DIAGNOSTIC,    48, -6.327678561211e-01, 3.615394234657e-06, 2.5600e+02, 0.0000e+00, 
 2DIAGNOSTIC,    49, -6.327677369118e-01, 2.767890691757e-06, 2.5600e+02, 0.0000e+00, 
 2DIAGNOSTIC,    50, -6.327679753304e-01, 1.771375536919e-06, 2.5600e+02, 0.0000e+00, 
DIAGNOSTIC,Iteration,metricValue,convergenceValue,ITERATION_TIME_INDEX,SINCE_LAST
 2DIAGNOSTIC,     1, -5.410488843918e-01, 1.797693134862e+308, 3.8400e+02, 1.2800e+02, 
 2DIAGNOSTIC,     2, -5.413163304329e-01, 1.797693134862e+308, 3.8400e+02, 0.0000e+00, 
 2DIAGNOSTIC,     3, -5.415874719620e-01, 1.797693134862e+308, 3.8400e+02, 0.0000e+00, 
 2DIAGNOSTIC,     4, -5.418309569359e-01, 1.797693134862e+308, 3.8400e+02, 0.0000e+00, 
 2DIAGNOSTIC,     5, -5.420476794243e-01, 1.797693134862e+308, 3.8400e+02, 0.0000e+00, 
 2DIAGNOSTIC,     6, -5.421997308731e-01, 1.797693134862e+308, 3.8400e+02, 0.0000e+00, 
 2DIAGNOSTIC,     7, -5.422102212906e-01, 1.797693134862e+308, 3.8400e+02, 0.0000e+00, 
 2DIAGNOSTIC,     8, -5.422200560570e-01, 1.797693134862e+308, 3.8400e+02, 0.0000e+00, 
 2DIAGNOSTIC,     9, -5.422139167786e-01, 1.797693134862e+308, 5.1200e+02, 1.2800e+02, 
 2DIAGNOSTIC,    10, -5.422125458717e-01, 1.392513513565e-04, 5.1200e+02, 0.0000e+00, 
 2DIAGNOSTIC,    11, -5.422227978706e-01, 8.888542652130e-05, 5.1200e+02, 0.0000e+00, 
 2DIAGNOSTIC,    12, -5.422304868698e-01, 5.113333463669e-05, 5.1200e+02, 0.0000e+00, 
 2DIAGNOSTIC,    13, -5.422418117523e-01, 2.612918615341e-05, 5.1200e+02, 0.0000e+00, 
 2DIAGNOSTIC,    14, -5.422442555428e-01, 1.158565282822e-05, 5.1200e+02, 0.0000e+00, 
 2DIAGNOSTIC,    15, -5.422436594963e-01, 5.565583705902e-06, 5.1200e+02, 0.0000e+00, 
 2DIAGNOSTIC,    16, -5.422443151474e-01, 4.976987838745e-06, 5.1200e+02, 0.0000e+00, 
 2DIAGNOSTIC,    17, -5.422444343567e-01, 4.481524229050e-06, 6.4000e+02, 1.2800e+02, 
 2DIAGNOSTIC,    18, -5.422498583794e-01, 4.261732101440e-06, 6.4000e+02, 0.0000e+00, 
 2DIAGNOSTIC,    19, -5.422524809837e-01, 3.729015588760e-06, 6.4000e+02, 0.0000e+00, 
 2DIAGNOSTIC,    20, -5.422592759132e-01, 3.203749656677e-06, 6.4000e+02, 0.0000e+00, 
 2DIAGNOSTIC,    21, -5.422574281693e-01, 2.771615982056e-06, 6.4000e+02, 0.0000e+00, 
 2DIAGNOSTIC,    22, -5.422599911690e-01, 2.529472112656e-06, 6.4000e+02, 0.0000e+00, 
 2DIAGNOSTIC,    23, -5.422593355179e-01, 2.432614564896e-06, 6.4000e+02, 0.0000e+00, 
 2DIAGNOSTIC,    24, -5.422592759132e-01, 2.294778823853e-06, 7.6800e+02, 1.2800e+02, 
 2DIAGNOSTIC,    25, -5.422594547272e-01, 2.071261405945e-06, 7.6800e+02, 0.0000e+00, 
 2DIAGNOSTIC,    26, -5.422593355179e-01, 1.795589923859e-06, 7.6800e+02, 0.0000e+00, 
 2DIAGNOSTIC,    27, -5.422592163086e-01, 1.486390829086e-06, 7.6800e+02, 0.0000e+00, 
 2DIAGNOSTIC,    28, -5.422591567039e-01, 1.277774572372e-06, 7.6800e+02, 0.0000e+00, 
 2DIAGNOSTIC,    29, -5.422592163086e-01, 1.113861799240e-06, 7.6800e+02, 0.0000e+00, 
 2DIAGNOSTIC,    30, -5.422590374947e-01, 1.072883605957e-06, 7.6800e+02, 0.0000e+00, 
DIAGNOSTIC,Iteration,metricValue,convergenceValue,ITERATION_TIME_INDEX,SINCE_LAST
 2DIAGNOSTIC,     1, -4.887022972107e-01, 1.797693134862e+308, 8.9600e+02, 1.2800e+02, 
 2DIAGNOSTIC,     2, -4.888662397861e-01, 1.797693134862e+308, 1.0240e+03, 1.2800e+02, 
 2DIAGNOSTIC,     3, -4.890355765820e-01, 1.797693134862e+308, 1.1520e+03, 1.2800e+02, 
 2DIAGNOSTIC,     4, -4.892216622829e-01, 1.797693134862e+308, 1.2800e+03, 1.2800e+02, 
 2DIAGNOSTIC,     5, -4.893986880779e-01, 1.797693134862e+308, 1.4080e+03, 1.2800e+02, 
 2DIAGNOSTIC,     6, -4.894298613071e-01, 1.797693134862e+308, 1.5360e+03, 1.2800e+02, 
 2DIAGNOSTIC,     7, -4.894652366638e-01, 1.797693134862e+308, 1.6640e+03, 1.2800e+02, 
 2DIAGNOSTIC,     8, -4.895279407501e-01, 1.797693134862e+308, 1.7920e+03, 1.2800e+02, 
 2DIAGNOSTIC,     9, -4.895423054695e-01, 1.797693134862e+308, 1.9200e+03, 1.2800e+02, 
 2DIAGNOSTIC,    10, -4.895592331886e-01, 1.142472028732e-04, 2.0480e+03, 1.2800e+02, 
 2DIAGNOSTIC,    11, -4.895877838135e-01, 8.053332567215e-05, 2.1760e+03, 1.2800e+02, 
 2DIAGNOSTIC,    12, -4.896244108677e-01, 5.513429641724e-05, 2.3040e+03, 1.2800e+02, 
 2DIAGNOSTIC,    13, -4.896236956120e-01, 3.622472286224e-05, 2.4320e+03, 1.2800e+02, 
 2DIAGNOSTIC,    14, -4.896228611469e-01, 2.451241016388e-05, 2.5600e+03, 1.2800e+02, 
 2DIAGNOSTIC,    15, -4.896233975887e-01, 1.921504735947e-05, 2.6880e+03, 1.2800e+02, 
 2DIAGNOSTIC,    16, -4.896232187748e-01, 1.411885023117e-05, 2.8160e+03, 1.2800e+02, 
 2DIAGNOSTIC,    17, -4.896227121353e-01, 9.614974260330e-06, 2.9440e+03, 1.2800e+02, 
 2DIAGNOSTIC,    18, -4.896225631237e-01, 6.925314664841e-06, 3.0720e+03, 1.2800e+02, 
 2DIAGNOSTIC,    19, -4.896227121353e-01, 4.500150680542e-06, 3.2000e+03, 1.2800e+02, 
 2DIAGNOSTIC,    20, -4.896225333214e-01, 2.533197402954e-06, 3.4560e+03, 2.5600e+02, 
 2DIAGNOSTIC,    21, -4.896224737167e-01, 1.408159732819e-06, 3.5840e+03, 1.2800e+02, 
 2DIAGNOSTIC,    22, -4.896224141121e-01, 1.385807991028e-06, 3.7120e+03, 1.2800e+02, 
 2DIAGNOSTIC,    23, -4.896223247051e-01, 1.329928636551e-06, 3.8400e+03, 1.2800e+02, 
 2DIAGNOSTIC,    24, -4.896222949028e-01, 1.281499862671e-06, 3.9680e+03, 1.2800e+02, 
 2DIAGNOSTIC,    25, -4.896223247051e-01, 1.233071088791e-06, 4.0960e+03, 1.2800e+02, 
 2DIAGNOSTIC,    26, -4.896224141121e-01, 1.210719347000e-06, 4.2240e+03, 1.2800e+02, 
 2DIAGNOSTIC,    27, -4.896223247051e-01, 1.158565282822e-06, 4.3520e+03, 1.2800e+02, 
 2DIAGNOSTIC,    28, -4.896222651005e-01, 1.117587089539e-06, 4.4800e+03, 1.2800e+02, 
 2DIAGNOSTIC,    29, -4.896222651005e-01, 1.087784767151e-06, 4.6080e+03, 1.2800e+02, 
 2DIAGNOSTIC,    30, -4.896222651005e-01, 1.050531864166e-06, 4.7360e+03, 1.2800e+02, 
 2DIAGNOSTIC,    31, -4.896223247051e-01, 1.020729541779e-06, 4.8640e+03, 1.2800e+02, 
  Elapsed time (stage 0): 4.8640e+03


Total elapsed time: 4.8640e+03
-i /mnt/lustre/mathdugre/fast-interpolate/datasets/ds004513/derivatives/flint/ants/flint-vprec-single-five-levels/sub-s003/ses-open/anat/1/1_Rigid.nii.gz -o /mnt/lustre/mathdugre/fast-interpolate/datasets/ds004513/derivatives/flint/ants/flint-vprec-single-five-levels/sub-s003/ses-open/anat/11/1_transformed.nii.gz -t /mnt/lustre/mathdugre/fast-interpolate/datasets/ds004513/derivatives/flint/ants/flint-vprec-single-five-levels/sub-s003/ses-open/anat/11/1_0GenericAffine.mat
