---------------------
Experiment information

SIF_IMG: /mnt/lustre/mathdugre/containers/ants-flint-base.simg
SIF_IMG_BASE: /mnt/lustre/mathdugre/containers/ants-flint-base.simg
EXPERIMENT_NAME: flint-vprec-single
STAGE: affine
SUBJECT_ID: s038
REPETITION_ID: 1

FIXED_IMG: /templateflow/tpl-MNI152NLin2009cAsym/tpl-MNI152NLin2009cAsym_res-01_desc-brain_T1w.nii.gz
INPUT_IMG: /mnt/lustre/mathdugre/fast-interpolate/datasets/ds004513/derivatives/flint/ants/flint-vprec-single/sub-s038/ses-open/anat/1/1_Rigid.nii.gz

DATA_DIR: /mnt/lustre/mathdugre/fast-interpolate/datasets/ds004513
OUTPUT_DIR: /mnt/lustre/mathdugre/fast-interpolate/datasets/ds004513/derivatives/flint/ants/flint-vprec-single/sub-s038/ses-open/anat
OUTPUT_PREFIX: 10
THREAD: 1
FLOAT: 0
VFC_BACKENDS: ieee
---------------------

--output [/mnt/lustre/mathdugre/fast-interpolate/datasets/ds004513/derivatives/flint/ants/flint-vprec-single/sub-s038/ses-open/anat/10/1_,/mnt/lustre/mathdugre/fast-interpolate/datasets/ds004513/derivatives/flint/ants/flint-vprec-single/sub-s038/ses-open/anat/10/1_Affine.nii.gz,/mnt/lustre/mathdugre/fast-interpolate/datasets/ds004513/derivatives/flint/ants/flint-vprec-single/sub-s038/ses-open/anat/10/1_InverseAffine.nii.gz] --initial-moving-transform [/templateflow/tpl-MNI152NLin2009cAsym/tpl-MNI152NLin2009cAsym_res-01_desc-brain_T1w.nii.gz,/mnt/lustre/mathdugre/fast-interpolate/datasets/ds004513/derivatives/flint/ants/flint-vprec-single/sub-s038/ses-open/anat/1/1_Rigid.nii.gz,1] --transform Affine[0.1] --metric MI[/templateflow/tpl-MNI152NLin2009cAsym/tpl-MNI152NLin2009cAsym_res-01_desc-brain_T1w.nii.gz,/mnt/lustre/mathdugre/fast-interpolate/datasets/ds004513/derivatives/flint/ants/flint-vprec-single/sub-s038/ses-open/anat/1/1_Rigid.nii.gz,1,32,Regular,0.25] --convergence [1000x500x250x100,1e-6,10] --shrink-factors 8x4x2x1 --smoothing-sigmas 3x2x1x0vox
All_Command_lines_OK
Using double precision for computations.
=============================================================================
The composite transform comprises the following transforms (in order): 
  1. Center of mass alignment using fixed image: /templateflow/tpl-MNI152NLin2009cAsym/tpl-MNI152NLin2009cAsym_res-01_desc-brain_T1w.nii.gz and moving image: /mnt/lustre/mathdugre/fast-interpolate/datasets/ds004513/derivatives/flint/ants/flint-vprec-single/sub-s038/ses-open/anat/1/1_Rigid.nii.gz (type = Euler3DTransform)
=============================================================================
  number of levels = 4
  fixed image: /templateflow/tpl-MNI152NLin2009cAsym/tpl-MNI152NLin2009cAsym_res-01_desc-brain_T1w.nii.gz
  moving image: /mnt/lustre/mathdugre/fast-interpolate/datasets/ds004513/derivatives/flint/ants/flint-vprec-single/sub-s038/ses-open/anat/1/1_Rigid.nii.gz
Dimension = 3
Number of stages = 1
Use histogram matching = false
Winsorize image intensities = true
  Lower quantile = 0.005
  Upper quantile = 0.995


Stage 1 State
   Image metric = MattesMI
     Fixed image = Image (0x5654ca934e90)
  RTTI typeinfo:   itk::Image<double, 3u>
  Reference Count: 2
  Modified Time: 1622
  Debug: Off
  Object Name: 
  Observers: 
    none
  Source: (none)
  Source output name: (none)
  Release Data: Off
  Data Released: False
  Global Release Data: Off
  PipelineMTime: 0
  UpdateMTime: 1407
  RealTimeStamp: 0 seconds 
  LargestPossibleRegion: 
    Dimension: 3
    Index: [0, 0, 0]
    Size: [193, 229, 193]
  BufferedRegion: 
    Dimension: 3
    Index: [0, 0, 0]
    Size: [193, 229, 193]
  RequestedRegion: 
    Dimension: 3
    Index: [0, 0, 0]
    Size: [193, 229, 193]
  Spacing: [1, 1, 1]
  Origin: [96, 132, -78]
  Direction: 
-1 0 0
0 -1 0
0 0 1

  IndexToPointMatrix: 
-1 0 0
0 -1 0
0 0 1

  PointToIndexMatrix: 
-1 0 0
0 -1 0
0 0 1

  Inverse Direction: 
-1 0 0
0 -1 0
0 0 1

  PixelContainer: 
    ImportImageContainer (0x5654caa0b0d0)
      RTTI typeinfo:   itk::ImportImageContainer<unsigned long, double>
      Reference Count: 1
      Modified Time: 1404
      Debug: Off
      Object Name: 
      Observers: 
        none
      Pointer: 0x7f6c98582010
      Container manages memory: true
      Size: 8530021
      Capacity: 8530021

     Moving image = Image (0x5654ca93bb20)
  RTTI typeinfo:   itk::Image<double, 3u>
  Reference Count: 2
  Modified Time: 1623
  Debug: Off
  Object Name: 
  Observers: 
    none
  Source: (none)
  Source output name: (none)
  Release Data: Off
  Data Released: False
  Global Release Data: Off
  PipelineMTime: 0
  UpdateMTime: 1620
  RealTimeStamp: 0 seconds 
  LargestPossibleRegion: 
    Dimension: 3
    Index: [0, 0, 0]
    Size: [193, 229, 193]
  BufferedRegion: 
    Dimension: 3
    Index: [0, 0, 0]
    Size: [193, 229, 193]
  RequestedRegion: 
    Dimension: 3
    Index: [0, 0, 0]
    Size: [193, 229, 193]
  Spacing: [1, 1, 1]
  Origin: [96, 132, -78]
  Direction: 
-1 0 0
0 -1 0
0 0 1

  IndexToPointMatrix: 
-1 0 0
0 -1 0
0 0 1

  PointToIndexMatrix: 
-1 0 0
0 -1 0
0 0 1

  Inverse Direction: 
-1 0 0
0 -1 0
0 0 1

  PixelContainer: 
    ImportImageContainer (0x5654ca936480)
      RTTI typeinfo:   itk::ImportImageContainer<unsigned long, double>
      Reference Count: 1
      Modified Time: 1617
      Debug: Off
      Object Name: 
      Observers: 
        none
      Pointer: 0x7f6c9446d010
      Container manages memory: true
      Size: 8530021
      Capacity: 8530021

     Weighting = 1
     Sampling strategy = regular
     Number of bins = 32
     Radius = 4
     Sampling percentage  = 0.25
   Transform = Affine
     Gradient step = 0.1
     Update field sigma (voxel space) = 0
     Total field sigma (voxel space) = 0
     Update field time sigma = 0
     Total field time sigma  = 0
     Number of time indices = 0
     Number of time point samples = 0
Registration using 1 total stages.

Stage 0
  iterations = 1000x500x250x100
  convergence threshold = 1e-06
  convergence window size = 10
  number of levels = 4
  using the Mattes MI metric (number of bins = 32, weight = 1, use gradient filter = 0)
  preprocessing:  winsorizing the image intensities
  Shrink factors (level 1 out of 4): [8, 8, 8]
  Shrink factors (level 2 out of 4): [4, 4, 4]
  Shrink factors (level 3 out of 4): [2, 2, 2]
  Shrink factors (level 4 out of 4): [1, 1, 1]
  smoothing sigmas per level: [3, 2, 1, 0]
  regular sampling (percentage = 0.25)

*** Running AffineTransform registration ***

DIAGNOSTIC,Iteration,metricValue,convergenceValue,ITERATION_TIME_INDEX,SINCE_LAST
 2DIAGNOSTIC,     1, -6.174846905507e-01, 1.797693134862e+308, 1.4665e+00, 1.4665e+00, 
 2DIAGNOSTIC,     2, -6.200248671296e-01, 1.797693134862e+308, 1.4776e+00, 1.1045e-02, 
 2DIAGNOSTIC,     3, -6.242257543229e-01, 1.797693134862e+308, 1.4888e+00, 1.1226e-02, 
 2DIAGNOSTIC,     4, -6.310508278863e-01, 1.797693134862e+308, 1.5000e+00, 1.1225e-02, 
 2DIAGNOSTIC,     5, -6.422893899949e-01, 1.797693134862e+308, 1.5113e+00, 1.1217e-02, 
 2DIAGNOSTIC,     6, -6.585084074254e-01, 1.797693134862e+308, 1.5226e+00, 1.1320e-02, 
 2DIAGNOSTIC,     7, -6.849839369858e-01, 1.797693134862e+308, 1.5362e+00, 1.3576e-02, 
 2DIAGNOSTIC,     8, -7.940504321669e-01, 1.797693134862e+308, 1.5509e+00, 1.4789e-02, 
 2DIAGNOSTIC,     9, -8.162777651847e-01, 1.797693134862e+308, 1.5635e+00, 1.2577e-02, 
 2DIAGNOSTIC,    10, -8.197643148987e-01, 2.142922347713e-02, 1.5818e+00, 1.8232e-02, 
 2DIAGNOSTIC,    11, -8.202582264498e-01, 2.119585743566e-02, 1.5932e+00, 1.1438e-02, 
 2DIAGNOSTIC,    12, -8.218227142168e-01, 1.925340388557e-02, 1.6046e+00, 1.1387e-02, 
 2DIAGNOSTIC,    13, -8.224320172156e-01, 1.602395312468e-02, 1.6159e+00, 1.1341e-02, 
 2DIAGNOSTIC,    14, -8.229504189765e-01, 1.206542013030e-02, 1.6273e+00, 1.1383e-02, 
 2DIAGNOSTIC,    15, -8.237770258144e-01, 7.955816931928e-03, 1.6424e+00, 1.5070e-02, 
 2DIAGNOSTIC,    16, -8.239563413520e-01, 4.108685049083e-03, 1.6550e+00, 1.2666e-02, 
 2DIAGNOSTIC,    17, -8.240858796396e-01, 9.200775602424e-04, 1.6714e+00, 1.6410e-02, 
 2DIAGNOSTIC,    18, -8.241200836072e-01, 3.223855462692e-04, 1.6829e+00, 1.1412e-02, 
 2DIAGNOSTIC,    19, -8.242500535424e-01, 2.062391239276e-04, 1.6943e+00, 1.1444e-02, 
 2DIAGNOSTIC,    20, -8.243142294390e-01, 1.504260083269e-04, 1.7056e+00, 1.1328e-02, 
 2DIAGNOSTIC,    21, -8.243551899814e-01, 9.547426343828e-05, 1.7182e+00, 1.2524e-02, 
 2DIAGNOSTIC,    22, -8.244027554209e-01, 6.449668347001e-05, 1.7307e+00, 1.2553e-02, 
 2DIAGNOSTIC,    23, -8.244653029789e-01, 4.133753548649e-05, 1.7495e+00, 1.8770e-02, 
 2DIAGNOSTIC,    24, -8.244686037312e-01, 2.422008421211e-05, 1.7608e+00, 1.1281e-02, 
 2DIAGNOSTIC,    25, -8.244804772840e-01, 1.875574381117e-05, 1.7721e+00, 1.1304e-02, 
 2DIAGNOSTIC,    26, -8.244900902529e-01, 1.475919892249e-05, 1.7834e+00, 1.1336e-02, 
 2DIAGNOSTIC,    27, -8.244979800955e-01, 1.168641956368e-05, 1.7947e+00, 1.1296e-02, 
 2DIAGNOSTIC,    28, -8.245086371103e-01, 8.406506531555e-06, 1.8060e+00, 1.1300e-02, 
 2DIAGNOSTIC,    29, -8.245182051874e-01, 6.433546902135e-06, 1.8176e+00, 1.1646e-02, 
 2DIAGNOSTIC,    30, -8.245240443711e-01, 4.955084160173e-06, 1.8288e+00, 1.1201e-02, 
 2DIAGNOSTIC,    31, -8.245281040277e-01, 3.735755233776e-06, 1.8436e+00, 1.4797e-02, 
 2DIAGNOSTIC,    32, -8.245305574654e-01, 2.894857448144e-06, 1.8609e+00, 1.7279e-02, 
 2DIAGNOSTIC,    33, -8.245308744105e-01, 2.623966997843e-06, 1.8720e+00, 1.1075e-02, 
 2DIAGNOSTIC,    34, -8.245328598900e-01, 2.271056140334e-06, 1.8830e+00, 1.1045e-02, 
 2DIAGNOSTIC,    35, -8.245342155721e-01, 1.952013055959e-06, 1.8990e+00, 1.5993e-02, 
 2DIAGNOSTIC,    36, -8.245342187516e-01, 1.652659893017e-06, 1.9114e+00, 1.2324e-02, 
 2DIAGNOSTIC,    37, -8.245342199044e-01, 1.377045431499e-06, 1.9237e+00, 1.2303e-02, 
 2DIAGNOSTIC,    38, -8.245342205145e-01, 1.170892281528e-06, 1.9360e+00, 1.2307e-02, 
 2DIAGNOSTIC,    39, -8.245342210628e-01, 1.034776143966e-06, 1.9483e+00, 1.2287e-02, 
DIAGNOSTIC,Iteration,metricValue,convergenceValue,ITERATION_TIME_INDEX,SINCE_LAST
 2DIAGNOSTIC,     1, -6.961152937483e-01, 1.797693134862e+308, 3.5211e+00, 1.5729e+00, 
 2DIAGNOSTIC,     2, -6.965565396551e-01, 1.797693134862e+308, 3.6352e+00, 1.1411e-01, 
 2DIAGNOSTIC,     3, -6.970447009302e-01, 1.797693134862e+308, 3.7486e+00, 1.1331e-01, 
 2DIAGNOSTIC,     4, -6.975546417907e-01, 1.797693134862e+308, 3.8618e+00, 1.1326e-01, 
 2DIAGNOSTIC,     5, -6.980922078843e-01, 1.797693134862e+308, 3.9750e+00, 1.1323e-01, 
 2DIAGNOSTIC,     6, -6.986154759124e-01, 1.797693134862e+308, 4.0883e+00, 1.1323e-01, 
 2DIAGNOSTIC,     7, -6.990241410551e-01, 1.797693134862e+308, 4.2322e+00, 1.4389e-01, 
 2DIAGNOSTIC,     8, -6.991326567513e-01, 1.797693134862e+308, 4.3762e+00, 1.4400e-01, 
 2DIAGNOSTIC,     9, -6.992029519786e-01, 1.797693134862e+308, 4.4897e+00, 1.1357e-01, 
 2DIAGNOSTIC,    10, -6.992729469121e-01, 3.170084082853e-04, 4.6040e+00, 1.1426e-01, 
 2DIAGNOSTIC,    11, -6.993687992432e-01, 2.423047758209e-04, 4.7336e+00, 1.2965e-01, 
 2DIAGNOSTIC,    12, -6.994140363451e-01, 1.747986246544e-04, 4.8787e+00, 1.4504e-01, 
 2DIAGNOSTIC,    13, -6.994437811564e-01, 1.182949280596e-04, 5.0084e+00, 1.2975e-01, 
 2DIAGNOSTIC,    14, -6.995102041222e-01, 7.601712062195e-05, 5.1227e+00, 1.1430e-01, 
 2DIAGNOSTIC,    15, -6.996448159724e-01, 5.058853355124e-05, 5.2527e+00, 1.3001e-01, 
 2DIAGNOSTIC,    16, -6.996535905892e-01, 3.707451524276e-05, 5.3826e+00, 1.2988e-01, 
 2DIAGNOSTIC,    17, -6.996574390575e-01, 3.179631123171e-05, 5.4973e+00, 1.1467e-01, 
 2DIAGNOSTIC,    18, -6.996603988191e-01, 2.689787140617e-05, 5.6115e+00, 1.1417e-01, 
 2DIAGNOSTIC,    19, -6.996653206612e-01, 2.176003319835e-05, 5.7866e+00, 1.7513e-01, 
 2DIAGNOSTIC,    20, -6.996672152422e-01, 1.664461886995e-05, 5.9004e+00, 1.1383e-01, 
 2DIAGNOSTIC,    21, -6.996700223459e-01, 1.251630176868e-05, 6.0149e+00, 1.1453e-01, 
 2DIAGNOSTIC,    22, -6.996712090801e-01, 8.632863087901e-06, 6.1296e+00, 1.1469e-01, 
 2DIAGNOSTIC,    23, -6.996715583483e-01, 4.943914104667e-06, 6.4140e+00, 2.8439e-01, 
 2DIAGNOSTIC,    24, -6.996715592062e-01, 2.291014403195e-06, 6.8026e+00, 3.8855e-01, 
 2DIAGNOSTIC,    25, -6.996715592061e-01, 1.946198351283e-06, 7.0398e+00, 2.3725e-01, 
 2DIAGNOSTIC,    26, -6.996715592061e-01, 1.701150914482e-06, 7.1698e+00, 1.2995e-01, 
 2DIAGNOSTIC,    27, -6.996715592061e-01, 1.486939100306e-06, 7.3152e+00, 1.4541e-01, 
 2DIAGNOSTIC,    28, -6.996715592061e-01, 1.300789728383e-06, 7.4612e+00, 1.4600e-01, 
 2DIAGNOSTIC,    29, -6.996715592061e-01, 1.180991332457e-06, 7.6380e+00, 1.7680e-01, 
 2DIAGNOSTIC,    30, -6.996715592061e-01, 1.086176112559e-06, 7.7682e+00, 1.3020e-01, 
 2DIAGNOSTIC,    31, -6.996715592061e-01, 1.031539168625e-06, 7.8977e+00, 1.2952e-01, 
DIAGNOSTIC,Iteration,metricValue,convergenceValue,ITERATION_TIME_INDEX,SINCE_LAST
 2DIAGNOSTIC,     1, -6.012253536169e-01, 1.797693134862e+308, 1.0262e+01, 2.3647e+00, 
 2DIAGNOSTIC,     2, -6.014156959249e-01, 1.797693134862e+308, 1.1020e+01, 7.5786e-01, 
 2DIAGNOSTIC,     3, -6.015971784463e-01, 1.797693134862e+308, 1.1776e+01, 7.5542e-01, 
 2DIAGNOSTIC,     4, -6.018680336646e-01, 1.797693134862e+308, 1.2636e+01, 8.6075e-01, 
 2DIAGNOSTIC,     5, -6.019040487196e-01, 1.797693134862e+308, 1.3609e+01, 9.7218e-01, 
 2DIAGNOSTIC,     6, -6.019176380850e-01, 1.797693134862e+308, 1.4487e+01, 8.7793e-01, 
 2DIAGNOSTIC,     7, -6.019466832395e-01, 1.797693134862e+308, 1.5359e+01, 8.7239e-01, 
 2DIAGNOSTIC,     8, -6.019661067622e-01, 1.797693134862e+308, 1.6228e+01, 8.6886e-01, 
 2DIAGNOSTIC,     9, -6.019675580422e-01, 1.797693134862e+308, 1.6987e+01, 7.5948e-01, 
 2DIAGNOSTIC,    10, -6.019703749930e-01, 7.521120325737e-05, 1.7745e+01, 7.5799e-01, 
 2DIAGNOSTIC,    11, -6.019785699111e-01, 4.550515384230e-05, 1.8524e+01, 7.7919e-01, 
 2DIAGNOSTIC,    12, -6.019852294425e-01, 2.459941464619e-05, 1.9795e+01, 1.2703e+00, 
 2DIAGNOSTIC,    13, -6.019854365813e-01, 1.125324233979e-05, 2.0654e+01, 8.5933e-01, 
 2DIAGNOSTIC,    14, -6.019855460824e-01, 8.144375209185e-06, 2.1410e+01, 7.5598e-01, 
 2DIAGNOSTIC,    15, -6.019856931322e-01, 6.062022315609e-06, 2.2177e+01, 7.6666e-01, 
 2DIAGNOSTIC,    16, -6.019865214277e-01, 4.282069116221e-06, 2.2956e+01, 7.7936e-01, 
 2DIAGNOSTIC,    17, -6.019908921538e-01, 3.410358862956e-06, 2.3842e+01, 8.8600e-01, 
 2DIAGNOSTIC,    18, -6.019949133467e-01, 3.108005605164e-06, 2.6435e+01, 2.5928e+00, 
 2DIAGNOSTIC,    19, -6.019949133349e-01, 2.751195270011e-06, 2.7199e+01, 7.6409e-01, 
 2DIAGNOSTIC,    20, -6.019949134681e-01, 2.395646458951e-06, 2.7980e+01, 7.8130e-01, 
 2DIAGNOSTIC,    21, -6.019949136930e-01, 2.179839001484e-06, 2.8753e+01, 7.7289e-01, 
 2DIAGNOSTIC,    22, -6.019949140721e-01, 2.062503500960e-06, 2.9515e+01, 7.6162e-01, 
 2DIAGNOSTIC,    23, -6.019949147171e-01, 1.900490970930e-06, 3.0271e+01, 7.5662e-01, 
 2DIAGNOSTIC,    24, -6.019949157965e-01, 1.706891225556e-06, 3.1029e+01, 7.5776e-01, 
 2DIAGNOSTIC,    25, -6.019949176779e-01, 1.497577590805e-06, 3.1787e+01, 7.5823e-01, 
 2DIAGNOSTIC,    26, -6.019949207877e-01, 1.296908683300e-06, 3.2560e+01, 7.7269e-01, 
 2DIAGNOSTIC,    27, -6.019949257967e-01, 1.178709771711e-06, 3.3331e+01, 7.7043e-01, 
 2DIAGNOSTIC,    28, -6.019949338477e-01, 1.136862396563e-06, 3.4104e+01, 7.7343e-01, 
 2DIAGNOSTIC,    29, -6.019949459472e-01, 1.098035191709e-06, 3.4871e+01, 7.6746e-01, 
 2DIAGNOSTIC,    30, -6.019949616348e-01, 1.061947914979e-06, 3.5632e+01, 7.6031e-01, 
 2DIAGNOSTIC,    31, -6.019949798044e-01, 1.028325060382e-06, 3.6389e+01, 7.5703e-01, 
DIAGNOSTIC,Iteration,metricValue,convergenceValue,ITERATION_TIME_INDEX,SINCE_LAST
 2DIAGNOSTIC,     1, -5.341350803425e-01, 1.797693134862e+308, 4.2573e+01, 6.1842e+00, 
 2DIAGNOSTIC,     2, -5.342745330593e-01, 1.797693134862e+308, 4.7585e+01, 5.0117e+00, 
 2DIAGNOSTIC,     3, -5.343654260825e-01, 1.797693134862e+308, 5.2588e+01, 5.0031e+00, 
 2DIAGNOSTIC,     4, -5.344503724134e-01, 1.797693134862e+308, 5.8140e+01, 5.5521e+00, 
 2DIAGNOSTIC,     5, -5.344830352236e-01, 1.797693134862e+308, 6.3716e+01, 5.5759e+00, 
 2DIAGNOSTIC,     6, -5.344875747307e-01, 1.797693134862e+308, 6.8693e+01, 4.9772e+00, 
 2DIAGNOSTIC,     7, -5.344918286425e-01, 1.797693134862e+308, 7.4251e+01, 5.5579e+00, 
 2DIAGNOSTIC,     8, -5.344938917893e-01, 1.797693134862e+308, 7.9815e+01, 5.5643e+00, 
 2DIAGNOSTIC,     9, -5.344951303494e-01, 1.797693134862e+308, 8.4785e+01, 4.9699e+00, 
 2DIAGNOSTIC,    10, -5.344961984216e-01, 3.850075135696e-05, 9.1575e+01, 6.7902e+00, 
 2DIAGNOSTIC,    11, -5.344964752012e-01, 2.094342660000e-05, 9.6553e+01, 4.9779e+00, 
 2DIAGNOSTIC,    12, -5.344986633406e-01, 1.092151859877e-05, 1.0210e+02, 5.5514e+00, 
 2DIAGNOSTIC,    13, -5.345000141584e-01, 5.383835791087e-06, 1.0768e+02, 5.5790e+00, 
 2DIAGNOSTIC,    14, -5.345002049947e-01, 3.572145108391e-06, 1.1322e+02, 5.5333e+00, 
 2DIAGNOSTIC,    15, -5.345013660741e-01, 3.081719105860e-06, 1.1816e+02, 4.9411e+00, 
 2DIAGNOSTIC,    16, -5.345020909544e-01, 2.736046072899e-06, 1.2612e+02, 7.9620e+00, 
 2DIAGNOSTIC,    17, -5.345021161534e-01, 2.493764703307e-06, 1.3589e+02, 9.7673e+00, 
 2DIAGNOSTIC,    18, -5.345021162074e-01, 2.281182957656e-06, 1.4689e+02, 1.1003e+01, 
 2DIAGNOSTIC,    19, -5.345021162074e-01, 2.078251723249e-06, 1.5554e+02, 8.6544e+00, 
 2DIAGNOSTIC,    20, -5.345021162074e-01, 1.886956404976e-06, 1.6233e+02, 6.7811e+00, 
 2DIAGNOSTIC,    21, -5.345021162074e-01, 1.691764033813e-06, 1.6854e+02, 6.2187e+00, 
 2DIAGNOSTIC,    22, -5.345021162074e-01, 1.550192699123e-06, 1.7475e+02, 6.2026e+00, 
 2DIAGNOSTIC,    23, -5.345021162074e-01, 1.442884985457e-06, 1.8093e+02, 6.1869e+00, 
 2DIAGNOSTIC,    24, -5.345021162074e-01, 1.342612729542e-06, 1.8651e+02, 5.5730e+00, 
 2DIAGNOSTIC,    25, -5.345021162074e-01, 1.273017150458e-06, 1.9269e+02, 6.1815e+00, 
 2DIAGNOSTIC,    26, -5.345021162074e-01, 1.223535570104e-06, 1.9763e+02, 4.9443e+00, 
 2DIAGNOSTIC,    27, -5.345021162074e-01, 1.178215667225e-06, 2.0500e+02, 7.3631e+00, 
 2DIAGNOSTIC,    28, -5.345021162074e-01, 1.136134111498e-06, 2.1112e+02, 6.1290e+00, 
 2DIAGNOSTIC,    29, -5.345021162074e-01, 1.096954894524e-06, 2.1666e+02, 5.5371e+00, 
 2DIAGNOSTIC,    30, -5.345021162074e-01, 1.060387765678e-06, 2.2196e+02, 5.3033e+00, 
 2DIAGNOSTIC,    31, -5.345021162074e-01, 1.026179929205e-06, 2.2699e+02, 5.0217e+00, 
  Elapsed time (stage 0): 2.2991e+02


Total elapsed time: 2.2991e+02
-i /mnt/lustre/mathdugre/fast-interpolate/datasets/ds004513/derivatives/flint/ants/flint-vprec-single/sub-s038/ses-open/anat/1/1_Rigid.nii.gz -o /mnt/lustre/mathdugre/fast-interpolate/datasets/ds004513/derivatives/flint/ants/flint-vprec-single/sub-s038/ses-open/anat/10/1_transformed.nii.gz -t /mnt/lustre/mathdugre/fast-interpolate/datasets/ds004513/derivatives/flint/ants/flint-vprec-single/sub-s038/ses-open/anat/10/1_0GenericAffine.mat
