---------------------
Experiment information

SIF_IMG: /mnt/lustre/mathdugre/containers/ants-flint-vprec.simg
SIF_IMG_BASE: /mnt/lustre/mathdugre/containers/ants-flint-base.simg
EXPERIMENT_NAME: flint-vprec-single
STAGE: affine
SUBJECT_ID: s012
REPETITION_ID: 1

FIXED_IMG: /templateflow/tpl-MNI152NLin2009cAsym/tpl-MNI152NLin2009cAsym_res-01_desc-brain_T1w.nii.gz
INPUT_IMG: /mnt/lustre/mathdugre/fast-interpolate/datasets/ds004513/derivatives/flint/ants/flint-vprec-single/sub-s012/ses-open/anat/0/1_Rigid.nii.gz

DATA_DIR: /mnt/lustre/mathdugre/fast-interpolate/datasets/ds004513
OUTPUT_DIR: /mnt/lustre/mathdugre/fast-interpolate/datasets/ds004513/derivatives/flint/ants/flint-vprec-single/sub-s012/ses-open/anat
OUTPUT_PREFIX: 01
THREAD: 1
FLOAT: 0
VFC_BACKENDS: libinterflop_vprec.so --precision-binary32=23 --range-binary32=8 --precision-binary64=23 --range-binary64=8
---------------------

--output [/mnt/lustre/mathdugre/fast-interpolate/datasets/ds004513/derivatives/flint/ants/flint-vprec-single/sub-s012/ses-open/anat/01/1_,/mnt/lustre/mathdugre/fast-interpolate/datasets/ds004513/derivatives/flint/ants/flint-vprec-single/sub-s012/ses-open/anat/01/1_Affine.nii.gz,/mnt/lustre/mathdugre/fast-interpolate/datasets/ds004513/derivatives/flint/ants/flint-vprec-single/sub-s012/ses-open/anat/01/1_InverseAffine.nii.gz] --initial-moving-transform [/templateflow/tpl-MNI152NLin2009cAsym/tpl-MNI152NLin2009cAsym_res-01_desc-brain_T1w.nii.gz,/mnt/lustre/mathdugre/fast-interpolate/datasets/ds004513/derivatives/flint/ants/flint-vprec-single/sub-s012/ses-open/anat/0/1_Rigid.nii.gz,1] --transform Affine[0.1] --metric MI[/templateflow/tpl-MNI152NLin2009cAsym/tpl-MNI152NLin2009cAsym_res-01_desc-brain_T1w.nii.gz,/mnt/lustre/mathdugre/fast-interpolate/datasets/ds004513/derivatives/flint/ants/flint-vprec-single/sub-s012/ses-open/anat/0/1_Rigid.nii.gz,1,32,Regular,0.25] --convergence [1000x500x250x100,1e-6,10] --shrink-factors 8x4x2x1 --smoothing-sigmas 3x2x1x0vox
All_Command_lines_OK
Using double precision for computations.
=============================================================================
The composite transform comprises the following transforms (in order): 
  1. Center of mass alignment using fixed image: /templateflow/tpl-MNI152NLin2009cAsym/tpl-MNI152NLin2009cAsym_res-01_desc-brain_T1w.nii.gz and moving image: /mnt/lustre/mathdugre/fast-interpolate/datasets/ds004513/derivatives/flint/ants/flint-vprec-single/sub-s012/ses-open/anat/0/1_Rigid.nii.gz (type = Euler3DTransform)
=============================================================================
  number of levels = 4
  fixed image: /templateflow/tpl-MNI152NLin2009cAsym/tpl-MNI152NLin2009cAsym_res-01_desc-brain_T1w.nii.gz
  moving image: /mnt/lustre/mathdugre/fast-interpolate/datasets/ds004513/derivatives/flint/ants/flint-vprec-single/sub-s012/ses-open/anat/0/1_Rigid.nii.gz
Dimension = 3
Number of stages = 1
Use histogram matching = false
Winsorize image intensities = true
  Lower quantile = 0.005
  Upper quantile = 0.995


Stage 1 State
   Image metric = MattesMI
     Fixed image = Image (0x40e0000)
  RTTI typeinfo:   itk::Image<double, 3u>
  Reference Count: 2
  Modified Time: 1622
  Debug: Off
  Object Name: 
  Observers: 
    none
  Source: (none)
  Source output name: (none)
  Release Data: Off
  Data Released: False
  Global Release Data: Off
  PipelineMTime: 0
  UpdateMTime: 1407
  RealTimeStamp: 0 seconds 
  LargestPossibleRegion: 
    Dimension: 3
    Index: [0, 0, 0]
    Size: [193, 229, 193]
  BufferedRegion: 
    Dimension: 3
    Index: [0, 0, 0]
    Size: [193, 229, 193]
  RequestedRegion: 
    Dimension: 3
    Index: [0, 0, 0]
    Size: [193, 229, 193]
  Spacing: [1, 1, 1]
  Origin: [96, 132, -78]
  Direction: 
-1 0 0
0 -1 0
0 0 1

  IndexToPointMatrix: 
-1 0 0
0 -1 0
0 0 1

  PointToIndexMatrix: 
-1 0 0
0 -1 0
0 0 1

  Inverse Direction: 
-1 0 0
0 -1 0
0 0 1

  PixelContainer: 
    ImportImageContainer (0x41b3e10)
      RTTI typeinfo:   itk::ImportImageContainer<unsigned long, double>
      Reference Count: 1
      Modified Time: 1404
      Debug: Off
      Object Name: 
      Observers: 
        none
      Pointer: 0x7feb484cd010
      Container manages memory: true
      Size: 8530021
      Capacity: 8530021

     Moving image = Image (0x40e0800)
  RTTI typeinfo:   itk::Image<double, 3u>
  Reference Count: 2
  Modified Time: 1623
  Debug: Off
  Object Name: 
  Observers: 
    none
  Source: (none)
  Source output name: (none)
  Release Data: Off
  Data Released: False
  Global Release Data: Off
  PipelineMTime: 0
  UpdateMTime: 1620
  RealTimeStamp: 0 seconds 
  LargestPossibleRegion: 
    Dimension: 3
    Index: [0, 0, 0]
    Size: [193, 229, 193]
  BufferedRegion: 
    Dimension: 3
    Index: [0, 0, 0]
    Size: [193, 229, 193]
  RequestedRegion: 
    Dimension: 3
    Index: [0, 0, 0]
    Size: [193, 229, 193]
  Spacing: [1, 1, 1]
  Origin: [96, 132, -78]
  Direction: 
-1 0 0
0 -1 0
0 0 1

  IndexToPointMatrix: 
-1 0 0
0 -1 0
0 0 1

  PointToIndexMatrix: 
-1 0 0
0 -1 0
0 0 1

  Inverse Direction: 
-1 0 0
0 -1 0
0 0 1

  PixelContainer: 
    ImportImageContainer (0x41f3e90)
      RTTI typeinfo:   itk::ImportImageContainer<unsigned long, double>
      Reference Count: 1
      Modified Time: 1617
      Debug: Off
      Object Name: 
      Observers: 
        none
      Pointer: 0x7feb443b8010
      Container manages memory: true
      Size: 8530021
      Capacity: 8530021

     Weighting = 1
     Sampling strategy = regular
     Number of bins = 32
     Radius = 4
     Sampling percentage  = 0.25
   Transform = Affine
     Gradient step = 0.1
     Update field sigma (voxel space) = 0
     Total field sigma (voxel space) = 0
     Update field time sigma = 0
     Total field time sigma  = 0
     Number of time indices = 0
     Number of time point samples = 0
Registration using 1 total stages.

Stage 0
  iterations = 1000x500x250x100
  convergence threshold = 1e-06
  convergence window size = 10
  number of levels = 4
  using the Mattes MI metric (number of bins = 32, weight = 1, use gradient filter = 0)
  preprocessing:  winsorizing the image intensities
  Shrink factors (level 1 out of 4): [8, 8, 8]
  Shrink factors (level 2 out of 4): [4, 4, 4]
  Shrink factors (level 3 out of 4): [2, 2, 2]
  Shrink factors (level 4 out of 4): [1, 1, 1]
  smoothing sigmas per level: [3, 2, 1, 0]
  regular sampling (percentage = 0.25)

*** Running AffineTransform registration ***

DIAGNOSTIC,Iteration,metricValue,convergenceValue,ITERATION_TIME_INDEX,SINCE_LAST
 2DIAGNOSTIC,     1, -6.615492701530e-01, 1.797693134862e+308, 0.0000e+00, 0.0000e+00, 
 2DIAGNOSTIC,     2, -6.638901829720e-01, 1.797693134862e+308, 0.0000e+00, 0.0000e+00, 
 2DIAGNOSTIC,     3, -6.676993370056e-01, 1.797693134862e+308, 0.0000e+00, 0.0000e+00, 
 2DIAGNOSTIC,     4, -6.739590167999e-01, 1.797693134862e+308, 0.0000e+00, 0.0000e+00, 
 2DIAGNOSTIC,     5, -6.842901110649e-01, 1.797693134862e+308, 0.0000e+00, 0.0000e+00, 
 2DIAGNOSTIC,     6, -7.061008214951e-01, 1.797693134862e+308, 0.0000e+00, 0.0000e+00, 
 2DIAGNOSTIC,     7, -7.433784604073e-01, 1.797693134862e+308, 0.0000e+00, 0.0000e+00, 
 2DIAGNOSTIC,     8, -8.164438605309e-01, 1.797693134862e+308, 0.0000e+00, 0.0000e+00, 
 2DIAGNOSTIC,     9, -8.358091711998e-01, 1.797693134862e+308, 0.0000e+00, 0.0000e+00, 
 2DIAGNOSTIC,    10, -8.417778015137e-01, 1.834832876921e-02, 0.0000e+00, 0.0000e+00, 
 2DIAGNOSTIC,    11, -8.445369005203e-01, 1.795806735754e-02, 0.0000e+00, 0.0000e+00, 
 2DIAGNOSTIC,    12, -8.446272611618e-01, 1.610959321260e-02, 0.0000e+00, 0.0000e+00, 
 2DIAGNOSTIC,    13, -8.450944423676e-01, 1.323238760233e-02, 0.0000e+00, 0.0000e+00, 
 2DIAGNOSTIC,    14, -8.456723690033e-01, 9.800225496292e-03, 0.0000e+00, 0.0000e+00, 
 2DIAGNOSTIC,    15, -8.462224602699e-01, 6.272360682487e-03, 0.0000e+00, 0.0000e+00, 
 2DIAGNOSTIC,    16, -8.465897440910e-01, 3.166839480400e-03, 0.0000e+00, 0.0000e+00, 
 2DIAGNOSTIC,    17, -8.468207716942e-01, 9.381026029587e-04, 0.0000e+00, 0.0000e+00, 
 2DIAGNOSTIC,    18, -8.470838069916e-01, 3.649592399597e-04, 0.0000e+00, 0.0000e+00, 
 2DIAGNOSTIC,    19, -8.474121093750e-01, 1.960247755051e-04, 0.0000e+00, 0.0000e+00, 
 2DIAGNOSTIC,    20, -8.475189805031e-01, 1.353397965431e-04, 0.0000e+00, 0.0000e+00, 
 2DIAGNOSTIC,    21, -8.475546836853e-01, 1.164376735687e-04, 0.0000e+00, 0.0000e+00, 
 2DIAGNOSTIC,    22, -8.475601077080e-01, 9.026378393173e-05, 0.0000e+00, 0.0000e+00, 
 2DIAGNOSTIC,    23, -8.475813269615e-01, 6.569921970367e-05, 0.0000e+00, 0.0000e+00, 
 2DIAGNOSTIC,    24, -8.475944399834e-01, 4.585832357407e-05, 0.0000e+00, 0.0000e+00, 
 2DIAGNOSTIC,    25, -8.476011157036e-01, 3.136321902275e-05, 0.0000e+00, 0.0000e+00, 
 2DIAGNOSTIC,    26, -8.476138114929e-01, 2.042576670647e-05, 0.0000e+00, 0.0000e+00, 
 2DIAGNOSTIC,    27, -8.476243019104e-01, 1.167505979538e-05, 0.0000e+00, 0.0000e+00, 
 2DIAGNOSTIC,    28, -8.476389050484e-01, 6.012618541718e-06, 0.0000e+00, 0.0000e+00, 
 2DIAGNOSTIC,    29, -8.477092981339e-01, 5.107372999191e-06, 0.0000e+00, 0.0000e+00, 
 2DIAGNOSTIC,    30, -8.477974534035e-01, 6.154179573059e-06, 0.0000e+00, 0.0000e+00, 
 2DIAGNOSTIC,    31, -8.476755023003e-01, 5.658715963364e-06, 0.0000e+00, 0.0000e+00, 
 2DIAGNOSTIC,    32, -8.476859927177e-01, 4.988163709641e-06, 0.0000e+00, 0.0000e+00, 
 2DIAGNOSTIC,    33, -8.478358387947e-01, 5.796551704407e-06, 0.0000e+00, 0.0000e+00, 
 2DIAGNOSTIC,    34, -8.478491902351e-01, 6.295740604401e-06, 0.0000e+00, 0.0000e+00, 
 2DIAGNOSTIC,    35, -8.478536009789e-01, 6.373971700668e-06, 0.0000e+00, 0.0000e+00, 
 2DIAGNOSTIC,    36, -8.477367162704e-01, 4.969537258148e-06, 0.0000e+00, 0.0000e+00, 
 2DIAGNOSTIC,    37, -8.478288054466e-01, 4.280358552933e-06, 0.0000e+00, 0.0000e+00, 
 2DIAGNOSTIC,    38, -8.478917479515e-01, 3.928318619728e-06, 0.0000e+00, 0.0000e+00, 
 2DIAGNOSTIC,    39, -8.478969335556e-01, 3.909692168236e-06, 0.0000e+00, 0.0000e+00, 
 2DIAGNOSTIC,    40, -8.477737903595e-01, 3.371387720108e-06, 0.0000e+00, 0.0000e+00, 
 2DIAGNOSTIC,    41, -8.477945327759e-01, 1.825392246246e-06, 0.0000e+00, 0.0000e+00, 
 2DIAGNOSTIC,    42, -8.479407429695e-01, 1.497566699982e-06, 0.0000e+00, 0.0000e+00, 
 2DIAGNOSTIC,    43, -8.478112220764e-01, 1.199543476105e-06, 0.0000e+00, 0.0000e+00, 
 2DIAGNOSTIC,    44, -8.478149175644e-01, 1.052394509315e-06, 0.0000e+00, 0.0000e+00, 
 2DIAGNOSTIC,    45, -8.478168249130e-01, 1.002103090286e-06, 0.0000e+00, 0.0000e+00, 
DIAGNOSTIC,Iteration,metricValue,convergenceValue,ITERATION_TIME_INDEX,SINCE_LAST
 2DIAGNOSTIC,     1, -7.153350710869e-01, 1.797693134862e+308, 1.2800e+02, 1.2800e+02, 
 2DIAGNOSTIC,     2, -7.161794900894e-01, 1.797693134862e+308, 1.2800e+02, 0.0000e+00, 
 2DIAGNOSTIC,     3, -7.168203592300e-01, 1.797693134862e+308, 1.2800e+02, 0.0000e+00, 
 2DIAGNOSTIC,     4, -7.173280715942e-01, 1.797693134862e+308, 1.2800e+02, 0.0000e+00, 
 2DIAGNOSTIC,     5, -7.179141044617e-01, 1.797693134862e+308, 1.2800e+02, 0.0000e+00, 
 2DIAGNOSTIC,     6, -7.183349728584e-01, 1.797693134862e+308, 1.2800e+02, 0.0000e+00, 
 2DIAGNOSTIC,     7, -7.190077304840e-01, 1.797693134862e+308, 1.2800e+02, 0.0000e+00, 
 2DIAGNOSTIC,     8, -7.190159559250e-01, 1.797693134862e+308, 1.2800e+02, 0.0000e+00, 
 2DIAGNOSTIC,     9, -7.190764546394e-01, 1.797693134862e+308, 1.2800e+02, 0.0000e+00, 
 2DIAGNOSTIC,    10, -7.191433906555e-01, 3.490000963211e-04, 1.2800e+02, 0.0000e+00, 
 2DIAGNOSTIC,    11, -7.192067503929e-01, 2.515614032745e-04, 1.2800e+02, 0.0000e+00, 
 2DIAGNOSTIC,    12, -7.192985415459e-01, 1.784563064575e-04, 1.2800e+02, 0.0000e+00, 
 2DIAGNOSTIC,    13, -7.193469405174e-01, 1.216009259224e-04, 1.2800e+02, 0.0000e+00, 
 2DIAGNOSTIC,    14, -7.193693518639e-01, 7.699429988861e-05, 1.2800e+02, 0.0000e+00, 
 2DIAGNOSTIC,    15, -7.193674445152e-01, 4.682689905167e-05, 1.2800e+02, 0.0000e+00, 
 2DIAGNOSTIC,    16, -7.193833589554e-01, 2.668052911758e-05, 1.2800e+02, 0.0000e+00, 
 2DIAGNOSTIC,    17, -7.193852066994e-01, 2.231448888779e-05, 1.2800e+02, 0.0000e+00, 
 2DIAGNOSTIC,    18, -7.194377779961e-01, 1.785531640053e-05, 1.2800e+02, 0.0000e+00, 
 2DIAGNOSTIC,    19, -7.194470763206e-01, 1.381337642670e-05, 1.2800e+02, 0.0000e+00, 
 2DIAGNOSTIC,    20, -7.194993495941e-01, 1.140683889389e-05, 1.2800e+02, 0.0000e+00, 
 2DIAGNOSTIC,    21, -7.195006608963e-01, 9.484589099884e-06, 1.2800e+02, 0.0000e+00, 
 2DIAGNOSTIC,    22, -7.195035815239e-01, 8.687376976013e-06, 1.2800e+02, 0.0000e+00, 
 2DIAGNOSTIC,    23, -7.195041775703e-01, 8.102506399155e-06, 1.2800e+02, 0.0000e+00, 
 2DIAGNOSTIC,    24, -7.195053100586e-01, 7.335096597672e-06, 1.2800e+02, 0.0000e+00, 
 2DIAGNOSTIC,    25, -7.195074558258e-01, 6.053596735001e-06, 1.2800e+02, 0.0000e+00, 
 2DIAGNOSTIC,    26, -7.195081710815e-01, 4.690140485764e-06, 1.2800e+02, 0.0000e+00, 
 2DIAGNOSTIC,    27, -7.195084095001e-01, 3.110617399216e-06, 1.2800e+02, 0.0000e+00, 
 2DIAGNOSTIC,    28, -7.195088267326e-01, 2.223998308182e-06, 1.2800e+02, 0.0000e+00, 
 2DIAGNOSTIC,    29, -7.195085883141e-01, 1.404434442520e-06, 1.2800e+02, 0.0000e+00, 
 2DIAGNOSTIC,    30, -7.195087075233e-01, 1.292675733566e-06, 1.2800e+02, 0.0000e+00, 
 2DIAGNOSTIC,    31, -7.195086479187e-01, 1.180917024612e-06, 1.2800e+02, 0.0000e+00, 
 2DIAGNOSTIC,    32, -7.195084095001e-01, 1.095235347748e-06, 1.2800e+02, 0.0000e+00, 
 2DIAGNOSTIC,    33, -7.195090651512e-01, 1.020729541779e-06, 1.2800e+02, 0.0000e+00, 
DIAGNOSTIC,Iteration,metricValue,convergenceValue,ITERATION_TIME_INDEX,SINCE_LAST
 2DIAGNOSTIC,     1, -6.132919192314e-01, 1.797693134862e+308, 2.5600e+02, 1.2800e+02, 
 2DIAGNOSTIC,     2, -6.136578321457e-01, 1.797693134862e+308, 2.5600e+02, 0.0000e+00, 
 2DIAGNOSTIC,     3, -6.139177083969e-01, 1.797693134862e+308, 2.5600e+02, 0.0000e+00, 
 2DIAGNOSTIC,     4, -6.141071915627e-01, 1.797693134862e+308, 2.5600e+02, 0.0000e+00, 
 2DIAGNOSTIC,     5, -6.143678426743e-01, 1.797693134862e+308, 2.5600e+02, 0.0000e+00, 
 2DIAGNOSTIC,     6, -6.145570278168e-01, 1.797693134862e+308, 2.5600e+02, 0.0000e+00, 
 2DIAGNOSTIC,     7, -6.145506501198e-01, 1.797693134862e+308, 3.8400e+02, 1.2800e+02, 
 2DIAGNOSTIC,     8, -6.145519018173e-01, 1.797693134862e+308, 3.8400e+02, 0.0000e+00, 
 2DIAGNOSTIC,     9, -6.145521402359e-01, 1.797693134862e+308, 3.8400e+02, 0.0000e+00, 
 2DIAGNOSTIC,    10, -6.145548820496e-01, 1.294016838074e-04, 3.8400e+02, 0.0000e+00, 
 2DIAGNOSTIC,    11, -6.145594716072e-01, 8.094310760498e-05, 3.8400e+02, 0.0000e+00, 
 2DIAGNOSTIC,    12, -6.145632266998e-01, 4.778057336807e-05, 3.8400e+02, 0.0000e+00, 
 2DIAGNOSTIC,    13, -6.145648956299e-01, 2.494454383850e-05, 3.8400e+02, 0.0000e+00, 
 2DIAGNOSTIC,    14, -6.145682930946e-01, 9.544193744659e-06, 5.1200e+02, 1.2800e+02, 
 2DIAGNOSTIC,    15, -6.145681142807e-01, 3.404915332794e-06, 5.1200e+02, 0.0000e+00, 
 2DIAGNOSTIC,    16, -6.145671010017e-01, 3.360211849213e-06, 5.1200e+02, 0.0000e+00, 
 2DIAGNOSTIC,    17, -6.145663261414e-01, 2.995133399963e-06, 5.1200e+02, 0.0000e+00, 
 2DIAGNOSTIC,    18, -6.145643591881e-01, 2.551823854446e-06, 5.1200e+02, 0.0000e+00, 
 2DIAGNOSTIC,    19, -6.145638227463e-01, 2.071261405945e-06, 5.1200e+02, 0.0000e+00, 
 2DIAGNOSTIC,    20, -6.145647764206e-01, 1.691281795502e-06, 5.1200e+02, 0.0000e+00, 
 2DIAGNOSTIC,    21, -6.145635843277e-01, 1.411885023117e-06, 6.4000e+02, 1.2800e+02, 
 2DIAGNOSTIC,    22, -6.145634055138e-01, 1.236796379089e-06, 6.4000e+02, 0.0000e+00, 
 2DIAGNOSTIC,    23, -6.145634651184e-01, 1.132488250732e-06, 6.4000e+02, 0.0000e+00, 
 2DIAGNOSTIC,    24, -6.145632863045e-01, 1.121312379837e-06, 6.4000e+02, 0.0000e+00, 
 2DIAGNOSTIC,    25, -6.145625710487e-01, 1.117587089539e-06, 6.4000e+02, 0.0000e+00, 
 2DIAGNOSTIC,    26, -6.145626306534e-01, 1.110136508942e-06, 6.4000e+02, 0.0000e+00, 
 2DIAGNOSTIC,    27, -6.145625710487e-01, 1.098960638046e-06, 6.4000e+02, 0.0000e+00, 
 2DIAGNOSTIC,    28, -6.145628690720e-01, 1.069158315659e-06, 7.6800e+02, 1.2800e+02, 
 2DIAGNOSTIC,    29, -6.145626902580e-01, 1.046806573868e-06, 7.6800e+02, 0.0000e+00, 
 2DIAGNOSTIC,    30, -6.145625710487e-01, 1.020729541779e-06, 7.6800e+02, 0.0000e+00, 
 2DIAGNOSTIC,    31, -6.145625710487e-01, 1.002103090286e-06, 7.6800e+02, 0.0000e+00, 
DIAGNOSTIC,Iteration,metricValue,convergenceValue,ITERATION_TIME_INDEX,SINCE_LAST
 2DIAGNOSTIC,     1, -5.528532862663e-01, 1.797693134862e+308, 8.9600e+02, 1.2800e+02, 
 2DIAGNOSTIC,     2, -5.530883669853e-01, 1.797693134862e+308, 1.0240e+03, 1.2800e+02, 
 2DIAGNOSTIC,     3, -5.532305240631e-01, 1.797693134862e+308, 1.1520e+03, 1.2800e+02, 
 2DIAGNOSTIC,     4, -5.533911585808e-01, 1.797693134862e+308, 1.2800e+03, 1.2800e+02, 
 2DIAGNOSTIC,     5, -5.536079406738e-01, 1.797693134862e+308, 1.4080e+03, 1.2800e+02, 
 2DIAGNOSTIC,     6, -5.536243319511e-01, 1.797693134862e+308, 1.5360e+03, 1.2800e+02, 
 2DIAGNOSTIC,     7, -5.536307692528e-01, 1.797693134862e+308, 1.6640e+03, 1.2800e+02, 
 2DIAGNOSTIC,     8, -5.536374449730e-01, 1.797693134862e+308, 1.7920e+03, 1.2800e+02, 
 2DIAGNOSTIC,     9, -5.536382794380e-01, 1.797693134862e+308, 1.9200e+03, 1.2800e+02, 
 2DIAGNOSTIC,    10, -5.536371469498e-01, 8.866935968399e-05, 2.0480e+03, 1.2800e+02, 
 2DIAGNOSTIC,    11, -5.536365509033e-01, 5.385279655457e-05, 2.1760e+03, 1.2800e+02, 
 2DIAGNOSTIC,    12, -5.536355376244e-01, 3.036111593246e-05, 2.3040e+03, 1.2800e+02, 
 2DIAGNOSTIC,    13, -5.536350607872e-01, 1.349300146103e-05, 2.4320e+03, 1.2800e+02, 
 2DIAGNOSTIC,    14, -5.536350011826e-01, 3.710389137268e-06, 2.5600e+03, 1.2800e+02, 
 2DIAGNOSTIC,    15, -5.536346435547e-01, 2.488493919373e-06, 2.6880e+03, 1.2800e+02, 
 2DIAGNOSTIC,    16, -5.536348223686e-01, 1.922249794006e-06, 2.8160e+03, 1.2800e+02, 
 2DIAGNOSTIC,    17, -5.536350011826e-01, 1.631677150726e-06, 2.9440e+03, 1.2800e+02, 
 2DIAGNOSTIC,    18, -5.536346435547e-01, 1.572072505951e-06, 3.2000e+03, 2.5600e+02, 
 2DIAGNOSTIC,    19, -5.536347627640e-01, 1.545995473862e-06, 3.3280e+03, 1.2800e+02, 
 2DIAGNOSTIC,    20, -5.536346435547e-01, 1.516193151474e-06, 3.4560e+03, 1.2800e+02, 
 2DIAGNOSTIC,    21, -5.536345839500e-01, 1.475214958191e-06, 3.5840e+03, 1.2800e+02, 
 2DIAGNOSTIC,    22, -5.536346435547e-01, 1.426786184311e-06, 3.7120e+03, 1.2800e+02, 
 2DIAGNOSTIC,    23, -5.536345839500e-01, 1.367181539536e-06, 3.8400e+03, 1.2800e+02, 
 2DIAGNOSTIC,    24, -5.536345839500e-01, 1.307576894760e-06, 3.9680e+03, 1.2800e+02, 
 2DIAGNOSTIC,    25, -5.536345243454e-01, 1.259148120880e-06, 4.0960e+03, 1.2800e+02, 
 2DIAGNOSTIC,    26, -5.536345839500e-01, 1.214444637299e-06, 4.2240e+03, 1.2800e+02, 
 2DIAGNOSTIC,    27, -5.536345839500e-01, 1.177191734314e-06, 4.3520e+03, 1.2800e+02, 
 2DIAGNOSTIC,    28, -5.536345839500e-01, 1.128762960434e-06, 4.4800e+03, 1.2800e+02, 
 2DIAGNOSTIC,    29, -5.536346435547e-01, 1.098960638046e-06, 4.6080e+03, 1.2800e+02, 
 2DIAGNOSTIC,    30, -5.536345839500e-01, 1.061707735062e-06, 4.7360e+03, 1.2800e+02, 
 2DIAGNOSTIC,    31, -5.536346435547e-01, 1.024454832077e-06, 4.8640e+03, 1.2800e+02, 
  Elapsed time (stage 0): 4.8640e+03


Total elapsed time: 4.8640e+03
-i /mnt/lustre/mathdugre/fast-interpolate/datasets/ds004513/derivatives/flint/ants/flint-vprec-single/sub-s012/ses-open/anat/0/1_Rigid.nii.gz -o /mnt/lustre/mathdugre/fast-interpolate/datasets/ds004513/derivatives/flint/ants/flint-vprec-single/sub-s012/ses-open/anat/01/1_transformed.nii.gz -t /mnt/lustre/mathdugre/fast-interpolate/datasets/ds004513/derivatives/flint/ants/flint-vprec-single/sub-s012/ses-open/anat/01/1_0GenericAffine.mat
