---------------------
Experiment information

SIF_IMG: /mnt/lustre/mathdugre/containers/ants-flint-vprec.simg
SIF_IMG_BASE: /mnt/lustre/mathdugre/containers/ants-flint-base.simg
EXPERIMENT_NAME: flint-vprec-single
STAGE: affine
SUBJECT_ID: s020
REPETITION_ID: 1

FIXED_IMG: /templateflow/tpl-MNI152NLin2009cAsym/tpl-MNI152NLin2009cAsym_res-01_desc-brain_T1w.nii.gz
INPUT_IMG: /mnt/lustre/mathdugre/fast-interpolate/datasets/ds004513/derivatives/flint/ants/flint-vprec-single/sub-s020/ses-open/anat/1/1_Rigid.nii.gz

DATA_DIR: /mnt/lustre/mathdugre/fast-interpolate/datasets/ds004513
OUTPUT_DIR: /mnt/lustre/mathdugre/fast-interpolate/datasets/ds004513/derivatives/flint/ants/flint-vprec-single/sub-s020/ses-open/anat
OUTPUT_PREFIX: 11
THREAD: 1
FLOAT: 0
VFC_BACKENDS: libinterflop_vprec.so --precision-binary32=23 --range-binary32=8 --precision-binary64=23 --range-binary64=8
---------------------

--output [/mnt/lustre/mathdugre/fast-interpolate/datasets/ds004513/derivatives/flint/ants/flint-vprec-single/sub-s020/ses-open/anat/11/1_,/mnt/lustre/mathdugre/fast-interpolate/datasets/ds004513/derivatives/flint/ants/flint-vprec-single/sub-s020/ses-open/anat/11/1_Affine.nii.gz,/mnt/lustre/mathdugre/fast-interpolate/datasets/ds004513/derivatives/flint/ants/flint-vprec-single/sub-s020/ses-open/anat/11/1_InverseAffine.nii.gz] --initial-moving-transform [/templateflow/tpl-MNI152NLin2009cAsym/tpl-MNI152NLin2009cAsym_res-01_desc-brain_T1w.nii.gz,/mnt/lustre/mathdugre/fast-interpolate/datasets/ds004513/derivatives/flint/ants/flint-vprec-single/sub-s020/ses-open/anat/1/1_Rigid.nii.gz,1] --transform Affine[0.1] --metric MI[/templateflow/tpl-MNI152NLin2009cAsym/tpl-MNI152NLin2009cAsym_res-01_desc-brain_T1w.nii.gz,/mnt/lustre/mathdugre/fast-interpolate/datasets/ds004513/derivatives/flint/ants/flint-vprec-single/sub-s020/ses-open/anat/1/1_Rigid.nii.gz,1,32,Regular,0.25] --convergence [1000x500x250x100,1e-6,10] --shrink-factors 8x4x2x1 --smoothing-sigmas 3x2x1x0vox
All_Command_lines_OK
Using double precision for computations.
=============================================================================
The composite transform comprises the following transforms (in order): 
  1. Center of mass alignment using fixed image: /templateflow/tpl-MNI152NLin2009cAsym/tpl-MNI152NLin2009cAsym_res-01_desc-brain_T1w.nii.gz and moving image: /mnt/lustre/mathdugre/fast-interpolate/datasets/ds004513/derivatives/flint/ants/flint-vprec-single/sub-s020/ses-open/anat/1/1_Rigid.nii.gz (type = Euler3DTransform)
=============================================================================
  number of levels = 4
  fixed image: /templateflow/tpl-MNI152NLin2009cAsym/tpl-MNI152NLin2009cAsym_res-01_desc-brain_T1w.nii.gz
  moving image: /mnt/lustre/mathdugre/fast-interpolate/datasets/ds004513/derivatives/flint/ants/flint-vprec-single/sub-s020/ses-open/anat/1/1_Rigid.nii.gz
Dimension = 3
Number of stages = 1
Use histogram matching = false
Winsorize image intensities = true
  Lower quantile = 0.005
  Upper quantile = 0.995


Stage 1 State
   Image metric = MattesMI
     Fixed image = Image (0x42da000)
  RTTI typeinfo:   itk::Image<double, 3u>
  Reference Count: 2
  Modified Time: 1622
  Debug: Off
  Object Name: 
  Observers: 
    none
  Source: (none)
  Source output name: (none)
  Release Data: Off
  Data Released: False
  Global Release Data: Off
  PipelineMTime: 0
  UpdateMTime: 1407
  RealTimeStamp: 0 seconds 
  LargestPossibleRegion: 
    Dimension: 3
    Index: [0, 0, 0]
    Size: [193, 229, 193]
  BufferedRegion: 
    Dimension: 3
    Index: [0, 0, 0]
    Size: [193, 229, 193]
  RequestedRegion: 
    Dimension: 3
    Index: [0, 0, 0]
    Size: [193, 229, 193]
  Spacing: [1, 1, 1]
  Origin: [96, 132, -78]
  Direction: 
-1 0 0
0 -1 0
0 0 1

  IndexToPointMatrix: 
-1 0 0
0 -1 0
0 0 1

  PointToIndexMatrix: 
-1 0 0
0 -1 0
0 0 1

  Inverse Direction: 
-1 0 0
0 -1 0
0 0 1

  PixelContainer: 
    ImportImageContainer (0x43ade10)
      RTTI typeinfo:   itk::ImportImageContainer<unsigned long, double>
      Reference Count: 1
      Modified Time: 1404
      Debug: Off
      Object Name: 
      Observers: 
        none
      Pointer: 0x7f499921b010
      Container manages memory: true
      Size: 8530021
      Capacity: 8530021

     Moving image = Image (0x42da800)
  RTTI typeinfo:   itk::Image<double, 3u>
  Reference Count: 2
  Modified Time: 1623
  Debug: Off
  Object Name: 
  Observers: 
    none
  Source: (none)
  Source output name: (none)
  Release Data: Off
  Data Released: False
  Global Release Data: Off
  PipelineMTime: 0
  UpdateMTime: 1620
  RealTimeStamp: 0 seconds 
  LargestPossibleRegion: 
    Dimension: 3
    Index: [0, 0, 0]
    Size: [193, 229, 193]
  BufferedRegion: 
    Dimension: 3
    Index: [0, 0, 0]
    Size: [193, 229, 193]
  RequestedRegion: 
    Dimension: 3
    Index: [0, 0, 0]
    Size: [193, 229, 193]
  Spacing: [1, 1, 1]
  Origin: [96, 132, -78]
  Direction: 
-1 0 0
0 -1 0
0 0 1

  IndexToPointMatrix: 
-1 0 0
0 -1 0
0 0 1

  PointToIndexMatrix: 
-1 0 0
0 -1 0
0 0 1

  Inverse Direction: 
-1 0 0
0 -1 0
0 0 1

  PixelContainer: 
    ImportImageContainer (0x43ede90)
      RTTI typeinfo:   itk::ImportImageContainer<unsigned long, double>
      Reference Count: 1
      Modified Time: 1617
      Debug: Off
      Object Name: 
      Observers: 
        none
      Pointer: 0x7f4995106010
      Container manages memory: true
      Size: 8530021
      Capacity: 8530021

     Weighting = 1
     Sampling strategy = regular
     Number of bins = 32
     Radius = 4
     Sampling percentage  = 0.25
   Transform = Affine
     Gradient step = 0.1
     Update field sigma (voxel space) = 0
     Total field sigma (voxel space) = 0
     Update field time sigma = 0
     Total field time sigma  = 0
     Number of time indices = 0
     Number of time point samples = 0
Registration using 1 total stages.

Stage 0
  iterations = 1000x500x250x100
  convergence threshold = 1e-06
  convergence window size = 10
  number of levels = 4
  using the Mattes MI metric (number of bins = 32, weight = 1, use gradient filter = 0)
  preprocessing:  winsorizing the image intensities
  Shrink factors (level 1 out of 4): [8, 8, 8]
  Shrink factors (level 2 out of 4): [4, 4, 4]
  Shrink factors (level 3 out of 4): [2, 2, 2]
  Shrink factors (level 4 out of 4): [1, 1, 1]
  smoothing sigmas per level: [3, 2, 1, 0]
  regular sampling (percentage = 0.25)

*** Running AffineTransform registration ***

DIAGNOSTIC,Iteration,metricValue,convergenceValue,ITERATION_TIME_INDEX,SINCE_LAST
 2DIAGNOSTIC,     1, -4.876351952553e-01, 1.797693134862e+308, 0.0000e+00, 0.0000e+00, 
 2DIAGNOSTIC,     2, -4.888738393784e-01, 1.797693134862e+308, 0.0000e+00, 0.0000e+00, 
 2DIAGNOSTIC,     3, -4.916702806950e-01, 1.797693134862e+308, 0.0000e+00, 0.0000e+00, 
 2DIAGNOSTIC,     4, -4.985767602921e-01, 1.797693134862e+308, 0.0000e+00, 0.0000e+00, 
 2DIAGNOSTIC,     5, -5.183069705963e-01, 1.797693134862e+308, 0.0000e+00, 0.0000e+00, 
 2DIAGNOSTIC,     6, -5.618498921394e-01, 1.797693134862e+308, 0.0000e+00, 0.0000e+00, 
 2DIAGNOSTIC,     7, -6.462823748589e-01, 1.797693134862e+308, 0.0000e+00, 0.0000e+00, 
 2DIAGNOSTIC,     8, -6.683900952339e-01, 1.797693134862e+308, 0.0000e+00, 0.0000e+00, 
 2DIAGNOSTIC,     9, -6.786653399467e-01, 1.797693134862e+308, 0.0000e+00, 0.0000e+00, 
 2DIAGNOSTIC,    10, -7.021301388741e-01, 2.873525023460e-02, 0.0000e+00, 0.0000e+00, 
 2DIAGNOSTIC,    11, -7.255440354347e-01, 2.772945910692e-02, 0.0000e+00, 0.0000e+00, 
 2DIAGNOSTIC,    12, -7.446063756943e-01, 2.516159415245e-02, 0.0000e+00, 0.0000e+00, 
 2DIAGNOSTIC,    13, -7.553333640099e-01, 2.130305022001e-02, 0.0000e+00, 0.0000e+00, 
 2DIAGNOSTIC,    14, -7.605487704277e-01, 1.663684844971e-02, 0.0000e+00, 0.0000e+00, 
 2DIAGNOSTIC,    15, -7.691556811333e-01, 1.205673068762e-02, 0.0000e+00, 0.0000e+00, 
 2DIAGNOSTIC,    16, -7.764818072319e-01, 8.403696119785e-03, 0.0000e+00, 0.0000e+00, 
 2DIAGNOSTIC,    17, -7.807091474533e-01, 6.762288510799e-03, 0.0000e+00, 0.0000e+00, 
 2DIAGNOSTIC,    18, -7.910447120667e-01, 5.498990416527e-03, 0.0000e+00, 0.0000e+00, 
 2DIAGNOSTIC,    19, -7.934255599976e-01, 4.165481775999e-03, 0.0000e+00, 0.0000e+00, 
 2DIAGNOSTIC,    20, -7.944466471672e-01, 3.117065876722e-03, 0.0000e+00, 0.0000e+00, 
 2DIAGNOSTIC,    21, -7.971418499947e-01, 2.412404865026e-03, 0.0000e+00, 0.0000e+00, 
 2DIAGNOSTIC,    22, -7.986779212952e-01, 1.943502575159e-03, 0.0000e+00, 0.0000e+00, 
 2DIAGNOSTIC,    23, -7.994048595428e-01, 1.544985920191e-03, 0.0000e+00, 0.0000e+00, 
 2DIAGNOSTIC,    24, -8.001475930214e-01, 1.140635460615e-03, 0.0000e+00, 0.0000e+00, 
 2DIAGNOSTIC,    25, -8.002411127090e-01, 8.087381720543e-04, 0.0000e+00, 0.0000e+00, 
 2DIAGNOSTIC,    26, -8.004634976387e-01, 5.482472479343e-04, 0.0000e+00, 0.0000e+00, 
 2DIAGNOSTIC,    27, -8.006448149681e-01, 3.200396895409e-04, 0.0000e+00, 0.0000e+00, 
 2DIAGNOSTIC,    28, -8.008492588997e-01, 2.309195697308e-04, 0.0000e+00, 0.0000e+00, 
 2DIAGNOSTIC,    29, -8.011521697044e-01, 1.642554998398e-04, 0.0000e+00, 0.0000e+00, 
 2DIAGNOSTIC,    30, -8.019282817841e-01, 1.103281974792e-04, 0.0000e+00, 0.0000e+00, 
 2DIAGNOSTIC,    31, -8.021046519279e-01, 8.614361286163e-05, 0.0000e+00, 0.0000e+00, 
 2DIAGNOSTIC,    32, -8.021162748337e-01, 7.464364171028e-05, 0.0000e+00, 0.0000e+00, 
 2DIAGNOSTIC,    33, -8.021826744080e-01, 6.633251905441e-05, 0.0000e+00, 0.0000e+00, 
 2DIAGNOSTIC,    34, -8.022606968880e-01, 6.179884076118e-05, 0.0000e+00, 0.0000e+00, 
 2DIAGNOSTIC,    35, -8.023145198822e-01, 5.325675010681e-05, 0.0000e+00, 0.0000e+00, 
 2DIAGNOSTIC,    36, -8.023715615273e-01, 4.326552152634e-05, 0.0000e+00, 0.0000e+00, 
 2DIAGNOSTIC,    37, -8.024656176567e-01, 3.284588456154e-05, 0.0000e+00, 0.0000e+00, 
 2DIAGNOSTIC,    38, -8.025885820389e-01, 2.335198223591e-05, 0.0000e+00, 0.0000e+00, 
 2DIAGNOSTIC,    39, -8.026554584503e-01, 1.569092273712e-05, 0.0000e+00, 0.0000e+00, 
 2DIAGNOSTIC,    40, -8.027071356773e-01, 1.498311758041e-05, 0.0000e+00, 0.0000e+00, 
 2DIAGNOSTIC,    41, -8.027449846268e-01, 1.499988138676e-05, 0.0000e+00, 0.0000e+00, 
 2DIAGNOSTIC,    42, -8.029365539551e-01, 1.551210880280e-05, 0.0000e+00, 0.0000e+00, 
 2DIAGNOSTIC,    43, -8.030557632446e-01, 1.618266105652e-05, 0.0000e+00, 0.0000e+00, 
 2DIAGNOSTIC,    44, -8.031017780304e-01, 1.641735434532e-05, 0.0000e+00, 0.0000e+00, 
 2DIAGNOSTIC,    45, -8.031107783318e-01, 1.570954918861e-05, 0.0000e+00, 0.0000e+00, 
 2DIAGNOSTIC,    46, -8.031325936317e-01, 1.426786184311e-05, 0.0000e+00, 0.0000e+00, 
 2DIAGNOSTIC,    47, -8.031411170959e-01, 1.238659024239e-05, 0.0000e+00, 0.0000e+00, 
 2DIAGNOSTIC,    48, -8.031449913979e-01, 1.045316457748e-05, 0.0000e+00, 0.0000e+00, 
 2DIAGNOSTIC,    49, -8.031466007233e-01, 8.208677172661e-06, 0.0000e+00, 0.0000e+00, 
 2DIAGNOSTIC,    50, -8.031498193741e-01, 5.781650543213e-06, 0.0000e+00, 0.0000e+00, 
 2DIAGNOSTIC,    51, -8.031514883041e-01, 3.233551979065e-06, 0.0000e+00, 0.0000e+00, 
 2DIAGNOSTIC,    52, -8.031514286995e-01, 1.920387148857e-06, 0.0000e+00, 0.0000e+00, 
 2DIAGNOSTIC,    53, -8.031512498856e-01, 1.369044184685e-06, 0.0000e+00, 0.0000e+00, 
 2DIAGNOSTIC,    54, -8.031514883041e-01, 1.100823283195e-06, 0.0000e+00, 0.0000e+00, 
DIAGNOSTIC,Iteration,metricValue,convergenceValue,ITERATION_TIME_INDEX,SINCE_LAST
 2DIAGNOSTIC,     1, -6.701393723488e-01, 1.797693134862e+308, 0.0000e+00, 0.0000e+00, 
 2DIAGNOSTIC,     2, -6.705924868584e-01, 1.797693134862e+308, 0.0000e+00, 0.0000e+00, 
 2DIAGNOSTIC,     3, -6.711317896843e-01, 1.797693134862e+308, 1.2800e+02, 1.2800e+02, 
 2DIAGNOSTIC,     4, -6.717574596405e-01, 1.797693134862e+308, 1.2800e+02, 0.0000e+00, 
 2DIAGNOSTIC,     5, -6.724550127983e-01, 1.797693134862e+308, 1.2800e+02, 0.0000e+00, 
 2DIAGNOSTIC,     6, -6.731915473938e-01, 1.797693134862e+308, 1.2800e+02, 0.0000e+00, 
 2DIAGNOSTIC,     7, -6.733624935150e-01, 1.797693134862e+308, 1.2800e+02, 0.0000e+00, 
 2DIAGNOSTIC,     8, -6.734262108803e-01, 1.797693134862e+308, 1.2800e+02, 0.0000e+00, 
 2DIAGNOSTIC,     9, -6.736263632774e-01, 1.797693134862e+308, 1.2800e+02, 0.0000e+00, 
 2DIAGNOSTIC,    10, -6.741936802864e-01, 3.914982080460e-04, 1.2800e+02, 0.0000e+00, 
 2DIAGNOSTIC,    11, -6.742622256279e-01, 3.155469894409e-04, 1.2800e+02, 0.0000e+00, 
 2DIAGNOSTIC,    12, -6.743258833885e-01, 2.426430583000e-04, 1.2800e+02, 0.0000e+00, 
 2DIAGNOSTIC,    13, -6.743649244308e-01, 1.783818006516e-04, 1.2800e+02, 0.0000e+00, 
 2DIAGNOSTIC,    14, -6.743734478951e-01, 1.260712742805e-04, 1.2800e+02, 0.0000e+00, 
 2DIAGNOSTIC,    15, -6.743849515915e-01, 8.864700794220e-05, 1.2800e+02, 0.0000e+00, 
 2DIAGNOSTIC,    16, -6.743921637535e-01, 6.749480962753e-05, 1.2800e+02, 0.0000e+00, 
 2DIAGNOSTIC,    17, -6.744022369385e-01, 4.751607775688e-05, 1.2800e+02, 0.0000e+00, 
 2DIAGNOSTIC,    18, -6.744225621223e-01, 2.753362059593e-05, 1.2800e+02, 0.0000e+00, 
 2DIAGNOSTIC,    19, -6.744285821915e-01, 1.152604818344e-05, 1.2800e+02, 0.0000e+00, 
 2DIAGNOSTIC,    20, -6.744303703308e-01, 8.188188076019e-06, 1.2800e+02, 0.0000e+00, 
 2DIAGNOSTIC,    21, -6.744313836098e-01, 5.956739187241e-06, 1.2800e+02, 0.0000e+00, 
 2DIAGNOSTIC,    22, -6.744350194931e-01, 4.753470420837e-06, 1.2800e+02, 0.0000e+00, 
 2DIAGNOSTIC,    23, -6.744350790977e-01, 4.086643457413e-06, 1.2800e+02, 0.0000e+00, 
 2DIAGNOSTIC,    24, -6.744349598885e-01, 3.349035978317e-06, 1.2800e+02, 0.0000e+00, 
 2DIAGNOSTIC,    25, -6.744350194931e-01, 2.685934305191e-06, 1.2800e+02, 0.0000e+00, 
 2DIAGNOSTIC,    26, -6.744351983070e-01, 2.056360244751e-06, 1.2800e+02, 0.0000e+00, 
 2DIAGNOSTIC,    27, -6.744351387024e-01, 1.542270183563e-06, 1.2800e+02, 0.0000e+00, 
 2DIAGNOSTIC,    28, -6.744353175163e-01, 1.337379217148e-06, 1.2800e+02, 0.0000e+00, 
 2DIAGNOSTIC,    29, -6.744353175163e-01, 1.225620508194e-06, 1.2800e+02, 0.0000e+00, 
 2DIAGNOSTIC,    30, -6.744353771210e-01, 1.128762960434e-06, 1.2800e+02, 0.0000e+00, 
 2DIAGNOSTIC,    31, -6.744355559349e-01, 1.043081283569e-06, 1.2800e+02, 0.0000e+00, 
 2DIAGNOSTIC,    32, -6.744357943535e-01, 1.013278961182e-06, 1.2800e+02, 0.0000e+00, 
DIAGNOSTIC,Iteration,metricValue,convergenceValue,ITERATION_TIME_INDEX,SINCE_LAST
 2DIAGNOSTIC,     1, -5.681570768356e-01, 1.797693134862e+308, 1.2800e+02, 0.0000e+00, 
 2DIAGNOSTIC,     2, -5.683911442757e-01, 1.797693134862e+308, 2.5600e+02, 1.2800e+02, 
 2DIAGNOSTIC,     3, -5.685971379280e-01, 1.797693134862e+308, 2.5600e+02, 0.0000e+00, 
 2DIAGNOSTIC,     4, -5.688114762306e-01, 1.797693134862e+308, 2.5600e+02, 0.0000e+00, 
 2DIAGNOSTIC,     5, -5.690061450005e-01, 1.797693134862e+308, 2.5600e+02, 0.0000e+00, 
 2DIAGNOSTIC,     6, -5.691915154457e-01, 1.797693134862e+308, 2.5600e+02, 0.0000e+00, 
 2DIAGNOSTIC,     7, -5.692415833473e-01, 1.797693134862e+308, 2.5600e+02, 0.0000e+00, 
 2DIAGNOSTIC,     8, -5.692647099495e-01, 1.797693134862e+308, 2.5600e+02, 0.0000e+00, 
 2DIAGNOSTIC,     9, -5.692797899246e-01, 1.797693134862e+308, 2.5600e+02, 0.0000e+00, 
 2DIAGNOSTIC,    10, -5.693086981773e-01, 1.344680786133e-04, 3.8400e+02, 1.2800e+02, 
 2DIAGNOSTIC,    11, -5.693184137344e-01, 9.402632713318e-05, 3.8400e+02, 0.0000e+00, 
 2DIAGNOSTIC,    12, -5.693218708038e-01, 6.195157766342e-05, 3.8400e+02, 0.0000e+00, 
 2DIAGNOSTIC,    13, -5.693293809891e-01, 3.766268491745e-05, 3.8400e+02, 0.0000e+00, 
 2DIAGNOSTIC,    14, -5.693463087082e-01, 2.178549766541e-05, 3.8400e+02, 0.0000e+00, 
 2DIAGNOSTIC,    15, -5.693658590317e-01, 1.318007707596e-05, 3.8400e+02, 0.0000e+00, 
 2DIAGNOSTIC,    16, -5.693662762642e-01, 1.041591167450e-05, 3.8400e+02, 0.0000e+00, 
 2DIAGNOSTIC,    17, -5.693666338921e-01, 8.683651685715e-06, 3.8400e+02, 0.0000e+00, 
 2DIAGNOSTIC,    18, -5.693665146828e-01, 7.152557373047e-06, 5.1200e+02, 1.2800e+02, 
 2DIAGNOSTIC,    19, -5.693668127060e-01, 5.666166543961e-06, 5.1200e+02, 0.0000e+00, 
 2DIAGNOSTIC,    20, -5.693669319153e-01, 4.671514034271e-06, 5.1200e+02, 0.0000e+00, 
 2DIAGNOSTIC,    21, -5.693668127060e-01, 3.710389137268e-06, 5.1200e+02, 0.0000e+00, 
 2DIAGNOSTIC,    22, -5.693666338921e-01, 2.726912498474e-06, 5.1200e+02, 0.0000e+00, 
 2DIAGNOSTIC,    23, -5.693667531013e-01, 1.851469278336e-06, 5.1200e+02, 0.0000e+00, 
 2DIAGNOSTIC,    24, -5.693669319153e-01, 1.363456249237e-06, 5.1200e+02, 0.0000e+00, 
 2DIAGNOSTIC,    25, -5.693671703339e-01, 1.292675733566e-06, 5.1200e+02, 0.0000e+00, 
 2DIAGNOSTIC,    26, -5.693669915199e-01, 1.244246959686e-06, 6.4000e+02, 1.2800e+02, 
 2DIAGNOSTIC,    27, -5.693671107292e-01, 1.195818185806e-06, 6.4000e+02, 0.0000e+00, 
 2DIAGNOSTIC,    28, -5.693670511246e-01, 1.151114702225e-06, 6.4000e+02, 0.0000e+00, 
 2DIAGNOSTIC,    29, -5.693665146828e-01, 1.102685928345e-06, 6.4000e+02, 0.0000e+00, 
 2DIAGNOSTIC,    30, -5.693665146828e-01, 1.057982444763e-06, 6.4000e+02, 0.0000e+00, 
 2DIAGNOSTIC,    31, -5.693668127060e-01, 1.020729541779e-06, 6.4000e+02, 0.0000e+00, 
DIAGNOSTIC,Iteration,metricValue,convergenceValue,ITERATION_TIME_INDEX,SINCE_LAST
 2DIAGNOSTIC,     1, -5.129836797714e-01, 1.797693134862e+308, 7.6800e+02, 1.2800e+02, 
 2DIAGNOSTIC,     2, -5.131314396858e-01, 1.797693134862e+308, 8.9600e+02, 1.2800e+02, 
 2DIAGNOSTIC,     3, -5.132117867470e-01, 1.797693134862e+308, 1.0240e+03, 1.2800e+02, 
 2DIAGNOSTIC,     4, -5.133092403412e-01, 1.797693134862e+308, 1.1520e+03, 1.2800e+02, 
 2DIAGNOSTIC,     5, -5.134403705597e-01, 1.797693134862e+308, 1.1520e+03, 0.0000e+00, 
 2DIAGNOSTIC,     6, -5.135014653206e-01, 1.797693134862e+308, 1.2800e+03, 1.2800e+02, 
 2DIAGNOSTIC,     7, -5.136150121689e-01, 1.797693134862e+308, 1.4080e+03, 1.2800e+02, 
 2DIAGNOSTIC,     8, -5.136961936951e-01, 1.797693134862e+308, 1.5360e+03, 1.2800e+02, 
 2DIAGNOSTIC,     9, -5.137259364128e-01, 1.797693134862e+308, 1.6640e+03, 1.2800e+02, 
 2DIAGNOSTIC,    10, -5.137354135513e-01, 1.008212566376e-04, 1.7920e+03, 1.2800e+02, 
 2DIAGNOSTIC,    11, -5.137547850609e-01, 7.893890142441e-05, 1.9200e+03, 1.2800e+02, 
 2DIAGNOSTIC,    12, -5.137597322464e-01, 6.089359521866e-05, 2.0480e+03, 1.2800e+02, 
 2DIAGNOSTIC,    13, -5.137630105019e-01, 4.382431507111e-05, 2.1760e+03, 1.2800e+02, 
 2DIAGNOSTIC,    14, -5.137636661530e-01, 2.924352884293e-05, 2.3040e+03, 1.2800e+02, 
 2DIAGNOSTIC,    15, -5.137641429901e-01, 1.904368400574e-05, 2.4320e+03, 1.2800e+02, 
 2DIAGNOSTIC,    16, -5.137636065483e-01, 1.057237386703e-05, 2.5600e+03, 1.2800e+02, 
 2DIAGNOSTIC,    17, -5.137639045715e-01, 5.953013896942e-06, 2.6880e+03, 1.2800e+02, 
 2DIAGNOSTIC,    18, -5.137637853622e-01, 3.956258296967e-06, 2.8160e+03, 1.2800e+02, 
 2DIAGNOSTIC,    19, -5.137637853622e-01, 2.831220626831e-06, 2.9440e+03, 1.2800e+02, 
 2DIAGNOSTIC,    20, -5.137636065483e-01, 1.952052116394e-06, 3.0720e+03, 1.2800e+02, 
 2DIAGNOSTIC,    21, -5.137640237808e-01, 1.642853021622e-06, 3.2000e+03, 1.2800e+02, 
 2DIAGNOSTIC,    22, -5.137639641762e-01, 1.464039087296e-06, 3.3280e+03, 1.2800e+02, 
 2DIAGNOSTIC,    23, -5.137641429901e-01, 1.393258571625e-06, 3.3280e+03, 0.0000e+00, 
 2DIAGNOSTIC,    24, -5.137642025948e-01, 1.344829797745e-06, 3.4560e+03, 1.2800e+02, 
 2DIAGNOSTIC,    25, -5.137641429901e-01, 1.300126314163e-06, 3.5840e+03, 1.2800e+02, 
 2DIAGNOSTIC,    26, -5.137641429901e-01, 1.251697540283e-06, 3.7120e+03, 1.2800e+02, 
 2DIAGNOSTIC,    27, -5.137640237808e-01, 1.199543476105e-06, 3.8400e+03, 1.2800e+02, 
 2DIAGNOSTIC,    28, -5.137638449669e-01, 1.147389411926e-06, 3.9680e+03, 1.2800e+02, 
 2DIAGNOSTIC,    29, -5.137645602226e-01, 1.113861799240e-06, 4.0960e+03, 1.2800e+02, 
 2DIAGNOSTIC,    30, -5.137643814087e-01, 1.072883605957e-06, 4.2240e+03, 1.2800e+02, 
 2DIAGNOSTIC,    31, -5.137644410133e-01, 1.039355993271e-06, 4.3520e+03, 1.2800e+02, 
 2DIAGNOSTIC,    32, -5.137648582458e-01, 1.020729541779e-06, 4.4800e+03, 1.2800e+02, 
  Elapsed time (stage 0): 4.4800e+03


Total elapsed time: 4.4800e+03
-i /mnt/lustre/mathdugre/fast-interpolate/datasets/ds004513/derivatives/flint/ants/flint-vprec-single/sub-s020/ses-open/anat/1/1_Rigid.nii.gz -o /mnt/lustre/mathdugre/fast-interpolate/datasets/ds004513/derivatives/flint/ants/flint-vprec-single/sub-s020/ses-open/anat/11/1_transformed.nii.gz -t /mnt/lustre/mathdugre/fast-interpolate/datasets/ds004513/derivatives/flint/ants/flint-vprec-single/sub-s020/ses-open/anat/11/1_0GenericAffine.mat
