---------------------
Experiment information

SIF_IMG: /mnt/lustre/mathdugre/containers/ants-flint-vprec.simg
SIF_IMG_BASE: /mnt/lustre/mathdugre/containers/ants-flint-base.simg
EXPERIMENT_NAME: flint-vprec-single-five-levels
STAGE: syn
SUBJECT_ID: s034
REPETITION_ID: 1

FIXED_IMG: /templateflow/tpl-MNI152NLin2009cAsym/tpl-MNI152NLin2009cAsym_res-01_desc-brain_T1w.nii.gz
INPUT_IMG: /mnt/lustre/mathdugre/fast-interpolate/datasets/ds004513/derivatives/flint/ants/flint-vprec-single-five-levels/sub-s034/ses-open/anat/01/1_Affine.nii.gz

DATA_DIR: /mnt/lustre/mathdugre/fast-interpolate/datasets/ds004513
OUTPUT_DIR: /mnt/lustre/mathdugre/fast-interpolate/datasets/ds004513/derivatives/flint/ants/flint-vprec-single-five-levels/sub-s034/ses-open/anat
OUTPUT_PREFIX: 011
THREAD: 1
FLOAT: 0
VFC_BACKENDS: libinterflop_vprec.so --precision-binary32=23 --range-binary32=8 --precision-binary64=23 --range-binary64=8
---------------------

--output [/mnt/lustre/mathdugre/fast-interpolate/datasets/ds004513/derivatives/flint/ants/flint-vprec-single-five-levels/sub-s034/ses-open/anat/011/1_,/mnt/lustre/mathdugre/fast-interpolate/datasets/ds004513/derivatives/flint/ants/flint-vprec-single-five-levels/sub-s034/ses-open/anat/011/1_Warped.nii.gz,/mnt/lustre/mathdugre/fast-interpolate/datasets/ds004513/derivatives/flint/ants/flint-vprec-single-five-levels/sub-s034/ses-open/anat/011/1_InverseSyN.nii.gz] --initial-moving-transform [/templateflow/tpl-MNI152NLin2009cAsym/tpl-MNI152NLin2009cAsym_res-01_desc-brain_T1w.nii.gz,/mnt/lustre/mathdugre/fast-interpolate/datasets/ds004513/derivatives/flint/ants/flint-vprec-single-five-levels/sub-s034/ses-open/anat/01/1_Affine.nii.gz,1] --transform SyN[ 0.1,3,0 ] --metric CC[/templateflow/tpl-MNI152NLin2009cAsym/tpl-MNI152NLin2009cAsym_res-01_desc-brain_T1w.nii.gz,/mnt/lustre/mathdugre/fast-interpolate/datasets/ds004513/derivatives/flint/ants/flint-vprec-single-five-levels/sub-s034/ses-open/anat/01/1_Affine.nii.gz,1,4] --convergence [100x100x70x50x20,1e-6,10] --shrink-factors 16x8x4x2x1 --smoothing-sigmas 4x3x2x1x0vox
All_Command_lines_OK
Using double precision for computations.
=============================================================================
The composite transform comprises the following transforms (in order): 
  1. Center of mass alignment using fixed image: /templateflow/tpl-MNI152NLin2009cAsym/tpl-MNI152NLin2009cAsym_res-01_desc-brain_T1w.nii.gz and moving image: /mnt/lustre/mathdugre/fast-interpolate/datasets/ds004513/derivatives/flint/ants/flint-vprec-single-five-levels/sub-s034/ses-open/anat/01/1_Affine.nii.gz (type = Euler3DTransform)
=============================================================================
  number of levels = 5
  fixed image: /templateflow/tpl-MNI152NLin2009cAsym/tpl-MNI152NLin2009cAsym_res-01_desc-brain_T1w.nii.gz
  moving image: /mnt/lustre/mathdugre/fast-interpolate/datasets/ds004513/derivatives/flint/ants/flint-vprec-single-five-levels/sub-s034/ses-open/anat/01/1_Affine.nii.gz
Dimension = 3
Number of stages = 1
Use histogram matching = false
Winsorize image intensities = true
  Lower quantile = 0.005
  Upper quantile = 0.995


Stage 1 State
   Image metric = CC
     Fixed image = Image (0x39f2f00)
  RTTI typeinfo:   itk::Image<double, 3u>
  Reference Count: 2
  Modified Time: 1622
  Debug: Off
  Object Name: 
  Observers: 
    none
  Source: (none)
  Source output name: (none)
  Release Data: Off
  Data Released: False
  Global Release Data: Off
  PipelineMTime: 0
  UpdateMTime: 1407
  RealTimeStamp: 0 seconds 
  LargestPossibleRegion: 
    Dimension: 3
    Index: [0, 0, 0]
    Size: [193, 229, 193]
  BufferedRegion: 
    Dimension: 3
    Index: [0, 0, 0]
    Size: [193, 229, 193]
  RequestedRegion: 
    Dimension: 3
    Index: [0, 0, 0]
    Size: [193, 229, 193]
  Spacing: [1, 1, 1]
  Origin: [96, 132, -78]
  Direction: 
-1 0 0
0 -1 0
0 0 1

  IndexToPointMatrix: 
-1 0 0
0 -1 0
0 0 1

  PointToIndexMatrix: 
-1 0 0
0 -1 0
0 0 1

  Inverse Direction: 
-1 0 0
0 -1 0
0 0 1

  PixelContainer: 
    ImportImageContainer (0x3adf1d0)
      RTTI typeinfo:   itk::ImportImageContainer<unsigned long, double>
      Reference Count: 1
      Modified Time: 1404
      Debug: Off
      Object Name: 
      Observers: 
        none
      Pointer: 0x7f06509a8010
      Container manages memory: true
      Size: 8530021
      Capacity: 8530021

     Moving image = Image (0x39f9ff0)
  RTTI typeinfo:   itk::Image<double, 3u>
  Reference Count: 2
  Modified Time: 1623
  Debug: Off
  Object Name: 
  Observers: 
    none
  Source: (none)
  Source output name: (none)
  Release Data: Off
  Data Released: False
  Global Release Data: Off
  PipelineMTime: 0
  UpdateMTime: 1620
  RealTimeStamp: 0 seconds 
  LargestPossibleRegion: 
    Dimension: 3
    Index: [0, 0, 0]
    Size: [193, 229, 193]
  BufferedRegion: 
    Dimension: 3
    Index: [0, 0, 0]
    Size: [193, 229, 193]
  RequestedRegion: 
    Dimension: 3
    Index: [0, 0, 0]
    Size: [193, 229, 193]
  Spacing: [1, 1, 1]
  Origin: [96, 132, -78]
  Direction: 
-1 0 0
0 -1 0
0 0 1

  IndexToPointMatrix: 
-1 0 0
0 -1 0
0 0 1

  PointToIndexMatrix: 
-1 0 0
0 -1 0
0 0 1

  Inverse Direction: 
-1 0 0
0 -1 0
0 0 1

  PixelContainer: 
    ImportImageContainer (0x3a80940)
      RTTI typeinfo:   itk::ImportImageContainer<unsigned long, double>
      Reference Count: 1
      Modified Time: 1617
      Debug: Off
      Object Name: 
      Observers: 
        none
      Pointer: 0x7f064c893010
      Container manages memory: true
      Size: 8530021
      Capacity: 8530021

     Weighting = 1
     Sampling strategy = none
     Number of bins = 32
     Radius = 4
     Sampling percentage  = 1
   Transform = SyN
     Gradient step = 0.1
     Update field sigma (voxel space) = 3
     Total field sigma (voxel space) = 0
     Update field time sigma = 0
     Total field time sigma  = 0
     Number of time indices = 0
     Number of time point samples = 0
Registration using 1 total stages.

Stage 0
  iterations = 100x100x70x50x20
  convergence threshold = 1e-06
  convergence window size = 10
  number of levels = 5
  using the CC metric (radius = 4, weight = 1, use gradient filter = 0)
  preprocessing:  winsorizing the image intensities
  Shrink factors (level 1 out of 5): [16, 16, 16]
  Shrink factors (level 2 out of 5): [8, 8, 8]
  Shrink factors (level 3 out of 5): [4, 4, 4]
  Shrink factors (level 4 out of 5): [2, 2, 2]
  Shrink factors (level 5 out of 5): [1, 1, 1]
  smoothing sigmas per level: [4, 3, 2, 1, 0]
  Using default NONE metricSamplingStrategy 

*** Running SyN registration (varianceForUpdateField = 3, varianceForTotalField = 0) ***

XXDIAGNOSTIC,Iteration,metricValue,convergenceValue,ITERATION_TIME_INDEX,SINCE_LAST
 1DIAGNOSTIC,     1, -9.831269979477e-01, 1.797693134862e+308, 1.2800e+02, 1.2800e+02, 
 1DIAGNOSTIC,     2, -9.874392747879e-01, 1.797693134862e+308, 1.2800e+02, 0.0000e+00, 
 1DIAGNOSTIC,     3, -9.891583919525e-01, 1.797693134862e+308, 1.2800e+02, 0.0000e+00, 
 1DIAGNOSTIC,     4, -9.899604916573e-01, 1.797693134862e+308, 1.2800e+02, 0.0000e+00, 
 1DIAGNOSTIC,     5, -9.906445145607e-01, 1.797693134862e+308, 1.2800e+02, 0.0000e+00, 
 1DIAGNOSTIC,     6, -9.903137683868e-01, 1.797693134862e+308, 1.2800e+02, 0.0000e+00, 
 1DIAGNOSTIC,     7, -9.912027120590e-01, 1.797693134862e+308, 1.2800e+02, 0.0000e+00, 
 1DIAGNOSTIC,     8, -9.899779558182e-01, 1.797693134862e+308, 1.2800e+02, 0.0000e+00, 
 1DIAGNOSTIC,     9, -9.913667440414e-01, 1.797693134862e+308, 1.2800e+02, 0.0000e+00, 
 1DIAGNOSTIC,    10, -9.895142316818e-01, 3.168582916260e-04, 1.2800e+02, 0.0000e+00, 
 1DIAGNOSTIC,    11, -9.913820028305e-01, 1.354515552521e-04, 1.2800e+02, 0.0000e+00, 
 1DIAGNOSTIC,    12, -9.894576072693e-01, 2.745538949966e-05, 1.2800e+02, 0.0000e+00, 
 1DIAGNOSTIC,    13, -9.911959767342e-01, 1.107156276703e-05, 1.2800e+02, 0.0000e+00, 
 1DIAGNOSTIC,    14, -9.896452426910e-01, -2.041459083557e-05, 1.2800e+02, 0.0000e+00, 
XXDIAGNOSTIC,Iteration,metricValue,convergenceValue,ITERATION_TIME_INDEX,SINCE_LAST
 1DIAGNOSTIC,     1, -9.584380388260e-01, 1.797693134862e+308, 1.2800e+02, 0.0000e+00, 
 1DIAGNOSTIC,     2, -9.605021476746e-01, 1.797693134862e+308, 2.5600e+02, 1.2800e+02, 
 1DIAGNOSTIC,     3, -9.627263545990e-01, 1.797693134862e+308, 2.5600e+02, 0.0000e+00, 
 1DIAGNOSTIC,     4, -9.645204544067e-01, 1.797693134862e+308, 2.5600e+02, 0.0000e+00, 
 1DIAGNOSTIC,     5, -9.662554860115e-01, 1.797693134862e+308, 2.5600e+02, 0.0000e+00, 
 1DIAGNOSTIC,     6, -9.683365225792e-01, 1.797693134862e+308, 2.5600e+02, 0.0000e+00, 
 1DIAGNOSTIC,     7, -9.704372882843e-01, 1.797693134862e+308, 2.5600e+02, 0.0000e+00, 
 1DIAGNOSTIC,     8, -9.721385240555e-01, 1.797693134862e+308, 2.5600e+02, 0.0000e+00, 
 1DIAGNOSTIC,     9, -9.731836318970e-01, 1.797693134862e+308, 2.5600e+02, 0.0000e+00, 
 1DIAGNOSTIC,    10, -9.732132554054e-01, 1.048602163792e-03, 2.5600e+02, 0.0000e+00, 
 1DIAGNOSTIC,    11, -9.738646149635e-01, 8.493661880493e-04, 3.8400e+02, 1.2800e+02, 
 1DIAGNOSTIC,    12, -9.741361141205e-01, 6.632208824158e-04, 3.8400e+02, 0.0000e+00, 
 1DIAGNOSTIC,    13, -9.741655588150e-01, 4.962980747223e-04, 3.8400e+02, 0.0000e+00, 
 1DIAGNOSTIC,    14, -9.742391705513e-01, 3.476068377495e-04, 3.8400e+02, 0.0000e+00, 
 1DIAGNOSTIC,    15, -9.744621515274e-01, 2.253949642181e-04, 3.8400e+02, 0.0000e+00, 
 1DIAGNOSTIC,    16, -9.744233489037e-01, 1.347437500954e-04, 3.8400e+02, 0.0000e+00, 
 1DIAGNOSTIC,    17, -9.747856855392e-01, 8.438155055046e-05, 3.8400e+02, 0.0000e+00, 
 1DIAGNOSTIC,    18, -9.746829271317e-01, 5.758553743362e-05, 3.8400e+02, 0.0000e+00, 
 1DIAGNOSTIC,    19, -9.749610424042e-01, 4.908815026283e-05, 3.8400e+02, 0.0000e+00, 
 1DIAGNOSTIC,    20, -9.748781323433e-01, 3.593415021896e-05, 5.1200e+02, 1.2800e+02, 
 1DIAGNOSTIC,    21, -9.751828908920e-01, 3.412365913391e-05, 5.1200e+02, 0.0000e+00, 
 1DIAGNOSTIC,    22, -9.750496149063e-01, 3.118813037872e-05, 5.1200e+02, 0.0000e+00, 
 1DIAGNOSTIC,    23, -9.752709865570e-01, 2.896413207054e-05, 5.1200e+02, 0.0000e+00, 
 1DIAGNOSTIC,    24, -9.751608371735e-01, 2.380833029747e-05, 5.1200e+02, 0.0000e+00, 
 1DIAGNOSTIC,    25, -9.754221439362e-01, 2.270936965942e-05, 5.1200e+02, 0.0000e+00, 
 1DIAGNOSTIC,    26, -9.752660393715e-01, 1.728534698486e-05, 5.1200e+02, 0.0000e+00, 
 1DIAGNOSTIC,    27, -9.754463434219e-01, 1.676380634308e-05, 5.1200e+02, 0.0000e+00, 
 1DIAGNOSTIC,    28, -9.752838611603e-01, 1.192465424538e-05, 6.4000e+02, 1.2800e+02, 
 1DIAGNOSTIC,    29, -9.754992723465e-01, 1.147016882896e-05, 6.4000e+02, 0.0000e+00, 
 1DIAGNOSTIC,    30, -9.753785729408e-01, 7.931143045425e-06, 6.4000e+02, 0.0000e+00, 
 1DIAGNOSTIC,    31, -9.755638837814e-01, 8.679926395416e-06, 6.4000e+02, 0.0000e+00, 
 1DIAGNOSTIC,    32, -9.753789901733e-01, 5.666166543961e-06, 6.4000e+02, 0.0000e+00, 
 1DIAGNOSTIC,    33, -9.755825996399e-01, 6.258487701416e-06, 6.4000e+02, 0.0000e+00, 
 1DIAGNOSTIC,    34, -9.754201173782e-01, 3.844499588013e-06, 6.4000e+02, 0.0000e+00, 
 1DIAGNOSTIC,    35, -9.755725264549e-01, 4.818663001060e-06, 6.4000e+02, 0.0000e+00, 
 1DIAGNOSTIC,    36, -9.754251241684e-01, 2.836808562279e-06, 6.4000e+02, 0.0000e+00, 
 1DIAGNOSTIC,    37, -9.756631255150e-01, 4.164874553680e-06, 7.6800e+02, 1.2800e+02, 
 1DIAGNOSTIC,    38, -9.754892587662e-01, 2.413988113403e-06, 7.6800e+02, 0.0000e+00, 
 1DIAGNOSTIC,    39, -9.756233096123e-01, 3.293156623840e-06, 7.6800e+02, 0.0000e+00, 
 1DIAGNOSTIC,    40, -9.754403829575e-01, 1.622363924980e-06, 7.6800e+02, 0.0000e+00, 
 1DIAGNOSTIC,    41, -9.756413698196e-01, 2.784654498100e-06, 7.6800e+02, 0.0000e+00, 
 1DIAGNOSTIC,    42, -9.755212664604e-01, 1.475214958191e-06, 7.6800e+02, 0.0000e+00, 
 1DIAGNOSTIC,    43, -9.756582975388e-01, 2.531334757805e-06, 7.6800e+02, 0.0000e+00, 
 1DIAGNOSTIC,    44, -9.754112958908e-01, 6.128102540970e-07, 7.6800e+02, 0.0000e+00, 
XXDIAGNOSTIC,Iteration,metricValue,convergenceValue,ITERATION_TIME_INDEX,SINCE_LAST
 1DIAGNOSTIC,     1, -9.235332012177e-01, 1.797693134862e+308, 1.0240e+03, 2.5600e+02, 
 1DIAGNOSTIC,     2, -9.263978004456e-01, 1.797693134862e+308, 1.1520e+03, 1.2800e+02, 
 1DIAGNOSTIC,     3, -9.297813177109e-01, 1.797693134862e+308, 1.2800e+03, 1.2800e+02, 
 1DIAGNOSTIC,     4, -9.327003955841e-01, 1.797693134862e+308, 1.4080e+03, 1.2800e+02, 
 1DIAGNOSTIC,     5, -9.354089498520e-01, 1.797693134862e+308, 1.5360e+03, 1.2800e+02, 
 1DIAGNOSTIC,     6, -9.375703334808e-01, 1.797693134862e+308, 1.6640e+03, 1.2800e+02, 
 1DIAGNOSTIC,     7, -9.394814968109e-01, 1.797693134862e+308, 1.7920e+03, 1.2800e+02, 
 1DIAGNOSTIC,     8, -9.409844279289e-01, 1.797693134862e+308, 1.9200e+03, 1.2800e+02, 
 1DIAGNOSTIC,     9, -9.423362016678e-01, 1.797693134862e+308, 2.0480e+03, 1.2800e+02, 
 1DIAGNOSTIC,    10, -9.433336257935e-01, 1.374237239361e-03, 2.1760e+03, 1.2800e+02, 
 1DIAGNOSTIC,    11, -9.442656040192e-01, 1.090273261070e-03, 2.3040e+03, 1.2800e+02, 
 1DIAGNOSTIC,    12, -9.449616670609e-01, 8.451566100121e-04, 2.4320e+03, 1.2800e+02, 
 1DIAGNOSTIC,    13, -9.455294013023e-01, 6.530806422234e-04, 2.5600e+03, 1.2800e+02, 
 1DIAGNOSTIC,    14, -9.459320306778e-01, 5.004853010178e-04, 2.6880e+03, 1.2800e+02, 
 1DIAGNOSTIC,    15, -9.462891221046e-01, 3.841742873192e-04, 2.8160e+03, 1.2800e+02, 
 1DIAGNOSTIC,    16, -9.466227293015e-01, 2.940595149994e-04, 2.9440e+03, 1.2800e+02, 
 1DIAGNOSTIC,    17, -9.469133615494e-01, 2.264492213726e-04, 3.0720e+03, 1.2800e+02, 
 1DIAGNOSTIC,    18, -9.471904039383e-01, 1.751743257046e-04, 3.2000e+03, 1.2800e+02, 
 1DIAGNOSTIC,    19, -9.474312067032e-01, 1.383647322655e-04, 3.3280e+03, 1.2800e+02, 
 1DIAGNOSTIC,    20, -9.476648569107e-01, 1.109056174755e-04, 3.4560e+03, 1.2800e+02, 
 1DIAGNOSTIC,    21, -9.478741884232e-01, 9.211897850037e-05, 3.5840e+03, 1.2800e+02, 
 1DIAGNOSTIC,    22, -9.480642676353e-01, 7.858872413635e-05, 3.7120e+03, 1.2800e+02, 
 1DIAGNOSTIC,    23, -9.482455253601e-01, 6.875023245811e-05, 3.8400e+03, 1.2800e+02, 
 1DIAGNOSTIC,    24, -9.484099149704e-01, 6.047263741493e-05, 3.9680e+03, 1.2800e+02, 
 1DIAGNOSTIC,    25, -9.485549926758e-01, 5.328282713890e-05, 4.0960e+03, 1.2800e+02, 
 1DIAGNOSTIC,    26, -9.487027525902e-01, 4.728510975838e-05, 4.2240e+03, 1.2800e+02, 
 1DIAGNOSTIC,    27, -9.488402605057e-01, 4.211813211441e-05, 4.4800e+03, 2.5600e+02, 
 1DIAGNOSTIC,    28, -9.489691257477e-01, 3.777071833611e-05, 4.6080e+03, 1.2800e+02, 
 1DIAGNOSTIC,    29, -9.490925669670e-01, 3.400817513466e-05, 4.7360e+03, 1.2800e+02, 
 1DIAGNOSTIC,    30, -9.492076635361e-01, 3.084167838097e-05, 4.8640e+03, 1.2800e+02, 
 1DIAGNOSTIC,    31, -9.493216276169e-01, 2.817064523697e-05, 4.9920e+03, 1.2800e+02, 
 1DIAGNOSTIC,    32, -9.494310617447e-01, 2.587959170341e-05, 5.1200e+03, 1.2800e+02, 
 1DIAGNOSTIC,    33, -9.495357275009e-01, 2.394244074821e-05, 5.2480e+03, 1.2800e+02, 
 1DIAGNOSTIC,    34, -9.496392011642e-01, 2.228468656540e-05, 5.3760e+03, 1.2800e+02, 
 1DIAGNOSTIC,    35, -9.497358798981e-01, 2.073869109154e-05, 5.5040e+03, 1.2800e+02, 
 1DIAGNOSTIC,    36, -9.498331546783e-01, 1.942925155163e-05, 5.6320e+03, 1.2800e+02, 
 1DIAGNOSTIC,    37, -9.499195218086e-01, 1.821666955948e-05, 5.7600e+03, 1.2800e+02, 
 1DIAGNOSTIC,    38, -9.500039815903e-01, 1.708604395390e-05, 5.8880e+03, 1.2800e+02, 
 1DIAGNOSTIC,    39, -9.500847458839e-01, 1.602247357368e-05, 6.0160e+03, 1.2800e+02, 
 1DIAGNOSTIC,    40, -9.501605033875e-01, 1.497380435467e-05, 6.1440e+03, 1.2800e+02, 
 1DIAGNOSTIC,    41, -9.502366781235e-01, 1.400895416737e-05, 6.2720e+03, 1.2800e+02, 
 1DIAGNOSTIC,    42, -9.503023624420e-01, 1.306459307671e-05, 6.4000e+03, 1.2800e+02, 
 1DIAGNOSTIC,    43, -9.503631591797e-01, 1.212954521179e-05, 6.5280e+03, 1.2800e+02, 
 1DIAGNOSTIC,    44, -9.504246711731e-01, 1.125596463680e-05, 6.6560e+03, 1.2800e+02, 
 1DIAGNOSTIC,    45, -9.504808783531e-01, 1.043081283569e-05, 6.7840e+03, 1.2800e+02, 
 1DIAGNOSTIC,    46, -9.505276679993e-01, 9.639188647270e-06, 6.9120e+03, 1.2800e+02, 
 1DIAGNOSTIC,    47, -9.505767822266e-01, 8.881092071533e-06, 7.0400e+03, 1.2800e+02, 
 1DIAGNOSTIC,    48, -9.506224393845e-01, 8.171424269676e-06, 7.1680e+03, 1.2800e+02, 
 1DIAGNOSTIC,    49, -9.506682753563e-01, 7.543712854385e-06, 7.2960e+03, 1.2800e+02, 
 1DIAGNOSTIC,    50, -9.507102966309e-01, 6.973743438721e-06, 7.4240e+03, 1.2800e+02, 
 1DIAGNOSTIC,    51, -9.507520794868e-01, 6.504356861115e-06, 7.5520e+03, 1.2800e+02, 
 1DIAGNOSTIC,    52, -9.507895708084e-01, 6.085261702538e-06, 7.6800e+03, 1.2800e+02, 
 1DIAGNOSTIC,    53, -9.508253335953e-01, 5.692243576050e-06, 7.8080e+03, 1.2800e+02, 
 1DIAGNOSTIC,    54, -9.508593082428e-01, 5.347654223442e-06, 7.9360e+03, 1.2800e+02, 
 1DIAGNOSTIC,    55, -9.508857727051e-01, 5.010515451431e-06, 8.0640e+03, 1.2800e+02, 
 1DIAGNOSTIC,    56, -9.509133696556e-01, 4.649162292480e-06, 8.1920e+03, 1.2800e+02, 
 1DIAGNOSTIC,    57, -9.509338140488e-01, 4.271045327187e-06, 8.4480e+03, 2.5600e+02, 
 1DIAGNOSTIC,    58, -9.509584903717e-01, 3.911554813385e-06, 8.5760e+03, 1.2800e+02, 
 1DIAGNOSTIC,    59, -9.509834647179e-01, 3.594905138016e-06, 8.7040e+03, 1.2800e+02, 
 1DIAGNOSTIC,    60, -9.510067701340e-01, 3.319233655930e-06, 8.8320e+03, 1.2800e+02, 
 1DIAGNOSTIC,    61, -9.510301351547e-01, 3.099441528320e-06, 8.9600e+03, 1.2800e+02, 
 1DIAGNOSTIC,    62, -9.510505199432e-01, 2.918764948845e-06, 9.0880e+03, 1.2800e+02, 
 1DIAGNOSTIC,    63, -9.510731101036e-01, 2.782791852951e-06, 9.2160e+03, 1.2800e+02, 
 1DIAGNOSTIC,    64, -9.510908722878e-01, 2.672895789146e-06, 9.3440e+03, 1.2800e+02, 
 1DIAGNOSTIC,    65, -9.511069059372e-01, 2.551823854446e-06, 9.4720e+03, 1.2800e+02, 
 1DIAGNOSTIC,    66, -9.511224031448e-01, 2.427026629448e-06, 9.6000e+03, 1.2800e+02, 
 1DIAGNOSTIC,    67, -9.511380791664e-01, 2.283602952957e-06, 9.7280e+03, 1.2800e+02, 
 1DIAGNOSTIC,    68, -9.511547684669e-01, 2.143904566765e-06, 9.8560e+03, 1.2800e+02, 
 1DIAGNOSTIC,    69, -9.511713385582e-01, 2.030283212662e-06, 9.9840e+03, 1.2800e+02, 
 1DIAGNOSTIC,    70, -9.511862397194e-01, 1.930631697178e-06, 1.0112e+04, 1.2800e+02, 
XXDIAGNOSTIC,Iteration,metricValue,convergenceValue,ITERATION_TIME_INDEX,SINCE_LAST
 1DIAGNOSTIC,     1, -9.014233350754e-01, 1.797693134862e+308, 1.1264e+04, 1.1520e+03, 
 1DIAGNOSTIC,     2, -9.036496877670e-01, 1.797693134862e+308, 1.2288e+04, 1.0240e+03, 
 1DIAGNOSTIC,     3, -9.063303470612e-01, 1.797693134862e+308, 1.3440e+04, 1.1520e+03, 
 1DIAGNOSTIC,     4, -9.090126156807e-01, 1.797693134862e+308, 1.4464e+04, 1.0240e+03, 
 1DIAGNOSTIC,     5, -9.112644195557e-01, 1.797693134862e+308, 1.5616e+04, 1.1520e+03, 
 1DIAGNOSTIC,     6, -9.130944013596e-01, 1.797693134862e+308, 1.6640e+04, 1.0240e+03, 
 1DIAGNOSTIC,     7, -9.147896766663e-01, 1.797693134862e+308, 1.7664e+04, 1.0240e+03, 
 1DIAGNOSTIC,     8, -9.163647294044e-01, 1.797693134862e+308, 1.8816e+04, 1.1520e+03, 
 1DIAGNOSTIC,     9, -9.178658723831e-01, 1.797693134862e+308, 1.9840e+04, 1.0240e+03, 
 1DIAGNOSTIC,    10, -9.192450046539e-01, 1.259580254555e-03, 2.0992e+04, 1.1520e+03, 
 1DIAGNOSTIC,    11, -9.205571413040e-01, 1.052841544151e-03, 2.2016e+04, 1.0240e+03, 
 1DIAGNOSTIC,    12, -9.217678308487e-01, 8.746758103371e-04, 2.3168e+04, 1.1520e+03, 
 1DIAGNOSTIC,    13, -9.227353930473e-01, 7.314234972000e-04, 2.4192e+04, 1.0240e+03, 
 1DIAGNOSTIC,    14, -9.234468936920e-01, 6.170272827148e-04, 2.5344e+04, 1.1520e+03, 
 1DIAGNOSTIC,    15, -9.242496490479e-01, 5.245432257652e-04, 2.6368e+04, 1.0240e+03, 
 1DIAGNOSTIC,    16, -9.248386621475e-01, 4.420727491379e-04, 2.7520e+04, 1.1520e+03, 
 1DIAGNOSTIC,    17, -9.255160689354e-01, 3.716535866261e-04, 2.8544e+04, 1.0240e+03, 
 1DIAGNOSTIC,    18, -9.260083436966e-01, 3.101155161858e-04, 2.9696e+04, 1.1520e+03, 
 1DIAGNOSTIC,    19, -9.264780282974e-01, 2.583861351013e-04, 3.0720e+04, 1.0240e+03, 
 1DIAGNOSTIC,    20, -9.269154071808e-01, 2.158097922802e-04, 3.1872e+04, 1.1520e+03, 
 1DIAGNOSTIC,    21, -9.273347854614e-01, 1.825168728828e-04, 3.2896e+04, 1.0240e+03, 
 1DIAGNOSTIC,    22, -9.277318716049e-01, 1.577064394951e-04, 3.4048e+04, 1.1520e+03, 
 1DIAGNOSTIC,    23, -9.281127452850e-01, 1.384131610394e-04, 3.5072e+04, 1.0240e+03, 
 1DIAGNOSTIC,    24, -9.284764528275e-01, 1.215487718582e-04, 3.6224e+04, 1.1520e+03, 
 1DIAGNOSTIC,    25, -9.288167953491e-01, 1.087635755539e-04, 3.7248e+04, 1.0240e+03, 
 1DIAGNOSTIC,    26, -9.290982484818e-01, 9.702146053314e-05, 3.8400e+04, 1.1520e+03, 
 1DIAGNOSTIC,    27, -9.293333888054e-01, 8.746609091759e-05, 3.9424e+04, 1.0240e+03, 
 1DIAGNOSTIC,    28, -9.295382499695e-01, 7.805228233337e-05, 4.0576e+04, 1.1520e+03, 
 1DIAGNOSTIC,    29, -9.297175407410e-01, 6.885454058647e-05, 4.1600e+04, 1.0240e+03, 
 1DIAGNOSTIC,    30, -9.298850893974e-01, 6.000325083733e-05, 4.2752e+04, 1.1520e+03, 
 1DIAGNOSTIC,    31, -9.300455451012e-01, 5.185231566429e-05, 4.3776e+04, 1.0240e+03, 
 1DIAGNOSTIC,    32, -9.302132129669e-01, 4.477798938751e-05, 4.4800e+04, 1.0240e+03, 
 1DIAGNOSTIC,    33, -9.303851127625e-01, 3.907829523087e-05, 4.5952e+04, 1.1520e+03, 
 1DIAGNOSTIC,    34, -9.305672049522e-01, 3.498792648315e-05, 4.6976e+04, 1.0240e+03, 
 1DIAGNOSTIC,    35, -9.307623505592e-01, 3.254786133766e-05, 4.8128e+04, 1.1520e+03, 
 1DIAGNOSTIC,    36, -9.309633970261e-01, 3.131479024887e-05, 4.9152e+04, 1.0240e+03, 
 1DIAGNOSTIC,    37, -9.311569929123e-01, 3.077648580074e-05, 5.0304e+04, 1.1520e+03, 
 1DIAGNOSTIC,    38, -9.313577413559e-01, 3.067031502724e-05, 5.1328e+04, 1.0240e+03, 
 1DIAGNOSTIC,    39, -9.315593242645e-01, 3.068707883358e-05, 5.2480e+04, 1.1520e+03, 
 1DIAGNOSTIC,    40, -9.317537546158e-01, 3.060884773731e-05, 5.3504e+04, 1.0240e+03, 
 1DIAGNOSTIC,    41, -9.319530725479e-01, 3.035552799702e-05, 5.4656e+04, 1.1520e+03, 
 1DIAGNOSTIC,    42, -9.321411848068e-01, 2.986378967762e-05, 5.5680e+04, 1.0240e+03, 
 1DIAGNOSTIC,    43, -9.323128461838e-01, 2.903863787651e-05, 5.6832e+04, 1.1520e+03, 
 1DIAGNOSTIC,    44, -9.324770569801e-01, 2.793222665787e-05, 5.7856e+04, 1.0240e+03, 
 1DIAGNOSTIC,    45, -9.326311349869e-01, 2.663955092430e-05, 5.9008e+04, 1.1520e+03, 
 1DIAGNOSTIC,    46, -9.327684640884e-01, 2.514757215977e-05, 6.0032e+04, 1.0240e+03, 
 1DIAGNOSTIC,    47, -9.328987598419e-01, 2.347491681576e-05, 6.1184e+04, 1.1520e+03, 
 1DIAGNOSTIC,    48, -9.330185651779e-01, 2.170912921429e-05, 6.2208e+04, 1.0240e+03, 
 1DIAGNOSTIC,    49, -9.331326484680e-01, 1.995451748371e-05, 6.3360e+04, 1.1520e+03, 
 1DIAGNOSTIC,    50, -9.332368373871e-01, 1.823715865612e-05, 6.4384e+04, 1.0240e+03, 
XXDIAGNOSTIC,Iteration,metricValue,convergenceValue,ITERATION_TIME_INDEX,SINCE_LAST
 1DIAGNOSTIC,     1, -9.021288156509e-01, 1.797693134862e+308, 7.3472e+04, 9.0880e+03, 
 1DIAGNOSTIC,     2, -9.036915302277e-01, 1.797693134862e+308, 8.2304e+04, 8.8320e+03, 
 1DIAGNOSTIC,     3, -9.057632684708e-01, 1.797693134862e+308, 9.1136e+04, 8.8320e+03, 
 1DIAGNOSTIC,     4, -9.079300165176e-01, 1.797693134862e+308, 9.9968e+04, 8.8320e+03, 
 1DIAGNOSTIC,     5, -9.100447893143e-01, 1.797693134862e+308, 1.0880e+05, 8.8320e+03, 
 1DIAGNOSTIC,     6, -9.119688272476e-01, 1.797693134862e+308, 1.1763e+05, 8.8320e+03, 
 1DIAGNOSTIC,     7, -9.136881232262e-01, 1.797693134862e+308, 1.2646e+05, 8.8320e+03, 
 1DIAGNOSTIC,     8, -9.152157902718e-01, 1.797693134862e+308, 1.3530e+05, 8.8320e+03, 
 1DIAGNOSTIC,     9, -9.165946841240e-01, 1.797693134862e+308, 1.4413e+05, 8.8320e+03, 
 1DIAGNOSTIC,    10, -9.177528619766e-01, 1.143768429756e-03, 1.5296e+05, 8.8320e+03, 
 1DIAGNOSTIC,    11, -9.188872575760e-01, 9.797364473343e-04, 1.6179e+05, 8.8320e+03, 
