---------------------
Experiment information

SIF_IMG: /mnt/lustre/mathdugre/containers/ants-flint-vprec.simg
SIF_IMG_BASE: /mnt/lustre/mathdugre/containers/ants-flint-base.simg
EXPERIMENT_NAME: flint-vprec-single
STAGE: syn
SUBJECT_ID: s026
REPETITION_ID: 1

FIXED_IMG: /templateflow/tpl-MNI152NLin2009cAsym/tpl-MNI152NLin2009cAsym_res-01_desc-brain_T1w.nii.gz
INPUT_IMG: /mnt/lustre/mathdugre/fast-interpolate/datasets/ds004513/derivatives/flint/ants/flint-vprec-single/sub-s026/ses-open/anat/11/1_Affine.nii.gz

DATA_DIR: /mnt/lustre/mathdugre/fast-interpolate/datasets/ds004513
OUTPUT_DIR: /mnt/lustre/mathdugre/fast-interpolate/datasets/ds004513/derivatives/flint/ants/flint-vprec-single/sub-s026/ses-open/anat
OUTPUT_PREFIX: 111
THREAD: 1
FLOAT: 0
VFC_BACKENDS: libinterflop_vprec.so --precision-binary32=23 --range-binary32=8 --precision-binary64=23 --range-binary64=8
---------------------

--output [/mnt/lustre/mathdugre/fast-interpolate/datasets/ds004513/derivatives/flint/ants/flint-vprec-single/sub-s026/ses-open/anat/111/1_,/mnt/lustre/mathdugre/fast-interpolate/datasets/ds004513/derivatives/flint/ants/flint-vprec-single/sub-s026/ses-open/anat/111/1_Warped.nii.gz,/mnt/lustre/mathdugre/fast-interpolate/datasets/ds004513/derivatives/flint/ants/flint-vprec-single/sub-s026/ses-open/anat/111/1_InverseSyN.nii.gz] --initial-moving-transform [/templateflow/tpl-MNI152NLin2009cAsym/tpl-MNI152NLin2009cAsym_res-01_desc-brain_T1w.nii.gz,/mnt/lustre/mathdugre/fast-interpolate/datasets/ds004513/derivatives/flint/ants/flint-vprec-single/sub-s026/ses-open/anat/11/1_Affine.nii.gz,1] --transform SyN[ 0.1,3,0 ] --metric CC[/templateflow/tpl-MNI152NLin2009cAsym/tpl-MNI152NLin2009cAsym_res-01_desc-brain_T1w.nii.gz,/mnt/lustre/mathdugre/fast-interpolate/datasets/ds004513/derivatives/flint/ants/flint-vprec-single/sub-s026/ses-open/anat/11/1_Affine.nii.gz,1,4] --convergence [100x70x50x20,1e-6,10] --shrink-factors 8x4x2x1 --smoothing-sigmas 3x2x1x0vox
All_Command_lines_OK
Using double precision for computations.
=============================================================================
The composite transform comprises the following transforms (in order): 
  1. Center of mass alignment using fixed image: /templateflow/tpl-MNI152NLin2009cAsym/tpl-MNI152NLin2009cAsym_res-01_desc-brain_T1w.nii.gz and moving image: /mnt/lustre/mathdugre/fast-interpolate/datasets/ds004513/derivatives/flint/ants/flint-vprec-single/sub-s026/ses-open/anat/11/1_Affine.nii.gz (type = Euler3DTransform)
=============================================================================
  number of levels = 4
  fixed image: /templateflow/tpl-MNI152NLin2009cAsym/tpl-MNI152NLin2009cAsym_res-01_desc-brain_T1w.nii.gz
  moving image: /mnt/lustre/mathdugre/fast-interpolate/datasets/ds004513/derivatives/flint/ants/flint-vprec-single/sub-s026/ses-open/anat/11/1_Affine.nii.gz
Dimension = 3
Number of stages = 1
Use histogram matching = false
Winsorize image intensities = true
  Lower quantile = 0.005
  Upper quantile = 0.995


Stage 1 State
   Image metric = CC
     Fixed image = Image (0x4cb7b50)
  RTTI typeinfo:   itk::Image<double, 3u>
  Reference Count: 2
  Modified Time: 1622
  Debug: Off
  Object Name: 
  Observers: 
    none
  Source: (none)
  Source output name: (none)
  Release Data: Off
  Data Released: False
  Global Release Data: Off
  PipelineMTime: 0
  UpdateMTime: 1407
  RealTimeStamp: 0 seconds 
  LargestPossibleRegion: 
    Dimension: 3
    Index: [0, 0, 0]
    Size: [193, 229, 193]
  BufferedRegion: 
    Dimension: 3
    Index: [0, 0, 0]
    Size: [193, 229, 193]
  RequestedRegion: 
    Dimension: 3
    Index: [0, 0, 0]
    Size: [193, 229, 193]
  Spacing: [1, 1, 1]
  Origin: [96, 132, -78]
  Direction: 
-1 0 0
0 -1 0
0 0 1

  IndexToPointMatrix: 
-1 0 0
0 -1 0
0 0 1

  PointToIndexMatrix: 
-1 0 0
0 -1 0
0 0 1

  Inverse Direction: 
-1 0 0
0 -1 0
0 0 1

  PixelContainer: 
    ImportImageContainer (0x4d306d0)
      RTTI typeinfo:   itk::ImportImageContainer<unsigned long, double>
      Reference Count: 1
      Modified Time: 1404
      Debug: Off
      Object Name: 
      Observers: 
        none
      Pointer: 0x7f4a0d484010
      Container manages memory: true
      Size: 8530021
      Capacity: 8530021

     Moving image = Image (0x4cc3d60)
  RTTI typeinfo:   itk::Image<double, 3u>
  Reference Count: 2
  Modified Time: 1623
  Debug: Off
  Object Name: 
  Observers: 
    none
  Source: (none)
  Source output name: (none)
  Release Data: Off
  Data Released: False
  Global Release Data: Off
  PipelineMTime: 0
  UpdateMTime: 1620
  RealTimeStamp: 0 seconds 
  LargestPossibleRegion: 
    Dimension: 3
    Index: [0, 0, 0]
    Size: [193, 229, 193]
  BufferedRegion: 
    Dimension: 3
    Index: [0, 0, 0]
    Size: [193, 229, 193]
  RequestedRegion: 
    Dimension: 3
    Index: [0, 0, 0]
    Size: [193, 229, 193]
  Spacing: [1, 1, 1]
  Origin: [96, 132, -78]
  Direction: 
-1 0 0
0 -1 0
0 0 1

  IndexToPointMatrix: 
-1 0 0
0 -1 0
0 0 1

  PointToIndexMatrix: 
-1 0 0
0 -1 0
0 0 1

  Inverse Direction: 
-1 0 0
0 -1 0
0 0 1

  PixelContainer: 
    ImportImageContainer (0x4d907d0)
      RTTI typeinfo:   itk::ImportImageContainer<unsigned long, double>
      Reference Count: 1
      Modified Time: 1617
      Debug: Off
      Object Name: 
      Observers: 
        none
      Pointer: 0x7f4a0936f010
      Container manages memory: true
      Size: 8530021
      Capacity: 8530021

     Weighting = 1
     Sampling strategy = none
     Number of bins = 32
     Radius = 4
     Sampling percentage  = 1
   Transform = SyN
     Gradient step = 0.1
     Update field sigma (voxel space) = 3
     Total field sigma (voxel space) = 0
     Update field time sigma = 0
     Total field time sigma  = 0
     Number of time indices = 0
     Number of time point samples = 0
Registration using 1 total stages.

Stage 0
  iterations = 100x70x50x20
  convergence threshold = 1e-06
  convergence window size = 10
  number of levels = 4
  using the CC metric (radius = 4, weight = 1, use gradient filter = 0)
  preprocessing:  winsorizing the image intensities
  Shrink factors (level 1 out of 4): [8, 8, 8]
  Shrink factors (level 2 out of 4): [4, 4, 4]
  Shrink factors (level 3 out of 4): [2, 2, 2]
  Shrink factors (level 4 out of 4): [1, 1, 1]
  smoothing sigmas per level: [3, 2, 1, 0]
  Using default NONE metricSamplingStrategy 

*** Running SyN registration (varianceForUpdateField = 3, varianceForTotalField = 0) ***

XXDIAGNOSTIC,Iteration,metricValue,convergenceValue,ITERATION_TIME_INDEX,SINCE_LAST
 1DIAGNOSTIC,     1, -9.390205144882e-01, 1.797693134862e+308, 0.0000e+00, 0.0000e+00, 
 1DIAGNOSTIC,     2, -9.443112611771e-01, 1.797693134862e+308, 0.0000e+00, 0.0000e+00, 
 1DIAGNOSTIC,     3, -9.488826990128e-01, 1.797693134862e+308, 0.0000e+00, 0.0000e+00, 
 1DIAGNOSTIC,     4, -9.526727199554e-01, 1.797693134862e+308, 1.2800e+02, 1.2800e+02, 
 1DIAGNOSTIC,     5, -9.562220573425e-01, 1.797693134862e+308, 1.2800e+02, 0.0000e+00, 
 1DIAGNOSTIC,     6, -9.599125385284e-01, 1.797693134862e+308, 1.2800e+02, 0.0000e+00, 
 1DIAGNOSTIC,     7, -9.646356105804e-01, 1.797693134862e+308, 1.2800e+02, 0.0000e+00, 
 1DIAGNOSTIC,     8, -9.686699509621e-01, 1.797693134862e+308, 1.2800e+02, 0.0000e+00, 
 1DIAGNOSTIC,     9, -9.717278480530e-01, 1.797693134862e+308, 1.2800e+02, 0.0000e+00, 
 1DIAGNOSTIC,    10, -9.734539985657e-01, 2.331338822842e-03, 1.2800e+02, 0.0000e+00, 
 1DIAGNOSTIC,    11, -9.740163087845e-01, 1.918755471706e-03, 1.2800e+02, 0.0000e+00, 
 1DIAGNOSTIC,    12, -9.742270708084e-01, 1.537926495075e-03, 2.5600e+02, 1.2800e+02, 
 1DIAGNOSTIC,    13, -9.748517870903e-01, 1.194372773170e-03, 2.5600e+02, 0.0000e+00, 
 1DIAGNOSTIC,    14, -9.748387336731e-01, 8.707642555237e-04, 2.5600e+02, 0.0000e+00, 
 1DIAGNOSTIC,    15, -9.754390716553e-01, 5.928575992584e-04, 2.5600e+02, 0.0000e+00, 
 1DIAGNOSTIC,    16, -9.753440618515e-01, 3.610998392105e-04, 2.5600e+02, 0.0000e+00, 
 1DIAGNOSTIC,    17, -9.757955670357e-01, 2.126693725586e-04, 2.5600e+02, 0.0000e+00, 
 1DIAGNOSTIC,    18, -9.756451845169e-01, 1.237541437149e-04, 2.5600e+02, 0.0000e+00, 
 1DIAGNOSTIC,    19, -9.759986996651e-01, 8.527189493179e-05, 3.8400e+02, 1.2800e+02, 
 1DIAGNOSTIC,    20, -9.758340120316e-01, 6.560608744621e-05, 3.8400e+02, 0.0000e+00, 
 1DIAGNOSTIC,    21, -9.760948419571e-01, 5.346909165382e-05, 3.8400e+02, 0.0000e+00, 
 1DIAGNOSTIC,    22, -9.759171009064e-01, 3.778561949730e-05, 3.8400e+02, 0.0000e+00, 
 1DIAGNOSTIC,    23, -9.761339426041e-01, 3.097578883171e-05, 3.8400e+02, 0.0000e+00, 
 1DIAGNOSTIC,    24, -9.759537577629e-01, 1.935288310051e-05, 3.8400e+02, 0.0000e+00, 
 1DIAGNOSTIC,    25, -9.761565923691e-01, 1.653656363487e-05, 3.8400e+02, 0.0000e+00, 
 1DIAGNOSTIC,    26, -9.759804010391e-01, 9.246170520782e-06, 3.8400e+02, 0.0000e+00, 
 1DIAGNOSTIC,    27, -9.761714935303e-01, 8.869916200638e-06, 5.1200e+02, 1.2800e+02, 
 1DIAGNOSTIC,    28, -9.760011434555e-01, 4.276633262634e-06, 5.1200e+02, 0.0000e+00, 
 1DIAGNOSTIC,    29, -9.761785268784e-01, 5.181878805161e-06, 5.1200e+02, 0.0000e+00, 
 1DIAGNOSTIC,    30, -9.760099649429e-01, 2.268701791763e-06, 5.1200e+02, 0.0000e+00, 
 1DIAGNOSTIC,    31, -9.762421250343e-01, 4.187226295471e-06, 5.1200e+02, 0.0000e+00, 
 1DIAGNOSTIC,    32, -9.760172963142e-01, 1.884996891022e-06, 5.1200e+02, 0.0000e+00, 
 1DIAGNOSTIC,    33, -9.762503504753e-01, 3.743916749954e-06, 5.1200e+02, 0.0000e+00, 
 1DIAGNOSTIC,    34, -9.760828018188e-01, 2.130866050720e-06, 6.4000e+02, 1.2800e+02, 
 1DIAGNOSTIC,    35, -9.762535095215e-01, 3.706663846970e-06, 6.4000e+02, 0.0000e+00, 
 1DIAGNOSTIC,    36, -9.760895371437e-01, 2.078711986542e-06, 6.4000e+02, 0.0000e+00, 
 1DIAGNOSTIC,    37, -9.762545824051e-01, 3.322958946228e-06, 6.4000e+02, 0.0000e+00, 
 1DIAGNOSTIC,    38, -9.760909080505e-01, 1.620501279831e-06, 6.4000e+02, 0.0000e+00, 
 1DIAGNOSTIC,    39, -9.762485623360e-01, 2.520158886909e-06, 6.4000e+02, 0.0000e+00, 
 1DIAGNOSTIC,    40, -9.760859012604e-01, 7.040798664093e-07, 6.4000e+02, 0.0000e+00, 
XXDIAGNOSTIC,Iteration,metricValue,convergenceValue,ITERATION_TIME_INDEX,SINCE_LAST
 1DIAGNOSTIC,     1, -9.215939640999e-01, 1.797693134862e+308, 8.9600e+02, 2.5600e+02, 
 1DIAGNOSTIC,     2, -9.242786169052e-01, 1.797693134862e+308, 1.0240e+03, 1.2800e+02, 
 1DIAGNOSTIC,     3, -9.280503392220e-01, 1.797693134862e+308, 1.1520e+03, 1.2800e+02, 
 1DIAGNOSTIC,     4, -9.310000538826e-01, 1.797693134862e+308, 1.2800e+03, 1.2800e+02, 
 1DIAGNOSTIC,     5, -9.337387084961e-01, 1.797693134862e+308, 1.5360e+03, 2.5600e+02, 
 1DIAGNOSTIC,     6, -9.357398152351e-01, 1.797693134862e+308, 1.6640e+03, 1.2800e+02, 
 1DIAGNOSTIC,     7, -9.374753236771e-01, 1.797693134862e+308, 1.7920e+03, 1.2800e+02, 
 1DIAGNOSTIC,     8, -9.387586116791e-01, 1.797693134862e+308, 1.9200e+03, 1.2800e+02, 
 1DIAGNOSTIC,     9, -9.398560523987e-01, 1.797693134862e+308, 2.0480e+03, 1.2800e+02, 
 1DIAGNOSTIC,    10, -9.406164884567e-01, 1.328222453594e-03, 2.3040e+03, 2.5600e+02, 
 1DIAGNOSTIC,    11, -9.412809610367e-01, 1.021847128868e-03, 2.4320e+03, 1.2800e+02, 
 1DIAGNOSTIC,    12, -9.418737888336e-01, 7.570907473564e-04, 2.5600e+03, 1.2800e+02, 
 1DIAGNOSTIC,    13, -9.424170255661e-01, 5.650073289871e-04, 2.6880e+03, 1.2800e+02, 
 1DIAGNOSTIC,    14, -9.428964257240e-01, 4.228055477142e-04, 2.8160e+03, 1.2800e+02, 
 1DIAGNOSTIC,    15, -9.433073997498e-01, 3.243982791901e-04, 2.9440e+03, 1.2800e+02, 
 1DIAGNOSTIC,    16, -9.436619281769e-01, 2.529695630074e-04, 3.2000e+03, 2.5600e+02, 
 1DIAGNOSTIC,    17, -9.439643621445e-01, 2.028383314610e-04, 3.3280e+03, 1.2800e+02, 
 1DIAGNOSTIC,    18, -9.442234635353e-01, 1.653581857681e-04, 3.4560e+03, 1.2800e+02, 
 1DIAGNOSTIC,    19, -9.444534778595e-01, 1.376457512379e-04, 3.5840e+03, 1.2800e+02, 
 1DIAGNOSTIC,    20, -9.446581602097e-01, 1.145340502262e-04, 3.7120e+03, 1.2800e+02, 
 1DIAGNOSTIC,    21, -9.448462724686e-01, 9.528174996376e-05, 3.8400e+03, 1.2800e+02, 
 1DIAGNOSTIC,    22, -9.450044035912e-01, 7.922202348709e-05, 4.0960e+03, 2.5600e+02, 
 1DIAGNOSTIC,    23, -9.450306892395e-01, 6.468221545219e-05, 4.2240e+03, 1.2800e+02, 
 1DIAGNOSTIC,    24, -9.451749324799e-01, 5.324557423592e-05, 4.3520e+03, 1.2800e+02, 
 1DIAGNOSTIC,    25, -9.451931715012e-01, 4.294142127037e-05, 4.4800e+03, 1.2800e+02, 
 1DIAGNOSTIC,    26, -9.453173875809e-01, 3.504008054733e-05, 4.6080e+03, 1.2800e+02, 
 1DIAGNOSTIC,    27, -9.453191757202e-01, 2.788007259369e-05, 4.8640e+03, 2.5600e+02, 
 1DIAGNOSTIC,    28, -9.453222751617e-01, 2.153217792511e-05, 4.9920e+03, 1.2800e+02, 
 1DIAGNOSTIC,    29, -9.453375339508e-01, 1.624226570129e-05, 5.1200e+03, 1.2800e+02, 
 1DIAGNOSTIC,    30, -9.453500509262e-01, 1.201778650284e-05, 5.2480e+03, 1.2800e+02, 
 1DIAGNOSTIC,    31, -9.453640580177e-01, 8.959323167801e-06, 5.3760e+03, 1.2800e+02, 
 1DIAGNOSTIC,    32, -9.453738927841e-01, 6.929039955139e-06, 5.6320e+03, 2.5600e+02, 
 1DIAGNOSTIC,    33, -9.453867673874e-01, 4.809349775314e-06, 5.7600e+03, 1.2800e+02, 
 1DIAGNOSTIC,    34, -9.454019665718e-01, 3.866851329803e-06, 5.8880e+03, 1.2800e+02, 
 1DIAGNOSTIC,    35, -9.454100728035e-01, 2.894550561905e-06, 6.0160e+03, 1.2800e+02, 
 1DIAGNOSTIC,    36, -9.454264640808e-01, 2.965331077576e-06, 6.1440e+03, 1.2800e+02, 
 1DIAGNOSTIC,    37, -9.454381465912e-01, 2.946704626083e-06, 6.2720e+03, 1.2800e+02, 
 1DIAGNOSTIC,    38, -9.454462528229e-01, 2.818182110786e-06, 6.5280e+03, 2.5600e+02, 
 1DIAGNOSTIC,    39, -9.454516768456e-01, 2.659857273102e-06, 6.6560e+03, 1.2800e+02, 
 1DIAGNOSTIC,    40, -9.454555511475e-01, 2.464279532433e-06, 6.7840e+03, 1.2800e+02, 
 1DIAGNOSTIC,    41, -9.454595446587e-01, 2.248212695122e-06, 6.9120e+03, 1.2800e+02, 
 1DIAGNOSTIC,    42, -9.454637765884e-01, 2.000480890274e-06, 7.0400e+03, 1.2800e+02, 
 1DIAGNOSTIC,    43, -9.454673528671e-01, 1.760199666023e-06, 7.2960e+03, 2.5600e+02, 
 1DIAGNOSTIC,    44, -9.454680681229e-01, 1.538544893265e-06, 7.4240e+03, 1.2800e+02, 
 1DIAGNOSTIC,    45, -9.454710483551e-01, 1.328065991402e-06, 7.5520e+03, 1.2800e+02, 
 1DIAGNOSTIC,    46, -9.454712271690e-01, 1.167878508568e-06, 7.6800e+03, 1.2800e+02, 
 1DIAGNOSTIC,    47, -9.454724192619e-01, 1.056119799614e-06, 7.8080e+03, 1.2800e+02, 
 1DIAGNOSTIC,    48, -9.454752802849e-01, 9.778887033463e-07, 7.9360e+03, 1.2800e+02, 
XXDIAGNOSTIC,Iteration,metricValue,convergenceValue,ITERATION_TIME_INDEX,SINCE_LAST
 1DIAGNOSTIC,     1, -8.965641260147e-01, 1.797693134862e+308, 9.3440e+03, 1.4080e+03, 
 1DIAGNOSTIC,     2, -8.987734913826e-01, 1.797693134862e+308, 1.0496e+04, 1.1520e+03, 
 1DIAGNOSTIC,     3, -9.014978408813e-01, 1.797693134862e+308, 1.1776e+04, 1.2800e+03, 
 1DIAGNOSTIC,     4, -9.041091203690e-01, 1.797693134862e+308, 1.3056e+04, 1.2800e+03, 
 1DIAGNOSTIC,     5, -9.065930843353e-01, 1.797693134862e+308, 1.4336e+04, 1.2800e+03, 
 1DIAGNOSTIC,     6, -9.088525772095e-01, 1.797693134862e+308, 1.5488e+04, 1.1520e+03, 
 1DIAGNOSTIC,     7, -9.109355211258e-01, 1.797693134862e+308, 1.6768e+04, 1.2800e+03, 
 1DIAGNOSTIC,     8, -9.126818776131e-01, 1.797693134862e+308, 1.8048e+04, 1.2800e+03, 
 1DIAGNOSTIC,     9, -9.141722917557e-01, 1.797693134862e+308, 1.9328e+04, 1.2800e+03, 
 1DIAGNOSTIC,    10, -9.153859615326e-01, 1.372188329697e-03, 2.0608e+04, 1.2800e+03, 
 1DIAGNOSTIC,    11, -9.164581298828e-01, 1.143306493759e-03, 2.1760e+04, 1.1520e+03, 
 1DIAGNOSTIC,    12, -9.175271987915e-01, 9.348616003990e-04, 2.3040e+04, 1.2800e+03, 
 1DIAGNOSTIC,    13, -9.183838367462e-01, 7.595196366310e-04, 2.4320e+04, 1.2800e+03, 
 1DIAGNOSTIC,    14, -9.191581606865e-01, 6.153434514999e-04, 2.5600e+04, 1.2800e+03, 
 1DIAGNOSTIC,    15, -9.198855161667e-01, 5.006790161133e-04, 2.6880e+04, 1.2800e+03, 
 1DIAGNOSTIC,    16, -9.205609560013e-01, 4.112347960472e-04, 2.8160e+04, 1.2800e+03, 
 1DIAGNOSTIC,    17, -9.211924672127e-01, 3.438480198383e-04, 2.9312e+04, 1.1520e+03, 
 1DIAGNOSTIC,    18, -9.217957854271e-01, 2.925843000412e-04, 3.0592e+04, 1.2800e+03, 
 1DIAGNOSTIC,    19, -9.223786592484e-01, 2.534352242947e-04, 3.1872e+04, 1.2800e+03, 
 1DIAGNOSTIC,    20, -9.229210615158e-01, 2.218484878540e-04, 3.3152e+04, 1.2800e+03, 
 1DIAGNOSTIC,    21, -9.234260320663e-01, 1.958198845387e-04, 3.4432e+04, 1.2800e+03, 
 1DIAGNOSTIC,    22, -9.239004254341e-01, 1.755729317665e-04, 3.5584e+04, 1.1520e+03, 
 1DIAGNOSTIC,    23, -9.243489503860e-01, 1.582615077496e-04, 3.6864e+04, 1.2800e+03, 
 1DIAGNOSTIC,    24, -9.247685074806e-01, 1.429393887520e-04, 3.8144e+04, 1.2800e+03, 
 1DIAGNOSTIC,    25, -9.251737594604e-01, 1.294538378716e-04, 3.9424e+04, 1.2800e+03, 
 1DIAGNOSTIC,    26, -9.255595207214e-01, 1.174695789814e-04, 4.0704e+04, 1.2800e+03, 
 1DIAGNOSTIC,    27, -9.259172677994e-01, 1.066662371159e-04, 4.1984e+04, 1.2800e+03, 
 1DIAGNOSTIC,    28, -9.262746572495e-01, 9.719654917717e-05, 4.3136e+04, 1.1520e+03, 
 1DIAGNOSTIC,    29, -9.266154170036e-01, 8.906796574593e-05, 4.4416e+04, 1.2800e+03, 
 1DIAGNOSTIC,    30, -9.269435405731e-01, 8.204206824303e-05, 4.5696e+04, 1.2800e+03, 
 1DIAGNOSTIC,    31, -9.272539615631e-01, 7.586181163788e-05, 4.6976e+04, 1.2800e+03, 
 1DIAGNOSTIC,    32, -9.275625944138e-01, 7.046386599541e-05, 4.8256e+04, 1.2800e+03, 
 1DIAGNOSTIC,    33, -9.278603792191e-01, 6.571412086487e-05, 4.9408e+04, 1.1520e+03, 
 1DIAGNOSTIC,    34, -9.281428456306e-01, 6.141886115074e-05, 5.0688e+04, 1.2800e+03, 
 1DIAGNOSTIC,    35, -9.284042119980e-01, 5.743466317654e-05, 5.1968e+04, 1.2800e+03, 
 1DIAGNOSTIC,    36, -9.286518096924e-01, 5.368143320084e-05, 5.3248e+04, 1.2800e+03, 
 1DIAGNOSTIC,    37, -9.288882017136e-01, 5.001388490200e-05, 5.4528e+04, 1.2800e+03, 
 1DIAGNOSTIC,    38, -9.291174411774e-01, 4.656240344048e-05, 5.5808e+04, 1.2800e+03, 
 1DIAGNOSTIC,    39, -9.293373227119e-01, 4.332326352596e-05, 5.6960e+04, 1.1520e+03, 
 1DIAGNOSTIC,    40, -9.295517206192e-01, 4.033371806145e-05, 5.8240e+04, 1.2800e+03, 
 1DIAGNOSTIC,    41, -9.297629594803e-01, 3.760308027267e-05, 5.9520e+04, 1.2800e+03, 
 1DIAGNOSTIC,    42, -9.299594163895e-01, 3.514997661114e-05, 6.0800e+04, 1.2800e+03, 
 1DIAGNOSTIC,    43, -9.301575422287e-01, 3.304518759251e-05, 6.2080e+04, 1.2800e+03, 
 1DIAGNOSTIC,    44, -9.303453564644e-01, 3.120116889477e-05, 6.3232e+04, 1.1520e+03, 
 1DIAGNOSTIC,    45, -9.305294752121e-01, 2.954714000225e-05, 6.4512e+04, 1.2800e+03, 
 1DIAGNOSTIC,    46, -9.307065010071e-01, 2.801977097988e-05, 6.5792e+04, 1.2800e+03, 
 1DIAGNOSTIC,    47, -9.308823347092e-01, 2.660974860191e-05, 6.7072e+04, 1.2800e+03, 
 1DIAGNOSTIC,    48, -9.310472011566e-01, 2.528168261051e-05, 6.8352e+04, 1.2800e+03, 
 1DIAGNOSTIC,    49, -9.312046766281e-01, 2.398714423180e-05, 6.9632e+04, 1.2800e+03, 
 1DIAGNOSTIC,    50, -9.313539266586e-01, 2.272799611092e-05, 7.0784e+04, 1.1520e+03, 
XXDIAGNOSTIC,Iteration,metricValue,convergenceValue,ITERATION_TIME_INDEX,SINCE_LAST
 1DIAGNOSTIC,     1, -8.987119197845e-01, 1.797693134862e+308, 8.1280e+04, 1.0496e+04, 
 1DIAGNOSTIC,     2, -9.003787040710e-01, 1.797693134862e+308, 9.1520e+04, 1.0240e+04, 
 1DIAGNOSTIC,     3, -9.022841453552e-01, 1.797693134862e+308, 1.0176e+05, 1.0240e+04, 
 1DIAGNOSTIC,     4, -9.040855169296e-01, 1.797693134862e+308, 1.1200e+05, 1.0240e+04, 
 1DIAGNOSTIC,     5, -9.057224988937e-01, 1.797693134862e+308, 1.2224e+05, 1.0240e+04, 
 1DIAGNOSTIC,     6, -9.074280858040e-01, 1.797693134862e+308, 1.3248e+05, 1.0240e+04, 
 1DIAGNOSTIC,     7, -9.088746309280e-01, 1.797693134862e+308, 1.4272e+05, 1.0240e+04, 
 1DIAGNOSTIC,     8, -9.101917743683e-01, 1.797693134862e+308, 1.5296e+05, 1.0240e+04, 
 1DIAGNOSTIC,     9, -9.114426374435e-01, 1.797693134862e+308, 1.6307e+05, 1.0112e+04, 
 1DIAGNOSTIC,    10, -9.125095605850e-01, 9.921938180923e-04, 1.7331e+05, 1.0240e+04, 
 1DIAGNOSTIC,    11, -9.134777784348e-01, 8.440762758255e-04, 1.8355e+05, 1.0240e+04, 
 1DIAGNOSTIC,    12, -9.143514633179e-01, 7.107183337212e-04, 1.9392e+05, 1.0368e+04, 
 1DIAGNOSTIC,    13, -9.151498675346e-01, 5.984231829643e-04, 2.0416e+05, 1.0240e+04, 
 1DIAGNOSTIC,    14, -9.157885313034e-01, 5.020350217819e-04, 2.1440e+05, 1.0240e+04, 
 1DIAGNOSTIC,    15, -9.163614511490e-01, 4.183799028397e-04, 2.2464e+05, 1.0240e+04, 
 1DIAGNOSTIC,    16, -9.169224500656e-01, 3.508925437927e-04, 2.3501e+05, 1.0368e+04, 
 1DIAGNOSTIC,    17, -9.174453616142e-01, 2.949871122837e-04, 2.4525e+05, 1.0240e+04, 
 1DIAGNOSTIC,    18, -9.179608821869e-01, 2.496279776096e-04, 2.5562e+05, 1.0368e+04, 
 1DIAGNOSTIC,    19, -9.184395670891e-01, 2.141855657101e-04, 2.6586e+05, 1.0240e+04, 
 1DIAGNOSTIC,    20, -9.189261198044e-01, 1.865252852440e-04, 2.7507e+05, 9.2160e+03, 
  Elapsed time (stage 0): 275072


Total elapsed time: 275072
-i /mnt/lustre/mathdugre/fast-interpolate/datasets/ds004513/derivatives/flint/ants/flint-vprec-single/sub-s026/ses-open/anat/11/1_Affine.nii.gz -o /mnt/lustre/mathdugre/fast-interpolate/datasets/ds004513/derivatives/flint/ants/flint-vprec-single/sub-s026/ses-open/anat/111/1_transformed.nii.gz -t /mnt/lustre/mathdugre/fast-interpolate/datasets/ds004513/derivatives/flint/ants/flint-vprec-single/sub-s026/ses-open/anat/111/1_1Warp.nii.gz -t /mnt/lustre/mathdugre/fast-interpolate/datasets/ds004513/derivatives/flint/ants/flint-vprec-single/sub-s026/ses-open/anat/111/1_0GenericAffine.mat
