---------------------
Experiment information

SIF_IMG: /mnt/lustre/mathdugre/containers/ants-flint-base.simg
SIF_IMG_BASE: /mnt/lustre/mathdugre/containers/ants-flint-base.simg
EXPERIMENT_NAME: flint-vprec-single-five-levels
STAGE: syn
SUBJECT_ID: s003
REPETITION_ID: 1

FIXED_IMG: /templateflow/tpl-MNI152NLin2009cAsym/tpl-MNI152NLin2009cAsym_res-01_desc-brain_T1w.nii.gz
INPUT_IMG: /mnt/lustre/mathdugre/fast-interpolate/datasets/ds004513/derivatives/flint/ants/flint-vprec-single-five-levels/sub-s003/ses-open/anat/00/1_Affine.nii.gz

DATA_DIR: /mnt/lustre/mathdugre/fast-interpolate/datasets/ds004513
OUTPUT_DIR: /mnt/lustre/mathdugre/fast-interpolate/datasets/ds004513/derivatives/flint/ants/flint-vprec-single-five-levels/sub-s003/ses-open/anat
OUTPUT_PREFIX: 000
THREAD: 1
FLOAT: 0
VFC_BACKENDS: ieee
---------------------

--output [/mnt/lustre/mathdugre/fast-interpolate/datasets/ds004513/derivatives/flint/ants/flint-vprec-single-five-levels/sub-s003/ses-open/anat/000/1_,/mnt/lustre/mathdugre/fast-interpolate/datasets/ds004513/derivatives/flint/ants/flint-vprec-single-five-levels/sub-s003/ses-open/anat/000/1_Warped.nii.gz,/mnt/lustre/mathdugre/fast-interpolate/datasets/ds004513/derivatives/flint/ants/flint-vprec-single-five-levels/sub-s003/ses-open/anat/000/1_InverseSyN.nii.gz] --initial-moving-transform [/templateflow/tpl-MNI152NLin2009cAsym/tpl-MNI152NLin2009cAsym_res-01_desc-brain_T1w.nii.gz,/mnt/lustre/mathdugre/fast-interpolate/datasets/ds004513/derivatives/flint/ants/flint-vprec-single-five-levels/sub-s003/ses-open/anat/00/1_Affine.nii.gz,1] --transform SyN[ 0.1,3,0 ] --metric CC[/templateflow/tpl-MNI152NLin2009cAsym/tpl-MNI152NLin2009cAsym_res-01_desc-brain_T1w.nii.gz,/mnt/lustre/mathdugre/fast-interpolate/datasets/ds004513/derivatives/flint/ants/flint-vprec-single-five-levels/sub-s003/ses-open/anat/00/1_Affine.nii.gz,1,4] --convergence [100x100x70x50x20,1e-6,10] --shrink-factors 16x8x4x2x1 --smoothing-sigmas 4x3x2x1x0vox
All_Command_lines_OK
Using double precision for computations.
=============================================================================
The composite transform comprises the following transforms (in order): 
  1. Center of mass alignment using fixed image: /templateflow/tpl-MNI152NLin2009cAsym/tpl-MNI152NLin2009cAsym_res-01_desc-brain_T1w.nii.gz and moving image: /mnt/lustre/mathdugre/fast-interpolate/datasets/ds004513/derivatives/flint/ants/flint-vprec-single-five-levels/sub-s003/ses-open/anat/00/1_Affine.nii.gz (type = Euler3DTransform)
=============================================================================
  number of levels = 5
  fixed image: /templateflow/tpl-MNI152NLin2009cAsym/tpl-MNI152NLin2009cAsym_res-01_desc-brain_T1w.nii.gz
  moving image: /mnt/lustre/mathdugre/fast-interpolate/datasets/ds004513/derivatives/flint/ants/flint-vprec-single-five-levels/sub-s003/ses-open/anat/00/1_Affine.nii.gz
Dimension = 3
Number of stages = 1
Use histogram matching = false
Winsorize image intensities = true
  Lower quantile = 0.005
  Upper quantile = 0.995


Stage 1 State
   Image metric = CC
     Fixed image = Image (0x561cb7095d90)
  RTTI typeinfo:   itk::Image<double, 3u>
  Reference Count: 2
  Modified Time: 1622
  Debug: Off
  Object Name: 
  Observers: 
    none
  Source: (none)
  Source output name: (none)
  Release Data: Off
  Data Released: False
  Global Release Data: Off
  PipelineMTime: 0
  UpdateMTime: 1407
  RealTimeStamp: 0 seconds 
  LargestPossibleRegion: 
    Dimension: 3
    Index: [0, 0, 0]
    Size: [193, 229, 193]
  BufferedRegion: 
    Dimension: 3
    Index: [0, 0, 0]
    Size: [193, 229, 193]
  RequestedRegion: 
    Dimension: 3
    Index: [0, 0, 0]
    Size: [193, 229, 193]
  Spacing: [1, 1, 1]
  Origin: [96, 132, -78]
  Direction: 
-1 0 0
0 -1 0
0 0 1

  IndexToPointMatrix: 
-1 0 0
0 -1 0
0 0 1

  PointToIndexMatrix: 
-1 0 0
0 -1 0
0 0 1

  Inverse Direction: 
-1 0 0
0 -1 0
0 0 1

  PixelContainer: 
    ImportImageContainer (0x561cb70a4250)
      RTTI typeinfo:   itk::ImportImageContainer<unsigned long, double>
      Reference Count: 1
      Modified Time: 1404
      Debug: Off
      Object Name: 
      Observers: 
        none
      Pointer: 0x7fe587fd6010
      Container manages memory: true
      Size: 8530021
      Capacity: 8530021

     Moving image = Image (0x561cb709c1f0)
  RTTI typeinfo:   itk::Image<double, 3u>
  Reference Count: 2
  Modified Time: 1623
  Debug: Off
  Object Name: 
  Observers: 
    none
  Source: (none)
  Source output name: (none)
  Release Data: Off
  Data Released: False
  Global Release Data: Off
  PipelineMTime: 0
  UpdateMTime: 1620
  RealTimeStamp: 0 seconds 
  LargestPossibleRegion: 
    Dimension: 3
    Index: [0, 0, 0]
    Size: [193, 229, 193]
  BufferedRegion: 
    Dimension: 3
    Index: [0, 0, 0]
    Size: [193, 229, 193]
  RequestedRegion: 
    Dimension: 3
    Index: [0, 0, 0]
    Size: [193, 229, 193]
  Spacing: [1, 1, 1]
  Origin: [96, 132, -78]
  Direction: 
-1 0 0
0 -1 0
0 0 1

  IndexToPointMatrix: 
-1 0 0
0 -1 0
0 0 1

  PointToIndexMatrix: 
-1 0 0
0 -1 0
0 0 1

  Inverse Direction: 
-1 0 0
0 -1 0
0 0 1

  PixelContainer: 
    ImportImageContainer (0x561cb70a8a60)
      RTTI typeinfo:   itk::ImportImageContainer<unsigned long, double>
      Reference Count: 1
      Modified Time: 1617
      Debug: Off
      Object Name: 
      Observers: 
        none
      Pointer: 0x7fe583ec1010
      Container manages memory: true
      Size: 8530021
      Capacity: 8530021

     Weighting = 1
     Sampling strategy = none
     Number of bins = 32
     Radius = 4
     Sampling percentage  = 1
   Transform = SyN
     Gradient step = 0.1
     Update field sigma (voxel space) = 3
     Total field sigma (voxel space) = 0
     Update field time sigma = 0
     Total field time sigma  = 0
     Number of time indices = 0
     Number of time point samples = 0
Registration using 1 total stages.

Stage 0
  iterations = 100x100x70x50x20
  convergence threshold = 1e-06
  convergence window size = 10
  number of levels = 5
  using the CC metric (radius = 4, weight = 1, use gradient filter = 0)
  preprocessing:  winsorizing the image intensities
  Shrink factors (level 1 out of 5): [16, 16, 16]
  Shrink factors (level 2 out of 5): [8, 8, 8]
  Shrink factors (level 3 out of 5): [4, 4, 4]
  Shrink factors (level 4 out of 5): [2, 2, 2]
  Shrink factors (level 5 out of 5): [1, 1, 1]
  smoothing sigmas per level: [4, 3, 2, 1, 0]
  Using default NONE metricSamplingStrategy 

*** Running SyN registration (varianceForUpdateField = 3, varianceForTotalField = 0) ***

XXDIAGNOSTIC,Iteration,metricValue,convergenceValue,ITERATION_TIME_INDEX,SINCE_LAST
 1DIAGNOSTIC,     1, -8.975848002960e-01, 1.797693134862e+308, 1.5097e+00, 1.5097e+00, 
 1DIAGNOSTIC,     2, -9.136564756338e-01, 1.797693134862e+308, 1.5986e+00, 8.8859e-02, 
 1DIAGNOSTIC,     3, -9.246894756437e-01, 1.797693134862e+308, 1.6873e+00, 8.8732e-02, 
 1DIAGNOSTIC,     4, -9.319960442489e-01, 1.797693134862e+308, 1.7754e+00, 8.8153e-02, 
 1DIAGNOSTIC,     5, -9.354862324276e-01, 1.797693134862e+308, 1.8640e+00, 8.8529e-02, 
 1DIAGNOSTIC,     6, -9.374877221497e-01, 1.797693134862e+308, 1.9526e+00, 8.8633e-02, 
 1DIAGNOSTIC,     7, -9.386327435903e-01, 1.797693134862e+308, 2.0412e+00, 8.8596e-02, 
 1DIAGNOSTIC,     8, -9.393054867576e-01, 1.797693134862e+308, 2.1296e+00, 8.8413e-02, 
 1DIAGNOSTIC,     9, -9.397391878326e-01, 1.797693134862e+308, 2.2180e+00, 8.8417e-02, 
 1DIAGNOSTIC,    10, -9.400768560735e-01, 2.416851351712e-03, 2.3068e+00, 8.8805e-02, 
 1DIAGNOSTIC,    11, -9.403689086511e-01, 1.323151792289e-03, 2.3954e+00, 8.8595e-02, 
 1DIAGNOSTIC,    12, -9.406352692025e-01, 7.054787906286e-04, 2.4841e+00, 8.8627e-02, 
 1DIAGNOSTIC,    13, -9.408727991766e-01, 3.810118215636e-04, 2.5726e+00, 8.8532e-02, 
 1DIAGNOSTIC,    14, -9.410686511779e-01, 2.307133681987e-04, 2.6612e+00, 8.8567e-02, 
 1DIAGNOSTIC,    15, -9.412401046823e-01, 1.532925897522e-04, 2.7501e+00, 8.8932e-02, 
 1DIAGNOSTIC,    16, -9.414000613137e-01, 1.124285844164e-04, 2.8390e+00, 8.8928e-02, 
 1DIAGNOSTIC,    17, -9.415615879501e-01, 8.936425409858e-05, 2.9280e+00, 8.9028e-02, 
 1DIAGNOSTIC,    18, -9.417163857804e-01, 7.462301375428e-05, 3.0168e+00, 8.8776e-02, 
 1DIAGNOSTIC,    19, -9.418638062417e-01, 6.388631247584e-05, 3.1057e+00, 8.8885e-02, 
 1DIAGNOSTIC,    20, -9.419986364896e-01, 5.554945539785e-05, 3.1943e+00, 8.8621e-02, 
 1DIAGNOSTIC,    21, -9.421196651050e-01, 4.888740738221e-05, 3.2829e+00, 8.8612e-02, 
 1DIAGNOSTIC,    22, -9.422318095950e-01, 4.356790897286e-05, 3.3716e+00, 8.8695e-02, 
 1DIAGNOSTIC,    23, -9.423363000293e-01, 3.923145978791e-05, 3.4607e+00, 8.9016e-02, 
 1DIAGNOSTIC,    24, -9.424314938314e-01, 3.534631747523e-05, 3.5498e+00, 8.9167e-02, 
 1DIAGNOSTIC,    25, -9.425182676699e-01, 3.167699799444e-05, 3.6388e+00, 8.8987e-02, 
 1DIAGNOSTIC,    26, -9.425980115126e-01, 2.819453371833e-05, 3.7277e+00, 8.8844e-02, 
 1DIAGNOSTIC,    27, -9.426699780707e-01, 2.502181080152e-05, 3.8164e+00, 8.8730e-02, 
 1DIAGNOSTIC,    28, -9.427361770036e-01, 2.219072489980e-05, 3.9051e+00, 8.8741e-02, 
 1DIAGNOSTIC,    29, -9.427980281215e-01, 1.972804818532e-05, 3.9938e+00, 8.8648e-02, 
 1DIAGNOSTIC,    30, -9.428541046521e-01, 1.757434019511e-05, 4.0827e+00, 8.8903e-02, 
 1DIAGNOSTIC,    31, -9.429035884747e-01, 1.564355971186e-05, 4.1717e+00, 8.9068e-02, 
 1DIAGNOSTIC,    32, -9.429479934035e-01, 1.391334930265e-05, 4.2610e+00, 8.9214e-02, 
 1DIAGNOSTIC,    33, -9.429885899862e-01, 1.237920189776e-05, 4.3499e+00, 8.8956e-02, 
 1DIAGNOSTIC,    34, -9.430254271576e-01, 1.101363986167e-05, 4.4385e+00, 8.8573e-02, 
 1DIAGNOSTIC,    35, -9.430590431284e-01, 9.797558623525e-06, 4.5270e+00, 8.8487e-02, 
 1DIAGNOSTIC,    36, -9.430893456388e-01, 8.718879833579e-06, 4.6155e+00, 8.8508e-02, 
 1DIAGNOSTIC,    37, -9.431164983534e-01, 7.754779273950e-06, 4.7039e+00, 8.8394e-02, 
 1DIAGNOSTIC,    38, -9.431403353945e-01, 6.893435414611e-06, 4.7924e+00, 8.8545e-02, 
 1DIAGNOSTIC,    39, -9.431612513388e-01, 6.133801159752e-06, 4.8809e+00, 8.8479e-02, 
 1DIAGNOSTIC,    40, -9.431798570484e-01, 5.463616515499e-06, 4.9695e+00, 8.8633e-02, 
 1DIAGNOSTIC,    41, -9.431966668652e-01, 4.864360529634e-06, 5.0581e+00, 8.8607e-02, 
 1DIAGNOSTIC,    42, -9.432116548850e-01, 4.326148738177e-06, 5.1468e+00, 8.8682e-02, 
 1DIAGNOSTIC,    43, -9.432249996065e-01, 3.847268361629e-06, 5.2354e+00, 8.8537e-02, 
 1DIAGNOSTIC,    44, -9.432372618739e-01, 3.426953346149e-06, 5.3239e+00, 8.8556e-02, 
 1DIAGNOSTIC,    45, -9.432485809655e-01, 3.065372834583e-06, 5.4124e+00, 8.8472e-02, 
 1DIAGNOSTIC,    46, -9.432582750080e-01, 2.753729950244e-06, 5.5010e+00, 8.8615e-02, 
 1DIAGNOSTIC,    47, -9.432667543099e-01, 2.484708736185e-06, 5.5895e+00, 8.8530e-02, 
 1DIAGNOSTIC,    48, -9.432747323964e-01, 2.252132615645e-06, 5.6781e+00, 8.8535e-02, 
 1DIAGNOSTIC,    49, -9.432817903334e-01, 2.047464491280e-06, 5.7666e+00, 8.8578e-02, 
 1DIAGNOSTIC,    50, -9.432878957437e-01, 1.864668682773e-06, 5.8552e+00, 8.8559e-02, 
 1DIAGNOSTIC,    51, -9.432931733549e-01, 1.700835060306e-06, 5.9437e+00, 8.8484e-02, 
 1DIAGNOSTIC,    52, -9.432981161457e-01, 1.554783425058e-06, 6.0322e+00, 8.8520e-02, 
 1DIAGNOSTIC,    53, -9.433026074386e-01, 1.424386946003e-06, 6.1207e+00, 8.8466e-02, 
 1DIAGNOSTIC,    54, -9.433065065296e-01, 1.309114182439e-06, 6.2091e+00, 8.8438e-02, 
 1DIAGNOSTIC,    55, -9.433101834372e-01, 1.210550384344e-06, 6.2976e+00, 8.8500e-02, 
 1DIAGNOSTIC,    56, -9.433136318984e-01, 1.125100866563e-06, 6.3862e+00, 8.8620e-02, 
 1DIAGNOSTIC,    57, -9.433167805121e-01, 1.050130126318e-06, 6.4749e+00, 8.8655e-02, 
 1DIAGNOSTIC,    58, -9.433195680881e-01, 9.859819491385e-07, 6.5634e+00, 8.8551e-02, 
XXDIAGNOSTIC,Iteration,metricValue,convergenceValue,ITERATION_TIME_INDEX,SINCE_LAST
 1DIAGNOSTIC,     1, -8.740427531347e-01, 1.797693134862e+308, 8.7070e+00, 2.1435e+00, 
 1DIAGNOSTIC,     2, -8.780372040708e-01, 1.797693134862e+308, 9.4437e+00, 7.3675e-01, 
 1DIAGNOSTIC,     3, -8.821999964904e-01, 1.797693134862e+308, 1.0184e+01, 7.4056e-01, 
 1DIAGNOSTIC,     4, -8.860060572511e-01, 1.797693134862e+308, 1.0924e+01, 7.3927e-01, 
 1DIAGNOSTIC,     5, -8.890784514533e-01, 1.797693134862e+308, 1.1663e+01, 7.3922e-01, 
 1DIAGNOSTIC,     6, -8.917097486425e-01, 1.797693134862e+308, 1.2406e+01, 7.4305e-01, 
 1DIAGNOSTIC,     7, -8.940436806636e-01, 1.797693134862e+308, 1.3147e+01, 7.4102e-01, 
 1DIAGNOSTIC,     8, -8.960855037168e-01, 1.797693134862e+308, 1.3887e+01, 7.4025e-01, 
 1DIAGNOSTIC,     9, -8.978936749558e-01, 1.797693134862e+308, 1.4628e+01, 7.4042e-01, 
 1DIAGNOSTIC,    10, -8.995037696343e-01, 1.817553367001e-03, 1.5368e+01, 7.4036e-01, 
 1DIAGNOSTIC,    11, -9.009397335036e-01, 1.455150368952e-03, 1.6108e+01, 7.4053e-01, 
 1DIAGNOSTIC,    12, -9.022305696172e-01, 1.162192825202e-03, 1.6851e+01, 7.4286e-01, 
 1DIAGNOSTIC,    13, -9.034052296770e-01, 9.392026173375e-04, 1.7591e+01, 7.4017e-01, 
 1DIAGNOSTIC,    14, -9.044768200629e-01, 7.729916475587e-04, 1.8331e+01, 7.3958e-01, 
 1DIAGNOSTIC,    15, -9.054920065525e-01, 6.444974660892e-04, 1.9074e+01, 7.4341e-01, 
 1DIAGNOSTIC,    16, -9.063858996912e-01, 5.424912811612e-04, 1.9815e+01, 7.4098e-01, 
 1DIAGNOSTIC,    17, -9.072147884902e-01, 4.612521203556e-04, 2.0556e+01, 7.4072e-01, 
 1DIAGNOSTIC,    18, -9.079943115423e-01, 3.958528314729e-04, 2.1297e+01, 7.4049e-01, 
 1DIAGNOSTIC,    19, -9.087288675983e-01, 3.428109939701e-04, 2.2037e+01, 7.4041e-01, 
 1DIAGNOSTIC,    20, -9.094223786802e-01, 2.994779800827e-04, 2.2780e+01, 7.4284e-01, 
 1DIAGNOSTIC,    21, -9.100915697855e-01, 2.639309714846e-04, 2.3524e+01, 7.4415e-01, 
 1DIAGNOSTIC,    22, -9.105007707016e-01, 2.312784302130e-04, 2.4267e+01, 7.4305e-01, 
 1DIAGNOSTIC,    23, -9.108968384238e-01, 2.013892522165e-04, 2.5010e+01, 7.4314e-01, 
 1DIAGNOSTIC,    24, -9.112675673532e-01, 1.740317063916e-04, 2.5755e+01, 7.4485e-01, 
 1DIAGNOSTIC,    25, -9.116005718231e-01, 1.494700842224e-04, 2.6498e+01, 7.4338e-01, 
 1DIAGNOSTIC,    26, -9.118999196120e-01, 1.271760976537e-04, 2.7242e+01, 7.4341e-01, 
 1DIAGNOSTIC,    27, -9.121760176038e-01, 1.074716115969e-04, 2.7987e+01, 7.4499e-01, 
 1DIAGNOSTIC,    28, -9.124848519257e-01, 9.131221396618e-05, 2.8735e+01, 7.4792e-01, 
 1DIAGNOSTIC,    29, -9.127302071574e-01, 7.825857640224e-05, 2.9485e+01, 7.5037e-01, 
 1DIAGNOSTIC,    30, -9.129617890125e-01, 6.835405889932e-05, 3.0229e+01, 7.4422e-01, 
 1DIAGNOSTIC,    31, -9.131812464922e-01, 6.168746201791e-05, 3.0975e+01, 7.4540e-01, 
 1DIAGNOSTIC,    32, -9.133885487292e-01, 5.568473155895e-05, 3.1722e+01, 7.4694e-01, 
 1DIAGNOSTIC,    33, -9.135860272808e-01, 5.044527558913e-05, 3.2469e+01, 7.4714e-01, 
 1DIAGNOSTIC,    34, -9.137739054423e-01, 4.592448822850e-05, 3.3216e+01, 7.4711e-01, 
 1DIAGNOSTIC,    35, -9.139525828852e-01, 4.194063575993e-05, 3.3962e+01, 7.4656e-01, 
 1DIAGNOSTIC,    36, -9.141207647464e-01, 3.831832278265e-05, 3.4709e+01, 7.4673e-01, 
 1DIAGNOSTIC,    37, -9.142779691834e-01, 3.495614204329e-05, 3.5456e+01, 7.4692e-01, 
 1DIAGNOSTIC,    38, -9.144289817834e-01, 3.228771980866e-05, 3.6203e+01, 7.4710e-01, 
 1DIAGNOSTIC,    39, -9.145743935075e-01, 2.986969742827e-05, 3.6951e+01, 7.4728e-01, 
 1DIAGNOSTIC,    40, -9.147137615112e-01, 2.767972216382e-05, 3.7697e+01, 7.4676e-01, 
 1DIAGNOSTIC,    41, -9.148487421204e-01, 2.571400309569e-05, 3.8444e+01, 7.4677e-01, 
 1DIAGNOSTIC,    42, -9.149790801499e-01, 2.395506757380e-05, 3.9192e+01, 7.4828e-01, 
 1DIAGNOSTIC,    43, -9.151039366948e-01, 2.238663524859e-05, 3.9936e+01, 7.4335e-01, 
 1DIAGNOSTIC,    44, -9.152237574397e-01, 2.098827558522e-05, 4.0678e+01, 7.4261e-01, 
 1DIAGNOSTIC,    45, -9.153385532711e-01, 1.973543437129e-05, 4.1421e+01, 7.4297e-01, 
 1DIAGNOSTIC,    46, -9.154494695811e-01, 1.859709093116e-05, 4.2165e+01, 7.4332e-01, 
 1DIAGNOSTIC,    47, -9.155566419187e-01, 1.753580236794e-05, 4.2908e+01, 7.4328e-01, 
 1DIAGNOSTIC,    48, -9.156612611693e-01, 1.655378578402e-05, 4.3651e+01, 7.4347e-01, 
 1DIAGNOSTIC,    49, -9.157648365416e-01, 1.566325024441e-05, 4.4393e+01, 7.4207e-01, 
 1DIAGNOSTIC,    50, -9.158644387445e-01, 1.484878754576e-05, 4.5135e+01, 7.4191e-01, 
 1DIAGNOSTIC,    51, -9.159617165586e-01, 1.411330965919e-05, 4.5879e+01, 7.4328e-01, 
 1DIAGNOSTIC,    52, -9.160570272601e-01, 1.345539293829e-05, 4.6622e+01, 7.4306e-01, 
 1DIAGNOSTIC,    53, -9.161508640996e-01, 1.286662869200e-05, 4.7367e+01, 7.4531e-01, 
 1DIAGNOSTIC,    54, -9.162434117286e-01, 1.233873598635e-05, 4.8110e+01, 7.4293e-01, 
 1DIAGNOSTIC,    55, -9.163343083072e-01, 1.185849280456e-05, 4.8853e+01, 7.4348e-01, 
 1DIAGNOSTIC,    56, -9.164239296281e-01, 1.141962278369e-05, 4.9597e+01, 7.4414e-01, 
 1DIAGNOSTIC,    57, -9.165693763325e-01, 1.132768492307e-05, 5.0340e+01, 7.4259e-01, 
 1DIAGNOSTIC,    58, -9.166544705737e-01, 1.120572907775e-05, 5.1083e+01, 7.4324e-01, 
 1DIAGNOSTIC,    59, -9.167370322507e-01, 1.104218537042e-05, 5.1831e+01, 7.4760e-01, 
 1DIAGNOSTIC,    60, -9.168174014870e-01, 1.080594036350e-05, 5.2574e+01, 7.4277e-01, 
 1DIAGNOSTIC,    61, -9.168956057847e-01, 1.047673122524e-05, 5.3317e+01, 7.4372e-01, 
 1DIAGNOSTIC,    62, -9.169717955283e-01, 1.004989440520e-05, 5.4068e+01, 7.5101e-01, 
 1DIAGNOSTIC,    63, -9.170462821401e-01, 9.543051056916e-06, 5.4816e+01, 7.4749e-01, 
 1DIAGNOSTIC,    64, -9.171189825428e-01, 8.984180142953e-06, 5.5560e+01, 7.4366e-01, 
 1DIAGNOSTIC,    65, -9.171892541640e-01, 8.394356626272e-06, 5.6306e+01, 7.4604e-01, 
 1DIAGNOSTIC,    66, -9.172576722816e-01, 7.792694553223e-06, 5.7050e+01, 7.4418e-01, 
 1DIAGNOSTIC,    67, -9.173246131917e-01, 7.486777958012e-06, 5.7799e+01, 7.4891e-01, 
 1DIAGNOSTIC,    68, -9.173900958521e-01, 7.197786547595e-06, 5.8547e+01, 7.4828e-01, 
 1DIAGNOSTIC,    69, -9.174540133054e-01, 6.923778576454e-06, 5.9294e+01, 7.4661e-01, 
 1DIAGNOSTIC,    70, -9.175168674479e-01, 6.666159676063e-06, 6.0041e+01, 7.4781e-01, 
 1DIAGNOSTIC,    71, -9.175782187538e-01, 6.423509199350e-06, 6.0788e+01, 7.4673e-01, 
 1DIAGNOSTIC,    72, -9.176382270815e-01, 6.195040349658e-06, 6.1535e+01, 7.4691e-01, 
 1DIAGNOSTIC,    73, -9.176967359998e-01, 5.979963902177e-06, 6.2283e+01, 7.4765e-01, 
 1DIAGNOSTIC,    74, -9.177445217033e-01, 5.737714079608e-06, 6.3025e+01, 7.4248e-01, 
 1DIAGNOSTIC,    75, -9.178001650714e-01, 5.508781066406e-06, 6.3768e+01, 7.4259e-01, 
 1DIAGNOSTIC,    76, -9.178545256359e-01, 5.292993531865e-06, 6.4514e+01, 7.4670e-01, 
 1DIAGNOSTIC,    77, -9.179077774464e-01, 5.093117733482e-06, 6.5257e+01, 7.4286e-01, 
 1DIAGNOSTIC,    78, -9.179599410619e-01, 4.911850114062e-06, 6.6000e+01, 7.4303e-01, 
 1DIAGNOSTIC,    79, -9.180105744287e-01, 4.747972598688e-06, 6.6748e+01, 7.4758e-01, 
 1DIAGNOSTIC,    80, -9.180598908014e-01, 4.601039986816e-06, 6.7494e+01, 7.4654e-01, 
 1DIAGNOSTIC,    81, -9.181081540544e-01, 4.468389106142e-06, 6.8242e+01, 7.4776e-01, 
 1DIAGNOSTIC,    82, -9.181553455408e-01, 4.347817874858e-06, 6.8990e+01, 7.4730e-01, 
 1DIAGNOSTIC,    83, -9.182019064074e-01, 4.238753975809e-06, 6.9734e+01, 7.4418e-01, 
 1DIAGNOSTIC,    84, -9.182473371412e-01, 4.101334620929e-06, 7.0478e+01, 7.4413e-01, 
 1DIAGNOSTIC,    85, -9.182919922082e-01, 3.971086967359e-06, 7.1222e+01, 7.4373e-01, 
 1DIAGNOSTIC,    86, -9.183353264144e-01, 3.846278887474e-06, 7.1965e+01, 7.4384e-01, 
 1DIAGNOSTIC,    87, -9.183777072781e-01, 3.726993202646e-06, 7.2709e+01, 7.4329e-01, 
 1DIAGNOSTIC,    88, -9.184190481087e-01, 3.612829739217e-06, 7.3452e+01, 7.4306e-01, 
 1DIAGNOSTIC,    89, -9.184595673507e-01, 3.502392381848e-06, 7.4195e+01, 7.4357e-01, 
 1DIAGNOSTIC,    90, -9.184991972857e-01, 3.394727355079e-06, 7.4939e+01, 7.4360e-01, 
 1DIAGNOSTIC,    91, -9.185379600234e-01, 3.289898634686e-06, 7.5683e+01, 7.4393e-01, 
 1DIAGNOSTIC,    92, -9.185758279552e-01, 3.187717241981e-06, 7.6427e+01, 7.4395e-01, 
 1DIAGNOSTIC,    93, -9.186127867183e-01, 3.089428295246e-06, 7.7170e+01, 7.4359e-01, 
 1DIAGNOSTIC,    94, -9.187034799688e-01, 3.175510290623e-06, 7.7914e+01, 7.4361e-01, 
 1DIAGNOSTIC,    95, -9.187397385800e-01, 3.242454870232e-06, 7.8658e+01, 7.4353e-01, 
 1DIAGNOSTIC,    96, -9.188366219525e-01, 3.480779205808e-06, 7.9403e+01, 7.4567e-01, 
 1DIAGNOSTIC,    97, -9.188707502701e-01, 3.649388411908e-06, 8.0152e+01, 7.4926e-01, 
 1DIAGNOSTIC,    98, -9.189044493922e-01, 3.730557993719e-06, 8.0900e+01, 7.4711e-01, 
 1DIAGNOSTIC,    99, -9.189376743990e-01, 3.709966623140e-06, 8.1647e+01, 7.4705e-01, 
 1DIAGNOSTIC,   100, -9.189696531939e-01, 3.580713274253e-06, 8.2393e+01, 7.4640e-01, 
XXDIAGNOSTIC,Iteration,metricValue,convergenceValue,ITERATION_TIME_INDEX,SINCE_LAST
 1DIAGNOSTIC,     1, -8.205074631581e-01, 1.797693134862e+308, 8.9988e+01, 7.5949e+00, 
 1DIAGNOSTIC,     2, -8.242034629209e-01, 1.797693134862e+308, 9.6120e+01, 6.1321e+00, 
 1DIAGNOSTIC,     3, -8.285424500468e-01, 1.797693134862e+308, 1.0224e+02, 6.1170e+00, 
 1DIAGNOSTIC,     4, -8.324004269897e-01, 1.797693134862e+308, 1.0841e+02, 6.1686e+00, 
 1DIAGNOSTIC,     5, -8.358079191728e-01, 1.797693134862e+308, 1.1454e+02, 6.1303e+00, 
 1DIAGNOSTIC,     6, -8.385899547211e-01, 1.797693134862e+308, 1.2067e+02, 6.1316e+00, 
 1DIAGNOSTIC,     7, -8.412788715206e-01, 1.797693134862e+308, 1.2684e+02, 6.1684e+00, 
 1DIAGNOSTIC,     8, -8.436366982728e-01, 1.797693134862e+308, 1.3297e+02, 6.1385e+00, 
 1DIAGNOSTIC,     9, -8.456794161521e-01, 1.797693134862e+308, 1.3912e+02, 6.1469e+00, 
 1DIAGNOSTIC,    10, -8.477050427291e-01, 2.082862038610e-03, 1.4528e+02, 6.1563e+00, 
 1DIAGNOSTIC,    11, -8.493061852013e-01, 1.708768531802e-03, 1.5144e+02, 6.1604e+00, 
 1DIAGNOSTIC,    12, -8.507572081908e-01, 1.388222706421e-03, 1.5759e+02, 6.1490e+00, 
 1DIAGNOSTIC,    13, -8.521456115940e-01, 1.139932581548e-03, 1.6376e+02, 6.1695e+00, 
 1DIAGNOSTIC,    14, -8.533517536684e-01, 9.450495602756e-04, 1.6991e+02, 6.1558e+00, 
 1DIAGNOSTIC,    15, -8.545322111466e-01, 7.926738029648e-04, 1.7608e+02, 6.1672e+00, 
 1DIAGNOSTIC,    16, -8.555963058150e-01, 6.671880654362e-04, 1.8225e+02, 6.1660e+00, 
 1DIAGNOSTIC,    17, -8.566385038800e-01, 5.686305657233e-04, 1.8840e+02, 6.1504e+00, 
 1DIAGNOSTIC,    18, -8.576104786787e-01, 4.904300472613e-04, 1.9455e+02, 6.1586e+00, 
 1DIAGNOSTIC,    19, -8.585411146665e-01, 4.272246511048e-04, 2.0071e+02, 6.1514e+00, 
 1DIAGNOSTIC,    20, -8.595109753152e-01, 3.807266459060e-04, 2.0689e+02, 6.1815e+00, 
 1DIAGNOSTIC,    21, -8.603840746405e-01, 3.424883365233e-04, 2.1304e+02, 6.1515e+00, 
 1DIAGNOSTIC,    22, -8.612392745715e-01, 3.106978388068e-04, 2.1920e+02, 6.1646e+00, 
 1DIAGNOSTIC,    23, -8.619831865947e-01, 2.835267050169e-04, 2.2537e+02, 6.1667e+00, 
 1DIAGNOSTIC,    24, -8.627569129675e-01, 2.595363417877e-04, 2.3151e+02, 6.1381e+00, 
 1DIAGNOSTIC,    25, -8.634257566359e-01, 2.377076135788e-04, 2.3767e+02, 6.1649e+00, 
 1DIAGNOSTIC,    26, -8.641283676032e-01, 2.178127863483e-04, 2.4384e+02, 6.1707e+00, 
 1DIAGNOSTIC,    27, -8.647090392169e-01, 1.988703340014e-04, 2.4999e+02, 6.1499e+00, 
 1DIAGNOSTIC,    28, -8.653939114974e-01, 1.822433650328e-04, 2.5616e+02, 6.1625e+00, 
 1DIAGNOSTIC,    29, -8.660429897391e-01, 1.676176470792e-04, 2.6232e+02, 6.1632e+00, 
 1DIAGNOSTIC,    30, -8.665889493197e-01, 1.548867728638e-04, 2.6848e+02, 6.1617e+00, 
 1DIAGNOSTIC,    31, -8.672686705944e-01, 1.449736113477e-04, 2.7464e+02, 6.1556e+00, 
 1DIAGNOSTIC,    32, -8.678109801769e-01, 1.364262326157e-04, 2.8079e+02, 6.1513e+00, 
 1DIAGNOSTIC,    33, -8.683113029312e-01, 1.279558063621e-04, 2.8697e+02, 6.1784e+00, 
 1DIAGNOSTIC,    34, -8.688284031761e-01, 1.204533567540e-04, 2.9315e+02, 6.1817e+00, 
 1DIAGNOSTIC,    35, -8.694000200122e-01, 1.136796304149e-04, 2.9931e+02, 6.1597e+00, 
 1DIAGNOSTIC,    36, -8.698062458908e-01, 1.066754897356e-04, 3.0546e+02, 6.1536e+00, 
 1DIAGNOSTIC,    37, -8.703544255346e-01, 1.000227913705e-04, 3.1164e+02, 6.1747e+00, 
 1DIAGNOSTIC,    38, -8.706794816147e-01, 9.299030558870e-05, 3.1780e+02, 6.1592e+00, 
 1DIAGNOSTIC,    39, -8.712566115677e-01, 8.792709112158e-05, 3.2394e+02, 6.1488e+00, 
 1DIAGNOSTIC,    40, -8.714764963837e-01, 8.099664272862e-05, 3.3011e+02, 6.1621e+00, 
 1DIAGNOSTIC,    41, -8.720330755180e-01, 7.671763418173e-05, 3.3626e+02, 6.1502e+00, 
 1DIAGNOSTIC,    42, -8.722817142956e-01, 7.153022811711e-05, 3.4241e+02, 6.1562e+00, 
 1DIAGNOSTIC,    43, -8.729660300210e-01, 6.890426566213e-05, 3.4856e+02, 6.1503e+00, 
 1DIAGNOSTIC,    44, -8.732932220583e-01, 6.608272620458e-05, 3.5471e+02, 6.1508e+00, 
 1DIAGNOSTIC,    45, -8.740202356850e-01, 6.666614509353e-05, 3.6088e+02, 6.1673e+00, 
 1DIAGNOSTIC,    46, -8.742105563031e-01, 6.507192258873e-05, 3.6703e+02, 6.1504e+00, 
 1DIAGNOSTIC,    47, -8.749135041286e-01, 6.620495353586e-05, 3.7319e+02, 6.1593e+00, 
 1DIAGNOSTIC,    48, -8.749966543892e-01, 6.366257296484e-05, 3.7934e+02, 6.1487e+00, 
 1DIAGNOSTIC,    49, -8.756380350668e-01, 6.343624400032e-05, 3.8550e+02, 6.1613e+00, 
 1DIAGNOSTIC,    50, -8.757901533299e-01, 5.951887209587e-05, 3.9166e+02, 6.1610e+00, 
 1DIAGNOSTIC,    51, -8.762740277343e-01, 5.687353214677e-05, 3.9783e+02, 6.1672e+00, 
 1DIAGNOSTIC,    52, -8.764874911273e-01, 5.175843210070e-05, 4.0400e+02, 6.1656e+00, 
 1DIAGNOSTIC,    53, -8.769023465382e-01, 4.877228863722e-05, 4.1015e+02, 6.1593e+00, 
 1DIAGNOSTIC,    54, -8.769564134619e-01, 4.348427414093e-05, 4.1633e+02, 6.1799e+00, 
 1DIAGNOSTIC,    55, -8.774025021214e-01, 4.134111387799e-05, 4.2251e+02, 6.1707e+00, 
 1DIAGNOSTIC,    56, -8.774345809152e-01, 3.653360000256e-05, 4.2865e+02, 6.1488e+00, 
 1DIAGNOSTIC,    57, -8.778422114164e-01, 3.490532772563e-05, 4.3483e+02, 6.1793e+00, 
 1DIAGNOSTIC,    58, -8.779629840481e-01, 3.107615908099e-05, 4.4098e+02, 6.1474e+00, 
 1DIAGNOSTIC,    59, -8.782576710407e-01, 2.969030142680e-05, 4.4714e+02, 6.1591e+00, 
 1DIAGNOSTIC,    60, -8.781494761104e-01, 2.572087109551e-05, 4.5329e+02, 6.1508e+00, 
 1DIAGNOSTIC,    61, -8.786107479179e-01, 2.459044843283e-05, 4.5944e+02, 6.1479e+00, 
 1DIAGNOSTIC,    62, -8.785686590733e-01, 2.198053897266e-05, 4.6561e+02, 6.1697e+00, 
 1DIAGNOSTIC,    63, -8.789642192544e-01, 2.164898186018e-05, 4.7176e+02, 6.1478e+00, 
 1DIAGNOSTIC,    64, -8.788748729712e-01, 1.903462332496e-05, 4.7791e+02, 6.1556e+00, 
 1DIAGNOSTIC,    65, -8.793602689001e-01, 1.949158070522e-05, 4.8406e+02, 6.1476e+00, 
 1DIAGNOSTIC,    66, -8.792477137069e-01, 1.759879448411e-05, 4.9023e+02, 6.1749e+00, 
 1DIAGNOSTIC,    67, -8.796153548991e-01, 1.793723462913e-05, 4.9639e+02, 6.1577e+00, 
 1DIAGNOSTIC,    68, -8.796505529811e-01, 1.727808835491e-05, 5.0254e+02, 6.1481e+00, 
 1DIAGNOSTIC,    69, -8.801172174645e-01, 1.868247955809e-05, 5.0870e+02, 6.1578e+00, 
 1DIAGNOSTIC,    70, -8.800091113923e-01, 1.717350185866e-05, 5.1485e+02, 6.1548e+00, 
XXDIAGNOSTIC,Iteration,metricValue,convergenceValue,ITERATION_TIME_INDEX,SINCE_LAST
 1DIAGNOSTIC,     1, -8.269008695144e-01, 1.797693134862e+308, 5.6659e+02, 5.1740e+01, 
 1DIAGNOSTIC,     2, -8.304292725418e-01, 1.797693134862e+308, 6.1579e+02, 4.9203e+01, 
 1DIAGNOSTIC,     3, -8.340415994074e-01, 1.797693134862e+308, 6.6492e+02, 4.9127e+01, 
 1DIAGNOSTIC,     4, -8.375167044159e-01, 1.797693134862e+308, 7.1406e+02, 4.9142e+01, 
 1DIAGNOSTIC,     5, -8.406964810649e-01, 1.797693134862e+308, 7.6342e+02, 4.9354e+01, 
 1DIAGNOSTIC,     6, -8.438441555999e-01, 1.797693134862e+308, 8.1277e+02, 4.9349e+01, 
 1DIAGNOSTIC,     7, -8.464525376819e-01, 1.797693134862e+308, 8.6209e+02, 4.9327e+01, 
 1DIAGNOSTIC,     8, -8.486732608056e-01, 1.797693134862e+308, 9.1162e+02, 4.9532e+01, 
 1DIAGNOSTIC,     9, -8.506912212686e-01, 1.797693134862e+308, 9.6129e+02, 4.9667e+01, 
 1DIAGNOSTIC,    10, -8.525309528691e-01, 1.972832644756e-03, 1.0108e+03, 4.9533e+01, 
 1DIAGNOSTIC,    11, -8.540850550755e-01, 1.635091988971e-03, 1.0604e+03, 4.9580e+01, 
 1DIAGNOSTIC,    12, -8.555269717204e-01, 1.345795312173e-03, 1.1100e+03, 4.9588e+01, 
 1DIAGNOSTIC,    13, -8.568333911783e-01, 1.106191758124e-03, 1.1595e+03, 4.9511e+01, 
 1DIAGNOSTIC,    14, -8.580283272485e-01, 9.118793497922e-04, 1.2091e+03, 4.9549e+01, 
 1DIAGNOSTIC,    15, -8.591253011880e-01, 7.551749301034e-04, 1.2584e+03, 4.9363e+01, 
 1DIAGNOSTIC,    16, -8.601345199698e-01, 6.354249793119e-04, 1.3079e+03, 4.9523e+01, 
 1DIAGNOSTIC,    17, -8.612372292584e-01, 5.440275013282e-04, 1.3573e+03, 4.9342e+01, 
 1DIAGNOSTIC,    18, -8.620621235016e-01, 4.687108063621e-04, 1.4068e+03, 4.9535e+01, 
 1DIAGNOSTIC,    19, -8.630281913765e-01, 4.101336768419e-04, 1.4564e+03, 4.9558e+01, 
 1DIAGNOSTIC,    20, -8.639405923316e-01, 3.650148792990e-04, 1.5060e+03, 4.9632e+01, 
 1DIAGNOSTIC,    21, -8.647996154948e-01, 3.282788927729e-04, 1.5556e+03, 4.9566e+01, 
 1DIAGNOSTIC,    22, -8.655868734349e-01, 2.978198765049e-04, 1.6051e+03, 4.9572e+01, 
 1DIAGNOSTIC,    23, -8.663598522488e-01, 2.721398879367e-04, 1.6548e+03, 4.9679e+01, 
 1DIAGNOSTIC,    24, -8.671971677266e-01, 2.511635885447e-04, 1.7043e+03, 4.9501e+01, 
 1DIAGNOSTIC,    25, -8.679527376592e-01, 2.327673258962e-04, 1.7538e+03, 4.9512e+01, 
 1DIAGNOSTIC,    26, -8.686462164749e-01, 2.155088727267e-04, 1.8034e+03, 4.9546e+01, 
 1DIAGNOSTIC,    27, -8.692500138604e-01, 2.002256232621e-04, 1.8530e+03, 4.9568e+01, 
 1DIAGNOSTIC,    28, -8.698005845844e-01, 1.833932418900e-04, 1.9025e+03, 4.9534e+01, 
 1DIAGNOSTIC,    29, -8.703086828312e-01, 1.671908271711e-04, 1.9521e+03, 4.9603e+01, 
 1DIAGNOSTIC,    30, -8.707656321420e-01, 1.513293987664e-04, 2.0016e+03, 4.9534e+01, 
 1DIAGNOSTIC,    31, -8.711999640386e-01, 1.359779580218e-04, 2.0512e+03, 4.9559e+01, 
 1DIAGNOSTIC,    32, -8.716198689085e-01, 1.211911977600e-04, 2.1007e+03, 4.9539e+01, 
 1DIAGNOSTIC,    33, -8.720379197924e-01, 1.077162608307e-04, 2.1502e+03, 4.9519e+01, 
 1DIAGNOSTIC,    34, -8.724541054206e-01, 9.697636990879e-05, 2.1998e+03, 4.9559e+01, 
 1DIAGNOSTIC,    35, -8.728869124177e-01, 8.883871710180e-05, 2.2493e+03, 4.9506e+01, 
 1DIAGNOSTIC,    36, -8.733345418036e-01, 8.316677974780e-05, 2.2988e+03, 4.9545e+01, 
 1DIAGNOSTIC,    37, -8.737946073998e-01, 7.937029759319e-05, 2.3484e+03, 4.9545e+01, 
 1DIAGNOSTIC,    38, -8.742581586885e-01, 7.701369448278e-05, 2.3980e+03, 4.9561e+01, 
 1DIAGNOSTIC,    39, -8.746842681976e-01, 7.534004185190e-05, 2.4475e+03, 4.9573e+01, 
 1DIAGNOSTIC,    40, -8.750741712482e-01, 7.355602905296e-05, 2.4971e+03, 4.9562e+01, 
 1DIAGNOSTIC,    41, -8.754812494803e-01, 7.161872771061e-05, 2.5466e+03, 4.9517e+01, 
 1DIAGNOSTIC,    42, -8.758406812058e-01, 6.905057077604e-05, 2.5962e+03, 4.9545e+01, 
 1DIAGNOSTIC,    43, -8.761810921514e-01, 6.582752701530e-05, 2.6457e+03, 4.9512e+01, 
 1DIAGNOSTIC,    44, -8.764911820796e-01, 6.191267912061e-05, 2.6952e+03, 4.9571e+01, 
 1DIAGNOSTIC,    45, -8.767950393980e-01, 5.766037823618e-05, 2.7448e+03, 4.9521e+01, 
 1DIAGNOSTIC,    46, -8.770516105120e-01, 5.312355900036e-05, 2.7943e+03, 4.9581e+01, 
 1DIAGNOSTIC,    47, -8.772888706862e-01, 4.858799282742e-05, 2.8439e+03, 4.9570e+01, 
 1DIAGNOSTIC,    48, -8.775211557517e-01, 4.437739826941e-05, 2.8936e+03, 4.9666e+01, 
 1DIAGNOSTIC,    49, -8.777261998394e-01, 4.034333726642e-05, 2.9431e+03, 4.9547e+01, 
 1DIAGNOSTIC,    50, -8.779278397454e-01, 3.650900230134e-05, 2.9927e+03, 4.9551e+01, 
XXDIAGNOSTIC,Iteration,metricValue,convergenceValue,ITERATION_TIME_INDEX,SINCE_LAST
 1DIAGNOSTIC,     1, -8.502077899037e-01, 1.797693134862e+308, 3.4042e+03, 4.1150e+02, 
 1DIAGNOSTIC,     2, -8.513193007002e-01, 1.797693134862e+308, 3.8066e+03, 4.0240e+02, 
 1DIAGNOSTIC,     3, -8.528102895241e-01, 1.797693134862e+308, 4.2086e+03, 4.0200e+02, 
 1DIAGNOSTIC,     4, -8.543254293029e-01, 1.797693134862e+308, 4.6119e+03, 4.0332e+02, 
 1DIAGNOSTIC,     5, -8.557560189029e-01, 1.797693134862e+308, 5.0138e+03, 4.0187e+02, 
 1DIAGNOSTIC,     6, -8.571105493817e-01, 1.797693134862e+308, 5.4176e+03, 4.0384e+02, 
 1DIAGNOSTIC,     7, -8.584026249648e-01, 1.797693134862e+308, 5.8204e+03, 4.0284e+02, 
 1DIAGNOSTIC,     8, -8.594999523602e-01, 1.797693134862e+308, 6.2224e+03, 4.0198e+02, 
 1DIAGNOSTIC,     9, -8.606066347219e-01, 1.797693134862e+308, 6.6231e+03, 4.0070e+02, 
 1DIAGNOSTIC,    10, -8.616391157206e-01, 8.785122197096e-04, 7.0257e+03, 4.0259e+02, 
 1DIAGNOSTIC,    11, -8.627258568644e-01, 7.716182485599e-04, 7.4279e+03, 4.0219e+02, 
 1DIAGNOSTIC,    12, -8.636845813704e-01, 6.699945994415e-04, 7.8301e+03, 4.0214e+02, 
 1DIAGNOSTIC,    13, -8.645636981831e-01, 5.835067050292e-04, 8.2320e+03, 4.0194e+02, 
 1DIAGNOSTIC,    14, -8.654112371050e-01, 5.119391512799e-04, 8.6354e+03, 4.0341e+02, 
 1DIAGNOSTIC,    15, -8.662304811856e-01, 4.524441714313e-04, 9.0379e+03, 4.0246e+02, 
 1DIAGNOSTIC,    16, -8.669220491860e-01, 4.008129426421e-04, 9.4416e+03, 4.0371e+02, 
 1DIAGNOSTIC,    17, -8.676974032564e-01, 3.583781148073e-04, 9.8449e+03, 4.0337e+02, 
 1DIAGNOSTIC,    18, -8.683214347984e-01, 3.189243403263e-04, 1.0249e+04, 4.0382e+02, 
 1DIAGNOSTIC,    19, -8.689017140965e-01, 2.832626786542e-04, 1.0653e+04, 4.0387e+02, 
 1DIAGNOSTIC,    20, -8.694652485751e-01, 2.510196114077e-04, 1.1054e+04, 4.0105e+02, 
  Elapsed time (stage 0): 11056.8


Total elapsed time: 11056.8
-i /mnt/lustre/mathdugre/fast-interpolate/datasets/ds004513/derivatives/flint/ants/flint-vprec-single-five-levels/sub-s003/ses-open/anat/00/1_Affine.nii.gz -o /mnt/lustre/mathdugre/fast-interpolate/datasets/ds004513/derivatives/flint/ants/flint-vprec-single-five-levels/sub-s003/ses-open/anat/000/1_transformed.nii.gz -t /mnt/lustre/mathdugre/fast-interpolate/datasets/ds004513/derivatives/flint/ants/flint-vprec-single-five-levels/sub-s003/ses-open/anat/000/1_1Warp.nii.gz -t /mnt/lustre/mathdugre/fast-interpolate/datasets/ds004513/derivatives/flint/ants/flint-vprec-single-five-levels/sub-s003/ses-open/anat/000/1_0GenericAffine.mat
