---------------------
Experiment information

SIF_IMG: /mnt/lustre/mathdugre/containers/ants-flint-base.simg
SIF_IMG_BASE: /mnt/lustre/mathdugre/containers/ants-flint-base.simg
EXPERIMENT_NAME: flint-vprec-single
STAGE: syn
SUBJECT_ID: s031
REPETITION_ID: 1

FIXED_IMG: /templateflow/tpl-MNI152NLin2009cAsym/tpl-MNI152NLin2009cAsym_res-01_desc-brain_T1w.nii.gz
INPUT_IMG: /mnt/lustre/mathdugre/fast-interpolate/datasets/ds004513/derivatives/flint/ants/flint-vprec-single/sub-s031/ses-open/anat/11/1_Affine.nii.gz

DATA_DIR: /mnt/lustre/mathdugre/fast-interpolate/datasets/ds004513
OUTPUT_DIR: /mnt/lustre/mathdugre/fast-interpolate/datasets/ds004513/derivatives/flint/ants/flint-vprec-single/sub-s031/ses-open/anat
OUTPUT_PREFIX: 110
THREAD: 1
FLOAT: 0
VFC_BACKENDS: ieee
---------------------

--output [/mnt/lustre/mathdugre/fast-interpolate/datasets/ds004513/derivatives/flint/ants/flint-vprec-single/sub-s031/ses-open/anat/110/1_,/mnt/lustre/mathdugre/fast-interpolate/datasets/ds004513/derivatives/flint/ants/flint-vprec-single/sub-s031/ses-open/anat/110/1_Warped.nii.gz,/mnt/lustre/mathdugre/fast-interpolate/datasets/ds004513/derivatives/flint/ants/flint-vprec-single/sub-s031/ses-open/anat/110/1_InverseSyN.nii.gz] --initial-moving-transform [/templateflow/tpl-MNI152NLin2009cAsym/tpl-MNI152NLin2009cAsym_res-01_desc-brain_T1w.nii.gz,/mnt/lustre/mathdugre/fast-interpolate/datasets/ds004513/derivatives/flint/ants/flint-vprec-single/sub-s031/ses-open/anat/11/1_Affine.nii.gz,1] --transform SyN[ 0.1,3,0 ] --metric CC[/templateflow/tpl-MNI152NLin2009cAsym/tpl-MNI152NLin2009cAsym_res-01_desc-brain_T1w.nii.gz,/mnt/lustre/mathdugre/fast-interpolate/datasets/ds004513/derivatives/flint/ants/flint-vprec-single/sub-s031/ses-open/anat/11/1_Affine.nii.gz,1,4] --convergence [100x70x50x20,1e-6,10] --shrink-factors 8x4x2x1 --smoothing-sigmas 3x2x1x0vox
All_Command_lines_OK
Using double precision for computations.
=============================================================================
The composite transform comprises the following transforms (in order): 
  1. Center of mass alignment using fixed image: /templateflow/tpl-MNI152NLin2009cAsym/tpl-MNI152NLin2009cAsym_res-01_desc-brain_T1w.nii.gz and moving image: /mnt/lustre/mathdugre/fast-interpolate/datasets/ds004513/derivatives/flint/ants/flint-vprec-single/sub-s031/ses-open/anat/11/1_Affine.nii.gz (type = Euler3DTransform)
=============================================================================
  number of levels = 4
  fixed image: /templateflow/tpl-MNI152NLin2009cAsym/tpl-MNI152NLin2009cAsym_res-01_desc-brain_T1w.nii.gz
  moving image: /mnt/lustre/mathdugre/fast-interpolate/datasets/ds004513/derivatives/flint/ants/flint-vprec-single/sub-s031/ses-open/anat/11/1_Affine.nii.gz
Dimension = 3
Number of stages = 1
Use histogram matching = false
Winsorize image intensities = true
  Lower quantile = 0.005
  Upper quantile = 0.995


Stage 1 State
   Image metric = CC
     Fixed image = Image (0x55559608aa00)
  RTTI typeinfo:   itk::Image<double, 3u>
  Reference Count: 2
  Modified Time: 1622
  Debug: Off
  Object Name: 
  Observers: 
    none
  Source: (none)
  Source output name: (none)
  Release Data: Off
  Data Released: False
  Global Release Data: Off
  PipelineMTime: 0
  UpdateMTime: 1407
  RealTimeStamp: 0 seconds 
  LargestPossibleRegion: 
    Dimension: 3
    Index: [0, 0, 0]
    Size: [193, 229, 193]
  BufferedRegion: 
    Dimension: 3
    Index: [0, 0, 0]
    Size: [193, 229, 193]
  RequestedRegion: 
    Dimension: 3
    Index: [0, 0, 0]
    Size: [193, 229, 193]
  Spacing: [1, 1, 1]
  Origin: [96, 132, -78]
  Direction: 
-1 0 0
0 -1 0
0 0 1

  IndexToPointMatrix: 
-1 0 0
0 -1 0
0 0 1

  PointToIndexMatrix: 
-1 0 0
0 -1 0
0 0 1

  Inverse Direction: 
-1 0 0
0 -1 0
0 0 1

  PixelContainer: 
    ImportImageContainer (0x55559611ed50)
      RTTI typeinfo:   itk::ImportImageContainer<unsigned long, double>
      Reference Count: 1
      Modified Time: 1404
      Debug: Off
      Object Name: 
      Observers: 
        none
      Pointer: 0x7f302beac010
      Container manages memory: true
      Size: 8530021
      Capacity: 8530021

     Moving image = Image (0x555596091870)
  RTTI typeinfo:   itk::Image<double, 3u>
  Reference Count: 2
  Modified Time: 1623
  Debug: Off
  Object Name: 
  Observers: 
    none
  Source: (none)
  Source output name: (none)
  Release Data: Off
  Data Released: False
  Global Release Data: Off
  PipelineMTime: 0
  UpdateMTime: 1620
  RealTimeStamp: 0 seconds 
  LargestPossibleRegion: 
    Dimension: 3
    Index: [0, 0, 0]
    Size: [193, 229, 193]
  BufferedRegion: 
    Dimension: 3
    Index: [0, 0, 0]
    Size: [193, 229, 193]
  RequestedRegion: 
    Dimension: 3
    Index: [0, 0, 0]
    Size: [193, 229, 193]
  Spacing: [1, 1, 1]
  Origin: [96, 132, -78]
  Direction: 
-1 0 0
0 -1 0
0 0 1

  IndexToPointMatrix: 
-1 0 0
0 -1 0
0 0 1

  PointToIndexMatrix: 
-1 0 0
0 -1 0
0 0 1

  Inverse Direction: 
-1 0 0
0 -1 0
0 0 1

  PixelContainer: 
    ImportImageContainer (0x555596135d90)
      RTTI typeinfo:   itk::ImportImageContainer<unsigned long, double>
      Reference Count: 1
      Modified Time: 1617
      Debug: Off
      Object Name: 
      Observers: 
        none
      Pointer: 0x7f3027d97010
      Container manages memory: true
      Size: 8530021
      Capacity: 8530021

     Weighting = 1
     Sampling strategy = none
     Number of bins = 32
     Radius = 4
     Sampling percentage  = 1
   Transform = SyN
     Gradient step = 0.1
     Update field sigma (voxel space) = 3
     Total field sigma (voxel space) = 0
     Update field time sigma = 0
     Total field time sigma  = 0
     Number of time indices = 0
     Number of time point samples = 0
Registration using 1 total stages.

Stage 0
  iterations = 100x70x50x20
  convergence threshold = 1e-06
  convergence window size = 10
  number of levels = 4
  using the CC metric (radius = 4, weight = 1, use gradient filter = 0)
  preprocessing:  winsorizing the image intensities
  Shrink factors (level 1 out of 4): [8, 8, 8]
  Shrink factors (level 2 out of 4): [4, 4, 4]
  Shrink factors (level 3 out of 4): [2, 2, 2]
  Shrink factors (level 4 out of 4): [1, 1, 1]
  smoothing sigmas per level: [3, 2, 1, 0]
  Using default NONE metricSamplingStrategy 

*** Running SyN registration (varianceForUpdateField = 3, varianceForTotalField = 0) ***

XXDIAGNOSTIC,Iteration,metricValue,convergenceValue,ITERATION_TIME_INDEX,SINCE_LAST
 1DIAGNOSTIC,     1, -9.451570150050e-01, 1.797693134862e+308, 2.2108e+00, 2.2108e+00, 
 1DIAGNOSTIC,     2, -9.512259006203e-01, 1.797693134862e+308, 2.9537e+00, 7.4288e-01, 
 1DIAGNOSTIC,     3, -9.556518655596e-01, 1.797693134862e+308, 3.6978e+00, 7.4406e-01, 
 1DIAGNOSTIC,     4, -9.590622781339e-01, 1.797693134862e+308, 4.4339e+00, 7.3615e-01, 
 1DIAGNOSTIC,     5, -9.629533603796e-01, 1.797693134862e+308, 5.1769e+00, 7.4300e-01, 
 1DIAGNOSTIC,     6, -9.667733461583e-01, 1.797693134862e+308, 5.9154e+00, 7.3849e-01, 
 1DIAGNOSTIC,     7, -9.697503508133e-01, 1.797693134862e+308, 6.6514e+00, 7.3598e-01, 
 1DIAGNOSTIC,     8, -9.721150801390e-01, 1.797693134862e+308, 7.3898e+00, 7.3838e-01, 
 1DIAGNOSTIC,     9, -9.738851210000e-01, 1.797693134862e+308, 8.1288e+00, 7.3903e-01, 
 1DIAGNOSTIC,    10, -9.750148877581e-01, 1.975297380929e-03, 8.8652e+00, 7.3645e-01, 
 1DIAGNOSTIC,    11, -9.752623283638e-01, 1.506860020943e-03, 9.6042e+00, 7.3898e-01, 
 1DIAGNOSTIC,    12, -9.758495882536e-01, 1.144381974072e-03, 1.0347e+01, 7.4237e-01, 
 1DIAGNOSTIC,    13, -9.758541893731e-01, 8.345603195695e-04, 1.1083e+01, 7.3685e-01, 
 1DIAGNOSTIC,    14, -9.762242732518e-01, 5.722354680099e-04, 1.1823e+01, 7.4004e-01, 
 1DIAGNOSTIC,    15, -9.760940192100e-01, 3.656424608434e-04, 1.2562e+01, 7.3887e-01, 
 1DIAGNOSTIC,    16, -9.762415378606e-01, 2.240264767483e-04, 1.3300e+01, 7.3720e-01, 
 1DIAGNOSTIC,    17, -9.760447011446e-01, 1.261051824752e-04, 1.4039e+01, 7.3957e-01, 
 1DIAGNOSTIC,    18, -9.762838969563e-01, 6.959657947277e-05, 1.4779e+01, 7.3976e-01, 
 1DIAGNOSTIC,    19, -9.760833732329e-01, 3.652035007409e-05, 1.5521e+01, 7.4172e-01, 
 1DIAGNOSTIC,    20, -9.763214048000e-01, 2.366839607548e-05, 1.6260e+01, 7.3922e-01, 
 1DIAGNOSTIC,    21, -9.760716817684e-01, 9.720096961430e-06, 1.7000e+01, 7.3983e-01, 
 1DIAGNOSTIC,    22, -9.763078531480e-01, 7.390819869849e-06, 1.7737e+01, 7.3758e-01, 
 1DIAGNOSTIC,    23, -9.761058897910e-01, 1.965451418152e-06, 1.8479e+01, 7.4222e-01, 
 1DIAGNOSTIC,    24, -9.763772657769e-01, 4.869297738894e-06, 1.9219e+01, 7.3922e-01, 
 1DIAGNOSTIC,    25, -9.761256919747e-01, 2.603848352482e-06, 1.9958e+01, 7.3946e-01, 
 1DIAGNOSTIC,    26, -9.763171881106e-01, 4.372169342626e-06, 2.0700e+01, 7.4201e-01, 
 1DIAGNOSTIC,    27, -9.760995825263e-01, 1.094174317151e-06, 2.1440e+01, 7.3988e-01, 
 1DIAGNOSTIC,    28, -9.762739606531e-01, 2.490417623589e-06, 2.2177e+01, 7.3722e-01, 
 1DIAGNOSTIC,    29, -9.761087306901e-01, -1.610540542041e-07, 2.2917e+01, 7.3942e-01, 
XXDIAGNOSTIC,Iteration,metricValue,convergenceValue,ITERATION_TIME_INDEX,SINCE_LAST
 1DIAGNOSTIC,     1, -9.239480844994e-01, 1.797693134862e+308, 3.0457e+01, 7.5405e+00, 
 1DIAGNOSTIC,     2, -9.261746133354e-01, 1.797693134862e+308, 3.6575e+01, 6.1178e+00, 
 1DIAGNOSTIC,     3, -9.288956594875e-01, 1.797693134862e+308, 4.2725e+01, 6.1501e+00, 
 1DIAGNOSTIC,     4, -9.319598505806e-01, 1.797693134862e+308, 4.8824e+01, 6.0992e+00, 
 1DIAGNOSTIC,     5, -9.342671798585e-01, 1.797693134862e+308, 5.4927e+01, 6.1028e+00, 
 1DIAGNOSTIC,     6, -9.360847665958e-01, 1.797693134862e+308, 6.1024e+01, 6.0971e+00, 
 1DIAGNOSTIC,     7, -9.375038763328e-01, 1.797693134862e+308, 6.7150e+01, 6.1257e+00, 
 1DIAGNOSTIC,     8, -9.386417812454e-01, 1.797693134862e+308, 7.3290e+01, 6.1400e+00, 
 1DIAGNOSTIC,     9, -9.396243411689e-01, 1.797693134862e+308, 7.9413e+01, 6.1231e+00, 
 1DIAGNOSTIC,    10, -9.403812945852e-01, 1.157204502732e-03, 8.5537e+01, 6.1237e+00, 
 1DIAGNOSTIC,    11, -9.410375083835e-01, 9.030666802659e-04, 9.1692e+01, 6.1555e+00, 
 1DIAGNOSTIC,    12, -9.416078957466e-01, 6.808974755318e-04, 9.7849e+01, 6.1568e+00, 
 1DIAGNOSTIC,    13, -9.419528566645e-01, 5.022828827568e-04, 1.0402e+02, 6.1709e+00, 
 1DIAGNOSTIC,    14, -9.423507439628e-01, 3.782426473265e-04, 1.1019e+02, 6.1655e+00, 
 1DIAGNOSTIC,    15, -9.425690545885e-01, 2.869609678693e-04, 1.1636e+02, 6.1723e+00, 
 1DIAGNOSTIC,    16, -9.429290865419e-01, 2.219007430460e-04, 1.2251e+02, 6.1489e+00, 
 1DIAGNOSTIC,    17, -9.431165274248e-01, 1.725496413495e-04, 1.2869e+02, 6.1818e+00, 
 1DIAGNOSTIC,    18, -9.434426279944e-01, 1.373486026927e-04, 1.3484e+02, 6.1475e+00, 
 1DIAGNOSTIC,    19, -9.436143509453e-01, 1.114929065832e-04, 1.4102e+02, 6.1824e+00, 
 1DIAGNOSTIC,    20, -9.439378698102e-01, 9.423752154812e-05, 1.4719e+02, 6.1737e+00, 
 1DIAGNOSTIC,    21, -9.440907271658e-01, 8.145578837719e-05, 1.5336e+02, 6.1680e+00, 
 1DIAGNOSTIC,    22, -9.442371339315e-01, 7.217702385078e-05, 1.5954e+02, 6.1765e+00, 
 1DIAGNOSTIC,    23, -9.443881931781e-01, 6.353148159131e-05, 1.6570e+02, 6.1653e+00, 
 1DIAGNOSTIC,    24, -9.445384296503e-01, 5.664346205295e-05, 1.7187e+02, 6.1707e+00, 
 1DIAGNOSTIC,    25, -9.446857097554e-01, 4.942544238754e-05, 1.7804e+02, 6.1636e+00, 
 1DIAGNOSTIC,    26, -9.448281519740e-01, 4.404936777054e-05, 1.8419e+02, 6.1583e+00, 
 1DIAGNOSTIC,    27, -9.449677528606e-01, 3.864257431856e-05, 1.9036e+02, 6.1682e+00, 
 1DIAGNOSTIC,    28, -9.451013377228e-01, 3.503263749786e-05, 1.9652e+02, 6.1557e+00, 
 1DIAGNOSTIC,    29, -9.452247130551e-01, 3.145982085513e-05, 2.0268e+02, 6.1640e+00, 
 1DIAGNOSTIC,    30, -9.453506392712e-01, 2.975009224086e-05, 2.0884e+02, 6.1565e+00, 
 1DIAGNOSTIC,    31, -9.454680042424e-01, 2.803768834484e-05, 2.1500e+02, 6.1598e+00, 
 1DIAGNOSTIC,    32, -9.455786641435e-01, 2.626959348299e-05, 2.2117e+02, 6.1665e+00, 
 1DIAGNOSTIC,    33, -9.456867884841e-01, 2.455620058595e-05, 2.2733e+02, 6.1599e+00, 
 1DIAGNOSTIC,    34, -9.457871882709e-01, 2.290361286606e-05, 2.3350e+02, 6.1720e+00, 
 1DIAGNOSTIC,    35, -9.458851730055e-01, 2.134930756218e-05, 2.3966e+02, 6.1660e+00, 
 1DIAGNOSTIC,    36, -9.459786987805e-01, 1.989183348364e-05, 2.4584e+02, 6.1722e+00, 
 1DIAGNOSTIC,    37, -9.460686181937e-01, 1.855447351225e-05, 2.5201e+02, 6.1725e+00, 
 1DIAGNOSTIC,    38, -9.461552633744e-01, 1.733213793444e-05, 2.5818e+02, 6.1716e+00, 
 1DIAGNOSTIC,    39, -9.462360552494e-01, 1.616013681613e-05, 2.6436e+02, 6.1806e+00, 
 1DIAGNOSTIC,    40, -9.463146599161e-01, 1.510871759629e-05, 2.7053e+02, 6.1726e+00, 
 1DIAGNOSTIC,    41, -9.463912501876e-01, 1.415331725324e-05, 2.7671e+02, 6.1794e+00, 
 1DIAGNOSTIC,    42, -9.464641974567e-01, 1.326834323226e-05, 2.8288e+02, 6.1708e+00, 
 1DIAGNOSTIC,    43, -9.465309631624e-01, 1.244169995990e-05, 2.8904e+02, 6.1600e+00, 
 1DIAGNOSTIC,    44, -9.465948449411e-01, 1.164726181594e-05, 2.9521e+02, 6.1692e+00, 
 1DIAGNOSTIC,    45, -9.466575407680e-01, 1.090786015540e-05, 3.0137e+02, 6.1592e+00, 
 1DIAGNOSTIC,    46, -9.467193170879e-01, 1.022999575920e-05, 3.0754e+02, 6.1705e+00, 
 1DIAGNOSTIC,    47, -9.467770920181e-01, 9.603294128146e-06, 3.1371e+02, 6.1638e+00, 
 1DIAGNOSTIC,    48, -9.468349531146e-01, 9.045620861025e-06, 3.1987e+02, 6.1621e+00, 
 1DIAGNOSTIC,    49, -9.468913338239e-01, 8.541725757011e-06, 3.2603e+02, 6.1658e+00, 
 1DIAGNOSTIC,    50, -9.469459464804e-01, 8.094601873471e-06, 3.3219e+02, 6.1603e+00, 
 1DIAGNOSTIC,    51, -9.469969954676e-01, 7.694659749438e-06, 3.3836e+02, 6.1655e+00, 
 1DIAGNOSTIC,    52, -9.470469444947e-01, 7.336201228694e-06, 3.4452e+02, 6.1630e+00, 
 1DIAGNOSTIC,    53, -9.470998576832e-01, 7.018894893192e-06, 3.5069e+02, 6.1673e+00, 
 1DIAGNOSTIC,    54, -9.471478217361e-01, 6.712917187887e-06, 3.5685e+02, 6.1625e+00, 
 1DIAGNOSTIC,    55, -9.471973395665e-01, 6.437541200773e-06, 3.6302e+02, 6.1635e+00, 
 1DIAGNOSTIC,    56, -9.472457833896e-01, 6.195650923479e-06, 3.6919e+02, 6.1754e+00, 
 1DIAGNOSTIC,    57, -9.472959380211e-01, 5.985206665216e-06, 3.7536e+02, 6.1709e+00, 
 1DIAGNOSTIC,    58, -9.473456565325e-01, 5.811973528464e-06, 3.8154e+02, 6.1797e+00, 
 1DIAGNOSTIC,    59, -9.473948539447e-01, 5.670894558142e-06, 3.8772e+02, 6.1802e+00, 
 1DIAGNOSTIC,    60, -9.474430592213e-01, 5.551415660165e-06, 3.9389e+02, 6.1714e+00, 
 1DIAGNOSTIC,    61, -9.474910818843e-01, 5.436374461081e-06, 4.0008e+02, 6.1871e+00, 
 1DIAGNOSTIC,    62, -9.475390909608e-01, 5.321658802515e-06, 4.0626e+02, 6.1764e+00, 
 1DIAGNOSTIC,    63, -9.475861692981e-01, 5.220156145094e-06, 4.1243e+02, 6.1780e+00, 
 1DIAGNOSTIC,    64, -9.476304146069e-01, 5.096273322038e-06, 4.1861e+02, 6.1766e+00, 
 1DIAGNOSTIC,    65, -9.476751037049e-01, 4.964964789366e-06, 4.2479e+02, 6.1781e+00, 
 1DIAGNOSTIC,    66, -9.477151012149e-01, 4.804795917624e-06, 4.3098e+02, 6.1874e+00, 
 1DIAGNOSTIC,    67, -9.477560538028e-01, 4.637595788240e-06, 4.3715e+02, 6.1763e+00, 
 1DIAGNOSTIC,    68, -9.477950439438e-01, 4.462010880339e-06, 4.4334e+02, 6.1863e+00, 
 1DIAGNOSTIC,    69, -9.478358587385e-01, 4.294712510327e-06, 4.4952e+02, 6.1776e+00, 
 1DIAGNOSTIC,    70, -9.478748109636e-01, 4.132726881009e-06, 4.5569e+02, 6.1766e+00, 
XXDIAGNOSTIC,Iteration,metricValue,convergenceValue,ITERATION_TIME_INDEX,SINCE_LAST
 1DIAGNOSTIC,     1, -8.966120058164e-01, 1.797693134862e+308, 5.0678e+02, 5.1084e+01, 
 1DIAGNOSTIC,     2, -8.988379789946e-01, 1.797693134862e+308, 5.5610e+02, 4.9327e+01, 
 1DIAGNOSTIC,     3, -9.014400307164e-01, 1.797693134862e+308, 6.0540e+02, 4.9296e+01, 
 1DIAGNOSTIC,     4, -9.037428570061e-01, 1.797693134862e+308, 6.5489e+02, 4.9486e+01, 
 1DIAGNOSTIC,     5, -9.059190784269e-01, 1.797693134862e+308, 7.0437e+02, 4.9486e+01, 
 1DIAGNOSTIC,     6, -9.078133270243e-01, 1.797693134862e+308, 7.5386e+02, 4.9490e+01, 
 1DIAGNOSTIC,     7, -9.095334252503e-01, 1.797693134862e+308, 8.0334e+02, 4.9481e+01, 
 1DIAGNOSTIC,     8, -9.110131139750e-01, 1.797693134862e+308, 8.5284e+02, 4.9499e+01, 
 1DIAGNOSTIC,     9, -9.122780672691e-01, 1.797693134862e+308, 9.0231e+02, 4.9466e+01, 
 1DIAGNOSTIC,    10, -9.134735731295e-01, 1.205827314241e-03, 9.5179e+02, 4.9483e+01, 
 1DIAGNOSTIC,    11, -9.146020779239e-01, 9.981505903336e-04, 1.0014e+03, 4.9655e+01, 
 1DIAGNOSTIC,    12, -9.156468445819e-01, 8.201530244553e-04, 1.0510e+03, 4.9514e+01, 
 1DIAGNOSTIC,    13, -9.164835974042e-01, 6.777258630306e-04, 1.1006e+03, 4.9685e+01, 
 1DIAGNOSTIC,    14, -9.173718178613e-01, 5.649594064760e-04, 1.1501e+03, 4.9493e+01, 
 1DIAGNOSTIC,    15, -9.180828202495e-01, 4.753783269146e-04, 1.1998e+03, 4.9639e+01, 
 1DIAGNOSTIC,    16, -9.188548482147e-01, 4.050724744010e-04, 1.2495e+03, 4.9695e+01, 
 1DIAGNOSTIC,    17, -9.194565782280e-01, 3.480569214293e-04, 1.2991e+03, 4.9673e+01, 
 1DIAGNOSTIC,    18, -9.200250426185e-01, 3.005872585415e-04, 1.3488e+03, 4.9618e+01, 
 1DIAGNOSTIC,    19, -9.205696252913e-01, 2.598254900462e-04, 1.3984e+03, 4.9650e+01, 
 1DIAGNOSTIC,    20, -9.210957840958e-01, 2.256557467920e-04, 1.4481e+03, 4.9683e+01, 
 1DIAGNOSTIC,    21, -9.215973326333e-01, 1.977427054215e-04, 1.4977e+03, 4.9611e+01, 
 1DIAGNOSTIC,    22, -9.220835212017e-01, 1.755103467253e-04, 1.5474e+03, 4.9663e+01, 
 1DIAGNOSTIC,    23, -9.225305062649e-01, 1.560784543421e-04, 1.5970e+03, 4.9658e+01, 
 1DIAGNOSTIC,    24, -9.229471152119e-01, 1.405211259969e-04, 1.6467e+03, 4.9657e+01, 
 1DIAGNOSTIC,    25, -9.233391714809e-01, 1.266586416961e-04, 1.6963e+03, 4.9613e+01, 
 1DIAGNOSTIC,    26, -9.237034835337e-01, 1.155135991017e-04, 1.7458e+03, 4.9504e+01, 
 1DIAGNOSTIC,    27, -9.240467547396e-01, 1.051765453602e-04, 1.7954e+03, 4.9620e+01, 
 1DIAGNOSTIC,    28, -9.244879289866e-01, 9.685265185211e-05, 1.8451e+03, 4.9657e+01, 
 1DIAGNOSTIC,    29, -9.247832901302e-01, 8.891426756902e-05, 1.8948e+03, 4.9683e+01, 
 1DIAGNOSTIC,    30, -9.250632378804e-01, 8.146142501426e-05, 1.9444e+03, 4.9644e+01, 
 1DIAGNOSTIC,    31, -9.253273525444e-01, 7.446820659405e-05, 1.9940e+03, 4.9586e+01, 
 1DIAGNOSTIC,    32, -9.255814776317e-01, 6.804065513311e-05, 2.0436e+03, 4.9652e+01, 
 1DIAGNOSTIC,    33, -9.258329299997e-01, 6.211036617780e-05, 2.0933e+03, 4.9655e+01, 
 1DIAGNOSTIC,    34, -9.260821254784e-01, 5.671806701462e-05, 2.1429e+03, 4.9642e+01, 
 1DIAGNOSTIC,    35, -9.263281667730e-01, 5.193455322326e-05, 2.1925e+03, 4.9607e+01, 
 1DIAGNOSTIC,    36, -9.265795027252e-01, 4.781295240862e-05, 2.2422e+03, 4.9683e+01, 
 1DIAGNOSTIC,    37, -9.268319942930e-01, 4.434610732289e-05, 2.2918e+03, 4.9606e+01, 
 1DIAGNOSTIC,    38, -9.270864174069e-01, 4.253211551570e-05, 2.3415e+03, 4.9616e+01, 
 1DIAGNOSTIC,    39, -9.273386100128e-01, 4.112995208957e-05, 2.3911e+03, 4.9666e+01, 
 1DIAGNOSTIC,    40, -9.275906479508e-01, 4.002013472621e-05, 2.4408e+03, 4.9647e+01, 
 1DIAGNOSTIC,    41, -9.278471478283e-01, 3.910321994047e-05, 2.4904e+03, 4.9608e+01, 
 1DIAGNOSTIC,    42, -9.280996952654e-01, 3.825453083956e-05, 2.5400e+03, 4.9637e+01, 
 1DIAGNOSTIC,    43, -9.283380819138e-01, 3.734131888333e-05, 2.5896e+03, 4.9620e+01, 
 1DIAGNOSTIC,    44, -9.285507144479e-01, 3.617716851880e-05, 2.6392e+03, 4.9598e+01, 
 1DIAGNOSTIC,    45, -9.287418126537e-01, 3.464151239539e-05, 2.6888e+03, 4.9606e+01, 
 1DIAGNOSTIC,    46, -9.289157268510e-01, 3.274803948124e-05, 2.7385e+03, 4.9643e+01, 
 1DIAGNOSTIC,    47, -9.290720486310e-01, 3.051915843266e-05, 2.7881e+03, 4.9629e+01, 
 1DIAGNOSTIC,    48, -9.292173148743e-01, 2.806620048706e-05, 2.8377e+03, 4.9614e+01, 
 1DIAGNOSTIC,    49, -9.293509162731e-01, 2.549141825035e-05, 2.8873e+03, 4.9626e+01, 
 1DIAGNOSTIC,    50, -9.294710547653e-01, 2.290968691961e-05, 2.9370e+03, 4.9640e+01, 
XXDIAGNOSTIC,Iteration,metricValue,convergenceValue,ITERATION_TIME_INDEX,SINCE_LAST
 1DIAGNOSTIC,     1, -8.936224705669e-01, 1.797693134862e+308, 3.3464e+03, 4.0945e+02, 
 1DIAGNOSTIC,     2, -8.946804616357e-01, 1.797693134862e+308, 3.7494e+03, 4.0301e+02, 
 1DIAGNOSTIC,     3, -8.961559002761e-01, 1.797693134862e+308, 4.1509e+03, 4.0143e+02, 
 1DIAGNOSTIC,     4, -8.977403658283e-01, 1.797693134862e+308, 4.5538e+03, 4.0292e+02, 
 1DIAGNOSTIC,     5, -8.992847656792e-01, 1.797693134862e+308, 4.9568e+03, 4.0301e+02, 
 1DIAGNOSTIC,     6, -9.006580382799e-01, 1.797693134862e+308, 5.3600e+03, 4.0317e+02, 
 1DIAGNOSTIC,     7, -9.019231887958e-01, 1.797693134862e+308, 5.7631e+03, 4.0309e+02, 
 1DIAGNOSTIC,     8, -9.030963959468e-01, 1.797693134862e+308, 6.1645e+03, 4.0145e+02, 
 1DIAGNOSTIC,     9, -9.041713467486e-01, 1.797693134862e+308, 6.5659e+03, 4.0141e+02, 
 1DIAGNOSTIC,    10, -9.052387812206e-01, 8.548799172192e-04, 6.9676e+03, 4.0169e+02, 
 1DIAGNOSTIC,    11, -9.062414169262e-01, 7.490791796087e-04, 7.3711e+03, 4.0343e+02, 
 1DIAGNOSTIC,    12, -9.072028004430e-01, 6.464738286179e-04, 7.7756e+03, 4.0460e+02, 
 1DIAGNOSTIC,    13, -9.080070201666e-01, 5.561616348657e-04, 8.1803e+03, 4.0462e+02, 
 1DIAGNOSTIC,    14, -9.086711169036e-01, 4.785160177225e-04, 8.5852e+03, 4.0492e+02, 
 1DIAGNOSTIC,    15, -9.093082170896e-01, 4.131132263722e-04, 8.9901e+03, 4.0493e+02, 
 1DIAGNOSTIC,    16, -9.098946524332e-01, 3.563004660083e-04, 9.3950e+03, 4.0490e+02, 
 1DIAGNOSTIC,    17, -9.104354726025e-01, 3.065779367951e-04, 9.8002e+03, 4.0521e+02, 
 1DIAGNOSTIC,    18, -9.109298225571e-01, 2.630753538175e-04, 1.0205e+04, 4.0522e+02, 
 1DIAGNOSTIC,    19, -9.113854734597e-01, 2.250103794820e-04, 1.0611e+04, 4.0515e+02, 
 1DIAGNOSTIC,    20, -9.118097411819e-01, 1.931890903531e-04, 1.1016e+04, 4.0538e+02, 
  Elapsed time (stage 0): 11019.2


Total elapsed time: 11019.2
-i /mnt/lustre/mathdugre/fast-interpolate/datasets/ds004513/derivatives/flint/ants/flint-vprec-single/sub-s031/ses-open/anat/11/1_Affine.nii.gz -o /mnt/lustre/mathdugre/fast-interpolate/datasets/ds004513/derivatives/flint/ants/flint-vprec-single/sub-s031/ses-open/anat/110/1_transformed.nii.gz -t /mnt/lustre/mathdugre/fast-interpolate/datasets/ds004513/derivatives/flint/ants/flint-vprec-single/sub-s031/ses-open/anat/110/1_1Warp.nii.gz -t /mnt/lustre/mathdugre/fast-interpolate/datasets/ds004513/derivatives/flint/ants/flint-vprec-single/sub-s031/ses-open/anat/110/1_0GenericAffine.mat
