---------------------
Experiment information

SIF_IMG: /mnt/lustre/mathdugre/containers/ants-flint-base.simg
SIF_IMG_BASE: /mnt/lustre/mathdugre/containers/ants-flint-base.simg
EXPERIMENT_NAME: flint-vprec-single
STAGE: affine
SUBJECT_ID: s029
REPETITION_ID: 1

FIXED_IMG: /templateflow/tpl-MNI152NLin2009cAsym/tpl-MNI152NLin2009cAsym_res-01_desc-brain_T1w.nii.gz
INPUT_IMG: /mnt/lustre/mathdugre/fast-interpolate/datasets/ds004513/derivatives/flint/ants/flint-vprec-single/sub-s029/ses-open/anat/0/1_Rigid.nii.gz

DATA_DIR: /mnt/lustre/mathdugre/fast-interpolate/datasets/ds004513
OUTPUT_DIR: /mnt/lustre/mathdugre/fast-interpolate/datasets/ds004513/derivatives/flint/ants/flint-vprec-single/sub-s029/ses-open/anat
OUTPUT_PREFIX: 00
THREAD: 1
FLOAT: 0
VFC_BACKENDS: ieee
---------------------

--output [/mnt/lustre/mathdugre/fast-interpolate/datasets/ds004513/derivatives/flint/ants/flint-vprec-single/sub-s029/ses-open/anat/00/1_,/mnt/lustre/mathdugre/fast-interpolate/datasets/ds004513/derivatives/flint/ants/flint-vprec-single/sub-s029/ses-open/anat/00/1_Affine.nii.gz,/mnt/lustre/mathdugre/fast-interpolate/datasets/ds004513/derivatives/flint/ants/flint-vprec-single/sub-s029/ses-open/anat/00/1_InverseAffine.nii.gz] --initial-moving-transform [/templateflow/tpl-MNI152NLin2009cAsym/tpl-MNI152NLin2009cAsym_res-01_desc-brain_T1w.nii.gz,/mnt/lustre/mathdugre/fast-interpolate/datasets/ds004513/derivatives/flint/ants/flint-vprec-single/sub-s029/ses-open/anat/0/1_Rigid.nii.gz,1] --transform Affine[0.1] --metric MI[/templateflow/tpl-MNI152NLin2009cAsym/tpl-MNI152NLin2009cAsym_res-01_desc-brain_T1w.nii.gz,/mnt/lustre/mathdugre/fast-interpolate/datasets/ds004513/derivatives/flint/ants/flint-vprec-single/sub-s029/ses-open/anat/0/1_Rigid.nii.gz,1,32,Regular,0.25] --convergence [1000x500x250x100,1e-6,10] --shrink-factors 8x4x2x1 --smoothing-sigmas 3x2x1x0vox
All_Command_lines_OK
Using double precision for computations.
=============================================================================
The composite transform comprises the following transforms (in order): 
  1. Center of mass alignment using fixed image: /templateflow/tpl-MNI152NLin2009cAsym/tpl-MNI152NLin2009cAsym_res-01_desc-brain_T1w.nii.gz and moving image: /mnt/lustre/mathdugre/fast-interpolate/datasets/ds004513/derivatives/flint/ants/flint-vprec-single/sub-s029/ses-open/anat/0/1_Rigid.nii.gz (type = Euler3DTransform)
=============================================================================
  number of levels = 4
  fixed image: /templateflow/tpl-MNI152NLin2009cAsym/tpl-MNI152NLin2009cAsym_res-01_desc-brain_T1w.nii.gz
  moving image: /mnt/lustre/mathdugre/fast-interpolate/datasets/ds004513/derivatives/flint/ants/flint-vprec-single/sub-s029/ses-open/anat/0/1_Rigid.nii.gz
Dimension = 3
Number of stages = 1
Use histogram matching = false
Winsorize image intensities = true
  Lower quantile = 0.005
  Upper quantile = 0.995


Stage 1 State
   Image metric = MattesMI
     Fixed image = Image (0x55fa19adfe90)
  RTTI typeinfo:   itk::Image<double, 3u>
  Reference Count: 2
  Modified Time: 1622
  Debug: Off
  Object Name: 
  Observers: 
    none
  Source: (none)
  Source output name: (none)
  Release Data: Off
  Data Released: False
  Global Release Data: Off
  PipelineMTime: 0
  UpdateMTime: 1407
  RealTimeStamp: 0 seconds 
  LargestPossibleRegion: 
    Dimension: 3
    Index: [0, 0, 0]
    Size: [193, 229, 193]
  BufferedRegion: 
    Dimension: 3
    Index: [0, 0, 0]
    Size: [193, 229, 193]
  RequestedRegion: 
    Dimension: 3
    Index: [0, 0, 0]
    Size: [193, 229, 193]
  Spacing: [1, 1, 1]
  Origin: [96, 132, -78]
  Direction: 
-1 0 0
0 -1 0
0 0 1

  IndexToPointMatrix: 
-1 0 0
0 -1 0
0 0 1

  PointToIndexMatrix: 
-1 0 0
0 -1 0
0 0 1

  Inverse Direction: 
-1 0 0
0 -1 0
0 0 1

  PixelContainer: 
    ImportImageContainer (0x55fa19bb60d0)
      RTTI typeinfo:   itk::ImportImageContainer<unsigned long, double>
      Reference Count: 1
      Modified Time: 1404
      Debug: Off
      Object Name: 
      Observers: 
        none
      Pointer: 0x7f804496d010
      Container manages memory: true
      Size: 8530021
      Capacity: 8530021

     Moving image = Image (0x55fa19ae6b20)
  RTTI typeinfo:   itk::Image<double, 3u>
  Reference Count: 2
  Modified Time: 1623
  Debug: Off
  Object Name: 
  Observers: 
    none
  Source: (none)
  Source output name: (none)
  Release Data: Off
  Data Released: False
  Global Release Data: Off
  PipelineMTime: 0
  UpdateMTime: 1620
  RealTimeStamp: 0 seconds 
  LargestPossibleRegion: 
    Dimension: 3
    Index: [0, 0, 0]
    Size: [193, 229, 193]
  BufferedRegion: 
    Dimension: 3
    Index: [0, 0, 0]
    Size: [193, 229, 193]
  RequestedRegion: 
    Dimension: 3
    Index: [0, 0, 0]
    Size: [193, 229, 193]
  Spacing: [1, 1, 1]
  Origin: [96, 132, -78]
  Direction: 
-1 0 0
0 -1 0
0 0 1

  IndexToPointMatrix: 
-1 0 0
0 -1 0
0 0 1

  PointToIndexMatrix: 
-1 0 0
0 -1 0
0 0 1

  Inverse Direction: 
-1 0 0
0 -1 0
0 0 1

  PixelContainer: 
    ImportImageContainer (0x55fa19ae1480)
      RTTI typeinfo:   itk::ImportImageContainer<unsigned long, double>
      Reference Count: 1
      Modified Time: 1617
      Debug: Off
      Object Name: 
      Observers: 
        none
      Pointer: 0x7f8040858010
      Container manages memory: true
      Size: 8530021
      Capacity: 8530021

     Weighting = 1
     Sampling strategy = regular
     Number of bins = 32
     Radius = 4
     Sampling percentage  = 0.25
   Transform = Affine
     Gradient step = 0.1
     Update field sigma (voxel space) = 0
     Total field sigma (voxel space) = 0
     Update field time sigma = 0
     Total field time sigma  = 0
     Number of time indices = 0
     Number of time point samples = 0
Registration using 1 total stages.

Stage 0
  iterations = 1000x500x250x100
  convergence threshold = 1e-06
  convergence window size = 10
  number of levels = 4
  using the Mattes MI metric (number of bins = 32, weight = 1, use gradient filter = 0)
  preprocessing:  winsorizing the image intensities
  Shrink factors (level 1 out of 4): [8, 8, 8]
  Shrink factors (level 2 out of 4): [4, 4, 4]
  Shrink factors (level 3 out of 4): [2, 2, 2]
  Shrink factors (level 4 out of 4): [1, 1, 1]
  smoothing sigmas per level: [3, 2, 1, 0]
  regular sampling (percentage = 0.25)

*** Running AffineTransform registration ***

DIAGNOSTIC,Iteration,metricValue,convergenceValue,ITERATION_TIME_INDEX,SINCE_LAST
 2DIAGNOSTIC,     1, -4.995703314225e-01, 1.797693134862e+308, 1.4644e+00, 1.4644e+00, 
 2DIAGNOSTIC,     2, -5.016528004647e-01, 1.797693134862e+308, 1.4755e+00, 1.1049e-02, 
 2DIAGNOSTIC,     3, -5.053264099577e-01, 1.797693134862e+308, 1.4866e+00, 1.1140e-02, 
 2DIAGNOSTIC,     4, -5.106388666588e-01, 1.797693134862e+308, 1.4977e+00, 1.1108e-02, 
 2DIAGNOSTIC,     5, -5.184006718572e-01, 1.797693134862e+308, 1.5089e+00, 1.1228e-02, 
 2DIAGNOSTIC,     6, -5.315691849623e-01, 1.797693134862e+308, 1.5204e+00, 1.1434e-02, 
 2DIAGNOSTIC,     7, -5.628456445592e-01, 1.797693134862e+308, 1.5326e+00, 1.2232e-02, 
 2DIAGNOSTIC,     8, -7.576755103020e-01, 1.797693134862e+308, 1.5479e+00, 1.5260e-02, 
 2DIAGNOSTIC,     9, -8.037960433386e-01, 1.797693134862e+308, 1.5608e+00, 1.2987e-02, 
 2DIAGNOSTIC,    10, -8.170857050850e-01, 3.714427862137e-02, 1.5768e+00, 1.5974e-02, 
 2DIAGNOSTIC,    11, -8.224515455418e-01, 3.810767032015e-02, 1.5885e+00, 1.1696e-02, 
 2DIAGNOSTIC,    12, -8.312857841971e-01, 3.588398024848e-02, 1.6013e+00, 1.2801e-02, 
 2DIAGNOSTIC,    13, -8.367673906633e-01, 3.110215237521e-02, 1.6140e+00, 1.2726e-02, 
 2DIAGNOSTIC,    14, -8.400613892667e-01, 2.462872161603e-02, 1.6280e+00, 1.3959e-02, 
 2DIAGNOSTIC,    15, -8.411064910248e-01, 1.733816147606e-02, 1.6405e+00, 1.2543e-02, 
 2DIAGNOSTIC,    16, -8.421282279973e-01, 1.001402797448e-02, 1.6519e+00, 1.1362e-02, 
 2DIAGNOSTIC,    17, -8.425571365410e-01, 3.460201582392e-03, 1.6646e+00, 1.2714e-02, 
 2DIAGNOSTIC,    18, -8.434127425908e-01, 1.809406895974e-03, 1.6785e+00, 1.3894e-02, 
 2DIAGNOSTIC,    19, -8.435972756527e-01, 1.164067511721e-03, 1.6899e+00, 1.1349e-02, 
 2DIAGNOSTIC,    20, -8.437693837677e-01, 7.535198738883e-04, 1.7040e+00, 1.4188e-02, 
 2DIAGNOSTIC,    21, -8.438537483478e-01, 4.179178765683e-04, 1.7191e+00, 1.5056e-02, 
 2DIAGNOSTIC,    22, -8.438675005220e-01, 2.333338753721e-04, 1.7304e+00, 1.1307e-02, 
 2DIAGNOSTIC,    23, -8.439219930951e-01, 1.372559234113e-04, 1.7416e+00, 1.1205e-02, 
 2DIAGNOSTIC,    24, -8.439630741216e-01, 9.071703085171e-05, 1.7529e+00, 1.1287e-02, 
 2DIAGNOSTIC,    25, -8.439793258273e-01, 5.605250961224e-05, 1.7641e+00, 1.1218e-02, 
 2DIAGNOSTIC,    26, -8.440010162186e-01, 3.452188764003e-05, 1.7754e+00, 1.1232e-02, 
 2DIAGNOSTIC,    27, -8.440413069406e-01, 1.796196752250e-05, 1.7866e+00, 1.1209e-02, 
 2DIAGNOSTIC,    28, -8.440629688356e-01, 1.290304373001e-05, 1.8002e+00, 1.3673e-02, 
 2DIAGNOSTIC,    29, -8.440677338404e-01, 9.527321205932e-06, 1.8127e+00, 1.2472e-02, 
 2DIAGNOSTIC,    30, -8.440711909745e-01, 7.790152287281e-06, 1.8258e+00, 1.3086e-02, 
 2DIAGNOSTIC,    31, -8.440829759125e-01, 6.714901916824e-06, 1.8382e+00, 1.2388e-02, 
 2DIAGNOSTIC,    32, -8.441014981108e-01, 5.538983937167e-06, 1.8493e+00, 1.1076e-02, 
 2DIAGNOSTIC,    33, -8.441087941393e-01, 4.696588577519e-06, 1.8603e+00, 1.1073e-02, 
 2DIAGNOSTIC,    34, -8.441187155054e-01, 4.122297021049e-06, 1.8739e+00, 1.3525e-02, 
 2DIAGNOSTIC,    35, -8.441192076105e-01, 3.468282667264e-06, 1.8873e+00, 1.3453e-02, 
 2DIAGNOSTIC,    36, -8.441192851082e-01, 2.831834657213e-06, 1.8983e+00, 1.1041e-02, 
 2DIAGNOSTIC,    37, -8.441196159603e-01, 2.449745816521e-06, 1.9094e+00, 1.1024e-02, 
 2DIAGNOSTIC,    38, -8.441203641089e-01, 2.159416258748e-06, 1.9204e+00, 1.1028e-02, 
 2DIAGNOSTIC,    39, -8.441205234432e-01, 1.813356718852e-06, 1.9535e+00, 3.3074e-02, 
 2DIAGNOSTIC,    40, -8.441205234187e-01, 1.428492052730e-06, 1.9868e+00, 3.3298e-02, 
 2DIAGNOSTIC,    41, -8.441205234187e-01, 1.111439131944e-06, 2.0002e+00, 1.3474e-02, 
DIAGNOSTIC,Iteration,metricValue,convergenceValue,ITERATION_TIME_INDEX,SINCE_LAST
 2DIAGNOSTIC,     1, -7.060119529568e-01, 1.797693134862e+308, 3.5714e+00, 1.5712e+00, 
 2DIAGNOSTIC,     2, -7.075747804732e-01, 1.797693134862e+308, 3.6854e+00, 1.1392e-01, 
 2DIAGNOSTIC,     3, -7.089949290259e-01, 1.797693134862e+308, 3.7991e+00, 1.1372e-01, 
 2DIAGNOSTIC,     4, -7.099583260664e-01, 1.797693134862e+308, 3.9128e+00, 1.1372e-01, 
 2DIAGNOSTIC,     5, -7.106053022911e-01, 1.797693134862e+308, 4.0266e+00, 1.1374e-01, 
 2DIAGNOSTIC,     6, -7.111870133620e-01, 1.797693134862e+308, 4.1558e+00, 1.2927e-01, 
 2DIAGNOSTIC,     7, -7.117419012626e-01, 1.797693134862e+308, 4.4534e+00, 2.9758e-01, 
 2DIAGNOSTIC,     8, -7.117419207662e-01, 1.797693134862e+308, 4.5668e+00, 1.1343e-01, 
 2DIAGNOSTIC,     9, -7.117427993645e-01, 1.797693134862e+308, 4.6805e+00, 1.1364e-01, 
 2DIAGNOSTIC,    10, -7.117442627132e-01, 4.926925613695e-04, 4.7945e+00, 1.1406e-01, 
 2DIAGNOSTIC,    11, -7.117466651797e-01, 3.102355293977e-04, 4.9087e+00, 1.1416e-01, 
 2DIAGNOSTIC,    12, -7.117505614135e-01, 1.819216906560e-04, 5.0227e+00, 1.1404e-01, 
 2DIAGNOSTIC,    13, -7.117567468020e-01, 1.007035377401e-04, 5.1367e+00, 1.1394e-01, 
 2DIAGNOSTIC,    14, -7.117660862393e-01, 4.989942970079e-05, 5.2508e+00, 1.1414e-01, 
 2DIAGNOSTIC,    15, -7.117792703576e-01, 1.886211910533e-05, 5.3650e+00, 1.1420e-01, 
 2DIAGNOSTIC,    16, -7.117971536263e-01, 4.757641933431e-06, 5.4792e+00, 1.1422e-01, 
 2DIAGNOSTIC,    17, -7.118217034375e-01, 5.682364419377e-06, 5.5932e+00, 1.1397e-01, 
 2DIAGNOSTIC,    18, -7.118565669313e-01, 6.918388480860e-06, 5.7071e+00, 1.1391e-01, 
 2DIAGNOSTIC,    19, -7.119150019656e-01, 8.782566606323e-06, 5.8209e+00, 1.1373e-01, 
 2DIAGNOSTIC,    20, -7.120540040173e-01, 1.258517767024e-05, 5.9498e+00, 1.2895e-01, 
 2DIAGNOSTIC,    21, -7.121249896356e-01, 1.634019718479e-05, 6.1564e+00, 2.0656e-01, 
 2DIAGNOSTIC,    22, -7.121260889216e-01, 1.846260018139e-05, 6.2706e+00, 1.1425e-01, 
 2DIAGNOSTIC,    23, -7.121289815737e-01, 1.900730286029e-05, 6.3846e+00, 1.1400e-01, 
 2DIAGNOSTIC,    24, -7.121331353857e-01, 1.807417052595e-05, 6.4984e+00, 1.1377e-01, 
 2DIAGNOSTIC,    25, -7.121383364525e-01, 1.589646895832e-05, 6.6124e+00, 1.1398e-01, 
 2DIAGNOSTIC,    26, -7.121439414900e-01, 1.285526558394e-05, 6.7262e+00, 1.1384e-01, 
 2DIAGNOSTIC,    27, -7.121475539978e-01, 9.385307903516e-06, 6.8558e+00, 1.2963e-01, 
 2DIAGNOSTIC,    28, -7.121483150750e-01, 5.914158494345e-06, 6.9851e+00, 1.2926e-01, 
 2DIAGNOSTIC,    29, -7.121484024753e-01, 2.995135398171e-06, 7.1605e+00, 1.7541e-01, 
 2DIAGNOSTIC,    30, -7.121484042381e-01, 1.915672829138e-06, 7.2899e+00, 1.2939e-01, 
 2DIAGNOSTIC,    31, -7.121484046133e-01, 1.739354146019e-06, 7.5904e+00, 3.0048e-01, 
 2DIAGNOSTIC,    32, -7.121484046141e-01, 1.519919336619e-06, 7.8737e+00, 2.8331e-01, 
 2DIAGNOSTIC,    33, -7.121484046141e-01, 1.299135515283e-06, 8.0030e+00, 1.2937e-01, 
 2DIAGNOSTIC,    34, -7.121484046141e-01, 1.108108318874e-06, 8.1325e+00, 1.2945e-01, 
DIAGNOSTIC,Iteration,metricValue,convergenceValue,ITERATION_TIME_INDEX,SINCE_LAST
 2DIAGNOSTIC,     1, -6.072914324824e-01, 1.797693134862e+308, 1.0499e+01, 2.3661e+00, 
 2DIAGNOSTIC,     2, -6.076506971105e-01, 1.797693134862e+308, 1.1258e+01, 7.5919e-01, 
 2DIAGNOSTIC,     3, -6.079805035960e-01, 1.797693134862e+308, 1.2018e+01, 7.6013e-01, 
 2DIAGNOSTIC,     4, -6.082427976118e-01, 1.797693134862e+308, 1.2773e+01, 7.5494e-01, 
 2DIAGNOSTIC,     5, -6.083969109110e-01, 1.797693134862e+308, 1.4016e+01, 1.2435e+00, 
 2DIAGNOSTIC,     6, -6.084011262224e-01, 1.797693134862e+308, 1.4767e+01, 7.5045e-01, 
 2DIAGNOSTIC,     7, -6.084021840006e-01, 1.797693134862e+308, 1.5533e+01, 7.6594e-01, 
 2DIAGNOSTIC,     8, -6.084038032695e-01, 1.797693134862e+308, 1.6297e+01, 7.6461e-01, 
 2DIAGNOSTIC,     9, -6.084064278223e-01, 1.797693134862e+308, 1.7063e+01, 7.6517e-01, 
 2DIAGNOSTIC,    10, -6.084099089698e-01, 1.037035828211e-04, 1.7820e+01, 7.5720e-01, 
 2DIAGNOSTIC,    11, -6.084144739845e-01, 5.630123944098e-05, 1.8577e+01, 7.5754e-01, 
 2DIAGNOSTIC,    12, -6.084197709723e-01, 2.605928933379e-05, 1.9631e+01, 1.0535e+00, 
 2DIAGNOSTIC,    13, -6.084206591434e-01, 1.004079423529e-05, 2.0881e+01, 1.2501e+00, 
 2DIAGNOSTIC,    14, -6.084207010857e-01, 4.233987417238e-06, 2.1646e+01, 7.6522e-01, 
 2DIAGNOSTIC,    15, -6.084210349966e-01, 3.831536106946e-06, 2.2411e+01, 7.6508e-01, 
 2DIAGNOSTIC,    16, -6.084212115834e-01, 3.448711087775e-06, 2.3172e+01, 7.6121e-01, 
 2DIAGNOSTIC,    17, -6.084212800025e-01, 3.005602474689e-06, 2.3934e+01, 7.6162e-01, 
 2DIAGNOSTIC,    18, -6.084215785918e-01, 2.557072799218e-06, 2.4689e+01, 7.5456e-01, 
 2DIAGNOSTIC,    19, -6.084221853646e-01, 2.162849789343e-06, 2.5639e+01, 9.5046e-01, 
 2DIAGNOSTIC,    20, -6.084222391799e-01, 1.843594530197e-06, 2.6397e+01, 7.5797e-01, 
 2DIAGNOSTIC,    21, -6.084224624575e-01, 1.634748888237e-06, 2.7165e+01, 7.6824e-01, 
 2DIAGNOSTIC,    22, -6.084232952879e-01, 1.563509853385e-06, 2.8565e+01, 1.3998e+00, 
 2DIAGNOSTIC,    23, -6.084233002972e-01, 1.505184751276e-06, 2.9633e+01, 1.0679e+00, 
 2DIAGNOSTIC,    24, -6.084233004860e-01, 1.441031225367e-06, 3.0688e+01, 1.0548e+00, 
 2DIAGNOSTIC,    25, -6.084233005055e-01, 1.377608704715e-06, 3.1638e+01, 9.5057e-01, 
 2DIAGNOSTIC,    26, -6.084233005085e-01, 1.312445590700e-06, 3.2584e+01, 9.4536e-01, 
 2DIAGNOSTIC,    27, -6.084233005088e-01, 1.244667505583e-06, 3.3649e+01, 1.0650e+00, 
 2DIAGNOSTIC,    28, -6.084233005089e-01, 1.180184833270e-06, 3.4722e+01, 1.0729e+00, 
 2DIAGNOSTIC,    29, -6.084233005089e-01, 1.126012623580e-06, 3.5584e+01, 8.6252e-01, 
 2DIAGNOSTIC,    30, -6.084233005089e-01, 1.073610854288e-06, 3.6438e+01, 8.5350e-01, 
 2DIAGNOSTIC,    31, -6.084233005089e-01, 1.026353885263e-06, 3.7286e+01, 8.4868e-01, 
DIAGNOSTIC,Iteration,metricValue,convergenceValue,ITERATION_TIME_INDEX,SINCE_LAST
 2DIAGNOSTIC,     1, -5.416934663907e-01, 1.797693134862e+308, 4.3411e+01, 6.1244e+00, 
 2DIAGNOSTIC,     2, -5.418831438653e-01, 1.797693134862e+308, 4.8371e+01, 4.9604e+00, 
 2DIAGNOSTIC,     3, -5.419960353769e-01, 1.797693134862e+308, 5.3920e+01, 5.5487e+00, 
 2DIAGNOSTIC,     4, -5.421050492684e-01, 1.797693134862e+308, 6.4213e+01, 1.0294e+01, 
 2DIAGNOSTIC,     5, -5.421051773046e-01, 1.797693134862e+308, 6.9152e+01, 4.9386e+00, 
 2DIAGNOSTIC,     6, -5.421059330541e-01, 1.797693134862e+308, 7.4089e+01, 4.9373e+00, 
 2DIAGNOSTIC,     7, -5.421070790744e-01, 1.797693134862e+308, 7.9024e+01, 4.9350e+00, 
 2DIAGNOSTIC,     8, -5.421088098272e-01, 1.797693134862e+308, 8.3957e+01, 4.9332e+00, 
 2DIAGNOSTIC,     9, -5.421110535826e-01, 1.797693134862e+308, 8.8896e+01, 4.9382e+00, 
 2DIAGNOSTIC,    10, -5.421135502154e-01, 3.985589298404e-05, 9.3837e+01, 4.9418e+00, 
 2DIAGNOSTIC,    11, -5.421161527473e-01, 1.918277241134e-05, 9.8773e+01, 4.9359e+00, 
 2DIAGNOSTIC,    12, -5.421189522375e-01, 8.819500223980e-06, 1.0371e+02, 4.9318e+00, 
 2DIAGNOSTIC,    13, -5.421221865005e-01, 4.049912662354e-06, 1.0863e+02, 4.9282e+00, 
 2DIAGNOSTIC,    14, -5.421249462237e-01, 4.000542721844e-06, 1.1415e+02, 5.5206e+00, 
 2DIAGNOSTIC,    15, -5.421260676109e-01, 3.842459553052e-06, 1.2979e+02, 1.5639e+01, 
 2DIAGNOSTIC,    16, -5.421260675881e-01, 3.571515127906e-06, 1.3475e+02, 4.9547e+00, 
 2DIAGNOSTIC,    17, -5.421260676539e-01, 3.222277549966e-06, 1.3970e+02, 4.9573e+00, 
 2DIAGNOSTIC,    18, -5.421260677654e-01, 2.836039378909e-06, 1.4467e+02, 4.9624e+00, 
 2DIAGNOSTIC,    19, -5.421260679541e-01, 2.451768190671e-06, 1.4963e+02, 4.9623e+00, 
 2DIAGNOSTIC,    20, -5.421260682734e-01, 2.098688297203e-06, 1.5459e+02, 4.9622e+00, 
 2DIAGNOSTIC,    21, -5.421260688126e-01, 1.796886250828e-06, 1.5955e+02, 4.9593e+00, 
 2DIAGNOSTIC,    22, -5.421260697231e-01, 1.561948779871e-06, 1.6452e+02, 4.9685e+00, 
 2DIAGNOSTIC,    23, -5.421260712782e-01, 1.408860800738e-06, 1.6948e+02, 4.9651e+00, 
 2DIAGNOSTIC,    24, -5.421260739164e-01, 1.325762321321e-06, 1.7444e+02, 4.9506e+00, 
 2DIAGNOSTIC,    25, -5.421260783905e-01, 1.272898614471e-06, 1.7939e+02, 4.9574e+00, 
 2DIAGNOSTIC,    26, -5.421260857978e-01, 1.224210103359e-06, 1.8436e+02, 4.9631e+00, 
 2DIAGNOSTIC,    27, -5.421260980710e-01, 1.179302382567e-06, 1.8932e+02, 4.9614e+00, 
 2DIAGNOSTIC,    28, -5.421261179164e-01, 1.137870183320e-06, 1.9428e+02, 4.9624e+00, 
 2DIAGNOSTIC,    29, -5.421261514872e-01, 1.099736058656e-06, 1.9923e+02, 4.9495e+00, 
 2DIAGNOSTIC,    30, -5.421262045691e-01, 1.064804400548e-06, 2.0418e+02, 4.9462e+00, 
 2DIAGNOSTIC,    31, -5.421262869735e-01, 1.033095712956e-06, 2.0909e+02, 4.9135e+00, 
 2DIAGNOSTIC,    32, -5.421264116205e-01, 1.004747834876e-06, 2.1399e+02, 4.9058e+00, 
  Elapsed time (stage 0): 2.1716e+02


Total elapsed time: 2.1716e+02
-i /mnt/lustre/mathdugre/fast-interpolate/datasets/ds004513/derivatives/flint/ants/flint-vprec-single/sub-s029/ses-open/anat/0/1_Rigid.nii.gz -o /mnt/lustre/mathdugre/fast-interpolate/datasets/ds004513/derivatives/flint/ants/flint-vprec-single/sub-s029/ses-open/anat/00/1_transformed.nii.gz -t /mnt/lustre/mathdugre/fast-interpolate/datasets/ds004513/derivatives/flint/ants/flint-vprec-single/sub-s029/ses-open/anat/00/1_0GenericAffine.mat
