---------------------
Experiment information

SIF_IMG: /mnt/lustre/mathdugre/containers/ants-flint-base.simg
SIF_IMG_BASE: /mnt/lustre/mathdugre/containers/ants-flint-base.simg
EXPERIMENT_NAME: flint-vprec-single
STAGE: syn
SUBJECT_ID: s030
REPETITION_ID: 1

FIXED_IMG: /templateflow/tpl-MNI152NLin2009cAsym/tpl-MNI152NLin2009cAsym_res-01_desc-brain_T1w.nii.gz
INPUT_IMG: /mnt/lustre/mathdugre/fast-interpolate/datasets/ds004513/derivatives/flint/ants/flint-vprec-single/sub-s030/ses-open/anat/01/1_Affine.nii.gz

DATA_DIR: /mnt/lustre/mathdugre/fast-interpolate/datasets/ds004513
OUTPUT_DIR: /mnt/lustre/mathdugre/fast-interpolate/datasets/ds004513/derivatives/flint/ants/flint-vprec-single/sub-s030/ses-open/anat
OUTPUT_PREFIX: 010
THREAD: 1
FLOAT: 0
VFC_BACKENDS: ieee
---------------------

--output [/mnt/lustre/mathdugre/fast-interpolate/datasets/ds004513/derivatives/flint/ants/flint-vprec-single/sub-s030/ses-open/anat/010/1_,/mnt/lustre/mathdugre/fast-interpolate/datasets/ds004513/derivatives/flint/ants/flint-vprec-single/sub-s030/ses-open/anat/010/1_Warped.nii.gz,/mnt/lustre/mathdugre/fast-interpolate/datasets/ds004513/derivatives/flint/ants/flint-vprec-single/sub-s030/ses-open/anat/010/1_InverseSyN.nii.gz] --initial-moving-transform [/templateflow/tpl-MNI152NLin2009cAsym/tpl-MNI152NLin2009cAsym_res-01_desc-brain_T1w.nii.gz,/mnt/lustre/mathdugre/fast-interpolate/datasets/ds004513/derivatives/flint/ants/flint-vprec-single/sub-s030/ses-open/anat/01/1_Affine.nii.gz,1] --transform SyN[ 0.1,3,0 ] --metric CC[/templateflow/tpl-MNI152NLin2009cAsym/tpl-MNI152NLin2009cAsym_res-01_desc-brain_T1w.nii.gz,/mnt/lustre/mathdugre/fast-interpolate/datasets/ds004513/derivatives/flint/ants/flint-vprec-single/sub-s030/ses-open/anat/01/1_Affine.nii.gz,1,4] --convergence [100x70x50x20,1e-6,10] --shrink-factors 8x4x2x1 --smoothing-sigmas 3x2x1x0vox
All_Command_lines_OK
Using double precision for computations.
=============================================================================
The composite transform comprises the following transforms (in order): 
  1. Center of mass alignment using fixed image: /templateflow/tpl-MNI152NLin2009cAsym/tpl-MNI152NLin2009cAsym_res-01_desc-brain_T1w.nii.gz and moving image: /mnt/lustre/mathdugre/fast-interpolate/datasets/ds004513/derivatives/flint/ants/flint-vprec-single/sub-s030/ses-open/anat/01/1_Affine.nii.gz (type = Euler3DTransform)
=============================================================================
  number of levels = 4
  fixed image: /templateflow/tpl-MNI152NLin2009cAsym/tpl-MNI152NLin2009cAsym_res-01_desc-brain_T1w.nii.gz
  moving image: /mnt/lustre/mathdugre/fast-interpolate/datasets/ds004513/derivatives/flint/ants/flint-vprec-single/sub-s030/ses-open/anat/01/1_Affine.nii.gz
Dimension = 3
Number of stages = 1
Use histogram matching = false
Winsorize image intensities = true
  Lower quantile = 0.005
  Upper quantile = 0.995


Stage 1 State
   Image metric = CC
     Fixed image = Image (0x55852c7d7a00)
  RTTI typeinfo:   itk::Image<double, 3u>
  Reference Count: 2
  Modified Time: 1622
  Debug: Off
  Object Name: 
  Observers: 
    none
  Source: (none)
  Source output name: (none)
  Release Data: Off
  Data Released: False
  Global Release Data: Off
  PipelineMTime: 0
  UpdateMTime: 1407
  RealTimeStamp: 0 seconds 
  LargestPossibleRegion: 
    Dimension: 3
    Index: [0, 0, 0]
    Size: [193, 229, 193]
  BufferedRegion: 
    Dimension: 3
    Index: [0, 0, 0]
    Size: [193, 229, 193]
  RequestedRegion: 
    Dimension: 3
    Index: [0, 0, 0]
    Size: [193, 229, 193]
  Spacing: [1, 1, 1]
  Origin: [96, 132, -78]
  Direction: 
-1 0 0
0 -1 0
0 0 1

  IndexToPointMatrix: 
-1 0 0
0 -1 0
0 0 1

  PointToIndexMatrix: 
-1 0 0
0 -1 0
0 0 1

  Inverse Direction: 
-1 0 0
0 -1 0
0 0 1

  PixelContainer: 
    ImportImageContainer (0x55852c86bd50)
      RTTI typeinfo:   itk::ImportImageContainer<unsigned long, double>
      Reference Count: 1
      Modified Time: 1404
      Debug: Off
      Object Name: 
      Observers: 
        none
      Pointer: 0x7fc38bbc0010
      Container manages memory: true
      Size: 8530021
      Capacity: 8530021

     Moving image = Image (0x55852c7de870)
  RTTI typeinfo:   itk::Image<double, 3u>
  Reference Count: 2
  Modified Time: 1623
  Debug: Off
  Object Name: 
  Observers: 
    none
  Source: (none)
  Source output name: (none)
  Release Data: Off
  Data Released: False
  Global Release Data: Off
  PipelineMTime: 0
  UpdateMTime: 1620
  RealTimeStamp: 0 seconds 
  LargestPossibleRegion: 
    Dimension: 3
    Index: [0, 0, 0]
    Size: [193, 229, 193]
  BufferedRegion: 
    Dimension: 3
    Index: [0, 0, 0]
    Size: [193, 229, 193]
  RequestedRegion: 
    Dimension: 3
    Index: [0, 0, 0]
    Size: [193, 229, 193]
  Spacing: [1, 1, 1]
  Origin: [96, 132, -78]
  Direction: 
-1 0 0
0 -1 0
0 0 1

  IndexToPointMatrix: 
-1 0 0
0 -1 0
0 0 1

  PointToIndexMatrix: 
-1 0 0
0 -1 0
0 0 1

  Inverse Direction: 
-1 0 0
0 -1 0
0 0 1

  PixelContainer: 
    ImportImageContainer (0x55852c882d90)
      RTTI typeinfo:   itk::ImportImageContainer<unsigned long, double>
      Reference Count: 1
      Modified Time: 1617
      Debug: Off
      Object Name: 
      Observers: 
        none
      Pointer: 0x7fc387aab010
      Container manages memory: true
      Size: 8530021
      Capacity: 8530021

     Weighting = 1
     Sampling strategy = none
     Number of bins = 32
     Radius = 4
     Sampling percentage  = 1
   Transform = SyN
     Gradient step = 0.1
     Update field sigma (voxel space) = 3
     Total field sigma (voxel space) = 0
     Update field time sigma = 0
     Total field time sigma  = 0
     Number of time indices = 0
     Number of time point samples = 0
Registration using 1 total stages.

Stage 0
  iterations = 100x70x50x20
  convergence threshold = 1e-06
  convergence window size = 10
  number of levels = 4
  using the CC metric (radius = 4, weight = 1, use gradient filter = 0)
  preprocessing:  winsorizing the image intensities
  Shrink factors (level 1 out of 4): [8, 8, 8]
  Shrink factors (level 2 out of 4): [4, 4, 4]
  Shrink factors (level 3 out of 4): [2, 2, 2]
  Shrink factors (level 4 out of 4): [1, 1, 1]
  smoothing sigmas per level: [3, 2, 1, 0]
  Using default NONE metricSamplingStrategy 

*** Running SyN registration (varianceForUpdateField = 3, varianceForTotalField = 0) ***

XXDIAGNOSTIC,Iteration,metricValue,convergenceValue,ITERATION_TIME_INDEX,SINCE_LAST
 1DIAGNOSTIC,     1, -9.420742592590e-01, 1.797693134862e+308, 2.1215e+00, 2.1215e+00, 
 1DIAGNOSTIC,     2, -9.527095976757e-01, 1.797693134862e+308, 2.8667e+00, 7.4517e-01, 
 1DIAGNOSTIC,     3, -9.596819571459e-01, 1.797693134862e+308, 3.6119e+00, 7.4519e-01, 
 1DIAGNOSTIC,     4, -9.641010853589e-01, 1.797693134862e+308, 4.3479e+00, 7.3605e-01, 
 1DIAGNOSTIC,     5, -9.671387595937e-01, 1.797693134862e+308, 5.0833e+00, 7.3542e-01, 
 1DIAGNOSTIC,     6, -9.703406914072e-01, 1.797693134862e+308, 5.8218e+00, 7.3847e-01, 
 1DIAGNOSTIC,     7, -9.728909463591e-01, 1.797693134862e+308, 6.5613e+00, 7.3953e-01, 
 1DIAGNOSTIC,     8, -9.749221715892e-01, 1.797693134862e+308, 7.3016e+00, 7.4031e-01, 
 1DIAGNOSTIC,     9, -9.755833014529e-01, 1.797693134862e+308, 8.0434e+00, 7.4175e-01, 
 1DIAGNOSTIC,    10, -9.761158661045e-01, 2.044703505280e-03, 8.7846e+00, 7.4121e-01, 
 1DIAGNOSTIC,    11, -9.763829712695e-01, 1.343414168861e-03, 9.5253e+00, 7.4073e-01, 
 1DIAGNOSTIC,    12, -9.770048323524e-01, 9.118891649689e-04, 1.0266e+01, 7.4019e-01, 
 1DIAGNOSTIC,    13, -9.770403766849e-01, 6.215414537176e-04, 1.1007e+01, 7.4188e-01, 
 1DIAGNOSTIC,    14, -9.777369821170e-01, 4.236557499312e-04, 1.1749e+01, 7.4122e-01, 
 1DIAGNOSTIC,    15, -9.776859090131e-01, 2.713370032923e-04, 1.2488e+01, 7.3967e-01, 
 1DIAGNOSTIC,    16, -9.781794214082e-01, 1.805434228961e-04, 1.3232e+01, 7.4399e-01, 
 1DIAGNOSTIC,    17, -9.781134089101e-01, 1.259101489066e-04, 1.3974e+01, 7.4198e-01, 
 1DIAGNOSTIC,    18, -9.785578859808e-01, 1.060897779364e-04, 1.4714e+01, 7.3953e-01, 
 1DIAGNOSTIC,    19, -9.784098302076e-01, 8.631808908397e-05, 1.5455e+01, 7.4101e-01, 
 1DIAGNOSTIC,    20, -9.787026733964e-01, 7.282388005046e-05, 1.6196e+01, 7.4124e-01, 
 1DIAGNOSTIC,    21, -9.785275693288e-01, 5.503821597753e-05, 1.6935e+01, 7.3942e-01, 
 1DIAGNOSTIC,    22, -9.788465794300e-01, 4.652133959281e-05, 1.7677e+01, 7.4112e-01, 
 1DIAGNOSTIC,    23, -9.786639456559e-01, 3.233970446846e-05, 1.8421e+01, 7.4437e-01, 
 1DIAGNOSTIC,    24, -9.789275414027e-01, 2.828387188268e-05, 1.9160e+01, 7.3908e-01, 
 1DIAGNOSTIC,    25, -9.787326583037e-01, 1.896471053371e-05, 1.9901e+01, 7.4096e-01, 
 1DIAGNOSTIC,    26, -9.789919548525e-01, 1.728443089967e-05, 2.0643e+01, 7.4174e-01, 
 1DIAGNOSTIC,    27, -9.787942957543e-01, 1.115847238599e-05, 2.1383e+01, 7.4014e-01, 
 1DIAGNOSTIC,    28, -9.790220815879e-01, 1.165853105714e-05, 2.2124e+01, 7.4155e-01, 
 1DIAGNOSTIC,    29, -9.788217551406e-01, 7.494448649913e-06, 2.2866e+01, 7.4159e-01, 
 1DIAGNOSTIC,    30, -9.790547105031e-01, 8.240005300988e-06, 2.3609e+01, 7.4305e-01, 
 1DIAGNOSTIC,    31, -9.788533521931e-01, 4.571487515877e-06, 2.4351e+01, 7.4175e-01, 
 1DIAGNOSTIC,    32, -9.791209471321e-01, 6.254518620928e-06, 2.5092e+01, 7.4139e-01, 
 1DIAGNOSTIC,    33, -9.789195815735e-01, 3.816638401676e-06, 2.5835e+01, 7.4287e-01, 
 1DIAGNOSTIC,    34, -9.791388101057e-01, 5.503414312512e-06, 2.6577e+01, 7.4158e-01, 
 1DIAGNOSTIC,    35, -9.788890325431e-01, 2.848585032224e-06, 2.7318e+01, 7.4126e-01, 
 1DIAGNOSTIC,    36, -9.790831965266e-01, 3.936478572442e-06, 2.8058e+01, 7.4044e-01, 
 1DIAGNOSTIC,    37, -9.788972410802e-01, 1.549518497585e-06, 2.8800e+01, 7.4188e-01, 
 1DIAGNOSTIC,    38, -9.790978809653e-01, 2.589292434553e-06, 2.9544e+01, 7.4343e-01, 
 1DIAGNOSTIC,    39, -9.789055687566e-01, 3.884901875785e-07, 3.0284e+01, 7.3993e-01, 
XXDIAGNOSTIC,Iteration,metricValue,convergenceValue,ITERATION_TIME_INDEX,SINCE_LAST
 1DIAGNOSTIC,     1, -9.237718303450e-01, 1.797693134862e+308, 3.7854e+01, 7.5703e+00, 
 1DIAGNOSTIC,     2, -9.262040156932e-01, 1.797693134862e+308, 4.3998e+01, 6.1436e+00, 
 1DIAGNOSTIC,     3, -9.288639431431e-01, 1.797693134862e+308, 5.0157e+01, 6.1593e+00, 
 1DIAGNOSTIC,     4, -9.311333892822e-01, 1.797693134862e+308, 5.6306e+01, 6.1487e+00, 
 1DIAGNOSTIC,     5, -9.329798748943e-01, 1.797693134862e+308, 6.2457e+01, 6.1514e+00, 
 1DIAGNOSTIC,     6, -9.345708017710e-01, 1.797693134862e+308, 6.8594e+01, 6.1373e+00, 
 1DIAGNOSTIC,     7, -9.359552966346e-01, 1.797693134862e+308, 7.4775e+01, 6.1811e+00, 
 1DIAGNOSTIC,     8, -9.371826835528e-01, 1.797693134862e+308, 8.0939e+01, 6.1638e+00, 
 1DIAGNOSTIC,     9, -9.381335999255e-01, 1.797693134862e+308, 8.7116e+01, 6.1769e+00, 
 1DIAGNOSTIC,    10, -9.389756337258e-01, 1.038532616139e-03, 9.3292e+01, 6.1764e+00, 
 1DIAGNOSTIC,    11, -9.397160480975e-01, 8.181274241805e-04, 9.9480e+01, 6.1871e+00, 
 1DIAGNOSTIC,    12, -9.404052178398e-01, 6.395208729310e-04, 1.0566e+02, 6.1758e+00, 
 1DIAGNOSTIC,    13, -9.410357848854e-01, 5.070329662114e-04, 1.1183e+02, 6.1743e+00, 
 1DIAGNOSTIC,    14, -9.415998821674e-01, 4.085819691586e-04, 1.1801e+02, 6.1844e+00, 
 1DIAGNOSTIC,    15, -9.421094556393e-01, 3.334338357131e-04, 1.2418e+02, 6.1693e+00, 
 1DIAGNOSTIC,    16, -9.425704966651e-01, 2.758327455663e-04, 1.3036e+02, 6.1792e+00, 
 1DIAGNOSTIC,    17, -9.429796486897e-01, 2.314337531819e-04, 1.3653e+02, 6.1649e+00, 
 1DIAGNOSTIC,    18, -9.433533549904e-01, 1.974789770790e-04, 1.4269e+02, 6.1631e+00, 
 1DIAGNOSTIC,    19, -9.437356990234e-01, 1.700163772780e-04, 1.4887e+02, 6.1760e+00, 
 1DIAGNOSTIC,    20, -9.440728909664e-01, 1.473293365124e-04, 1.5503e+02, 6.1619e+00, 
 1DIAGNOSTIC,    21, -9.443475691046e-01, 1.277043091984e-04, 1.6121e+02, 6.1814e+00, 
 1DIAGNOSTIC,    22, -9.446025069987e-01, 1.109520772824e-04, 1.6738e+02, 6.1666e+00, 
 1DIAGNOSTIC,    23, -9.448228630560e-01, 9.649324689624e-05, 1.7355e+02, 6.1772e+00, 
 1DIAGNOSTIC,    24, -9.450226959227e-01, 8.384241110432e-05, 1.7972e+02, 6.1704e+00, 
 1DIAGNOSTIC,    25, -9.452031459472e-01, 7.270653142645e-05, 1.8589e+02, 6.1693e+00, 
 1DIAGNOSTIC,    26, -9.453664897975e-01, 6.290179227533e-05, 1.9207e+02, 6.1791e+00, 
 1DIAGNOSTIC,    27, -9.455144450792e-01, 5.419522919951e-05, 1.9824e+02, 6.1694e+00, 
 1DIAGNOSTIC,    28, -9.456485308390e-01, 4.652330727485e-05, 2.0442e+02, 6.1797e+00, 
 1DIAGNOSTIC,    29, -9.457696961429e-01, 4.028160520241e-05, 2.1059e+02, 6.1688e+00, 
 1DIAGNOSTIC,    30, -9.458800170038e-01, 3.521368393970e-05, 2.1676e+02, 6.1738e+00, 
 1DIAGNOSTIC,    31, -9.459782365071e-01, 3.083115366904e-05, 2.2295e+02, 6.1884e+00, 
 1DIAGNOSTIC,    32, -9.460720131426e-01, 2.715561824042e-05, 2.2913e+02, 6.1785e+00, 
 1DIAGNOSTIC,    33, -9.461537368031e-01, 2.395415302497e-05, 2.3533e+02, 6.1951e+00, 
 1DIAGNOSTIC,    34, -9.462275487295e-01, 2.116186226005e-05, 2.4151e+02, 6.1832e+00, 
 1DIAGNOSTIC,    35, -9.462941376500e-01, 1.871500086438e-05, 2.4769e+02, 6.1815e+00, 
 1DIAGNOSTIC,    36, -9.463538368161e-01, 1.656019515211e-05, 2.5389e+02, 6.1954e+00, 
 1DIAGNOSTIC,    37, -9.464074548136e-01, 1.465547004130e-05, 2.6007e+02, 6.1851e+00, 
 1DIAGNOSTIC,    38, -9.464554188702e-01, 1.296651096188e-05, 2.6627e+02, 6.1958e+00, 
 1DIAGNOSTIC,    39, -9.464975230348e-01, 1.145740406505e-05, 2.7245e+02, 6.1860e+00, 
 1DIAGNOSTIC,    40, -9.465338085150e-01, 1.010297058327e-05, 2.7864e+02, 6.1858e+00, 
 1DIAGNOSTIC,    41, -9.465660918920e-01, 8.875241162599e-06, 2.8484e+02, 6.2011e+00, 
 1DIAGNOSTIC,    42, -9.465946109930e-01, 7.801392374347e-06, 2.9102e+02, 6.1794e+00, 
 1DIAGNOSTIC,    43, -9.466172353125e-01, 6.827931336703e-06, 2.9721e+02, 6.1906e+00, 
 1DIAGNOSTIC,    44, -9.466375124544e-01, 5.954804270285e-06, 3.0339e+02, 6.1843e+00, 
 1DIAGNOSTIC,    45, -9.466535190515e-01, 5.167519052801e-06, 3.0959e+02, 6.1918e+00, 
 1DIAGNOSTIC,    46, -9.466672243885e-01, 4.463527986557e-06, 3.1577e+02, 6.1858e+00, 
 1DIAGNOSTIC,    47, -9.466716989305e-01, 3.796296808894e-06, 3.2195e+02, 6.1739e+00, 
 1DIAGNOSTIC,    48, -9.466816851211e-01, 3.219406827761e-06, 3.2814e+02, 6.1932e+00, 
 1DIAGNOSTIC,    49, -9.466895763044e-01, 2.724957883778e-06, 3.3431e+02, 6.1744e+00, 
 1DIAGNOSTIC,    50, -9.466955051320e-01, 2.302362721994e-06, 3.4050e+02, 6.1866e+00, 
 1DIAGNOSTIC,    51, -9.466997993413e-01, 1.950565566008e-06, 3.4667e+02, 6.1736e+00, 
 1DIAGNOSTIC,    52, -9.467032183816e-01, 1.669147400150e-06, 3.5285e+02, 6.1734e+00, 
 1DIAGNOSTIC,    53, -9.467049693152e-01, 1.433924667893e-06, 3.5904e+02, 6.1904e+00, 
 1DIAGNOSTIC,    54, -9.467027249297e-01, 1.226334521987e-06, 3.6522e+02, 6.1815e+00, 
 1DIAGNOSTIC,    55, -9.467009406744e-01, 1.042298224955e-06, 3.7141e+02, 6.1932e+00, 
 1DIAGNOSTIC,    56, -9.466979247237e-01, 8.783930710507e-07, 3.7759e+02, 6.1808e+00, 
XXDIAGNOSTIC,Iteration,metricValue,convergenceValue,ITERATION_TIME_INDEX,SINCE_LAST
 1DIAGNOSTIC,     1, -8.936472479183e-01, 1.797693134862e+308, 4.2896e+02, 5.1368e+01, 
 1DIAGNOSTIC,     2, -8.949412822627e-01, 1.797693134862e+308, 4.7853e+02, 4.9571e+01, 
 1DIAGNOSTIC,     3, -8.968678124902e-01, 1.797693134862e+308, 5.2814e+02, 4.9607e+01, 
 1DIAGNOSTIC,     4, -8.988404407165e-01, 1.797693134862e+308, 5.7779e+02, 4.9648e+01, 
 1DIAGNOSTIC,     5, -9.009269669089e-01, 1.797693134862e+308, 6.2716e+02, 4.9371e+01, 
 1DIAGNOSTIC,     6, -9.028753072556e-01, 1.797693134862e+308, 6.7660e+02, 4.9439e+01, 
 1DIAGNOSTIC,     7, -9.046739213261e-01, 1.797693134862e+308, 7.2615e+02, 4.9553e+01, 
 1DIAGNOSTIC,     8, -9.063033811353e-01, 1.797693134862e+308, 7.7578e+02, 4.9631e+01, 
 1DIAGNOSTIC,     9, -9.076886944913e-01, 1.797693134862e+308, 8.2537e+02, 4.9590e+01, 
 1DIAGNOSTIC,    10, -9.089537762274e-01, 1.141595559938e-03, 8.7518e+02, 4.9805e+01, 
 1DIAGNOSTIC,    11, -9.101544757846e-01, 9.990791430518e-04, 9.2489e+02, 4.9718e+01, 
 1DIAGNOSTIC,    12, -9.111082921547e-01, 8.491388980401e-04, 9.7462e+02, 4.9732e+01, 
 1DIAGNOSTIC,    13, -9.119696245993e-01, 7.127131793878e-04, 1.0244e+03, 4.9773e+01, 
 1DIAGNOSTIC,    14, -9.129016097568e-01, 5.958476585714e-04, 1.0742e+03, 4.9791e+01, 
 1DIAGNOSTIC,    15, -9.136444451750e-01, 4.989304302651e-04, 1.1238e+03, 4.9588e+01, 
 1DIAGNOSTIC,    16, -9.143447150809e-01, 4.199735814425e-04, 1.1736e+03, 4.9805e+01, 
 1DIAGNOSTIC,    17, -9.151451678925e-01, 3.593296630353e-04, 1.2232e+03, 4.9576e+01, 
 1DIAGNOSTIC,    18, -9.157687023853e-01, 3.112044380055e-04, 1.2729e+03, 4.9784e+01, 
 1DIAGNOSTIC,    19, -9.165124898058e-01, 2.742203717364e-04, 1.3227e+03, 4.9748e+01, 
 1DIAGNOSTIC,    20, -9.170997325329e-01, 2.442074517606e-04, 1.3725e+03, 4.9783e+01, 
 1DIAGNOSTIC,    21, -9.176680590668e-01, 2.205935567572e-04, 1.4222e+03, 4.9768e+01, 
 1DIAGNOSTIC,    22, -9.182037493967e-01, 1.996354239799e-04, 1.4720e+03, 4.9775e+01, 
 1DIAGNOSTIC,    23, -9.187173147055e-01, 1.803758114430e-04, 1.5219e+03, 4.9844e+01, 
 1DIAGNOSTIC,    24, -9.192086538293e-01, 1.642893442808e-04, 1.5717e+03, 4.9792e+01, 
 1DIAGNOSTIC,    25, -9.196855085771e-01, 1.492657958004e-04, 1.6214e+03, 4.9750e+01, 
 1DIAGNOSTIC,    26, -9.201410079444e-01, 1.351759834505e-04, 1.6711e+03, 4.9747e+01, 
 1DIAGNOSTIC,    27, -9.205699169280e-01, 1.236018282615e-04, 1.7209e+03, 4.9770e+01, 
 1DIAGNOSTIC,    28, -9.209694111384e-01, 1.125335763330e-04, 1.7707e+03, 4.9756e+01, 
 1DIAGNOSTIC,    29, -9.213448204602e-01, 1.036241950453e-04, 1.8204e+03, 4.9716e+01, 
 1DIAGNOSTIC,    30, -9.217020066218e-01, 9.531240704828e-05, 1.8701e+03, 4.9758e+01, 
 1DIAGNOSTIC,    31, -9.220475887326e-01, 8.769523724460e-05, 1.9199e+03, 4.9736e+01, 
 1DIAGNOSTIC,    32, -9.223809669184e-01, 8.070262199235e-05, 1.9696e+03, 4.9745e+01, 
 1DIAGNOSTIC,    33, -9.227057694305e-01, 7.439485683357e-05, 2.0194e+03, 4.9742e+01, 
 1DIAGNOSTIC,    34, -9.230224438611e-01, 6.879923381298e-05, 2.0692e+03, 4.9864e+01, 
 1DIAGNOSTIC,    35, -9.233321841033e-01, 6.398688576885e-05, 2.1190e+03, 4.9764e+01, 
 1DIAGNOSTIC,    36, -9.236327232934e-01, 5.989903107042e-05, 2.1687e+03, 4.9748e+01, 
 1DIAGNOSTIC,    37, -9.239208624842e-01, 5.637162123308e-05, 2.2185e+03, 4.9740e+01, 
 1DIAGNOSTIC,    38, -9.241985145534e-01, 5.321881789786e-05, 2.2682e+03, 4.9745e+01, 
 1DIAGNOSTIC,    39, -9.244649308502e-01, 5.029065452647e-05, 2.3181e+03, 4.9832e+01, 
 1DIAGNOSTIC,    40, -9.247267998826e-01, 4.754267782614e-05, 2.3678e+03, 4.9753e+01, 
 1DIAGNOSTIC,    41, -9.249822950893e-01, 4.496759869118e-05, 2.4175e+03, 4.9727e+01, 
 1DIAGNOSTIC,    42, -9.252335346742e-01, 4.256715802532e-05, 2.4673e+03, 4.9725e+01, 
 1DIAGNOSTIC,    43, -9.254782308488e-01, 4.034754677151e-05, 2.5171e+03, 4.9829e+01, 
 1DIAGNOSTIC,    44, -9.257220289176e-01, 3.835032182659e-05, 2.5670e+03, 4.9889e+01, 
 1DIAGNOSTIC,    45, -9.259603336936e-01, 3.657693488469e-05, 2.6167e+03, 4.9702e+01, 
 1DIAGNOSTIC,    46, -9.261983351587e-01, 3.503732882910e-05, 2.6664e+03, 4.9722e+01, 
 1DIAGNOSTIC,    47, -9.264346605174e-01, 3.369490695432e-05, 2.7161e+03, 4.9732e+01, 
 1DIAGNOSTIC,    48, -9.266719538703e-01, 3.253372791956e-05, 2.7659e+03, 4.9716e+01, 
 1DIAGNOSTIC,    49, -9.269079973336e-01, 3.150680938893e-05, 2.8155e+03, 4.9691e+01, 
 1DIAGNOSTIC,    50, -9.271424079869e-01, 3.060269193038e-05, 2.8655e+03, 4.9918e+01, 
XXDIAGNOSTIC,Iteration,metricValue,convergenceValue,ITERATION_TIME_INDEX,SINCE_LAST
 1DIAGNOSTIC,     1, -8.888198501800e-01, 1.797693134862e+308, 3.2757e+03, 4.1025e+02, 
 1DIAGNOSTIC,     2, -8.900021081263e-01, 1.797693134862e+308, 3.6809e+03, 4.0517e+02, 
 1DIAGNOSTIC,     3, -8.915027494987e-01, 1.797693134862e+308, 4.0833e+03, 4.0237e+02, 
 1DIAGNOSTIC,     4, -8.929122597312e-01, 1.797693134862e+308, 4.4900e+03, 4.0674e+02, 
 1DIAGNOSTIC,     5, -8.946696420051e-01, 1.797693134862e+308, 4.8953e+03, 4.0526e+02, 
 1DIAGNOSTIC,     6, -8.961457617853e-01, 1.797693134862e+308, 5.2992e+03, 4.0390e+02, 
 1DIAGNOSTIC,     7, -8.975310109840e-01, 1.797693134862e+308, 5.7029e+03, 4.0371e+02, 
 1DIAGNOSTIC,     8, -8.988815651951e-01, 1.797693134862e+308, 6.1065e+03, 4.0367e+02, 
 1DIAGNOSTIC,     9, -9.001488696048e-01, 1.797693134862e+308, 6.5120e+03, 4.0548e+02, 
 1DIAGNOSTIC,    10, -9.012916146732e-01, 9.212502256918e-04, 6.9175e+03, 4.0543e+02, 
 1DIAGNOSTIC,    11, -9.022519450458e-01, 8.126978230126e-04, 7.3227e+03, 4.0522e+02, 
 1DIAGNOSTIC,    12, -9.031255251876e-01, 7.034074974387e-04, 7.7280e+03, 4.0530e+02, 
 1DIAGNOSTIC,    13, -9.039293519811e-01, 6.033856423496e-04, 8.1329e+03, 4.0488e+02, 
 1DIAGNOSTIC,    14, -9.046788891702e-01, 5.111582186186e-04, 8.5379e+03, 4.0503e+02, 
 1DIAGNOSTIC,    15, -9.053782225072e-01, 4.360893026190e-04, 8.9429e+03, 4.0498e+02, 
 1DIAGNOSTIC,    16, -9.060371880203e-01, 3.724090569197e-04, 9.3478e+03, 4.0492e+02, 
 1DIAGNOSTIC,    17, -9.066639868869e-01, 3.191446733515e-04, 9.7528e+03, 4.0502e+02, 
 1DIAGNOSTIC,    18, -9.072320749699e-01, 2.757789829811e-04, 1.0157e+04, 4.0456e+02, 
 1DIAGNOSTIC,    19, -9.077658110619e-01, 2.411794781429e-04, 1.0562e+04, 4.0505e+02, 
 1DIAGNOSTIC,    20, -9.082742905483e-01, 2.135763058772e-04, 1.0964e+04, 4.0164e+02, 
  Elapsed time (stage 0): 10967.1


Total elapsed time: 10967.1
-i /mnt/lustre/mathdugre/fast-interpolate/datasets/ds004513/derivatives/flint/ants/flint-vprec-single/sub-s030/ses-open/anat/01/1_Affine.nii.gz -o /mnt/lustre/mathdugre/fast-interpolate/datasets/ds004513/derivatives/flint/ants/flint-vprec-single/sub-s030/ses-open/anat/010/1_transformed.nii.gz -t /mnt/lustre/mathdugre/fast-interpolate/datasets/ds004513/derivatives/flint/ants/flint-vprec-single/sub-s030/ses-open/anat/010/1_1Warp.nii.gz -t /mnt/lustre/mathdugre/fast-interpolate/datasets/ds004513/derivatives/flint/ants/flint-vprec-single/sub-s030/ses-open/anat/010/1_0GenericAffine.mat
