---------------------
Experiment information

SIF_IMG: /mnt/lustre/mathdugre/containers/ants-flint-base.simg
SIF_IMG_BASE: /mnt/lustre/mathdugre/containers/ants-flint-base.simg
EXPERIMENT_NAME: flint-vprec-single-five-levels
STAGE: syn
SUBJECT_ID: s034
REPETITION_ID: 1

FIXED_IMG: /templateflow/tpl-MNI152NLin2009cAsym/tpl-MNI152NLin2009cAsym_res-01_desc-brain_T1w.nii.gz
INPUT_IMG: /mnt/lustre/mathdugre/fast-interpolate/datasets/ds004513/derivatives/flint/ants/flint-vprec-single-five-levels/sub-s034/ses-open/anat/01/1_Affine.nii.gz

DATA_DIR: /mnt/lustre/mathdugre/fast-interpolate/datasets/ds004513
OUTPUT_DIR: /mnt/lustre/mathdugre/fast-interpolate/datasets/ds004513/derivatives/flint/ants/flint-vprec-single-five-levels/sub-s034/ses-open/anat
OUTPUT_PREFIX: 010
THREAD: 1
FLOAT: 0
VFC_BACKENDS: ieee
---------------------

--output [/mnt/lustre/mathdugre/fast-interpolate/datasets/ds004513/derivatives/flint/ants/flint-vprec-single-five-levels/sub-s034/ses-open/anat/010/1_,/mnt/lustre/mathdugre/fast-interpolate/datasets/ds004513/derivatives/flint/ants/flint-vprec-single-five-levels/sub-s034/ses-open/anat/010/1_Warped.nii.gz,/mnt/lustre/mathdugre/fast-interpolate/datasets/ds004513/derivatives/flint/ants/flint-vprec-single-five-levels/sub-s034/ses-open/anat/010/1_InverseSyN.nii.gz] --initial-moving-transform [/templateflow/tpl-MNI152NLin2009cAsym/tpl-MNI152NLin2009cAsym_res-01_desc-brain_T1w.nii.gz,/mnt/lustre/mathdugre/fast-interpolate/datasets/ds004513/derivatives/flint/ants/flint-vprec-single-five-levels/sub-s034/ses-open/anat/01/1_Affine.nii.gz,1] --transform SyN[ 0.1,3,0 ] --metric CC[/templateflow/tpl-MNI152NLin2009cAsym/tpl-MNI152NLin2009cAsym_res-01_desc-brain_T1w.nii.gz,/mnt/lustre/mathdugre/fast-interpolate/datasets/ds004513/derivatives/flint/ants/flint-vprec-single-five-levels/sub-s034/ses-open/anat/01/1_Affine.nii.gz,1,4] --convergence [100x100x70x50x20,1e-6,10] --shrink-factors 16x8x4x2x1 --smoothing-sigmas 4x3x2x1x0vox
All_Command_lines_OK
Using double precision for computations.
=============================================================================
The composite transform comprises the following transforms (in order): 
  1. Center of mass alignment using fixed image: /templateflow/tpl-MNI152NLin2009cAsym/tpl-MNI152NLin2009cAsym_res-01_desc-brain_T1w.nii.gz and moving image: /mnt/lustre/mathdugre/fast-interpolate/datasets/ds004513/derivatives/flint/ants/flint-vprec-single-five-levels/sub-s034/ses-open/anat/01/1_Affine.nii.gz (type = Euler3DTransform)
=============================================================================
  number of levels = 5
  fixed image: /templateflow/tpl-MNI152NLin2009cAsym/tpl-MNI152NLin2009cAsym_res-01_desc-brain_T1w.nii.gz
  moving image: /mnt/lustre/mathdugre/fast-interpolate/datasets/ds004513/derivatives/flint/ants/flint-vprec-single-five-levels/sub-s034/ses-open/anat/01/1_Affine.nii.gz
Dimension = 3
Number of stages = 1
Use histogram matching = false
Winsorize image intensities = true
  Lower quantile = 0.005
  Upper quantile = 0.995


Stage 1 State
   Image metric = CC
     Fixed image = Image (0x55afd5e14d90)
  RTTI typeinfo:   itk::Image<double, 3u>
  Reference Count: 2
  Modified Time: 1622
  Debug: Off
  Object Name: 
  Observers: 
    none
  Source: (none)
  Source output name: (none)
  Release Data: Off
  Data Released: False
  Global Release Data: Off
  PipelineMTime: 0
  UpdateMTime: 1407
  RealTimeStamp: 0 seconds 
  LargestPossibleRegion: 
    Dimension: 3
    Index: [0, 0, 0]
    Size: [193, 229, 193]
  BufferedRegion: 
    Dimension: 3
    Index: [0, 0, 0]
    Size: [193, 229, 193]
  RequestedRegion: 
    Dimension: 3
    Index: [0, 0, 0]
    Size: [193, 229, 193]
  Spacing: [1, 1, 1]
  Origin: [96, 132, -78]
  Direction: 
-1 0 0
0 -1 0
0 0 1

  IndexToPointMatrix: 
-1 0 0
0 -1 0
0 0 1

  PointToIndexMatrix: 
-1 0 0
0 -1 0
0 0 1

  Inverse Direction: 
-1 0 0
0 -1 0
0 0 1

  PixelContainer: 
    ImportImageContainer (0x55afd5e23250)
      RTTI typeinfo:   itk::ImportImageContainer<unsigned long, double>
      Reference Count: 1
      Modified Time: 1404
      Debug: Off
      Object Name: 
      Observers: 
        none
      Pointer: 0x7f6478b2e010
      Container manages memory: true
      Size: 8530021
      Capacity: 8530021

     Moving image = Image (0x55afd5e1b1f0)
  RTTI typeinfo:   itk::Image<double, 3u>
  Reference Count: 2
  Modified Time: 1623
  Debug: Off
  Object Name: 
  Observers: 
    none
  Source: (none)
  Source output name: (none)
  Release Data: Off
  Data Released: False
  Global Release Data: Off
  PipelineMTime: 0
  UpdateMTime: 1620
  RealTimeStamp: 0 seconds 
  LargestPossibleRegion: 
    Dimension: 3
    Index: [0, 0, 0]
    Size: [193, 229, 193]
  BufferedRegion: 
    Dimension: 3
    Index: [0, 0, 0]
    Size: [193, 229, 193]
  RequestedRegion: 
    Dimension: 3
    Index: [0, 0, 0]
    Size: [193, 229, 193]
  Spacing: [1, 1, 1]
  Origin: [96, 132, -78]
  Direction: 
-1 0 0
0 -1 0
0 0 1

  IndexToPointMatrix: 
-1 0 0
0 -1 0
0 0 1

  PointToIndexMatrix: 
-1 0 0
0 -1 0
0 0 1

  Inverse Direction: 
-1 0 0
0 -1 0
0 0 1

  PixelContainer: 
    ImportImageContainer (0x55afd5e27a60)
      RTTI typeinfo:   itk::ImportImageContainer<unsigned long, double>
      Reference Count: 1
      Modified Time: 1617
      Debug: Off
      Object Name: 
      Observers: 
        none
      Pointer: 0x7f6474a19010
      Container manages memory: true
      Size: 8530021
      Capacity: 8530021

     Weighting = 1
     Sampling strategy = none
     Number of bins = 32
     Radius = 4
     Sampling percentage  = 1
   Transform = SyN
     Gradient step = 0.1
     Update field sigma (voxel space) = 3
     Total field sigma (voxel space) = 0
     Update field time sigma = 0
     Total field time sigma  = 0
     Number of time indices = 0
     Number of time point samples = 0
Registration using 1 total stages.

Stage 0
  iterations = 100x100x70x50x20
  convergence threshold = 1e-06
  convergence window size = 10
  number of levels = 5
  using the CC metric (radius = 4, weight = 1, use gradient filter = 0)
  preprocessing:  winsorizing the image intensities
  Shrink factors (level 1 out of 5): [16, 16, 16]
  Shrink factors (level 2 out of 5): [8, 8, 8]
  Shrink factors (level 3 out of 5): [4, 4, 4]
  Shrink factors (level 4 out of 5): [2, 2, 2]
  Shrink factors (level 5 out of 5): [1, 1, 1]
  smoothing sigmas per level: [4, 3, 2, 1, 0]
  Using default NONE metricSamplingStrategy 

*** Running SyN registration (varianceForUpdateField = 3, varianceForTotalField = 0) ***

XXDIAGNOSTIC,Iteration,metricValue,convergenceValue,ITERATION_TIME_INDEX,SINCE_LAST
 1DIAGNOSTIC,     1, -9.831276901657e-01, 1.797693134862e+308, 1.4983e+00, 1.4983e+00, 
 1DIAGNOSTIC,     2, -9.874334484266e-01, 1.797693134862e+308, 1.5873e+00, 8.8968e-02, 
 1DIAGNOSTIC,     3, -9.894377822017e-01, 1.797693134862e+308, 1.6757e+00, 8.8417e-02, 
 1DIAGNOSTIC,     4, -9.889409810398e-01, 1.797693134862e+308, 1.7640e+00, 8.8283e-02, 
 1DIAGNOSTIC,     5, -9.909605406855e-01, 1.797693134862e+308, 1.8521e+00, 8.8093e-02, 
 1DIAGNOSTIC,     6, -9.887372807800e-01, 1.797693134862e+308, 1.9402e+00, 8.8084e-02, 
 1DIAGNOSTIC,     7, -9.912866097932e-01, 1.797693134862e+308, 2.0283e+00, 8.8146e-02, 
 1DIAGNOSTIC,     8, -9.889277069506e-01, 1.797693134862e+308, 2.1165e+00, 8.8253e-02, 
 1DIAGNOSTIC,     9, -9.912731455858e-01, 1.797693134862e+308, 2.2049e+00, 8.8336e-02, 
 1DIAGNOSTIC,    10, -9.892837345799e-01, 2.870950111515e-04, 2.2934e+00, 8.8470e-02, 
 1DIAGNOSTIC,    11, -9.911025148848e-01, 1.242300232798e-04, 2.3817e+00, 8.8309e-02, 
 1DIAGNOSTIC,    12, -9.896030243101e-01, 4.262022789613e-05, 2.4699e+00, 8.8267e-02, 
 1DIAGNOSTIC,    13, -9.908774304925e-01, 4.365837821076e-05, 2.5583e+00, 8.8346e-02, 
 1DIAGNOSTIC,    14, -9.898779898310e-01, 8.236261971481e-06, 2.6469e+00, 8.8577e-02, 
 1DIAGNOSTIC,    15, -9.906100991247e-01, 3.147788139887e-05, 2.7354e+00, 8.8574e-02, 
 1DIAGNOSTIC,    16, -9.901199924234e-01, -1.259748698620e-06, 2.8239e+00, 8.8521e-02, 
XXDIAGNOSTIC,Iteration,metricValue,convergenceValue,ITERATION_TIME_INDEX,SINCE_LAST
 1DIAGNOSTIC,     1, -9.579370451207e-01, 1.797693134862e+308, 4.9653e+00, 2.1414e+00, 
 1DIAGNOSTIC,     2, -9.603437629091e-01, 1.797693134862e+308, 5.7102e+00, 7.4492e-01, 
 1DIAGNOSTIC,     3, -9.629488046516e-01, 1.797693134862e+308, 6.4532e+00, 7.4299e-01, 
 1DIAGNOSTIC,     4, -9.647746962936e-01, 1.797693134862e+308, 7.1926e+00, 7.3940e-01, 
 1DIAGNOSTIC,     5, -9.664852055231e-01, 1.797693134862e+308, 7.9331e+00, 7.4042e-01, 
 1DIAGNOSTIC,     6, -9.685375198708e-01, 1.797693134862e+308, 8.6729e+00, 7.3989e-01, 
 1DIAGNOSTIC,     7, -9.705780284562e-01, 1.797693134862e+308, 9.4154e+00, 7.4250e-01, 
 1DIAGNOSTIC,     8, -9.722680646148e-01, 1.797693134862e+308, 1.0158e+01, 7.4284e-01, 
 1DIAGNOSTIC,     9, -9.734988368128e-01, 1.797693134862e+308, 1.0898e+01, 7.3925e-01, 
 1DIAGNOSTIC,    10, -9.735377539336e-01, 1.081273679070e-03, 1.1638e+01, 7.4064e-01, 
 1DIAGNOSTIC,    11, -9.741254380879e-01, 8.624519977595e-04, 1.2378e+01, 7.4030e-01, 
 1DIAGNOSTIC,    12, -9.741722900031e-01, 6.616048799118e-04, 1.3121e+01, 7.4257e-01, 
 1DIAGNOSTIC,    13, -9.745186573400e-01, 4.982188304982e-04, 1.3862e+01, 7.4107e-01, 
 1DIAGNOSTIC,    14, -9.744107730884e-01, 3.489043899602e-04, 1.4603e+01, 7.4113e-01, 
 1DIAGNOSTIC,    15, -9.748089733211e-01, 2.290504712304e-04, 1.5343e+01, 7.3961e-01, 
 1DIAGNOSTIC,    16, -9.747574679537e-01, 1.394513324196e-04, 1.6086e+01, 7.4295e-01, 
 1DIAGNOSTIC,    17, -9.750099102660e-01, 8.674027032615e-05, 1.6826e+01, 7.4071e-01, 
 1DIAGNOSTIC,    18, -9.748445752586e-01, 5.636084074306e-05, 1.7567e+01, 7.4021e-01, 
 1DIAGNOSTIC,    19, -9.751763434777e-01, 4.841015287446e-05, 1.8308e+01, 7.4092e-01, 
 1DIAGNOSTIC,    20, -9.750817446581e-01, 3.574904384462e-05, 1.9051e+01, 7.4319e-01, 
 1DIAGNOSTIC,    21, -9.752971805773e-01, 3.235904737745e-05, 1.9790e+01, 7.3961e-01, 
 1DIAGNOSTIC,    22, -9.751157463625e-01, 2.447608365718e-05, 2.0532e+01, 7.4186e-01, 
 1DIAGNOSTIC,    23, -9.754106738539e-01, 2.346084555006e-05, 2.1273e+01, 7.4101e-01, 
 1DIAGNOSTIC,    24, -9.753081710163e-01, 1.765831453829e-05, 2.2016e+01, 7.4291e-01, 
 1DIAGNOSTIC,    25, -9.754812127049e-01, 1.752839790996e-05, 2.2754e+01, 7.3802e-01, 
 1DIAGNOSTIC,    26, -9.752372294603e-01, 1.246949666529e-05, 2.3493e+01, 7.3834e-01, 
 1DIAGNOSTIC,    27, -9.755640011760e-01, 1.317022225040e-05, 2.4230e+01, 7.3788e-01, 
 1DIAGNOSTIC,    28, -9.753943864199e-01, 8.978945070778e-06, 2.4972e+01, 7.4150e-01, 
 1DIAGNOSTIC,    29, -9.755409448228e-01, 9.230572882928e-06, 2.5710e+01, 7.3768e-01, 
 1DIAGNOSTIC,    30, -9.753393712633e-01, 5.752125012130e-06, 2.6446e+01, 7.3653e-01, 
 1DIAGNOSTIC,    31, -9.755866479704e-01, 6.549860659982e-06, 2.7185e+01, 7.3836e-01, 
 1DIAGNOSTIC,    32, -9.754802313739e-01, 3.982141634669e-06, 2.7925e+01, 7.4081e-01, 
 1DIAGNOSTIC,    33, -9.755829744769e-01, 4.851523160571e-06, 2.8663e+01, 7.3717e-01, 
 1DIAGNOSTIC,    34, -9.753874031344e-01, 2.706517902969e-06, 2.9400e+01, 7.3720e-01, 
 1DIAGNOSTIC,    35, -9.756026099252e-01, 3.883784374957e-06, 3.0137e+01, 7.3742e-01, 
 1DIAGNOSTIC,    36, -9.754986063897e-01, 1.735955947758e-06, 3.0878e+01, 7.4086e-01, 
 1DIAGNOSTIC,    37, -9.755943443415e-01, 3.008134383344e-06, 3.1616e+01, 7.3779e-01, 
 1DIAGNOSTIC,    38, -9.754017117936e-01, 1.196215181277e-06, 3.2353e+01, 7.3730e-01, 
 1DIAGNOSTIC,    39, -9.756035785769e-01, 2.158197457629e-06, 3.3091e+01, 7.3777e-01, 
 1DIAGNOSTIC,    40, -9.755050401303e-01, 6.381231305308e-07, 3.3830e+01, 7.3904e-01, 
XXDIAGNOSTIC,Iteration,metricValue,convergenceValue,ITERATION_TIME_INDEX,SINCE_LAST
 1DIAGNOSTIC,     1, -9.233179628552e-01, 1.797693134862e+308, 4.1367e+01, 7.5375e+00, 
 1DIAGNOSTIC,     2, -9.259178532918e-01, 1.797693134862e+308, 4.7469e+01, 6.1020e+00, 
 1DIAGNOSTIC,     3, -9.293257060092e-01, 1.797693134862e+308, 5.3583e+01, 6.1139e+00, 
 1DIAGNOSTIC,     4, -9.323800407437e-01, 1.797693134862e+308, 5.9683e+01, 6.0994e+00, 
 1DIAGNOSTIC,     5, -9.350316769437e-01, 1.797693134862e+308, 6.5824e+01, 6.1413e+00, 
 1DIAGNOSTIC,     6, -9.373281071247e-01, 1.797693134862e+308, 7.1925e+01, 6.1014e+00, 
 1DIAGNOSTIC,     7, -9.391636350145e-01, 1.797693134862e+308, 7.8054e+01, 6.1285e+00, 
 1DIAGNOSTIC,     8, -9.408156648579e-01, 1.797693134862e+308, 8.4155e+01, 6.1011e+00, 
 1DIAGNOSTIC,     9, -9.420780151799e-01, 1.797693134862e+308, 9.0284e+01, 6.1294e+00, 
 1DIAGNOSTIC,    10, -9.432036009175e-01, 1.390000849681e-03, 9.6401e+01, 6.1167e+00, 
 1DIAGNOSTIC,    11, -9.440477765371e-01, 1.109248173137e-03, 1.0255e+02, 6.1523e+00, 
 1DIAGNOSTIC,    12, -9.448608787068e-01, 8.614552059458e-04, 1.0868e+02, 6.1272e+00, 
 1DIAGNOSTIC,    13, -9.453238059657e-01, 6.636684120895e-04, 1.1482e+02, 6.1394e+00, 
 1DIAGNOSTIC,    14, -9.458426044488e-01, 5.108187872576e-04, 1.2097e+02, 6.1485e+00, 
 1DIAGNOSTIC,    15, -9.462086994080e-01, 3.922397114470e-04, 1.2713e+02, 6.1581e+00, 
 1DIAGNOSTIC,    16, -9.465381144241e-01, 3.019475772348e-04, 1.3327e+02, 6.1465e+00, 
 1DIAGNOSTIC,    17, -9.468395235148e-01, 2.322745416733e-04, 1.3943e+02, 6.1589e+00, 
 1DIAGNOSTIC,    18, -9.471133851426e-01, 1.811413412445e-04, 1.4557e+02, 6.1397e+00, 
 1DIAGNOSTIC,    19, -9.473639103939e-01, 1.425749284724e-04, 1.5171e+02, 6.1432e+00, 
 1DIAGNOSTIC,    20, -9.475939509431e-01, 1.150583124866e-04, 1.5788e+02, 6.1616e+00, 
 1DIAGNOSTIC,    21, -9.478055221695e-01, 9.456451690441e-05, 1.6402e+02, 6.1449e+00, 
 1DIAGNOSTIC,    22, -9.480002589990e-01, 8.099132756610e-05, 1.7017e+02, 6.1507e+00, 
 1DIAGNOSTIC,    23, -9.481839839059e-01, 6.950889264112e-05, 1.7632e+02, 6.1439e+00, 
 1DIAGNOSTIC,    24, -9.483530615840e-01, 6.116511059093e-05, 1.8246e+02, 6.1416e+00, 
 1DIAGNOSTIC,    25, -9.485115981233e-01, 5.412995782500e-05, 1.8862e+02, 6.1581e+00, 
 1DIAGNOSTIC,    26, -9.486618992683e-01, 4.816611261980e-05, 1.9477e+02, 6.1506e+00, 
 1DIAGNOSTIC,    27, -9.488042779078e-01, 4.312179732868e-05, 2.0092e+02, 6.1506e+00, 
 1DIAGNOSTIC,    28, -9.489398910572e-01, 3.883897407008e-05, 2.0706e+02, 6.1380e+00, 
 1DIAGNOSTIC,    29, -9.490686357574e-01, 3.518654019538e-05, 2.1320e+02, 6.1474e+00, 
 1DIAGNOSTIC,    30, -9.491926574162e-01, 3.206978433332e-05, 2.1936e+02, 6.1569e+00, 
 1DIAGNOSTIC,    31, -9.493134886459e-01, 2.941191599470e-05, 2.2550e+02, 6.1412e+00, 
 1DIAGNOSTIC,    32, -9.494267688399e-01, 2.709410815514e-05, 2.3166e+02, 6.1570e+00, 
 1DIAGNOSTIC,    33, -9.495353886246e-01, 2.507829892460e-05, 2.3780e+02, 6.1426e+00, 
 1DIAGNOSTIC,    34, -9.496430134819e-01, 2.331410345920e-05, 2.4395e+02, 6.1461e+00, 
 1DIAGNOSTIC,    35, -9.497417323894e-01, 2.170968022796e-05, 2.5010e+02, 6.1498e+00, 
 1DIAGNOSTIC,    36, -9.498393099633e-01, 2.026461440266e-05, 2.5623e+02, 6.1385e+00, 
 1DIAGNOSTIC,    37, -9.499328992441e-01, 1.894965867333e-05, 2.6239e+02, 6.1518e+00, 
 1DIAGNOSTIC,    38, -9.500230152925e-01, 1.774740930582e-05, 2.6853e+02, 6.1459e+00, 
 1DIAGNOSTIC,    39, -9.501093615257e-01, 1.663444812795e-05, 2.7468e+02, 6.1471e+00, 
 1DIAGNOSTIC,    40, -9.501919614825e-01, 1.560348430399e-05, 2.8082e+02, 6.1433e+00, 
 1DIAGNOSTIC,    41, -9.502696285443e-01, 1.464897013780e-05, 2.8697e+02, 6.1448e+00, 
 1DIAGNOSTIC,    42, -9.503403812510e-01, 1.371713589959e-05, 2.9312e+02, 6.1496e+00, 
 1DIAGNOSTIC,    43, -9.504084352744e-01, 1.281092928063e-05, 2.9926e+02, 6.1415e+00, 
 1DIAGNOSTIC,    44, -9.504713621737e-01, 1.194396923392e-05, 3.0541e+02, 6.1532e+00, 
 1DIAGNOSTIC,    45, -9.505288152744e-01, 1.107266077120e-05, 3.1155e+02, 6.1421e+00, 
 1DIAGNOSTIC,    46, -9.505835093264e-01, 1.023085599054e-05, 3.1770e+02, 6.1435e+00, 
 1DIAGNOSTIC,    47, -9.506283718833e-01, 9.386154649377e-06, 3.2385e+02, 6.1542e+00, 
 1DIAGNOSTIC,    48, -9.506771658747e-01, 8.603003070599e-06, 3.2999e+02, 6.1412e+00, 
 1DIAGNOSTIC,    49, -9.507226593057e-01, 7.889096154446e-06, 3.3614e+02, 6.1493e+00, 
 1DIAGNOSTIC,    50, -9.507657510112e-01, 7.255541618994e-06, 3.4229e+02, 6.1479e+00, 
 1DIAGNOSTIC,    51, -9.507997540155e-01, 6.662194203186e-06, 3.4843e+02, 6.1409e+00, 
 1DIAGNOSTIC,    52, -9.508379149191e-01, 6.135533919708e-06, 3.5458e+02, 6.1501e+00, 
 1DIAGNOSTIC,    53, -9.508727417057e-01, 5.674360578460e-06, 3.6072e+02, 6.1438e+00, 
 1DIAGNOSTIC,    54, -9.509052743005e-01, 5.266910327439e-06, 3.6687e+02, 6.1485e+00, 
 1DIAGNOSTIC,    55, -9.509353227170e-01, 4.896899277261e-06, 3.7302e+02, 6.1421e+00, 
 1DIAGNOSTIC,    56, -9.509669275553e-01, 4.584371589546e-06, 3.7917e+02, 6.1529e+00, 
 1DIAGNOSTIC,    57, -9.509941809121e-01, 4.271449256979e-06, 3.8531e+02, 6.1427e+00, 
 1DIAGNOSTIC,    58, -9.510199046822e-01, 3.993258782965e-06, 3.9145e+02, 6.1408e+00, 
 1DIAGNOSTIC,    59, -9.510438102365e-01, 3.742149031909e-06, 3.9761e+02, 6.1543e+00, 
 1DIAGNOSTIC,    60, -9.510662059357e-01, 3.516123976099e-06, 4.0375e+02, 6.1400e+00, 
 1DIAGNOSTIC,    61, -9.510885757307e-01, 3.283825120957e-06, 4.0990e+02, 6.1492e+00, 
 1DIAGNOSTIC,    62, -9.511091465454e-01, 3.074021023293e-06, 4.1604e+02, 6.1447e+00, 
 1DIAGNOSTIC,    63, -9.511285111976e-01, 2.879734794122e-06, 4.2218e+02, 6.1431e+00, 
 1DIAGNOSTIC,    64, -9.511469990955e-01, 2.699701461391e-06, 4.2833e+02, 6.1479e+00, 
 1DIAGNOSTIC,    65, -9.511646605360e-01, 2.530463634135e-06, 4.3448e+02, 6.1478e+00, 
 1DIAGNOSTIC,    66, -9.511813302246e-01, 2.386758717225e-06, 4.4063e+02, 6.1508e+00, 
 1DIAGNOSTIC,    67, -9.511969881605e-01, 2.253722038624e-06, 4.4677e+02, 6.1398e+00, 
 1DIAGNOSTIC,    68, -9.512116813434e-01, 2.129548231415e-06, 4.5291e+02, 6.1456e+00, 
 1DIAGNOSTIC,    69, -9.512266206224e-01, 2.015930994873e-06, 4.5906e+02, 6.1474e+00, 
 1DIAGNOSTIC,    70, -9.512393134444e-01, 1.904051520457e-06, 4.6521e+02, 6.1435e+00, 
XXDIAGNOSTIC,Iteration,metricValue,convergenceValue,ITERATION_TIME_INDEX,SINCE_LAST
 1DIAGNOSTIC,     1, -9.014744938936e-01, 1.797693134862e+308, 5.1637e+02, 5.1168e+01, 
 1DIAGNOSTIC,     2, -9.037044962626e-01, 1.797693134862e+308, 5.6547e+02, 4.9095e+01, 
 1DIAGNOSTIC,     3, -9.063810417697e-01, 1.797693134862e+308, 6.1487e+02, 4.9403e+01, 
 1DIAGNOSTIC,     4, -9.090578608841e-01, 1.797693134862e+308, 6.6431e+02, 4.9440e+01, 
 1DIAGNOSTIC,     5, -9.113013025813e-01, 1.797693134862e+308, 7.1340e+02, 4.9086e+01, 
 1DIAGNOSTIC,     6, -9.131435961802e-01, 1.797693134862e+308, 7.6264e+02, 4.9239e+01, 
 1DIAGNOSTIC,     7, -9.148492236615e-01, 1.797693134862e+308, 8.1185e+02, 4.9216e+01, 
 1DIAGNOSTIC,     8, -9.164328537268e-01, 1.797693134862e+308, 8.6094e+02, 4.9085e+01, 
 1DIAGNOSTIC,     9, -9.179357049051e-01, 1.797693134862e+308, 9.1016e+02, 4.9227e+01, 
 1DIAGNOSTIC,    10, -9.193359170092e-01, 1.261799464892e-03, 9.5939e+02, 4.9227e+01, 
 1DIAGNOSTIC,    11, -9.206381337517e-01, 1.055464657729e-03, 1.0090e+03, 4.9579e+01, 
 1DIAGNOSTIC,    12, -9.218624939077e-01, 8.778477142531e-04, 1.0585e+03, 4.9565e+01, 
 1DIAGNOSTIC,    13, -9.226855046771e-01, 7.312083732689e-04, 1.1081e+03, 4.9583e+01, 
 1DIAGNOSTIC,    14, -9.235600177915e-01, 6.175111254011e-04, 1.1577e+03, 4.9614e+01, 
 1DIAGNOSTIC,    15, -9.242149220881e-01, 5.222333189933e-04, 1.2075e+03, 4.9723e+01, 
 1DIAGNOSTIC,    16, -9.248168140332e-01, 4.380892672484e-04, 1.2571e+03, 4.9608e+01, 
 1DIAGNOSTIC,    17, -9.253690717578e-01, 3.644850772193e-04, 1.3065e+03, 4.9401e+01, 
 1DIAGNOSTIC,    18, -9.258839171939e-01, 3.013644892865e-04, 1.3562e+03, 4.9773e+01, 
 1DIAGNOSTIC,    19, -9.265089633788e-01, 2.515181518562e-04, 1.4056e+03, 4.9413e+01, 
 1DIAGNOSTIC,    20, -9.269481459278e-01, 2.115350009610e-04, 1.4553e+03, 4.9613e+01, 
 1DIAGNOSTIC,    21, -9.275039813872e-01, 1.829005321977e-04, 1.5050e+03, 4.9711e+01, 
 1DIAGNOSTIC,    22, -9.278825034356e-01, 1.622746565660e-04, 1.5546e+03, 4.9612e+01, 
 1DIAGNOSTIC,    23, -9.282426040381e-01, 1.440889014533e-04, 1.6043e+03, 4.9742e+01, 
 1DIAGNOSTIC,    24, -9.285853028396e-01, 1.295650536914e-04, 1.6539e+03, 4.9605e+01, 
 1DIAGNOSTIC,    25, -9.289116091085e-01, 1.161376117392e-04, 1.7035e+03, 4.9606e+01, 
 1DIAGNOSTIC,    26, -9.291922142422e-01, 1.033027818565e-04, 1.7533e+03, 4.9764e+01, 
 1DIAGNOSTIC,    27, -9.294263995875e-01, 9.071248725757e-05, 1.8029e+03, 4.9583e+01, 
 1DIAGNOSTIC,    28, -9.296290585082e-01, 7.838237931361e-05, 1.8525e+03, 4.9575e+01, 
 1DIAGNOSTIC,    29, -9.298096808389e-01, 6.812008048776e-05, 1.9022e+03, 4.9690e+01, 
 1DIAGNOSTIC,    30, -9.299793209167e-01, 5.834629226590e-05, 1.9517e+03, 4.9551e+01, 
 1DIAGNOSTIC,    31, -9.301440276057e-01, 5.088367865340e-05, 2.0012e+03, 4.9544e+01, 
 1DIAGNOSTIC,    32, -9.303117762168e-01, 4.436963929158e-05, 2.0509e+03, 4.9682e+01, 
 1DIAGNOSTIC,    33, -9.304841855340e-01, 3.905455823353e-05, 2.1004e+03, 4.9516e+01, 
 1DIAGNOSTIC,    34, -9.306648182516e-01, 3.512000776613e-05, 2.1500e+03, 4.9563e+01, 
 1DIAGNOSTIC,    35, -9.308566909343e-01, 3.266852939293e-05, 2.1997e+03, 4.9666e+01, 
 1DIAGNOSTIC,    36, -9.310577864726e-01, 3.140514275871e-05, 2.2492e+03, 4.9540e+01, 
 1DIAGNOSTIC,    37, -9.312583542299e-01, 3.087870340166e-05, 2.2988e+03, 4.9540e+01, 
 1DIAGNOSTIC,    38, -9.314574772107e-01, 3.073705502381e-05, 2.3484e+03, 4.9688e+01, 
 1DIAGNOSTIC,    39, -9.316559896571e-01, 3.070939105341e-05, 2.3980e+03, 4.9528e+01, 
 1DIAGNOSTIC,    40, -9.318566253245e-01, 3.064574033959e-05, 2.4475e+03, 4.9556e+01, 
 1DIAGNOSTIC,    41, -9.320502580395e-01, 3.039005134943e-05, 2.4972e+03, 4.9674e+01, 
 1DIAGNOSTIC,    42, -9.322312870109e-01, 2.984114234262e-05, 2.5467e+03, 4.9545e+01, 
 1DIAGNOSTIC,    43, -9.324006683055e-01, 2.895522767200e-05, 2.5963e+03, 4.9535e+01, 
 1DIAGNOSTIC,    44, -9.325585687939e-01, 2.774952032974e-05, 2.6460e+03, 4.9711e+01, 
 1DIAGNOSTIC,    45, -9.327093149729e-01, 2.632310243888e-05, 2.6955e+03, 4.9531e+01, 
 1DIAGNOSTIC,    46, -9.328512876084e-01, 2.477063712256e-05, 2.7451e+03, 4.9557e+01, 
 1DIAGNOSTIC,    47, -9.329851866027e-01, 2.313955853635e-05, 2.7947e+03, 4.9671e+01, 
 1DIAGNOSTIC,    48, -9.331081140440e-01, 2.146213762269e-05, 2.8443e+03, 4.9526e+01, 
 1DIAGNOSTIC,    49, -9.332226574853e-01, 1.979894069270e-05, 2.8938e+03, 4.9532e+01, 
 1DIAGNOSTIC,    50, -9.333315789763e-01, 1.824491733009e-05, 2.9435e+03, 4.9702e+01, 
XXDIAGNOSTIC,Iteration,metricValue,convergenceValue,ITERATION_TIME_INDEX,SINCE_LAST
 1DIAGNOSTIC,     1, -8.994384326180e-01, 1.797693134862e+308, 3.3523e+03, 4.0876e+02, 
 1DIAGNOSTIC,     2, -9.007064610954e-01, 1.797693134862e+308, 3.7553e+03, 4.0304e+02, 
 1DIAGNOSTIC,     3, -9.024086936420e-01, 1.797693134862e+308, 4.1573e+03, 4.0200e+02, 
 1DIAGNOSTIC,     4, -9.042397139185e-01, 1.797693134862e+308, 4.5577e+03, 4.0039e+02, 
 1DIAGNOSTIC,     5, -9.059969979369e-01, 1.797693134862e+308, 4.9595e+03, 4.0183e+02, 
 1DIAGNOSTIC,     6, -9.075973444997e-01, 1.797693134862e+308, 5.3616e+03, 4.0209e+02, 
 1DIAGNOSTIC,     7, -9.090295380759e-01, 1.797693134862e+308, 5.7621e+03, 4.0052e+02, 
 1DIAGNOSTIC,     8, -9.103524302209e-01, 1.797693134862e+308, 6.1638e+03, 4.0168e+02, 
 1DIAGNOSTIC,     9, -9.115567751278e-01, 1.797693134862e+308, 6.5674e+03, 4.0357e+02, 
 1DIAGNOSTIC,    10, -9.126344697677e-01, 9.674694438458e-04, 6.9680e+03, 4.0061e+02, 
 1DIAGNOSTIC,    11, -9.134962323046e-01, 8.326808198410e-04, 7.3726e+03, 4.0461e+02, 
 1DIAGNOSTIC,    12, -9.143666512922e-01, 7.012353901505e-04, 7.7760e+03, 4.0341e+02, 
 1DIAGNOSTIC,    13, -9.150004614306e-01, 5.824873285547e-04, 8.1796e+03, 4.0355e+02, 
 1DIAGNOSTIC,    14, -9.156809928245e-01, 4.835632789989e-04, 8.5842e+03, 4.0466e+02, 
 1DIAGNOSTIC,    15, -9.162282496858e-01, 4.013774741166e-04, 8.9893e+03, 4.0507e+02, 
 1DIAGNOSTIC,    16, -9.167559863576e-01, 3.340092433720e-04, 9.3930e+03, 4.0366e+02, 
 1DIAGNOSTIC,    17, -9.172602674158e-01, 2.792022249311e-04, 9.7976e+03, 4.0463e+02, 
 1DIAGNOSTIC,    18, -9.177521985471e-01, 2.359827244884e-04, 1.0203e+04, 4.0491e+02, 
 1DIAGNOSTIC,    19, -9.182179513890e-01, 2.027155095148e-04, 1.0606e+04, 4.0345e+02, 
 1DIAGNOSTIC,    20, -9.186541143697e-01, 1.774653759447e-04, 1.0994e+04, 3.8838e+02, 
  Elapsed time (stage 0): 10997.4


Total elapsed time: 10997.4
-i /mnt/lustre/mathdugre/fast-interpolate/datasets/ds004513/derivatives/flint/ants/flint-vprec-single-five-levels/sub-s034/ses-open/anat/01/1_Affine.nii.gz -o /mnt/lustre/mathdugre/fast-interpolate/datasets/ds004513/derivatives/flint/ants/flint-vprec-single-five-levels/sub-s034/ses-open/anat/010/1_transformed.nii.gz -t /mnt/lustre/mathdugre/fast-interpolate/datasets/ds004513/derivatives/flint/ants/flint-vprec-single-five-levels/sub-s034/ses-open/anat/010/1_1Warp.nii.gz -t /mnt/lustre/mathdugre/fast-interpolate/datasets/ds004513/derivatives/flint/ants/flint-vprec-single-five-levels/sub-s034/ses-open/anat/010/1_0GenericAffine.mat
