---------------------
Experiment information

SIF_IMG: /mnt/lustre/mathdugre/containers/ants-flint-vprec.simg
SIF_IMG_BASE: /mnt/lustre/mathdugre/containers/ants-flint-base.simg
EXPERIMENT_NAME: flint-vprec-single
STAGE: affine
SUBJECT_ID: s033
REPETITION_ID: 1

FIXED_IMG: /templateflow/tpl-MNI152NLin2009cAsym/tpl-MNI152NLin2009cAsym_res-01_desc-brain_T1w.nii.gz
INPUT_IMG: /mnt/lustre/mathdugre/fast-interpolate/datasets/ds004513/derivatives/flint/ants/flint-vprec-single/sub-s033/ses-open/anat/1/1_Rigid.nii.gz

DATA_DIR: /mnt/lustre/mathdugre/fast-interpolate/datasets/ds004513
OUTPUT_DIR: /mnt/lustre/mathdugre/fast-interpolate/datasets/ds004513/derivatives/flint/ants/flint-vprec-single/sub-s033/ses-open/anat
OUTPUT_PREFIX: 11
THREAD: 1
FLOAT: 0
VFC_BACKENDS: libinterflop_vprec.so --precision-binary32=23 --range-binary32=8 --precision-binary64=23 --range-binary64=8
---------------------

--output [/mnt/lustre/mathdugre/fast-interpolate/datasets/ds004513/derivatives/flint/ants/flint-vprec-single/sub-s033/ses-open/anat/11/1_,/mnt/lustre/mathdugre/fast-interpolate/datasets/ds004513/derivatives/flint/ants/flint-vprec-single/sub-s033/ses-open/anat/11/1_Affine.nii.gz,/mnt/lustre/mathdugre/fast-interpolate/datasets/ds004513/derivatives/flint/ants/flint-vprec-single/sub-s033/ses-open/anat/11/1_InverseAffine.nii.gz] --initial-moving-transform [/templateflow/tpl-MNI152NLin2009cAsym/tpl-MNI152NLin2009cAsym_res-01_desc-brain_T1w.nii.gz,/mnt/lustre/mathdugre/fast-interpolate/datasets/ds004513/derivatives/flint/ants/flint-vprec-single/sub-s033/ses-open/anat/1/1_Rigid.nii.gz,1] --transform Affine[0.1] --metric MI[/templateflow/tpl-MNI152NLin2009cAsym/tpl-MNI152NLin2009cAsym_res-01_desc-brain_T1w.nii.gz,/mnt/lustre/mathdugre/fast-interpolate/datasets/ds004513/derivatives/flint/ants/flint-vprec-single/sub-s033/ses-open/anat/1/1_Rigid.nii.gz,1,32,Regular,0.25] --convergence [1000x500x250x100,1e-6,10] --shrink-factors 8x4x2x1 --smoothing-sigmas 3x2x1x0vox
All_Command_lines_OK
Using double precision for computations.
=============================================================================
The composite transform comprises the following transforms (in order): 
  1. Center of mass alignment using fixed image: /templateflow/tpl-MNI152NLin2009cAsym/tpl-MNI152NLin2009cAsym_res-01_desc-brain_T1w.nii.gz and moving image: /mnt/lustre/mathdugre/fast-interpolate/datasets/ds004513/derivatives/flint/ants/flint-vprec-single/sub-s033/ses-open/anat/1/1_Rigid.nii.gz (type = Euler3DTransform)
=============================================================================
  number of levels = 4
  fixed image: /templateflow/tpl-MNI152NLin2009cAsym/tpl-MNI152NLin2009cAsym_res-01_desc-brain_T1w.nii.gz
  moving image: /mnt/lustre/mathdugre/fast-interpolate/datasets/ds004513/derivatives/flint/ants/flint-vprec-single/sub-s033/ses-open/anat/1/1_Rigid.nii.gz
Dimension = 3
Number of stages = 1
Use histogram matching = false
Winsorize image intensities = true
  Lower quantile = 0.005
  Upper quantile = 0.995


Stage 1 State
   Image metric = MattesMI
     Fixed image = Image (0x4e70000)
  RTTI typeinfo:   itk::Image<double, 3u>
  Reference Count: 2
  Modified Time: 1622
  Debug: Off
  Object Name: 
  Observers: 
    none
  Source: (none)
  Source output name: (none)
  Release Data: Off
  Data Released: False
  Global Release Data: Off
  PipelineMTime: 0
  UpdateMTime: 1407
  RealTimeStamp: 0 seconds 
  LargestPossibleRegion: 
    Dimension: 3
    Index: [0, 0, 0]
    Size: [193, 229, 193]
  BufferedRegion: 
    Dimension: 3
    Index: [0, 0, 0]
    Size: [193, 229, 193]
  RequestedRegion: 
    Dimension: 3
    Index: [0, 0, 0]
    Size: [193, 229, 193]
  Spacing: [1, 1, 1]
  Origin: [96, 132, -78]
  Direction: 
-1 0 0
0 -1 0
0 0 1

  IndexToPointMatrix: 
-1 0 0
0 -1 0
0 0 1

  PointToIndexMatrix: 
-1 0 0
0 -1 0
0 0 1

  Inverse Direction: 
-1 0 0
0 -1 0
0 0 1

  PixelContainer: 
    ImportImageContainer (0x4f43e10)
      RTTI typeinfo:   itk::ImportImageContainer<unsigned long, double>
      Reference Count: 1
      Modified Time: 1404
      Debug: Off
      Object Name: 
      Observers: 
        none
      Pointer: 0x7f871224d010
      Container manages memory: true
      Size: 8530021
      Capacity: 8530021

     Moving image = Image (0x4e70800)
  RTTI typeinfo:   itk::Image<double, 3u>
  Reference Count: 2
  Modified Time: 1623
  Debug: Off
  Object Name: 
  Observers: 
    none
  Source: (none)
  Source output name: (none)
  Release Data: Off
  Data Released: False
  Global Release Data: Off
  PipelineMTime: 0
  UpdateMTime: 1620
  RealTimeStamp: 0 seconds 
  LargestPossibleRegion: 
    Dimension: 3
    Index: [0, 0, 0]
    Size: [193, 229, 193]
  BufferedRegion: 
    Dimension: 3
    Index: [0, 0, 0]
    Size: [193, 229, 193]
  RequestedRegion: 
    Dimension: 3
    Index: [0, 0, 0]
    Size: [193, 229, 193]
  Spacing: [1, 1, 1]
  Origin: [96, 132, -78]
  Direction: 
-1 0 0
0 -1 0
0 0 1

  IndexToPointMatrix: 
-1 0 0
0 -1 0
0 0 1

  PointToIndexMatrix: 
-1 0 0
0 -1 0
0 0 1

  Inverse Direction: 
-1 0 0
0 -1 0
0 0 1

  PixelContainer: 
    ImportImageContainer (0x4f83e90)
      RTTI typeinfo:   itk::ImportImageContainer<unsigned long, double>
      Reference Count: 1
      Modified Time: 1617
      Debug: Off
      Object Name: 
      Observers: 
        none
      Pointer: 0x7f870e138010
      Container manages memory: true
      Size: 8530021
      Capacity: 8530021

     Weighting = 1
     Sampling strategy = regular
     Number of bins = 32
     Radius = 4
     Sampling percentage  = 0.25
   Transform = Affine
     Gradient step = 0.1
     Update field sigma (voxel space) = 0
     Total field sigma (voxel space) = 0
     Update field time sigma = 0
     Total field time sigma  = 0
     Number of time indices = 0
     Number of time point samples = 0
Registration using 1 total stages.

Stage 0
  iterations = 1000x500x250x100
  convergence threshold = 1e-06
  convergence window size = 10
  number of levels = 4
  using the Mattes MI metric (number of bins = 32, weight = 1, use gradient filter = 0)
  preprocessing:  winsorizing the image intensities
  Shrink factors (level 1 out of 4): [8, 8, 8]
  Shrink factors (level 2 out of 4): [4, 4, 4]
  Shrink factors (level 3 out of 4): [2, 2, 2]
  Shrink factors (level 4 out of 4): [1, 1, 1]
  smoothing sigmas per level: [3, 2, 1, 0]
  regular sampling (percentage = 0.25)

*** Running AffineTransform registration ***

DIAGNOSTIC,Iteration,metricValue,convergenceValue,ITERATION_TIME_INDEX,SINCE_LAST
 2DIAGNOSTIC,     1, -5.719974040985e-01, 1.797693134862e+308, 0.0000e+00, 0.0000e+00, 
 2DIAGNOSTIC,     2, -5.743895173073e-01, 1.797693134862e+308, 0.0000e+00, 0.0000e+00, 
 2DIAGNOSTIC,     3, -5.784426927567e-01, 1.797693134862e+308, 0.0000e+00, 0.0000e+00, 
 2DIAGNOSTIC,     4, -5.853917002678e-01, 1.797693134862e+308, 0.0000e+00, 0.0000e+00, 
 2DIAGNOSTIC,     5, -5.963778495789e-01, 1.797693134862e+308, 0.0000e+00, 0.0000e+00, 
 2DIAGNOSTIC,     6, -6.126715540886e-01, 1.797693134862e+308, 0.0000e+00, 0.0000e+00, 
 2DIAGNOSTIC,     7, -6.366967558861e-01, 1.797693134862e+308, 0.0000e+00, 0.0000e+00, 
 2DIAGNOSTIC,     8, -7.424340248108e-01, 1.797693134862e+308, 0.0000e+00, 0.0000e+00, 
 2DIAGNOSTIC,     9, -7.942084670067e-01, 1.797693134862e+308, 0.0000e+00, 0.0000e+00, 
 2DIAGNOSTIC,    10, -8.055436611176e-01, 2.481827884912e-02, 0.0000e+00, 0.0000e+00, 
 2DIAGNOSTIC,    11, -8.119824528694e-01, 2.545919269323e-02, 0.0000e+00, 0.0000e+00, 
 2DIAGNOSTIC,    12, -8.240309953690e-01, 2.420306205750e-02, 0.0000e+00, 0.0000e+00, 
 2DIAGNOSTIC,    13, -8.288428783417e-01, 2.123656868935e-02, 0.0000e+00, 0.0000e+00, 
 2DIAGNOSTIC,    14, -8.297420740128e-01, 1.707039773464e-02, 0.0000e+00, 0.0000e+00, 
 2DIAGNOSTIC,    15, -8.305835127831e-01, 1.236801594496e-02, 0.0000e+00, 0.0000e+00, 
 2DIAGNOSTIC,    16, -8.307487368584e-01, 7.666312158108e-03, 0.0000e+00, 0.0000e+00, 
 2DIAGNOSTIC,    17, -8.308686614037e-01, 3.403462469578e-03, 0.0000e+00, 0.0000e+00, 
 2DIAGNOSTIC,    18, -8.309895396233e-01, 1.633435487747e-03, 0.0000e+00, 0.0000e+00, 
 2DIAGNOSTIC,    19, -8.310548663139e-01, 9.789019823074e-04, 0.0000e+00, 0.0000e+00, 
 2DIAGNOSTIC,    20, -8.311630487442e-01, 5.282871425152e-04, 0.0000e+00, 0.0000e+00, 
 2DIAGNOSTIC,    21, -8.317102789879e-01, 1.990087330341e-04, 0.0000e+00, 0.0000e+00, 
 2DIAGNOSTIC,    22, -8.318735361099e-01, 9.356439113617e-05, 0.0000e+00, 0.0000e+00, 
 2DIAGNOSTIC,    23, -8.319388031960e-01, 6.976723670959e-05, 0.0000e+00, 0.0000e+00, 
 2DIAGNOSTIC,    24, -8.320006728172e-01, 5.666166543961e-05, 0.0000e+00, 0.0000e+00, 
 2DIAGNOSTIC,    25, -8.320406675339e-01, 5.272030830383e-05, 0.0000e+00, 0.0000e+00, 
 2DIAGNOSTIC,    26, -8.320927023888e-01, 4.728138446808e-05, 0.0000e+00, 0.0000e+00, 
 2DIAGNOSTIC,    27, -8.321738243103e-01, 4.064664244652e-05, 0.0000e+00, 0.0000e+00, 
 2DIAGNOSTIC,    28, -8.322097063065e-01, 3.298372030258e-05, 0.0000e+00, 0.0000e+00, 
 2DIAGNOSTIC,    29, -8.322202563286e-01, 2.394616603851e-05, 0.0000e+00, 0.0000e+00, 
 2DIAGNOSTIC,    30, -8.322368264198e-01, 1.478940248489e-05, 0.0000e+00, 0.0000e+00, 
 2DIAGNOSTIC,    31, -8.322812914848e-01, 1.196190714836e-05, 0.0000e+00, 0.0000e+00, 
 2DIAGNOSTIC,    32, -8.323011398315e-01, 1.037120819092e-05, 0.0000e+00, 0.0000e+00, 
 2DIAGNOSTIC,    33, -8.323058485985e-01, 8.761882781982e-06, 0.0000e+00, 0.0000e+00, 
 2DIAGNOSTIC,    34, -8.323087692261e-01, 7.238239049911e-06, 0.0000e+00, 0.0000e+00, 
 2DIAGNOSTIC,    35, -8.323109149933e-01, 5.651265382767e-06, 0.0000e+00, 0.0000e+00, 
 2DIAGNOSTIC,    36, -8.323131203651e-01, 4.231929779053e-06, 0.0000e+00, 0.0000e+00, 
 2DIAGNOSTIC,    37, -8.323129415512e-01, 3.371387720108e-06, 0.0000e+00, 0.0000e+00, 
 2DIAGNOSTIC,    38, -8.323129415512e-01, 2.672895789146e-06, 0.0000e+00, 0.0000e+00, 
 2DIAGNOSTIC,    39, -8.323125839233e-01, 1.933425664902e-06, 0.0000e+00, 0.0000e+00, 
 2DIAGNOSTIC,    40, -8.323122859001e-01, 1.281499862671e-06, 0.0000e+00, 0.0000e+00, 
 2DIAGNOSTIC,    41, -8.323122859001e-01, 1.000240445137e-06, 0.0000e+00, 0.0000e+00, 
DIAGNOSTIC,Iteration,metricValue,convergenceValue,ITERATION_TIME_INDEX,SINCE_LAST
 2DIAGNOSTIC,     1, -7.021533250809e-01, 1.797693134862e+308, 1.2800e+02, 1.2800e+02, 
 2DIAGNOSTIC,     2, -7.029466629028e-01, 1.797693134862e+308, 1.2800e+02, 0.0000e+00, 
 2DIAGNOSTIC,     3, -7.035836577415e-01, 1.797693134862e+308, 1.2800e+02, 0.0000e+00, 
 2DIAGNOSTIC,     4, -7.041823863983e-01, 1.797693134862e+308, 1.2800e+02, 0.0000e+00, 
 2DIAGNOSTIC,     5, -7.048601508141e-01, 1.797693134862e+308, 1.2800e+02, 0.0000e+00, 
 2DIAGNOSTIC,     6, -7.055345773697e-01, 1.797693134862e+308, 1.2800e+02, 0.0000e+00, 
 2DIAGNOSTIC,     7, -7.056558132172e-01, 1.797693134862e+308, 1.2800e+02, 0.0000e+00, 
 2DIAGNOSTIC,     8, -7.057189345360e-01, 1.797693134862e+308, 1.2800e+02, 0.0000e+00, 
 2DIAGNOSTIC,     9, -7.057538628578e-01, 1.797693134862e+308, 1.2800e+02, 0.0000e+00, 
 2DIAGNOSTIC,    10, -7.058032155037e-01, 3.420338034630e-04, 1.2800e+02, 0.0000e+00, 
 2DIAGNOSTIC,    11, -7.058080434799e-01, 2.347752451897e-04, 1.2800e+02, 0.0000e+00, 
 2DIAGNOSTIC,    12, -7.058156132698e-01, 1.514106988907e-04, 1.2800e+02, 0.0000e+00, 
 2DIAGNOSTIC,    13, -7.058162689209e-01, 8.726865053177e-05, 1.2800e+02, 0.0000e+00, 
 2DIAGNOSTIC,    14, -7.058185338974e-01, 4.161894321442e-05, 1.2800e+02, 0.0000e+00, 
 2DIAGNOSTIC,    15, -7.058184146881e-01, 1.621246337891e-05, 1.2800e+02, 0.0000e+00, 
 2DIAGNOSTIC,    16, -7.058187127113e-01, 9.603798389435e-06, 1.2800e+02, 0.0000e+00, 
 2DIAGNOSTIC,    17, -7.058185935020e-01, 5.949288606644e-06, 1.2800e+02, 0.0000e+00, 
 2DIAGNOSTIC,    18, -7.058182358742e-01, 3.729015588760e-06, 1.2800e+02, 0.0000e+00, 
 2DIAGNOSTIC,    19, -7.058184146881e-01, 2.253800630569e-06, 1.2800e+02, 0.0000e+00, 
 2DIAGNOSTIC,    20, -7.058182954788e-01, 1.873821020126e-06, 1.2800e+02, 0.0000e+00, 
 2DIAGNOSTIC,    21, -7.058182358742e-01, 1.594424247742e-06, 1.2800e+02, 0.0000e+00, 
 2DIAGNOSTIC,    22, -7.058182358742e-01, 1.482665538788e-06, 1.2800e+02, 0.0000e+00, 
 2DIAGNOSTIC,    23, -7.058179974556e-01, 1.367181539536e-06, 1.2800e+02, 0.0000e+00, 
 2DIAGNOSTIC,    24, -7.058182954788e-01, 1.311302185059e-06, 1.2800e+02, 0.0000e+00, 
 2DIAGNOSTIC,    25, -7.058180570602e-01, 1.255422830582e-06, 1.2800e+02, 0.0000e+00, 
 2DIAGNOSTIC,    26, -7.058179974556e-01, 1.206994056702e-06, 1.2800e+02, 0.0000e+00, 
 2DIAGNOSTIC,    27, -7.058181166649e-01, 1.177191734314e-06, 1.2800e+02, 0.0000e+00, 
 2DIAGNOSTIC,    28, -7.058183550835e-01, 1.136213541031e-06, 1.2800e+02, 0.0000e+00, 
 2DIAGNOSTIC,    29, -7.058182358742e-01, 1.095235347748e-06, 1.2800e+02, 0.0000e+00, 
 2DIAGNOSTIC,    30, -7.058181762695e-01, 1.065433025360e-06, 1.2800e+02, 0.0000e+00, 
 2DIAGNOSTIC,    31, -7.058180570602e-01, 1.020729541779e-06, 1.2800e+02, 0.0000e+00, 
DIAGNOSTIC,Iteration,metricValue,convergenceValue,ITERATION_TIME_INDEX,SINCE_LAST
 2DIAGNOSTIC,     1, -5.992447733879e-01, 1.797693134862e+308, 2.5600e+02, 1.2800e+02, 
 2DIAGNOSTIC,     2, -5.994934439659e-01, 1.797693134862e+308, 2.5600e+02, 0.0000e+00, 
 2DIAGNOSTIC,     3, -5.997131466866e-01, 1.797693134862e+308, 2.5600e+02, 0.0000e+00, 
 2DIAGNOSTIC,     4, -5.999783873558e-01, 1.797693134862e+308, 2.5600e+02, 0.0000e+00, 
 2DIAGNOSTIC,     5, -6.003612875938e-01, 1.797693134862e+308, 2.5600e+02, 0.0000e+00, 
 2DIAGNOSTIC,     6, -6.005572676659e-01, 1.797693134862e+308, 2.5600e+02, 0.0000e+00, 
 2DIAGNOSTIC,     7, -6.006599068642e-01, 1.797693134862e+308, 3.8400e+02, 1.2800e+02, 
 2DIAGNOSTIC,     8, -6.007195711136e-01, 1.797693134862e+308, 3.8400e+02, 0.0000e+00, 
 2DIAGNOSTIC,     9, -6.007364392281e-01, 1.797693134862e+308, 3.8400e+02, 0.0000e+00, 
 2DIAGNOSTIC,    10, -6.007644534111e-01, 1.766234636307e-04, 3.8400e+02, 0.0000e+00, 
 2DIAGNOSTIC,    11, -6.007721424103e-01, 1.282915472984e-04, 3.8400e+02, 0.0000e+00, 
 2DIAGNOSTIC,    12, -6.007856726646e-01, 8.717924356461e-05, 3.8400e+02, 0.0000e+00, 
 2DIAGNOSTIC,    13, -6.008070707321e-01, 5.350261926651e-05, 3.8400e+02, 0.0000e+00, 
 2DIAGNOSTIC,    14, -6.008083820343e-01, 2.873688936234e-05, 3.8400e+02, 0.0000e+00, 
 2DIAGNOSTIC,    15, -6.008213162422e-01, 1.724809408188e-05, 5.1200e+02, 1.2800e+02, 
 2DIAGNOSTIC,    16, -6.008261442184e-01, 1.168996095657e-05, 5.1200e+02, 0.0000e+00, 
 2DIAGNOSTIC,    17, -6.008267402649e-01, 8.717179298401e-06, 5.1200e+02, 0.0000e+00, 
 2DIAGNOSTIC,    18, -6.008267402649e-01, 7.007271051407e-06, 5.1200e+02, 0.0000e+00, 
 2DIAGNOSTIC,    19, -6.008266210556e-01, 5.401670932770e-06, 5.1200e+02, 0.0000e+00, 
 2DIAGNOSTIC,    20, -6.008269190788e-01, 4.284083843231e-06, 5.1200e+02, 0.0000e+00, 
 2DIAGNOSTIC,    21, -6.008266806602e-01, 3.185123205185e-06, 5.1200e+02, 0.0000e+00, 
 2DIAGNOSTIC,    22, -6.008269190788e-01, 2.305954694748e-06, 5.1200e+02, 0.0000e+00, 
 2DIAGNOSTIC,    23, -6.008265614510e-01, 1.873821020126e-06, 6.4000e+02, 1.2800e+02, 
 2DIAGNOSTIC,    24, -6.008270978928e-01, 1.452863216400e-06, 6.4000e+02, 0.0000e+00, 
 2DIAGNOSTIC,    25, -6.008268594742e-01, 1.288950443268e-06, 6.4000e+02, 0.0000e+00, 
 2DIAGNOSTIC,    26, -6.008269786835e-01, 1.236796379089e-06, 6.4000e+02, 0.0000e+00, 
 2DIAGNOSTIC,    27, -6.008267402649e-01, 1.184642314911e-06, 6.4000e+02, 0.0000e+00, 
 2DIAGNOSTIC,    28, -6.008266210556e-01, 1.132488250732e-06, 6.4000e+02, 0.0000e+00, 
 2DIAGNOSTIC,    29, -6.008266806602e-01, 1.091510057449e-06, 6.4000e+02, 0.0000e+00, 
 2DIAGNOSTIC,    30, -6.008263230324e-01, 1.050531864166e-06, 6.4000e+02, 0.0000e+00, 
 2DIAGNOSTIC,    31, -6.008262038231e-01, 1.005828380585e-06, 7.6800e+02, 1.2800e+02, 
DIAGNOSTIC,Iteration,metricValue,convergenceValue,ITERATION_TIME_INDEX,SINCE_LAST
 2DIAGNOSTIC,     1, -5.405102968216e-01, 1.797693134862e+308, 8.9600e+02, 1.2800e+02, 
 2DIAGNOSTIC,     2, -5.406599640846e-01, 1.797693134862e+308, 8.9600e+02, 0.0000e+00, 
 2DIAGNOSTIC,     3, -5.407516956329e-01, 1.797693134862e+308, 1.0240e+03, 1.2800e+02, 
 2DIAGNOSTIC,     4, -5.408521294594e-01, 1.797693134862e+308, 1.1520e+03, 1.2800e+02, 
 2DIAGNOSTIC,     5, -5.409117341042e-01, 1.797693134862e+308, 1.2800e+03, 1.2800e+02, 
 2DIAGNOSTIC,     6, -5.409212708473e-01, 1.797693134862e+308, 1.5360e+03, 2.5600e+02, 
 2DIAGNOSTIC,     7, -5.409212708473e-01, 1.797693134862e+308, 1.6640e+03, 1.2800e+02, 
 2DIAGNOSTIC,     8, -5.409215688705e-01, 1.797693134862e+308, 1.7920e+03, 1.2800e+02, 
 2DIAGNOSTIC,     9, -5.409216880798e-01, 1.797693134862e+308, 1.9200e+03, 1.2800e+02, 
 2DIAGNOSTIC,    10, -5.409215092659e-01, 4.485994577408e-05, 2.0480e+03, 1.2800e+02, 
 2DIAGNOSTIC,    11, -5.409216880798e-01, 2.503395080566e-05, 2.1760e+03, 1.2800e+02, 
 2DIAGNOSTIC,    12, -5.409215092659e-01, 1.306086778641e-05, 2.3040e+03, 1.2800e+02, 
 2DIAGNOSTIC,    13, -5.409215688705e-01, 5.610287189484e-06, 2.4320e+03, 1.2800e+02, 
 2DIAGNOSTIC,    14, -5.409215688705e-01, 2.667307853699e-06, 2.5600e+03, 1.2800e+02, 
 2DIAGNOSTIC,    15, -5.409216284752e-01, 2.145767211914e-06, 2.6880e+03, 1.2800e+02, 
 2DIAGNOSTIC,    16, -5.409213304520e-01, 1.989305019379e-06, 2.8160e+03, 1.2800e+02, 
 2DIAGNOSTIC,    17, -5.409213900566e-01, 1.858919858932e-06, 2.9440e+03, 1.2800e+02, 
 2DIAGNOSTIC,    18, -5.409216880798e-01, 1.750886440277e-06, 3.0720e+03, 1.2800e+02, 
 2DIAGNOSTIC,    19, -5.409216284752e-01, 1.672655344009e-06, 3.2000e+03, 1.2800e+02, 
 2DIAGNOSTIC,    20, -5.409217476845e-01, 1.590698957443e-06, 3.3280e+03, 1.2800e+02, 
 2DIAGNOSTIC,    21, -5.409218072891e-01, 1.538544893265e-06, 3.4560e+03, 1.2800e+02, 
 2DIAGNOSTIC,    22, -5.409217476845e-01, 1.456588506699e-06, 3.4560e+03, 0.0000e+00, 
 2DIAGNOSTIC,    23, -5.409221649170e-01, 1.411885023117e-06, 3.7120e+03, 2.5600e+02, 
 2DIAGNOSTIC,    24, -5.409219861031e-01, 1.356005668640e-06, 3.7120e+03, 0.0000e+00, 
 2DIAGNOSTIC,    25, -5.409218072891e-01, 1.307576894760e-06, 3.8400e+03, 1.2800e+02, 
 2DIAGNOSTIC,    26, -5.409218072891e-01, 1.240521669388e-06, 3.9680e+03, 1.2800e+02, 
 2DIAGNOSTIC,    27, -5.409219861031e-01, 1.195818185806e-06, 4.0960e+03, 1.2800e+02, 
 2DIAGNOSTIC,    28, -5.409219264984e-01, 1.151114702225e-06, 4.2240e+03, 1.2800e+02, 
 2DIAGNOSTIC,    29, -5.409218072891e-01, 1.098960638046e-06, 4.3520e+03, 1.2800e+02, 
 2DIAGNOSTIC,    30, -5.409221649170e-01, 1.061707735062e-06, 4.4800e+03, 1.2800e+02, 
 2DIAGNOSTIC,    31, -5.409222245216e-01, 1.035630702972e-06, 4.6080e+03, 1.2800e+02, 
 2DIAGNOSTIC,    32, -5.409223437309e-01, 1.002103090286e-06, 4.7360e+03, 1.2800e+02, 
  Elapsed time (stage 0): 4.7360e+03


Total elapsed time: 4.7360e+03
-i /mnt/lustre/mathdugre/fast-interpolate/datasets/ds004513/derivatives/flint/ants/flint-vprec-single/sub-s033/ses-open/anat/1/1_Rigid.nii.gz -o /mnt/lustre/mathdugre/fast-interpolate/datasets/ds004513/derivatives/flint/ants/flint-vprec-single/sub-s033/ses-open/anat/11/1_transformed.nii.gz -t /mnt/lustre/mathdugre/fast-interpolate/datasets/ds004513/derivatives/flint/ants/flint-vprec-single/sub-s033/ses-open/anat/11/1_0GenericAffine.mat
