---------------------
Experiment information

SIF_IMG: /mnt/lustre/mathdugre/containers/ants-flint-vprec.simg
SIF_IMG_BASE: /mnt/lustre/mathdugre/containers/ants-flint-base.simg
EXPERIMENT_NAME: flint-vprec-single
STAGE: affine
SUBJECT_ID: s020
REPETITION_ID: 1

FIXED_IMG: /templateflow/tpl-MNI152NLin2009cAsym/tpl-MNI152NLin2009cAsym_res-01_desc-brain_T1w.nii.gz
INPUT_IMG: /mnt/lustre/mathdugre/fast-interpolate/datasets/ds004513/derivatives/flint/ants/flint-vprec-single/sub-s020/ses-open/anat/0/1_Rigid.nii.gz

DATA_DIR: /mnt/lustre/mathdugre/fast-interpolate/datasets/ds004513
OUTPUT_DIR: /mnt/lustre/mathdugre/fast-interpolate/datasets/ds004513/derivatives/flint/ants/flint-vprec-single/sub-s020/ses-open/anat
OUTPUT_PREFIX: 01
THREAD: 1
FLOAT: 0
VFC_BACKENDS: libinterflop_vprec.so --precision-binary32=23 --range-binary32=8 --precision-binary64=23 --range-binary64=8
---------------------

--output [/mnt/lustre/mathdugre/fast-interpolate/datasets/ds004513/derivatives/flint/ants/flint-vprec-single/sub-s020/ses-open/anat/01/1_,/mnt/lustre/mathdugre/fast-interpolate/datasets/ds004513/derivatives/flint/ants/flint-vprec-single/sub-s020/ses-open/anat/01/1_Affine.nii.gz,/mnt/lustre/mathdugre/fast-interpolate/datasets/ds004513/derivatives/flint/ants/flint-vprec-single/sub-s020/ses-open/anat/01/1_InverseAffine.nii.gz] --initial-moving-transform [/templateflow/tpl-MNI152NLin2009cAsym/tpl-MNI152NLin2009cAsym_res-01_desc-brain_T1w.nii.gz,/mnt/lustre/mathdugre/fast-interpolate/datasets/ds004513/derivatives/flint/ants/flint-vprec-single/sub-s020/ses-open/anat/0/1_Rigid.nii.gz,1] --transform Affine[0.1] --metric MI[/templateflow/tpl-MNI152NLin2009cAsym/tpl-MNI152NLin2009cAsym_res-01_desc-brain_T1w.nii.gz,/mnt/lustre/mathdugre/fast-interpolate/datasets/ds004513/derivatives/flint/ants/flint-vprec-single/sub-s020/ses-open/anat/0/1_Rigid.nii.gz,1,32,Regular,0.25] --convergence [1000x500x250x100,1e-6,10] --shrink-factors 8x4x2x1 --smoothing-sigmas 3x2x1x0vox
All_Command_lines_OK
Using double precision for computations.
=============================================================================
The composite transform comprises the following transforms (in order): 
  1. Center of mass alignment using fixed image: /templateflow/tpl-MNI152NLin2009cAsym/tpl-MNI152NLin2009cAsym_res-01_desc-brain_T1w.nii.gz and moving image: /mnt/lustre/mathdugre/fast-interpolate/datasets/ds004513/derivatives/flint/ants/flint-vprec-single/sub-s020/ses-open/anat/0/1_Rigid.nii.gz (type = Euler3DTransform)
=============================================================================
  number of levels = 4
  fixed image: /templateflow/tpl-MNI152NLin2009cAsym/tpl-MNI152NLin2009cAsym_res-01_desc-brain_T1w.nii.gz
  moving image: /mnt/lustre/mathdugre/fast-interpolate/datasets/ds004513/derivatives/flint/ants/flint-vprec-single/sub-s020/ses-open/anat/0/1_Rigid.nii.gz
Dimension = 3
Number of stages = 1
Use histogram matching = false
Winsorize image intensities = true
  Lower quantile = 0.005
  Upper quantile = 0.995


Stage 1 State
   Image metric = MattesMI
     Fixed image = Image (0x4f93000)
  RTTI typeinfo:   itk::Image<double, 3u>
  Reference Count: 2
  Modified Time: 1622
  Debug: Off
  Object Name: 
  Observers: 
    none
  Source: (none)
  Source output name: (none)
  Release Data: Off
  Data Released: False
  Global Release Data: Off
  PipelineMTime: 0
  UpdateMTime: 1407
  RealTimeStamp: 0 seconds 
  LargestPossibleRegion: 
    Dimension: 3
    Index: [0, 0, 0]
    Size: [193, 229, 193]
  BufferedRegion: 
    Dimension: 3
    Index: [0, 0, 0]
    Size: [193, 229, 193]
  RequestedRegion: 
    Dimension: 3
    Index: [0, 0, 0]
    Size: [193, 229, 193]
  Spacing: [1, 1, 1]
  Origin: [96, 132, -78]
  Direction: 
-1 0 0
0 -1 0
0 0 1

  IndexToPointMatrix: 
-1 0 0
0 -1 0
0 0 1

  PointToIndexMatrix: 
-1 0 0
0 -1 0
0 0 1

  Inverse Direction: 
-1 0 0
0 -1 0
0 0 1

  PixelContainer: 
    ImportImageContainer (0x5066e10)
      RTTI typeinfo:   itk::ImportImageContainer<unsigned long, double>
      Reference Count: 1
      Modified Time: 1404
      Debug: Off
      Object Name: 
      Observers: 
        none
      Pointer: 0x7fe5428bc010
      Container manages memory: true
      Size: 8530021
      Capacity: 8530021

     Moving image = Image (0x4f93800)
  RTTI typeinfo:   itk::Image<double, 3u>
  Reference Count: 2
  Modified Time: 1623
  Debug: Off
  Object Name: 
  Observers: 
    none
  Source: (none)
  Source output name: (none)
  Release Data: Off
  Data Released: False
  Global Release Data: Off
  PipelineMTime: 0
  UpdateMTime: 1620
  RealTimeStamp: 0 seconds 
  LargestPossibleRegion: 
    Dimension: 3
    Index: [0, 0, 0]
    Size: [193, 229, 193]
  BufferedRegion: 
    Dimension: 3
    Index: [0, 0, 0]
    Size: [193, 229, 193]
  RequestedRegion: 
    Dimension: 3
    Index: [0, 0, 0]
    Size: [193, 229, 193]
  Spacing: [1, 1, 1]
  Origin: [96, 132, -78]
  Direction: 
-1 0 0
0 -1 0
0 0 1

  IndexToPointMatrix: 
-1 0 0
0 -1 0
0 0 1

  PointToIndexMatrix: 
-1 0 0
0 -1 0
0 0 1

  Inverse Direction: 
-1 0 0
0 -1 0
0 0 1

  PixelContainer: 
    ImportImageContainer (0x50a6e90)
      RTTI typeinfo:   itk::ImportImageContainer<unsigned long, double>
      Reference Count: 1
      Modified Time: 1617
      Debug: Off
      Object Name: 
      Observers: 
        none
      Pointer: 0x7fe53e7a7010
      Container manages memory: true
      Size: 8530021
      Capacity: 8530021

     Weighting = 1
     Sampling strategy = regular
     Number of bins = 32
     Radius = 4
     Sampling percentage  = 0.25
   Transform = Affine
     Gradient step = 0.1
     Update field sigma (voxel space) = 0
     Total field sigma (voxel space) = 0
     Update field time sigma = 0
     Total field time sigma  = 0
     Number of time indices = 0
     Number of time point samples = 0
Registration using 1 total stages.

Stage 0
  iterations = 1000x500x250x100
  convergence threshold = 1e-06
  convergence window size = 10
  number of levels = 4
  using the Mattes MI metric (number of bins = 32, weight = 1, use gradient filter = 0)
  preprocessing:  winsorizing the image intensities
  Shrink factors (level 1 out of 4): [8, 8, 8]
  Shrink factors (level 2 out of 4): [4, 4, 4]
  Shrink factors (level 3 out of 4): [2, 2, 2]
  Shrink factors (level 4 out of 4): [1, 1, 1]
  smoothing sigmas per level: [3, 2, 1, 0]
  regular sampling (percentage = 0.25)

*** Running AffineTransform registration ***

DIAGNOSTIC,Iteration,metricValue,convergenceValue,ITERATION_TIME_INDEX,SINCE_LAST
 2DIAGNOSTIC,     1, -4.876850545406e-01, 1.797693134862e+308, 0.0000e+00, 0.0000e+00, 
 2DIAGNOSTIC,     2, -4.889405667782e-01, 1.797693134862e+308, 0.0000e+00, 0.0000e+00, 
 2DIAGNOSTIC,     3, -4.912223517895e-01, 1.797693134862e+308, 0.0000e+00, 0.0000e+00, 
 2DIAGNOSTIC,     4, -4.955704212189e-01, 1.797693134862e+308, 0.0000e+00, 0.0000e+00, 
 2DIAGNOSTIC,     5, -5.037917494774e-01, 1.797693134862e+308, 0.0000e+00, 0.0000e+00, 
 2DIAGNOSTIC,     6, -5.194191932678e-01, 1.797693134862e+308, 0.0000e+00, 0.0000e+00, 
 2DIAGNOSTIC,     7, -5.560932755470e-01, 1.797693134862e+308, 0.0000e+00, 0.0000e+00, 
 2DIAGNOSTIC,     8, -6.068857908249e-01, 1.797693134862e+308, 0.0000e+00, 0.0000e+00, 
 2DIAGNOSTIC,     9, -6.605430245399e-01, 1.797693134862e+308, 0.0000e+00, 0.0000e+00, 
 2DIAGNOSTIC,    10, -6.918435096741e-01, 2.408068627119e-02, 0.0000e+00, 0.0000e+00, 
 2DIAGNOSTIC,    11, -7.149800062180e-01, 2.612097561359e-02, 0.0000e+00, 0.0000e+00, 
 2DIAGNOSTIC,    12, -7.194210290909e-01, 2.565988153219e-02, 0.0000e+00, 0.0000e+00, 
 2DIAGNOSTIC,    13, -7.448267340660e-01, 2.394863963127e-02, 0.0000e+00, 0.0000e+00, 
 2DIAGNOSTIC,    14, -7.592874169350e-01, 2.097079157829e-02, 0.0000e+00, 0.0000e+00, 
 2DIAGNOSTIC,    15, -7.667979598045e-01, 1.707392930984e-02, 0.0000e+00, 0.0000e+00, 
 2DIAGNOSTIC,    16, -7.704756855965e-01, 1.278825849295e-02, 0.0000e+00, 0.0000e+00, 
 2DIAGNOSTIC,    17, -7.747052311897e-01, 9.025178849697e-03, 0.0000e+00, 0.0000e+00, 
 2DIAGNOSTIC,    18, -7.792585492134e-01, 6.276220083237e-03, 0.0000e+00, 0.0000e+00, 
 2DIAGNOSTIC,    19, -7.884863615036e-01, 4.727069288492e-03, 0.0000e+00, 0.0000e+00, 
 2DIAGNOSTIC,    20, -7.946797013283e-01, 3.729533404112e-03, 0.0000e+00, 0.0000e+00, 
 2DIAGNOSTIC,    21, -7.957056164742e-01, 3.002144396305e-03, 0.0000e+00, 0.0000e+00, 
 2DIAGNOSTIC,    22, -7.972983717918e-01, 2.185713499784e-03, 0.0000e+00, 0.0000e+00, 
 2DIAGNOSTIC,    23, -7.978084087372e-01, 1.719616353512e-03, 0.0000e+00, 0.0000e+00, 
 2DIAGNOSTIC,    24, -7.996722459793e-01, 1.418925821781e-03, 0.0000e+00, 0.0000e+00, 
 2DIAGNOSTIC,    25, -8.003898262978e-01, 1.148451119661e-03, 0.0000e+00, 0.0000e+00, 
 2DIAGNOSTIC,    26, -8.011476993561e-01, 8.661039173603e-04, 0.0000e+00, 0.0000e+00, 
 2DIAGNOSTIC,    27, -8.013466000557e-01, 5.952455103397e-04, 0.0000e+00, 0.0000e+00, 
 2DIAGNOSTIC,    28, -8.014988899231e-01, 3.568865358829e-04, 0.0000e+00, 0.0000e+00, 
 2DIAGNOSTIC,    29, -8.017347455025e-01, 2.340264618397e-04, 0.0000e+00, 0.0000e+00, 
 2DIAGNOSTIC,    30, -8.018320202827e-01, 1.829341053963e-04, 0.0000e+00, 0.0000e+00, 
 2DIAGNOSTIC,    31, -8.024885058403e-01, 1.399740576744e-04, 0.0000e+00, 0.0000e+00, 
 2DIAGNOSTIC,    32, -8.026932477951e-01, 1.094229519367e-04, 0.0000e+00, 0.0000e+00, 
 2DIAGNOSTIC,    33, -8.028239607811e-01, 7.806718349457e-05, 0.0000e+00, 0.0000e+00, 
 2DIAGNOSTIC,    34, -8.029123544693e-01, 6.426498293877e-05, 0.0000e+00, 0.0000e+00, 
 2DIAGNOSTIC,    35, -8.030242323875e-01, 5.452334880829e-05, 0.0000e+00, 0.0000e+00, 
 2DIAGNOSTIC,    36, -8.030431270599e-01, 4.869326949120e-05, 0.0000e+00, 0.0000e+00, 
 2DIAGNOSTIC,    37, -8.030625581741e-01, 4.096329212189e-05, 0.0000e+00, 0.0000e+00, 
 2DIAGNOSTIC,    38, -8.030769824982e-01, 3.164075314999e-05, 0.0000e+00, 0.0000e+00, 
 2DIAGNOSTIC,    39, -8.030915856361e-01, 2.250447869301e-05, 0.0000e+00, 0.0000e+00, 
 2DIAGNOSTIC,    40, -8.030924201012e-01, 1.260638237000e-05, 0.0000e+00, 0.0000e+00, 
 2DIAGNOSTIC,    41, -8.030976057053e-01, 8.372589945793e-06, 0.0000e+00, 0.0000e+00, 
 2DIAGNOSTIC,    42, -8.030992150307e-01, 5.545094609261e-06, 0.0000e+00, 0.0000e+00, 
 2DIAGNOSTIC,    43, -8.030997514725e-01, 3.578141331673e-06, 0.0000e+00, 0.0000e+00, 
 2DIAGNOSTIC,    44, -8.031001687050e-01, 2.203509211540e-06, 0.0000e+00, 0.0000e+00, 
 2DIAGNOSTIC,    45, -8.031011223793e-01, 1.726672053337e-06, 0.0000e+00, 0.0000e+00, 
 2DIAGNOSTIC,    46, -8.031017780304e-01, 1.339241862297e-06, 0.0000e+00, 0.0000e+00, 
 2DIAGNOSTIC,    47, -8.031030297279e-01, 1.078471541405e-06, 0.0000e+00, 0.0000e+00, 
DIAGNOSTIC,Iteration,metricValue,convergenceValue,ITERATION_TIME_INDEX,SINCE_LAST
 2DIAGNOSTIC,     1, -6.700531244278e-01, 1.797693134862e+308, 0.0000e+00, 0.0000e+00, 
 2DIAGNOSTIC,     2, -6.704951524734e-01, 1.797693134862e+308, 1.2800e+02, 1.2800e+02, 
 2DIAGNOSTIC,     3, -6.710310578346e-01, 1.797693134862e+308, 1.2800e+02, 0.0000e+00, 
 2DIAGNOSTIC,     4, -6.716406345367e-01, 1.797693134862e+308, 1.2800e+02, 0.0000e+00, 
 2DIAGNOSTIC,     5, -6.723115444183e-01, 1.797693134862e+308, 1.2800e+02, 0.0000e+00, 
 2DIAGNOSTIC,     6, -6.730576157570e-01, 1.797693134862e+308, 1.2800e+02, 0.0000e+00, 
 2DIAGNOSTIC,     7, -6.732630729675e-01, 1.797693134862e+308, 1.2800e+02, 0.0000e+00, 
 2DIAGNOSTIC,     8, -6.734093427658e-01, 1.797693134862e+308, 1.2800e+02, 0.0000e+00, 
 2DIAGNOSTIC,     9, -6.735570430756e-01, 1.797693134862e+308, 1.2800e+02, 0.0000e+00, 
 2DIAGNOSTIC,    10, -6.740852594376e-01, 3.945231437683e-04, 1.2800e+02, 0.0000e+00, 
 2DIAGNOSTIC,    11, -6.741208434105e-01, 3.174245357513e-04, 1.2800e+02, 0.0000e+00, 
 2DIAGNOSTIC,    12, -6.742154359818e-01, 2.439916133881e-04, 1.2800e+02, 0.0000e+00, 
 2DIAGNOSTIC,    13, -6.742495298386e-01, 1.788139343262e-04, 1.2800e+02, 0.0000e+00, 
 2DIAGNOSTIC,    14, -6.742775440216e-01, 1.258328557014e-04, 1.2800e+02, 0.0000e+00, 
 2DIAGNOSTIC,    15, -6.743263602257e-01, 8.822977542877e-05, 1.2800e+02, 0.0000e+00, 
 2DIAGNOSTIC,    16, -6.743257641792e-01, 6.697326898575e-05, 1.2800e+02, 0.0000e+00, 
 2DIAGNOSTIC,    17, -6.743265986443e-01, 4.749745130539e-05, 1.2800e+02, 0.0000e+00, 
 2DIAGNOSTIC,    18, -6.743265986443e-01, 2.946704626083e-05, 1.2800e+02, 0.0000e+00, 
 2DIAGNOSTIC,    19, -6.743263602257e-01, 1.373887062073e-05, 1.2800e+02, 0.0000e+00, 
 2DIAGNOSTIC,    20, -6.743264794350e-01, 9.592622518539e-06, 1.2800e+02, 0.0000e+00, 
 2DIAGNOSTIC,    21, -6.743268370628e-01, 5.807727575302e-06, 1.2800e+02, 0.0000e+00, 
 2DIAGNOSTIC,    22, -6.743267774582e-01, 3.762543201447e-06, 1.2800e+02, 0.0000e+00, 
 2DIAGNOSTIC,    23, -6.743265986443e-01, 2.298504114151e-06, 1.2800e+02, 0.0000e+00, 
 2DIAGNOSTIC,    24, -6.743265390396e-01, 1.352280378342e-06, 1.2800e+02, 0.0000e+00, 
 2DIAGNOSTIC,    25, -6.743266582489e-01, 1.292675733566e-06, 1.2800e+02, 0.0000e+00, 
 2DIAGNOSTIC,    26, -6.743264794350e-01, 1.236796379089e-06, 1.2800e+02, 0.0000e+00, 
 2DIAGNOSTIC,    27, -6.743267774582e-01, 1.184642314911e-06, 1.2800e+02, 0.0000e+00, 
 2DIAGNOSTIC,    28, -6.743267774582e-01, 1.139938831329e-06, 1.2800e+02, 0.0000e+00, 
 2DIAGNOSTIC,    29, -6.743267178535e-01, 1.098960638046e-06, 1.2800e+02, 0.0000e+00, 
 2DIAGNOSTIC,    30, -6.743268370628e-01, 1.061707735062e-06, 1.2800e+02, 0.0000e+00, 
 2DIAGNOSTIC,    31, -6.743269562721e-01, 1.039355993271e-06, 1.2800e+02, 0.0000e+00, 
 2DIAGNOSTIC,    32, -6.743271350861e-01, 1.002103090286e-06, 1.2800e+02, 0.0000e+00, 
DIAGNOSTIC,Iteration,metricValue,convergenceValue,ITERATION_TIME_INDEX,SINCE_LAST
 2DIAGNOSTIC,     1, -5.676964521408e-01, 1.797693134862e+308, 1.2800e+02, 0.0000e+00, 
 2DIAGNOSTIC,     2, -5.679544806480e-01, 1.797693134862e+308, 2.5600e+02, 1.2800e+02, 
 2DIAGNOSTIC,     3, -5.681540966034e-01, 1.797693134862e+308, 2.5600e+02, 0.0000e+00, 
 2DIAGNOSTIC,     4, -5.683498382568e-01, 1.797693134862e+308, 2.5600e+02, 0.0000e+00, 
 2DIAGNOSTIC,     5, -5.685964226723e-01, 1.797693134862e+308, 2.5600e+02, 0.0000e+00, 
 2DIAGNOSTIC,     6, -5.686229467392e-01, 1.797693134862e+308, 2.5600e+02, 0.0000e+00, 
 2DIAGNOSTIC,     7, -5.686528086662e-01, 1.797693134862e+308, 2.5600e+02, 0.0000e+00, 
 2DIAGNOSTIC,     8, -5.687304735184e-01, 1.797693134862e+308, 2.5600e+02, 0.0000e+00, 
 2DIAGNOSTIC,     9, -5.688807368279e-01, 1.797693134862e+308, 2.5600e+02, 0.0000e+00, 
 2DIAGNOSTIC,    10, -5.689013600349e-01, 1.314058899879e-04, 3.8400e+02, 1.2800e+02, 
 2DIAGNOSTIC,    11, -5.689177513123e-01, 9.635090827942e-05, 3.8400e+02, 0.0000e+00, 
 2DIAGNOSTIC,    12, -5.689265131950e-01, 6.996095180511e-05, 3.8400e+02, 0.0000e+00, 
 2DIAGNOSTIC,    13, -5.689275264740e-01, 4.912167787552e-05, 3.8400e+02, 0.0000e+00, 
 2DIAGNOSTIC,    14, -5.689276456833e-01, 3.370642662048e-05, 3.8400e+02, 0.0000e+00, 
 2DIAGNOSTIC,    15, -5.689281225204e-01, 2.571195363998e-05, 3.8400e+02, 0.0000e+00, 
 2DIAGNOSTIC,    16, -5.689287781715e-01, 1.746416091919e-05, 3.8400e+02, 0.0000e+00, 
 2DIAGNOSTIC,    17, -5.689293146133e-01, 9.652227163315e-06, 3.8400e+02, 0.0000e+00, 
 2DIAGNOSTIC,    18, -5.689296722412e-01, 4.041939973831e-06, 5.1200e+02, 1.2800e+02, 
 2DIAGNOSTIC,    19, -5.689298510551e-01, 2.775341272354e-06, 5.1200e+02, 0.0000e+00, 
 2DIAGNOSTIC,    20, -5.689300894737e-01, 2.037733793259e-06, 5.1200e+02, 0.0000e+00, 
 2DIAGNOSTIC,    21, -5.689303278923e-01, 1.717358827591e-06, 5.1200e+02, 0.0000e+00, 
 2DIAGNOSTIC,    22, -5.689312815666e-01, 1.631677150726e-06, 5.1200e+02, 0.0000e+00, 
 2DIAGNOSTIC,    23, -5.689312815666e-01, 1.557171344757e-06, 5.1200e+02, 0.0000e+00, 
 2DIAGNOSTIC,    24, -5.689314603806e-01, 1.475214958191e-06, 5.1200e+02, 0.0000e+00, 
 2DIAGNOSTIC,    25, -5.689318776131e-01, 1.408159732819e-06, 5.1200e+02, 0.0000e+00, 
 2DIAGNOSTIC,    26, -5.689316391945e-01, 1.341104507446e-06, 6.4000e+02, 1.2800e+02, 
 2DIAGNOSTIC,    27, -5.689315199852e-01, 1.274049282074e-06, 6.4000e+02, 0.0000e+00, 
 2DIAGNOSTIC,    28, -5.689315199852e-01, 1.214444637299e-06, 6.4000e+02, 0.0000e+00, 
 2DIAGNOSTIC,    29, -5.689315199852e-01, 1.147389411926e-06, 6.4000e+02, 0.0000e+00, 
 2DIAGNOSTIC,    30, -5.689314007759e-01, 1.084059476852e-06, 6.4000e+02, 0.0000e+00, 
 2DIAGNOSTIC,    31, -5.689315795898e-01, 1.028180122375e-06, 6.4000e+02, 0.0000e+00, 
DIAGNOSTIC,Iteration,metricValue,convergenceValue,ITERATION_TIME_INDEX,SINCE_LAST
 2DIAGNOSTIC,     1, -5.116118192673e-01, 1.797693134862e+308, 7.6800e+02, 1.2800e+02, 
 2DIAGNOSTIC,     2, -5.117822289467e-01, 1.797693134862e+308, 8.9600e+02, 1.2800e+02, 
 2DIAGNOSTIC,     3, -5.118507742882e-01, 1.797693134862e+308, 1.0240e+03, 1.2800e+02, 
 2DIAGNOSTIC,     4, -5.119128823280e-01, 1.797693134862e+308, 1.1520e+03, 1.2800e+02, 
 2DIAGNOSTIC,     5, -5.120160579681e-01, 1.797693134862e+308, 1.2800e+03, 1.2800e+02, 
 2DIAGNOSTIC,     6, -5.120874643326e-01, 1.797693134862e+308, 1.2800e+03, 0.0000e+00, 
 2DIAGNOSTIC,     7, -5.122044682503e-01, 1.797693134862e+308, 1.5360e+03, 2.5600e+02, 
 2DIAGNOSTIC,     8, -5.122447609901e-01, 1.797693134862e+308, 1.6640e+03, 1.2800e+02, 
 2DIAGNOSTIC,     9, -5.122488141060e-01, 1.797693134862e+308, 1.6640e+03, 0.0000e+00, 
 2DIAGNOSTIC,    10, -5.122627019882e-01, 8.549541234970e-05, 1.7920e+03, 1.2800e+02, 
 2DIAGNOSTIC,    11, -5.122733712196e-01, 6.410479545593e-05, 1.9200e+03, 1.2800e+02, 
 2DIAGNOSTIC,    12, -5.123052000999e-01, 5.003064870834e-05, 2.0480e+03, 1.2800e+02, 
 2DIAGNOSTIC,    13, -5.123122930527e-01, 3.705173730850e-05, 2.1760e+03, 1.2800e+02, 
 2DIAGNOSTIC,    14, -5.123140215874e-01, 2.530217170715e-05, 2.3040e+03, 1.2800e+02, 
 2DIAGNOSTIC,    15, -5.123150944710e-01, 1.687556505203e-05, 2.4320e+03, 1.2800e+02, 
 2DIAGNOSTIC,    16, -5.123189687729e-01, 1.066923141479e-05, 2.5600e+03, 1.2800e+02, 
 2DIAGNOSTIC,    17, -5.123273134232e-01, 8.430331945419e-06, 2.5600e+03, 0.0000e+00, 
 2DIAGNOSTIC,    18, -5.123341083527e-01, 7.282942533493e-06, 2.8160e+03, 2.5600e+02, 
 2DIAGNOSTIC,    19, -5.123376250267e-01, 5.964189767838e-06, 2.9440e+03, 1.2800e+02, 
 2DIAGNOSTIC,    20, -5.123357772827e-01, 4.723668098450e-06, 3.0720e+03, 1.2800e+02, 
 2DIAGNOSTIC,    21, -5.123379826546e-01, 3.632158041000e-06, 3.0720e+03, 0.0000e+00, 
 2DIAGNOSTIC,    22, -5.123412609100e-01, 3.315508365631e-06, 3.2000e+03, 1.2800e+02, 
 2DIAGNOSTIC,    23, -5.123418569565e-01, 3.036111593246e-06, 3.3280e+03, 1.2800e+02, 
 2DIAGNOSTIC,    24, -5.123435258865e-01, 2.704560756683e-06, 3.4560e+03, 1.2800e+02, 
 2DIAGNOSTIC,    25, -5.123465061188e-01, 2.358108758926e-06, 3.5840e+03, 1.2800e+02, 
 2DIAGNOSTIC,    26, -5.123490095139e-01, 2.082437276840e-06, 3.7120e+03, 1.2800e+02, 
 2DIAGNOSTIC,    27, -5.123487114906e-01, 1.892447471619e-06, 3.8400e+03, 1.2800e+02, 
 2DIAGNOSTIC,    28, -5.123492479324e-01, 1.799315214157e-06, 3.9680e+03, 1.2800e+02, 
 2DIAGNOSTIC,    29, -5.123493075371e-01, 1.713633537292e-06, 4.0960e+03, 1.2800e+02, 
 2DIAGNOSTIC,    30, -5.123493671417e-01, 1.545995473862e-06, 4.2240e+03, 1.2800e+02, 
 2DIAGNOSTIC,    31, -5.123493671417e-01, 1.378357410431e-06, 4.3520e+03, 1.2800e+02, 
 2DIAGNOSTIC,    32, -5.123501420021e-01, 1.266598701477e-06, 4.4800e+03, 1.2800e+02, 
 2DIAGNOSTIC,    33, -5.123504996300e-01, 1.139938831329e-06, 4.6080e+03, 1.2800e+02, 
 2DIAGNOSTIC,    34, -5.123506188393e-01, 1.037493348122e-06, 4.7360e+03, 1.2800e+02, 
  Elapsed time (stage 0): 4.7360e+03


Total elapsed time: 4.7360e+03
-i /mnt/lustre/mathdugre/fast-interpolate/datasets/ds004513/derivatives/flint/ants/flint-vprec-single/sub-s020/ses-open/anat/0/1_Rigid.nii.gz -o /mnt/lustre/mathdugre/fast-interpolate/datasets/ds004513/derivatives/flint/ants/flint-vprec-single/sub-s020/ses-open/anat/01/1_transformed.nii.gz -t /mnt/lustre/mathdugre/fast-interpolate/datasets/ds004513/derivatives/flint/ants/flint-vprec-single/sub-s020/ses-open/anat/01/1_0GenericAffine.mat
