---------------------
Experiment information

SIF_IMG: /mnt/lustre/mathdugre/containers/ants-flint-base.simg
SIF_IMG_BASE: /mnt/lustre/mathdugre/containers/ants-flint-base.simg
EXPERIMENT_NAME: flint-vprec-single
STAGE: affine
SUBJECT_ID: s033
REPETITION_ID: 1

FIXED_IMG: /templateflow/tpl-MNI152NLin2009cAsym/tpl-MNI152NLin2009cAsym_res-01_desc-brain_T1w.nii.gz
INPUT_IMG: /mnt/lustre/mathdugre/fast-interpolate/datasets/ds004513/derivatives/flint/ants/flint-vprec-single/sub-s033/ses-open/anat/1/1_Rigid.nii.gz

DATA_DIR: /mnt/lustre/mathdugre/fast-interpolate/datasets/ds004513
OUTPUT_DIR: /mnt/lustre/mathdugre/fast-interpolate/datasets/ds004513/derivatives/flint/ants/flint-vprec-single/sub-s033/ses-open/anat
OUTPUT_PREFIX: 10
THREAD: 1
FLOAT: 0
VFC_BACKENDS: ieee
---------------------

--output [/mnt/lustre/mathdugre/fast-interpolate/datasets/ds004513/derivatives/flint/ants/flint-vprec-single/sub-s033/ses-open/anat/10/1_,/mnt/lustre/mathdugre/fast-interpolate/datasets/ds004513/derivatives/flint/ants/flint-vprec-single/sub-s033/ses-open/anat/10/1_Affine.nii.gz,/mnt/lustre/mathdugre/fast-interpolate/datasets/ds004513/derivatives/flint/ants/flint-vprec-single/sub-s033/ses-open/anat/10/1_InverseAffine.nii.gz] --initial-moving-transform [/templateflow/tpl-MNI152NLin2009cAsym/tpl-MNI152NLin2009cAsym_res-01_desc-brain_T1w.nii.gz,/mnt/lustre/mathdugre/fast-interpolate/datasets/ds004513/derivatives/flint/ants/flint-vprec-single/sub-s033/ses-open/anat/1/1_Rigid.nii.gz,1] --transform Affine[0.1] --metric MI[/templateflow/tpl-MNI152NLin2009cAsym/tpl-MNI152NLin2009cAsym_res-01_desc-brain_T1w.nii.gz,/mnt/lustre/mathdugre/fast-interpolate/datasets/ds004513/derivatives/flint/ants/flint-vprec-single/sub-s033/ses-open/anat/1/1_Rigid.nii.gz,1,32,Regular,0.25] --convergence [1000x500x250x100,1e-6,10] --shrink-factors 8x4x2x1 --smoothing-sigmas 3x2x1x0vox
All_Command_lines_OK
Using double precision for computations.
=============================================================================
The composite transform comprises the following transforms (in order): 
  1. Center of mass alignment using fixed image: /templateflow/tpl-MNI152NLin2009cAsym/tpl-MNI152NLin2009cAsym_res-01_desc-brain_T1w.nii.gz and moving image: /mnt/lustre/mathdugre/fast-interpolate/datasets/ds004513/derivatives/flint/ants/flint-vprec-single/sub-s033/ses-open/anat/1/1_Rigid.nii.gz (type = Euler3DTransform)
=============================================================================
  number of levels = 4
  fixed image: /templateflow/tpl-MNI152NLin2009cAsym/tpl-MNI152NLin2009cAsym_res-01_desc-brain_T1w.nii.gz
  moving image: /mnt/lustre/mathdugre/fast-interpolate/datasets/ds004513/derivatives/flint/ants/flint-vprec-single/sub-s033/ses-open/anat/1/1_Rigid.nii.gz
Dimension = 3
Number of stages = 1
Use histogram matching = false
Winsorize image intensities = true
  Lower quantile = 0.005
  Upper quantile = 0.995


Stage 1 State
   Image metric = MattesMI
     Fixed image = Image (0x5626e8e7be90)
  RTTI typeinfo:   itk::Image<double, 3u>
  Reference Count: 2
  Modified Time: 1622
  Debug: Off
  Object Name: 
  Observers: 
    none
  Source: (none)
  Source output name: (none)
  Release Data: Off
  Data Released: False
  Global Release Data: Off
  PipelineMTime: 0
  UpdateMTime: 1407
  RealTimeStamp: 0 seconds 
  LargestPossibleRegion: 
    Dimension: 3
    Index: [0, 0, 0]
    Size: [193, 229, 193]
  BufferedRegion: 
    Dimension: 3
    Index: [0, 0, 0]
    Size: [193, 229, 193]
  RequestedRegion: 
    Dimension: 3
    Index: [0, 0, 0]
    Size: [193, 229, 193]
  Spacing: [1, 1, 1]
  Origin: [96, 132, -78]
  Direction: 
-1 0 0
0 -1 0
0 0 1

  IndexToPointMatrix: 
-1 0 0
0 -1 0
0 0 1

  PointToIndexMatrix: 
-1 0 0
0 -1 0
0 0 1

  Inverse Direction: 
-1 0 0
0 -1 0
0 0 1

  PixelContainer: 
    ImportImageContainer (0x5626e8f520d0)
      RTTI typeinfo:   itk::ImportImageContainer<unsigned long, double>
      Reference Count: 1
      Modified Time: 1404
      Debug: Off
      Object Name: 
      Observers: 
        none
      Pointer: 0x7f357f3c2010
      Container manages memory: true
      Size: 8530021
      Capacity: 8530021

     Moving image = Image (0x5626e8e82b20)
  RTTI typeinfo:   itk::Image<double, 3u>
  Reference Count: 2
  Modified Time: 1623
  Debug: Off
  Object Name: 
  Observers: 
    none
  Source: (none)
  Source output name: (none)
  Release Data: Off
  Data Released: False
  Global Release Data: Off
  PipelineMTime: 0
  UpdateMTime: 1620
  RealTimeStamp: 0 seconds 
  LargestPossibleRegion: 
    Dimension: 3
    Index: [0, 0, 0]
    Size: [193, 229, 193]
  BufferedRegion: 
    Dimension: 3
    Index: [0, 0, 0]
    Size: [193, 229, 193]
  RequestedRegion: 
    Dimension: 3
    Index: [0, 0, 0]
    Size: [193, 229, 193]
  Spacing: [1, 1, 1]
  Origin: [96, 132, -78]
  Direction: 
-1 0 0
0 -1 0
0 0 1

  IndexToPointMatrix: 
-1 0 0
0 -1 0
0 0 1

  PointToIndexMatrix: 
-1 0 0
0 -1 0
0 0 1

  Inverse Direction: 
-1 0 0
0 -1 0
0 0 1

  PixelContainer: 
    ImportImageContainer (0x5626e8e7d480)
      RTTI typeinfo:   itk::ImportImageContainer<unsigned long, double>
      Reference Count: 1
      Modified Time: 1617
      Debug: Off
      Object Name: 
      Observers: 
        none
      Pointer: 0x7f357b2ad010
      Container manages memory: true
      Size: 8530021
      Capacity: 8530021

     Weighting = 1
     Sampling strategy = regular
     Number of bins = 32
     Radius = 4
     Sampling percentage  = 0.25
   Transform = Affine
     Gradient step = 0.1
     Update field sigma (voxel space) = 0
     Total field sigma (voxel space) = 0
     Update field time sigma = 0
     Total field time sigma  = 0
     Number of time indices = 0
     Number of time point samples = 0
Registration using 1 total stages.

Stage 0
  iterations = 1000x500x250x100
  convergence threshold = 1e-06
  convergence window size = 10
  number of levels = 4
  using the Mattes MI metric (number of bins = 32, weight = 1, use gradient filter = 0)
  preprocessing:  winsorizing the image intensities
  Shrink factors (level 1 out of 4): [8, 8, 8]
  Shrink factors (level 2 out of 4): [4, 4, 4]
  Shrink factors (level 3 out of 4): [2, 2, 2]
  Shrink factors (level 4 out of 4): [1, 1, 1]
  smoothing sigmas per level: [3, 2, 1, 0]
  regular sampling (percentage = 0.25)

*** Running AffineTransform registration ***

DIAGNOSTIC,Iteration,metricValue,convergenceValue,ITERATION_TIME_INDEX,SINCE_LAST
 2DIAGNOSTIC,     1, -5.719851134689e-01, 1.797693134862e+308, 1.4606e+00, 1.4606e+00, 
 2DIAGNOSTIC,     2, -5.743749873797e-01, 1.797693134862e+308, 1.4716e+00, 1.0969e-02, 
 2DIAGNOSTIC,     3, -5.784295209883e-01, 1.797693134862e+308, 1.4829e+00, 1.1260e-02, 
 2DIAGNOSTIC,     4, -5.853781657403e-01, 1.797693134862e+308, 1.4941e+00, 1.1222e-02, 
 2DIAGNOSTIC,     5, -5.963472853756e-01, 1.797693134862e+308, 1.5053e+00, 1.1217e-02, 
 2DIAGNOSTIC,     6, -6.126086598702e-01, 1.797693134862e+308, 1.5166e+00, 1.1345e-02, 
 2DIAGNOSTIC,     7, -6.365784469996e-01, 1.797693134862e+308, 1.5288e+00, 1.2119e-02, 
 2DIAGNOSTIC,     8, -7.425791088900e-01, 1.797693134862e+308, 1.5423e+00, 1.3493e-02, 
 2DIAGNOSTIC,     9, -7.955215231745e-01, 1.797693134862e+308, 1.5550e+00, 1.2744e-02, 
 2DIAGNOSTIC,    10, -8.060297249944e-01, 2.488686046317e-02, 1.5696e+00, 1.4572e-02, 
 2DIAGNOSTIC,    11, -8.123335011513e-01, 2.552234278082e-02, 1.5813e+00, 1.1715e-02, 
 2DIAGNOSTIC,    12, -8.248187371376e-01, 2.427040787841e-02, 1.5944e+00, 1.3097e-02, 
 2DIAGNOSTIC,    13, -8.287004729643e-01, 2.127308040021e-02, 1.6058e+00, 1.1398e-02, 
 2DIAGNOSTIC,    14, -8.296601635483e-01, 1.707965987130e-02, 1.6198e+00, 1.4027e-02, 
 2DIAGNOSTIC,    15, -8.299878150818e-01, 1.233973747185e-02, 1.6325e+00, 1.2725e-02, 
 2DIAGNOSTIC,    16, -8.304365234709e-01, 7.614538877958e-03, 1.6452e+00, 1.2708e-02, 
 2DIAGNOSTIC,    17, -8.310163423687e-01, 3.344377099712e-03, 1.6567e+00, 1.1470e-02, 
 2DIAGNOSTIC,    18, -8.311764425146e-01, 1.578532950997e-03, 1.6706e+00, 1.3932e-02, 
 2DIAGNOSTIC,    19, -8.312500911132e-01, 9.573980592797e-04, 1.6820e+00, 1.1381e-02, 
 2DIAGNOSTIC,    20, -8.315030422667e-01, 5.254425928885e-04, 1.6947e+00, 1.2661e-02, 
 2DIAGNOSTIC,    21, -8.318767002896e-01, 2.069091361767e-04, 1.7124e+00, 1.7738e-02, 
 2DIAGNOSTIC,    22, -8.319092230541e-01, 1.159384358486e-04, 1.7237e+00, 1.1328e-02, 
 2DIAGNOSTIC,    23, -8.320415737003e-01, 8.889247130128e-05, 1.7351e+00, 1.1321e-02, 
 2DIAGNOSTIC,    24, -8.321326415148e-01, 7.275460419347e-05, 1.7464e+00, 1.1288e-02, 
 2DIAGNOSTIC,    25, -8.321800055759e-01, 5.684904228871e-05, 1.7577e+00, 1.1298e-02, 
 2DIAGNOSTIC,    26, -8.322162366113e-01, 4.378409828502e-05, 1.7702e+00, 1.2539e-02, 
 2DIAGNOSTIC,    27, -8.322353013777e-01, 3.603683951232e-05, 1.7839e+00, 1.3722e-02, 
 2DIAGNOSTIC,    28, -8.322452857502e-01, 2.794493984991e-05, 1.7952e+00, 1.1311e-02, 
 2DIAGNOSTIC,    29, -8.322572540946e-01, 1.898575158516e-05, 1.8065e+00, 1.1283e-02, 
 2DIAGNOSTIC,    30, -8.322692228111e-01, 1.213802100012e-05, 1.8203e+00, 1.3775e-02, 
 2DIAGNOSTIC,    31, -8.322759648419e-01, 9.260676533972e-06, 1.8316e+00, 1.1319e-02, 
 2DIAGNOSTIC,    32, -8.322847933364e-01, 6.254305666274e-06, 1.8441e+00, 1.2540e-02, 
 2DIAGNOSTIC,    33, -8.323052377912e-01, 4.630096039918e-06, 1.8641e+00, 1.9959e-02, 
 2DIAGNOSTIC,    34, -8.323053869654e-01, 3.734776001935e-06, 1.8755e+00, 1.1369e-02, 
 2DIAGNOSTIC,    35, -8.323068331764e-01, 3.138213178870e-06, 1.8868e+00, 1.1326e-02, 
 2DIAGNOSTIC,    36, -8.323077461765e-01, 2.745726698498e-06, 1.8994e+00, 1.2564e-02, 
 2DIAGNOSTIC,    37, -8.323078960852e-01, 2.391271288517e-06, 1.9119e+00, 1.2574e-02, 
 2DIAGNOSTIC,    38, -8.323079304320e-01, 2.007802063241e-06, 1.9245e+00, 1.2568e-02, 
 2DIAGNOSTIC,    39, -8.323080218930e-01, 1.649097575752e-06, 1.9358e+00, 1.1282e-02, 
 2DIAGNOSTIC,    40, -8.323084674406e-01, 1.349019273244e-06, 1.9471e+00, 1.1308e-02, 
 2DIAGNOSTIC,    41, -8.323095860680e-01, 1.085093264259e-06, 1.9584e+00, 1.1260e-02, 
DIAGNOSTIC,Iteration,metricValue,convergenceValue,ITERATION_TIME_INDEX,SINCE_LAST
 2DIAGNOSTIC,     1, -7.019735455773e-01, 1.797693134862e+308, 3.5257e+00, 1.5673e+00, 
 2DIAGNOSTIC,     2, -7.028224690971e-01, 1.797693134862e+308, 3.6395e+00, 1.1383e-01, 
 2DIAGNOSTIC,     3, -7.034963455663e-01, 1.797693134862e+308, 3.7524e+00, 1.1292e-01, 
 2DIAGNOSTIC,     4, -7.040779826802e-01, 1.797693134862e+308, 3.8653e+00, 1.1288e-01, 
 2DIAGNOSTIC,     5, -7.047424852372e-01, 1.797693134862e+308, 3.9791e+00, 1.1373e-01, 
 2DIAGNOSTIC,     6, -7.054109891045e-01, 1.797693134862e+308, 4.1238e+00, 1.4472e-01, 
 2DIAGNOSTIC,     7, -7.057160821242e-01, 1.797693134862e+308, 4.2525e+00, 1.2870e-01, 
 2DIAGNOSTIC,     8, -7.057492583312e-01, 1.797693134862e+308, 4.3660e+00, 1.1354e-01, 
 2DIAGNOSTIC,     9, -7.057672594355e-01, 1.797693134862e+308, 4.5102e+00, 1.4422e-01, 
 2DIAGNOSTIC,    10, -7.057783057074e-01, 3.595505865533e-04, 4.6391e+00, 1.2891e-01, 
 2DIAGNOSTIC,    11, -7.057822448949e-01, 2.470822352375e-04, 4.7527e+00, 1.1360e-01, 
 2DIAGNOSTIC,    12, -7.057830048137e-01, 1.597480182144e-04, 4.8665e+00, 1.1375e-01, 
 2DIAGNOSTIC,    13, -7.057838093476e-01, 9.263296544634e-05, 5.0264e+00, 1.5987e-01, 
 2DIAGNOSTIC,    14, -7.057843284803e-01, 4.350755391565e-05, 5.4142e+00, 3.8786e-01, 
 2DIAGNOSTIC,    15, -7.057843284691e-01, 1.462681116261e-05, 5.8014e+00, 3.8721e-01, 
 2DIAGNOSTIC,    16, -7.057843284691e-01, 4.851530789191e-06, 5.9451e+00, 1.4364e-01, 
 2DIAGNOSTIC,    17, -7.057843284691e-01, 3.184717316605e-06, 6.1055e+00, 1.6046e-01, 
 2DIAGNOSTIC,    18, -7.057843284691e-01, 2.317493962407e-06, 6.2345e+00, 1.2898e-01, 
 2DIAGNOSTIC,    19, -7.057843284691e-01, 1.866977561389e-06, 6.3636e+00, 1.2904e-01, 
 2DIAGNOSTIC,    20, -7.057843284691e-01, 1.664519758519e-06, 6.5230e+00, 1.5948e-01, 
 2DIAGNOSTIC,    21, -7.057843284691e-01, 1.550122949411e-06, 6.6521e+00, 1.2910e-01, 
 2DIAGNOSTIC,    22, -7.057843284691e-01, 1.456562393337e-06, 6.7973e+00, 1.4514e-01, 
 2DIAGNOSTIC,    23, -7.057843284691e-01, 1.384089740909e-06, 6.9261e+00, 1.2879e-01, 
 2DIAGNOSTIC,    24, -7.057843284691e-01, 1.326377572108e-06, 7.0548e+00, 1.2869e-01, 
 2DIAGNOSTIC,    25, -7.057843284691e-01, 1.273285421266e-06, 7.1987e+00, 1.4393e-01, 
 2DIAGNOSTIC,    26, -7.057843284691e-01, 1.224280024095e-06, 7.3278e+00, 1.2907e-01, 
 2DIAGNOSTIC,    27, -7.057843284691e-01, 1.178907003296e-06, 7.4573e+00, 1.2957e-01, 
 2DIAGNOSTIC,    28, -7.057843284691e-01, 1.136776933038e-06, 7.5866e+00, 1.2925e-01, 
 2DIAGNOSTIC,    29, -7.057843284691e-01, 1.097554133737e-06, 7.7156e+00, 1.2900e-01, 
 2DIAGNOSTIC,    30, -7.057843284691e-01, 1.060947709172e-06, 7.8447e+00, 1.2910e-01, 
 2DIAGNOSTIC,    31, -7.057843284691e-01, 1.026704319208e-06, 7.9737e+00, 1.2906e-01, 
DIAGNOSTIC,Iteration,metricValue,convergenceValue,ITERATION_TIME_INDEX,SINCE_LAST
 2DIAGNOSTIC,     1, -5.997661890332e-01, 1.797693134862e+308, 1.0330e+01, 2.3560e+00, 
 2DIAGNOSTIC,     2, -6.000151193781e-01, 1.797693134862e+308, 1.1083e+01, 7.5365e-01, 
 2DIAGNOSTIC,     3, -6.002339004354e-01, 1.797693134862e+308, 1.1835e+01, 7.5136e-01, 
 2DIAGNOSTIC,     4, -6.004949429319e-01, 1.797693134862e+308, 1.2588e+01, 7.5278e-01, 
 2DIAGNOSTIC,     5, -6.008837966448e-01, 1.797693134862e+308, 1.3353e+01, 7.6554e-01, 
 2DIAGNOSTIC,     6, -6.010757859002e-01, 1.797693134862e+308, 1.4217e+01, 8.6430e-01, 
 2DIAGNOSTIC,     7, -6.011517211671e-01, 1.797693134862e+308, 1.5373e+01, 1.1552e+00, 
 2DIAGNOSTIC,     8, -6.012043191078e-01, 1.797693134862e+308, 1.6128e+01, 7.5503e-01, 
 2DIAGNOSTIC,     9, -6.012247512723e-01, 1.797693134862e+308, 1.6879e+01, 7.5164e-01, 
 2DIAGNOSTIC,    10, -6.012635984100e-01, 1.722617541858e-04, 1.7742e+01, 8.6310e-01, 
 2DIAGNOSTIC,    11, -6.012752402751e-01, 1.247839178592e-04, 1.8804e+01, 1.0612e+00, 
 2DIAGNOSTIC,    12, -6.012801840336e-01, 8.436266218025e-05, 1.9556e+01, 7.5283e-01, 
 2DIAGNOSTIC,    13, -6.013082320446e-01, 5.175757258974e-05, 2.0419e+01, 8.6216e-01, 
 2DIAGNOSTIC,    14, -6.013435271514e-01, 2.904790408581e-05, 2.1378e+01, 9.5924e-01, 
 2DIAGNOSTIC,    15, -6.013440749743e-01, 1.904128082038e-05, 2.2336e+01, 9.5854e-01, 
 2DIAGNOSTIC,    16, -6.013442842730e-01, 1.439510529963e-05, 2.4201e+01, 1.8650e+00, 
 2DIAGNOSTIC,    17, -6.013442842781e-01, 1.125830631018e-05, 2.5072e+01, 8.7098e-01, 
 2DIAGNOSTIC,    18, -6.013442842770e-01, 8.970843445526e-06, 2.6335e+01, 1.2624e+00, 
 2DIAGNOSTIC,    19, -6.013442842770e-01, 6.725771876187e-06, 2.7587e+01, 1.2520e+00, 
 2DIAGNOSTIC,    20, -6.013442842770e-01, 5.155454130483e-06, 2.8445e+01, 8.5848e-01, 
 2DIAGNOSTIC,    21, -6.013442842770e-01, 3.682151166667e-06, 2.9318e+01, 8.7275e-01, 
 2DIAGNOSTIC,    22, -6.013442842770e-01, 2.238846258384e-06, 3.0179e+01, 8.6130e-01, 
 2DIAGNOSTIC,    23, -6.013442842770e-01, 1.402994136937e-06, 3.1243e+01, 1.0634e+00, 
 2DIAGNOSTIC,    24, -6.013442842770e-01, 1.330115769305e-06, 3.2205e+01, 9.6281e-01, 
 2DIAGNOSTIC,    25, -6.013442842770e-01, 1.272930314274e-06, 3.3157e+01, 9.5194e-01, 
 2DIAGNOSTIC,    26, -6.013442842770e-01, 1.223951649684e-06, 3.4006e+01, 8.4844e-01, 
 2DIAGNOSTIC,    27, -6.013442842770e-01, 1.178602532945e-06, 3.4852e+01, 8.4630e-01, 
 2DIAGNOSTIC,    28, -6.013442842770e-01, 1.136493832460e-06, 3.5605e+01, 7.5265e-01, 
 2DIAGNOSTIC,    29, -6.013442842770e-01, 1.097290229846e-06, 3.6666e+01, 1.0612e+00, 
 2DIAGNOSTIC,    30, -6.013442842770e-01, 1.060701113609e-06, 3.7514e+01, 8.4767e-01, 
 2DIAGNOSTIC,    31, -6.013442842770e-01, 1.026473383389e-06, 3.8358e+01, 8.4468e-01, 
DIAGNOSTIC,Iteration,metricValue,convergenceValue,ITERATION_TIME_INDEX,SINCE_LAST
 2DIAGNOSTIC,     1, -5.353977205987e-01, 1.797693134862e+308, 4.4448e+01, 6.0897e+00, 
 2DIAGNOSTIC,     2, -5.355669702972e-01, 1.797693134862e+308, 4.9362e+01, 4.9140e+00, 
 2DIAGNOSTIC,     3, -5.356720160696e-01, 1.797693134862e+308, 5.4285e+01, 4.9234e+00, 
 2DIAGNOSTIC,     4, -5.357991386786e-01, 1.797693134862e+308, 5.9797e+01, 5.5114e+00, 
 2DIAGNOSTIC,     5, -5.358962575014e-01, 1.797693134862e+308, 6.6500e+01, 6.7029e+00, 
 2DIAGNOSTIC,     6, -5.358984471208e-01, 1.797693134862e+308, 7.1414e+01, 4.9142e+00, 
 2DIAGNOSTIC,     7, -5.359069946766e-01, 1.797693134862e+308, 7.6331e+01, 4.9165e+00, 
 2DIAGNOSTIC,     8, -5.359153320991e-01, 1.797693134862e+308, 8.1277e+01, 4.9461e+00, 
 2DIAGNOSTIC,     9, -5.359217852968e-01, 1.797693134862e+308, 8.6231e+01, 4.9544e+00, 
 2DIAGNOSTIC,    10, -5.359245874114e-01, 5.932337865650e-05, 9.4762e+01, 8.5314e+00, 
 2DIAGNOSTIC,    11, -5.359247744525e-01, 3.543612870292e-05, 9.9708e+01, 4.9460e+00, 
 2DIAGNOSTIC,    12, -5.359250442105e-01, 2.010854057179e-05, 1.0466e+02, 4.9477e+00, 
 2DIAGNOSTIC,    13, -5.359254642829e-01, 9.760552719645e-06, 1.0961e+02, 4.9532e+00, 
 2DIAGNOSTIC,    14, -5.359260171554e-01, 4.958902599134e-06, 1.1456e+02, 4.9484e+00, 
 2DIAGNOSTIC,    15, -5.359268114077e-01, 4.018037916900e-06, 1.1950e+02, 4.9449e+00, 
 2DIAGNOSTIC,    16, -5.359277008399e-01, 3.120813909963e-06, 1.2444e+02, 4.9399e+00, 
 2DIAGNOSTIC,    17, -5.359286588664e-01, 2.517451024260e-06, 1.2938e+02, 4.9422e+00, 
 2DIAGNOSTIC,    18, -5.359308984097e-01, 2.228342218948e-06, 1.3672e+02, 7.3350e+00, 
 2DIAGNOSTIC,    19, -5.359309800339e-01, 2.105877018363e-06, 1.5242e+02, 1.5702e+01, 
 2DIAGNOSTIC,    20, -5.359309800320e-01, 2.030572912315e-06, 1.6749e+02, 1.5071e+01, 
 2DIAGNOSTIC,    21, -5.359309800320e-01, 1.926750775753e-06, 1.7305e+02, 5.5541e+00, 
 2DIAGNOSTIC,    22, -5.359309800320e-01, 1.799963550229e-06, 1.7860e+02, 5.5533e+00, 
 2DIAGNOSTIC,    23, -5.359309800320e-01, 1.660008236475e-06, 1.8535e+02, 6.7498e+00, 
 2DIAGNOSTIC,    24, -5.359309800320e-01, 1.517849809347e-06, 1.9091e+02, 5.5588e+00, 
 2DIAGNOSTIC,    25, -5.359309800320e-01, 1.386331262600e-06, 1.9647e+02, 5.5587e+00, 
 2DIAGNOSTIC,    26, -5.359309800320e-01, 1.272388445175e-06, 2.0201e+02, 5.5414e+00, 
 2DIAGNOSTIC,    27, -5.359309800320e-01, 1.179866079212e-06, 2.0753e+02, 5.5194e+00, 
 2DIAGNOSTIC,    28, -5.359309800320e-01, 1.136177897425e-06, 2.1303e+02, 5.5042e+00, 
 2DIAGNOSTIC,    29, -5.359309800320e-01, 1.096995745908e-06, 2.1854e+02, 5.5073e+00, 
 2DIAGNOSTIC,    30, -5.359309800320e-01, 1.060425938872e-06, 2.2403e+02, 5.4942e+00, 
 2DIAGNOSTIC,    31, -5.359309800320e-01, 1.026215679184e-06, 2.2955e+02, 5.5183e+00, 
  Elapsed time (stage 0): 2.3270e+02


Total elapsed time: 2.3270e+02
-i /mnt/lustre/mathdugre/fast-interpolate/datasets/ds004513/derivatives/flint/ants/flint-vprec-single/sub-s033/ses-open/anat/1/1_Rigid.nii.gz -o /mnt/lustre/mathdugre/fast-interpolate/datasets/ds004513/derivatives/flint/ants/flint-vprec-single/sub-s033/ses-open/anat/10/1_transformed.nii.gz -t /mnt/lustre/mathdugre/fast-interpolate/datasets/ds004513/derivatives/flint/ants/flint-vprec-single/sub-s033/ses-open/anat/10/1_0GenericAffine.mat
