---------------------
Experiment information

SIF_IMG: /mnt/lustre/mathdugre/containers/ants-flint-base.simg
SIF_IMG_BASE: /mnt/lustre/mathdugre/containers/ants-flint-base.simg
EXPERIMENT_NAME: flint-vprec-single
STAGE: syn
SUBJECT_ID: s036
REPETITION_ID: 1

FIXED_IMG: /templateflow/tpl-MNI152NLin2009cAsym/tpl-MNI152NLin2009cAsym_res-01_desc-brain_T1w.nii.gz
INPUT_IMG: /mnt/lustre/mathdugre/fast-interpolate/datasets/ds004513/derivatives/flint/ants/flint-vprec-single/sub-s036/ses-open/anat/11/1_Affine.nii.gz

DATA_DIR: /mnt/lustre/mathdugre/fast-interpolate/datasets/ds004513
OUTPUT_DIR: /mnt/lustre/mathdugre/fast-interpolate/datasets/ds004513/derivatives/flint/ants/flint-vprec-single/sub-s036/ses-open/anat
OUTPUT_PREFIX: 110
THREAD: 1
FLOAT: 0
VFC_BACKENDS: ieee
---------------------

--output [/mnt/lustre/mathdugre/fast-interpolate/datasets/ds004513/derivatives/flint/ants/flint-vprec-single/sub-s036/ses-open/anat/110/1_,/mnt/lustre/mathdugre/fast-interpolate/datasets/ds004513/derivatives/flint/ants/flint-vprec-single/sub-s036/ses-open/anat/110/1_Warped.nii.gz,/mnt/lustre/mathdugre/fast-interpolate/datasets/ds004513/derivatives/flint/ants/flint-vprec-single/sub-s036/ses-open/anat/110/1_InverseSyN.nii.gz] --initial-moving-transform [/templateflow/tpl-MNI152NLin2009cAsym/tpl-MNI152NLin2009cAsym_res-01_desc-brain_T1w.nii.gz,/mnt/lustre/mathdugre/fast-interpolate/datasets/ds004513/derivatives/flint/ants/flint-vprec-single/sub-s036/ses-open/anat/11/1_Affine.nii.gz,1] --transform SyN[ 0.1,3,0 ] --metric CC[/templateflow/tpl-MNI152NLin2009cAsym/tpl-MNI152NLin2009cAsym_res-01_desc-brain_T1w.nii.gz,/mnt/lustre/mathdugre/fast-interpolate/datasets/ds004513/derivatives/flint/ants/flint-vprec-single/sub-s036/ses-open/anat/11/1_Affine.nii.gz,1,4] --convergence [100x70x50x20,1e-6,10] --shrink-factors 8x4x2x1 --smoothing-sigmas 3x2x1x0vox
All_Command_lines_OK
Using double precision for computations.
=============================================================================
The composite transform comprises the following transforms (in order): 
  1. Center of mass alignment using fixed image: /templateflow/tpl-MNI152NLin2009cAsym/tpl-MNI152NLin2009cAsym_res-01_desc-brain_T1w.nii.gz and moving image: /mnt/lustre/mathdugre/fast-interpolate/datasets/ds004513/derivatives/flint/ants/flint-vprec-single/sub-s036/ses-open/anat/11/1_Affine.nii.gz (type = Euler3DTransform)
=============================================================================
  number of levels = 4
  fixed image: /templateflow/tpl-MNI152NLin2009cAsym/tpl-MNI152NLin2009cAsym_res-01_desc-brain_T1w.nii.gz
  moving image: /mnt/lustre/mathdugre/fast-interpolate/datasets/ds004513/derivatives/flint/ants/flint-vprec-single/sub-s036/ses-open/anat/11/1_Affine.nii.gz
Dimension = 3
Number of stages = 1
Use histogram matching = false
Winsorize image intensities = true
  Lower quantile = 0.005
  Upper quantile = 0.995


Stage 1 State
   Image metric = CC
     Fixed image = Image (0x55ab1c9fba00)
  RTTI typeinfo:   itk::Image<double, 3u>
  Reference Count: 2
  Modified Time: 1622
  Debug: Off
  Object Name: 
  Observers: 
    none
  Source: (none)
  Source output name: (none)
  Release Data: Off
  Data Released: False
  Global Release Data: Off
  PipelineMTime: 0
  UpdateMTime: 1407
  RealTimeStamp: 0 seconds 
  LargestPossibleRegion: 
    Dimension: 3
    Index: [0, 0, 0]
    Size: [193, 229, 193]
  BufferedRegion: 
    Dimension: 3
    Index: [0, 0, 0]
    Size: [193, 229, 193]
  RequestedRegion: 
    Dimension: 3
    Index: [0, 0, 0]
    Size: [193, 229, 193]
  Spacing: [1, 1, 1]
  Origin: [96, 132, -78]
  Direction: 
-1 0 0
0 -1 0
0 0 1

  IndexToPointMatrix: 
-1 0 0
0 -1 0
0 0 1

  PointToIndexMatrix: 
-1 0 0
0 -1 0
0 0 1

  Inverse Direction: 
-1 0 0
0 -1 0
0 0 1

  PixelContainer: 
    ImportImageContainer (0x55ab1ca8fd50)
      RTTI typeinfo:   itk::ImportImageContainer<unsigned long, double>
      Reference Count: 1
      Modified Time: 1404
      Debug: Off
      Object Name: 
      Observers: 
        none
      Pointer: 0x7f9ae2168010
      Container manages memory: true
      Size: 8530021
      Capacity: 8530021

     Moving image = Image (0x55ab1ca02870)
  RTTI typeinfo:   itk::Image<double, 3u>
  Reference Count: 2
  Modified Time: 1623
  Debug: Off
  Object Name: 
  Observers: 
    none
  Source: (none)
  Source output name: (none)
  Release Data: Off
  Data Released: False
  Global Release Data: Off
  PipelineMTime: 0
  UpdateMTime: 1620
  RealTimeStamp: 0 seconds 
  LargestPossibleRegion: 
    Dimension: 3
    Index: [0, 0, 0]
    Size: [193, 229, 193]
  BufferedRegion: 
    Dimension: 3
    Index: [0, 0, 0]
    Size: [193, 229, 193]
  RequestedRegion: 
    Dimension: 3
    Index: [0, 0, 0]
    Size: [193, 229, 193]
  Spacing: [1, 1, 1]
  Origin: [96, 132, -78]
  Direction: 
-1 0 0
0 -1 0
0 0 1

  IndexToPointMatrix: 
-1 0 0
0 -1 0
0 0 1

  PointToIndexMatrix: 
-1 0 0
0 -1 0
0 0 1

  Inverse Direction: 
-1 0 0
0 -1 0
0 0 1

  PixelContainer: 
    ImportImageContainer (0x55ab1caa6d90)
      RTTI typeinfo:   itk::ImportImageContainer<unsigned long, double>
      Reference Count: 1
      Modified Time: 1617
      Debug: Off
      Object Name: 
      Observers: 
        none
      Pointer: 0x7f9ade053010
      Container manages memory: true
      Size: 8530021
      Capacity: 8530021

     Weighting = 1
     Sampling strategy = none
     Number of bins = 32
     Radius = 4
     Sampling percentage  = 1
   Transform = SyN
     Gradient step = 0.1
     Update field sigma (voxel space) = 3
     Total field sigma (voxel space) = 0
     Update field time sigma = 0
     Total field time sigma  = 0
     Number of time indices = 0
     Number of time point samples = 0
Registration using 1 total stages.

Stage 0
  iterations = 100x70x50x20
  convergence threshold = 1e-06
  convergence window size = 10
  number of levels = 4
  using the CC metric (radius = 4, weight = 1, use gradient filter = 0)
  preprocessing:  winsorizing the image intensities
  Shrink factors (level 1 out of 4): [8, 8, 8]
  Shrink factors (level 2 out of 4): [4, 4, 4]
  Shrink factors (level 3 out of 4): [2, 2, 2]
  Shrink factors (level 4 out of 4): [1, 1, 1]
  smoothing sigmas per level: [3, 2, 1, 0]
  Using default NONE metricSamplingStrategy 

*** Running SyN registration (varianceForUpdateField = 3, varianceForTotalField = 0) ***

XXDIAGNOSTIC,Iteration,metricValue,convergenceValue,ITERATION_TIME_INDEX,SINCE_LAST
 1DIAGNOSTIC,     1, -9.410672405123e-01, 1.797693134862e+308, 2.1744e+00, 2.1744e+00, 
 1DIAGNOSTIC,     2, -9.496227187762e-01, 1.797693134862e+308, 2.9155e+00, 7.4114e-01, 
 1DIAGNOSTIC,     3, -9.557060110674e-01, 1.797693134862e+308, 3.6568e+00, 7.4125e-01, 
 1DIAGNOSTIC,     4, -9.589997361739e-01, 1.797693134862e+308, 4.3952e+00, 7.3846e-01, 
 1DIAGNOSTIC,     5, -9.617064824302e-01, 1.797693134862e+308, 5.1305e+00, 7.3529e-01, 
 1DIAGNOSTIC,     6, -9.653146658067e-01, 1.797693134862e+308, 5.8657e+00, 7.3519e-01, 
 1DIAGNOSTIC,     7, -9.688007125749e-01, 1.797693134862e+308, 6.6001e+00, 7.3441e-01, 
 1DIAGNOSTIC,     8, -9.712283409835e-01, 1.797693134862e+308, 7.3348e+00, 7.3465e-01, 
 1DIAGNOSTIC,     9, -9.731076123810e-01, 1.797693134862e+308, 8.0697e+00, 7.3491e-01, 
 1DIAGNOSTIC,    10, -9.735171665411e-01, 2.042971637525e-03, 8.8045e+00, 7.3482e-01, 
 1DIAGNOSTIC,    11, -9.746732727607e-01, 1.492855828173e-03, 9.5403e+00, 7.3582e-01, 
 1DIAGNOSTIC,    12, -9.747861230644e-01, 1.110762382168e-03, 1.0277e+01, 7.3667e-01, 
 1DIAGNOSTIC,    13, -9.755692236642e-01, 8.425610557028e-04, 1.1012e+01, 7.3519e-01, 
 1DIAGNOSTIC,    14, -9.755083823122e-01, 6.043280473827e-04, 1.1747e+01, 7.3447e-01, 
 1DIAGNOSTIC,    15, -9.760474944079e-01, 4.063301160040e-04, 1.2482e+01, 7.3487e-01, 
 1DIAGNOSTIC,    16, -9.758992285978e-01, 2.586402562175e-04, 1.3217e+01, 7.3506e-01, 
 1DIAGNOSTIC,    17, -9.762486205052e-01, 1.704486574183e-04, 1.3952e+01, 7.3527e-01, 
 1DIAGNOSTIC,    18, -9.760568087812e-01, 1.122878217523e-04, 1.4687e+01, 7.3556e-01, 
 1DIAGNOSTIC,    19, -9.762733722253e-01, 8.254717737567e-05, 1.5423e+01, 7.3567e-01, 
 1DIAGNOSTIC,    20, -9.760713667898e-01, 5.089560608777e-05, 1.6160e+01, 7.3660e-01, 
 1DIAGNOSTIC,    21, -9.762897142005e-01, 3.701717037249e-05, 1.6896e+01, 7.3588e-01, 
 1DIAGNOSTIC,    22, -9.760831029905e-01, 1.952556989654e-05, 1.7632e+01, 7.3693e-01, 
 1DIAGNOSTIC,    23, -9.762850718492e-01, 1.458161901760e-05, 1.8369e+01, 7.3617e-01, 
 1DIAGNOSTIC,    24, -9.760797712702e-01, 5.342514955639e-06, 1.9105e+01, 7.3645e-01, 
 1DIAGNOSTIC,    25, -9.762792290599e-01, 5.265113692782e-06, 1.9842e+01, 7.3641e-01, 
 1DIAGNOSTIC,    26, -9.761089236857e-01, 1.052652312553e-06, 2.0578e+01, 7.3634e-01, 
 1DIAGNOSTIC,    27, -9.763058631150e-01, 3.210359821232e-06, 2.1314e+01, 7.3594e-01, 
 1DIAGNOSTIC,    28, -9.760942834013e-01, 6.861014565165e-07, 2.2050e+01, 7.3597e-01, 
XXDIAGNOSTIC,Iteration,metricValue,convergenceValue,ITERATION_TIME_INDEX,SINCE_LAST
 1DIAGNOSTIC,     1, -9.234760692402e-01, 1.797693134862e+308, 2.9659e+01, 7.6096e+00, 
 1DIAGNOSTIC,     2, -9.264232122457e-01, 1.797693134862e+308, 3.5759e+01, 6.0994e+00, 
 1DIAGNOSTIC,     3, -9.294833761158e-01, 1.797693134862e+308, 4.1915e+01, 6.1560e+00, 
 1DIAGNOSTIC,     4, -9.326568241798e-01, 1.797693134862e+308, 4.8034e+01, 6.1188e+00, 
 1DIAGNOSTIC,     5, -9.350654559870e-01, 1.797693134862e+308, 5.4153e+01, 6.1193e+00, 
 1DIAGNOSTIC,     6, -9.372884368871e-01, 1.797693134862e+308, 6.0266e+01, 6.1133e+00, 
 1DIAGNOSTIC,     7, -9.392757498256e-01, 1.797693134862e+308, 6.6386e+01, 6.1194e+00, 
 1DIAGNOSTIC,     8, -9.409553344500e-01, 1.797693134862e+308, 7.2493e+01, 6.1076e+00, 
 1DIAGNOSTIC,     9, -9.423480671589e-01, 1.797693134862e+308, 7.8601e+01, 6.1080e+00, 
 1DIAGNOSTIC,    10, -9.435094892088e-01, 1.384871104310e-03, 8.4722e+01, 6.1207e+00, 
 1DIAGNOSTIC,    11, -9.444789153450e-01, 1.112446905687e-03, 9.0835e+01, 6.1132e+00, 
 1DIAGNOSTIC,    12, -9.452981875224e-01, 8.803239423673e-04, 9.6957e+01, 6.1215e+00, 
 1DIAGNOSTIC,    13, -9.460078375964e-01, 6.915217553421e-04, 1.0307e+02, 6.1111e+00, 
 1DIAGNOSTIC,    14, -9.466039862978e-01, 5.480961258865e-04, 1.0918e+02, 6.1078e+00, 
 1DIAGNOSTIC,    15, -9.470984318405e-01, 4.320169611869e-04, 1.1532e+02, 6.1456e+00, 
 1DIAGNOSTIC,    16, -9.475181241035e-01, 3.405146160884e-04, 1.2146e+02, 6.1413e+00, 
 1DIAGNOSTIC,    17, -9.477159433128e-01, 2.670771919251e-04, 1.2761e+02, 6.1440e+00, 
 1DIAGNOSTIC,    18, -9.478943838470e-01, 2.082448224814e-04, 1.3374e+02, 6.1369e+00, 
 1DIAGNOSTIC,    19, -9.480640400371e-01, 1.610773792116e-04, 1.3989e+02, 6.1434e+00, 
 1DIAGNOSTIC,    20, -9.482191470466e-01, 1.234665180969e-04, 1.4605e+02, 6.1593e+00, 
 1DIAGNOSTIC,    21, -9.483669383194e-01, 9.397086271315e-05, 1.5221e+02, 6.1631e+00, 
 1DIAGNOSTIC,    22, -9.484069448765e-01, 7.019472059096e-05, 1.5838e+02, 6.1678e+00, 
 1DIAGNOSTIC,    23, -9.484688479373e-01, 5.212011027547e-05, 1.6453e+02, 6.1562e+00, 
 1DIAGNOSTIC,    24, -9.485524065748e-01, 3.923882504404e-05, 1.7070e+02, 6.1625e+00, 
 1DIAGNOSTIC,    25, -9.486558889526e-01, 3.090930939923e-05, 1.7686e+02, 6.1612e+00, 
 1DIAGNOSTIC,    26, -9.487756578170e-01, 2.663660399335e-05, 1.8302e+02, 6.1590e+00, 
 1DIAGNOSTIC,    27, -9.489139664751e-01, 2.401051085593e-05, 1.8918e+02, 6.1648e+00, 
 1DIAGNOSTIC,    28, -9.490683806693e-01, 2.297130989922e-05, 1.9534e+02, 6.1572e+00, 
 1DIAGNOSTIC,    29, -9.492318631087e-01, 2.335348513348e-05, 2.0151e+02, 6.1683e+00, 
 1DIAGNOSTIC,    30, -9.494084703686e-01, 2.487847610094e-05, 2.0767e+02, 6.1630e+00, 
 1DIAGNOSTIC,    31, -9.496047295491e-01, 2.736829031370e-05, 2.1383e+02, 6.1606e+00, 
 1DIAGNOSTIC,    32, -9.498060694935e-01, 2.944628992739e-05, 2.2000e+02, 6.1660e+00, 
 1DIAGNOSTIC,    33, -9.499933653705e-01, 3.094140269817e-05, 2.2615e+02, 6.1592e+00, 
 1DIAGNOSTIC,    34, -9.501839827278e-01, 3.190327523996e-05, 2.3232e+02, 6.1665e+00, 
 1DIAGNOSTIC,    35, -9.503760827176e-01, 3.237932920485e-05, 2.3848e+02, 6.1594e+00, 
 1DIAGNOSTIC,    36, -9.505537226872e-01, 3.228625495228e-05, 2.4464e+02, 6.1560e+00, 
 1DIAGNOSTIC,    37, -9.507031768869e-01, 3.151680139996e-05, 2.5081e+02, 6.1714e+00, 
 1DIAGNOSTIC,    38, -9.508301609657e-01, 3.007257554299e-05, 2.5696e+02, 6.1550e+00, 
 1DIAGNOSTIC,    39, -9.509465421482e-01, 2.805211760210e-05, 2.6313e+02, 6.1713e+00, 
 1DIAGNOSTIC,    40, -9.510431043751e-01, 2.555873944820e-05, 2.6929e+02, 6.1567e+00, 
 1DIAGNOSTIC,    41, -9.511302106409e-01, 2.287377513333e-05, 2.7546e+02, 6.1690e+00, 
 1DIAGNOSTIC,    42, -9.511997721946e-01, 2.012502568449e-05, 2.8162e+02, 6.1595e+00, 
 1DIAGNOSTIC,    43, -9.512581804742e-01, 1.735306594484e-05, 2.8777e+02, 6.1550e+00, 
 1DIAGNOSTIC,    44, -9.513084291033e-01, 1.474378374265e-05, 2.9394e+02, 6.1663e+00, 
 1DIAGNOSTIC,    45, -9.513514623166e-01, 1.245914404858e-05, 3.0010e+02, 6.1606e+00, 
 1DIAGNOSTIC,    46, -9.513870403597e-01, 1.052566755834e-05, 3.0627e+02, 6.1641e+00, 
 1DIAGNOSTIC,    47, -9.514167697425e-01, 8.865896516878e-06, 3.1243e+02, 6.1605e+00, 
 1DIAGNOSTIC,    48, -9.514419783574e-01, 7.432111290298e-06, 3.1858e+02, 6.1560e+00, 
 1DIAGNOSTIC,    49, -9.514630209742e-01, 6.241382924939e-06, 3.2475e+02, 6.1688e+00, 
 1DIAGNOSTIC,    50, -9.514802021026e-01, 5.236521558771e-06, 3.3091e+02, 6.1564e+00, 
 1DIAGNOSTIC,    51, -9.514934766342e-01, 4.414532176571e-06, 3.3707e+02, 6.1650e+00, 
 1DIAGNOSTIC,    52, -9.515070048997e-01, 3.735347268226e-06, 3.4323e+02, 6.1583e+00, 
 1DIAGNOSTIC,    53, -9.515138761727e-01, 3.147083073265e-06, 3.4939e+02, 6.1574e+00, 
 1DIAGNOSTIC,    54, -9.515192594705e-01, 2.642117048542e-06, 3.5556e+02, 6.1679e+00, 
 1DIAGNOSTIC,    55, -9.515223082411e-01, 2.207356463713e-06, 3.6172e+02, 6.1594e+00, 
 1DIAGNOSTIC,    56, -9.515246357175e-01, 1.832680049670e-06, 3.6788e+02, 6.1633e+00, 
 1DIAGNOSTIC,    57, -9.515225904628e-01, 1.493404525273e-06, 3.7404e+02, 6.1645e+00, 
 1DIAGNOSTIC,    58, -9.515187449577e-01, 1.185553870662e-06, 3.8020e+02, 6.1541e+00, 
 1DIAGNOSTIC,    59, -9.515131493590e-01, 9.051293819763e-07, 3.8636e+02, 6.1654e+00, 
XXDIAGNOSTIC,Iteration,metricValue,convergenceValue,ITERATION_TIME_INDEX,SINCE_LAST
 1DIAGNOSTIC,     1, -9.040672154673e-01, 1.797693134862e+308, 4.3734e+02, 5.0981e+01, 
 1DIAGNOSTIC,     2, -9.057454828478e-01, 1.797693134862e+308, 4.8650e+02, 4.9152e+01, 
 1DIAGNOSTIC,     3, -9.081816246226e-01, 1.797693134862e+308, 5.3566e+02, 4.9167e+01, 
 1DIAGNOSTIC,     4, -9.105195369307e-01, 1.797693134862e+308, 5.8483e+02, 4.9172e+01, 
 1DIAGNOSTIC,     5, -9.125770248405e-01, 1.797693134862e+308, 6.3399e+02, 4.9155e+01, 
 1DIAGNOSTIC,     6, -9.144063042728e-01, 1.797693134862e+308, 6.8316e+02, 4.9174e+01, 
 1DIAGNOSTIC,     7, -9.160011605315e-01, 1.797693134862e+308, 7.3231e+02, 4.9148e+01, 
 1DIAGNOSTIC,     8, -9.173560417620e-01, 1.797693134862e+308, 7.8171e+02, 4.9394e+01, 
 1DIAGNOSTIC,     9, -9.185258986334e-01, 1.797693134862e+308, 8.3123e+02, 4.9528e+01, 
 1DIAGNOSTIC,    10, -9.194581474367e-01, 1.119824940731e-03, 8.8060e+02, 4.9370e+01, 
 1DIAGNOSTIC,    11, -9.201567598700e-01, 9.188195592902e-04, 9.3015e+02, 4.9546e+01, 
 1DIAGNOSTIC,    12, -9.208910553220e-01, 7.309906484298e-04, 9.7970e+02, 4.9551e+01, 
 1DIAGNOSTIC,    13, -9.214670234491e-01, 5.774861259591e-04, 1.0291e+03, 4.9354e+01, 
 1DIAGNOSTIC,    14, -9.220016930464e-01, 4.567854215064e-04, 1.0786e+03, 4.9546e+01, 
 1DIAGNOSTIC,    15, -9.226107916855e-01, 3.653608025007e-04, 1.1279e+03, 4.9342e+01, 
 1DIAGNOSTIC,    16, -9.230860793735e-01, 2.962513130955e-04, 1.1775e+03, 4.9555e+01, 
 1DIAGNOSTIC,    17, -9.236499246891e-01, 2.471808000998e-04, 1.2271e+03, 4.9556e+01, 
 1DIAGNOSTIC,    18, -9.240954762107e-01, 2.115041319918e-04, 1.2766e+03, 4.9559e+01, 
 1DIAGNOSTIC,    19, -9.245320653851e-01, 1.860814535037e-04, 1.3262e+03, 4.9539e+01, 
 1DIAGNOSTIC,    20, -9.249733146442e-01, 1.671427387981e-04, 1.3757e+03, 4.9554e+01, 
 1DIAGNOSTIC,    21, -9.254115648319e-01, 1.510972175822e-04, 1.4252e+03, 4.9527e+01, 
 1DIAGNOSTIC,    22, -9.258506979869e-01, 1.388778285044e-04, 1.4748e+03, 4.9568e+01, 
 1DIAGNOSTIC,    23, -9.262923558056e-01, 1.284039855102e-04, 1.5243e+03, 4.9512e+01, 
 1DIAGNOSTIC,    24, -9.267389493187e-01, 1.193753079960e-04, 1.5739e+03, 4.9552e+01, 
 1DIAGNOSTIC,    25, -9.271941098077e-01, 1.130200750834e-04, 1.6234e+03, 4.9538e+01, 
 1DIAGNOSTIC,    26, -9.276630556409e-01, 1.076957097297e-04, 1.6730e+03, 4.9559e+01, 
 1DIAGNOSTIC,    27, -9.281202212513e-01, 1.042899462196e-04, 1.7225e+03, 4.9522e+01, 
 1DIAGNOSTIC,    28, -9.285568352765e-01, 1.010155603839e-04, 1.7720e+03, 4.9563e+01, 
 1DIAGNOSTIC,    29, -9.289427274741e-01, 9.718244337411e-05, 1.8216e+03, 4.9536e+01, 
 1DIAGNOSTIC,    30, -9.292897284488e-01, 9.253488688450e-05, 1.8711e+03, 4.9566e+01, 
 1DIAGNOSTIC,    31, -9.296047106744e-01, 8.693501302617e-05, 1.9207e+03, 4.9570e+01, 
 1DIAGNOSTIC,    32, -9.298955090451e-01, 8.049346430897e-05, 1.9703e+03, 4.9540e+01, 
 1DIAGNOSTIC,    33, -9.301630433827e-01, 7.344891010912e-05, 2.0198e+03, 4.9554e+01, 
 1DIAGNOSTIC,    34, -9.304136086698e-01, 6.618715691825e-05, 2.0694e+03, 4.9565e+01, 
 1DIAGNOSTIC,    35, -9.306511799294e-01, 5.917014613573e-05, 2.1189e+03, 4.9555e+01, 
 1DIAGNOSTIC,    36, -9.308845690220e-01, 5.294390360357e-05, 2.1685e+03, 4.9572e+01, 
 1DIAGNOSTIC,    37, -9.311077764016e-01, 4.769274672836e-05, 2.2182e+03, 4.9735e+01, 
 1DIAGNOSTIC,    38, -9.313151064335e-01, 4.341490200066e-05, 2.2680e+03, 4.9752e+01, 
 1DIAGNOSTIC,    39, -9.315047648123e-01, 3.979006608695e-05, 2.3175e+03, 4.9528e+01, 
 1DIAGNOSTIC,    40, -9.316789866726e-01, 3.659475019810e-05, 2.3673e+03, 4.9759e+01, 
 1DIAGNOSTIC,    41, -9.318396358958e-01, 3.366622571641e-05, 2.4170e+03, 4.9742e+01, 
 1DIAGNOSTIC,    42, -9.319913342961e-01, 3.093923843859e-05, 2.4666e+03, 4.9554e+01, 
 1DIAGNOSTIC,    43, -9.321323762652e-01, 2.834365537708e-05, 2.5163e+03, 4.9762e+01, 
 1DIAGNOSTIC,    44, -9.322648133592e-01, 2.587426688502e-05, 2.5661e+03, 4.9767e+01, 
 1DIAGNOSTIC,    45, -9.323927355321e-01, 2.357758827856e-05, 2.6156e+03, 4.9527e+01, 
 1DIAGNOSTIC,    46, -9.325121676243e-01, 2.152174716261e-05, 2.6654e+03, 4.9784e+01, 
 1DIAGNOSTIC,    47, -9.326222862123e-01, 1.971291789804e-05, 2.7152e+03, 4.9759e+01, 
 1DIAGNOSTIC,    48, -9.327275432059e-01, 1.813456524340e-05, 2.7647e+03, 4.9549e+01, 
 1DIAGNOSTIC,    49, -9.328252217889e-01, 1.672709470246e-05, 2.8145e+03, 4.9757e+01, 
 1DIAGNOSTIC,    50, -9.329158472834e-01, 1.544270685256e-05, 2.8643e+03, 4.9782e+01, 
XXDIAGNOSTIC,Iteration,metricValue,convergenceValue,ITERATION_TIME_INDEX,SINCE_LAST
 1DIAGNOSTIC,     1, -8.965070154902e-01, 1.797693134862e+308, 3.2784e+03, 4.1418e+02, 
 1DIAGNOSTIC,     2, -8.975477021528e-01, 1.797693134862e+308, 3.6857e+03, 4.0721e+02, 
 1DIAGNOSTIC,     3, -8.988863753645e-01, 1.797693134862e+308, 4.0916e+03, 4.0596e+02, 
 1DIAGNOSTIC,     4, -9.001656618394e-01, 1.797693134862e+308, 4.4974e+03, 4.0581e+02, 
 1DIAGNOSTIC,     5, -9.013901214387e-01, 1.797693134862e+308, 4.9034e+03, 4.0594e+02, 
 1DIAGNOSTIC,     6, -9.025039101285e-01, 1.797693134862e+308, 5.3092e+03, 4.0586e+02, 
 1DIAGNOSTIC,     7, -9.035341941075e-01, 1.797693134862e+308, 5.7166e+03, 4.0741e+02, 
 1DIAGNOSTIC,     8, -9.044889114625e-01, 1.797693134862e+308, 6.1239e+03, 4.0733e+02, 
 1DIAGNOSTIC,     9, -9.053082466520e-01, 1.797693134862e+308, 6.5298e+03, 4.0585e+02, 
 1DIAGNOSTIC,    10, -9.060949663529e-01, 6.984736824458e-04, 6.9373e+03, 4.0748e+02, 
 1DIAGNOSTIC,    11, -9.069555299543e-01, 6.024194063341e-04, 7.3469e+03, 4.0960e+02, 
 1DIAGNOSTIC,    12, -9.076934703486e-01, 5.145751527121e-04, 7.7558e+03, 4.0893e+02, 
 1DIAGNOSTIC,    13, -9.084303848245e-01, 4.437400625653e-04, 8.1631e+03, 4.0731e+02, 
 1DIAGNOSTIC,    14, -9.090871640955e-01, 3.859749062546e-04, 8.5720e+03, 4.0885e+02, 
 1DIAGNOSTIC,    15, -9.098282994608e-01, 3.416787664058e-04, 8.9808e+03, 4.0885e+02, 
 1DIAGNOSTIC,    16, -9.104915082163e-01, 3.062071577084e-04, 9.3896e+03, 4.0877e+02, 
 1DIAGNOSTIC,    17, -9.111814069921e-01, 2.783018018704e-04, 9.7985e+03, 4.0886e+02, 
 1DIAGNOSTIC,    18, -9.118791586039e-01, 2.565069331162e-04, 1.0207e+04, 4.0877e+02, 
 1DIAGNOSTIC,    19, -9.125536314995e-01, 2.378038934749e-04, 1.0616e+04, 4.0891e+02, 
 1DIAGNOSTIC,    20, -9.131992634981e-01, 2.211865886333e-04, 1.0991e+04, 3.7495e+02, 
  Elapsed time (stage 0): 10994


Total elapsed time: 10994
-i /mnt/lustre/mathdugre/fast-interpolate/datasets/ds004513/derivatives/flint/ants/flint-vprec-single/sub-s036/ses-open/anat/11/1_Affine.nii.gz -o /mnt/lustre/mathdugre/fast-interpolate/datasets/ds004513/derivatives/flint/ants/flint-vprec-single/sub-s036/ses-open/anat/110/1_transformed.nii.gz -t /mnt/lustre/mathdugre/fast-interpolate/datasets/ds004513/derivatives/flint/ants/flint-vprec-single/sub-s036/ses-open/anat/110/1_1Warp.nii.gz -t /mnt/lustre/mathdugre/fast-interpolate/datasets/ds004513/derivatives/flint/ants/flint-vprec-single/sub-s036/ses-open/anat/110/1_0GenericAffine.mat
