---------------------
Experiment information

SIF_IMG: /mnt/lustre/mathdugre/containers/ants-flint-base.simg
SIF_IMG_BASE: /mnt/lustre/mathdugre/containers/ants-flint-base.simg
EXPERIMENT_NAME: flint-vprec-single-five-levels
STAGE: affine
SUBJECT_ID: s036
REPETITION_ID: 1

FIXED_IMG: /templateflow/tpl-MNI152NLin2009cAsym/tpl-MNI152NLin2009cAsym_res-01_desc-brain_T1w.nii.gz
INPUT_IMG: /mnt/lustre/mathdugre/fast-interpolate/datasets/ds004513/derivatives/flint/ants/flint-vprec-single-five-levels/sub-s036/ses-open/anat/1/1_Rigid.nii.gz

DATA_DIR: /mnt/lustre/mathdugre/fast-interpolate/datasets/ds004513
OUTPUT_DIR: /mnt/lustre/mathdugre/fast-interpolate/datasets/ds004513/derivatives/flint/ants/flint-vprec-single-five-levels/sub-s036/ses-open/anat
OUTPUT_PREFIX: 10
THREAD: 1
FLOAT: 0
VFC_BACKENDS: ieee
---------------------

--output [/mnt/lustre/mathdugre/fast-interpolate/datasets/ds004513/derivatives/flint/ants/flint-vprec-single-five-levels/sub-s036/ses-open/anat/10/1_,/mnt/lustre/mathdugre/fast-interpolate/datasets/ds004513/derivatives/flint/ants/flint-vprec-single-five-levels/sub-s036/ses-open/anat/10/1_Affine.nii.gz,/mnt/lustre/mathdugre/fast-interpolate/datasets/ds004513/derivatives/flint/ants/flint-vprec-single-five-levels/sub-s036/ses-open/anat/10/1_InverseAffine.nii.gz] --initial-moving-transform [/templateflow/tpl-MNI152NLin2009cAsym/tpl-MNI152NLin2009cAsym_res-01_desc-brain_T1w.nii.gz,/mnt/lustre/mathdugre/fast-interpolate/datasets/ds004513/derivatives/flint/ants/flint-vprec-single-five-levels/sub-s036/ses-open/anat/1/1_Rigid.nii.gz,1] --transform Affine[0.1] --metric MI[/templateflow/tpl-MNI152NLin2009cAsym/tpl-MNI152NLin2009cAsym_res-01_desc-brain_T1w.nii.gz,/mnt/lustre/mathdugre/fast-interpolate/datasets/ds004513/derivatives/flint/ants/flint-vprec-single-five-levels/sub-s036/ses-open/anat/1/1_Rigid.nii.gz,1,32,Regular,0.25] --convergence [1000x1000x500x250x100,1e-6,10] --shrink-factors 16x8x4x2x1 --smoothing-sigmas 4x3x2x1x0vox
All_Command_lines_OK
Using double precision for computations.
=============================================================================
The composite transform comprises the following transforms (in order): 
  1. Center of mass alignment using fixed image: /templateflow/tpl-MNI152NLin2009cAsym/tpl-MNI152NLin2009cAsym_res-01_desc-brain_T1w.nii.gz and moving image: /mnt/lustre/mathdugre/fast-interpolate/datasets/ds004513/derivatives/flint/ants/flint-vprec-single-five-levels/sub-s036/ses-open/anat/1/1_Rigid.nii.gz (type = Euler3DTransform)
=============================================================================
  number of levels = 5
  fixed image: /templateflow/tpl-MNI152NLin2009cAsym/tpl-MNI152NLin2009cAsym_res-01_desc-brain_T1w.nii.gz
  moving image: /mnt/lustre/mathdugre/fast-interpolate/datasets/ds004513/derivatives/flint/ants/flint-vprec-single-five-levels/sub-s036/ses-open/anat/1/1_Rigid.nii.gz
Dimension = 3
Number of stages = 1
Use histogram matching = false
Winsorize image intensities = true
  Lower quantile = 0.005
  Upper quantile = 0.995


Stage 1 State
   Image metric = MattesMI
     Fixed image = Image (0x55ae1b70d190)
  RTTI typeinfo:   itk::Image<double, 3u>
  Reference Count: 2
  Modified Time: 1622
  Debug: Off
  Object Name: 
  Observers: 
    none
  Source: (none)
  Source output name: (none)
  Release Data: Off
  Data Released: False
  Global Release Data: Off
  PipelineMTime: 0
  UpdateMTime: 1407
  RealTimeStamp: 0 seconds 
  LargestPossibleRegion: 
    Dimension: 3
    Index: [0, 0, 0]
    Size: [193, 229, 193]
  BufferedRegion: 
    Dimension: 3
    Index: [0, 0, 0]
    Size: [193, 229, 193]
  RequestedRegion: 
    Dimension: 3
    Index: [0, 0, 0]
    Size: [193, 229, 193]
  Spacing: [1, 1, 1]
  Origin: [96, 132, -78]
  Direction: 
-1 0 0
0 -1 0
0 0 1

  IndexToPointMatrix: 
-1 0 0
0 -1 0
0 0 1

  PointToIndexMatrix: 
-1 0 0
0 -1 0
0 0 1

  Inverse Direction: 
-1 0 0
0 -1 0
0 0 1

  PixelContainer: 
    ImportImageContainer (0x55ae1b779010)
      RTTI typeinfo:   itk::ImportImageContainer<unsigned long, double>
      Reference Count: 1
      Modified Time: 1404
      Debug: Off
      Object Name: 
      Observers: 
        none
      Pointer: 0x7fd0c4a09010
      Container manages memory: true
      Size: 8530021
      Capacity: 8530021

     Moving image = Image (0x55ae1b714120)
  RTTI typeinfo:   itk::Image<double, 3u>
  Reference Count: 2
  Modified Time: 1623
  Debug: Off
  Object Name: 
  Observers: 
    none
  Source: (none)
  Source output name: (none)
  Release Data: Off
  Data Released: False
  Global Release Data: Off
  PipelineMTime: 0
  UpdateMTime: 1620
  RealTimeStamp: 0 seconds 
  LargestPossibleRegion: 
    Dimension: 3
    Index: [0, 0, 0]
    Size: [193, 229, 193]
  BufferedRegion: 
    Dimension: 3
    Index: [0, 0, 0]
    Size: [193, 229, 193]
  RequestedRegion: 
    Dimension: 3
    Index: [0, 0, 0]
    Size: [193, 229, 193]
  Spacing: [1, 1, 1]
  Origin: [96, 132, -78]
  Direction: 
-1 0 0
0 -1 0
0 0 1

  IndexToPointMatrix: 
-1 0 0
0 -1 0
0 0 1

  PointToIndexMatrix: 
-1 0 0
0 -1 0
0 0 1

  Inverse Direction: 
-1 0 0
0 -1 0
0 0 1

  PixelContainer: 
    ImportImageContainer (0x55ae1b7db4d0)
      RTTI typeinfo:   itk::ImportImageContainer<unsigned long, double>
      Reference Count: 1
      Modified Time: 1617
      Debug: Off
      Object Name: 
      Observers: 
        none
      Pointer: 0x7fd0c08f4010
      Container manages memory: true
      Size: 8530021
      Capacity: 8530021

     Weighting = 1
     Sampling strategy = regular
     Number of bins = 32
     Radius = 4
     Sampling percentage  = 0.25
   Transform = Affine
     Gradient step = 0.1
     Update field sigma (voxel space) = 0
     Total field sigma (voxel space) = 0
     Update field time sigma = 0
     Total field time sigma  = 0
     Number of time indices = 0
     Number of time point samples = 0
Registration using 1 total stages.

Stage 0
  iterations = 1000x1000x500x250x100
  convergence threshold = 1e-06
  convergence window size = 10
  number of levels = 5
  using the Mattes MI metric (number of bins = 32, weight = 1, use gradient filter = 0)
  preprocessing:  winsorizing the image intensities
  Shrink factors (level 1 out of 5): [16, 16, 16]
  Shrink factors (level 2 out of 5): [8, 8, 8]
  Shrink factors (level 3 out of 5): [4, 4, 4]
  Shrink factors (level 4 out of 5): [2, 2, 2]
  Shrink factors (level 5 out of 5): [1, 1, 1]
  smoothing sigmas per level: [4, 3, 2, 1, 0]
  regular sampling (percentage = 0.25)

*** Running AffineTransform registration ***

DIAGNOSTIC,Iteration,metricValue,convergenceValue,ITERATION_TIME_INDEX,SINCE_LAST
 2DIAGNOSTIC,     1, -6.960559702361e-01, 1.797693134862e+308, 1.4508e+00, 1.4508e+00, 
 2DIAGNOSTIC,     2, -6.992471625785e-01, 1.797693134862e+308, 1.4522e+00, 1.4179e-03, 
 2DIAGNOSTIC,     3, -7.044067637987e-01, 1.797693134862e+308, 1.4534e+00, 1.2729e-03, 
 2DIAGNOSTIC,     4, -7.104953085741e-01, 1.797693134862e+308, 1.4547e+00, 1.2691e-03, 
 2DIAGNOSTIC,     5, -7.183524114168e-01, 1.797693134862e+308, 1.4560e+00, 1.2939e-03, 
 2DIAGNOSTIC,     6, -7.403896084760e-01, 1.797693134862e+308, 1.4576e+00, 1.5850e-03, 
 2DIAGNOSTIC,     7, -7.942526390680e-01, 1.797693134862e+308, 1.4591e+00, 1.4789e-03, 
 2DIAGNOSTIC,     8, -8.439117733110e-01, 1.797693134862e+308, 1.4612e+00, 2.1551e-03, 
 2DIAGNOSTIC,     9, -8.501586799507e-01, 1.797693134862e+308, 1.4626e+00, 1.3340e-03, 
 2DIAGNOSTIC,    10, -8.628905950229e-01, 1.639024710314e-02, 1.4653e+00, 2.7452e-03, 
 2DIAGNOSTIC,    11, -9.034788303150e-01, 1.695010198293e-02, 1.4669e+00, 1.5781e-03, 
 2DIAGNOSTIC,    12, -9.343721167525e-01, 1.681508552498e-02, 1.4687e+00, 1.7841e-03, 
 2DIAGNOSTIC,    13, -9.681271199223e-01, 1.619276963511e-02, 1.4707e+00, 1.9999e-03, 
 2DIAGNOSTIC,    14, -9.739125730132e-01, 1.453207302458e-02, 1.4721e+00, 1.4579e-03, 
 2DIAGNOSTIC,    15, -9.898171563546e-01, 1.238041516878e-02, 1.4737e+00, 1.5991e-03, 
 2DIAGNOSTIC,    16, -1.002630343630e+00, 1.012406187430e-02, 1.4753e+00, 1.5688e-03, 
 2DIAGNOSTIC,    17, -1.005264766494e+00, 8.334918774054e-03, 1.4769e+00, 1.5640e-03, 
 2DIAGNOSTIC,    18, -1.008602735178e+00, 6.998732960574e-03, 1.4783e+00, 1.4131e-03, 
 2DIAGNOSTIC,    19, -1.013003139586e+00, 5.375787631762e-03, 1.4799e+00, 1.5800e-03, 
 2DIAGNOSTIC,    20, -1.015641434520e+00, 3.686255124935e-03, 1.4816e+00, 1.7018e-03, 
 2DIAGNOSTIC,    21, -1.016441364839e+00, 2.469767622089e-03, 1.4831e+00, 1.5340e-03, 
 2DIAGNOSTIC,    22, -1.017708313745e+00, 1.611216126457e-03, 1.4845e+00, 1.3928e-03, 
 2DIAGNOSTIC,    23, -1.019096613226e+00, 1.178138557645e-03, 1.4859e+00, 1.3762e-03, 
 2DIAGNOSTIC,    24, -1.019889680274e+00, 7.585274060309e-04, 1.4872e+00, 1.3809e-03, 
 2DIAGNOSTIC,    25, -1.021805776187e+00, 5.268196920207e-04, 1.4889e+00, 1.6990e-03, 
 2DIAGNOSTIC,    26, -1.023248131181e+00, 4.378850353865e-04, 1.4905e+00, 1.5190e-03, 
 2DIAGNOSTIC,    27, -1.023878097882e+00, 3.527791756822e-04, 1.4921e+00, 1.6608e-03, 
 2DIAGNOSTIC,    28, -1.024349717539e+00, 2.828553620688e-04, 1.4935e+00, 1.3762e-03, 
 2DIAGNOSTIC,    29, -1.024804866071e+00, 2.430815910138e-04, 1.4950e+00, 1.5168e-03, 
 2DIAGNOSTIC,    30, -1.025548499749e+00, 2.179957516659e-04, 1.4967e+00, 1.6840e-03, 
 2DIAGNOSTIC,    31, -1.025973358546e+00, 1.859078254710e-04, 1.4982e+00, 1.5309e-03, 
 2DIAGNOSTIC,    32, -1.026291441145e+00, 1.536309579422e-04, 1.5005e+00, 2.2430e-03, 
 2DIAGNOSTIC,    33, -1.026300242416e+00, 1.221942194521e-04, 1.5018e+00, 1.3599e-03, 
 2DIAGNOSTIC,    34, -1.026351905998e+00, 8.862378026890e-05, 1.5032e+00, 1.3700e-03, 
 2DIAGNOSTIC,    35, -1.026404226000e+00, 6.558985177198e-05, 1.5046e+00, 1.3671e-03, 
 2DIAGNOSTIC,    36, -1.026436712006e+00, 5.008418083117e-05, 1.5059e+00, 1.3630e-03, 
 2DIAGNOSTIC,    37, -1.026460246499e+00, 3.614160407369e-05, 1.5073e+00, 1.3618e-03, 
 2DIAGNOSTIC,    38, -1.026496818462e+00, 2.369444521992e-05, 1.5087e+00, 1.3621e-03, 
 2DIAGNOSTIC,    39, -1.026538969915e+00, 1.350965739968e-05, 1.5100e+00, 1.3618e-03, 
 2DIAGNOSTIC,    40, -1.026614786348e+00, 8.744025636900e-06, 1.5115e+00, 1.5171e-03, 
 2DIAGNOSTIC,    41, -1.026632329683e+00, 6.634181425522e-06, 1.5135e+00, 1.9410e-03, 
 2DIAGNOSTIC,    42, -1.026641053084e+00, 6.416072670296e-06, 1.5148e+00, 1.3599e-03, 
 2DIAGNOSTIC,    43, -1.026646414158e+00, 5.773201119330e-06, 1.5162e+00, 1.3611e-03, 
 2DIAGNOSTIC,    44, -1.026656861878e+00, 5.095956919710e-06, 1.5176e+00, 1.3599e-03, 
 2DIAGNOSTIC,    45, -1.026663667243e+00, 4.418119574925e-06, 1.5192e+00, 1.6479e-03, 
 2DIAGNOSTIC,    46, -1.026670676636e+00, 3.676003818523e-06, 1.5211e+00, 1.9391e-03, 
 2DIAGNOSTIC,    47, -1.026671283287e+00, 2.842483501291e-06, 1.5225e+00, 1.3599e-03, 
 2DIAGNOSTIC,    48, -1.026677747049e+00, 2.108659606082e-06, 1.5240e+00, 1.5039e-03, 
 2DIAGNOSTIC,    49, -1.026680043356e+00, 1.527961791203e-06, 1.5254e+00, 1.3599e-03, 
 2DIAGNOSTIC,    50, -1.026682034284e+00, 1.348230429455e-06, 1.5267e+00, 1.3621e-03, 
 2DIAGNOSTIC,    51, -1.026687775227e+00, 1.245776980609e-06, 1.5281e+00, 1.3621e-03, 
 2DIAGNOSTIC,    52, -1.026695236313e+00, 1.182843569793e-06, 1.5296e+00, 1.5039e-03, 
 2DIAGNOSTIC,    53, -1.026697385223e+00, 1.111145058439e-06, 1.5312e+00, 1.6520e-03, 
 2DIAGNOSTIC,    54, -1.026701751896e+00, 1.077055902302e-06, 1.5329e+00, 1.6489e-03, 
 2DIAGNOSTIC,    55, -1.026702463029e+00, 1.040251404402e-06, 1.5343e+00, 1.3628e-03, 
 2DIAGNOSTIC,    56, -1.026709058795e+00, 1.035118624065e-06, 1.5358e+00, 1.5020e-03, 
DIAGNOSTIC,Iteration,metricValue,convergenceValue,ITERATION_TIME_INDEX,SINCE_LAST
 2DIAGNOSTIC,     1, -8.389833168757e-01, 1.797693134862e+308, 2.9876e+00, 1.4519e+00, 
 2DIAGNOSTIC,     2, -8.408620089241e-01, 1.797693134862e+308, 3.0014e+00, 1.3757e-02, 
 2DIAGNOSTIC,     3, -8.434540554954e-01, 1.797693134862e+308, 3.0129e+00, 1.1535e-02, 
 2DIAGNOSTIC,     4, -8.460046554436e-01, 1.797693134862e+308, 3.0238e+00, 1.0855e-02, 
 2DIAGNOSTIC,     5, -8.476485411198e-01, 1.797693134862e+308, 3.0346e+00, 1.0849e-02, 
 2DIAGNOSTIC,     6, -8.489399556629e-01, 1.797693134862e+308, 3.0456e+00, 1.0924e-02, 
 2DIAGNOSTIC,     7, -8.504002357730e-01, 1.797693134862e+308, 3.0579e+00, 1.2316e-02, 
 2DIAGNOSTIC,     8, -8.511108960337e-01, 1.797693134862e+308, 3.0777e+00, 1.9819e-02, 
 2DIAGNOSTIC,     9, -8.511244316859e-01, 1.797693134862e+308, 3.0886e+00, 1.0962e-02, 
 2DIAGNOSTIC,    10, -8.511858054857e-01, 9.699085206885e-04, 3.0998e+00, 1.1187e-02, 
 2DIAGNOSTIC,    11, -8.512731396222e-01, 6.925485592530e-04, 3.1110e+00, 1.1146e-02, 
 2DIAGNOSTIC,    12, -8.513884385211e-01, 4.540945445959e-04, 3.1221e+00, 1.1146e-02, 
 2DIAGNOSTIC,    13, -8.515319193155e-01, 2.809331713976e-04, 3.1332e+00, 1.1085e-02, 
 2DIAGNOSTIC,    14, -8.516996732153e-01, 1.720821965395e-04, 3.1443e+00, 1.1123e-02, 
 2DIAGNOSTIC,    15, -8.519488550065e-01, 1.043401107978e-04, 3.1555e+00, 1.1143e-02, 
 2DIAGNOSTIC,    16, -8.521937324676e-01, 6.708437754963e-05, 3.1746e+00, 1.9151e-02, 
 2DIAGNOSTIC,    17, -8.522188466320e-01, 5.703091356747e-05, 3.1858e+00, 1.1167e-02, 
 2DIAGNOSTIC,    18, -8.522564741090e-01, 5.700411367501e-05, 3.1970e+00, 1.1205e-02, 
 2DIAGNOSTIC,    19, -8.523098314040e-01, 5.304252366434e-05, 3.2082e+00, 1.1246e-02, 
 2DIAGNOSTIC,    20, -8.523801408355e-01, 4.682228334198e-05, 3.2194e+00, 1.1167e-02, 
 2DIAGNOSTIC,    21, -8.524622563434e-01, 3.960722632701e-05, 3.2306e+00, 1.1150e-02, 
 2DIAGNOSTIC,    22, -8.525420514241e-01, 3.245824186326e-05, 3.2417e+00, 1.1166e-02, 
 2DIAGNOSTIC,    23, -8.526797179571e-01, 2.713597015239e-05, 3.2592e+00, 1.7469e-02, 
 2DIAGNOSTIC,    24, -8.526965724731e-01, 2.232358429054e-05, 3.2711e+00, 1.1853e-02, 
 2DIAGNOSTIC,    25, -8.527135739260e-01, 1.941474719509e-05, 3.2822e+00, 1.1130e-02, 
 2DIAGNOSTIC,    26, -8.527462774408e-01, 1.860139757197e-05, 3.2970e+00, 1.4792e-02, 
 2DIAGNOSTIC,    27, -8.527595668635e-01, 1.666379648377e-05, 3.3092e+00, 1.2189e-02, 
 2DIAGNOSTIC,    28, -8.527626924254e-01, 1.387052946684e-05, 3.3202e+00, 1.1008e-02, 
 2DIAGNOSTIC,    29, -8.527707170254e-01, 1.077566124329e-05, 3.3312e+00, 1.1057e-02, 
 2DIAGNOSTIC,    30, -8.527770884132e-01, 7.831465571852e-06, 3.3422e+00, 1.0926e-02, 
 2DIAGNOSTIC,    31, -8.527830544618e-01, 5.375082115615e-06, 3.3530e+00, 1.0824e-02, 
 2DIAGNOSTIC,    32, -8.527924782202e-01, 3.552719751242e-06, 3.3637e+00, 1.0745e-02, 
 2DIAGNOSTIC,    33, -8.528020658578e-01, 3.089648539921e-06, 3.3757e+00, 1.1960e-02, 
 2DIAGNOSTIC,    34, -8.528105089156e-01, 2.699761340423e-06, 3.3938e+00, 1.8149e-02, 
 2DIAGNOSTIC,    35, -8.528117288132e-01, 2.330491769096e-06, 3.4084e+00, 1.4530e-02, 
 2DIAGNOSTIC,    36, -8.528117480031e-01, 2.149009602718e-06, 3.4241e+00, 1.5779e-02, 
 2DIAGNOSTIC,    37, -8.528117484267e-01, 1.977496666378e-06, 3.4389e+00, 1.4745e-02, 
 2DIAGNOSTIC,    38, -8.528117484502e-01, 1.733898768987e-06, 3.4546e+00, 1.5749e-02, 
 2DIAGNOSTIC,    39, -8.528117484513e-01, 1.485038135685e-06, 3.4691e+00, 1.4508e-02, 
 2DIAGNOSTIC,    40, -8.528117484514e-01, 1.238548118915e-06, 3.4837e+00, 1.4508e-02, 
 2DIAGNOSTIC,    41, -8.528117484514e-01, 1.010368132274e-06, 3.4982e+00, 1.4522e-02, 
DIAGNOSTIC,Iteration,metricValue,convergenceValue,ITERATION_TIME_INDEX,SINCE_LAST
 2DIAGNOSTIC,     1, -7.223800975499e-01, 1.797693134862e+308, 5.0712e+00, 1.5731e+00, 
 2DIAGNOSTIC,     2, -7.227177577760e-01, 1.797693134862e+308, 5.1854e+00, 1.1418e-01, 
 2DIAGNOSTIC,     3, -7.229875758742e-01, 1.797693134862e+308, 5.2990e+00, 1.1356e-01, 
 2DIAGNOSTIC,     4, -7.234334432367e-01, 1.797693134862e+308, 5.4123e+00, 1.1333e-01, 
 2DIAGNOSTIC,     5, -7.240777387336e-01, 1.797693134862e+308, 5.6327e+00, 2.2041e-01, 
 2DIAGNOSTIC,     6, -7.240821909544e-01, 1.797693134862e+308, 5.7460e+00, 1.1326e-01, 
 2DIAGNOSTIC,     7, -7.241038263247e-01, 1.797693134862e+308, 5.8595e+00, 1.1352e-01, 
 2DIAGNOSTIC,     8, -7.241357263558e-01, 1.797693134862e+308, 5.9730e+00, 1.1352e-01, 
 2DIAGNOSTIC,     9, -7.241790270958e-01, 1.797693134862e+308, 6.0880e+00, 1.1503e-01, 
 2DIAGNOSTIC,    10, -7.242335954464e-01, 1.700981503371e-04, 6.2018e+00, 1.1375e-01, 
 2DIAGNOSTIC,    11, -7.243680143992e-01, 1.204564175973e-04, 6.3309e+00, 1.2906e-01, 
 2DIAGNOSTIC,    12, -7.244021899836e-01, 8.089161050033e-05, 6.4751e+00, 1.4420e-01, 
 2DIAGNOSTIC,    13, -7.244116871868e-01, 4.866469636536e-05, 6.5886e+00, 1.1359e-01, 
 2DIAGNOSTIC,    14, -7.244493712737e-01, 2.993790387040e-05, 6.7174e+00, 1.2875e-01, 
 2DIAGNOSTIC,    15, -7.244775158143e-01, 2.874986431738e-05, 6.8306e+00, 1.1321e-01, 
 2DIAGNOSTIC,    16, -7.244892619215e-01, 2.560910005386e-05, 6.9747e+00, 1.4409e-01, 
 2DIAGNOSTIC,    17, -7.244989258278e-01, 2.138644228314e-05, 7.1032e+00, 1.2848e-01, 
 2DIAGNOSTIC,    18, -7.245088192934e-01, 1.677484555029e-05, 7.2321e+00, 1.2891e-01, 
 2DIAGNOSTIC,    19, -7.245099734853e-01, 1.217402826553e-05, 7.3609e+00, 1.2877e-01, 
 2DIAGNOSTIC,    20, -7.245109856200e-01, 8.076161892495e-06, 7.5194e+00, 1.5858e-01, 
 2DIAGNOSTIC,    21, -7.245111428868e-01, 6.271820452923e-06, 7.6947e+00, 1.7527e-01, 
 2DIAGNOSTIC,    22, -7.245111436598e-01, 4.804839388459e-06, 7.8684e+00, 1.7371e-01, 
 2DIAGNOSTIC,    23, -7.245111437681e-01, 3.300770961466e-06, 8.1050e+00, 2.3657e-01, 
 2DIAGNOSTIC,    24, -7.245111437688e-01, 2.349436860762e-06, 8.2488e+00, 1.4382e-01, 
 2DIAGNOSTIC,    25, -7.245111437688e-01, 1.818733718073e-06, 8.3786e+00, 1.2973e-01, 
 2DIAGNOSTIC,    26, -7.245111437688e-01, 1.452663625029e-06, 8.5388e+00, 1.6029e-01, 
 2DIAGNOSTIC,    27, -7.245111437688e-01, 1.228971366375e-06, 8.6682e+00, 1.2936e-01, 
 2DIAGNOSTIC,    28, -7.245111437688e-01, 1.154936571483e-06, 8.7977e+00, 1.2955e-01, 
 2DIAGNOSTIC,    29, -7.245111437688e-01, 1.099529474802e-06, 8.9733e+00, 1.7553e-01, 
 2DIAGNOSTIC,    30, -7.245111437688e-01, 1.060795737688e-06, 9.1187e+00, 1.4539e-01, 
 2DIAGNOSTIC,    31, -7.245111437688e-01, 1.026551408108e-06, 9.2482e+00, 1.2957e-01, 
DIAGNOSTIC,Iteration,metricValue,convergenceValue,ITERATION_TIME_INDEX,SINCE_LAST
 2DIAGNOSTIC,     1, -6.176637808562e-01, 1.797693134862e+308, 1.1610e+01, 2.3616e+00, 
 2DIAGNOSTIC,     2, -6.180316207849e-01, 1.797693134862e+308, 1.2364e+01, 7.5453e-01, 
 2DIAGNOSTIC,     3, -6.183767864911e-01, 1.797693134862e+308, 1.3115e+01, 7.5108e-01, 
 2DIAGNOSTIC,     4, -6.188634979045e-01, 1.797693134862e+308, 1.3958e+01, 8.4292e-01, 
 2DIAGNOSTIC,     5, -6.191479364679e-01, 1.797693134862e+308, 1.5493e+01, 1.5350e+00, 
 2DIAGNOSTIC,     6, -6.191485776582e-01, 1.797693134862e+308, 1.6240e+01, 7.4684e-01, 
 2DIAGNOSTIC,     7, -6.191500555782e-01, 1.797693134862e+308, 1.6984e+01, 7.4392e-01, 
 2DIAGNOSTIC,     8, -6.191522700409e-01, 1.797693134862e+308, 1.7726e+01, 7.4149e-01, 
 2DIAGNOSTIC,     9, -6.191554400824e-01, 1.797693134862e+308, 1.8466e+01, 7.4062e-01, 
 2DIAGNOSTIC,    10, -6.191596090271e-01, 1.481368347900e-04, 1.9221e+01, 7.5518e-01, 
 2DIAGNOSTIC,    11, -6.191646626490e-01, 8.740645657929e-05, 1.9977e+01, 7.5610e-01, 
 2DIAGNOSTIC,    12, -6.191705266559e-01, 4.354800496502e-05, 2.0734e+01, 7.5666e-01, 
 2DIAGNOSTIC,    13, -6.191763748683e-01, 1.477288010462e-05, 2.1488e+01, 7.5399e-01, 
 2DIAGNOSTIC,    14, -6.191807641838e-01, 4.830266314648e-06, 2.2336e+01, 8.4834e-01, 
 2DIAGNOSTIC,    15, -6.191826056809e-01, 4.743822732176e-06, 2.3575e+01, 1.2389e+00, 
 2DIAGNOSTIC,    16, -6.191826182077e-01, 4.446736569436e-06, 2.4320e+01, 7.4469e-01, 
 2DIAGNOSTIC,    17, -6.191827387121e-01, 4.001420924160e-06, 2.5063e+01, 7.4265e-01, 
 2DIAGNOSTIC,    18, -6.191829177789e-01, 3.468183044385e-06, 2.5806e+01, 7.4349e-01, 
 2DIAGNOSTIC,    19, -6.191831442741e-01, 2.913938592072e-06, 2.6555e+01, 7.4926e-01, 
 2DIAGNOSTIC,    20, -6.191833521560e-01, 2.399811470120e-06, 2.7316e+01, 7.6034e-01, 
 2DIAGNOSTIC,    21, -6.191834567776e-01, 1.971358569816e-06, 2.8190e+01, 8.7415e-01, 
 2DIAGNOSTIC,    22, -6.191834673069e-01, 1.660122550699e-06, 3.0728e+01, 2.5377e+00, 
 2DIAGNOSTIC,    23, -6.191834673026e-01, 1.470635649113e-06, 3.3071e+01, 2.3435e+00, 
 2DIAGNOSTIC,    24, -6.191834673026e-01, 1.371703446260e-06, 3.4220e+01, 1.1485e+00, 
 2DIAGNOSTIC,    25, -6.191834673026e-01, 1.310183873733e-06, 3.5059e+01, 8.3921e-01, 
 2DIAGNOSTIC,    26, -6.191834673026e-01, 1.250092858951e-06, 3.5895e+01, 8.3610e-01, 
 2DIAGNOSTIC,    27, -6.191834673026e-01, 1.194030401018e-06, 3.6726e+01, 8.3129e-01, 
 2DIAGNOSTIC,    28, -6.191834673026e-01, 1.143399903827e-06, 3.7557e+01, 8.3085e-01, 
 2DIAGNOSTIC,    29, -6.191834673026e-01, 1.099108569338e-06, 3.8388e+01, 8.3114e-01, 
 2DIAGNOSTIC,    30, -6.191834673026e-01, 1.060721871594e-06, 3.9219e+01, 8.3029e-01, 
 2DIAGNOSTIC,    31, -6.191834673026e-01, 1.026341969960e-06, 4.0054e+01, 8.3521e-01, 
DIAGNOSTIC,Iteration,metricValue,convergenceValue,ITERATION_TIME_INDEX,SINCE_LAST
 2DIAGNOSTIC,     1, -5.517326954809e-01, 1.797693134862e+308, 4.6117e+01, 6.0628e+00, 
 2DIAGNOSTIC,     2, -5.519078036349e-01, 1.797693134862e+308, 5.0991e+01, 4.8748e+00, 
 2DIAGNOSTIC,     3, -5.520617887253e-01, 1.797693134862e+308, 5.5874e+01, 4.8823e+00, 
 2DIAGNOSTIC,     4, -5.522473811849e-01, 1.797693134862e+308, 6.3693e+01, 7.8192e+00, 
 2DIAGNOSTIC,     5, -5.522675103141e-01, 1.797693134862e+308, 7.2691e+01, 8.9984e+00, 
 2DIAGNOSTIC,     6, -5.522675204482e-01, 1.797693134862e+308, 7.7569e+01, 4.8780e+00, 
 2DIAGNOSTIC,     7, -5.522676852071e-01, 1.797693134862e+308, 8.2445e+01, 4.8763e+00, 
 2DIAGNOSTIC,     8, -5.522679594029e-01, 1.797693134862e+308, 8.7323e+01, 4.8777e+00, 
 2DIAGNOSTIC,     9, -5.522684061775e-01, 1.797693134862e+308, 9.2204e+01, 4.8806e+00, 
 2DIAGNOSTIC,    10, -5.522691306547e-01, 5.494763915748e-05, 9.7085e+01, 4.8817e+00, 
 2DIAGNOSTIC,    11, -5.522702524151e-01, 2.902910868635e-05, 1.0197e+02, 4.8816e+00, 
 2DIAGNOSTIC,    12, -5.522718756121e-01, 1.258783916937e-05, 1.0684e+02, 4.8762e+00, 
 2DIAGNOSTIC,    13, -5.522740696369e-01, 3.760530657010e-06, 1.1171e+02, 4.8714e+00, 
 2DIAGNOSTIC,    14, -5.522768140104e-01, 2.976765769422e-06, 1.1658e+02, 4.8689e+00, 
 2DIAGNOSTIC,    15, -5.522801257703e-01, 3.036250417102e-06, 1.2146e+02, 4.8755e+00, 
 2DIAGNOSTIC,    16, -5.522840639511e-01, 3.129832018542e-06, 1.2633e+02, 4.8734e+00, 
 2DIAGNOSTIC,    17, -5.522887643928e-01, 3.252838548726e-06, 1.3120e+02, 4.8677e+00, 
 2DIAGNOSTIC,    18, -5.522952963151e-01, 3.427094428458e-06, 1.3841e+02, 7.2103e+00, 
 2DIAGNOSTIC,    19, -5.522953610572e-01, 3.439987323529e-06, 1.4328e+02, 4.8649e+00, 
 2DIAGNOSTIC,    20, -5.522956184406e-01, 3.315255894754e-06, 1.4814e+02, 4.8653e+00, 
 2DIAGNOSTIC,    21, -5.522958764077e-01, 3.076251573406e-06, 1.5651e+02, 8.3723e+00, 
 2DIAGNOSTIC,    22, -5.522958766286e-01, 2.748893428481e-06, 1.6139e+02, 4.8733e+00, 
 2DIAGNOSTIC,    23, -5.522958779827e-01, 2.375103671771e-06, 1.6626e+02, 4.8703e+00, 
 2DIAGNOSTIC,    24, -5.522958826980e-01, 1.998582694042e-06, 1.7113e+02, 4.8714e+00, 
 2DIAGNOSTIC,    25, -5.522958954859e-01, 1.658346989522e-06, 1.7601e+02, 4.8866e+00, 
 2DIAGNOSTIC,    26, -5.522959228371e-01, 1.385295243801e-06, 1.8092e+02, 4.9009e+00, 
 2DIAGNOSTIC,    27, -5.522959670534e-01, 1.204173585331e-06, 1.8581e+02, 4.8962e+00, 
 2DIAGNOSTIC,    28, -5.522960014975e-01, 1.154324901817e-06, 1.9129e+02, 5.4754e+00, 
 2DIAGNOSTIC,    29, -5.522960260602e-01, 1.107707459751e-06, 1.9792e+02, 6.6367e+00, 
 2DIAGNOSTIC,    30, -5.522960320447e-01, 1.067578769429e-06, 2.1334e+02, 1.5413e+01, 
 2DIAGNOSTIC,    31, -5.522960320445e-01, 1.033646668980e-06, 2.2258e+02, 9.2434e+00, 
 2DIAGNOSTIC,    32, -5.522960320445e-01, 1.001130673021e-06, 2.2862e+02, 6.0439e+00, 
  Elapsed time (stage 0): 2.3155e+02


Total elapsed time: 2.3155e+02
-i /mnt/lustre/mathdugre/fast-interpolate/datasets/ds004513/derivatives/flint/ants/flint-vprec-single-five-levels/sub-s036/ses-open/anat/1/1_Rigid.nii.gz -o /mnt/lustre/mathdugre/fast-interpolate/datasets/ds004513/derivatives/flint/ants/flint-vprec-single-five-levels/sub-s036/ses-open/anat/10/1_transformed.nii.gz -t /mnt/lustre/mathdugre/fast-interpolate/datasets/ds004513/derivatives/flint/ants/flint-vprec-single-five-levels/sub-s036/ses-open/anat/10/1_0GenericAffine.mat
