---------------------
Experiment information

SIF_IMG: /mnt/lustre/mathdugre/containers/ants-flint-base.simg
SIF_IMG_BASE: /mnt/lustre/mathdugre/containers/ants-flint-base.simg
EXPERIMENT_NAME: flint-vprec-single-five-levels
STAGE: syn
SUBJECT_ID: s012
REPETITION_ID: 1

FIXED_IMG: /templateflow/tpl-MNI152NLin2009cAsym/tpl-MNI152NLin2009cAsym_res-01_desc-brain_T1w.nii.gz
INPUT_IMG: /mnt/lustre/mathdugre/fast-interpolate/datasets/ds004513/derivatives/flint/ants/flint-vprec-single-five-levels/sub-s012/ses-open/anat/10/1_Affine.nii.gz

DATA_DIR: /mnt/lustre/mathdugre/fast-interpolate/datasets/ds004513
OUTPUT_DIR: /mnt/lustre/mathdugre/fast-interpolate/datasets/ds004513/derivatives/flint/ants/flint-vprec-single-five-levels/sub-s012/ses-open/anat
OUTPUT_PREFIX: 100
THREAD: 1
FLOAT: 0
VFC_BACKENDS: ieee
---------------------

--output [/mnt/lustre/mathdugre/fast-interpolate/datasets/ds004513/derivatives/flint/ants/flint-vprec-single-five-levels/sub-s012/ses-open/anat/100/1_,/mnt/lustre/mathdugre/fast-interpolate/datasets/ds004513/derivatives/flint/ants/flint-vprec-single-five-levels/sub-s012/ses-open/anat/100/1_Warped.nii.gz,/mnt/lustre/mathdugre/fast-interpolate/datasets/ds004513/derivatives/flint/ants/flint-vprec-single-five-levels/sub-s012/ses-open/anat/100/1_InverseSyN.nii.gz] --initial-moving-transform [/templateflow/tpl-MNI152NLin2009cAsym/tpl-MNI152NLin2009cAsym_res-01_desc-brain_T1w.nii.gz,/mnt/lustre/mathdugre/fast-interpolate/datasets/ds004513/derivatives/flint/ants/flint-vprec-single-five-levels/sub-s012/ses-open/anat/10/1_Affine.nii.gz,1] --transform SyN[ 0.1,3,0 ] --metric CC[/templateflow/tpl-MNI152NLin2009cAsym/tpl-MNI152NLin2009cAsym_res-01_desc-brain_T1w.nii.gz,/mnt/lustre/mathdugre/fast-interpolate/datasets/ds004513/derivatives/flint/ants/flint-vprec-single-five-levels/sub-s012/ses-open/anat/10/1_Affine.nii.gz,1,4] --convergence [100x100x70x50x20,1e-6,10] --shrink-factors 16x8x4x2x1 --smoothing-sigmas 4x3x2x1x0vox
All_Command_lines_OK
Using double precision for computations.
=============================================================================
The composite transform comprises the following transforms (in order): 
  1. Center of mass alignment using fixed image: /templateflow/tpl-MNI152NLin2009cAsym/tpl-MNI152NLin2009cAsym_res-01_desc-brain_T1w.nii.gz and moving image: /mnt/lustre/mathdugre/fast-interpolate/datasets/ds004513/derivatives/flint/ants/flint-vprec-single-five-levels/sub-s012/ses-open/anat/10/1_Affine.nii.gz (type = Euler3DTransform)
=============================================================================
  number of levels = 5
  fixed image: /templateflow/tpl-MNI152NLin2009cAsym/tpl-MNI152NLin2009cAsym_res-01_desc-brain_T1w.nii.gz
  moving image: /mnt/lustre/mathdugre/fast-interpolate/datasets/ds004513/derivatives/flint/ants/flint-vprec-single-five-levels/sub-s012/ses-open/anat/10/1_Affine.nii.gz
Dimension = 3
Number of stages = 1
Use histogram matching = false
Winsorize image intensities = true
  Lower quantile = 0.005
  Upper quantile = 0.995


Stage 1 State
   Image metric = CC
     Fixed image = Image (0x556bdcb90d90)
  RTTI typeinfo:   itk::Image<double, 3u>
  Reference Count: 2
  Modified Time: 1622
  Debug: Off
  Object Name: 
  Observers: 
    none
  Source: (none)
  Source output name: (none)
  Release Data: Off
  Data Released: False
  Global Release Data: Off
  PipelineMTime: 0
  UpdateMTime: 1407
  RealTimeStamp: 0 seconds 
  LargestPossibleRegion: 
    Dimension: 3
    Index: [0, 0, 0]
    Size: [193, 229, 193]
  BufferedRegion: 
    Dimension: 3
    Index: [0, 0, 0]
    Size: [193, 229, 193]
  RequestedRegion: 
    Dimension: 3
    Index: [0, 0, 0]
    Size: [193, 229, 193]
  Spacing: [1, 1, 1]
  Origin: [96, 132, -78]
  Direction: 
-1 0 0
0 -1 0
0 0 1

  IndexToPointMatrix: 
-1 0 0
0 -1 0
0 0 1

  PointToIndexMatrix: 
-1 0 0
0 -1 0
0 0 1

  Inverse Direction: 
-1 0 0
0 -1 0
0 0 1

  PixelContainer: 
    ImportImageContainer (0x556bdcb9f250)
      RTTI typeinfo:   itk::ImportImageContainer<unsigned long, double>
      Reference Count: 1
      Modified Time: 1404
      Debug: Off
      Object Name: 
      Observers: 
        none
      Pointer: 0x7f096e4c3010
      Container manages memory: true
      Size: 8530021
      Capacity: 8530021

     Moving image = Image (0x556bdcb971f0)
  RTTI typeinfo:   itk::Image<double, 3u>
  Reference Count: 2
  Modified Time: 1623
  Debug: Off
  Object Name: 
  Observers: 
    none
  Source: (none)
  Source output name: (none)
  Release Data: Off
  Data Released: False
  Global Release Data: Off
  PipelineMTime: 0
  UpdateMTime: 1620
  RealTimeStamp: 0 seconds 
  LargestPossibleRegion: 
    Dimension: 3
    Index: [0, 0, 0]
    Size: [193, 229, 193]
  BufferedRegion: 
    Dimension: 3
    Index: [0, 0, 0]
    Size: [193, 229, 193]
  RequestedRegion: 
    Dimension: 3
    Index: [0, 0, 0]
    Size: [193, 229, 193]
  Spacing: [1, 1, 1]
  Origin: [96, 132, -78]
  Direction: 
-1 0 0
0 -1 0
0 0 1

  IndexToPointMatrix: 
-1 0 0
0 -1 0
0 0 1

  PointToIndexMatrix: 
-1 0 0
0 -1 0
0 0 1

  Inverse Direction: 
-1 0 0
0 -1 0
0 0 1

  PixelContainer: 
    ImportImageContainer (0x556bdcba3a60)
      RTTI typeinfo:   itk::ImportImageContainer<unsigned long, double>
      Reference Count: 1
      Modified Time: 1617
      Debug: Off
      Object Name: 
      Observers: 
        none
      Pointer: 0x7f096a3ae010
      Container manages memory: true
      Size: 8530021
      Capacity: 8530021

     Weighting = 1
     Sampling strategy = none
     Number of bins = 32
     Radius = 4
     Sampling percentage  = 1
   Transform = SyN
     Gradient step = 0.1
     Update field sigma (voxel space) = 3
     Total field sigma (voxel space) = 0
     Update field time sigma = 0
     Total field time sigma  = 0
     Number of time indices = 0
     Number of time point samples = 0
Registration using 1 total stages.

Stage 0
  iterations = 100x100x70x50x20
  convergence threshold = 1e-06
  convergence window size = 10
  number of levels = 5
  using the CC metric (radius = 4, weight = 1, use gradient filter = 0)
  preprocessing:  winsorizing the image intensities
  Shrink factors (level 1 out of 5): [16, 16, 16]
  Shrink factors (level 2 out of 5): [8, 8, 8]
  Shrink factors (level 3 out of 5): [4, 4, 4]
  Shrink factors (level 4 out of 5): [2, 2, 2]
  Shrink factors (level 5 out of 5): [1, 1, 1]
  smoothing sigmas per level: [4, 3, 2, 1, 0]
  Using default NONE metricSamplingStrategy 

*** Running SyN registration (varianceForUpdateField = 3, varianceForTotalField = 0) ***

XXDIAGNOSTIC,Iteration,metricValue,convergenceValue,ITERATION_TIME_INDEX,SINCE_LAST
 1DIAGNOSTIC,     1, -9.823142384739e-01, 1.797693134862e+308, 1.4746e+00, 1.4746e+00, 
 1DIAGNOSTIC,     2, -9.862681650876e-01, 1.797693134862e+308, 1.5624e+00, 8.7836e-02, 
 1DIAGNOSTIC,     3, -9.884196198997e-01, 1.797693134862e+308, 1.6501e+00, 8.7728e-02, 
 1DIAGNOSTIC,     4, -9.876537208490e-01, 1.797693134862e+308, 1.7379e+00, 8.7781e-02, 
 1DIAGNOSTIC,     5, -9.900356499410e-01, 1.797693134862e+308, 1.8256e+00, 8.7687e-02, 
 1DIAGNOSTIC,     6, -9.882937814707e-01, 1.797693134862e+308, 1.9132e+00, 8.7653e-02, 
 1DIAGNOSTIC,     7, -9.900565329152e-01, 1.797693134862e+308, 2.0009e+00, 8.7694e-02, 
 1DIAGNOSTIC,     8, -9.885747792364e-01, 1.797693134862e+308, 2.0885e+00, 8.7545e-02, 
 1DIAGNOSTIC,     9, -9.899337900969e-01, 1.797693134862e+308, 2.1761e+00, 8.7608e-02, 
 1DIAGNOSTIC,    10, -9.888197097645e-01, 3.095274188160e-04, 2.2640e+00, 8.7942e-02, 
 1DIAGNOSTIC,    11, -9.898254943413e-01, 1.367027904395e-04, 2.3518e+00, 8.7776e-02, 
 1DIAGNOSTIC,    12, -9.890226286442e-01, 5.457489734718e-05, 2.4396e+00, 8.7776e-02, 
 1DIAGNOSTIC,    13, -9.897055019476e-01, 4.425692962835e-05, 2.5273e+00, 8.7738e-02, 
 1DIAGNOSTIC,    14, -9.891780276529e-01, 3.278970812759e-06, 2.6150e+00, 8.7660e-02, 
 1DIAGNOSTIC,    15, -9.895397658336e-01, 2.155406588125e-05, 2.7027e+00, 8.7714e-02, 
 1DIAGNOSTIC,    16, -9.892822961401e-01, -1.270430304692e-06, 2.7904e+00, 8.7686e-02, 
XXDIAGNOSTIC,Iteration,metricValue,convergenceValue,ITERATION_TIME_INDEX,SINCE_LAST
 1DIAGNOSTIC,     1, -9.518672477000e-01, 1.797693134862e+308, 4.9060e+00, 2.1157e+00, 
 1DIAGNOSTIC,     2, -9.551642595350e-01, 1.797693134862e+308, 5.6470e+00, 7.4098e-01, 
 1DIAGNOSTIC,     3, -9.584141761340e-01, 1.797693134862e+308, 6.3856e+00, 7.3856e-01, 
 1DIAGNOSTIC,     4, -9.607434333183e-01, 1.797693134862e+308, 7.1250e+00, 7.3940e-01, 
 1DIAGNOSTIC,     5, -9.632263481900e-01, 1.797693134862e+308, 7.8661e+00, 7.4108e-01, 
 1DIAGNOSTIC,     6, -9.657600791604e-01, 1.797693134862e+308, 8.6045e+00, 7.3844e-01, 
 1DIAGNOSTIC,     7, -9.683471006543e-01, 1.797693134862e+308, 9.3411e+00, 7.3660e-01, 
 1DIAGNOSTIC,     8, -9.702029899047e-01, 1.797693134862e+308, 1.0079e+01, 7.3753e-01, 
 1DIAGNOSTIC,     9, -9.707569411836e-01, 1.797693134862e+308, 1.0818e+01, 7.3889e-01, 
 1DIAGNOSTIC,    10, -9.709062217038e-01, 1.327761622193e-03, 1.1557e+01, 7.3938e-01, 
 1DIAGNOSTIC,    11, -9.710900153400e-01, 1.009190745618e-03, 1.2295e+01, 7.3813e-01, 
 1DIAGNOSTIC,    12, -9.711694461481e-01, 7.348245968382e-04, 1.3034e+01, 7.3871e-01, 
 1DIAGNOSTIC,    13, -9.713359137046e-01, 5.133989855935e-04, 1.3774e+01, 7.4003e-01, 
 1DIAGNOSTIC,    14, -9.713892352184e-01, 3.271453139365e-04, 1.4512e+01, 7.3826e-01, 
 1DIAGNOSTIC,    15, -9.715718321024e-01, 1.881991095687e-04, 1.5251e+01, 7.3869e-01, 
 1DIAGNOSTIC,    16, -9.715900374083e-01, 9.566579178957e-05, 1.5991e+01, 7.3992e-01, 
 1DIAGNOSTIC,    17, -9.717699521063e-01, 5.253535064148e-05, 1.6729e+01, 7.3882e-01, 
 1DIAGNOSTIC,    18, -9.717657848587e-01, 3.950906288465e-05, 1.7468e+01, 7.3883e-01, 
 1DIAGNOSTIC,    19, -9.719348570055e-01, 3.553875144502e-05, 1.8208e+01, 7.3994e-01, 
 1DIAGNOSTIC,    20, -9.719130912716e-01, 3.059344875302e-05, 1.8947e+01, 7.3884e-01, 
 1DIAGNOSTIC,    21, -9.720716037304e-01, 2.822854551949e-05, 1.9686e+01, 7.3937e-01, 
 1DIAGNOSTIC,    22, -9.720363164209e-01, 2.409183261926e-05, 2.0427e+01, 7.4011e-01, 
 1DIAGNOSTIC,    23, -9.721866243419e-01, 2.227065140791e-05, 2.1166e+01, 7.3900e-01, 
 1DIAGNOSTIC,    24, -9.721385054633e-01, 1.862309216594e-05, 2.1905e+01, 7.3912e-01, 
 1DIAGNOSTIC,    25, -9.722805814517e-01, 1.749496971980e-05, 2.2644e+01, 7.3980e-01, 
 1DIAGNOSTIC,    26, -9.722243263941e-01, 1.441935120411e-05, 2.3384e+01, 7.3984e-01, 
 1DIAGNOSTIC,    27, -9.723647332714e-01, 1.385145621805e-05, 2.4126e+01, 7.4125e-01, 
 1DIAGNOSTIC,    28, -9.722985800445e-01, 1.131818510711e-05, 2.4866e+01, 7.4084e-01, 
 1DIAGNOSTIC,    29, -9.724369441115e-01, 1.115223469203e-05, 2.5606e+01, 7.3922e-01, 
 1DIAGNOSTIC,    30, -9.723640719797e-01, 9.053675029291e-06, 2.6345e+01, 7.3948e-01, 
 1DIAGNOSTIC,    31, -9.725025552596e-01, 9.187466543957e-06, 2.7086e+01, 7.4051e-01, 
 1DIAGNOSTIC,    32, -9.724241788255e-01, 7.433784507883e-06, 2.7825e+01, 7.3967e-01, 
 1DIAGNOSTIC,    33, -9.725636251783e-01, 7.794495280211e-06, 2.8563e+01, 7.3734e-01, 
 1DIAGNOSTIC,    34, -9.724787962309e-01, 6.279660898105e-06, 2.9301e+01, 7.3857e-01, 
 1DIAGNOSTIC,    35, -9.726208823726e-01, 6.767833305381e-06, 3.0038e+01, 7.3698e-01, 
 1DIAGNOSTIC,    36, -9.725296733319e-01, 5.413214570225e-06, 3.0774e+01, 7.3618e-01, 
 1DIAGNOSTIC,    37, -9.726726869882e-01, 5.990374628253e-06, 3.1512e+01, 7.3768e-01, 
 1DIAGNOSTIC,    38, -9.725767484644e-01, 4.743209432400e-06, 3.2249e+01, 7.3655e-01, 
 1DIAGNOSTIC,    39, -9.727201174993e-01, 5.348723119119e-06, 3.2985e+01, 7.3623e-01, 
 1DIAGNOSTIC,    40, -9.726190207184e-01, 4.164022691794e-06, 3.3722e+01, 7.3756e-01, 
 1DIAGNOSTIC,    41, -9.727639737790e-01, 4.784743655326e-06, 3.4459e+01, 7.3663e-01, 
 1DIAGNOSTIC,    42, -9.726570079224e-01, 3.648577922871e-06, 3.5196e+01, 7.3658e-01, 
 1DIAGNOSTIC,    43, -9.728058809287e-01, 4.296876253609e-06, 3.5934e+01, 7.3803e-01, 
 1DIAGNOSTIC,    44, -9.726880423235e-01, 3.175310587012e-06, 3.6670e+01, 7.3686e-01, 
 1DIAGNOSTIC,    45, -9.728519758377e-01, 3.905610032259e-06, 3.7407e+01, 7.3662e-01, 
 1DIAGNOSTIC,    46, -9.727240822709e-01, 2.850519906349e-06, 3.8144e+01, 7.3708e-01, 
 1DIAGNOSTIC,    47, -9.729017385535e-01, 3.677250262256e-06, 3.8881e+01, 7.3655e-01, 
 1DIAGNOSTIC,    48, -9.727634057077e-01, 2.700567104056e-06, 3.9618e+01, 7.3701e-01, 
 1DIAGNOSTIC,    49, -9.729534976101e-01, 3.607794501981e-06, 4.0355e+01, 7.3746e-01, 
 1DIAGNOSTIC,    50, -9.728050649752e-01, 2.680727344051e-06, 4.1092e+01, 7.3694e-01, 
 1DIAGNOSTIC,    51, -9.730027013937e-01, 3.607611606622e-06, 4.1829e+01, 7.3640e-01, 
 1DIAGNOSTIC,    52, -9.728473070332e-01, 2.682711267597e-06, 4.2567e+01, 7.3818e-01, 
 1DIAGNOSTIC,    53, -9.730435759218e-01, 3.548494350004e-06, 4.3303e+01, 7.3643e-01, 
 1DIAGNOSTIC,    54, -9.728807064142e-01, 2.524522888282e-06, 4.4042e+01, 7.3874e-01, 
 1DIAGNOSTIC,    55, -9.730692392541e-01, 3.276665730273e-06, 4.4782e+01, 7.4021e-01, 
 1DIAGNOSTIC,    56, -9.729051807441e-01, 2.164257759799e-06, 4.5521e+01, 7.3896e-01, 
 1DIAGNOSTIC,    57, -9.730844813193e-01, 2.818636641644e-06, 4.6260e+01, 7.3901e-01, 
 1DIAGNOSTIC,    58, -9.729203947104e-01, 1.655620628455e-06, 4.7000e+01, 7.3995e-01, 
 1DIAGNOSTIC,    59, -9.730915225357e-01, 2.265438046878e-06, 4.7739e+01, 7.3869e-01, 
 1DIAGNOSTIC,    60, -9.729280848897e-01, 1.117573632890e-06, 4.8477e+01, 7.3873e-01, 
 1DIAGNOSTIC,    61, -9.730924696305e-01, 1.734223936706e-06, 4.9217e+01, 7.3986e-01, 
 1DIAGNOSTIC,    62, -9.729308036600e-01, 6.694815648627e-07, 4.9956e+01, 7.3898e-01, 
XXDIAGNOSTIC,Iteration,metricValue,convergenceValue,ITERATION_TIME_INDEX,SINCE_LAST
 1DIAGNOSTIC,     1, -9.205317933104e-01, 1.797693134862e+308, 5.7528e+01, 7.5716e+00, 
 1DIAGNOSTIC,     2, -9.229539566033e-01, 1.797693134862e+308, 6.3690e+01, 6.1626e+00, 
 1DIAGNOSTIC,     3, -9.267819119932e-01, 1.797693134862e+308, 6.9798e+01, 6.1078e+00, 
 1DIAGNOSTIC,     4, -9.299441992211e-01, 1.797693134862e+308, 7.5916e+01, 6.1182e+00, 
 1DIAGNOSTIC,     5, -9.329798674028e-01, 1.797693134862e+308, 8.2070e+01, 6.1539e+00, 
 1DIAGNOSTIC,     6, -9.356115328704e-01, 1.797693134862e+308, 8.8192e+01, 6.1220e+00, 
 1DIAGNOSTIC,     7, -9.376131148656e-01, 1.797693134862e+308, 9.4316e+01, 6.1233e+00, 
 1DIAGNOSTIC,     8, -9.393716590055e-01, 1.797693134862e+308, 1.0046e+02, 6.1488e+00, 
 1DIAGNOSTIC,     9, -9.408509700648e-01, 1.797693134862e+308, 1.0661e+02, 6.1442e+00, 
 1DIAGNOSTIC,    10, -9.418923680461e-01, 1.521947399217e-03, 1.1276e+02, 6.1474e+00, 
 1DIAGNOSTIC,    11, -9.427671858004e-01, 1.220012802408e-03, 1.1889e+02, 6.1361e+00, 
 1DIAGNOSTIC,    12, -9.435151985781e-01, 9.385449078753e-04, 1.2505e+02, 6.1606e+00, 
 1DIAGNOSTIC,    13, -9.441653026880e-01, 7.198451557831e-04, 1.3119e+02, 6.1401e+00, 
 1DIAGNOSTIC,    14, -9.446193341359e-01, 5.448079710767e-04, 1.3734e+02, 6.1493e+00, 
 1DIAGNOSTIC,    15, -9.451308278589e-01, 4.147088783301e-04, 1.4346e+02, 6.1217e+00, 
 1DIAGNOSTIC,    16, -9.454816461873e-01, 3.191161148267e-04, 1.4962e+02, 6.1568e+00, 
 1DIAGNOSTIC,    17, -9.460565644371e-01, 2.510730447139e-04, 1.5576e+02, 6.1365e+00, 
 1DIAGNOSTIC,    18, -9.462905437128e-01, 2.005898764458e-04, 1.6190e+02, 6.1421e+00, 
 1DIAGNOSTIC,    19, -9.465093110576e-01, 1.639004927700e-04, 1.6803e+02, 6.1321e+00, 
 1DIAGNOSTIC,    20, -9.467060422588e-01, 1.344093030935e-04, 1.7418e+02, 6.1441e+00, 
 1DIAGNOSTIC,    21, -9.468908128011e-01, 1.104249161642e-04, 1.8030e+02, 6.1286e+00, 
 1DIAGNOSTIC,    22, -9.470680600258e-01, 9.097176148283e-05, 1.8645e+02, 6.1439e+00, 
 1DIAGNOSTIC,    23, -9.472269858172e-01, 7.538347811187e-05, 1.9258e+02, 6.1344e+00, 
 1DIAGNOSTIC,    24, -9.473717270479e-01, 6.163757262400e-05, 1.9872e+02, 6.1338e+00, 
 1DIAGNOSTIC,    25, -9.475057096977e-01, 5.109708628955e-05, 2.0486e+02, 6.1454e+00, 
 1DIAGNOSTIC,    26, -9.476313781773e-01, 4.206050588143e-05, 2.1100e+02, 6.1381e+00, 
 1DIAGNOSTIC,    27, -9.477477692570e-01, 3.753159428837e-05, 2.1715e+02, 6.1487e+00, 
 1DIAGNOSTIC,    28, -9.478466391943e-01, 3.344220171910e-05, 2.2329e+02, 6.1433e+00, 
 1DIAGNOSTIC,    29, -9.479360375812e-01, 2.975848719543e-05, 2.2943e+02, 6.1372e+00, 
 1DIAGNOSTIC,    30, -9.480255269958e-01, 2.645870382136e-05, 2.3557e+02, 6.1423e+00, 
 1DIAGNOSTIC,    31, -9.480951751640e-01, 2.340970047957e-05, 2.4171e+02, 6.1415e+00, 
 1DIAGNOSTIC,    32, -9.481487816775e-01, 2.058120203605e-05, 2.4785e+02, 6.1424e+00, 
 1DIAGNOSTIC,    33, -9.481949948780e-01, 1.792315208899e-05, 2.5399e+02, 6.1357e+00, 
 1DIAGNOSTIC,    34, -9.482327442110e-01, 1.541213011904e-05, 2.6013e+02, 6.1357e+00, 
 1DIAGNOSTIC,    35, -9.482669747247e-01, 1.309930546848e-05, 2.6627e+02, 6.1423e+00, 
 1DIAGNOSTIC,    36, -9.483001253136e-01, 1.106866856025e-05, 2.7240e+02, 6.1318e+00, 
 1DIAGNOSTIC,    37, -9.483238259484e-01, 9.308088376396e-06, 2.7854e+02, 6.1424e+00, 
 1DIAGNOSTIC,    38, -9.483433977333e-01, 7.766366635707e-06, 2.8467e+02, 6.1315e+00, 
 1DIAGNOSTIC,    39, -9.483595743460e-01, 6.448058098421e-06, 2.9081e+02, 6.1341e+00, 
 1DIAGNOSTIC,    40, -9.483838785077e-01, 5.506668913410e-06, 2.9695e+02, 6.1449e+00, 
 1DIAGNOSTIC,    41, -9.484004575066e-01, 4.786030718833e-06, 3.0309e+02, 6.1319e+00, 
 1DIAGNOSTIC,    42, -9.484118074025e-01, 4.177236719340e-06, 3.0922e+02, 6.1383e+00, 
 1DIAGNOSTIC,    43, -9.484208984541e-01, 3.655498323114e-06, 3.1536e+02, 6.1329e+00, 
 1DIAGNOSTIC,    44, -9.484280557945e-01, 3.183222260818e-06, 3.2150e+02, 6.1390e+00, 
 1DIAGNOSTIC,    45, -9.484355510249e-01, 2.770970853837e-06, 3.2763e+02, 6.1356e+00, 
 1DIAGNOSTIC,    46, -9.484423646543e-01, 2.437338592735e-06, 3.3376e+02, 6.1311e+00, 
 1DIAGNOSTIC,    47, -9.484489370671e-01, 2.143461790387e-06, 3.3990e+02, 6.1412e+00, 
 1DIAGNOSTIC,    48, -9.484503337118e-01, 1.852526963581e-06, 3.4604e+02, 6.1358e+00, 
 1DIAGNOSTIC,    49, -9.484523421240e-01, 1.569374900964e-06, 3.5218e+02, 6.1394e+00, 
 1DIAGNOSTIC,    50, -9.484520644642e-01, 1.352448957062e-06, 3.5831e+02, 6.1335e+00, 
 1DIAGNOSTIC,    51, -9.484508671483e-01, 1.165145891793e-06, 3.6445e+02, 6.1342e+00, 
 1DIAGNOSTIC,    52, -9.484498700840e-01, 9.925383669777e-07, 3.7059e+02, 6.1394e+00, 
XXDIAGNOSTIC,Iteration,metricValue,convergenceValue,ITERATION_TIME_INDEX,SINCE_LAST
 1DIAGNOSTIC,     1, -8.996459577689e-01, 1.797693134862e+308, 4.2163e+02, 5.1043e+01, 
 1DIAGNOSTIC,     2, -9.018758019540e-01, 1.797693134862e+308, 4.7074e+02, 4.9114e+01, 
 1DIAGNOSTIC,     3, -9.045759942492e-01, 1.797693134862e+308, 5.1979e+02, 4.9043e+01, 
 1DIAGNOSTIC,     4, -9.070870285637e-01, 1.797693134862e+308, 5.6874e+02, 4.8953e+01, 
 1DIAGNOSTIC,     5, -9.093223946684e-01, 1.797693134862e+308, 6.1790e+02, 4.9156e+01, 
 1DIAGNOSTIC,     6, -9.112870499963e-01, 1.797693134862e+308, 6.6689e+02, 4.8991e+01, 
 1DIAGNOSTIC,     7, -9.129261270475e-01, 1.797693134862e+308, 7.1601e+02, 4.9120e+01, 
 1DIAGNOSTIC,     8, -9.145045829638e-01, 1.797693134862e+308, 7.6516e+02, 4.9158e+01, 
 1DIAGNOSTIC,     9, -9.158392098531e-01, 1.797693134862e+308, 8.1449e+02, 4.9324e+01, 
 1DIAGNOSTIC,    10, -9.170383178178e-01, 1.241154411049e-03, 8.6380e+02, 4.9312e+01, 
 1DIAGNOSTIC,    11, -9.180467446839e-01, 1.021778746767e-03, 9.1312e+02, 4.9322e+01, 
 1DIAGNOSTIC,    12, -9.189988825720e-01, 8.294777422018e-04, 9.6247e+02, 4.9352e+01, 
 1DIAGNOSTIC,    13, -9.199037389681e-01, 6.776986011593e-04, 1.0118e+03, 4.9298e+01, 
 1DIAGNOSTIC,    14, -9.207541263516e-01, 5.602699964277e-04, 1.0611e+03, 4.9342e+01, 
 1DIAGNOSTIC,    15, -9.215570263671e-01, 4.699771432237e-04, 1.1104e+03, 4.9318e+01, 
 1DIAGNOSTIC,    16, -9.222982645627e-01, 4.002252038146e-04, 1.1598e+03, 4.9318e+01, 
 1DIAGNOSTIC,    17, -9.229834810297e-01, 3.440541336789e-04, 1.2091e+03, 4.9340e+01, 
 1DIAGNOSTIC,    18, -9.236190440585e-01, 3.003363965529e-04, 1.2584e+03, 4.9344e+01, 
 1DIAGNOSTIC,    19, -9.242126580285e-01, 2.647101150888e-04, 1.3077e+03, 4.9294e+01, 
 1DIAGNOSTIC,    20, -9.247568163190e-01, 2.349861497960e-04, 1.3571e+03, 4.9334e+01, 
 1DIAGNOSTIC,    21, -9.252554225841e-01, 2.083739499750e-04, 1.4064e+03, 4.9329e+01, 
 1DIAGNOSTIC,    22, -9.257225120872e-01, 1.846570001983e-04, 1.4557e+03, 4.9331e+01, 
 1DIAGNOSTIC,    23, -9.261576509668e-01, 1.637213159580e-04, 1.5050e+03, 4.9321e+01, 
 1DIAGNOSTIC,    24, -9.265691605917e-01, 1.454183305874e-04, 1.5544e+03, 4.9339e+01, 
 1DIAGNOSTIC,    25, -9.269563535145e-01, 1.296270737101e-04, 1.6037e+03, 4.9298e+01, 
 1DIAGNOSTIC,    26, -9.273253782026e-01, 1.160528492039e-04, 1.6530e+03, 4.9333e+01, 
 1DIAGNOSTIC,    27, -9.276795952825e-01, 1.044486569793e-04, 1.7023e+03, 4.9312e+01, 
 1DIAGNOSTIC,    28, -9.280140613159e-01, 9.452457329290e-05, 1.7516e+03, 4.9315e+01, 
 1DIAGNOSTIC,    29, -9.283335408196e-01, 8.609090391058e-05, 1.8010e+03, 4.9344e+01, 
 1DIAGNOSTIC,    30, -9.286469237030e-01, 7.892055890422e-05, 1.8503e+03, 4.9329e+01, 
 1DIAGNOSTIC,    31, -9.289406434094e-01, 7.264713498917e-05, 1.8996e+03, 4.9296e+01, 
 1DIAGNOSTIC,    32, -9.292025103077e-01, 6.693337617413e-05, 1.9489e+03, 4.9328e+01, 
 1DIAGNOSTIC,    33, -9.294380273785e-01, 6.151729059544e-05, 1.9982e+03, 4.9291e+01, 
 1DIAGNOSTIC,    34, -9.296509131074e-01, 5.627788906357e-05, 2.0476e+03, 4.9348e+01, 
 1DIAGNOSTIC,    35, -9.298457463179e-01, 5.115111582772e-05, 2.0969e+03, 4.9325e+01, 
 1DIAGNOSTIC,    36, -9.300233180309e-01, 4.615898698327e-05, 2.1462e+03, 4.9310e+01, 
 1DIAGNOSTIC,    37, -9.301868641621e-01, 4.139622786275e-05, 2.1955e+03, 4.9325e+01, 
 1DIAGNOSTIC,    38, -9.303412100355e-01, 3.694799908985e-05, 2.2449e+03, 4.9345e+01, 
 1DIAGNOSTIC,    39, -9.304870061353e-01, 3.292120720374e-05, 2.2942e+03, 4.9314e+01, 
 1DIAGNOSTIC,    40, -9.306255331118e-01, 2.947463005953e-05, 2.3435e+03, 4.9332e+01, 
 1DIAGNOSTIC,    41, -9.307521509538e-01, 2.658220784943e-05, 2.3928e+03, 4.9316e+01, 
 1DIAGNOSTIC,    42, -9.308667474044e-01, 2.409373687769e-05, 2.4421e+03, 4.9304e+01, 
 1DIAGNOSTIC,    43, -9.309764181378e-01, 2.193683789109e-05, 2.4915e+03, 4.9334e+01, 
 1DIAGNOSTIC,    44, -9.310761017965e-01, 2.001315276532e-05, 2.5408e+03, 4.9328e+01, 
 1DIAGNOSTIC,    45, -9.311711966080e-01, 1.829072181079e-05, 2.5901e+03, 4.9306e+01, 
 1DIAGNOSTIC,    46, -9.312641467250e-01, 1.675069367136e-05, 2.6395e+03, 4.9338e+01, 
 1DIAGNOSTIC,    47, -9.313517747669e-01, 1.536464618720e-05, 2.6888e+03, 4.9320e+01, 
 1DIAGNOSTIC,    48, -9.314374889196e-01, 1.415109673228e-05, 2.7381e+03, 4.9310e+01, 
 1DIAGNOSTIC,    49, -9.315226253732e-01, 1.312760673526e-05, 2.7874e+03, 4.9329e+01, 
 1DIAGNOSTIC,    50, -9.316056611040e-01, 1.229611910609e-05, 2.8367e+03, 4.9336e+01, 
XXDIAGNOSTIC,Iteration,metricValue,convergenceValue,ITERATION_TIME_INDEX,SINCE_LAST
 1DIAGNOSTIC,     1, -8.951705233768e-01, 1.797693134862e+308, 3.2445e+03, 4.0773e+02, 
 1DIAGNOSTIC,     2, -8.965783776933e-01, 1.797693134862e+308, 3.6471e+03, 4.0264e+02, 
 1DIAGNOSTIC,     3, -8.983069833603e-01, 1.797693134862e+308, 4.0481e+03, 4.0101e+02, 
 1DIAGNOSTIC,     4, -8.998992625812e-01, 1.797693134862e+308, 4.4478e+03, 3.9966e+02, 
 1DIAGNOSTIC,     5, -9.014727266557e-01, 1.797693134862e+308, 4.8473e+03, 3.9952e+02, 
 1DIAGNOSTIC,     6, -9.030000915510e-01, 1.797693134862e+308, 5.2499e+03, 4.0263e+02, 
 1DIAGNOSTIC,     7, -9.044114611841e-01, 1.797693134862e+308, 5.6508e+03, 4.0090e+02, 
 1DIAGNOSTIC,     8, -9.055285833536e-01, 1.797693134862e+308, 6.0535e+03, 4.0262e+02, 
 1DIAGNOSTIC,     9, -9.066417742347e-01, 1.797693134862e+308, 6.4546e+03, 4.0115e+02, 
 1DIAGNOSTIC,    10, -9.075860804368e-01, 9.056161833080e-04, 6.8556e+03, 4.0102e+02, 
 1DIAGNOSTIC,    11, -9.085832890583e-01, 7.750844708733e-04, 7.2566e+03, 4.0101e+02, 
 1DIAGNOSTIC,    12, -9.095288899142e-01, 6.579330935165e-04, 7.6591e+03, 4.0240e+02, 
 1DIAGNOSTIC,    13, -9.104167178344e-01, 5.623354185564e-04, 8.0615e+03, 4.0249e+02, 
 1DIAGNOSTIC,    14, -9.112075429176e-01, 4.825156744252e-04, 8.4641e+03, 4.0256e+02, 
 1DIAGNOSTIC,    15, -9.119615637215e-01, 4.177150138896e-04, 8.8667e+03, 4.0260e+02, 
 1DIAGNOSTIC,    16, -9.127015677138e-01, 3.668668036756e-04, 9.2692e+03, 4.0252e+02, 
 1DIAGNOSTIC,    17, -9.133850599719e-01, 3.266611097660e-04, 9.6717e+03, 4.0252e+02, 
 1DIAGNOSTIC,    18, -9.140065290562e-01, 2.908340705082e-04, 1.0074e+04, 4.0248e+02, 
 1DIAGNOSTIC,    19, -9.145901619516e-01, 2.597506477682e-04, 1.0477e+04, 4.0236e+02, 
 1DIAGNOSTIC,    20, -9.151225269077e-01, 2.306594582216e-04, 1.0879e+04, 4.0252e+02, 
  Elapsed time (stage 0): 10882.3


Total elapsed time: 10882.3
-i /mnt/lustre/mathdugre/fast-interpolate/datasets/ds004513/derivatives/flint/ants/flint-vprec-single-five-levels/sub-s012/ses-open/anat/10/1_Affine.nii.gz -o /mnt/lustre/mathdugre/fast-interpolate/datasets/ds004513/derivatives/flint/ants/flint-vprec-single-five-levels/sub-s012/ses-open/anat/100/1_transformed.nii.gz -t /mnt/lustre/mathdugre/fast-interpolate/datasets/ds004513/derivatives/flint/ants/flint-vprec-single-five-levels/sub-s012/ses-open/anat/100/1_1Warp.nii.gz -t /mnt/lustre/mathdugre/fast-interpolate/datasets/ds004513/derivatives/flint/ants/flint-vprec-single-five-levels/sub-s012/ses-open/anat/100/1_0GenericAffine.mat
