---------------------
Experiment information

SIF_IMG: /mnt/lustre/mathdugre/containers/ants-flint-base.simg
SIF_IMG_BASE: /mnt/lustre/mathdugre/containers/ants-flint-base.simg
EXPERIMENT_NAME: flint-vprec-single
STAGE: syn
SUBJECT_ID: s029
REPETITION_ID: 1

FIXED_IMG: /templateflow/tpl-MNI152NLin2009cAsym/tpl-MNI152NLin2009cAsym_res-01_desc-brain_T1w.nii.gz
INPUT_IMG: /mnt/lustre/mathdugre/fast-interpolate/datasets/ds004513/derivatives/flint/ants/flint-vprec-single/sub-s029/ses-open/anat/10/1_Affine.nii.gz

DATA_DIR: /mnt/lustre/mathdugre/fast-interpolate/datasets/ds004513
OUTPUT_DIR: /mnt/lustre/mathdugre/fast-interpolate/datasets/ds004513/derivatives/flint/ants/flint-vprec-single/sub-s029/ses-open/anat
OUTPUT_PREFIX: 100
THREAD: 1
FLOAT: 0
VFC_BACKENDS: ieee
---------------------

--output [/mnt/lustre/mathdugre/fast-interpolate/datasets/ds004513/derivatives/flint/ants/flint-vprec-single/sub-s029/ses-open/anat/100/1_,/mnt/lustre/mathdugre/fast-interpolate/datasets/ds004513/derivatives/flint/ants/flint-vprec-single/sub-s029/ses-open/anat/100/1_Warped.nii.gz,/mnt/lustre/mathdugre/fast-interpolate/datasets/ds004513/derivatives/flint/ants/flint-vprec-single/sub-s029/ses-open/anat/100/1_InverseSyN.nii.gz] --initial-moving-transform [/templateflow/tpl-MNI152NLin2009cAsym/tpl-MNI152NLin2009cAsym_res-01_desc-brain_T1w.nii.gz,/mnt/lustre/mathdugre/fast-interpolate/datasets/ds004513/derivatives/flint/ants/flint-vprec-single/sub-s029/ses-open/anat/10/1_Affine.nii.gz,1] --transform SyN[ 0.1,3,0 ] --metric CC[/templateflow/tpl-MNI152NLin2009cAsym/tpl-MNI152NLin2009cAsym_res-01_desc-brain_T1w.nii.gz,/mnt/lustre/mathdugre/fast-interpolate/datasets/ds004513/derivatives/flint/ants/flint-vprec-single/sub-s029/ses-open/anat/10/1_Affine.nii.gz,1,4] --convergence [100x70x50x20,1e-6,10] --shrink-factors 8x4x2x1 --smoothing-sigmas 3x2x1x0vox
All_Command_lines_OK
Using double precision for computations.
=============================================================================
The composite transform comprises the following transforms (in order): 
  1. Center of mass alignment using fixed image: /templateflow/tpl-MNI152NLin2009cAsym/tpl-MNI152NLin2009cAsym_res-01_desc-brain_T1w.nii.gz and moving image: /mnt/lustre/mathdugre/fast-interpolate/datasets/ds004513/derivatives/flint/ants/flint-vprec-single/sub-s029/ses-open/anat/10/1_Affine.nii.gz (type = Euler3DTransform)
=============================================================================
  number of levels = 4
  fixed image: /templateflow/tpl-MNI152NLin2009cAsym/tpl-MNI152NLin2009cAsym_res-01_desc-brain_T1w.nii.gz
  moving image: /mnt/lustre/mathdugre/fast-interpolate/datasets/ds004513/derivatives/flint/ants/flint-vprec-single/sub-s029/ses-open/anat/10/1_Affine.nii.gz
Dimension = 3
Number of stages = 1
Use histogram matching = false
Winsorize image intensities = true
  Lower quantile = 0.005
  Upper quantile = 0.995


Stage 1 State
   Image metric = CC
     Fixed image = Image (0x564709e10a00)
  RTTI typeinfo:   itk::Image<double, 3u>
  Reference Count: 2
  Modified Time: 1622
  Debug: Off
  Object Name: 
  Observers: 
    none
  Source: (none)
  Source output name: (none)
  Release Data: Off
  Data Released: False
  Global Release Data: Off
  PipelineMTime: 0
  UpdateMTime: 1407
  RealTimeStamp: 0 seconds 
  LargestPossibleRegion: 
    Dimension: 3
    Index: [0, 0, 0]
    Size: [193, 229, 193]
  BufferedRegion: 
    Dimension: 3
    Index: [0, 0, 0]
    Size: [193, 229, 193]
  RequestedRegion: 
    Dimension: 3
    Index: [0, 0, 0]
    Size: [193, 229, 193]
  Spacing: [1, 1, 1]
  Origin: [96, 132, -78]
  Direction: 
-1 0 0
0 -1 0
0 0 1

  IndexToPointMatrix: 
-1 0 0
0 -1 0
0 0 1

  PointToIndexMatrix: 
-1 0 0
0 -1 0
0 0 1

  Inverse Direction: 
-1 0 0
0 -1 0
0 0 1

  PixelContainer: 
    ImportImageContainer (0x564709ea4d50)
      RTTI typeinfo:   itk::ImportImageContainer<unsigned long, double>
      Reference Count: 1
      Modified Time: 1404
      Debug: Off
      Object Name: 
      Observers: 
        none
      Pointer: 0x7f75c1bf0010
      Container manages memory: true
      Size: 8530021
      Capacity: 8530021

     Moving image = Image (0x564709e17870)
  RTTI typeinfo:   itk::Image<double, 3u>
  Reference Count: 2
  Modified Time: 1623
  Debug: Off
  Object Name: 
  Observers: 
    none
  Source: (none)
  Source output name: (none)
  Release Data: Off
  Data Released: False
  Global Release Data: Off
  PipelineMTime: 0
  UpdateMTime: 1620
  RealTimeStamp: 0 seconds 
  LargestPossibleRegion: 
    Dimension: 3
    Index: [0, 0, 0]
    Size: [193, 229, 193]
  BufferedRegion: 
    Dimension: 3
    Index: [0, 0, 0]
    Size: [193, 229, 193]
  RequestedRegion: 
    Dimension: 3
    Index: [0, 0, 0]
    Size: [193, 229, 193]
  Spacing: [1, 1, 1]
  Origin: [96, 132, -78]
  Direction: 
-1 0 0
0 -1 0
0 0 1

  IndexToPointMatrix: 
-1 0 0
0 -1 0
0 0 1

  PointToIndexMatrix: 
-1 0 0
0 -1 0
0 0 1

  Inverse Direction: 
-1 0 0
0 -1 0
0 0 1

  PixelContainer: 
    ImportImageContainer (0x564709ebbd90)
      RTTI typeinfo:   itk::ImportImageContainer<unsigned long, double>
      Reference Count: 1
      Modified Time: 1617
      Debug: Off
      Object Name: 
      Observers: 
        none
      Pointer: 0x7f75bdadb010
      Container manages memory: true
      Size: 8530021
      Capacity: 8530021

     Weighting = 1
     Sampling strategy = none
     Number of bins = 32
     Radius = 4
     Sampling percentage  = 1
   Transform = SyN
     Gradient step = 0.1
     Update field sigma (voxel space) = 3
     Total field sigma (voxel space) = 0
     Update field time sigma = 0
     Total field time sigma  = 0
     Number of time indices = 0
     Number of time point samples = 0
Registration using 1 total stages.

Stage 0
  iterations = 100x70x50x20
  convergence threshold = 1e-06
  convergence window size = 10
  number of levels = 4
  using the CC metric (radius = 4, weight = 1, use gradient filter = 0)
  preprocessing:  winsorizing the image intensities
  Shrink factors (level 1 out of 4): [8, 8, 8]
  Shrink factors (level 2 out of 4): [4, 4, 4]
  Shrink factors (level 3 out of 4): [2, 2, 2]
  Shrink factors (level 4 out of 4): [1, 1, 1]
  smoothing sigmas per level: [3, 2, 1, 0]
  Using default NONE metricSamplingStrategy 

*** Running SyN registration (varianceForUpdateField = 3, varianceForTotalField = 0) ***

XXDIAGNOSTIC,Iteration,metricValue,convergenceValue,ITERATION_TIME_INDEX,SINCE_LAST
 1DIAGNOSTIC,     1, -9.285121045635e-01, 1.797693134862e+308, 2.1519e+00, 2.1519e+00, 
 1DIAGNOSTIC,     2, -9.375457589913e-01, 1.797693134862e+308, 2.8925e+00, 7.4060e-01, 
 1DIAGNOSTIC,     3, -9.449336837676e-01, 1.797693134862e+308, 3.6335e+00, 7.4100e-01, 
 1DIAGNOSTIC,     4, -9.509171558073e-01, 1.797693134862e+308, 4.3719e+00, 7.3846e-01, 
 1DIAGNOSTIC,     5, -9.549624876815e-01, 1.797693134862e+308, 5.1125e+00, 7.4056e-01, 
 1DIAGNOSTIC,     6, -9.584168869863e-01, 1.797693134862e+308, 5.8512e+00, 7.3872e-01, 
 1DIAGNOSTIC,     7, -9.612140477551e-01, 1.797693134862e+308, 6.5899e+00, 7.3871e-01, 
 1DIAGNOSTIC,     8, -9.633604626629e-01, 1.797693134862e+308, 7.3293e+00, 7.3935e-01, 
 1DIAGNOSTIC,     9, -9.653245614857e-01, 1.797693134862e+308, 8.0688e+00, 7.3956e-01, 
 1DIAGNOSTIC,    10, -9.667941301763e-01, 2.414300410276e-03, 8.8092e+00, 7.4039e-01, 
 1DIAGNOSTIC,    11, -9.680585214993e-01, 1.738158953630e-03, 9.5536e+00, 7.4440e-01, 
 1DIAGNOSTIC,    12, -9.690529427684e-01, 1.265992209542e-03, 1.0300e+01, 7.4629e-01, 
 1DIAGNOSTIC,    13, -9.697701711772e-01, 9.360919268010e-04, 1.1045e+01, 7.4496e-01, 
 1DIAGNOSTIC,    14, -9.704354568271e-01, 7.087423247893e-04, 1.1790e+01, 7.4550e-01, 
 1DIAGNOSTIC,    15, -9.709875927217e-01, 5.372730465208e-04, 1.2537e+01, 7.4623e-01, 
 1DIAGNOSTIC,    16, -9.714442669462e-01, 4.099516560448e-04, 1.3282e+01, 7.4541e-01, 
 1DIAGNOSTIC,    17, -9.718486751195e-01, 3.154060139781e-04, 1.4028e+01, 7.4566e-01, 
 1DIAGNOSTIC,    18, -9.721995646676e-01, 2.430259303416e-04, 1.4772e+01, 7.4474e-01, 
 1DIAGNOSTIC,    19, -9.725070055185e-01, 1.909660447092e-04, 1.5521e+01, 7.4811e-01, 
 1DIAGNOSTIC,    20, -9.727729902244e-01, 1.518690405695e-04, 1.6266e+01, 7.4520e-01, 
 1DIAGNOSTIC,    21, -9.730046251878e-01, 1.233171955209e-04, 1.7012e+01, 7.4595e-01, 
 1DIAGNOSTIC,    22, -9.732044849043e-01, 1.018832829696e-04, 1.7758e+01, 7.4650e-01, 
 1DIAGNOSTIC,    23, -9.733868607036e-01, 8.432125590475e-05, 1.8504e+01, 7.4576e-01, 
 1DIAGNOSTIC,    24, -9.735898436725e-01, 7.100721735356e-05, 1.9250e+01, 7.4567e-01, 
 1DIAGNOSTIC,    25, -9.737341970410e-01, 6.032927478473e-05, 1.9996e+01, 7.4621e-01, 
 1DIAGNOSTIC,    26, -9.738548207505e-01, 5.139426096391e-05, 2.0742e+01, 7.4653e-01, 
 1DIAGNOSTIC,    27, -9.739605837870e-01, 4.391045852625e-05, 2.1488e+01, 7.4542e-01, 
 1DIAGNOSTIC,    28, -9.740510870553e-01, 3.751936091359e-05, 2.2233e+01, 7.4511e-01, 
 1DIAGNOSTIC,    29, -9.740489246515e-01, 3.118042780956e-05, 2.2979e+01, 7.4563e-01, 
 1DIAGNOSTIC,    30, -9.741258071482e-01, 2.576753948437e-05, 2.3725e+01, 7.4689e-01, 
 1DIAGNOSTIC,    31, -9.740131173261e-01, 1.946075141555e-05, 2.4471e+01, 7.4543e-01, 
 1DIAGNOSTIC,    32, -9.740873969109e-01, 1.433506772602e-05, 2.5214e+01, 7.4297e-01, 
 1DIAGNOSTIC,    33, -9.739184304999e-01, 8.321879099153e-06, 2.5960e+01, 7.4594e-01, 
 1DIAGNOSTIC,    34, -9.740548641770e-01, 4.921814148622e-06, 2.6703e+01, 7.4295e-01, 
 1DIAGNOSTIC,    35, -9.738731545702e-01, 9.729269319254e-07, 2.7449e+01, 7.4663e-01, 
XXDIAGNOSTIC,Iteration,metricValue,convergenceValue,ITERATION_TIME_INDEX,SINCE_LAST
 1DIAGNOSTIC,     1, -9.169469516033e-01, 1.797693134862e+308, 3.5063e+01, 7.6140e+00, 
 1DIAGNOSTIC,     2, -9.194281345273e-01, 1.797693134862e+308, 4.1250e+01, 6.1867e+00, 
 1DIAGNOSTIC,     3, -9.228090742680e-01, 1.797693134862e+308, 4.7431e+01, 6.1806e+00, 
 1DIAGNOSTIC,     4, -9.258263480365e-01, 1.797693134862e+308, 5.3553e+01, 6.1223e+00, 
 1DIAGNOSTIC,     5, -9.279920835653e-01, 1.797693134862e+308, 5.9677e+01, 6.1238e+00, 
 1DIAGNOSTIC,     6, -9.298959952926e-01, 1.797693134862e+308, 6.5786e+01, 6.1095e+00, 
 1DIAGNOSTIC,     7, -9.315749727268e-01, 1.797693134862e+308, 7.1917e+01, 6.1306e+00, 
 1DIAGNOSTIC,     8, -9.330548071940e-01, 1.797693134862e+308, 7.8031e+01, 6.1138e+00, 
 1DIAGNOSTIC,     9, -9.344050822598e-01, 1.797693134862e+308, 8.4161e+01, 6.1308e+00, 
 1DIAGNOSTIC,    10, -9.356507576704e-01, 1.289190461108e-03, 9.0280e+01, 6.1185e+00, 
 1DIAGNOSTIC,    11, -9.367808273053e-01, 1.038953052271e-03, 9.6396e+01, 6.1165e+00, 
 1DIAGNOSTIC,    12, -9.378175678092e-01, 8.259456114832e-04, 1.0253e+02, 6.1336e+00, 
 1DIAGNOSTIC,    13, -9.387815945369e-01, 6.723435270992e-04, 1.0867e+02, 6.1411e+00, 
 1DIAGNOSTIC,    14, -9.396675312606e-01, 5.642669572265e-04, 1.1480e+02, 6.1307e+00, 
 1DIAGNOSTIC,    15, -9.403138670536e-01, 4.758820746913e-04, 1.2095e+02, 6.1434e+00, 
 1DIAGNOSTIC,    16, -9.410616890120e-01, 4.052144137771e-04, 1.2709e+02, 6.1409e+00, 
 1DIAGNOSTIC,    17, -9.415652309918e-01, 3.444098564209e-04, 1.3324e+02, 6.1528e+00, 
 1DIAGNOSTIC,    18, -9.420954697267e-01, 2.924027541583e-04, 1.3938e+02, 6.1375e+00, 
 1DIAGNOSTIC,    19, -9.425070070518e-01, 2.468560979962e-04, 1.4551e+02, 6.1308e+00, 
 1DIAGNOSTIC,    20, -9.429296718836e-01, 2.082315798578e-04, 1.5165e+02, 6.1400e+00, 
 1DIAGNOSTIC,    21, -9.433782443026e-01, 1.766611307337e-04, 1.5781e+02, 6.1646e+00, 
 1DIAGNOSTIC,    22, -9.436509465157e-01, 1.494469926846e-04, 1.6399e+02, 6.1804e+00, 
 1DIAGNOSTIC,    23, -9.436900411685e-01, 1.238569188853e-04, 1.7016e+02, 6.1638e+00, 
 1DIAGNOSTIC,    24, -9.437337500929e-01, 1.006785769679e-04, 1.7634e+02, 6.1814e+00, 
 1DIAGNOSTIC,    25, -9.437863792334e-01, 7.837105689058e-05, 1.8251e+02, 6.1701e+00, 
 1DIAGNOSTIC,    26, -9.438365698851e-01, 5.972356027494e-05, 1.8869e+02, 6.1799e+00, 
 1DIAGNOSTIC,    27, -9.438953304500e-01, 4.316923866902e-05, 1.9486e+02, 6.1685e+00, 
 1DIAGNOSTIC,    28, -9.439597884072e-01, 3.027518845988e-05, 2.0103e+02, 6.1763e+00, 
 1DIAGNOSTIC,    29, -9.440237694564e-01, 2.046130331815e-05, 2.0722e+02, 6.1864e+00, 
 1DIAGNOSTIC,    30, -9.440917619515e-01, 1.433192395728e-05, 2.1339e+02, 6.1722e+00, 
 1DIAGNOSTIC,    31, -9.441584833002e-01, 1.230601847189e-05, 2.1958e+02, 6.1888e+00, 
 1DIAGNOSTIC,    32, -9.442310590191e-01, 1.259842058957e-05, 2.2576e+02, 6.1839e+00, 
 1DIAGNOSTIC,    33, -9.443101470289e-01, 1.284441085126e-05, 2.3194e+02, 6.1794e+00, 
 1DIAGNOSTIC,    34, -9.443940730381e-01, 1.306973853590e-05, 2.3814e+02, 6.1963e+00, 
 1DIAGNOSTIC,    35, -9.444801635636e-01, 1.331666633268e-05, 2.4432e+02, 6.1830e+00, 
 1DIAGNOSTIC,    36, -9.445695934868e-01, 1.353092284251e-05, 2.5052e+02, 6.1965e+00, 
 1DIAGNOSTIC,    37, -9.446630420107e-01, 1.376063859396e-05, 2.5671e+02, 6.1894e+00, 
 1DIAGNOSTIC,    38, -9.447603318870e-01, 1.402247914045e-05, 2.6289e+02, 6.1839e+00, 
 1DIAGNOSTIC,    39, -9.448607280158e-01, 1.427347952810e-05, 2.6909e+02, 6.1974e+00, 
 1DIAGNOSTIC,    40, -9.449581768547e-01, 1.446536103969e-05, 2.7527e+02, 6.1848e+00, 
 1DIAGNOSTIC,    41, -9.450670666492e-01, 1.462565761907e-05, 2.8147e+02, 6.1995e+00, 
 1DIAGNOSTIC,    42, -9.451808588498e-01, 1.478133075915e-05, 2.8766e+02, 6.1825e+00, 
 1DIAGNOSTIC,    43, -9.453001251378e-01, 1.496728183193e-05, 2.9384e+02, 6.1860e+00, 
 1DIAGNOSTIC,    44, -9.454244669183e-01, 1.519928273422e-05, 3.0002e+02, 6.1814e+00, 
 1DIAGNOSTIC,    45, -9.455562087992e-01, 1.548368346635e-05, 3.0620e+02, 6.1788e+00, 
 1DIAGNOSTIC,    46, -9.456928038607e-01, 1.580933872307e-05, 3.1240e+02, 6.1967e+00, 
 1DIAGNOSTIC,    47, -9.458382529028e-01, 1.619130931576e-05, 3.1857e+02, 6.1746e+00, 
 1DIAGNOSTIC,    48, -9.459912292676e-01, 1.662776864506e-05, 3.2476e+02, 6.1899e+00, 
 1DIAGNOSTIC,    49, -9.461501275875e-01, 1.709757608146e-05, 3.3094e+02, 6.1757e+00, 
 1DIAGNOSTIC,    50, -9.463123928930e-01, 1.752183188128e-05, 3.3711e+02, 6.1729e+00, 
 1DIAGNOSTIC,    51, -9.464683371991e-01, 1.785968460408e-05, 3.4329e+02, 6.1824e+00, 
 1DIAGNOSTIC,    52, -9.466116295263e-01, 1.800641847809e-05, 3.4947e+02, 6.1728e+00, 
 1DIAGNOSTIC,    53, -9.467444534418e-01, 1.789824976609e-05, 3.5566e+02, 6.1880e+00, 
 1DIAGNOSTIC,    54, -9.468677884890e-01, 1.750172483416e-05, 3.6184e+02, 6.1805e+00, 
 1DIAGNOSTIC,    55, -9.469833189675e-01, 1.683636925140e-05, 3.6801e+02, 6.1766e+00, 
 1DIAGNOSTIC,    56, -9.470947908787e-01, 1.595419663199e-05, 3.7421e+02, 6.1961e+00, 
 1DIAGNOSTIC,    57, -9.471982791173e-01, 1.492729864496e-05, 3.8039e+02, 6.1794e+00, 
 1DIAGNOSTIC,    58, -9.472954358310e-01, 1.384149214041e-05, 3.8658e+02, 6.1891e+00, 
 1DIAGNOSTIC,    59, -9.473877003401e-01, 1.278389526593e-05, 3.9276e+02, 6.1838e+00, 
 1DIAGNOSTIC,    60, -9.474754060638e-01, 1.182598318463e-05, 3.9895e+02, 6.1846e+00, 
 1DIAGNOSTIC,    61, -9.475589872100e-01, 1.098355512656e-05, 4.0513e+02, 6.1886e+00, 
 1DIAGNOSTIC,    62, -9.476383246136e-01, 1.023209530298e-05, 4.1132e+02, 6.1815e+00, 
 1DIAGNOSTIC,    63, -9.477144327129e-01, 9.558079633144e-06, 4.1750e+02, 6.1868e+00, 
 1DIAGNOSTIC,    64, -9.477846008692e-01, 8.934950149374e-06, 4.2368e+02, 6.1750e+00, 
 1DIAGNOSTIC,    65, -9.478542709636e-01, 8.367763063757e-06, 4.2987e+02, 6.1898e+00, 
 1DIAGNOSTIC,    66, -9.479209149468e-01, 7.863193266434e-06, 4.3604e+02, 6.1751e+00, 
 1DIAGNOSTIC,    67, -9.479844025100e-01, 7.405183197695e-06, 4.4222e+02, 6.1792e+00, 
 1DIAGNOSTIC,    68, -9.480456408051e-01, 6.987062228601e-06, 4.4842e+02, 6.1954e+00, 
 1DIAGNOSTIC,    69, -9.481041271538e-01, 6.603869119966e-06, 4.5459e+02, 6.1758e+00, 
 1DIAGNOSTIC,    70, -9.481609265772e-01, 6.254560332224e-06, 4.6078e+02, 6.1886e+00, 
XXDIAGNOSTIC,Iteration,metricValue,convergenceValue,ITERATION_TIME_INDEX,SINCE_LAST
 1DIAGNOSTIC,     1, -9.011371844207e-01, 1.797693134862e+308, 5.1199e+02, 5.1211e+01, 
 1DIAGNOSTIC,     2, -9.027800874057e-01, 1.797693134862e+308, 5.6134e+02, 4.9350e+01, 
 1DIAGNOSTIC,     3, -9.051034162322e-01, 1.797693134862e+308, 6.1066e+02, 4.9318e+01, 
 1DIAGNOSTIC,     4, -9.072895335175e-01, 1.797693134862e+308, 6.6013e+02, 4.9469e+01, 
 1DIAGNOSTIC,     5, -9.093361668884e-01, 1.797693134862e+308, 7.0952e+02, 4.9394e+01, 
 1DIAGNOSTIC,     6, -9.112912059749e-01, 1.797693134862e+308, 7.5883e+02, 4.9305e+01, 
 1DIAGNOSTIC,     7, -9.131948455624e-01, 1.797693134862e+308, 8.0818e+02, 4.9356e+01, 
 1DIAGNOSTIC,     8, -9.149530271014e-01, 1.797693134862e+308, 8.5760e+02, 4.9414e+01, 
 1DIAGNOSTIC,     9, -9.165734588222e-01, 1.797693134862e+308, 9.0716e+02, 4.9561e+01, 
 1DIAGNOSTIC,    10, -9.180733992297e-01, 1.220684551959e-03, 9.5659e+02, 4.9428e+01, 
 1DIAGNOSTIC,    11, -9.193300219649e-01, 1.061993345261e-03, 1.0063e+03, 4.9760e+01, 
 1DIAGNOSTIC,    12, -9.205927696998e-01, 9.093257512279e-04, 1.0561e+03, 4.9797e+01, 
 1DIAGNOSTIC,    13, -9.214659324351e-01, 7.740059242928e-04, 1.1059e+03, 4.9776e+01, 
 1DIAGNOSTIC,    14, -9.222696901689e-01, 6.538711023108e-04, 1.1557e+03, 4.9788e+01, 
 1DIAGNOSTIC,    15, -9.230267966680e-01, 5.478952649027e-04, 1.2055e+03, 4.9772e+01, 
 1DIAGNOSTIC,    16, -9.237521993948e-01, 4.566225933392e-04, 1.2553e+03, 4.9786e+01, 
 1DIAGNOSTIC,    17, -9.244380546197e-01, 3.810374644898e-04, 1.3050e+03, 4.9734e+01, 
 1DIAGNOSTIC,    18, -9.250762193727e-01, 3.197440684690e-04, 1.3548e+03, 4.9818e+01, 
 1DIAGNOSTIC,    19, -9.256751200290e-01, 2.713384521569e-04, 1.4046e+03, 4.9774e+01, 
 1DIAGNOSTIC,    20, -9.262281601233e-01, 2.342383300426e-04, 1.4544e+03, 4.9796e+01, 
 1DIAGNOSTIC,    21, -9.267365829128e-01, 2.046698004052e-04, 1.5041e+03, 4.9732e+01, 
 1DIAGNOSTIC,    22, -9.272105932491e-01, 1.830569691109e-04, 1.5539e+03, 4.9782e+01, 
 1DIAGNOSTIC,    23, -9.276552531047e-01, 1.638790791230e-04, 1.6037e+03, 4.9749e+01, 
 1DIAGNOSTIC,    24, -9.280684371339e-01, 1.465858272514e-04, 1.6535e+03, 4.9802e+01, 
 1DIAGNOSTIC,    25, -9.284604569995e-01, 1.310953247340e-04, 1.7032e+03, 4.9750e+01, 
 1DIAGNOSTIC,    26, -9.288219007256e-01, 1.173656353579e-04, 1.7530e+03, 4.9756e+01, 
 1DIAGNOSTIC,    27, -9.291500557019e-01, 1.051918805290e-04, 1.8027e+03, 4.9704e+01, 
 1DIAGNOSTIC,    28, -9.294450008611e-01, 9.425645618088e-05, 1.8524e+03, 4.9770e+01, 
 1DIAGNOSTIC,    29, -9.297147873213e-01, 8.442892289818e-05, 1.9022e+03, 4.9753e+01, 
 1DIAGNOSTIC,    30, -9.299647493212e-01, 7.554808195497e-05, 1.9519e+03, 4.9757e+01, 
 1DIAGNOSTIC,    31, -9.301946560582e-01, 6.745480923132e-05, 2.0017e+03, 4.9723e+01, 
 1DIAGNOSTIC,    32, -9.304093068641e-01, 6.013751203100e-05, 2.0514e+03, 4.9758e+01, 
 1DIAGNOSTIC,    33, -9.306105712569e-01, 5.362516106484e-05, 2.1012e+03, 4.9733e+01, 
 1DIAGNOSTIC,    34, -9.308025226481e-01, 4.792144562216e-05, 2.1509e+03, 4.9736e+01, 
 1DIAGNOSTIC,    35, -9.309846262913e-01, 4.307651052433e-05, 2.2006e+03, 4.9716e+01, 
 1DIAGNOSTIC,    36, -9.311566480540e-01, 3.900419857677e-05, 2.2504e+03, 4.9748e+01, 
 1DIAGNOSTIC,    37, -9.313266514535e-01, 3.562593307625e-05, 2.3001e+03, 4.9701e+01, 
 1DIAGNOSTIC,    38, -9.314884010374e-01, 3.277275475436e-05, 2.3498e+03, 4.9736e+01, 
 1DIAGNOSTIC,    39, -9.316450012013e-01, 3.034925568260e-05, 2.3995e+03, 4.9737e+01, 
 1DIAGNOSTIC,    40, -9.317983568310e-01, 2.829889465732e-05, 2.4492e+03, 4.9708e+01, 
 1DIAGNOSTIC,    41, -9.319472593166e-01, 2.653449760136e-05, 2.4989e+03, 4.9698e+01, 
 1DIAGNOSTIC,    42, -9.320933347846e-01, 2.500653799070e-05, 2.5487e+03, 4.9799e+01, 
 1DIAGNOSTIC,    43, -9.322341036987e-01, 2.365060141293e-05, 2.5985e+03, 4.9721e+01, 
 1DIAGNOSTIC,    44, -9.323761044686e-01, 2.247400829975e-05, 2.6482e+03, 4.9703e+01, 
 1DIAGNOSTIC,    45, -9.325149078487e-01, 2.143673505133e-05, 2.6979e+03, 4.9722e+01, 
 1DIAGNOSTIC,    46, -9.326529960750e-01, 2.050844193311e-05, 2.7476e+03, 4.9718e+01, 
 1DIAGNOSTIC,    47, -9.327915631830e-01, 1.971727011820e-05, 2.7973e+03, 4.9692e+01, 
 1DIAGNOSTIC,    48, -9.329293598013e-01, 1.903077933927e-05, 2.8470e+03, 4.9735e+01, 
 1DIAGNOSTIC,    49, -9.330671543227e-01, 1.843640832423e-05, 2.8968e+03, 4.9764e+01, 
 1DIAGNOSTIC,    50, -9.332067205723e-01, 1.793931306001e-05, 2.9466e+03, 4.9803e+01, 
XXDIAGNOSTIC,Iteration,metricValue,convergenceValue,ITERATION_TIME_INDEX,SINCE_LAST
 1DIAGNOSTIC,     1, -8.981001176648e-01, 1.797693134862e+308, 3.3570e+03, 4.1044e+02, 
 1DIAGNOSTIC,     2, -8.987328414179e-01, 1.797693134862e+308, 3.7640e+03, 4.0695e+02, 
 1DIAGNOSTIC,     3, -8.999777400768e-01, 1.797693134862e+308, 4.1692e+03, 4.0520e+02, 
 1DIAGNOSTIC,     4, -9.013000626623e-01, 1.797693134862e+308, 4.5745e+03, 4.0527e+02, 
 1DIAGNOSTIC,     5, -9.027842197404e-01, 1.797693134862e+308, 4.9798e+03, 4.0540e+02, 
 1DIAGNOSTIC,     6, -9.041833071204e-01, 1.797693134862e+308, 5.3835e+03, 4.0365e+02, 
 1DIAGNOSTIC,     7, -9.055582769131e-01, 1.797693134862e+308, 5.7856e+03, 4.0214e+02, 
 1DIAGNOSTIC,     8, -9.069206327456e-01, 1.797693134862e+308, 6.1880e+03, 4.0234e+02, 
 1DIAGNOSTIC,     9, -9.082298355643e-01, 1.797693134862e+308, 6.5902e+03, 4.0222e+02, 
 1DIAGNOSTIC,    10, -9.094436389088e-01, 8.441159014720e-04, 6.9923e+03, 4.0207e+02, 
 1DIAGNOSTIC,    11, -9.105771664224e-01, 7.783714683843e-04, 7.3945e+03, 4.0219e+02, 
 1DIAGNOSTIC,    12, -9.116572113379e-01, 6.982637009893e-04, 7.7999e+03, 4.0547e+02, 
 1DIAGNOSTIC,    13, -9.126592213254e-01, 6.213335404899e-04, 8.2051e+03, 4.0514e+02, 
 1DIAGNOSTIC,    14, -9.133990879305e-01, 5.447539535832e-04, 8.6102e+03, 4.0511e+02, 
 1DIAGNOSTIC,    15, -9.140836375213e-01, 4.738034736036e-04, 9.0152e+03, 4.0505e+02, 
 1DIAGNOSTIC,    16, -9.147067159146e-01, 4.076822095817e-04, 9.4201e+03, 4.0492e+02, 
 1DIAGNOSTIC,    17, -9.152932635766e-01, 3.476942327180e-04, 9.8250e+03, 4.0490e+02, 
 1DIAGNOSTIC,    18, -9.158381574967e-01, 2.951952840667e-04, 1.0230e+04, 4.0502e+02, 
 1DIAGNOSTIC,    19, -9.163430256215e-01, 2.506141806722e-04, 1.0636e+04, 4.0547e+02, 
 1DIAGNOSTIC,    20, -9.168132950827e-01, 2.134504837211e-04, 1.1029e+04, 3.9343e+02, 
  Elapsed time (stage 0): 11032


Total elapsed time: 11032
-i /mnt/lustre/mathdugre/fast-interpolate/datasets/ds004513/derivatives/flint/ants/flint-vprec-single/sub-s029/ses-open/anat/10/1_Affine.nii.gz -o /mnt/lustre/mathdugre/fast-interpolate/datasets/ds004513/derivatives/flint/ants/flint-vprec-single/sub-s029/ses-open/anat/100/1_transformed.nii.gz -t /mnt/lustre/mathdugre/fast-interpolate/datasets/ds004513/derivatives/flint/ants/flint-vprec-single/sub-s029/ses-open/anat/100/1_1Warp.nii.gz -t /mnt/lustre/mathdugre/fast-interpolate/datasets/ds004513/derivatives/flint/ants/flint-vprec-single/sub-s029/ses-open/anat/100/1_0GenericAffine.mat
