---------------------
Experiment information

SIF_IMG: /mnt/lustre/mathdugre/containers/ants-flint-base.simg
SIF_IMG_BASE: /mnt/lustre/mathdugre/containers/ants-flint-base.simg
EXPERIMENT_NAME: flint-vprec-single-five-levels
STAGE: affine
SUBJECT_ID: s020
REPETITION_ID: 1

FIXED_IMG: /templateflow/tpl-MNI152NLin2009cAsym/tpl-MNI152NLin2009cAsym_res-01_desc-brain_T1w.nii.gz
INPUT_IMG: /mnt/lustre/mathdugre/fast-interpolate/datasets/ds004513/derivatives/flint/ants/flint-vprec-single-five-levels/sub-s020/ses-open/anat/0/1_Rigid.nii.gz

DATA_DIR: /mnt/lustre/mathdugre/fast-interpolate/datasets/ds004513
OUTPUT_DIR: /mnt/lustre/mathdugre/fast-interpolate/datasets/ds004513/derivatives/flint/ants/flint-vprec-single-five-levels/sub-s020/ses-open/anat
OUTPUT_PREFIX: 00
THREAD: 1
FLOAT: 0
VFC_BACKENDS: ieee
---------------------

--output [/mnt/lustre/mathdugre/fast-interpolate/datasets/ds004513/derivatives/flint/ants/flint-vprec-single-five-levels/sub-s020/ses-open/anat/00/1_,/mnt/lustre/mathdugre/fast-interpolate/datasets/ds004513/derivatives/flint/ants/flint-vprec-single-five-levels/sub-s020/ses-open/anat/00/1_Affine.nii.gz,/mnt/lustre/mathdugre/fast-interpolate/datasets/ds004513/derivatives/flint/ants/flint-vprec-single-five-levels/sub-s020/ses-open/anat/00/1_InverseAffine.nii.gz] --initial-moving-transform [/templateflow/tpl-MNI152NLin2009cAsym/tpl-MNI152NLin2009cAsym_res-01_desc-brain_T1w.nii.gz,/mnt/lustre/mathdugre/fast-interpolate/datasets/ds004513/derivatives/flint/ants/flint-vprec-single-five-levels/sub-s020/ses-open/anat/0/1_Rigid.nii.gz,1] --transform Affine[0.1] --metric MI[/templateflow/tpl-MNI152NLin2009cAsym/tpl-MNI152NLin2009cAsym_res-01_desc-brain_T1w.nii.gz,/mnt/lustre/mathdugre/fast-interpolate/datasets/ds004513/derivatives/flint/ants/flint-vprec-single-five-levels/sub-s020/ses-open/anat/0/1_Rigid.nii.gz,1,32,Regular,0.25] --convergence [1000x1000x500x250x100,1e-6,10] --shrink-factors 16x8x4x2x1 --smoothing-sigmas 4x3x2x1x0vox
All_Command_lines_OK
Using double precision for computations.
=============================================================================
The composite transform comprises the following transforms (in order): 
  1. Center of mass alignment using fixed image: /templateflow/tpl-MNI152NLin2009cAsym/tpl-MNI152NLin2009cAsym_res-01_desc-brain_T1w.nii.gz and moving image: /mnt/lustre/mathdugre/fast-interpolate/datasets/ds004513/derivatives/flint/ants/flint-vprec-single-five-levels/sub-s020/ses-open/anat/0/1_Rigid.nii.gz (type = Euler3DTransform)
=============================================================================
  number of levels = 5
  fixed image: /templateflow/tpl-MNI152NLin2009cAsym/tpl-MNI152NLin2009cAsym_res-01_desc-brain_T1w.nii.gz
  moving image: /mnt/lustre/mathdugre/fast-interpolate/datasets/ds004513/derivatives/flint/ants/flint-vprec-single-five-levels/sub-s020/ses-open/anat/0/1_Rigid.nii.gz
Dimension = 3
Number of stages = 1
Use histogram matching = false
Winsorize image intensities = true
  Lower quantile = 0.005
  Upper quantile = 0.995


Stage 1 State
   Image metric = MattesMI
     Fixed image = Image (0x563d44a28190)
  RTTI typeinfo:   itk::Image<double, 3u>
  Reference Count: 2
  Modified Time: 1622
  Debug: Off
  Object Name: 
  Observers: 
    none
  Source: (none)
  Source output name: (none)
  Release Data: Off
  Data Released: False
  Global Release Data: Off
  PipelineMTime: 0
  UpdateMTime: 1407
  RealTimeStamp: 0 seconds 
  LargestPossibleRegion: 
    Dimension: 3
    Index: [0, 0, 0]
    Size: [193, 229, 193]
  BufferedRegion: 
    Dimension: 3
    Index: [0, 0, 0]
    Size: [193, 229, 193]
  RequestedRegion: 
    Dimension: 3
    Index: [0, 0, 0]
    Size: [193, 229, 193]
  Spacing: [1, 1, 1]
  Origin: [96, 132, -78]
  Direction: 
-1 0 0
0 -1 0
0 0 1

  IndexToPointMatrix: 
-1 0 0
0 -1 0
0 0 1

  PointToIndexMatrix: 
-1 0 0
0 -1 0
0 0 1

  Inverse Direction: 
-1 0 0
0 -1 0
0 0 1

  PixelContainer: 
    ImportImageContainer (0x563d44a94010)
      RTTI typeinfo:   itk::ImportImageContainer<unsigned long, double>
      Reference Count: 1
      Modified Time: 1404
      Debug: Off
      Object Name: 
      Observers: 
        none
      Pointer: 0x7f01b60fa010
      Container manages memory: true
      Size: 8530021
      Capacity: 8530021

     Moving image = Image (0x563d44a2f120)
  RTTI typeinfo:   itk::Image<double, 3u>
  Reference Count: 2
  Modified Time: 1623
  Debug: Off
  Object Name: 
  Observers: 
    none
  Source: (none)
  Source output name: (none)
  Release Data: Off
  Data Released: False
  Global Release Data: Off
  PipelineMTime: 0
  UpdateMTime: 1620
  RealTimeStamp: 0 seconds 
  LargestPossibleRegion: 
    Dimension: 3
    Index: [0, 0, 0]
    Size: [193, 229, 193]
  BufferedRegion: 
    Dimension: 3
    Index: [0, 0, 0]
    Size: [193, 229, 193]
  RequestedRegion: 
    Dimension: 3
    Index: [0, 0, 0]
    Size: [193, 229, 193]
  Spacing: [1, 1, 1]
  Origin: [96, 132, -78]
  Direction: 
-1 0 0
0 -1 0
0 0 1

  IndexToPointMatrix: 
-1 0 0
0 -1 0
0 0 1

  PointToIndexMatrix: 
-1 0 0
0 -1 0
0 0 1

  Inverse Direction: 
-1 0 0
0 -1 0
0 0 1

  PixelContainer: 
    ImportImageContainer (0x563d44af64d0)
      RTTI typeinfo:   itk::ImportImageContainer<unsigned long, double>
      Reference Count: 1
      Modified Time: 1617
      Debug: Off
      Object Name: 
      Observers: 
        none
      Pointer: 0x7f01b1fe5010
      Container manages memory: true
      Size: 8530021
      Capacity: 8530021

     Weighting = 1
     Sampling strategy = regular
     Number of bins = 32
     Radius = 4
     Sampling percentage  = 0.25
   Transform = Affine
     Gradient step = 0.1
     Update field sigma (voxel space) = 0
     Total field sigma (voxel space) = 0
     Update field time sigma = 0
     Total field time sigma  = 0
     Number of time indices = 0
     Number of time point samples = 0
Registration using 1 total stages.

Stage 0
  iterations = 1000x1000x500x250x100
  convergence threshold = 1e-06
  convergence window size = 10
  number of levels = 5
  using the Mattes MI metric (number of bins = 32, weight = 1, use gradient filter = 0)
  preprocessing:  winsorizing the image intensities
  Shrink factors (level 1 out of 5): [16, 16, 16]
  Shrink factors (level 2 out of 5): [8, 8, 8]
  Shrink factors (level 3 out of 5): [4, 4, 4]
  Shrink factors (level 4 out of 5): [2, 2, 2]
  Shrink factors (level 5 out of 5): [1, 1, 1]
  smoothing sigmas per level: [4, 3, 2, 1, 0]
  regular sampling (percentage = 0.25)

*** Running AffineTransform registration ***

DIAGNOSTIC,Iteration,metricValue,convergenceValue,ITERATION_TIME_INDEX,SINCE_LAST
 2DIAGNOSTIC,     1, -6.985692969680e-01, 1.797693134862e+308, 1.4400e+00, 1.4400e+00, 
 2DIAGNOSTIC,     2, -7.007666954241e-01, 1.797693134862e+308, 1.4413e+00, 1.3361e-03, 
 2DIAGNOSTIC,     3, -7.055620601708e-01, 1.797693134862e+308, 1.4425e+00, 1.2360e-03, 
 2DIAGNOSTIC,     4, -7.158068438970e-01, 1.797693134862e+308, 1.4438e+00, 1.2450e-03, 
 2DIAGNOSTIC,     5, -7.299211300661e-01, 1.797693134862e+308, 1.4451e+00, 1.2720e-03, 
 2DIAGNOSTIC,     6, -7.451350212426e-01, 1.797693134862e+308, 1.4463e+00, 1.2760e-03, 
 2DIAGNOSTIC,     7, -7.590840640045e-01, 1.797693134862e+308, 1.4476e+00, 1.3058e-03, 
 2DIAGNOSTIC,     8, -7.764944295893e-01, 1.797693134862e+308, 1.4492e+00, 1.5950e-03, 
 2DIAGNOSTIC,     9, -8.082171693908e-01, 1.797693134862e+308, 1.4511e+00, 1.9019e-03, 
 2DIAGNOSTIC,    10, -8.146787484783e-01, 1.077404301679e-02, 1.4539e+00, 2.7819e-03, 
 2DIAGNOSTIC,    11, -8.315294985686e-01, 1.080840243173e-02, 1.4554e+00, 1.4791e-03, 
 2DIAGNOSTIC,    12, -8.390053392667e-01, 1.016826267521e-02, 1.4569e+00, 1.4939e-03, 
 2DIAGNOSTIC,    13, -8.525412059746e-01, 9.228627495422e-03, 1.4584e+00, 1.4780e-03, 
 2DIAGNOSTIC,    14, -8.806026701957e-01, 8.571749744560e-03, 1.4600e+00, 1.6761e-03, 
 2DIAGNOSTIC,    15, -8.848462523467e-01, 7.660596778449e-03, 1.4622e+00, 2.1091e-03, 
 2DIAGNOSTIC,    16, -8.861137468312e-01, 6.560454105723e-03, 1.4635e+00, 1.3831e-03, 
 2DIAGNOSTIC,    17, -8.938428584496e-01, 5.462516901012e-03, 1.4649e+00, 1.3919e-03, 
 2DIAGNOSTIC,    18, -9.042246059108e-01, 4.523547084478e-03, 1.4668e+00, 1.8520e-03, 
 2DIAGNOSTIC,    19, -9.075423980564e-01, 3.917062103831e-03, 1.4683e+00, 1.5230e-03, 
 2DIAGNOSTIC,    20, -9.094972203342e-01, 3.160212201108e-03, 1.4703e+00, 1.9891e-03, 
 2DIAGNOSTIC,    21, -9.103777735945e-01, 2.492886950463e-03, 1.4717e+00, 1.3678e-03, 
 2DIAGNOSTIC,    22, -9.132426808965e-01, 1.822212033450e-03, 1.4730e+00, 1.3800e-03, 
 2DIAGNOSTIC,    23, -9.143796941511e-01, 1.251379070319e-03, 1.4744e+00, 1.3711e-03, 
 2DIAGNOSTIC,    24, -9.152708586958e-01, 1.028958370707e-03, 1.4759e+00, 1.5330e-03, 
 2DIAGNOSTIC,    25, -9.164818208335e-01, 8.073530984533e-04, 1.4776e+00, 1.6770e-03, 
 2DIAGNOSTIC,    26, -9.181039481695e-01, 5.656251372312e-04, 1.4790e+00, 1.3831e-03, 
 2DIAGNOSTIC,    27, -9.189255633607e-01, 3.940625832874e-04, 1.4805e+00, 1.5190e-03, 
 2DIAGNOSTIC,    28, -9.197333822887e-01, 3.329702920623e-04, 1.4819e+00, 1.3900e-03, 
 2DIAGNOSTIC,    29, -9.251304104163e-01, 3.461854245760e-04, 1.4837e+00, 1.8349e-03, 
 2DIAGNOSTIC,    30, -9.279948347827e-01, 3.782680884589e-04, 1.4853e+00, 1.5211e-03, 
 2DIAGNOSTIC,    31, -9.288448964408e-01, 3.901556288229e-04, 1.4869e+00, 1.6639e-03, 
 2DIAGNOSTIC,    32, -9.295565321305e-01, 4.024852839651e-04, 1.4883e+00, 1.3740e-03, 
 2DIAGNOSTIC,    33, -9.311939020955e-01, 4.041098382006e-04, 1.4897e+00, 1.3759e-03, 
 2DIAGNOSTIC,    34, -9.320700855402e-01, 3.834100294119e-04, 1.4912e+00, 1.5318e-03, 
 2DIAGNOSTIC,    35, -9.333264633048e-01, 3.502070286473e-04, 1.4934e+00, 2.1410e-03, 
 2DIAGNOSTIC,    36, -9.334166308288e-01, 3.020003620306e-04, 1.4947e+00, 1.3661e-03, 
 2DIAGNOSTIC,    37, -9.337878842771e-01, 2.394714411657e-04, 1.4961e+00, 1.3719e-03, 
 2DIAGNOSTIC,    38, -9.340431697963e-01, 1.658965558503e-04, 1.4975e+00, 1.3690e-03, 
 2DIAGNOSTIC,    39, -9.341627982064e-01, 1.263271557446e-04, 1.4988e+00, 1.3680e-03, 
 2DIAGNOSTIC,    40, -9.342862194455e-01, 1.013148886927e-04, 1.5005e+00, 1.6451e-03, 
 2DIAGNOSTIC,    41, -9.343862754207e-01, 7.567476576029e-05, 1.5030e+00, 2.5170e-03, 
 2DIAGNOSTIC,    42, -9.343867143883e-01, 4.955857117334e-05, 1.5044e+00, 1.3978e-03, 
 2DIAGNOSTIC,    43, -9.343891626470e-01, 3.241686854678e-05, 1.5058e+00, 1.3649e-03, 
 2DIAGNOSTIC,    44, -9.343930845185e-01, 1.936137801427e-05, 1.5071e+00, 1.3609e-03, 
 2DIAGNOSTIC,    45, -9.343991638104e-01, 1.427375623986e-05, 1.5085e+00, 1.3590e-03, 
 2DIAGNOSTIC,    46, -9.344081845406e-01, 8.773139019699e-06, 1.5098e+00, 1.3652e-03, 
 2DIAGNOSTIC,    47, -9.344209823799e-01, 5.366615231598e-06, 1.5112e+00, 1.3578e-03, 
 2DIAGNOSTIC,    48, -9.344386544749e-01, 3.500156353579e-06, 1.5126e+00, 1.3602e-03, 
 2DIAGNOSTIC,    49, -9.344627197048e-01, 2.375888146961e-06, 1.5139e+00, 1.3649e-03, 
 2DIAGNOSTIC,    50, -9.344939730873e-01, 2.113831210376e-06, 1.5153e+00, 1.3590e-03, 
 2DIAGNOSTIC,    51, -9.345466541725e-01, 2.685919842600e-06, 1.5166e+00, 1.3599e-03, 
 2DIAGNOSTIC,    52, -9.346011456612e-01, 3.374230503200e-06, 1.5182e+00, 1.5080e-03, 
 2DIAGNOSTIC,    53, -9.347475263457e-01, 4.671045883517e-06, 1.5205e+00, 2.3921e-03, 
 2DIAGNOSTIC,    54, -9.347503361716e-01, 5.551475715591e-06, 1.5219e+00, 1.3649e-03, 
 2DIAGNOSTIC,    55, -9.347623525231e-01, 6.041936410548e-06, 1.5233e+00, 1.3540e-03, 
 2DIAGNOSTIC,    56, -9.347783103107e-01, 6.141730307226e-06, 1.5246e+00, 1.3599e-03, 
 2DIAGNOSTIC,    57, -9.347937059262e-01, 5.854643345782e-06, 1.5260e+00, 1.3561e-03, 
 2DIAGNOSTIC,    58, -9.348032128477e-01, 5.209784182388e-06, 1.5273e+00, 1.3578e-03, 
 2DIAGNOSTIC,    59, -9.348057774317e-01, 4.287763079844e-06, 1.5288e+00, 1.5042e-03, 
 2DIAGNOSTIC,    60, -9.348059249648e-01, 3.215611966301e-06, 1.5302e+00, 1.3540e-03, 
 2DIAGNOSTIC,    61, -9.348081624352e-01, 2.212042244449e-06, 1.5341e+00, 3.9558e-03, 
 2DIAGNOSTIC,    62, -9.348081623623e-01, 1.339953549454e-06, 1.5381e+00, 3.9551e-03, 
 2DIAGNOSTIC,    63, -9.348081623623e-01, 1.159998559076e-06, 1.5403e+00, 2.1639e-03, 
DIAGNOSTIC,Iteration,metricValue,convergenceValue,ITERATION_TIME_INDEX,SINCE_LAST
 2DIAGNOSTIC,     1, -6.776072902350e-01, 1.797693134862e+308, 2.9863e+00, 1.4460e+00, 
 2DIAGNOSTIC,     2, -6.795386577202e-01, 1.797693134862e+308, 2.9973e+00, 1.1041e-02, 
 2DIAGNOSTIC,     3, -6.829067045713e-01, 1.797693134862e+308, 3.0085e+00, 1.1158e-02, 
 2DIAGNOSTIC,     4, -6.889012175261e-01, 1.797693134862e+308, 3.0197e+00, 1.1227e-02, 
 2DIAGNOSTIC,     5, -6.978398192745e-01, 1.797693134862e+308, 3.0310e+00, 1.1280e-02, 
 2DIAGNOSTIC,     6, -7.084579861809e-01, 1.797693134862e+308, 3.0423e+00, 1.1291e-02, 
 2DIAGNOSTIC,     7, -7.164533768808e-01, 1.797693134862e+308, 3.0536e+00, 1.1346e-02, 
 2DIAGNOSTIC,     8, -7.275325575299e-01, 1.797693134862e+308, 3.0678e+00, 1.4142e-02, 
 2DIAGNOSTIC,     9, -7.310031256516e-01, 1.797693134862e+308, 3.0792e+00, 1.1398e-02, 
 2DIAGNOSTIC,    10, -7.423298649845e-01, 6.274965945193e-03, 3.0927e+00, 1.3506e-02, 
 2DIAGNOSTIC,    11, -7.670303914274e-01, 6.695823294728e-03, 3.1076e+00, 1.4888e-02, 
 2DIAGNOSTIC,    12, -7.837232383574e-01, 7.027937533020e-03, 3.1206e+00, 1.3069e-02, 
 2DIAGNOSTIC,    13, -7.935302878660e-01, 7.062794829741e-03, 3.1333e+00, 1.2714e-02, 
 2DIAGNOSTIC,    14, -7.977971188905e-01, 6.743856547972e-03, 3.1447e+00, 1.1408e-02, 
 2DIAGNOSTIC,    15, -8.012902109735e-01, 6.177657570706e-03, 3.1588e+00, 1.4011e-02, 
 2DIAGNOSTIC,    16, -8.023574034353e-01, 5.395546800916e-03, 3.1713e+00, 1.2561e-02, 
 2DIAGNOSTIC,    17, -8.033089623472e-01, 4.411037148297e-03, 3.1826e+00, 1.1253e-02, 
 2DIAGNOSTIC,    18, -8.043839381849e-01, 3.401569451765e-03, 3.1938e+00, 1.1257e-02, 
 2DIAGNOSTIC,    19, -8.055174318597e-01, 2.286995385735e-03, 3.2078e+00, 1.3931e-02, 
 2DIAGNOSTIC,    20, -8.065407736717e-01, 1.305962788509e-03, 3.2203e+00, 1.2506e-02, 
 2DIAGNOSTIC,    21, -8.071668951716e-01, 7.528816205090e-04, 3.2328e+00, 1.2502e-02, 
 2DIAGNOSTIC,    22, -8.073047985923e-01, 4.680147379436e-04, 3.2465e+00, 1.3765e-02, 
 2DIAGNOSTIC,    23, -8.074427831194e-01, 3.269562602860e-04, 3.2578e+00, 1.1308e-02, 
 2DIAGNOSTIC,    24, -8.075911829929e-01, 2.353041962702e-04, 3.2704e+00, 1.2539e-02, 
 2DIAGNOSTIC,    25, -8.076390545993e-01, 1.819404025911e-04, 3.2817e+00, 1.1299e-02, 
 2DIAGNOSTIC,    26, -8.077056026431e-01, 1.320757389829e-04, 3.2979e+00, 1.6235e-02, 
 2DIAGNOSTIC,    27, -8.077171577323e-01, 8.699468827876e-05, 3.3092e+00, 1.1303e-02, 
 2DIAGNOSTIC,    28, -8.077778894587e-01, 5.209962862875e-05, 3.3205e+00, 1.1241e-02, 
 2DIAGNOSTIC,    29, -8.078318257732e-01, 2.978173154487e-05, 3.3317e+00, 1.1219e-02, 
 2DIAGNOSTIC,    30, -8.078604770503e-01, 1.906891072322e-05, 3.3441e+00, 1.2433e-02, 
 2DIAGNOSTIC,    31, -8.078772824344e-01, 1.502333367764e-05, 3.3566e+00, 1.2504e-02, 
 2DIAGNOSTIC,    32, -8.078944272040e-01, 1.169073230697e-05, 3.3703e+00, 1.3717e-02, 
 2DIAGNOSTIC,    33, -8.079081072008e-01, 9.208477615215e-06, 3.3816e+00, 1.1269e-02, 
 2DIAGNOSTIC,    34, -8.079188091928e-01, 7.802012283002e-06, 3.3941e+00, 1.2487e-02, 
 2DIAGNOSTIC,    35, -8.079262164903e-01, 6.395970859205e-06, 3.4190e+00, 2.4890e-02, 
 2DIAGNOSTIC,    36, -8.079262263088e-01, 5.240490097400e-06, 3.4303e+00, 1.1351e-02, 
 2DIAGNOSTIC,    37, -8.079262988671e-01, 3.846587064087e-06, 3.4416e+00, 1.1241e-02, 
 2DIAGNOSTIC,    38, -8.079264197094e-01, 2.822096098861e-06, 3.4528e+00, 1.1247e-02, 
 2DIAGNOSTIC,    39, -8.079266140941e-01, 2.167225706892e-06, 3.4640e+00, 1.1192e-02, 
 2DIAGNOSTIC,    40, -8.079269136646e-01, 1.682388866109e-06, 3.4752e+00, 1.1182e-02, 
 2DIAGNOSTIC,    41, -8.079273416182e-01, 1.291754159850e-06, 3.4864e+00, 1.1201e-02, 
 2DIAGNOSTIC,    42, -8.079278942973e-01, 1.025898844691e-06, 3.4979e+00, 1.1497e-02, 
DIAGNOSTIC,Iteration,metricValue,convergenceValue,ITERATION_TIME_INDEX,SINCE_LAST
 2DIAGNOSTIC,     1, -6.677033506475e-01, 1.797693134862e+308, 5.0692e+00, 1.5713e+00, 
 2DIAGNOSTIC,     2, -6.685077280198e-01, 1.797693134862e+308, 5.1834e+00, 1.1416e-01, 
 2DIAGNOSTIC,     3, -6.692961010132e-01, 1.797693134862e+308, 5.2966e+00, 1.1325e-01, 
 2DIAGNOSTIC,     4, -6.700957321958e-01, 1.797693134862e+308, 5.4097e+00, 1.1304e-01, 
 2DIAGNOSTIC,     5, -6.712995899417e-01, 1.797693134862e+308, 5.5227e+00, 1.1304e-01, 
 2DIAGNOSTIC,     6, -6.719904274050e-01, 1.797693134862e+308, 5.6511e+00, 1.2837e-01, 
 2DIAGNOSTIC,     7, -6.722002087382e-01, 1.797693134862e+308, 5.7944e+00, 1.4334e-01, 
 2DIAGNOSTIC,     8, -6.723530551441e-01, 1.797693134862e+308, 5.9075e+00, 1.1309e-01, 
 2DIAGNOSTIC,     9, -6.724739712519e-01, 1.797693134862e+308, 6.0361e+00, 1.2861e-01, 
 2DIAGNOSTIC,    10, -6.726430024924e-01, 4.966320680088e-04, 6.2719e+00, 2.3575e-01, 
 2DIAGNOSTIC,    11, -6.726448739708e-01, 3.593432296306e-04, 6.3848e+00, 1.1295e-01, 
 2DIAGNOSTIC,    12, -6.726592733598e-01, 2.420639736275e-04, 6.4979e+00, 1.1310e-01, 
 2DIAGNOSTIC,    13, -6.726762378463e-01, 1.475261829013e-04, 6.6114e+00, 1.1350e-01, 
 2DIAGNOSTIC,    14, -6.726909020193e-01, 7.717189632285e-05, 6.7247e+00, 1.1325e-01, 
 2DIAGNOSTIC,    15, -6.726970478926e-01, 4.301241270797e-05, 6.8379e+00, 1.1326e-01, 
 2DIAGNOSTIC,    16, -6.726988576320e-01, 2.763267393947e-05, 6.9512e+00, 1.1325e-01, 
 2DIAGNOSTIC,    17, -6.727018821895e-01, 1.699678179128e-05, 7.0798e+00, 1.2864e-01, 
 2DIAGNOSTIC,    18, -6.727052661877e-01, 9.778837875209e-06, 7.2084e+00, 1.2855e-01, 
 2DIAGNOSTIC,    19, -6.727055812999e-01, 5.169001701964e-06, 7.3217e+00, 1.1337e-01, 
 2DIAGNOSTIC,    20, -6.727059318883e-01, 4.285955859808e-06, 7.4504e+00, 1.2864e-01, 
 2DIAGNOSTIC,    21, -6.727062461114e-01, 3.280567501554e-06, 7.6402e+00, 1.8985e-01, 
 2DIAGNOSTIC,    22, -6.727062487160e-01, 2.473566535925e-06, 7.7534e+00, 1.1318e-01, 
 2DIAGNOSTIC,    23, -6.727062599768e-01, 1.946119092482e-06, 7.9127e+00, 1.5930e-01, 
 2DIAGNOSTIC,    24, -6.727062602985e-01, 1.666392481114e-06, 8.0868e+00, 1.7406e-01, 
 2DIAGNOSTIC,    25, -6.727062603038e-01, 1.481709079057e-06, 8.2766e+00, 1.8982e-01, 
 2DIAGNOSTIC,    26, -6.727062603039e-01, 1.320365121606e-06, 8.4513e+00, 1.7473e-01, 
 2DIAGNOSTIC,    27, -6.727062603039e-01, 1.207965733503e-06, 8.6259e+00, 1.7454e-01, 
 2DIAGNOSTIC,    28, -6.727062603039e-01, 1.152017712759e-06, 8.7541e+00, 1.2828e-01, 
 2DIAGNOSTIC,    29, -6.727062603039e-01, 1.103035824936e-06, 8.8823e+00, 1.2817e-01, 
 2DIAGNOSTIC,    30, -6.727062603039e-01, 1.061658945083e-06, 9.0106e+00, 1.2828e-01, 
 2DIAGNOSTIC,    31, -6.727062603039e-01, 1.027208361981e-06, 9.1701e+00, 1.5954e-01, 
DIAGNOSTIC,Iteration,metricValue,convergenceValue,ITERATION_TIME_INDEX,SINCE_LAST
 2DIAGNOSTIC,     1, -5.692011564080e-01, 1.797693134862e+308, 1.1519e+01, 2.3486e+00, 
 2DIAGNOSTIC,     2, -5.694319017367e-01, 1.797693134862e+308, 1.2275e+01, 7.5650e-01, 
 2DIAGNOSTIC,     3, -5.695807604680e-01, 1.797693134862e+308, 1.3031e+01, 7.5539e-01, 
 2DIAGNOSTIC,     4, -5.697599693766e-01, 1.797693134862e+308, 1.3786e+01, 7.5492e-01, 
 2DIAGNOSTIC,     5, -5.699372766984e-01, 1.797693134862e+308, 1.4834e+01, 1.0485e+00, 
 2DIAGNOSTIC,     6, -5.700023248081e-01, 1.797693134862e+308, 1.5582e+01, 7.4787e-01, 
 2DIAGNOSTIC,     7, -5.700604801707e-01, 1.797693134862e+308, 1.6427e+01, 8.4540e-01, 
 2DIAGNOSTIC,     8, -5.702093329593e-01, 1.797693134862e+308, 1.7269e+01, 8.4214e-01, 
 2DIAGNOSTIC,     9, -5.703818716355e-01, 1.797693134862e+308, 1.8207e+01, 9.3753e-01, 
 2DIAGNOSTIC,    10, -5.704410408100e-01, 1.359428559403e-04, 1.8959e+01, 7.5208e-01, 
 2DIAGNOSTIC,    11, -5.704568710701e-01, 1.094140381721e-04, 1.9718e+01, 7.5925e-01, 
 2DIAGNOSTIC,    12, -5.704728742019e-01, 8.809857107810e-05, 2.0575e+01, 8.5660e-01, 
 2DIAGNOSTIC,    13, -5.704895857671e-01, 6.852310117085e-05, 2.1325e+01, 7.5038e-01, 
 2DIAGNOSTIC,    14, -5.704993148314e-01, 5.222152975329e-05, 2.2270e+01, 9.4484e-01, 
 2DIAGNOSTIC,    15, -5.705025991628e-01, 3.952875844922e-05, 2.3304e+01, 1.0341e+00, 
 2DIAGNOSTIC,    16, -5.705040274368e-01, 2.714845625494e-05, 2.4047e+01, 7.4253e-01, 
 2DIAGNOSTIC,    17, -5.705057201101e-01, 1.562164186743e-05, 2.4803e+01, 7.5634e-01, 
 2DIAGNOSTIC,    18, -5.705082224210e-01, 8.177681620668e-06, 2.5553e+01, 7.4957e-01, 
 2DIAGNOSTIC,    19, -5.705188516468e-01, 5.689454876064e-06, 2.6305e+01, 7.5193e-01, 
 2DIAGNOSTIC,    20, -5.705213367197e-01, 4.605446744750e-06, 2.7247e+01, 9.4274e-01, 
 2DIAGNOSTIC,    21, -5.705235109812e-01, 3.770244855678e-06, 2.8393e+01, 1.1452e+00, 
 2DIAGNOSTIC,    22, -5.705242071385e-01, 3.174048253354e-06, 2.9154e+01, 7.6180e-01, 
 2DIAGNOSTIC,    23, -5.705244255859e-01, 2.829382927068e-06, 2.9909e+01, 7.5455e-01, 
 2DIAGNOSTIC,    24, -5.705253648122e-01, 2.595124501542e-06, 3.0658e+01, 7.4888e-01, 
 2DIAGNOSTIC,    25, -5.705310486675e-01, 2.437577148941e-06, 3.1403e+01, 7.4553e-01, 
 2DIAGNOSTIC,    26, -5.705445958260e-01, 2.468870370601e-06, 3.3059e+01, 1.6554e+00, 
 2DIAGNOSTIC,    27, -5.705446268528e-01, 2.408208497076e-06, 3.3804e+01, 7.4566e-01, 
 2DIAGNOSTIC,    28, -5.705447320495e-01, 2.282421118223e-06, 3.4548e+01, 7.4327e-01, 
 2DIAGNOSTIC,    29, -5.705448622991e-01, 2.244507989718e-06, 3.5288e+01, 7.4009e-01, 
 2DIAGNOSTIC,    30, -5.705449730090e-01, 2.140407450078e-06, 3.6027e+01, 7.3883e-01, 
 2DIAGNOSTIC,    31, -5.705450426345e-01, 1.972851021999e-06, 3.6771e+01, 7.4393e-01, 
 2DIAGNOSTIC,    32, -5.705451054611e-01, 1.738657470329e-06, 3.7525e+01, 7.5419e-01, 
 2DIAGNOSTIC,    33, -5.705451899048e-01, 1.456589492251e-06, 3.8271e+01, 7.4617e-01, 
 2DIAGNOSTIC,    34, -5.705452893098e-01, 1.159565958898e-06, 3.9013e+01, 7.4240e-01, 
DIAGNOSTIC,Iteration,metricValue,convergenceValue,ITERATION_TIME_INDEX,SINCE_LAST
 2DIAGNOSTIC,     1, -5.057568692645e-01, 1.797693134862e+308, 4.5090e+01, 6.0767e+00, 
 2DIAGNOSTIC,     2, -5.059146319566e-01, 1.797693134862e+308, 4.9975e+01, 4.8846e+00, 
 2DIAGNOSTIC,     3, -5.059976818003e-01, 1.797693134862e+308, 5.4864e+01, 4.8893e+00, 
 2DIAGNOSTIC,     4, -5.060690518549e-01, 1.797693134862e+308, 5.9750e+01, 4.8856e+00, 
 2DIAGNOSTIC,     5, -5.061222571446e-01, 1.797693134862e+308, 6.5220e+01, 5.4705e+00, 
 2DIAGNOSTIC,     6, -5.061534375286e-01, 1.797693134862e+308, 7.8968e+01, 1.3748e+01, 
 2DIAGNOSTIC,     7, -5.061534374512e-01, 1.797693134862e+308, 8.3873e+01, 4.9046e+00, 
 2DIAGNOSTIC,     8, -5.061534557583e-01, 1.797693134862e+308, 8.8769e+01, 4.8959e+00, 
 2DIAGNOSTIC,     9, -5.061534866233e-01, 1.797693134862e+308, 9.3662e+01, 4.8929e+00, 
 2DIAGNOSTIC,    10, -5.061535385039e-01, 4.582158093436e-05, 9.8549e+01, 4.8877e+00, 
 2DIAGNOSTIC,    11, -5.061536268036e-01, 2.581557679726e-05, 1.0344e+02, 4.8952e+00, 
 2DIAGNOSTIC,    12, -5.061537760156e-01, 1.444310344870e-05, 1.0834e+02, 4.8967e+00, 
 2DIAGNOSTIC,    13, -5.061540215285e-01, 7.315215821507e-06, 1.1325e+02, 4.9115e+00, 
 2DIAGNOSTIC,    14, -5.061544180902e-01, 3.596046961374e-06, 1.1816e+02, 4.9062e+00, 
 2DIAGNOSTIC,    15, -5.061550519512e-01, 2.233903992829e-06, 1.2307e+02, 4.9123e+00, 
 2DIAGNOSTIC,    16, -5.061560543826e-01, 2.160866961018e-06, 1.2799e+02, 4.9140e+00, 
 2DIAGNOSTIC,    17, -5.061575864599e-01, 2.130562975093e-06, 1.3289e+02, 4.9000e+00, 
 2DIAGNOSTIC,    18, -5.061598685326e-01, 2.150622249251e-06, 1.3777e+02, 4.8895e+00, 
 2DIAGNOSTIC,    19, -5.061631118584e-01, 2.228688608732e-06, 1.4266e+02, 4.8875e+00, 
 2DIAGNOSTIC,    20, -5.061689582471e-01, 2.411554420857e-06, 1.4754e+02, 4.8824e+00, 
 2DIAGNOSTIC,    21, -5.061768043666e-01, 2.709728250318e-06, 1.5242e+02, 4.8778e+00, 
 2DIAGNOSTIC,    22, -5.061867120425e-01, 3.122574981328e-06, 1.5731e+02, 4.8837e+00, 
 2DIAGNOSTIC,    23, -5.062321519078e-01, 4.454656031792e-06, 1.6515e+02, 7.8403e+00, 
 2DIAGNOSTIC,    24, -5.062332414914e-01, 5.396395641344e-06, 1.7004e+02, 4.8956e+00, 
 2DIAGNOSTIC,    25, -5.062356653516e-01, 5.961879605589e-06, 1.7493e+02, 4.8831e+00, 
 2DIAGNOSTIC,    26, -5.062400813655e-01, 6.171270597648e-06, 1.7982e+02, 4.8960e+00, 
 2DIAGNOSTIC,    27, -5.062468766757e-01, 6.064441641376e-06, 1.8530e+02, 5.4836e+00, 
 2DIAGNOSTIC,    28, -5.062493297191e-01, 5.583222800871e-06, 1.9078e+02, 5.4790e+00, 
 2DIAGNOSTIC,    29, -5.062495568631e-01, 4.781913592600e-06, 1.9685e+02, 6.0701e+00, 
 2DIAGNOSTIC,    30, -5.062498380771e-01, 3.813561275191e-06, 2.0292e+02, 6.0638e+00, 
 2DIAGNOSTIC,    31, -5.062501419619e-01, 2.798468546415e-06, 2.0783e+02, 4.9146e+00, 
 2DIAGNOSTIC,    32, -5.062513380677e-01, 1.849307720195e-06, 2.1275e+02, 4.9219e+00, 
 2DIAGNOSTIC,    33, -5.062516259098e-01, 1.654244516459e-06, 2.1761e+02, 4.8597e+00, 
 2DIAGNOSTIC,    34, -5.062519374459e-01, 1.429789268554e-06, 2.2278e+02, 5.1705e+00, 
 2DIAGNOSTIC,    35, -5.062522873935e-01, 1.215759986312e-06, 2.2833e+02, 5.5505e+00, 
 2DIAGNOSTIC,    36, -5.062525075921e-01, 1.054051712700e-06, 2.3284e+02, 4.5073e+00, 
  Elapsed time (stage 0): 2.3580e+02


Total elapsed time: 2.3580e+02
-i /mnt/lustre/mathdugre/fast-interpolate/datasets/ds004513/derivatives/flint/ants/flint-vprec-single-five-levels/sub-s020/ses-open/anat/0/1_Rigid.nii.gz -o /mnt/lustre/mathdugre/fast-interpolate/datasets/ds004513/derivatives/flint/ants/flint-vprec-single-five-levels/sub-s020/ses-open/anat/00/1_transformed.nii.gz -t /mnt/lustre/mathdugre/fast-interpolate/datasets/ds004513/derivatives/flint/ants/flint-vprec-single-five-levels/sub-s020/ses-open/anat/00/1_0GenericAffine.mat
