---------------------
Experiment information

SIF_IMG: /mnt/lustre/mathdugre/containers/ants-flint-vprec.simg
SIF_IMG_BASE: /mnt/lustre/mathdugre/containers/ants-flint-base.simg
EXPERIMENT_NAME: flint-vprec-single
STAGE: affine
SUBJECT_ID: s014
REPETITION_ID: 1

FIXED_IMG: /templateflow/tpl-MNI152NLin2009cAsym/tpl-MNI152NLin2009cAsym_res-01_desc-brain_T1w.nii.gz
INPUT_IMG: /mnt/lustre/mathdugre/fast-interpolate/datasets/ds004513/derivatives/flint/ants/flint-vprec-single/sub-s014/ses-open/anat/1/1_Rigid.nii.gz

DATA_DIR: /mnt/lustre/mathdugre/fast-interpolate/datasets/ds004513
OUTPUT_DIR: /mnt/lustre/mathdugre/fast-interpolate/datasets/ds004513/derivatives/flint/ants/flint-vprec-single/sub-s014/ses-open/anat
OUTPUT_PREFIX: 11
THREAD: 1
FLOAT: 0
VFC_BACKENDS: libinterflop_vprec.so --precision-binary32=23 --range-binary32=8 --precision-binary64=23 --range-binary64=8
---------------------

--output [/mnt/lustre/mathdugre/fast-interpolate/datasets/ds004513/derivatives/flint/ants/flint-vprec-single/sub-s014/ses-open/anat/11/1_,/mnt/lustre/mathdugre/fast-interpolate/datasets/ds004513/derivatives/flint/ants/flint-vprec-single/sub-s014/ses-open/anat/11/1_Affine.nii.gz,/mnt/lustre/mathdugre/fast-interpolate/datasets/ds004513/derivatives/flint/ants/flint-vprec-single/sub-s014/ses-open/anat/11/1_InverseAffine.nii.gz] --initial-moving-transform [/templateflow/tpl-MNI152NLin2009cAsym/tpl-MNI152NLin2009cAsym_res-01_desc-brain_T1w.nii.gz,/mnt/lustre/mathdugre/fast-interpolate/datasets/ds004513/derivatives/flint/ants/flint-vprec-single/sub-s014/ses-open/anat/1/1_Rigid.nii.gz,1] --transform Affine[0.1] --metric MI[/templateflow/tpl-MNI152NLin2009cAsym/tpl-MNI152NLin2009cAsym_res-01_desc-brain_T1w.nii.gz,/mnt/lustre/mathdugre/fast-interpolate/datasets/ds004513/derivatives/flint/ants/flint-vprec-single/sub-s014/ses-open/anat/1/1_Rigid.nii.gz,1,32,Regular,0.25] --convergence [1000x500x250x100,1e-6,10] --shrink-factors 8x4x2x1 --smoothing-sigmas 3x2x1x0vox
All_Command_lines_OK
Using double precision for computations.
=============================================================================
The composite transform comprises the following transforms (in order): 
  1. Center of mass alignment using fixed image: /templateflow/tpl-MNI152NLin2009cAsym/tpl-MNI152NLin2009cAsym_res-01_desc-brain_T1w.nii.gz and moving image: /mnt/lustre/mathdugre/fast-interpolate/datasets/ds004513/derivatives/flint/ants/flint-vprec-single/sub-s014/ses-open/anat/1/1_Rigid.nii.gz (type = Euler3DTransform)
=============================================================================
  number of levels = 4
  fixed image: /templateflow/tpl-MNI152NLin2009cAsym/tpl-MNI152NLin2009cAsym_res-01_desc-brain_T1w.nii.gz
  moving image: /mnt/lustre/mathdugre/fast-interpolate/datasets/ds004513/derivatives/flint/ants/flint-vprec-single/sub-s014/ses-open/anat/1/1_Rigid.nii.gz
Dimension = 3
Number of stages = 1
Use histogram matching = false
Winsorize image intensities = true
  Lower quantile = 0.005
  Upper quantile = 0.995


Stage 1 State
   Image metric = MattesMI
     Fixed image = Image (0x34e0000)
  RTTI typeinfo:   itk::Image<double, 3u>
  Reference Count: 2
  Modified Time: 1622
  Debug: Off
  Object Name: 
  Observers: 
    none
  Source: (none)
  Source output name: (none)
  Release Data: Off
  Data Released: False
  Global Release Data: Off
  PipelineMTime: 0
  UpdateMTime: 1407
  RealTimeStamp: 0 seconds 
  LargestPossibleRegion: 
    Dimension: 3
    Index: [0, 0, 0]
    Size: [193, 229, 193]
  BufferedRegion: 
    Dimension: 3
    Index: [0, 0, 0]
    Size: [193, 229, 193]
  RequestedRegion: 
    Dimension: 3
    Index: [0, 0, 0]
    Size: [193, 229, 193]
  Spacing: [1, 1, 1]
  Origin: [96, 132, -78]
  Direction: 
-1 0 0
0 -1 0
0 0 1

  IndexToPointMatrix: 
-1 0 0
0 -1 0
0 0 1

  PointToIndexMatrix: 
-1 0 0
0 -1 0
0 0 1

  Inverse Direction: 
-1 0 0
0 -1 0
0 0 1

  PixelContainer: 
    ImportImageContainer (0x35b3e10)
      RTTI typeinfo:   itk::ImportImageContainer<unsigned long, double>
      Reference Count: 1
      Modified Time: 1404
      Debug: Off
      Object Name: 
      Observers: 
        none
      Pointer: 0x7fde18eea010
      Container manages memory: true
      Size: 8530021
      Capacity: 8530021

     Moving image = Image (0x34e0800)
  RTTI typeinfo:   itk::Image<double, 3u>
  Reference Count: 2
  Modified Time: 1623
  Debug: Off
  Object Name: 
  Observers: 
    none
  Source: (none)
  Source output name: (none)
  Release Data: Off
  Data Released: False
  Global Release Data: Off
  PipelineMTime: 0
  UpdateMTime: 1620
  RealTimeStamp: 0 seconds 
  LargestPossibleRegion: 
    Dimension: 3
    Index: [0, 0, 0]
    Size: [193, 229, 193]
  BufferedRegion: 
    Dimension: 3
    Index: [0, 0, 0]
    Size: [193, 229, 193]
  RequestedRegion: 
    Dimension: 3
    Index: [0, 0, 0]
    Size: [193, 229, 193]
  Spacing: [1, 1, 1]
  Origin: [96, 132, -78]
  Direction: 
-1 0 0
0 -1 0
0 0 1

  IndexToPointMatrix: 
-1 0 0
0 -1 0
0 0 1

  PointToIndexMatrix: 
-1 0 0
0 -1 0
0 0 1

  Inverse Direction: 
-1 0 0
0 -1 0
0 0 1

  PixelContainer: 
    ImportImageContainer (0x35f3e90)
      RTTI typeinfo:   itk::ImportImageContainer<unsigned long, double>
      Reference Count: 1
      Modified Time: 1617
      Debug: Off
      Object Name: 
      Observers: 
        none
      Pointer: 0x7fde14dd5010
      Container manages memory: true
      Size: 8530021
      Capacity: 8530021

     Weighting = 1
     Sampling strategy = regular
     Number of bins = 32
     Radius = 4
     Sampling percentage  = 0.25
   Transform = Affine
     Gradient step = 0.1
     Update field sigma (voxel space) = 0
     Total field sigma (voxel space) = 0
     Update field time sigma = 0
     Total field time sigma  = 0
     Number of time indices = 0
     Number of time point samples = 0
Registration using 1 total stages.

Stage 0
  iterations = 1000x500x250x100
  convergence threshold = 1e-06
  convergence window size = 10
  number of levels = 4
  using the Mattes MI metric (number of bins = 32, weight = 1, use gradient filter = 0)
  preprocessing:  winsorizing the image intensities
  Shrink factors (level 1 out of 4): [8, 8, 8]
  Shrink factors (level 2 out of 4): [4, 4, 4]
  Shrink factors (level 3 out of 4): [2, 2, 2]
  Shrink factors (level 4 out of 4): [1, 1, 1]
  smoothing sigmas per level: [3, 2, 1, 0]
  regular sampling (percentage = 0.25)

*** Running AffineTransform registration ***

DIAGNOSTIC,Iteration,metricValue,convergenceValue,ITERATION_TIME_INDEX,SINCE_LAST
 2DIAGNOSTIC,     1, -4.638293683529e-01, 1.797693134862e+308, 0.0000e+00, 0.0000e+00, 
 2DIAGNOSTIC,     2, -4.654818773270e-01, 1.797693134862e+308, 0.0000e+00, 0.0000e+00, 
 2DIAGNOSTIC,     3, -4.686532616615e-01, 1.797693134862e+308, 0.0000e+00, 0.0000e+00, 
 2DIAGNOSTIC,     4, -4.744852781296e-01, 1.797693134862e+308, 0.0000e+00, 0.0000e+00, 
 2DIAGNOSTIC,     5, -4.862480759621e-01, 1.797693134862e+308, 0.0000e+00, 0.0000e+00, 
 2DIAGNOSTIC,     6, -5.140661597252e-01, 1.797693134862e+308, 0.0000e+00, 0.0000e+00, 
 2DIAGNOSTIC,     7, -6.348824501038e-01, 1.797693134862e+308, 0.0000e+00, 0.0000e+00, 
 2DIAGNOSTIC,     8, -7.153003811836e-01, 1.797693134862e+308, 0.0000e+00, 0.0000e+00, 
 2DIAGNOSTIC,     9, -7.708081007004e-01, 1.797693134862e+308, 0.0000e+00, 0.0000e+00, 
 2DIAGNOSTIC,    10, -7.718901634216e-01, 4.079098254442e-02, 0.0000e+00, 0.0000e+00, 
 2DIAGNOSTIC,    11, -7.799656987190e-01, 3.970382362604e-02, 0.0000e+00, 0.0000e+00, 
 2DIAGNOSTIC,    12, -7.926189303398e-01, 3.580991178751e-02, 0.0000e+00, 0.0000e+00, 
 2DIAGNOSTIC,    13, -8.084447979927e-01, 3.005545586348e-02, 0.0000e+00, 0.0000e+00, 
 2DIAGNOSTIC,    14, -8.259516358376e-01, 2.337846904993e-02, 0.0000e+00, 0.0000e+00, 
 2DIAGNOSTIC,    15, -8.372239470482e-01, 1.642929017544e-02, 0.0000e+00, 0.0000e+00, 
 2DIAGNOSTIC,    16, -8.411388993263e-01, 9.892433881760e-03, 0.0000e+00, 0.0000e+00, 
 2DIAGNOSTIC,    17, -8.463732004166e-01, 6.490372121334e-03, 0.0000e+00, 0.0000e+00, 
 2DIAGNOSTIC,    18, -8.503769040108e-01, 4.865728318691e-03, 0.0000e+00, 0.0000e+00, 
 2DIAGNOSTIC,    19, -8.509634137154e-01, 4.210695624352e-03, 0.0000e+00, 0.0000e+00, 
 2DIAGNOSTIC,    20, -8.513946533203e-01, 3.279298543930e-03, 0.0000e+00, 0.0000e+00, 
 2DIAGNOSTIC,    21, -8.516112565994e-01, 2.311062067747e-03, 0.0000e+00, 0.0000e+00, 
 2DIAGNOSTIC,    22, -8.517357707024e-01, 1.461315900087e-03, 0.0000e+00, 0.0000e+00, 
 2DIAGNOSTIC,    23, -8.518102169037e-01, 8.288249373436e-04, 0.0000e+00, 0.0000e+00, 
 2DIAGNOSTIC,    24, -8.518519401550e-01, 4.633106291294e-04, 0.0000e+00, 0.0000e+00, 
 2DIAGNOSTIC,    25, -8.518686890602e-01, 2.641044557095e-04, 0.0000e+00, 0.0000e+00, 
 2DIAGNOSTIC,    26, -8.518903851509e-01, 1.150146126747e-04, 0.0000e+00, 0.0000e+00, 
 2DIAGNOSTIC,    27, -8.518965840340e-01, 4.093721508980e-05, 0.0000e+00, 0.0000e+00, 
 2DIAGNOSTIC,    28, -8.519009947777e-01, 2.364814281464e-05, 0.0000e+00, 0.0000e+00, 
 2DIAGNOSTIC,    29, -8.518998026848e-01, 1.316890120506e-05, 0.0000e+00, 0.0000e+00, 
 2DIAGNOSTIC,    30, -8.518999218941e-01, 7.752329111099e-06, 0.0000e+00, 0.0000e+00, 
 2DIAGNOSTIC,    31, -8.519002199173e-01, 4.708766937256e-06, 0.0000e+00, 0.0000e+00, 
 2DIAGNOSTIC,    32, -8.519001603127e-01, 2.980232238770e-06, 0.0000e+00, 0.0000e+00, 
 2DIAGNOSTIC,    33, -8.519002199173e-01, 2.026557922363e-06, 0.0000e+00, 0.0000e+00, 
 2DIAGNOSTIC,    34, -8.519002199173e-01, 1.505017280579e-06, 0.0000e+00, 0.0000e+00, 
 2DIAGNOSTIC,    35, -8.519002199173e-01, 1.143664121628e-06, 0.0000e+00, 0.0000e+00, 
 2DIAGNOSTIC,    36, -8.519002199173e-01, 1.013278961182e-06, 0.0000e+00, 0.0000e+00, 
DIAGNOSTIC,Iteration,metricValue,convergenceValue,ITERATION_TIME_INDEX,SINCE_LAST
 2DIAGNOSTIC,     1, -7.127197980881e-01, 1.797693134862e+308, 1.2800e+02, 1.2800e+02, 
 2DIAGNOSTIC,     2, -7.134097814560e-01, 1.797693134862e+308, 1.2800e+02, 0.0000e+00, 
 2DIAGNOSTIC,     3, -7.138050198555e-01, 1.797693134862e+308, 1.2800e+02, 0.0000e+00, 
 2DIAGNOSTIC,     4, -7.140298485756e-01, 1.797693134862e+308, 1.2800e+02, 0.0000e+00, 
 2DIAGNOSTIC,     5, -7.142813205719e-01, 1.797693134862e+308, 1.2800e+02, 0.0000e+00, 
 2DIAGNOSTIC,     6, -7.144169807434e-01, 1.797693134862e+308, 1.2800e+02, 0.0000e+00, 
 2DIAGNOSTIC,     7, -7.145037055016e-01, 1.797693134862e+308, 1.2800e+02, 0.0000e+00, 
 2DIAGNOSTIC,     8, -7.145276069641e-01, 1.797693134862e+308, 1.2800e+02, 0.0000e+00, 
 2DIAGNOSTIC,     9, -7.145631909370e-01, 1.797693134862e+308, 1.2800e+02, 0.0000e+00, 
 2DIAGNOSTIC,    10, -7.145711779594e-01, 1.468509435654e-04, 1.2800e+02, 0.0000e+00, 
 2DIAGNOSTIC,    11, -7.145777940750e-01, 8.758157491684e-05, 1.2800e+02, 0.0000e+00, 
 2DIAGNOSTIC,    12, -7.145853638649e-01, 5.354732275009e-05, 1.2800e+02, 0.0000e+00, 
 2DIAGNOSTIC,    13, -7.146065831184e-01, 3.282725811005e-05, 1.2800e+02, 0.0000e+00, 
 2DIAGNOSTIC,    14, -7.146126627922e-01, 1.872330904007e-05, 1.2800e+02, 0.0000e+00, 
 2DIAGNOSTIC,    15, -7.146137952805e-01, 1.165270805359e-05, 1.2800e+02, 0.0000e+00, 
 2DIAGNOSTIC,    16, -7.146162390709e-01, 7.964670658112e-06, 1.2800e+02, 0.0000e+00, 
 2DIAGNOSTIC,    17, -7.146158218384e-01, 6.191432476044e-06, 1.2800e+02, 0.0000e+00, 
 2DIAGNOSTIC,    18, -7.146181464195e-01, 4.753470420837e-06, 1.2800e+02, 0.0000e+00, 
 2DIAGNOSTIC,    19, -7.146199941635e-01, 3.986060619354e-06, 1.2800e+02, 0.0000e+00, 
 2DIAGNOSTIC,    20, -7.146216034889e-01, 3.267079591751e-06, 1.2800e+02, 0.0000e+00, 
 2DIAGNOSTIC,    21, -7.146232128143e-01, 2.607703208923e-06, 1.2800e+02, 0.0000e+00, 
 2DIAGNOSTIC,    22, -7.146232128143e-01, 2.045184373856e-06, 1.2800e+02, 0.0000e+00, 
 2DIAGNOSTIC,    23, -7.146235704422e-01, 1.844018697739e-06, 1.2800e+02, 0.0000e+00, 
 2DIAGNOSTIC,    24, -7.146227955818e-01, 1.709908246994e-06, 1.2800e+02, 0.0000e+00, 
 2DIAGNOSTIC,    25, -7.146230936050e-01, 1.560896635056e-06, 1.2800e+02, 0.0000e+00, 
 2DIAGNOSTIC,    26, -7.146235704422e-01, 1.456588506699e-06, 1.2800e+02, 0.0000e+00, 
 2DIAGNOSTIC,    27, -7.146235704422e-01, 1.318752765656e-06, 1.2800e+02, 0.0000e+00, 
 2DIAGNOSTIC,    28, -7.146236896515e-01, 1.218169927597e-06, 1.2800e+02, 0.0000e+00, 
 2DIAGNOSTIC,    29, -7.146235108376e-01, 1.132488250732e-06, 1.2800e+02, 0.0000e+00, 
 2DIAGNOSTIC,    30, -7.146235108376e-01, 1.076608896255e-06, 1.2800e+02, 0.0000e+00, 
 2DIAGNOSTIC,    31, -7.146236300468e-01, 1.043081283569e-06, 1.2800e+02, 0.0000e+00, 
 2DIAGNOSTIC,    32, -7.146233916283e-01, 1.002103090286e-06, 1.2800e+02, 0.0000e+00, 
DIAGNOSTIC,Iteration,metricValue,convergenceValue,ITERATION_TIME_INDEX,SINCE_LAST
 2DIAGNOSTIC,     1, -6.107423305511e-01, 1.797693134862e+308, 2.5600e+02, 1.2800e+02, 
 2DIAGNOSTIC,     2, -6.110545992851e-01, 1.797693134862e+308, 2.5600e+02, 0.0000e+00, 
 2DIAGNOSTIC,     3, -6.113899350166e-01, 1.797693134862e+308, 2.5600e+02, 0.0000e+00, 
 2DIAGNOSTIC,     4, -6.116932630539e-01, 1.797693134862e+308, 2.5600e+02, 0.0000e+00, 
 2DIAGNOSTIC,     5, -6.118764281273e-01, 1.797693134862e+308, 2.5600e+02, 0.0000e+00, 
 2DIAGNOSTIC,     6, -6.118966937065e-01, 1.797693134862e+308, 2.5600e+02, 0.0000e+00, 
 2DIAGNOSTIC,     7, -6.119254827499e-01, 1.797693134862e+308, 3.8400e+02, 1.2800e+02, 
 2DIAGNOSTIC,     8, -6.119331121445e-01, 1.797693134862e+308, 3.8400e+02, 0.0000e+00, 
 2DIAGNOSTIC,     9, -6.119523048401e-01, 1.797693134862e+308, 3.8400e+02, 0.0000e+00, 
 2DIAGNOSTIC,    10, -6.119620203972e-01, 1.192167401314e-04, 3.8400e+02, 0.0000e+00, 
 2DIAGNOSTIC,    11, -6.119742989540e-01, 7.185339927673e-05, 3.8400e+02, 0.0000e+00, 
 2DIAGNOSTIC,    12, -6.119867563248e-01, 3.863126039505e-05, 3.8400e+02, 0.0000e+00, 
 2DIAGNOSTIC,    13, -6.119900941849e-01, 1.917779445648e-05, 3.8400e+02, 0.0000e+00, 
 2DIAGNOSTIC,    14, -6.119911670685e-01, 1.090019941330e-05, 5.1200e+02, 1.2800e+02, 
 2DIAGNOSTIC,    15, -6.119917035103e-01, 8.642673492432e-06, 5.1200e+02, 0.0000e+00, 
 2DIAGNOSTIC,    16, -6.119941473007e-01, 6.705522537231e-06, 5.1200e+02, 0.0000e+00, 
 2DIAGNOSTIC,    17, -6.119957566261e-01, 5.383044481277e-06, 5.1200e+02, 0.0000e+00, 
 2DIAGNOSTIC,    18, -6.119980216026e-01, 4.131346940994e-06, 5.1200e+02, 0.0000e+00, 
 2DIAGNOSTIC,    19, -6.119979619980e-01, 3.267079591751e-06, 5.1200e+02, 0.0000e+00, 
 2DIAGNOSTIC,    20, -6.119982600212e-01, 2.566725015640e-06, 5.1200e+02, 0.0000e+00, 
 2DIAGNOSTIC,    21, -6.119980216026e-01, 2.097338438034e-06, 6.4000e+02, 1.2800e+02, 
 2DIAGNOSTIC,    22, -6.119976639748e-01, 1.870095729828e-06, 6.4000e+02, 0.0000e+00, 
 2DIAGNOSTIC,    23, -6.119977831841e-01, 1.702457666397e-06, 6.4000e+02, 0.0000e+00, 
 2DIAGNOSTIC,    24, -6.119980812073e-01, 1.538544893265e-06, 6.4000e+02, 0.0000e+00, 
 2DIAGNOSTIC,    25, -6.119985580444e-01, 1.385807991028e-06, 6.4000e+02, 0.0000e+00, 
 2DIAGNOSTIC,    26, -6.119984388351e-01, 1.270323991776e-06, 6.4000e+02, 0.0000e+00, 
 2DIAGNOSTIC,    27, -6.119980812073e-01, 1.192092895508e-06, 6.4000e+02, 0.0000e+00, 
 2DIAGNOSTIC,    28, -6.119980812073e-01, 1.151114702225e-06, 7.6800e+02, 1.2800e+02, 
 2DIAGNOSTIC,    29, -6.119977831841e-01, 1.091510057449e-06, 7.6800e+02, 0.0000e+00, 
 2DIAGNOSTIC,    30, -6.119978427887e-01, 1.065433025360e-06, 7.6800e+02, 0.0000e+00, 
 2DIAGNOSTIC,    31, -6.119976639748e-01, 1.020729541779e-06, 7.6800e+02, 0.0000e+00, 
DIAGNOSTIC,Iteration,metricValue,convergenceValue,ITERATION_TIME_INDEX,SINCE_LAST
 2DIAGNOSTIC,     1, -5.515354871750e-01, 1.797693134862e+308, 8.9600e+02, 1.2800e+02, 
 2DIAGNOSTIC,     2, -5.516390800476e-01, 1.797693134862e+308, 1.0240e+03, 1.2800e+02, 
 2DIAGNOSTIC,     3, -5.517516732216e-01, 1.797693134862e+308, 1.1520e+03, 1.2800e+02, 
 2DIAGNOSTIC,     4, -5.517688989639e-01, 1.797693134862e+308, 1.4080e+03, 2.5600e+02, 
 2DIAGNOSTIC,     5, -5.517693758011e-01, 1.797693134862e+308, 1.5360e+03, 1.2800e+02, 
 2DIAGNOSTIC,     6, -5.517696142197e-01, 1.797693134862e+308, 1.6640e+03, 1.2800e+02, 
 2DIAGNOSTIC,     7, -5.517696142197e-01, 1.797693134862e+308, 1.7920e+03, 1.2800e+02, 
 2DIAGNOSTIC,     8, -5.517698526382e-01, 1.797693134862e+308, 1.9200e+03, 1.2800e+02, 
 2DIAGNOSTIC,     9, -5.517699718475e-01, 1.797693134862e+308, 2.0480e+03, 1.2800e+02, 
 2DIAGNOSTIC,    10, -5.517695546150e-01, 2.180784940720e-05, 2.1760e+03, 1.2800e+02, 
 2DIAGNOSTIC,    11, -5.517699122429e-01, 9.804964065552e-06, 2.3040e+03, 1.2800e+02, 
 2DIAGNOSTIC,    12, -5.517698526382e-01, 3.494322299957e-06, 2.5600e+03, 2.5600e+02, 
 2DIAGNOSTIC,    13, -5.517696142197e-01, 2.503395080566e-06, 2.6880e+03, 1.2800e+02, 
 2DIAGNOSTIC,    14, -5.517699718475e-01, 2.302229404449e-06, 2.8160e+03, 1.2800e+02, 
 2DIAGNOSTIC,    15, -5.517697930336e-01, 2.130866050720e-06, 2.9440e+03, 1.2800e+02, 
 2DIAGNOSTIC,    16, -5.517699718475e-01, 1.996755599976e-06, 3.0720e+03, 1.2800e+02, 
 2DIAGNOSTIC,    17, -5.517698526382e-01, 1.877546310425e-06, 3.2000e+03, 1.2800e+02, 
 2DIAGNOSTIC,    18, -5.517697334290e-01, 1.765787601471e-06, 3.3280e+03, 1.2800e+02, 
 2DIAGNOSTIC,    19, -5.517697930336e-01, 1.680105924606e-06, 3.5840e+03, 2.5600e+02, 
 2DIAGNOSTIC,    20, -5.517697930336e-01, 1.590698957443e-06, 3.7120e+03, 1.2800e+02, 
 2DIAGNOSTIC,    21, -5.517695546150e-01, 1.505017280579e-06, 3.8400e+03, 1.2800e+02, 
 2DIAGNOSTIC,    22, -5.517694354057e-01, 1.426786184311e-06, 3.9680e+03, 1.2800e+02, 
 2DIAGNOSTIC,    23, -5.517695546150e-01, 1.363456249237e-06, 4.0960e+03, 1.2800e+02, 
 2DIAGNOSTIC,    24, -5.517696142197e-01, 1.300126314163e-06, 4.2240e+03, 1.2800e+02, 
 2DIAGNOSTIC,    25, -5.517696142197e-01, 1.251697540283e-06, 4.3520e+03, 1.2800e+02, 
 2DIAGNOSTIC,    26, -5.517694950104e-01, 1.210719347000e-06, 4.4800e+03, 1.2800e+02, 
 2DIAGNOSTIC,    27, -5.517694354057e-01, 1.162290573120e-06, 4.6080e+03, 1.2800e+02, 
 2DIAGNOSTIC,    28, -5.517694354057e-01, 1.125037670135e-06, 4.7360e+03, 1.2800e+02, 
 2DIAGNOSTIC,    29, -5.517694950104e-01, 1.087784767151e-06, 4.8640e+03, 1.2800e+02, 
 2DIAGNOSTIC,    30, -5.517696142197e-01, 1.057982444763e-06, 4.9920e+03, 1.2800e+02, 
 2DIAGNOSTIC,    31, -5.517696738243e-01, 1.024454832077e-06, 5.1200e+03, 1.2800e+02, 
  Elapsed time (stage 0): 5.2480e+03


Total elapsed time: 5.2480e+03
-i /mnt/lustre/mathdugre/fast-interpolate/datasets/ds004513/derivatives/flint/ants/flint-vprec-single/sub-s014/ses-open/anat/1/1_Rigid.nii.gz -o /mnt/lustre/mathdugre/fast-interpolate/datasets/ds004513/derivatives/flint/ants/flint-vprec-single/sub-s014/ses-open/anat/11/1_transformed.nii.gz -t /mnt/lustre/mathdugre/fast-interpolate/datasets/ds004513/derivatives/flint/ants/flint-vprec-single/sub-s014/ses-open/anat/11/1_0GenericAffine.mat
