---------------------
Experiment information

SIF_IMG: /mnt/lustre/mathdugre/containers/ants-flint-base.simg
SIF_IMG_BASE: /mnt/lustre/mathdugre/containers/ants-flint-base.simg
EXPERIMENT_NAME: flint-vprec-single-five-levels
STAGE: syn
SUBJECT_ID: s031
REPETITION_ID: 1

FIXED_IMG: /templateflow/tpl-MNI152NLin2009cAsym/tpl-MNI152NLin2009cAsym_res-01_desc-brain_T1w.nii.gz
INPUT_IMG: /mnt/lustre/mathdugre/fast-interpolate/datasets/ds004513/derivatives/flint/ants/flint-vprec-single-five-levels/sub-s031/ses-open/anat/11/1_Affine.nii.gz

DATA_DIR: /mnt/lustre/mathdugre/fast-interpolate/datasets/ds004513
OUTPUT_DIR: /mnt/lustre/mathdugre/fast-interpolate/datasets/ds004513/derivatives/flint/ants/flint-vprec-single-five-levels/sub-s031/ses-open/anat
OUTPUT_PREFIX: 110
THREAD: 1
FLOAT: 0
VFC_BACKENDS: ieee
---------------------

--output [/mnt/lustre/mathdugre/fast-interpolate/datasets/ds004513/derivatives/flint/ants/flint-vprec-single-five-levels/sub-s031/ses-open/anat/110/1_,/mnt/lustre/mathdugre/fast-interpolate/datasets/ds004513/derivatives/flint/ants/flint-vprec-single-five-levels/sub-s031/ses-open/anat/110/1_Warped.nii.gz,/mnt/lustre/mathdugre/fast-interpolate/datasets/ds004513/derivatives/flint/ants/flint-vprec-single-five-levels/sub-s031/ses-open/anat/110/1_InverseSyN.nii.gz] --initial-moving-transform [/templateflow/tpl-MNI152NLin2009cAsym/tpl-MNI152NLin2009cAsym_res-01_desc-brain_T1w.nii.gz,/mnt/lustre/mathdugre/fast-interpolate/datasets/ds004513/derivatives/flint/ants/flint-vprec-single-five-levels/sub-s031/ses-open/anat/11/1_Affine.nii.gz,1] --transform SyN[ 0.1,3,0 ] --metric CC[/templateflow/tpl-MNI152NLin2009cAsym/tpl-MNI152NLin2009cAsym_res-01_desc-brain_T1w.nii.gz,/mnt/lustre/mathdugre/fast-interpolate/datasets/ds004513/derivatives/flint/ants/flint-vprec-single-five-levels/sub-s031/ses-open/anat/11/1_Affine.nii.gz,1,4] --convergence [100x100x70x50x20,1e-6,10] --shrink-factors 16x8x4x2x1 --smoothing-sigmas 4x3x2x1x0vox
All_Command_lines_OK
Using double precision for computations.
=============================================================================
The composite transform comprises the following transforms (in order): 
  1. Center of mass alignment using fixed image: /templateflow/tpl-MNI152NLin2009cAsym/tpl-MNI152NLin2009cAsym_res-01_desc-brain_T1w.nii.gz and moving image: /mnt/lustre/mathdugre/fast-interpolate/datasets/ds004513/derivatives/flint/ants/flint-vprec-single-five-levels/sub-s031/ses-open/anat/11/1_Affine.nii.gz (type = Euler3DTransform)
=============================================================================
  number of levels = 5
  fixed image: /templateflow/tpl-MNI152NLin2009cAsym/tpl-MNI152NLin2009cAsym_res-01_desc-brain_T1w.nii.gz
  moving image: /mnt/lustre/mathdugre/fast-interpolate/datasets/ds004513/derivatives/flint/ants/flint-vprec-single-five-levels/sub-s031/ses-open/anat/11/1_Affine.nii.gz
Dimension = 3
Number of stages = 1
Use histogram matching = false
Winsorize image intensities = true
  Lower quantile = 0.005
  Upper quantile = 0.995


Stage 1 State
   Image metric = CC
     Fixed image = Image (0x5620f8f88d90)
  RTTI typeinfo:   itk::Image<double, 3u>
  Reference Count: 2
  Modified Time: 1622
  Debug: Off
  Object Name: 
  Observers: 
    none
  Source: (none)
  Source output name: (none)
  Release Data: Off
  Data Released: False
  Global Release Data: Off
  PipelineMTime: 0
  UpdateMTime: 1407
  RealTimeStamp: 0 seconds 
  LargestPossibleRegion: 
    Dimension: 3
    Index: [0, 0, 0]
    Size: [193, 229, 193]
  BufferedRegion: 
    Dimension: 3
    Index: [0, 0, 0]
    Size: [193, 229, 193]
  RequestedRegion: 
    Dimension: 3
    Index: [0, 0, 0]
    Size: [193, 229, 193]
  Spacing: [1, 1, 1]
  Origin: [96, 132, -78]
  Direction: 
-1 0 0
0 -1 0
0 0 1

  IndexToPointMatrix: 
-1 0 0
0 -1 0
0 0 1

  PointToIndexMatrix: 
-1 0 0
0 -1 0
0 0 1

  Inverse Direction: 
-1 0 0
0 -1 0
0 0 1

  PixelContainer: 
    ImportImageContainer (0x5620f8f97250)
      RTTI typeinfo:   itk::ImportImageContainer<unsigned long, double>
      Reference Count: 1
      Modified Time: 1404
      Debug: Off
      Object Name: 
      Observers: 
        none
      Pointer: 0x7f87ccc03010
      Container manages memory: true
      Size: 8530021
      Capacity: 8530021

     Moving image = Image (0x5620f8f8f1f0)
  RTTI typeinfo:   itk::Image<double, 3u>
  Reference Count: 2
  Modified Time: 1623
  Debug: Off
  Object Name: 
  Observers: 
    none
  Source: (none)
  Source output name: (none)
  Release Data: Off
  Data Released: False
  Global Release Data: Off
  PipelineMTime: 0
  UpdateMTime: 1620
  RealTimeStamp: 0 seconds 
  LargestPossibleRegion: 
    Dimension: 3
    Index: [0, 0, 0]
    Size: [193, 229, 193]
  BufferedRegion: 
    Dimension: 3
    Index: [0, 0, 0]
    Size: [193, 229, 193]
  RequestedRegion: 
    Dimension: 3
    Index: [0, 0, 0]
    Size: [193, 229, 193]
  Spacing: [1, 1, 1]
  Origin: [96, 132, -78]
  Direction: 
-1 0 0
0 -1 0
0 0 1

  IndexToPointMatrix: 
-1 0 0
0 -1 0
0 0 1

  PointToIndexMatrix: 
-1 0 0
0 -1 0
0 0 1

  Inverse Direction: 
-1 0 0
0 -1 0
0 0 1

  PixelContainer: 
    ImportImageContainer (0x5620f8f9ba60)
      RTTI typeinfo:   itk::ImportImageContainer<unsigned long, double>
      Reference Count: 1
      Modified Time: 1617
      Debug: Off
      Object Name: 
      Observers: 
        none
      Pointer: 0x7f87c8aee010
      Container manages memory: true
      Size: 8530021
      Capacity: 8530021

     Weighting = 1
     Sampling strategy = none
     Number of bins = 32
     Radius = 4
     Sampling percentage  = 1
   Transform = SyN
     Gradient step = 0.1
     Update field sigma (voxel space) = 3
     Total field sigma (voxel space) = 0
     Update field time sigma = 0
     Total field time sigma  = 0
     Number of time indices = 0
     Number of time point samples = 0
Registration using 1 total stages.

Stage 0
  iterations = 100x100x70x50x20
  convergence threshold = 1e-06
  convergence window size = 10
  number of levels = 5
  using the CC metric (radius = 4, weight = 1, use gradient filter = 0)
  preprocessing:  winsorizing the image intensities
  Shrink factors (level 1 out of 5): [16, 16, 16]
  Shrink factors (level 2 out of 5): [8, 8, 8]
  Shrink factors (level 3 out of 5): [4, 4, 4]
  Shrink factors (level 4 out of 5): [2, 2, 2]
  Shrink factors (level 5 out of 5): [1, 1, 1]
  smoothing sigmas per level: [4, 3, 2, 1, 0]
  Using default NONE metricSamplingStrategy 

*** Running SyN registration (varianceForUpdateField = 3, varianceForTotalField = 0) ***

XXDIAGNOSTIC,Iteration,metricValue,convergenceValue,ITERATION_TIME_INDEX,SINCE_LAST
 1DIAGNOSTIC,     1, -9.838657142834e-01, 1.797693134862e+308, 1.5182e+00, 1.5182e+00, 
 1DIAGNOSTIC,     2, -9.881415243725e-01, 1.797693134862e+308, 1.6083e+00, 9.0072e-02, 
 1DIAGNOSTIC,     3, -9.893270593632e-01, 1.797693134862e+308, 1.6978e+00, 8.9536e-02, 
 1DIAGNOSTIC,     4, -9.899548078745e-01, 1.797693134862e+308, 1.7869e+00, 8.9089e-02, 
 1DIAGNOSTIC,     5, -9.909867656800e-01, 1.797693134862e+308, 1.8757e+00, 8.8782e-02, 
 1DIAGNOSTIC,     6, -9.899517599238e-01, 1.797693134862e+308, 1.9646e+00, 8.8860e-02, 
 1DIAGNOSTIC,     7, -9.915652427582e-01, 1.797693134862e+308, 2.0534e+00, 8.8783e-02, 
 1DIAGNOSTIC,     8, -9.898906202520e-01, 1.797693134862e+308, 2.1421e+00, 8.8791e-02, 
 1DIAGNOSTIC,     9, -9.916595970854e-01, 1.797693134862e+308, 2.2306e+00, 8.8408e-02, 
 1DIAGNOSTIC,    10, -9.899216974345e-01, 2.934285672474e-04, 2.3191e+00, 8.8503e-02, 
 1DIAGNOSTIC,    11, -9.915947546505e-01, 1.314678242341e-04, 2.4074e+00, 8.8375e-02, 
 1DIAGNOSTIC,    12, -9.900225817880e-01, 4.812552910782e-05, 2.4958e+00, 8.8331e-02, 
 1DIAGNOSTIC,    13, -9.914808289639e-01, 3.255417631243e-05, 2.5843e+00, 8.8511e-02, 
 1DIAGNOSTIC,    14, -9.901253453844e-01, 1.992027894443e-07, 2.6727e+00, 8.8408e-02, 
XXDIAGNOSTIC,Iteration,metricValue,convergenceValue,ITERATION_TIME_INDEX,SINCE_LAST
 1DIAGNOSTIC,     1, -9.580223507674e-01, 1.797693134862e+308, 4.8344e+00, 2.1617e+00, 
 1DIAGNOSTIC,     2, -9.611850971306e-01, 1.797693134862e+308, 5.5847e+00, 7.5031e-01, 
 1DIAGNOSTIC,     3, -9.637946705846e-01, 1.797693134862e+308, 6.3358e+00, 7.5106e-01, 
 1DIAGNOSTIC,     4, -9.660075489145e-01, 1.797693134862e+308, 7.0826e+00, 7.4680e-01, 
 1DIAGNOSTIC,     5, -9.686088924872e-01, 1.797693134862e+308, 7.8263e+00, 7.4377e-01, 
 1DIAGNOSTIC,     6, -9.709705416909e-01, 1.797693134862e+308, 8.5646e+00, 7.3828e-01, 
 1DIAGNOSTIC,     7, -9.726675009876e-01, 1.797693134862e+308, 9.3077e+00, 7.4311e-01, 
 1DIAGNOSTIC,     8, -9.738273615634e-01, 1.797693134862e+308, 1.0053e+01, 7.4480e-01, 
 1DIAGNOSTIC,     9, -9.746277700309e-01, 1.797693134862e+308, 1.0798e+01, 7.4536e-01, 
 1DIAGNOSTIC,    10, -9.749041101899e-01, 1.152652307015e-03, 1.1545e+01, 7.4738e-01, 
 1DIAGNOSTIC,    11, -9.749509238707e-01, 8.624985723984e-04, 1.2293e+01, 7.4728e-01, 
 1DIAGNOSTIC,    12, -9.750841556425e-01, 6.236504558465e-04, 1.3040e+01, 7.4782e-01, 
 1DIAGNOSTIC,    13, -9.751351503191e-01, 4.251819569140e-04, 1.3787e+01, 7.4656e-01, 
 1DIAGNOSTIC,    14, -9.751480534250e-01, 2.626281751561e-04, 1.4532e+01, 7.4513e-01, 
 1DIAGNOSTIC,    15, -9.752683145516e-01, 1.505525374854e-04, 1.5276e+01, 7.4430e-01, 
 1DIAGNOSTIC,    16, -9.752394432918e-01, 8.113539571582e-05, 1.6020e+01, 7.4367e-01, 
 1DIAGNOSTIC,    17, -9.753717121657e-01, 4.379134099698e-05, 1.6763e+01, 7.4276e-01, 
 1DIAGNOSTIC,    18, -9.753282319601e-01, 2.452274432492e-05, 1.7506e+01, 7.4361e-01, 
 1DIAGNOSTIC,    19, -9.754448292221e-01, 1.924268068097e-05, 1.8250e+01, 7.4338e-01, 
 1DIAGNOSTIC,    20, -9.753917728026e-01, 1.608826415268e-05, 1.8992e+01, 7.4182e-01, 
 1DIAGNOSTIC,    21, -9.754914193690e-01, 1.390725398167e-05, 1.9734e+01, 7.4197e-01, 
 1DIAGNOSTIC,    22, -9.754357253774e-01, 1.176078710531e-05, 2.0476e+01, 7.4204e-01, 
 1DIAGNOSTIC,    23, -9.755240946266e-01, 1.063778723155e-05, 2.1219e+01, 7.4294e-01, 
 1DIAGNOSTIC,    24, -9.754645587269e-01, 8.115198461750e-06, 2.1965e+01, 7.4616e-01, 
 1DIAGNOSTIC,    25, -9.755473869093e-01, 7.574452947683e-06, 2.2712e+01, 7.4777e-01, 
 1DIAGNOSTIC,    26, -9.754883844847e-01, 5.435713612868e-06, 2.3460e+01, 7.4744e-01, 
 1DIAGNOSTIC,    27, -9.755682892027e-01, 5.395665632971e-06, 2.4208e+01, 7.4845e-01, 
 1DIAGNOSTIC,    28, -9.755081714549e-01, 3.827418444173e-06, 2.4959e+01, 7.5049e-01, 
 1DIAGNOSTIC,    29, -9.755891481293e-01, 4.142981438651e-06, 2.5708e+01, 7.4962e-01, 
 1DIAGNOSTIC,    30, -9.755294564138e-01, 3.005564694937e-06, 2.6459e+01, 7.5024e-01, 
 1DIAGNOSTIC,    31, -9.756079076914e-01, 3.471247914930e-06, 2.7209e+01, 7.5067e-01, 
 1DIAGNOSTIC,    32, -9.755480706655e-01, 2.581478971461e-06, 2.7960e+01, 7.5037e-01, 
 1DIAGNOSTIC,    33, -9.756234823257e-01, 3.078579915640e-06, 2.8708e+01, 7.4802e-01, 
 1DIAGNOSTIC,    34, -9.755630474691e-01, 2.278677838904e-06, 2.9456e+01, 7.4832e-01, 
 1DIAGNOSTIC,    35, -9.756360465598e-01, 2.728267141029e-06, 3.0207e+01, 7.5097e-01, 
 1DIAGNOSTIC,    36, -9.755757089588e-01, 1.978521409179e-06, 3.0957e+01, 7.5042e-01, 
 1DIAGNOSTIC,    37, -9.756460329738e-01, 2.380454473858e-06, 3.1703e+01, 7.4591e-01, 
 1DIAGNOSTIC,    38, -9.755858417218e-01, 1.660622197683e-06, 3.2444e+01, 7.4087e-01, 
 1DIAGNOSTIC,    39, -9.756565280761e-01, 2.062472060371e-06, 3.3185e+01, 7.4114e-01, 
 1DIAGNOSTIC,    40, -9.755981188724e-01, 1.433614889336e-06, 3.3928e+01, 7.4237e-01, 
 1DIAGNOSTIC,    41, -9.756722462783e-01, 1.886922957651e-06, 3.4671e+01, 7.4302e-01, 
 1DIAGNOSTIC,    42, -9.756162246883e-01, 1.379057385956e-06, 3.5416e+01, 7.4524e-01, 
 1DIAGNOSTIC,    43, -9.756800240613e-01, 1.805234654120e-06, 3.6163e+01, 7.4740e-01, 
 1DIAGNOSTIC,    44, -9.756205374607e-01, 1.290311439566e-06, 3.6905e+01, 7.4176e-01, 
 1DIAGNOSTIC,    45, -9.756841723058e-01, 1.653517427935e-06, 3.7651e+01, 7.4568e-01, 
 1DIAGNOSTIC,    46, -9.756247565900e-01, 1.126012376614e-06, 3.8395e+01, 7.4449e-01, 
 1DIAGNOSTIC,    47, -9.756914271494e-01, 1.452046530025e-06, 3.9140e+01, 7.4455e-01, 
 1DIAGNOSTIC,    48, -9.756313887693e-01, 9.366995848276e-07, 3.9884e+01, 7.4441e-01, 
XXDIAGNOSTIC,Iteration,metricValue,convergenceValue,ITERATION_TIME_INDEX,SINCE_LAST
 1DIAGNOSTIC,     1, -9.229914630621e-01, 1.797693134862e+308, 4.7515e+01, 7.6310e+00, 
 1DIAGNOSTIC,     2, -9.254008168268e-01, 1.797693134862e+308, 5.3662e+01, 6.1462e+00, 
 1DIAGNOSTIC,     3, -9.281432835654e-01, 1.797693134862e+308, 5.9848e+01, 6.1864e+00, 
 1DIAGNOSTIC,     4, -9.309863614473e-01, 1.797693134862e+308, 6.5988e+01, 6.1401e+00, 
 1DIAGNOSTIC,     5, -9.333818828994e-01, 1.797693134862e+308, 7.2109e+01, 6.1210e+00, 
 1DIAGNOSTIC,     6, -9.352460576827e-01, 1.797693134862e+308, 7.8291e+01, 6.1816e+00, 
 1DIAGNOSTIC,     7, -9.366992057408e-01, 1.797693134862e+308, 8.4450e+01, 6.1597e+00, 
 1DIAGNOSTIC,     8, -9.378760892979e-01, 1.797693134862e+308, 9.0664e+01, 6.2139e+00, 
 1DIAGNOSTIC,     9, -9.388272429559e-01, 1.797693134862e+308, 9.6857e+01, 6.1929e+00, 
 1DIAGNOSTIC,    10, -9.396173245779e-01, 1.165831482596e-03, 1.0308e+02, 6.2196e+00, 
 1DIAGNOSTIC,    11, -9.402897492702e-01, 9.094300446430e-04, 1.0934e+02, 6.2597e+00, 
 1DIAGNOSTIC,    12, -9.408734678779e-01, 6.897599849358e-04, 1.1558e+02, 6.2387e+00, 
 1DIAGNOSTIC,    13, -9.412396198357e-01, 5.137011995858e-04, 1.2184e+02, 6.2649e+00, 
 1DIAGNOSTIC,    14, -9.416653490984e-01, 3.866537654148e-04, 1.2806e+02, 6.2218e+00, 
 1DIAGNOSTIC,    15, -9.419067169361e-01, 2.942754702129e-04, 1.3437e+02, 6.3050e+00, 
 1DIAGNOSTIC,    16, -9.422978384109e-01, 2.290679441549e-04, 1.4062e+02, 6.2520e+00, 
 1DIAGNOSTIC,    17, -9.425106498622e-01, 1.799858954504e-04, 1.4689e+02, 6.2724e+00, 
 1DIAGNOSTIC,    18, -9.428680088356e-01, 1.455595644199e-04, 1.5312e+02, 6.2325e+00, 
 1DIAGNOSTIC,    19, -9.430432991086e-01, 1.191868199254e-04, 1.5939e+02, 6.2686e+00, 
 1DIAGNOSTIC,    20, -9.433634292433e-01, 1.012175877922e-04, 1.6566e+02, 6.2726e+00, 
 1DIAGNOSTIC,    21, -9.435093176260e-01, 8.728695150561e-05, 1.7192e+02, 6.2585e+00, 
 1DIAGNOSTIC,    22, -9.436629899280e-01, 7.670678594422e-05, 1.7820e+02, 6.2774e+00, 
 1DIAGNOSTIC,    23, -9.438178690149e-01, 6.677132358592e-05, 1.8448e+02, 6.2767e+00, 
 1DIAGNOSTIC,    24, -9.439732311815e-01, 5.881701767074e-05, 1.9073e+02, 6.2543e+00, 
 1DIAGNOSTIC,    25, -9.441267306236e-01, 5.077249073406e-05, 1.9699e+02, 6.2551e+00, 
 1DIAGNOSTIC,    26, -9.442699353038e-01, 4.487962177566e-05, 2.0325e+02, 6.2643e+00, 
 1DIAGNOSTIC,    27, -9.444091025144e-01, 3.918871054757e-05, 2.0951e+02, 6.2613e+00, 
 1DIAGNOSTIC,    28, -9.445448234151e-01, 3.562548481136e-05, 2.1578e+02, 6.2697e+00, 
 1DIAGNOSTIC,    29, -9.446798508918e-01, 3.220066013228e-05, 2.2201e+02, 6.2289e+00, 
 1DIAGNOSTIC,    30, -9.448101577117e-01, 3.057135284782e-05, 2.2829e+02, 6.2747e+00, 
 1DIAGNOSTIC,    31, -9.449359489258e-01, 2.887192450240e-05, 2.3453e+02, 6.2487e+00, 
 1DIAGNOSTIC,    32, -9.450569136755e-01, 2.720518750076e-05, 2.4086e+02, 6.3234e+00, 
 1DIAGNOSTIC,    33, -9.451730816286e-01, 2.560623592269e-05, 2.4713e+02, 6.2737e+00, 
 1DIAGNOSTIC,    34, -9.452851471868e-01, 2.410923761653e-05, 2.5341e+02, 6.2739e+00, 
 1DIAGNOSTIC,    35, -9.453932663842e-01, 2.272791415296e-05, 2.5970e+02, 6.2908e+00, 
 1DIAGNOSTIC,    36, -9.454983203285e-01, 2.140731949263e-05, 2.6600e+02, 6.3067e+00, 
 1DIAGNOSTIC,    37, -9.455997032421e-01, 2.014570936505e-05, 2.7232e+02, 6.3169e+00, 
 1DIAGNOSTIC,    38, -9.456980393611e-01, 1.895163211382e-05, 2.7860e+02, 6.2754e+00, 
 1DIAGNOSTIC,    39, -9.457937050510e-01, 1.785760027464e-05, 2.8487e+02, 6.2762e+00, 
 1DIAGNOSTIC,    40, -9.458851419368e-01, 1.684677977059e-05, 2.9117e+02, 6.2951e+00, 
 1DIAGNOSTIC,    41, -9.459727776398e-01, 1.590643693615e-05, 2.9747e+02, 6.3043e+00, 
 1DIAGNOSTIC,    42, -9.460567945886e-01, 1.502205673673e-05, 3.0374e+02, 6.2660e+00, 
 1DIAGNOSTIC,    43, -9.461371315002e-01, 1.417893475720e-05, 3.1003e+02, 6.2951e+00, 
 1DIAGNOSTIC,    44, -9.462140911243e-01, 1.337058353553e-05, 3.1635e+02, 6.3197e+00, 
 1DIAGNOSTIC,    45, -9.462882861851e-01, 1.259656753532e-05, 3.2261e+02, 6.2628e+00, 
 1DIAGNOSTIC,    46, -9.463642172450e-01, 1.189205105211e-05, 3.2888e+02, 6.2693e+00, 
 1DIAGNOSTIC,    47, -9.464330235450e-01, 1.122397665535e-05, 3.3517e+02, 6.2825e+00, 
 1DIAGNOSTIC,    48, -9.464994190333e-01, 1.059684763416e-05, 3.4142e+02, 6.2562e+00, 
 1DIAGNOSTIC,    49, -9.465633804519e-01, 1.001497210895e-05, 3.4771e+02, 6.2914e+00, 
 1DIAGNOSTIC,    50, -9.466257155824e-01, 9.475145569964e-06, 3.5400e+02, 6.2828e+00, 
 1DIAGNOSTIC,    51, -9.466867664621e-01, 8.977221251233e-06, 3.6027e+02, 6.2697e+00, 
 1DIAGNOSTIC,    52, -9.467450567386e-01, 8.512330964331e-06, 3.6656e+02, 6.2924e+00, 
 1DIAGNOSTIC,    53, -9.468029555640e-01, 8.084571255208e-06, 3.7287e+02, 6.3075e+00, 
 1DIAGNOSTIC,    54, -9.468593403693e-01, 7.690119977033e-06, 3.7914e+02, 6.2775e+00, 
 1DIAGNOSTIC,    55, -9.469151572285e-01, 7.331555419474e-06, 3.8542e+02, 6.2770e+00, 
 1DIAGNOSTIC,    56, -9.469700689187e-01, 7.033265719443e-06, 3.9174e+02, 6.3177e+00, 
 1DIAGNOSTIC,    57, -9.470237825498e-01, 6.764395052570e-06, 3.9804e+02, 6.3006e+00, 
 1DIAGNOSTIC,    58, -9.470769353063e-01, 6.522247269544e-06, 4.0436e+02, 6.3191e+00, 
 1DIAGNOSTIC,    59, -9.471282880518e-01, 6.295859486381e-06, 4.1064e+02, 6.2771e+00, 
 1DIAGNOSTIC,    60, -9.471766282258e-01, 6.072441827064e-06, 4.1688e+02, 6.2486e+00, 
 1DIAGNOSTIC,    61, -9.472245158490e-01, 5.855251483191e-06, 4.2320e+02, 6.3172e+00, 
 1DIAGNOSTIC,    62, -9.472661172331e-01, 5.611085862150e-06, 4.2949e+02, 6.2918e+00, 
 1DIAGNOSTIC,    63, -9.473108409441e-01, 5.369473465737e-06, 4.3577e+02, 6.2803e+00, 
 1DIAGNOSTIC,    64, -9.473545109037e-01, 5.132185803034e-06, 4.4205e+02, 6.2760e+00, 
 1DIAGNOSTIC,    65, -9.474002796220e-01, 4.920981862937e-06, 4.4834e+02, 6.2956e+00, 
 1DIAGNOSTIC,    66, -9.474424856986e-01, 4.727073073023e-06, 4.5466e+02, 6.3195e+00, 
 1DIAGNOSTIC,    67, -9.474838180984e-01, 4.552517011962e-06, 4.6097e+02, 6.3046e+00, 
 1DIAGNOSTIC,    68, -9.475243705571e-01, 4.400508979398e-06, 4.6729e+02, 6.3203e+00, 
 1DIAGNOSTIC,    69, -9.475641740128e-01, 4.266806198486e-06, 4.7360e+02, 6.3070e+00, 
 1DIAGNOSTIC,    70, -9.476034172200e-01, 4.141827388287e-06, 4.7992e+02, 6.3280e+00, 
XXDIAGNOSTIC,Iteration,metricValue,convergenceValue,ITERATION_TIME_INDEX,SINCE_LAST
 1DIAGNOSTIC,     1, -8.966687126174e-01, 1.797693134862e+308, 5.3219e+02, 5.2264e+01, 
 1DIAGNOSTIC,     2, -8.989077789511e-01, 1.797693134862e+308, 5.8281e+02, 5.0623e+01, 
 1DIAGNOSTIC,     3, -9.015199886844e-01, 1.797693134862e+308, 6.3332e+02, 5.0506e+01, 
 1DIAGNOSTIC,     4, -9.038288215278e-01, 1.797693134862e+308, 6.8393e+02, 5.0612e+01, 
 1DIAGNOSTIC,     5, -9.060174403035e-01, 1.797693134862e+308, 7.3459e+02, 5.0663e+01, 
 1DIAGNOSTIC,     6, -9.079231001378e-01, 1.797693134862e+308, 7.8542e+02, 5.0831e+01, 
 1DIAGNOSTIC,     7, -9.096496793232e-01, 1.797693134862e+308, 8.3609e+02, 5.0664e+01, 
 1DIAGNOSTIC,     8, -9.112206067696e-01, 1.797693134862e+308, 8.8709e+02, 5.0999e+01, 
 1DIAGNOSTIC,     9, -9.126936304086e-01, 1.797693134862e+308, 9.3781e+02, 5.0721e+01, 
 1DIAGNOSTIC,    10, -9.138702988309e-01, 1.229057352401e-03, 9.8875e+02, 5.0938e+01, 
 1DIAGNOSTIC,    11, -9.149734361479e-01, 1.022497776407e-03, 1.0393e+03, 5.0538e+01, 
 1DIAGNOSTIC,    12, -9.158765442584e-01, 8.399806363396e-04, 1.0902e+03, 5.0874e+01, 
 1DIAGNOSTIC,    13, -9.168275766822e-01, 6.949473026913e-04, 1.1408e+03, 5.0619e+01, 
 1DIAGNOSTIC,    14, -9.175919791394e-01, 5.755413145422e-04, 1.1916e+03, 5.0800e+01, 
 1DIAGNOSTIC,    15, -9.184122926312e-01, 4.818386027180e-04, 1.2425e+03, 5.0955e+01, 
 1DIAGNOSTIC,    16, -9.190646159161e-01, 4.052690420937e-04, 1.2934e+03, 5.0855e+01, 
 1DIAGNOSTIC,    17, -9.196710421579e-01, 3.429908991723e-04, 1.3440e+03, 5.0636e+01, 
 1DIAGNOSTIC,    18, -9.202442544846e-01, 2.928446005064e-04, 1.3949e+03, 5.0891e+01, 
 1DIAGNOSTIC,    19, -9.209037901632e-01, 2.556514087150e-04, 1.4457e+03, 5.0812e+01, 
 1DIAGNOSTIC,    20, -9.214222519928e-01, 2.246089669785e-04, 1.4965e+03, 5.0810e+01, 
 1DIAGNOSTIC,    21, -9.219091290263e-01, 1.991203060235e-04, 1.5472e+03, 5.0680e+01, 
 1DIAGNOSTIC,    22, -9.223646301765e-01, 1.765122833492e-04, 1.5981e+03, 5.0867e+01, 
 1DIAGNOSTIC,    23, -9.228945208537e-01, 1.593460336724e-04, 1.6489e+03, 5.0816e+01, 
 1DIAGNOSTIC,    24, -9.232662655291e-01, 1.432464655905e-04, 1.6997e+03, 5.0792e+01, 
 1DIAGNOSTIC,    25, -9.236111290947e-01, 1.294622510836e-04, 1.7506e+03, 5.0870e+01, 
 1DIAGNOSTIC,    26, -9.239351781304e-01, 1.162630412464e-04, 1.8014e+03, 5.0877e+01, 
 1DIAGNOSTIC,    27, -9.242403674010e-01, 1.035824785932e-04, 1.8523e+03, 5.0825e+01, 
 1DIAGNOSTIC,    28, -9.245333986225e-01, 9.158787025256e-05, 1.9032e+03, 5.0907e+01, 
 1DIAGNOSTIC,    29, -9.248133941156e-01, 8.183005697292e-05, 1.9539e+03, 5.0713e+01, 
 1DIAGNOSTIC,    30, -9.250863197169e-01, 7.320134091227e-05, 2.0046e+03, 5.0718e+01, 
 1DIAGNOSTIC,    31, -9.253606274485e-01, 6.584130883133e-05, 2.0555e+03, 5.0880e+01, 
 1DIAGNOSTIC,    32, -9.256360323783e-01, 5.976574299809e-05, 2.1063e+03, 5.0861e+01, 
 1DIAGNOSTIC,    33, -9.259145068128e-01, 5.600175698585e-05, 2.1572e+03, 5.0812e+01, 
 1DIAGNOSTIC,    34, -9.261964101390e-01, 5.312143683828e-05, 2.2080e+03, 5.0884e+01, 
 1DIAGNOSTIC,    35, -9.264862660514e-01, 5.099909008414e-05, 2.2590e+03, 5.0944e+01, 
 1DIAGNOSTIC,    36, -9.267788722144e-01, 4.947209891509e-05, 2.3100e+03, 5.0974e+01, 
 1DIAGNOSTIC,    37, -9.270663571013e-01, 4.830128543484e-05, 2.3607e+03, 5.0793e+01, 
 1DIAGNOSTIC,    38, -9.273517462760e-01, 4.732963415889e-05, 2.4117e+03, 5.0941e+01, 
 1DIAGNOSTIC,    39, -9.276298065466e-01, 4.635187681199e-05, 2.4627e+03, 5.0973e+01, 
 1DIAGNOSTIC,    40, -9.279061982385e-01, 4.527705910094e-05, 2.5135e+03, 5.0868e+01, 
 1DIAGNOSTIC,    41, -9.281715136655e-01, 4.402964915503e-05, 2.5644e+03, 5.0890e+01, 
 1DIAGNOSTIC,    42, -9.284137503174e-01, 4.247549450924e-05, 2.6154e+03, 5.0985e+01, 
 1DIAGNOSTIC,    43, -9.286291933658e-01, 4.051754240459e-05, 2.6663e+03, 5.0898e+01, 
 1DIAGNOSTIC,    44, -9.288214644979e-01, 3.813794815387e-05, 2.7172e+03, 5.0866e+01, 
 1DIAGNOSTIC,    45, -9.289954618289e-01, 3.543212551375e-05, 2.7681e+03, 5.0932e+01, 
 1DIAGNOSTIC,    46, -9.291492082658e-01, 3.248167469734e-05, 2.8190e+03, 5.0902e+01, 
 1DIAGNOSTIC,    47, -9.292904939540e-01, 2.939783668776e-05, 2.8698e+03, 5.0787e+01, 
 1DIAGNOSTIC,    48, -9.294182465821e-01, 2.631991057829e-05, 2.9208e+03, 5.1007e+01, 
 1DIAGNOSTIC,    49, -9.295348218460e-01, 2.336663220059e-05, 2.9717e+03, 5.0925e+01, 
 1DIAGNOSTIC,    50, -9.296409976652e-01, 2.068722836381e-05, 3.0227e+03, 5.0943e+01, 
XXDIAGNOSTIC,Iteration,metricValue,convergenceValue,ITERATION_TIME_INDEX,SINCE_LAST
 1DIAGNOSTIC,     1, -8.936289950476e-01, 1.797693134862e+308, 3.4418e+03, 4.1909e+02, 
 1DIAGNOSTIC,     2, -8.947688943644e-01, 1.797693134862e+308, 3.8546e+03, 4.1283e+02, 
 1DIAGNOSTIC,     3, -8.962891031855e-01, 1.797693134862e+308, 4.2658e+03, 4.1122e+02, 
 1DIAGNOSTIC,     4, -8.978575324854e-01, 1.797693134862e+308, 4.6766e+03, 4.1078e+02, 
 1DIAGNOSTIC,     5, -8.993881004664e-01, 1.797693134862e+308, 5.0874e+03, 4.1077e+02, 
 1DIAGNOSTIC,     6, -9.008051203382e-01, 1.797693134862e+308, 5.4984e+03, 4.1100e+02, 
 1DIAGNOSTIC,     7, -9.021159785510e-01, 1.797693134862e+308, 5.9093e+03, 4.1092e+02, 
 1DIAGNOSTIC,     8, -9.033334065167e-01, 1.797693134862e+308, 6.3201e+03, 4.1085e+02, 
 1DIAGNOSTIC,     9, -9.044644194229e-01, 1.797693134862e+308, 6.7309e+03, 4.1078e+02, 
 1DIAGNOSTIC,    10, -9.055241470863e-01, 8.728273559754e-04, 7.1428e+03, 4.1188e+02, 
 1DIAGNOSTIC,    11, -9.065007106840e-01, 7.632075555876e-04, 7.5550e+03, 4.1222e+02, 
 1DIAGNOSTIC,    12, -9.073611115395e-01, 6.556208169103e-04, 7.9675e+03, 4.1247e+02, 
 1DIAGNOSTIC,    13, -9.081539428352e-01, 5.611289605478e-04, 8.3809e+03, 4.1345e+02, 
 1DIAGNOSTIC,    14, -9.089390553404e-01, 4.817857232724e-04, 8.7939e+03, 4.1295e+02, 
 1DIAGNOSTIC,    15, -9.095797615740e-01, 4.142829775049e-04, 9.2065e+03, 4.1262e+02, 
 1DIAGNOSTIC,    16, -9.102746505652e-01, 3.585540463227e-04, 9.6203e+03, 4.1379e+02, 
 1DIAGNOSTIC,    17, -9.109036903818e-01, 3.120506802249e-04, 1.0034e+04, 4.1402e+02, 
 1DIAGNOSTIC,    18, -9.113731129400e-01, 2.711781669798e-04, 1.0448e+04, 4.1374e+02, 
 1DIAGNOSTIC,    19, -9.118190392178e-01, 2.354715000870e-04, 1.0862e+04, 4.1347e+02, 
 1DIAGNOSTIC,    20, -9.122395354933e-01, 2.046108844088e-04, 1.1272e+04, 4.1053e+02, 
  Elapsed time (stage 0): 11275.3


Total elapsed time: 11275.3
-i /mnt/lustre/mathdugre/fast-interpolate/datasets/ds004513/derivatives/flint/ants/flint-vprec-single-five-levels/sub-s031/ses-open/anat/11/1_Affine.nii.gz -o /mnt/lustre/mathdugre/fast-interpolate/datasets/ds004513/derivatives/flint/ants/flint-vprec-single-five-levels/sub-s031/ses-open/anat/110/1_transformed.nii.gz -t /mnt/lustre/mathdugre/fast-interpolate/datasets/ds004513/derivatives/flint/ants/flint-vprec-single-five-levels/sub-s031/ses-open/anat/110/1_1Warp.nii.gz -t /mnt/lustre/mathdugre/fast-interpolate/datasets/ds004513/derivatives/flint/ants/flint-vprec-single-five-levels/sub-s031/ses-open/anat/110/1_0GenericAffine.mat
