---------------------
Experiment information

SIF_IMG: /mnt/lustre/mathdugre/containers/ants-flint-base.simg
SIF_IMG_BASE: /mnt/lustre/mathdugre/containers/ants-flint-base.simg
EXPERIMENT_NAME: flint-vprec-single
STAGE: rigid
SUBJECT_ID: s037
REPETITION_ID: 1

FIXED_IMG: /templateflow/tpl-MNI152NLin2009cAsym/tpl-MNI152NLin2009cAsym_res-01_desc-brain_T1w.nii.gz
INPUT_IMG: /mnt/lustre/mathdugre/fast-interpolate/datasets/ds004513/derivatives/fsl/fast/sub-s037/ses-open/anat/BrainExtractionBrain_seg.nii.gz

DATA_DIR: /mnt/lustre/mathdugre/fast-interpolate/datasets/ds004513
OUTPUT_DIR: /mnt/lustre/mathdugre/fast-interpolate/datasets/ds004513/derivatives/flint/ants/flint-vprec-single/sub-s037/ses-open/anat
OUTPUT_PREFIX: 0
THREAD: 1
FLOAT: 0
VFC_BACKENDS: ieee
---------------------

--output [/mnt/lustre/mathdugre/fast-interpolate/datasets/ds004513/derivatives/flint/ants/flint-vprec-single/sub-s037/ses-open/anat/0/1_,/mnt/lustre/mathdugre/fast-interpolate/datasets/ds004513/derivatives/flint/ants/flint-vprec-single/sub-s037/ses-open/anat/0/1_Rigid.nii.gz,/mnt/lustre/mathdugre/fast-interpolate/datasets/ds004513/derivatives/flint/ants/flint-vprec-single/sub-s037/ses-open/anat/0/1_InverseRigid.nii.gz] --initial-moving-transform [/templateflow/tpl-MNI152NLin2009cAsym/tpl-MNI152NLin2009cAsym_res-01_desc-brain_T1w.nii.gz,/mnt/lustre/mathdugre/fast-interpolate/datasets/ds004513/derivatives/fsl/fast/sub-s037/ses-open/anat/BrainExtractionBrain_seg.nii.gz,1] --transform Rigid[0.1] --metric MI[/templateflow/tpl-MNI152NLin2009cAsym/tpl-MNI152NLin2009cAsym_res-01_desc-brain_T1w.nii.gz,/mnt/lustre/mathdugre/fast-interpolate/datasets/ds004513/derivatives/fsl/fast/sub-s037/ses-open/anat/BrainExtractionBrain_seg.nii.gz,1,32,Regular,0.25] --convergence [1000x500x250x100,1e-6,10] --shrink-factors 8x4x2x1 --smoothing-sigmas 3x2x1x0vox
All_Command_lines_OK
Using double precision for computations.
=============================================================================
The composite transform comprises the following transforms (in order): 
  1. Center of mass alignment using fixed image: /templateflow/tpl-MNI152NLin2009cAsym/tpl-MNI152NLin2009cAsym_res-01_desc-brain_T1w.nii.gz and moving image: /mnt/lustre/mathdugre/fast-interpolate/datasets/ds004513/derivatives/fsl/fast/sub-s037/ses-open/anat/BrainExtractionBrain_seg.nii.gz (type = Euler3DTransform)
=============================================================================
  number of levels = 4
  fixed image: /templateflow/tpl-MNI152NLin2009cAsym/tpl-MNI152NLin2009cAsym_res-01_desc-brain_T1w.nii.gz
  moving image: /mnt/lustre/mathdugre/fast-interpolate/datasets/ds004513/derivatives/fsl/fast/sub-s037/ses-open/anat/BrainExtractionBrain_seg.nii.gz
Dimension = 3
Number of stages = 1
Use histogram matching = false
Winsorize image intensities = true
  Lower quantile = 0.005
  Upper quantile = 0.995


Stage 1 State
   Image metric = MattesMI
     Fixed image = Image (0x55a2c6bd7f10)
  RTTI typeinfo:   itk::Image<double, 3u>
  Reference Count: 2
  Modified Time: 1622
  Debug: Off
  Object Name: 
  Observers: 
    none
  Source: (none)
  Source output name: (none)
  Release Data: Off
  Data Released: False
  Global Release Data: Off
  PipelineMTime: 0
  UpdateMTime: 1407
  RealTimeStamp: 0 seconds 
  LargestPossibleRegion: 
    Dimension: 3
    Index: [0, 0, 0]
    Size: [193, 229, 193]
  BufferedRegion: 
    Dimension: 3
    Index: [0, 0, 0]
    Size: [193, 229, 193]
  RequestedRegion: 
    Dimension: 3
    Index: [0, 0, 0]
    Size: [193, 229, 193]
  Spacing: [1, 1, 1]
  Origin: [96, 132, -78]
  Direction: 
-1 0 0
0 -1 0
0 0 1

  IndexToPointMatrix: 
-1 0 0
0 -1 0
0 0 1

  PointToIndexMatrix: 
-1 0 0
0 -1 0
0 0 1

  Inverse Direction: 
-1 0 0
0 -1 0
0 0 1

  PixelContainer: 
    ImportImageContainer (0x55a2c6bea910)
      RTTI typeinfo:   itk::ImportImageContainer<unsigned long, double>
      Reference Count: 1
      Modified Time: 1404
      Debug: Off
      Object Name: 
      Observers: 
        none
      Pointer: 0x7f87eb7cd010
      Container manages memory: true
      Size: 8530021
      Capacity: 8530021

     Moving image = Image (0x55a2c6bea980)
  RTTI typeinfo:   itk::Image<double, 3u>
  Reference Count: 2
  Modified Time: 1623
  Debug: Off
  Object Name: 
  Observers: 
    none
  Source: (none)
  Source output name: (none)
  Release Data: Off
  Data Released: False
  Global Release Data: Off
  PipelineMTime: 0
  UpdateMTime: 1620
  RealTimeStamp: 0 seconds 
  LargestPossibleRegion: 
    Dimension: 3
    Index: [0, 0, 0]
    Size: [160, 240, 256]
  BufferedRegion: 
    Dimension: 3
    Index: [0, 0, 0]
    Size: [160, 240, 256]
  RequestedRegion: 
    Dimension: 3
    Index: [0, 0, 0]
    Size: [160, 240, 256]
  Spacing: [1, 1, 1]
  Origin: [87.9508, 102.562, -147.639]
  Direction: 
-0.998659 -0.0436121 -0.0279129
0.043595 -0.999049 0.00121847
-0.0279395 -2.65543e-08 0.99961

  IndexToPointMatrix: 
-0.998659 -0.0436121 -0.0279129
0.043595 -0.999049 0.00121847
-0.0279395 -2.65543e-08 0.99961

  PointToIndexMatrix: 
-0.998659 0.043595 -0.0279395
-0.0436121 -0.999049 -2.65517e-08
-0.0279129 0.00121847 0.99961

  Inverse Direction: 
-0.998659 0.043595 -0.0279395
-0.0436121 -0.999049 -2.65517e-08
-0.0279129 0.00121847 0.99961

  PixelContainer: 
    ImportImageContainer (0x55a2c6be6090)
      RTTI typeinfo:   itk::ImportImageContainer<unsigned long, double>
      Reference Count: 1
      Modified Time: 1617
      Debug: Off
      Object Name: 
      Observers: 
        none
      Pointer: 0x7f87e6ccc010
      Container manages memory: true
      Size: 9830400
      Capacity: 9830400

     Weighting = 1
     Sampling strategy = regular
     Number of bins = 32
     Radius = 4
     Sampling percentage  = 0.25
   Transform = Rigid
     Gradient step = 0.1
     Update field sigma (voxel space) = 0
     Total field sigma (voxel space) = 0
     Update field time sigma = 0
     Total field time sigma  = 0
     Number of time indices = 0
     Number of time point samples = 0
Registration using 1 total stages.

Stage 0
  iterations = 1000x500x250x100
  convergence threshold = 1e-06
  convergence window size = 10
  number of levels = 4
  using the Mattes MI metric (number of bins = 32, weight = 1, use gradient filter = 0)
  preprocessing:  winsorizing the image intensities
  Shrink factors (level 1 out of 4): [8, 8, 8]
  Shrink factors (level 2 out of 4): [4, 4, 4]
  Shrink factors (level 3 out of 4): [2, 2, 2]
  Shrink factors (level 4 out of 4): [1, 1, 1]
  smoothing sigmas per level: [3, 2, 1, 0]
  regular sampling (percentage = 0.25)

*** Running Euler3DTransform registration ***

DIAGNOSTIC,Iteration,metricValue,convergenceValue,ITERATION_TIME_INDEX,SINCE_LAST
 2DIAGNOSTIC,     1, -4.343237593081e-01, 1.797693134862e+308, 1.5567e+00, 1.5567e+00, 
 2DIAGNOSTIC,     2, -4.351903233778e-01, 1.797693134862e+308, 1.5660e+00, 9.2452e-03, 
 2DIAGNOSTIC,     3, -4.380344266980e-01, 1.797693134862e+308, 1.5753e+00, 9.2819e-03, 
 2DIAGNOSTIC,     4, -4.453818752862e-01, 1.797693134862e+308, 1.5845e+00, 9.2061e-03, 
 2DIAGNOSTIC,     5, -4.470489345933e-01, 1.797693134862e+308, 1.5937e+00, 9.2230e-03, 
 2DIAGNOSTIC,     6, -4.497871808463e-01, 1.797693134862e+308, 1.6039e+00, 1.0165e-02, 
 2DIAGNOSTIC,     7, -4.786188869505e-01, 1.797693134862e+308, 1.6159e+00, 1.2013e-02, 
 2DIAGNOSTIC,     8, -4.801468488700e-01, 1.797693134862e+308, 1.6266e+00, 1.0734e-02, 
 2DIAGNOSTIC,     9, -4.811816354399e-01, 1.797693134862e+308, 1.6364e+00, 9.8121e-03, 
 2DIAGNOSTIC,    10, -4.882507946963e-01, 8.672401191885e-03, 1.6542e+00, 1.7753e-02, 
 2DIAGNOSTIC,    11, -4.893203327680e-01, 8.043026524705e-03, 1.6672e+00, 1.2979e-02, 
 2DIAGNOSTIC,    12, -4.892036581307e-01, 6.825532912737e-03, 1.6833e+00, 1.6159e-02, 
 2DIAGNOSTIC,    13, -4.894903354903e-01, 5.331457924201e-03, 1.6928e+00, 9.5229e-03, 
 2DIAGNOSTIC,    14, -4.901764820949e-01, 3.945907153662e-03, 1.7023e+00, 9.5119e-03, 
 2DIAGNOSTIC,    15, -4.907439737906e-01, 2.491054072678e-03, 1.7118e+00, 9.4941e-03, 
 2DIAGNOSTIC,    16, -4.910353856415e-01, 1.081363612667e-03, 1.7215e+00, 9.6221e-03, 
 2DIAGNOSTIC,    17, -4.912769111856e-01, 7.803290769695e-04, 1.7310e+00, 9.5150e-03, 
 2DIAGNOSTIC,    18, -4.916048903748e-01, 5.067893415498e-04, 1.7405e+00, 9.5561e-03, 
 2DIAGNOSTIC,    19, -4.921679025766e-01, 2.603660983424e-04, 1.7502e+00, 9.6760e-03, 
 2DIAGNOSTIC,    20, -4.938625379157e-01, 2.766108762116e-04, 1.7601e+00, 9.8860e-03, 
 2DIAGNOSTIC,    21, -4.978882323847e-01, 4.098562935510e-04, 1.7722e+00, 1.2073e-02, 
 2DIAGNOSTIC,    22, -5.123830289796e-01, 8.787601471453e-04, 1.7927e+00, 2.0518e-02, 
 2DIAGNOSTIC,    23, -5.127839300394e-01, 1.230743885391e-03, 1.8022e+00, 9.5000e-03, 
 2DIAGNOSTIC,    24, -5.134491601212e-01, 1.474756377345e-03, 1.8145e+00, 1.2286e-02, 
 2DIAGNOSTIC,    25, -5.145743275316e-01, 1.603956598241e-03, 1.8272e+00, 1.2729e-02, 
 2DIAGNOSTIC,    26, -5.150392181986e-01, 1.586119516843e-03, 1.8377e+00, 1.0512e-02, 
 2DIAGNOSTIC,    27, -5.156157855623e-01, 1.433614841892e-03, 1.8475e+00, 9.8071e-03, 
 2DIAGNOSTIC,    28, -5.165613690585e-01, 1.184745999319e-03, 1.8573e+00, 9.8162e-03, 
 2DIAGNOSTIC,    29, -5.180927675139e-01, 8.888655839364e-04, 1.8673e+00, 9.9361e-03, 
 2DIAGNOSTIC,    30, -5.200184546519e-01, 6.008727023251e-04, 1.8777e+00, 1.0431e-02, 
 2DIAGNOSTIC,    31, -5.291459808302e-01, 5.143796729234e-04, 1.8901e+00, 1.2367e-02, 
 2DIAGNOSTIC,    32, -5.339010730578e-01, 7.300080475383e-04, 1.9051e+00, 1.5004e-02, 
 2DIAGNOSTIC,    33, -5.361911272931e-01, 9.092190940686e-04, 1.9210e+00, 1.5901e-02, 
 2DIAGNOSTIC,    34, -5.367232931654e-01, 1.012714836352e-03, 1.9315e+00, 1.0502e-02, 
 2DIAGNOSTIC,    35, -5.413033636952e-01, 1.107783369915e-03, 1.9415e+00, 9.9709e-03, 
 2DIAGNOSTIC,    36, -5.437596781707e-01, 1.134555579597e-03, 1.9539e+00, 1.2421e-02, 
 2DIAGNOSTIC,    37, -5.456048100170e-01, 1.087810196364e-03, 1.9648e+00, 1.0880e-02, 
 2DIAGNOSTIC,    38, -5.459788229138e-01, 9.621147370281e-04, 1.9745e+00, 9.7079e-03, 
 2DIAGNOSTIC,    39, -5.470117449110e-01, 7.916216225672e-04, 1.9842e+00, 9.7399e-03, 
 2DIAGNOSTIC,    40, -5.473603047714e-01, 5.839121612529e-04, 1.9945e+00, 1.0330e-02, 
 2DIAGNOSTIC,    41, -5.483919252228e-01, 4.698595655731e-04, 2.0054e+00, 1.0885e-02, 
 2DIAGNOSTIC,    42, -5.491679207523e-01, 3.909660395200e-04, 2.0153e+00, 9.8391e-03, 
 2DIAGNOSTIC,    43, -5.490546432830e-01, 3.081878238717e-04, 2.0373e+00, 2.2083e-02, 
 2DIAGNOSTIC,    44, -5.490817355207e-01, 2.065288940067e-04, 2.0465e+00, 9.1798e-03, 
 2DIAGNOSTIC,    45, -5.493394894134e-01, 1.499371785690e-04, 2.0557e+00, 9.1588e-03, 
 2DIAGNOSTIC,    46, -5.497290933469e-01, 1.156825866178e-04, 2.0648e+00, 9.1221e-03, 
 2DIAGNOSTIC,    47, -5.502811668820e-01, 1.003573492245e-04, 2.0739e+00, 9.1200e-03, 
 2DIAGNOSTIC,    48, -5.508235153488e-01, 8.666458743295e-05, 2.0831e+00, 9.1560e-03, 
 2DIAGNOSTIC,    49, -5.515090138189e-01, 8.503710428842e-05, 2.0923e+00, 9.1820e-03, 
 2DIAGNOSTIC,    50, -5.523040415660e-01, 8.778005573364e-05, 2.1014e+00, 9.1140e-03, 
 2DIAGNOSTIC,    51, -5.530719222210e-01, 1.012546711029e-04, 2.1106e+00, 9.1851e-03, 
 2DIAGNOSTIC,    52, -5.539902706752e-01, 1.225431784644e-04, 2.1198e+00, 9.2261e-03, 
 2DIAGNOSTIC,    53, -5.554585167092e-01, 1.453433776422e-04, 2.1291e+00, 9.3079e-03, 
 2DIAGNOSTIC,    54, -5.575362705244e-01, 1.746118574738e-04, 2.1421e+00, 1.3022e-02, 
 2DIAGNOSTIC,    55, -5.583184535688e-01, 1.960657067018e-04, 2.1516e+00, 9.4659e-03, 
 2DIAGNOSTIC,    56, -5.597605497499e-01, 2.160546234570e-04, 2.1627e+00, 1.1079e-02, 
 2DIAGNOSTIC,    57, -5.635987928809e-01, 2.568204945733e-04, 2.1742e+00, 1.1520e-02, 
 2DIAGNOSTIC,    58, -5.768406303137e-01, 4.008160531745e-04, 2.1853e+00, 1.1111e-02, 
 2DIAGNOSTIC,    59, -5.836443275792e-01, 5.671731900852e-04, 2.2001e+00, 1.4776e-02, 
 2DIAGNOSTIC,    60, -5.862942386285e-01, 7.043917988881e-04, 2.2092e+00, 9.1591e-03, 
 2DIAGNOSTIC,    61, -5.929321042180e-01, 8.368966539194e-04, 2.2184e+00, 9.1529e-03, 
 2DIAGNOSTIC,    62, -5.959904772057e-01, 9.175706066808e-04, 2.2287e+00, 1.0360e-02, 
 2DIAGNOSTIC,    63, -5.984282455462e-01, 9.386679847667e-04, 2.2440e+00, 1.5225e-02, 
 2DIAGNOSTIC,    64, -5.987231102590e-01, 8.886191682627e-04, 2.2529e+00, 8.9209e-03, 
 2DIAGNOSTIC,    65, -5.998029648353e-01, 7.720815184807e-04, 2.2618e+00, 8.9271e-03, 
 2DIAGNOSTIC,    66, -6.010460310824e-01, 6.076538529027e-04, 2.2719e+00, 1.0055e-02, 
 2DIAGNOSTIC,    67, -6.018640492220e-01, 4.249717436959e-04, 2.2842e+00, 1.2379e-02, 
 2DIAGNOSTIC,    68, -6.022433168333e-01, 3.144202225234e-04, 2.2931e+00, 8.8289e-03, 
 2DIAGNOSTIC,    69, -6.030448773114e-01, 2.368369977865e-04, 2.3030e+00, 9.9761e-03, 
 2DIAGNOSTIC,    70, -6.033001238331e-01, 1.601483381116e-04, 2.3119e+00, 8.8348e-03, 
 2DIAGNOSTIC,    71, -6.035361492971e-01, 1.217051914033e-04, 2.3207e+00, 8.8570e-03, 
 2DIAGNOSTIC,    72, -6.040566267023e-01, 9.886220997553e-05, 2.3310e+00, 1.0297e-02, 
 2DIAGNOSTIC,    73, -6.052777912418e-01, 9.395693704001e-05, 2.3435e+00, 1.2416e-02, 
 2DIAGNOSTIC,    74, -6.055146907704e-01, 8.370453434841e-05, 2.3525e+00, 9.0959e-03, 
 2DIAGNOSTIC,    75, -6.056447490010e-01, 7.421676123129e-05, 2.3615e+00, 8.9459e-03, 
 2DIAGNOSTIC,    76, -6.061928928639e-01, 7.042371791028e-05, 2.3715e+00, 9.9952e-03, 
 2DIAGNOSTIC,    77, -6.064737712711e-01, 6.739271531566e-05, 2.3825e+00, 1.1040e-02, 
 2DIAGNOSTIC,    78, -6.066812780962e-01, 6.170315155749e-05, 2.3913e+00, 8.7512e-03, 
 2DIAGNOSTIC,    79, -6.069223544550e-01, 5.723045392142e-05, 2.4012e+00, 9.9330e-03, 
 2DIAGNOSTIC,    80, -6.071452820276e-01, 5.064577645083e-05, 2.4114e+00, 1.0171e-02, 
 2DIAGNOSTIC,    81, -6.077567298542e-01, 4.484767493667e-05, 2.4237e+00, 1.2277e-02, 
 2DIAGNOSTIC,    82, -6.082512332121e-01, 4.110305302750e-05, 2.4335e+00, 9.8870e-03, 
 2DIAGNOSTIC,    83, -6.082639388025e-01, 4.128730683478e-05, 2.4434e+00, 9.8472e-03, 
 2DIAGNOSTIC,    84, -6.082780998841e-01, 3.919373231995e-05, 2.4521e+00, 8.6799e-03, 
 2DIAGNOSTIC,    85, -6.083081012674e-01, 3.434596002199e-05, 2.4607e+00, 8.6670e-03, 
 2DIAGNOSTIC,    86, -6.086573594079e-01, 3.169666427312e-05, 2.4717e+00, 1.0960e-02, 
 2DIAGNOSTIC,    87, -6.088594048243e-01, 2.886768310150e-05, 2.5008e+00, 2.9069e-02, 
 2DIAGNOSTIC,    88, -6.088594032750e-01, 2.460281005421e-05, 2.5096e+00, 8.8520e-03, 
 2DIAGNOSTIC,    89, -6.088594135526e-01, 1.961155124602e-05, 2.5184e+00, 8.7559e-03, 
 2DIAGNOSTIC,    90, -6.088594309286e-01, 1.411476690093e-05, 2.5270e+00, 8.6670e-03, 
 2DIAGNOSTIC,    91, -6.088594603016e-01, 1.078997918826e-05, 2.5357e+00, 8.6169e-03, 
 2DIAGNOSTIC,    92, -6.088595099435e-01, 9.296528156545e-06, 2.5442e+00, 8.5649e-03, 
 2DIAGNOSTIC,    93, -6.088595938088e-01, 7.075413396628e-06, 2.5528e+00, 8.5671e-03, 
 2DIAGNOSTIC,    94, -6.088597354005e-01, 4.374260079319e-06, 2.5614e+00, 8.5649e-03, 
 2DIAGNOSTIC,    95, -6.088599741921e-01, 1.472185022600e-06, 2.5699e+00, 8.5509e-03, 
DIAGNOSTIC,Iteration,metricValue,convergenceValue,ITERATION_TIME_INDEX,SINCE_LAST
 2DIAGNOSTIC,     1, -4.920127142944e-01, 1.797693134862e+308, 4.2187e+00, 1.6488e+00, 
 2DIAGNOSTIC,     2, -4.923784579954e-01, 1.797693134862e+308, 4.3177e+00, 9.9057e-02, 
 2DIAGNOSTIC,     3, -4.928427306532e-01, 1.797693134862e+308, 4.4163e+00, 9.8540e-02, 
 2DIAGNOSTIC,     4, -4.931682434604e-01, 1.797693134862e+308, 4.5149e+00, 9.8593e-02, 
 2DIAGNOSTIC,     5, -4.936362881090e-01, 1.797693134862e+308, 4.6136e+00, 9.8692e-02, 
 2DIAGNOSTIC,     6, -4.937004661946e-01, 1.797693134862e+308, 4.7124e+00, 9.8840e-02, 
 2DIAGNOSTIC,     7, -4.938379817998e-01, 1.797693134862e+308, 4.8111e+00, 9.8697e-02, 
 2DIAGNOSTIC,     8, -4.941519309341e-01, 1.797693134862e+308, 4.9390e+00, 1.2795e-01, 
 2DIAGNOSTIC,     9, -4.941171233758e-01, 1.797693134862e+308, 5.0377e+00, 9.8659e-02, 
 2DIAGNOSTIC,    10, -4.945348516284e-01, 3.075009853138e-04, 5.1511e+00, 1.1344e-01, 
 2DIAGNOSTIC,    11, -4.948301520600e-01, 2.572830700328e-04, 5.2938e+00, 1.4270e-01, 
 2DIAGNOSTIC,    12, -4.950206051593e-01, 2.188718268940e-04, 5.3926e+00, 9.8766e-02, 
 2DIAGNOSTIC,    13, -4.952318015597e-01, 1.966150017363e-04, 5.4914e+00, 9.8748e-02, 
 2DIAGNOSTIC,    14, -4.954996698847e-01, 1.838232477379e-04, 5.6338e+00, 1.4248e-01, 
 2DIAGNOSTIC,    15, -4.956167892237e-01, 1.784155720335e-04, 5.7326e+00, 9.8767e-02, 
 2DIAGNOSTIC,    16, -4.956463494957e-01, 1.607240637284e-04, 5.8316e+00, 9.8962e-02, 
 2DIAGNOSTIC,    17, -4.957563416647e-01, 1.387854228493e-04, 5.9302e+00, 9.8579e-02, 
 2DIAGNOSTIC,    18, -4.959650173242e-01, 1.234859377217e-04, 6.0289e+00, 9.8705e-02, 
 2DIAGNOSTIC,    19, -4.968485713364e-01, 1.237302338062e-04, 6.1578e+00, 1.2895e-01, 
 2DIAGNOSTIC,    20, -4.969532414431e-01, 1.268500501152e-04, 6.3566e+00, 1.9877e-01, 
 2DIAGNOSTIC,    21, -4.969706071708e-01, 1.268643843277e-04, 6.4701e+00, 1.1355e-01, 
 2DIAGNOSTIC,    22, -4.969867620749e-01, 1.208708561124e-04, 6.5685e+00, 9.8362e-02, 
 2DIAGNOSTIC,    23, -4.970079135502e-01, 1.097413566506e-04, 6.6810e+00, 1.1253e-01, 
 2DIAGNOSTIC,    24, -4.970190477683e-01, 9.564610266454e-05, 6.7941e+00, 1.1307e-01, 
 2DIAGNOSTIC,    25, -4.970113867201e-01, 7.631687401292e-05, 6.8915e+00, 9.7391e-02, 
 2DIAGNOSTIC,    26, -4.970234575012e-01, 5.264547514059e-05, 6.9891e+00, 9.7576e-02, 
 2DIAGNOSTIC,    27, -4.970468384438e-01, 2.884760977787e-05, 7.1022e+00, 1.1318e-01, 
 2DIAGNOSTIC,    28, -4.970384351842e-01, 7.740636308158e-06, 7.2008e+00, 9.8552e-02, 
 2DIAGNOSTIC,    29, -4.970498095397e-01, 5.136686957868e-06, 7.2995e+00, 9.8717e-02, 
 2DIAGNOSTIC,    30, -4.971178448223e-01, 5.628687498704e-06, 7.3975e+00, 9.7969e-02, 
 2DIAGNOSTIC,    31, -4.971546966166e-01, 6.618641991675e-06, 7.4962e+00, 9.8687e-02, 
 2DIAGNOSTIC,    32, -4.972489101406e-01, 8.976191275309e-06, 7.6089e+00, 1.1275e-01, 
 2DIAGNOSTIC,    33, -4.972719559519e-01, 1.117834593039e-05, 7.7222e+00, 1.1334e-01, 
 2DIAGNOSTIC,    34, -4.972939376306e-01, 1.286341740705e-05, 7.8359e+00, 1.1366e-01, 
 2DIAGNOSTIC,    35, -4.972732516029e-01, 1.284886345114e-05, 7.9363e+00, 1.0044e-01, 
 2DIAGNOSTIC,    36, -4.973159121313e-01, 1.256228356707e-05, 8.0358e+00, 9.9482e-02, 
 2DIAGNOSTIC,    37, -4.974658192882e-01, 1.384263014882e-05, 8.1351e+00, 9.9231e-02, 
 2DIAGNOSTIC,    38, -4.977348532880e-01, 1.769250436365e-05, 8.2489e+00, 1.1380e-01, 
 2DIAGNOSTIC,    39, -4.983305938636e-01, 2.857801522838e-05, 8.3930e+00, 1.4411e-01, 
 2DIAGNOSTIC,    40, -4.984591788906e-01, 3.893159352361e-05, 8.5077e+00, 1.1469e-01, 
 2DIAGNOSTIC,    41, -4.984798725555e-01, 4.600768668401e-05, 8.6224e+00, 1.1472e-01, 
 2DIAGNOSTIC,    42, -4.984890010125e-01, 4.992171539510e-05, 8.7224e+00, 1.0002e-01, 
 2DIAGNOSTIC,    43, -4.984915564488e-01, 4.922503943744e-05, 8.8368e+00, 1.1436e-01, 
 2DIAGNOSTIC,    44, -4.984866926504e-01, 4.404992222025e-05, 8.9363e+00, 9.9563e-02, 
 2DIAGNOSTIC,    45, -4.985071287462e-01, 3.496976321448e-05, 9.0358e+00, 9.9479e-02, 
 2DIAGNOSTIC,    46, -4.986221071115e-01, 2.506017653836e-05, 9.1503e+00, 1.1447e-01, 
 2DIAGNOSTIC,    47, -4.985872993337e-01, 1.462231941482e-05, 9.2655e+00, 1.1520e-01, 
 2DIAGNOSTIC,    48, -4.985901928994e-01, 6.380169456102e-06, 9.4248e+00, 1.5938e-01, 
 2DIAGNOSTIC,    49, -4.985946879311e-01, 4.919190975287e-06, 9.5244e+00, 9.9573e-02, 
 2DIAGNOSTIC,    50, -4.986009194618e-01, 4.630144499661e-06, 9.6390e+00, 1.1460e-01, 
 2DIAGNOSTIC,    51, -4.986074180862e-01, 4.249470516225e-06, 9.7534e+00, 1.1437e-01, 
 2DIAGNOSTIC,    52, -4.986033332135e-01, 3.594850811660e-06, 9.8683e+00, 1.1488e-01, 
 2DIAGNOSTIC,    53, -4.986067938085e-01, 2.772301331604e-06, 9.9679e+00, 9.9659e-02, 
 2DIAGNOSTIC,    54, -4.986041361894e-01, 1.693196982438e-06, 1.0068e+01, 9.9689e-02, 
DIAGNOSTIC,Iteration,metricValue,convergenceValue,ITERATION_TIME_INDEX,SINCE_LAST
 2DIAGNOSTIC,     1, -4.357595695889e-01, 1.797693134862e+308, 1.2399e+01, 2.3314e+00, 
 2DIAGNOSTIC,     2, -4.358840168660e-01, 1.797693134862e+308, 1.3038e+01, 6.3915e-01, 
 2DIAGNOSTIC,     3, -4.360753615917e-01, 1.797693134862e+308, 1.3676e+01, 6.3816e-01, 
 2DIAGNOSTIC,     4, -4.361972919254e-01, 1.797693134862e+308, 1.4503e+01, 8.2651e-01, 
 2DIAGNOSTIC,     5, -4.362243439558e-01, 1.797693134862e+308, 1.5155e+01, 6.5192e-01, 
 2DIAGNOSTIC,     6, -4.362469209421e-01, 1.797693134862e+308, 1.5796e+01, 6.4110e-01, 
 2DIAGNOSTIC,     7, -4.363054004161e-01, 1.797693134862e+308, 1.6435e+01, 6.3949e-01, 
 2DIAGNOSTIC,     8, -4.364390012803e-01, 1.797693134862e+308, 1.7075e+01, 6.3918e-01, 
 2DIAGNOSTIC,     9, -4.365457517494e-01, 1.797693134862e+308, 1.7999e+01, 9.2402e-01, 
 2DIAGNOSTIC,    10, -4.365965421190e-01, 1.155407539333e-04, 1.8931e+01, 9.3273e-01, 
 2DIAGNOSTIC,    11, -4.366155678947e-01, 9.417940731464e-05, 1.9571e+01, 6.3990e-01, 
 2DIAGNOSTIC,    12, -4.366293505456e-01, 7.551856384226e-05, 2.0307e+01, 7.3596e-01, 
 2DIAGNOSTIC,    13, -4.366503559333e-01, 6.354044354356e-05, 2.1044e+01, 7.3650e-01, 
 2DIAGNOSTIC,    14, -4.366537903949e-01, 5.345773930400e-05, 2.1688e+01, 6.4438e-01, 
 2DIAGNOSTIC,    15, -4.366666994012e-01, 4.183859768221e-05, 2.2525e+01, 8.3713e-01, 
 2DIAGNOSTIC,    16, -4.366691709065e-01, 2.909628183373e-05, 2.3262e+01, 7.3731e-01, 
 2DIAGNOSTIC,    17, -4.366652451540e-01, 1.737348431431e-05, 2.3994e+01, 7.3155e-01, 
 2DIAGNOSTIC,    18, -4.366645573479e-01, 1.025098047769e-05, 2.4630e+01, 6.3565e-01, 
 2DIAGNOSTIC,    19, -4.366663134596e-01, 6.771304438151e-06, 2.5270e+01, 6.4022e-01, 
 2DIAGNOSTIC,    20, -4.366702233049e-01, 4.934259477410e-06, 2.5913e+01, 6.4348e-01, 
 2DIAGNOSTIC,    21, -4.366848396159e-01, 3.995855817306e-06, 2.6556e+01, 6.4220e-01, 
 2DIAGNOSTIC,    22, -4.367048617652e-01, 3.893019216980e-06, 2.7193e+01, 6.3703e-01, 
 2DIAGNOSTIC,    23, -4.367324748397e-01, 4.940526607815e-06, 2.7829e+01, 6.3649e-01, 
 2DIAGNOSTIC,    24, -4.367679354415e-01, 6.601946971420e-06, 2.8463e+01, 6.3358e-01, 
 2DIAGNOSTIC,    25, -4.368173171510e-01, 9.241265189766e-06, 2.9297e+01, 8.3393e-01, 
 2DIAGNOSTIC,    26, -4.368301205197e-01, 1.129200425528e-05, 3.0515e+01, 1.2180e+00, 
 2DIAGNOSTIC,    27, -4.368341127889e-01, 1.225404338313e-05, 3.1624e+01, 1.1093e+00, 
 2DIAGNOSTIC,    28, -4.368350784909e-01, 1.211860895797e-05, 3.2347e+01, 7.2349e-01, 
 2DIAGNOSTIC,    29, -4.368350626653e-01, 1.098845135453e-05, 3.3071e+01, 7.2402e-01, 
 2DIAGNOSTIC,    30, -4.368336804459e-01, 9.038912637954e-06, 3.3799e+01, 7.2729e-01, 
 2DIAGNOSTIC,    31, -4.368334839126e-01, 6.762363564020e-06, 3.4426e+01, 6.2730e-01, 
 2DIAGNOSTIC,    32, -4.368319495120e-01, 4.467130220835e-06, 3.5143e+01, 7.1723e-01, 
 2DIAGNOSTIC,    33, -4.368318514434e-01, 2.520068512583e-06, 3.5857e+01, 7.1399e-01, 
 2DIAGNOSTIC,    34, -4.368314758619e-01, 1.188435644423e-06, 3.6579e+01, 7.2178e-01, 
DIAGNOSTIC,Iteration,metricValue,convergenceValue,ITERATION_TIME_INDEX,SINCE_LAST
 2DIAGNOSTIC,     1, -3.982083544081e-01, 1.797693134862e+308, 4.1670e+01, 5.0909e+00, 
 2DIAGNOSTIC,     2, -3.983206047014e-01, 1.797693134862e+308, 4.5690e+01, 4.0202e+00, 
 2DIAGNOSTIC,     3, -3.987271274360e-01, 1.797693134862e+308, 5.0247e+01, 4.5571e+00, 
 2DIAGNOSTIC,     4, -3.987901779503e-01, 1.797693134862e+308, 5.6459e+01, 6.2121e+00, 
 2DIAGNOSTIC,     5, -3.987968058196e-01, 1.797693134862e+308, 6.1016e+01, 4.5564e+00, 
 2DIAGNOSTIC,     6, -3.987986059696e-01, 1.797693134862e+308, 6.6119e+01, 5.1032e+00, 
 2DIAGNOSTIC,     7, -3.987996549055e-01, 1.797693134862e+308, 7.1221e+01, 5.1024e+00, 
 2DIAGNOSTIC,     8, -3.987997717901e-01, 1.797693134862e+308, 7.6871e+01, 5.6496e+00, 
 2DIAGNOSTIC,     9, -3.987997310499e-01, 1.797693134862e+308, 8.2527e+01, 5.6561e+00, 
 2DIAGNOSTIC,    10, -3.987996762345e-01, 7.914403472659e-05, 8.7088e+01, 4.5606e+00, 
 2DIAGNOSTIC,    11, -3.987997092061e-01, 3.858335495335e-05, 9.1643e+01, 4.5550e+00, 
 2DIAGNOSTIC,    12, -3.987995624523e-01, 7.600985804310e-06, 9.5652e+01, 4.0094e+00, 
 2DIAGNOSTIC,    13, -3.987995235397e-01, 3.134600749924e-06, 1.0021e+02, 4.5540e+00, 
 2DIAGNOSTIC,    14, -3.987995931504e-01, 2.450079485419e-06, 1.0531e+02, 5.1015e+00, 
 2DIAGNOSTIC,    15, -3.987994451314e-01, 2.146620427523e-06, 1.0986e+02, 4.5482e+00, 
 2DIAGNOSTIC,    16, -3.987992971314e-01, 1.951260374902e-06, 1.1440e+02, 4.5419e+00, 
 2DIAGNOSTIC,    17, -3.987992371222e-01, 1.823834978376e-06, 1.1840e+02, 4.0011e+00, 
 2DIAGNOSTIC,    18, -3.987992846597e-01, 1.721464122292e-06, 1.2294e+02, 4.5434e+00, 
 2DIAGNOSTIC,    19, -3.987992531434e-01, 1.631224152025e-06, 1.2749e+02, 4.5449e+00, 
 2DIAGNOSTIC,    20, -3.987991135495e-01, 1.547096775370e-06, 1.3203e+02, 4.5415e+00, 
 2DIAGNOSTIC,    21, -3.987991650715e-01, 1.478340306081e-06, 1.3712e+02, 5.0879e+00, 
 2DIAGNOSTIC,    22, -3.987991051888e-01, 1.412471696952e-06, 1.4112e+02, 3.9988e+00, 
 2DIAGNOSTIC,    23, -3.987991523275e-01, 1.355527837914e-06, 1.4568e+02, 4.5653e+00, 
 2DIAGNOSTIC,    24, -3.987990948191e-01, 1.306318168227e-06, 1.5081e+02, 5.1337e+00, 
 2DIAGNOSTIC,    25, -3.987991086483e-01, 1.259250678655e-06, 1.5540e+02, 4.5869e+00, 
 2DIAGNOSTIC,    26, -3.987990309205e-01, 1.210903346802e-06, 1.5943e+02, 4.0247e+00, 
 2DIAGNOSTIC,    27, -3.987990481129e-01, 1.166151787975e-06, 1.6345e+02, 4.0242e+00, 
 2DIAGNOSTIC,    28, -3.987991650482e-01, 1.129888647151e-06, 1.6802e+02, 4.5744e+00, 
 2DIAGNOSTIC,    29, -3.987992063880e-01, 1.096962356173e-06, 1.7259e+02, 4.5629e+00, 
 2DIAGNOSTIC,    30, -3.987993529631e-01, 1.066385475784e-06, 1.7707e+02, 4.4804e+00, 
 2DIAGNOSTIC,    31, -3.987991477733e-01, 1.033702531239e-06, 1.8227e+02, 5.1986e+00, 
  Elapsed time (stage 0): 1.8452e+02


Total elapsed time: 1.8452e+02
-i /mnt/lustre/mathdugre/fast-interpolate/datasets/ds004513/derivatives/fsl/fast/sub-s037/ses-open/anat/BrainExtractionBrain_seg.nii.gz -o /mnt/lustre/mathdugre/fast-interpolate/datasets/ds004513/derivatives/flint/ants/flint-vprec-single/sub-s037/ses-open/anat/0/1_transformed.nii.gz -t /mnt/lustre/mathdugre/fast-interpolate/datasets/ds004513/derivatives/flint/ants/flint-vprec-single/sub-s037/ses-open/anat/0/1_0GenericAffine.mat
