---------------------
Experiment information

SIF_IMG: /mnt/lustre/mathdugre/containers/ants-flint-vprec.simg
SIF_IMG_BASE: /mnt/lustre/mathdugre/containers/ants-flint-base.simg
EXPERIMENT_NAME: flint-vprec-single
STAGE: rigid
SUBJECT_ID: s007
REPETITION_ID: 1

FIXED_IMG: /templateflow/tpl-MNI152NLin2009cAsym/tpl-MNI152NLin2009cAsym_res-01_desc-brain_T1w.nii.gz
INPUT_IMG: /mnt/lustre/mathdugre/fast-interpolate/datasets/ds004513/derivatives/fsl/fast/sub-s007/ses-open/anat/BrainExtractionBrain_seg.nii.gz

DATA_DIR: /mnt/lustre/mathdugre/fast-interpolate/datasets/ds004513
OUTPUT_DIR: /mnt/lustre/mathdugre/fast-interpolate/datasets/ds004513/derivatives/flint/ants/flint-vprec-single/sub-s007/ses-open/anat
OUTPUT_PREFIX: 1
THREAD: 1
FLOAT: 0
VFC_BACKENDS: libinterflop_vprec.so --precision-binary32=23 --range-binary32=8 --precision-binary64=23 --range-binary64=8
---------------------

--output [/mnt/lustre/mathdugre/fast-interpolate/datasets/ds004513/derivatives/flint/ants/flint-vprec-single/sub-s007/ses-open/anat/1/1_,/mnt/lustre/mathdugre/fast-interpolate/datasets/ds004513/derivatives/flint/ants/flint-vprec-single/sub-s007/ses-open/anat/1/1_Rigid.nii.gz,/mnt/lustre/mathdugre/fast-interpolate/datasets/ds004513/derivatives/flint/ants/flint-vprec-single/sub-s007/ses-open/anat/1/1_InverseRigid.nii.gz] --initial-moving-transform [/templateflow/tpl-MNI152NLin2009cAsym/tpl-MNI152NLin2009cAsym_res-01_desc-brain_T1w.nii.gz,/mnt/lustre/mathdugre/fast-interpolate/datasets/ds004513/derivatives/fsl/fast/sub-s007/ses-open/anat/BrainExtractionBrain_seg.nii.gz,1] --transform Rigid[0.1] --metric MI[/templateflow/tpl-MNI152NLin2009cAsym/tpl-MNI152NLin2009cAsym_res-01_desc-brain_T1w.nii.gz,/mnt/lustre/mathdugre/fast-interpolate/datasets/ds004513/derivatives/fsl/fast/sub-s007/ses-open/anat/BrainExtractionBrain_seg.nii.gz,1,32,Regular,0.25] --convergence [1000x500x250x100,1e-6,10] --shrink-factors 8x4x2x1 --smoothing-sigmas 3x2x1x0vox
All_Command_lines_OK
Using double precision for computations.
=============================================================================
The composite transform comprises the following transforms (in order): 
  1. Center of mass alignment using fixed image: /templateflow/tpl-MNI152NLin2009cAsym/tpl-MNI152NLin2009cAsym_res-01_desc-brain_T1w.nii.gz and moving image: /mnt/lustre/mathdugre/fast-interpolate/datasets/ds004513/derivatives/fsl/fast/sub-s007/ses-open/anat/BrainExtractionBrain_seg.nii.gz (type = Euler3DTransform)
=============================================================================
  number of levels = 4
  fixed image: /templateflow/tpl-MNI152NLin2009cAsym/tpl-MNI152NLin2009cAsym_res-01_desc-brain_T1w.nii.gz
  moving image: /mnt/lustre/mathdugre/fast-interpolate/datasets/ds004513/derivatives/fsl/fast/sub-s007/ses-open/anat/BrainExtractionBrain_seg.nii.gz
Dimension = 3
Number of stages = 1
Use histogram matching = false
Winsorize image intensities = true
  Lower quantile = 0.005
  Upper quantile = 0.995


Stage 1 State
   Image metric = MattesMI
     Fixed image = Image (0x4655080)
  RTTI typeinfo:   itk::Image<double, 3u>
  Reference Count: 2
  Modified Time: 1626
  Debug: Off
  Object Name: 
  Observers: 
    none
  Source: (none)
  Source output name: (none)
  Release Data: Off
  Data Released: False
  Global Release Data: Off
  PipelineMTime: 0
  UpdateMTime: 1409
  RealTimeStamp: 0 seconds 
  LargestPossibleRegion: 
    Dimension: 3
    Index: [0, 0, 0]
    Size: [193, 229, 193]
  BufferedRegion: 
    Dimension: 3
    Index: [0, 0, 0]
    Size: [193, 229, 193]
  RequestedRegion: 
    Dimension: 3
    Index: [0, 0, 0]
    Size: [193, 229, 193]
  Spacing: [1, 1, 1]
  Origin: [96, 132, -78]
  Direction: 
-1 0 0
0 -1 0
0 0 1

  IndexToPointMatrix: 
-1 0 0
0 -1 0
0 0 1

  PointToIndexMatrix: 
-1 0 0
0 -1 0
0 0 1

  Inverse Direction: 
-1 0 0
0 -1 0
0 0 1

  PixelContainer: 
    ImportImageContainer (0x46e1010)
      RTTI typeinfo:   itk::ImportImageContainer<unsigned long, double>
      Reference Count: 1
      Modified Time: 1406
      Debug: Off
      Object Name: 
      Observers: 
        none
      Pointer: 0x7fc6484b1010
      Container manages memory: true
      Size: 8530021
      Capacity: 8530021

     Moving image = Image (0x465bf20)
  RTTI typeinfo:   itk::Image<double, 3u>
  Reference Count: 2
  Modified Time: 1627
  Debug: Off
  Object Name: 
  Observers: 
    none
  Source: (none)
  Source output name: (none)
  Release Data: Off
  Data Released: False
  Global Release Data: Off
  PipelineMTime: 0
  UpdateMTime: 1624
  RealTimeStamp: 0 seconds 
  LargestPossibleRegion: 
    Dimension: 3
    Index: [0, 0, 0]
    Size: [176, 240, 256]
  BufferedRegion: 
    Dimension: 3
    Index: [0, 0, 0]
    Size: [176, 240, 256]
  RequestedRegion: 
    Dimension: 3
    Index: [0, 0, 0]
    Size: [176, 240, 256]
  Spacing: [1, 1, 1]
  Origin: [93.4772, 83.7926, -132.68]
  Direction: 
-0.997185 -0.0749788 0
0.0749788 -0.997185 0
0 0 1

  IndexToPointMatrix: 
-0.997185 -0.0749788 0
0.0749787 -0.997185 0
0 0 1

  PointToIndexMatrix: 
-0.997185 0.0749788 0
-0.0749788 -0.997185 0
0 0 1

  Inverse Direction: 
-0.997185 0.0749788 0
-0.0749788 -0.997185 0
0 0 1

  PixelContainer: 
    ImportImageContainer (0x465b600)
      RTTI typeinfo:   itk::ImportImageContainer<unsigned long, double>
      Reference Count: 1
      Modified Time: 1621
      Debug: Off
      Object Name: 
      Observers: 
        none
      Pointer: 0x7fc643230010
      Container manages memory: true
      Size: 10813440
      Capacity: 10813440

     Weighting = 1
     Sampling strategy = regular
     Number of bins = 32
     Radius = 4
     Sampling percentage  = 0.25
   Transform = Rigid
     Gradient step = 0.1
     Update field sigma (voxel space) = 0
     Total field sigma (voxel space) = 0
     Update field time sigma = 0
     Total field time sigma  = 0
     Number of time indices = 0
     Number of time point samples = 0
Registration using 1 total stages.

Stage 0
  iterations = 1000x500x250x100
  convergence threshold = 1e-06
  convergence window size = 10
  number of levels = 4
  using the Mattes MI metric (number of bins = 32, weight = 1, use gradient filter = 0)
  preprocessing:  winsorizing the image intensities
  Shrink factors (level 1 out of 4): [8, 8, 8]
  Shrink factors (level 2 out of 4): [4, 4, 4]
  Shrink factors (level 3 out of 4): [2, 2, 2]
  Shrink factors (level 4 out of 4): [1, 1, 1]
  smoothing sigmas per level: [3, 2, 1, 0]
  regular sampling (percentage = 0.25)

*** Running Euler3DTransform registration ***

DIAGNOSTIC,Iteration,metricValue,convergenceValue,ITERATION_TIME_INDEX,SINCE_LAST
 2DIAGNOSTIC,     1, -6.200239658356e-01, 1.797693134862e+308, 1.2800e+02, 1.2800e+02, 
 2DIAGNOSTIC,     2, -6.214950680733e-01, 1.797693134862e+308, 1.2800e+02, 0.0000e+00, 
 2DIAGNOSTIC,     3, -6.252726316452e-01, 1.797693134862e+308, 1.2800e+02, 0.0000e+00, 
 2DIAGNOSTIC,     4, -6.315652728081e-01, 1.797693134862e+308, 1.2800e+02, 0.0000e+00, 
 2DIAGNOSTIC,     5, -6.421272158623e-01, 1.797693134862e+308, 1.2800e+02, 0.0000e+00, 
 2DIAGNOSTIC,     6, -6.556359529495e-01, 1.797693134862e+308, 1.2800e+02, 0.0000e+00, 
 2DIAGNOSTIC,     7, -6.656007766724e-01, 1.797693134862e+308, 1.2800e+02, 0.0000e+00, 
 2DIAGNOSTIC,     8, -6.692443490028e-01, 1.797693134862e+308, 1.2800e+02, 0.0000e+00, 
 2DIAGNOSTIC,     9, -6.745867729187e-01, 1.797693134862e+308, 1.2800e+02, 0.0000e+00, 
 2DIAGNOSTIC,    10, -6.837971806526e-01, 6.973311305046e-03, 1.2800e+02, 0.0000e+00, 
 2DIAGNOSTIC,    11, -6.992238759995e-01, 6.857246160507e-03, 1.2800e+02, 0.0000e+00, 
 2DIAGNOSTIC,    12, -7.090769410133e-01, 6.538450717926e-03, 1.2800e+02, 0.0000e+00, 
 2DIAGNOSTIC,    13, -7.263289093971e-01, 6.370611488819e-03, 1.2800e+02, 0.0000e+00, 
 2DIAGNOSTIC,    14, -7.376542687416e-01, 6.175093352795e-03, 1.2800e+02, 0.0000e+00, 
 2DIAGNOSTIC,    15, -7.504440546036e-01, 6.086729466915e-03, 1.2800e+02, 0.0000e+00, 
 2DIAGNOSTIC,    16, -7.510566115379e-01, 5.814298987389e-03, 1.2800e+02, 0.0000e+00, 
 2DIAGNOSTIC,    17, -7.557580471039e-01, 5.405541509390e-03, 1.2800e+02, 0.0000e+00, 
 2DIAGNOSTIC,    18, -7.583695054054e-01, 4.691269248724e-03, 1.2800e+02, 0.0000e+00, 
 2DIAGNOSTIC,    19, -7.588348388672e-01, 3.747846931219e-03, 1.2800e+02, 0.0000e+00, 
 2DIAGNOSTIC,    20, -7.599862813950e-01, 2.768509089947e-03, 1.2800e+02, 0.0000e+00, 
 2DIAGNOSTIC,    21, -7.647865414619e-01, 2.026673406363e-03, 1.2800e+02, 0.0000e+00, 
 2DIAGNOSTIC,    22, -7.738191485405e-01, 1.510627567768e-03, 1.2800e+02, 0.0000e+00, 
 2DIAGNOSTIC,    23, -7.745919227600e-01, 1.212179660797e-03, 1.2800e+02, 0.0000e+00, 
 2DIAGNOSTIC,    24, -7.747878432274e-01, 1.018382608891e-03, 1.2800e+02, 0.0000e+00, 
 2DIAGNOSTIC,    25, -7.749863862991e-01, 9.573139250278e-04, 1.2800e+02, 0.0000e+00, 
 2DIAGNOSTIC,    26, -7.765275239944e-01, 8.415505290031e-04, 1.2800e+02, 0.0000e+00, 
 2DIAGNOSTIC,    27, -7.781627178192e-01, 7.455460727215e-04, 1.2800e+02, 0.0000e+00, 
 2DIAGNOSTIC,    28, -7.830786108971e-01, 6.933882832527e-04, 1.2800e+02, 0.0000e+00, 
 2DIAGNOSTIC,    29, -8.006838560104e-01, 8.261948823929e-04, 1.2800e+02, 0.0000e+00, 
 2DIAGNOSTIC,    30, -8.053838014603e-01, 9.420998394489e-04, 1.2800e+02, 0.0000e+00, 
 2DIAGNOSTIC,    31, -8.085153698921e-01, 1.059439033270e-03, 1.2800e+02, 0.0000e+00, 
 2DIAGNOSTIC,    32, -8.102661371231e-01, 1.202307641506e-03, 1.2800e+02, 0.0000e+00, 
 2DIAGNOSTIC,    33, -8.102174997330e-01, 1.229736953974e-03, 1.2800e+02, 0.0000e+00, 
 2DIAGNOSTIC,    34, -8.101848363876e-01, 1.138467341661e-03, 1.2800e+02, 0.0000e+00, 
 2DIAGNOSTIC,    35, -8.103657960892e-01, 9.485632181168e-04, 1.2800e+02, 0.0000e+00, 
 2DIAGNOSTIC,    36, -8.105935454369e-01, 7.016174495220e-04, 1.2800e+02, 0.0000e+00, 
 2DIAGNOSTIC,    37, -8.107903599739e-01, 4.228670150042e-04, 1.2800e+02, 0.0000e+00, 
 2DIAGNOSTIC,    38, -8.112205266953e-01, 1.699160784483e-04, 1.2800e+02, 0.0000e+00, 
 2DIAGNOSTIC,    39, -8.116427659988e-01, 9.102001786232e-05, 1.2800e+02, 0.0000e+00, 
 2DIAGNOSTIC,    40, -8.124068975449e-01, 5.920417606831e-05, 1.2800e+02, 0.0000e+00, 
 2DIAGNOSTIC,    41, -8.134369850159e-01, 6.153061985970e-05, 1.2800e+02, 0.0000e+00, 
 2DIAGNOSTIC,    42, -8.174117803574e-01, 1.095645129681e-04, 1.2800e+02, 0.0000e+00, 
 2DIAGNOSTIC,    43, -8.175311088562e-01, 1.446120440960e-04, 1.2800e+02, 0.0000e+00, 
 2DIAGNOSTIC,    44, -8.173275589943e-01, 1.626089215279e-04, 1.2800e+02, 0.0000e+00, 
 2DIAGNOSTIC,    45, -8.175905346870e-01, 1.684930175543e-04, 1.2800e+02, 0.0000e+00, 
 2DIAGNOSTIC,    46, -8.178828358650e-01, 1.620333641768e-04, 1.2800e+02, 0.0000e+00, 
 2DIAGNOSTIC,    47, -8.179300427437e-01, 1.418124884367e-04, 1.2800e+02, 0.0000e+00, 
 2DIAGNOSTIC,    48, -8.182863593102e-01, 1.151934266090e-04, 1.2800e+02, 0.0000e+00, 
 2DIAGNOSTIC,    49, -8.189721703529e-01, 8.767098188400e-05, 1.2800e+02, 0.0000e+00, 
 2DIAGNOSTIC,    50, -8.197508454323e-01, 6.455741822720e-05, 1.2800e+02, 0.0000e+00, 
 2DIAGNOSTIC,    51, -8.209370374680e-01, 5.158409476280e-05, 1.2800e+02, 0.0000e+00, 
 2DIAGNOSTIC,    52, -8.209697008133e-01, 6.288103759289e-05, 1.2800e+02, 0.0000e+00, 
 2DIAGNOSTIC,    53, -8.205356597900e-01, 6.576627492905e-05, 1.2800e+02, 0.0000e+00, 
 2DIAGNOSTIC,    54, -8.205848336220e-01, 6.132014095783e-05, 1.2800e+02, 0.0000e+00, 
 2DIAGNOSTIC,    55, -8.206726908684e-01, 5.340203642845e-05, 1.2800e+02, 0.0000e+00, 
 2DIAGNOSTIC,    56, -8.209518790245e-01, 4.439428448677e-05, 1.2800e+02, 0.0000e+00, 
 2DIAGNOSTIC,    57, -8.212429881096e-01, 3.372319042683e-05, 1.2800e+02, 0.0000e+00, 
 2DIAGNOSTIC,    58, -8.212049007416e-01, 2.237968146801e-05, 1.2800e+02, 0.0000e+00, 
 2DIAGNOSTIC,    59, -8.215909004211e-01, 1.607649028301e-05, 1.2800e+02, 0.0000e+00, 
 2DIAGNOSTIC,    60, -8.217711448669e-01, 1.410022377968e-05, 1.2800e+02, 0.0000e+00, 
 2DIAGNOSTIC,    61, -8.218090534210e-01, 1.821294426918e-05, 1.2800e+02, 0.0000e+00, 
 2DIAGNOSTIC,    62, -8.217020034790e-01, 2.014823257923e-05, 1.2800e+02, 0.0000e+00, 
 2DIAGNOSTIC,    63, -8.215973973274e-01, 1.702830195427e-05, 1.2800e+02, 0.0000e+00, 
 2DIAGNOSTIC,    64, -8.216202855110e-01, 1.285038888454e-05, 1.2800e+02, 0.0000e+00, 
 2DIAGNOSTIC,    65, -8.216530680656e-01, 8.229166269302e-06, 1.2800e+02, 0.0000e+00, 
 2DIAGNOSTIC,    66, -8.218341469765e-01, 5.539506673813e-06, 1.2800e+02, 0.0000e+00, 
 2DIAGNOSTIC,    67, -8.220267295837e-01, 5.131587386131e-06, 1.2800e+02, 0.0000e+00, 
 2DIAGNOSTIC,    68, -8.222365379333e-01, 5.166977643967e-06, 1.2800e+02, 0.0000e+00, 
 2DIAGNOSTIC,    69, -8.222396373749e-01, 6.774440407753e-06, 1.2800e+02, 0.0000e+00, 
 2DIAGNOSTIC,    70, -8.221083879471e-01, 7.987022399902e-06, 1.2800e+02, 0.0000e+00, 
 2DIAGNOSTIC,    71, -8.222569227219e-01, 9.428709745407e-06, 1.2800e+02, 0.0000e+00, 
 2DIAGNOSTIC,    72, -8.222703337669e-01, 9.454786777496e-06, 1.2800e+02, 0.0000e+00, 
 2DIAGNOSTIC,    73, -8.220183253288e-01, 6.819143891335e-06, 1.2800e+02, 0.0000e+00, 
 2DIAGNOSTIC,    74, -8.220661878586e-01, 4.065223038197e-06, 1.2800e+02, 0.0000e+00, 
DIAGNOSTIC,Iteration,metricValue,convergenceValue,ITERATION_TIME_INDEX,SINCE_LAST
 2DIAGNOSTIC,     1, -6.839087605476e-01, 1.797693134862e+308, 1.2800e+02, 0.0000e+00, 
 2DIAGNOSTIC,     2, -6.842612028122e-01, 1.797693134862e+308, 1.2800e+02, 0.0000e+00, 
 2DIAGNOSTIC,     3, -6.845538616180e-01, 1.797693134862e+308, 1.2800e+02, 0.0000e+00, 
 2DIAGNOSTIC,     4, -6.850537657738e-01, 1.797693134862e+308, 1.2800e+02, 0.0000e+00, 
 2DIAGNOSTIC,     5, -6.862775087357e-01, 1.797693134862e+308, 1.2800e+02, 0.0000e+00, 
 2DIAGNOSTIC,     6, -6.867967247963e-01, 1.797693134862e+308, 1.2800e+02, 0.0000e+00, 
 2DIAGNOSTIC,     7, -6.870601773262e-01, 1.797693134862e+308, 1.2800e+02, 0.0000e+00, 
 2DIAGNOSTIC,     8, -6.872758269310e-01, 1.797693134862e+308, 1.2800e+02, 0.0000e+00, 
 2DIAGNOSTIC,     9, -6.873167157173e-01, 1.797693134862e+308, 1.2800e+02, 0.0000e+00, 
 2DIAGNOSTIC,    10, -6.872955560684e-01, 3.756433725357e-04, 1.2800e+02, 0.0000e+00, 
 2DIAGNOSTIC,    11, -6.873124837875e-01, 2.870261669159e-04, 1.2800e+02, 0.0000e+00, 
 2DIAGNOSTIC,    12, -6.873571872711e-01, 2.017989754677e-04, 2.5600e+02, 1.2800e+02, 
 2DIAGNOSTIC,    13, -6.873641610146e-01, 1.213401556015e-04, 2.5600e+02, 0.0000e+00, 
 2DIAGNOSTIC,    14, -6.874155998230e-01, 5.717575550079e-05, 2.5600e+02, 0.0000e+00, 
 2DIAGNOSTIC,    15, -6.874007582664e-01, 2.968311309814e-05, 2.5600e+02, 0.0000e+00, 
 2DIAGNOSTIC,    16, -6.874113678932e-01, 1.671910285950e-05, 2.5600e+02, 0.0000e+00, 
 2DIAGNOSTIC,    17, -6.874372959137e-01, 1.081824302673e-05, 2.5600e+02, 0.0000e+00, 
 2DIAGNOSTIC,    18, -6.874246597290e-01, 9.361654520035e-06, 2.5600e+02, 0.0000e+00, 
 2DIAGNOSTIC,    19, -6.874417066574e-01, 8.657574653625e-06, 2.5600e+02, 0.0000e+00, 
 2DIAGNOSTIC,    20, -6.875331997871e-01, 8.810311555862e-06, 2.5600e+02, 0.0000e+00, 
 2DIAGNOSTIC,    21, -6.876175999641e-01, 1.022592186928e-05, 2.5600e+02, 0.0000e+00, 
 2DIAGNOSTIC,    22, -6.876568198204e-01, 1.224875450134e-05, 2.5600e+02, 0.0000e+00, 
 2DIAGNOSTIC,    23, -6.878674626350e-01, 1.699477434158e-05, 2.5600e+02, 0.0000e+00, 
 2DIAGNOSTIC,    24, -6.878951191902e-01, 2.119317650795e-05, 2.5600e+02, 0.0000e+00, 
 2DIAGNOSTIC,    25, -6.879547834396e-01, 2.392381429672e-05, 2.5600e+02, 0.0000e+00, 
 2DIAGNOSTIC,    26, -6.879514455795e-01, 2.442672848701e-05, 2.5600e+02, 0.0000e+00, 
 2DIAGNOSTIC,    27, -6.879728436470e-01, 2.345442771912e-05, 2.5600e+02, 0.0000e+00, 
 2DIAGNOSTIC,    28, -6.879678368568e-01, 2.016499638557e-05, 2.5600e+02, 0.0000e+00, 
 2DIAGNOSTIC,    29, -6.879785656929e-01, 1.568347215652e-05, 2.5600e+02, 0.0000e+00, 
 2DIAGNOSTIC,    30, -6.879572272301e-01, 1.108646392822e-05, 2.5600e+02, 0.0000e+00, 
 2DIAGNOSTIC,    31, -6.879318356514e-01, 6.653368473053e-06, 2.5600e+02, 0.0000e+00, 
 2DIAGNOSTIC,    32, -6.879455447197e-01, 2.589076757431e-06, 2.5600e+02, 0.0000e+00, 
 2DIAGNOSTIC,    33, -6.879456043243e-01, 1.259148120880e-06, 2.5600e+02, 0.0000e+00, 
DIAGNOSTIC,Iteration,metricValue,convergenceValue,ITERATION_TIME_INDEX,SINCE_LAST
 2DIAGNOSTIC,     1, -5.902404189110e-01, 1.797693134862e+308, 2.5600e+02, 0.0000e+00, 
 2DIAGNOSTIC,     2, -5.903872847557e-01, 1.797693134862e+308, 2.5600e+02, 0.0000e+00, 
 2DIAGNOSTIC,     3, -5.905131697655e-01, 1.797693134862e+308, 3.8400e+02, 1.2800e+02, 
 2DIAGNOSTIC,     4, -5.906804800034e-01, 1.797693134862e+308, 3.8400e+02, 0.0000e+00, 
 2DIAGNOSTIC,     5, -5.910027623177e-01, 1.797693134862e+308, 3.8400e+02, 0.0000e+00, 
 2DIAGNOSTIC,     6, -5.912103652954e-01, 1.797693134862e+308, 3.8400e+02, 0.0000e+00, 
 2DIAGNOSTIC,     7, -5.912346243858e-01, 1.797693134862e+308, 3.8400e+02, 0.0000e+00, 
 2DIAGNOSTIC,     8, -5.912367701530e-01, 1.797693134862e+308, 3.8400e+02, 0.0000e+00, 
 2DIAGNOSTIC,     9, -5.912325382233e-01, 1.797693134862e+308, 3.8400e+02, 0.0000e+00, 
 2DIAGNOSTIC,    10, -5.912331342697e-01, 1.249909400940e-04, 3.8400e+02, 0.0000e+00, 
 2DIAGNOSTIC,    11, -5.912314057350e-01, 8.920580148697e-05, 5.1200e+02, 1.2800e+02, 
 2DIAGNOSTIC,    12, -5.912309885025e-01, 5.761533975601e-05, 5.1200e+02, 0.0000e+00, 
 2DIAGNOSTIC,    13, -5.912309288979e-01, 3.067404031754e-05, 5.1200e+02, 0.0000e+00, 
 2DIAGNOSTIC,    14, -5.912297368050e-01, 1.051276922226e-05, 5.1200e+02, 0.0000e+00, 
 2DIAGNOSTIC,    15, -5.912316441536e-01, 2.495944499969e-06, 5.1200e+02, 0.0000e+00, 
 2DIAGNOSTIC,    16, -5.912320613861e-01, 1.683831214905e-06, 5.1200e+02, 0.0000e+00, 
 2DIAGNOSTIC,    17, -5.912296175957e-01, 1.598149538040e-06, 5.1200e+02, 0.0000e+00, 
 2DIAGNOSTIC,    18, -5.912298560143e-01, 1.635402441025e-06, 5.1200e+02, 0.0000e+00, 
 2DIAGNOSTIC,    19, -5.912314057350e-01, 1.594424247742e-06, 5.1200e+02, 0.0000e+00, 
 2DIAGNOSTIC,    20, -5.912317037582e-01, 1.590698957443e-06, 6.4000e+02, 1.2800e+02, 
 2DIAGNOSTIC,    21, -5.912305116653e-01, 1.519918441772e-06, 6.4000e+02, 0.0000e+00, 
 2DIAGNOSTIC,    22, -5.912306904793e-01, 1.445412635803e-06, 6.4000e+02, 0.0000e+00, 
 2DIAGNOSTIC,    23, -5.912306308746e-01, 1.389533281326e-06, 6.4000e+02, 0.0000e+00, 
 2DIAGNOSTIC,    24, -5.912294983864e-01, 1.281499862671e-06, 6.4000e+02, 0.0000e+00, 
 2DIAGNOSTIC,    25, -5.912296175957e-01, 1.221895217896e-06, 6.4000e+02, 0.0000e+00, 
 2DIAGNOSTIC,    26, -5.912294387817e-01, 1.188367605209e-06, 6.4000e+02, 0.0000e+00, 
 2DIAGNOSTIC,    27, -5.912293791771e-01, 1.102685928345e-06, 6.4000e+02, 0.0000e+00, 
 2DIAGNOSTIC,    28, -5.912293791771e-01, 1.039355993271e-06, 7.6800e+02, 1.2800e+02, 
 2DIAGNOSTIC,    29, -5.912294983864e-01, 1.024454832077e-06, 7.6800e+02, 0.0000e+00, 
 2DIAGNOSTIC,    30, -5.912294983864e-01, 1.013278961182e-06, 7.6800e+02, 0.0000e+00, 
DIAGNOSTIC,Iteration,metricValue,convergenceValue,ITERATION_TIME_INDEX,SINCE_LAST
 2DIAGNOSTIC,     1, -5.363062620163e-01, 1.797693134862e+308, 8.9600e+02, 1.2800e+02, 
 2DIAGNOSTIC,     2, -5.364711284637e-01, 1.797693134862e+308, 8.9600e+02, 0.0000e+00, 
 2DIAGNOSTIC,     3, -5.364726781845e-01, 1.797693134862e+308, 1.0240e+03, 1.2800e+02, 
 2DIAGNOSTIC,     4, -5.364719033241e-01, 1.797693134862e+308, 1.1520e+03, 1.2800e+02, 
 2DIAGNOSTIC,     5, -5.364720821381e-01, 1.797693134862e+308, 1.2800e+03, 1.2800e+02, 
 2DIAGNOSTIC,     6, -5.364714264870e-01, 1.797693134862e+308, 1.4080e+03, 1.2800e+02, 
 2DIAGNOSTIC,     7, -5.364709496498e-01, 1.797693134862e+308, 1.5360e+03, 1.2800e+02, 
 2DIAGNOSTIC,     8, -5.364698171616e-01, 1.797693134862e+308, 1.6640e+03, 1.2800e+02, 
 2DIAGNOSTIC,     9, -5.364699363708e-01, 1.797693134862e+308, 1.7920e+03, 1.2800e+02, 
 2DIAGNOSTIC,    10, -5.364696383476e-01, 1.164525747299e-05, 1.9200e+03, 1.2800e+02, 
 2DIAGNOSTIC,    11, -5.364700555801e-01, 2.600252628326e-06, 2.0480e+03, 1.2800e+02, 
 2DIAGNOSTIC,    12, -5.364704132080e-01, 2.346932888031e-06, 2.3040e+03, 2.5600e+02, 
 2DIAGNOSTIC,    13, -5.364702939987e-01, 2.257525920868e-06, 2.4320e+03, 1.2800e+02, 
 2DIAGNOSTIC,    14, -5.364702939987e-01, 2.168118953705e-06, 2.5600e+03, 1.2800e+02, 
 2DIAGNOSTIC,    15, -5.364701151848e-01, 2.078711986542e-06, 2.5600e+03, 0.0000e+00, 
 2DIAGNOSTIC,    16, -5.364702343941e-01, 1.996755599976e-06, 2.6880e+03, 1.2800e+02, 
 2DIAGNOSTIC,    17, -5.364702343941e-01, 1.907348632812e-06, 2.8160e+03, 1.2800e+02, 
 2DIAGNOSTIC,    18, -5.364701747894e-01, 1.791864633560e-06, 2.9440e+03, 1.2800e+02, 
 2DIAGNOSTIC,    19, -5.364702343941e-01, 1.687556505203e-06, 3.0720e+03, 1.2800e+02, 
 2DIAGNOSTIC,    20, -5.364701151848e-01, 1.586973667145e-06, 3.2000e+03, 1.2800e+02, 
 2DIAGNOSTIC,    21, -5.364701747894e-01, 1.505017280579e-06, 3.3280e+03, 1.2800e+02, 
 2DIAGNOSTIC,    22, -5.364701747894e-01, 1.441687345505e-06, 3.4560e+03, 1.2800e+02, 
 2DIAGNOSTIC,    23, -5.364701747894e-01, 1.370906829834e-06, 3.5840e+03, 1.2800e+02, 
 2DIAGNOSTIC,    24, -5.364702343941e-01, 1.318752765656e-06, 3.7120e+03, 1.2800e+02, 
 2DIAGNOSTIC,    25, -5.364701747894e-01, 1.270323991776e-06, 3.8400e+03, 1.2800e+02, 
 2DIAGNOSTIC,    26, -5.364699363708e-01, 1.218169927597e-06, 3.9680e+03, 1.2800e+02, 
 2DIAGNOSTIC,    27, -5.364699363708e-01, 1.166015863419e-06, 4.0960e+03, 1.2800e+02, 
 2DIAGNOSTIC,    28, -5.364698767662e-01, 1.125037670135e-06, 4.2240e+03, 1.2800e+02, 
 2DIAGNOSTIC,    29, -5.364699959755e-01, 1.084059476852e-06, 4.3520e+03, 1.2800e+02, 
 2DIAGNOSTIC,    30, -5.364699959755e-01, 1.046806573868e-06, 4.4800e+03, 1.2800e+02, 
 2DIAGNOSTIC,    31, -5.364699363708e-01, 1.009553670883e-06, 4.4800e+03, 0.0000e+00, 
  Elapsed time (stage 0): 4.6080e+03


Total elapsed time: 4.6080e+03
-i /mnt/lustre/mathdugre/fast-interpolate/datasets/ds004513/derivatives/fsl/fast/sub-s007/ses-open/anat/BrainExtractionBrain_seg.nii.gz -o /mnt/lustre/mathdugre/fast-interpolate/datasets/ds004513/derivatives/flint/ants/flint-vprec-single/sub-s007/ses-open/anat/1/1_transformed.nii.gz -t /mnt/lustre/mathdugre/fast-interpolate/datasets/ds004513/derivatives/flint/ants/flint-vprec-single/sub-s007/ses-open/anat/1/1_0GenericAffine.mat
