---------------------
Experiment information

SIF_IMG: /mnt/lustre/mathdugre/containers/ants-flint-vprec.simg
SIF_IMG_BASE: /mnt/lustre/mathdugre/containers/ants-flint-base.simg
EXPERIMENT_NAME: flint-vprec-single
STAGE: syn
SUBJECT_ID: s012
REPETITION_ID: 1

FIXED_IMG: /templateflow/tpl-MNI152NLin2009cAsym/tpl-MNI152NLin2009cAsym_res-01_desc-brain_T1w.nii.gz
INPUT_IMG: /mnt/lustre/mathdugre/fast-interpolate/datasets/ds004513/derivatives/flint/ants/flint-vprec-single/sub-s012/ses-open/anat/10/1_Affine.nii.gz

DATA_DIR: /mnt/lustre/mathdugre/fast-interpolate/datasets/ds004513
OUTPUT_DIR: /mnt/lustre/mathdugre/fast-interpolate/datasets/ds004513/derivatives/flint/ants/flint-vprec-single/sub-s012/ses-open/anat
OUTPUT_PREFIX: 101
THREAD: 1
FLOAT: 0
VFC_BACKENDS: libinterflop_vprec.so --precision-binary32=23 --range-binary32=8 --precision-binary64=23 --range-binary64=8
---------------------

--output [/mnt/lustre/mathdugre/fast-interpolate/datasets/ds004513/derivatives/flint/ants/flint-vprec-single/sub-s012/ses-open/anat/101/1_,/mnt/lustre/mathdugre/fast-interpolate/datasets/ds004513/derivatives/flint/ants/flint-vprec-single/sub-s012/ses-open/anat/101/1_Warped.nii.gz,/mnt/lustre/mathdugre/fast-interpolate/datasets/ds004513/derivatives/flint/ants/flint-vprec-single/sub-s012/ses-open/anat/101/1_InverseSyN.nii.gz] --initial-moving-transform [/templateflow/tpl-MNI152NLin2009cAsym/tpl-MNI152NLin2009cAsym_res-01_desc-brain_T1w.nii.gz,/mnt/lustre/mathdugre/fast-interpolate/datasets/ds004513/derivatives/flint/ants/flint-vprec-single/sub-s012/ses-open/anat/10/1_Affine.nii.gz,1] --transform SyN[ 0.1,3,0 ] --metric CC[/templateflow/tpl-MNI152NLin2009cAsym/tpl-MNI152NLin2009cAsym_res-01_desc-brain_T1w.nii.gz,/mnt/lustre/mathdugre/fast-interpolate/datasets/ds004513/derivatives/flint/ants/flint-vprec-single/sub-s012/ses-open/anat/10/1_Affine.nii.gz,1,4] --convergence [100x70x50x20,1e-6,10] --shrink-factors 8x4x2x1 --smoothing-sigmas 3x2x1x0vox
All_Command_lines_OK
Using double precision for computations.
=============================================================================
The composite transform comprises the following transforms (in order): 
  1. Center of mass alignment using fixed image: /templateflow/tpl-MNI152NLin2009cAsym/tpl-MNI152NLin2009cAsym_res-01_desc-brain_T1w.nii.gz and moving image: /mnt/lustre/mathdugre/fast-interpolate/datasets/ds004513/derivatives/flint/ants/flint-vprec-single/sub-s012/ses-open/anat/10/1_Affine.nii.gz (type = Euler3DTransform)
=============================================================================
  number of levels = 4
  fixed image: /templateflow/tpl-MNI152NLin2009cAsym/tpl-MNI152NLin2009cAsym_res-01_desc-brain_T1w.nii.gz
  moving image: /mnt/lustre/mathdugre/fast-interpolate/datasets/ds004513/derivatives/flint/ants/flint-vprec-single/sub-s012/ses-open/anat/10/1_Affine.nii.gz
Dimension = 3
Number of stages = 1
Use histogram matching = false
Winsorize image intensities = true
  Lower quantile = 0.005
  Upper quantile = 0.995


Stage 1 State
   Image metric = CC
     Fixed image = Image (0x315bb50)
  RTTI typeinfo:   itk::Image<double, 3u>
  Reference Count: 2
  Modified Time: 1622
  Debug: Off
  Object Name: 
  Observers: 
    none
  Source: (none)
  Source output name: (none)
  Release Data: Off
  Data Released: False
  Global Release Data: Off
  PipelineMTime: 0
  UpdateMTime: 1407
  RealTimeStamp: 0 seconds 
  LargestPossibleRegion: 
    Dimension: 3
    Index: [0, 0, 0]
    Size: [193, 229, 193]
  BufferedRegion: 
    Dimension: 3
    Index: [0, 0, 0]
    Size: [193, 229, 193]
  RequestedRegion: 
    Dimension: 3
    Index: [0, 0, 0]
    Size: [193, 229, 193]
  Spacing: [1, 1, 1]
  Origin: [96, 132, -78]
  Direction: 
-1 0 0
0 -1 0
0 0 1

  IndexToPointMatrix: 
-1 0 0
0 -1 0
0 0 1

  PointToIndexMatrix: 
-1 0 0
0 -1 0
0 0 1

  Inverse Direction: 
-1 0 0
0 -1 0
0 0 1

  PixelContainer: 
    ImportImageContainer (0x31d46d0)
      RTTI typeinfo:   itk::ImportImageContainer<unsigned long, double>
      Reference Count: 1
      Modified Time: 1404
      Debug: Off
      Object Name: 
      Observers: 
        none
      Pointer: 0x7fe3e59fd010
      Container manages memory: true
      Size: 8530021
      Capacity: 8530021

     Moving image = Image (0x3167d60)
  RTTI typeinfo:   itk::Image<double, 3u>
  Reference Count: 2
  Modified Time: 1623
  Debug: Off
  Object Name: 
  Observers: 
    none
  Source: (none)
  Source output name: (none)
  Release Data: Off
  Data Released: False
  Global Release Data: Off
  PipelineMTime: 0
  UpdateMTime: 1620
  RealTimeStamp: 0 seconds 
  LargestPossibleRegion: 
    Dimension: 3
    Index: [0, 0, 0]
    Size: [193, 229, 193]
  BufferedRegion: 
    Dimension: 3
    Index: [0, 0, 0]
    Size: [193, 229, 193]
  RequestedRegion: 
    Dimension: 3
    Index: [0, 0, 0]
    Size: [193, 229, 193]
  Spacing: [1, 1, 1]
  Origin: [96, 132, -78]
  Direction: 
-1 0 0
0 -1 0
0 0 1

  IndexToPointMatrix: 
-1 0 0
0 -1 0
0 0 1

  PointToIndexMatrix: 
-1 0 0
0 -1 0
0 0 1

  Inverse Direction: 
-1 0 0
0 -1 0
0 0 1

  PixelContainer: 
    ImportImageContainer (0x32347d0)
      RTTI typeinfo:   itk::ImportImageContainer<unsigned long, double>
      Reference Count: 1
      Modified Time: 1617
      Debug: Off
      Object Name: 
      Observers: 
        none
      Pointer: 0x7fe3e18e8010
      Container manages memory: true
      Size: 8530021
      Capacity: 8530021

     Weighting = 1
     Sampling strategy = none
     Number of bins = 32
     Radius = 4
     Sampling percentage  = 1
   Transform = SyN
     Gradient step = 0.1
     Update field sigma (voxel space) = 3
     Total field sigma (voxel space) = 0
     Update field time sigma = 0
     Total field time sigma  = 0
     Number of time indices = 0
     Number of time point samples = 0
Registration using 1 total stages.

Stage 0
  iterations = 100x70x50x20
  convergence threshold = 1e-06
  convergence window size = 10
  number of levels = 4
  using the CC metric (radius = 4, weight = 1, use gradient filter = 0)
  preprocessing:  winsorizing the image intensities
  Shrink factors (level 1 out of 4): [8, 8, 8]
  Shrink factors (level 2 out of 4): [4, 4, 4]
  Shrink factors (level 3 out of 4): [2, 2, 2]
  Shrink factors (level 4 out of 4): [1, 1, 1]
  smoothing sigmas per level: [3, 2, 1, 0]
  Using default NONE metricSamplingStrategy 

*** Running SyN registration (varianceForUpdateField = 3, varianceForTotalField = 0) ***

XXDIAGNOSTIC,Iteration,metricValue,convergenceValue,ITERATION_TIME_INDEX,SINCE_LAST
 1DIAGNOSTIC,     1, -9.303878545761e-01, 1.797693134862e+308, 0.0000e+00, 0.0000e+00, 
 1DIAGNOSTIC,     2, -9.389100074768e-01, 1.797693134862e+308, 0.0000e+00, 0.0000e+00, 
 1DIAGNOSTIC,     3, -9.469375014305e-01, 1.797693134862e+308, 0.0000e+00, 0.0000e+00, 
 1DIAGNOSTIC,     4, -9.529610872269e-01, 1.797693134862e+308, 1.2800e+02, 1.2800e+02, 
 1DIAGNOSTIC,     5, -9.570951461792e-01, 1.797693134862e+308, 1.2800e+02, 0.0000e+00, 
 1DIAGNOSTIC,     6, -9.610414505005e-01, 1.797693134862e+308, 1.2800e+02, 0.0000e+00, 
 1DIAGNOSTIC,     7, -9.650637507439e-01, 1.797693134862e+308, 1.2800e+02, 0.0000e+00, 
 1DIAGNOSTIC,     8, -9.682955145836e-01, 1.797693134862e+308, 1.2800e+02, 0.0000e+00, 
 1DIAGNOSTIC,     9, -9.694910645485e-01, 1.797693134862e+308, 1.2800e+02, 0.0000e+00, 
 1DIAGNOSTIC,    10, -9.699305891991e-01, 2.606138586998e-03, 1.2800e+02, 0.0000e+00, 
 1DIAGNOSTIC,    11, -9.706385731697e-01, 1.873612403870e-03, 1.2800e+02, 0.0000e+00, 
 1DIAGNOSTIC,    12, -9.710206985474e-01, 1.312717795372e-03, 2.5600e+02, 1.2800e+02, 
 1DIAGNOSTIC,    13, -9.713352322578e-01, 9.081512689590e-04, 2.5600e+02, 0.0000e+00, 
 1DIAGNOSTIC,    14, -9.717128276825e-01, 6.144568324089e-04, 2.5600e+02, 0.0000e+00, 
 1DIAGNOSTIC,    15, -9.718453884125e-01, 3.880932927132e-04, 2.5600e+02, 0.0000e+00, 
 1DIAGNOSTIC,    16, -9.721885323524e-01, 2.329573035240e-04, 2.5600e+02, 0.0000e+00, 
 1DIAGNOSTIC,    17, -9.722416400909e-01, 1.443475484848e-04, 2.5600e+02, 0.0000e+00, 
 1DIAGNOSTIC,    18, -9.724789857864e-01, 1.090615987778e-04, 2.5600e+02, 0.0000e+00, 
 1DIAGNOSTIC,    19, -9.724830389023e-01, 8.610635995865e-05, 3.8400e+02, 1.2800e+02, 
 1DIAGNOSTIC,    20, -9.726783633232e-01, 6.681680679321e-05, 3.8400e+02, 0.0000e+00, 
 1DIAGNOSTIC,    21, -9.726557731628e-01, 5.280598998070e-05, 3.8400e+02, 0.0000e+00, 
 1DIAGNOSTIC,    22, -9.728203415871e-01, 4.257261753082e-05, 3.8400e+02, 0.0000e+00, 
 1DIAGNOSTIC,    23, -9.728192687035e-01, 3.327801823616e-05, 3.8400e+02, 0.0000e+00, 
 1DIAGNOSTIC,    24, -9.729609489441e-01, 2.817064523697e-05, 3.8400e+02, 0.0000e+00, 
 1DIAGNOSTIC,    25, -9.729181528091e-01, 2.188608050346e-05, 3.8400e+02, 0.0000e+00, 
 1DIAGNOSTIC,    26, -9.730409383774e-01, 1.946464180946e-05, 3.8400e+02, 0.0000e+00, 
 1DIAGNOSTIC,    27, -9.729925990105e-01, 1.548230648041e-05, 5.1200e+02, 1.2800e+02, 
 1DIAGNOSTIC,    28, -9.730989933014e-01, 1.405552029610e-05, 5.1200e+02, 0.0000e+00, 
 1DIAGNOSTIC,    29, -9.730466604233e-01, 1.097097992897e-05, 5.1200e+02, 0.0000e+00, 
 1DIAGNOSTIC,    30, -9.731391668320e-01, 1.000985503197e-05, 5.1200e+02, 0.0000e+00, 
 1DIAGNOSTIC,    31, -9.730848073959e-01, 7.487833499908e-06, 5.1200e+02, 0.0000e+00, 
 1DIAGNOSTIC,    32, -9.731670618057e-01, 6.798654794693e-06, 5.1200e+02, 0.0000e+00, 
 1DIAGNOSTIC,    33, -9.731126427650e-01, 5.062669515610e-06, 5.1200e+02, 0.0000e+00, 
 1DIAGNOSTIC,    34, -9.731886386871e-01, 4.950910806656e-06, 5.1200e+02, 0.0000e+00, 
 1DIAGNOSTIC,    35, -9.731342792511e-01, 3.607943654060e-06, 6.4000e+02, 1.2800e+02, 
 1DIAGNOSTIC,    36, -9.732034802437e-01, 3.680586814880e-06, 6.4000e+02, 0.0000e+00, 
 1DIAGNOSTIC,    37, -9.731496572495e-01, 2.637505531311e-06, 6.4000e+02, 0.0000e+00, 
 1DIAGNOSTIC,    38, -9.732187986374e-01, 2.862885594368e-06, 6.4000e+02, 0.0000e+00, 
 1DIAGNOSTIC,    39, -9.731588363647e-01, 2.011656761169e-06, 6.4000e+02, 0.0000e+00, 
 1DIAGNOSTIC,    40, -9.732333421707e-01, 2.333894371986e-06, 6.4000e+02, 0.0000e+00, 
 1DIAGNOSTIC,    41, -9.731667041779e-01, 1.603737473488e-06, 6.4000e+02, 0.0000e+00, 
 1DIAGNOSTIC,    42, -9.732493162155e-01, 1.998618245125e-06, 7.6800e+02, 1.2800e+02, 
 1DIAGNOSTIC,    43, -9.731752872467e-01, 1.363456249237e-06, 7.6800e+02, 0.0000e+00, 
 1DIAGNOSTIC,    44, -9.732658863068e-01, 1.825392246246e-06, 7.6800e+02, 0.0000e+00, 
 1DIAGNOSTIC,    45, -9.731818437576e-01, 1.234933733940e-06, 7.6800e+02, 0.0000e+00, 
 1DIAGNOSTIC,    46, -9.732859730721e-01, 1.749023795128e-06, 7.6800e+02, 0.0000e+00, 
 1DIAGNOSTIC,    47, -9.731897115707e-01, 1.180917024612e-06, 7.6800e+02, 0.0000e+00, 
 1DIAGNOSTIC,    48, -9.733732938766e-01, 2.155080437660e-06, 7.6800e+02, 0.0000e+00, 
 1DIAGNOSTIC,    49, -9.732633829117e-01, 1.884996891022e-06, 7.6800e+02, 0.0000e+00, 
 1DIAGNOSTIC,    50, -9.734050035477e-01, 2.816319465637e-06, 8.9600e+02, 1.2800e+02, 
 1DIAGNOSTIC,    51, -9.732763767242e-01, 2.345070242882e-06, 8.9600e+02, 0.0000e+00, 
 1DIAGNOSTIC,    52, -9.734371304512e-01, 3.138557076454e-06, 8.9600e+02, 0.0000e+00, 
 1DIAGNOSTIC,    53, -9.732341766357e-01, 2.080574631691e-06, 8.9600e+02, 0.0000e+00, 
 1DIAGNOSTIC,    54, -9.734744429588e-01, 2.756714820862e-06, 8.9600e+02, 0.0000e+00, 
 1DIAGNOSTIC,    55, -9.732580184937e-01, 1.555308699608e-06, 8.9600e+02, 0.0000e+00, 
 1DIAGNOSTIC,    56, -9.734465479851e-01, 1.888722181320e-06, 8.9600e+02, 0.0000e+00, 
 1DIAGNOSTIC,    57, -9.732775688171e-01, 6.593763828278e-07, 8.9600e+02, 0.0000e+00, 
XXDIAGNOSTIC,Iteration,metricValue,convergenceValue,ITERATION_TIME_INDEX,SINCE_LAST
 1DIAGNOSTIC,     1, -9.203118085861e-01, 1.797693134862e+308, 1.1520e+03, 2.5600e+02, 
 1DIAGNOSTIC,     2, -9.226110577583e-01, 1.797693134862e+308, 1.2800e+03, 1.2800e+02, 
 1DIAGNOSTIC,     3, -9.264211654663e-01, 1.797693134862e+308, 1.4080e+03, 1.2800e+02, 
 1DIAGNOSTIC,     4, -9.296154379845e-01, 1.797693134862e+308, 1.5360e+03, 1.2800e+02, 
 1DIAGNOSTIC,     5, -9.327102899551e-01, 1.797693134862e+308, 1.7920e+03, 2.5600e+02, 
 1DIAGNOSTIC,     6, -9.354436993599e-01, 1.797693134862e+308, 1.9200e+03, 1.2800e+02, 
 1DIAGNOSTIC,     7, -9.374873042107e-01, 1.797693134862e+308, 2.0480e+03, 1.2800e+02, 
 1DIAGNOSTIC,     8, -9.392459392548e-01, 1.797693134862e+308, 2.1760e+03, 1.2800e+02, 
 1DIAGNOSTIC,     9, -9.407596588135e-01, 1.797693134862e+308, 2.3040e+03, 1.2800e+02, 
 1DIAGNOSTIC,    10, -9.418111443520e-01, 1.541651785374e-03, 2.4320e+03, 1.2800e+02, 
 1DIAGNOSTIC,    11, -9.426850080490e-01, 1.240901648998e-03, 2.6880e+03, 2.5600e+02, 
 1DIAGNOSTIC,    12, -9.434311985970e-01, 9.554624557495e-04, 2.8160e+03, 1.2800e+02, 
 1DIAGNOSTIC,    13, -9.440852403641e-01, 7.316246628761e-04, 2.9440e+03, 1.2800e+02, 
 1DIAGNOSTIC,    14, -9.445393085480e-01, 5.517974495888e-04, 3.0720e+03, 1.2800e+02, 
 1DIAGNOSTIC,    15, -9.452081322670e-01, 4.212707281113e-04, 3.2000e+03, 1.2800e+02, 
 1DIAGNOSTIC,    16, -9.455185532570e-01, 3.257691860199e-04, 3.3280e+03, 1.2800e+02, 
 1DIAGNOSTIC,    17, -9.460621476173e-01, 2.574548125267e-04, 3.5840e+03, 2.5600e+02, 
 1DIAGNOSTIC,    18, -9.462687969208e-01, 2.057366073132e-04, 3.7120e+03, 1.2800e+02, 
 1DIAGNOSTIC,    19, -9.464626908302e-01, 1.676045358181e-04, 3.8400e+03, 1.2800e+02, 
 1DIAGNOSTIC,    20, -9.466379880905e-01, 1.362599432468e-04, 3.9680e+03, 1.2800e+02, 
 1DIAGNOSTIC,    21, -9.467965364456e-01, 1.100413501263e-04, 4.0960e+03, 1.2800e+02, 
 1DIAGNOSTIC,    22, -9.469376802444e-01, 8.811801671982e-05, 4.2240e+03, 1.2800e+02, 
 1DIAGNOSTIC,    23, -9.470777511597e-01, 7.037445902824e-05, 4.3520e+03, 1.2800e+02, 
 1DIAGNOSTIC,    24, -9.471961259842e-01, 5.473941564560e-05, 4.6080e+03, 2.5600e+02, 
 1DIAGNOSTIC,    25, -9.472969770432e-01, 4.461407661438e-05, 4.7360e+03, 1.2800e+02, 
 1DIAGNOSTIC,    26, -9.473910331726e-01, 3.574416041374e-05, 4.8640e+03, 1.2800e+02, 
 1DIAGNOSTIC,    27, -9.474804997444e-01, 3.132596611977e-05, 4.9920e+03, 1.2800e+02, 
 1DIAGNOSTIC,    28, -9.475563764572e-01, 2.739951014519e-05, 5.1200e+03, 1.2800e+02, 
 1DIAGNOSTIC,    29, -9.476289749146e-01, 2.399459481239e-05, 5.2480e+03, 1.2800e+02, 
 1DIAGNOSTIC,    30, -9.476974606514e-01, 2.107769250870e-05, 5.5040e+03, 2.5600e+02, 
 1DIAGNOSTIC,    31, -9.477585554123e-01, 1.857429742813e-05, 5.6320e+03, 1.2800e+02, 
 1DIAGNOSTIC,    32, -9.478228092194e-01, 1.647323369980e-05, 5.7600e+03, 1.2800e+02, 
 1DIAGNOSTIC,    33, -9.478797316551e-01, 1.480802893639e-05, 5.8880e+03, 1.2800e+02, 
 1DIAGNOSTIC,    34, -9.479384422302e-01, 1.348927617073e-05, 6.0160e+03, 1.2800e+02, 
 1DIAGNOSTIC,    35, -9.479960203171e-01, 1.239031553268e-05, 6.1440e+03, 1.2800e+02, 
 1DIAGNOSTIC,    36, -9.480465650558e-01, 1.146644353867e-05, 6.4000e+03, 2.5600e+02, 
 1DIAGNOSTIC,    37, -9.480937719345e-01, 1.068226993084e-05, 6.5280e+03, 1.2800e+02, 
 1DIAGNOSTIC,    38, -9.481369853020e-01, 9.937211871147e-06, 6.6560e+03, 1.2800e+02, 
 1DIAGNOSTIC,    39, -9.481759071350e-01, 9.220093488693e-06, 6.7840e+03, 1.2800e+02, 
 1DIAGNOSTIC,    40, -9.482021927834e-01, 8.435919880867e-06, 6.9120e+03, 1.2800e+02, 
 1DIAGNOSTIC,    41, -9.482291340828e-01, 7.603317499161e-06, 7.0400e+03, 1.2800e+02, 
 1DIAGNOSTIC,    42, -9.482502341270e-01, 6.763264536858e-06, 7.2960e+03, 2.5600e+02, 
 1DIAGNOSTIC,    43, -9.482709169388e-01, 5.925074219704e-06, 7.4240e+03, 1.2800e+02, 
 1DIAGNOSTIC,    44, -9.482886791229e-01, 5.144625902176e-06, 7.5520e+03, 1.2800e+02, 
 1DIAGNOSTIC,    45, -9.483059048653e-01, 4.475936293602e-06, 7.6800e+03, 1.2800e+02, 
 1DIAGNOSTIC,    46, -9.483237266541e-01, 3.917142748833e-06, 7.8080e+03, 1.2800e+02, 
 1DIAGNOSTIC,    47, -9.483337402344e-01, 3.430992364883e-06, 7.9360e+03, 1.2800e+02, 
 1DIAGNOSTIC,    48, -9.483393430710e-01, 3.008171916008e-06, 8.1920e+03, 2.5600e+02, 
 1DIAGNOSTIC,    49, -9.483443498611e-01, 2.644956111908e-06, 8.3200e+03, 1.2800e+02, 
 1DIAGNOSTIC,    50, -9.483523964882e-01, 2.309679985046e-06, 8.4480e+03, 1.2800e+02, 
 1DIAGNOSTIC,    51, -9.483543634415e-01, 1.993030309677e-06, 8.5760e+03, 1.2800e+02, 
 1DIAGNOSTIC,    52, -9.483587741852e-01, 1.702457666397e-06, 8.7040e+03, 1.2800e+02, 
 1DIAGNOSTIC,    53, -9.483590722084e-01, 1.439824700356e-06, 8.8320e+03, 1.2800e+02, 
 1DIAGNOSTIC,    54, -9.483601450920e-01, 1.210719347000e-06, 9.0880e+03, 2.5600e+02, 
 1DIAGNOSTIC,    55, -9.483610987663e-01, 1.028180122375e-06, 9.2160e+03, 1.2800e+02, 
 1DIAGNOSTIC,    56, -9.483603239059e-01, 8.922070264816e-07, 9.3440e+03, 1.2800e+02, 
XXDIAGNOSTIC,Iteration,metricValue,convergenceValue,ITERATION_TIME_INDEX,SINCE_LAST
 1DIAGNOSTIC,     1, -8.997532725334e-01, 1.797693134862e+308, 1.0624e+04, 1.2800e+03, 
 1DIAGNOSTIC,     2, -9.021421670914e-01, 1.797693134862e+308, 1.1904e+04, 1.2800e+03, 
 1DIAGNOSTIC,     3, -9.047972559929e-01, 1.797693134862e+308, 1.3056e+04, 1.1520e+03, 
 1DIAGNOSTIC,     4, -9.072628021240e-01, 1.797693134862e+308, 1.4336e+04, 1.2800e+03, 
 1DIAGNOSTIC,     5, -9.094580411911e-01, 1.797693134862e+308, 1.5488e+04, 1.1520e+03, 
 1DIAGNOSTIC,     6, -9.113979339600e-01, 1.797693134862e+308, 1.6768e+04, 1.2800e+03, 
 1DIAGNOSTIC,     7, -9.130028486252e-01, 1.797693134862e+308, 1.8048e+04, 1.2800e+03, 
 1DIAGNOSTIC,     8, -9.145587086678e-01, 1.797693134862e+308, 1.9200e+04, 1.1520e+03, 
 1DIAGNOSTIC,     9, -9.158669710159e-01, 1.797693134862e+308, 2.0480e+04, 1.2800e+03, 
 1DIAGNOSTIC,    10, -9.170322418213e-01, 1.225695014000e-03, 2.1760e+04, 1.2800e+03, 
 1DIAGNOSTIC,    11, -9.180161952972e-01, 1.003399491310e-03, 2.2912e+04, 1.1520e+03, 
 1DIAGNOSTIC,    12, -9.189676046371e-01, 8.144453167915e-04, 2.4192e+04, 1.2800e+03, 
 1DIAGNOSTIC,    13, -9.198777675629e-01, 6.658881902695e-04, 2.5472e+04, 1.2800e+03, 
 1DIAGNOSTIC,    14, -9.207314848900e-01, 5.513355135918e-04, 2.6624e+04, 1.1520e+03, 
 1DIAGNOSTIC,    15, -9.215059876442e-01, 4.629567265511e-04, 2.7904e+04, 1.2800e+03, 
 1DIAGNOSTIC,    16, -9.222269058228e-01, 3.946647047997e-04, 2.9184e+04, 1.2800e+03, 
 1DIAGNOSTIC,    17, -9.228932857513e-01, 3.393217921257e-04, 3.0336e+04, 1.1520e+03, 
 1DIAGNOSTIC,    18, -9.235201478004e-01, 2.962201833725e-04, 3.1616e+04, 1.2800e+03, 
 1DIAGNOSTIC,    19, -9.241153001785e-01, 2.611353993416e-04, 3.2896e+04, 1.2800e+03, 
 1DIAGNOSTIC,    20, -9.246710538864e-01, 2.318918704987e-04, 3.4048e+04, 1.1520e+03, 
 1DIAGNOSTIC,    21, -9.252197742462e-01, 2.063810825348e-04, 3.5328e+04, 1.2800e+03, 
 1DIAGNOSTIC,    22, -9.257345199585e-01, 1.844987273216e-04, 3.6608e+04, 1.2800e+03, 
 1DIAGNOSTIC,    23, -9.262218475342e-01, 1.659989356995e-04, 3.7760e+04, 1.1520e+03, 
 1DIAGNOSTIC,    24, -9.266814589500e-01, 1.503862440586e-04, 3.9040e+04, 1.2800e+03, 
 1DIAGNOSTIC,    25, -9.270913600922e-01, 1.365281641483e-04, 4.0320e+04, 1.2800e+03, 
 1DIAGNOSTIC,    26, -9.274855852127e-01, 1.241452991962e-04, 4.1472e+04, 1.1520e+03, 
 1DIAGNOSTIC,    27, -9.278463125229e-01, 1.127310097218e-04, 4.2752e+04, 1.2800e+03, 
 1DIAGNOSTIC,    28, -9.281857013702e-01, 1.021698117256e-04, 4.4032e+04, 1.2800e+03, 
 1DIAGNOSTIC,    29, -9.285042285919e-01, 9.242072701454e-05, 4.5184e+04, 1.1520e+03, 
 1DIAGNOSTIC,    30, -9.288014173508e-01, 8.338317275047e-05, 4.6464e+04, 1.2800e+03, 
 1DIAGNOSTIC,    31, -9.290831685066e-01, 7.531419396400e-05, 4.7744e+04, 1.2800e+03, 
 1DIAGNOSTIC,    32, -9.293453693390e-01, 6.812810897827e-05, 4.8896e+04, 1.1520e+03, 
 1DIAGNOSTIC,    33, -9.295921325684e-01, 6.179884076118e-05, 5.0176e+04, 1.2800e+03, 
 1DIAGNOSTIC,    34, -9.298267960548e-01, 5.629286170006e-05, 5.1456e+04, 1.2800e+03, 
 1DIAGNOSTIC,    35, -9.300495386124e-01, 5.136243999004e-05, 5.2608e+04, 1.1520e+03, 
 1DIAGNOSTIC,    36, -9.302583932877e-01, 4.701316356659e-05, 5.3888e+04, 1.2800e+03, 
 1DIAGNOSTIC,    37, -9.304591417313e-01, 4.313886165619e-05, 5.5168e+04, 1.2800e+03, 
 1DIAGNOSTIC,    38, -9.306470155716e-01, 3.966502845287e-05, 5.6320e+04, 1.1520e+03, 
 1DIAGNOSTIC,    39, -9.308315515518e-01, 3.660283982754e-05, 5.7600e+04, 1.2800e+03, 
 1DIAGNOSTIC,    40, -9.310102462769e-01, 3.390386700630e-05, 5.8880e+04, 1.2800e+03, 
 1DIAGNOSTIC,    41, -9.311705827713e-01, 3.145635128021e-05, 6.0032e+04, 1.1520e+03, 
 1DIAGNOSTIC,    42, -9.313178062439e-01, 2.916902303696e-05, 6.1312e+04, 1.2800e+03, 
 1DIAGNOSTIC,    43, -9.314484596252e-01, 2.694688737392e-05, 6.2592e+04, 1.2800e+03, 
 1DIAGNOSTIC,    44, -9.315640926361e-01, 2.474151551723e-05, 6.3744e+04, 1.1520e+03, 
 1DIAGNOSTIC,    45, -9.316645860672e-01, 2.252496778965e-05, 6.5024e+04, 1.2800e+03, 
 1DIAGNOSTIC,    46, -9.317539930344e-01, 2.028234302998e-05, 6.6304e+04, 1.2800e+03, 
 1DIAGNOSTIC,    47, -9.318335652351e-01, 1.807883381844e-05, 6.7456e+04, 1.1520e+03, 
 1DIAGNOSTIC,    48, -9.319136142731e-01, 1.600012183189e-05, 6.8736e+04, 1.2800e+03, 
 1DIAGNOSTIC,    49, -9.319782257080e-01, 1.408159732819e-05, 7.0016e+04, 1.2800e+03, 
 1DIAGNOSTIC,    50, -9.320381879807e-01, 1.240335404873e-05, 7.1168e+04, 1.1520e+03, 
XXDIAGNOSTIC,Iteration,metricValue,convergenceValue,ITERATION_TIME_INDEX,SINCE_LAST
 1DIAGNOSTIC,     1, -8.980027437210e-01, 1.797693134862e+308, 8.1408e+04, 1.0240e+04, 
 1DIAGNOSTIC,     2, -8.994907736778e-01, 1.797693134862e+308, 9.1648e+04, 1.0240e+04, 
 1DIAGNOSTIC,     3, -9.014627933502e-01, 1.797693134862e+308, 1.0163e+05, 9.9840e+03, 
 1DIAGNOSTIC,     4, -9.033405780792e-01, 1.797693134862e+308, 1.1174e+05, 1.0112e+04, 
 1DIAGNOSTIC,     5, -9.052829742432e-01, 1.797693134862e+308, 1.2173e+05, 9.9840e+03, 
 1DIAGNOSTIC,     6, -9.069550037384e-01, 1.797693134862e+308, 1.3184e+05, 1.0112e+04, 
 1DIAGNOSTIC,     7, -9.086174964905e-01, 1.797693134862e+308, 1.4195e+05, 1.0112e+04, 
 1DIAGNOSTIC,     8, -9.100320935249e-01, 1.797693134862e+308, 1.5206e+05, 1.0112e+04, 
 1DIAGNOSTIC,     9, -9.113339185715e-01, 1.797693134862e+308, 1.6218e+05, 1.0112e+04, 
 1DIAGNOSTIC,    10, -9.125405550003e-01, 1.058824360371e-03, 1.7229e+05, 1.0112e+04, 
 1DIAGNOSTIC,    11, -9.136613607407e-01, 9.136646986008e-04, 1.8253e+05, 1.0240e+04, 
 1DIAGNOSTIC,    12, -9.146280288696e-01, 7.743388414383e-04, 1.9264e+05, 1.0112e+04, 
 1DIAGNOSTIC,    13, -9.155768156052e-01, 6.564408540726e-04, 2.0275e+05, 1.0112e+04, 
 1DIAGNOSTIC,    14, -9.164933562279e-01, 5.577653646469e-04, 2.1286e+05, 1.0112e+04, 
 1DIAGNOSTIC,    15, -9.173629283905e-01, 4.795566201210e-04, 2.2285e+05, 9.9840e+03, 
 1DIAGNOSTIC,    16, -9.181680679321e-01, 4.151389002800e-04, 2.3270e+05, 9.8560e+03, 
 1DIAGNOSTIC,    17, -9.189465045929e-01, 3.646649420261e-04, 2.4269e+05, 9.9840e+03, 
 1DIAGNOSTIC,    18, -9.196569919586e-01, 3.227442502975e-04, 2.5254e+05, 9.8560e+03, 
 1DIAGNOSTIC,    19, -9.203133583069e-01, 2.872794866562e-04, 2.6278e+05, 1.0240e+04, 
 1DIAGNOSTIC,    20, -9.208995699883e-01, 2.564303576946e-04, 2.7302e+05, 1.0240e+04, 
  Elapsed time (stage 0): 273152


Total elapsed time: 273152
-i /mnt/lustre/mathdugre/fast-interpolate/datasets/ds004513/derivatives/flint/ants/flint-vprec-single/sub-s012/ses-open/anat/10/1_Affine.nii.gz -o /mnt/lustre/mathdugre/fast-interpolate/datasets/ds004513/derivatives/flint/ants/flint-vprec-single/sub-s012/ses-open/anat/101/1_transformed.nii.gz -t /mnt/lustre/mathdugre/fast-interpolate/datasets/ds004513/derivatives/flint/ants/flint-vprec-single/sub-s012/ses-open/anat/101/1_1Warp.nii.gz -t /mnt/lustre/mathdugre/fast-interpolate/datasets/ds004513/derivatives/flint/ants/flint-vprec-single/sub-s012/ses-open/anat/101/1_0GenericAffine.mat
