---------------------
Experiment information

SIF_IMG: /mnt/lustre/mathdugre/containers/ants-flint-vprec.simg
SIF_IMG_BASE: /mnt/lustre/mathdugre/containers/ants-flint-base.simg
EXPERIMENT_NAME: flint-vprec-single-five-levels
STAGE: syn
SUBJECT_ID: s003
REPETITION_ID: 1

FIXED_IMG: /templateflow/tpl-MNI152NLin2009cAsym/tpl-MNI152NLin2009cAsym_res-01_desc-brain_T1w.nii.gz
INPUT_IMG: /mnt/lustre/mathdugre/fast-interpolate/datasets/ds004513/derivatives/flint/ants/flint-vprec-single-five-levels/sub-s003/ses-open/anat/10/1_Affine.nii.gz

DATA_DIR: /mnt/lustre/mathdugre/fast-interpolate/datasets/ds004513
OUTPUT_DIR: /mnt/lustre/mathdugre/fast-interpolate/datasets/ds004513/derivatives/flint/ants/flint-vprec-single-five-levels/sub-s003/ses-open/anat
OUTPUT_PREFIX: 101
THREAD: 1
FLOAT: 0
VFC_BACKENDS: libinterflop_vprec.so --precision-binary32=23 --range-binary32=8 --precision-binary64=23 --range-binary64=8
---------------------

--output [/mnt/lustre/mathdugre/fast-interpolate/datasets/ds004513/derivatives/flint/ants/flint-vprec-single-five-levels/sub-s003/ses-open/anat/101/1_,/mnt/lustre/mathdugre/fast-interpolate/datasets/ds004513/derivatives/flint/ants/flint-vprec-single-five-levels/sub-s003/ses-open/anat/101/1_Warped.nii.gz,/mnt/lustre/mathdugre/fast-interpolate/datasets/ds004513/derivatives/flint/ants/flint-vprec-single-five-levels/sub-s003/ses-open/anat/101/1_InverseSyN.nii.gz] --initial-moving-transform [/templateflow/tpl-MNI152NLin2009cAsym/tpl-MNI152NLin2009cAsym_res-01_desc-brain_T1w.nii.gz,/mnt/lustre/mathdugre/fast-interpolate/datasets/ds004513/derivatives/flint/ants/flint-vprec-single-five-levels/sub-s003/ses-open/anat/10/1_Affine.nii.gz,1] --transform SyN[ 0.1,3,0 ] --metric CC[/templateflow/tpl-MNI152NLin2009cAsym/tpl-MNI152NLin2009cAsym_res-01_desc-brain_T1w.nii.gz,/mnt/lustre/mathdugre/fast-interpolate/datasets/ds004513/derivatives/flint/ants/flint-vprec-single-five-levels/sub-s003/ses-open/anat/10/1_Affine.nii.gz,1,4] --convergence [100x100x70x50x20,1e-6,10] --shrink-factors 16x8x4x2x1 --smoothing-sigmas 4x3x2x1x0vox
All_Command_lines_OK
Using double precision for computations.
=============================================================================
The composite transform comprises the following transforms (in order): 
  1. Center of mass alignment using fixed image: /templateflow/tpl-MNI152NLin2009cAsym/tpl-MNI152NLin2009cAsym_res-01_desc-brain_T1w.nii.gz and moving image: /mnt/lustre/mathdugre/fast-interpolate/datasets/ds004513/derivatives/flint/ants/flint-vprec-single-five-levels/sub-s003/ses-open/anat/10/1_Affine.nii.gz (type = Euler3DTransform)
=============================================================================
  number of levels = 5
  fixed image: /templateflow/tpl-MNI152NLin2009cAsym/tpl-MNI152NLin2009cAsym_res-01_desc-brain_T1w.nii.gz
  moving image: /mnt/lustre/mathdugre/fast-interpolate/datasets/ds004513/derivatives/flint/ants/flint-vprec-single-five-levels/sub-s003/ses-open/anat/10/1_Affine.nii.gz
Dimension = 3
Number of stages = 1
Use histogram matching = false
Winsorize image intensities = true
  Lower quantile = 0.005
  Upper quantile = 0.995


Stage 1 State
   Image metric = CC
     Fixed image = Image (0x501df00)
  RTTI typeinfo:   itk::Image<double, 3u>
  Reference Count: 2
  Modified Time: 1622
  Debug: Off
  Object Name: 
  Observers: 
    none
  Source: (none)
  Source output name: (none)
  Release Data: Off
  Data Released: False
  Global Release Data: Off
  PipelineMTime: 0
  UpdateMTime: 1407
  RealTimeStamp: 0 seconds 
  LargestPossibleRegion: 
    Dimension: 3
    Index: [0, 0, 0]
    Size: [193, 229, 193]
  BufferedRegion: 
    Dimension: 3
    Index: [0, 0, 0]
    Size: [193, 229, 193]
  RequestedRegion: 
    Dimension: 3
    Index: [0, 0, 0]
    Size: [193, 229, 193]
  Spacing: [1, 1, 1]
  Origin: [96, 132, -78]
  Direction: 
-1 0 0
0 -1 0
0 0 1

  IndexToPointMatrix: 
-1 0 0
0 -1 0
0 0 1

  PointToIndexMatrix: 
-1 0 0
0 -1 0
0 0 1

  Inverse Direction: 
-1 0 0
0 -1 0
0 0 1

  PixelContainer: 
    ImportImageContainer (0x510a1d0)
      RTTI typeinfo:   itk::ImportImageContainer<unsigned long, double>
      Reference Count: 1
      Modified Time: 1404
      Debug: Off
      Object Name: 
      Observers: 
        none
      Pointer: 0x7f02b918f010
      Container manages memory: true
      Size: 8530021
      Capacity: 8530021

     Moving image = Image (0x5024ff0)
  RTTI typeinfo:   itk::Image<double, 3u>
  Reference Count: 2
  Modified Time: 1623
  Debug: Off
  Object Name: 
  Observers: 
    none
  Source: (none)
  Source output name: (none)
  Release Data: Off
  Data Released: False
  Global Release Data: Off
  PipelineMTime: 0
  UpdateMTime: 1620
  RealTimeStamp: 0 seconds 
  LargestPossibleRegion: 
    Dimension: 3
    Index: [0, 0, 0]
    Size: [193, 229, 193]
  BufferedRegion: 
    Dimension: 3
    Index: [0, 0, 0]
    Size: [193, 229, 193]
  RequestedRegion: 
    Dimension: 3
    Index: [0, 0, 0]
    Size: [193, 229, 193]
  Spacing: [1, 1, 1]
  Origin: [96, 132, -78]
  Direction: 
-1 0 0
0 -1 0
0 0 1

  IndexToPointMatrix: 
-1 0 0
0 -1 0
0 0 1

  PointToIndexMatrix: 
-1 0 0
0 -1 0
0 0 1

  Inverse Direction: 
-1 0 0
0 -1 0
0 0 1

  PixelContainer: 
    ImportImageContainer (0x50ab940)
      RTTI typeinfo:   itk::ImportImageContainer<unsigned long, double>
      Reference Count: 1
      Modified Time: 1617
      Debug: Off
      Object Name: 
      Observers: 
        none
      Pointer: 0x7f02b507a010
      Container manages memory: true
      Size: 8530021
      Capacity: 8530021

     Weighting = 1
     Sampling strategy = none
     Number of bins = 32
     Radius = 4
     Sampling percentage  = 1
   Transform = SyN
     Gradient step = 0.1
     Update field sigma (voxel space) = 3
     Total field sigma (voxel space) = 0
     Update field time sigma = 0
     Total field time sigma  = 0
     Number of time indices = 0
     Number of time point samples = 0
Registration using 1 total stages.

Stage 0
  iterations = 100x100x70x50x20
  convergence threshold = 1e-06
  convergence window size = 10
  number of levels = 5
  using the CC metric (radius = 4, weight = 1, use gradient filter = 0)
  preprocessing:  winsorizing the image intensities
  Shrink factors (level 1 out of 5): [16, 16, 16]
  Shrink factors (level 2 out of 5): [8, 8, 8]
  Shrink factors (level 3 out of 5): [4, 4, 4]
  Shrink factors (level 4 out of 5): [2, 2, 2]
  Shrink factors (level 5 out of 5): [1, 1, 1]
  smoothing sigmas per level: [4, 3, 2, 1, 0]
  Using default NONE metricSamplingStrategy 

*** Running SyN registration (varianceForUpdateField = 3, varianceForTotalField = 0) ***

XXDIAGNOSTIC,Iteration,metricValue,convergenceValue,ITERATION_TIME_INDEX,SINCE_LAST
 1DIAGNOSTIC,     1, -8.980509638786e-01, 1.797693134862e+308, 0.0000e+00, 0.0000e+00, 
 1DIAGNOSTIC,     2, -9.133270382881e-01, 1.797693134862e+308, 0.0000e+00, 0.0000e+00, 
 1DIAGNOSTIC,     3, -9.249569177628e-01, 1.797693134862e+308, 0.0000e+00, 0.0000e+00, 
 1DIAGNOSTIC,     4, -9.321266412735e-01, 1.797693134862e+308, 0.0000e+00, 0.0000e+00, 
 1DIAGNOSTIC,     5, -9.355981945992e-01, 1.797693134862e+308, 0.0000e+00, 0.0000e+00, 
 1DIAGNOSTIC,     6, -9.376030564308e-01, 1.797693134862e+308, 0.0000e+00, 0.0000e+00, 
 1DIAGNOSTIC,     7, -9.387529492378e-01, 1.797693134862e+308, 0.0000e+00, 0.0000e+00, 
 1DIAGNOSTIC,     8, -9.394245743752e-01, 1.797693134862e+308, 0.0000e+00, 0.0000e+00, 
 1DIAGNOSTIC,     9, -9.398549199104e-01, 1.797693134862e+308, 0.0000e+00, 0.0000e+00, 
 1DIAGNOSTIC,    10, -9.401917457581e-01, 2.414360642433e-03, 0.0000e+00, 0.0000e+00, 
 1DIAGNOSTIC,    11, -9.404786229134e-01, 1.331284642220e-03, 0.0000e+00, 0.0000e+00, 
 1DIAGNOSTIC,    12, -9.407330751419e-01, 7.006600499153e-04, 0.0000e+00, 0.0000e+00, 
 1DIAGNOSTIC,    13, -9.409633278847e-01, 3.795772790909e-04, 0.0000e+00, 0.0000e+00, 
 1DIAGNOSTIC,    14, -9.411550164223e-01, 2.292245626450e-04, 0.0000e+00, 0.0000e+00, 
 1DIAGNOSTIC,    15, -9.413249492645e-01, 1.514628529549e-04, 0.0000e+00, 0.0000e+00, 
 1DIAGNOSTIC,    16, -9.414818882942e-01, 1.104697585106e-04, 0.0000e+00, 0.0000e+00, 
 1DIAGNOSTIC,    17, -9.416403174400e-01, 8.751451969147e-05, 0.0000e+00, 0.0000e+00, 
 1DIAGNOSTIC,    18, -9.417902827263e-01, 7.293000817299e-05, 0.0000e+00, 0.0000e+00, 
 1DIAGNOSTIC,    19, -9.419316053391e-01, 6.234645843506e-05, 0.0000e+00, 0.0000e+00, 
 1DIAGNOSTIC,    20, -9.420638084412e-01, 5.422905087471e-05, 0.0000e+00, 0.0000e+00, 
 1DIAGNOSTIC,    21, -9.421808719635e-01, 4.776939749718e-05, 1.2800e+02, 1.2800e+02, 
 1DIAGNOSTIC,    22, -9.422891736031e-01, 4.251673817635e-05, 1.2800e+02, 0.0000e+00, 
 1DIAGNOSTIC,    23, -9.423894882202e-01, 3.819167613983e-05, 1.2800e+02, 0.0000e+00, 
 1DIAGNOSTIC,    24, -9.424822926521e-01, 3.432855010033e-05, 1.2800e+02, 0.0000e+00, 
 1DIAGNOSTIC,    25, -9.425667524338e-01, 3.073364496231e-05, 1.2800e+02, 0.0000e+00, 
 1DIAGNOSTIC,    26, -9.426445364952e-01, 2.735108137131e-05, 1.2800e+02, 0.0000e+00, 
 1DIAGNOSTIC,    27, -9.427158832550e-01, 2.430751919746e-05, 1.2800e+02, 0.0000e+00, 
 1DIAGNOSTIC,    28, -9.427813291550e-01, 2.160295844078e-05, 1.2800e+02, 0.0000e+00, 
 1DIAGNOSTIC,    29, -9.428431987762e-01, 1.924484968185e-05, 1.2800e+02, 0.0000e+00, 
 1DIAGNOSTIC,    30, -9.428982734680e-01, 1.721084117889e-05, 1.2800e+02, 0.0000e+00, 
 1DIAGNOSTIC,    31, -9.429492354393e-01, 1.539289951324e-05, 1.2800e+02, 0.0000e+00, 
 1DIAGNOSTIC,    32, -9.429944753647e-01, 1.377239823341e-05, 1.2800e+02, 0.0000e+00, 
 1DIAGNOSTIC,    33, -9.430338144302e-01, 1.229345798492e-05, 1.2800e+02, 0.0000e+00, 
 1DIAGNOSTIC,    34, -9.430698752403e-01, 1.096725463867e-05, 1.2800e+02, 0.0000e+00, 
 1DIAGNOSTIC,    35, -9.431040287018e-01, 9.780749678612e-06, 1.2800e+02, 0.0000e+00, 
 1DIAGNOSTIC,    36, -9.431325793266e-01, 8.691102266312e-06, 1.2800e+02, 0.0000e+00, 
 1DIAGNOSTIC,    37, -9.431606531143e-01, 7.726252079010e-06, 1.2800e+02, 0.0000e+00, 
 1DIAGNOSTIC,    38, -9.431853294373e-01, 6.875023245811e-06, 1.2800e+02, 0.0000e+00, 
 1DIAGNOSTIC,    39, -9.432067275047e-01, 6.120651960373e-06, 1.2800e+02, 0.0000e+00, 
 1DIAGNOSTIC,    40, -9.432269334793e-01, 5.459412932396e-06, 1.2800e+02, 0.0000e+00, 
 1DIAGNOSTIC,    41, -9.432433843613e-01, 4.885718226433e-06, 1.2800e+02, 0.0000e+00, 
 1DIAGNOSTIC,    42, -9.432597756386e-01, 4.379078745842e-06, 1.2800e+02, 0.0000e+00, 
 1DIAGNOSTIC,    43, -9.432739615440e-01, 3.920868039131e-06, 1.2800e+02, 0.0000e+00, 
 1DIAGNOSTIC,    44, -9.432853460312e-01, 3.505498170853e-06, 1.2800e+02, 0.0000e+00, 
 1DIAGNOSTIC,    45, -9.432967901230e-01, 3.147870302200e-06, 1.2800e+02, 0.0000e+00, 
 1DIAGNOSTIC,    46, -9.433079957962e-01, 2.827495336533e-06, 1.2800e+02, 0.0000e+00, 
 1DIAGNOSTIC,    47, -9.433169364929e-01, 2.553686499596e-06, 1.2800e+02, 0.0000e+00, 
 1DIAGNOSTIC,    48, -9.433258771896e-01, 2.317130565643e-06, 1.2800e+02, 0.0000e+00, 
 1DIAGNOSTIC,    49, -9.433339834213e-01, 2.114102244377e-06, 1.2800e+02, 0.0000e+00, 
 1DIAGNOSTIC,    50, -9.433405399323e-01, 1.935288310051e-06, 1.2800e+02, 0.0000e+00, 
 1DIAGNOSTIC,    51, -9.433466196060e-01, 1.780688762665e-06, 1.2800e+02, 0.0000e+00, 
 1DIAGNOSTIC,    52, -9.433519840240e-01, 1.635402441025e-06, 1.2800e+02, 0.0000e+00, 
 1DIAGNOSTIC,    53, -9.433563947678e-01, 1.508742570877e-06, 1.2800e+02, 0.0000e+00, 
 1DIAGNOSTIC,    54, -9.433606863022e-01, 1.383945345879e-06, 1.2800e+02, 0.0000e+00, 
 1DIAGNOSTIC,    55, -9.433652758598e-01, 1.274049282074e-06, 1.2800e+02, 0.0000e+00, 
 1DIAGNOSTIC,    56, -9.433690309525e-01, 1.182779669762e-06, 1.2800e+02, 0.0000e+00, 
 1DIAGNOSTIC,    57, -9.433722496033e-01, 1.100823283195e-06, 1.2800e+02, 0.0000e+00, 
 1DIAGNOSTIC,    58, -9.433746337891e-01, 1.024454832077e-06, 1.2800e+02, 0.0000e+00, 
 1DIAGNOSTIC,    59, -9.433776140213e-01, 9.629875421524e-07, 1.2800e+02, 0.0000e+00, 
XXDIAGNOSTIC,Iteration,metricValue,convergenceValue,ITERATION_TIME_INDEX,SINCE_LAST
 1DIAGNOSTIC,     1, -8.739587664604e-01, 1.797693134862e+308, 2.5600e+02, 1.2800e+02, 
 1DIAGNOSTIC,     2, -8.775963783264e-01, 1.797693134862e+308, 2.5600e+02, 0.0000e+00, 
 1DIAGNOSTIC,     3, -8.821595907211e-01, 1.797693134862e+308, 2.5600e+02, 0.0000e+00, 
 1DIAGNOSTIC,     4, -8.859147429466e-01, 1.797693134862e+308, 2.5600e+02, 0.0000e+00, 
 1DIAGNOSTIC,     5, -8.891729712486e-01, 1.797693134862e+308, 2.5600e+02, 0.0000e+00, 
 1DIAGNOSTIC,     6, -8.918119072914e-01, 1.797693134862e+308, 2.5600e+02, 0.0000e+00, 
 1DIAGNOSTIC,     7, -8.941857218742e-01, 1.797693134862e+308, 2.5600e+02, 0.0000e+00, 
 1DIAGNOSTIC,     8, -8.962283730507e-01, 1.797693134862e+308, 2.5600e+02, 0.0000e+00, 
 1DIAGNOSTIC,     9, -8.980323672295e-01, 1.797693134862e+308, 3.8400e+02, 1.2800e+02, 
 1DIAGNOSTIC,    10, -8.996364474297e-01, 1.848287880421e-03, 3.8400e+02, 0.0000e+00, 
 1DIAGNOSTIC,    11, -9.010732173920e-01, 1.481711864471e-03, 3.8400e+02, 0.0000e+00, 
 1DIAGNOSTIC,    12, -9.023657441139e-01, 1.173213124275e-03, 3.8400e+02, 0.0000e+00, 
 1DIAGNOSTIC,    13, -9.035443067551e-01, 9.460896253586e-04, 3.8400e+02, 0.0000e+00, 
 1DIAGNOSTIC,    14, -9.046103358269e-01, 7.743388414383e-04, 3.8400e+02, 0.0000e+00, 
 1DIAGNOSTIC,    15, -9.055730104446e-01, 6.437748670578e-04, 3.8400e+02, 0.0000e+00, 
 1DIAGNOSTIC,    16, -9.064617156982e-01, 5.400627851486e-04, 3.8400e+02, 0.0000e+00, 
 1DIAGNOSTIC,    17, -9.072819352150e-01, 4.581287503242e-04, 5.1200e+02, 1.2800e+02, 
 1DIAGNOSTIC,    18, -9.080578088760e-01, 3.923252224922e-04, 5.1200e+02, 0.0000e+00, 
 1DIAGNOSTIC,    19, -9.087951183319e-01, 3.392286598682e-04, 5.1200e+02, 0.0000e+00, 
 1DIAGNOSTIC,    20, -9.095360636711e-01, 2.968497574329e-04, 5.1200e+02, 0.0000e+00, 
 1DIAGNOSTIC,    21, -9.102044701576e-01, 2.623908221722e-04, 5.1200e+02, 0.0000e+00, 
 1DIAGNOSTIC,    22, -9.106149673462e-01, 2.309046685696e-04, 5.1200e+02, 0.0000e+00, 
 1DIAGNOSTIC,    23, -9.110052585602e-01, 2.020932734013e-04, 5.1200e+02, 0.0000e+00, 
 1DIAGNOSTIC,    24, -9.113429188728e-01, 1.751668751240e-04, 5.1200e+02, 0.0000e+00, 
 1DIAGNOSTIC,    25, -9.116647839546e-01, 1.500770449638e-04, 6.4000e+02, 1.2800e+02, 
 1DIAGNOSTIC,    26, -9.119153022766e-01, 1.265890896320e-04, 6.4000e+02, 0.0000e+00, 
 1DIAGNOSTIC,    27, -9.121868610382e-01, 1.057051122189e-04, 6.4000e+02, 0.0000e+00, 
 1DIAGNOSTIC,    28, -9.124391078949e-01, 8.793920278549e-05, 6.4000e+02, 0.0000e+00, 
 1DIAGNOSTIC,    29, -9.126762747765e-01, 7.364153862000e-05, 6.4000e+02, 0.0000e+00, 
 1DIAGNOSTIC,    30, -9.129021763802e-01, 6.346032023430e-05, 6.4000e+02, 0.0000e+00, 
 1DIAGNOSTIC,    31, -9.131139516830e-01, 5.690008401871e-05, 6.4000e+02, 0.0000e+00, 
 1DIAGNOSTIC,    32, -9.133116006851e-01, 5.136802792549e-05, 6.4000e+02, 0.0000e+00, 
 1DIAGNOSTIC,    33, -9.135031700134e-01, 4.687532782555e-05, 7.6800e+02, 1.2800e+02, 
 1DIAGNOSTIC,    34, -9.136815071106e-01, 4.301220178604e-05, 7.6800e+02, 0.0000e+00, 
 1DIAGNOSTIC,    35, -9.138549566269e-01, 3.977678716183e-05, 7.6800e+02, 0.0000e+00, 
 1DIAGNOSTIC,    36, -9.140157103539e-01, 3.656186163425e-05, 7.6800e+02, 0.0000e+00, 
 1DIAGNOSTIC,    37, -9.141718149185e-01, 3.373250365257e-05, 7.6800e+02, 0.0000e+00, 
 1DIAGNOSTIC,    38, -9.143193364143e-01, 3.117509186268e-05, 7.6800e+02, 0.0000e+00, 
 1DIAGNOSTIC,    39, -9.144599437714e-01, 2.887286245823e-05, 7.6800e+02, 0.0000e+00, 
 1DIAGNOSTIC,    40, -9.145938754082e-01, 2.680346369743e-05, 8.9600e+02, 1.2800e+02, 
 1DIAGNOSTIC,    41, -9.147230386734e-01, 2.492778003216e-05, 8.9600e+02, 0.0000e+00, 
 1DIAGNOSTIC,    42, -9.148510098457e-01, 2.324953675270e-05, 8.9600e+02, 0.0000e+00, 
 1DIAGNOSTIC,    43, -9.149721264839e-01, 2.174824476242e-05, 8.9600e+02, 0.0000e+00, 
 1DIAGNOSTIC,    44, -9.150897264481e-01, 2.039037644863e-05, 8.9600e+02, 0.0000e+00, 
 1DIAGNOSTIC,    45, -9.152056574821e-01, 1.921132206917e-05, 8.9600e+02, 0.0000e+00, 
 1DIAGNOSTIC,    46, -9.153203964233e-01, 1.816824078560e-05, 8.9600e+02, 0.0000e+00, 
 1DIAGNOSTIC,    47, -9.154310822487e-01, 1.725181937218e-05, 8.9600e+02, 0.0000e+00, 
 1DIAGNOSTIC,    48, -9.155375361443e-01, 1.642480492592e-05, 1.0240e+03, 1.2800e+02, 
 1DIAGNOSTIC,    49, -9.156426191330e-01, 1.567974686623e-05, 1.0240e+03, 0.0000e+00, 
 1DIAGNOSTIC,    50, -9.158040881157e-01, 1.535564661026e-05, 1.0240e+03, 0.0000e+00, 
 1DIAGNOSTIC,    51, -9.159063100815e-01, 1.502595841885e-05, 1.0240e+03, 0.0000e+00, 
 1DIAGNOSTIC,    52, -9.160043597221e-01, 1.467578113079e-05, 1.0240e+03, 0.0000e+00, 
 1DIAGNOSTIC,    53, -9.161024093628e-01, 1.427344977856e-05, 1.0240e+03, 0.0000e+00, 
 1DIAGNOSTIC,    54, -9.161967039108e-01, 1.378729939461e-05, 1.0240e+03, 0.0000e+00, 
 1DIAGNOSTIC,    55, -9.162920117378e-01, 1.323595643044e-05, 1.0240e+03, 0.0000e+00, 
 1DIAGNOSTIC,    56, -9.163800477982e-01, 1.260265707970e-05, 1.1520e+03, 1.2800e+02, 
 1DIAGNOSTIC,    57, -9.164673089981e-01, 1.191906630993e-05, 1.1520e+03, 0.0000e+00, 
 1DIAGNOSTIC,    58, -9.165525436401e-01, 1.118890941143e-05, 1.1520e+03, 0.0000e+00, 
 1DIAGNOSTIC,    59, -9.166918992996e-01, 1.074001193047e-05, 1.1520e+03, 0.0000e+00, 
 1DIAGNOSTIC,    60, -9.167733192444e-01, 1.056678593159e-05, 1.1520e+03, 0.0000e+00, 
 1DIAGNOSTIC,    61, -9.168521761894e-01, 1.035630702972e-05, 1.1520e+03, 0.0000e+00, 
 1DIAGNOSTIC,    62, -9.169282913208e-01, 1.008063554764e-05, 1.1520e+03, 0.0000e+00, 
 1DIAGNOSTIC,    63, -9.170035123825e-01, 9.739771485329e-06, 1.1520e+03, 0.0000e+00, 
 1DIAGNOSTIC,    64, -9.170785546303e-01, 9.331852197647e-06, 1.2800e+03, 1.2800e+02, 
 1DIAGNOSTIC,    65, -9.171491861343e-01, 8.875504136086e-06, 1.2800e+03, 0.0000e+00, 
 1DIAGNOSTIC,    66, -9.172168970108e-01, 8.357688784599e-06, 1.2800e+03, 0.0000e+00, 
 1DIAGNOSTIC,    67, -9.172825217247e-01, 7.804483175278e-06, 1.2800e+03, 0.0000e+00, 
 1DIAGNOSTIC,    68, -9.173475503922e-01, 7.234513759613e-06, 1.2800e+03, 0.0000e+00, 
 1DIAGNOSTIC,    69, -9.174119234085e-01, 6.944872438908e-06, 1.2800e+03, 0.0000e+00, 
 1DIAGNOSTIC,    70, -9.174731373787e-01, 6.666406989098e-06, 1.2800e+03, 0.0000e+00, 
 1DIAGNOSTIC,    71, -9.175335764885e-01, 6.402842700481e-06, 1.4080e+03, 1.2800e+02, 
 1DIAGNOSTIC,    72, -9.175937175751e-01, 6.157904863358e-06, 1.4080e+03, 0.0000e+00, 
 1DIAGNOSTIC,    73, -9.176981449127e-01, 6.129965186119e-06, 1.4080e+03, 0.0000e+00, 
 1DIAGNOSTIC,    74, -9.177546501160e-01, 6.092712283134e-06, 1.4080e+03, 0.0000e+00, 
 1DIAGNOSTIC,    75, -9.178102612495e-01, 6.036832928658e-06, 1.4080e+03, 0.0000e+00, 
 1DIAGNOSTIC,    76, -9.178645014763e-01, 5.933456122875e-06, 1.4080e+03, 0.0000e+00, 
 1DIAGNOSTIC,    77, -9.179170727730e-01, 5.774199962616e-06, 1.4080e+03, 0.0000e+00, 
 1DIAGNOSTIC,    78, -9.179673790932e-01, 5.557201802731e-06, 1.4080e+03, 0.0000e+00, 
 1DIAGNOSTIC,    79, -9.180173873901e-01, 5.292706191540e-06, 1.5360e+03, 1.2800e+02, 
 1DIAGNOSTIC,    80, -9.180655479431e-01, 4.985369741917e-06, 1.5360e+03, 0.0000e+00, 
 1DIAGNOSTIC,    81, -9.181143045425e-01, 4.664063453674e-06, 1.5360e+03, 0.0000e+00, 
 1DIAGNOSTIC,    82, -9.181629419327e-01, 4.341825842857e-06, 1.5360e+03, 0.0000e+00, 
 1DIAGNOSTIC,    83, -9.182101488113e-01, 4.206784069538e-06, 1.5360e+03, 0.0000e+00, 
 1DIAGNOSTIC,    84, -9.182579517365e-01, 4.089437425137e-06, 1.5360e+03, 0.0000e+00, 
 1DIAGNOSTIC,    85, -9.183027148247e-01, 3.983266651630e-06, 1.5360e+03, 0.0000e+00, 
 1DIAGNOSTIC,    86, -9.183189272881e-01, 3.777444362640e-06, 1.5360e+03, 0.0000e+00, 
 1DIAGNOSTIC,    87, -9.183638095856e-01, 3.599561750889e-06, 1.6640e+03, 1.2800e+02, 
 1DIAGNOSTIC,    88, -9.184060096741e-01, 3.433786332607e-06, 1.6640e+03, 0.0000e+00, 
 1DIAGNOSTIC,    89, -9.184470772743e-01, 3.287568688393e-06, 1.6640e+03, 0.0000e+00, 
 1DIAGNOSTIC,    90, -9.184863567352e-01, 3.161840140820e-06, 1.6640e+03, 0.0000e+00, 
 1DIAGNOSTIC,    91, -9.185250997543e-01, 3.064982593060e-06, 1.6640e+03, 0.0000e+00, 
 1DIAGNOSTIC,    92, -9.185639023781e-01, 3.000721335411e-06, 1.6640e+03, 0.0000e+00, 
 1DIAGNOSTIC,    93, -9.186031222343e-01, 2.967193722725e-06, 1.6640e+03, 0.0000e+00, 
 1DIAGNOSTIC,    94, -9.186387062073e-01, 2.948567271233e-06, 1.6640e+03, 0.0000e+00, 
 1DIAGNOSTIC,    95, -9.186741113663e-01, 2.942979335785e-06, 1.7920e+03, 1.2800e+02, 
 1DIAGNOSTIC,    96, -9.187104701996e-01, 2.855435013771e-06, 1.7920e+03, 0.0000e+00, 
 1DIAGNOSTIC,    97, -9.187470674515e-01, 2.781860530376e-06, 1.7920e+03, 0.0000e+00, 
 1DIAGNOSTIC,    98, -9.187811613083e-01, 2.709217369556e-06, 1.7920e+03, 0.0000e+00, 
 1DIAGNOSTIC,    99, -9.188163280487e-01, 2.645887434483e-06, 1.7920e+03, 0.0000e+00, 
 1DIAGNOSTIC,   100, -9.188485741615e-01, 2.578832209110e-06, 1.7920e+03, 0.0000e+00, 
XXDIAGNOSTIC,Iteration,metricValue,convergenceValue,ITERATION_TIME_INDEX,SINCE_LAST
 1DIAGNOSTIC,     1, -8.205512762070e-01, 1.797693134862e+308, 2.0480e+03, 2.5600e+02, 
 1DIAGNOSTIC,     2, -8.241872191429e-01, 1.797693134862e+308, 2.1760e+03, 1.2800e+02, 
 1DIAGNOSTIC,     3, -8.284780979156e-01, 1.797693134862e+308, 2.3040e+03, 1.2800e+02, 
 1DIAGNOSTIC,     4, -8.323233127594e-01, 1.797693134862e+308, 2.4320e+03, 1.2800e+02, 
 1DIAGNOSTIC,     5, -8.357086777687e-01, 1.797693134862e+308, 2.5600e+03, 1.2800e+02, 
 1DIAGNOSTIC,     6, -8.387460112572e-01, 1.797693134862e+308, 2.6880e+03, 1.2800e+02, 
 1DIAGNOSTIC,     7, -8.412241935730e-01, 1.797693134862e+308, 2.9440e+03, 2.5600e+02, 
 1DIAGNOSTIC,     8, -8.437804579735e-01, 1.797693134862e+308, 3.0720e+03, 1.2800e+02, 
 1DIAGNOSTIC,     9, -8.458496928215e-01, 1.797693134862e+308, 3.2000e+03, 1.2800e+02, 
 1DIAGNOSTIC,    10, -8.476582765579e-01, 2.092048525810e-03, 3.3280e+03, 1.2800e+02, 
 1DIAGNOSTIC,    11, -8.494706153870e-01, 1.722551882267e-03, 3.4560e+03, 1.2800e+02, 
 1DIAGNOSTIC,    12, -8.509863615036e-01, 1.404553651810e-03, 3.5840e+03, 1.2800e+02, 
 1DIAGNOSTIC,    13, -8.522874116898e-01, 1.153409481049e-03, 3.7120e+03, 1.2800e+02, 
 1DIAGNOSTIC,    14, -8.535050749779e-01, 9.549781680107e-04, 3.9680e+03, 2.5600e+02, 
 1DIAGNOSTIC,    15, -8.546768426895e-01, 7.978230714798e-04, 4.0960e+03, 1.2800e+02, 
 1DIAGNOSTIC,    16, -8.557991981506e-01, 6.744042038918e-04, 4.2240e+03, 1.2800e+02, 
 1DIAGNOSTIC,    17, -8.568217754364e-01, 5.721971392632e-04, 4.3520e+03, 1.2800e+02, 
 1DIAGNOSTIC,    18, -8.578123450279e-01, 4.945322871208e-04, 4.4800e+03, 1.2800e+02, 
 1DIAGNOSTIC,    19, -8.588527441025e-01, 4.340149462223e-04, 4.6080e+03, 1.2800e+02, 
 1DIAGNOSTIC,    20, -8.597775697708e-01, 3.847181797028e-04, 4.7360e+03, 1.2800e+02, 
 1DIAGNOSTIC,    21, -8.606262207031e-01, 3.465488553047e-04, 4.9920e+03, 2.5600e+02, 
 1DIAGNOSTIC,    22, -8.614932298660e-01, 3.156773746014e-04, 5.1200e+03, 1.2800e+02, 
 1DIAGNOSTIC,    23, -8.622043132782e-01, 2.870969474316e-04, 5.2480e+03, 1.2800e+02, 
 1DIAGNOSTIC,    24, -8.630040287971e-01, 2.619959414005e-04, 5.3760e+03, 1.2800e+02, 
 1DIAGNOSTIC,    25, -8.636446595192e-01, 2.383887767792e-04, 5.5040e+03, 1.2800e+02, 
 1DIAGNOSTIC,    26, -8.643475770950e-01, 2.175979316235e-04, 5.6320e+03, 1.2800e+02, 
 1DIAGNOSTIC,    27, -8.649414777756e-01, 1.977607607841e-04, 5.7600e+03, 1.2800e+02, 
 1DIAGNOSTIC,    28, -8.656753301620e-01, 1.811645925045e-04, 5.8880e+03, 1.2800e+02, 
 1DIAGNOSTIC,    29, -8.663425445557e-01, 1.681186258793e-04, 6.1440e+03, 2.5600e+02, 
 1DIAGNOSTIC,    30, -8.669761419296e-01, 1.573041081429e-04, 6.2720e+03, 1.2800e+02, 
 1DIAGNOSTIC,    31, -8.675467967987e-01, 1.475028693676e-04, 6.4000e+03, 1.2800e+02, 
 1DIAGNOSTIC,    32, -8.680790662766e-01, 1.388825476170e-04, 6.5280e+03, 1.2800e+02, 
 1DIAGNOSTIC,    33, -8.686136603355e-01, 1.301020383835e-04, 6.6560e+03, 1.2800e+02, 
 1DIAGNOSTIC,    34, -8.691366910934e-01, 1.223869621754e-04, 6.7840e+03, 1.2800e+02, 
 1DIAGNOSTIC,    35, -8.697447180748e-01, 1.153070479631e-04, 6.9120e+03, 1.2800e+02, 
 1DIAGNOSTIC,    36, -8.702071905136e-01, 1.083947718143e-04, 7.1680e+03, 2.5600e+02, 
 1DIAGNOSTIC,    37, -8.706744909286e-01, 1.010559499264e-04, 7.2960e+03, 1.2800e+02, 
 1DIAGNOSTIC,    38, -8.712555766106e-01, 9.594857692719e-05, 7.4240e+03, 1.2800e+02, 
 1DIAGNOSTIC,    39, -8.716565370560e-01, 9.098835289478e-05, 7.5520e+03, 1.2800e+02, 
 1DIAGNOSTIC,    40, -8.720533251762e-01, 8.613057434559e-05, 7.6800e+03, 1.2800e+02, 
 1DIAGNOSTIC,    41, -8.724036216736e-01, 8.075684309006e-05, 7.8080e+03, 1.2800e+02, 
 1DIAGNOSTIC,    42, -8.728405237198e-01, 7.558614015579e-05, 7.9360e+03, 1.2800e+02, 
 1DIAGNOSTIC,    43, -8.732261657715e-01, 7.049553096294e-05, 8.1920e+03, 2.5600e+02, 
 1DIAGNOSTIC,    44, -8.736495971680e-01, 6.598420441151e-05, 8.3200e+03, 1.2800e+02, 
 1DIAGNOSTIC,    45, -8.741378784180e-01, 6.345473229885e-05, 8.4480e+03, 1.2800e+02, 
 1DIAGNOSTIC,    46, -8.746168613434e-01, 6.173178553581e-05, 8.5760e+03, 1.2800e+02, 
 1DIAGNOSTIC,    47, -8.750380277634e-01, 6.038136780262e-05, 8.7040e+03, 1.2800e+02, 
 1DIAGNOSTIC,    48, -8.755279779434e-01, 6.069242954254e-05, 8.8320e+03, 1.2800e+02, 
 1DIAGNOSTIC,    49, -8.757768869400e-01, 5.954504013062e-05, 8.9600e+03, 1.2800e+02, 
 1DIAGNOSTIC,    50, -8.762139081955e-01, 5.828961730003e-05, 9.2160e+03, 2.5600e+02, 
 1DIAGNOSTIC,    51, -8.764044046402e-01, 5.496852099895e-05, 9.3440e+03, 1.2800e+02, 
 1DIAGNOSTIC,    52, -8.767894506454e-01, 5.175732076168e-05, 9.4720e+03, 1.2800e+02, 
 1DIAGNOSTIC,    53, -8.769945502281e-01, 4.737451672554e-05, 9.6000e+03, 1.2800e+02, 
 1DIAGNOSTIC,    54, -8.773194551468e-01, 4.319846630096e-05, 9.7280e+03, 1.2800e+02, 
 1DIAGNOSTIC,    55, -8.774322867393e-01, 3.863684833050e-05, 9.8560e+03, 1.2800e+02, 
 1DIAGNOSTIC,    56, -8.777887821198e-01, 3.547966480255e-05, 9.9840e+03, 1.2800e+02, 
 1DIAGNOSTIC,    57, -8.779242634773e-01, 3.221072256565e-05, 1.0240e+04, 2.5600e+02, 
 1DIAGNOSTIC,    58, -8.781100511551e-01, 2.984330058098e-05, 1.0368e+04, 1.2800e+02, 
 1DIAGNOSTIC,    59, -8.783565163612e-01, 2.746097743511e-05, 1.0496e+04, 1.2800e+02, 
 1DIAGNOSTIC,    60, -8.785694837570e-01, 2.611801028252e-05, 1.0624e+04, 1.2800e+02, 
 1DIAGNOSTIC,    61, -8.787102699280e-01, 2.408772706985e-05, 1.0752e+04, 1.2800e+02, 
 1DIAGNOSTIC,    62, -8.789006471634e-01, 2.290494740009e-05, 1.0880e+04, 1.2800e+02, 
 1DIAGNOSTIC,    63, -8.789882659912e-01, 2.110004425049e-05, 1.1008e+04, 1.2800e+02, 
 1DIAGNOSTIC,    64, -8.792235255241e-01, 2.024695277214e-05, 1.1136e+04, 1.2800e+02, 
 1DIAGNOSTIC,    65, -8.793313503265e-01, 1.857057213783e-05, 1.1264e+04, 1.2800e+02, 
 1DIAGNOSTIC,    66, -8.795530796051e-01, 1.808442175388e-05, 1.1392e+04, 1.2800e+02, 
 1DIAGNOSTIC,    67, -8.796979188919e-01, 1.727417111397e-05, 1.1520e+04, 1.2800e+02, 
 1DIAGNOSTIC,    68, -8.799139261246e-01, 1.678988337517e-05, 1.1648e+04, 1.2800e+02, 
 1DIAGNOSTIC,    69, -8.799705505371e-01, 1.615565270185e-05, 1.1776e+04, 1.2800e+02, 
 1DIAGNOSTIC,    70, -8.802751302719e-01, 1.645367592573e-05, 1.1904e+04, 1.2800e+02, 
XXDIAGNOSTIC,Iteration,metricValue,convergenceValue,ITERATION_TIME_INDEX,SINCE_LAST
 1DIAGNOSTIC,     1, -8.268180489540e-01, 1.797693134862e+308, 1.2928e+04, 1.0240e+03, 
 1DIAGNOSTIC,     2, -8.303254842758e-01, 1.797693134862e+308, 1.3952e+04, 1.0240e+03, 
 1DIAGNOSTIC,     3, -8.339042067528e-01, 1.797693134862e+308, 1.4976e+04, 1.0240e+03, 
 1DIAGNOSTIC,     4, -8.374212980270e-01, 1.797693134862e+308, 1.6000e+04, 1.0240e+03, 
 1DIAGNOSTIC,     5, -8.408859968185e-01, 1.797693134862e+308, 1.6896e+04, 8.9600e+02, 
 1DIAGNOSTIC,     6, -8.437664508820e-01, 1.797693134862e+308, 1.7920e+04, 1.0240e+03, 
 1DIAGNOSTIC,     7, -8.462166786194e-01, 1.797693134862e+308, 1.8944e+04, 1.0240e+03, 
 1DIAGNOSTIC,     8, -8.484569191933e-01, 1.797693134862e+308, 1.9968e+04, 1.0240e+03, 
 1DIAGNOSTIC,     9, -8.504433631897e-01, 1.797693134862e+308, 2.0992e+04, 1.0240e+03, 
 1DIAGNOSTIC,    10, -8.521544933319e-01, 1.953400671482e-03, 2.2016e+04, 1.0240e+03, 
 1DIAGNOSTIC,    11, -8.537242412567e-01, 1.611202955246e-03, 2.2912e+04, 8.9600e+02, 
 1DIAGNOSTIC,    12, -8.552590608597e-01, 1.322582364082e-03, 2.3936e+04, 1.0240e+03, 
 1DIAGNOSTIC,    13, -8.565468192101e-01, 1.084141433239e-03, 2.4960e+04, 1.0240e+03, 
 1DIAGNOSTIC,    14, -8.577314615250e-01, 8.933469653130e-04, 2.5984e+04, 1.0240e+03, 
 1DIAGNOSTIC,    15, -8.588415384293e-01, 7.482841610909e-04, 2.7008e+04, 1.0240e+03, 
 1DIAGNOSTIC,    16, -8.598610162735e-01, 6.340220570564e-04, 2.8032e+04, 1.0240e+03, 
 1DIAGNOSTIC,    17, -8.608052730560e-01, 5.412772297859e-04, 2.9056e+04, 1.0240e+03, 
 1DIAGNOSTIC,    18, -8.616896271706e-01, 4.665814340115e-04, 2.9952e+04, 8.9600e+02, 
 1DIAGNOSTIC,    19, -8.624994754791e-01, 4.055052995682e-04, 3.0976e+04, 1.0240e+03, 
 1DIAGNOSTIC,    20, -8.632687926292e-01, 3.540776669979e-04, 3.2000e+04, 1.0240e+03, 
 1DIAGNOSTIC,    21, -8.639854788780e-01, 3.106817603111e-04, 3.3024e+04, 1.0240e+03, 
 1DIAGNOSTIC,    22, -8.647508025169e-01, 2.769418060780e-04, 3.4048e+04, 1.0240e+03, 
 1DIAGNOSTIC,    23, -8.655767440796e-01, 2.506896853447e-04, 3.5072e+04, 1.0240e+03, 
 1DIAGNOSTIC,    24, -8.665506839752e-01, 2.329163253307e-04, 3.5968e+04, 8.9600e+02, 
 1DIAGNOSTIC,    25, -8.674991130829e-01, 2.218931913376e-04, 3.6992e+04, 1.0240e+03, 
 1DIAGNOSTIC,    26, -8.684154748917e-01, 2.154931426048e-04, 3.8016e+04, 1.0240e+03, 
 1DIAGNOSTIC,    27, -8.690588474274e-01, 2.087093889713e-04, 3.9040e+04, 1.0240e+03, 
 1DIAGNOSTIC,    28, -8.696709871292e-01, 2.004392445087e-04, 4.0064e+04, 1.0240e+03, 
 1DIAGNOSTIC,    29, -8.702114820480e-01, 1.892037689686e-04, 4.1088e+04, 1.0240e+03, 
 1DIAGNOSTIC,    30, -8.706951737404e-01, 1.746006309986e-04, 4.1984e+04, 8.9600e+02, 
 1DIAGNOSTIC,    31, -8.711332678795e-01, 1.567415893078e-04, 4.3008e+04, 1.0240e+03, 
 1DIAGNOSTIC,    32, -8.715478181839e-01, 1.373961567879e-04, 4.4032e+04, 1.0240e+03, 
 1DIAGNOSTIC,    33, -8.719495534897e-01, 1.184865832329e-04, 4.5056e+04, 1.0240e+03, 
 1DIAGNOSTIC,    34, -8.723245859146e-01, 1.025199890137e-04, 4.6080e+04, 1.0240e+03, 
 1DIAGNOSTIC,    35, -8.726878762245e-01, 9.006634354591e-05, 4.7104e+04, 1.0240e+03, 
 1DIAGNOSTIC,    36, -8.730651140213e-01, 8.162111043930e-05, 4.8128e+04, 1.0240e+03, 
 1DIAGNOSTIC,    37, -8.734275698662e-01, 7.483363151550e-05, 4.9024e+04, 8.9600e+02, 
 1DIAGNOSTIC,    38, -8.737900257111e-01, 6.974302232265e-05, 5.0048e+04, 1.0240e+03, 
 1DIAGNOSTIC,    39, -8.741499781609e-01, 6.589107215405e-05, 5.1072e+04, 1.0240e+03, 
 1DIAGNOSTIC,    40, -8.745136857033e-01, 6.294995546341e-05, 5.2096e+04, 1.0240e+03, 
 1DIAGNOSTIC,    41, -8.749097585678e-01, 6.086379289627e-05, 5.3120e+04, 1.0240e+03, 
 1DIAGNOSTIC,    42, -8.752762675285e-01, 5.919858813286e-05, 5.4144e+04, 1.0240e+03, 
 1DIAGNOSTIC,    43, -8.756324052811e-01, 5.778111517429e-05, 5.5040e+04, 8.9600e+02, 
 1DIAGNOSTIC,    44, -8.759382963181e-01, 5.601905286312e-05, 5.6064e+04, 1.0240e+03, 
 1DIAGNOSTIC,    45, -8.762375116348e-01, 5.384720861912e-05, 5.7088e+04, 1.0240e+03, 
 1DIAGNOSTIC,    46, -8.765322566032e-01, 5.144625902176e-05, 5.8112e+04, 1.0240e+03, 
 1DIAGNOSTIC,    47, -8.767956495285e-01, 4.861503839493e-05, 5.9136e+04, 1.0240e+03, 
 1DIAGNOSTIC,    48, -8.770512342453e-01, 4.550628364086e-05, 6.0160e+04, 1.0240e+03, 
 1DIAGNOSTIC,    49, -8.772817850113e-01, 4.215911030769e-05, 6.1184e+04, 1.0240e+03, 
 1DIAGNOSTIC,    50, -8.774890303612e-01, 3.867596387863e-05, 6.2080e+04, 8.9600e+02, 
XXDIAGNOSTIC,Iteration,metricValue,convergenceValue,ITERATION_TIME_INDEX,SINCE_LAST
 1DIAGNOSTIC,     1, -8.503661155701e-01, 1.797693134862e+308, 7.0528e+04, 8.4480e+03, 
 1DIAGNOSTIC,     2, -8.516455888748e-01, 1.797693134862e+308, 7.8720e+04, 8.1920e+03, 
 1DIAGNOSTIC,     3, -8.533387184143e-01, 1.797693134862e+308, 8.6912e+04, 8.1920e+03, 
 1DIAGNOSTIC,     4, -8.550533652306e-01, 1.797693134862e+308, 9.4976e+04, 8.0640e+03, 
 1DIAGNOSTIC,     5, -8.567069768906e-01, 1.797693134862e+308, 1.0317e+05, 8.1920e+03, 
 1DIAGNOSTIC,     6, -8.582618236542e-01, 1.797693134862e+308, 1.1136e+05, 8.1920e+03, 
 1DIAGNOSTIC,     7, -8.599886894226e-01, 1.797693134862e+308, 1.1942e+05, 8.0640e+03, 
 1DIAGNOSTIC,     8, -8.614414930344e-01, 1.797693134862e+308, 1.2762e+05, 8.1920e+03, 
 1DIAGNOSTIC,     9, -8.628091812134e-01, 1.797693134862e+308, 1.3581e+05, 8.1920e+03, 
 1DIAGNOSTIC,    10, -8.639913797379e-01, 1.051619648933e-03, 1.4400e+05, 8.1920e+03, 
 1DIAGNOSTIC,    11, -8.651152849197e-01, 9.278133511543e-04, 1.5219e+05, 8.1920e+03, 
 1DIAGNOSTIC,    12, -8.660678863525e-01, 8.023977279663e-04, 1.6051e+05, 8.3200e+03, 
 1DIAGNOSTIC,    13, -8.670624494553e-01, 6.916970014572e-04, 1.6858e+05, 8.0640e+03, 
 1DIAGNOSTIC,    14, -8.679314851761e-01, 5.945935845375e-04, 1.7690e+05, 8.3200e+03, 
