---------------------
Experiment information

SIF_IMG: /mnt/lustre/mathdugre/containers/ants-flint-vprec.simg
SIF_IMG_BASE: /mnt/lustre/mathdugre/containers/ants-flint-base.simg
EXPERIMENT_NAME: flint-vprec-single
STAGE: syn
SUBJECT_ID: s031
REPETITION_ID: 1

FIXED_IMG: /templateflow/tpl-MNI152NLin2009cAsym/tpl-MNI152NLin2009cAsym_res-01_desc-brain_T1w.nii.gz
INPUT_IMG: /mnt/lustre/mathdugre/fast-interpolate/datasets/ds004513/derivatives/flint/ants/flint-vprec-single/sub-s031/ses-open/anat/11/1_Affine.nii.gz

DATA_DIR: /mnt/lustre/mathdugre/fast-interpolate/datasets/ds004513
OUTPUT_DIR: /mnt/lustre/mathdugre/fast-interpolate/datasets/ds004513/derivatives/flint/ants/flint-vprec-single/sub-s031/ses-open/anat
OUTPUT_PREFIX: 111
THREAD: 1
FLOAT: 0
VFC_BACKENDS: libinterflop_vprec.so --precision-binary32=23 --range-binary32=8 --precision-binary64=23 --range-binary64=8
---------------------

--output [/mnt/lustre/mathdugre/fast-interpolate/datasets/ds004513/derivatives/flint/ants/flint-vprec-single/sub-s031/ses-open/anat/111/1_,/mnt/lustre/mathdugre/fast-interpolate/datasets/ds004513/derivatives/flint/ants/flint-vprec-single/sub-s031/ses-open/anat/111/1_Warped.nii.gz,/mnt/lustre/mathdugre/fast-interpolate/datasets/ds004513/derivatives/flint/ants/flint-vprec-single/sub-s031/ses-open/anat/111/1_InverseSyN.nii.gz] --initial-moving-transform [/templateflow/tpl-MNI152NLin2009cAsym/tpl-MNI152NLin2009cAsym_res-01_desc-brain_T1w.nii.gz,/mnt/lustre/mathdugre/fast-interpolate/datasets/ds004513/derivatives/flint/ants/flint-vprec-single/sub-s031/ses-open/anat/11/1_Affine.nii.gz,1] --transform SyN[ 0.1,3,0 ] --metric CC[/templateflow/tpl-MNI152NLin2009cAsym/tpl-MNI152NLin2009cAsym_res-01_desc-brain_T1w.nii.gz,/mnt/lustre/mathdugre/fast-interpolate/datasets/ds004513/derivatives/flint/ants/flint-vprec-single/sub-s031/ses-open/anat/11/1_Affine.nii.gz,1,4] --convergence [100x70x50x20,1e-6,10] --shrink-factors 8x4x2x1 --smoothing-sigmas 3x2x1x0vox
All_Command_lines_OK
Using double precision for computations.
=============================================================================
The composite transform comprises the following transforms (in order): 
  1. Center of mass alignment using fixed image: /templateflow/tpl-MNI152NLin2009cAsym/tpl-MNI152NLin2009cAsym_res-01_desc-brain_T1w.nii.gz and moving image: /mnt/lustre/mathdugre/fast-interpolate/datasets/ds004513/derivatives/flint/ants/flint-vprec-single/sub-s031/ses-open/anat/11/1_Affine.nii.gz (type = Euler3DTransform)
=============================================================================
  number of levels = 4
  fixed image: /templateflow/tpl-MNI152NLin2009cAsym/tpl-MNI152NLin2009cAsym_res-01_desc-brain_T1w.nii.gz
  moving image: /mnt/lustre/mathdugre/fast-interpolate/datasets/ds004513/derivatives/flint/ants/flint-vprec-single/sub-s031/ses-open/anat/11/1_Affine.nii.gz
Dimension = 3
Number of stages = 1
Use histogram matching = false
Winsorize image intensities = true
  Lower quantile = 0.005
  Upper quantile = 0.995


Stage 1 State
   Image metric = CC
     Fixed image = Image (0x4643b50)
  RTTI typeinfo:   itk::Image<double, 3u>
  Reference Count: 2
  Modified Time: 1622
  Debug: Off
  Object Name: 
  Observers: 
    none
  Source: (none)
  Source output name: (none)
  Release Data: Off
  Data Released: False
  Global Release Data: Off
  PipelineMTime: 0
  UpdateMTime: 1407
  RealTimeStamp: 0 seconds 
  LargestPossibleRegion: 
    Dimension: 3
    Index: [0, 0, 0]
    Size: [193, 229, 193]
  BufferedRegion: 
    Dimension: 3
    Index: [0, 0, 0]
    Size: [193, 229, 193]
  RequestedRegion: 
    Dimension: 3
    Index: [0, 0, 0]
    Size: [193, 229, 193]
  Spacing: [1, 1, 1]
  Origin: [96, 132, -78]
  Direction: 
-1 0 0
0 -1 0
0 0 1

  IndexToPointMatrix: 
-1 0 0
0 -1 0
0 0 1

  PointToIndexMatrix: 
-1 0 0
0 -1 0
0 0 1

  Inverse Direction: 
-1 0 0
0 -1 0
0 0 1

  PixelContainer: 
    ImportImageContainer (0x46bc6d0)
      RTTI typeinfo:   itk::ImportImageContainer<unsigned long, double>
      Reference Count: 1
      Modified Time: 1404
      Debug: Off
      Object Name: 
      Observers: 
        none
      Pointer: 0x7fcc51212010
      Container manages memory: true
      Size: 8530021
      Capacity: 8530021

     Moving image = Image (0x464fd60)
  RTTI typeinfo:   itk::Image<double, 3u>
  Reference Count: 2
  Modified Time: 1623
  Debug: Off
  Object Name: 
  Observers: 
    none
  Source: (none)
  Source output name: (none)
  Release Data: Off
  Data Released: False
  Global Release Data: Off
  PipelineMTime: 0
  UpdateMTime: 1620
  RealTimeStamp: 0 seconds 
  LargestPossibleRegion: 
    Dimension: 3
    Index: [0, 0, 0]
    Size: [193, 229, 193]
  BufferedRegion: 
    Dimension: 3
    Index: [0, 0, 0]
    Size: [193, 229, 193]
  RequestedRegion: 
    Dimension: 3
    Index: [0, 0, 0]
    Size: [193, 229, 193]
  Spacing: [1, 1, 1]
  Origin: [96, 132, -78]
  Direction: 
-1 0 0
0 -1 0
0 0 1

  IndexToPointMatrix: 
-1 0 0
0 -1 0
0 0 1

  PointToIndexMatrix: 
-1 0 0
0 -1 0
0 0 1

  Inverse Direction: 
-1 0 0
0 -1 0
0 0 1

  PixelContainer: 
    ImportImageContainer (0x471c7d0)
      RTTI typeinfo:   itk::ImportImageContainer<unsigned long, double>
      Reference Count: 1
      Modified Time: 1617
      Debug: Off
      Object Name: 
      Observers: 
        none
      Pointer: 0x7fcc4d0fd010
      Container manages memory: true
      Size: 8530021
      Capacity: 8530021

     Weighting = 1
     Sampling strategy = none
     Number of bins = 32
     Radius = 4
     Sampling percentage  = 1
   Transform = SyN
     Gradient step = 0.1
     Update field sigma (voxel space) = 3
     Total field sigma (voxel space) = 0
     Update field time sigma = 0
     Total field time sigma  = 0
     Number of time indices = 0
     Number of time point samples = 0
Registration using 1 total stages.

Stage 0
  iterations = 100x70x50x20
  convergence threshold = 1e-06
  convergence window size = 10
  number of levels = 4
  using the CC metric (radius = 4, weight = 1, use gradient filter = 0)
  preprocessing:  winsorizing the image intensities
  Shrink factors (level 1 out of 4): [8, 8, 8]
  Shrink factors (level 2 out of 4): [4, 4, 4]
  Shrink factors (level 3 out of 4): [2, 2, 2]
  Shrink factors (level 4 out of 4): [1, 1, 1]
  smoothing sigmas per level: [3, 2, 1, 0]
  Using default NONE metricSamplingStrategy 

*** Running SyN registration (varianceForUpdateField = 3, varianceForTotalField = 0) ***

XXDIAGNOSTIC,Iteration,metricValue,convergenceValue,ITERATION_TIME_INDEX,SINCE_LAST
 1DIAGNOSTIC,     1, -9.451593160629e-01, 1.797693134862e+308, 0.0000e+00, 0.0000e+00, 
 1DIAGNOSTIC,     2, -9.508990049362e-01, 1.797693134862e+308, 0.0000e+00, 0.0000e+00, 
 1DIAGNOSTIC,     3, -9.554586410522e-01, 1.797693134862e+308, 0.0000e+00, 0.0000e+00, 
 1DIAGNOSTIC,     4, -9.588547945023e-01, 1.797693134862e+308, 1.2800e+02, 1.2800e+02, 
 1DIAGNOSTIC,     5, -9.626851677895e-01, 1.797693134862e+308, 1.2800e+02, 0.0000e+00, 
 1DIAGNOSTIC,     6, -9.665660858154e-01, 1.797693134862e+308, 1.2800e+02, 0.0000e+00, 
 1DIAGNOSTIC,     7, -9.695670008659e-01, 1.797693134862e+308, 1.2800e+02, 0.0000e+00, 
 1DIAGNOSTIC,     8, -9.719873666763e-01, 1.797693134862e+308, 1.2800e+02, 0.0000e+00, 
 1DIAGNOSTIC,     9, -9.737478494644e-01, 1.797693134862e+308, 1.2800e+02, 0.0000e+00, 
 1DIAGNOSTIC,    10, -9.749495983124e-01, 1.980520784855e-03, 1.2800e+02, 0.0000e+00, 
 1DIAGNOSTIC,    11, -9.751624464989e-01, 1.519396901131e-03, 1.2800e+02, 0.0000e+00, 
 1DIAGNOSTIC,    12, -9.758248329163e-01, 1.155532896519e-03, 2.5600e+02, 1.2800e+02, 
 1DIAGNOSTIC,    13, -9.758199453354e-01, 8.463487029076e-04, 2.5600e+02, 0.0000e+00, 
 1DIAGNOSTIC,    14, -9.762443900108e-01, 5.844011902809e-04, 2.5600e+02, 0.0000e+00, 
 1DIAGNOSTIC,    15, -9.760240912437e-01, 3.740638494492e-04, 2.5600e+02, 0.0000e+00, 
 1DIAGNOSTIC,    16, -9.762709736824e-01, 2.314150333405e-04, 2.5600e+02, 0.0000e+00, 
 1DIAGNOSTIC,    17, -9.760618209839e-01, 1.320242881775e-04, 2.5600e+02, 0.0000e+00, 
 1DIAGNOSTIC,    18, -9.762281775475e-01, 7.339194417000e-05, 2.5600e+02, 0.0000e+00, 
 1DIAGNOSTIC,    19, -9.760264158249e-01, 3.792718052864e-05, 2.5600e+02, 0.0000e+00, 
 1DIAGNOSTIC,    20, -9.762469530106e-01, 2.362579107285e-05, 3.8400e+02, 1.2800e+02, 
 1DIAGNOSTIC,    21, -9.760424494743e-01, 8.475035429001e-06, 3.8400e+02, 0.0000e+00, 
 1DIAGNOSTIC,    22, -9.762481451035e-01, 5.740672349930e-06, 3.8400e+02, 0.0000e+00, 
 1DIAGNOSTIC,    23, -9.760529398918e-01, 7.450580596924e-08, 3.8400e+02, 0.0000e+00, 
XXDIAGNOSTIC,Iteration,metricValue,convergenceValue,ITERATION_TIME_INDEX,SINCE_LAST
 1DIAGNOSTIC,     1, -9.234082102776e-01, 1.797693134862e+308, 5.1200e+02, 1.2800e+02, 
 1DIAGNOSTIC,     2, -9.256918430328e-01, 1.797693134862e+308, 7.6800e+02, 2.5600e+02, 
 1DIAGNOSTIC,     3, -9.284977912903e-01, 1.797693134862e+308, 8.9600e+02, 1.2800e+02, 
 1DIAGNOSTIC,     4, -9.316468238831e-01, 1.797693134862e+308, 1.0240e+03, 1.2800e+02, 
 1DIAGNOSTIC,     5, -9.340053796768e-01, 1.797693134862e+308, 1.1520e+03, 1.2800e+02, 
 1DIAGNOSTIC,     6, -9.358811378479e-01, 1.797693134862e+308, 1.2800e+03, 1.2800e+02, 
 1DIAGNOSTIC,     7, -9.373475313187e-01, 1.797693134862e+308, 1.4080e+03, 1.2800e+02, 
 1DIAGNOSTIC,     8, -9.385066032410e-01, 1.797693134862e+308, 1.5360e+03, 1.2800e+02, 
 1DIAGNOSTIC,     9, -9.395009279251e-01, 1.797693134862e+308, 1.7920e+03, 2.5600e+02, 
 1DIAGNOSTIC,    10, -9.402754306793e-01, 1.188457012177e-03, 1.9200e+03, 1.2800e+02, 
 1DIAGNOSTIC,    11, -9.409741163254e-01, 9.274929761887e-04, 2.0480e+03, 1.2800e+02, 
 1DIAGNOSTIC,    12, -9.415360689163e-01, 6.986632943153e-04, 2.1760e+03, 1.2800e+02, 
 1DIAGNOSTIC,    13, -9.419038295746e-01, 5.153566598892e-04, 2.3040e+03, 1.2800e+02, 
 1DIAGNOSTIC,    14, -9.422999024391e-01, 3.878995776176e-04, 2.4320e+03, 1.2800e+02, 
 1DIAGNOSTIC,    15, -9.425222873688e-01, 2.939179539680e-04, 2.5600e+03, 1.2800e+02, 
 1DIAGNOSTIC,    16, -9.428710937500e-01, 2.267062664032e-04, 2.8160e+03, 2.5600e+02, 
 1DIAGNOSTIC,    17, -9.430688619614e-01, 1.760758459568e-04, 2.9440e+03, 1.2800e+02, 
 1DIAGNOSTIC,    18, -9.434074759483e-01, 1.399666070938e-04, 3.0720e+03, 1.2800e+02, 
 1DIAGNOSTIC,    19, -9.435771107674e-01, 1.132115721703e-04, 3.2000e+03, 1.2800e+02, 
 1DIAGNOSTIC,    20, -9.438983201981e-01, 9.521469473839e-05, 3.3280e+03, 1.2800e+02, 
 1DIAGNOSTIC,    21, -9.440495967865e-01, 8.227676153183e-05, 3.4560e+03, 1.2800e+02, 
 1DIAGNOSTIC,    22, -9.441981315613e-01, 7.267296314240e-05, 3.5840e+03, 1.2800e+02, 
 1DIAGNOSTIC,    23, -9.443559050560e-01, 6.407871842384e-05, 3.8400e+03, 2.5600e+02, 
 1DIAGNOSTIC,    24, -9.445161819458e-01, 5.728751420975e-05, 3.9680e+03, 1.2800e+02, 
 1DIAGNOSTIC,    25, -9.446718096733e-01, 5.024299025536e-05, 4.0960e+03, 1.2800e+02, 
 1DIAGNOSTIC,    26, -9.448233842850e-01, 4.493445158005e-05, 4.2240e+03, 1.2800e+02, 
 1DIAGNOSTIC,    27, -9.449705481529e-01, 3.970414400101e-05, 4.3520e+03, 1.2800e+02, 
 1DIAGNOSTIC,    28, -9.451140165329e-01, 3.639608621597e-05, 4.4800e+03, 1.2800e+02, 
 1DIAGNOSTIC,    29, -9.452474117279e-01, 3.305450081825e-05, 4.6080e+03, 1.2800e+02, 
 1DIAGNOSTIC,    30, -9.453836679459e-01, 3.150105476379e-05, 4.8640e+03, 2.5600e+02, 
 1DIAGNOSTIC,    31, -9.455034732819e-01, 2.976134419441e-05, 4.9920e+03, 1.2800e+02, 
 1DIAGNOSTIC,    32, -9.456232786179e-01, 2.792477607727e-05, 5.1200e+03, 1.2800e+02, 
 1DIAGNOSTIC,    33, -9.457338452339e-01, 2.606213092804e-05, 5.2480e+03, 1.2800e+02, 
 1DIAGNOSTIC,    34, -9.458382129669e-01, 2.425909042358e-05, 5.3760e+03, 1.2800e+02, 
 1DIAGNOSTIC,    35, -9.459348917007e-01, 2.248398959637e-05, 5.5040e+03, 1.2800e+02, 
 1DIAGNOSTIC,    36, -9.460303783417e-01, 2.081133425236e-05, 5.6320e+03, 1.2800e+02, 
 1DIAGNOSTIC,    37, -9.461178779602e-01, 1.921691000462e-05, 5.7600e+03, 1.2800e+02, 
 1DIAGNOSTIC,    38, -9.462025165558e-01, 1.775100827217e-05, 6.0160e+03, 2.5600e+02, 
 1DIAGNOSTIC,    39, -9.462822675705e-01, 1.638196408749e-05, 6.1440e+03, 1.2800e+02, 
 1DIAGNOSTIC,    40, -9.463572502136e-01, 1.517124474049e-05, 6.2720e+03, 1.2800e+02, 
 1DIAGNOSTIC,    41, -9.464300274849e-01, 1.404806971550e-05, 6.4000e+03, 1.2800e+02, 
 1DIAGNOSTIC,    42, -9.465003013611e-01, 1.305527985096e-05, 6.5280e+03, 1.2800e+02, 
 1DIAGNOSTIC,    43, -9.465682506561e-01, 1.217797398567e-05, 6.6560e+03, 1.2800e+02, 
 1DIAGNOSTIC,    44, -9.466304779053e-01, 1.136958599091e-05, 6.7840e+03, 1.2800e+02, 
 1DIAGNOSTIC,    45, -9.466931819916e-01, 1.063942909241e-05, 7.0400e+03, 2.5600e+02, 
 1DIAGNOSTIC,    46, -9.467553496361e-01, 1.000985503197e-05, 7.1680e+03, 1.2800e+02, 
 1DIAGNOSTIC,    47, -9.468080401421e-01, 9.402632713318e-06, 7.2960e+03, 1.2800e+02, 
 1DIAGNOSTIC,    48, -9.468584060669e-01, 8.819624781609e-06, 7.4240e+03, 1.2800e+02, 
 1DIAGNOSTIC,    49, -9.469138383865e-01, 8.311122655869e-06, 7.5520e+03, 1.2800e+02, 
 1DIAGNOSTIC,    50, -9.469680786133e-01, 7.849186658859e-06, 7.6800e+03, 1.2800e+02, 
 1DIAGNOSTIC,    51, -9.470147490501e-01, 7.417052984238e-06, 7.8080e+03, 1.2800e+02, 
 1DIAGNOSTIC,    52, -9.470678567886e-01, 7.053837180138e-06, 8.0640e+03, 2.5600e+02, 
 1DIAGNOSTIC,    53, -9.471166133881e-01, 6.739050149918e-06, 8.1920e+03, 1.2800e+02, 
 1DIAGNOSTIC,    54, -9.471687078476e-01, 6.480142474174e-06, 8.3200e+03, 1.2800e+02, 
 1DIAGNOSTIC,    55, -9.472161531448e-01, 6.260350346565e-06, 8.4480e+03, 1.2800e+02, 
 1DIAGNOSTIC,    56, -9.472649693489e-01, 6.092712283134e-06, 8.5760e+03, 1.2800e+02, 
 1DIAGNOSTIC,    57, -9.473105669022e-01, 5.915760993958e-06, 8.7040e+03, 1.2800e+02, 
 1DIAGNOSTIC,    58, -9.473613500595e-01, 5.746260285378e-06, 8.8320e+03, 1.2800e+02, 
 1DIAGNOSTIC,    59, -9.474053382874e-01, 5.582347512245e-06, 9.0880e+03, 2.5600e+02, 
 1DIAGNOSTIC,    60, -9.474450349808e-01, 5.409121513367e-06, 9.2160e+03, 1.2800e+02, 
 1DIAGNOSTIC,    61, -9.474908113480e-01, 5.222856998444e-06, 9.3440e+03, 1.2800e+02, 
 1DIAGNOSTIC,    62, -9.475353360176e-01, 5.055218935013e-06, 9.4720e+03, 1.2800e+02, 
 1DIAGNOSTIC,    63, -9.475793838501e-01, 4.898756742477e-06, 9.6000e+03, 1.2800e+02, 
 1DIAGNOSTIC,    64, -9.476225376129e-01, 4.762783646584e-06, 9.7280e+03, 1.2800e+02, 
 1DIAGNOSTIC,    65, -9.476656913757e-01, 4.636123776436e-06, 9.8560e+03, 1.2800e+02, 
 1DIAGNOSTIC,    66, -9.477077126503e-01, 4.522502422333e-06, 1.0112e+04, 2.5600e+02, 
 1DIAGNOSTIC,    67, -9.477523565292e-01, 4.425644874573e-06, 1.0240e+04, 1.2800e+02, 
 1DIAGNOSTIC,    68, -9.477955102921e-01, 4.360452294350e-06, 1.0368e+04, 1.2800e+02, 
 1DIAGNOSTIC,    69, -9.478343725204e-01, 4.280358552933e-06, 1.0496e+04, 1.2800e+02, 
 1DIAGNOSTIC,    70, -9.478731155396e-01, 4.167668521404e-06, 1.0624e+04, 1.2800e+02, 
XXDIAGNOSTIC,Iteration,metricValue,convergenceValue,ITERATION_TIME_INDEX,SINCE_LAST
 1DIAGNOSTIC,     1, -8.965948820114e-01, 1.797693134862e+308, 1.1904e+04, 1.2800e+03, 
 1DIAGNOSTIC,     2, -8.988082408905e-01, 1.797693134862e+308, 1.3056e+04, 1.1520e+03, 
 1DIAGNOSTIC,     3, -9.014109373093e-01, 1.797693134862e+308, 1.4336e+04, 1.2800e+03, 
 1DIAGNOSTIC,     4, -9.037039279938e-01, 1.797693134862e+308, 1.5488e+04, 1.1520e+03, 
 1DIAGNOSTIC,     5, -9.058547019958e-01, 1.797693134862e+308, 1.6768e+04, 1.2800e+03, 
 1DIAGNOSTIC,     6, -9.077340960503e-01, 1.797693134862e+308, 1.7920e+04, 1.1520e+03, 
 1DIAGNOSTIC,     7, -9.093290567398e-01, 1.797693134862e+308, 1.9200e+04, 1.2800e+03, 
 1DIAGNOSTIC,     8, -9.108235836029e-01, 1.797693134862e+308, 2.0352e+04, 1.1520e+03, 
 1DIAGNOSTIC,     9, -9.120812416077e-01, 1.797693134862e+308, 2.1504e+04, 1.1520e+03, 
 1DIAGNOSTIC,    10, -9.134090542793e-01, 1.193866133690e-03, 2.2784e+04, 1.2800e+03, 
 1DIAGNOSTIC,    11, -9.145215749741e-01, 9.905025362968e-04, 2.3936e+04, 1.1520e+03, 
 1DIAGNOSTIC,    12, -9.155602455139e-01, 8.164197206497e-04, 2.5216e+04, 1.2800e+03, 
 1DIAGNOSTIC,    13, -9.163892269135e-01, 6.775185465813e-04, 2.6368e+04, 1.1520e+03, 
 1DIAGNOSTIC,    14, -9.172611236572e-01, 5.671679973602e-04, 2.7648e+04, 1.2800e+03, 
 1DIAGNOSTIC,    15, -9.179677963257e-01, 4.787966609001e-04, 2.8800e+04, 1.1520e+03, 
 1DIAGNOSTIC,    16, -9.186137914658e-01, 4.065632820129e-04, 2.9952e+04, 1.1520e+03, 
 1DIAGNOSTIC,    17, -9.192211031914e-01, 3.456175327301e-04, 3.1232e+04, 1.2800e+03, 
 1DIAGNOSTIC,    18, -9.197901487350e-01, 2.951472997665e-04, 3.2384e+04, 1.1520e+03, 
 1DIAGNOSTIC,    19, -9.203335642815e-01, 2.519860863686e-04, 3.3664e+04, 1.2800e+03, 
 1DIAGNOSTIC,    20, -9.208656549454e-01, 2.185590565205e-04, 3.4816e+04, 1.1520e+03, 
 1DIAGNOSTIC,    21, -9.213699102402e-01, 1.918002963066e-04, 3.6096e+04, 1.2800e+03, 
 1DIAGNOSTIC,    22, -9.218448996544e-01, 1.709386706352e-04, 3.7248e+04, 1.1520e+03, 
 1DIAGNOSTIC,    23, -9.223181009293e-01, 1.534298062325e-04, 3.8528e+04, 1.2800e+03, 
 1DIAGNOSTIC,    24, -9.227641820908e-01, 1.400187611580e-04, 3.9680e+04, 1.1520e+03, 
 1DIAGNOSTIC,    25, -9.231696128845e-01, 1.283288002014e-04, 4.0960e+04, 1.2800e+03, 
 1DIAGNOSTIC,    26, -9.235597848892e-01, 1.178383827209e-04, 4.2112e+04, 1.1520e+03, 
 1DIAGNOSTIC,    27, -9.239221811295e-01, 1.081749796867e-04, 4.3264e+04, 1.1520e+03, 
 1DIAGNOSTIC,    28, -9.242712855339e-01, 9.917467832565e-05, 4.4544e+04, 1.2800e+03, 
 1DIAGNOSTIC,    29, -9.245966076851e-01, 9.071454405785e-05, 4.5696e+04, 1.1520e+03, 
 1DIAGNOSTIC,    30, -9.249020218849e-01, 8.292123675346e-05, 4.6976e+04, 1.2800e+03, 
 1DIAGNOSTIC,    31, -9.251873493195e-01, 7.570534944534e-05, 4.8128e+04, 1.1520e+03, 
 1DIAGNOSTIC,    32, -9.254581332207e-01, 6.899610161781e-05, 4.9408e+04, 1.2800e+03, 
 1DIAGNOSTIC,    33, -9.257109761238e-01, 6.297975778580e-05, 5.0560e+04, 1.1520e+03, 
 1DIAGNOSTIC,    34, -9.259555339813e-01, 5.766004323959e-05, 5.1840e+04, 1.2800e+03, 
 1DIAGNOSTIC,    35, -9.261881709099e-01, 5.284138023853e-05, 5.2992e+04, 1.1520e+03, 
 1DIAGNOSTIC,    36, -9.264217615128e-01, 4.865042865276e-05, 5.4272e+04, 1.2800e+03, 
 1DIAGNOSTIC,    37, -9.266519546509e-01, 4.504993557930e-05, 5.5424e+04, 1.1520e+03, 
 1DIAGNOSTIC,    38, -9.268750548363e-01, 4.203431308270e-05, 5.6576e+04, 1.1520e+03, 
 1DIAGNOSTIC,    39, -9.270973205566e-01, 3.953836858273e-05, 5.7856e+04, 1.2800e+03, 
 1DIAGNOSTIC,    40, -9.273170828819e-01, 3.749504685402e-05, 5.9008e+04, 1.1520e+03, 
 1DIAGNOSTIC,    41, -9.275351762772e-01, 3.580003976822e-05, 6.0288e+04, 1.2800e+03, 
 1DIAGNOSTIC,    42, -9.277583360672e-01, 3.443658351898e-05, 6.1440e+04, 1.1520e+03, 
 1DIAGNOSTIC,    43, -9.279731512070e-01, 3.324262797832e-05, 6.2720e+04, 1.2800e+03, 
 1DIAGNOSTIC,    44, -9.281973838806e-01, 3.224983811378e-05, 6.3872e+04, 1.1520e+03, 
 1DIAGNOSTIC,    45, -9.284088611603e-01, 3.130175173283e-05, 6.5152e+04, 1.2800e+03, 
 1DIAGNOSTIC,    46, -9.285941720009e-01, 3.024376928806e-05, 6.6304e+04, 1.1520e+03, 
 1DIAGNOSTIC,    47, -9.287644624710e-01, 2.900324761868e-05, 6.7456e+04, 1.1520e+03, 
 1DIAGNOSTIC,    48, -9.289134740829e-01, 2.747401595116e-05, 6.8736e+04, 1.2800e+03, 
 1DIAGNOSTIC,    49, -9.290491342545e-01, 2.566352486610e-05, 6.9888e+04, 1.1520e+03, 
 1DIAGNOSTIC,    50, -9.291792511940e-01, 2.365931868553e-05, 7.1168e+04, 1.2800e+03, 
XXDIAGNOSTIC,Iteration,metricValue,convergenceValue,ITERATION_TIME_INDEX,SINCE_LAST
 1DIAGNOSTIC,     1, -8.961053490639e-01, 1.797693134862e+308, 8.1152e+04, 9.9840e+03, 
 1DIAGNOSTIC,     2, -8.973728418350e-01, 1.797693134862e+308, 9.1008e+04, 9.8560e+03, 
 1DIAGNOSTIC,     3, -8.991057872772e-01, 1.797693134862e+308, 1.0099e+05, 9.9840e+03, 
 1DIAGNOSTIC,     4, -9.010195732117e-01, 1.797693134862e+308, 1.1085e+05, 9.8560e+03, 
 1DIAGNOSTIC,     5, -9.027755260468e-01, 1.797693134862e+308, 1.2070e+05, 9.8560e+03, 
 1DIAGNOSTIC,     6, -9.043608903885e-01, 1.797693134862e+308, 1.3056e+05, 9.8560e+03, 
 1DIAGNOSTIC,     7, -9.058571457863e-01, 1.797693134862e+308, 1.4042e+05, 9.8560e+03, 
 1DIAGNOSTIC,     8, -9.072356224060e-01, 1.797693134862e+308, 1.5027e+05, 9.8560e+03, 
 1DIAGNOSTIC,     9, -9.085873365402e-01, 1.797693134862e+308, 1.6013e+05, 9.8560e+03, 
 1DIAGNOSTIC,    10, -9.098433852196e-01, 1.002646982670e-03, 1.6998e+05, 9.8560e+03, 
 1DIAGNOSTIC,    11, -9.110249280930e-01, 8.796900510788e-04, 1.7984e+05, 9.8560e+03, 
 1DIAGNOSTIC,    12, -9.120157957077e-01, 7.570460438728e-04, 1.8982e+05, 9.9840e+03, 
 1DIAGNOSTIC,    13, -9.128488302231e-01, 6.464123725891e-04, 1.9968e+05, 9.8560e+03, 
 1DIAGNOSTIC,    14, -9.137543439865e-01, 5.557015538216e-04, 2.0966e+05, 9.9840e+03, 
 1DIAGNOSTIC,    15, -9.145010709763e-01, 4.782229661942e-04, 2.1952e+05, 9.8560e+03, 
 1DIAGNOSTIC,    16, -9.151793718338e-01, 4.106163978577e-04, 2.2950e+05, 9.9840e+03, 
 1DIAGNOSTIC,    17, -9.158021807671e-01, 3.520511090755e-04, 2.3936e+05, 9.8560e+03, 
 1DIAGNOSTIC,    18, -9.163698554039e-01, 3.011338412762e-04, 2.4934e+05, 9.9840e+03, 
 1DIAGNOSTIC,    19, -9.168879985809e-01, 2.582818269730e-04, 2.5920e+05, 9.8560e+03, 
 1DIAGNOSTIC,    20, -9.173825979233e-01, 2.228952944279e-04, 2.6918e+05, 9.9840e+03, 
  Elapsed time (stage 0): 269184


Total elapsed time: 269184
-i /mnt/lustre/mathdugre/fast-interpolate/datasets/ds004513/derivatives/flint/ants/flint-vprec-single/sub-s031/ses-open/anat/11/1_Affine.nii.gz -o /mnt/lustre/mathdugre/fast-interpolate/datasets/ds004513/derivatives/flint/ants/flint-vprec-single/sub-s031/ses-open/anat/111/1_transformed.nii.gz -t /mnt/lustre/mathdugre/fast-interpolate/datasets/ds004513/derivatives/flint/ants/flint-vprec-single/sub-s031/ses-open/anat/111/1_1Warp.nii.gz -t /mnt/lustre/mathdugre/fast-interpolate/datasets/ds004513/derivatives/flint/ants/flint-vprec-single/sub-s031/ses-open/anat/111/1_0GenericAffine.mat
