---------------------
Experiment information

SIF_IMG: /mnt/lustre/mathdugre/containers/ants-flint-base.simg
SIF_IMG_BASE: /mnt/lustre/mathdugre/containers/ants-flint-base.simg
EXPERIMENT_NAME: flint-vprec-single-five-levels
STAGE: syn
SUBJECT_ID: s028
REPETITION_ID: 1

FIXED_IMG: /templateflow/tpl-MNI152NLin2009cAsym/tpl-MNI152NLin2009cAsym_res-01_desc-brain_T1w.nii.gz
INPUT_IMG: /mnt/lustre/mathdugre/fast-interpolate/datasets/ds004513/derivatives/flint/ants/flint-vprec-single-five-levels/sub-s028/ses-open/anat/11/1_Affine.nii.gz

DATA_DIR: /mnt/lustre/mathdugre/fast-interpolate/datasets/ds004513
OUTPUT_DIR: /mnt/lustre/mathdugre/fast-interpolate/datasets/ds004513/derivatives/flint/ants/flint-vprec-single-five-levels/sub-s028/ses-open/anat
OUTPUT_PREFIX: 110
THREAD: 1
FLOAT: 0
VFC_BACKENDS: ieee
---------------------

--output [/mnt/lustre/mathdugre/fast-interpolate/datasets/ds004513/derivatives/flint/ants/flint-vprec-single-five-levels/sub-s028/ses-open/anat/110/1_,/mnt/lustre/mathdugre/fast-interpolate/datasets/ds004513/derivatives/flint/ants/flint-vprec-single-five-levels/sub-s028/ses-open/anat/110/1_Warped.nii.gz,/mnt/lustre/mathdugre/fast-interpolate/datasets/ds004513/derivatives/flint/ants/flint-vprec-single-five-levels/sub-s028/ses-open/anat/110/1_InverseSyN.nii.gz] --initial-moving-transform [/templateflow/tpl-MNI152NLin2009cAsym/tpl-MNI152NLin2009cAsym_res-01_desc-brain_T1w.nii.gz,/mnt/lustre/mathdugre/fast-interpolate/datasets/ds004513/derivatives/flint/ants/flint-vprec-single-five-levels/sub-s028/ses-open/anat/11/1_Affine.nii.gz,1] --transform SyN[ 0.1,3,0 ] --metric CC[/templateflow/tpl-MNI152NLin2009cAsym/tpl-MNI152NLin2009cAsym_res-01_desc-brain_T1w.nii.gz,/mnt/lustre/mathdugre/fast-interpolate/datasets/ds004513/derivatives/flint/ants/flint-vprec-single-five-levels/sub-s028/ses-open/anat/11/1_Affine.nii.gz,1,4] --convergence [100x100x70x50x20,1e-6,10] --shrink-factors 16x8x4x2x1 --smoothing-sigmas 4x3x2x1x0vox
All_Command_lines_OK
Using double precision for computations.
=============================================================================
The composite transform comprises the following transforms (in order): 
  1. Center of mass alignment using fixed image: /templateflow/tpl-MNI152NLin2009cAsym/tpl-MNI152NLin2009cAsym_res-01_desc-brain_T1w.nii.gz and moving image: /mnt/lustre/mathdugre/fast-interpolate/datasets/ds004513/derivatives/flint/ants/flint-vprec-single-five-levels/sub-s028/ses-open/anat/11/1_Affine.nii.gz (type = Euler3DTransform)
=============================================================================
  number of levels = 5
  fixed image: /templateflow/tpl-MNI152NLin2009cAsym/tpl-MNI152NLin2009cAsym_res-01_desc-brain_T1w.nii.gz
  moving image: /mnt/lustre/mathdugre/fast-interpolate/datasets/ds004513/derivatives/flint/ants/flint-vprec-single-five-levels/sub-s028/ses-open/anat/11/1_Affine.nii.gz
Dimension = 3
Number of stages = 1
Use histogram matching = false
Winsorize image intensities = true
  Lower quantile = 0.005
  Upper quantile = 0.995


Stage 1 State
   Image metric = CC
     Fixed image = Image (0x55c475d68d90)
  RTTI typeinfo:   itk::Image<double, 3u>
  Reference Count: 2
  Modified Time: 1622
  Debug: Off
  Object Name: 
  Observers: 
    none
  Source: (none)
  Source output name: (none)
  Release Data: Off
  Data Released: False
  Global Release Data: Off
  PipelineMTime: 0
  UpdateMTime: 1407
  RealTimeStamp: 0 seconds 
  LargestPossibleRegion: 
    Dimension: 3
    Index: [0, 0, 0]
    Size: [193, 229, 193]
  BufferedRegion: 
    Dimension: 3
    Index: [0, 0, 0]
    Size: [193, 229, 193]
  RequestedRegion: 
    Dimension: 3
    Index: [0, 0, 0]
    Size: [193, 229, 193]
  Spacing: [1, 1, 1]
  Origin: [96, 132, -78]
  Direction: 
-1 0 0
0 -1 0
0 0 1

  IndexToPointMatrix: 
-1 0 0
0 -1 0
0 0 1

  PointToIndexMatrix: 
-1 0 0
0 -1 0
0 0 1

  Inverse Direction: 
-1 0 0
0 -1 0
0 0 1

  PixelContainer: 
    ImportImageContainer (0x55c475d77250)
      RTTI typeinfo:   itk::ImportImageContainer<unsigned long, double>
      Reference Count: 1
      Modified Time: 1404
      Debug: Off
      Object Name: 
      Observers: 
        none
      Pointer: 0x7f38b152a010
      Container manages memory: true
      Size: 8530021
      Capacity: 8530021

     Moving image = Image (0x55c475d6f1f0)
  RTTI typeinfo:   itk::Image<double, 3u>
  Reference Count: 2
  Modified Time: 1623
  Debug: Off
  Object Name: 
  Observers: 
    none
  Source: (none)
  Source output name: (none)
  Release Data: Off
  Data Released: False
  Global Release Data: Off
  PipelineMTime: 0
  UpdateMTime: 1620
  RealTimeStamp: 0 seconds 
  LargestPossibleRegion: 
    Dimension: 3
    Index: [0, 0, 0]
    Size: [193, 229, 193]
  BufferedRegion: 
    Dimension: 3
    Index: [0, 0, 0]
    Size: [193, 229, 193]
  RequestedRegion: 
    Dimension: 3
    Index: [0, 0, 0]
    Size: [193, 229, 193]
  Spacing: [1, 1, 1]
  Origin: [96, 132, -78]
  Direction: 
-1 0 0
0 -1 0
0 0 1

  IndexToPointMatrix: 
-1 0 0
0 -1 0
0 0 1

  PointToIndexMatrix: 
-1 0 0
0 -1 0
0 0 1

  Inverse Direction: 
-1 0 0
0 -1 0
0 0 1

  PixelContainer: 
    ImportImageContainer (0x55c475d7ba60)
      RTTI typeinfo:   itk::ImportImageContainer<unsigned long, double>
      Reference Count: 1
      Modified Time: 1617
      Debug: Off
      Object Name: 
      Observers: 
        none
      Pointer: 0x7f38ad415010
      Container manages memory: true
      Size: 8530021
      Capacity: 8530021

     Weighting = 1
     Sampling strategy = none
     Number of bins = 32
     Radius = 4
     Sampling percentage  = 1
   Transform = SyN
     Gradient step = 0.1
     Update field sigma (voxel space) = 3
     Total field sigma (voxel space) = 0
     Update field time sigma = 0
     Total field time sigma  = 0
     Number of time indices = 0
     Number of time point samples = 0
Registration using 1 total stages.

Stage 0
  iterations = 100x100x70x50x20
  convergence threshold = 1e-06
  convergence window size = 10
  number of levels = 5
  using the CC metric (radius = 4, weight = 1, use gradient filter = 0)
  preprocessing:  winsorizing the image intensities
  Shrink factors (level 1 out of 5): [16, 16, 16]
  Shrink factors (level 2 out of 5): [8, 8, 8]
  Shrink factors (level 3 out of 5): [4, 4, 4]
  Shrink factors (level 4 out of 5): [2, 2, 2]
  Shrink factors (level 5 out of 5): [1, 1, 1]
  smoothing sigmas per level: [4, 3, 2, 1, 0]
  Using default NONE metricSamplingStrategy 

*** Running SyN registration (varianceForUpdateField = 3, varianceForTotalField = 0) ***

XXDIAGNOSTIC,Iteration,metricValue,convergenceValue,ITERATION_TIME_INDEX,SINCE_LAST
 1DIAGNOSTIC,     1, -9.317364619389e-01, 1.797693134862e+308, 1.5101e+00, 1.5101e+00, 
 1DIAGNOSTIC,     2, -9.416185693216e-01, 1.797693134862e+308, 1.5991e+00, 8.9039e-02, 
 1DIAGNOSTIC,     3, -9.471083777684e-01, 1.797693134862e+308, 1.6874e+00, 8.8232e-02, 
 1DIAGNOSTIC,     4, -9.499877279175e-01, 1.797693134862e+308, 1.7755e+00, 8.8119e-02, 
 1DIAGNOSTIC,     5, -9.517982540255e-01, 1.797693134862e+308, 1.8639e+00, 8.8404e-02, 
 1DIAGNOSTIC,     6, -9.529468642944e-01, 1.797693134862e+308, 1.9525e+00, 8.8627e-02, 
 1DIAGNOSTIC,     7, -9.536959178524e-01, 1.797693134862e+308, 2.0410e+00, 8.8492e-02, 
 1DIAGNOSTIC,     8, -9.542187969052e-01, 1.797693134862e+308, 2.1298e+00, 8.8769e-02, 
 1DIAGNOSTIC,     9, -9.546030827376e-01, 1.797693134862e+308, 2.2184e+00, 8.8601e-02, 
 1DIAGNOSTIC,    10, -9.548523259180e-01, 1.241884404196e-03, 2.3076e+00, 8.9207e-02, 
 1DIAGNOSTIC,    11, -9.550618784371e-01, 6.748951131389e-04, 2.3966e+00, 8.8977e-02, 
 1DIAGNOSTIC,    12, -9.552327809994e-01, 3.905107681216e-04, 2.4855e+00, 8.8914e-02, 
 1DIAGNOSTIC,    13, -9.553840135842e-01, 2.435861974820e-04, 2.5744e+00, 8.8967e-02, 
 1DIAGNOSTIC,    14, -9.555222970089e-01, 1.595435733978e-04, 2.6637e+00, 8.9212e-02, 
 1DIAGNOSTIC,    15, -9.556550696755e-01, 1.106872533459e-04, 2.7526e+00, 8.8986e-02, 
 1DIAGNOSTIC,    16, -9.557758779922e-01, 8.145240670160e-05, 2.8415e+00, 8.8876e-02, 
 1DIAGNOSTIC,    17, -9.558856675470e-01, 6.326486809515e-05, 2.9304e+00, 8.8853e-02, 
 1DIAGNOSTIC,    18, -9.559807828509e-01, 5.155569910566e-05, 3.0192e+00, 8.8822e-02, 
 1DIAGNOSTIC,    19, -9.560639693735e-01, 4.374145289968e-05, 3.1081e+00, 8.8874e-02, 
 1DIAGNOSTIC,    20, -9.561365184992e-01, 3.754300797550e-05, 3.1972e+00, 8.9111e-02, 
 1DIAGNOSTIC,    21, -9.562001042700e-01, 3.242242403236e-05, 3.2860e+00, 8.8848e-02, 
 1DIAGNOSTIC,    22, -9.562556386377e-01, 2.791686694822e-05, 3.3751e+00, 8.9026e-02, 
 1DIAGNOSTIC,    23, -9.563045719616e-01, 2.389344612356e-05, 3.4642e+00, 8.9107e-02, 
 1DIAGNOSTIC,    24, -9.563485058020e-01, 2.033260649836e-05, 3.5532e+00, 8.9035e-02, 
 1DIAGNOSTIC,    25, -9.563883576046e-01, 1.730673936026e-05, 3.6420e+00, 8.8804e-02, 
 1DIAGNOSTIC,    26, -9.564233330023e-01, 1.476998579044e-05, 3.7308e+00, 8.8810e-02, 
 1DIAGNOSTIC,    27, -9.564552623358e-01, 1.269198050560e-05, 3.8199e+00, 8.9048e-02, 
 1DIAGNOSTIC,    28, -9.564834800317e-01, 1.097397670871e-05, 3.9088e+00, 8.8922e-02, 
 1DIAGNOSTIC,    29, -9.565097362492e-01, 9.557043151733e-06, 3.9978e+00, 8.8972e-02, 
 1DIAGNOSTIC,    30, -9.565340762902e-01, 8.385575676964e-06, 4.0867e+00, 8.8984e-02, 
 1DIAGNOSTIC,    31, -9.565568699523e-01, 7.416822543294e-06, 4.1758e+00, 8.9072e-02, 
 1DIAGNOSTIC,    32, -9.565789248134e-01, 6.617239365375e-06, 4.2647e+00, 8.8903e-02, 
 1DIAGNOSTIC,    33, -9.566004640179e-01, 5.961564396521e-06, 4.3540e+00, 8.9273e-02, 
 1DIAGNOSTIC,    34, -9.566220300650e-01, 5.437041212867e-06, 4.4431e+00, 8.9144e-02, 
 1DIAGNOSTIC,    35, -9.566429969834e-01, 5.026285775273e-06, 4.5320e+00, 8.8918e-02, 
 1DIAGNOSTIC,    36, -9.566634525839e-01, 4.699932733311e-06, 4.6211e+00, 8.9009e-02, 
 1DIAGNOSTIC,    37, -9.566844264911e-01, 4.449155361571e-06, 4.7101e+00, 8.9089e-02, 
 1DIAGNOSTIC,    38, -9.567058307136e-01, 4.253925493487e-06, 4.7991e+00, 8.8937e-02, 
 1DIAGNOSTIC,    39, -9.567266172563e-01, 4.097793768545e-06, 4.8883e+00, 8.9239e-02, 
 1DIAGNOSTIC,    40, -9.567470187416e-01, 3.965678169661e-06, 4.9772e+00, 8.8920e-02, 
 1DIAGNOSTIC,    41, -9.567659756933e-01, 3.837161480388e-06, 5.0665e+00, 8.9289e-02, 
 1DIAGNOSTIC,    42, -9.567834239122e-01, 3.699236980164e-06, 5.1554e+00, 8.8921e-02, 
 1DIAGNOSTIC,    43, -9.567997129662e-01, 3.545371499530e-06, 5.2457e+00, 9.0240e-02, 
 1DIAGNOSTIC,    44, -9.568149940300e-01, 3.376626867387e-06, 5.3347e+00, 8.9018e-02, 
 1DIAGNOSTIC,    45, -9.568292161417e-01, 3.191660331851e-06, 5.4236e+00, 8.8939e-02, 
 1DIAGNOSTIC,    46, -9.568428618488e-01, 2.995068985653e-06, 5.5124e+00, 8.8769e-02, 
 1DIAGNOSTIC,    47, -9.568555513977e-01, 2.796965906760e-06, 5.6016e+00, 8.9233e-02, 
 1DIAGNOSTIC,    48, -9.568670225111e-01, 2.605551574837e-06, 5.6910e+00, 8.9394e-02, 
 1DIAGNOSTIC,    49, -9.568777448707e-01, 2.424913083918e-06, 5.7801e+00, 8.9022e-02, 
 1DIAGNOSTIC,    50, -9.568875707712e-01, 2.259098289895e-06, 5.8690e+00, 8.8927e-02, 
 1DIAGNOSTIC,    51, -9.568966575552e-01, 2.105889695247e-06, 5.9579e+00, 8.8954e-02, 
 1DIAGNOSTIC,    52, -9.569050251287e-01, 1.962390911551e-06, 6.0470e+00, 8.9044e-02, 
 1DIAGNOSTIC,    53, -9.569127484782e-01, 1.827976226349e-06, 6.1360e+00, 8.8998e-02, 
 1DIAGNOSTIC,    54, -9.569199567798e-01, 1.703234379535e-06, 6.2250e+00, 8.8971e-02, 
 1DIAGNOSTIC,    55, -9.569265595964e-01, 1.587360819580e-06, 6.3140e+00, 8.9035e-02, 
 1DIAGNOSTIC,    56, -9.569325289142e-01, 1.481706987674e-06, 6.4034e+00, 8.9410e-02, 
 1DIAGNOSTIC,    57, -9.569379923674e-01, 1.385688916181e-06, 6.4924e+00, 8.8993e-02, 
 1DIAGNOSTIC,    58, -9.569430299084e-01, 1.297155908832e-06, 6.5815e+00, 8.9068e-02, 
 1DIAGNOSTIC,    59, -9.569476920955e-01, 1.216341721344e-06, 6.6703e+00, 8.8880e-02, 
 1DIAGNOSTIC,    60, -9.569518740758e-01, 1.141757387080e-06, 6.7593e+00, 8.8982e-02, 
 1DIAGNOSTIC,    61, -9.569555939998e-01, 1.072565322256e-06, 6.8483e+00, 8.9020e-02, 
 1DIAGNOSTIC,    62, -9.569592023642e-01, 1.009450293448e-06, 6.9374e+00, 8.9096e-02, 
 1DIAGNOSTIC,    63, -9.569626536626e-01, 9.527342480289e-07, 7.0264e+00, 8.9005e-02, 
XXDIAGNOSTIC,Iteration,metricValue,convergenceValue,ITERATION_TIME_INDEX,SINCE_LAST
 1DIAGNOSTIC,     1, -9.027034681694e-01, 1.797693134862e+308, 9.1821e+00, 2.1556e+00, 
 1DIAGNOSTIC,     2, -9.081263291917e-01, 1.797693134862e+308, 9.9260e+00, 7.4392e-01, 
 1DIAGNOSTIC,     3, -9.129033752649e-01, 1.797693134862e+308, 1.0666e+01, 7.4037e-01, 
 1DIAGNOSTIC,     4, -9.165481214620e-01, 1.797693134862e+308, 1.1406e+01, 7.4010e-01, 
 1DIAGNOSTIC,     5, -9.195220204058e-01, 1.797693134862e+308, 1.2150e+01, 7.4361e-01, 
 1DIAGNOSTIC,     6, -9.218341238990e-01, 1.797693134862e+308, 1.2894e+01, 7.4414e-01, 
 1DIAGNOSTIC,     7, -9.235837508629e-01, 1.797693134862e+308, 1.3639e+01, 7.4461e-01, 
 1DIAGNOSTIC,     8, -9.249181996974e-01, 1.797693134862e+308, 1.4386e+01, 7.4684e-01, 
 1DIAGNOSTIC,     9, -9.259960635793e-01, 1.797693134862e+308, 1.5134e+01, 7.4808e-01, 
 1DIAGNOSTIC,    10, -9.267348691427e-01, 1.604686647777e-03, 1.5884e+01, 7.4994e-01, 
 1DIAGNOSTIC,    11, -9.273614495235e-01, 1.148714158591e-03, 1.6632e+01, 7.4842e-01, 
 1DIAGNOSTIC,    12, -9.279037092628e-01, 8.182185843763e-04, 1.7380e+01, 7.4839e-01, 
 1DIAGNOSTIC,    13, -9.283272923172e-01, 5.874679801073e-04, 1.8128e+01, 7.4793e-01, 
 1DIAGNOSTIC,    14, -9.288145627374e-01, 4.267885254047e-04, 1.8876e+01, 7.4783e-01, 
 1DIAGNOSTIC,    15, -9.291970946568e-01, 3.170939437745e-04, 1.9623e+01, 7.4697e-01, 
 1DIAGNOSTIC,    16, -9.295426819597e-01, 2.429612425442e-04, 2.0371e+01, 7.4784e-01, 
 1DIAGNOSTIC,    17, -9.298553312216e-01, 1.923824823515e-04, 2.1122e+01, 7.5056e-01, 
 1DIAGNOSTIC,    18, -9.301365208068e-01, 1.571454021985e-04, 2.1874e+01, 7.5266e-01, 
 1DIAGNOSTIC,    19, -9.303871172413e-01, 1.325340337939e-04, 2.2621e+01, 7.4718e-01, 
 1DIAGNOSTIC,    20, -9.306100424556e-01, 1.128438419362e-04, 2.3369e+01, 7.4717e-01, 
 1DIAGNOSTIC,    21, -9.308054771444e-01, 9.657849186439e-05, 2.4115e+01, 7.4633e-01, 
 1DIAGNOSTIC,    22, -9.309813641365e-01, 8.287485493781e-05, 2.4861e+01, 7.4614e-01, 
 1DIAGNOSTIC,    23, -9.311414854757e-01, 7.042653362591e-05, 2.5607e+01, 7.4564e-01, 
 1DIAGNOSTIC,    24, -9.312889863094e-01, 6.058858167536e-05, 2.6355e+01, 7.4855e-01, 
 1DIAGNOSTIC,    25, -9.314265001357e-01, 5.229092285063e-05, 2.7101e+01, 7.4554e-01, 
 1DIAGNOSTIC,    26, -9.315555747637e-01, 4.537652609289e-05, 2.7849e+01, 7.4771e-01, 
 1DIAGNOSTIC,    27, -9.316771858972e-01, 3.969750417111e-05, 2.8596e+01, 7.4749e-01, 
 1DIAGNOSTIC,    28, -9.317933502918e-01, 3.509694426606e-05, 2.9344e+01, 7.4760e-01, 
 1DIAGNOSTIC,    29, -9.319042420523e-01, 3.138685365159e-05, 3.0093e+01, 7.4953e-01, 
 1DIAGNOSTIC,    30, -9.320099220572e-01, 2.838220365135e-05, 3.0840e+01, 7.4727e-01, 
 1DIAGNOSTIC,    31, -9.321111955085e-01, 2.588713362706e-05, 3.1588e+01, 7.4757e-01, 
 1DIAGNOSTIC,    32, -9.322087960969e-01, 2.378300282371e-05, 3.2336e+01, 7.4763e-01, 
 1DIAGNOSTIC,    33, -9.323026076378e-01, 2.197672139566e-05, 3.3083e+01, 7.4787e-01, 
 1DIAGNOSTIC,    34, -9.323937309126e-01, 2.040814954683e-05, 3.3832e+01, 7.4840e-01, 
 1DIAGNOSTIC,    35, -9.324824947818e-01, 1.903733919609e-05, 3.4583e+01, 7.5096e-01, 
 1DIAGNOSTIC,    36, -9.326052453430e-01, 1.814100728575e-05, 3.5330e+01, 7.4735e-01, 
 1DIAGNOSTIC,    37, -9.326893765539e-01, 1.732573056103e-05, 3.6078e+01, 7.4743e-01, 
 1DIAGNOSTIC,    38, -9.327706501726e-01, 1.656155449436e-05, 3.6825e+01, 7.4745e-01, 
 1DIAGNOSTIC,    39, -9.328494568594e-01, 1.581504210960e-05, 3.7573e+01, 7.4751e-01, 
 1DIAGNOSTIC,    40, -9.329268540316e-01, 1.505965327120e-05, 3.8320e+01, 7.4718e-01, 
 1DIAGNOSTIC,    41, -9.330028335526e-01, 1.428341463359e-05, 3.9068e+01, 7.4802e-01, 
 1DIAGNOSTIC,    42, -9.330773660305e-01, 1.349340780271e-05, 3.9815e+01, 7.4710e-01, 
 1DIAGNOSTIC,    43, -9.331504417761e-01, 1.270181068353e-05, 4.0562e+01, 7.4706e-01, 
 1DIAGNOSTIC,    44, -9.332221622488e-01, 1.192546632178e-05, 4.1311e+01, 7.4946e-01, 
 1DIAGNOSTIC,    45, -9.332919869793e-01, 1.117103801040e-05, 4.2057e+01, 7.4607e-01, 
 1DIAGNOSTIC,    46, -9.333603634948e-01, 1.070749541623e-05, 4.2804e+01, 7.4622e-01, 
 1DIAGNOSTIC,    47, -9.334274543241e-01, 1.027774604652e-05, 4.3554e+01, 7.5021e-01, 
 1DIAGNOSTIC,    48, -9.334937787378e-01, 9.876142591805e-06, 4.4300e+01, 7.4578e-01, 
 1DIAGNOSTIC,    49, -9.335588237760e-01, 9.495537702988e-06, 4.5045e+01, 7.4575e-01, 
 1DIAGNOSTIC,    50, -9.336226042372e-01, 9.135669708289e-06, 4.5793e+01, 7.4804e-01, 
 1DIAGNOSTIC,    51, -9.336851941534e-01, 8.796158629587e-06, 4.6541e+01, 7.4754e-01, 
 1DIAGNOSTIC,    52, -9.337456928515e-01, 8.470448379972e-06, 4.7288e+01, 7.4665e-01, 
 1DIAGNOSTIC,    53, -9.338059514238e-01, 8.163139310978e-06, 4.8039e+01, 7.5161e-01, 
 1DIAGNOSTIC,    54, -9.338652557328e-01, 7.874254389872e-06, 4.8787e+01, 7.4728e-01, 
 1DIAGNOSTIC,    55, -9.339239011751e-01, 7.601930391784e-06, 4.9534e+01, 7.4787e-01, 
 1DIAGNOSTIC,    56, -9.339815323483e-01, 7.344409173514e-06, 5.0282e+01, 7.4747e-01, 
 1DIAGNOSTIC,    57, -9.340380718453e-01, 7.099970795447e-06, 5.1029e+01, 7.4721e-01, 
 1DIAGNOSTIC,    58, -9.340932990884e-01, 6.868170067162e-06, 5.1777e+01, 7.4823e-01, 
 1DIAGNOSTIC,    59, -9.341475513939e-01, 6.647224983065e-06, 5.2526e+01, 7.4820e-01, 
 1DIAGNOSTIC,    60, -9.342008832553e-01, 6.435554023687e-06, 5.3273e+01, 7.4726e-01, 
 1DIAGNOSTIC,    61, -9.342532794539e-01, 6.231996843027e-06, 5.4020e+01, 7.4727e-01, 
 1DIAGNOSTIC,    62, -9.343049691580e-01, 6.031816809804e-06, 5.4765e+01, 7.4492e-01, 
 1DIAGNOSTIC,    63, -9.343559204707e-01, 5.839786712522e-06, 5.5511e+01, 7.4603e-01, 
 1DIAGNOSTIC,    64, -9.344062190239e-01, 5.657133405602e-06, 5.6259e+01, 7.4799e-01, 
 1DIAGNOSTIC,    65, -9.344554781889e-01, 5.484276992086e-06, 5.7005e+01, 7.4645e-01, 
 1DIAGNOSTIC,    66, -9.345042161651e-01, 5.322038324467e-06, 5.7752e+01, 7.4636e-01, 
 1DIAGNOSTIC,    67, -9.345521226875e-01, 5.168857052321e-06, 5.8500e+01, 7.4838e-01, 
 1DIAGNOSTIC,    68, -9.345992799781e-01, 5.022233995872e-06, 5.9248e+01, 7.4758e-01, 
 1DIAGNOSTIC,    69, -9.346460587876e-01, 4.882773598567e-06, 5.9996e+01, 7.4830e-01, 
 1DIAGNOSTIC,    70, -9.346920166605e-01, 4.749039653050e-06, 6.0747e+01, 7.5098e-01, 
 1DIAGNOSTIC,    71, -9.347372161735e-01, 4.619743481557e-06, 6.1493e+01, 7.4629e-01, 
 1DIAGNOSTIC,    72, -9.347816554740e-01, 4.494558699133e-06, 6.2242e+01, 7.4842e-01, 
 1DIAGNOSTIC,    73, -9.348265957756e-01, 4.378242450967e-06, 6.2991e+01, 7.4897e-01, 
 1DIAGNOSTIC,    74, -9.348697382848e-01, 4.265523287915e-06, 6.3738e+01, 7.4736e-01, 
 1DIAGNOSTIC,    75, -9.349123173567e-01, 4.155103378266e-06, 6.4486e+01, 7.4757e-01, 
 1DIAGNOSTIC,    76, -9.349544010977e-01, 4.048074263590e-06, 6.5234e+01, 7.4793e-01, 
 1DIAGNOSTIC,    77, -9.349961357776e-01, 3.944637131808e-06, 6.5981e+01, 7.4764e-01, 
 1DIAGNOSTIC,    78, -9.350379554840e-01, 3.846883891922e-06, 6.6729e+01, 7.4810e-01, 
 1DIAGNOSTIC,    79, -9.350794821506e-01, 3.756608458336e-06, 6.7476e+01, 7.4686e-01, 
 1DIAGNOSTIC,    80, -9.351205692911e-01, 3.672879401048e-06, 6.8224e+01, 7.4747e-01, 
 1DIAGNOSTIC,    81, -9.351658648895e-01, 3.612066327170e-06, 6.8971e+01, 7.4770e-01, 
 1DIAGNOSTIC,    82, -9.352060556183e-01, 3.552347239781e-06, 6.9719e+01, 7.4802e-01, 
 1DIAGNOSTIC,    83, -9.352459875241e-01, 3.496905716176e-06, 7.0467e+01, 7.4726e-01, 
 1DIAGNOSTIC,    84, -9.352854543355e-01, 3.438663855755e-06, 7.1215e+01, 7.4880e-01, 
 1DIAGNOSTIC,    85, -9.353245691063e-01, 3.375776189675e-06, 7.1966e+01, 7.5014e-01, 
 1DIAGNOSTIC,    86, -9.353636311006e-01, 3.308459154370e-06, 7.2710e+01, 7.4446e-01, 
 1DIAGNOSTIC,    87, -9.354024862753e-01, 3.237782511271e-06, 7.3456e+01, 7.4597e-01, 
 1DIAGNOSTIC,    88, -9.354409937426e-01, 3.166428182891e-06, 7.4201e+01, 7.4539e-01, 
 1DIAGNOSTIC,    89, -9.354787297342e-01, 3.094087443953e-06, 7.4946e+01, 7.4489e-01, 
 1DIAGNOSTIC,    90, -9.355160277671e-01, 3.020804840242e-06, 7.5693e+01, 7.4638e-01, 
 1DIAGNOSTIC,    91, -9.355529665619e-01, 2.963724283147e-06, 7.6443e+01, 7.4989e-01, 
 1DIAGNOSTIC,    92, -9.355895162948e-01, 2.906373690902e-06, 7.7193e+01, 7.5028e-01, 
 1DIAGNOSTIC,    93, -9.356255580771e-01, 2.848724049445e-06, 7.7941e+01, 7.4804e-01, 
 1DIAGNOSTIC,    94, -9.356612616717e-01, 2.790805640682e-06, 7.8690e+01, 7.4875e-01, 
 1DIAGNOSTIC,    95, -9.356966670131e-01, 2.733207251918e-06, 7.9438e+01, 7.4812e-01, 
 1DIAGNOSTIC,    96, -9.357315806414e-01, 2.676892213166e-06, 8.0187e+01, 7.4938e-01, 
 1DIAGNOSTIC,    97, -9.357659679599e-01, 2.622226510087e-06, 8.0935e+01, 7.4787e-01, 
 1DIAGNOSTIC,    98, -9.357997821790e-01, 2.568986922575e-06, 8.1684e+01, 7.4858e-01, 
 1DIAGNOSTIC,    99, -9.358330940400e-01, 2.515799175592e-06, 8.2435e+01, 7.5116e-01, 
 1DIAGNOSTIC,   100, -9.358658448204e-01, 2.462256429223e-06, 8.3186e+01, 7.5080e-01, 
XXDIAGNOSTIC,Iteration,metricValue,convergenceValue,ITERATION_TIME_INDEX,SINCE_LAST
 1DIAGNOSTIC,     1, -8.422379007228e-01, 1.797693134862e+308, 9.0792e+01, 7.6060e+00, 
 1DIAGNOSTIC,     2, -8.450221186339e-01, 1.797693134862e+308, 9.6932e+01, 6.1406e+00, 
 1DIAGNOSTIC,     3, -8.485006329092e-01, 1.797693134862e+308, 1.0307e+02, 6.1409e+00, 
 1DIAGNOSTIC,     4, -8.519769040029e-01, 1.797693134862e+308, 1.0919e+02, 6.1133e+00, 
 1DIAGNOSTIC,     5, -8.549635257198e-01, 1.797693134862e+308, 1.1531e+02, 6.1271e+00, 
 1DIAGNOSTIC,     6, -8.577966939897e-01, 1.797693134862e+308, 1.2146e+02, 6.1489e+00, 
 1DIAGNOSTIC,     7, -8.604930202260e-01, 1.797693134862e+308, 1.2760e+02, 6.1405e+00, 
 1DIAGNOSTIC,     8, -8.630537705358e-01, 1.797693134862e+308, 1.3373e+02, 6.1290e+00, 
 1DIAGNOSTIC,     9, -8.654850241334e-01, 1.797693134862e+308, 1.3988e+02, 6.1489e+00, 
 1DIAGNOSTIC,    10, -8.678399388827e-01, 1.934154589462e-03, 1.4610e+02, 6.2220e+00, 
 1DIAGNOSTIC,    11, -8.698965240493e-01, 1.675365318455e-03, 1.5233e+02, 6.2265e+00, 
 1DIAGNOSTIC,    12, -8.715636927785e-01, 1.431344845385e-03, 1.5855e+02, 6.2232e+00, 
 1DIAGNOSTIC,    13, -8.729872614259e-01, 1.219489304023e-03, 1.6478e+02, 6.2238e+00, 
 1DIAGNOSTIC,    14, -8.741889363072e-01, 1.036929005861e-03, 1.7101e+02, 6.2298e+00, 
 1DIAGNOSTIC,    15, -8.752478409054e-01, 8.724572099038e-04, 1.7724e+02, 6.2348e+00, 
 1DIAGNOSTIC,    16, -8.762451844686e-01, 7.269667684062e-04, 1.8347e+02, 6.2287e+00, 
 1DIAGNOSTIC,    17, -8.769990772239e-01, 5.981353841471e-04, 1.8969e+02, 6.2162e+00, 
 1DIAGNOSTIC,    18, -8.777289756699e-01, 4.882794401721e-04, 1.9588e+02, 6.1944e+00, 
 1DIAGNOSTIC,    19, -8.782684663414e-01, 3.957889850851e-04, 2.0210e+02, 6.2192e+00, 
 1DIAGNOSTIC,    20, -8.788542820786e-01, 3.237746881168e-04, 2.0833e+02, 6.2343e+00, 
 1DIAGNOSTIC,    21, -8.791793446548e-01, 2.654247386203e-04, 2.1456e+02, 6.2289e+00, 
 1DIAGNOSTIC,    22, -8.795629919652e-01, 2.180730987134e-04, 2.2079e+02, 6.2225e+00, 
 1DIAGNOSTIC,    23, -8.799523087256e-01, 1.801834043979e-04, 2.2702e+02, 6.2318e+00, 
 1DIAGNOSTIC,    24, -8.802910241015e-01, 1.494727138795e-04, 2.3326e+02, 6.2404e+00, 
 1DIAGNOSTIC,    25, -8.805918323170e-01, 1.248953873937e-04, 2.3953e+02, 6.2726e+00, 
 1DIAGNOSTIC,    26, -8.809799231805e-01, 1.079013025019e-04, 2.4580e+02, 6.2685e+00, 
 1DIAGNOSTIC,    27, -8.812354750823e-01, 9.417015387815e-05, 2.5207e+02, 6.2736e+00, 
 1DIAGNOSTIC,    28, -8.814752689304e-01, 8.386533616558e-05, 2.5833e+02, 6.2563e+00, 
 1DIAGNOSTIC,    29, -8.817310552472e-01, 7.528911591516e-05, 2.6460e+02, 6.2743e+00, 
 1DIAGNOSTIC,    30, -8.819161113253e-01, 6.859990020909e-05, 2.7089e+02, 6.2864e+00, 
 1DIAGNOSTIC,    31, -8.821622390090e-01, 6.188931640774e-05, 2.7717e+02, 6.2786e+00, 
 1DIAGNOSTIC,    32, -8.824338937881e-01, 5.642229498942e-05, 2.8346e+02, 6.2898e+00, 
 1DIAGNOSTIC,    33, -8.826928220262e-01, 5.236699791217e-05, 2.8972e+02, 6.2654e+00, 
 1DIAGNOSTIC,    34, -8.828522597622e-01, 4.839562502001e-05, 2.9599e+02, 6.2693e+00, 
 1DIAGNOSTIC,    35, -8.830119526660e-01, 4.437631872141e-05, 3.0230e+02, 6.3069e+00, 
 1DIAGNOSTIC,    36, -8.831614383394e-01, 4.127406698315e-05, 3.0858e+02, 6.2844e+00, 
 1DIAGNOSTIC,    37, -8.833163709364e-01, 3.805015919111e-05, 3.1486e+02, 6.2724e+00, 
 1DIAGNOSTIC,    38, -8.834951282558e-01, 3.498207942616e-05, 3.2112e+02, 6.2617e+00, 
 1DIAGNOSTIC,    39, -8.835968520815e-01, 3.177875405812e-05, 3.2741e+02, 6.2882e+00, 
 1DIAGNOSTIC,    40, -8.837606110005e-01, 2.860945037208e-05, 3.3367e+02, 6.2686e+00, 
 1DIAGNOSTIC,    41, -8.838968338978e-01, 2.592637962247e-05, 3.3993e+02, 6.2585e+00, 
 1DIAGNOSTIC,    42, -8.840700860230e-01, 2.436205716845e-05, 3.4641e+02, 6.4768e+00, 
 1DIAGNOSTIC,    43, -8.842146516421e-01, 2.363084272679e-05, 3.5269e+02, 6.2766e+00, 
 1DIAGNOSTIC,    44, -8.843314085425e-01, 2.276327735797e-05, 3.5898e+02, 6.2956e+00, 
 1DIAGNOSTIC,    45, -8.844482992036e-01, 2.181069281937e-05, 3.6526e+02, 6.2734e+00, 
 1DIAGNOSTIC,    46, -8.845651088021e-01, 2.073528116232e-05, 3.7152e+02, 6.2672e+00, 
 1DIAGNOSTIC,    47, -8.846289058408e-01, 1.926335002327e-05, 3.7781e+02, 6.2851e+00, 
 1DIAGNOSTIC,    48, -8.847450136750e-01, 1.806336861349e-05, 3.8409e+02, 6.2862e+00, 
 1DIAGNOSTIC,    49, -8.848274078056e-01, 1.644075890398e-05, 3.9038e+02, 6.2856e+00, 
 1DIAGNOSTIC,    50, -8.848963240012e-01, 1.486650319327e-05, 3.9665e+02, 6.2743e+00, 
 1DIAGNOSTIC,    51, -8.849639902702e-01, 1.326842935181e-05, 4.0296e+02, 6.3064e+00, 
 1DIAGNOSTIC,    52, -8.850400601614e-01, 1.205956198891e-05, 4.0926e+02, 6.3012e+00, 
 1DIAGNOSTIC,    53, -8.851231896780e-01, 1.117515884510e-05, 4.1554e+02, 6.2826e+00, 
 1DIAGNOSTIC,    54, -8.851998887674e-01, 1.045085634722e-05, 4.2184e+02, 6.2984e+00, 
 1DIAGNOSTIC,    55, -8.852269197290e-01, 9.641153511358e-06, 4.2813e+02, 6.2840e+00, 
 1DIAGNOSTIC,    56, -8.852903715537e-01, 9.038281758997e-06, 4.3442e+02, 6.2982e+00, 
 1DIAGNOSTIC,    57, -8.852917440880e-01, 7.995197886732e-06, 4.4070e+02, 6.2735e+00, 
 1DIAGNOSTIC,    58, -8.852855939070e-01, 6.881494279048e-06, 4.4698e+02, 6.2778e+00, 
 1DIAGNOSTIC,    59, -8.852439750874e-01, 5.419220581428e-06, 4.5328e+02, 6.3037e+00, 
 1DIAGNOSTIC,    60, -8.852274087663e-01, 3.822544865990e-06, 4.5956e+02, 6.2820e+00, 
 1DIAGNOSTIC,    61, -8.852002181476e-01, 2.170784705310e-06, 4.6584e+02, 6.2740e+00, 
 1DIAGNOSTIC,    62, -8.851764481309e-01, 6.805898453005e-07, 4.7210e+02, 6.2676e+00, 
XXDIAGNOSTIC,Iteration,metricValue,convergenceValue,ITERATION_TIME_INDEX,SINCE_LAST
 1DIAGNOSTIC,     1, -8.371835439336e-01, 1.797693134862e+308, 5.2479e+02, 5.2685e+01, 
 1DIAGNOSTIC,     2, -8.405580944457e-01, 1.797693134862e+308, 5.7511e+02, 5.0324e+01, 
 1DIAGNOSTIC,     3, -8.439710003522e-01, 1.797693134862e+308, 6.2552e+02, 5.0404e+01, 
 1DIAGNOSTIC,     4, -8.471797313900e-01, 1.797693134862e+308, 6.7582e+02, 5.0304e+01, 
 1DIAGNOSTIC,     5, -8.500948747642e-01, 1.797693134862e+308, 7.2631e+02, 5.0486e+01, 
 1DIAGNOSTIC,     6, -8.527368376839e-01, 1.797693134862e+308, 7.7693e+02, 5.0622e+01, 
 1DIAGNOSTIC,     7, -8.550334029143e-01, 1.797693134862e+308, 8.2746e+02, 5.0537e+01, 
 1DIAGNOSTIC,     8, -8.571590632419e-01, 1.797693134862e+308, 8.7797e+02, 5.0508e+01, 
 1DIAGNOSTIC,     9, -8.591395242448e-01, 1.797693134862e+308, 9.2856e+02, 5.0586e+01, 
 1DIAGNOSTIC,    10, -8.609971329144e-01, 1.788135476876e-03, 9.7914e+02, 5.0580e+01, 
 1DIAGNOSTIC,    11, -8.626827694505e-01, 1.491900921796e-03, 1.0296e+03, 5.0461e+01, 
 1DIAGNOSTIC,    12, -8.642053547916e-01, 1.246423336162e-03, 1.0802e+03, 5.0553e+01, 
 1DIAGNOSTIC,    13, -8.655765194280e-01, 1.047918529379e-03, 1.1307e+03, 5.0536e+01, 
 1DIAGNOSTIC,    14, -8.668367138448e-01, 8.880317598725e-04, 1.1812e+03, 5.0483e+01, 
 1DIAGNOSTIC,    15, -8.679970143775e-01, 7.579940481876e-04, 1.2319e+03, 5.0715e+01, 
 1DIAGNOSTIC,    16, -8.690749939811e-01, 6.513807038001e-04, 1.2827e+03, 5.0764e+01, 
 1DIAGNOSTIC,    17, -8.699448183141e-01, 5.587050183387e-04, 1.3333e+03, 5.0610e+01, 
 1DIAGNOSTIC,    18, -8.707997722688e-01, 4.792975363092e-04, 1.3838e+03, 5.0582e+01, 
 1DIAGNOSTIC,    19, -8.716033783466e-01, 4.120264001616e-04, 1.4345e+03, 5.0705e+01, 
 1DIAGNOSTIC,    20, -8.723592952793e-01, 3.561167956462e-04, 1.4853e+03, 5.0734e+01, 
 1DIAGNOSTIC,    21, -8.730541399179e-01, 3.095844896225e-04, 1.5359e+03, 5.0642e+01, 
 1DIAGNOSTIC,    22, -8.736979327877e-01, 2.707430170848e-04, 1.5867e+03, 5.0778e+01, 
 1DIAGNOSTIC,    23, -8.742927984731e-01, 2.380259348854e-04, 1.6374e+03, 5.0714e+01, 
 1DIAGNOSTIC,    24, -8.748556311243e-01, 2.106311493872e-04, 1.6881e+03, 5.0659e+01, 
 1DIAGNOSTIC,    25, -8.753715159655e-01, 1.876075486581e-04, 1.7388e+03, 5.0730e+01, 
 1DIAGNOSTIC,    26, -8.758739080036e-01, 1.686739206404e-04, 1.7896e+03, 5.0798e+01, 
 1DIAGNOSTIC,    27, -8.763544057490e-01, 1.516535178424e-04, 1.8402e+03, 5.0639e+01, 
 1DIAGNOSTIC,    28, -8.768174511600e-01, 1.369750502092e-04, 1.8910e+03, 5.0749e+01, 
 1DIAGNOSTIC,    29, -8.772626843723e-01, 1.244840826192e-04, 1.9417e+03, 5.0682e+01, 
 1DIAGNOSTIC,    30, -8.776722046758e-01, 1.137867598167e-04, 1.9922e+03, 5.0570e+01, 
 1DIAGNOSTIC,    31, -8.780695449368e-01, 1.045593102131e-04, 2.0429e+03, 5.0683e+01, 
 1DIAGNOSTIC,    32, -8.784543338762e-01, 9.653461739455e-05, 2.0938e+03, 5.0832e+01, 
 1DIAGNOSTIC,    33, -8.788287570249e-01, 8.946088773783e-05, 2.1444e+03, 5.0692e+01, 
 1DIAGNOSTIC,    34, -8.792063624553e-01, 8.337674763995e-05, 2.1951e+03, 5.0694e+01, 
 1DIAGNOSTIC,    35, -8.795769747162e-01, 7.801654019784e-05, 2.2460e+03, 5.0831e+01, 
 1DIAGNOSTIC,    36, -8.799442549223e-01, 7.345114354010e-05, 2.2968e+03, 5.0839e+01, 
 1DIAGNOSTIC,    37, -8.803080666656e-01, 6.961643586909e-05, 2.3475e+03, 5.0690e+01, 
 1DIAGNOSTIC,    38, -8.806658435481e-01, 6.642523236573e-05, 2.3983e+03, 5.0810e+01, 
 1DIAGNOSTIC,    39, -8.809996356060e-01, 6.360992134932e-05, 2.4492e+03, 5.0848e+01, 
 1DIAGNOSTIC,    40, -8.813164451635e-01, 6.082028974545e-05, 2.4999e+03, 5.0749e+01, 
 1DIAGNOSTIC,    41, -8.816349952504e-01, 5.808723635070e-05, 2.5506e+03, 5.0717e+01, 
 1DIAGNOSTIC,    42, -8.819219386895e-01, 5.517760569201e-05, 2.6015e+03, 5.0875e+01, 
 1DIAGNOSTIC,    43, -8.822084740580e-01, 5.217066650695e-05, 2.6523e+03, 5.0784e+01, 
 1DIAGNOSTIC,    44, -8.824668419348e-01, 4.905251488845e-05, 2.7030e+03, 5.0764e+01, 
 1DIAGNOSTIC,    45, -8.826648835267e-01, 4.552964976654e-05, 2.7539e+03, 5.0826e+01, 
 1DIAGNOSTIC,    46, -8.828506601034e-01, 4.175768666360e-05, 2.8048e+03, 5.0908e+01, 
 1DIAGNOSTIC,    47, -8.830333549995e-01, 3.796735466032e-05, 2.8555e+03, 5.0697e+01, 
 1DIAGNOSTIC,    48, -8.831938645006e-01, 3.424260955213e-05, 2.9063e+03, 5.0808e+01, 
 1DIAGNOSTIC,    49, -8.833418749420e-01, 3.062373455547e-05, 2.9571e+03, 5.0793e+01, 
 1DIAGNOSTIC,    50, -8.834834107887e-01, 2.723523439764e-05, 3.0079e+03, 5.0800e+01, 
XXDIAGNOSTIC,Iteration,metricValue,convergenceValue,ITERATION_TIME_INDEX,SINCE_LAST
 1DIAGNOSTIC,     1, -8.578790025258e-01, 1.797693134862e+308, 3.4280e+03, 4.2013e+02, 
 1DIAGNOSTIC,     2, -8.593493525757e-01, 1.797693134862e+308, 3.8409e+03, 4.1291e+02, 
 1DIAGNOSTIC,     3, -8.609917354529e-01, 1.797693134862e+308, 4.2520e+03, 4.1104e+02, 
 1DIAGNOSTIC,     4, -8.625502094314e-01, 1.797693134862e+308, 4.6629e+03, 4.1099e+02, 
 1DIAGNOSTIC,     5, -8.640629157024e-01, 1.797693134862e+308, 5.0737e+03, 4.1080e+02, 
 1DIAGNOSTIC,     6, -8.654487844682e-01, 1.797693134862e+308, 5.4845e+03, 4.1079e+02, 
 1DIAGNOSTIC,     7, -8.667444604879e-01, 1.797693134862e+308, 5.8966e+03, 4.1209e+02, 
 1DIAGNOSTIC,     8, -8.679392166252e-01, 1.797693134862e+308, 6.3086e+03, 4.1198e+02, 
 1DIAGNOSTIC,     9, -8.689726474702e-01, 1.797693134862e+308, 6.7208e+03, 4.1215e+02, 
 1DIAGNOSTIC,    10, -8.699401608122e-01, 9.084665847858e-04, 7.1330e+03, 4.1221e+02, 
 1DIAGNOSTIC,    11, -8.708382132110e-01, 7.747271628369e-04, 7.5451e+03, 4.1212e+02, 
 1DIAGNOSTIC,    12, -8.716831976842e-01, 6.566713689819e-04, 7.9574e+03, 4.1232e+02, 
 1DIAGNOSTIC,    13, -8.724782863094e-01, 5.586062080939e-04, 8.3698e+03, 4.1236e+02, 
 1DIAGNOSTIC,    14, -8.732118614513e-01, 4.771475082899e-04, 8.7820e+03, 4.1223e+02, 
 1DIAGNOSTIC,    15, -8.738938927660e-01, 4.106730675493e-04, 9.1942e+03, 4.1219e+02, 
 1DIAGNOSTIC,    16, -8.745416518860e-01, 3.562246381299e-04, 9.6066e+03, 4.1238e+02, 
 1DIAGNOSTIC,    17, -8.751721257244e-01, 3.122417742946e-04, 1.0019e+04, 4.1225e+02, 
 1DIAGNOSTIC,    18, -8.757584490644e-01, 2.765039867482e-04, 1.0432e+04, 4.1283e+02, 
 1DIAGNOSTIC,    19, -8.763192640686e-01, 2.462127327359e-04, 1.0844e+04, 4.1263e+02, 
 1DIAGNOSTIC,    20, -8.768670952075e-01, 2.207353639733e-04, 1.1243e+04, 3.9830e+02, 
  Elapsed time (stage 0): 11245.6


Total elapsed time: 11245.6
-i /mnt/lustre/mathdugre/fast-interpolate/datasets/ds004513/derivatives/flint/ants/flint-vprec-single-five-levels/sub-s028/ses-open/anat/11/1_Affine.nii.gz -o /mnt/lustre/mathdugre/fast-interpolate/datasets/ds004513/derivatives/flint/ants/flint-vprec-single-five-levels/sub-s028/ses-open/anat/110/1_transformed.nii.gz -t /mnt/lustre/mathdugre/fast-interpolate/datasets/ds004513/derivatives/flint/ants/flint-vprec-single-five-levels/sub-s028/ses-open/anat/110/1_1Warp.nii.gz -t /mnt/lustre/mathdugre/fast-interpolate/datasets/ds004513/derivatives/flint/ants/flint-vprec-single-five-levels/sub-s028/ses-open/anat/110/1_0GenericAffine.mat
