---------------------
Experiment information

SIF_IMG: /mnt/lustre/mathdugre/containers/ants-flint-vprec.simg
SIF_IMG_BASE: /mnt/lustre/mathdugre/containers/ants-flint-base.simg
EXPERIMENT_NAME: flint-vprec-single-five-levels
STAGE: affine
SUBJECT_ID: s033
REPETITION_ID: 1

FIXED_IMG: /templateflow/tpl-MNI152NLin2009cAsym/tpl-MNI152NLin2009cAsym_res-01_desc-brain_T1w.nii.gz
INPUT_IMG: /mnt/lustre/mathdugre/fast-interpolate/datasets/ds004513/derivatives/flint/ants/flint-vprec-single-five-levels/sub-s033/ses-open/anat/0/1_Rigid.nii.gz

DATA_DIR: /mnt/lustre/mathdugre/fast-interpolate/datasets/ds004513
OUTPUT_DIR: /mnt/lustre/mathdugre/fast-interpolate/datasets/ds004513/derivatives/flint/ants/flint-vprec-single-five-levels/sub-s033/ses-open/anat
OUTPUT_PREFIX: 01
THREAD: 1
FLOAT: 0
VFC_BACKENDS: libinterflop_vprec.so --precision-binary32=23 --range-binary32=8 --precision-binary64=23 --range-binary64=8
---------------------

--output [/mnt/lustre/mathdugre/fast-interpolate/datasets/ds004513/derivatives/flint/ants/flint-vprec-single-five-levels/sub-s033/ses-open/anat/01/1_,/mnt/lustre/mathdugre/fast-interpolate/datasets/ds004513/derivatives/flint/ants/flint-vprec-single-five-levels/sub-s033/ses-open/anat/01/1_Affine.nii.gz,/mnt/lustre/mathdugre/fast-interpolate/datasets/ds004513/derivatives/flint/ants/flint-vprec-single-five-levels/sub-s033/ses-open/anat/01/1_InverseAffine.nii.gz] --initial-moving-transform [/templateflow/tpl-MNI152NLin2009cAsym/tpl-MNI152NLin2009cAsym_res-01_desc-brain_T1w.nii.gz,/mnt/lustre/mathdugre/fast-interpolate/datasets/ds004513/derivatives/flint/ants/flint-vprec-single-five-levels/sub-s033/ses-open/anat/0/1_Rigid.nii.gz,1] --transform Affine[0.1] --metric MI[/templateflow/tpl-MNI152NLin2009cAsym/tpl-MNI152NLin2009cAsym_res-01_desc-brain_T1w.nii.gz,/mnt/lustre/mathdugre/fast-interpolate/datasets/ds004513/derivatives/flint/ants/flint-vprec-single-five-levels/sub-s033/ses-open/anat/0/1_Rigid.nii.gz,1,32,Regular,0.25] --convergence [1000x1000x500x250x100,1e-6,10] --shrink-factors 16x8x4x2x1 --smoothing-sigmas 4x3x2x1x0vox
All_Command_lines_OK
Using double precision for computations.
=============================================================================
The composite transform comprises the following transforms (in order): 
  1. Center of mass alignment using fixed image: /templateflow/tpl-MNI152NLin2009cAsym/tpl-MNI152NLin2009cAsym_res-01_desc-brain_T1w.nii.gz and moving image: /mnt/lustre/mathdugre/fast-interpolate/datasets/ds004513/derivatives/flint/ants/flint-vprec-single-five-levels/sub-s033/ses-open/anat/0/1_Rigid.nii.gz (type = Euler3DTransform)
=============================================================================
  number of levels = 5
  fixed image: /templateflow/tpl-MNI152NLin2009cAsym/tpl-MNI152NLin2009cAsym_res-01_desc-brain_T1w.nii.gz
  moving image: /mnt/lustre/mathdugre/fast-interpolate/datasets/ds004513/derivatives/flint/ants/flint-vprec-single-five-levels/sub-s033/ses-open/anat/0/1_Rigid.nii.gz
Dimension = 3
Number of stages = 1
Use histogram matching = false
Winsorize image intensities = true
  Lower quantile = 0.005
  Upper quantile = 0.995


Stage 1 State
   Image metric = MattesMI
     Fixed image = Image (0x4e5f300)
  RTTI typeinfo:   itk::Image<double, 3u>
  Reference Count: 2
  Modified Time: 1622
  Debug: Off
  Object Name: 
  Observers: 
    none
  Source: (none)
  Source output name: (none)
  Release Data: Off
  Data Released: False
  Global Release Data: Off
  PipelineMTime: 0
  UpdateMTime: 1407
  RealTimeStamp: 0 seconds 
  LargestPossibleRegion: 
    Dimension: 3
    Index: [0, 0, 0]
    Size: [193, 229, 193]
  BufferedRegion: 
    Dimension: 3
    Index: [0, 0, 0]
    Size: [193, 229, 193]
  RequestedRegion: 
    Dimension: 3
    Index: [0, 0, 0]
    Size: [193, 229, 193]
  Spacing: [1, 1, 1]
  Origin: [96, 132, -78]
  Direction: 
-1 0 0
0 -1 0
0 0 1

  IndexToPointMatrix: 
-1 0 0
0 -1 0
0 0 1

  PointToIndexMatrix: 
-1 0 0
0 -1 0
0 0 1

  Inverse Direction: 
-1 0 0
0 -1 0
0 0 1

  PixelContainer: 
    ImportImageContainer (0x4ed7a50)
      RTTI typeinfo:   itk::ImportImageContainer<unsigned long, double>
      Reference Count: 1
      Modified Time: 1404
      Debug: Off
      Object Name: 
      Observers: 
        none
      Pointer: 0x7fca30a2e010
      Container manages memory: true
      Size: 8530021
      Capacity: 8530021

     Moving image = Image (0x4e5fb00)
  RTTI typeinfo:   itk::Image<double, 3u>
  Reference Count: 2
  Modified Time: 1623
  Debug: Off
  Object Name: 
  Observers: 
    none
  Source: (none)
  Source output name: (none)
  Release Data: Off
  Data Released: False
  Global Release Data: Off
  PipelineMTime: 0
  UpdateMTime: 1620
  RealTimeStamp: 0 seconds 
  LargestPossibleRegion: 
    Dimension: 3
    Index: [0, 0, 0]
    Size: [193, 229, 193]
  BufferedRegion: 
    Dimension: 3
    Index: [0, 0, 0]
    Size: [193, 229, 193]
  RequestedRegion: 
    Dimension: 3
    Index: [0, 0, 0]
    Size: [193, 229, 193]
  Spacing: [1, 1, 1]
  Origin: [96, 132, -78]
  Direction: 
-1 0 0
0 -1 0
0 0 1

  IndexToPointMatrix: 
-1 0 0
0 -1 0
0 0 1

  PointToIndexMatrix: 
-1 0 0
0 -1 0
0 0 1

  Inverse Direction: 
-1 0 0
0 -1 0
0 0 1

  PixelContainer: 
    ImportImageContainer (0x4e68810)
      RTTI typeinfo:   itk::ImportImageContainer<unsigned long, double>
      Reference Count: 1
      Modified Time: 1617
      Debug: Off
      Object Name: 
      Observers: 
        none
      Pointer: 0x7fca2c919010
      Container manages memory: true
      Size: 8530021
      Capacity: 8530021

     Weighting = 1
     Sampling strategy = regular
     Number of bins = 32
     Radius = 4
     Sampling percentage  = 0.25
   Transform = Affine
     Gradient step = 0.1
     Update field sigma (voxel space) = 0
     Total field sigma (voxel space) = 0
     Update field time sigma = 0
     Total field time sigma  = 0
     Number of time indices = 0
     Number of time point samples = 0
Registration using 1 total stages.

Stage 0
  iterations = 1000x1000x500x250x100
  convergence threshold = 1e-06
  convergence window size = 10
  number of levels = 5
  using the Mattes MI metric (number of bins = 32, weight = 1, use gradient filter = 0)
  preprocessing:  winsorizing the image intensities
  Shrink factors (level 1 out of 5): [16, 16, 16]
  Shrink factors (level 2 out of 5): [8, 8, 8]
  Shrink factors (level 3 out of 5): [4, 4, 4]
  Shrink factors (level 4 out of 5): [2, 2, 2]
  Shrink factors (level 5 out of 5): [1, 1, 1]
  smoothing sigmas per level: [4, 3, 2, 1, 0]
  regular sampling (percentage = 0.25)

*** Running AffineTransform registration ***

DIAGNOSTIC,Iteration,metricValue,convergenceValue,ITERATION_TIME_INDEX,SINCE_LAST
 2DIAGNOSTIC,     1, -7.706977128983e-01, 1.797693134862e+308, 0.0000e+00, 0.0000e+00, 
 2DIAGNOSTIC,     2, -7.731928825378e-01, 1.797693134862e+308, 0.0000e+00, 0.0000e+00, 
 2DIAGNOSTIC,     3, -7.772549986839e-01, 1.797693134862e+308, 0.0000e+00, 0.0000e+00, 
 2DIAGNOSTIC,     4, -7.836625576019e-01, 1.797693134862e+308, 0.0000e+00, 0.0000e+00, 
 2DIAGNOSTIC,     5, -7.931655049324e-01, 1.797693134862e+308, 0.0000e+00, 0.0000e+00, 
 2DIAGNOSTIC,     6, -8.064432144165e-01, 1.797693134862e+308, 0.0000e+00, 0.0000e+00, 
 2DIAGNOSTIC,     7, -8.280810713768e-01, 1.797693134862e+308, 0.0000e+00, 0.0000e+00, 
 2DIAGNOSTIC,     8, -8.823268413544e-01, 1.797693134862e+308, 0.0000e+00, 0.0000e+00, 
 2DIAGNOSTIC,     9, -8.995079994202e-01, 1.797693134862e+308, 0.0000e+00, 0.0000e+00, 
 2DIAGNOSTIC,    10, -9.058519601822e-01, 1.183496415615e-02, 0.0000e+00, 0.0000e+00, 
 2DIAGNOSTIC,    11, -9.186816215515e-01, 1.195636391640e-02, 0.0000e+00, 0.0000e+00, 
 2DIAGNOSTIC,    12, -9.305078983307e-01, 1.136998087168e-02, 0.0000e+00, 0.0000e+00, 
 2DIAGNOSTIC,    13, -9.305560588837e-01, 9.945444762707e-03, 0.0000e+00, 0.0000e+00, 
 2DIAGNOSTIC,    14, -9.364081621170e-01, 8.136227726936e-03, 0.0000e+00, 0.0000e+00, 
 2DIAGNOSTIC,    15, -9.566055536270e-01, 6.510622799397e-03, 0.0000e+00, 0.0000e+00, 
 2DIAGNOSTIC,    16, -9.687923789024e-01, 5.025275051594e-03, 0.0000e+00, 0.0000e+00, 
 2DIAGNOSTIC,    17, -9.767894744873e-01, 3.811798989773e-03, 0.0000e+00, 0.0000e+00, 
 2DIAGNOSTIC,    18, -9.821500182152e-01, 3.468077629805e-03, 0.0000e+00, 0.0000e+00, 
 2DIAGNOSTIC,    19, -9.847571849823e-01, 3.181777894497e-03, 0.0000e+00, 0.0000e+00, 
 2DIAGNOSTIC,    20, -9.872897267342e-01, 2.766560763121e-03, 0.0000e+00, 0.0000e+00, 
 2DIAGNOSTIC,    21, -9.898116588593e-01, 2.363093197346e-03, 0.0000e+00, 0.0000e+00, 
 2DIAGNOSTIC,    22, -9.913963079453e-01, 1.976069062948e-03, 0.0000e+00, 0.0000e+00, 
 2DIAGNOSTIC,    23, -9.921362400055e-01, 1.455146819353e-03, 0.0000e+00, 0.0000e+00, 
 2DIAGNOSTIC,    24, -9.930444955826e-01, 9.298957884312e-04, 0.0000e+00, 0.0000e+00, 
 2DIAGNOSTIC,    25, -9.933712482452e-01, 6.172880530357e-04, 0.0000e+00, 0.0000e+00, 
 2DIAGNOSTIC,    26, -9.939699172974e-01, 4.241280257702e-04, 0.0000e+00, 0.0000e+00, 
 2DIAGNOSTIC,    27, -9.946296215057e-01, 3.048777580261e-04, 0.0000e+00, 0.0000e+00, 
 2DIAGNOSTIC,    28, -9.949265122414e-01, 2.284198999405e-04, 0.0000e+00, 0.0000e+00, 
 2DIAGNOSTIC,    29, -9.956796765327e-01, 1.716986298561e-04, 0.0000e+00, 0.0000e+00, 
 2DIAGNOSTIC,    30, -9.971071481705e-01, 1.429505646229e-04, 0.0000e+00, 0.0000e+00, 
 2DIAGNOSTIC,    31, -9.977550506592e-01, 1.335404813290e-04, 0.0000e+00, 0.0000e+00, 
 2DIAGNOSTIC,    32, -9.982175230980e-01, 1.317337155342e-04, 0.0000e+00, 0.0000e+00, 
 2DIAGNOSTIC,    33, -9.989340305328e-01, 1.311153173447e-04, 0.0000e+00, 0.0000e+00, 
 2DIAGNOSTIC,    34, -9.992446899414e-01, 1.289844512939e-04, 0.0000e+00, 0.0000e+00, 
 2DIAGNOSTIC,    35, -9.994574785233e-01, 1.193098723888e-04, 0.0000e+00, 0.0000e+00, 
 2DIAGNOSTIC,    36, -1.000444889069e+00, 1.122355461121e-04, 0.0000e+00, 0.0000e+00, 
 2DIAGNOSTIC,    37, -1.002607941628e+00, 1.180227845907e-04, 0.0000e+00, 0.0000e+00, 
 2DIAGNOSTIC,    38, -1.002970695496e+00, 1.171492040157e-04, 0.0000e+00, 0.0000e+00, 
 2DIAGNOSTIC,    39, -1.002986192703e+00, 1.111906021833e-04, 0.0000e+00, 0.0000e+00, 
 2DIAGNOSTIC,    40, -1.003110408783e+00, 1.069568097591e-04, 0.0000e+00, 0.0000e+00, 
 2DIAGNOSTIC,    41, -1.003211617470e+00, 9.816139936447e-05, 0.0000e+00, 0.0000e+00, 
 2DIAGNOSTIC,    42, -1.003286480904e+00, 8.396618068218e-05, 0.0000e+00, 0.0000e+00, 
 2DIAGNOSTIC,    43, -1.003393530846e+00, 6.825849413872e-05, 0.0000e+00, 0.0000e+00, 
 2DIAGNOSTIC,    44, -1.003570199013e+00, 5.044788122177e-05, 0.0000e+00, 0.0000e+00, 
 2DIAGNOSTIC,    45, -1.003933310509e+00, 3.254041075706e-05, 0.0000e+00, 0.0000e+00, 
 2DIAGNOSTIC,    46, -1.004662752151e+00, 2.313964068890e-05, 0.0000e+00, 0.0000e+00, 
 2DIAGNOSTIC,    47, -1.004776954651e+00, 2.632476389408e-05, 0.0000e+00, 0.0000e+00, 
 2DIAGNOSTIC,    48, -1.004825115204e+00, 2.953968942165e-05, 0.0000e+00, 0.0000e+00, 
 2DIAGNOSTIC,    49, -1.004859089851e+00, 3.019906580448e-05, 0.0000e+00, 0.0000e+00, 
 2DIAGNOSTIC,    50, -1.004905104637e+00, 2.896599471569e-05, 0.0000e+00, 0.0000e+00, 
 2DIAGNOSTIC,    51, -1.004913449287e+00, 2.563931047916e-05, 0.0000e+00, 0.0000e+00, 
 2DIAGNOSTIC,    52, -1.004931926727e+00, 2.058781683445e-05, 0.0000e+00, 0.0000e+00, 
 2DIAGNOSTIC,    53, -1.004984617233e+00, 1.478008925915e-05, 0.0000e+00, 0.0000e+00, 
 2DIAGNOSTIC,    54, -1.005093932152e+00, 9.391456842422e-06, 0.0000e+00, 0.0000e+00, 
 2DIAGNOSTIC,    55, -1.005119562149e+00, 5.347654223442e-06, 0.0000e+00, 0.0000e+00, 
 2DIAGNOSTIC,    56, -1.005122184753e+00, 4.859641194344e-06, 0.0000e+00, 0.0000e+00, 
 2DIAGNOSTIC,    57, -1.005125284195e+00, 4.593282938004e-06, 0.0000e+00, 0.0000e+00, 
 2DIAGNOSTIC,    58, -1.005129694939e+00, 4.215165972710e-06, 0.0000e+00, 0.0000e+00, 
 2DIAGNOSTIC,    59, -1.005149960518e+00, 3.755092620850e-06, 0.0000e+00, 0.0000e+00, 
 2DIAGNOSTIC,    60, -1.005153536797e+00, 3.244727849960e-06, 0.0000e+00, 0.0000e+00, 
 2DIAGNOSTIC,    61, -1.005160689354e+00, 2.574175596237e-06, 0.0000e+00, 0.0000e+00, 
 2DIAGNOSTIC,    62, -1.005206823349e+00, 2.045184373856e-06, 0.0000e+00, 0.0000e+00, 
 2DIAGNOSTIC,    63, -1.005220413208e+00, 1.676380634308e-06, 0.0000e+00, 0.0000e+00, 
 2DIAGNOSTIC,    64, -1.005224347115e+00, 1.722946763039e-06, 0.0000e+00, 0.0000e+00, 
 2DIAGNOSTIC,    65, -1.005227804184e+00, 1.790001988411e-06, 0.0000e+00, 0.0000e+00, 
 2DIAGNOSTIC,    66, -1.005230069160e+00, 1.752749085426e-06, 0.0000e+00, 0.0000e+00, 
 2DIAGNOSTIC,    67, -1.005246877670e+00, 1.683831214905e-06, 0.0000e+00, 0.0000e+00, 
 2DIAGNOSTIC,    68, -1.005326271057e+00, 1.851469278336e-06, 0.0000e+00, 0.0000e+00, 
 2DIAGNOSTIC,    69, -1.005392670631e+00, 2.251937985420e-06, 0.0000e+00, 0.0000e+00, 
 2DIAGNOSTIC,    70, -1.005393743515e+00, 2.482905983925e-06, 0.0000e+00, 0.0000e+00, 
 2DIAGNOSTIC,    71, -1.005396246910e+00, 2.559274435043e-06, 0.0000e+00, 0.0000e+00, 
 2DIAGNOSTIC,    72, -1.005396485329e+00, 2.617947757244e-06, 0.0000e+00, 0.0000e+00, 
 2DIAGNOSTIC,    73, -1.005395770073e+00, 2.517364919186e-06, 0.0000e+00, 0.0000e+00, 
 2DIAGNOSTIC,    74, -1.005395770073e+00, 2.226792275906e-06, 0.0000e+00, 0.0000e+00, 
 2DIAGNOSTIC,    75, -1.005395531654e+00, 1.789070665836e-06, 0.0000e+00, 0.0000e+00, 
 2DIAGNOSTIC,    76, -1.005395889282e+00, 1.249834895134e-06, 0.0000e+00, 0.0000e+00, 
DIAGNOSTIC,Iteration,metricValue,convergenceValue,ITERATION_TIME_INDEX,SINCE_LAST
 2DIAGNOSTIC,     1, -8.061283826828e-01, 1.797693134862e+308, 1.2800e+02, 1.2800e+02, 
 2DIAGNOSTIC,     2, -8.076641559601e-01, 1.797693134862e+308, 1.2800e+02, 0.0000e+00, 
 2DIAGNOSTIC,     3, -8.101611137390e-01, 1.797693134862e+308, 1.2800e+02, 0.0000e+00, 
 2DIAGNOSTIC,     4, -8.138566613197e-01, 1.797693134862e+308, 1.2800e+02, 0.0000e+00, 
 2DIAGNOSTIC,     5, -8.166231513023e-01, 1.797693134862e+308, 1.2800e+02, 0.0000e+00, 
 2DIAGNOSTIC,     6, -8.197676539421e-01, 1.797693134862e+308, 1.2800e+02, 0.0000e+00, 
 2DIAGNOSTIC,     7, -8.218899965286e-01, 1.797693134862e+308, 1.2800e+02, 0.0000e+00, 
 2DIAGNOSTIC,     8, -8.224519491196e-01, 1.797693134862e+308, 1.2800e+02, 0.0000e+00, 
 2DIAGNOSTIC,     9, -8.229311108589e-01, 1.797693134862e+308, 1.2800e+02, 0.0000e+00, 
 2DIAGNOSTIC,    10, -8.234678506851e-01, 1.520030200481e-03, 1.2800e+02, 0.0000e+00, 
 2DIAGNOSTIC,    11, -8.241019845009e-01, 1.188740134239e-03, 1.2800e+02, 0.0000e+00, 
 2DIAGNOSTIC,    12, -8.244335055351e-01, 8.598640561104e-04, 1.2800e+02, 0.0000e+00, 
 2DIAGNOSTIC,    13, -8.247632384300e-01, 5.792155861855e-04, 1.2800e+02, 0.0000e+00, 
 2DIAGNOSTIC,    14, -8.248715400696e-01, 3.805533051491e-04, 1.2800e+02, 0.0000e+00, 
 2DIAGNOSTIC,    15, -8.251547217369e-01, 2.431571483612e-04, 1.2800e+02, 0.0000e+00, 
 2DIAGNOSTIC,    16, -8.261290788651e-01, 1.888498663902e-04, 1.2800e+02, 0.0000e+00, 
 2DIAGNOSTIC,    17, -8.263861536980e-01, 1.716166734695e-04, 1.2800e+02, 0.0000e+00, 
 2DIAGNOSTIC,    18, -8.265520334244e-01, 1.547448337078e-04, 1.2800e+02, 0.0000e+00, 
 2DIAGNOSTIC,    19, -8.266184329987e-01, 1.355819404125e-04, 1.2800e+02, 0.0000e+00, 
 2DIAGNOSTIC,    20, -8.267665505409e-01, 1.175105571747e-04, 1.2800e+02, 0.0000e+00, 
 2DIAGNOSTIC,    21, -8.268761634827e-01, 1.022666692734e-04, 1.2800e+02, 0.0000e+00, 
 2DIAGNOSTIC,    22, -8.269403576851e-01, 8.504837751389e-05, 1.2800e+02, 0.0000e+00, 
 2DIAGNOSTIC,    23, -8.269697427750e-01, 6.711483001709e-05, 1.2800e+02, 0.0000e+00, 
 2DIAGNOSTIC,    24, -8.269806504250e-01, 4.635751247406e-05, 1.2800e+02, 0.0000e+00, 
 2DIAGNOSTIC,    25, -8.270734548569e-01, 2.790242433548e-05, 1.2800e+02, 0.0000e+00, 
 2DIAGNOSTIC,    26, -8.270872831345e-01, 2.138689160347e-05, 1.2800e+02, 0.0000e+00, 
 2DIAGNOSTIC,    27, -8.270928859711e-01, 1.678615808487e-05, 1.2800e+02, 0.0000e+00, 
 2DIAGNOSTIC,    28, -8.271014094353e-01, 1.322850584984e-05, 1.2800e+02, 0.0000e+00, 
 2DIAGNOSTIC,    29, -8.271055817604e-01, 9.600073099136e-06, 1.2800e+02, 0.0000e+00, 
 2DIAGNOSTIC,    30, -8.271101117134e-01, 7.115304470062e-06, 1.2800e+02, 0.0000e+00, 
 2DIAGNOSTIC,    31, -8.271152377129e-01, 5.479902029037e-06, 1.2800e+02, 0.0000e+00, 
 2DIAGNOSTIC,    32, -8.271343708038e-01, 4.429370164871e-06, 1.2800e+02, 0.0000e+00, 
 2DIAGNOSTIC,    33, -8.271430730820e-01, 3.520399332047e-06, 1.2800e+02, 0.0000e+00, 
 2DIAGNOSTIC,    34, -8.271470665932e-01, 2.544373273849e-06, 1.2800e+02, 0.0000e+00, 
 2DIAGNOSTIC,    35, -8.271466493607e-01, 2.399086952209e-06, 1.2800e+02, 0.0000e+00, 
 2DIAGNOSTIC,    36, -8.271478414536e-01, 2.248212695122e-06, 1.2800e+02, 0.0000e+00, 
 2DIAGNOSTIC,    37, -8.271493315697e-01, 2.045184373856e-06, 1.2800e+02, 0.0000e+00, 
 2DIAGNOSTIC,    38, -8.271503448486e-01, 1.821666955948e-06, 1.2800e+02, 0.0000e+00, 
 2DIAGNOSTIC,    39, -8.271510601044e-01, 1.562759280205e-06, 1.2800e+02, 0.0000e+00, 
 2DIAGNOSTIC,    40, -8.271510004997e-01, 1.288950443268e-06, 1.2800e+02, 0.0000e+00, 
 2DIAGNOSTIC,    41, -8.271512389183e-01, 1.015141606331e-06, 1.2800e+02, 0.0000e+00, 
DIAGNOSTIC,Iteration,metricValue,convergenceValue,ITERATION_TIME_INDEX,SINCE_LAST
 2DIAGNOSTIC,     1, -6.971065402031e-01, 1.797693134862e+308, 1.2800e+02, 0.0000e+00, 
 2DIAGNOSTIC,     2, -6.978729963303e-01, 1.797693134862e+308, 1.2800e+02, 0.0000e+00, 
 2DIAGNOSTIC,     3, -6.988592743874e-01, 1.797693134862e+308, 1.2800e+02, 0.0000e+00, 
 2DIAGNOSTIC,     4, -7.000635862350e-01, 1.797693134862e+308, 1.2800e+02, 0.0000e+00, 
 2DIAGNOSTIC,     5, -7.013556957245e-01, 1.797693134862e+308, 1.2800e+02, 0.0000e+00, 
 2DIAGNOSTIC,     6, -7.026419639587e-01, 1.797693134862e+308, 1.2800e+02, 0.0000e+00, 
 2DIAGNOSTIC,     7, -7.039364576340e-01, 1.797693134862e+308, 1.2800e+02, 0.0000e+00, 
 2DIAGNOSTIC,     8, -7.043344378471e-01, 1.797693134862e+308, 1.2800e+02, 0.0000e+00, 
 2DIAGNOSTIC,     9, -7.045396566391e-01, 1.797693134862e+308, 1.2800e+02, 0.0000e+00, 
 2DIAGNOSTIC,    10, -7.047150135040e-01, 7.849633693695e-04, 1.2800e+02, 0.0000e+00, 
 2DIAGNOSTIC,    11, -7.048699855804e-01, 6.235614418983e-04, 1.2800e+02, 0.0000e+00, 
 2DIAGNOSTIC,    12, -7.049443125725e-01, 4.612356424332e-04, 1.2800e+02, 0.0000e+00, 
 2DIAGNOSTIC,    13, -7.049997448921e-01, 3.147572278976e-04, 1.2800e+02, 0.0000e+00, 
 2DIAGNOSTIC,    14, -7.051044106483e-01, 1.986399292946e-04, 1.2800e+02, 0.0000e+00, 
 2DIAGNOSTIC,    15, -7.051286101341e-01, 1.150667667389e-04, 1.2800e+02, 0.0000e+00, 
 2DIAGNOSTIC,    16, -7.051630616188e-01, 6.421655416489e-05, 1.2800e+02, 0.0000e+00, 
 2DIAGNOSTIC,    17, -7.051898837090e-01, 4.489347338676e-05, 1.2800e+02, 0.0000e+00, 
 2DIAGNOSTIC,    18, -7.052173018456e-01, 3.324449062347e-05, 1.2800e+02, 0.0000e+00, 
 2DIAGNOSTIC,    19, -7.052360177040e-01, 2.458319067955e-05, 1.2800e+02, 0.0000e+00, 
 2DIAGNOSTIC,    20, -7.052378058434e-01, 1.818314194679e-05, 1.2800e+02, 0.0000e+00, 
 2DIAGNOSTIC,    21, -7.052416205406e-01, 1.388788223267e-05, 1.2800e+02, 0.0000e+00, 
 2DIAGNOSTIC,    22, -7.052468061447e-01, 1.030787825584e-05, 2.5600e+02, 1.2800e+02, 
 2DIAGNOSTIC,    23, -7.052554488182e-01, 7.268041372299e-06, 2.5600e+02, 0.0000e+00, 
 2DIAGNOSTIC,    24, -7.052627801895e-01, 5.815178155899e-06, 2.5600e+02, 0.0000e+00, 
 2DIAGNOSTIC,    25, -7.052727341652e-01, 4.608184099197e-06, 2.5600e+02, 0.0000e+00, 
 2DIAGNOSTIC,    26, -7.052727341652e-01, 3.695487976074e-06, 2.5600e+02, 0.0000e+00, 
 2DIAGNOSTIC,    27, -7.052735686302e-01, 3.039836883545e-06, 2.5600e+02, 0.0000e+00, 
 2DIAGNOSTIC,    28, -7.052737474442e-01, 2.641230821609e-06, 2.5600e+02, 0.0000e+00, 
 2DIAGNOSTIC,    29, -7.052738666534e-01, 2.391636371613e-06, 2.5600e+02, 0.0000e+00, 
 2DIAGNOSTIC,    30, -7.052739262581e-01, 2.052634954453e-06, 2.5600e+02, 0.0000e+00, 
 2DIAGNOSTIC,    31, -7.052741646767e-01, 1.702457666397e-06, 2.5600e+02, 0.0000e+00, 
 2DIAGNOSTIC,    32, -7.052740454674e-01, 1.374632120132e-06, 2.5600e+02, 0.0000e+00, 
 2DIAGNOSTIC,    33, -7.052742242813e-01, 1.136213541031e-06, 2.5600e+02, 0.0000e+00, 
DIAGNOSTIC,Iteration,metricValue,convergenceValue,ITERATION_TIME_INDEX,SINCE_LAST
 2DIAGNOSTIC,     1, -5.994434356689e-01, 1.797693134862e+308, 2.5600e+02, 0.0000e+00, 
 2DIAGNOSTIC,     2, -5.997380614281e-01, 1.797693134862e+308, 2.5600e+02, 0.0000e+00, 
 2DIAGNOSTIC,     3, -5.999668240547e-01, 1.797693134862e+308, 2.5600e+02, 0.0000e+00, 
 2DIAGNOSTIC,     4, -6.001920700073e-01, 1.797693134862e+308, 2.5600e+02, 0.0000e+00, 
 2DIAGNOSTIC,     5, -6.005840301514e-01, 1.797693134862e+308, 3.8400e+02, 1.2800e+02, 
 2DIAGNOSTIC,     6, -6.006098985672e-01, 1.797693134862e+308, 3.8400e+02, 0.0000e+00, 
 2DIAGNOSTIC,     7, -6.006341576576e-01, 1.797693134862e+308, 3.8400e+02, 0.0000e+00, 
 2DIAGNOSTIC,     8, -6.006564497948e-01, 1.797693134862e+308, 3.8400e+02, 0.0000e+00, 
 2DIAGNOSTIC,     9, -6.006651520729e-01, 1.797693134862e+308, 3.8400e+02, 0.0000e+00, 
 2DIAGNOSTIC,    10, -6.006850004196e-01, 1.332089304924e-04, 3.8400e+02, 0.0000e+00, 
 2DIAGNOSTIC,    11, -6.006903648376e-01, 8.679926395416e-05, 3.8400e+02, 0.0000e+00, 
 2DIAGNOSTIC,    12, -6.006924510002e-01, 5.241483449936e-05, 5.1200e+02, 1.2800e+02, 
 2DIAGNOSTIC,    13, -6.006976962090e-01, 2.727657556534e-05, 5.1200e+02, 0.0000e+00, 
 2DIAGNOSTIC,    14, -6.007000803947e-01, 1.082569360733e-05, 5.1200e+02, 0.0000e+00, 
 2DIAGNOSTIC,    15, -6.007031798363e-01, 8.217990398407e-06, 5.1200e+02, 0.0000e+00, 
 2DIAGNOSTIC,    16, -6.007034182549e-01, 6.154179573059e-06, 5.1200e+02, 0.0000e+00, 
 2DIAGNOSTIC,    17, -6.007038354874e-01, 4.619359970093e-06, 5.1200e+02, 0.0000e+00, 
 2DIAGNOSTIC,    18, -6.007044315338e-01, 3.613531589508e-06, 5.1200e+02, 0.0000e+00, 
 2DIAGNOSTIC,    19, -6.007038950920e-01, 2.723187208176e-06, 5.1200e+02, 0.0000e+00, 
 2DIAGNOSTIC,    20, -6.007044315338e-01, 2.313405275345e-06, 6.4000e+02, 1.2800e+02, 
 2DIAGNOSTIC,    21, -6.007046699524e-01, 1.993030309677e-06, 6.4000e+02, 0.0000e+00, 
 2DIAGNOSTIC,    22, -6.007041335106e-01, 1.691281795502e-06, 6.4000e+02, 0.0000e+00, 
 2DIAGNOSTIC,    23, -6.007042527199e-01, 1.512467861176e-06, 6.4000e+02, 0.0000e+00, 
 2DIAGNOSTIC,    24, -6.007044911385e-01, 1.374632120132e-06, 6.4000e+02, 0.0000e+00, 
 2DIAGNOSTIC,    25, -6.007041335106e-01, 1.300126314163e-06, 6.4000e+02, 0.0000e+00, 
 2DIAGNOSTIC,    26, -6.007045507431e-01, 1.240521669388e-06, 6.4000e+02, 0.0000e+00, 
 2DIAGNOSTIC,    27, -6.007045507431e-01, 1.184642314911e-06, 7.6800e+02, 1.2800e+02, 
 2DIAGNOSTIC,    28, -6.007046699524e-01, 1.147389411926e-06, 7.6800e+02, 0.0000e+00, 
 2DIAGNOSTIC,    29, -6.007045507431e-01, 1.102685928345e-06, 7.6800e+02, 0.0000e+00, 
 2DIAGNOSTIC,    30, -6.007044315338e-01, 1.069158315659e-06, 7.6800e+02, 0.0000e+00, 
 2DIAGNOSTIC,    31, -6.007043719292e-01, 1.039355993271e-06, 7.6800e+02, 0.0000e+00, 
DIAGNOSTIC,Iteration,metricValue,convergenceValue,ITERATION_TIME_INDEX,SINCE_LAST
 2DIAGNOSTIC,     1, -5.402526855469e-01, 1.797693134862e+308, 8.9600e+02, 1.2800e+02, 
 2DIAGNOSTIC,     2, -5.404233932495e-01, 1.797693134862e+308, 1.0240e+03, 1.2800e+02, 
 2DIAGNOSTIC,     3, -5.404946804047e-01, 1.797693134862e+308, 1.1520e+03, 1.2800e+02, 
 2DIAGNOSTIC,     4, -5.405525565147e-01, 1.797693134862e+308, 1.2800e+03, 1.2800e+02, 
 2DIAGNOSTIC,     5, -5.405814051628e-01, 1.797693134862e+308, 1.4080e+03, 1.2800e+02, 
 2DIAGNOSTIC,     6, -5.405899286270e-01, 1.797693134862e+308, 1.5360e+03, 1.2800e+02, 
 2DIAGNOSTIC,     7, -5.405937433243e-01, 1.797693134862e+308, 1.6640e+03, 1.2800e+02, 
 2DIAGNOSTIC,     8, -5.405993461609e-01, 1.797693134862e+308, 1.7920e+03, 1.2800e+02, 
 2DIAGNOSTIC,     9, -5.406138896942e-01, 1.797693134862e+308, 1.9200e+03, 1.2800e+02, 
 2DIAGNOSTIC,    10, -5.406148433685e-01, 3.591179847717e-05, 2.0480e+03, 1.2800e+02, 
 2DIAGNOSTIC,    11, -5.406159758568e-01, 1.960992813110e-05, 2.1760e+03, 1.2800e+02, 
 2DIAGNOSTIC,    12, -5.406174063683e-01, 1.203268766403e-05, 2.1760e+03, 0.0000e+00, 
 2DIAGNOSTIC,    13, -5.406213402748e-01, 7.741153240204e-06, 2.3040e+03, 1.2800e+02, 
 2DIAGNOSTIC,    14, -5.406242609024e-01, 5.841255187988e-06, 2.4320e+03, 1.2800e+02, 
 2DIAGNOSTIC,    15, -5.406243205070e-01, 4.865229129791e-06, 2.5600e+03, 1.2800e+02, 
 2DIAGNOSTIC,    16, -5.406250357628e-01, 4.082918167114e-06, 2.6880e+03, 1.2800e+02, 
 2DIAGNOSTIC,    17, -5.406250357628e-01, 3.300607204437e-06, 2.8160e+03, 1.2800e+02, 
 2DIAGNOSTIC,    18, -5.406259298325e-01, 2.674758434296e-06, 2.9440e+03, 1.2800e+02, 
 2DIAGNOSTIC,    19, -5.406257510185e-01, 2.410262823105e-06, 3.0720e+03, 1.2800e+02, 
 2DIAGNOSTIC,    20, -5.406262874603e-01, 2.145767211914e-06, 3.2000e+03, 1.2800e+02, 
 2DIAGNOSTIC,    21, -5.406267046928e-01, 1.903623342514e-06, 3.3280e+03, 1.2800e+02, 
 2DIAGNOSTIC,    22, -5.406268835068e-01, 1.676380634308e-06, 3.4560e+03, 1.2800e+02, 
 2DIAGNOSTIC,    23, -5.406270027161e-01, 1.545995473862e-06, 3.5840e+03, 1.2800e+02, 
 2DIAGNOSTIC,    24, -5.406271219254e-01, 1.456588506699e-06, 3.7120e+03, 1.2800e+02, 
 2DIAGNOSTIC,    25, -5.406274199486e-01, 1.393258571625e-06, 3.8400e+03, 1.2800e+02, 
 2DIAGNOSTIC,    26, -5.406274795532e-01, 1.322478055954e-06, 3.9680e+03, 1.2800e+02, 
 2DIAGNOSTIC,    27, -5.406274795532e-01, 1.255422830582e-06, 4.0960e+03, 1.2800e+02, 
 2DIAGNOSTIC,    28, -5.406271219254e-01, 1.192092895508e-06, 4.2240e+03, 1.2800e+02, 
 2DIAGNOSTIC,    29, -5.406270027161e-01, 1.132488250732e-06, 4.3520e+03, 1.2800e+02, 
 2DIAGNOSTIC,    30, -5.406272411346e-01, 1.080334186554e-06, 4.4800e+03, 1.2800e+02, 
 2DIAGNOSTIC,    31, -5.406269431114e-01, 1.031905412674e-06, 4.6080e+03, 1.2800e+02, 
  Elapsed time (stage 0): 4.6080e+03


Total elapsed time: 4.6080e+03
-i /mnt/lustre/mathdugre/fast-interpolate/datasets/ds004513/derivatives/flint/ants/flint-vprec-single-five-levels/sub-s033/ses-open/anat/0/1_Rigid.nii.gz -o /mnt/lustre/mathdugre/fast-interpolate/datasets/ds004513/derivatives/flint/ants/flint-vprec-single-five-levels/sub-s033/ses-open/anat/01/1_transformed.nii.gz -t /mnt/lustre/mathdugre/fast-interpolate/datasets/ds004513/derivatives/flint/ants/flint-vprec-single-five-levels/sub-s033/ses-open/anat/01/1_0GenericAffine.mat
