---------------------
Experiment information

SIF_IMG: /mnt/lustre/mathdugre/containers/ants-flint-vprec.simg
SIF_IMG_BASE: /mnt/lustre/mathdugre/containers/ants-flint-base.simg
EXPERIMENT_NAME: flint-vprec-single-five-levels
STAGE: syn
SUBJECT_ID: s007
REPETITION_ID: 1

FIXED_IMG: /templateflow/tpl-MNI152NLin2009cAsym/tpl-MNI152NLin2009cAsym_res-01_desc-brain_T1w.nii.gz
INPUT_IMG: /mnt/lustre/mathdugre/fast-interpolate/datasets/ds004513/derivatives/flint/ants/flint-vprec-single-five-levels/sub-s007/ses-open/anat/00/1_Affine.nii.gz

DATA_DIR: /mnt/lustre/mathdugre/fast-interpolate/datasets/ds004513
OUTPUT_DIR: /mnt/lustre/mathdugre/fast-interpolate/datasets/ds004513/derivatives/flint/ants/flint-vprec-single-five-levels/sub-s007/ses-open/anat
OUTPUT_PREFIX: 001
THREAD: 1
FLOAT: 0
VFC_BACKENDS: libinterflop_vprec.so --precision-binary32=23 --range-binary32=8 --precision-binary64=23 --range-binary64=8
---------------------

--output [/mnt/lustre/mathdugre/fast-interpolate/datasets/ds004513/derivatives/flint/ants/flint-vprec-single-five-levels/sub-s007/ses-open/anat/001/1_,/mnt/lustre/mathdugre/fast-interpolate/datasets/ds004513/derivatives/flint/ants/flint-vprec-single-five-levels/sub-s007/ses-open/anat/001/1_Warped.nii.gz,/mnt/lustre/mathdugre/fast-interpolate/datasets/ds004513/derivatives/flint/ants/flint-vprec-single-five-levels/sub-s007/ses-open/anat/001/1_InverseSyN.nii.gz] --initial-moving-transform [/templateflow/tpl-MNI152NLin2009cAsym/tpl-MNI152NLin2009cAsym_res-01_desc-brain_T1w.nii.gz,/mnt/lustre/mathdugre/fast-interpolate/datasets/ds004513/derivatives/flint/ants/flint-vprec-single-five-levels/sub-s007/ses-open/anat/00/1_Affine.nii.gz,1] --transform SyN[ 0.1,3,0 ] --metric CC[/templateflow/tpl-MNI152NLin2009cAsym/tpl-MNI152NLin2009cAsym_res-01_desc-brain_T1w.nii.gz,/mnt/lustre/mathdugre/fast-interpolate/datasets/ds004513/derivatives/flint/ants/flint-vprec-single-five-levels/sub-s007/ses-open/anat/00/1_Affine.nii.gz,1,4] --convergence [100x100x70x50x20,1e-6,10] --shrink-factors 16x8x4x2x1 --smoothing-sigmas 4x3x2x1x0vox
All_Command_lines_OK
Using double precision for computations.
=============================================================================
The composite transform comprises the following transforms (in order): 
  1. Center of mass alignment using fixed image: /templateflow/tpl-MNI152NLin2009cAsym/tpl-MNI152NLin2009cAsym_res-01_desc-brain_T1w.nii.gz and moving image: /mnt/lustre/mathdugre/fast-interpolate/datasets/ds004513/derivatives/flint/ants/flint-vprec-single-five-levels/sub-s007/ses-open/anat/00/1_Affine.nii.gz (type = Euler3DTransform)
=============================================================================
  number of levels = 5
  fixed image: /templateflow/tpl-MNI152NLin2009cAsym/tpl-MNI152NLin2009cAsym_res-01_desc-brain_T1w.nii.gz
  moving image: /mnt/lustre/mathdugre/fast-interpolate/datasets/ds004513/derivatives/flint/ants/flint-vprec-single-five-levels/sub-s007/ses-open/anat/00/1_Affine.nii.gz
Dimension = 3
Number of stages = 1
Use histogram matching = false
Winsorize image intensities = true
  Lower quantile = 0.005
  Upper quantile = 0.995


Stage 1 State
   Image metric = CC
     Fixed image = Image (0x3926f00)
  RTTI typeinfo:   itk::Image<double, 3u>
  Reference Count: 2
  Modified Time: 1622
  Debug: Off
  Object Name: 
  Observers: 
    none
  Source: (none)
  Source output name: (none)
  Release Data: Off
  Data Released: False
  Global Release Data: Off
  PipelineMTime: 0
  UpdateMTime: 1407
  RealTimeStamp: 0 seconds 
  LargestPossibleRegion: 
    Dimension: 3
    Index: [0, 0, 0]
    Size: [193, 229, 193]
  BufferedRegion: 
    Dimension: 3
    Index: [0, 0, 0]
    Size: [193, 229, 193]
  RequestedRegion: 
    Dimension: 3
    Index: [0, 0, 0]
    Size: [193, 229, 193]
  Spacing: [1, 1, 1]
  Origin: [96, 132, -78]
  Direction: 
-1 0 0
0 -1 0
0 0 1

  IndexToPointMatrix: 
-1 0 0
0 -1 0
0 0 1

  PointToIndexMatrix: 
-1 0 0
0 -1 0
0 0 1

  Inverse Direction: 
-1 0 0
0 -1 0
0 0 1

  PixelContainer: 
    ImportImageContainer (0x3a131d0)
      RTTI typeinfo:   itk::ImportImageContainer<unsigned long, double>
      Reference Count: 1
      Modified Time: 1404
      Debug: Off
      Object Name: 
      Observers: 
        none
      Pointer: 0x7f9448b76010
      Container manages memory: true
      Size: 8530021
      Capacity: 8530021

     Moving image = Image (0x392dff0)
  RTTI typeinfo:   itk::Image<double, 3u>
  Reference Count: 2
  Modified Time: 1623
  Debug: Off
  Object Name: 
  Observers: 
    none
  Source: (none)
  Source output name: (none)
  Release Data: Off
  Data Released: False
  Global Release Data: Off
  PipelineMTime: 0
  UpdateMTime: 1620
  RealTimeStamp: 0 seconds 
  LargestPossibleRegion: 
    Dimension: 3
    Index: [0, 0, 0]
    Size: [193, 229, 193]
  BufferedRegion: 
    Dimension: 3
    Index: [0, 0, 0]
    Size: [193, 229, 193]
  RequestedRegion: 
    Dimension: 3
    Index: [0, 0, 0]
    Size: [193, 229, 193]
  Spacing: [1, 1, 1]
  Origin: [96, 132, -78]
  Direction: 
-1 0 0
0 -1 0
0 0 1

  IndexToPointMatrix: 
-1 0 0
0 -1 0
0 0 1

  PointToIndexMatrix: 
-1 0 0
0 -1 0
0 0 1

  Inverse Direction: 
-1 0 0
0 -1 0
0 0 1

  PixelContainer: 
    ImportImageContainer (0x39b4940)
      RTTI typeinfo:   itk::ImportImageContainer<unsigned long, double>
      Reference Count: 1
      Modified Time: 1617
      Debug: Off
      Object Name: 
      Observers: 
        none
      Pointer: 0x7f9444a61010
      Container manages memory: true
      Size: 8530021
      Capacity: 8530021

     Weighting = 1
     Sampling strategy = none
     Number of bins = 32
     Radius = 4
     Sampling percentage  = 1
   Transform = SyN
     Gradient step = 0.1
     Update field sigma (voxel space) = 3
     Total field sigma (voxel space) = 0
     Update field time sigma = 0
     Total field time sigma  = 0
     Number of time indices = 0
     Number of time point samples = 0
Registration using 1 total stages.

Stage 0
  iterations = 100x100x70x50x20
  convergence threshold = 1e-06
  convergence window size = 10
  number of levels = 5
  using the CC metric (radius = 4, weight = 1, use gradient filter = 0)
  preprocessing:  winsorizing the image intensities
  Shrink factors (level 1 out of 5): [16, 16, 16]
  Shrink factors (level 2 out of 5): [8, 8, 8]
  Shrink factors (level 3 out of 5): [4, 4, 4]
  Shrink factors (level 4 out of 5): [2, 2, 2]
  Shrink factors (level 5 out of 5): [1, 1, 1]
  smoothing sigmas per level: [4, 3, 2, 1, 0]
  Using default NONE metricSamplingStrategy 

*** Running SyN registration (varianceForUpdateField = 3, varianceForTotalField = 0) ***

XXDIAGNOSTIC,Iteration,metricValue,convergenceValue,ITERATION_TIME_INDEX,SINCE_LAST
 1DIAGNOSTIC,     1, -9.803102016449e-01, 1.797693134862e+308, 0.0000e+00, 0.0000e+00, 
 1DIAGNOSTIC,     2, -9.859242439270e-01, 1.797693134862e+308, 0.0000e+00, 0.0000e+00, 
 1DIAGNOSTIC,     3, -9.876782894135e-01, 1.797693134862e+308, 0.0000e+00, 0.0000e+00, 
 1DIAGNOSTIC,     4, -9.889500141144e-01, 1.797693134862e+308, 0.0000e+00, 0.0000e+00, 
 1DIAGNOSTIC,     5, -9.883177876472e-01, 1.797693134862e+308, 0.0000e+00, 0.0000e+00, 
 1DIAGNOSTIC,     6, -9.889422655106e-01, 1.797693134862e+308, 0.0000e+00, 0.0000e+00, 
 1DIAGNOSTIC,     7, -9.886016249657e-01, 1.797693134862e+308, 0.0000e+00, 0.0000e+00, 
 1DIAGNOSTIC,     8, -9.887851476669e-01, 1.797693134862e+308, 0.0000e+00, 0.0000e+00, 
 1DIAGNOSTIC,     9, -9.889239072800e-01, 1.797693134862e+308, 0.0000e+00, 0.0000e+00, 
 1DIAGNOSTIC,    10, -9.887019395828e-01, 3.407597541809e-04, 0.0000e+00, 0.0000e+00, 
 1DIAGNOSTIC,    11, -9.891969561577e-01, 1.156553626060e-04, 0.0000e+00, 0.0000e+00, 
 1DIAGNOSTIC,    12, -9.885213971138e-01, 3.504008054733e-05, 0.0000e+00, 0.0000e+00, 
 1DIAGNOSTIC,    13, -9.894529581070e-01, 2.302229404449e-05, 0.0000e+00, 0.0000e+00, 
 1DIAGNOSTIC,    14, -9.883273839951e-01, 1.368671655655e-05, 0.0000e+00, 0.0000e+00, 
 1DIAGNOSTIC,    15, -9.896221756935e-01, 1.753121614456e-05, 0.0000e+00, 0.0000e+00, 
 1DIAGNOSTIC,    16, -9.881801605225e-01, 4.313886165619e-06, 0.0000e+00, 0.0000e+00, 
 1DIAGNOSTIC,    17, -9.896842837334e-01, 1.277402043343e-05, 0.0000e+00, 0.0000e+00, 
 1DIAGNOSTIC,    18, -9.880759119987e-01, -4.239380359650e-06, 0.0000e+00, 0.0000e+00, 
XXDIAGNOSTIC,Iteration,metricValue,convergenceValue,ITERATION_TIME_INDEX,SINCE_LAST
 1DIAGNOSTIC,     1, -9.502323865891e-01, 1.797693134862e+308, 1.2800e+02, 1.2800e+02, 
 1DIAGNOSTIC,     2, -9.533098936081e-01, 1.797693134862e+308, 1.2800e+02, 0.0000e+00, 
 1DIAGNOSTIC,     3, -9.575046896935e-01, 1.797693134862e+308, 1.2800e+02, 0.0000e+00, 
 1DIAGNOSTIC,     4, -9.608049392700e-01, 1.797693134862e+308, 1.2800e+02, 0.0000e+00, 
 1DIAGNOSTIC,     5, -9.636968970299e-01, 1.797693134862e+308, 1.2800e+02, 0.0000e+00, 
 1DIAGNOSTIC,     6, -9.661508202553e-01, 1.797693134862e+308, 2.5600e+02, 1.2800e+02, 
 1DIAGNOSTIC,     7, -9.686396718025e-01, 1.797693134862e+308, 2.5600e+02, 0.0000e+00, 
 1DIAGNOSTIC,     8, -9.709894061089e-01, 1.797693134862e+308, 2.5600e+02, 0.0000e+00, 
 1DIAGNOSTIC,     9, -9.720612168312e-01, 1.797693134862e+308, 2.5600e+02, 0.0000e+00, 
 1DIAGNOSTIC,    10, -9.722598791122e-01, 1.535192131996e-03, 2.5600e+02, 0.0000e+00, 
 1DIAGNOSTIC,    11, -9.725074172020e-01, 1.176565885544e-03, 2.5600e+02, 0.0000e+00, 
 1DIAGNOSTIC,    12, -9.725762605667e-01, 8.482336997986e-04, 2.5600e+02, 0.0000e+00, 
 1DIAGNOSTIC,    13, -9.727578163147e-01, 5.920007824898e-04, 3.8400e+02, 1.2800e+02, 
 1DIAGNOSTIC,    14, -9.728732109070e-01, 3.900229930878e-04, 3.8400e+02, 0.0000e+00, 
 1DIAGNOSTIC,    15, -9.729775190353e-01, 2.382993698120e-04, 3.8400e+02, 0.0000e+00, 
 1DIAGNOSTIC,    16, -9.730847477913e-01, 1.304969191551e-04, 3.8400e+02, 0.0000e+00, 
 1DIAGNOSTIC,    17, -9.731110930443e-01, 6.616860628128e-05, 3.8400e+02, 0.0000e+00, 
 1DIAGNOSTIC,    18, -9.732105731964e-01, 4.264339804649e-05, 3.8400e+02, 0.0000e+00, 
 1DIAGNOSTIC,    19, -9.732711315155e-01, 3.523379564285e-05, 3.8400e+02, 0.0000e+00, 
 1DIAGNOSTIC,    20, -9.733594059944e-01, 2.957135438919e-05, 3.8400e+02, 0.0000e+00, 
 1DIAGNOSTIC,    21, -9.734023809433e-01, 2.590194344521e-05, 5.1200e+02, 1.2800e+02, 
 1DIAGNOSTIC,    22, -9.734863042831e-01, 2.228468656540e-05, 5.1200e+02, 0.0000e+00, 
 1DIAGNOSTIC,    23, -9.735158681870e-01, 1.970306038857e-05, 5.1200e+02, 0.0000e+00, 
 1DIAGNOSTIC,    24, -9.735963940620e-01, 1.798942685127e-05, 5.1200e+02, 0.0000e+00, 
 1DIAGNOSTIC,    25, -9.736173152924e-01, 1.627579331398e-05, 5.1200e+02, 0.0000e+00, 
 1DIAGNOSTIC,    26, -9.736902117729e-01, 1.532584428787e-05, 5.1200e+02, 0.0000e+00, 
 1DIAGNOSTIC,    27, -9.737104773521e-01, 1.358985900879e-05, 5.1200e+02, 0.0000e+00, 
 1DIAGNOSTIC,    28, -9.737736582756e-01, 1.250207424164e-05, 5.1200e+02, 0.0000e+00, 
 1DIAGNOSTIC,    29, -9.737929105759e-01, 1.121312379837e-05, 6.4000e+02, 1.2800e+02, 
 1DIAGNOSTIC,    30, -9.738405942917e-01, 1.036375761032e-05, 6.4000e+02, 0.0000e+00, 
 1DIAGNOSTIC,    31, -9.738583564758e-01, 9.249895811081e-06, 6.4000e+02, 0.0000e+00, 
 1DIAGNOSTIC,    32, -9.738995432854e-01, 8.575618267059e-06, 6.4000e+02, 0.0000e+00, 
 1DIAGNOSTIC,    33, -9.739087820053e-01, 7.536262273788e-06, 6.4000e+02, 0.0000e+00, 
 1DIAGNOSTIC,    34, -9.739472866058e-01, 6.977468729019e-06, 6.4000e+02, 0.0000e+00, 
 1DIAGNOSTIC,    35, -9.739571213722e-01, 6.107613444328e-06, 6.4000e+02, 0.0000e+00, 
 1DIAGNOSTIC,    36, -9.739918708801e-01, 5.673617124557e-06, 7.6800e+02, 1.2800e+02, 
 1DIAGNOSTIC,    37, -9.740013480186e-01, 5.029141902924e-06, 7.6800e+02, 0.0000e+00, 
 1DIAGNOSTIC,    38, -9.740368723869e-01, 4.777684807777e-06, 7.6800e+02, 0.0000e+00, 
 1DIAGNOSTIC,    39, -9.740405678749e-01, 4.323199391365e-06, 7.6800e+02, 0.0000e+00, 
 1DIAGNOSTIC,    40, -9.740803837776e-01, 4.205852746964e-06, 7.6800e+02, 0.0000e+00, 
 1DIAGNOSTIC,    41, -9.740819334984e-01, 3.894791007042e-06, 7.6800e+02, 0.0000e+00, 
 1DIAGNOSTIC,    42, -9.741213321686e-01, 3.864988684654e-06, 7.6800e+02, 0.0000e+00, 
 1DIAGNOSTIC,    43, -9.741227626801e-01, 3.598630428314e-06, 7.6800e+02, 0.0000e+00, 
 1DIAGNOSTIC,    44, -9.741608500481e-01, 3.583729267120e-06, 8.9600e+02, 1.2800e+02, 
 1DIAGNOSTIC,    45, -9.741598367691e-01, 3.343448042870e-06, 8.9600e+02, 0.0000e+00, 
 1DIAGNOSTIC,    46, -9.741975069046e-01, 3.326684236526e-06, 8.9600e+02, 0.0000e+00, 
 1DIAGNOSTIC,    47, -9.741970300674e-01, 3.110617399216e-06, 8.9600e+02, 0.0000e+00, 
 1DIAGNOSTIC,    48, -9.742289185524e-01, 3.073364496231e-06, 8.9600e+02, 0.0000e+00, 
 1DIAGNOSTIC,    49, -9.742271304131e-01, 2.814456820488e-06, 8.9600e+02, 0.0000e+00, 
 1DIAGNOSTIC,    50, -9.742596149445e-01, 2.790242433548e-06, 8.9600e+02, 0.0000e+00, 
 1DIAGNOSTIC,    51, -9.742565751076e-01, 2.536922693253e-06, 8.9600e+02, 0.0000e+00, 
 1DIAGNOSTIC,    52, -9.742859601974e-01, 2.503395080566e-06, 1.0240e+03, 1.2800e+02, 
 1DIAGNOSTIC,    53, -9.742835760117e-01, 2.276152372360e-06, 1.0240e+03, 0.0000e+00, 
 1DIAGNOSTIC,    54, -9.743096828461e-01, 2.248212695122e-06, 1.0240e+03, 0.0000e+00, 
 1DIAGNOSTIC,    55, -9.743083715439e-01, 2.041459083557e-06, 1.0240e+03, 0.0000e+00, 
 1DIAGNOSTIC,    56, -9.743303060532e-01, 2.013519406319e-06, 1.0240e+03, 0.0000e+00, 
 1DIAGNOSTIC,    57, -9.743294119835e-01, 1.834705471992e-06, 1.0240e+03, 0.0000e+00, 
 1DIAGNOSTIC,    58, -9.743502736092e-01, 1.812353730202e-06, 1.0240e+03, 0.0000e+00, 
 1DIAGNOSTIC,    59, -9.743490219116e-01, 1.644715666771e-06, 1.0240e+03, 0.0000e+00, 
 1DIAGNOSTIC,    60, -9.743694067001e-01, 1.640990376472e-06, 1.1520e+03, 1.2800e+02, 
 1DIAGNOSTIC,    61, -9.743690490723e-01, 1.503154635429e-06, 1.1520e+03, 0.0000e+00, 
 1DIAGNOSTIC,    62, -9.743846654892e-01, 1.493841409683e-06, 1.1520e+03, 0.0000e+00, 
 1DIAGNOSTIC,    63, -9.743865728378e-01, 1.380220055580e-06, 1.1520e+03, 0.0000e+00, 
 1DIAGNOSTIC,    64, -9.744020700455e-01, 1.383945345879e-06, 1.1520e+03, 0.0000e+00, 
 1DIAGNOSTIC,    65, -9.744025468826e-01, 1.288950443268e-06, 1.1520e+03, 0.0000e+00, 
 1DIAGNOSTIC,    66, -9.744149446487e-01, 1.277774572372e-06, 1.1520e+03, 0.0000e+00, 
 1DIAGNOSTIC,    67, -9.744156599045e-01, 1.180917024612e-06, 1.2800e+03, 1.2800e+02, 
 1DIAGNOSTIC,    68, -9.744243621826e-01, 1.151114702225e-06, 1.2800e+03, 0.0000e+00, 
 1DIAGNOSTIC,    69, -9.744278192520e-01, 1.062639057636e-06, 1.2800e+03, 0.0000e+00, 
 1DIAGNOSTIC,    70, -9.744321107864e-01, 1.021660864353e-06, 1.2800e+03, 0.0000e+00, 
 1DIAGNOSTIC,    71, -9.744368791580e-01, 9.452924132347e-07, 1.2800e+03, 0.0000e+00, 
XXDIAGNOSTIC,Iteration,metricValue,convergenceValue,ITERATION_TIME_INDEX,SINCE_LAST
 1DIAGNOSTIC,     1, -9.167413711548e-01, 1.797693134862e+308, 1.5360e+03, 2.5600e+02, 
 1DIAGNOSTIC,     2, -9.197893142700e-01, 1.797693134862e+308, 1.6640e+03, 1.2800e+02, 
 1DIAGNOSTIC,     3, -9.237824678421e-01, 1.797693134862e+308, 1.7920e+03, 1.2800e+02, 
 1DIAGNOSTIC,     4, -9.266853928566e-01, 1.797693134862e+308, 1.9200e+03, 1.2800e+02, 
 1DIAGNOSTIC,     5, -9.291836619377e-01, 1.797693134862e+308, 2.0480e+03, 1.2800e+02, 
 1DIAGNOSTIC,     6, -9.312484860420e-01, 1.797693134862e+308, 2.1760e+03, 1.2800e+02, 
 1DIAGNOSTIC,     7, -9.330018758774e-01, 1.797693134862e+308, 2.3040e+03, 1.2800e+02, 
 1DIAGNOSTIC,     8, -9.345216751099e-01, 1.797693134862e+308, 2.5600e+03, 2.5600e+02, 
 1DIAGNOSTIC,     9, -9.358509778976e-01, 1.797693134862e+308, 2.6880e+03, 1.2800e+02, 
 1DIAGNOSTIC,    10, -9.370402097702e-01, 1.385107636452e-03, 2.8160e+03, 1.2800e+02, 
 1DIAGNOSTIC,    11, -9.381241202354e-01, 1.090541481972e-03, 2.9440e+03, 1.2800e+02, 
 1DIAGNOSTIC,    12, -9.391462206841e-01, 8.496344089508e-04, 3.0720e+03, 1.2800e+02, 
 1DIAGNOSTIC,    13, -9.400407671928e-01, 6.831064820290e-04, 3.2000e+03, 1.2800e+02, 
 1DIAGNOSTIC,    14, -9.408046007156e-01, 5.576685070992e-04, 3.4560e+03, 2.5600e+02, 
 1DIAGNOSTIC,    15, -9.414634704590e-01, 4.618316888809e-04, 3.5840e+03, 1.2800e+02, 
 1DIAGNOSTIC,    16, -9.417667388916e-01, 3.804117441177e-04, 3.7120e+03, 1.2800e+02, 
 1DIAGNOSTIC,    17, -9.423081874847e-01, 3.145262598991e-04, 3.8400e+03, 1.2800e+02, 
 1DIAGNOSTIC,    18, -9.425319433212e-01, 2.561509609222e-04, 3.9680e+03, 1.2800e+02, 
 1DIAGNOSTIC,    19, -9.427506923676e-01, 2.048909664154e-04, 4.0960e+03, 1.2800e+02, 
 1DIAGNOSTIC,    20, -9.429583549500e-01, 1.609474420547e-04, 4.2240e+03, 1.2800e+02, 
 1DIAGNOSTIC,    21, -9.431470632553e-01, 1.245662570000e-04, 4.4800e+03, 2.5600e+02, 
 1DIAGNOSTIC,    22, -9.434450864792e-01, 9.804591536522e-05, 4.6080e+03, 1.2800e+02, 
 1DIAGNOSTIC,    23, -9.436054229736e-01, 7.849559187889e-05, 4.7360e+03, 1.2800e+02, 
 1DIAGNOSTIC,    24, -9.438714981079e-01, 6.626173853874e-05, 4.8640e+03, 1.2800e+02, 
 1DIAGNOSTIC,    25, -9.439978599548e-01, 5.839392542839e-05, 4.9920e+03, 1.2800e+02, 
 1DIAGNOSTIC,    26, -9.441157579422e-01, 5.053356289864e-05, 5.1200e+03, 1.2800e+02, 
 1DIAGNOSTIC,    27, -9.442244768143e-01, 4.588067531586e-05, 5.3760e+03, 2.5600e+02, 
 1DIAGNOSTIC,    28, -9.443268775940e-01, 4.082173109055e-05, 5.5040e+03, 1.2800e+02, 
 1DIAGNOSTIC,    29, -9.444249868393e-01, 3.562495112419e-05, 5.6320e+03, 1.2800e+02, 
 1DIAGNOSTIC,    30, -9.445171356201e-01, 3.053247928619e-05, 5.7600e+03, 1.2800e+02, 
 1DIAGNOSTIC,    31, -9.445942640305e-01, 2.551823854446e-05, 5.8880e+03, 1.2800e+02, 
 1DIAGNOSTIC,    32, -9.446645379066e-01, 2.197176218033e-05, 6.0160e+03, 1.2800e+02, 
 1DIAGNOSTIC,    33, -9.447308778763e-01, 1.868233084679e-05, 6.1440e+03, 1.2800e+02, 
 1DIAGNOSTIC,    34, -9.447933435440e-01, 1.680850982666e-05, 6.4000e+03, 2.5600e+02, 
 1DIAGNOSTIC,    35, -9.448521137238e-01, 1.511164009571e-05, 6.5280e+03, 1.2800e+02, 
 1DIAGNOSTIC,    36, -9.449031352997e-01, 1.356191933155e-05, 6.6560e+03, 1.2800e+02, 
 1DIAGNOSTIC,    37, -9.449499845505e-01, 1.215003430843e-05, 6.7840e+03, 1.2800e+02, 
 1DIAGNOSTIC,    38, -9.449861645699e-01, 1.082569360733e-05, 6.9120e+03, 1.2800e+02, 
 1DIAGNOSTIC,    39, -9.450261592865e-01, 9.676441550255e-06, 7.0400e+03, 1.2800e+02, 
 1DIAGNOSTIC,    40, -9.450637698174e-01, 8.713454008102e-06, 7.2960e+03, 2.5600e+02, 
 1DIAGNOSTIC,    41, -9.450908899307e-01, 7.791444659233e-06, 7.4240e+03, 1.2800e+02, 
 1DIAGNOSTIC,    42, -9.451181292534e-01, 6.945803761482e-06, 7.5520e+03, 1.2800e+02, 
 1DIAGNOSTIC,    43, -9.451431035995e-01, 6.183981895447e-06, 7.6800e+03, 1.2800e+02, 
 1DIAGNOSTIC,    44, -9.451702237129e-01, 5.541369318962e-06, 7.8080e+03, 1.2800e+02, 
 1DIAGNOSTIC,    45, -9.451912641525e-01, 4.999339580536e-06, 7.9360e+03, 1.2800e+02, 
 1DIAGNOSTIC,    46, -9.452103376389e-01, 4.524365067482e-06, 8.1920e+03, 2.5600e+02, 
 1DIAGNOSTIC,    47, -9.452278614044e-01, 4.108995199203e-06, 8.3200e+03, 1.2800e+02, 
 1DIAGNOSTIC,    48, -9.452399611473e-01, 3.688037395477e-06, 8.4480e+03, 1.2800e+02, 
 1DIAGNOSTIC,    49, -9.452525377274e-01, 3.311783075333e-06, 8.5760e+03, 1.2800e+02, 
 1DIAGNOSTIC,    50, -9.452594518661e-01, 2.957880496979e-06, 8.7040e+03, 1.2800e+02, 
 1DIAGNOSTIC,    51, -9.452652931213e-01, 2.590939402580e-06, 8.8320e+03, 1.2800e+02, 
 1DIAGNOSTIC,    52, -9.452703595161e-01, 2.242624759674e-06, 8.9600e+03, 1.2800e+02, 
 1DIAGNOSTIC,    53, -9.452729225159e-01, 1.901760697365e-06, 9.2160e+03, 2.5600e+02, 
 1DIAGNOSTIC,    54, -9.452764391899e-01, 1.611188054085e-06, 9.3440e+03, 1.2800e+02, 
 1DIAGNOSTIC,    55, -9.452803134918e-01, 1.372769474983e-06, 9.4720e+03, 1.2800e+02, 
 1DIAGNOSTIC,    56, -9.452862739563e-01, 1.206994056702e-06, 9.6000e+03, 1.2800e+02, 
 1DIAGNOSTIC,    57, -9.452924132347e-01, 1.098960638046e-06, 9.7280e+03, 1.2800e+02, 
 1DIAGNOSTIC,    58, -9.452968835831e-01, 1.037493348122e-06, 9.8560e+03, 1.2800e+02, 
 1DIAGNOSTIC,    59, -9.452947378159e-01, 9.778887033463e-07, 1.0112e+04, 2.5600e+02, 
XXDIAGNOSTIC,Iteration,metricValue,convergenceValue,ITERATION_TIME_INDEX,SINCE_LAST
 1DIAGNOSTIC,     1, -8.936769962311e-01, 1.797693134862e+308, 1.1264e+04, 1.1520e+03, 
 1DIAGNOSTIC,     2, -8.954919576645e-01, 1.797693134862e+308, 1.2416e+04, 1.1520e+03, 
 1DIAGNOSTIC,     3, -8.978595733643e-01, 1.797693134862e+308, 1.3440e+04, 1.0240e+03, 
 1DIAGNOSTIC,     4, -9.001053571701e-01, 1.797693134862e+308, 1.4592e+04, 1.1520e+03, 
 1DIAGNOSTIC,     5, -9.024000763893e-01, 1.797693134862e+308, 1.5616e+04, 1.0240e+03, 
 1DIAGNOSTIC,     6, -9.043510556221e-01, 1.797693134862e+308, 1.6640e+04, 1.0240e+03, 
 1DIAGNOSTIC,     7, -9.062391519547e-01, 1.797693134862e+308, 1.7792e+04, 1.1520e+03, 
 1DIAGNOSTIC,     8, -9.080798625946e-01, 1.797693134862e+308, 1.8816e+04, 1.0240e+03, 
 1DIAGNOSTIC,     9, -9.096818566322e-01, 1.797693134862e+308, 1.9968e+04, 1.1520e+03, 
 1DIAGNOSTIC,    10, -9.111241102219e-01, 1.268737018108e-03, 2.0992e+04, 1.0240e+03, 
 1DIAGNOSTIC,    11, -9.124499559402e-01, 1.095935702324e-03, 2.2144e+04, 1.1520e+03, 
 1DIAGNOSTIC,    12, -9.136776924133e-01, 9.326562285423e-04, 2.3168e+04, 1.0240e+03, 
 1DIAGNOSTIC,    13, -9.148092865944e-01, 7.941722869873e-04, 2.4192e+04, 1.0240e+03, 
 1DIAGNOSTIC,    14, -9.158442616463e-01, 6.762221455574e-04, 2.5344e+04, 1.1520e+03, 
 1DIAGNOSTIC,    15, -9.165378212929e-01, 5.743652582169e-04, 2.6368e+04, 1.0240e+03, 
 1DIAGNOSTIC,    16, -9.171112179756e-01, 4.817917943001e-04, 2.7520e+04, 1.1520e+03, 
 1DIAGNOSTIC,    17, -9.176133275032e-01, 3.994926810265e-04, 2.8544e+04, 1.0240e+03, 
 1DIAGNOSTIC,    18, -9.180365800858e-01, 3.285259008408e-04, 2.9696e+04, 1.1520e+03, 
 1DIAGNOSTIC,    19, -9.184086322784e-01, 2.668797969818e-04, 3.0720e+04, 1.0240e+03, 
 1DIAGNOSTIC,    20, -9.187380075455e-01, 2.141855657101e-04, 3.1872e+04, 1.1520e+03, 
 1DIAGNOSTIC,    21, -9.190357327461e-01, 1.706629991531e-04, 3.2896e+04, 1.0240e+03, 
 1DIAGNOSTIC,    22, -9.193193912506e-01, 1.365132629871e-04, 3.4048e+04, 1.1520e+03, 
 1DIAGNOSTIC,    23, -9.195776581764e-01, 1.112930476665e-04, 3.5072e+04, 1.0240e+03, 
 1DIAGNOSTIC,    24, -9.198427796364e-01, 9.461864829063e-05, 3.6096e+04, 1.0240e+03, 
 1DIAGNOSTIC,    25, -9.202265739441e-01, 8.383020758629e-05, 3.7248e+04, 1.1520e+03, 
 1DIAGNOSTIC,    26, -9.204697608948e-01, 7.573142647743e-05, 3.8272e+04, 1.0240e+03, 
 1DIAGNOSTIC,    27, -9.207109212875e-01, 6.972253322601e-05, 3.9424e+04, 1.1520e+03, 
 1DIAGNOSTIC,    28, -9.209642410278e-01, 6.514042615891e-05, 4.0448e+04, 1.0240e+03, 
 1DIAGNOSTIC,    29, -9.212311506271e-01, 6.159767508507e-05, 4.1600e+04, 1.1520e+03, 
 1DIAGNOSTIC,    30, -9.215081930161e-01, 5.876645445824e-05, 4.2624e+04, 1.0240e+03, 
 1DIAGNOSTIC,    31, -9.217901229858e-01, 5.639716982841e-05, 4.3776e+04, 1.1520e+03, 
 1DIAGNOSTIC,    32, -9.220848083496e-01, 5.451589822769e-05, 4.4800e+04, 1.0240e+03, 
 1DIAGNOSTIC,    33, -9.223952889442e-01, 5.298107862473e-05, 4.5952e+04, 1.1520e+03, 
 1DIAGNOSTIC,    34, -9.227244853973e-01, 5.192682147026e-05, 4.6976e+04, 1.0240e+03, 
 1DIAGNOSTIC,    35, -9.230465888977e-01, 5.229003727436e-05, 4.8128e+04, 1.1520e+03, 
 1DIAGNOSTIC,    36, -9.233601093292e-01, 5.249679088593e-05, 4.9152e+04, 1.0240e+03, 
 1DIAGNOSTIC,    37, -9.236800074577e-01, 5.243904888630e-05, 5.0304e+04, 1.1520e+03, 
 1DIAGNOSTIC,    38, -9.240012764931e-01, 5.210936069489e-05, 5.1328e+04, 1.0240e+03, 
 1DIAGNOSTIC,    39, -9.242857694626e-01, 5.123578011990e-05, 5.2480e+04, 1.1520e+03, 
 1DIAGNOSTIC,    40, -9.245303869247e-01, 4.959665238857e-05, 5.3504e+04, 1.0240e+03, 
 1DIAGNOSTIC,    41, -9.247356653214e-01, 4.703179001808e-05, 5.4528e+04, 1.0240e+03, 
 1DIAGNOSTIC,    42, -9.249067902565e-01, 4.357472062111e-05, 5.5680e+04, 1.1520e+03, 
 1DIAGNOSTIC,    43, -9.249879121780e-01, 3.896094858646e-05, 5.6704e+04, 1.0240e+03, 
 1DIAGNOSTIC,    44, -9.249954223633e-01, 3.326125442982e-05, 5.7856e+04, 1.1520e+03, 
 1DIAGNOSTIC,    45, -9.249492287636e-01, 2.657994627953e-05, 5.8880e+04, 1.0240e+03, 
 1DIAGNOSTIC,    46, -9.248741865158e-01, 1.931004226208e-05, 6.0032e+04, 1.1520e+03, 
 1DIAGNOSTIC,    47, -9.247686862946e-01, 1.196004450321e-05, 6.1056e+04, 1.0240e+03, 
 1DIAGNOSTIC,    48, -9.246619343758e-01, 5.204230546951e-06, 6.2208e+04, 1.1520e+03, 
 1DIAGNOSTIC,    49, -9.245476722717e-01, -6.407499313354e-07, 6.3232e+04, 1.0240e+03, 
XXDIAGNOSTIC,Iteration,metricValue,convergenceValue,ITERATION_TIME_INDEX,SINCE_LAST
 1DIAGNOSTIC,     1, -8.907961845398e-01, 1.797693134862e+308, 7.2192e+04, 8.9600e+03, 
 1DIAGNOSTIC,     2, -8.921724557877e-01, 1.797693134862e+308, 8.1024e+04, 8.8320e+03, 
 1DIAGNOSTIC,     3, -8.938577175140e-01, 1.797693134862e+308, 8.9856e+04, 8.8320e+03, 
 1DIAGNOSTIC,     4, -8.958283662796e-01, 1.797693134862e+308, 9.8688e+04, 8.8320e+03, 
 1DIAGNOSTIC,     5, -8.977658152580e-01, 1.797693134862e+308, 1.0752e+05, 8.8320e+03, 
 1DIAGNOSTIC,     6, -8.995295763016e-01, 1.797693134862e+308, 1.1635e+05, 8.8320e+03, 
 1DIAGNOSTIC,     7, -9.011316299438e-01, 1.797693134862e+308, 1.2531e+05, 8.9600e+03, 
 1DIAGNOSTIC,     8, -9.026094675064e-01, 1.797693134862e+308, 1.3414e+05, 8.8320e+03, 
 1DIAGNOSTIC,     9, -9.039755463600e-01, 1.797693134862e+308, 1.4298e+05, 8.8320e+03, 
 1DIAGNOSTIC,    10, -9.052474498749e-01, 1.068599522114e-03, 1.5181e+05, 8.8320e+03, 
 1DIAGNOSTIC,    11, -9.065791368484e-01, 9.398609399796e-04, 1.6051e+05, 8.7040e+03, 
 1DIAGNOSTIC,    12, -9.078561067581e-01, 8.176714181900e-04, 1.6934e+05, 8.8320e+03, 
