---------------------
Experiment information

SIF_IMG: /mnt/lustre/mathdugre/containers/ants-flint-base.simg
SIF_IMG_BASE: /mnt/lustre/mathdugre/containers/ants-flint-base.simg
EXPERIMENT_NAME: flint-vprec-single-five-levels
STAGE: affine
SUBJECT_ID: s036
REPETITION_ID: 1

FIXED_IMG: /templateflow/tpl-MNI152NLin2009cAsym/tpl-MNI152NLin2009cAsym_res-01_desc-brain_T1w.nii.gz
INPUT_IMG: /mnt/lustre/mathdugre/fast-interpolate/datasets/ds004513/derivatives/flint/ants/flint-vprec-single-five-levels/sub-s036/ses-open/anat/0/1_Rigid.nii.gz

DATA_DIR: /mnt/lustre/mathdugre/fast-interpolate/datasets/ds004513
OUTPUT_DIR: /mnt/lustre/mathdugre/fast-interpolate/datasets/ds004513/derivatives/flint/ants/flint-vprec-single-five-levels/sub-s036/ses-open/anat
OUTPUT_PREFIX: 00
THREAD: 1
FLOAT: 0
VFC_BACKENDS: ieee
---------------------

--output [/mnt/lustre/mathdugre/fast-interpolate/datasets/ds004513/derivatives/flint/ants/flint-vprec-single-five-levels/sub-s036/ses-open/anat/00/1_,/mnt/lustre/mathdugre/fast-interpolate/datasets/ds004513/derivatives/flint/ants/flint-vprec-single-five-levels/sub-s036/ses-open/anat/00/1_Affine.nii.gz,/mnt/lustre/mathdugre/fast-interpolate/datasets/ds004513/derivatives/flint/ants/flint-vprec-single-five-levels/sub-s036/ses-open/anat/00/1_InverseAffine.nii.gz] --initial-moving-transform [/templateflow/tpl-MNI152NLin2009cAsym/tpl-MNI152NLin2009cAsym_res-01_desc-brain_T1w.nii.gz,/mnt/lustre/mathdugre/fast-interpolate/datasets/ds004513/derivatives/flint/ants/flint-vprec-single-five-levels/sub-s036/ses-open/anat/0/1_Rigid.nii.gz,1] --transform Affine[0.1] --metric MI[/templateflow/tpl-MNI152NLin2009cAsym/tpl-MNI152NLin2009cAsym_res-01_desc-brain_T1w.nii.gz,/mnt/lustre/mathdugre/fast-interpolate/datasets/ds004513/derivatives/flint/ants/flint-vprec-single-five-levels/sub-s036/ses-open/anat/0/1_Rigid.nii.gz,1,32,Regular,0.25] --convergence [1000x1000x500x250x100,1e-6,10] --shrink-factors 16x8x4x2x1 --smoothing-sigmas 4x3x2x1x0vox
All_Command_lines_OK
Using double precision for computations.
=============================================================================
The composite transform comprises the following transforms (in order): 
  1. Center of mass alignment using fixed image: /templateflow/tpl-MNI152NLin2009cAsym/tpl-MNI152NLin2009cAsym_res-01_desc-brain_T1w.nii.gz and moving image: /mnt/lustre/mathdugre/fast-interpolate/datasets/ds004513/derivatives/flint/ants/flint-vprec-single-five-levels/sub-s036/ses-open/anat/0/1_Rigid.nii.gz (type = Euler3DTransform)
=============================================================================
  number of levels = 5
  fixed image: /templateflow/tpl-MNI152NLin2009cAsym/tpl-MNI152NLin2009cAsym_res-01_desc-brain_T1w.nii.gz
  moving image: /mnt/lustre/mathdugre/fast-interpolate/datasets/ds004513/derivatives/flint/ants/flint-vprec-single-five-levels/sub-s036/ses-open/anat/0/1_Rigid.nii.gz
Dimension = 3
Number of stages = 1
Use histogram matching = false
Winsorize image intensities = true
  Lower quantile = 0.005
  Upper quantile = 0.995


Stage 1 State
   Image metric = MattesMI
     Fixed image = Image (0x56167c2ff190)
  RTTI typeinfo:   itk::Image<double, 3u>
  Reference Count: 2
  Modified Time: 1622
  Debug: Off
  Object Name: 
  Observers: 
    none
  Source: (none)
  Source output name: (none)
  Release Data: Off
  Data Released: False
  Global Release Data: Off
  PipelineMTime: 0
  UpdateMTime: 1407
  RealTimeStamp: 0 seconds 
  LargestPossibleRegion: 
    Dimension: 3
    Index: [0, 0, 0]
    Size: [193, 229, 193]
  BufferedRegion: 
    Dimension: 3
    Index: [0, 0, 0]
    Size: [193, 229, 193]
  RequestedRegion: 
    Dimension: 3
    Index: [0, 0, 0]
    Size: [193, 229, 193]
  Spacing: [1, 1, 1]
  Origin: [96, 132, -78]
  Direction: 
-1 0 0
0 -1 0
0 0 1

  IndexToPointMatrix: 
-1 0 0
0 -1 0
0 0 1

  PointToIndexMatrix: 
-1 0 0
0 -1 0
0 0 1

  Inverse Direction: 
-1 0 0
0 -1 0
0 0 1

  PixelContainer: 
    ImportImageContainer (0x56167c36b010)
      RTTI typeinfo:   itk::ImportImageContainer<unsigned long, double>
      Reference Count: 1
      Modified Time: 1404
      Debug: Off
      Object Name: 
      Observers: 
        none
      Pointer: 0x7f86e4ee3010
      Container manages memory: true
      Size: 8530021
      Capacity: 8530021

     Moving image = Image (0x56167c306120)
  RTTI typeinfo:   itk::Image<double, 3u>
  Reference Count: 2
  Modified Time: 1623
  Debug: Off
  Object Name: 
  Observers: 
    none
  Source: (none)
  Source output name: (none)
  Release Data: Off
  Data Released: False
  Global Release Data: Off
  PipelineMTime: 0
  UpdateMTime: 1620
  RealTimeStamp: 0 seconds 
  LargestPossibleRegion: 
    Dimension: 3
    Index: [0, 0, 0]
    Size: [193, 229, 193]
  BufferedRegion: 
    Dimension: 3
    Index: [0, 0, 0]
    Size: [193, 229, 193]
  RequestedRegion: 
    Dimension: 3
    Index: [0, 0, 0]
    Size: [193, 229, 193]
  Spacing: [1, 1, 1]
  Origin: [96, 132, -78]
  Direction: 
-1 0 0
0 -1 0
0 0 1

  IndexToPointMatrix: 
-1 0 0
0 -1 0
0 0 1

  PointToIndexMatrix: 
-1 0 0
0 -1 0
0 0 1

  Inverse Direction: 
-1 0 0
0 -1 0
0 0 1

  PixelContainer: 
    ImportImageContainer (0x56167c3cd4d0)
      RTTI typeinfo:   itk::ImportImageContainer<unsigned long, double>
      Reference Count: 1
      Modified Time: 1617
      Debug: Off
      Object Name: 
      Observers: 
        none
      Pointer: 0x7f86e0dce010
      Container manages memory: true
      Size: 8530021
      Capacity: 8530021

     Weighting = 1
     Sampling strategy = regular
     Number of bins = 32
     Radius = 4
     Sampling percentage  = 0.25
   Transform = Affine
     Gradient step = 0.1
     Update field sigma (voxel space) = 0
     Total field sigma (voxel space) = 0
     Update field time sigma = 0
     Total field time sigma  = 0
     Number of time indices = 0
     Number of time point samples = 0
Registration using 1 total stages.

Stage 0
  iterations = 1000x1000x500x250x100
  convergence threshold = 1e-06
  convergence window size = 10
  number of levels = 5
  using the Mattes MI metric (number of bins = 32, weight = 1, use gradient filter = 0)
  preprocessing:  winsorizing the image intensities
  Shrink factors (level 1 out of 5): [16, 16, 16]
  Shrink factors (level 2 out of 5): [8, 8, 8]
  Shrink factors (level 3 out of 5): [4, 4, 4]
  Shrink factors (level 4 out of 5): [2, 2, 2]
  Shrink factors (level 5 out of 5): [1, 1, 1]
  smoothing sigmas per level: [4, 3, 2, 1, 0]
  regular sampling (percentage = 0.25)

*** Running AffineTransform registration ***

DIAGNOSTIC,Iteration,metricValue,convergenceValue,ITERATION_TIME_INDEX,SINCE_LAST
 2DIAGNOSTIC,     1, -6.948296249261e-01, 1.797693134862e+308, 1.4440e+00, 1.4440e+00, 
 2DIAGNOSTIC,     2, -6.975099014616e-01, 1.797693134862e+308, 1.4453e+00, 1.3690e-03, 
 2DIAGNOSTIC,     3, -7.012639050997e-01, 1.797693134862e+308, 1.4466e+00, 1.2591e-03, 
 2DIAGNOSTIC,     4, -7.080647806633e-01, 1.797693134862e+308, 1.4479e+00, 1.2500e-03, 
 2DIAGNOSTIC,     5, -7.181226371612e-01, 1.797693134862e+308, 1.4491e+00, 1.2910e-03, 
 2DIAGNOSTIC,     6, -7.443493766237e-01, 1.797693134862e+308, 1.4506e+00, 1.4250e-03, 
 2DIAGNOSTIC,     7, -8.015474438401e-01, 1.797693134862e+308, 1.4526e+00, 2.0070e-03, 
 2DIAGNOSTIC,     8, -8.391833366777e-01, 1.797693134862e+308, 1.4543e+00, 1.7140e-03, 
 2DIAGNOSTIC,     9, -8.433152228965e-01, 1.797693134862e+308, 1.4556e+00, 1.2920e-03, 
 2DIAGNOSTIC,    10, -8.612183800981e-01, 1.638395308018e-02, 1.4582e+00, 2.6529e-03, 
 2DIAGNOSTIC,    11, -8.847603587840e-01, 1.632823878336e-02, 1.4598e+00, 1.5452e-03, 
 2DIAGNOSTIC,    12, -9.277168218838e-01, 1.610182138788e-02, 1.4613e+00, 1.5049e-03, 
 2DIAGNOSTIC,    13, -9.552975692856e-01, 1.527022171624e-02, 1.4630e+00, 1.6751e-03, 
 2DIAGNOSTIC,    14, -9.682645205962e-01, 1.371131268780e-02, 1.4655e+00, 2.5129e-03, 
 2DIAGNOSTIC,    15, -9.703102558009e-01, 1.145816639079e-02, 1.4669e+00, 1.4210e-03, 
 2DIAGNOSTIC,    16, -9.772066220421e-01, 9.173575348133e-03, 1.4683e+00, 1.3900e-03, 
 2DIAGNOSTIC,    17, -9.877660295525e-01, 7.677837341761e-03, 1.4697e+00, 1.4021e-03, 
 2DIAGNOSTIC,    18, -9.959354695639e-01, 6.515470303884e-03, 1.4711e+00, 1.4079e-03, 
 2DIAGNOSTIC,    19, -1.001221772688e+00, 5.062678062599e-03, 1.4727e+00, 1.5879e-03, 
 2DIAGNOSTIC,    20, -1.008278198646e+00, 3.725906826560e-03, 1.4741e+00, 1.4021e-03, 
 2DIAGNOSTIC,    21, -1.015556017447e+00, 2.656716627848e-03, 1.4756e+00, 1.5581e-03, 
 2DIAGNOSTIC,    22, -1.018809652891e+00, 2.120576960895e-03, 1.4773e+00, 1.6949e-03, 
 2DIAGNOSTIC,    23, -1.019570942621e+00, 1.832728668896e-03, 1.4789e+00, 1.5261e-03, 
 2DIAGNOSTIC,    24, -1.021173851564e+00, 1.598020493237e-03, 1.4802e+00, 1.3800e-03, 
 2DIAGNOSTIC,    25, -1.022148908185e+00, 1.272886466083e-03, 1.4818e+00, 1.5259e-03, 
 2DIAGNOSTIC,    26, -1.022429149945e+00, 9.409997624651e-04, 1.4833e+00, 1.5290e-03, 
 2DIAGNOSTIC,    27, -1.023064477452e+00, 6.777722520694e-04, 1.4848e+00, 1.5280e-03, 
 2DIAGNOSTIC,    28, -1.024105596950e+00, 4.752770981098e-04, 1.4864e+00, 1.5280e-03, 
 2DIAGNOSTIC,    29, -1.024399384246e+00, 3.025603528218e-04, 1.4879e+00, 1.5111e-03, 
 2DIAGNOSTIC,    30, -1.024588662434e+00, 1.874944637291e-04, 1.4894e+00, 1.5221e-03, 
 2DIAGNOSTIC,    31, -1.025335694909e+00, 1.425375167392e-04, 1.4909e+00, 1.5271e-03, 
 2DIAGNOSTIC,    32, -1.025698958553e+00, 1.219722732121e-04, 1.4924e+00, 1.5230e-03, 
 2DIAGNOSTIC,    33, -1.025848784359e+00, 9.937268012671e-05, 1.4941e+00, 1.6570e-03, 
 2DIAGNOSTIC,    34, -1.025968529499e+00, 8.432359209506e-05, 1.4955e+00, 1.3690e-03, 
 2DIAGNOSTIC,    35, -1.026051252110e+00, 7.166291682403e-05, 1.4968e+00, 1.3590e-03, 
 2DIAGNOSTIC,    36, -1.026139891827e+00, 5.606924937514e-05, 1.4983e+00, 1.5109e-03, 
 2DIAGNOSTIC,    37, -1.026208909000e+00, 4.167498476766e-05, 1.5003e+00, 1.9460e-03, 
 2DIAGNOSTIC,    38, -1.026222655617e+00, 3.265080180289e-05, 1.5016e+00, 1.3640e-03, 
 2DIAGNOSTIC,    39, -1.026309073408e+00, 2.412031980565e-05, 1.5030e+00, 1.3599e-03, 
 2DIAGNOSTIC,    40, -1.026399888563e+00, 1.581570075011e-05, 1.5044e+00, 1.3671e-03, 
 2DIAGNOSTIC,    41, -1.026436568714e+00, 1.219551447671e-05, 1.5059e+00, 1.5070e-03, 
 2DIAGNOSTIC,    42, -1.026453922626e+00, 1.038556269914e-05, 1.5072e+00, 1.3640e-03, 
 2DIAGNOSTIC,    43, -1.026474714305e+00, 8.939081772876e-06, 1.5087e+00, 1.5068e-03, 
 2DIAGNOSTIC,    44, -1.026511245813e+00, 7.835361457612e-06, 1.5107e+00, 1.9410e-03, 
 2DIAGNOSTIC,    45, -1.026516570270e+00, 6.667779464595e-06, 1.5120e+00, 1.3602e-03, 
 2DIAGNOSTIC,    46, -1.026531952612e+00, 5.658444598319e-06, 1.5134e+00, 1.3561e-03, 
 2DIAGNOSTIC,    47, -1.026539512951e+00, 4.721272982462e-06, 1.5148e+00, 1.3599e-03, 
 2DIAGNOSTIC,    48, -1.026547690227e+00, 3.571525749393e-06, 1.5161e+00, 1.3649e-03, 
 2DIAGNOSTIC,    49, -1.026554434330e+00, 2.746551552184e-06, 1.5178e+00, 1.6479e-03, 
 2DIAGNOSTIC,    50, -1.026558917928e+00, 2.319887267743e-06, 1.5194e+00, 1.6580e-03, 
 2DIAGNOSTIC,    51, -1.026560190575e+00, 1.974652978326e-06, 1.5208e+00, 1.3590e-03, 
 2DIAGNOSTIC,    52, -1.026574114168e+00, 1.694764211923e-06, 1.5223e+00, 1.5111e-03, 
 2DIAGNOSTIC,    53, -1.026584050735e+00, 1.490191434510e-06, 1.5237e+00, 1.3609e-03, 
 2DIAGNOSTIC,    54, -1.026586151152e+00, 1.422105022623e-06, 1.5250e+00, 1.3640e-03, 
 2DIAGNOSTIC,    55, -1.026592361398e+00, 1.341791959382e-06, 1.5268e+00, 1.7879e-03, 
 2DIAGNOSTIC,    56, -1.026594308375e+00, 1.285132454693e-06, 1.5282e+00, 1.3630e-03, 
 2DIAGNOSTIC,    57, -1.026595158650e+00, 1.206793873158e-06, 1.5295e+00, 1.3580e-03, 
 2DIAGNOSTIC,    58, -1.026597485860e+00, 1.124064262812e-06, 1.5309e+00, 1.3599e-03, 
 2DIAGNOSTIC,    59, -1.026603938584e+00, 1.057558981596e-06, 1.5323e+00, 1.3659e-03, 
 2DIAGNOSTIC,    60, -1.026610488542e+00, 1.000512437895e-06, 1.5338e+00, 1.5030e-03, 
DIAGNOSTIC,Iteration,metricValue,convergenceValue,ITERATION_TIME_INDEX,SINCE_LAST
 2DIAGNOSTIC,     1, -8.386761230956e-01, 1.797693134862e+308, 2.9799e+00, 1.4462e+00, 
 2DIAGNOSTIC,     2, -8.404735618158e-01, 1.797693134862e+308, 2.9909e+00, 1.0971e-02, 
 2DIAGNOSTIC,     3, -8.430163782480e-01, 1.797693134862e+308, 3.0018e+00, 1.0897e-02, 
 2DIAGNOSTIC,     4, -8.457559055810e-01, 1.797693134862e+308, 3.0127e+00, 1.0899e-02, 
 2DIAGNOSTIC,     5, -8.475619500253e-01, 1.797693134862e+308, 3.0235e+00, 1.0827e-02, 
 2DIAGNOSTIC,     6, -8.488890706602e-01, 1.797693134862e+308, 3.0344e+00, 1.0866e-02, 
 2DIAGNOSTIC,     7, -8.504248211673e-01, 1.797693134862e+308, 3.0491e+00, 1.4684e-02, 
 2DIAGNOSTIC,     8, -8.508173054717e-01, 1.797693134862e+308, 3.0662e+00, 1.7146e-02, 
 2DIAGNOSTIC,     9, -8.508366149747e-01, 1.797693134862e+308, 3.0771e+00, 1.0879e-02, 
 2DIAGNOSTIC,    10, -8.508976382536e-01, 9.816441016856e-04, 3.0882e+00, 1.1079e-02, 
 2DIAGNOSTIC,    11, -8.509895742316e-01, 6.965241951593e-04, 3.0992e+00, 1.1049e-02, 
 2DIAGNOSTIC,    12, -8.511154548105e-01, 4.494604648320e-04, 3.1103e+00, 1.1069e-02, 
 2DIAGNOSTIC,    13, -8.512682540300e-01, 2.684766252986e-04, 3.1214e+00, 1.1128e-02, 
 2DIAGNOSTIC,    14, -8.514480736966e-01, 1.588393064297e-04, 3.1325e+00, 1.1097e-02, 
 2DIAGNOSTIC,    15, -8.516954951372e-01, 9.509937766092e-05, 3.1449e+00, 1.2404e-02, 
 2DIAGNOSTIC,    16, -8.521057696078e-01, 6.629026934631e-05, 3.1564e+00, 1.1435e-02, 
 2DIAGNOSTIC,    17, -8.522683896450e-01, 6.804860500514e-05, 3.1697e+00, 1.3374e-02, 
 2DIAGNOSTIC,    18, -8.523875496819e-01, 7.305738836654e-05, 3.1821e+00, 1.2360e-02, 
 2DIAGNOSTIC,    19, -8.524923192082e-01, 7.315517498455e-05, 3.1932e+00, 1.1107e-02, 
 2DIAGNOSTIC,    20, -8.526433448555e-01, 7.008430400708e-05, 3.2067e+00, 1.3543e-02, 
 2DIAGNOSTIC,    21, -8.527056811423e-01, 6.325171526615e-05, 3.2181e+00, 1.1404e-02, 
 2DIAGNOSTIC,    22, -8.527532486154e-01, 5.389918768435e-05, 3.2329e+00, 1.4783e-02, 
 2DIAGNOSTIC,    23, -8.527692984584e-01, 4.296058939050e-05, 3.2452e+00, 1.2236e-02, 
 2DIAGNOSTIC,    24, -8.527796607231e-01, 3.167418739456e-05, 3.2561e+00, 1.0965e-02, 
 2DIAGNOSTIC,    25, -8.528026513268e-01, 2.192270770787e-05, 3.2670e+00, 1.0885e-02, 
 2DIAGNOSTIC,    26, -8.528118626931e-01, 1.633009724799e-05, 3.2784e+00, 1.1377e-02, 
 2DIAGNOSTIC,    27, -8.528296545811e-01, 1.195681563444e-05, 3.2905e+00, 1.2118e-02, 
 2DIAGNOSTIC,    28, -8.528664123006e-01, 8.733782992106e-06, 3.3100e+00, 1.9479e-02, 
 2DIAGNOSTIC,    29, -8.528673017131e-01, 6.190281803514e-06, 3.3207e+00, 1.0759e-02, 
 2DIAGNOSTIC,    30, -8.528715167330e-01, 5.056997479012e-06, 3.3315e+00, 1.0722e-02, 
 2DIAGNOSTIC,    31, -8.528774742004e-01, 4.346315029949e-06, 3.3421e+00, 1.0672e-02, 
 2DIAGNOSTIC,    32, -8.528849059847e-01, 3.934486599723e-06, 3.3528e+00, 1.0653e-02, 
 2DIAGNOSTIC,    33, -8.528935822786e-01, 3.512982139291e-06, 3.3634e+00, 1.0620e-02, 
 2DIAGNOSTIC,    34, -8.529026598220e-01, 3.060789976729e-06, 3.3740e+00, 1.0623e-02, 
 2DIAGNOSTIC,    35, -8.529112368156e-01, 2.738085444935e-06, 3.3846e+00, 1.0572e-02, 
 2DIAGNOSTIC,    36, -8.529195769179e-01, 2.420691028720e-06, 3.3953e+00, 1.0728e-02, 
 2DIAGNOSTIC,    37, -8.529251736040e-01, 2.175233976560e-06, 3.4096e+00, 1.4269e-02, 
 2DIAGNOSTIC,    38, -8.529279602155e-01, 2.165137844814e-06, 3.4202e+00, 1.0596e-02, 
 2DIAGNOSTIC,    39, -8.529321030969e-01, 2.072079680896e-06, 3.4308e+00, 1.0560e-02, 
 2DIAGNOSTIC,    40, -8.529414356796e-01, 1.975939003456e-06, 3.4426e+00, 1.1820e-02, 
 2DIAGNOSTIC,    41, -8.529534857750e-01, 1.916000314055e-06, 3.4569e+00, 1.4332e-02, 
 2DIAGNOSTIC,    42, -8.529609161770e-01, 1.865983807744e-06, 3.4682e+00, 1.1248e-02, 
 2DIAGNOSTIC,    43, -8.529842183713e-01, 1.960687063426e-06, 3.4791e+00, 1.0922e-02, 
 2DIAGNOSTIC,    44, -8.530003284750e-01, 2.121463709294e-06, 3.4960e+00, 1.6920e-02, 
 2DIAGNOSTIC,    45, -8.530021610544e-01, 2.215706687562e-06, 3.5069e+00, 1.0900e-02, 
 2DIAGNOSTIC,    46, -8.530079235908e-01, 2.265377669938e-06, 3.5176e+00, 1.0710e-02, 
 2DIAGNOSTIC,    47, -8.530116041507e-01, 2.228173175065e-06, 3.5280e+00, 1.0422e-02, 
 2DIAGNOSTIC,    48, -8.530135295053e-01, 2.074768552598e-06, 3.5383e+00, 1.0296e-02, 
 2DIAGNOSTIC,    49, -8.530158187134e-01, 1.834341413483e-06, 3.5485e+00, 1.0215e-02, 
 2DIAGNOSTIC,    50, -8.530195867913e-01, 1.577708772647e-06, 3.5600e+00, 1.1452e-02, 
 2DIAGNOSTIC,    51, -8.530201840938e-01, 1.324831058750e-06, 3.5702e+00, 1.0192e-02, 
 2DIAGNOSTIC,    52, -8.530214064196e-01, 1.067070711080e-06, 3.5865e+00, 1.6348e-02, 
DIAGNOSTIC,Iteration,metricValue,convergenceValue,ITERATION_TIME_INDEX,SINCE_LAST
 2DIAGNOSTIC,     1, -7.223023962719e-01, 1.797693134862e+308, 5.1482e+00, 1.5617e+00, 
 2DIAGNOSTIC,     2, -7.226294702019e-01, 1.797693134862e+308, 5.2611e+00, 1.1281e-01, 
 2DIAGNOSTIC,     3, -7.229870446016e-01, 1.797693134862e+308, 5.3737e+00, 1.1268e-01, 
 2DIAGNOSTIC,     4, -7.236688171520e-01, 1.797693134862e+308, 5.5321e+00, 1.5841e-01, 
 2DIAGNOSTIC,     5, -7.240250534541e-01, 1.797693134862e+308, 5.7357e+00, 2.0354e-01, 
 2DIAGNOSTIC,     6, -7.240279321913e-01, 1.797693134862e+308, 5.8482e+00, 1.1247e-01, 
 2DIAGNOSTIC,     7, -7.240343302752e-01, 1.797693134862e+308, 5.9608e+00, 1.1266e-01, 
 2DIAGNOSTIC,     8, -7.240444973638e-01, 1.797693134862e+308, 6.0745e+00, 1.1366e-01, 
 2DIAGNOSTIC,     9, -7.240601141697e-01, 1.797693134862e+308, 6.1871e+00, 1.1263e-01, 
 2DIAGNOSTIC,    10, -7.240830956684e-01, 1.580984766145e-04, 6.3003e+00, 1.1317e-01, 
 2DIAGNOSTIC,    11, -7.241144363952e-01, 1.002719681027e-04, 6.4133e+00, 1.1302e-01, 
 2DIAGNOSTIC,    12, -7.241558151603e-01, 5.552302168363e-05, 6.5267e+00, 1.1339e-01, 
 2DIAGNOSTIC,    13, -7.242111662988e-01, 2.488266881909e-05, 6.6395e+00, 1.1276e-01, 
 2DIAGNOSTIC,    14, -7.242873463179e-01, 1.753481846138e-05, 6.7521e+00, 1.1265e-01, 
 2DIAGNOSTIC,    15, -7.243631052657e-01, 2.105012009429e-05, 6.8650e+00, 1.1291e-01, 
 2DIAGNOSTIC,    16, -7.244776028077e-01, 2.524744996882e-05, 7.0532e+00, 1.8822e-01, 
 2DIAGNOSTIC,    17, -7.244823139914e-01, 2.702283026433e-05, 7.1660e+00, 1.1275e-01, 
 2DIAGNOSTIC,    18, -7.244886533942e-01, 2.666898201588e-05, 7.2791e+00, 1.1307e-01, 
 2DIAGNOSTIC,    19, -7.244958659772e-01, 2.452412523343e-05, 7.4068e+00, 1.2769e-01, 
 2DIAGNOSTIC,    20, -7.244979832834e-01, 2.093309779713e-05, 7.5352e+00, 1.2842e-01, 
 2DIAGNOSTIC,    21, -7.244986013872e-01, 1.645417680035e-05, 7.7090e+00, 1.7382e-01, 
 2DIAGNOSTIC,    22, -7.244986531580e-01, 1.173002846384e-05, 7.8827e+00, 1.7371e-01, 
 2DIAGNOSTIC,    23, -7.244986701650e-01, 7.408071699876e-06, 7.9955e+00, 1.1277e-01, 
 2DIAGNOSTIC,    24, -7.244987435743e-01, 4.114903607598e-06, 8.1085e+00, 1.1307e-01, 
 2DIAGNOSTIC,    25, -7.244988562438e-01, 1.964628313811e-06, 8.2216e+00, 1.1308e-01, 
 2DIAGNOSTIC,    26, -7.244990237209e-01, 1.646418739003e-06, 8.3353e+00, 1.1370e-01, 
 2DIAGNOSTIC,    27, -7.244992661969e-01, 1.383072845307e-06, 8.4485e+00, 1.1320e-01, 
 2DIAGNOSTIC,    28, -7.244995841929e-01, 1.210143835743e-06, 8.5618e+00, 1.1325e-01, 
 2DIAGNOSTIC,    29, -7.244999127512e-01, 1.143488273105e-06, 8.6752e+00, 1.1339e-01, 
 2DIAGNOSTIC,    30, -7.245001765743e-01, 1.107798158956e-06, 8.7886e+00, 1.1346e-01, 
 2DIAGNOSTIC,    31, -7.245002610857e-01, 1.078829099235e-06, 8.9328e+00, 1.4423e-01, 
 2DIAGNOSTIC,    32, -7.245003509672e-01, 1.048490378373e-06, 9.1695e+00, 2.3664e-01, 
 2DIAGNOSTIC,    33, -7.245003511713e-01, 1.015043140068e-06, 9.3599e+00, 1.9037e-01, 
DIAGNOSTIC,Iteration,metricValue,convergenceValue,ITERATION_TIME_INDEX,SINCE_LAST
 2DIAGNOSTIC,     1, -6.176835549002e-01, 1.797693134862e+308, 1.1712e+01, 2.3520e+00, 
 2DIAGNOSTIC,     2, -6.180561866888e-01, 1.797693134862e+308, 1.2462e+01, 7.4976e-01, 
 2DIAGNOSTIC,     3, -6.184060527566e-01, 1.797693134862e+308, 1.3210e+01, 7.4877e-01, 
 2DIAGNOSTIC,     4, -6.189085405642e-01, 1.797693134862e+308, 1.4054e+01, 8.4377e-01, 
 2DIAGNOSTIC,     5, -6.191744807408e-01, 1.797693134862e+308, 1.5299e+01, 1.2444e+00, 
 2DIAGNOSTIC,     6, -6.191762819932e-01, 1.797693134862e+308, 1.6052e+01, 7.5325e-01, 
 2DIAGNOSTIC,     7, -6.191798308655e-01, 1.797693134862e+308, 1.6796e+01, 7.4395e-01, 
 2DIAGNOSTIC,     8, -6.191845439510e-01, 1.797693134862e+308, 1.7538e+01, 7.4217e-01, 
 2DIAGNOSTIC,     9, -6.191899780605e-01, 1.797693134862e+308, 1.8287e+01, 7.4895e-01, 
 2DIAGNOSTIC,    10, -6.191963163050e-01, 1.490860287944e-04, 1.9032e+01, 7.4550e-01, 
 2DIAGNOSTIC,    11, -6.192021272633e-01, 8.803000251302e-05, 1.9773e+01, 7.4078e-01, 
 2DIAGNOSTIC,    12, -6.192051107148e-01, 4.390712488572e-05, 2.0808e+01, 1.0350e+00, 
 2DIAGNOSTIC,    13, -6.192052443187e-01, 1.481868069061e-05, 2.1557e+01, 7.4917e-01, 
 2DIAGNOSTIC,    14, -6.192055010534e-01, 5.006247284223e-06, 2.2508e+01, 9.5020e-01, 
 2DIAGNOSTIC,    15, -6.192055522416e-01, 4.394627863794e-06, 2.3454e+01, 9.4664e-01, 
 2DIAGNOSTIC,    16, -6.192055532394e-01, 3.700316845379e-06, 2.4293e+01, 8.3931e-01, 
 2DIAGNOSTIC,    17, -6.192055539811e-01, 3.025119164911e-06, 2.5238e+01, 9.4434e-01, 
 2DIAGNOSTIC,    18, -6.192055541374e-01, 2.438705364170e-06, 2.6281e+01, 1.0428e+00, 
 2DIAGNOSTIC,    19, -6.192055541677e-01, 1.981547714393e-06, 2.7432e+01, 1.1516e+00, 
 2DIAGNOSTIC,    20, -6.192055541690e-01, 1.684127093338e-06, 2.9191e+01, 1.7586e+00, 
 2DIAGNOSTIC,    21, -6.192055541690e-01, 1.531663549548e-06, 3.0041e+01, 8.5025e-01, 
 2DIAGNOSTIC,    22, -6.192055541690e-01, 1.453792521311e-06, 3.0886e+01, 8.4544e-01, 
 2DIAGNOSTIC,    23, -6.192055541690e-01, 1.384528120249e-06, 3.1842e+01, 9.5578e-01, 
 2DIAGNOSTIC,    24, -6.192055541690e-01, 1.325816949255e-06, 3.2680e+01, 8.3794e-01, 
 2DIAGNOSTIC,    25, -6.192055541690e-01, 1.272738391705e-06, 3.3523e+01, 8.4280e-01, 
 2DIAGNOSTIC,    26, -6.192055541690e-01, 1.223759147649e-06, 3.4366e+01, 8.4306e-01, 
 2DIAGNOSTIC,    27, -6.192055541690e-01, 1.178421025566e-06, 3.5104e+01, 7.3818e-01, 
 2DIAGNOSTIC,    28, -6.192055541690e-01, 1.136324566074e-06, 3.5936e+01, 8.3179e-01, 
 2DIAGNOSTIC,    29, -6.192055541690e-01, 1.097132420226e-06, 3.6876e+01, 9.4041e-01, 
 2DIAGNOSTIC,    30, -6.192055541690e-01, 1.060553651941e-06, 3.7714e+01, 8.3738e-01, 
 2DIAGNOSTIC,    31, -6.192055541690e-01, 1.026335284482e-06, 3.8545e+01, 8.3144e-01, 
DIAGNOSTIC,Iteration,metricValue,convergenceValue,ITERATION_TIME_INDEX,SINCE_LAST
 2DIAGNOSTIC,     1, -5.517149312868e-01, 1.797693134862e+308, 4.4584e+01, 6.0392e+00, 
 2DIAGNOSTIC,     2, -5.518868788264e-01, 1.797693134862e+308, 4.9442e+01, 4.8580e+00, 
 2DIAGNOSTIC,     3, -5.520445028279e-01, 1.797693134862e+308, 5.4305e+01, 4.8626e+00, 
 2DIAGNOSTIC,     4, -5.522300209604e-01, 1.797693134862e+308, 6.2101e+01, 7.7956e+00, 
 2DIAGNOSTIC,     5, -5.522329168732e-01, 1.797693134862e+308, 6.6990e+01, 4.8895e+00, 
 2DIAGNOSTIC,     6, -5.522334904390e-01, 1.797693134862e+308, 7.1872e+01, 4.8819e+00, 
 2DIAGNOSTIC,     7, -5.522343925150e-01, 1.797693134862e+308, 7.6756e+01, 4.8844e+00, 
 2DIAGNOSTIC,     8, -5.522357411776e-01, 1.797693134862e+308, 8.1628e+01, 4.8711e+00, 
 2DIAGNOSTIC,     9, -5.522367525805e-01, 1.797693134862e+308, 8.8269e+01, 6.6415e+00, 
 2DIAGNOSTIC,    10, -5.522370883457e-01, 5.281501211735e-05, 1.0366e+02, 1.5387e+01, 
 2DIAGNOSTIC,    11, -5.522370883429e-01, 2.744231201442e-05, 1.1613e+02, 1.2470e+01, 
 2DIAGNOSTIC,    12, -5.522370883429e-01, 1.137750613169e-05, 1.2392e+02, 7.7917e+00, 
 2DIAGNOSTIC,    13, -5.522370883429e-01, 3.027872480091e-06, 1.2878e+02, 4.8631e+00, 
 2DIAGNOSTIC,    14, -5.522370883429e-01, 2.636135990178e-06, 1.3424e+02, 5.4541e+00, 
 2DIAGNOSTIC,    15, -5.522370883429e-01, 2.363047485215e-06, 1.4027e+02, 6.0381e+00, 
 2DIAGNOSTIC,    16, -5.522370883429e-01, 2.120530067609e-06, 1.4572e+02, 5.4475e+00, 
 2DIAGNOSTIC,    17, -5.522370883429e-01, 1.921056395709e-06, 1.5117e+02, 5.4472e+00, 
 2DIAGNOSTIC,    18, -5.522370883429e-01, 1.777011748728e-06, 1.5606e+02, 4.8918e+00, 
 2DIAGNOSTIC,    19, -5.522370883429e-01, 1.674379402482e-06, 1.6152e+02, 5.4565e+00, 
 2DIAGNOSTIC,    20, -5.522370883429e-01, 1.590652286540e-06, 1.6931e+02, 7.7951e+00, 
 2DIAGNOSTIC,    21, -5.522370883429e-01, 1.514899857863e-06, 1.7476e+02, 5.4452e+00, 
 2DIAGNOSTIC,    22, -5.522370883429e-01, 1.446034628115e-06, 1.8080e+02, 6.0469e+00, 
 2DIAGNOSTIC,    23, -5.522370883429e-01, 1.383158190371e-06, 1.8628e+02, 5.4723e+00, 
 2DIAGNOSTIC,    24, -5.522370883429e-01, 1.325521884428e-06, 1.9176e+02, 5.4844e+00, 
 2DIAGNOSTIC,    25, -5.522370883429e-01, 1.272496845013e-06, 1.9783e+02, 6.0692e+00, 
 2DIAGNOSTIC,    26, -5.522370883429e-01, 1.223550962798e-06, 2.0331e+02, 5.4810e+00, 
 2DIAGNOSTIC,    27, -5.522370883429e-01, 1.178230965140e-06, 2.0879e+02, 5.4793e+00, 
 2DIAGNOSTIC,    28, -5.522370883429e-01, 1.136148337133e-06, 2.1418e+02, 5.3892e+00, 
 2DIAGNOSTIC,    29, -5.522370883429e-01, 1.096968155867e-06, 2.1970e+02, 5.5187e+00, 
 2DIAGNOSTIC,    30, -5.522370883429e-01, 1.060400157640e-06, 2.2523e+02, 5.5307e+00, 
 2DIAGNOSTIC,    31, -5.522370883429e-01, 1.026191534519e-06, 2.3023e+02, 4.9971e+00, 
  Elapsed time (stage 0): 2.3314e+02


Total elapsed time: 2.3315e+02
-i /mnt/lustre/mathdugre/fast-interpolate/datasets/ds004513/derivatives/flint/ants/flint-vprec-single-five-levels/sub-s036/ses-open/anat/0/1_Rigid.nii.gz -o /mnt/lustre/mathdugre/fast-interpolate/datasets/ds004513/derivatives/flint/ants/flint-vprec-single-five-levels/sub-s036/ses-open/anat/00/1_transformed.nii.gz -t /mnt/lustre/mathdugre/fast-interpolate/datasets/ds004513/derivatives/flint/ants/flint-vprec-single-five-levels/sub-s036/ses-open/anat/00/1_0GenericAffine.mat
