---------------------
Experiment information

SIF_IMG: /mnt/lustre/mathdugre/containers/ants-flint-vprec.simg
SIF_IMG_BASE: /mnt/lustre/mathdugre/containers/ants-flint-base.simg
EXPERIMENT_NAME: flint-vprec-single-five-levels
STAGE: affine
SUBJECT_ID: s035
REPETITION_ID: 1

FIXED_IMG: /templateflow/tpl-MNI152NLin2009cAsym/tpl-MNI152NLin2009cAsym_res-01_desc-brain_T1w.nii.gz
INPUT_IMG: /mnt/lustre/mathdugre/fast-interpolate/datasets/ds004513/derivatives/flint/ants/flint-vprec-single-five-levels/sub-s035/ses-open/anat/1/1_Rigid.nii.gz

DATA_DIR: /mnt/lustre/mathdugre/fast-interpolate/datasets/ds004513
OUTPUT_DIR: /mnt/lustre/mathdugre/fast-interpolate/datasets/ds004513/derivatives/flint/ants/flint-vprec-single-five-levels/sub-s035/ses-open/anat
OUTPUT_PREFIX: 11
THREAD: 1
FLOAT: 0
VFC_BACKENDS: libinterflop_vprec.so --precision-binary32=23 --range-binary32=8 --precision-binary64=23 --range-binary64=8
---------------------

--output [/mnt/lustre/mathdugre/fast-interpolate/datasets/ds004513/derivatives/flint/ants/flint-vprec-single-five-levels/sub-s035/ses-open/anat/11/1_,/mnt/lustre/mathdugre/fast-interpolate/datasets/ds004513/derivatives/flint/ants/flint-vprec-single-five-levels/sub-s035/ses-open/anat/11/1_Affine.nii.gz,/mnt/lustre/mathdugre/fast-interpolate/datasets/ds004513/derivatives/flint/ants/flint-vprec-single-five-levels/sub-s035/ses-open/anat/11/1_InverseAffine.nii.gz] --initial-moving-transform [/templateflow/tpl-MNI152NLin2009cAsym/tpl-MNI152NLin2009cAsym_res-01_desc-brain_T1w.nii.gz,/mnt/lustre/mathdugre/fast-interpolate/datasets/ds004513/derivatives/flint/ants/flint-vprec-single-five-levels/sub-s035/ses-open/anat/1/1_Rigid.nii.gz,1] --transform Affine[0.1] --metric MI[/templateflow/tpl-MNI152NLin2009cAsym/tpl-MNI152NLin2009cAsym_res-01_desc-brain_T1w.nii.gz,/mnt/lustre/mathdugre/fast-interpolate/datasets/ds004513/derivatives/flint/ants/flint-vprec-single-five-levels/sub-s035/ses-open/anat/1/1_Rigid.nii.gz,1,32,Regular,0.25] --convergence [1000x1000x500x250x100,1e-6,10] --shrink-factors 16x8x4x2x1 --smoothing-sigmas 4x3x2x1x0vox
All_Command_lines_OK
Using double precision for computations.
=============================================================================
The composite transform comprises the following transforms (in order): 
  1. Center of mass alignment using fixed image: /templateflow/tpl-MNI152NLin2009cAsym/tpl-MNI152NLin2009cAsym_res-01_desc-brain_T1w.nii.gz and moving image: /mnt/lustre/mathdugre/fast-interpolate/datasets/ds004513/derivatives/flint/ants/flint-vprec-single-five-levels/sub-s035/ses-open/anat/1/1_Rigid.nii.gz (type = Euler3DTransform)
=============================================================================
  number of levels = 5
  fixed image: /templateflow/tpl-MNI152NLin2009cAsym/tpl-MNI152NLin2009cAsym_res-01_desc-brain_T1w.nii.gz
  moving image: /mnt/lustre/mathdugre/fast-interpolate/datasets/ds004513/derivatives/flint/ants/flint-vprec-single-five-levels/sub-s035/ses-open/anat/1/1_Rigid.nii.gz
Dimension = 3
Number of stages = 1
Use histogram matching = false
Winsorize image intensities = true
  Lower quantile = 0.005
  Upper quantile = 0.995


Stage 1 State
   Image metric = MattesMI
     Fixed image = Image (0x5077300)
  RTTI typeinfo:   itk::Image<double, 3u>
  Reference Count: 2
  Modified Time: 1622
  Debug: Off
  Object Name: 
  Observers: 
    none
  Source: (none)
  Source output name: (none)
  Release Data: Off
  Data Released: False
  Global Release Data: Off
  PipelineMTime: 0
  UpdateMTime: 1407
  RealTimeStamp: 0 seconds 
  LargestPossibleRegion: 
    Dimension: 3
    Index: [0, 0, 0]
    Size: [193, 229, 193]
  BufferedRegion: 
    Dimension: 3
    Index: [0, 0, 0]
    Size: [193, 229, 193]
  RequestedRegion: 
    Dimension: 3
    Index: [0, 0, 0]
    Size: [193, 229, 193]
  Spacing: [1, 1, 1]
  Origin: [96, 132, -78]
  Direction: 
-1 0 0
0 -1 0
0 0 1

  IndexToPointMatrix: 
-1 0 0
0 -1 0
0 0 1

  PointToIndexMatrix: 
-1 0 0
0 -1 0
0 0 1

  Inverse Direction: 
-1 0 0
0 -1 0
0 0 1

  PixelContainer: 
    ImportImageContainer (0x50efa50)
      RTTI typeinfo:   itk::ImportImageContainer<unsigned long, double>
      Reference Count: 1
      Modified Time: 1404
      Debug: Off
      Object Name: 
      Observers: 
        none
      Pointer: 0x7fba117ae010
      Container manages memory: true
      Size: 8530021
      Capacity: 8530021

     Moving image = Image (0x5077b00)
  RTTI typeinfo:   itk::Image<double, 3u>
  Reference Count: 2
  Modified Time: 1623
  Debug: Off
  Object Name: 
  Observers: 
    none
  Source: (none)
  Source output name: (none)
  Release Data: Off
  Data Released: False
  Global Release Data: Off
  PipelineMTime: 0
  UpdateMTime: 1620
  RealTimeStamp: 0 seconds 
  LargestPossibleRegion: 
    Dimension: 3
    Index: [0, 0, 0]
    Size: [193, 229, 193]
  BufferedRegion: 
    Dimension: 3
    Index: [0, 0, 0]
    Size: [193, 229, 193]
  RequestedRegion: 
    Dimension: 3
    Index: [0, 0, 0]
    Size: [193, 229, 193]
  Spacing: [1, 1, 1]
  Origin: [96, 132, -78]
  Direction: 
-1 0 0
0 -1 0
0 0 1

  IndexToPointMatrix: 
-1 0 0
0 -1 0
0 0 1

  PointToIndexMatrix: 
-1 0 0
0 -1 0
0 0 1

  Inverse Direction: 
-1 0 0
0 -1 0
0 0 1

  PixelContainer: 
    ImportImageContainer (0x5080810)
      RTTI typeinfo:   itk::ImportImageContainer<unsigned long, double>
      Reference Count: 1
      Modified Time: 1617
      Debug: Off
      Object Name: 
      Observers: 
        none
      Pointer: 0x7fba0d699010
      Container manages memory: true
      Size: 8530021
      Capacity: 8530021

     Weighting = 1
     Sampling strategy = regular
     Number of bins = 32
     Radius = 4
     Sampling percentage  = 0.25
   Transform = Affine
     Gradient step = 0.1
     Update field sigma (voxel space) = 0
     Total field sigma (voxel space) = 0
     Update field time sigma = 0
     Total field time sigma  = 0
     Number of time indices = 0
     Number of time point samples = 0
Registration using 1 total stages.

Stage 0
  iterations = 1000x1000x500x250x100
  convergence threshold = 1e-06
  convergence window size = 10
  number of levels = 5
  using the Mattes MI metric (number of bins = 32, weight = 1, use gradient filter = 0)
  preprocessing:  winsorizing the image intensities
  Shrink factors (level 1 out of 5): [16, 16, 16]
  Shrink factors (level 2 out of 5): [8, 8, 8]
  Shrink factors (level 3 out of 5): [4, 4, 4]
  Shrink factors (level 4 out of 5): [2, 2, 2]
  Shrink factors (level 5 out of 5): [1, 1, 1]
  smoothing sigmas per level: [4, 3, 2, 1, 0]
  regular sampling (percentage = 0.25)

*** Running AffineTransform registration ***

DIAGNOSTIC,Iteration,metricValue,convergenceValue,ITERATION_TIME_INDEX,SINCE_LAST
 2DIAGNOSTIC,     1, -8.097028136253e-01, 1.797693134862e+308, 0.0000e+00, 0.0000e+00, 
 2DIAGNOSTIC,     2, -8.127621412277e-01, 1.797693134862e+308, 0.0000e+00, 0.0000e+00, 
 2DIAGNOSTIC,     3, -8.158733844757e-01, 1.797693134862e+308, 0.0000e+00, 0.0000e+00, 
 2DIAGNOSTIC,     4, -8.189659118652e-01, 1.797693134862e+308, 0.0000e+00, 0.0000e+00, 
 2DIAGNOSTIC,     5, -8.250921964645e-01, 1.797693134862e+308, 0.0000e+00, 0.0000e+00, 
 2DIAGNOSTIC,     6, -8.379656076431e-01, 1.797693134862e+308, 0.0000e+00, 0.0000e+00, 
 2DIAGNOSTIC,     7, -8.554478883743e-01, 1.797693134862e+308, 0.0000e+00, 0.0000e+00, 
 2DIAGNOSTIC,     8, -8.745118975639e-01, 1.797693134862e+308, 0.0000e+00, 0.0000e+00, 
 2DIAGNOSTIC,     9, -8.886828422546e-01, 1.797693134862e+308, 0.0000e+00, 0.0000e+00, 
 2DIAGNOSTIC,    10, -9.058606028557e-01, 7.501833140850e-03, 0.0000e+00, 0.0000e+00, 
 2DIAGNOSTIC,    11, -9.102094173431e-01, 7.627412676811e-03, 0.0000e+00, 0.0000e+00, 
 2DIAGNOSTIC,    12, -9.135527014732e-01, 7.224515080452e-03, 0.0000e+00, 0.0000e+00, 
 2DIAGNOSTIC,    13, -9.248424768448e-01, 6.597869098186e-03, 0.0000e+00, 0.0000e+00, 
 2DIAGNOSTIC,    14, -9.298781752586e-01, 5.651697516441e-03, 0.0000e+00, 0.0000e+00, 
 2DIAGNOSTIC,    15, -9.322118163109e-01, 4.507027566433e-03, 0.0000e+00, 0.0000e+00, 
 2DIAGNOSTIC,    16, -9.381015300751e-01, 3.483168780804e-03, 0.0000e+00, 0.0000e+00, 
 2DIAGNOSTIC,    17, -9.430314302444e-01, 2.689421176910e-03, 0.0000e+00, 0.0000e+00, 
 2DIAGNOSTIC,    18, -9.435795545578e-01, 2.086777240038e-03, 0.0000e+00, 0.0000e+00, 
 2DIAGNOSTIC,    19, -9.455855488777e-01, 1.625869423151e-03, 0.0000e+00, 0.0000e+00, 
 2DIAGNOSTIC,    20, -9.464900493622e-01, 1.353502273560e-03, 0.0000e+00, 0.0000e+00, 
 2DIAGNOSTIC,    21, -9.476247429848e-01, 1.066371798515e-03, 0.0000e+00, 0.0000e+00, 
 2DIAGNOSTIC,    22, -9.492121934891e-01, 7.743276655674e-04, 0.0000e+00, 0.0000e+00, 
 2DIAGNOSTIC,    23, -9.492949247360e-01, 5.928128957748e-04, 0.0000e+00, 0.0000e+00, 
 2DIAGNOSTIC,    24, -9.495320320129e-01, 4.425235092640e-04, 0.0000e+00, 0.0000e+00, 
 2DIAGNOSTIC,    25, -9.498001337051e-01, 2.950541675091e-04, 0.0000e+00, 0.0000e+00, 
 2DIAGNOSTIC,    26, -9.500302076340e-01, 2.044476568699e-04, 0.0000e+00, 0.0000e+00, 
 2DIAGNOSTIC,    27, -9.502095580101e-01, 1.611672341824e-04, 0.0000e+00, 0.0000e+00, 
 2DIAGNOSTIC,    28, -9.504327774048e-01, 1.143328845501e-04, 0.0000e+00, 0.0000e+00, 
 2DIAGNOSTIC,    29, -9.511871337891e-01, 9.009987115860e-05, 0.0000e+00, 0.0000e+00, 
 2DIAGNOSTIC,    30, -9.514424204826e-01, 7.088854908943e-05, 0.0000e+00, 0.0000e+00, 
 2DIAGNOSTIC,    31, -9.515702128410e-01, 5.868449807167e-05, 0.0000e+00, 0.0000e+00, 
 2DIAGNOSTIC,    32, -9.517244100571e-01, 5.890056490898e-05, 0.0000e+00, 0.0000e+00, 
 2DIAGNOSTIC,    33, -9.520638585091e-01, 5.755573511124e-05, 0.0000e+00, 0.0000e+00, 
 2DIAGNOSTIC,    34, -9.521329402924e-01, 5.352497100830e-05, 0.0000e+00, 0.0000e+00, 
 2DIAGNOSTIC,    35, -9.533617496490e-01, 5.798414349556e-05, 0.0000e+00, 0.0000e+00, 
 2DIAGNOSTIC,    36, -9.535613059998e-01, 6.028264760971e-05, 0.0000e+00, 0.0000e+00, 
 2DIAGNOSTIC,    37, -9.536209106445e-01, 5.891360342503e-05, 0.0000e+00, 0.0000e+00, 
 2DIAGNOSTIC,    38, -9.537872672081e-01, 5.525164306164e-05, 0.0000e+00, 0.0000e+00, 
 2DIAGNOSTIC,    39, -9.539085626602e-01, 5.346350371838e-05, 0.0000e+00, 0.0000e+00, 
 2DIAGNOSTIC,    40, -9.539480805397e-01, 4.888884723186e-05, 0.0000e+00, 0.0000e+00, 
 2DIAGNOSTIC,    41, -9.539908766747e-01, 4.121474921703e-05, 0.0000e+00, 0.0000e+00, 
 2DIAGNOSTIC,    42, -9.540171027184e-01, 3.145448863506e-05, 0.0000e+00, 0.0000e+00, 
 2DIAGNOSTIC,    43, -9.540498256683e-01, 2.200156450272e-05, 0.0000e+00, 0.0000e+00, 
 2DIAGNOSTIC,    44, -9.541081786156e-01, 1.161172986031e-05, 0.0000e+00, 0.0000e+00, 
 2DIAGNOSTIC,    45, -9.541385173798e-01, 9.238719940186e-06, 0.0000e+00, 0.0000e+00, 
 2DIAGNOSTIC,    46, -9.541657567024e-01, 7.687136530876e-06, 0.0000e+00, 0.0000e+00, 
 2DIAGNOSTIC,    47, -9.542061686516e-01, 6.172806024551e-06, 0.0000e+00, 0.0000e+00, 
 2DIAGNOSTIC,    48, -9.542298316956e-01, 5.390495061874e-06, 0.0000e+00, 0.0000e+00, 
 2DIAGNOSTIC,    49, -9.542514085770e-01, 5.071982741356e-06, 0.0000e+00, 0.0000e+00, 
 2DIAGNOSTIC,    50, -9.542757272720e-01, 4.738569259644e-06, 0.0000e+00, 0.0000e+00, 
 2DIAGNOSTIC,    51, -9.542928934097e-01, 4.388391971588e-06, 0.0000e+00, 0.0000e+00, 
 2DIAGNOSTIC,    52, -9.543134570122e-01, 3.952533006668e-06, 0.0000e+00, 0.0000e+00, 
 2DIAGNOSTIC,    53, -9.555692076683e-01, 1.065991818905e-05, 0.0000e+00, 0.0000e+00, 
 2DIAGNOSTIC,    54, -9.555768966675e-01, 1.631863415241e-05, 0.0000e+00, 0.0000e+00, 
 2DIAGNOSTIC,    55, -9.556281566620e-01, 2.078711986542e-05, 0.0000e+00, 0.0000e+00, 
 2DIAGNOSTIC,    56, -9.556539654732e-01, 2.354942262173e-05, 0.0000e+00, 0.0000e+00, 
 2DIAGNOSTIC,    57, -9.556603431702e-01, 2.421997487545e-05, 0.0000e+00, 0.0000e+00, 
 2DIAGNOSTIC,    58, -9.556702375412e-01, 2.266652882099e-05, 0.0000e+00, 0.0000e+00, 
 2DIAGNOSTIC,    59, -9.556869268417e-01, 1.921877264977e-05, 0.0000e+00, 0.0000e+00, 
 2DIAGNOSTIC,    60, -9.557124376297e-01, 1.444108784199e-05, 0.0000e+00, 0.0000e+00, 
 2DIAGNOSTIC,    61, -9.582572579384e-01, 2.136453986168e-05, 0.0000e+00, 0.0000e+00, 
 2DIAGNOSTIC,    62, -9.583167433739e-01, 2.591684460640e-05, 0.0000e+00, 0.0000e+00, 
 2DIAGNOSTIC,    63, -9.583292007446e-01, 3.415718674660e-05, 0.0000e+00, 0.0000e+00, 
 2DIAGNOSTIC,    64, -9.583449363708e-01, 3.919564187527e-05, 0.0000e+00, 0.0000e+00, 
 2DIAGNOSTIC,    65, -9.584178328514e-01, 4.089251160622e-05, 0.0000e+00, 0.0000e+00, 
 2DIAGNOSTIC,    66, -9.587533473969e-01, 4.010088741779e-05, 0.0000e+00, 0.0000e+00, 
 2DIAGNOSTIC,    67, -9.590182304382e-01, 3.666616976261e-05, 0.0000e+00, 0.0000e+00, 
 2DIAGNOSTIC,    68, -9.591013789177e-01, 3.043934702873e-05, 0.0000e+00, 0.0000e+00, 
 2DIAGNOSTIC,    69, -9.592353105545e-01, 2.233125269413e-05, 0.0000e+00, 0.0000e+00, 
 2DIAGNOSTIC,    70, -9.593085646629e-01, 1.246854662895e-05, 0.0000e+00, 0.0000e+00, 
 2DIAGNOSTIC,    71, -9.593704342842e-01, 1.285225152969e-05, 0.0000e+00, 0.0000e+00, 
 2DIAGNOSTIC,    72, -9.602563381195e-01, 1.599825918674e-05, 0.0000e+00, 0.0000e+00, 
 2DIAGNOSTIC,    73, -9.602776169777e-01, 1.761503517628e-05, 0.0000e+00, 0.0000e+00, 
 2DIAGNOSTIC,    74, -9.592606425285e-01, 1.348275691271e-05, 0.0000e+00, 0.0000e+00, 
 2DIAGNOSTIC,    75, -9.593996405602e-01, 9.211711585522e-06, 0.0000e+00, 0.0000e+00, 
 2DIAGNOSTIC,    76, -9.595343470573e-01, 5.986541509628e-06, 0.0000e+00, 0.0000e+00, 
 2DIAGNOSTIC,    77, -9.596239924431e-01, 3.573484718800e-06, 0.0000e+00, 0.0000e+00, 
 2DIAGNOSTIC,    78, -9.596267938614e-01, 1.248903572559e-06, 0.0000e+00, 0.0000e+00, 
DIAGNOSTIC,Iteration,metricValue,convergenceValue,ITERATION_TIME_INDEX,SINCE_LAST
 2DIAGNOSTIC,     1, -6.546546220779e-01, 1.797693134862e+308, 1.2800e+02, 1.2800e+02, 
 2DIAGNOSTIC,     2, -6.570692062378e-01, 1.797693134862e+308, 1.2800e+02, 0.0000e+00, 
 2DIAGNOSTIC,     3, -6.605862379074e-01, 1.797693134862e+308, 1.2800e+02, 0.0000e+00, 
 2DIAGNOSTIC,     4, -6.659631729126e-01, 1.797693134862e+308, 1.2800e+02, 0.0000e+00, 
 2DIAGNOSTIC,     5, -6.731288433075e-01, 1.797693134862e+308, 1.2800e+02, 0.0000e+00, 
 2DIAGNOSTIC,     6, -6.797569394112e-01, 1.797693134862e+308, 1.2800e+02, 0.0000e+00, 
 2DIAGNOSTIC,     7, -6.881330013275e-01, 1.797693134862e+308, 1.2800e+02, 0.0000e+00, 
 2DIAGNOSTIC,     8, -6.916340589523e-01, 1.797693134862e+308, 1.2800e+02, 0.0000e+00, 
 2DIAGNOSTIC,     9, -6.952818632126e-01, 1.797693134862e+308, 1.2800e+02, 0.0000e+00, 
 2DIAGNOSTIC,    10, -6.971036195755e-01, 4.586778581142e-03, 1.2800e+02, 0.0000e+00, 
 2DIAGNOSTIC,    11, -6.981227397919e-01, 3.947712481022e-03, 1.2800e+02, 0.0000e+00, 
 2DIAGNOSTIC,    12, -6.991961598396e-01, 3.184594213963e-03, 1.2800e+02, 0.0000e+00, 
 2DIAGNOSTIC,    13, -6.995784044266e-01, 2.378553152084e-03, 1.2800e+02, 0.0000e+00, 
 2DIAGNOSTIC,    14, -7.002222537994e-01, 1.652404665947e-03, 1.2800e+02, 0.0000e+00, 
 2DIAGNOSTIC,    15, -7.006163001060e-01, 1.082219183445e-03, 1.2800e+02, 0.0000e+00, 
 2DIAGNOSTIC,    16, -7.007497549057e-01, 6.570816040039e-04, 1.2800e+02, 0.0000e+00, 
 2DIAGNOSTIC,    17, -7.010073661804e-01, 4.322528839111e-04, 1.2800e+02, 0.0000e+00, 
 2DIAGNOSTIC,    18, -7.014890313148e-01, 2.829469740391e-04, 1.2800e+02, 0.0000e+00, 
 2DIAGNOSTIC,    19, -7.017656564713e-01, 2.080537378788e-04, 1.2800e+02, 0.0000e+00, 
 2DIAGNOSTIC,    20, -7.022483348846e-01, 1.688338816166e-04, 1.2800e+02, 0.0000e+00, 
 2DIAGNOSTIC,    21, -7.022989988327e-01, 1.384168863297e-04, 1.2800e+02, 0.0000e+00, 
 2DIAGNOSTIC,    22, -7.024024724960e-01, 1.201890408993e-04, 1.2800e+02, 0.0000e+00, 
 2DIAGNOSTIC,    23, -7.024766802788e-01, 1.003593206406e-04, 1.2800e+02, 0.0000e+00, 
 2DIAGNOSTIC,    24, -7.024000883102e-01, 8.242949843407e-05, 1.2800e+02, 0.0000e+00, 
 2DIAGNOSTIC,    25, -7.024079561234e-01, 6.500631570816e-05, 1.2800e+02, 0.0000e+00, 
 2DIAGNOSTIC,    26, -7.024289965630e-01, 4.539638757706e-05, 1.2800e+02, 0.0000e+00, 
 2DIAGNOSTIC,    27, -7.024991512299e-01, 2.798065543175e-05, 1.2800e+02, 0.0000e+00, 
 2DIAGNOSTIC,    28, -7.025092244148e-01, 1.645460724831e-05, 1.2800e+02, 0.0000e+00, 
 2DIAGNOSTIC,    29, -7.025141716003e-01, 8.136034011841e-06, 1.2800e+02, 0.0000e+00, 
 2DIAGNOSTIC,    30, -7.025197148323e-01, 6.418675184250e-06, 1.2800e+02, 0.0000e+00, 
 2DIAGNOSTIC,    31, -7.025274634361e-01, 5.025416612625e-06, 1.2800e+02, 0.0000e+00, 
 2DIAGNOSTIC,    32, -7.025274634361e-01, 4.615634679794e-06, 1.2800e+02, 0.0000e+00, 
 2DIAGNOSTIC,    33, -7.025279998779e-01, 4.850327968597e-06, 1.2800e+02, 0.0000e+00, 
 2DIAGNOSTIC,    34, -7.025277614594e-01, 3.784894943237e-06, 1.2800e+02, 0.0000e+00, 
 2DIAGNOSTIC,    35, -7.025278806686e-01, 2.609565854073e-06, 1.2800e+02, 0.0000e+00, 
 2DIAGNOSTIC,    36, -7.025277614594e-01, 1.557171344757e-06, 1.2800e+02, 0.0000e+00, 
 2DIAGNOSTIC,    37, -7.025275230408e-01, 1.270323991776e-06, 1.2800e+02, 0.0000e+00, 
 2DIAGNOSTIC,    38, -7.025277614594e-01, 1.071020960808e-06, 1.2800e+02, 0.0000e+00, 
DIAGNOSTIC,Iteration,metricValue,convergenceValue,ITERATION_TIME_INDEX,SINCE_LAST
 2DIAGNOSTIC,     1, -5.903137922287e-01, 1.797693134862e+308, 1.2800e+02, 0.0000e+00, 
 2DIAGNOSTIC,     2, -5.906901955605e-01, 1.797693134862e+308, 1.2800e+02, 0.0000e+00, 
 2DIAGNOSTIC,     3, -5.910351276398e-01, 1.797693134862e+308, 1.2800e+02, 0.0000e+00, 
 2DIAGNOSTIC,     4, -5.913398861885e-01, 1.797693134862e+308, 1.2800e+02, 0.0000e+00, 
 2DIAGNOSTIC,     5, -5.916245579720e-01, 1.797693134862e+308, 1.2800e+02, 0.0000e+00, 
 2DIAGNOSTIC,     6, -5.922735333443e-01, 1.797693134862e+308, 1.2800e+02, 0.0000e+00, 
 2DIAGNOSTIC,     7, -5.931225419044e-01, 1.797693134862e+308, 1.2800e+02, 0.0000e+00, 
 2DIAGNOSTIC,     8, -5.931615233421e-01, 1.797693134862e+308, 1.2800e+02, 0.0000e+00, 
 2DIAGNOSTIC,     9, -5.934709906578e-01, 1.797693134862e+308, 1.2800e+02, 0.0000e+00, 
 2DIAGNOSTIC,    10, -5.938268899918e-01, 4.051774740219e-04, 1.2800e+02, 0.0000e+00, 
 2DIAGNOSTIC,    11, -5.942195653915e-01, 3.659501671791e-04, 1.2800e+02, 0.0000e+00, 
 2DIAGNOSTIC,    12, -5.945097804070e-01, 3.265365958214e-04, 1.2800e+02, 0.0000e+00, 
 2DIAGNOSTIC,    13, -5.947594642639e-01, 2.859979867935e-04, 1.2800e+02, 0.0000e+00, 
 2DIAGNOSTIC,    14, -5.949215888977e-01, 2.418309450150e-04, 1.2800e+02, 0.0000e+00, 
 2DIAGNOSTIC,    15, -5.952739119530e-01, 2.016425132751e-04, 1.2800e+02, 0.0000e+00, 
 2DIAGNOSTIC,    16, -5.955283641815e-01, 1.742914319038e-04, 1.2800e+02, 0.0000e+00, 
 2DIAGNOSTIC,    17, -5.957627892494e-01, 1.648589968681e-04, 1.2800e+02, 0.0000e+00, 
 2DIAGNOSTIC,    18, -5.958082079887e-01, 1.436099410057e-04, 1.2800e+02, 0.0000e+00, 
 2DIAGNOSTIC,    19, -5.959746241570e-01, 1.234635710716e-04, 1.2800e+02, 0.0000e+00, 
 2DIAGNOSTIC,    20, -5.961142778397e-01, 1.056119799614e-04, 1.2800e+02, 0.0000e+00, 
 2DIAGNOSTIC,    21, -5.962111949921e-01, 9.069219231606e-05, 1.2800e+02, 0.0000e+00, 
 2DIAGNOSTIC,    22, -5.962715744972e-01, 7.638335227966e-05, 1.2800e+02, 0.0000e+00, 
 2DIAGNOSTIC,    23, -5.963558554649e-01, 6.330758333206e-05, 2.5600e+02, 1.2800e+02, 
 2DIAGNOSTIC,    24, -5.965042710304e-01, 5.159527063370e-05, 2.5600e+02, 0.0000e+00, 
 2DIAGNOSTIC,    25, -5.973401069641e-01, 5.863979458809e-05, 2.5600e+02, 0.0000e+00, 
 2DIAGNOSTIC,    26, -5.976607203484e-01, 6.983801722527e-05, 2.5600e+02, 0.0000e+00, 
 2DIAGNOSTIC,    27, -5.977817177773e-01, 8.011236786842e-05, 2.5600e+02, 0.0000e+00, 
 2DIAGNOSTIC,    28, -5.979784131050e-01, 8.651614189148e-05, 2.5600e+02, 0.0000e+00, 
 2DIAGNOSTIC,    29, -5.981826782227e-01, 9.040161967278e-05, 2.5600e+02, 0.0000e+00, 
 2DIAGNOSTIC,    30, -5.983487367630e-01, 9.018182754517e-05, 2.5600e+02, 0.0000e+00, 
 2DIAGNOSTIC,    31, -5.985372066498e-01, 8.582323789597e-05, 2.5600e+02, 0.0000e+00, 
 2DIAGNOSTIC,    32, -5.986061096191e-01, 7.577612996101e-05, 2.5600e+02, 0.0000e+00, 
 2DIAGNOSTIC,    33, -5.985972881317e-01, 6.047636270523e-05, 2.5600e+02, 0.0000e+00, 
 2DIAGNOSTIC,    34, -5.986047983170e-01, 4.236027598381e-05, 2.5600e+02, 0.0000e+00, 
 2DIAGNOSTIC,    35, -5.986158251762e-01, 3.279000520706e-05, 2.5600e+02, 0.0000e+00, 
 2DIAGNOSTIC,    36, -5.986426472664e-01, 2.530217170715e-05, 2.5600e+02, 0.0000e+00, 
 2DIAGNOSTIC,    37, -5.986481904984e-01, 1.749210059643e-05, 2.5600e+02, 0.0000e+00, 
 2DIAGNOSTIC,    38, -5.986427068710e-01, 1.090764999390e-05, 2.5600e+02, 0.0000e+00, 
 2DIAGNOSTIC,    39, -5.986400246620e-01, 6.150454282761e-06, 2.5600e+02, 0.0000e+00, 
 2DIAGNOSTIC,    40, -5.986506342888e-01, 3.181397914886e-06, 2.5600e+02, 0.0000e+00, 
 2DIAGNOSTIC,    41, -5.986710190773e-01, 2.518296241760e-06, 2.5600e+02, 0.0000e+00, 
 2DIAGNOSTIC,    42, -5.986731052399e-01, 2.531334757805e-06, 2.5600e+02, 0.0000e+00, 
 2DIAGNOSTIC,    43, -5.986812710762e-01, 2.378597855568e-06, 2.5600e+02, 0.0000e+00, 
 2DIAGNOSTIC,    44, -5.987046360970e-01, 2.402812242508e-06, 2.5600e+02, 0.0000e+00, 
 2DIAGNOSTIC,    45, -5.988086462021e-01, 3.475695848465e-06, 2.5600e+02, 0.0000e+00, 
 2DIAGNOSTIC,    46, -5.988688468933e-01, 5.105510354042e-06, 2.5600e+02, 0.0000e+00, 
 2DIAGNOSTIC,    47, -5.989868640900e-01, 7.499009370804e-06, 2.5600e+02, 0.0000e+00, 
 2DIAGNOSTIC,    48, -5.997593402863e-01, 1.674331724644e-05, 2.5600e+02, 0.0000e+00, 
 2DIAGNOSTIC,    49, -6.022667288780e-01, 4.822015762329e-05, 2.5600e+02, 0.0000e+00, 
 2DIAGNOSTIC,    50, -6.034932136536e-01, 8.505582809448e-05, 2.5600e+02, 0.0000e+00, 
 2DIAGNOSTIC,    51, -6.043548583984e-01, 1.206267625093e-04, 2.5600e+02, 0.0000e+00, 
 2DIAGNOSTIC,    52, -6.051082015038e-01, 1.504700630903e-04, 2.5600e+02, 0.0000e+00, 
 2DIAGNOSTIC,    53, -6.073086857796e-01, 1.845099031925e-04, 2.5600e+02, 0.0000e+00, 
 2DIAGNOSTIC,    54, -6.127457618713e-01, 2.468917518854e-04, 2.5600e+02, 0.0000e+00, 
 2DIAGNOSTIC,    55, -6.196454167366e-01, 3.425981849432e-04, 2.5600e+02, 0.0000e+00, 
 2DIAGNOSTIC,    56, -6.348136663437e-01, 5.302820354700e-04, 2.5600e+02, 0.0000e+00, 
 2DIAGNOSTIC,    57, -6.364200115204e-01, 6.723087280989e-04, 2.5600e+02, 0.0000e+00, 
 2DIAGNOSTIC,    58, -6.397675275803e-01, 7.794126868248e-04, 2.5600e+02, 0.0000e+00, 
 2DIAGNOSTIC,    59, -6.434291005135e-01, 8.574984967709e-04, 2.5600e+02, 0.0000e+00, 
 2DIAGNOSTIC,    60, -6.482295393944e-01, 8.961651474237e-04, 2.5600e+02, 0.0000e+00, 
 2DIAGNOSTIC,    61, -6.530929803848e-01, 8.897874504328e-04, 2.5600e+02, 0.0000e+00, 
 2DIAGNOSTIC,    62, -6.568511724472e-01, 8.323602378368e-04, 2.5600e+02, 0.0000e+00, 
 2DIAGNOSTIC,    63, -6.597439050674e-01, 7.358957082033e-04, 2.5600e+02, 0.0000e+00, 
 2DIAGNOSTIC,    64, -6.611605286598e-01, 6.220247596502e-04, 2.5600e+02, 0.0000e+00, 
 2DIAGNOSTIC,    65, -6.625854969025e-01, 5.092583596706e-04, 2.5600e+02, 0.0000e+00, 
 2DIAGNOSTIC,    66, -6.639344096184e-01, 4.682634025812e-04, 2.5600e+02, 0.0000e+00, 
 2DIAGNOSTIC,    67, -6.648228764534e-01, 4.005562514067e-04, 2.5600e+02, 0.0000e+00, 
 2DIAGNOSTIC,    68, -6.652190089226e-01, 3.220941871405e-04, 2.5600e+02, 0.0000e+00, 
 2DIAGNOSTIC,    69, -6.657092571259e-01, 2.429746091366e-04, 2.5600e+02, 0.0000e+00, 
 2DIAGNOSTIC,    70, -6.659497618675e-01, 1.760218292475e-04, 2.5600e+02, 0.0000e+00, 
 2DIAGNOSTIC,    71, -6.660847663879e-01, 1.264829188585e-04, 2.5600e+02, 0.0000e+00, 
 2DIAGNOSTIC,    72, -6.662300229073e-01, 9.112805128098e-05, 2.5600e+02, 0.0000e+00, 
 2DIAGNOSTIC,    73, -6.663320064545e-01, 6.705895066261e-05, 2.5600e+02, 0.0000e+00, 
 2DIAGNOSTIC,    74, -6.666080355644e-01, 4.776101559401e-05, 2.5600e+02, 0.0000e+00, 
 2DIAGNOSTIC,    75, -6.667600870132e-01, 3.399793058634e-05, 2.5600e+02, 0.0000e+00, 
 2DIAGNOSTIC,    76, -6.668205261230e-01, 2.587772905827e-05, 2.5600e+02, 0.0000e+00, 
 2DIAGNOSTIC,    77, -6.668360829353e-01, 2.095755189657e-05, 2.5600e+02, 0.0000e+00, 
 2DIAGNOSTIC,    78, -6.668415665627e-01, 1.651514321566e-05, 2.5600e+02, 0.0000e+00, 
 2DIAGNOSTIC,    79, -6.668447852135e-01, 1.347903162241e-05, 2.5600e+02, 0.0000e+00, 
 2DIAGNOSTIC,    80, -6.668624877930e-01, 1.072976738214e-05, 2.5600e+02, 0.0000e+00, 
 2DIAGNOSTIC,    81, -6.668686270714e-01, 7.858499884605e-06, 3.8400e+02, 1.2800e+02, 
 2DIAGNOSTIC,    82, -6.668826341629e-01, 5.252659320831e-06, 3.8400e+02, 0.0000e+00, 
 2DIAGNOSTIC,    83, -6.669519543648e-01, 3.166496753693e-06, 3.8400e+02, 0.0000e+00, 
 2DIAGNOSTIC,    84, -6.669480204582e-01, 2.323649823666e-06, 3.8400e+02, 0.0000e+00, 
 2DIAGNOSTIC,    85, -6.669849157333e-01, 2.332963049412e-06, 3.8400e+02, 0.0000e+00, 
 2DIAGNOSTIC,    86, -6.670268774033e-01, 2.698041498661e-06, 3.8400e+02, 0.0000e+00, 
 2DIAGNOSTIC,    87, -6.670217514038e-01, 2.886168658733e-06, 3.8400e+02, 0.0000e+00, 
 2DIAGNOSTIC,    88, -6.670145988464e-01, 2.815388143063e-06, 3.8400e+02, 0.0000e+00, 
 2DIAGNOSTIC,    89, -6.670143008232e-01, 2.529472112656e-06, 3.8400e+02, 0.0000e+00, 
 2DIAGNOSTIC,    90, -6.670033931732e-01, 2.080574631691e-06, 3.8400e+02, 0.0000e+00, 
 2DIAGNOSTIC,    91, -6.670029759407e-01, 1.502223312855e-06, 3.8400e+02, 0.0000e+00, 
DIAGNOSTIC,Iteration,metricValue,convergenceValue,ITERATION_TIME_INDEX,SINCE_LAST
 2DIAGNOSTIC,     1, -5.656329989433e-01, 1.797693134862e+308, 3.8400e+02, 0.0000e+00, 
 2DIAGNOSTIC,     2, -5.661782026291e-01, 1.797693134862e+308, 3.8400e+02, 0.0000e+00, 
 2DIAGNOSTIC,     3, -5.666764974594e-01, 1.797693134862e+308, 3.8400e+02, 0.0000e+00, 
 2DIAGNOSTIC,     4, -5.670756101608e-01, 1.797693134862e+308, 3.8400e+02, 0.0000e+00, 
 2DIAGNOSTIC,     5, -5.674479007721e-01, 1.797693134862e+308, 5.1200e+02, 1.2800e+02, 
 2DIAGNOSTIC,     6, -5.681139826775e-01, 1.797693134862e+308, 5.1200e+02, 0.0000e+00, 
 2DIAGNOSTIC,     7, -5.681178569794e-01, 1.797693134862e+308, 5.1200e+02, 0.0000e+00, 
 2DIAGNOSTIC,     8, -5.681157112122e-01, 1.797693134862e+308, 5.1200e+02, 0.0000e+00, 
 2DIAGNOSTIC,     9, -5.681433081627e-01, 1.797693134862e+308, 5.1200e+02, 0.0000e+00, 
 2DIAGNOSTIC,    10, -5.682032704353e-01, 2.984255552292e-04, 5.1200e+02, 0.0000e+00, 
 2DIAGNOSTIC,    11, -5.682235360146e-01, 2.051219344139e-04, 5.1200e+02, 0.0000e+00, 
 2DIAGNOSTIC,    12, -5.682387351990e-01, 1.323893666267e-04, 6.4000e+02, 1.2800e+02, 
 2DIAGNOSTIC,    13, -5.682563781738e-01, 7.920712232590e-05, 6.4000e+02, 0.0000e+00, 
 2DIAGNOSTIC,    14, -5.683254003525e-01, 4.328787326813e-05, 6.4000e+02, 0.0000e+00, 
 2DIAGNOSTIC,    15, -5.683283209801e-01, 2.022087574005e-05, 6.4000e+02, 0.0000e+00, 
 2DIAGNOSTIC,    16, -5.683281421661e-01, 1.922249794006e-05, 6.4000e+02, 0.0000e+00, 
 2DIAGNOSTIC,    17, -5.683284401894e-01, 1.696497201920e-05, 6.4000e+02, 0.0000e+00, 
 2DIAGNOSTIC,    18, -5.683282017708e-01, 1.347810029984e-05, 6.4000e+02, 0.0000e+00, 
 2DIAGNOSTIC,    19, -5.683264136314e-01, 9.883195161819e-06, 7.6800e+02, 1.2800e+02, 
 2DIAGNOSTIC,    20, -5.683256387711e-01, 7.357448339462e-06, 7.6800e+02, 0.0000e+00, 
 2DIAGNOSTIC,    21, -5.683239102364e-01, 5.006790161133e-06, 7.6800e+02, 0.0000e+00, 
 2DIAGNOSTIC,    22, -5.683231949806e-01, 2.875924110413e-06, 7.6800e+02, 0.0000e+00, 
 2DIAGNOSTIC,    23, -5.683224201202e-01, 1.132488250732e-06, 7.6800e+02, 0.0000e+00, 
 2DIAGNOSTIC,    24, -5.683241486549e-01, 1.017004251480e-06, 7.6800e+02, 0.0000e+00, 
DIAGNOSTIC,Iteration,metricValue,convergenceValue,ITERATION_TIME_INDEX,SINCE_LAST
 2DIAGNOSTIC,     1, -5.114828944206e-01, 1.797693134862e+308, 8.9600e+02, 1.2800e+02, 
 2DIAGNOSTIC,     2, -5.117304921150e-01, 1.797693134862e+308, 1.0240e+03, 1.2800e+02, 
 2DIAGNOSTIC,     3, -5.119335055351e-01, 1.797693134862e+308, 1.1520e+03, 1.2800e+02, 
 2DIAGNOSTIC,     4, -5.122312307358e-01, 1.797693134862e+308, 1.2800e+03, 1.2800e+02, 
 2DIAGNOSTIC,     5, -5.124838352203e-01, 1.797693134862e+308, 1.4080e+03, 1.2800e+02, 
 2DIAGNOSTIC,     6, -5.124846696854e-01, 1.797693134862e+308, 1.5360e+03, 1.2800e+02, 
 2DIAGNOSTIC,     7, -5.124850273132e-01, 1.797693134862e+308, 1.6640e+03, 1.2800e+02, 
 2DIAGNOSTIC,     8, -5.124844312668e-01, 1.797693134862e+308, 1.7920e+03, 1.2800e+02, 
 2DIAGNOSTIC,     9, -5.124846696854e-01, 1.797693134862e+308, 1.9200e+03, 1.2800e+02, 
 2DIAGNOSTIC,    10, -5.124844908714e-01, 1.233518123627e-04, 2.0480e+03, 1.2800e+02, 
 2DIAGNOSTIC,    11, -5.124846696854e-01, 7.420778274536e-05, 2.1760e+03, 1.2800e+02, 
 2DIAGNOSTIC,    12, -5.124843120575e-01, 3.837049007416e-05, 2.3040e+03, 1.2800e+02, 
 2DIAGNOSTIC,    13, -5.124846100807e-01, 1.327693462372e-05, 2.4320e+03, 1.2800e+02, 
 2DIAGNOSTIC,    14, -5.124848484993e-01, 2.287328243256e-06, 2.5600e+03, 1.2800e+02, 
 2DIAGNOSTIC,    15, -5.124848484993e-01, 2.115964889526e-06, 2.6880e+03, 1.2800e+02, 
 2DIAGNOSTIC,    16, -5.124848484993e-01, 1.989305019379e-06, 2.8160e+03, 1.2800e+02, 
 2DIAGNOSTIC,    17, -5.124845504761e-01, 1.899898052216e-06, 2.9440e+03, 1.2800e+02, 
 2DIAGNOSTIC,    18, -5.124849677086e-01, 1.799315214157e-06, 3.0720e+03, 1.2800e+02, 
 2DIAGNOSTIC,    19, -5.124852061272e-01, 1.717358827591e-06, 3.2000e+03, 1.2800e+02, 
 2DIAGNOSTIC,    20, -5.124846100807e-01, 1.624226570129e-06, 3.3280e+03, 1.2800e+02, 
 2DIAGNOSTIC,    21, -5.124847292900e-01, 1.527369022369e-06, 3.4560e+03, 1.2800e+02, 
 2DIAGNOSTIC,    22, -5.124846100807e-01, 1.445412635803e-06, 3.5840e+03, 1.2800e+02, 
 2DIAGNOSTIC,    23, -5.124846100807e-01, 1.370906829834e-06, 3.7120e+03, 1.2800e+02, 
 2DIAGNOSTIC,    24, -5.124844908714e-01, 1.311302185059e-06, 3.8400e+03, 1.2800e+02, 
 2DIAGNOSTIC,    25, -5.124846100807e-01, 1.251697540283e-06, 3.9680e+03, 1.2800e+02, 
 2DIAGNOSTIC,    26, -5.124847292900e-01, 1.206994056702e-06, 4.0960e+03, 1.2800e+02, 
 2DIAGNOSTIC,    27, -5.124846696854e-01, 1.162290573120e-06, 4.2240e+03, 1.2800e+02, 
 2DIAGNOSTIC,    28, -5.124846696854e-01, 1.128762960434e-06, 4.3520e+03, 1.2800e+02, 
 2DIAGNOSTIC,    29, -5.124846696854e-01, 1.095235347748e-06, 4.4800e+03, 1.2800e+02, 
 2DIAGNOSTIC,    30, -5.124844908714e-01, 1.061707735062e-06, 4.6080e+03, 1.2800e+02, 
 2DIAGNOSTIC,    31, -5.124844908714e-01, 1.024454832077e-06, 4.7360e+03, 1.2800e+02, 
  Elapsed time (stage 0): 4.8640e+03


Total elapsed time: 4.8640e+03
-i /mnt/lustre/mathdugre/fast-interpolate/datasets/ds004513/derivatives/flint/ants/flint-vprec-single-five-levels/sub-s035/ses-open/anat/1/1_Rigid.nii.gz -o /mnt/lustre/mathdugre/fast-interpolate/datasets/ds004513/derivatives/flint/ants/flint-vprec-single-five-levels/sub-s035/ses-open/anat/11/1_transformed.nii.gz -t /mnt/lustre/mathdugre/fast-interpolate/datasets/ds004513/derivatives/flint/ants/flint-vprec-single-five-levels/sub-s035/ses-open/anat/11/1_0GenericAffine.mat
