---------------------
Experiment information

SIF_IMG: /mnt/lustre/mathdugre/containers/ants-flint-vprec.simg
SIF_IMG_BASE: /mnt/lustre/mathdugre/containers/ants-flint-base.simg
EXPERIMENT_NAME: flint-vprec-single
STAGE: syn
SUBJECT_ID: s014
REPETITION_ID: 1

FIXED_IMG: /templateflow/tpl-MNI152NLin2009cAsym/tpl-MNI152NLin2009cAsym_res-01_desc-brain_T1w.nii.gz
INPUT_IMG: /mnt/lustre/mathdugre/fast-interpolate/datasets/ds004513/derivatives/flint/ants/flint-vprec-single/sub-s014/ses-open/anat/11/1_Affine.nii.gz

DATA_DIR: /mnt/lustre/mathdugre/fast-interpolate/datasets/ds004513
OUTPUT_DIR: /mnt/lustre/mathdugre/fast-interpolate/datasets/ds004513/derivatives/flint/ants/flint-vprec-single/sub-s014/ses-open/anat
OUTPUT_PREFIX: 111
THREAD: 1
FLOAT: 0
VFC_BACKENDS: libinterflop_vprec.so --precision-binary32=23 --range-binary32=8 --precision-binary64=23 --range-binary64=8
---------------------

--output [/mnt/lustre/mathdugre/fast-interpolate/datasets/ds004513/derivatives/flint/ants/flint-vprec-single/sub-s014/ses-open/anat/111/1_,/mnt/lustre/mathdugre/fast-interpolate/datasets/ds004513/derivatives/flint/ants/flint-vprec-single/sub-s014/ses-open/anat/111/1_Warped.nii.gz,/mnt/lustre/mathdugre/fast-interpolate/datasets/ds004513/derivatives/flint/ants/flint-vprec-single/sub-s014/ses-open/anat/111/1_InverseSyN.nii.gz] --initial-moving-transform [/templateflow/tpl-MNI152NLin2009cAsym/tpl-MNI152NLin2009cAsym_res-01_desc-brain_T1w.nii.gz,/mnt/lustre/mathdugre/fast-interpolate/datasets/ds004513/derivatives/flint/ants/flint-vprec-single/sub-s014/ses-open/anat/11/1_Affine.nii.gz,1] --transform SyN[ 0.1,3,0 ] --metric CC[/templateflow/tpl-MNI152NLin2009cAsym/tpl-MNI152NLin2009cAsym_res-01_desc-brain_T1w.nii.gz,/mnt/lustre/mathdugre/fast-interpolate/datasets/ds004513/derivatives/flint/ants/flint-vprec-single/sub-s014/ses-open/anat/11/1_Affine.nii.gz,1,4] --convergence [100x70x50x20,1e-6,10] --shrink-factors 8x4x2x1 --smoothing-sigmas 3x2x1x0vox
All_Command_lines_OK
Using double precision for computations.
=============================================================================
The composite transform comprises the following transforms (in order): 
  1. Center of mass alignment using fixed image: /templateflow/tpl-MNI152NLin2009cAsym/tpl-MNI152NLin2009cAsym_res-01_desc-brain_T1w.nii.gz and moving image: /mnt/lustre/mathdugre/fast-interpolate/datasets/ds004513/derivatives/flint/ants/flint-vprec-single/sub-s014/ses-open/anat/11/1_Affine.nii.gz (type = Euler3DTransform)
=============================================================================
  number of levels = 4
  fixed image: /templateflow/tpl-MNI152NLin2009cAsym/tpl-MNI152NLin2009cAsym_res-01_desc-brain_T1w.nii.gz
  moving image: /mnt/lustre/mathdugre/fast-interpolate/datasets/ds004513/derivatives/flint/ants/flint-vprec-single/sub-s014/ses-open/anat/11/1_Affine.nii.gz
Dimension = 3
Number of stages = 1
Use histogram matching = false
Winsorize image intensities = true
  Lower quantile = 0.005
  Upper quantile = 0.995


Stage 1 State
   Image metric = CC
     Fixed image = Image (0x345cb50)
  RTTI typeinfo:   itk::Image<double, 3u>
  Reference Count: 2
  Modified Time: 1622
  Debug: Off
  Object Name: 
  Observers: 
    none
  Source: (none)
  Source output name: (none)
  Release Data: Off
  Data Released: False
  Global Release Data: Off
  PipelineMTime: 0
  UpdateMTime: 1407
  RealTimeStamp: 0 seconds 
  LargestPossibleRegion: 
    Dimension: 3
    Index: [0, 0, 0]
    Size: [193, 229, 193]
  BufferedRegion: 
    Dimension: 3
    Index: [0, 0, 0]
    Size: [193, 229, 193]
  RequestedRegion: 
    Dimension: 3
    Index: [0, 0, 0]
    Size: [193, 229, 193]
  Spacing: [1, 1, 1]
  Origin: [96, 132, -78]
  Direction: 
-1 0 0
0 -1 0
0 0 1

  IndexToPointMatrix: 
-1 0 0
0 -1 0
0 0 1

  PointToIndexMatrix: 
-1 0 0
0 -1 0
0 0 1

  Inverse Direction: 
-1 0 0
0 -1 0
0 0 1

  PixelContainer: 
    ImportImageContainer (0x34d56d0)
      RTTI typeinfo:   itk::ImportImageContainer<unsigned long, double>
      Reference Count: 1
      Modified Time: 1404
      Debug: Off
      Object Name: 
      Observers: 
        none
      Pointer: 0x7f3a7cb85010
      Container manages memory: true
      Size: 8530021
      Capacity: 8530021

     Moving image = Image (0x3468d60)
  RTTI typeinfo:   itk::Image<double, 3u>
  Reference Count: 2
  Modified Time: 1623
  Debug: Off
  Object Name: 
  Observers: 
    none
  Source: (none)
  Source output name: (none)
  Release Data: Off
  Data Released: False
  Global Release Data: Off
  PipelineMTime: 0
  UpdateMTime: 1620
  RealTimeStamp: 0 seconds 
  LargestPossibleRegion: 
    Dimension: 3
    Index: [0, 0, 0]
    Size: [193, 229, 193]
  BufferedRegion: 
    Dimension: 3
    Index: [0, 0, 0]
    Size: [193, 229, 193]
  RequestedRegion: 
    Dimension: 3
    Index: [0, 0, 0]
    Size: [193, 229, 193]
  Spacing: [1, 1, 1]
  Origin: [96, 132, -78]
  Direction: 
-1 0 0
0 -1 0
0 0 1

  IndexToPointMatrix: 
-1 0 0
0 -1 0
0 0 1

  PointToIndexMatrix: 
-1 0 0
0 -1 0
0 0 1

  Inverse Direction: 
-1 0 0
0 -1 0
0 0 1

  PixelContainer: 
    ImportImageContainer (0x35357d0)
      RTTI typeinfo:   itk::ImportImageContainer<unsigned long, double>
      Reference Count: 1
      Modified Time: 1617
      Debug: Off
      Object Name: 
      Observers: 
        none
      Pointer: 0x7f3a78a70010
      Container manages memory: true
      Size: 8530021
      Capacity: 8530021

     Weighting = 1
     Sampling strategy = none
     Number of bins = 32
     Radius = 4
     Sampling percentage  = 1
   Transform = SyN
     Gradient step = 0.1
     Update field sigma (voxel space) = 3
     Total field sigma (voxel space) = 0
     Update field time sigma = 0
     Total field time sigma  = 0
     Number of time indices = 0
     Number of time point samples = 0
Registration using 1 total stages.

Stage 0
  iterations = 100x70x50x20
  convergence threshold = 1e-06
  convergence window size = 10
  number of levels = 4
  using the CC metric (radius = 4, weight = 1, use gradient filter = 0)
  preprocessing:  winsorizing the image intensities
  Shrink factors (level 1 out of 4): [8, 8, 8]
  Shrink factors (level 2 out of 4): [4, 4, 4]
  Shrink factors (level 3 out of 4): [2, 2, 2]
  Shrink factors (level 4 out of 4): [1, 1, 1]
  smoothing sigmas per level: [3, 2, 1, 0]
  Using default NONE metricSamplingStrategy 

*** Running SyN registration (varianceForUpdateField = 3, varianceForTotalField = 0) ***

XXDIAGNOSTIC,Iteration,metricValue,convergenceValue,ITERATION_TIME_INDEX,SINCE_LAST
 1DIAGNOSTIC,     1, -9.306437969208e-01, 1.797693134862e+308, 0.0000e+00, 0.0000e+00, 
 1DIAGNOSTIC,     2, -9.360944032669e-01, 1.797693134862e+308, 0.0000e+00, 0.0000e+00, 
 1DIAGNOSTIC,     3, -9.415856599808e-01, 1.797693134862e+308, 0.0000e+00, 0.0000e+00, 
 1DIAGNOSTIC,     4, -9.462427496910e-01, 1.797693134862e+308, 1.2800e+02, 1.2800e+02, 
 1DIAGNOSTIC,     5, -9.502134323120e-01, 1.797693134862e+308, 1.2800e+02, 0.0000e+00, 
 1DIAGNOSTIC,     6, -9.537233114243e-01, 1.797693134862e+308, 1.2800e+02, 0.0000e+00, 
 1DIAGNOSTIC,     7, -9.579759836197e-01, 1.797693134862e+308, 1.2800e+02, 0.0000e+00, 
 1DIAGNOSTIC,     8, -9.625635147095e-01, 1.797693134862e+308, 1.2800e+02, 0.0000e+00, 
 1DIAGNOSTIC,     9, -9.665605425835e-01, 1.797693134862e+308, 1.2800e+02, 0.0000e+00, 
 1DIAGNOSTIC,    10, -9.693424701691e-01, 2.574995160103e-03, 1.2800e+02, 0.0000e+00, 
 1DIAGNOSTIC,    11, -9.695878028870e-01, 2.130180597305e-03, 1.2800e+02, 0.0000e+00, 
 1DIAGNOSTIC,    12, -9.699033498764e-01, 1.712061464787e-03, 2.5600e+02, 1.2800e+02, 
 1DIAGNOSTIC,    13, -9.703024625778e-01, 1.337580382824e-03, 2.5600e+02, 0.0000e+00, 
 1DIAGNOSTIC,    14, -9.703476428986e-01, 9.938105940819e-04, 2.5600e+02, 0.0000e+00, 
 1DIAGNOSTIC,    15, -9.709072709084e-01, 6.950795650482e-04, 2.5600e+02, 0.0000e+00, 
 1DIAGNOSTIC,    16, -9.708712697029e-01, 4.345998167992e-04, 2.5600e+02, 0.0000e+00, 
 1DIAGNOSTIC,    17, -9.716026782990e-01, 2.515166997910e-04, 2.5600e+02, 0.0000e+00, 
 1DIAGNOSTIC,    18, -9.714938998222e-01, 1.380518078804e-04, 2.5600e+02, 0.0000e+00, 
 1DIAGNOSTIC,    19, -9.721622467041e-01, 9.568408131599e-05, 3.8400e+02, 1.2800e+02, 
 1DIAGNOSTIC,    20, -9.719963669777e-01, 8.733198046684e-05, 3.8400e+02, 0.0000e+00, 
 1DIAGNOSTIC,    21, -9.725141525269e-01, 8.257478475571e-05, 3.8400e+02, 0.0000e+00, 
 1DIAGNOSTIC,    22, -9.723064899445e-01, 7.189810276031e-05, 3.8400e+02, 0.0000e+00, 
 1DIAGNOSTIC,    23, -9.727036952972e-01, 6.591156125069e-05, 3.8400e+02, 0.0000e+00, 
 1DIAGNOSTIC,    24, -9.724738597870e-01, 5.187094211578e-05, 3.8400e+02, 0.0000e+00, 
 1DIAGNOSTIC,    25, -9.728451967239e-01, 4.538521170616e-05, 3.8400e+02, 0.0000e+00, 
 1DIAGNOSTIC,    26, -9.725958108902e-01, 3.172457218170e-05, 3.8400e+02, 0.0000e+00, 
 1DIAGNOSTIC,    27, -9.729243516922e-01, 2.795457839966e-05, 5.1200e+02, 1.2800e+02, 
 1DIAGNOSTIC,    28, -9.726598858833e-01, 1.775845885277e-05, 5.1200e+02, 0.0000e+00, 
 1DIAGNOSTIC,    29, -9.729841351509e-01, 1.695007085800e-05, 5.1200e+02, 0.0000e+00, 
 1DIAGNOSTIC,    30, -9.727199077606e-01, 1.025944948196e-05, 5.1200e+02, 0.0000e+00, 
 1DIAGNOSTIC,    31, -9.729959368706e-01, 1.081451773643e-05, 5.1200e+02, 0.0000e+00, 
 1DIAGNOSTIC,    32, -9.727202057838e-01, 5.804002285004e-06, 5.1200e+02, 0.0000e+00, 
 1DIAGNOSTIC,    33, -9.730299711227e-01, 7.089227437973e-06, 5.1200e+02, 0.0000e+00, 
 1DIAGNOSTIC,    34, -9.727612733841e-01, 3.237277269363e-06, 5.1200e+02, 0.0000e+00, 
 1DIAGNOSTIC,    35, -9.729717373848e-01, 4.408881068230e-06, 6.4000e+02, 1.2800e+02, 
 1DIAGNOSTIC,    36, -9.726893305779e-01, 7.245689630508e-07, 6.4000e+02, 0.0000e+00, 
XXDIAGNOSTIC,Iteration,metricValue,convergenceValue,ITERATION_TIME_INDEX,SINCE_LAST
 1DIAGNOSTIC,     1, -9.152820110321e-01, 1.797693134862e+308, 7.6800e+02, 1.2800e+02, 
 1DIAGNOSTIC,     2, -9.176669716835e-01, 1.797693134862e+308, 8.9600e+02, 1.2800e+02, 
 1DIAGNOSTIC,     3, -9.205051660538e-01, 1.797693134862e+308, 1.1520e+03, 2.5600e+02, 
 1DIAGNOSTIC,     4, -9.239878654480e-01, 1.797693134862e+308, 1.2800e+03, 1.2800e+02, 
 1DIAGNOSTIC,     5, -9.271128773689e-01, 1.797693134862e+308, 1.4080e+03, 1.2800e+02, 
 1DIAGNOSTIC,     6, -9.298685789108e-01, 1.797693134862e+308, 1.5360e+03, 1.2800e+02, 
 1DIAGNOSTIC,     7, -9.319061040878e-01, 1.797693134862e+308, 1.6640e+03, 1.2800e+02, 
 1DIAGNOSTIC,     8, -9.336863160133e-01, 1.797693134862e+308, 1.7920e+03, 1.2800e+02, 
 1DIAGNOSTIC,     9, -9.352917075157e-01, 1.797693134862e+308, 1.9200e+03, 1.2800e+02, 
 1DIAGNOSTIC,    10, -9.366914033890e-01, 1.542337238789e-03, 2.1760e+03, 2.5600e+02, 
 1DIAGNOSTIC,    11, -9.379413127899e-01, 1.276612281799e-03, 2.3040e+03, 1.2800e+02, 
 1DIAGNOSTIC,    12, -9.390566349030e-01, 1.029781997204e-03, 2.4320e+03, 1.2800e+02, 
 1DIAGNOSTIC,    13, -9.400624632835e-01, 8.176788687706e-04, 2.5600e+03, 1.2800e+02, 
 1DIAGNOSTIC,    14, -9.408327937126e-01, 6.536692380905e-04, 2.6880e+03, 1.2800e+02, 
 1DIAGNOSTIC,    15, -9.416530728340e-01, 5.315020680428e-04, 2.8160e+03, 1.2800e+02, 
 1DIAGNOSTIC,    16, -9.422746300697e-01, 4.398599267006e-04, 2.9440e+03, 1.2800e+02, 
 1DIAGNOSTIC,    17, -9.429678916931e-01, 3.671944141388e-04, 3.2000e+03, 2.5600e+02, 
 1DIAGNOSTIC,    18, -9.432770013809e-01, 3.037601709366e-04, 3.3280e+03, 1.2800e+02, 
 1DIAGNOSTIC,    19, -9.437072277069e-01, 2.514235675335e-04, 3.4560e+03, 1.2800e+02, 
 1DIAGNOSTIC,    20, -9.439932107925e-01, 2.064779400826e-04, 3.5840e+03, 1.2800e+02, 
 1DIAGNOSTIC,    21, -9.442554712296e-01, 1.683533191681e-04, 3.7120e+03, 1.2800e+02, 
 1DIAGNOSTIC,    22, -9.445050954819e-01, 1.367628574371e-04, 3.8400e+03, 1.2800e+02, 
 1DIAGNOSTIC,    23, -9.447180032730e-01, 1.112297177315e-04, 4.0960e+03, 2.5600e+02, 
 1DIAGNOSTIC,    24, -9.449263811111e-01, 8.977949619293e-05, 4.2240e+03, 1.2800e+02, 
 1DIAGNOSTIC,    25, -9.451116323471e-01, 7.382407784462e-05, 4.3520e+03, 1.2800e+02, 
 1DIAGNOSTIC,    26, -9.452795386314e-01, 6.132945418358e-05, 4.4800e+03, 1.2800e+02, 
 1DIAGNOSTIC,    27, -9.454251527786e-01, 5.347281694412e-05, 4.6080e+03, 1.2800e+02, 
 1DIAGNOSTIC,    28, -9.455539584160e-01, 4.591420292854e-05, 4.7360e+03, 1.2800e+02, 
 1DIAGNOSTIC,    29, -9.456680417061e-01, 4.027783870697e-05, 4.9920e+03, 2.5600e+02, 
 1DIAGNOSTIC,    30, -9.457662105560e-01, 3.514811396599e-05, 5.1200e+03, 1.2800e+02, 
 1DIAGNOSTIC,    31, -9.458605051041e-01, 3.056973218918e-05, 5.2480e+03, 1.2800e+02, 
 1DIAGNOSTIC,    32, -9.459452629089e-01, 2.660974860191e-05, 5.3760e+03, 1.2800e+02, 
 1DIAGNOSTIC,    33, -9.460062980652e-01, 2.293661236763e-05, 5.5040e+03, 1.2800e+02, 
 1DIAGNOSTIC,    34, -9.460687637329e-01, 1.978874206543e-05, 5.6320e+03, 1.2800e+02, 
 1DIAGNOSTIC,    35, -9.461261034012e-01, 1.709908246994e-05, 5.8880e+03, 2.5600e+02, 
 1DIAGNOSTIC,    36, -9.461739063263e-01, 1.480989158154e-05, 6.0160e+03, 1.2800e+02, 
 1DIAGNOSTIC,    37, -9.462091922760e-01, 1.277960836887e-05, 6.1440e+03, 1.2800e+02, 
 1DIAGNOSTIC,    38, -9.462464451790e-01, 1.103430986404e-05, 6.2720e+03, 1.2800e+02, 
 1DIAGNOSTIC,    39, -9.462785720825e-01, 9.527429938316e-06, 6.4000e+03, 1.2800e+02, 
 1DIAGNOSTIC,    40, -9.463105201721e-01, 8.236616849899e-06, 6.5280e+03, 1.2800e+02, 
 1DIAGNOSTIC,    41, -9.463378190994e-01, 7.176771759987e-06, 6.6560e+03, 1.2800e+02, 
 1DIAGNOSTIC,    42, -9.463594555855e-01, 6.319954991341e-06, 6.9120e+03, 2.5600e+02, 
 1DIAGNOSTIC,    43, -9.463716745377e-01, 5.487352609634e-06, 7.0400e+03, 1.2800e+02, 
 1DIAGNOSTIC,    44, -9.463719129562e-01, 4.654750227928e-06, 7.1680e+03, 1.2800e+02, 
 1DIAGNOSTIC,    45, -9.463792443275e-01, 3.915280103683e-06, 7.2960e+03, 1.2800e+02, 
 1DIAGNOSTIC,    46, -9.463757276535e-01, 3.194436430931e-06, 7.4240e+03, 1.2800e+02, 
 1DIAGNOSTIC,    47, -9.463731050491e-01, 2.466142177582e-06, 7.5520e+03, 1.2800e+02, 
 1DIAGNOSTIC,    48, -9.463736414909e-01, 1.832842826843e-06, 7.8080e+03, 2.5600e+02, 
 1DIAGNOSTIC,    49, -9.463662505150e-01, 1.268461346626e-06, 7.9360e+03, 1.2800e+02, 
 1DIAGNOSTIC,    50, -9.463585615158e-01, 8.102506399155e-07, 8.0640e+03, 1.2800e+02, 
XXDIAGNOSTIC,Iteration,metricValue,convergenceValue,ITERATION_TIME_INDEX,SINCE_LAST
 1DIAGNOSTIC,     1, -8.945727348328e-01, 1.797693134862e+308, 9.3440e+03, 1.2800e+03, 
 1DIAGNOSTIC,     2, -8.965293169022e-01, 1.797693134862e+308, 1.0496e+04, 1.1520e+03, 
 1DIAGNOSTIC,     3, -8.991021513939e-01, 1.797693134862e+308, 1.1776e+04, 1.2800e+03, 
 1DIAGNOSTIC,     4, -9.015905857086e-01, 1.797693134862e+308, 1.2928e+04, 1.1520e+03, 
 1DIAGNOSTIC,     5, -9.039314985275e-01, 1.797693134862e+308, 1.4208e+04, 1.2800e+03, 
 1DIAGNOSTIC,     6, -9.060268402100e-01, 1.797693134862e+308, 1.5488e+04, 1.2800e+03, 
 1DIAGNOSTIC,     7, -9.077830314636e-01, 1.797693134862e+308, 1.6640e+04, 1.1520e+03, 
 1DIAGNOSTIC,     8, -9.093638062477e-01, 1.797693134862e+308, 1.7920e+04, 1.2800e+03, 
 1DIAGNOSTIC,     9, -9.108134508133e-01, 1.797693134862e+308, 1.9072e+04, 1.1520e+03, 
 1DIAGNOSTIC,    10, -9.119339585304e-01, 1.269385218620e-03, 2.0352e+04, 1.2800e+03, 
 1DIAGNOSTIC,    11, -9.131065607071e-01, 1.061789691448e-03, 2.1504e+04, 1.1520e+03, 
 1DIAGNOSTIC,    12, -9.140216112137e-01, 8.680373430252e-04, 2.2784e+04, 1.2800e+03, 
 1DIAGNOSTIC,    13, -9.149760007858e-01, 7.103085517883e-04, 2.4064e+04, 1.2800e+03, 
 1DIAGNOSTIC,    14, -9.157111644745e-01, 5.821511149406e-04, 2.5216e+04, 1.1520e+03, 
 1DIAGNOSTIC,    15, -9.163895845413e-01, 4.805698990822e-04, 2.6496e+04, 1.2800e+03, 
 1DIAGNOSTIC,    16, -9.170551300049e-01, 4.013404250145e-04, 2.7648e+04, 1.1520e+03, 
 1DIAGNOSTIC,    17, -9.176995158195e-01, 3.383271396160e-04, 2.8928e+04, 1.2800e+03, 
 1DIAGNOSTIC,    18, -9.183418750763e-01, 2.893842756748e-04, 3.0208e+04, 1.2800e+03, 
 1DIAGNOSTIC,    19, -9.189826250076e-01, 2.530068159103e-04, 3.1360e+04, 1.1520e+03, 
 1DIAGNOSTIC,    20, -9.196030497551e-01, 2.237595617771e-04, 3.2640e+04, 1.2800e+03, 
 1DIAGNOSTIC,    21, -9.202246069908e-01, 2.030096948147e-04, 3.3792e+04, 1.1520e+03, 
 1DIAGNOSTIC,    22, -9.208035469055e-01, 1.862123608589e-04, 3.5072e+04, 1.2800e+03, 
 1DIAGNOSTIC,    23, -9.213593006134e-01, 1.738481223583e-04, 3.6352e+04, 1.2800e+03, 
 1DIAGNOSTIC,    24, -9.218899011612e-01, 1.625977456570e-04, 3.7504e+04, 1.1520e+03, 
 1DIAGNOSTIC,    25, -9.223723411560e-01, 1.513846218586e-04, 3.8784e+04, 1.2800e+03, 
 1DIAGNOSTIC,    26, -9.228091835976e-01, 1.399777829647e-04, 3.9936e+04, 1.1520e+03, 
 1DIAGNOSTIC,    27, -9.232070446014e-01, 1.282095909119e-04, 4.1216e+04, 1.2800e+03, 
 1DIAGNOSTIC,    28, -9.235773682594e-01, 1.164339482784e-04, 4.2496e+04, 1.2800e+03, 
 1DIAGNOSTIC,    29, -9.239170551300e-01, 1.049675047398e-04, 4.3648e+04, 1.1520e+03, 
 1DIAGNOSTIC,    30, -9.242331981659e-01, 9.402632713318e-05, 4.4928e+04, 1.2800e+03, 
 1DIAGNOSTIC,    31, -9.245243072510e-01, 8.405372500420e-05, 4.6080e+04, 1.1520e+03, 
 1DIAGNOSTIC,    32, -9.247995018959e-01, 7.502734661102e-05, 4.7360e+04, 1.2800e+03, 
 1DIAGNOSTIC,    33, -9.250687956810e-01, 6.720423698425e-05, 4.8640e+04, 1.2800e+03, 
 1DIAGNOSTIC,    34, -9.253137707710e-01, 6.053596735001e-05, 4.9792e+04, 1.1520e+03, 
 1DIAGNOSTIC,    35, -9.255564212799e-01, 5.495548248291e-05, 5.1072e+04, 1.2800e+03, 
 1DIAGNOSTIC,    36, -9.257873296738e-01, 5.022808909416e-05, 5.2224e+04, 1.1520e+03, 
 1DIAGNOSTIC,    37, -9.260082244873e-01, 4.618428647518e-05, 5.3504e+04, 1.2800e+03, 
 1DIAGNOSTIC,    38, -9.262059926987e-01, 4.261918365955e-05, 5.4784e+04, 1.2800e+03, 
 1DIAGNOSTIC,    39, -9.263742566109e-01, 3.924407064915e-05, 5.5936e+04, 1.1520e+03, 
 1DIAGNOSTIC,    40, -9.265222549438e-01, 3.592856228352e-05, 5.7216e+04, 1.2800e+03, 
 1DIAGNOSTIC,    41, -9.266530871391e-01, 3.257766366005e-05, 5.8368e+04, 1.1520e+03, 
 1DIAGNOSTIC,    42, -9.267591834068e-01, 2.912059426308e-05, 5.9648e+04, 1.2800e+03, 
 1DIAGNOSTIC,    43, -9.268531799316e-01, 2.570264041424e-05, 6.0928e+04, 1.2800e+03, 
 1DIAGNOSTIC,    44, -9.269337654114e-01, 2.232380211353e-05, 6.2080e+04, 1.1520e+03, 
 1DIAGNOSTIC,    45, -9.269976615906e-01, 1.910887658596e-05, 6.3360e+04, 1.2800e+03, 
 1DIAGNOSTIC,    46, -9.270548224449e-01, 1.618824899197e-05, 6.4512e+04, 1.1520e+03, 
 1DIAGNOSTIC,    47, -9.271087646484e-01, 1.369789242744e-05, 6.5792e+04, 1.2800e+03, 
 1DIAGNOSTIC,    48, -9.271560311317e-01, 1.162849366665e-05, 6.6944e+04, 1.1520e+03, 
 1DIAGNOSTIC,    49, -9.271966814995e-01, 9.896233677864e-06, 6.8224e+04, 1.2800e+03, 
 1DIAGNOSTIC,    50, -9.272339344025e-01, 8.473172783852e-06, 6.9504e+04, 1.2800e+03, 
XXDIAGNOSTIC,Iteration,metricValue,convergenceValue,ITERATION_TIME_INDEX,SINCE_LAST
 1DIAGNOSTIC,     1, -8.945513367653e-01, 1.797693134862e+308, 7.9616e+04, 1.0112e+04, 
 1DIAGNOSTIC,     2, -8.957227468491e-01, 1.797693134862e+308, 8.9728e+04, 1.0112e+04, 
 1DIAGNOSTIC,     3, -8.973641395569e-01, 1.797693134862e+308, 9.9712e+04, 9.9840e+03, 
 1DIAGNOSTIC,     4, -8.990142345428e-01, 1.797693134862e+308, 1.0970e+05, 9.9840e+03, 
 1DIAGNOSTIC,     5, -9.005186557770e-01, 1.797693134862e+308, 1.1968e+05, 9.9840e+03, 
 1DIAGNOSTIC,     6, -9.020190238953e-01, 1.797693134862e+308, 1.2979e+05, 1.0112e+04, 
 1DIAGNOSTIC,     7, -9.035515785217e-01, 1.797693134862e+308, 1.3978e+05, 9.9840e+03, 
 1DIAGNOSTIC,     8, -9.048949480057e-01, 1.797693134862e+308, 1.4989e+05, 1.0112e+04, 
 1DIAGNOSTIC,     9, -9.062384366989e-01, 1.797693134862e+308, 1.5987e+05, 9.9840e+03, 
 1DIAGNOSTIC,    10, -9.072898626328e-01, 9.360760450363e-04, 1.6986e+05, 9.9840e+03, 
 1DIAGNOSTIC,    11, -9.082325696945e-01, 8.208975195885e-04, 1.7997e+05, 1.0112e+04, 
 1DIAGNOSTIC,    12, -9.092177152634e-01, 7.074400782585e-04, 1.8995e+05, 9.9840e+03, 
 1DIAGNOSTIC,    13, -9.100459814072e-01, 6.067976355553e-04, 2.0006e+05, 1.0112e+04, 
 1DIAGNOSTIC,    14, -9.108124971390e-01, 5.194097757339e-04, 2.1005e+05, 9.9840e+03, 
 1DIAGNOSTIC,    15, -9.115308523178e-01, 4.426240921021e-04, 2.2016e+05, 1.0112e+04, 
 1DIAGNOSTIC,    16, -9.121891260147e-01, 3.769695758820e-04, 2.3014e+05, 9.9840e+03, 
 1DIAGNOSTIC,    17, -9.128163456917e-01, 3.240182995796e-04, 2.4026e+05, 1.0112e+04, 
 1DIAGNOSTIC,    18, -9.133733510971e-01, 2.798512578011e-04, 2.5024e+05, 9.9840e+03, 
 1DIAGNOSTIC,    19, -9.139312505722e-01, 2.456903457642e-04, 2.6022e+05, 9.9840e+03, 
 1DIAGNOSTIC,    20, -9.144439101219e-01, 2.165362238884e-04, 2.7021e+05, 9.9840e+03, 
  Elapsed time (stage 0): 270208


Total elapsed time: 270208
-i /mnt/lustre/mathdugre/fast-interpolate/datasets/ds004513/derivatives/flint/ants/flint-vprec-single/sub-s014/ses-open/anat/11/1_Affine.nii.gz -o /mnt/lustre/mathdugre/fast-interpolate/datasets/ds004513/derivatives/flint/ants/flint-vprec-single/sub-s014/ses-open/anat/111/1_transformed.nii.gz -t /mnt/lustre/mathdugre/fast-interpolate/datasets/ds004513/derivatives/flint/ants/flint-vprec-single/sub-s014/ses-open/anat/111/1_1Warp.nii.gz -t /mnt/lustre/mathdugre/fast-interpolate/datasets/ds004513/derivatives/flint/ants/flint-vprec-single/sub-s014/ses-open/anat/111/1_0GenericAffine.mat
