---------------------
Experiment information

SIF_IMG: /mnt/lustre/mathdugre/containers/ants-flint-vprec.simg
SIF_IMG_BASE: /mnt/lustre/mathdugre/containers/ants-flint-base.simg
EXPERIMENT_NAME: flint-vprec-single-five-levels
STAGE: syn
SUBJECT_ID: s028
REPETITION_ID: 1

FIXED_IMG: /templateflow/tpl-MNI152NLin2009cAsym/tpl-MNI152NLin2009cAsym_res-01_desc-brain_T1w.nii.gz
INPUT_IMG: /mnt/lustre/mathdugre/fast-interpolate/datasets/ds004513/derivatives/flint/ants/flint-vprec-single-five-levels/sub-s028/ses-open/anat/01/1_Affine.nii.gz

DATA_DIR: /mnt/lustre/mathdugre/fast-interpolate/datasets/ds004513
OUTPUT_DIR: /mnt/lustre/mathdugre/fast-interpolate/datasets/ds004513/derivatives/flint/ants/flint-vprec-single-five-levels/sub-s028/ses-open/anat
OUTPUT_PREFIX: 011
THREAD: 1
FLOAT: 0
VFC_BACKENDS: libinterflop_vprec.so --precision-binary32=23 --range-binary32=8 --precision-binary64=23 --range-binary64=8
---------------------

--output [/mnt/lustre/mathdugre/fast-interpolate/datasets/ds004513/derivatives/flint/ants/flint-vprec-single-five-levels/sub-s028/ses-open/anat/011/1_,/mnt/lustre/mathdugre/fast-interpolate/datasets/ds004513/derivatives/flint/ants/flint-vprec-single-five-levels/sub-s028/ses-open/anat/011/1_Warped.nii.gz,/mnt/lustre/mathdugre/fast-interpolate/datasets/ds004513/derivatives/flint/ants/flint-vprec-single-five-levels/sub-s028/ses-open/anat/011/1_InverseSyN.nii.gz] --initial-moving-transform [/templateflow/tpl-MNI152NLin2009cAsym/tpl-MNI152NLin2009cAsym_res-01_desc-brain_T1w.nii.gz,/mnt/lustre/mathdugre/fast-interpolate/datasets/ds004513/derivatives/flint/ants/flint-vprec-single-five-levels/sub-s028/ses-open/anat/01/1_Affine.nii.gz,1] --transform SyN[ 0.1,3,0 ] --metric CC[/templateflow/tpl-MNI152NLin2009cAsym/tpl-MNI152NLin2009cAsym_res-01_desc-brain_T1w.nii.gz,/mnt/lustre/mathdugre/fast-interpolate/datasets/ds004513/derivatives/flint/ants/flint-vprec-single-five-levels/sub-s028/ses-open/anat/01/1_Affine.nii.gz,1,4] --convergence [100x100x70x50x20,1e-6,10] --shrink-factors 16x8x4x2x1 --smoothing-sigmas 4x3x2x1x0vox
All_Command_lines_OK
Using double precision for computations.
=============================================================================
The composite transform comprises the following transforms (in order): 
  1. Center of mass alignment using fixed image: /templateflow/tpl-MNI152NLin2009cAsym/tpl-MNI152NLin2009cAsym_res-01_desc-brain_T1w.nii.gz and moving image: /mnt/lustre/mathdugre/fast-interpolate/datasets/ds004513/derivatives/flint/ants/flint-vprec-single-five-levels/sub-s028/ses-open/anat/01/1_Affine.nii.gz (type = Euler3DTransform)
=============================================================================
  number of levels = 5
  fixed image: /templateflow/tpl-MNI152NLin2009cAsym/tpl-MNI152NLin2009cAsym_res-01_desc-brain_T1w.nii.gz
  moving image: /mnt/lustre/mathdugre/fast-interpolate/datasets/ds004513/derivatives/flint/ants/flint-vprec-single-five-levels/sub-s028/ses-open/anat/01/1_Affine.nii.gz
Dimension = 3
Number of stages = 1
Use histogram matching = false
Winsorize image intensities = true
  Lower quantile = 0.005
  Upper quantile = 0.995


Stage 1 State
   Image metric = CC
     Fixed image = Image (0x32b6f00)
  RTTI typeinfo:   itk::Image<double, 3u>
  Reference Count: 2
  Modified Time: 1622
  Debug: Off
  Object Name: 
  Observers: 
    none
  Source: (none)
  Source output name: (none)
  Release Data: Off
  Data Released: False
  Global Release Data: Off
  PipelineMTime: 0
  UpdateMTime: 1407
  RealTimeStamp: 0 seconds 
  LargestPossibleRegion: 
    Dimension: 3
    Index: [0, 0, 0]
    Size: [193, 229, 193]
  BufferedRegion: 
    Dimension: 3
    Index: [0, 0, 0]
    Size: [193, 229, 193]
  RequestedRegion: 
    Dimension: 3
    Index: [0, 0, 0]
    Size: [193, 229, 193]
  Spacing: [1, 1, 1]
  Origin: [96, 132, -78]
  Direction: 
-1 0 0
0 -1 0
0 0 1

  IndexToPointMatrix: 
-1 0 0
0 -1 0
0 0 1

  PointToIndexMatrix: 
-1 0 0
0 -1 0
0 0 1

  Inverse Direction: 
-1 0 0
0 -1 0
0 0 1

  PixelContainer: 
    ImportImageContainer (0x33a31d0)
      RTTI typeinfo:   itk::ImportImageContainer<unsigned long, double>
      Reference Count: 1
      Modified Time: 1404
      Debug: Off
      Object Name: 
      Observers: 
        none
      Pointer: 0x7f88c21e5010
      Container manages memory: true
      Size: 8530021
      Capacity: 8530021

     Moving image = Image (0x32bdff0)
  RTTI typeinfo:   itk::Image<double, 3u>
  Reference Count: 2
  Modified Time: 1623
  Debug: Off
  Object Name: 
  Observers: 
    none
  Source: (none)
  Source output name: (none)
  Release Data: Off
  Data Released: False
  Global Release Data: Off
  PipelineMTime: 0
  UpdateMTime: 1620
  RealTimeStamp: 0 seconds 
  LargestPossibleRegion: 
    Dimension: 3
    Index: [0, 0, 0]
    Size: [193, 229, 193]
  BufferedRegion: 
    Dimension: 3
    Index: [0, 0, 0]
    Size: [193, 229, 193]
  RequestedRegion: 
    Dimension: 3
    Index: [0, 0, 0]
    Size: [193, 229, 193]
  Spacing: [1, 1, 1]
  Origin: [96, 132, -78]
  Direction: 
-1 0 0
0 -1 0
0 0 1

  IndexToPointMatrix: 
-1 0 0
0 -1 0
0 0 1

  PointToIndexMatrix: 
-1 0 0
0 -1 0
0 0 1

  Inverse Direction: 
-1 0 0
0 -1 0
0 0 1

  PixelContainer: 
    ImportImageContainer (0x3344940)
      RTTI typeinfo:   itk::ImportImageContainer<unsigned long, double>
      Reference Count: 1
      Modified Time: 1617
      Debug: Off
      Object Name: 
      Observers: 
        none
      Pointer: 0x7f88be0d0010
      Container manages memory: true
      Size: 8530021
      Capacity: 8530021

     Weighting = 1
     Sampling strategy = none
     Number of bins = 32
     Radius = 4
     Sampling percentage  = 1
   Transform = SyN
     Gradient step = 0.1
     Update field sigma (voxel space) = 3
     Total field sigma (voxel space) = 0
     Update field time sigma = 0
     Total field time sigma  = 0
     Number of time indices = 0
     Number of time point samples = 0
Registration using 1 total stages.

Stage 0
  iterations = 100x100x70x50x20
  convergence threshold = 1e-06
  convergence window size = 10
  number of levels = 5
  using the CC metric (radius = 4, weight = 1, use gradient filter = 0)
  preprocessing:  winsorizing the image intensities
  Shrink factors (level 1 out of 5): [16, 16, 16]
  Shrink factors (level 2 out of 5): [8, 8, 8]
  Shrink factors (level 3 out of 5): [4, 4, 4]
  Shrink factors (level 4 out of 5): [2, 2, 2]
  Shrink factors (level 5 out of 5): [1, 1, 1]
  smoothing sigmas per level: [4, 3, 2, 1, 0]
  Using default NONE metricSamplingStrategy 

*** Running SyN registration (varianceForUpdateField = 3, varianceForTotalField = 0) ***

XXDIAGNOSTIC,Iteration,metricValue,convergenceValue,ITERATION_TIME_INDEX,SINCE_LAST
 1DIAGNOSTIC,     1, -9.318692088127e-01, 1.797693134862e+308, 0.0000e+00, 0.0000e+00, 
 1DIAGNOSTIC,     2, -9.413552284241e-01, 1.797693134862e+308, 0.0000e+00, 0.0000e+00, 
 1DIAGNOSTIC,     3, -9.472138881683e-01, 1.797693134862e+308, 0.0000e+00, 0.0000e+00, 
 1DIAGNOSTIC,     4, -9.500156044960e-01, 1.797693134862e+308, 0.0000e+00, 0.0000e+00, 
 1DIAGNOSTIC,     5, -9.518016576767e-01, 1.797693134862e+308, 0.0000e+00, 0.0000e+00, 
 1DIAGNOSTIC,     6, -9.529381990433e-01, 1.797693134862e+308, 0.0000e+00, 0.0000e+00, 
 1DIAGNOSTIC,     7, -9.536788463593e-01, 1.797693134862e+308, 0.0000e+00, 0.0000e+00, 
 1DIAGNOSTIC,     8, -9.541976451874e-01, 1.797693134862e+308, 0.0000e+00, 0.0000e+00, 
 1DIAGNOSTIC,     9, -9.545762538910e-01, 1.797693134862e+308, 0.0000e+00, 0.0000e+00, 
 1DIAGNOSTIC,    10, -9.548261165619e-01, 1.239970326424e-03, 0.0000e+00, 0.0000e+00, 
 1DIAGNOSTIC,    11, -9.550355076790e-01, 6.768330931664e-04, 0.0000e+00, 0.0000e+00, 
 1DIAGNOSTIC,    12, -9.552091360092e-01, 3.853663802147e-04, 0.0000e+00, 0.0000e+00, 
 1DIAGNOSTIC,    13, -9.553607702255e-01, 2.414658665657e-04, 0.0000e+00, 0.0000e+00, 
 1DIAGNOSTIC,    14, -9.555011391640e-01, 1.586079597473e-04, 0.0000e+00, 0.0000e+00, 
 1DIAGNOSTIC,    15, -9.556338191032e-01, 1.103654503822e-04, 0.0000e+00, 0.0000e+00, 
 1DIAGNOSTIC,    16, -9.557566642761e-01, 8.152425289154e-05, 0.0000e+00, 0.0000e+00, 
 1DIAGNOSTIC,    17, -9.558660984039e-01, 6.351247429848e-05, 0.0000e+00, 0.0000e+00, 
 1DIAGNOSTIC,    18, -9.559600353241e-01, 5.185976624489e-05, 0.0000e+00, 0.0000e+00, 
 1DIAGNOSTIC,    19, -9.560434222221e-01, 4.398077726364e-05, 0.0000e+00, 0.0000e+00, 
 1DIAGNOSTIC,    20, -9.561141729355e-01, 3.769248723984e-05, 1.2800e+02, 1.2800e+02, 
 1DIAGNOSTIC,    21, -9.561769962311e-01, 3.244727849960e-05, 1.2800e+02, 0.0000e+00, 
 1DIAGNOSTIC,    22, -9.562339782715e-01, 2.789497375488e-05, 1.2800e+02, 0.0000e+00, 
 1DIAGNOSTIC,    23, -9.562815427780e-01, 2.381578087807e-05, 1.2800e+02, 0.0000e+00, 
 1DIAGNOSTIC,    24, -9.563249945641e-01, 2.022087574005e-05, 1.2800e+02, 0.0000e+00, 
 1DIAGNOSTIC,    25, -9.563633203506e-01, 1.716613769531e-05, 1.2800e+02, 0.0000e+00, 
 1DIAGNOSTIC,    26, -9.563992023468e-01, 1.465156674385e-05, 1.2800e+02, 0.0000e+00, 
 1DIAGNOSTIC,    27, -9.564304947853e-01, 1.258403062820e-05, 1.2800e+02, 0.0000e+00, 
 1DIAGNOSTIC,    28, -9.564589858055e-01, 1.088529825211e-05, 1.2800e+02, 0.0000e+00, 
 1DIAGNOSTIC,    29, -9.564841985703e-01, 9.480863809586e-06, 1.2800e+02, 0.0000e+00, 
 1DIAGNOSTIC,    30, -9.565078020096e-01, 8.307397365570e-06, 1.2800e+02, 0.0000e+00, 
 1DIAGNOSTIC,    31, -9.565294981003e-01, 7.316470146179e-06, 1.2800e+02, 0.0000e+00, 
 1DIAGNOSTIC,    32, -9.565518498421e-01, 6.537884473801e-06, 1.2800e+02, 0.0000e+00, 
 1DIAGNOSTIC,    33, -9.565740227699e-01, 5.889683961868e-06, 1.2800e+02, 0.0000e+00, 
 1DIAGNOSTIC,    34, -9.565943479538e-01, 5.370005965233e-06, 1.2800e+02, 0.0000e+00, 
 1DIAGNOSTIC,    35, -9.566138982773e-01, 4.945322871208e-06, 1.2800e+02, 0.0000e+00, 
 1DIAGNOSTIC,    36, -9.566351175308e-01, 4.623085260391e-06, 1.2800e+02, 0.0000e+00, 
 1DIAGNOSTIC,    37, -9.566568732262e-01, 4.390254616737e-06, 1.2800e+02, 0.0000e+00, 
 1DIAGNOSTIC,    38, -9.566775560379e-01, 4.209578037262e-06, 1.2800e+02, 0.0000e+00, 
 1DIAGNOSTIC,    39, -9.566981792450e-01, 4.062429070473e-06, 1.2800e+02, 0.0000e+00, 
 1DIAGNOSTIC,    40, -9.567188024521e-01, 3.943219780922e-06, 1.2800e+02, 0.0000e+00, 
 1DIAGNOSTIC,    41, -9.567366838455e-01, 3.805384039879e-06, 1.2800e+02, 0.0000e+00, 
 1DIAGNOSTIC,    42, -9.567561745644e-01, 3.684312105179e-06, 1.2800e+02, 0.0000e+00, 
 1DIAGNOSTIC,    43, -9.567728042603e-01, 3.555789589882e-06, 1.2800e+02, 0.0000e+00, 
 1DIAGNOSTIC,    44, -9.567887187004e-01, 3.401190042496e-06, 1.2800e+02, 0.0000e+00, 
 1DIAGNOSTIC,    45, -9.568026065826e-01, 3.218650817871e-06, 1.2800e+02, 0.0000e+00, 
 1DIAGNOSTIC,    46, -9.568161964417e-01, 3.024935722351e-06, 1.2800e+02, 0.0000e+00, 
 1DIAGNOSTIC,    47, -9.568293690681e-01, 2.834945917130e-06, 1.2800e+02, 0.0000e+00, 
 1DIAGNOSTIC,    48, -9.568408727646e-01, 2.643093466759e-06, 1.2800e+02, 0.0000e+00, 
 1DIAGNOSTIC,    49, -9.568525552750e-01, 2.466142177582e-06, 1.2800e+02, 0.0000e+00, 
 1DIAGNOSTIC,    50, -9.568639993668e-01, 2.311542630196e-06, 1.2800e+02, 0.0000e+00, 
 1DIAGNOSTIC,    51, -9.568725824356e-01, 2.143904566765e-06, 1.2800e+02, 0.0000e+00, 
 1DIAGNOSTIC,    52, -9.568825364113e-01, 2.015382051468e-06, 1.2800e+02, 0.0000e+00, 
 1DIAGNOSTIC,    53, -9.568901062012e-01, 1.886859536171e-06, 1.2800e+02, 0.0000e+00, 
 1DIAGNOSTIC,    54, -9.568974971771e-01, 1.765787601471e-06, 1.2800e+02, 0.0000e+00, 
 1DIAGNOSTIC,    55, -9.569043517113e-01, 1.648440957069e-06, 1.2800e+02, 0.0000e+00, 
 1DIAGNOSTIC,    56, -9.569111466408e-01, 1.538544893265e-06, 1.2800e+02, 0.0000e+00, 
 1DIAGNOSTIC,    57, -9.569166898727e-01, 1.436099410057e-06, 1.2800e+02, 0.0000e+00, 
 1DIAGNOSTIC,    58, -9.569227099419e-01, 1.342967152596e-06, 1.2800e+02, 0.0000e+00, 
 1DIAGNOSTIC,    59, -9.569276571274e-01, 1.257285475731e-06, 1.2800e+02, 0.0000e+00, 
 1DIAGNOSTIC,    60, -9.569316506386e-01, 1.182779669762e-06, 1.2800e+02, 0.0000e+00, 
 1DIAGNOSTIC,    61, -9.569357037544e-01, 1.106411218643e-06, 1.2800e+02, 0.0000e+00, 
 1DIAGNOSTIC,    62, -9.569393992424e-01, 1.044943928719e-06, 1.2800e+02, 0.0000e+00, 
 1DIAGNOSTIC,    63, -9.569426774979e-01, 9.797513484955e-07, 1.2800e+02, 0.0000e+00, 
XXDIAGNOSTIC,Iteration,metricValue,convergenceValue,ITERATION_TIME_INDEX,SINCE_LAST
 1DIAGNOSTIC,     1, -9.027045369148e-01, 1.797693134862e+308, 2.5600e+02, 1.2800e+02, 
 1DIAGNOSTIC,     2, -9.081537127495e-01, 1.797693134862e+308, 2.5600e+02, 0.0000e+00, 
 1DIAGNOSTIC,     3, -9.129118919373e-01, 1.797693134862e+308, 2.5600e+02, 0.0000e+00, 
 1DIAGNOSTIC,     4, -9.164925813675e-01, 1.797693134862e+308, 2.5600e+02, 0.0000e+00, 
 1DIAGNOSTIC,     5, -9.195015430450e-01, 1.797693134862e+308, 2.5600e+02, 0.0000e+00, 
 1DIAGNOSTIC,     6, -9.218184947968e-01, 1.797693134862e+308, 2.5600e+02, 0.0000e+00, 
 1DIAGNOSTIC,     7, -9.234972000122e-01, 1.797693134862e+308, 2.5600e+02, 0.0000e+00, 
 1DIAGNOSTIC,     8, -9.248896837234e-01, 1.797693134862e+308, 3.8400e+02, 1.2800e+02, 
 1DIAGNOSTIC,     9, -9.259681105614e-01, 1.797693134862e+308, 3.8400e+02, 0.0000e+00, 
 1DIAGNOSTIC,    10, -9.267064332962e-01, 1.601099967957e-03, 3.8400e+02, 0.0000e+00, 
 1DIAGNOSTIC,    11, -9.272776842117e-01, 1.144826412201e-03, 3.8400e+02, 0.0000e+00, 
 1DIAGNOSTIC,    12, -9.278185963631e-01, 8.151456713676e-04, 3.8400e+02, 0.0000e+00, 
 1DIAGNOSTIC,    13, -9.282926321030e-01, 5.861595273018e-04, 3.8400e+02, 0.0000e+00, 
 1DIAGNOSTIC,    14, -9.287152886391e-01, 4.241541028023e-04, 3.8400e+02, 0.0000e+00, 
 1DIAGNOSTIC,    15, -9.291589260101e-01, 3.155842423439e-04, 3.8400e+02, 0.0000e+00, 
 1DIAGNOSTIC,    16, -9.295054674149e-01, 2.427324652672e-04, 5.1200e+02, 1.2800e+02, 
 1DIAGNOSTIC,    17, -9.298173189163e-01, 1.919642090797e-04, 5.1200e+02, 0.0000e+00, 
 1DIAGNOSTIC,    18, -9.300934076309e-01, 1.575015485287e-04, 5.1200e+02, 0.0000e+00, 
 1DIAGNOSTIC,    19, -9.303441047668e-01, 1.335591077805e-04, 5.1200e+02, 0.0000e+00, 
 1DIAGNOSTIC,    20, -9.305634498596e-01, 1.143366098404e-04, 5.1200e+02, 0.0000e+00, 
 1DIAGNOSTIC,    21, -9.307545423508e-01, 9.747594594955e-05, 5.1200e+02, 0.0000e+00, 
 1DIAGNOSTIC,    22, -9.309285879135e-01, 8.308514952660e-05, 5.1200e+02, 0.0000e+00, 
 1DIAGNOSTIC,    23, -9.310876727104e-01, 7.068365812302e-05, 5.1200e+02, 0.0000e+00, 
 1DIAGNOSTIC,    24, -9.312358498573e-01, 6.002560257912e-05, 6.4000e+02, 1.2800e+02, 
 1DIAGNOSTIC,    25, -9.313738346100e-01, 5.177780985832e-05, 6.4000e+02, 0.0000e+00, 
 1DIAGNOSTIC,    26, -9.314993023872e-01, 4.493445158005e-05, 6.4000e+02, 0.0000e+00, 
 1DIAGNOSTIC,    27, -9.316188097000e-01, 3.933161497116e-05, 6.4000e+02, 0.0000e+00, 
 1DIAGNOSTIC,    28, -9.317370057106e-01, 3.480166196823e-05, 6.4000e+02, 0.0000e+00, 
 1DIAGNOSTIC,    29, -9.318467378616e-01, 3.116950392723e-05, 6.4000e+02, 0.0000e+00, 
 1DIAGNOSTIC,    30, -9.319506287575e-01, 2.820789813995e-05, 6.4000e+02, 0.0000e+00, 
 1DIAGNOSTIC,    31, -9.320501685143e-01, 2.570450305939e-05, 7.6800e+02, 1.2800e+02, 
 1DIAGNOSTIC,    32, -9.321471452713e-01, 2.359226346016e-05, 7.6800e+02, 0.0000e+00, 
 1DIAGNOSTIC,    33, -9.322410821915e-01, 2.178922295570e-05, 7.6800e+02, 0.0000e+00, 
 1DIAGNOSTIC,    34, -9.323276281357e-01, 2.020597457886e-05, 7.6800e+02, 0.0000e+00, 
 1DIAGNOSTIC,    35, -9.324140548706e-01, 1.881830394268e-05, 7.6800e+02, 0.0000e+00, 
 1DIAGNOSTIC,    36, -9.325002431870e-01, 1.759640872478e-05, 7.6800e+02, 0.0000e+00, 
 1DIAGNOSTIC,    37, -9.325829744339e-01, 1.649744808674e-05, 7.6800e+02, 0.0000e+00, 
 1DIAGNOSTIC,    38, -9.326634407043e-01, 1.555122435093e-05, 7.6800e+02, 0.0000e+00, 
 1DIAGNOSTIC,    39, -9.327436685562e-01, 1.472793519497e-05, 8.9600e+02, 1.2800e+02, 
 1DIAGNOSTIC,    40, -9.328191280365e-01, 1.397356390953e-05, 8.9600e+02, 0.0000e+00, 
 1DIAGNOSTIC,    41, -9.328927993774e-01, 1.327693462372e-05, 8.9600e+02, 0.0000e+00, 
 1DIAGNOSTIC,    42, -9.329668283463e-01, 1.265108585358e-05, 8.9600e+02, 0.0000e+00, 
 1DIAGNOSTIC,    43, -9.330373406410e-01, 1.207925379276e-05, 8.9600e+02, 0.0000e+00, 
 1DIAGNOSTIC,    44, -9.331074953079e-01, 1.152418553829e-05, 8.9600e+02, 0.0000e+00, 
 1DIAGNOSTIC,    45, -9.331784248352e-01, 1.102127134800e-05, 8.9600e+02, 0.0000e+00, 
 1DIAGNOSTIC,    46, -9.332470893860e-01, 1.056678593159e-05, 1.0240e+03, 1.2800e+02, 
 1DIAGNOSTIC,    47, -9.333125352859e-01, 1.014210283756e-05, 1.0240e+03, 0.0000e+00, 
 1DIAGNOSTIC,    48, -9.334167242050e-01, 9.994953870773e-06, 1.0240e+03, 0.0000e+00, 
 1DIAGNOSTIC,    49, -9.334797859192e-01, 9.834766387939e-06, 1.0240e+03, 0.0000e+00, 
 1DIAGNOSTIC,    50, -9.335417747498e-01, 9.635463356972e-06, 1.0240e+03, 0.0000e+00, 
 1DIAGNOSTIC,    51, -9.336033463478e-01, 9.387731552124e-06, 1.0240e+03, 0.0000e+00, 
 1DIAGNOSTIC,    52, -9.336655139923e-01, 9.097158908844e-06, 1.0240e+03, 0.0000e+00, 
 1DIAGNOSTIC,    53, -9.337247610092e-01, 8.739531040192e-06, 1.0240e+03, 0.0000e+00, 
 1DIAGNOSTIC,    54, -9.337815046310e-01, 8.327886462212e-06, 1.1520e+03, 1.2800e+02, 
 1DIAGNOSTIC,    55, -9.338406324387e-01, 7.901340723038e-06, 1.1520e+03, 0.0000e+00, 
 1DIAGNOSTIC,    56, -9.338973164558e-01, 7.467344403267e-06, 1.1520e+03, 0.0000e+00, 
 1DIAGNOSTIC,    57, -9.339560270309e-01, 7.035210728645e-06, 1.1520e+03, 0.0000e+00, 
 1DIAGNOSTIC,    58, -9.340126514435e-01, 6.837770342827e-06, 1.1520e+03, 0.0000e+00, 
 1DIAGNOSTIC,    59, -9.340681433678e-01, 6.644055247307e-06, 1.1520e+03, 0.0000e+00, 
 1DIAGNOSTIC,    60, -9.341211318970e-01, 6.455928087234e-06, 1.1520e+03, 0.0000e+00, 
 1DIAGNOSTIC,    61, -9.341736435890e-01, 6.264075636864e-06, 1.1520e+03, 0.0000e+00, 
 1DIAGNOSTIC,    62, -9.342258572578e-01, 6.085261702538e-06, 1.2800e+03, 1.2800e+02, 
 1DIAGNOSTIC,    63, -9.342762827873e-01, 5.898997187614e-06, 1.2800e+03, 0.0000e+00, 
 1DIAGNOSTIC,    64, -9.343258142471e-01, 5.701556801796e-06, 1.2800e+03, 0.0000e+00, 
 1DIAGNOSTIC,    65, -9.343742132187e-01, 5.507841706276e-06, 1.2800e+03, 0.0000e+00, 
 1DIAGNOSTIC,    66, -9.344213008881e-01, 5.314126610756e-06, 1.2800e+03, 0.0000e+00, 
 1DIAGNOSTIC,    67, -9.344718456268e-01, 5.150213837624e-06, 1.2800e+03, 0.0000e+00, 
 1DIAGNOSTIC,    68, -9.345169663429e-01, 4.991888999939e-06, 1.2800e+03, 0.0000e+00, 
 1DIAGNOSTIC,    69, -9.345643520355e-01, 4.853121936321e-06, 1.4080e+03, 1.2800e+02, 
 1DIAGNOSTIC,    70, -9.346101880074e-01, 4.721805453300e-06, 1.4080e+03, 0.0000e+00, 
 1DIAGNOSTIC,    71, -9.346550703049e-01, 4.593282938004e-06, 1.4080e+03, 0.0000e+00, 
 1DIAGNOSTIC,    72, -9.346987009048e-01, 4.475004971027e-06, 1.4080e+03, 0.0000e+00, 
 1DIAGNOSTIC,    73, -9.347441792488e-01, 4.362314939499e-06, 1.4080e+03, 0.0000e+00, 
 1DIAGNOSTIC,    74, -9.347874522209e-01, 4.256144165993e-06, 1.4080e+03, 0.0000e+00, 
 1DIAGNOSTIC,    75, -9.348293542862e-01, 4.145316779613e-06, 1.4080e+03, 0.0000e+00, 
 1DIAGNOSTIC,    76, -9.348706007004e-01, 4.028901457787e-06, 1.4080e+03, 0.0000e+00, 
 1DIAGNOSTIC,    77, -9.349110126495e-01, 3.924593329430e-06, 1.5360e+03, 1.2800e+02, 
 1DIAGNOSTIC,    78, -9.349524974823e-01, 3.816559910774e-06, 1.5360e+03, 0.0000e+00, 
 1DIAGNOSTIC,    79, -9.349925518036e-01, 3.717839717865e-06, 1.5360e+03, 0.0000e+00, 
 1DIAGNOSTIC,    80, -9.350333213806e-01, 3.626570105553e-06, 1.5360e+03, 0.0000e+00, 
 1DIAGNOSTIC,    81, -9.350727796555e-01, 3.539025783539e-06, 1.5360e+03, 0.0000e+00, 
 1DIAGNOSTIC,    82, -9.351129531860e-01, 3.461726009846e-06, 1.5360e+03, 0.0000e+00, 
 1DIAGNOSTIC,    83, -9.351525306702e-01, 3.396533429623e-06, 1.5360e+03, 0.0000e+00, 
 1DIAGNOSTIC,    84, -9.351920485497e-01, 3.335066139698e-06, 1.5360e+03, 0.0000e+00, 
 1DIAGNOSTIC,    85, -9.352314472198e-01, 3.282912075520e-06, 1.6640e+03, 1.2800e+02, 
 1DIAGNOSTIC,    86, -9.352692365646e-01, 3.225170075893e-06, 1.6640e+03, 0.0000e+00, 
 1DIAGNOSTIC,    87, -9.353120326996e-01, 3.183260560036e-06, 1.6640e+03, 0.0000e+00, 
 1DIAGNOSTIC,    88, -9.353516101837e-01, 3.145076334476e-06, 1.6640e+03, 0.0000e+00, 
 1DIAGNOSTIC,    89, -9.353895187378e-01, 3.103166818619e-06, 1.6640e+03, 0.0000e+00, 
 1DIAGNOSTIC,    90, -9.354252815247e-01, 3.054738044739e-06, 1.6640e+03, 0.0000e+00, 
 1DIAGNOSTIC,    91, -9.354624748230e-01, 2.998858690262e-06, 1.6640e+03, 0.0000e+00, 
 1DIAGNOSTIC,    92, -9.354994893074e-01, 2.940185368061e-06, 1.7920e+03, 1.2800e+02, 
 1DIAGNOSTIC,    93, -9.355356693268e-01, 2.876855432987e-06, 1.7920e+03, 0.0000e+00, 
 1DIAGNOSTIC,    94, -9.355713725090e-01, 2.811662852764e-06, 1.7920e+03, 0.0000e+00, 
 1DIAGNOSTIC,    95, -9.356045722961e-01, 2.739019691944e-06, 1.7920e+03, 0.0000e+00, 
 1DIAGNOSTIC,    96, -9.356412291527e-01, 2.669170498848e-06, 1.7920e+03, 0.0000e+00, 
 1DIAGNOSTIC,    97, -9.356744885445e-01, 2.612359821796e-06, 1.7920e+03, 0.0000e+00, 
 1DIAGNOSTIC,    98, -9.357103109360e-01, 2.563931047916e-06, 1.7920e+03, 0.0000e+00, 
 1DIAGNOSTIC,    99, -9.357436895370e-01, 2.520158886909e-06, 1.7920e+03, 0.0000e+00, 
 1DIAGNOSTIC,   100, -9.357770085335e-01, 2.469867467880e-06, 1.9200e+03, 1.2800e+02, 
XXDIAGNOSTIC,Iteration,metricValue,convergenceValue,ITERATION_TIME_INDEX,SINCE_LAST
 1DIAGNOSTIC,     1, -8.421503305435e-01, 1.797693134862e+308, 2.0480e+03, 1.2800e+02, 
 1DIAGNOSTIC,     2, -8.449280858040e-01, 1.797693134862e+308, 2.1760e+03, 1.2800e+02, 
 1DIAGNOSTIC,     3, -8.484195470810e-01, 1.797693134862e+308, 2.3040e+03, 1.2800e+02, 
 1DIAGNOSTIC,     4, -8.519145250320e-01, 1.797693134862e+308, 2.5600e+03, 2.5600e+02, 
 1DIAGNOSTIC,     5, -8.548947572708e-01, 1.797693134862e+308, 2.6880e+03, 1.2800e+02, 
 1DIAGNOSTIC,     6, -8.577526807785e-01, 1.797693134862e+308, 2.8160e+03, 1.2800e+02, 
 1DIAGNOSTIC,     7, -8.604519367218e-01, 1.797693134862e+308, 2.9440e+03, 1.2800e+02, 
 1DIAGNOSTIC,     8, -8.630052804947e-01, 1.797693134862e+308, 3.0720e+03, 1.2800e+02, 
 1DIAGNOSTIC,     9, -8.654571771622e-01, 1.797693134862e+308, 3.2000e+03, 1.2800e+02, 
 1DIAGNOSTIC,    10, -8.678138852119e-01, 1.939475536346e-03, 3.4560e+03, 2.5600e+02, 
 1DIAGNOSTIC,    11, -8.698570728302e-01, 1.679591834545e-03, 3.5840e+03, 1.2800e+02, 
 1DIAGNOSTIC,    12, -8.715327978134e-01, 1.434370875359e-03, 3.7120e+03, 1.2800e+02, 
 1DIAGNOSTIC,    13, -8.729556798935e-01, 1.221545040607e-03, 3.8400e+03, 1.2800e+02, 
 1DIAGNOSTIC,    14, -8.741842508316e-01, 1.039028167725e-03, 3.9680e+03, 1.2800e+02, 
 1DIAGNOSTIC,    15, -8.752626776695e-01, 8.746832609177e-04, 4.0960e+03, 1.2800e+02, 
 1DIAGNOSTIC,    16, -8.762086629868e-01, 7.285401225090e-04, 4.2240e+03, 1.2800e+02, 
 1DIAGNOSTIC,    17, -8.769971728325e-01, 5.997791886330e-04, 4.4800e+03, 2.5600e+02, 
 1DIAGNOSTIC,    18, -8.777358531952e-01, 4.898309707642e-04, 4.6080e+03, 1.2800e+02, 
 1DIAGNOSTIC,    19, -8.782589435577e-01, 3.971569240093e-04, 4.7360e+03, 1.2800e+02, 
 1DIAGNOSTIC,    20, -8.788713216782e-01, 3.253519535065e-04, 4.8640e+03, 1.2800e+02, 
 1DIAGNOSTIC,    21, -8.792547583580e-01, 2.677403390408e-04, 4.9920e+03, 1.2800e+02, 
 1DIAGNOSTIC,    22, -8.796388506889e-01, 2.209544181824e-04, 5.1200e+03, 1.2800e+02, 
 1DIAGNOSTIC,    23, -8.800480365753e-01, 1.835823059082e-04, 5.3760e+03, 2.5600e+02, 
 1DIAGNOSTIC,    24, -8.803391456604e-01, 1.527480781078e-04, 5.5040e+03, 1.2800e+02, 
 1DIAGNOSTIC,    25, -8.807283639908e-01, 1.292042434216e-04, 5.6320e+03, 1.2800e+02, 
 1DIAGNOSTIC,    26, -8.810389637947e-01, 1.110658049583e-04, 5.7600e+03, 1.2800e+02, 
 1DIAGNOSTIC,    27, -8.813191652298e-01, 9.673088788986e-05, 5.8880e+03, 1.2800e+02, 
 1DIAGNOSTIC,    28, -8.816081285477e-01, 8.631125092506e-05, 6.0160e+03, 1.2800e+02, 
 1DIAGNOSTIC,    29, -8.817960023880e-01, 7.642805576324e-05, 6.2720e+03, 2.5600e+02, 
 1DIAGNOSTIC,    30, -8.820369243622e-01, 6.931647658348e-05, 6.4000e+03, 1.2800e+02, 
 1DIAGNOSTIC,    31, -8.823416233063e-01, 6.335601210594e-05, 6.5280e+03, 1.2800e+02, 
 1DIAGNOSTIC,    32, -8.825656771660e-01, 5.795434117317e-05, 6.6560e+03, 1.2800e+02, 
 1DIAGNOSTIC,    33, -8.827643990517e-01, 5.345046520233e-05, 6.7840e+03, 1.2800e+02, 
 1DIAGNOSTIC,    34, -8.829146623611e-01, 4.840642213821e-05, 6.9120e+03, 1.2800e+02, 
 1DIAGNOSTIC,    35, -8.830761909485e-01, 4.422850906849e-05, 7.0400e+03, 1.2800e+02, 
 1DIAGNOSTIC,    36, -8.832289576530e-01, 4.029087722301e-05, 7.2960e+03, 2.5600e+02, 
 1DIAGNOSTIC,    37, -8.834072351456e-01, 3.678537905216e-05, 7.4240e+03, 1.2800e+02, 
 1DIAGNOSTIC,    38, -8.835196495056e-01, 3.345683217049e-05, 7.5520e+03, 1.2800e+02, 
 1DIAGNOSTIC,    39, -8.837116956711e-01, 3.034807741642e-05, 7.6800e+03, 1.2800e+02, 
 1DIAGNOSTIC,    40, -8.838655352592e-01, 2.772733569145e-05, 7.8080e+03, 1.2800e+02, 
 1DIAGNOSTIC,    41, -8.840240240097e-01, 2.629682421684e-05, 7.9360e+03, 1.2800e+02, 
 1DIAGNOSTIC,    42, -8.841726779938e-01, 2.534687519073e-05, 8.1920e+03, 2.5600e+02, 
 1DIAGNOSTIC,    43, -8.842445611954e-01, 2.411752939224e-05, 8.3200e+03, 1.2800e+02, 
 1DIAGNOSTIC,    44, -8.844374418259e-01, 2.322718501091e-05, 8.4480e+03, 1.2800e+02, 
 1DIAGNOSTIC,    45, -8.845580816269e-01, 2.222508192062e-05, 8.5760e+03, 1.2800e+02, 
 1DIAGNOSTIC,    46, -8.846827745438e-01, 2.112798392773e-05, 8.7040e+03, 1.2800e+02, 
 1DIAGNOSTIC,    47, -8.847537040710e-01, 1.984089612961e-05, 8.8320e+03, 1.2800e+02, 
 1DIAGNOSTIC,    48, -8.848321437836e-01, 1.805648207664e-05, 9.0880e+03, 2.5600e+02, 
 1DIAGNOSTIC,    49, -8.849107027054e-01, 1.644343137741e-05, 9.2160e+03, 1.2800e+02, 
 1DIAGNOSTIC,    50, -8.849949836731e-01, 1.489929854870e-05, 9.3440e+03, 1.2800e+02, 
 1DIAGNOSTIC,    51, -8.850728273392e-01, 1.352839171886e-05, 9.4720e+03, 1.2800e+02, 
 1DIAGNOSTIC,    52, -8.851244449615e-01, 1.222826540470e-05, 9.6000e+03, 1.2800e+02, 
 1DIAGNOSTIC,    53, -8.852203488350e-01, 1.086853444576e-05, 9.7280e+03, 1.2800e+02, 
 1DIAGNOSTIC,    54, -8.852605819702e-01, 9.953975677490e-06, 9.9840e+03, 2.5600e+02, 
 1DIAGNOSTIC,    55, -8.852446675301e-01, 8.774921298027e-06, 1.0112e+04, 1.2800e+02, 
 1DIAGNOSTIC,    56, -8.852170109749e-01, 7.418915629387e-06, 1.0240e+04, 1.2800e+02, 
 1DIAGNOSTIC,    57, -8.852143287659e-01, 5.843117833138e-06, 1.0368e+04, 1.2800e+02, 
 1DIAGNOSTIC,    58, -8.851616382599e-01, 3.939494490623e-06, 1.0496e+04, 1.2800e+02, 
 1DIAGNOSTIC,    59, -8.851460218430e-01, 2.119690179825e-06, 1.0624e+04, 1.2800e+02, 
 1DIAGNOSTIC,    60, -8.851044178009e-01, 4.433095455170e-07, 1.0752e+04, 1.2800e+02, 
XXDIAGNOSTIC,Iteration,metricValue,convergenceValue,ITERATION_TIME_INDEX,SINCE_LAST
 1DIAGNOSTIC,     1, -8.370862603188e-01, 1.797693134862e+308, 1.2032e+04, 1.2800e+03, 
 1DIAGNOSTIC,     2, -8.404711484909e-01, 1.797693134862e+308, 1.3056e+04, 1.0240e+03, 
 1DIAGNOSTIC,     3, -8.438766002655e-01, 1.797693134862e+308, 1.4080e+04, 1.0240e+03, 
 1DIAGNOSTIC,     4, -8.470809459686e-01, 1.797693134862e+308, 1.5104e+04, 1.0240e+03, 
 1DIAGNOSTIC,     5, -8.500066995621e-01, 1.797693134862e+308, 1.6128e+04, 1.0240e+03, 
 1DIAGNOSTIC,     6, -8.525233864784e-01, 1.797693134862e+308, 1.7280e+04, 1.1520e+03, 
 1DIAGNOSTIC,     7, -8.549795150757e-01, 1.797693134862e+308, 1.8304e+04, 1.0240e+03, 
 1DIAGNOSTIC,     8, -8.570930957794e-01, 1.797693134862e+308, 1.9456e+04, 1.1520e+03, 
 1DIAGNOSTIC,     9, -8.591049909592e-01, 1.797693134862e+308, 2.0480e+04, 1.0240e+03, 
 1DIAGNOSTIC,    10, -8.609460592270e-01, 1.792080700397e-03, 2.1504e+04, 1.0240e+03, 
 1DIAGNOSTIC,    11, -8.626145124435e-01, 1.496233046055e-03, 2.2656e+04, 1.1520e+03, 
 1DIAGNOSTIC,    12, -8.641586303711e-01, 1.251585781574e-03, 2.3680e+04, 1.0240e+03, 
 1DIAGNOSTIC,    13, -8.655229806900e-01, 1.052893698215e-03, 2.4704e+04, 1.0240e+03, 
 1DIAGNOSTIC,    14, -8.667821288109e-01, 8.922666311264e-04, 2.5856e+04, 1.1520e+03, 
 1DIAGNOSTIC,    15, -8.679351806641e-01, 7.614120841026e-04, 2.6880e+04, 1.0240e+03, 
 1DIAGNOSTIC,    16, -8.690146207809e-01, 6.511360406876e-04, 2.8032e+04, 1.1520e+03, 
 1DIAGNOSTIC,    17, -8.698944449425e-01, 5.585700273514e-04, 2.9056e+04, 1.0240e+03, 
 1DIAGNOSTIC,    18, -8.709289431572e-01, 4.823319613934e-04, 3.0080e+04, 1.0240e+03, 
 1DIAGNOSTIC,    19, -8.717429041862e-01, 4.182569682598e-04, 3.1232e+04, 1.1520e+03, 
 1DIAGNOSTIC,    20, -8.725149035454e-01, 3.646872937679e-04, 3.2256e+04, 1.0240e+03, 
 1DIAGNOSTIC,    21, -8.732588887215e-01, 3.199987113476e-04, 3.3408e+04, 1.1520e+03, 
 1DIAGNOSTIC,    22, -8.739404082298e-01, 2.827271819115e-04, 3.4432e+04, 1.0240e+03, 
 1DIAGNOSTIC,    23, -8.745725154877e-01, 2.507083117962e-04, 3.5584e+04, 1.1520e+03, 
 1DIAGNOSTIC,    24, -8.751616477966e-01, 2.231150865555e-04, 3.6608e+04, 1.0240e+03, 
 1DIAGNOSTIC,    25, -8.757163286209e-01, 1.991800963879e-04, 3.7632e+04, 1.0240e+03, 
 1DIAGNOSTIC,    26, -8.762165307999e-01, 1.783259212971e-04, 3.8784e+04, 1.1520e+03, 
 1DIAGNOSTIC,    27, -8.766909837723e-01, 1.586079597473e-04, 3.9808e+04, 1.0240e+03, 
 1DIAGNOSTIC,    28, -8.771165609360e-01, 1.424476504326e-04, 4.0832e+04, 1.0240e+03, 
 1DIAGNOSTIC,    29, -8.775206208229e-01, 1.277253031731e-04, 4.1984e+04, 1.1520e+03, 
 1DIAGNOSTIC,    30, -8.778960704803e-01, 1.144371926785e-04, 4.3008e+04, 1.0240e+03, 
 1DIAGNOSTIC,    31, -8.782526850700e-01, 1.028105616570e-04, 4.4032e+04, 1.0240e+03, 
 1DIAGNOSTIC,    32, -8.787468671799e-01, 9.421631693840e-05, 4.5184e+04, 1.1520e+03, 
 1DIAGNOSTIC,    33, -8.790459632874e-01, 8.640810847282e-05, 4.6208e+04, 1.0240e+03, 
 1DIAGNOSTIC,    34, -8.793312311172e-01, 7.931888103485e-05, 4.7360e+04, 1.1520e+03, 
 1DIAGNOSTIC,    35, -8.796252012253e-01, 7.306970655918e-05, 4.8384e+04, 1.0240e+03, 
 1DIAGNOSTIC,    36, -8.799039125443e-01, 6.730295717716e-05, 4.9408e+04, 1.0240e+03, 
 1DIAGNOSTIC,    37, -8.801648616791e-01, 6.194412708282e-05, 5.0560e+04, 1.1520e+03, 
 1DIAGNOSTIC,    38, -8.804241418839e-01, 5.688704550266e-05, 5.1584e+04, 1.0240e+03, 
 1DIAGNOSTIC,    39, -8.806772232056e-01, 5.222298204899e-05, 5.2736e+04, 1.1520e+03, 
 1DIAGNOSTIC,    40, -8.809227347374e-01, 4.792399704456e-05, 5.3760e+04, 1.0240e+03, 
 1DIAGNOSTIC,    41, -8.811640143394e-01, 4.401430487633e-05, 5.4784e+04, 1.0240e+03, 
 1DIAGNOSTIC,    42, -8.813869953156e-01, 4.169717431068e-05, 5.5936e+04, 1.1520e+03, 
 1DIAGNOSTIC,    43, -8.816344738007e-01, 3.969483077526e-05, 5.6960e+04, 1.0240e+03, 
 1DIAGNOSTIC,    44, -8.818645477295e-01, 3.783404827118e-05, 5.8112e+04, 1.1520e+03, 
 1DIAGNOSTIC,    45, -8.820767402649e-01, 3.613345324993e-05, 5.9136e+04, 1.0240e+03, 
 1DIAGNOSTIC,    46, -8.822656869888e-01, 3.440305590630e-05, 6.0160e+04, 1.0240e+03, 
 1DIAGNOSTIC,    47, -8.824535608292e-01, 3.260560333729e-05, 6.1312e+04, 1.1520e+03, 
 1DIAGNOSTIC,    48, -8.826184272766e-01, 3.067217767239e-05, 6.2336e+04, 1.0240e+03, 
 1DIAGNOSTIC,    49, -8.827778100967e-01, 2.865307033062e-05, 6.3488e+04, 1.1520e+03, 
 1DIAGNOSTIC,    50, -8.829312324524e-01, 2.660229802132e-05, 6.4512e+04, 1.0240e+03, 
XXDIAGNOSTIC,Iteration,metricValue,convergenceValue,ITERATION_TIME_INDEX,SINCE_LAST
 1DIAGNOSTIC,     1, -8.583565950394e-01, 1.797693134862e+308, 7.3472e+04, 8.9600e+03, 
 1DIAGNOSTIC,     2, -8.601001501083e-01, 1.797693134862e+308, 8.2304e+04, 8.8320e+03, 
 1DIAGNOSTIC,     3, -8.619989156723e-01, 1.797693134862e+308, 9.1136e+04, 8.8320e+03, 
 1DIAGNOSTIC,     4, -8.637596368790e-01, 1.797693134862e+308, 9.9840e+04, 8.7040e+03, 
 1DIAGNOSTIC,     5, -8.654270172119e-01, 1.797693134862e+308, 1.0854e+05, 8.7040e+03, 
 1DIAGNOSTIC,     6, -8.670147657394e-01, 1.797693134862e+308, 1.1738e+05, 8.8320e+03, 
 1DIAGNOSTIC,     7, -8.684830665588e-01, 1.797693134862e+308, 1.2608e+05, 8.7040e+03, 
 1DIAGNOSTIC,     8, -8.698375225067e-01, 1.797693134862e+308, 1.3478e+05, 8.7040e+03, 
 1DIAGNOSTIC,     9, -8.711187243462e-01, 1.797693134862e+308, 1.4362e+05, 8.8320e+03, 
 1DIAGNOSTIC,    10, -8.723064661026e-01, 1.038692891598e-03, 1.5232e+05, 8.7040e+03, 
 1DIAGNOSTIC,    11, -8.734102249146e-01, 8.909404277802e-04, 1.6115e+05, 8.8320e+03, 
 1DIAGNOSTIC,    12, -8.743389248848e-01, 7.603019475937e-04, 1.6986e+05, 8.7040e+03, 
