---------------------
Experiment information

SIF_IMG: /mnt/lustre/mathdugre/containers/ants-flint-base.simg
SIF_IMG_BASE: /mnt/lustre/mathdugre/containers/ants-flint-base.simg
EXPERIMENT_NAME: flint-vprec-single
STAGE: affine
SUBJECT_ID: s034
REPETITION_ID: 1

FIXED_IMG: /templateflow/tpl-MNI152NLin2009cAsym/tpl-MNI152NLin2009cAsym_res-01_desc-brain_T1w.nii.gz
INPUT_IMG: /mnt/lustre/mathdugre/fast-interpolate/datasets/ds004513/derivatives/flint/ants/flint-vprec-single/sub-s034/ses-open/anat/0/1_Rigid.nii.gz

DATA_DIR: /mnt/lustre/mathdugre/fast-interpolate/datasets/ds004513
OUTPUT_DIR: /mnt/lustre/mathdugre/fast-interpolate/datasets/ds004513/derivatives/flint/ants/flint-vprec-single/sub-s034/ses-open/anat
OUTPUT_PREFIX: 00
THREAD: 1
FLOAT: 0
VFC_BACKENDS: ieee
---------------------

--output [/mnt/lustre/mathdugre/fast-interpolate/datasets/ds004513/derivatives/flint/ants/flint-vprec-single/sub-s034/ses-open/anat/00/1_,/mnt/lustre/mathdugre/fast-interpolate/datasets/ds004513/derivatives/flint/ants/flint-vprec-single/sub-s034/ses-open/anat/00/1_Affine.nii.gz,/mnt/lustre/mathdugre/fast-interpolate/datasets/ds004513/derivatives/flint/ants/flint-vprec-single/sub-s034/ses-open/anat/00/1_InverseAffine.nii.gz] --initial-moving-transform [/templateflow/tpl-MNI152NLin2009cAsym/tpl-MNI152NLin2009cAsym_res-01_desc-brain_T1w.nii.gz,/mnt/lustre/mathdugre/fast-interpolate/datasets/ds004513/derivatives/flint/ants/flint-vprec-single/sub-s034/ses-open/anat/0/1_Rigid.nii.gz,1] --transform Affine[0.1] --metric MI[/templateflow/tpl-MNI152NLin2009cAsym/tpl-MNI152NLin2009cAsym_res-01_desc-brain_T1w.nii.gz,/mnt/lustre/mathdugre/fast-interpolate/datasets/ds004513/derivatives/flint/ants/flint-vprec-single/sub-s034/ses-open/anat/0/1_Rigid.nii.gz,1,32,Regular,0.25] --convergence [1000x500x250x100,1e-6,10] --shrink-factors 8x4x2x1 --smoothing-sigmas 3x2x1x0vox
All_Command_lines_OK
Using double precision for computations.
=============================================================================
The composite transform comprises the following transforms (in order): 
  1. Center of mass alignment using fixed image: /templateflow/tpl-MNI152NLin2009cAsym/tpl-MNI152NLin2009cAsym_res-01_desc-brain_T1w.nii.gz and moving image: /mnt/lustre/mathdugre/fast-interpolate/datasets/ds004513/derivatives/flint/ants/flint-vprec-single/sub-s034/ses-open/anat/0/1_Rigid.nii.gz (type = Euler3DTransform)
=============================================================================
  number of levels = 4
  fixed image: /templateflow/tpl-MNI152NLin2009cAsym/tpl-MNI152NLin2009cAsym_res-01_desc-brain_T1w.nii.gz
  moving image: /mnt/lustre/mathdugre/fast-interpolate/datasets/ds004513/derivatives/flint/ants/flint-vprec-single/sub-s034/ses-open/anat/0/1_Rigid.nii.gz
Dimension = 3
Number of stages = 1
Use histogram matching = false
Winsorize image intensities = true
  Lower quantile = 0.005
  Upper quantile = 0.995


Stage 1 State
   Image metric = MattesMI
     Fixed image = Image (0x55e73c3cfe90)
  RTTI typeinfo:   itk::Image<double, 3u>
  Reference Count: 2
  Modified Time: 1622
  Debug: Off
  Object Name: 
  Observers: 
    none
  Source: (none)
  Source output name: (none)
  Release Data: Off
  Data Released: False
  Global Release Data: Off
  PipelineMTime: 0
  UpdateMTime: 1407
  RealTimeStamp: 0 seconds 
  LargestPossibleRegion: 
    Dimension: 3
    Index: [0, 0, 0]
    Size: [193, 229, 193]
  BufferedRegion: 
    Dimension: 3
    Index: [0, 0, 0]
    Size: [193, 229, 193]
  RequestedRegion: 
    Dimension: 3
    Index: [0, 0, 0]
    Size: [193, 229, 193]
  Spacing: [1, 1, 1]
  Origin: [96, 132, -78]
  Direction: 
-1 0 0
0 -1 0
0 0 1

  IndexToPointMatrix: 
-1 0 0
0 -1 0
0 0 1

  PointToIndexMatrix: 
-1 0 0
0 -1 0
0 0 1

  Inverse Direction: 
-1 0 0
0 -1 0
0 0 1

  PixelContainer: 
    ImportImageContainer (0x55e73c4a60d0)
      RTTI typeinfo:   itk::ImportImageContainer<unsigned long, double>
      Reference Count: 1
      Modified Time: 1404
      Debug: Off
      Object Name: 
      Observers: 
        none
      Pointer: 0x7fd32ed70010
      Container manages memory: true
      Size: 8530021
      Capacity: 8530021

     Moving image = Image (0x55e73c3d6b20)
  RTTI typeinfo:   itk::Image<double, 3u>
  Reference Count: 2
  Modified Time: 1623
  Debug: Off
  Object Name: 
  Observers: 
    none
  Source: (none)
  Source output name: (none)
  Release Data: Off
  Data Released: False
  Global Release Data: Off
  PipelineMTime: 0
  UpdateMTime: 1620
  RealTimeStamp: 0 seconds 
  LargestPossibleRegion: 
    Dimension: 3
    Index: [0, 0, 0]
    Size: [193, 229, 193]
  BufferedRegion: 
    Dimension: 3
    Index: [0, 0, 0]
    Size: [193, 229, 193]
  RequestedRegion: 
    Dimension: 3
    Index: [0, 0, 0]
    Size: [193, 229, 193]
  Spacing: [1, 1, 1]
  Origin: [96, 132, -78]
  Direction: 
-1 0 0
0 -1 0
0 0 1

  IndexToPointMatrix: 
-1 0 0
0 -1 0
0 0 1

  PointToIndexMatrix: 
-1 0 0
0 -1 0
0 0 1

  Inverse Direction: 
-1 0 0
0 -1 0
0 0 1

  PixelContainer: 
    ImportImageContainer (0x55e73c3d1480)
      RTTI typeinfo:   itk::ImportImageContainer<unsigned long, double>
      Reference Count: 1
      Modified Time: 1617
      Debug: Off
      Object Name: 
      Observers: 
        none
      Pointer: 0x7fd32ac5b010
      Container manages memory: true
      Size: 8530021
      Capacity: 8530021

     Weighting = 1
     Sampling strategy = regular
     Number of bins = 32
     Radius = 4
     Sampling percentage  = 0.25
   Transform = Affine
     Gradient step = 0.1
     Update field sigma (voxel space) = 0
     Total field sigma (voxel space) = 0
     Update field time sigma = 0
     Total field time sigma  = 0
     Number of time indices = 0
     Number of time point samples = 0
Registration using 1 total stages.

Stage 0
  iterations = 1000x500x250x100
  convergence threshold = 1e-06
  convergence window size = 10
  number of levels = 4
  using the Mattes MI metric (number of bins = 32, weight = 1, use gradient filter = 0)
  preprocessing:  winsorizing the image intensities
  Shrink factors (level 1 out of 4): [8, 8, 8]
  Shrink factors (level 2 out of 4): [4, 4, 4]
  Shrink factors (level 3 out of 4): [2, 2, 2]
  Shrink factors (level 4 out of 4): [1, 1, 1]
  smoothing sigmas per level: [3, 2, 1, 0]
  regular sampling (percentage = 0.25)

*** Running AffineTransform registration ***

DIAGNOSTIC,Iteration,metricValue,convergenceValue,ITERATION_TIME_INDEX,SINCE_LAST
 2DIAGNOSTIC,     1, -5.250541051523e-01, 1.797693134862e+308, 1.2338e+00, 1.2338e+00, 
 2DIAGNOSTIC,     2, -5.271490979908e-01, 1.797693134862e+308, 1.2432e+00, 9.3782e-03, 
 2DIAGNOSTIC,     3, -5.307591963193e-01, 1.797693134862e+308, 1.2518e+00, 8.5819e-03, 
 2DIAGNOSTIC,     4, -5.367592412325e-01, 1.797693134862e+308, 1.2603e+00, 8.5800e-03, 
 2DIAGNOSTIC,     5, -5.464813529523e-01, 1.797693134862e+308, 1.2691e+00, 8.7500e-03, 
 2DIAGNOSTIC,     6, -5.700784651725e-01, 1.797693134862e+308, 1.2786e+00, 9.4740e-03, 
 2DIAGNOSTIC,     7, -6.453970555149e-01, 1.797693134862e+308, 1.2883e+00, 9.7039e-03, 
 2DIAGNOSTIC,     8, -7.163137026153e-01, 1.797693134862e+308, 1.3006e+00, 1.2369e-02, 
 2DIAGNOSTIC,     9, -7.757806567100e-01, 1.797693134862e+308, 1.3190e+00, 1.8361e-02, 
 2DIAGNOSTIC,    10, -7.768602574888e-01, 3.021907254001e-02, 1.3288e+00, 9.7852e-03, 
 2DIAGNOSTIC,    11, -7.825030644018e-01, 2.992394648222e-02, 1.3376e+00, 8.7771e-03, 
 2DIAGNOSTIC,    12, -7.904919115910e-01, 2.737694187551e-02, 1.3463e+00, 8.7581e-03, 
 2DIAGNOSTIC,    13, -8.000678199172e-01, 2.323732505689e-02, 1.3551e+00, 8.8398e-03, 
 2DIAGNOSTIC,    14, -8.115194469273e-01, 1.823623117965e-02, 1.3642e+00, 9.0618e-03, 
 2DIAGNOSTIC,    15, -8.298352456300e-01, 1.318496255522e-02, 1.3734e+00, 9.1462e-03, 
 2DIAGNOSTIC,    16, -8.416321359880e-01, 8.591794260510e-03, 1.3835e+00, 1.0178e-02, 
 2DIAGNOSTIC,    17, -8.457600186457e-01, 5.740289965277e-03, 1.3935e+00, 1.0002e-02, 
 2DIAGNOSTIC,    18, -8.487301851714e-01, 4.363599883650e-03, 1.4033e+00, 9.8081e-03, 
 2DIAGNOSTIC,    19, -8.508794510674e-01, 4.051789598235e-03, 1.4131e+00, 9.7051e-03, 
 2DIAGNOSTIC,    20, -8.523290678650e-01, 3.448439401767e-03, 1.4227e+00, 9.6869e-03, 
 2DIAGNOSTIC,    21, -8.526258533869e-01, 2.701498615579e-03, 1.4323e+00, 9.6040e-03, 
 2DIAGNOSTIC,    22, -8.529266159808e-01, 1.931166874093e-03, 1.4440e+00, 1.1708e-02, 
 2DIAGNOSTIC,    23, -8.531357338457e-01, 1.223489394713e-03, 1.4537e+00, 9.6130e-03, 
 2DIAGNOSTIC,    24, -8.533975180724e-01, 6.507967322030e-04, 1.4622e+00, 8.5261e-03, 
 2DIAGNOSTIC,    25, -8.534885339721e-01, 3.458894870616e-04, 1.4707e+00, 8.5220e-03, 
 2DIAGNOSTIC,    26, -8.535848434568e-01, 2.077528424772e-04, 1.4823e+00, 1.1626e-02, 
 2DIAGNOSTIC,    27, -8.536349472500e-01, 1.195637515035e-04, 1.4961e+00, 1.3742e-02, 
 2DIAGNOSTIC,    28, -8.536386071051e-01, 6.659050910529e-05, 1.5046e+00, 8.5390e-03, 
 2DIAGNOSTIC,    29, -8.536518180993e-01, 3.892977917500e-05, 1.5131e+00, 8.5201e-03, 
 2DIAGNOSTIC,    30, -8.536659929015e-01, 2.786626064360e-05, 1.5216e+00, 8.5111e-03, 
 2DIAGNOSTIC,    31, -8.536782521002e-01, 1.872223416689e-05, 1.5302e+00, 8.5070e-03, 
 2DIAGNOSTIC,    32, -8.536908131898e-01, 1.213547236167e-05, 1.5387e+00, 8.5020e-03, 
 2DIAGNOSTIC,    33, -8.537056898728e-01, 7.386156419757e-06, 1.5472e+00, 8.5130e-03, 
 2DIAGNOSTIC,    34, -8.537203150776e-01, 5.316535419381e-06, 1.5557e+00, 8.5092e-03, 
 2DIAGNOSTIC,    35, -8.537395144220e-01, 4.096273985559e-06, 1.5683e+00, 1.2655e-02, 
 2DIAGNOSTIC,    36, -8.537405635158e-01, 3.626182364637e-06, 1.5768e+00, 8.5139e-03, 
 2DIAGNOSTIC,    37, -8.537426290471e-01, 3.448336384181e-06, 1.5854e+00, 8.5161e-03, 
 2DIAGNOSTIC,    38, -8.537501760974e-01, 3.148392661235e-06, 1.5939e+00, 8.4989e-03, 
 2DIAGNOSTIC,    39, -8.537582315514e-01, 2.844333833862e-06, 1.6106e+00, 1.6773e-02, 
 2DIAGNOSTIC,    40, -8.537582674648e-01, 2.494784532781e-06, 1.6233e+00, 1.2649e-02, 
 2DIAGNOSTIC,    41, -8.537582683421e-01, 2.117636272402e-06, 1.6328e+00, 9.5530e-03, 
 2DIAGNOSTIC,    42, -8.537582684789e-01, 1.746819462228e-06, 1.6444e+00, 1.1605e-02, 
 2DIAGNOSTIC,    43, -8.537582685050e-01, 1.427492508452e-06, 1.6561e+00, 1.1609e-02, 
 2DIAGNOSTIC,    44, -8.537582685067e-01, 1.177403957456e-06, 1.6681e+00, 1.2056e-02, 
 2DIAGNOSTIC,    45, -8.537582685069e-01, 1.054514116632e-06, 1.6798e+00, 1.1647e-02, 
DIAGNOSTIC,Iteration,metricValue,convergenceValue,ITERATION_TIME_INDEX,SINCE_LAST
 2DIAGNOSTIC,     1, -7.198449182356e-01, 1.797693134862e+308, 3.0071e+00, 1.3274e+00, 
 2DIAGNOSTIC,     2, -7.206954966411e-01, 1.797693134862e+308, 3.1074e+00, 1.0023e-01, 
 2DIAGNOSTIC,     3, -7.214511859273e-01, 1.797693134862e+308, 3.2056e+00, 9.8280e-02, 
 2DIAGNOSTIC,     4, -7.221776666655e-01, 1.797693134862e+308, 3.3038e+00, 9.8138e-02, 
 2DIAGNOSTIC,     5, -7.231878723550e-01, 1.797693134862e+308, 3.4020e+00, 9.8188e-02, 
 2DIAGNOSTIC,     6, -7.241154179139e-01, 1.797693134862e+308, 3.5270e+00, 1.2500e-01, 
 2DIAGNOSTIC,     7, -7.243128737001e-01, 1.797693134862e+308, 3.6519e+00, 1.2497e-01, 
 2DIAGNOSTIC,     8, -7.243802694561e-01, 1.797693134862e+308, 3.7630e+00, 1.1103e-01, 
 2DIAGNOSTIC,     9, -7.245643124148e-01, 1.797693134862e+308, 3.8735e+00, 1.1051e-01, 
 2DIAGNOSTIC,    10, -7.247136442962e-01, 4.535165923340e-04, 3.9713e+00, 9.7819e-02, 
 2DIAGNOSTIC,    11, -7.247595092207e-01, 3.308715604609e-04, 4.0701e+00, 9.8809e-02, 
 2DIAGNOSTIC,    12, -7.248255918114e-01, 2.293237068588e-04, 4.2364e+00, 1.6627e-01, 
 2DIAGNOSTIC,    13, -7.248319754471e-01, 1.461502787454e-04, 4.3346e+00, 9.8170e-02, 
 2DIAGNOSTIC,    14, -7.248467507971e-01, 8.214985259644e-05, 4.4327e+00, 9.8175e-02, 
 2DIAGNOSTIC,    15, -7.248534973590e-01, 4.536169800912e-05, 4.5310e+00, 9.8309e-02, 
 2DIAGNOSTIC,    16, -7.248629642448e-01, 3.213355133476e-05, 4.6560e+00, 1.2498e-01, 
 2DIAGNOSTIC,    17, -7.248689843334e-01, 2.242359068187e-05, 4.7681e+00, 1.1207e-01, 
 2DIAGNOSTIC,    18, -7.248696156499e-01, 1.331252566263e-05, 4.8665e+00, 9.8436e-02, 
 2DIAGNOSTIC,    19, -7.248711124188e-01, 7.869908509144e-06, 4.9650e+00, 9.8439e-02, 
 2DIAGNOSTIC,    20, -7.248725122876e-01, 5.344848913444e-06, 5.0633e+00, 9.8382e-02, 
 2DIAGNOSTIC,    21, -7.248747750388e-01, 3.577195015154e-06, 5.3203e+00, 2.5692e-01, 
 2DIAGNOSTIC,    22, -7.248747752825e-01, 2.956199373398e-06, 5.4959e+00, 1.7561e-01, 
 2DIAGNOSTIC,    23, -7.248747752919e-01, 2.354065678722e-06, 5.6705e+00, 1.7465e-01, 
 2DIAGNOSTIC,    24, -7.248747752919e-01, 1.953326792141e-06, 5.8825e+00, 2.1202e-01, 
 2DIAGNOSTIC,    25, -7.248747752919e-01, 1.628230417230e-06, 5.9922e+00, 1.0968e-01, 
 2DIAGNOSTIC,    26, -7.248747752919e-01, 1.434962634342e-06, 6.1039e+00, 1.1165e-01, 
 2DIAGNOSTIC,    27, -7.248747752919e-01, 1.323939908315e-06, 6.2417e+00, 1.3778e-01, 
 2DIAGNOSTIC,    28, -7.248747752919e-01, 1.216216269806e-06, 6.3534e+00, 1.1175e-01, 
 2DIAGNOSTIC,    29, -7.248747752919e-01, 1.128544631482e-06, 6.4789e+00, 1.2551e-01, 
 2DIAGNOSTIC,    30, -7.248747752919e-01, 1.061290205578e-06, 6.5919e+00, 1.1299e-01, 
 2DIAGNOSTIC,    31, -7.248747752919e-01, 1.027021977441e-06, 6.7052e+00, 1.1328e-01, 
DIAGNOSTIC,Iteration,metricValue,convergenceValue,ITERATION_TIME_INDEX,SINCE_LAST
 2DIAGNOSTIC,     1, -6.148890699184e-01, 1.797693134862e+308, 8.7127e+00, 2.0075e+00, 
 2DIAGNOSTIC,     2, -6.151491781723e-01, 1.797693134862e+308, 9.3440e+00, 6.3127e-01, 
 2DIAGNOSTIC,     3, -6.153803314662e-01, 1.797693134862e+308, 9.9782e+00, 6.3422e-01, 
 2DIAGNOSTIC,     4, -6.155661327650e-01, 1.797693134862e+308, 1.0873e+01, 8.9517e-01, 
 2DIAGNOSTIC,     5, -6.156422841311e-01, 1.797693134862e+308, 1.3062e+01, 2.1885e+00, 
 2DIAGNOSTIC,     6, -6.156422813147e-01, 1.797693134862e+308, 1.3695e+01, 6.3274e-01, 
 2DIAGNOSTIC,     7, -6.156422816312e-01, 1.797693134862e+308, 1.4324e+01, 6.2970e-01, 
 2DIAGNOSTIC,     8, -6.156422821669e-01, 1.797693134862e+308, 1.4963e+01, 6.3877e-01, 
 2DIAGNOSTIC,     9, -6.156422830726e-01, 1.797693134862e+308, 1.5598e+01, 6.3523e-01, 
 2DIAGNOSTIC,    10, -6.156422846036e-01, 6.798852826520e-05, 1.6229e+01, 6.3074e-01, 
 2DIAGNOSTIC,    11, -6.156422871915e-01, 3.544240314426e-05, 1.6865e+01, 6.3579e-01, 
 2DIAGNOSTIC,    12, -6.156422915661e-01, 1.529107141097e-05, 1.7502e+01, 6.3712e-01, 
 2DIAGNOSTIC,    13, -6.156422989606e-01, 5.153140921227e-06, 1.8137e+01, 6.3458e-01, 
 2DIAGNOSTIC,    14, -6.156423114525e-01, 2.274280350836e-06, 1.8771e+01, 6.3435e-01, 
 2DIAGNOSTIC,    15, -6.156423325803e-01, 2.123903542511e-06, 1.9400e+01, 6.2902e-01, 
 2DIAGNOSTIC,    16, -6.156423682127e-01, 1.992998718614e-06, 2.0037e+01, 6.3681e-01, 
 2DIAGNOSTIC,    17, -6.156424281748e-01, 1.878696515294e-06, 2.0678e+01, 6.4091e-01, 
 2DIAGNOSTIC,    18, -6.156425292484e-01, 1.779005600014e-06, 2.1315e+01, 6.3695e-01, 
 2DIAGNOSTIC,    19, -6.156426984029e-01, 1.692828505095e-06, 2.1947e+01, 6.3217e-01, 
 2DIAGNOSTIC,    20, -6.156429784742e-01, 1.619990395427e-06, 2.2577e+01, 6.2978e-01, 
 2DIAGNOSTIC,    21, -6.156434389199e-01, 1.561430103485e-06, 2.3234e+01, 6.5709e-01, 
 2DIAGNOSTIC,    22, -6.156441759479e-01, 1.519238819365e-06, 2.3874e+01, 6.4064e-01, 
 2DIAGNOSTIC,    23, -6.156453220064e-01, 1.496762756396e-06, 2.4507e+01, 6.3285e-01, 
 2DIAGNOSTIC,    24, -6.156470566117e-01, 1.498740127379e-06, 2.5148e+01, 6.4064e-01, 
 2DIAGNOSTIC,    25, -6.156495285780e-01, 1.529791860549e-06, 2.5781e+01, 6.3331e-01, 
 2DIAGNOSTIC,    26, -6.156528744416e-01, 1.593584645493e-06, 2.6416e+01, 6.3456e-01, 
 2DIAGNOSTIC,    27, -6.156570781364e-01, 1.689808740470e-06, 2.7053e+01, 6.3776e-01, 
 2DIAGNOSTIC,    28, -6.156622753869e-01, 1.817243702393e-06, 2.7683e+01, 6.2998e-01, 
 2DIAGNOSTIC,    29, -6.156688003925e-01, 1.976914567395e-06, 2.8321e+01, 6.3741e-01, 
 2DIAGNOSTIC,    30, -6.156811365383e-01, 2.235320913542e-06, 2.8965e+01, 6.4381e-01, 
 2DIAGNOSTIC,    31, -6.156872743935e-01, 2.460381800094e-06, 3.0119e+01, 1.1541e+00, 
 2DIAGNOSTIC,    32, -6.156893790290e-01, 2.576544541923e-06, 3.0752e+01, 6.3354e-01, 
 2DIAGNOSTIC,    33, -6.156898843035e-01, 2.560379764809e-06, 3.1387e+01, 6.3464e-01, 
 2DIAGNOSTIC,    34, -6.156912786109e-01, 2.435733156683e-06, 3.2021e+01, 6.3458e-01, 
 2DIAGNOSTIC,    35, -6.156939395156e-01, 2.240537609517e-06, 3.2748e+01, 7.2624e-01, 
 2DIAGNOSTIC,    36, -6.156946230862e-01, 1.979177018881e-06, 3.3635e+01, 8.8703e-01, 
 2DIAGNOSTIC,    37, -6.156955366552e-01, 1.692858723878e-06, 3.4274e+01, 6.3923e-01, 
 2DIAGNOSTIC,    38, -6.156962626891e-01, 1.415033303635e-06, 3.4903e+01, 6.2887e-01, 
 2DIAGNOSTIC,    39, -6.156976256153e-01, 1.186451796507e-06, 3.5793e+01, 8.9010e-01, 
 2DIAGNOSTIC,    40, -6.156984065296e-01, 1.082909978068e-06, 3.6423e+01, 6.3025e-01, 
 2DIAGNOSTIC,    41, -6.156989320000e-01, 1.031437932300e-06, 3.7055e+01, 6.3222e-01, 
DIAGNOSTIC,Iteration,metricValue,convergenceValue,ITERATION_TIME_INDEX,SINCE_LAST
 2DIAGNOSTIC,     1, -5.472015138744e-01, 1.797693134862e+308, 4.2073e+01, 5.0181e+00, 
 2DIAGNOSTIC,     2, -5.473688168685e-01, 1.797693134862e+308, 4.6131e+01, 4.0578e+00, 
 2DIAGNOSTIC,     3, -5.475248669375e-01, 1.797693134862e+308, 5.0193e+01, 4.0619e+00, 
 2DIAGNOSTIC,     4, -5.476976145297e-01, 1.797693134862e+308, 5.4257e+01, 4.0633e+00, 
 2DIAGNOSTIC,     5, -5.477233401042e-01, 1.797693134862e+308, 5.8817e+01, 4.5610e+00, 
 2DIAGNOSTIC,     6, -5.477430880819e-01, 1.797693134862e+308, 6.4367e+01, 5.5494e+00, 
 2DIAGNOSTIC,     7, -5.477491952318e-01, 1.797693134862e+308, 6.8428e+01, 4.0615e+00, 
 2DIAGNOSTIC,     8, -5.477517404836e-01, 1.797693134862e+308, 7.2986e+01, 4.5576e+00, 
 2DIAGNOSTIC,     9, -5.477556045912e-01, 1.797693134862e+308, 7.7541e+01, 4.5554e+00, 
 2DIAGNOSTIC,    10, -5.477565001924e-01, 5.920703480103e-05, 8.1597e+01, 4.0551e+00, 
 2DIAGNOSTIC,    11, -5.477574133836e-01, 3.336651592387e-05, 8.6140e+01, 4.5436e+00, 
 2DIAGNOSTIC,    12, -5.477579954108e-01, 1.627041309446e-05, 9.1664e+01, 5.5236e+00, 
 2DIAGNOSTIC,    13, -5.477580916415e-01, 6.633230591122e-06, 9.5729e+01, 4.0652e+00, 
 2DIAGNOSTIC,    14, -5.477581995105e-01, 4.383198347460e-06, 9.9777e+01, 4.0484e+00, 
 2DIAGNOSTIC,    15, -5.477584264013e-01, 3.121892831276e-06, 1.0382e+02, 4.0473e+00, 
 2DIAGNOSTIC,    16, -5.477585818355e-01, 2.568593427413e-06, 1.0934e+02, 5.5187e+00, 
 2DIAGNOSTIC,    17, -5.477586686373e-01, 2.215285411486e-06, 1.1437e+02, 5.0255e+00, 
 2DIAGNOSTIC,    18, -5.477586981259e-01, 1.941215665317e-06, 1.1841e+02, 4.0452e+00, 
 2DIAGNOSTIC,    19, -5.477587079028e-01, 1.785550653916e-06, 1.3129e+02, 1.2878e+01, 
 2DIAGNOSTIC,    20, -5.477587079026e-01, 1.657821535543e-06, 1.4074e+02, 9.4432e+00, 
 2DIAGNOSTIC,    21, -5.477587079026e-01, 1.558150410787e-06, 1.4723e+02, 6.4920e+00, 
 2DIAGNOSTIC,    22, -5.477587079026e-01, 1.477240097282e-06, 1.5176e+02, 4.5345e+00, 
 2DIAGNOSTIC,    23, -5.477587079026e-01, 1.402650106182e-06, 1.5631e+02, 4.5493e+00, 
 2DIAGNOSTIC,    24, -5.477587079026e-01, 1.334708665902e-06, 1.6084e+02, 4.5262e+00, 
 2DIAGNOSTIC,    25, -5.477587079026e-01, 1.275990564431e-06, 1.6537e+02, 4.5302e+00, 
 2DIAGNOSTIC,    26, -5.477587079026e-01, 1.224525941909e-06, 1.6990e+02, 4.5288e+00, 
 2DIAGNOSTIC,    27, -5.477587079026e-01, 1.178438221061e-06, 1.7442e+02, 4.5264e+00, 
 2DIAGNOSTIC,    28, -5.477587079026e-01, 1.136166337713e-06, 1.7897e+02, 4.5465e+00, 
 2DIAGNOSTIC,    29, -5.477587079026e-01, 1.096984938873e-06, 1.8350e+02, 4.5287e+00, 
 2DIAGNOSTIC,    30, -5.477587079026e-01, 1.060415840311e-06, 1.8753e+02, 4.0366e+00, 
 2DIAGNOSTIC,    31, -5.477587079026e-01, 1.026206221652e-06, 1.9210e+02, 4.5633e+00, 
  Elapsed time (stage 0): 1.9469e+02


Total elapsed time: 1.9469e+02
-i /mnt/lustre/mathdugre/fast-interpolate/datasets/ds004513/derivatives/flint/ants/flint-vprec-single/sub-s034/ses-open/anat/0/1_Rigid.nii.gz -o /mnt/lustre/mathdugre/fast-interpolate/datasets/ds004513/derivatives/flint/ants/flint-vprec-single/sub-s034/ses-open/anat/00/1_transformed.nii.gz -t /mnt/lustre/mathdugre/fast-interpolate/datasets/ds004513/derivatives/flint/ants/flint-vprec-single/sub-s034/ses-open/anat/00/1_0GenericAffine.mat
