---------------------
Experiment information

SIF_IMG: /mnt/lustre/mathdugre/containers/ants-flint-vprec.simg
SIF_IMG_BASE: /mnt/lustre/mathdugre/containers/ants-flint-base.simg
EXPERIMENT_NAME: flint-vprec-single
STAGE: affine
SUBJECT_ID: s034
REPETITION_ID: 1

FIXED_IMG: /templateflow/tpl-MNI152NLin2009cAsym/tpl-MNI152NLin2009cAsym_res-01_desc-brain_T1w.nii.gz
INPUT_IMG: /mnt/lustre/mathdugre/fast-interpolate/datasets/ds004513/derivatives/flint/ants/flint-vprec-single/sub-s034/ses-open/anat/1/1_Rigid.nii.gz

DATA_DIR: /mnt/lustre/mathdugre/fast-interpolate/datasets/ds004513
OUTPUT_DIR: /mnt/lustre/mathdugre/fast-interpolate/datasets/ds004513/derivatives/flint/ants/flint-vprec-single/sub-s034/ses-open/anat
OUTPUT_PREFIX: 11
THREAD: 1
FLOAT: 0
VFC_BACKENDS: libinterflop_vprec.so --precision-binary32=23 --range-binary32=8 --precision-binary64=23 --range-binary64=8
---------------------

--output [/mnt/lustre/mathdugre/fast-interpolate/datasets/ds004513/derivatives/flint/ants/flint-vprec-single/sub-s034/ses-open/anat/11/1_,/mnt/lustre/mathdugre/fast-interpolate/datasets/ds004513/derivatives/flint/ants/flint-vprec-single/sub-s034/ses-open/anat/11/1_Affine.nii.gz,/mnt/lustre/mathdugre/fast-interpolate/datasets/ds004513/derivatives/flint/ants/flint-vprec-single/sub-s034/ses-open/anat/11/1_InverseAffine.nii.gz] --initial-moving-transform [/templateflow/tpl-MNI152NLin2009cAsym/tpl-MNI152NLin2009cAsym_res-01_desc-brain_T1w.nii.gz,/mnt/lustre/mathdugre/fast-interpolate/datasets/ds004513/derivatives/flint/ants/flint-vprec-single/sub-s034/ses-open/anat/1/1_Rigid.nii.gz,1] --transform Affine[0.1] --metric MI[/templateflow/tpl-MNI152NLin2009cAsym/tpl-MNI152NLin2009cAsym_res-01_desc-brain_T1w.nii.gz,/mnt/lustre/mathdugre/fast-interpolate/datasets/ds004513/derivatives/flint/ants/flint-vprec-single/sub-s034/ses-open/anat/1/1_Rigid.nii.gz,1,32,Regular,0.25] --convergence [1000x500x250x100,1e-6,10] --shrink-factors 8x4x2x1 --smoothing-sigmas 3x2x1x0vox
All_Command_lines_OK
Using double precision for computations.
=============================================================================
The composite transform comprises the following transforms (in order): 
  1. Center of mass alignment using fixed image: /templateflow/tpl-MNI152NLin2009cAsym/tpl-MNI152NLin2009cAsym_res-01_desc-brain_T1w.nii.gz and moving image: /mnt/lustre/mathdugre/fast-interpolate/datasets/ds004513/derivatives/flint/ants/flint-vprec-single/sub-s034/ses-open/anat/1/1_Rigid.nii.gz (type = Euler3DTransform)
=============================================================================
  number of levels = 4
  fixed image: /templateflow/tpl-MNI152NLin2009cAsym/tpl-MNI152NLin2009cAsym_res-01_desc-brain_T1w.nii.gz
  moving image: /mnt/lustre/mathdugre/fast-interpolate/datasets/ds004513/derivatives/flint/ants/flint-vprec-single/sub-s034/ses-open/anat/1/1_Rigid.nii.gz
Dimension = 3
Number of stages = 1
Use histogram matching = false
Winsorize image intensities = true
  Lower quantile = 0.005
  Upper quantile = 0.995


Stage 1 State
   Image metric = MattesMI
     Fixed image = Image (0x47bc000)
  RTTI typeinfo:   itk::Image<double, 3u>
  Reference Count: 2
  Modified Time: 1622
  Debug: Off
  Object Name: 
  Observers: 
    none
  Source: (none)
  Source output name: (none)
  Release Data: Off
  Data Released: False
  Global Release Data: Off
  PipelineMTime: 0
  UpdateMTime: 1407
  RealTimeStamp: 0 seconds 
  LargestPossibleRegion: 
    Dimension: 3
    Index: [0, 0, 0]
    Size: [193, 229, 193]
  BufferedRegion: 
    Dimension: 3
    Index: [0, 0, 0]
    Size: [193, 229, 193]
  RequestedRegion: 
    Dimension: 3
    Index: [0, 0, 0]
    Size: [193, 229, 193]
  Spacing: [1, 1, 1]
  Origin: [96, 132, -78]
  Direction: 
-1 0 0
0 -1 0
0 0 1

  IndexToPointMatrix: 
-1 0 0
0 -1 0
0 0 1

  PointToIndexMatrix: 
-1 0 0
0 -1 0
0 0 1

  Inverse Direction: 
-1 0 0
0 -1 0
0 0 1

  PixelContainer: 
    ImportImageContainer (0x488fe10)
      RTTI typeinfo:   itk::ImportImageContainer<unsigned long, double>
      Reference Count: 1
      Modified Time: 1404
      Debug: Off
      Object Name: 
      Observers: 
        none
      Pointer: 0x7f1561c79010
      Container manages memory: true
      Size: 8530021
      Capacity: 8530021

     Moving image = Image (0x47bc800)
  RTTI typeinfo:   itk::Image<double, 3u>
  Reference Count: 2
  Modified Time: 1623
  Debug: Off
  Object Name: 
  Observers: 
    none
  Source: (none)
  Source output name: (none)
  Release Data: Off
  Data Released: False
  Global Release Data: Off
  PipelineMTime: 0
  UpdateMTime: 1620
  RealTimeStamp: 0 seconds 
  LargestPossibleRegion: 
    Dimension: 3
    Index: [0, 0, 0]
    Size: [193, 229, 193]
  BufferedRegion: 
    Dimension: 3
    Index: [0, 0, 0]
    Size: [193, 229, 193]
  RequestedRegion: 
    Dimension: 3
    Index: [0, 0, 0]
    Size: [193, 229, 193]
  Spacing: [1, 1, 1]
  Origin: [96, 132, -78]
  Direction: 
-1 0 0
0 -1 0
0 0 1

  IndexToPointMatrix: 
-1 0 0
0 -1 0
0 0 1

  PointToIndexMatrix: 
-1 0 0
0 -1 0
0 0 1

  Inverse Direction: 
-1 0 0
0 -1 0
0 0 1

  PixelContainer: 
    ImportImageContainer (0x48cfe90)
      RTTI typeinfo:   itk::ImportImageContainer<unsigned long, double>
      Reference Count: 1
      Modified Time: 1617
      Debug: Off
      Object Name: 
      Observers: 
        none
      Pointer: 0x7f155db64010
      Container manages memory: true
      Size: 8530021
      Capacity: 8530021

     Weighting = 1
     Sampling strategy = regular
     Number of bins = 32
     Radius = 4
     Sampling percentage  = 0.25
   Transform = Affine
     Gradient step = 0.1
     Update field sigma (voxel space) = 0
     Total field sigma (voxel space) = 0
     Update field time sigma = 0
     Total field time sigma  = 0
     Number of time indices = 0
     Number of time point samples = 0
Registration using 1 total stages.

Stage 0
  iterations = 1000x500x250x100
  convergence threshold = 1e-06
  convergence window size = 10
  number of levels = 4
  using the Mattes MI metric (number of bins = 32, weight = 1, use gradient filter = 0)
  preprocessing:  winsorizing the image intensities
  Shrink factors (level 1 out of 4): [8, 8, 8]
  Shrink factors (level 2 out of 4): [4, 4, 4]
  Shrink factors (level 3 out of 4): [2, 2, 2]
  Shrink factors (level 4 out of 4): [1, 1, 1]
  smoothing sigmas per level: [3, 2, 1, 0]
  regular sampling (percentage = 0.25)

*** Running AffineTransform registration ***

DIAGNOSTIC,Iteration,metricValue,convergenceValue,ITERATION_TIME_INDEX,SINCE_LAST
 2DIAGNOSTIC,     1, -5.243664979935e-01, 1.797693134862e+308, 0.0000e+00, 0.0000e+00, 
 2DIAGNOSTIC,     2, -5.265557765961e-01, 1.797693134862e+308, 0.0000e+00, 0.0000e+00, 
 2DIAGNOSTIC,     3, -5.310100317001e-01, 1.797693134862e+308, 0.0000e+00, 0.0000e+00, 
 2DIAGNOSTIC,     4, -5.381245613098e-01, 1.797693134862e+308, 0.0000e+00, 0.0000e+00, 
 2DIAGNOSTIC,     5, -5.486149191856e-01, 1.797693134862e+308, 0.0000e+00, 0.0000e+00, 
 2DIAGNOSTIC,     6, -5.674961209297e-01, 1.797693134862e+308, 0.0000e+00, 0.0000e+00, 
 2DIAGNOSTIC,     7, -6.054711937904e-01, 1.797693134862e+308, 0.0000e+00, 0.0000e+00, 
 2DIAGNOSTIC,     8, -7.342942953110e-01, 1.797693134862e+308, 0.0000e+00, 0.0000e+00, 
 2DIAGNOSTIC,     9, -7.740842700005e-01, 1.797693134862e+308, 0.0000e+00, 0.0000e+00, 
 2DIAGNOSTIC,    10, -8.063715100288e-01, 3.118965774775e-02, 0.0000e+00, 0.0000e+00, 
 2DIAGNOSTIC,    11, -8.212962746620e-01, 3.234038501978e-02, 0.0000e+00, 0.0000e+00, 
 2DIAGNOSTIC,    12, -8.409077525139e-01, 3.111834079027e-02, 0.0000e+00, 0.0000e+00, 
 2DIAGNOSTIC,    13, -8.481472134590e-01, 2.767772972584e-02, 0.0000e+00, 0.0000e+00, 
 2DIAGNOSTIC,    14, -8.504028320312e-01, 2.264561504126e-02, 0.0000e+00, 0.0000e+00, 
 2DIAGNOSTIC,    15, -8.510763645172e-01, 1.675494760275e-02, 0.0000e+00, 0.0000e+00, 
 2DIAGNOSTIC,    16, -8.512980937958e-01, 1.074744760990e-02, 0.0000e+00, 0.0000e+00, 
 2DIAGNOSTIC,    17, -8.519465327263e-01, 5.447387695312e-03, 0.0000e+00, 0.0000e+00, 
 2DIAGNOSTIC,    18, -8.520694375038e-01, 3.168538212776e-03, 0.0000e+00, 0.0000e+00, 
 2DIAGNOSTIC,    19, -8.522219657898e-01, 1.695074141026e-03, 0.0000e+00, 0.0000e+00, 
 2DIAGNOSTIC,    20, -8.525722622871e-01, 8.697509765625e-04, 0.0000e+00, 0.0000e+00, 
 2DIAGNOSTIC,    21, -8.527662754059e-01, 3.243386745453e-04, 0.0000e+00, 0.0000e+00, 
 2DIAGNOSTIC,    22, -8.528699278831e-01, 1.458935439587e-04, 0.0000e+00, 0.0000e+00, 
 2DIAGNOSTIC,    23, -8.530423641205e-01, 9.343028068542e-05, 0.0000e+00, 0.0000e+00, 
 2DIAGNOSTIC,    24, -8.533276319504e-01, 7.721781730652e-05, 0.0000e+00, 0.0000e+00, 
 2DIAGNOSTIC,    25, -8.536795973778e-01, 7.071718573570e-05, 0.0000e+00, 0.0000e+00, 
 2DIAGNOSTIC,    26, -8.537772893906e-01, 6.254762411118e-05, 0.0000e+00, 0.0000e+00, 
 2DIAGNOSTIC,    27, -8.538092970848e-01, 5.879625678062e-05, 0.0000e+00, 0.0000e+00, 
 2DIAGNOSTIC,    28, -8.538393378258e-01, 5.203485488892e-05, 0.0000e+00, 0.0000e+00, 
 2DIAGNOSTIC,    29, -8.539009094238e-01, 4.360079765320e-05, 0.0000e+00, 0.0000e+00, 
 2DIAGNOSTIC,    30, -8.539557456970e-01, 3.663823008537e-05, 0.0000e+00, 0.0000e+00, 
 2DIAGNOSTIC,    31, -8.539559245110e-01, 2.912804484367e-05, 0.0000e+00, 0.0000e+00, 
 2DIAGNOSTIC,    32, -8.539571762085e-01, 2.074614167213e-05, 0.0000e+00, 0.0000e+00, 
 2DIAGNOSTIC,    33, -8.539589047432e-01, 1.296401023865e-05, 0.0000e+00, 0.0000e+00, 
 2DIAGNOSTIC,    34, -8.539608120918e-01, 7.513910531998e-06, 0.0000e+00, 0.0000e+00, 
 2DIAGNOSTIC,    35, -8.539640307426e-01, 5.435198545456e-06, 0.0000e+00, 0.0000e+00, 
 2DIAGNOSTIC,    36, -8.539689779282e-01, 4.097819328308e-06, 0.0000e+00, 0.0000e+00, 
 2DIAGNOSTIC,    37, -8.539754748344e-01, 2.926215529442e-06, 0.0000e+00, 0.0000e+00, 
 2DIAGNOSTIC,    38, -8.539841771126e-01, 1.976266503334e-06, 0.0000e+00, 0.0000e+00, 
 2DIAGNOSTIC,    39, -8.540135622025e-01, 1.804903149605e-06, 0.0000e+00, 0.0000e+00, 
 2DIAGNOSTIC,    40, -8.540366292000e-01, 2.251937985420e-06, 0.0000e+00, 0.0000e+00, 
 2DIAGNOSTIC,    41, -8.540391325951e-01, 2.559274435043e-06, 0.0000e+00, 0.0000e+00, 
 2DIAGNOSTIC,    42, -8.540481925011e-01, 2.777203917503e-06, 0.0000e+00, 0.0000e+00, 
 2DIAGNOSTIC,    43, -8.540564179420e-01, 2.875924110413e-06, 0.0000e+00, 0.0000e+00, 
 2DIAGNOSTIC,    44, -8.540745973587e-01, 2.941116690636e-06, 0.0000e+00, 0.0000e+00, 
 2DIAGNOSTIC,    45, -8.540908098221e-01, 2.933666110039e-06, 0.0000e+00, 0.0000e+00, 
 2DIAGNOSTIC,    46, -8.540903925896e-01, 2.760440111160e-06, 0.0000e+00, 0.0000e+00, 
 2DIAGNOSTIC,    47, -8.540934324265e-01, 2.469867467880e-06, 0.0000e+00, 0.0000e+00, 
 2DIAGNOSTIC,    48, -8.540956377983e-01, 2.106651663780e-06, 0.0000e+00, 0.0000e+00, 
 2DIAGNOSTIC,    49, -8.540973663330e-01, 1.847743988037e-06, 0.0000e+00, 0.0000e+00, 
 2DIAGNOSTIC,    50, -8.541002869606e-01, 1.665204763412e-06, 0.0000e+00, 0.0000e+00, 
 2DIAGNOSTIC,    51, -8.541035056114e-01, 1.437962055206e-06, 0.0000e+00, 0.0000e+00, 
 2DIAGNOSTIC,    52, -8.541143536568e-01, 1.283362507820e-06, 0.0000e+00, 0.0000e+00, 
 2DIAGNOSTIC,    53, -8.541201353073e-01, 1.158565282822e-06, 0.0000e+00, 0.0000e+00, 
 2DIAGNOSTIC,    54, -8.541224598885e-01, 1.117587089539e-06, 0.0000e+00, 0.0000e+00, 
 2DIAGNOSTIC,    55, -8.541232943535e-01, 1.145526766777e-06, 0.0000e+00, 0.0000e+00, 
 2DIAGNOSTIC,    56, -8.541287183762e-01, 1.152977347374e-06, 0.0000e+00, 0.0000e+00, 
 2DIAGNOSTIC,    57, -8.541324734688e-01, 1.145526766777e-06, 0.0000e+00, 0.0000e+00, 
 2DIAGNOSTIC,    58, -8.541334867477e-01, 1.100823283195e-06, 0.0000e+00, 0.0000e+00, 
 2DIAGNOSTIC,    59, -8.541341423988e-01, 1.024454832077e-06, 0.0000e+00, 0.0000e+00, 
DIAGNOSTIC,Iteration,metricValue,convergenceValue,ITERATION_TIME_INDEX,SINCE_LAST
 2DIAGNOSTIC,     1, -7.178711295128e-01, 1.797693134862e+308, 0.0000e+00, 0.0000e+00, 
 2DIAGNOSTIC,     2, -7.187876701355e-01, 1.797693134862e+308, 1.2800e+02, 1.2800e+02, 
 2DIAGNOSTIC,     3, -7.196889519691e-01, 1.797693134862e+308, 1.2800e+02, 0.0000e+00, 
 2DIAGNOSTIC,     4, -7.205397486687e-01, 1.797693134862e+308, 1.2800e+02, 0.0000e+00, 
 2DIAGNOSTIC,     5, -7.217727899551e-01, 1.797693134862e+308, 1.2800e+02, 0.0000e+00, 
 2DIAGNOSTIC,     6, -7.235533595085e-01, 1.797693134862e+308, 1.2800e+02, 0.0000e+00, 
 2DIAGNOSTIC,     7, -7.235721349716e-01, 1.797693134862e+308, 1.2800e+02, 0.0000e+00, 
 2DIAGNOSTIC,     8, -7.235968112946e-01, 1.797693134862e+308, 1.2800e+02, 0.0000e+00, 
 2DIAGNOSTIC,     9, -7.236344814301e-01, 1.797693134862e+308, 1.2800e+02, 0.0000e+00, 
 2DIAGNOSTIC,    10, -7.236915826797e-01, 5.745589733124e-04, 1.2800e+02, 0.0000e+00, 
 2DIAGNOSTIC,    11, -7.237738966942e-01, 4.148781299591e-04, 1.2800e+02, 0.0000e+00, 
 2DIAGNOSTIC,    12, -7.238864302635e-01, 2.786070108414e-04, 1.2800e+02, 0.0000e+00, 
 2DIAGNOSTIC,    13, -7.240365743637e-01, 1.707673072815e-04, 1.2800e+02, 0.0000e+00, 
 2DIAGNOSTIC,    14, -7.242264151573e-01, 9.188055992126e-05, 1.2800e+02, 0.0000e+00, 
 2DIAGNOSTIC,    15, -7.245468497276e-01, 5.470216274261e-05, 1.2800e+02, 0.0000e+00, 
 2DIAGNOSTIC,    16, -7.247359156609e-01, 6.563961505890e-05, 1.2800e+02, 0.0000e+00, 
 2DIAGNOSTIC,    17, -7.248307466507e-01, 7.202848792076e-05, 1.2800e+02, 0.0000e+00, 
 2DIAGNOSTIC,    18, -7.248979806900e-01, 7.328391075134e-05, 1.2800e+02, 0.0000e+00, 
 2DIAGNOSTIC,    19, -7.249031662941e-01, 6.862729787827e-05, 1.2800e+02, 0.0000e+00, 
 2DIAGNOSTIC,    20, -7.249149084091e-01, 5.952268838882e-05, 1.2800e+02, 0.0000e+00, 
 2DIAGNOSTIC,    21, -7.249250411987e-01, 4.756450653076e-05, 1.2800e+02, 0.0000e+00, 
 2DIAGNOSTIC,    22, -7.249360680580e-01, 3.462657332420e-05, 1.2800e+02, 0.0000e+00, 
 2DIAGNOSTIC,    23, -7.249472737312e-01, 2.246722579002e-05, 1.2800e+02, 0.0000e+00, 
 2DIAGNOSTIC,    24, -7.249608635902e-01, 1.257285475731e-05, 1.2800e+02, 0.0000e+00, 
 2DIAGNOSTIC,    25, -7.249748706818e-01, 7.625669240952e-06, 1.2800e+02, 0.0000e+00, 
 2DIAGNOSTIC,    26, -7.249782085419e-01, 5.342066287994e-06, 1.2800e+02, 0.0000e+00, 
 2DIAGNOSTIC,    27, -7.249799966812e-01, 4.217028617859e-06, 1.2800e+02, 0.0000e+00, 
 2DIAGNOSTIC,    28, -7.249938249588e-01, 4.019588232040e-06, 1.2800e+02, 0.0000e+00, 
 2DIAGNOSTIC,    29, -7.249940633774e-01, 3.628432750702e-06, 1.2800e+02, 0.0000e+00, 
 2DIAGNOSTIC,    30, -7.249950766563e-01, 3.192573785782e-06, 1.2800e+02, 0.0000e+00, 
 2DIAGNOSTIC,    31, -7.249949574471e-01, 2.712011337280e-06, 1.2800e+02, 0.0000e+00, 
 2DIAGNOSTIC,    32, -7.249952554703e-01, 2.242624759674e-06, 1.2800e+02, 0.0000e+00, 
 2DIAGNOSTIC,    33, -7.249955534935e-01, 1.814216375351e-06, 1.2800e+02, 0.0000e+00, 
 2DIAGNOSTIC,    34, -7.249954342842e-01, 1.480802893639e-06, 1.2800e+02, 0.0000e+00, 
 2DIAGNOSTIC,    35, -7.249955534935e-01, 1.274049282074e-06, 1.2800e+02, 0.0000e+00, 
 2DIAGNOSTIC,    36, -7.249955534935e-01, 1.084059476852e-06, 1.2800e+02, 0.0000e+00, 
DIAGNOSTIC,Iteration,metricValue,convergenceValue,ITERATION_TIME_INDEX,SINCE_LAST
 2DIAGNOSTIC,     1, -6.143147349358e-01, 1.797693134862e+308, 1.2800e+02, 0.0000e+00, 
 2DIAGNOSTIC,     2, -6.145794391632e-01, 1.797693134862e+308, 2.5600e+02, 1.2800e+02, 
 2DIAGNOSTIC,     3, -6.148098707199e-01, 1.797693134862e+308, 2.5600e+02, 0.0000e+00, 
 2DIAGNOSTIC,     4, -6.149943470955e-01, 1.797693134862e+308, 2.5600e+02, 0.0000e+00, 
 2DIAGNOSTIC,     5, -6.150863766670e-01, 1.797693134862e+308, 2.5600e+02, 0.0000e+00, 
 2DIAGNOSTIC,     6, -6.151026487350e-01, 1.797693134862e+308, 2.5600e+02, 0.0000e+00, 
 2DIAGNOSTIC,     7, -6.151068806648e-01, 1.797693134862e+308, 2.5600e+02, 0.0000e+00, 
 2DIAGNOSTIC,     8, -6.151132583618e-01, 1.797693134862e+308, 2.5600e+02, 0.0000e+00, 
 2DIAGNOSTIC,     9, -6.151193380356e-01, 1.797693134862e+308, 2.5600e+02, 0.0000e+00, 
 2DIAGNOSTIC,    10, -6.151276826859e-01, 7.495284080505e-05, 3.8400e+02, 1.2800e+02, 
 2DIAGNOSTIC,    11, -6.151366829872e-01, 4.220008850098e-05, 3.8400e+02, 0.0000e+00, 
 2DIAGNOSTIC,    12, -6.151369810104e-01, 2.149492502213e-05, 3.8400e+02, 0.0000e+00, 
 2DIAGNOSTIC,    13, -6.151375770569e-01, 1.033395528793e-05, 3.8400e+02, 0.0000e+00, 
 2DIAGNOSTIC,    14, -6.151376962662e-01, 6.087124347687e-06, 3.8400e+02, 0.0000e+00, 
 2DIAGNOSTIC,    15, -6.151376962662e-01, 4.857778549194e-06, 3.8400e+02, 0.0000e+00, 
 2DIAGNOSTIC,    16, -6.151384115219e-01, 4.023313522339e-06, 3.8400e+02, 0.0000e+00, 
 2DIAGNOSTIC,    17, -6.151389479637e-01, 3.237277269363e-06, 5.1200e+02, 1.2800e+02, 
 2DIAGNOSTIC,    18, -6.151390671730e-01, 2.566725015640e-06, 5.1200e+02, 0.0000e+00, 
 2DIAGNOSTIC,    19, -6.151393651962e-01, 2.052634954453e-06, 5.1200e+02, 0.0000e+00, 
 2DIAGNOSTIC,    20, -6.151400208473e-01, 1.750886440277e-06, 5.1200e+02, 0.0000e+00, 
 2DIAGNOSTIC,    21, -6.151399612427e-01, 1.665204763412e-06, 5.1200e+02, 0.0000e+00, 
 2DIAGNOSTIC,    22, -6.151403188705e-01, 1.590698957443e-06, 5.1200e+02, 0.0000e+00, 
 2DIAGNOSTIC,    23, -6.151401996613e-01, 1.512467861176e-06, 5.1200e+02, 0.0000e+00, 
 2DIAGNOSTIC,    24, -6.151406764984e-01, 1.441687345505e-06, 5.1200e+02, 0.0000e+00, 
 2DIAGNOSTIC,    25, -6.151411533356e-01, 1.378357410431e-06, 6.4000e+02, 1.2800e+02, 
 2DIAGNOSTIC,    26, -6.151416301727e-01, 1.318752765656e-06, 6.4000e+02, 0.0000e+00, 
 2DIAGNOSTIC,    27, -6.151424646378e-01, 1.292675733566e-06, 6.4000e+02, 0.0000e+00, 
 2DIAGNOSTIC,    28, -6.151430606842e-01, 1.259148120880e-06, 6.4000e+02, 0.0000e+00, 
 2DIAGNOSTIC,    29, -6.151437759399e-01, 1.236796379089e-06, 6.4000e+02, 0.0000e+00, 
 2DIAGNOSTIC,    30, -6.151455044746e-01, 1.236796379089e-06, 6.4000e+02, 0.0000e+00, 
 2DIAGNOSTIC,    31, -6.151473522186e-01, 1.247972249985e-06, 6.4000e+02, 0.0000e+00, 
 2DIAGNOSTIC,    32, -6.151490807533e-01, 1.262873411179e-06, 6.4000e+02, 0.0000e+00, 
 2DIAGNOSTIC,    33, -6.151515245438e-01, 1.292675733566e-06, 6.4000e+02, 0.0000e+00, 
 2DIAGNOSTIC,    34, -6.151545047760e-01, 1.329928636551e-06, 7.6800e+02, 1.2800e+02, 
 2DIAGNOSTIC,    35, -6.151577234268e-01, 1.374632120132e-06, 7.6800e+02, 0.0000e+00, 
 2DIAGNOSTIC,    36, -6.151607632637e-01, 1.419335603714e-06, 7.6800e+02, 0.0000e+00, 
 2DIAGNOSTIC,    37, -6.151617169380e-01, 1.430511474609e-06, 7.6800e+02, 0.0000e+00, 
 2DIAGNOSTIC,    38, -6.151614189148e-01, 1.395121216774e-06, 7.6800e+02, 0.0000e+00, 
 2DIAGNOSTIC,    39, -6.151614189148e-01, 1.313164830208e-06, 7.6800e+02, 0.0000e+00, 
 2DIAGNOSTIC,    40, -6.151613593102e-01, 1.206994056702e-06, 7.6800e+02, 0.0000e+00, 
 2DIAGNOSTIC,    41, -6.151609420776e-01, 1.080334186554e-06, 7.6800e+02, 0.0000e+00, 
DIAGNOSTIC,Iteration,metricValue,convergenceValue,ITERATION_TIME_INDEX,SINCE_LAST
 2DIAGNOSTIC,     1, -5.521342754364e-01, 1.797693134862e+308, 8.9600e+02, 1.2800e+02, 
 2DIAGNOSTIC,     2, -5.522753000259e-01, 1.797693134862e+308, 1.0240e+03, 1.2800e+02, 
 2DIAGNOSTIC,     3, -5.524157285690e-01, 1.797693134862e+308, 1.1520e+03, 1.2800e+02, 
 2DIAGNOSTIC,     4, -5.525561571121e-01, 1.797693134862e+308, 1.2800e+03, 1.2800e+02, 
 2DIAGNOSTIC,     5, -5.525684952736e-01, 1.797693134862e+308, 1.4080e+03, 1.2800e+02, 
 2DIAGNOSTIC,     6, -5.525702834129e-01, 1.797693134862e+308, 1.5360e+03, 1.2800e+02, 
 2DIAGNOSTIC,     7, -5.525764226913e-01, 1.797693134862e+308, 1.6640e+03, 1.2800e+02, 
 2DIAGNOSTIC,     8, -5.525868535042e-01, 1.797693134862e+308, 1.7920e+03, 1.2800e+02, 
 2DIAGNOSTIC,     9, -5.526030063629e-01, 1.797693134862e+308, 1.9200e+03, 1.2800e+02, 
 2DIAGNOSTIC,    10, -5.526156425476e-01, 4.934519529343e-05, 1.9200e+03, 0.0000e+00, 
 2DIAGNOSTIC,    11, -5.526348948479e-01, 2.986937761307e-05, 2.1760e+03, 2.5600e+02, 
 2DIAGNOSTIC,    12, -5.526350140572e-01, 1.713633537292e-05, 2.3040e+03, 1.2800e+02, 
 2DIAGNOSTIC,    13, -5.526360869408e-01, 1.053512096405e-05, 2.4320e+03, 1.2800e+02, 
 2DIAGNOSTIC,    14, -5.526360273361e-01, 9.275972843170e-06, 2.4320e+03, 0.0000e+00, 
 2DIAGNOSTIC,    15, -5.526362657547e-01, 7.979571819305e-06, 2.5600e+03, 1.2800e+02, 
 2DIAGNOSTIC,    16, -5.526368021965e-01, 6.370246410370e-06, 2.6880e+03, 1.2800e+02, 
 2DIAGNOSTIC,    17, -5.526373982430e-01, 4.753470420837e-06, 2.8160e+03, 1.2800e+02, 
 2DIAGNOSTIC,    18, -5.526372194290e-01, 3.341585397720e-06, 2.9440e+03, 1.2800e+02, 
 2DIAGNOSTIC,    19, -5.526370406151e-01, 2.358108758926e-06, 3.0720e+03, 1.2800e+02, 
 2DIAGNOSTIC,    20, -5.526373982430e-01, 1.743435859680e-06, 3.2000e+03, 1.2800e+02, 
 2DIAGNOSTIC,    21, -5.526375174522e-01, 1.631677150726e-06, 3.3280e+03, 1.2800e+02, 
 2DIAGNOSTIC,    22, -5.526370406151e-01, 1.519918441772e-06, 3.4560e+03, 1.2800e+02, 
 2DIAGNOSTIC,    23, -5.526370406151e-01, 1.426786184311e-06, 3.5840e+03, 1.2800e+02, 
 2DIAGNOSTIC,    24, -5.526373386383e-01, 1.356005668640e-06, 3.7120e+03, 1.2800e+02, 
 2DIAGNOSTIC,    25, -5.526373982430e-01, 1.285225152969e-06, 3.8400e+03, 1.2800e+02, 
 2DIAGNOSTIC,    26, -5.526373982430e-01, 1.221895217896e-06, 3.9680e+03, 1.2800e+02, 
 2DIAGNOSTIC,    27, -5.526373386383e-01, 1.188367605209e-06, 4.0960e+03, 1.2800e+02, 
 2DIAGNOSTIC,    28, -5.526373982430e-01, 1.147389411926e-06, 4.2240e+03, 1.2800e+02, 
 2DIAGNOSTIC,    29, -5.526372790337e-01, 1.102685928345e-06, 4.3520e+03, 1.2800e+02, 
 2DIAGNOSTIC,    30, -5.526372194290e-01, 1.061707735062e-06, 4.4800e+03, 1.2800e+02, 
 2DIAGNOSTIC,    31, -5.526371598244e-01, 1.028180122375e-06, 4.6080e+03, 1.2800e+02, 
  Elapsed time (stage 0): 4.6080e+03


Total elapsed time: 4.6080e+03
-i /mnt/lustre/mathdugre/fast-interpolate/datasets/ds004513/derivatives/flint/ants/flint-vprec-single/sub-s034/ses-open/anat/1/1_Rigid.nii.gz -o /mnt/lustre/mathdugre/fast-interpolate/datasets/ds004513/derivatives/flint/ants/flint-vprec-single/sub-s034/ses-open/anat/11/1_transformed.nii.gz -t /mnt/lustre/mathdugre/fast-interpolate/datasets/ds004513/derivatives/flint/ants/flint-vprec-single/sub-s034/ses-open/anat/11/1_0GenericAffine.mat
