---------------------
Experiment information

SIF_IMG: /mnt/lustre/mathdugre/containers/ants-flint-base.simg
SIF_IMG_BASE: /mnt/lustre/mathdugre/containers/ants-flint-base.simg
EXPERIMENT_NAME: flint-vprec-single-five-levels
STAGE: rigid
SUBJECT_ID: s032
REPETITION_ID: 1

FIXED_IMG: /templateflow/tpl-MNI152NLin2009cAsym/tpl-MNI152NLin2009cAsym_res-01_desc-brain_T1w.nii.gz
INPUT_IMG: /mnt/lustre/mathdugre/fast-interpolate/datasets/ds004513/derivatives/fsl/fast/sub-s032/ses-open/anat/BrainExtractionBrain_seg.nii.gz

DATA_DIR: /mnt/lustre/mathdugre/fast-interpolate/datasets/ds004513
OUTPUT_DIR: /mnt/lustre/mathdugre/fast-interpolate/datasets/ds004513/derivatives/flint/ants/flint-vprec-single-five-levels/sub-s032/ses-open/anat
OUTPUT_PREFIX: 0
THREAD: 1
FLOAT: 0
VFC_BACKENDS: ieee
---------------------

--output [/mnt/lustre/mathdugre/fast-interpolate/datasets/ds004513/derivatives/flint/ants/flint-vprec-single-five-levels/sub-s032/ses-open/anat/0/1_,/mnt/lustre/mathdugre/fast-interpolate/datasets/ds004513/derivatives/flint/ants/flint-vprec-single-five-levels/sub-s032/ses-open/anat/0/1_Rigid.nii.gz,/mnt/lustre/mathdugre/fast-interpolate/datasets/ds004513/derivatives/flint/ants/flint-vprec-single-five-levels/sub-s032/ses-open/anat/0/1_InverseRigid.nii.gz] --initial-moving-transform [/templateflow/tpl-MNI152NLin2009cAsym/tpl-MNI152NLin2009cAsym_res-01_desc-brain_T1w.nii.gz,/mnt/lustre/mathdugre/fast-interpolate/datasets/ds004513/derivatives/fsl/fast/sub-s032/ses-open/anat/BrainExtractionBrain_seg.nii.gz,1] --transform Rigid[0.1] --metric MI[/templateflow/tpl-MNI152NLin2009cAsym/tpl-MNI152NLin2009cAsym_res-01_desc-brain_T1w.nii.gz,/mnt/lustre/mathdugre/fast-interpolate/datasets/ds004513/derivatives/fsl/fast/sub-s032/ses-open/anat/BrainExtractionBrain_seg.nii.gz,1,32,Regular,0.25] --convergence [1000x1000x500x250x100,1e-6,10] --shrink-factors 16x8x4x2x1 --smoothing-sigmas 4x3x2x1x0vox
All_Command_lines_OK
Using double precision for computations.
=============================================================================
The composite transform comprises the following transforms (in order): 
  1. Center of mass alignment using fixed image: /templateflow/tpl-MNI152NLin2009cAsym/tpl-MNI152NLin2009cAsym_res-01_desc-brain_T1w.nii.gz and moving image: /mnt/lustre/mathdugre/fast-interpolate/datasets/ds004513/derivatives/fsl/fast/sub-s032/ses-open/anat/BrainExtractionBrain_seg.nii.gz (type = Euler3DTransform)
=============================================================================
  number of levels = 5
  fixed image: /templateflow/tpl-MNI152NLin2009cAsym/tpl-MNI152NLin2009cAsym_res-01_desc-brain_T1w.nii.gz
  moving image: /mnt/lustre/mathdugre/fast-interpolate/datasets/ds004513/derivatives/fsl/fast/sub-s032/ses-open/anat/BrainExtractionBrain_seg.nii.gz
Dimension = 3
Number of stages = 1
Use histogram matching = false
Winsorize image intensities = true
  Lower quantile = 0.005
  Upper quantile = 0.995


Stage 1 State
   Image metric = MattesMI
     Fixed image = Image (0x559ba3cd0130)
  RTTI typeinfo:   itk::Image<double, 3u>
  Reference Count: 2
  Modified Time: 1622
  Debug: Off
  Object Name: 
  Observers: 
    none
  Source: (none)
  Source output name: (none)
  Release Data: Off
  Data Released: False
  Global Release Data: Off
  PipelineMTime: 0
  UpdateMTime: 1407
  RealTimeStamp: 0 seconds 
  LargestPossibleRegion: 
    Dimension: 3
    Index: [0, 0, 0]
    Size: [193, 229, 193]
  BufferedRegion: 
    Dimension: 3
    Index: [0, 0, 0]
    Size: [193, 229, 193]
  RequestedRegion: 
    Dimension: 3
    Index: [0, 0, 0]
    Size: [193, 229, 193]
  Spacing: [1, 1, 1]
  Origin: [96, 132, -78]
  Direction: 
-1 0 0
0 -1 0
0 0 1

  IndexToPointMatrix: 
-1 0 0
0 -1 0
0 0 1

  PointToIndexMatrix: 
-1 0 0
0 -1 0
0 0 1

  Inverse Direction: 
-1 0 0
0 -1 0
0 0 1

  PixelContainer: 
    ImportImageContainer (0x559ba3d3c2f0)
      RTTI typeinfo:   itk::ImportImageContainer<unsigned long, double>
      Reference Count: 1
      Modified Time: 1404
      Debug: Off
      Object Name: 
      Observers: 
        none
      Pointer: 0x7fbb6150d010
      Container manages memory: true
      Size: 8530021
      Capacity: 8530021

     Moving image = Image (0x559ba3cd0930)
  RTTI typeinfo:   itk::Image<double, 3u>
  Reference Count: 2
  Modified Time: 1623
  Debug: Off
  Object Name: 
  Observers: 
    none
  Source: (none)
  Source output name: (none)
  Release Data: Off
  Data Released: False
  Global Release Data: Off
  PipelineMTime: 0
  UpdateMTime: 1620
  RealTimeStamp: 0 seconds 
  LargestPossibleRegion: 
    Dimension: 3
    Index: [0, 0, 0]
    Size: [160, 240, 256]
  BufferedRegion: 
    Dimension: 3
    Index: [0, 0, 0]
    Size: [160, 240, 256]
  RequestedRegion: 
    Dimension: 3
    Index: [0, 0, 0]
    Size: [160, 240, 256]
  Spacing: [1, 1, 1]
  Origin: [73.279, 104.707, -131.187]
  Direction: 
-0.997527 0.0645574 -0.0278053
-0.0645323 -0.997914 -0.00179875
-0.0278634 4.01097e-08 0.999612

  IndexToPointMatrix: 
-0.997527 0.0645574 -0.0278053
-0.0645323 -0.997914 -0.00179875
-0.0278634 4.01097e-08 0.999612

  PointToIndexMatrix: 
-0.997527 -0.0645323 -0.0278634
0.0645574 -0.997914 4.01049e-08
-0.0278053 -0.00179875 0.999612

  Inverse Direction: 
-0.997527 -0.0645323 -0.0278634
0.0645574 -0.997914 4.01049e-08
-0.0278053 -0.00179875 0.999612

  PixelContainer: 
    ImportImageContainer (0x559ba3d04010)
      RTTI typeinfo:   itk::ImportImageContainer<unsigned long, double>
      Reference Count: 1
      Modified Time: 1617
      Debug: Off
      Object Name: 
      Observers: 
        none
      Pointer: 0x7fbb5ca0c010
      Container manages memory: true
      Size: 9830400
      Capacity: 9830400

     Weighting = 1
     Sampling strategy = regular
     Number of bins = 32
     Radius = 4
     Sampling percentage  = 0.25
   Transform = Rigid
     Gradient step = 0.1
     Update field sigma (voxel space) = 0
     Total field sigma (voxel space) = 0
     Update field time sigma = 0
     Total field time sigma  = 0
     Number of time indices = 0
     Number of time point samples = 0
Registration using 1 total stages.

Stage 0
  iterations = 1000x1000x500x250x100
  convergence threshold = 1e-06
  convergence window size = 10
  number of levels = 5
  using the Mattes MI metric (number of bins = 32, weight = 1, use gradient filter = 0)
  preprocessing:  winsorizing the image intensities
  Shrink factors (level 1 out of 5): [16, 16, 16]
  Shrink factors (level 2 out of 5): [8, 8, 8]
  Shrink factors (level 3 out of 5): [4, 4, 4]
  Shrink factors (level 4 out of 5): [2, 2, 2]
  Shrink factors (level 5 out of 5): [1, 1, 1]
  smoothing sigmas per level: [4, 3, 2, 1, 0]
  regular sampling (percentage = 0.25)

*** Running Euler3DTransform registration ***

DIAGNOSTIC,Iteration,metricValue,convergenceValue,ITERATION_TIME_INDEX,SINCE_LAST
 2DIAGNOSTIC,     1, -8.704539328827e-01, 1.797693134862e+308, 1.5465e+00, 1.5465e+00, 
 2DIAGNOSTIC,     2, -8.717748771714e-01, 1.797693134862e+308, 1.5476e+00, 1.1792e-03, 
 2DIAGNOSTIC,     3, -8.727126133140e-01, 1.797693134862e+308, 1.5486e+00, 9.9111e-04, 
 2DIAGNOSTIC,     4, -8.726179805117e-01, 1.797693134862e+308, 1.5496e+00, 9.9206e-04, 
 2DIAGNOSTIC,     5, -8.752889804262e-01, 1.797693134862e+308, 1.5506e+00, 9.8896e-04, 
 2DIAGNOSTIC,     6, -8.846369853519e-01, 1.797693134862e+308, 1.5516e+00, 9.9397e-04, 
 2DIAGNOSTIC,     7, -8.897420865620e-01, 1.797693134862e+308, 1.5527e+00, 1.0829e-03, 
 2DIAGNOSTIC,     8, -9.274784669106e-01, 1.797693134862e+308, 1.5543e+00, 1.6601e-03, 
 2DIAGNOSTIC,     9, -9.321818590690e-01, 1.797693134862e+308, 1.5553e+00, 9.8991e-04, 
 2DIAGNOSTIC,    10, -9.360380202286e-01, 5.295775418251e-03, 1.5578e+00, 2.4400e-03, 
 2DIAGNOSTIC,    11, -9.403252372704e-01, 5.498078596771e-03, 1.5591e+00, 1.3070e-03, 
 2DIAGNOSTIC,    12, -9.649303097598e-01, 5.836033756230e-03, 1.5608e+00, 1.7350e-03, 
 2DIAGNOSTIC,    13, -9.716172037615e-01, 5.749242824992e-03, 1.5621e+00, 1.2839e-03, 
 2DIAGNOSTIC,    14, -9.756706575580e-01, 5.243932375209e-03, 1.5632e+00, 1.1392e-03, 
 2DIAGNOSTIC,    15, -9.837012642312e-01, 4.566231088059e-03, 1.5644e+00, 1.1649e-03, 
 2DIAGNOSTIC,    16, -9.891558509377e-01, 3.848568715847e-03, 1.5657e+00, 1.3421e-03, 
 2DIAGNOSTIC,    17, -1.010392515161e+00, 3.313900045881e-03, 1.5670e+00, 1.2629e-03, 
 2DIAGNOSTIC,    18, -1.010605063345e+00, 3.170924309394e-03, 1.5682e+00, 1.1520e-03, 
 2DIAGNOSTIC,    19, -1.019561999580e+00, 2.977456927719e-03, 1.5696e+00, 1.4210e-03, 
 2DIAGNOSTIC,    20, -1.022529985139e+00, 2.635387721331e-03, 1.5707e+00, 1.1101e-03, 
 2DIAGNOSTIC,    21, -1.024236331123e+00, 2.159365002225e-03, 1.5721e+00, 1.3840e-03, 
 2DIAGNOSTIC,    22, -1.025282215894e+00, 1.875071749711e-03, 1.5733e+00, 1.2338e-03, 
 2DIAGNOSTIC,    23, -1.025778789743e+00, 1.535818732467e-03, 1.5744e+00, 1.0879e-03, 
 2DIAGNOSTIC,    24, -1.025993295305e+00, 1.137028848592e-03, 1.5755e+00, 1.0822e-03, 
 2DIAGNOSTIC,    25, -1.026778243851e+00, 7.710342569635e-04, 1.5770e+00, 1.5030e-03, 
 2DIAGNOSTIC,    26, -1.028298439828e+00, 4.364091330336e-04, 1.5786e+00, 1.6279e-03, 
 2DIAGNOSTIC,    27, -1.028409071276e+00, 3.216908507465e-04, 1.5797e+00, 1.0889e-03, 
 2DIAGNOSTIC,    28, -1.029185585250e+00, 1.940654044756e-04, 1.5808e+00, 1.0810e-03, 
 2DIAGNOSTIC,    29, -1.029813161331e+00, 1.541601286135e-04, 1.5819e+00, 1.0810e-03, 
 2DIAGNOSTIC,    30, -1.030045103996e+00, 1.333659811251e-04, 1.5829e+00, 1.0779e-03, 
 2DIAGNOSTIC,    31, -1.030142744616e+00, 1.181808813114e-04, 1.5840e+00, 1.0831e-03, 
 2DIAGNOSTIC,    32, -1.030315000684e+00, 1.040446935354e-04, 1.5854e+00, 1.3402e-03, 
 2DIAGNOSTIC,    33, -1.030365963848e+00, 8.600477479386e-05, 1.5864e+00, 1.0788e-03, 
 2DIAGNOSTIC,    34, -1.030467925320e+00, 6.361203025784e-05, 1.5877e+00, 1.2131e-03, 
 2DIAGNOSTIC,    35, -1.029413389528e+00, 3.409307051605e-05, 1.5893e+00, 1.6248e-03, 
 2DIAGNOSTIC,    36, -1.029524382695e+00, 1.665895072182e-05, 1.5904e+00, 1.0850e-03, 
 2DIAGNOSTIC,    37, -1.029900423402e+00, 2.304432411365e-06, 1.5914e+00, 1.0829e-03, 
DIAGNOSTIC,Iteration,metricValue,convergenceValue,ITERATION_TIME_INDEX,SINCE_LAST
 2DIAGNOSTIC,     1, -6.360476160613e-01, 1.797693134862e+308, 3.1345e+00, 1.5431e+00, 
 2DIAGNOSTIC,     2, -6.386745952485e-01, 1.797693134862e+308, 3.1436e+00, 9.0852e-03, 
 2DIAGNOSTIC,     3, -6.424076588374e-01, 1.797693134862e+308, 3.1526e+00, 9.0201e-03, 
 2DIAGNOSTIC,     4, -6.487146983644e-01, 1.797693134862e+308, 3.1619e+00, 9.2518e-03, 
 2DIAGNOSTIC,     5, -6.547867252012e-01, 1.797693134862e+308, 3.1712e+00, 9.2790e-03, 
 2DIAGNOSTIC,     6, -6.573187867285e-01, 1.797693134862e+308, 3.1817e+00, 1.0579e-02, 
 2DIAGNOSTIC,     7, -6.605994260198e-01, 1.797693134862e+308, 3.1922e+00, 1.0479e-02, 
 2DIAGNOSTIC,     8, -6.609068175731e-01, 1.797693134862e+308, 3.2028e+00, 1.0539e-02, 
 2DIAGNOSTIC,     9, -6.612118082769e-01, 1.797693134862e+308, 3.2128e+00, 1.0000e-02, 
 2DIAGNOSTIC,    10, -6.628512091281e-01, 2.854535296539e-03, 3.2241e+00, 1.1368e-02, 
 2DIAGNOSTIC,    11, -6.645189149176e-01, 2.212262081055e-03, 3.2385e+00, 1.4387e-02, 
 2DIAGNOSTIC,    12, -6.648536193817e-01, 1.587241666145e-03, 3.2484e+00, 9.8720e-03, 
 2DIAGNOSTIC,    13, -6.649301953274e-01, 1.042409060241e-03, 3.2581e+00, 9.7189e-03, 
 2DIAGNOSTIC,    14, -6.650652652095e-01, 6.792242937288e-04, 3.2689e+00, 1.0843e-02, 
 2DIAGNOSTIC,    15, -6.652061663839e-01, 4.809000363200e-04, 3.2797e+00, 1.0770e-02, 
 2DIAGNOSTIC,    16, -6.652143159137e-01, 3.291758270520e-04, 3.2895e+00, 9.7871e-03, 
 2DIAGNOSTIC,    17, -6.653660025666e-01, 2.530064527663e-04, 3.2993e+00, 9.8169e-03, 
 2DIAGNOSTIC,    18, -6.658784085186e-01, 1.826728660262e-04, 3.3103e+00, 1.1029e-02, 
 2DIAGNOSTIC,    19, -6.663107470423e-01, 1.189748069205e-04, 3.3249e+00, 1.4576e-02, 
 2DIAGNOSTIC,    20, -6.665211339858e-01, 8.966133038288e-05, 3.3360e+00, 1.1097e-02, 
 2DIAGNOSTIC,    21, -6.667147384840e-01, 9.317929443625e-05, 3.3469e+00, 1.0878e-02, 
 2DIAGNOSTIC,    22, -6.667850038964e-01, 9.577715242946e-05, 3.3578e+00, 1.0882e-02, 
 2DIAGNOSTIC,    23, -6.667571455887e-01, 9.006799170556e-05, 3.3675e+00, 9.6800e-03, 
 2DIAGNOSTIC,    24, -6.668502490518e-01, 8.050347514780e-05, 3.3772e+00, 9.7680e-03, 
 2DIAGNOSTIC,    25, -6.670728614815e-01, 7.057462617400e-05, 3.3882e+00, 1.0985e-02, 
 2DIAGNOSTIC,    26, -6.679542246909e-01, 6.959588692424e-05, 3.3997e+00, 1.1498e-02, 
 2DIAGNOSTIC,    27, -6.707203472168e-01, 1.082400636418e-04, 3.4110e+00, 1.1279e-02, 
 2DIAGNOSTIC,    28, -6.721470720796e-01, 1.626363292239e-04, 3.4244e+00, 1.3395e-02, 
 2DIAGNOSTIC,    29, -6.723013718452e-01, 2.066948010946e-04, 3.4343e+00, 9.9390e-03, 
 2DIAGNOSTIC,    30, -6.726232513646e-01, 2.366008042626e-04, 3.4467e+00, 1.2337e-02, 
 2DIAGNOSTIC,    31, -6.725800855057e-01, 2.441939260493e-04, 3.4577e+00, 1.1045e-02, 
 2DIAGNOSTIC,    32, -6.724312921469e-01, 2.266603048439e-04, 3.4675e+00, 9.8231e-03, 
 2DIAGNOSTIC,    33, -6.723826377728e-01, 1.876653685736e-04, 3.4773e+00, 9.7940e-03, 
 2DIAGNOSTIC,    34, -6.723538209481e-01, 1.345810764831e-04, 3.4884e+00, 1.1054e-02, 
 2DIAGNOSTIC,    35, -6.725365661242e-01, 7.712082844794e-05, 3.4983e+00, 9.8810e-03, 
 2DIAGNOSTIC,    36, -6.724647701027e-01, 2.449305066666e-05, 3.5080e+00, 9.7861e-03, 
 2DIAGNOSTIC,    37, -6.726940495051e-01, 6.828601659740e-06, 3.5180e+00, 9.9049e-03, 
 2DIAGNOSTIC,    38, -6.747451062353e-01, 2.863696059294e-05, 3.5314e+00, 1.3453e-02, 
 2DIAGNOSTIC,    39, -6.752011251952e-01, 5.259323500319e-05, 3.5426e+00, 1.1155e-02, 
 2DIAGNOSTIC,    40, -6.754571728546e-01, 7.669366660390e-05, 3.5548e+00, 1.2223e-02, 
 2DIAGNOSTIC,    41, -6.755323603828e-01, 9.305394627790e-05, 3.5646e+00, 9.8250e-03, 
 2DIAGNOSTIC,    42, -6.755052728758e-01, 9.803909140505e-05, 3.5757e+00, 1.1071e-02, 
 2DIAGNOSTIC,    43, -6.754135318966e-01, 9.181296966595e-05, 3.5866e+00, 1.0887e-02, 
 2DIAGNOSTIC,    44, -6.754199551335e-01, 7.680711633175e-05, 3.6172e+00, 3.0626e-02, 
 2DIAGNOSTIC,    45, -6.754199550899e-01, 5.722312786839e-05, 3.6474e+00, 3.0239e-02, 
 2DIAGNOSTIC,    46, -6.754199550899e-01, 3.263552506639e-05, 3.6580e+00, 1.0591e-02, 
 2DIAGNOSTIC,    47, -6.754199550899e-01, 7.691563122199e-06, 3.6686e+00, 1.0545e-02, 
 2DIAGNOSTIC,    48, -6.754199550899e-01, 1.280752111841e-06, 3.6791e+00, 1.0487e-02, 
DIAGNOSTIC,Iteration,metricValue,convergenceValue,ITERATION_TIME_INDEX,SINCE_LAST
 2DIAGNOSTIC,     1, -5.401929545065e-01, 1.797693134862e+308, 5.3270e+00, 1.6480e+00, 
 2DIAGNOSTIC,     2, -5.408828286111e-01, 1.797693134862e+308, 5.4235e+00, 9.6443e-02, 
 2DIAGNOSTIC,     3, -5.417873538187e-01, 1.797693134862e+308, 5.5202e+00, 9.6774e-02, 
 2DIAGNOSTIC,     4, -5.431448200295e-01, 1.797693134862e+308, 5.6162e+00, 9.5939e-02, 
 2DIAGNOSTIC,     5, -5.450915715673e-01, 1.797693134862e+308, 5.7122e+00, 9.6053e-02, 
 2DIAGNOSTIC,     6, -5.470863026808e-01, 1.797693134862e+308, 5.8086e+00, 9.6342e-02, 
 2DIAGNOSTIC,     7, -5.476188350473e-01, 1.797693134862e+308, 5.9339e+00, 1.2538e-01, 
 2DIAGNOSTIC,     8, -5.478844525798e-01, 1.797693134862e+308, 6.0318e+00, 9.7905e-02, 
 2DIAGNOSTIC,     9, -5.481983226512e-01, 1.797693134862e+308, 6.1430e+00, 1.1119e-01, 
 2DIAGNOSTIC,    10, -5.486373514275e-01, 1.126063904400e-03, 6.2398e+00, 9.6793e-02, 
 2DIAGNOSTIC,    11, -5.498824532813e-01, 9.465873928999e-04, 6.3367e+00, 9.6843e-02, 
 2DIAGNOSTIC,    12, -5.652236724364e-01, 1.404053377882e-03, 6.4765e+00, 1.3981e-01, 
 2DIAGNOSTIC,    13, -5.756895737580e-01, 2.096650901588e-03, 6.5729e+00, 9.6399e-02, 
 2DIAGNOSTIC,    14, -5.778863385243e-01, 2.621890868354e-03, 6.6832e+00, 1.1029e-01, 
 2DIAGNOSTIC,    15, -5.790577668014e-01, 2.950658501814e-03, 6.7933e+00, 1.1017e-01, 
 2DIAGNOSTIC,    16, -5.793089283644e-01, 3.041198490738e-03, 6.9030e+00, 1.0972e-01, 
 2DIAGNOSTIC,    17, -5.796827071185e-01, 2.860990476126e-03, 7.0127e+00, 1.0968e-01, 
 2DIAGNOSTIC,    18, -5.800802032715e-01, 2.450699367013e-03, 7.1234e+00, 1.1065e-01, 
 2DIAGNOSTIC,    19, -5.802838817778e-01, 1.877134674399e-03, 7.2337e+00, 1.1029e-01, 
 2DIAGNOSTIC,    20, -5.803292392602e-01, 1.208882626884e-03, 7.3437e+00, 1.0999e-01, 
 2DIAGNOSTIC,    21, -5.804116122926e-01, 5.194767489338e-04, 7.5084e+00, 1.6478e-01, 
 2DIAGNOSTIC,    22, -5.804070544379e-01, 1.932158603376e-04, 7.6174e+00, 1.0896e-01, 
 2DIAGNOSTIC,    23, -5.803934661102e-01, 1.067614317138e-04, 7.7115e+00, 9.4134e-02, 
 2DIAGNOSTIC,    24, -5.803899726397e-01, 6.338988455871e-05, 7.8054e+00, 9.3913e-02, 
 2DIAGNOSTIC,    25, -5.803803842663e-01, 4.122723731851e-05, 7.9159e+00, 1.1045e-01, 
 2DIAGNOSTIC,    26, -5.803848611805e-01, 2.193582171553e-05, 8.0263e+00, 1.1039e-01, 
 2DIAGNOSTIC,    27, -5.803878756768e-01, 9.021538109368e-06, 8.1358e+00, 1.0956e-01, 
 2DIAGNOSTIC,    28, -5.803896576912e-01, 3.411420852882e-06, 8.2459e+00, 1.1006e-01, 
 2DIAGNOSTIC,    29, -5.803744108522e-01, 1.244111206021e-06, 8.3417e+00, 9.5748e-02, 
DIAGNOSTIC,Iteration,metricValue,convergenceValue,ITERATION_TIME_INDEX,SINCE_LAST
 2DIAGNOSTIC,     1, -5.131840713862e-01, 1.797693134862e+308, 1.0657e+01, 2.3151e+00, 
 2DIAGNOSTIC,     2, -5.133579846799e-01, 1.797693134862e+308, 1.1282e+01, 6.2557e-01, 
 2DIAGNOSTIC,     3, -5.134929402276e-01, 1.797693134862e+308, 1.1911e+01, 6.2868e-01, 
 2DIAGNOSTIC,     4, -5.136619133291e-01, 1.797693134862e+308, 1.2539e+01, 6.2768e-01, 
 2DIAGNOSTIC,     5, -5.138166495189e-01, 1.797693134862e+308, 1.3353e+01, 8.1463e-01, 
 2DIAGNOSTIC,     6, -5.139438392500e-01, 1.797693134862e+308, 1.4078e+01, 7.2502e-01, 
 2DIAGNOSTIC,     7, -5.140770525040e-01, 1.797693134862e+308, 1.4721e+01, 6.4232e-01, 
 2DIAGNOSTIC,     8, -5.142454313581e-01, 1.797693134862e+308, 1.5358e+01, 6.3731e-01, 
 2DIAGNOSTIC,     9, -5.144048548688e-01, 1.797693134862e+308, 1.6275e+01, 9.1734e-01, 
 2DIAGNOSTIC,    10, -5.144477623642e-01, 1.647593510694e-04, 1.7185e+01, 9.1010e-01, 
 2DIAGNOSTIC,    11, -5.145038980386e-01, 1.398344478983e-04, 1.7814e+01, 6.2834e-01, 
 2DIAGNOSTIC,    12, -5.146639351910e-01, 1.221224721075e-04, 1.8443e+01, 6.2897e-01, 
 2DIAGNOSTIC,    13, -5.147689937227e-01, 1.062167258373e-04, 1.9162e+01, 7.1930e-01, 
 2DIAGNOSTIC,    14, -5.147799335056e-01, 9.009363217108e-05, 2.0162e+01, 9.9978e-01, 
 2DIAGNOSTIC,    15, -5.147838987879e-01, 7.405544939393e-05, 2.1080e+01, 9.1842e-01, 
 2DIAGNOSTIC,    16, -5.147842895913e-01, 5.786469300330e-05, 2.1809e+01, 7.2855e-01, 
 2DIAGNOSTIC,    17, -5.147830892292e-01, 4.255709040781e-05, 2.2532e+01, 7.2351e-01, 
 2DIAGNOSTIC,    18, -5.147816937793e-01, 3.015361517928e-05, 2.3256e+01, 7.2329e-01, 
 2DIAGNOSTIC,    19, -5.147801700375e-01, 2.106306771069e-05, 2.3885e+01, 6.2919e-01, 
 2DIAGNOSTIC,    20, -5.147796225961e-01, 1.230475761620e-05, 2.4510e+01, 6.2490e-01, 
 2DIAGNOSTIC,    21, -5.147792497725e-01, 4.766846811659e-06, 2.5316e+01, 8.0637e-01, 
 2DIAGNOSTIC,    22, -5.147803277041e-01, 1.587288696113e-06, 2.6143e+01, 8.2710e-01, 
 2DIAGNOSTIC,    23, -5.147795583179e-01, 1.170257871788e-06, 2.6777e+01, 6.3429e-01, 
 2DIAGNOSTIC,    24, -5.147788507378e-01, 1.042088275977e-06, 2.7410e+01, 6.3258e-01, 
 2DIAGNOSTIC,    25, -5.147799583459e-01, 1.062914054356e-06, 2.8130e+01, 7.2048e-01, 
 2DIAGNOSTIC,    26, -5.147785651450e-01, 1.079444426018e-06, 2.8844e+01, 7.1398e-01, 
 2DIAGNOSTIC,    27, -5.147787592273e-01, 1.088633937683e-06, 2.9461e+01, 6.1699e-01, 
 2DIAGNOSTIC,    28, -5.147782300409e-01, 1.068467387740e-06, 3.0168e+01, 7.0659e-01, 
 2DIAGNOSTIC,    29, -5.147796588522e-01, 1.054989592339e-06, 3.0878e+01, 7.0949e-01, 
 2DIAGNOSTIC,    30, -5.147791510677e-01, 1.026203404378e-06, 3.1589e+01, 7.1120e-01, 
DIAGNOSTIC,Iteration,metricValue,convergenceValue,ITERATION_TIME_INDEX,SINCE_LAST
 2DIAGNOSTIC,     1, -4.713287172025e-01, 1.797693134862e+308, 3.6620e+01, 5.0311e+00, 
 2DIAGNOSTIC,     2, -4.715486401885e-01, 1.797693134862e+308, 4.1095e+01, 4.4751e+00, 
 2DIAGNOSTIC,     3, -4.715896785332e-01, 1.797693134862e+308, 4.8271e+01, 7.1762e+00, 
 2DIAGNOSTIC,     4, -4.715889813362e-01, 1.797693134862e+308, 5.2742e+01, 4.4711e+00, 
 2DIAGNOSTIC,     5, -4.715889369125e-01, 1.797693134862e+308, 5.9372e+01, 6.6296e+00, 
 2DIAGNOSTIC,     6, -4.715889473291e-01, 1.797693134862e+308, 6.4379e+01, 5.0071e+00, 
 2DIAGNOSTIC,     7, -4.715889108501e-01, 1.797693134862e+308, 6.8845e+01, 4.4657e+00, 
 2DIAGNOSTIC,     8, -4.715887817310e-01, 1.797693134862e+308, 7.3312e+01, 4.4673e+00, 
 2DIAGNOSTIC,     9, -4.715887436738e-01, 1.797693134862e+308, 7.7237e+01, 3.9253e+00, 
 2DIAGNOSTIC,    10, -4.715886488394e-01, 2.091885174010e-05, 8.1178e+01, 3.9404e+00, 
 2DIAGNOSTIC,    11, -4.715887066261e-01, 5.024532244560e-06, 8.5665e+01, 4.4876e+00, 
 2DIAGNOSTIC,    12, -4.715885597965e-01, 2.566720155875e-06, 9.0144e+01, 4.4785e+00, 
 2DIAGNOSTIC,    13, -4.715886422987e-01, 2.402248342456e-06, 9.4621e+01, 4.4772e+00, 
 2DIAGNOSTIC,    14, -4.715885119780e-01, 2.229678983556e-06, 9.8560e+01, 3.9391e+00, 
 2DIAGNOSTIC,    15, -4.715884192272e-01, 2.078534407979e-06, 1.0304e+02, 4.4845e+00, 
 2DIAGNOSTIC,    16, -4.715884575549e-01, 1.952037319175e-06, 1.0807e+02, 5.0226e+00, 
 2DIAGNOSTIC,    17, -4.715886061230e-01, 1.847700811908e-06, 1.1200e+02, 3.9289e+00, 
 2DIAGNOSTIC,    18, -4.715884233253e-01, 1.746529582035e-06, 1.1646e+02, 4.4621e+00, 
 2DIAGNOSTIC,    19, -4.715886490500e-01, 1.664229404980e-06, 1.2093e+02, 4.4702e+00, 
 2DIAGNOSTIC,    20, -4.715883631441e-01, 1.579425779004e-06, 1.2593e+02, 5.0051e+00, 
 2DIAGNOSTIC,    21, -4.715882158475e-01, 1.501457138765e-06, 1.3040e+02, 4.4638e+00, 
 2DIAGNOSTIC,    22, -4.715881484350e-01, 1.425872660457e-06, 1.3433e+02, 3.9307e+00, 
 2DIAGNOSTIC,    23, -4.715880989090e-01, 1.359613986084e-06, 1.3880e+02, 4.4705e+00, 
 2DIAGNOSTIC,    24, -4.715879652609e-01, 1.294490741259e-06, 1.4327e+02, 4.4680e+00, 
 2DIAGNOSTIC,    25, -4.715879058228e-01, 1.233920793431e-06, 1.4720e+02, 3.9306e+00, 
 2DIAGNOSTIC,    26, -4.715878678438e-01, 1.181647242873e-06, 1.5112e+02, 3.9254e+00, 
 2DIAGNOSTIC,    27, -4.715879569221e-01, 1.142566633375e-06, 1.5558e+02, 4.4601e+00, 
 2DIAGNOSTIC,    28, -4.715881396857e-01, 1.109318436776e-06, 1.6005e+02, 4.4650e+00, 
 2DIAGNOSTIC,    29, -4.715881359107e-01, 1.085571345420e-06, 1.6452e+02, 4.4697e+00, 
 2DIAGNOSTIC,    30, -4.715881073946e-01, 1.058324682543e-06, 1.6901e+02, 4.4897e+00, 
 2DIAGNOSTIC,    31, -4.715879980427e-01, 1.028105126345e-06, 1.7323e+02, 4.2262e+00, 
  Elapsed time (stage 0): 1.7548e+02


Total elapsed time: 1.7548e+02
-i /mnt/lustre/mathdugre/fast-interpolate/datasets/ds004513/derivatives/fsl/fast/sub-s032/ses-open/anat/BrainExtractionBrain_seg.nii.gz -o /mnt/lustre/mathdugre/fast-interpolate/datasets/ds004513/derivatives/flint/ants/flint-vprec-single-five-levels/sub-s032/ses-open/anat/0/1_transformed.nii.gz -t /mnt/lustre/mathdugre/fast-interpolate/datasets/ds004513/derivatives/flint/ants/flint-vprec-single-five-levels/sub-s032/ses-open/anat/0/1_0GenericAffine.mat
