---------------------
Experiment information

SIF_IMG: /mnt/lustre/mathdugre/containers/ants-flint-vprec.simg
SIF_IMG_BASE: /mnt/lustre/mathdugre/containers/ants-flint-base.simg
EXPERIMENT_NAME: flint-vprec-single-five-levels
STAGE: syn
SUBJECT_ID: s003
REPETITION_ID: 1

FIXED_IMG: /templateflow/tpl-MNI152NLin2009cAsym/tpl-MNI152NLin2009cAsym_res-01_desc-brain_T1w.nii.gz
INPUT_IMG: /mnt/lustre/mathdugre/fast-interpolate/datasets/ds004513/derivatives/flint/ants/flint-vprec-single-five-levels/sub-s003/ses-open/anat/01/1_Affine.nii.gz

DATA_DIR: /mnt/lustre/mathdugre/fast-interpolate/datasets/ds004513
OUTPUT_DIR: /mnt/lustre/mathdugre/fast-interpolate/datasets/ds004513/derivatives/flint/ants/flint-vprec-single-five-levels/sub-s003/ses-open/anat
OUTPUT_PREFIX: 011
THREAD: 1
FLOAT: 0
VFC_BACKENDS: libinterflop_vprec.so --precision-binary32=23 --range-binary32=8 --precision-binary64=23 --range-binary64=8
---------------------

--output [/mnt/lustre/mathdugre/fast-interpolate/datasets/ds004513/derivatives/flint/ants/flint-vprec-single-five-levels/sub-s003/ses-open/anat/011/1_,/mnt/lustre/mathdugre/fast-interpolate/datasets/ds004513/derivatives/flint/ants/flint-vprec-single-five-levels/sub-s003/ses-open/anat/011/1_Warped.nii.gz,/mnt/lustre/mathdugre/fast-interpolate/datasets/ds004513/derivatives/flint/ants/flint-vprec-single-five-levels/sub-s003/ses-open/anat/011/1_InverseSyN.nii.gz] --initial-moving-transform [/templateflow/tpl-MNI152NLin2009cAsym/tpl-MNI152NLin2009cAsym_res-01_desc-brain_T1w.nii.gz,/mnt/lustre/mathdugre/fast-interpolate/datasets/ds004513/derivatives/flint/ants/flint-vprec-single-five-levels/sub-s003/ses-open/anat/01/1_Affine.nii.gz,1] --transform SyN[ 0.1,3,0 ] --metric CC[/templateflow/tpl-MNI152NLin2009cAsym/tpl-MNI152NLin2009cAsym_res-01_desc-brain_T1w.nii.gz,/mnt/lustre/mathdugre/fast-interpolate/datasets/ds004513/derivatives/flint/ants/flint-vprec-single-five-levels/sub-s003/ses-open/anat/01/1_Affine.nii.gz,1,4] --convergence [100x100x70x50x20,1e-6,10] --shrink-factors 16x8x4x2x1 --smoothing-sigmas 4x3x2x1x0vox
All_Command_lines_OK
Using double precision for computations.
=============================================================================
The composite transform comprises the following transforms (in order): 
  1. Center of mass alignment using fixed image: /templateflow/tpl-MNI152NLin2009cAsym/tpl-MNI152NLin2009cAsym_res-01_desc-brain_T1w.nii.gz and moving image: /mnt/lustre/mathdugre/fast-interpolate/datasets/ds004513/derivatives/flint/ants/flint-vprec-single-five-levels/sub-s003/ses-open/anat/01/1_Affine.nii.gz (type = Euler3DTransform)
=============================================================================
  number of levels = 5
  fixed image: /templateflow/tpl-MNI152NLin2009cAsym/tpl-MNI152NLin2009cAsym_res-01_desc-brain_T1w.nii.gz
  moving image: /mnt/lustre/mathdugre/fast-interpolate/datasets/ds004513/derivatives/flint/ants/flint-vprec-single-five-levels/sub-s003/ses-open/anat/01/1_Affine.nii.gz
Dimension = 3
Number of stages = 1
Use histogram matching = false
Winsorize image intensities = true
  Lower quantile = 0.005
  Upper quantile = 0.995


Stage 1 State
   Image metric = CC
     Fixed image = Image (0x4990f00)
  RTTI typeinfo:   itk::Image<double, 3u>
  Reference Count: 2
  Modified Time: 1622
  Debug: Off
  Object Name: 
  Observers: 
    none
  Source: (none)
  Source output name: (none)
  Release Data: Off
  Data Released: False
  Global Release Data: Off
  PipelineMTime: 0
  UpdateMTime: 1407
  RealTimeStamp: 0 seconds 
  LargestPossibleRegion: 
    Dimension: 3
    Index: [0, 0, 0]
    Size: [193, 229, 193]
  BufferedRegion: 
    Dimension: 3
    Index: [0, 0, 0]
    Size: [193, 229, 193]
  RequestedRegion: 
    Dimension: 3
    Index: [0, 0, 0]
    Size: [193, 229, 193]
  Spacing: [1, 1, 1]
  Origin: [96, 132, -78]
  Direction: 
-1 0 0
0 -1 0
0 0 1

  IndexToPointMatrix: 
-1 0 0
0 -1 0
0 0 1

  PointToIndexMatrix: 
-1 0 0
0 -1 0
0 0 1

  Inverse Direction: 
-1 0 0
0 -1 0
0 0 1

  PixelContainer: 
    ImportImageContainer (0x4a7d1d0)
      RTTI typeinfo:   itk::ImportImageContainer<unsigned long, double>
      Reference Count: 1
      Modified Time: 1404
      Debug: Off
      Object Name: 
      Observers: 
        none
      Pointer: 0x7fea3f23d010
      Container manages memory: true
      Size: 8530021
      Capacity: 8530021

     Moving image = Image (0x4997ff0)
  RTTI typeinfo:   itk::Image<double, 3u>
  Reference Count: 2
  Modified Time: 1623
  Debug: Off
  Object Name: 
  Observers: 
    none
  Source: (none)
  Source output name: (none)
  Release Data: Off
  Data Released: False
  Global Release Data: Off
  PipelineMTime: 0
  UpdateMTime: 1620
  RealTimeStamp: 0 seconds 
  LargestPossibleRegion: 
    Dimension: 3
    Index: [0, 0, 0]
    Size: [193, 229, 193]
  BufferedRegion: 
    Dimension: 3
    Index: [0, 0, 0]
    Size: [193, 229, 193]
  RequestedRegion: 
    Dimension: 3
    Index: [0, 0, 0]
    Size: [193, 229, 193]
  Spacing: [1, 1, 1]
  Origin: [96, 132, -78]
  Direction: 
-1 0 0
0 -1 0
0 0 1

  IndexToPointMatrix: 
-1 0 0
0 -1 0
0 0 1

  PointToIndexMatrix: 
-1 0 0
0 -1 0
0 0 1

  Inverse Direction: 
-1 0 0
0 -1 0
0 0 1

  PixelContainer: 
    ImportImageContainer (0x4a1e940)
      RTTI typeinfo:   itk::ImportImageContainer<unsigned long, double>
      Reference Count: 1
      Modified Time: 1617
      Debug: Off
      Object Name: 
      Observers: 
        none
      Pointer: 0x7fea3b128010
      Container manages memory: true
      Size: 8530021
      Capacity: 8530021

     Weighting = 1
     Sampling strategy = none
     Number of bins = 32
     Radius = 4
     Sampling percentage  = 1
   Transform = SyN
     Gradient step = 0.1
     Update field sigma (voxel space) = 3
     Total field sigma (voxel space) = 0
     Update field time sigma = 0
     Total field time sigma  = 0
     Number of time indices = 0
     Number of time point samples = 0
Registration using 1 total stages.

Stage 0
  iterations = 100x100x70x50x20
  convergence threshold = 1e-06
  convergence window size = 10
  number of levels = 5
  using the CC metric (radius = 4, weight = 1, use gradient filter = 0)
  preprocessing:  winsorizing the image intensities
  Shrink factors (level 1 out of 5): [16, 16, 16]
  Shrink factors (level 2 out of 5): [8, 8, 8]
  Shrink factors (level 3 out of 5): [4, 4, 4]
  Shrink factors (level 4 out of 5): [2, 2, 2]
  Shrink factors (level 5 out of 5): [1, 1, 1]
  smoothing sigmas per level: [4, 3, 2, 1, 0]
  Using default NONE metricSamplingStrategy 

*** Running SyN registration (varianceForUpdateField = 3, varianceForTotalField = 0) ***

XXDIAGNOSTIC,Iteration,metricValue,convergenceValue,ITERATION_TIME_INDEX,SINCE_LAST
 1DIAGNOSTIC,     1, -8.984817862511e-01, 1.797693134862e+308, 0.0000e+00, 0.0000e+00, 
 1DIAGNOSTIC,     2, -9.142617583275e-01, 1.797693134862e+308, 0.0000e+00, 0.0000e+00, 
 1DIAGNOSTIC,     3, -9.250947833061e-01, 1.797693134862e+308, 0.0000e+00, 0.0000e+00, 
 1DIAGNOSTIC,     4, -9.322714805603e-01, 1.797693134862e+308, 0.0000e+00, 0.0000e+00, 
 1DIAGNOSTIC,     5, -9.357211589813e-01, 1.797693134862e+308, 0.0000e+00, 0.0000e+00, 
 1DIAGNOSTIC,     6, -9.377226829529e-01, 1.797693134862e+308, 0.0000e+00, 0.0000e+00, 
 1DIAGNOSTIC,     7, -9.388652443886e-01, 1.797693134862e+308, 0.0000e+00, 0.0000e+00, 
 1DIAGNOSTIC,     8, -9.395310282707e-01, 1.797693134862e+308, 0.0000e+00, 0.0000e+00, 
 1DIAGNOSTIC,     9, -9.399590492249e-01, 1.797693134862e+308, 0.0000e+00, 0.0000e+00, 
 1DIAGNOSTIC,    10, -9.402945637703e-01, 2.380415797234e-03, 0.0000e+00, 0.0000e+00, 
 1DIAGNOSTIC,    11, -9.405743479729e-01, 1.305811107159e-03, 0.0000e+00, 0.0000e+00, 
 1DIAGNOSTIC,    12, -9.408302903175e-01, 6.978288292885e-04, 0.0000e+00, 0.0000e+00, 
 1DIAGNOSTIC,    13, -9.410593509674e-01, 3.773123025894e-04, 0.0000e+00, 0.0000e+00, 
 1DIAGNOSTIC,    14, -9.412527084351e-01, 2.278238534927e-04, 0.0000e+00, 0.0000e+00, 
 1DIAGNOSTIC,    15, -9.414261579514e-01, 1.505687832832e-04, 0.0000e+00, 0.0000e+00, 
 1DIAGNOSTIC,    16, -9.415822029114e-01, 1.099854707718e-04, 0.0000e+00, 0.0000e+00, 
 1DIAGNOSTIC,    17, -9.417399764061e-01, 8.729845285416e-05, 0.0000e+00, 0.0000e+00, 
 1DIAGNOSTIC,    18, -9.418913722038e-01, 7.291138172150e-05, 0.0000e+00, 0.0000e+00, 
 1DIAGNOSTIC,    19, -9.420367479324e-01, 6.251409649849e-05, 1.2800e+02, 1.2800e+02, 
 1DIAGNOSTIC,    20, -9.421689510345e-01, 5.453079938889e-05, 1.2800e+02, 0.0000e+00, 
 1DIAGNOSTIC,    21, -9.422876834869e-01, 4.807859659195e-05, 1.2800e+02, 0.0000e+00, 
 1DIAGNOSTIC,    22, -9.423973560333e-01, 4.285946488380e-05, 1.2800e+02, 0.0000e+00, 
 1DIAGNOSTIC,    23, -9.424967169762e-01, 3.848597407341e-05, 1.2800e+02, 0.0000e+00, 
 1DIAGNOSTIC,    24, -9.425916075706e-01, 3.460794687271e-05, 1.2800e+02, 0.0000e+00, 
 1DIAGNOSTIC,    25, -9.426748752594e-01, 3.099814057350e-05, 1.2800e+02, 0.0000e+00, 
 1DIAGNOSTIC,    26, -9.427536725998e-01, 2.756342291832e-05, 1.2800e+02, 0.0000e+00, 
 1DIAGNOSTIC,    27, -9.428231716156e-01, 2.444535493851e-05, 1.2800e+02, 0.0000e+00, 
 1DIAGNOSTIC,    28, -9.428886175156e-01, 2.166628837585e-05, 1.2800e+02, 0.0000e+00, 
 1DIAGNOSTIC,    29, -9.429498910904e-01, 1.927092671394e-05, 1.2800e+02, 0.0000e+00, 
 1DIAGNOSTIC,    30, -9.430073499680e-01, 1.720711588860e-05, 1.2800e+02, 0.0000e+00, 
 1DIAGNOSTIC,    31, -9.430588483810e-01, 1.540035009384e-05, 1.2800e+02, 0.0000e+00, 
 1DIAGNOSTIC,    32, -9.431045651436e-01, 1.379474997520e-05, 1.2800e+02, 0.0000e+00, 
 1DIAGNOSTIC,    33, -9.431442022324e-01, 1.232698559761e-05, 1.2800e+02, 0.0000e+00, 
 1DIAGNOSTIC,    34, -9.431828856468e-01, 1.105666160583e-05, 1.2800e+02, 0.0000e+00, 
 1DIAGNOSTIC,    35, -9.432168006897e-01, 9.885057806969e-06, 1.2800e+02, 0.0000e+00, 
 1DIAGNOSTIC,    36, -9.432478547096e-01, 8.843839168549e-06, 1.2800e+02, 0.0000e+00, 
 1DIAGNOSTIC,    37, -9.432763457298e-01, 7.893890142441e-06, 1.2800e+02, 0.0000e+00, 
 1DIAGNOSTIC,    38, -9.433010816574e-01, 7.031485438347e-06, 1.2800e+02, 0.0000e+00, 
 1DIAGNOSTIC,    39, -9.433239698410e-01, 6.271526217461e-06, 1.2800e+02, 0.0000e+00, 
 1DIAGNOSTIC,    40, -9.433439373970e-01, 5.606561899185e-06, 1.2800e+02, 0.0000e+00, 
 1DIAGNOSTIC,    41, -9.433622360229e-01, 5.021691322327e-06, 1.2800e+02, 0.0000e+00, 
 1DIAGNOSTIC,    42, -9.433786869049e-01, 4.502013325691e-06, 1.2800e+02, 0.0000e+00, 
 1DIAGNOSTIC,    43, -9.433922767639e-01, 4.023313522339e-06, 1.2800e+02, 0.0000e+00, 
 1DIAGNOSTIC,    44, -9.434041976929e-01, 3.593042492867e-06, 1.2800e+02, 0.0000e+00, 
 1DIAGNOSTIC,    45, -9.434164762497e-01, 3.214925527573e-06, 1.2800e+02, 0.0000e+00, 
 1DIAGNOSTIC,    46, -9.434266686440e-01, 2.879649400711e-06, 1.2800e+02, 0.0000e+00, 
 1DIAGNOSTIC,    47, -9.434367418289e-01, 2.596527338028e-06, 1.2800e+02, 0.0000e+00, 
 1DIAGNOSTIC,    48, -9.434450268745e-01, 2.348795533180e-06, 1.2800e+02, 0.0000e+00, 
 1DIAGNOSTIC,    49, -9.434529542923e-01, 2.132728695869e-06, 1.2800e+02, 0.0000e+00, 
 1DIAGNOSTIC,    50, -9.434597492218e-01, 1.944601535797e-06, 1.2800e+02, 0.0000e+00, 
 1DIAGNOSTIC,    51, -9.434653520584e-01, 1.778826117516e-06, 1.2800e+02, 0.0000e+00, 
 1DIAGNOSTIC,    52, -9.434703588486e-01, 1.635402441025e-06, 1.2800e+02, 0.0000e+00, 
 1DIAGNOSTIC,    53, -9.434754252434e-01, 1.503154635429e-06, 1.2800e+02, 0.0000e+00, 
 1DIAGNOSTIC,    54, -9.434803724289e-01, 1.380220055580e-06, 1.2800e+02, 0.0000e+00, 
 1DIAGNOSTIC,    55, -9.434854984283e-01, 1.283362507820e-06, 1.2800e+02, 0.0000e+00, 
 1DIAGNOSTIC,    56, -9.434896111488e-01, 1.192092895508e-06, 1.2800e+02, 0.0000e+00, 
 1DIAGNOSTIC,    57, -9.434923529625e-01, 1.119449734688e-06, 1.2800e+02, 0.0000e+00, 
 1DIAGNOSTIC,    58, -9.434958100319e-01, 1.048669219017e-06, 1.2800e+02, 0.0000e+00, 
 1DIAGNOSTIC,    59, -9.434989094734e-01, 9.965151548386e-07, 1.2800e+02, 0.0000e+00, 
XXDIAGNOSTIC,Iteration,metricValue,convergenceValue,ITERATION_TIME_INDEX,SINCE_LAST
 1DIAGNOSTIC,     1, -8.741915822029e-01, 1.797693134862e+308, 2.5600e+02, 1.2800e+02, 
 1DIAGNOSTIC,     2, -8.778346776962e-01, 1.797693134862e+308, 2.5600e+02, 0.0000e+00, 
 1DIAGNOSTIC,     3, -8.824601769447e-01, 1.797693134862e+308, 2.5600e+02, 0.0000e+00, 
 1DIAGNOSTIC,     4, -8.861238360405e-01, 1.797693134862e+308, 2.5600e+02, 0.0000e+00, 
 1DIAGNOSTIC,     5, -8.893867731094e-01, 1.797693134862e+308, 2.5600e+02, 0.0000e+00, 
 1DIAGNOSTIC,     6, -8.920324444771e-01, 1.797693134862e+308, 2.5600e+02, 0.0000e+00, 
 1DIAGNOSTIC,     7, -8.944075107574e-01, 1.797693134862e+308, 2.5600e+02, 0.0000e+00, 
 1DIAGNOSTIC,     8, -8.964506983757e-01, 1.797693134862e+308, 2.5600e+02, 0.0000e+00, 
 1DIAGNOSTIC,     9, -8.982574939728e-01, 1.797693134862e+308, 3.8400e+02, 1.2800e+02, 
 1DIAGNOSTIC,    10, -8.998653888702e-01, 1.845784485340e-03, 3.8400e+02, 0.0000e+00, 
 1DIAGNOSTIC,    11, -9.013007879257e-01, 1.479655504227e-03, 3.8400e+02, 0.0000e+00, 
 1DIAGNOSTIC,    12, -9.026440382004e-01, 1.173086464405e-03, 3.8400e+02, 0.0000e+00, 
 1DIAGNOSTIC,    13, -9.038209915161e-01, 9.490847587585e-04, 3.8400e+02, 0.0000e+00, 
 1DIAGNOSTIC,    14, -9.048849344254e-01, 7.775947451591e-04, 3.8400e+02, 0.0000e+00, 
 1DIAGNOSTIC,    15, -9.058506488800e-01, 6.471127271652e-04, 3.8400e+02, 0.0000e+00, 
 1DIAGNOSTIC,    16, -9.067383408546e-01, 5.432665348053e-04, 5.1200e+02, 1.2800e+02, 
 1DIAGNOSTIC,    17, -9.075609445572e-01, 4.609227180481e-04, 5.1200e+02, 0.0000e+00, 
 1DIAGNOSTIC,    18, -9.083399772644e-01, 3.945752978325e-04, 5.1200e+02, 0.0000e+00, 
 1DIAGNOSTIC,    19, -9.090735316277e-01, 3.407672047615e-04, 5.1200e+02, 0.0000e+00, 
 1DIAGNOSTIC,    20, -9.097715020180e-01, 2.969875931740e-04, 5.1200e+02, 0.0000e+00, 
 1DIAGNOSTIC,    21, -9.104415178299e-01, 2.612248063087e-04, 5.1200e+02, 0.0000e+00, 
 1DIAGNOSTIC,    22, -9.108557105064e-01, 2.294406294823e-04, 5.1200e+02, 0.0000e+00, 
 1DIAGNOSTIC,    23, -9.112359881401e-01, 2.003237605095e-04, 5.1200e+02, 0.0000e+00, 
 1DIAGNOSTIC,    24, -9.115796089172e-01, 1.733191311359e-04, 6.4000e+02, 1.2800e+02, 
 1DIAGNOSTIC,    25, -9.118956923485e-01, 1.483261585236e-04, 6.4000e+02, 0.0000e+00, 
 1DIAGNOSTIC,    26, -9.121826887131e-01, 1.255013048649e-04, 6.4000e+02, 0.0000e+00, 
 1DIAGNOSTIC,    27, -9.124470949173e-01, 1.052506268024e-04, 6.4000e+02, 0.0000e+00, 
 1DIAGNOSTIC,    28, -9.126932621002e-01, 8.808076381683e-05, 6.4000e+02, 0.0000e+00, 
 1DIAGNOSTIC,    29, -9.129307270050e-01, 7.431581616402e-05, 6.4000e+02, 0.0000e+00, 
 1DIAGNOSTIC,    30, -9.131518602371e-01, 6.404519081116e-05, 6.4000e+02, 0.0000e+00, 
 1DIAGNOSTIC,    31, -9.133053421974e-01, 5.677714943886e-05, 7.6800e+02, 1.2800e+02, 
 1DIAGNOSTIC,    32, -9.135051965714e-01, 5.065649747849e-05, 7.6800e+02, 0.0000e+00, 
 1DIAGNOSTIC,    33, -9.136923551559e-01, 4.554167389870e-05, 7.6800e+02, 0.0000e+00, 
 1DIAGNOSTIC,    34, -9.138708114624e-01, 4.127621650696e-05, 7.6800e+02, 0.0000e+00, 
 1DIAGNOSTIC,    35, -9.140989184380e-01, 3.824196755886e-05, 7.6800e+02, 0.0000e+00, 
 1DIAGNOSTIC,    36, -9.142353534698e-01, 3.547593951225e-05, 7.6800e+02, 0.0000e+00, 
 1DIAGNOSTIC,    37, -9.143882989883e-01, 3.309361636639e-05, 7.6800e+02, 0.0000e+00, 
 1DIAGNOSTIC,    38, -9.145379066467e-01, 3.099255263805e-05, 7.6800e+02, 0.0000e+00, 
 1DIAGNOSTIC,    39, -9.146758317947e-01, 2.910196781158e-05, 8.9600e+02, 1.2800e+02, 
 1DIAGNOSTIC,    40, -9.148104786873e-01, 2.737529575825e-05, 8.9600e+02, 0.0000e+00, 
 1DIAGNOSTIC,    41, -9.149445295334e-01, 2.536922693253e-05, 8.9600e+02, 0.0000e+00, 
 1DIAGNOSTIC,    42, -9.150708913803e-01, 2.352334558964e-05, 8.9600e+02, 0.0000e+00, 
 1DIAGNOSTIC,    43, -9.151946902275e-01, 2.183392643929e-05, 8.9600e+02, 0.0000e+00, 
 1DIAGNOSTIC,    44, -9.153145551682e-01, 2.029538154602e-05, 8.9600e+02, 0.0000e+00, 
 1DIAGNOSTIC,    45, -9.154304862022e-01, 1.933053135872e-05, 8.9600e+02, 0.0000e+00, 
 1DIAGNOSTIC,    46, -9.155453443527e-01, 1.831725239754e-05, 8.9600e+02, 0.0000e+00, 
 1DIAGNOSTIC,    47, -9.156560897827e-01, 1.739896833897e-05, 1.0240e+03, 1.2800e+02, 
 1DIAGNOSTIC,    48, -9.157663583755e-01, 1.658685505390e-05, 1.0240e+03, 0.0000e+00, 
 1DIAGNOSTIC,    49, -9.158705472946e-01, 1.582130789757e-05, 1.0240e+03, 0.0000e+00, 
 1DIAGNOSTIC,    50, -9.159749746323e-01, 1.510605216026e-05, 1.0240e+03, 0.0000e+00, 
 1DIAGNOSTIC,    51, -9.160762429237e-01, 1.445971429348e-05, 1.0240e+03, 0.0000e+00, 
 1DIAGNOSTIC,    52, -9.161741733551e-01, 1.385062932968e-05, 1.0240e+03, 0.0000e+00, 
 1DIAGNOSTIC,    53, -9.162715077400e-01, 1.328065991402e-05, 1.0240e+03, 0.0000e+00, 
 1DIAGNOSTIC,    54, -9.163645505905e-01, 1.273117959499e-05, 1.1520e+03, 1.2800e+02, 
 1DIAGNOSTIC,    55, -9.164577722549e-01, 1.221895217896e-05, 1.1520e+03, 0.0000e+00, 
 1DIAGNOSTIC,    56, -9.166034460068e-01, 1.204386353493e-05, 1.1520e+03, 0.0000e+00, 
 1DIAGNOSTIC,    57, -9.166914820671e-01, 1.184083521366e-05, 1.1520e+03, 0.0000e+00, 
 1DIAGNOSTIC,    58, -9.167765974998e-01, 1.160800457001e-05, 1.1520e+03, 0.0000e+00, 
 1DIAGNOSTIC,    59, -9.168598651886e-01, 1.130625605583e-05, 1.1520e+03, 0.0000e+00, 
 1DIAGNOSTIC,    60, -9.169417023659e-01, 1.093372702599e-05, 1.1520e+03, 0.0000e+00, 
 1DIAGNOSTIC,    61, -9.170200228691e-01, 1.048296689987e-05, 1.1520e+03, 0.0000e+00, 
 1DIAGNOSTIC,    62, -9.170994758606e-01, 9.965151548386e-06, 1.2800e+03, 1.2800e+02, 
 1DIAGNOSTIC,    63, -9.171742200851e-01, 9.406358003616e-06, 1.2800e+03, 0.0000e+00, 
 1DIAGNOSTIC,    64, -9.172466993332e-01, 8.812174201012e-06, 1.2800e+03, 0.0000e+00, 
 1DIAGNOSTIC,    65, -9.173173308372e-01, 8.197501301765e-06, 1.2800e+03, 0.0000e+00, 
 1DIAGNOSTIC,    66, -9.173851013184e-01, 7.867813110352e-06, 1.2800e+03, 0.0000e+00, 
 1DIAGNOSTIC,    67, -9.174522161484e-01, 7.549300789833e-06, 1.2800e+03, 0.0000e+00, 
 1DIAGNOSTIC,    68, -9.175184369087e-01, 7.245689630508e-06, 1.2800e+03, 0.0000e+00, 
 1DIAGNOSTIC,    69, -9.175812602043e-01, 6.950460374355e-06, 1.4080e+03, 1.2800e+02, 
 1DIAGNOSTIC,    70, -9.176436066628e-01, 6.674788892269e-06, 1.4080e+03, 0.0000e+00, 
 1DIAGNOSTIC,    71, -9.177050590515e-01, 6.412155926228e-06, 1.4080e+03, 0.0000e+00, 
 1DIAGNOSTIC,    72, -9.177651405334e-01, 6.182119250298e-06, 1.4080e+03, 0.0000e+00, 
 1DIAGNOSTIC,    73, -9.178242683411e-01, 5.968846380711e-06, 1.4080e+03, 0.0000e+00, 
 1DIAGNOSTIC,    74, -9.178814888000e-01, 5.769543349743e-06, 1.4080e+03, 0.0000e+00, 
 1DIAGNOSTIC,    75, -9.179357290268e-01, 5.570240318775e-06, 1.4080e+03, 0.0000e+00, 
 1DIAGNOSTIC,    76, -9.179905056953e-01, 5.380250513554e-06, 1.4080e+03, 0.0000e+00, 
 1DIAGNOSTIC,    77, -9.180433750153e-01, 5.196779966354e-06, 1.5360e+03, 1.2800e+02, 
 1DIAGNOSTIC,    78, -9.180954098701e-01, 5.023553967476e-06, 1.5360e+03, 0.0000e+00, 
 1DIAGNOSTIC,    79, -9.181455373764e-01, 4.847534000874e-06, 1.5360e+03, 0.0000e+00, 
 1DIAGNOSTIC,    80, -9.181946516037e-01, 4.678033292294e-06, 1.5360e+03, 0.0000e+00, 
 1DIAGNOSTIC,    81, -9.182454347610e-01, 4.525296390057e-06, 1.5360e+03, 0.0000e+00, 
 1DIAGNOSTIC,    82, -9.182926416397e-01, 4.380010068417e-06, 1.5360e+03, 0.0000e+00, 
 1DIAGNOSTIC,    83, -9.183405637741e-01, 4.251487553120e-06, 1.5360e+03, 0.0000e+00, 
 1DIAGNOSTIC,    84, -9.183876514435e-01, 4.136934876442e-06, 1.5360e+03, 0.0000e+00, 
 1DIAGNOSTIC,    85, -9.184780716896e-01, 4.181638360023e-06, 1.6640e+03, 1.2800e+02, 
 1DIAGNOSTIC,    86, -9.185227751732e-01, 4.215165972710e-06, 1.6640e+03, 0.0000e+00, 
 1DIAGNOSTIC,    87, -9.185649752617e-01, 4.212372004986e-06, 1.6640e+03, 0.0000e+00, 
 1DIAGNOSTIC,    88, -9.186114072800e-01, 4.186294972897e-06, 1.6640e+03, 0.0000e+00, 
 1DIAGNOSTIC,    89, -9.186516404152e-01, 4.098750650883e-06, 1.6640e+03, 0.0000e+00, 
 1DIAGNOSTIC,    90, -9.186924695969e-01, 3.960914909840e-06, 1.6640e+03, 0.0000e+00, 
 1DIAGNOSTIC,    91, -9.186924695969e-01, 3.644265234470e-06, 1.6640e+03, 0.0000e+00, 
 1DIAGNOSTIC,    92, -9.187331199646e-01, 3.318302333355e-06, 1.7920e+03, 1.2800e+02, 
 1DIAGNOSTIC,    93, -9.187725782394e-01, 3.002583980560e-06, 1.7920e+03, 0.0000e+00, 
 1DIAGNOSTIC,    94, -9.188106060028e-01, 2.705492079258e-06, 1.7920e+03, 0.0000e+00, 
 1DIAGNOSTIC,    95, -9.188481569290e-01, 2.603977918625e-06, 1.7920e+03, 0.0000e+00, 
 1DIAGNOSTIC,    96, -9.188851118088e-01, 2.549029886723e-06, 1.7920e+03, 0.0000e+00, 
 1DIAGNOSTIC,    97, -9.189198017120e-01, 2.524815499783e-06, 1.7920e+03, 0.0000e+00, 
 1DIAGNOSTIC,    98, -9.189538359642e-01, 2.540647983551e-06, 1.7920e+03, 0.0000e+00, 
 1DIAGNOSTIC,    99, -9.189879894257e-01, 2.568587660789e-06, 1.7920e+03, 0.0000e+00, 
 1DIAGNOSTIC,   100, -9.190208315849e-01, 2.609565854073e-06, 1.9200e+03, 1.2800e+02, 
XXDIAGNOSTIC,Iteration,metricValue,convergenceValue,ITERATION_TIME_INDEX,SINCE_LAST
 1DIAGNOSTIC,     1, -8.209195137024e-01, 1.797693134862e+308, 2.0480e+03, 1.2800e+02, 
 1DIAGNOSTIC,     2, -8.245995044708e-01, 1.797693134862e+308, 2.1760e+03, 1.2800e+02, 
 1DIAGNOSTIC,     3, -8.289090991020e-01, 1.797693134862e+308, 2.3040e+03, 1.2800e+02, 
 1DIAGNOSTIC,     4, -8.327511548996e-01, 1.797693134862e+308, 2.5600e+03, 2.5600e+02, 
 1DIAGNOSTIC,     5, -8.361529707909e-01, 1.797693134862e+308, 2.6880e+03, 1.2800e+02, 
 1DIAGNOSTIC,     6, -8.391982316971e-01, 1.797693134862e+308, 2.8160e+03, 1.2800e+02, 
 1DIAGNOSTIC,     7, -8.416610956192e-01, 1.797693134862e+308, 2.9440e+03, 1.2800e+02, 
 1DIAGNOSTIC,     8, -8.442367315292e-01, 1.797693134862e+308, 3.0720e+03, 1.2800e+02, 
 1DIAGNOSTIC,     9, -8.462888002396e-01, 1.797693134862e+308, 3.2000e+03, 1.2800e+02, 
 1DIAGNOSTIC,    10, -8.483136892319e-01, 2.102255821228e-03, 3.4560e+03, 2.5600e+02, 
 1DIAGNOSTIC,    11, -8.499448895454e-01, 1.729920506477e-03, 3.5840e+03, 1.2800e+02, 
 1DIAGNOSTIC,    12, -8.514676690102e-01, 1.410469412804e-03, 3.7120e+03, 1.2800e+02, 
 1DIAGNOSTIC,    13, -8.527580499649e-01, 1.157701015472e-03, 3.8400e+03, 1.2800e+02, 
 1DIAGNOSTIC,    14, -8.539983630180e-01, 9.578391909599e-04, 3.9680e+03, 1.2800e+02, 
 1DIAGNOSTIC,    15, -8.551683425903e-01, 7.993727922440e-04, 4.0960e+03, 1.2800e+02, 
 1DIAGNOSTIC,    16, -8.562579154968e-01, 6.741583347321e-04, 4.3520e+03, 2.5600e+02, 
 1DIAGNOSTIC,    17, -8.573427200317e-01, 5.713701248169e-04, 4.4800e+03, 1.2800e+02, 
 1DIAGNOSTIC,    18, -8.583198189735e-01, 4.932954907417e-04, 4.6080e+03, 1.2800e+02, 
 1DIAGNOSTIC,    19, -8.593887686729e-01, 4.325546324253e-04, 4.7360e+03, 1.2800e+02, 
 1DIAGNOSTIC,    20, -8.602997660637e-01, 3.866739571095e-04, 4.8640e+03, 1.2800e+02, 
 1DIAGNOSTIC,    21, -8.612075448036e-01, 3.494322299957e-04, 4.9920e+03, 1.2800e+02, 
 1DIAGNOSTIC,    22, -8.620576858521e-01, 3.189444541931e-04, 5.2480e+03, 2.5600e+02, 
 1DIAGNOSTIC,    23, -8.628231287003e-01, 2.910271286964e-04, 5.3760e+03, 1.2800e+02, 
 1DIAGNOSTIC,    24, -8.635178804398e-01, 2.649873495102e-04, 5.5040e+03, 1.2800e+02, 
 1DIAGNOSTIC,    25, -8.642729520798e-01, 2.418011426926e-04, 5.6320e+03, 1.2800e+02, 
 1DIAGNOSTIC,    26, -8.649966716766e-01, 2.208203077316e-04, 5.7600e+03, 1.2800e+02, 
 1DIAGNOSTIC,    27, -8.656667470932e-01, 2.022050321102e-04, 5.8880e+03, 1.2800e+02, 
 1DIAGNOSTIC,    28, -8.663649559021e-01, 1.857131719589e-04, 6.1440e+03, 2.5600e+02, 
 1DIAGNOSTIC,    29, -8.670636415482e-01, 1.730844378471e-04, 6.2720e+03, 1.2800e+02, 
 1DIAGNOSTIC,    30, -8.675963282585e-01, 1.608580350876e-04, 6.4000e+03, 1.2800e+02, 
 1DIAGNOSTIC,    31, -8.682569265366e-01, 1.509934663773e-04, 6.5280e+03, 1.2800e+02, 
 1DIAGNOSTIC,    32, -8.687120676041e-01, 1.409500837326e-04, 6.6560e+03, 1.2800e+02, 
 1DIAGNOSTIC,    33, -8.693010807037e-01, 1.317970454693e-04, 6.7840e+03, 1.2800e+02, 
 1DIAGNOSTIC,    34, -8.697735071182e-01, 1.220218837261e-04, 7.0400e+03, 2.5600e+02, 
 1DIAGNOSTIC,    35, -8.703684806824e-01, 1.139976084232e-04, 7.1680e+03, 1.2800e+02, 
 1DIAGNOSTIC,    36, -8.707715272903e-01, 1.059323549271e-04, 7.2960e+03, 1.2800e+02, 
 1DIAGNOSTIC,    37, -8.713787794113e-01, 9.968690574169e-05, 7.4240e+03, 1.2800e+02, 
 1DIAGNOSTIC,    38, -8.717707991600e-01, 9.372644126415e-05, 7.5520e+03, 1.2800e+02, 
 1DIAGNOSTIC,    39, -8.722553253174e-01, 8.921697735786e-05, 7.6800e+03, 1.2800e+02, 
 1DIAGNOSTIC,    40, -8.726317286491e-01, 8.391216397285e-05, 7.9360e+03, 2.5600e+02, 
 1DIAGNOSTIC,    41, -8.730829954147e-01, 7.987022399902e-05, 8.0640e+03, 1.2800e+02, 
 1DIAGNOSTIC,    42, -8.735081553459e-01, 7.530301809311e-05, 8.1920e+03, 1.2800e+02, 
 1DIAGNOSTIC,    43, -8.739334344864e-01, 7.155910134315e-05, 8.3200e+03, 1.2800e+02, 
 1DIAGNOSTIC,    44, -8.744199275970e-01, 6.834603846073e-05, 8.4480e+03, 1.2800e+02, 
 1DIAGNOSTIC,    45, -8.749120235443e-01, 6.673671305180e-05, 8.5760e+03, 1.2800e+02, 
 1DIAGNOSTIC,    46, -8.752464056015e-01, 6.406754255295e-05, 8.8320e+03, 2.5600e+02, 
 1DIAGNOSTIC,    47, -8.757079243660e-01, 6.292946636677e-05, 8.9600e+03, 1.2800e+02, 
 1DIAGNOSTIC,    48, -8.760473132133e-01, 6.082840263844e-05, 9.0880e+03, 1.2800e+02, 
 1DIAGNOSTIC,    49, -8.764542341232e-01, 5.900114774704e-05, 9.2160e+03, 1.2800e+02, 
 1DIAGNOSTIC,    50, -8.766457438469e-01, 5.533173680305e-05, 9.3440e+03, 1.2800e+02, 
 1DIAGNOSTIC,    51, -8.771048188210e-01, 5.243346095085e-05, 9.4720e+03, 1.2800e+02, 
 1DIAGNOSTIC,    52, -8.773180842400e-01, 4.865601658821e-05, 9.6000e+03, 1.2800e+02, 
 1DIAGNOSTIC,    53, -8.776306509972e-01, 4.495307803154e-05, 9.8560e+03, 2.5600e+02, 
 1DIAGNOSTIC,    54, -8.778397440910e-01, 4.131719470024e-05, 9.9840e+03, 1.2800e+02, 
 1DIAGNOSTIC,    55, -8.780736923218e-01, 3.824383020401e-05, 1.0112e+04, 1.2800e+02, 
 1DIAGNOSTIC,    56, -8.782652616501e-01, 3.468990325928e-05, 1.0240e+04, 1.2800e+02, 
 1DIAGNOSTIC,    57, -8.784658908844e-01, 3.177300095558e-05, 1.0368e+04, 1.2800e+02, 
 1DIAGNOSTIC,    58, -8.786153793335e-01, 2.868846058846e-05, 1.0496e+04, 1.2800e+02, 
 1DIAGNOSTIC,    59, -8.789573907852e-01, 2.718530595303e-05, 1.0752e+04, 2.5600e+02, 
 1DIAGNOSTIC,    60, -8.791065216064e-01, 2.495013177395e-05, 1.0880e+04, 1.2800e+02, 
 1DIAGNOSTIC,    61, -8.793200254440e-01, 2.406537532806e-05, 1.1008e+04, 1.2800e+02, 
 1DIAGNOSTIC,    62, -8.793216347694e-01, 2.204999327660e-05, 1.1136e+04, 1.2800e+02, 
 1DIAGNOSTIC,    63, -8.796504139900e-01, 2.138130366802e-05, 1.1264e+04, 1.2800e+02, 
 1DIAGNOSTIC,    64, -8.797870874405e-01, 2.042949199677e-05, 1.1392e+04, 1.2800e+02, 
 1DIAGNOSTIC,    65, -8.798995614052e-01, 1.931190490723e-05, 1.1520e+04, 1.2800e+02, 
 1DIAGNOSTIC,    66, -8.800727128983e-01, 1.824274659157e-05, 1.1648e+04, 1.2800e+02, 
 1DIAGNOSTIC,    67, -8.802659511566e-01, 1.742132008076e-05, 1.1776e+04, 1.2800e+02, 
 1DIAGNOSTIC,    68, -8.802747726440e-01, 1.569837331772e-05, 1.1904e+04, 1.2800e+02, 
 1DIAGNOSTIC,    69, -8.806117773056e-01, 1.578312367201e-05, 1.2032e+04, 1.2800e+02, 
 1DIAGNOSTIC,    70, -8.808261156082e-01, 1.605041325092e-05, 1.2160e+04, 1.2800e+02, 
XXDIAGNOSTIC,Iteration,metricValue,convergenceValue,ITERATION_TIME_INDEX,SINCE_LAST
 1DIAGNOSTIC,     1, -8.274706602097e-01, 1.797693134862e+308, 1.3184e+04, 1.0240e+03, 
 1DIAGNOSTIC,     2, -8.309146761894e-01, 1.797693134862e+308, 1.4208e+04, 1.0240e+03, 
 1DIAGNOSTIC,     3, -8.344779014587e-01, 1.797693134862e+308, 1.5232e+04, 1.0240e+03, 
 1DIAGNOSTIC,     4, -8.379526138306e-01, 1.797693134862e+308, 1.6256e+04, 1.0240e+03, 
 1DIAGNOSTIC,     5, -8.411320447922e-01, 1.797693134862e+308, 1.7280e+04, 1.0240e+03, 
 1DIAGNOSTIC,     6, -8.442591428757e-01, 1.797693134862e+308, 1.8304e+04, 1.0240e+03, 
 1DIAGNOSTIC,     7, -8.468452692032e-01, 1.797693134862e+308, 1.9328e+04, 1.0240e+03, 
 1DIAGNOSTIC,     8, -8.490300178528e-01, 1.797693134862e+308, 2.0352e+04, 1.0240e+03, 
 1DIAGNOSTIC,     9, -8.508932590485e-01, 1.797693134862e+308, 2.1376e+04, 1.0240e+03, 
 1DIAGNOSTIC,    10, -8.526080846786e-01, 1.944266259670e-03, 2.2400e+04, 1.0240e+03, 
 1DIAGNOSTIC,    11, -8.541877269745e-01, 1.606754958630e-03, 2.3424e+04, 1.0240e+03, 
 1DIAGNOSTIC,    12, -8.557240962982e-01, 1.320347189903e-03, 2.4448e+04, 1.0240e+03, 
 1DIAGNOSTIC,    13, -8.569980859756e-01, 1.083202660084e-03, 2.5472e+04, 1.0240e+03, 
 1DIAGNOSTIC,    14, -8.581800460815e-01, 8.928403258324e-04, 2.6496e+04, 1.0240e+03, 
 1DIAGNOSTIC,    15, -8.592789173126e-01, 7.413625717163e-04, 2.7520e+04, 1.0240e+03, 
 1DIAGNOSTIC,    16, -8.602920174599e-01, 6.269887089729e-04, 2.8544e+04, 1.0240e+03, 
 1DIAGNOSTIC,    17, -8.612243533134e-01, 5.372092127800e-04, 2.9568e+04, 1.0240e+03, 
 1DIAGNOSTIC,    18, -8.621048927307e-01, 4.644393920898e-04, 3.0592e+04, 1.0240e+03, 
 1DIAGNOSTIC,    19, -8.628971576691e-01, 4.027783870697e-04, 3.1616e+04, 1.0240e+03, 
 1DIAGNOSTIC,    20, -8.637303709984e-01, 3.522001206875e-04, 3.2640e+04, 1.0240e+03, 
 1DIAGNOSTIC,    21, -8.647027015686e-01, 3.138929605484e-04, 3.3664e+04, 1.0240e+03, 
 1DIAGNOSTIC,    22, -8.657153248787e-01, 2.881325781345e-04, 3.4688e+04, 1.0240e+03, 
 1DIAGNOSTIC,    23, -8.666532039642e-01, 2.694688737392e-04, 3.5712e+04, 1.0240e+03, 
 1DIAGNOSTIC,    24, -8.675403594971e-01, 2.556703984737e-04, 3.6736e+04, 1.0240e+03, 
 1DIAGNOSTIC,    25, -8.682593107224e-01, 2.430416643620e-04, 3.7760e+04, 1.0240e+03, 
 1DIAGNOSTIC,    26, -8.689563274384e-01, 2.302862703800e-04, 3.8784e+04, 1.0240e+03, 
 1DIAGNOSTIC,    27, -8.695999979973e-01, 2.160333096981e-04, 3.9808e+04, 1.0240e+03, 
 1DIAGNOSTIC,    28, -8.701943159103e-01, 1.998506486416e-04, 4.0832e+04, 1.0240e+03, 
 1DIAGNOSTIC,    29, -8.707483410835e-01, 1.812949776649e-04, 4.1856e+04, 1.0240e+03, 
 1DIAGNOSTIC,    30, -8.712323904037e-01, 1.613460481167e-04, 4.2880e+04, 1.0240e+03, 
 1DIAGNOSTIC,    31, -8.716794848442e-01, 1.425482332706e-04, 4.3904e+04, 1.0240e+03, 
 1DIAGNOSTIC,    32, -8.720930814743e-01, 1.261197030544e-04, 4.4928e+04, 1.0240e+03, 
 1DIAGNOSTIC,    33, -8.724728226662e-01, 1.118816435337e-04, 4.5952e+04, 1.0240e+03, 
 1DIAGNOSTIC,    34, -8.728312849998e-01, 9.997561573982e-05, 4.6976e+04, 1.0240e+03, 
 1DIAGNOSTIC,    35, -8.731862306595e-01, 8.937530219555e-05, 4.8000e+04, 1.0240e+03, 
 1DIAGNOSTIC,    36, -8.735455274582e-01, 8.055381476879e-05, 4.9024e+04, 1.0240e+03, 
 1DIAGNOSTIC,    37, -8.738908767700e-01, 7.336772978306e-05, 5.0048e+04, 1.0240e+03, 
 1DIAGNOSTIC,    38, -8.742232322693e-01, 6.761960685253e-05, 5.1072e+04, 1.0240e+03, 
 1DIAGNOSTIC,    39, -8.745522499084e-01, 6.320141255856e-05, 5.2096e+04, 1.0240e+03, 
 1DIAGNOSTIC,    40, -8.749163150787e-01, 5.998648703098e-05, 5.3120e+04, 1.0240e+03, 
 1DIAGNOSTIC,    41, -8.752837181091e-01, 5.774199962616e-05, 5.4144e+04, 1.0240e+03, 
 1DIAGNOSTIC,    42, -8.756219744682e-01, 5.600415170193e-05, 5.5168e+04, 1.0240e+03, 
 1DIAGNOSTIC,    43, -8.759296536446e-01, 5.428865551949e-05, 5.6192e+04, 1.0240e+03, 
 1DIAGNOSTIC,    44, -8.762187957764e-01, 5.232915282249e-05, 5.7216e+04, 1.0240e+03, 
 1DIAGNOSTIC,    45, -8.764944076538e-01, 5.008466541767e-05, 5.8240e+04, 1.0240e+03, 
 1DIAGNOSTIC,    46, -8.767523765564e-01, 4.757568240166e-05, 5.9264e+04, 1.0240e+03, 
 1DIAGNOSTIC,    47, -8.769787549973e-01, 4.464201629162e-05, 6.0288e+04, 1.0240e+03, 
 1DIAGNOSTIC,    48, -8.772050142288e-01, 4.141964018345e-05, 6.1312e+04, 1.0240e+03, 
 1DIAGNOSTIC,    49, -8.774144649506e-01, 3.799609839916e-05, 6.2336e+04, 1.0240e+03, 
 1DIAGNOSTIC,    50, -8.776057958603e-01, 3.473646938801e-05, 6.3360e+04, 1.0240e+03, 
XXDIAGNOSTIC,Iteration,metricValue,convergenceValue,ITERATION_TIME_INDEX,SINCE_LAST
 1DIAGNOSTIC,     1, -8.502913713455e-01, 1.797693134862e+308, 7.1936e+04, 8.5760e+03, 
 1DIAGNOSTIC,     2, -8.515937328339e-01, 1.797693134862e+308, 8.0256e+04, 8.3200e+03, 
 1DIAGNOSTIC,     3, -8.532513380051e-01, 1.797693134862e+308, 8.8576e+04, 8.3200e+03, 
 1DIAGNOSTIC,     4, -8.549492359161e-01, 1.797693134862e+308, 9.6896e+04, 8.3200e+03, 
 1DIAGNOSTIC,     5, -8.565568327904e-01, 1.797693134862e+308, 1.0534e+05, 8.4480e+03, 
 1DIAGNOSTIC,     6, -8.581521511078e-01, 1.797693134862e+308, 1.1366e+05, 8.3200e+03, 
 1DIAGNOSTIC,     7, -8.596764206886e-01, 1.797693134862e+308, 1.2198e+05, 8.3200e+03, 
 1DIAGNOSTIC,     8, -8.610504269600e-01, 1.797693134862e+308, 1.3030e+05, 8.3200e+03, 
 1DIAGNOSTIC,     9, -8.625265359879e-01, 1.797693134862e+308, 1.3862e+05, 8.3200e+03, 
 1DIAGNOSTIC,    10, -8.636887073517e-01, 1.027546823025e-03, 1.4707e+05, 8.4480e+03, 
 1DIAGNOSTIC,    11, -8.647940158844e-01, 9.060800075531e-04, 1.5539e+05, 8.3200e+03, 
 1DIAGNOSTIC,    12, -8.658546209335e-01, 7.883310317993e-04, 1.6371e+05, 8.3200e+03, 
 1DIAGNOSTIC,    13, -8.668216466904e-01, 6.837844848633e-04, 1.7216e+05, 8.4480e+03, 
