---------------------
Experiment information

SIF_IMG: /mnt/lustre/mathdugre/containers/ants-flint-base.simg
SIF_IMG_BASE: /mnt/lustre/mathdugre/containers/ants-flint-base.simg
EXPERIMENT_NAME: flint-vprec-single-five-levels
STAGE: affine
SUBJECT_ID: s032
REPETITION_ID: 1

FIXED_IMG: /templateflow/tpl-MNI152NLin2009cAsym/tpl-MNI152NLin2009cAsym_res-01_desc-brain_T1w.nii.gz
INPUT_IMG: /mnt/lustre/mathdugre/fast-interpolate/datasets/ds004513/derivatives/flint/ants/flint-vprec-single-five-levels/sub-s032/ses-open/anat/1/1_Rigid.nii.gz

DATA_DIR: /mnt/lustre/mathdugre/fast-interpolate/datasets/ds004513
OUTPUT_DIR: /mnt/lustre/mathdugre/fast-interpolate/datasets/ds004513/derivatives/flint/ants/flint-vprec-single-five-levels/sub-s032/ses-open/anat
OUTPUT_PREFIX: 10
THREAD: 1
FLOAT: 0
VFC_BACKENDS: ieee
---------------------

--output [/mnt/lustre/mathdugre/fast-interpolate/datasets/ds004513/derivatives/flint/ants/flint-vprec-single-five-levels/sub-s032/ses-open/anat/10/1_,/mnt/lustre/mathdugre/fast-interpolate/datasets/ds004513/derivatives/flint/ants/flint-vprec-single-five-levels/sub-s032/ses-open/anat/10/1_Affine.nii.gz,/mnt/lustre/mathdugre/fast-interpolate/datasets/ds004513/derivatives/flint/ants/flint-vprec-single-five-levels/sub-s032/ses-open/anat/10/1_InverseAffine.nii.gz] --initial-moving-transform [/templateflow/tpl-MNI152NLin2009cAsym/tpl-MNI152NLin2009cAsym_res-01_desc-brain_T1w.nii.gz,/mnt/lustre/mathdugre/fast-interpolate/datasets/ds004513/derivatives/flint/ants/flint-vprec-single-five-levels/sub-s032/ses-open/anat/1/1_Rigid.nii.gz,1] --transform Affine[0.1] --metric MI[/templateflow/tpl-MNI152NLin2009cAsym/tpl-MNI152NLin2009cAsym_res-01_desc-brain_T1w.nii.gz,/mnt/lustre/mathdugre/fast-interpolate/datasets/ds004513/derivatives/flint/ants/flint-vprec-single-five-levels/sub-s032/ses-open/anat/1/1_Rigid.nii.gz,1,32,Regular,0.25] --convergence [1000x1000x500x250x100,1e-6,10] --shrink-factors 16x8x4x2x1 --smoothing-sigmas 4x3x2x1x0vox
All_Command_lines_OK
Using double precision for computations.
=============================================================================
The composite transform comprises the following transforms (in order): 
  1. Center of mass alignment using fixed image: /templateflow/tpl-MNI152NLin2009cAsym/tpl-MNI152NLin2009cAsym_res-01_desc-brain_T1w.nii.gz and moving image: /mnt/lustre/mathdugre/fast-interpolate/datasets/ds004513/derivatives/flint/ants/flint-vprec-single-five-levels/sub-s032/ses-open/anat/1/1_Rigid.nii.gz (type = Euler3DTransform)
=============================================================================
  number of levels = 5
  fixed image: /templateflow/tpl-MNI152NLin2009cAsym/tpl-MNI152NLin2009cAsym_res-01_desc-brain_T1w.nii.gz
  moving image: /mnt/lustre/mathdugre/fast-interpolate/datasets/ds004513/derivatives/flint/ants/flint-vprec-single-five-levels/sub-s032/ses-open/anat/1/1_Rigid.nii.gz
Dimension = 3
Number of stages = 1
Use histogram matching = false
Winsorize image intensities = true
  Lower quantile = 0.005
  Upper quantile = 0.995


Stage 1 State
   Image metric = MattesMI
     Fixed image = Image (0x565144b57190)
  RTTI typeinfo:   itk::Image<double, 3u>
  Reference Count: 2
  Modified Time: 1622
  Debug: Off
  Object Name: 
  Observers: 
    none
  Source: (none)
  Source output name: (none)
  Release Data: Off
  Data Released: False
  Global Release Data: Off
  PipelineMTime: 0
  UpdateMTime: 1407
  RealTimeStamp: 0 seconds 
  LargestPossibleRegion: 
    Dimension: 3
    Index: [0, 0, 0]
    Size: [193, 229, 193]
  BufferedRegion: 
    Dimension: 3
    Index: [0, 0, 0]
    Size: [193, 229, 193]
  RequestedRegion: 
    Dimension: 3
    Index: [0, 0, 0]
    Size: [193, 229, 193]
  Spacing: [1, 1, 1]
  Origin: [96, 132, -78]
  Direction: 
-1 0 0
0 -1 0
0 0 1

  IndexToPointMatrix: 
-1 0 0
0 -1 0
0 0 1

  PointToIndexMatrix: 
-1 0 0
0 -1 0
0 0 1

  Inverse Direction: 
-1 0 0
0 -1 0
0 0 1

  PixelContainer: 
    ImportImageContainer (0x565144bc3010)
      RTTI typeinfo:   itk::ImportImageContainer<unsigned long, double>
      Reference Count: 1
      Modified Time: 1404
      Debug: Off
      Object Name: 
      Observers: 
        none
      Pointer: 0x7f0334565010
      Container manages memory: true
      Size: 8530021
      Capacity: 8530021

     Moving image = Image (0x565144b5e120)
  RTTI typeinfo:   itk::Image<double, 3u>
  Reference Count: 2
  Modified Time: 1623
  Debug: Off
  Object Name: 
  Observers: 
    none
  Source: (none)
  Source output name: (none)
  Release Data: Off
  Data Released: False
  Global Release Data: Off
  PipelineMTime: 0
  UpdateMTime: 1620
  RealTimeStamp: 0 seconds 
  LargestPossibleRegion: 
    Dimension: 3
    Index: [0, 0, 0]
    Size: [193, 229, 193]
  BufferedRegion: 
    Dimension: 3
    Index: [0, 0, 0]
    Size: [193, 229, 193]
  RequestedRegion: 
    Dimension: 3
    Index: [0, 0, 0]
    Size: [193, 229, 193]
  Spacing: [1, 1, 1]
  Origin: [96, 132, -78]
  Direction: 
-1 0 0
0 -1 0
0 0 1

  IndexToPointMatrix: 
-1 0 0
0 -1 0
0 0 1

  PointToIndexMatrix: 
-1 0 0
0 -1 0
0 0 1

  Inverse Direction: 
-1 0 0
0 -1 0
0 0 1

  PixelContainer: 
    ImportImageContainer (0x565144c254d0)
      RTTI typeinfo:   itk::ImportImageContainer<unsigned long, double>
      Reference Count: 1
      Modified Time: 1617
      Debug: Off
      Object Name: 
      Observers: 
        none
      Pointer: 0x7f0330450010
      Container manages memory: true
      Size: 8530021
      Capacity: 8530021

     Weighting = 1
     Sampling strategy = regular
     Number of bins = 32
     Radius = 4
     Sampling percentage  = 0.25
   Transform = Affine
     Gradient step = 0.1
     Update field sigma (voxel space) = 0
     Total field sigma (voxel space) = 0
     Update field time sigma = 0
     Total field time sigma  = 0
     Number of time indices = 0
     Number of time point samples = 0
Registration using 1 total stages.

Stage 0
  iterations = 1000x1000x500x250x100
  convergence threshold = 1e-06
  convergence window size = 10
  number of levels = 5
  using the Mattes MI metric (number of bins = 32, weight = 1, use gradient filter = 0)
  preprocessing:  winsorizing the image intensities
  Shrink factors (level 1 out of 5): [16, 16, 16]
  Shrink factors (level 2 out of 5): [8, 8, 8]
  Shrink factors (level 3 out of 5): [4, 4, 4]
  Shrink factors (level 4 out of 5): [2, 2, 2]
  Shrink factors (level 5 out of 5): [1, 1, 1]
  smoothing sigmas per level: [4, 3, 2, 1, 0]
  regular sampling (percentage = 0.25)

*** Running AffineTransform registration ***

DIAGNOSTIC,Iteration,metricValue,convergenceValue,ITERATION_TIME_INDEX,SINCE_LAST
 2DIAGNOSTIC,     1, -7.956967424136e-01, 1.797693134862e+308, 1.4501e+00, 1.4501e+00, 
 2DIAGNOSTIC,     2, -7.971805700470e-01, 1.797693134862e+308, 1.4515e+00, 1.4269e-03, 
 2DIAGNOSTIC,     3, -7.994404105724e-01, 1.797693134862e+308, 1.4528e+00, 1.2829e-03, 
 2DIAGNOSTIC,     4, -8.022048149401e-01, 1.797693134862e+308, 1.4541e+00, 1.2791e-03, 
 2DIAGNOSTIC,     5, -8.050525126740e-01, 1.797693134862e+308, 1.4553e+00, 1.2782e-03, 
 2DIAGNOSTIC,     6, -8.101405290451e-01, 1.797693134862e+308, 1.4568e+00, 1.4820e-03, 
 2DIAGNOSTIC,     7, -8.165625515078e-01, 1.797693134862e+308, 1.4582e+00, 1.3499e-03, 
 2DIAGNOSTIC,     8, -8.238855534583e-01, 1.797693134862e+308, 1.4598e+00, 1.6279e-03, 
 2DIAGNOSTIC,     9, -8.373558284979e-01, 1.797693134862e+308, 1.4618e+00, 2.0001e-03, 
 2DIAGNOSTIC,    10, -8.401929277826e-01, 3.650325332053e-03, 1.4645e+00, 2.6860e-03, 
 2DIAGNOSTIC,    11, -8.429107434026e-01, 3.673798411866e-03, 1.4660e+00, 1.4980e-03, 
 2DIAGNOSTIC,    12, -8.461716412792e-01, 3.502302613590e-03, 1.4674e+00, 1.4172e-03, 
 2DIAGNOSTIC,    13, -8.491059644223e-01, 3.175791328197e-03, 1.4688e+00, 1.3831e-03, 
 2DIAGNOSTIC,    14, -8.521369762069e-01, 2.747767120808e-03, 1.4702e+00, 1.3990e-03, 
 2DIAGNOSTIC,    15, -8.604592934900e-01, 2.382407052496e-03, 1.4719e+00, 1.6911e-03, 
 2DIAGNOSTIC,    16, -8.785039424931e-01, 2.338136245598e-03, 1.4749e+00, 2.9979e-03, 
 2DIAGNOSTIC,    17, -8.774111373057e-01, 2.183460134717e-03, 1.4763e+00, 1.4420e-03, 
 2DIAGNOSTIC,    18, -8.774637905726e-01, 1.985646695912e-03, 1.4777e+00, 1.4310e-03, 
 2DIAGNOSTIC,    19, -8.797557197744e-01, 1.911418585131e-03, 1.4792e+00, 1.4300e-03, 
 2DIAGNOSTIC,    20, -8.796537143878e-01, 1.709373032665e-03, 1.4806e+00, 1.4179e-03, 
 2DIAGNOSTIC,    21, -8.809142354882e-01, 1.427733713833e-03, 1.4820e+00, 1.4348e-03, 
 2DIAGNOSTIC,    22, -8.831829858115e-01, 1.125250918787e-03, 1.4835e+00, 1.4338e-03, 
 2DIAGNOSTIC,    23, -8.858106546851e-01, 8.303279695105e-04, 1.4851e+00, 1.6439e-03, 
 2DIAGNOSTIC,    24, -8.953357974926e-01, 6.575471489518e-04, 1.4868e+00, 1.6630e-03, 
 2DIAGNOSTIC,    25, -8.988959281816e-01, 5.870020475080e-04, 1.4884e+00, 1.5819e-03, 
 2DIAGNOSTIC,    26, -9.030789442417e-01, 7.539856558089e-04, 1.4899e+00, 1.5471e-03, 
 2DIAGNOSTIC,    27, -9.090462548815e-01, 8.976916512847e-04, 1.4915e+00, 1.6029e-03, 
 2DIAGNOSTIC,    28, -9.111210868437e-01, 9.689587181251e-04, 1.4931e+00, 1.5900e-03, 
 2DIAGNOSTIC,    29, -9.128344543466e-01, 9.889996700319e-04, 1.4945e+00, 1.4110e-03, 
 2DIAGNOSTIC,    30, -9.134437467430e-01, 9.199451061482e-04, 1.4959e+00, 1.4079e-03, 
 2DIAGNOSTIC,    31, -9.152438368422e-01, 8.019326562726e-04, 1.4976e+00, 1.7190e-03, 
 2DIAGNOSTIC,    32, -9.161552560492e-01, 6.483019566230e-04, 1.4992e+00, 1.5590e-03, 
 2DIAGNOSTIC,    33, -9.162328293446e-01, 4.680354355485e-04, 1.5033e+00, 4.1168e-03, 
 2DIAGNOSTIC,    34, -9.162327075993e-01, 3.471556917115e-04, 1.5047e+00, 1.3700e-03, 
 2DIAGNOSTIC,    35, -9.162327894483e-01, 2.338775544757e-04, 1.5060e+00, 1.3680e-03, 
 2DIAGNOSTIC,    36, -9.162329278511e-01, 1.417643719113e-04, 1.5074e+00, 1.3950e-03, 
 2DIAGNOSTIC,    37, -9.162331618714e-01, 9.376895043280e-05, 1.5088e+00, 1.3900e-03, 
 2DIAGNOSTIC,    38, -9.162335575488e-01, 5.727385757792e-05, 1.5102e+00, 1.3990e-03, 
 2DIAGNOSTIC,    39, -9.162342264982e-01, 3.185839204782e-05, 1.5116e+00, 1.3900e-03, 
 2DIAGNOSTIC,    40, -9.162353572964e-01, 9.470338490136e-06, 1.5130e+00, 1.3859e-03, 
 2DIAGNOSTIC,    41, -9.162372683595e-01, 1.492579102039e-06, 1.5144e+00, 1.3938e-03, 
DIAGNOSTIC,Iteration,metricValue,convergenceValue,ITERATION_TIME_INDEX,SINCE_LAST
 2DIAGNOSTIC,     1, -6.514137970532e-01, 1.797693134862e+308, 2.9695e+00, 1.4551e+00, 
 2DIAGNOSTIC,     2, -6.530040556256e-01, 1.797693134862e+308, 2.9820e+00, 1.2512e-02, 
 2DIAGNOSTIC,     3, -6.553039355002e-01, 1.797693134862e+308, 2.9942e+00, 1.2165e-02, 
 2DIAGNOSTIC,     4, -6.583777991831e-01, 1.797693134862e+308, 3.0090e+00, 1.4794e-02, 
 2DIAGNOSTIC,     5, -6.623685900853e-01, 1.797693134862e+308, 3.0218e+00, 1.2807e-02, 
 2DIAGNOSTIC,     6, -6.672097988909e-01, 1.797693134862e+308, 3.0332e+00, 1.1386e-02, 
 2DIAGNOSTIC,     7, -6.729144520789e-01, 1.797693134862e+308, 3.0463e+00, 1.3145e-02, 
 2DIAGNOSTIC,     8, -6.832791909963e-01, 1.797693134862e+308, 3.0628e+00, 1.6485e-02, 
 2DIAGNOSTIC,     9, -6.839570065943e-01, 1.797693134862e+308, 3.0739e+00, 1.1154e-02, 
 2DIAGNOSTIC,    10, -6.852649661489e-01, 3.756289913562e-03, 3.0853e+00, 1.1319e-02, 
 2DIAGNOSTIC,    11, -6.866408687476e-01, 3.419517952920e-03, 3.0966e+00, 1.1307e-02, 
 2DIAGNOSTIC,    12, -6.876597445871e-01, 2.921752047523e-03, 3.1093e+00, 1.2757e-02, 
 2DIAGNOSTIC,    13, -6.891200768185e-01, 2.356342272751e-03, 3.1223e+00, 1.2982e-02, 
 2DIAGNOSTIC,    14, -6.896466961299e-01, 1.767898829936e-03, 3.1349e+00, 1.2549e-02, 
 2DIAGNOSTIC,    15, -6.903677941785e-01, 1.233540527034e-03, 3.1462e+00, 1.1304e-02, 
 2DIAGNOSTIC,    16, -6.907315579885e-01, 7.902447921311e-04, 3.1575e+00, 1.1318e-02, 
 2DIAGNOSTIC,    17, -6.920894811026e-01, 4.951199344094e-04, 3.1701e+00, 1.2604e-02, 
 2DIAGNOSTIC,    18, -6.930255195217e-01, 4.506085146060e-04, 3.1941e+00, 2.4013e-02, 
 2DIAGNOSTIC,    19, -6.931214057896e-01, 3.858380265933e-04, 3.2066e+00, 1.2540e-02, 
 2DIAGNOSTIC,    20, -6.931421870469e-01, 3.200822196125e-04, 3.2179e+00, 1.1267e-02, 
 2DIAGNOSTIC,    21, -6.930802205839e-01, 2.572201280098e-04, 3.2291e+00, 1.1208e-02, 
 2DIAGNOSTIC,    22, -6.931306265089e-01, 1.957259263441e-04, 3.2403e+00, 1.1217e-02, 
 2DIAGNOSTIC,    23, -6.932025317977e-01, 1.488994806039e-04, 3.2515e+00, 1.1181e-02, 
 2DIAGNOSTIC,    24, -6.931751984375e-01, 1.008750370027e-04, 3.2626e+00, 1.1126e-02, 
 2DIAGNOSTIC,    25, -6.932631961854e-01, 6.129541555569e-05, 3.2739e+00, 1.1265e-02, 
 2DIAGNOSTIC,    26, -6.933509332605e-01, 2.597165016966e-05, 3.2864e+00, 1.2460e-02, 
 2DIAGNOSTIC,    27, -6.934256397682e-01, 1.263505337652e-05, 3.2977e+00, 1.1325e-02, 
 2DIAGNOSTIC,    28, -6.934293805575e-01, 1.308706736848e-05, 3.3089e+00, 1.1202e-02, 
 2DIAGNOSTIC,    29, -6.938843462548e-01, 2.030235672040e-05, 3.3201e+00, 1.1239e-02, 
 2DIAGNOSTIC,    30, -6.944284232404e-01, 3.290401086593e-05, 3.3326e+00, 1.2477e-02, 
 2DIAGNOSTIC,    31, -6.944175962622e-01, 4.051754899175e-05, 3.3489e+00, 1.6279e-02, 
 2DIAGNOSTIC,    32, -6.944311592504e-01, 4.489145175256e-05, 3.3639e+00, 1.4975e-02, 
 2DIAGNOSTIC,    33, -6.944379243241e-01, 4.594581597429e-05, 3.3751e+00, 1.1212e-02, 
 2DIAGNOSTIC,    34, -6.943601482965e-01, 4.126307721260e-05, 3.3877e+00, 1.2671e-02, 
 2DIAGNOSTIC,    35, -6.943694396449e-01, 3.405805399871e-05, 3.3990e+00, 1.1299e-02, 
 2DIAGNOSTIC,    36, -6.942886679074e-01, 2.421535749951e-05, 3.4102e+00, 1.1204e-02, 
 2DIAGNOSTIC,    37, -6.943037187530e-01, 1.386817697517e-05, 3.4215e+00, 1.1238e-02, 
DIAGNOSTIC,Iteration,metricValue,convergenceValue,ITERATION_TIME_INDEX,SINCE_LAST
 2DIAGNOSTIC,     1, -5.740945569548e-01, 1.797693134862e+308, 4.9931e+00, 1.5716e+00, 
 2DIAGNOSTIC,     2, -5.745754737196e-01, 1.797693134862e+308, 5.1046e+00, 1.1151e-01, 
 2DIAGNOSTIC,     3, -5.752776310130e-01, 1.797693134862e+308, 5.2174e+00, 1.1279e-01, 
 2DIAGNOSTIC,     4, -5.761068794247e-01, 1.797693134862e+308, 5.3295e+00, 1.1213e-01, 
 2DIAGNOSTIC,     5, -5.768885122982e-01, 1.797693134862e+308, 5.4411e+00, 1.1161e-01, 
 2DIAGNOSTIC,     6, -5.777847496366e-01, 1.797693134862e+308, 5.5526e+00, 1.1146e-01, 
 2DIAGNOSTIC,     7, -5.788286471455e-01, 1.797693134862e+308, 5.6792e+00, 1.2661e-01, 
 2DIAGNOSTIC,     8, -5.795055004622e-01, 1.797693134862e+308, 5.8057e+00, 1.2647e-01, 
 2DIAGNOSTIC,     9, -5.797825804535e-01, 1.797693134862e+308, 5.9624e+00, 1.5672e-01, 
 2DIAGNOSTIC,    10, -5.797509447406e-01, 7.216371187633e-04, 6.0763e+00, 1.1395e-01, 
 2DIAGNOSTIC,    11, -5.798866381412e-01, 5.931972084399e-04, 6.2032e+00, 1.2689e-01, 
 2DIAGNOSTIC,    12, -5.799373680395e-01, 4.542810045432e-04, 6.3300e+00, 1.2680e-01, 
 2DIAGNOSTIC,    13, -5.799885646914e-01, 3.239240745653e-04, 6.4568e+00, 1.2673e-01, 
 2DIAGNOSTIC,    14, -5.800209299297e-01, 2.133100383517e-04, 6.5685e+00, 1.1178e-01, 
 2DIAGNOSTIC,    15, -5.800428457413e-01, 1.244792650547e-04, 6.6801e+00, 1.1153e-01, 
 2DIAGNOSTIC,    16, -5.801301889159e-01, 6.519628051793e-05, 6.7917e+00, 1.1167e-01, 
 2DIAGNOSTIC,    17, -5.803648505210e-01, 4.347229633802e-05, 6.9032e+00, 1.1144e-01, 
 2DIAGNOSTIC,    18, -5.806914408942e-01, 4.736927324495e-05, 7.0899e+00, 1.8672e-01, 
 2DIAGNOSTIC,    19, -5.808003780732e-01, 5.654259188846e-05, 7.2328e+00, 1.4288e-01, 
 2DIAGNOSTIC,    20, -5.808144358127e-01, 5.930033418369e-05, 7.3593e+00, 1.2648e-01, 
 2DIAGNOSTIC,    21, -5.808076283487e-01, 5.951471254109e-05, 7.4707e+00, 1.1142e-01, 
 2DIAGNOSTIC,    22, -5.808020141219e-01, 5.521073978376e-05, 7.5973e+00, 1.2659e-01, 
 2DIAGNOSTIC,    23, -5.808147802023e-01, 4.749556794596e-05, 7.7086e+00, 1.1135e-01, 
 2DIAGNOSTIC,    24, -5.808302347166e-01, 3.709349054658e-05, 7.8201e+00, 1.1145e-01, 
 2DIAGNOSTIC,    25, -5.808583379398e-01, 2.524103299913e-05, 7.9323e+00, 1.1219e-01, 
 2DIAGNOSTIC,    26, -5.810101862461e-01, 1.653743125901e-05, 8.0442e+00, 1.1191e-01, 
 2DIAGNOSTIC,    27, -5.810923715344e-01, 1.258654032223e-05, 8.1716e+00, 1.2741e-01, 
 2DIAGNOSTIC,    28, -5.810820196477e-01, 1.332416203664e-05, 8.2989e+00, 1.2730e-01, 
 2DIAGNOSTIC,    29, -5.811141572619e-01, 1.529299417144e-05, 8.4266e+00, 1.2772e-01, 
 2DIAGNOSTIC,    30, -5.812052787759e-01, 1.749992938321e-05, 8.6002e+00, 1.7358e-01, 
 2DIAGNOSTIC,    31, -5.811813188714e-01, 1.744578246105e-05, 8.7129e+00, 1.1275e-01, 
 2DIAGNOSTIC,    32, -5.811818175705e-01, 1.577136561322e-05, 8.8403e+00, 1.2733e-01, 
 2DIAGNOSTIC,    33, -5.811573156308e-01, 1.267210357178e-05, 8.9526e+00, 1.1231e-01, 
 2DIAGNOSTIC,    34, -5.811590808953e-01, 8.919154040440e-06, 9.0648e+00, 1.1219e-01, 
 2DIAGNOSTIC,    35, -5.811623203388e-01, 4.985711007186e-06, 9.1927e+00, 1.2794e-01, 
 2DIAGNOSTIC,    36, -5.811724429791e-01, 3.057130166628e-06, 9.3509e+00, 1.5819e-01, 
 2DIAGNOSTIC,    37, -5.811735998192e-01, 2.158641691650e-06, 9.4783e+00, 1.2744e-01, 
 2DIAGNOSTIC,    38, -5.811741265249e-01, 1.061597172444e-06, 9.5897e+00, 1.1137e-01, 
DIAGNOSTIC,Iteration,metricValue,convergenceValue,ITERATION_TIME_INDEX,SINCE_LAST
 2DIAGNOSTIC,     1, -5.145382973173e-01, 1.797693134862e+308, 1.1959e+01, 2.3694e+00, 
 2DIAGNOSTIC,     2, -5.147295108832e-01, 1.797693134862e+308, 1.2725e+01, 7.6577e-01, 
 2DIAGNOSTIC,     3, -5.150386127839e-01, 1.797693134862e+308, 1.3497e+01, 7.7258e-01, 
 2DIAGNOSTIC,     4, -5.154250715589e-01, 1.797693134862e+308, 1.4263e+01, 7.6587e-01, 
 2DIAGNOSTIC,     5, -5.158077962609e-01, 1.797693134862e+308, 1.5434e+01, 1.1710e+00, 
 2DIAGNOSTIC,     6, -5.158364923673e-01, 1.797693134862e+308, 1.6600e+01, 1.1656e+00, 
 2DIAGNOSTIC,     7, -5.158402637060e-01, 1.797693134862e+308, 1.7569e+01, 9.6941e-01, 
 2DIAGNOSTIC,     8, -5.158425809517e-01, 1.797693134862e+308, 1.8638e+01, 1.0691e+00, 
 2DIAGNOSTIC,     9, -5.158412275898e-01, 1.797693134862e+308, 1.9498e+01, 8.5952e-01, 
 2DIAGNOSTIC,    10, -5.158417145149e-01, 1.706655640083e-04, 2.0461e+01, 9.6305e-01, 
 2DIAGNOSTIC,    11, -5.158409805751e-01, 1.092540430923e-04, 2.1336e+01, 8.7498e-01, 
 2DIAGNOSTIC,    12, -5.158401692037e-01, 5.738048498842e-05, 2.2102e+01, 7.6595e-01, 
 2DIAGNOSTIC,    13, -5.158393838345e-01, 2.136925772231e-05, 2.2863e+01, 7.6080e-01, 
 2DIAGNOSTIC,    14, -5.158387140419e-01, 3.561270550623e-06, 2.3621e+01, 7.5836e-01, 
 2DIAGNOSTIC,    15, -5.158391939943e-01, 2.066078812160e-06, 2.4491e+01, 8.7016e-01, 
 2DIAGNOSTIC,    16, -5.158377625003e-01, 1.698005302003e-06, 2.5252e+01, 7.6065e-01, 
 2DIAGNOSTIC,    17, -5.158305396913e-01, 1.287507232238e-06, 2.6117e+01, 8.6477e-01, 
 2DIAGNOSTIC,    18, -5.158301663512e-01, 1.043766498510e-06, 2.6880e+01, 7.6294e-01, 
DIAGNOSTIC,Iteration,metricValue,convergenceValue,ITERATION_TIME_INDEX,SINCE_LAST
 2DIAGNOSTIC,     1, -4.734902825757e-01, 1.797693134862e+308, 3.2950e+01, 6.0701e+00, 
 2DIAGNOSTIC,     2, -4.736747191559e-01, 1.797693134862e+308, 3.7864e+01, 4.9145e+00, 
 2DIAGNOSTIC,     3, -4.738832619508e-01, 1.797693134862e+308, 4.2731e+01, 4.8670e+00, 
 2DIAGNOSTIC,     4, -4.740932491550e-01, 1.797693134862e+308, 4.7550e+01, 4.8187e+00, 
 2DIAGNOSTIC,     5, -4.743145066960e-01, 1.797693134862e+308, 5.2943e+01, 5.3934e+00, 
 2DIAGNOSTIC,     6, -4.745905771218e-01, 1.797693134862e+308, 5.8344e+01, 5.4005e+00, 
 2DIAGNOSTIC,     7, -4.746929191109e-01, 1.797693134862e+308, 6.7262e+01, 8.9183e+00, 
 2DIAGNOSTIC,     8, -4.746930694676e-01, 1.797693134862e+308, 7.2644e+01, 5.3824e+00, 
 2DIAGNOSTIC,     9, -4.746929026777e-01, 1.797693134862e+308, 7.8638e+01, 5.9937e+00, 
 2DIAGNOSTIC,    10, -4.746927686673e-01, 1.821228768117e-04, 8.4616e+01, 5.9774e+00, 
 2DIAGNOSTIC,    11, -4.746925920555e-01, 1.303431789786e-04, 9.0585e+01, 5.9692e+00, 
 2DIAGNOSTIC,    12, -4.746923902263e-01, 8.484160273174e-05, 9.7134e+01, 6.5492e+00, 
 2DIAGNOSTIC,    13, -4.746922328328e-01, 4.856334648645e-05, 1.0258e+02, 5.4492e+00, 
 2DIAGNOSTIC,    14, -4.746923109802e-01, 2.221421531397e-05, 1.0803e+02, 5.4460e+00, 
 2DIAGNOSTIC,    15, -4.746921675087e-01, 6.123811262554e-06, 1.1345e+02, 5.4172e+00, 
 2DIAGNOSTIC,    16, -4.746921056947e-01, 1.903072600118e-06, 1.1826e+02, 4.8175e+00, 
 2DIAGNOSTIC,    17, -4.746919682470e-01, 1.788373730001e-06, 1.2308e+02, 4.8166e+00, 
 2DIAGNOSTIC,    18, -4.746917760720e-01, 1.692912171190e-06, 1.2848e+02, 5.4044e+00, 
 2DIAGNOSTIC,    19, -4.746918197763e-01, 1.610621108726e-06, 1.3389e+02, 5.4053e+00, 
 2DIAGNOSTIC,    20, -4.746918102706e-01, 1.538142463849e-06, 1.3930e+02, 5.4113e+00, 
 2DIAGNOSTIC,    21, -4.746917364773e-01, 1.470508956151e-06, 1.4471e+02, 5.4111e+00, 
 2DIAGNOSTIC,    22, -4.746916456855e-01, 1.405497024709e-06, 1.5011e+02, 5.4013e+00, 
 2DIAGNOSTIC,    23, -4.746915546653e-01, 1.343509557196e-06, 1.5551e+02, 5.3968e+00, 
 2DIAGNOSTIC,    24, -4.746915551043e-01, 1.292441241342e-06, 1.6091e+02, 5.4031e+00, 
 2DIAGNOSTIC,    25, -4.746915273770e-01, 1.244371443450e-06, 1.6633e+02, 5.4148e+00, 
 2DIAGNOSTIC,    26, -4.746914905910e-01, 1.200481834926e-06, 1.7173e+02, 5.4006e+00, 
 2DIAGNOSTIC,    27, -4.746914291578e-01, 1.157829546058e-06, 1.7653e+02, 4.7999e+00, 
 2DIAGNOSTIC,    28, -4.746913984560e-01, 1.115412744356e-06, 1.8192e+02, 5.3921e+00, 
 2DIAGNOSTIC,    29, -4.746915059231e-01, 1.080983982882e-06, 1.8732e+02, 5.3966e+00, 
 2DIAGNOSTIC,    30, -4.746914213801e-01, 1.048422954363e-06, 1.9276e+02, 5.4462e+00, 
 2DIAGNOSTIC,    31, -4.746913609007e-01, 1.016635001946e-06, 1.9820e+02, 5.4343e+00, 
  Elapsed time (stage 0): 2.0130e+02


Total elapsed time: 2.0130e+02
-i /mnt/lustre/mathdugre/fast-interpolate/datasets/ds004513/derivatives/flint/ants/flint-vprec-single-five-levels/sub-s032/ses-open/anat/1/1_Rigid.nii.gz -o /mnt/lustre/mathdugre/fast-interpolate/datasets/ds004513/derivatives/flint/ants/flint-vprec-single-five-levels/sub-s032/ses-open/anat/10/1_transformed.nii.gz -t /mnt/lustre/mathdugre/fast-interpolate/datasets/ds004513/derivatives/flint/ants/flint-vprec-single-five-levels/sub-s032/ses-open/anat/10/1_0GenericAffine.mat
