---------------------
Experiment information

SIF_IMG: /mnt/lustre/mathdugre/containers/ants-flint-vprec.simg
SIF_IMG_BASE: /mnt/lustre/mathdugre/containers/ants-flint-base.simg
EXPERIMENT_NAME: flint-vprec-single
STAGE: syn
SUBJECT_ID: s020
REPETITION_ID: 1

FIXED_IMG: /templateflow/tpl-MNI152NLin2009cAsym/tpl-MNI152NLin2009cAsym_res-01_desc-brain_T1w.nii.gz
INPUT_IMG: /mnt/lustre/mathdugre/fast-interpolate/datasets/ds004513/derivatives/flint/ants/flint-vprec-single/sub-s020/ses-open/anat/01/1_Affine.nii.gz

DATA_DIR: /mnt/lustre/mathdugre/fast-interpolate/datasets/ds004513
OUTPUT_DIR: /mnt/lustre/mathdugre/fast-interpolate/datasets/ds004513/derivatives/flint/ants/flint-vprec-single/sub-s020/ses-open/anat
OUTPUT_PREFIX: 011
THREAD: 1
FLOAT: 0
VFC_BACKENDS: libinterflop_vprec.so --precision-binary32=23 --range-binary32=8 --precision-binary64=23 --range-binary64=8
---------------------

--output [/mnt/lustre/mathdugre/fast-interpolate/datasets/ds004513/derivatives/flint/ants/flint-vprec-single/sub-s020/ses-open/anat/011/1_,/mnt/lustre/mathdugre/fast-interpolate/datasets/ds004513/derivatives/flint/ants/flint-vprec-single/sub-s020/ses-open/anat/011/1_Warped.nii.gz,/mnt/lustre/mathdugre/fast-interpolate/datasets/ds004513/derivatives/flint/ants/flint-vprec-single/sub-s020/ses-open/anat/011/1_InverseSyN.nii.gz] --initial-moving-transform [/templateflow/tpl-MNI152NLin2009cAsym/tpl-MNI152NLin2009cAsym_res-01_desc-brain_T1w.nii.gz,/mnt/lustre/mathdugre/fast-interpolate/datasets/ds004513/derivatives/flint/ants/flint-vprec-single/sub-s020/ses-open/anat/01/1_Affine.nii.gz,1] --transform SyN[ 0.1,3,0 ] --metric CC[/templateflow/tpl-MNI152NLin2009cAsym/tpl-MNI152NLin2009cAsym_res-01_desc-brain_T1w.nii.gz,/mnt/lustre/mathdugre/fast-interpolate/datasets/ds004513/derivatives/flint/ants/flint-vprec-single/sub-s020/ses-open/anat/01/1_Affine.nii.gz,1,4] --convergence [100x70x50x20,1e-6,10] --shrink-factors 8x4x2x1 --smoothing-sigmas 3x2x1x0vox
All_Command_lines_OK
Using double precision for computations.
=============================================================================
The composite transform comprises the following transforms (in order): 
  1. Center of mass alignment using fixed image: /templateflow/tpl-MNI152NLin2009cAsym/tpl-MNI152NLin2009cAsym_res-01_desc-brain_T1w.nii.gz and moving image: /mnt/lustre/mathdugre/fast-interpolate/datasets/ds004513/derivatives/flint/ants/flint-vprec-single/sub-s020/ses-open/anat/01/1_Affine.nii.gz (type = Euler3DTransform)
=============================================================================
  number of levels = 4
  fixed image: /templateflow/tpl-MNI152NLin2009cAsym/tpl-MNI152NLin2009cAsym_res-01_desc-brain_T1w.nii.gz
  moving image: /mnt/lustre/mathdugre/fast-interpolate/datasets/ds004513/derivatives/flint/ants/flint-vprec-single/sub-s020/ses-open/anat/01/1_Affine.nii.gz
Dimension = 3
Number of stages = 1
Use histogram matching = false
Winsorize image intensities = true
  Lower quantile = 0.005
  Upper quantile = 0.995


Stage 1 State
   Image metric = CC
     Fixed image = Image (0x3dbfb50)
  RTTI typeinfo:   itk::Image<double, 3u>
  Reference Count: 2
  Modified Time: 1622
  Debug: Off
  Object Name: 
  Observers: 
    none
  Source: (none)
  Source output name: (none)
  Release Data: Off
  Data Released: False
  Global Release Data: Off
  PipelineMTime: 0
  UpdateMTime: 1407
  RealTimeStamp: 0 seconds 
  LargestPossibleRegion: 
    Dimension: 3
    Index: [0, 0, 0]
    Size: [193, 229, 193]
  BufferedRegion: 
    Dimension: 3
    Index: [0, 0, 0]
    Size: [193, 229, 193]
  RequestedRegion: 
    Dimension: 3
    Index: [0, 0, 0]
    Size: [193, 229, 193]
  Spacing: [1, 1, 1]
  Origin: [96, 132, -78]
  Direction: 
-1 0 0
0 -1 0
0 0 1

  IndexToPointMatrix: 
-1 0 0
0 -1 0
0 0 1

  PointToIndexMatrix: 
-1 0 0
0 -1 0
0 0 1

  Inverse Direction: 
-1 0 0
0 -1 0
0 0 1

  PixelContainer: 
    ImportImageContainer (0x3e386d0)
      RTTI typeinfo:   itk::ImportImageContainer<unsigned long, double>
      Reference Count: 1
      Modified Time: 1404
      Debug: Off
      Object Name: 
      Observers: 
        none
      Pointer: 0x7f18bdd9b010
      Container manages memory: true
      Size: 8530021
      Capacity: 8530021

     Moving image = Image (0x3dcbd60)
  RTTI typeinfo:   itk::Image<double, 3u>
  Reference Count: 2
  Modified Time: 1623
  Debug: Off
  Object Name: 
  Observers: 
    none
  Source: (none)
  Source output name: (none)
  Release Data: Off
  Data Released: False
  Global Release Data: Off
  PipelineMTime: 0
  UpdateMTime: 1620
  RealTimeStamp: 0 seconds 
  LargestPossibleRegion: 
    Dimension: 3
    Index: [0, 0, 0]
    Size: [193, 229, 193]
  BufferedRegion: 
    Dimension: 3
    Index: [0, 0, 0]
    Size: [193, 229, 193]
  RequestedRegion: 
    Dimension: 3
    Index: [0, 0, 0]
    Size: [193, 229, 193]
  Spacing: [1, 1, 1]
  Origin: [96, 132, -78]
  Direction: 
-1 0 0
0 -1 0
0 0 1

  IndexToPointMatrix: 
-1 0 0
0 -1 0
0 0 1

  PointToIndexMatrix: 
-1 0 0
0 -1 0
0 0 1

  Inverse Direction: 
-1 0 0
0 -1 0
0 0 1

  PixelContainer: 
    ImportImageContainer (0x3e987d0)
      RTTI typeinfo:   itk::ImportImageContainer<unsigned long, double>
      Reference Count: 1
      Modified Time: 1617
      Debug: Off
      Object Name: 
      Observers: 
        none
      Pointer: 0x7f18b9c86010
      Container manages memory: true
      Size: 8530021
      Capacity: 8530021

     Weighting = 1
     Sampling strategy = none
     Number of bins = 32
     Radius = 4
     Sampling percentage  = 1
   Transform = SyN
     Gradient step = 0.1
     Update field sigma (voxel space) = 3
     Total field sigma (voxel space) = 0
     Update field time sigma = 0
     Total field time sigma  = 0
     Number of time indices = 0
     Number of time point samples = 0
Registration using 1 total stages.

Stage 0
  iterations = 100x70x50x20
  convergence threshold = 1e-06
  convergence window size = 10
  number of levels = 4
  using the CC metric (radius = 4, weight = 1, use gradient filter = 0)
  preprocessing:  winsorizing the image intensities
  Shrink factors (level 1 out of 4): [8, 8, 8]
  Shrink factors (level 2 out of 4): [4, 4, 4]
  Shrink factors (level 3 out of 4): [2, 2, 2]
  Shrink factors (level 4 out of 4): [1, 1, 1]
  smoothing sigmas per level: [3, 2, 1, 0]
  Using default NONE metricSamplingStrategy 

*** Running SyN registration (varianceForUpdateField = 3, varianceForTotalField = 0) ***

XXDIAGNOSTIC,Iteration,metricValue,convergenceValue,ITERATION_TIME_INDEX,SINCE_LAST
 1DIAGNOSTIC,     1, -8.503211736679e-01, 1.797693134862e+308, 0.0000e+00, 0.0000e+00, 
 1DIAGNOSTIC,     2, -8.672722578049e-01, 1.797693134862e+308, 0.0000e+00, 0.0000e+00, 
 1DIAGNOSTIC,     3, -8.802698850632e-01, 1.797693134862e+308, 0.0000e+00, 0.0000e+00, 
 1DIAGNOSTIC,     4, -8.899145126343e-01, 1.797693134862e+308, 1.2800e+02, 1.2800e+02, 
 1DIAGNOSTIC,     5, -8.971469998360e-01, 1.797693134862e+308, 1.2800e+02, 0.0000e+00, 
 1DIAGNOSTIC,     6, -9.019601345062e-01, 1.797693134862e+308, 1.2800e+02, 0.0000e+00, 
 1DIAGNOSTIC,     7, -9.058666825294e-01, 1.797693134862e+308, 1.2800e+02, 0.0000e+00, 
 1DIAGNOSTIC,     8, -9.090172648430e-01, 1.797693134862e+308, 1.2800e+02, 0.0000e+00, 
 1DIAGNOSTIC,     9, -9.115719795227e-01, 1.797693134862e+308, 1.2800e+02, 0.0000e+00, 
 1DIAGNOSTIC,    10, -9.135618209839e-01, 4.153765738010e-03, 1.2800e+02, 0.0000e+00, 
 1DIAGNOSTIC,    11, -9.152452945709e-01, 2.845846116543e-03, 2.5600e+02, 1.2800e+02, 
 1DIAGNOSTIC,    12, -9.165827631950e-01, 1.983262598515e-03, 2.5600e+02, 0.0000e+00, 
 1DIAGNOSTIC,    13, -9.177601337433e-01, 1.418277621269e-03, 2.5600e+02, 0.0000e+00, 
 1DIAGNOSTIC,    14, -9.187682271004e-01, 1.044444739819e-03, 2.5600e+02, 0.0000e+00, 
 1DIAGNOSTIC,    15, -9.196715354919e-01, 7.957518100739e-04, 2.5600e+02, 0.0000e+00, 
 1DIAGNOSTIC,    16, -9.204277992249e-01, 6.143748760223e-04, 2.5600e+02, 0.0000e+00, 
 1DIAGNOSTIC,    17, -9.211246371269e-01, 4.825890064240e-04, 2.5600e+02, 0.0000e+00, 
 1DIAGNOSTIC,    18, -9.216980338097e-01, 3.855600953102e-04, 2.5600e+02, 0.0000e+00, 
 1DIAGNOSTIC,    19, -9.221688508987e-01, 3.128014504910e-04, 3.8400e+02, 1.2800e+02, 
 1DIAGNOSTIC,    20, -9.225929379463e-01, 2.559423446655e-04, 3.8400e+02, 0.0000e+00, 
 1DIAGNOSTIC,    21, -9.229552745819e-01, 2.110973000526e-04, 3.8400e+02, 0.0000e+00, 
 1DIAGNOSTIC,    22, -9.232592582703e-01, 1.739040017128e-04, 3.8400e+02, 0.0000e+00, 
 1DIAGNOSTIC,    23, -9.235374927521e-01, 1.434385776520e-04, 3.8400e+02, 0.0000e+00, 
 1DIAGNOSTIC,    24, -9.237792491913e-01, 1.183338463306e-04, 3.8400e+02, 0.0000e+00, 
 1DIAGNOSTIC,    25, -9.239939451218e-01, 9.809061884880e-05, 3.8400e+02, 0.0000e+00, 
 1DIAGNOSTIC,    26, -9.241863489151e-01, 8.157640695572e-05, 5.1200e+02, 1.2800e+02, 
 1DIAGNOSTIC,    27, -9.243606328964e-01, 6.869062781334e-05, 5.1200e+02, 0.0000e+00, 
 1DIAGNOSTIC,    28, -9.245303273201e-01, 5.855411291122e-05, 5.1200e+02, 0.0000e+00, 
 1DIAGNOSTIC,    29, -9.246673583984e-01, 5.015358328819e-05, 5.1200e+02, 0.0000e+00, 
 1DIAGNOSTIC,    30, -9.247961044312e-01, 4.335865378380e-05, 5.1200e+02, 0.0000e+00, 
 1DIAGNOSTIC,    31, -9.249119162560e-01, 3.776326775551e-05, 5.1200e+02, 0.0000e+00, 
 1DIAGNOSTIC,    32, -9.250192046165e-01, 3.298744559288e-05, 5.1200e+02, 0.0000e+00, 
 1DIAGNOSTIC,    33, -9.251136779785e-01, 2.894178032875e-05, 5.1200e+02, 0.0000e+00, 
 1DIAGNOSTIC,    34, -9.252040386200e-01, 2.548843622208e-05, 6.4000e+02, 1.2800e+02, 
 1DIAGNOSTIC,    35, -9.252865910530e-01, 2.251006662846e-05, 6.4000e+02, 0.0000e+00, 
 1DIAGNOSTIC,    36, -9.253621101379e-01, 1.993402838707e-05, 6.4000e+02, 0.0000e+00, 
 1DIAGNOSTIC,    37, -9.254353046417e-01, 1.773610711098e-05, 6.4000e+02, 0.0000e+00, 
 1DIAGNOSTIC,    38, -9.254978299141e-01, 1.592747867107e-05, 6.4000e+02, 0.0000e+00, 
 1DIAGNOSTIC,    39, -9.255614876747e-01, 1.435540616512e-05, 6.4000e+02, 0.0000e+00, 
 1DIAGNOSTIC,    40, -9.256185293198e-01, 1.299381256104e-05, 6.4000e+02, 0.0000e+00, 
 1DIAGNOSTIC,    41, -9.256719350815e-01, 1.180171966553e-05, 7.6800e+02, 1.2800e+02, 
 1DIAGNOSTIC,    42, -9.257348775864e-01, 1.086480915546e-05, 7.6800e+02, 0.0000e+00, 
 1DIAGNOSTIC,    43, -9.257825016975e-01, 1.000799238682e-05, 7.6800e+02, 0.0000e+00, 
 1DIAGNOSTIC,    44, -9.258241653442e-01, 9.231269359589e-06, 7.6800e+02, 0.0000e+00, 
 1DIAGNOSTIC,    45, -9.258646368980e-01, 8.512288331985e-06, 7.6800e+02, 0.0000e+00, 
 1DIAGNOSTIC,    46, -9.259005188942e-01, 7.823109626770e-06, 7.6800e+02, 0.0000e+00, 
 1DIAGNOSTIC,    47, -9.259406328201e-01, 7.215887308121e-06, 7.6800e+02, 0.0000e+00, 
 1DIAGNOSTIC,    48, -9.259793758392e-01, 6.657093763351e-06, 7.6800e+02, 0.0000e+00, 
 1DIAGNOSTIC,    49, -9.260139465332e-01, 6.156042218208e-06, 8.9600e+02, 1.2800e+02, 
 1DIAGNOSTIC,    50, -9.260293841362e-01, 5.600973963737e-06, 8.9600e+02, 0.0000e+00, 
 1DIAGNOSTIC,    51, -9.260609149933e-01, 5.092471837997e-06, 8.9600e+02, 0.0000e+00, 
 1DIAGNOSTIC,    52, -9.260901212692e-01, 4.721805453300e-06, 8.9600e+02, 0.0000e+00, 
 1DIAGNOSTIC,    53, -9.261165857315e-01, 4.399567842484e-06, 8.9600e+02, 0.0000e+00, 
 1DIAGNOSTIC,    54, -9.261428713799e-01, 4.107132554054e-06, 8.9600e+02, 0.0000e+00, 
 1DIAGNOSTIC,    55, -9.261676073074e-01, 3.850087523460e-06, 8.9600e+02, 0.0000e+00, 
 1DIAGNOSTIC,    56, -9.261940717697e-01, 3.634020686150e-06, 1.0240e+03, 1.2800e+02, 
 1DIAGNOSTIC,    57, -9.262150526047e-01, 3.451481461525e-06, 1.0240e+03, 0.0000e+00, 
 1DIAGNOSTIC,    58, -9.262325763702e-01, 3.296881914139e-06, 1.0240e+03, 0.0000e+00, 
 1DIAGNOSTIC,    59, -9.262523055077e-01, 3.170222043991e-06, 1.0240e+03, 0.0000e+00, 
 1DIAGNOSTIC,    60, -9.262703657150e-01, 2.961605787277e-06, 1.0240e+03, 0.0000e+00, 
 1DIAGNOSTIC,    61, -9.262903332710e-01, 2.782791852951e-06, 1.0240e+03, 0.0000e+00, 
 1DIAGNOSTIC,    62, -9.263052940369e-01, 2.611428499222e-06, 1.0240e+03, 0.0000e+00, 
 1DIAGNOSTIC,    63, -9.263212680817e-01, 2.449378371239e-06, 1.0240e+03, 0.0000e+00, 
 1DIAGNOSTIC,    64, -9.263366460800e-01, 2.302229404449e-06, 1.1520e+03, 1.2800e+02, 
 1DIAGNOSTIC,    65, -9.263499975204e-01, 2.168118953705e-06, 1.1520e+03, 0.0000e+00, 
 1DIAGNOSTIC,    66, -9.263619780540e-01, 2.054497599602e-06, 1.1520e+03, 0.0000e+00, 
 1DIAGNOSTIC,    67, -9.263744354248e-01, 1.944601535797e-06, 1.1520e+03, 0.0000e+00, 
 1DIAGNOSTIC,    68, -9.263872504234e-01, 1.832842826843e-06, 1.1520e+03, 0.0000e+00, 
 1DIAGNOSTIC,    69, -9.263985157013e-01, 1.728534698486e-06, 1.1520e+03, 0.0000e+00, 
 1DIAGNOSTIC,    70, -9.264101386070e-01, 1.636333763599e-06, 1.1520e+03, 0.0000e+00, 
 1DIAGNOSTIC,    71, -9.264203906059e-01, 1.563690602779e-06, 1.2800e+03, 1.2800e+02, 
 1DIAGNOSTIC,    72, -9.264319539070e-01, 1.496635377407e-06, 1.2800e+03, 0.0000e+00, 
 1DIAGNOSTIC,    73, -9.264425635338e-01, 1.440756022930e-06, 1.2800e+03, 0.0000e+00, 
 1DIAGNOSTIC,    74, -9.264534115791e-01, 1.399777829647e-06, 1.2800e+03, 0.0000e+00, 
 1DIAGNOSTIC,    75, -9.264631867409e-01, 1.360662281513e-06, 1.2800e+03, 0.0000e+00, 
 1DIAGNOSTIC,    76, -9.264730215073e-01, 1.316890120506e-06, 1.2800e+03, 0.0000e+00, 
 1DIAGNOSTIC,    77, -9.264819025993e-01, 1.273117959499e-06, 1.2800e+03, 0.0000e+00, 
 1DIAGNOSTIC,    78, -9.264922142029e-01, 1.240521669388e-06, 1.2800e+03, 0.0000e+00, 
 1DIAGNOSTIC,    79, -9.265010356903e-01, 1.203268766403e-06, 1.4080e+03, 1.2800e+02, 
 1DIAGNOSTIC,    80, -9.265105724335e-01, 1.172535121441e-06, 1.4080e+03, 0.0000e+00, 
 1DIAGNOSTIC,    81, -9.265199303627e-01, 1.142732799053e-06, 1.4080e+03, 0.0000e+00, 
 1DIAGNOSTIC,    82, -9.265298843384e-01, 1.118518412113e-06, 1.4080e+03, 0.0000e+00, 
 1DIAGNOSTIC,    83, -9.265404939651e-01, 1.102685928345e-06, 1.4080e+03, 0.0000e+00, 
 1DIAGNOSTIC,    84, -9.265512228012e-01, 1.098029315472e-06, 1.4080e+03, 0.0000e+00, 
 1DIAGNOSTIC,    85, -9.265601634979e-01, 1.087784767151e-06, 1.4080e+03, 0.0000e+00, 
 1DIAGNOSTIC,    86, -9.265708327293e-01, 1.085922122002e-06, 1.4080e+03, 0.0000e+00, 
 1DIAGNOSTIC,    87, -9.265798926353e-01, 1.075677573681e-06, 1.5360e+03, 1.2800e+02, 
 1DIAGNOSTIC,    88, -9.265894293785e-01, 1.067295670509e-06, 1.5360e+03, 0.0000e+00, 
 1DIAGNOSTIC,    89, -9.266000986099e-01, 1.056119799614e-06, 1.5360e+03, 0.0000e+00, 
 1DIAGNOSTIC,    90, -9.266090393066e-01, 1.041218638420e-06, 1.5360e+03, 0.0000e+00, 
 1DIAGNOSTIC,    91, -9.266191720963e-01, 1.024454832077e-06, 1.5360e+03, 0.0000e+00, 
 1DIAGNOSTIC,    92, -9.266288876534e-01, 1.008622348309e-06, 1.5360e+03, 0.0000e+00, 
 1DIAGNOSTIC,    93, -9.266385436058e-01, 9.955838322639e-07, 1.5360e+03, 0.0000e+00, 
XXDIAGNOSTIC,Iteration,metricValue,convergenceValue,ITERATION_TIME_INDEX,SINCE_LAST
 1DIAGNOSTIC,     1, -8.545697927475e-01, 1.797693134862e+308, 1.7920e+03, 2.5600e+02, 
 1DIAGNOSTIC,     2, -8.576753139496e-01, 1.797693134862e+308, 1.9200e+03, 1.2800e+02, 
 1DIAGNOSTIC,     3, -8.604908585548e-01, 1.797693134862e+308, 2.0480e+03, 1.2800e+02, 
 1DIAGNOSTIC,     4, -8.630961179733e-01, 1.797693134862e+308, 2.3040e+03, 2.5600e+02, 
 1DIAGNOSTIC,     5, -8.653818368912e-01, 1.797693134862e+308, 2.4320e+03, 1.2800e+02, 
 1DIAGNOSTIC,     6, -8.674238920212e-01, 1.797693134862e+308, 2.5600e+03, 1.2800e+02, 
 1DIAGNOSTIC,     7, -8.692536354065e-01, 1.797693134862e+308, 2.6880e+03, 1.2800e+02, 
 1DIAGNOSTIC,     8, -8.707299232483e-01, 1.797693134862e+308, 2.8160e+03, 1.2800e+02, 
 1DIAGNOSTIC,     9, -8.720561861992e-01, 1.797693134862e+308, 2.9440e+03, 1.2800e+02, 
 1DIAGNOSTIC,    10, -8.732396960258e-01, 1.370534300804e-03, 3.2000e+03, 2.5600e+02, 
 1DIAGNOSTIC,    11, -8.743249773979e-01, 1.102872192860e-03, 3.3280e+03, 1.2800e+02, 
 1DIAGNOSTIC,    12, -8.753208518028e-01, 8.922517299652e-04, 3.4560e+03, 1.2800e+02, 
 1DIAGNOSTIC,    13, -8.762333393097e-01, 7.267296314240e-04, 3.5840e+03, 1.2800e+02, 
 1DIAGNOSTIC,    14, -8.770716190338e-01, 5.988776683807e-04, 3.7120e+03, 1.2800e+02, 
 1DIAGNOSTIC,    15, -8.778485059738e-01, 4.997253417969e-04, 3.8400e+03, 1.2800e+02, 
 1DIAGNOSTIC,    16, -8.785737156868e-01, 4.232600331306e-04, 4.0960e+03, 2.5600e+02, 
 1DIAGNOSTIC,    17, -8.792663812637e-01, 3.650039434433e-04, 4.2240e+03, 1.2800e+02, 
 1DIAGNOSTIC,    18, -8.799139261246e-01, 3.177523612976e-04, 4.3520e+03, 1.2800e+02, 
 1DIAGNOSTIC,    19, -8.805437684059e-01, 2.794563770294e-04, 4.4800e+03, 1.2800e+02, 
 1DIAGNOSTIC,    20, -8.811426162720e-01, 2.479031682014e-04, 4.6080e+03, 1.2800e+02, 
 1DIAGNOSTIC,    21, -8.817379474640e-01, 2.222135663033e-04, 4.7360e+03, 1.2800e+02, 
 1DIAGNOSTIC,    22, -8.823093175888e-01, 2.011880278587e-04, 4.9920e+03, 2.5600e+02, 
 1DIAGNOSTIC,    23, -8.828755021095e-01, 1.840107142925e-04, 5.1200e+03, 1.2800e+02, 
 1DIAGNOSTIC,    24, -8.834216594696e-01, 1.696869730949e-04, 5.2480e+03, 1.2800e+02, 
 1DIAGNOSTIC,    25, -8.839576244354e-01, 1.575946807861e-04, 5.3760e+03, 1.2800e+02, 
 1DIAGNOSTIC,    26, -8.844857215881e-01, 1.472085714340e-04, 5.5040e+03, 1.2800e+02, 
 1DIAGNOSTIC,    27, -8.850176334381e-01, 1.384168863297e-04, 5.7600e+03, 2.5600e+02, 
 1DIAGNOSTIC,    28, -8.855563402176e-01, 1.308917999268e-04, 5.8880e+03, 1.2800e+02, 
 1DIAGNOSTIC,    29, -8.860998153687e-01, 1.246258616447e-04, 6.0160e+03, 1.2800e+02, 
 1DIAGNOSTIC,    30, -8.866635560989e-01, 1.195184886456e-04, 6.1440e+03, 1.2800e+02, 
 1DIAGNOSTIC,    31, -8.872247338295e-01, 1.154914498329e-04, 6.2720e+03, 1.2800e+02, 
 1DIAGNOSTIC,    32, -8.878208398819e-01, 1.125521957874e-04, 6.4000e+03, 1.2800e+02, 
 1DIAGNOSTIC,    33, -8.884066939354e-01, 1.103878021240e-04, 6.6560e+03, 2.5600e+02, 
 1DIAGNOSTIC,    34, -8.890198469162e-01, 1.088790595531e-04, 6.7840e+03, 1.2800e+02, 
 1DIAGNOSTIC,    35, -8.896411657333e-01, 1.077726483345e-04, 6.9120e+03, 1.2800e+02, 
 1DIAGNOSTIC,    36, -8.902738690376e-01, 1.068767160177e-04, 7.0400e+03, 1.2800e+02, 
 1DIAGNOSTIC,    37, -8.908789157867e-01, 1.057609915733e-04, 7.1680e+03, 1.2800e+02, 
 1DIAGNOSTIC,    38, -8.914450407028e-01, 1.040063798428e-04, 7.2960e+03, 1.2800e+02, 
 1DIAGNOSTIC,    39, -8.919955492020e-01, 1.014731824398e-04, 7.5520e+03, 2.5600e+02, 
 1DIAGNOSTIC,    40, -8.925268650055e-01, 9.820610284805e-05, 7.6800e+03, 1.2800e+02, 
 1DIAGNOSTIC,    41, -8.930237889290e-01, 9.403377771378e-05, 7.8080e+03, 1.2800e+02, 
 1DIAGNOSTIC,    42, -8.935014009476e-01, 8.931569755077e-05, 7.9360e+03, 1.2800e+02, 
 1DIAGNOSTIC,    43, -8.939374685287e-01, 8.394196629524e-05, 8.0640e+03, 1.2800e+02, 
 1DIAGNOSTIC,    44, -8.943638801575e-01, 7.839873433113e-05, 8.3200e+03, 2.5600e+02, 
 1DIAGNOSTIC,    45, -8.947663307190e-01, 7.292255759239e-05, 8.4480e+03, 1.2800e+02, 
 1DIAGNOSTIC,    46, -8.951573967934e-01, 6.786547601223e-05, 8.5760e+03, 1.2800e+02, 
 1DIAGNOSTIC,    47, -8.955038785934e-01, 6.304122507572e-05, 8.7040e+03, 1.2800e+02, 
 1DIAGNOSTIC,    48, -8.957980871201e-01, 5.815923213959e-05, 8.8320e+03, 1.2800e+02, 
 1DIAGNOSTIC,    49, -8.960691690445e-01, 5.330890417099e-05, 8.9600e+03, 1.2800e+02, 
 1DIAGNOSTIC,    50, -8.963086605072e-01, 4.851259291172e-05, 9.2160e+03, 2.5600e+02, 
 1DIAGNOSTIC,    51, -8.965185880661e-01, 4.371814429760e-05, 9.3440e+03, 1.2800e+02, 
 1DIAGNOSTIC,    52, -8.967143297195e-01, 3.909878432751e-05, 9.4720e+03, 1.2800e+02, 
 1DIAGNOSTIC,    53, -8.968845009804e-01, 3.459490835667e-05, 9.6000e+03, 1.2800e+02, 
 1DIAGNOSTIC,    54, -8.970388174057e-01, 3.042444586754e-05, 9.7280e+03, 1.2800e+02, 
 1DIAGNOSTIC,    55, -8.971813917160e-01, 2.668425440788e-05, 9.8560e+03, 1.2800e+02, 
 1DIAGNOSTIC,    56, -8.973101377487e-01, 2.351962029934e-05, 1.0112e+04, 2.5600e+02, 
 1DIAGNOSTIC,    57, -8.974417448044e-01, 2.092681825161e-05, 1.0240e+04, 1.2800e+02, 
 1DIAGNOSTIC,    58, -8.975507020950e-01, 1.867860555649e-05, 1.0368e+04, 1.2800e+02, 
 1DIAGNOSTIC,    59, -8.976557850838e-01, 1.678429543972e-05, 1.0496e+04, 1.2800e+02, 
 1DIAGNOSTIC,    60, -8.977466821671e-01, 1.513585448265e-05, 1.0624e+04, 1.2800e+02, 
 1DIAGNOSTIC,    61, -8.978334069252e-01, 1.368671655655e-05, 1.0880e+04, 2.5600e+02, 
 1DIAGNOSTIC,    62, -8.979119062424e-01, 1.242011785507e-05, 1.1008e+04, 1.2800e+02, 
 1DIAGNOSTIC,    63, -8.979981541634e-01, 1.133605837822e-05, 1.1136e+04, 1.2800e+02, 
 1DIAGNOSTIC,    64, -8.980718851089e-01, 1.037307083607e-05, 1.1264e+04, 1.2800e+02, 
 1DIAGNOSTIC,    65, -8.981271386147e-01, 9.456649422646e-06, 1.1392e+04, 1.2800e+02, 
 1DIAGNOSTIC,    66, -8.981911540031e-01, 8.629634976387e-06, 1.1520e+04, 1.2800e+02, 
 1DIAGNOSTIC,    67, -8.982484340668e-01, 7.938593626022e-06, 1.1776e+04, 2.5600e+02, 
 1DIAGNOSTIC,    68, -8.983026742935e-01, 7.307156920433e-06, 1.1904e+04, 1.2800e+02, 
 1DIAGNOSTIC,    69, -8.983714580536e-01, 6.833113729954e-06, 1.2032e+04, 1.2800e+02, 
 1DIAGNOSTIC,    70, -8.984165191650e-01, 6.371177732944e-06, 1.2160e+04, 1.2800e+02, 
XXDIAGNOSTIC,Iteration,metricValue,convergenceValue,ITERATION_TIME_INDEX,SINCE_LAST
 1DIAGNOSTIC,     1, -8.530563116074e-01, 1.797693134862e+308, 1.3440e+04, 1.2800e+03, 
 1DIAGNOSTIC,     2, -8.559267520905e-01, 1.797693134862e+308, 1.4720e+04, 1.2800e+03, 
 1DIAGNOSTIC,     3, -8.589422702789e-01, 1.797693134862e+308, 1.6000e+04, 1.2800e+03, 
 1DIAGNOSTIC,     4, -8.618032932281e-01, 1.797693134862e+308, 1.7152e+04, 1.1520e+03, 
 1DIAGNOSTIC,     5, -8.644743561745e-01, 1.797693134862e+308, 1.8432e+04, 1.2800e+03, 
 1DIAGNOSTIC,     6, -8.669329881668e-01, 1.797693134862e+308, 1.9712e+04, 1.2800e+03, 
 1DIAGNOSTIC,     7, -8.694475889206e-01, 1.797693134862e+308, 2.0864e+04, 1.1520e+03, 
 1DIAGNOSTIC,     8, -8.715963363647e-01, 1.797693134862e+308, 2.2144e+04, 1.2800e+03, 
 1DIAGNOSTIC,     9, -8.736041784286e-01, 1.797693134862e+308, 2.3424e+04, 1.2800e+03, 
 1DIAGNOSTIC,    10, -8.754191398621e-01, 1.667641103268e-03, 2.4704e+04, 1.2800e+03, 
 1DIAGNOSTIC,    11, -8.768943548203e-01, 1.416414976120e-03, 2.5856e+04, 1.1520e+03, 
 1DIAGNOSTIC,    12, -8.782534599304e-01, 1.194752752781e-03, 2.7136e+04, 1.2800e+03, 
 1DIAGNOSTIC,    13, -8.793390989304e-01, 1.001894474030e-03, 2.8416e+04, 1.2800e+03, 
 1DIAGNOSTIC,    14, -8.804939985275e-01, 8.389204740524e-04, 2.9696e+04, 1.2800e+03, 
 1DIAGNOSTIC,    15, -8.814072608948e-01, 6.986334919930e-04, 3.0848e+04, 1.1520e+03, 
 1DIAGNOSTIC,    16, -8.824235200882e-01, 5.822256207466e-04, 3.2128e+04, 1.2800e+03, 
 1DIAGNOSTIC,    17, -8.833702802658e-01, 4.919469356537e-04, 3.3408e+04, 1.2800e+03, 
 1DIAGNOSTIC,    18, -8.842794895172e-01, 4.212185740471e-04, 3.4560e+04, 1.1520e+03, 
 1DIAGNOSTIC,    19, -8.851380348206e-01, 3.676712512970e-04, 3.5840e+04, 1.2800e+03, 
 1DIAGNOSTIC,    20, -8.857644796371e-01, 3.247931599617e-04, 3.7120e+04, 1.2800e+03, 
 1DIAGNOSTIC,    21, -8.863970041275e-01, 2.882108092308e-04, 3.8400e+04, 1.2800e+03, 
 1DIAGNOSTIC,    22, -8.869975805283e-01, 2.568736672401e-04, 3.9552e+04, 1.1520e+03, 
 1DIAGNOSTIC,    23, -8.875839710236e-01, 2.276301383972e-04, 4.0832e+04, 1.2800e+03, 
 1DIAGNOSTIC,    24, -8.881715536118e-01, 2.029798924923e-04, 4.2112e+04, 1.2800e+03, 
 1DIAGNOSTIC,    25, -8.887209892273e-01, 1.801252365112e-04, 4.3392e+04, 1.2800e+03, 
 1DIAGNOSTIC,    26, -8.892459869385e-01, 1.612566411495e-04, 4.4544e+04, 1.1520e+03, 
 1DIAGNOSTIC,    27, -8.897417187691e-01, 1.458078622818e-04, 4.5824e+04, 1.2800e+03, 
 1DIAGNOSTIC,    28, -8.902251124382e-01, 1.337192952633e-04, 4.7104e+04, 1.2800e+03, 
 1DIAGNOSTIC,    29, -8.906678557396e-01, 1.243315637112e-04, 4.8384e+04, 1.2800e+03, 
 1DIAGNOSTIC,    30, -8.911033868790e-01, 1.152306795120e-04, 4.9536e+04, 1.1520e+03, 
 1DIAGNOSTIC,    31, -8.915210962296e-01, 1.067481935024e-04, 5.0816e+04, 1.2800e+03, 
 1DIAGNOSTIC,    32, -8.919032812119e-01, 9.858608245850e-05, 5.2096e+04, 1.2800e+03, 
 1DIAGNOSTIC,    33, -8.922854661942e-01, 9.103491902351e-05, 5.3376e+04, 1.2800e+03, 
 1DIAGNOSTIC,    34, -8.926265835762e-01, 8.409842848778e-05, 5.4656e+04, 1.2800e+03, 
 1DIAGNOSTIC,    35, -8.929854631424e-01, 7.794424891472e-05, 5.5808e+04, 1.1520e+03, 
 1DIAGNOSTIC,    36, -8.933144211769e-01, 7.235817611217e-05, 5.7088e+04, 1.2800e+03, 
 1DIAGNOSTIC,    37, -8.936271667480e-01, 6.724335253239e-05, 5.8368e+04, 1.2800e+03, 
 1DIAGNOSTIC,    38, -8.939498066902e-01, 6.284005939960e-05, 5.9648e+04, 1.2800e+03, 
 1DIAGNOSTIC,    39, -8.942588567734e-01, 5.889497697353e-05, 6.0800e+04, 1.1520e+03, 
 1DIAGNOSTIC,    40, -8.945552706718e-01, 5.542486906052e-05, 6.2080e+04, 1.2800e+03, 
 1DIAGNOSTIC,    41, -8.948238492012e-01, 5.224533379078e-05, 6.3360e+04, 1.2800e+03, 
 1DIAGNOSTIC,    42, -8.951175212860e-01, 4.942715167999e-05, 6.4640e+04, 1.2800e+03, 
 1DIAGNOSTIC,    43, -8.953860402107e-01, 4.689767956734e-05, 6.5792e+04, 1.1520e+03, 
 1DIAGNOSTIC,    44, -8.956308364868e-01, 4.430301487446e-05, 6.7072e+04, 1.2800e+03, 
 1DIAGNOSTIC,    45, -8.958817124367e-01, 4.196353256702e-05, 6.8352e+04, 1.2800e+03, 
 1DIAGNOSTIC,    46, -8.960919976234e-01, 3.951229155064e-05, 6.9632e+04, 1.2800e+03, 
 1DIAGNOSTIC,    47, -8.963171839714e-01, 3.707967698574e-05, 7.0784e+04, 1.1520e+03, 
 1DIAGNOSTIC,    48, -8.965238928795e-01, 3.475882112980e-05, 7.2064e+04, 1.2800e+03, 
 1DIAGNOSTIC,    49, -8.967202305794e-01, 3.254227340221e-05, 7.3344e+04, 1.2800e+03, 
 1DIAGNOSTIC,    50, -8.968913555145e-01, 3.033317625523e-05, 7.4624e+04, 1.2800e+03, 
XXDIAGNOSTIC,Iteration,metricValue,convergenceValue,ITERATION_TIME_INDEX,SINCE_LAST
 1DIAGNOSTIC,     1, -8.763532638550e-01, 1.797693134862e+308, 8.4992e+04, 1.0368e+04, 
 1DIAGNOSTIC,     2, -8.774479031563e-01, 1.797693134862e+308, 9.5104e+04, 1.0112e+04, 
 1DIAGNOSTIC,     3, -8.790150284767e-01, 1.797693134862e+308, 1.0534e+05, 1.0240e+04, 
 1DIAGNOSTIC,     4, -8.807989358902e-01, 1.797693134862e+308, 1.1546e+05, 1.0112e+04, 
 1DIAGNOSTIC,     5, -8.823407888412e-01, 1.797693134862e+308, 1.2557e+05, 1.0112e+04, 
 1DIAGNOSTIC,     6, -8.837798237801e-01, 1.797693134862e+308, 1.3568e+05, 1.0112e+04, 
 1DIAGNOSTIC,     7, -8.850622177124e-01, 1.797693134862e+308, 1.4592e+05, 1.0240e+04, 
 1DIAGNOSTIC,     8, -8.862432241440e-01, 1.797693134862e+308, 1.5603e+05, 1.0112e+04, 
 1DIAGNOSTIC,     9, -8.873286247253e-01, 1.797693134862e+308, 1.6614e+05, 1.0112e+04, 
 1DIAGNOSTIC,    10, -8.883517980576e-01, 9.026229381561e-04, 1.7638e+05, 1.0240e+04, 
 1DIAGNOSTIC,    11, -8.892205953598e-01, 7.794648408890e-04, 1.8662e+05, 1.0240e+04, 
 1DIAGNOSTIC,    12, -8.901355266571e-01, 6.605237722397e-04, 1.9686e+05, 1.0240e+04, 
 1DIAGNOSTIC,    13, -8.908885717392e-01, 5.570277571678e-04, 2.0698e+05, 1.0112e+04, 
 1DIAGNOSTIC,    14, -8.915950059891e-01, 4.745349287987e-04, 2.1709e+05, 1.0112e+04, 
 1DIAGNOSTIC,    15, -8.922334313393e-01, 4.060789942741e-04, 2.2707e+05, 9.9840e+03, 
 1DIAGNOSTIC,    16, -8.928422927856e-01, 3.497749567032e-04, 2.3706e+05, 9.9840e+03, 
 1DIAGNOSTIC,    17, -8.933941125870e-01, 3.022961318493e-04, 2.4691e+05, 9.8560e+03, 
 1DIAGNOSTIC,    18, -8.939195275307e-01, 2.623759210110e-04, 2.5702e+05, 1.0112e+04, 
 1DIAGNOSTIC,    19, -8.944278955460e-01, 2.290941774845e-04, 2.6739e+05, 1.0368e+04, 
 1DIAGNOSTIC,    20, -8.949202299118e-01, 2.020299434662e-04, 2.7699e+05, 9.6000e+03, 
  Elapsed time (stage 0): 277120


Total elapsed time: 277120
-i /mnt/lustre/mathdugre/fast-interpolate/datasets/ds004513/derivatives/flint/ants/flint-vprec-single/sub-s020/ses-open/anat/01/1_Affine.nii.gz -o /mnt/lustre/mathdugre/fast-interpolate/datasets/ds004513/derivatives/flint/ants/flint-vprec-single/sub-s020/ses-open/anat/011/1_transformed.nii.gz -t /mnt/lustre/mathdugre/fast-interpolate/datasets/ds004513/derivatives/flint/ants/flint-vprec-single/sub-s020/ses-open/anat/011/1_1Warp.nii.gz -t /mnt/lustre/mathdugre/fast-interpolate/datasets/ds004513/derivatives/flint/ants/flint-vprec-single/sub-s020/ses-open/anat/011/1_0GenericAffine.mat
