---------------------
Experiment information

SIF_IMG: /mnt/lustre/mathdugre/containers/ants-flint-base.simg
SIF_IMG_BASE: /mnt/lustre/mathdugre/containers/ants-flint-base.simg
EXPERIMENT_NAME: flint-vprec-single
STAGE: syn
SUBJECT_ID: s029
REPETITION_ID: 1

FIXED_IMG: /templateflow/tpl-MNI152NLin2009cAsym/tpl-MNI152NLin2009cAsym_res-01_desc-brain_T1w.nii.gz
INPUT_IMG: /mnt/lustre/mathdugre/fast-interpolate/datasets/ds004513/derivatives/flint/ants/flint-vprec-single/sub-s029/ses-open/anat/01/1_Affine.nii.gz

DATA_DIR: /mnt/lustre/mathdugre/fast-interpolate/datasets/ds004513
OUTPUT_DIR: /mnt/lustre/mathdugre/fast-interpolate/datasets/ds004513/derivatives/flint/ants/flint-vprec-single/sub-s029/ses-open/anat
OUTPUT_PREFIX: 010
THREAD: 1
FLOAT: 0
VFC_BACKENDS: ieee
---------------------

--output [/mnt/lustre/mathdugre/fast-interpolate/datasets/ds004513/derivatives/flint/ants/flint-vprec-single/sub-s029/ses-open/anat/010/1_,/mnt/lustre/mathdugre/fast-interpolate/datasets/ds004513/derivatives/flint/ants/flint-vprec-single/sub-s029/ses-open/anat/010/1_Warped.nii.gz,/mnt/lustre/mathdugre/fast-interpolate/datasets/ds004513/derivatives/flint/ants/flint-vprec-single/sub-s029/ses-open/anat/010/1_InverseSyN.nii.gz] --initial-moving-transform [/templateflow/tpl-MNI152NLin2009cAsym/tpl-MNI152NLin2009cAsym_res-01_desc-brain_T1w.nii.gz,/mnt/lustre/mathdugre/fast-interpolate/datasets/ds004513/derivatives/flint/ants/flint-vprec-single/sub-s029/ses-open/anat/01/1_Affine.nii.gz,1] --transform SyN[ 0.1,3,0 ] --metric CC[/templateflow/tpl-MNI152NLin2009cAsym/tpl-MNI152NLin2009cAsym_res-01_desc-brain_T1w.nii.gz,/mnt/lustre/mathdugre/fast-interpolate/datasets/ds004513/derivatives/flint/ants/flint-vprec-single/sub-s029/ses-open/anat/01/1_Affine.nii.gz,1,4] --convergence [100x70x50x20,1e-6,10] --shrink-factors 8x4x2x1 --smoothing-sigmas 3x2x1x0vox
All_Command_lines_OK
Using double precision for computations.
=============================================================================
The composite transform comprises the following transforms (in order): 
  1. Center of mass alignment using fixed image: /templateflow/tpl-MNI152NLin2009cAsym/tpl-MNI152NLin2009cAsym_res-01_desc-brain_T1w.nii.gz and moving image: /mnt/lustre/mathdugre/fast-interpolate/datasets/ds004513/derivatives/flint/ants/flint-vprec-single/sub-s029/ses-open/anat/01/1_Affine.nii.gz (type = Euler3DTransform)
=============================================================================
  number of levels = 4
  fixed image: /templateflow/tpl-MNI152NLin2009cAsym/tpl-MNI152NLin2009cAsym_res-01_desc-brain_T1w.nii.gz
  moving image: /mnt/lustre/mathdugre/fast-interpolate/datasets/ds004513/derivatives/flint/ants/flint-vprec-single/sub-s029/ses-open/anat/01/1_Affine.nii.gz
Dimension = 3
Number of stages = 1
Use histogram matching = false
Winsorize image intensities = true
  Lower quantile = 0.005
  Upper quantile = 0.995


Stage 1 State
   Image metric = CC
     Fixed image = Image (0x55f049fa2a00)
  RTTI typeinfo:   itk::Image<double, 3u>
  Reference Count: 2
  Modified Time: 1622
  Debug: Off
  Object Name: 
  Observers: 
    none
  Source: (none)
  Source output name: (none)
  Release Data: Off
  Data Released: False
  Global Release Data: Off
  PipelineMTime: 0
  UpdateMTime: 1407
  RealTimeStamp: 0 seconds 
  LargestPossibleRegion: 
    Dimension: 3
    Index: [0, 0, 0]
    Size: [193, 229, 193]
  BufferedRegion: 
    Dimension: 3
    Index: [0, 0, 0]
    Size: [193, 229, 193]
  RequestedRegion: 
    Dimension: 3
    Index: [0, 0, 0]
    Size: [193, 229, 193]
  Spacing: [1, 1, 1]
  Origin: [96, 132, -78]
  Direction: 
-1 0 0
0 -1 0
0 0 1

  IndexToPointMatrix: 
-1 0 0
0 -1 0
0 0 1

  PointToIndexMatrix: 
-1 0 0
0 -1 0
0 0 1

  Inverse Direction: 
-1 0 0
0 -1 0
0 0 1

  PixelContainer: 
    ImportImageContainer (0x55f04a036d50)
      RTTI typeinfo:   itk::ImportImageContainer<unsigned long, double>
      Reference Count: 1
      Modified Time: 1404
      Debug: Off
      Object Name: 
      Observers: 
        none
      Pointer: 0x7f48c4eac010
      Container manages memory: true
      Size: 8530021
      Capacity: 8530021

     Moving image = Image (0x55f049fa9870)
  RTTI typeinfo:   itk::Image<double, 3u>
  Reference Count: 2
  Modified Time: 1623
  Debug: Off
  Object Name: 
  Observers: 
    none
  Source: (none)
  Source output name: (none)
  Release Data: Off
  Data Released: False
  Global Release Data: Off
  PipelineMTime: 0
  UpdateMTime: 1620
  RealTimeStamp: 0 seconds 
  LargestPossibleRegion: 
    Dimension: 3
    Index: [0, 0, 0]
    Size: [193, 229, 193]
  BufferedRegion: 
    Dimension: 3
    Index: [0, 0, 0]
    Size: [193, 229, 193]
  RequestedRegion: 
    Dimension: 3
    Index: [0, 0, 0]
    Size: [193, 229, 193]
  Spacing: [1, 1, 1]
  Origin: [96, 132, -78]
  Direction: 
-1 0 0
0 -1 0
0 0 1

  IndexToPointMatrix: 
-1 0 0
0 -1 0
0 0 1

  PointToIndexMatrix: 
-1 0 0
0 -1 0
0 0 1

  Inverse Direction: 
-1 0 0
0 -1 0
0 0 1

  PixelContainer: 
    ImportImageContainer (0x55f04a04dd90)
      RTTI typeinfo:   itk::ImportImageContainer<unsigned long, double>
      Reference Count: 1
      Modified Time: 1617
      Debug: Off
      Object Name: 
      Observers: 
        none
      Pointer: 0x7f48c0d97010
      Container manages memory: true
      Size: 8530021
      Capacity: 8530021

     Weighting = 1
     Sampling strategy = none
     Number of bins = 32
     Radius = 4
     Sampling percentage  = 1
   Transform = SyN
     Gradient step = 0.1
     Update field sigma (voxel space) = 3
     Total field sigma (voxel space) = 0
     Update field time sigma = 0
     Total field time sigma  = 0
     Number of time indices = 0
     Number of time point samples = 0
Registration using 1 total stages.

Stage 0
  iterations = 100x70x50x20
  convergence threshold = 1e-06
  convergence window size = 10
  number of levels = 4
  using the CC metric (radius = 4, weight = 1, use gradient filter = 0)
  preprocessing:  winsorizing the image intensities
  Shrink factors (level 1 out of 4): [8, 8, 8]
  Shrink factors (level 2 out of 4): [4, 4, 4]
  Shrink factors (level 3 out of 4): [2, 2, 2]
  Shrink factors (level 4 out of 4): [1, 1, 1]
  smoothing sigmas per level: [3, 2, 1, 0]
  Using default NONE metricSamplingStrategy 

*** Running SyN registration (varianceForUpdateField = 3, varianceForTotalField = 0) ***

XXDIAGNOSTIC,Iteration,metricValue,convergenceValue,ITERATION_TIME_INDEX,SINCE_LAST
 1DIAGNOSTIC,     1, -9.283821314372e-01, 1.797693134862e+308, 2.1561e+00, 2.1561e+00, 
 1DIAGNOSTIC,     2, -9.375503188602e-01, 1.797693134862e+308, 2.8979e+00, 7.4177e-01, 
 1DIAGNOSTIC,     3, -9.450684557821e-01, 1.797693134862e+308, 3.6398e+00, 7.4188e-01, 
 1DIAGNOSTIC,     4, -9.511686816731e-01, 1.797693134862e+308, 4.3782e+00, 7.3843e-01, 
 1DIAGNOSTIC,     5, -9.551705615607e-01, 1.797693134862e+308, 5.1184e+00, 7.4020e-01, 
 1DIAGNOSTIC,     6, -9.585398398903e-01, 1.797693134862e+308, 5.8576e+00, 7.3925e-01, 
 1DIAGNOSTIC,     7, -9.612562857062e-01, 1.797693134862e+308, 6.5964e+00, 7.3871e-01, 
 1DIAGNOSTIC,     8, -9.634686500049e-01, 1.797693134862e+308, 7.3369e+00, 7.4053e-01, 
 1DIAGNOSTIC,     9, -9.654028459729e-01, 1.797693134862e+308, 8.0769e+00, 7.4004e-01, 
 1DIAGNOSTIC,    10, -9.669763998487e-01, 2.421387640750e-03, 8.8180e+00, 7.4103e-01, 
 1DIAGNOSTIC,    11, -9.681661093184e-01, 1.736971208900e-03, 9.5638e+00, 7.4581e-01, 
 1DIAGNOSTIC,    12, -9.691904322422e-01, 1.262111375063e-03, 1.0310e+01, 7.4593e-01, 
 1DIAGNOSTIC,    13, -9.699557273814e-01, 9.342020749193e-04, 1.1056e+01, 7.4603e-01, 
 1DIAGNOSTIC,    14, -9.705796336414e-01, 7.102401163810e-04, 1.1803e+01, 7.4737e-01, 
 1DIAGNOSTIC,    15, -9.711462448862e-01, 5.410494142713e-04, 1.2549e+01, 7.4558e-01, 
 1DIAGNOSTIC,    16, -9.716266316824e-01, 4.142871018826e-04, 1.3294e+01, 7.4563e-01, 
 1DIAGNOSTIC,    17, -9.720465598504e-01, 3.186564792231e-04, 1.4041e+01, 7.4657e-01, 
 1DIAGNOSTIC,    18, -9.724144085226e-01, 2.463739908364e-04, 1.4786e+01, 7.4544e-01, 
 1DIAGNOSTIC,    19, -9.727296688946e-01, 1.936992211793e-04, 1.5531e+01, 7.4499e-01, 
 1DIAGNOSTIC,    20, -9.730021426854e-01, 1.554734152461e-04, 1.6278e+01, 7.4646e-01, 
 1DIAGNOSTIC,    21, -9.732348074834e-01, 1.263171653569e-04, 1.7024e+01, 7.4577e-01, 
 1DIAGNOSTIC,    22, -9.734345122639e-01, 1.044259815968e-04, 1.7770e+01, 7.4668e-01, 
 1DIAGNOSTIC,    23, -9.736543279502e-01, 8.732293215544e-05, 1.8517e+01, 7.4687e-01, 
 1DIAGNOSTIC,    24, -9.738117095979e-01, 7.306406655819e-05, 1.9263e+01, 7.4608e-01, 
 1DIAGNOSTIC,    25, -9.739318151167e-01, 6.122461942849e-05, 2.0010e+01, 7.4671e-01, 
 1DIAGNOSTIC,    26, -9.740552806981e-01, 5.144073667575e-05, 2.0757e+01, 7.4742e-01, 
 1DIAGNOSTIC,    27, -9.740653048543e-01, 4.227475940114e-05, 2.1503e+01, 7.4590e-01, 
 1DIAGNOSTIC,    28, -9.741735893716e-01, 3.486017659474e-05, 2.2249e+01, 7.4560e-01, 
 1DIAGNOSTIC,    29, -9.740512043308e-01, 2.666820709860e-05, 2.2995e+01, 7.4657e-01, 
 1DIAGNOSTIC,    30, -9.741398718588e-01, 2.016376221560e-05, 2.3739e+01, 7.4408e-01, 
 1DIAGNOSTIC,    31, -9.739818730224e-01, 1.293332744060e-05, 2.4486e+01, 7.4607e-01, 
 1DIAGNOSTIC,    32, -9.741286393686e-01, 8.215475806393e-06, 2.5230e+01, 7.4468e-01, 
 1DIAGNOSTIC,    33, -9.739634089240e-01, 3.524661416697e-06, 2.5977e+01, 7.4644e-01, 
 1DIAGNOSTIC,    34, -9.741138696420e-01, 1.560201657917e-06, 2.6720e+01, 7.4344e-01, 
 1DIAGNOSTIC,    35, -9.739540448561e-01, -7.336261702330e-07, 2.7468e+01, 7.4762e-01, 
XXDIAGNOSTIC,Iteration,metricValue,convergenceValue,ITERATION_TIME_INDEX,SINCE_LAST
 1DIAGNOSTIC,     1, -9.167711105658e-01, 1.797693134862e+308, 3.5088e+01, 7.6207e+00, 
 1DIAGNOSTIC,     2, -9.192421823038e-01, 1.797693134862e+308, 4.1285e+01, 6.1969e+00, 
 1DIAGNOSTIC,     3, -9.226187372323e-01, 1.797693134862e+308, 4.7465e+01, 6.1802e+00, 
 1DIAGNOSTIC,     4, -9.256370041503e-01, 1.797693134862e+308, 5.3588e+01, 6.1225e+00, 
 1DIAGNOSTIC,     5, -9.278117265274e-01, 1.797693134862e+308, 5.9722e+01, 6.1337e+00, 
 1DIAGNOSTIC,     6, -9.297249292818e-01, 1.797693134862e+308, 6.5848e+01, 6.1263e+00, 
 1DIAGNOSTIC,     7, -9.314107983722e-01, 1.797693134862e+308, 7.1965e+01, 6.1171e+00, 
 1DIAGNOSTIC,     8, -9.328936133758e-01, 1.797693134862e+308, 7.8093e+01, 6.1280e+00, 
 1DIAGNOSTIC,     9, -9.342421439022e-01, 1.797693134862e+308, 8.4217e+01, 6.1241e+00, 
 1DIAGNOSTIC,    10, -9.354786855961e-01, 1.291199074870e-03, 9.0338e+01, 6.1211e+00, 
 1DIAGNOSTIC,    11, -9.366046024665e-01, 1.040660245105e-03, 9.6464e+01, 6.1256e+00, 
 1DIAGNOSTIC,    12, -9.376367849955e-01, 8.268946427713e-04, 1.0259e+02, 6.1284e+00, 
 1DIAGNOSTIC,    13, -9.386044636195e-01, 6.725700711931e-04, 1.0873e+02, 6.1365e+00, 
 1DIAGNOSTIC,    14, -9.394938283342e-01, 5.639622935371e-04, 1.1486e+02, 6.1313e+00, 
 1DIAGNOSTIC,    15, -9.401496880007e-01, 4.755307401674e-04, 1.2101e+02, 6.1505e+00, 
 1DIAGNOSTIC,    16, -9.409008643698e-01, 4.051004252432e-04, 1.2712e+02, 6.1136e+00, 
 1DIAGNOSTIC,    17, -9.414081733003e-01, 3.447120522978e-04, 1.3331e+02, 6.1890e+00, 
 1DIAGNOSTIC,    18, -9.420474435244e-01, 2.949450459620e-04, 1.3944e+02, 6.1253e+00, 
 1DIAGNOSTIC,    19, -9.423469106712e-01, 2.493004276143e-04, 1.4559e+02, 6.1554e+00, 
 1DIAGNOSTIC,    20, -9.428732636885e-01, 2.118715277043e-04, 1.5174e+02, 6.1475e+00, 
 1DIAGNOSTIC,    21, -9.432131390118e-01, 1.793785056345e-04, 1.5790e+02, 6.1615e+00, 
 1DIAGNOSTIC,    22, -9.434949268951e-01, 1.511678668744e-04, 1.6408e+02, 6.1758e+00, 
 1DIAGNOSTIC,    23, -9.435310560694e-01, 1.245027639774e-04, 1.7024e+02, 6.1650e+00, 
 1DIAGNOSTIC,    24, -9.435772440584e-01, 1.003476662271e-04, 1.7643e+02, 6.1820e+00, 
 1DIAGNOSTIC,    25, -9.436373601114e-01, 7.739164783058e-05, 1.8260e+02, 6.1742e+00, 
 1DIAGNOSTIC,    26, -9.436935865209e-01, 5.835572958920e-05, 1.8879e+02, 6.1902e+00, 
 1DIAGNOSTIC,    27, -9.437595723449e-01, 4.166661294918e-05, 1.9497e+02, 6.1773e+00, 
 1DIAGNOSTIC,    28, -9.438281701939e-01, 3.004578674155e-05, 2.0114e+02, 6.1697e+00, 
 1DIAGNOSTIC,    29, -9.438969706929e-01, 2.027412209903e-05, 2.0732e+02, 6.1828e+00, 
 1DIAGNOSTIC,    30, -9.439690336618e-01, 1.532281953689e-05, 2.1349e+02, 6.1716e+00, 
 1DIAGNOSTIC,    31, -9.440431347570e-01, 1.331059952122e-05, 2.1967e+02, 6.1818e+00, 
 1DIAGNOSTIC,    32, -9.441210874993e-01, 1.365812894889e-05, 2.2586e+02, 6.1857e+00, 
 1DIAGNOSTIC,    33, -9.442034154723e-01, 1.385811841626e-05, 2.3204e+02, 6.1811e+00, 
 1DIAGNOSTIC,    34, -9.442897029938e-01, 1.398687605639e-05, 2.3823e+02, 6.1900e+00, 
 1DIAGNOSTIC,    35, -9.443842570919e-01, 1.419326305759e-05, 2.4442e+02, 6.1942e+00, 
 1DIAGNOSTIC,    36, -9.444780129057e-01, 1.436989692112e-05, 2.5061e+02, 6.1888e+00, 
 1DIAGNOSTIC,    37, -9.445678429444e-01, 1.451303626476e-05, 2.5680e+02, 6.1876e+00, 
 1DIAGNOSTIC,    38, -9.446690141137e-01, 1.468726718663e-05, 2.6298e+02, 6.1826e+00, 
 1DIAGNOSTIC,    39, -9.447733472095e-01, 1.485915396947e-05, 2.6917e+02, 6.1915e+00, 
 1DIAGNOSTIC,    40, -9.448809575589e-01, 1.502500590522e-05, 2.7535e+02, 6.1783e+00, 
 1DIAGNOSTIC,    41, -9.449928547852e-01, 1.518144954880e-05, 2.8155e+02, 6.1963e+00, 
 1DIAGNOSTIC,    42, -9.451095289006e-01, 1.534156193302e-05, 2.8773e+02, 6.1821e+00, 
 1DIAGNOSTIC,    43, -9.452342761606e-01, 1.554089688363e-05, 2.9391e+02, 6.1788e+00, 
 1DIAGNOSTIC,    44, -9.453632804356e-01, 1.577630031889e-05, 3.0011e+02, 6.1947e+00, 
 1DIAGNOSTIC,    45, -9.454972102849e-01, 1.607840597393e-05, 3.0628e+02, 6.1768e+00, 
 1DIAGNOSTIC,    46, -9.456326721060e-01, 1.638659143513e-05, 3.1248e+02, 6.1947e+00, 
 1DIAGNOSTIC,    47, -9.457814655324e-01, 1.669603664897e-05, 3.1865e+02, 6.1773e+00, 
 1DIAGNOSTIC,    48, -9.459259354430e-01, 1.698490993945e-05, 3.2484e+02, 6.1819e+00, 
 1DIAGNOSTIC,    49, -9.460859686113e-01, 1.731017008900e-05, 3.3101e+02, 6.1720e+00, 
 1DIAGNOSTIC,    50, -9.462504350581e-01, 1.764970363627e-05, 3.3717e+02, 6.1664e+00, 
 1DIAGNOSTIC,    51, -9.464106417683e-01, 1.793643160391e-05, 3.4336e+02, 6.1809e+00, 
 1DIAGNOSTIC,    52, -9.465573075232e-01, 1.806226128087e-05, 3.4952e+02, 6.1648e+00, 
 1DIAGNOSTIC,    53, -9.466925391118e-01, 1.797373452747e-05, 3.5572e+02, 6.1978e+00, 
 1DIAGNOSTIC,    54, -9.468171345479e-01, 1.762232367777e-05, 3.6190e+02, 6.1838e+00, 
 1DIAGNOSTIC,    55, -9.469344663675e-01, 1.701052167749e-05, 3.6808e+02, 6.1801e+00, 
 1DIAGNOSTIC,    56, -9.470436694657e-01, 1.614361805582e-05, 3.7429e+02, 6.2052e+00, 
 1DIAGNOSTIC,    57, -9.471445883152e-01, 1.511921325147e-05, 3.8046e+02, 6.1743e+00, 
 1DIAGNOSTIC,    58, -9.472432182766e-01, 1.398133583952e-05, 3.8664e+02, 6.1821e+00, 
 1DIAGNOSTIC,    59, -9.473366217684e-01, 1.287126449840e-05, 3.9283e+02, 6.1865e+00, 
 1DIAGNOSTIC,    60, -9.474263160556e-01, 1.187484029568e-05, 3.9901e+02, 6.1853e+00, 
 1DIAGNOSTIC,    61, -9.475132378960e-01, 1.102811609115e-05, 4.0520e+02, 6.1891e+00, 
 1DIAGNOSTIC,    62, -9.476010757898e-01, 1.032599515157e-05, 4.1140e+02, 6.1940e+00, 
 1DIAGNOSTIC,    63, -9.476775412199e-01, 9.702915258737e-06, 4.1758e+02, 6.1837e+00, 
 1DIAGNOSTIC,    64, -9.477509396264e-01, 9.136427701752e-06, 4.2376e+02, 6.1779e+00, 
 1DIAGNOSTIC,    65, -9.478237164890e-01, 8.627882689859e-06, 4.2995e+02, 6.1911e+00, 
 1DIAGNOSTIC,    66, -9.478896295130e-01, 8.141357530213e-06, 4.3612e+02, 6.1724e+00, 
 1DIAGNOSTIC,    67, -9.479519431021e-01, 7.657092146236e-06, 4.4230e+02, 6.1726e+00, 
 1DIAGNOSTIC,    68, -9.480120636658e-01, 7.191191241648e-06, 4.4849e+02, 6.1948e+00, 
 1DIAGNOSTIC,    69, -9.480702776846e-01, 6.746064029209e-06, 4.5467e+02, 6.1811e+00, 
 1DIAGNOSTIC,    70, -9.481267401417e-01, 6.329760848861e-06, 4.6085e+02, 6.1822e+00, 
XXDIAGNOSTIC,Iteration,metricValue,convergenceValue,ITERATION_TIME_INDEX,SINCE_LAST
 1DIAGNOSTIC,     1, -9.012052680630e-01, 1.797693134862e+308, 5.1224e+02, 5.1390e+01, 
 1DIAGNOSTIC,     2, -9.029453335823e-01, 1.797693134862e+308, 5.6163e+02, 4.9384e+01, 
 1DIAGNOSTIC,     3, -9.052305389268e-01, 1.797693134862e+308, 6.1098e+02, 4.9348e+01, 
 1DIAGNOSTIC,     4, -9.074094112210e-01, 1.797693134862e+308, 6.6043e+02, 4.9458e+01, 
 1DIAGNOSTIC,     5, -9.094460462347e-01, 1.797693134862e+308, 7.0987e+02, 4.9437e+01, 
 1DIAGNOSTIC,     6, -9.114050185393e-01, 1.797693134862e+308, 7.5922e+02, 4.9350e+01, 
 1DIAGNOSTIC,     7, -9.133102774018e-01, 1.797693134862e+308, 8.0863e+02, 4.9414e+01, 
 1DIAGNOSTIC,     8, -9.150732761247e-01, 1.797693134862e+308, 8.5806e+02, 4.9430e+01, 
 1DIAGNOSTIC,     9, -9.167024962532e-01, 1.797693134862e+308, 9.0763e+02, 4.9570e+01, 
 1DIAGNOSTIC,    10, -9.182166738665e-01, 1.221687538711e-03, 9.5704e+02, 4.9406e+01, 
 1DIAGNOSTIC,    11, -9.194775369210e-01, 1.062074205219e-03, 1.0068e+03, 4.9805e+01, 
 1DIAGNOSTIC,    12, -9.207361634953e-01, 9.110654790250e-04, 1.0565e+03, 4.9631e+01, 
 1DIAGNOSTIC,    13, -9.216056976697e-01, 7.759901471134e-04, 1.1064e+03, 4.9886e+01, 
 1DIAGNOSTIC,    14, -9.225630096635e-01, 6.591257087633e-04, 1.1562e+03, 4.9825e+01, 
 1DIAGNOSTIC,    15, -9.233033167660e-01, 5.548395780872e-04, 1.2060e+03, 4.9796e+01, 
 1DIAGNOSTIC,    16, -9.240072462499e-01, 4.641050377766e-04, 1.2558e+03, 4.9797e+01, 
 1DIAGNOSTIC,    17, -9.246687820465e-01, 3.879426334111e-04, 1.3055e+03, 4.9736e+01, 
 1DIAGNOSTIC,    18, -9.252859486841e-01, 3.252078790707e-04, 1.3553e+03, 4.9755e+01, 
 1DIAGNOSTIC,    19, -9.258613079626e-01, 2.747128437628e-04, 1.4051e+03, 4.9780e+01, 
 1DIAGNOSTIC,    20, -9.263932601236e-01, 2.353029947062e-04, 1.4549e+03, 4.9801e+01, 
 1DIAGNOSTIC,    21, -9.268820926485e-01, 2.033623398193e-04, 1.5046e+03, 4.9758e+01, 
 1DIAGNOSTIC,    22, -9.273335625401e-01, 1.793684644474e-04, 1.5544e+03, 4.9788e+01, 
 1DIAGNOSTIC,    23, -9.277540170306e-01, 1.579275142307e-04, 1.6042e+03, 4.9770e+01, 
 1DIAGNOSTIC,    24, -9.281508692995e-01, 1.408921677769e-04, 1.6540e+03, 4.9784e+01, 
 1DIAGNOSTIC,    25, -9.285256518001e-01, 1.257535821191e-04, 1.7037e+03, 4.9774e+01, 
 1DIAGNOSTIC,    26, -9.288783384431e-01, 1.124945524741e-04, 1.7536e+03, 4.9877e+01, 
 1DIAGNOSTIC,    27, -9.292029803574e-01, 1.008978435595e-04, 1.8033e+03, 4.9694e+01, 
 1DIAGNOSTIC,    28, -9.294960895276e-01, 9.065323356974e-05, 1.8530e+03, 4.9748e+01, 
 1DIAGNOSTIC,    29, -9.297620589699e-01, 8.151901268023e-05, 1.9028e+03, 4.9745e+01, 
 1DIAGNOSTIC,    30, -9.300074907179e-01, 7.329819013471e-05, 1.9525e+03, 4.9717e+01, 
 1DIAGNOSTIC,    31, -9.302321509858e-01, 6.579016904937e-05, 2.0022e+03, 4.9692e+01, 
 1DIAGNOSTIC,    32, -9.304456701989e-01, 5.895305154247e-05, 2.0519e+03, 4.9728e+01, 
 1DIAGNOSTIC,    33, -9.306432908272e-01, 5.274335420351e-05, 2.1016e+03, 4.9694e+01, 
 1DIAGNOSTIC,    34, -9.308301750627e-01, 4.721705623340e-05, 2.1513e+03, 4.9714e+01, 
 1DIAGNOSTIC,    35, -9.310068742596e-01, 4.240941432763e-05, 2.2011e+03, 4.9716e+01, 
 1DIAGNOSTIC,    36, -9.311763195732e-01, 3.833948004044e-05, 2.2508e+03, 4.9727e+01, 
 1DIAGNOSTIC,    37, -9.313374187967e-01, 3.492205444993e-05, 2.3005e+03, 4.9680e+01, 
 1DIAGNOSTIC,    38, -9.314948864475e-01, 3.205030149363e-05, 2.3502e+03, 4.9721e+01, 
 1DIAGNOSTIC,    39, -9.316497970567e-01, 2.963524779972e-05, 2.3999e+03, 4.9711e+01, 
 1DIAGNOSTIC,    40, -9.317998625207e-01, 2.760080392349e-05, 2.4496e+03, 4.9696e+01, 
 1DIAGNOSTIC,    41, -9.319431659275e-01, 2.583645663250e-05, 2.4993e+03, 4.9674e+01, 
 1DIAGNOSTIC,    42, -9.320867750202e-01, 2.435016370339e-05, 2.5490e+03, 4.9701e+01, 
 1DIAGNOSTIC,    43, -9.322240836308e-01, 2.304625318148e-05, 2.5987e+03, 4.9710e+01, 
 1DIAGNOSTIC,    44, -9.323605248532e-01, 2.190262308445e-05, 2.6484e+03, 4.9698e+01, 
 1DIAGNOSTIC,    45, -9.324962193618e-01, 2.089345382263e-05, 2.6981e+03, 4.9711e+01, 
 1DIAGNOSTIC,    46, -9.326285071545e-01, 1.998953328684e-05, 2.7478e+03, 4.9711e+01, 
 1DIAGNOSTIC,    47, -9.327613279172e-01, 1.917640305606e-05, 2.7974e+03, 4.9652e+01, 
 1DIAGNOSTIC,    48, -9.328929745805e-01, 1.845401402843e-05, 2.8471e+03, 4.9704e+01, 
 1DIAGNOSTIC,    49, -9.330283029306e-01, 1.785497814846e-05, 2.8969e+03, 4.9715e+01, 
 1DIAGNOSTIC,    50, -9.331637061465e-01, 1.736361802475e-05, 2.9466e+03, 4.9755e+01, 
XXDIAGNOSTIC,Iteration,metricValue,convergenceValue,ITERATION_TIME_INDEX,SINCE_LAST
 1DIAGNOSTIC,     1, -8.980399024858e-01, 1.797693134862e+308, 3.3573e+03, 4.1064e+02, 
 1DIAGNOSTIC,     2, -8.987321957483e-01, 1.797693134862e+308, 3.7642e+03, 4.0695e+02, 
 1DIAGNOSTIC,     3, -9.000473837614e-01, 1.797693134862e+308, 4.1698e+03, 4.0556e+02, 
 1DIAGNOSTIC,     4, -9.014622748149e-01, 1.797693134862e+308, 4.5753e+03, 4.0556e+02, 
 1DIAGNOSTIC,     5, -9.029023918639e-01, 1.797693134862e+308, 4.9775e+03, 4.0222e+02, 
 1DIAGNOSTIC,     6, -9.042428999731e-01, 1.797693134862e+308, 5.3805e+03, 4.0295e+02, 
 1DIAGNOSTIC,     7, -9.057279670111e-01, 1.797693134862e+308, 5.7837e+03, 4.0318e+02, 
 1DIAGNOSTIC,     8, -9.072309283766e-01, 1.797693134862e+308, 6.1867e+03, 4.0301e+02, 
 1DIAGNOSTIC,     9, -9.086001065677e-01, 1.797693134862e+308, 6.5895e+03, 4.0285e+02, 
 1DIAGNOSTIC,    10, -9.098487184486e-01, 8.739108051674e-04, 6.9920e+03, 4.0243e+02, 
 1DIAGNOSTIC,    11, -9.109957597166e-01, 8.058191707869e-04, 7.3961e+03, 4.0410e+02, 
 1DIAGNOSTIC,    12, -9.120627284818e-01, 7.224354581619e-04, 7.8013e+03, 4.0526e+02, 
 1DIAGNOSTIC,    13, -9.129461887025e-01, 6.392404212762e-04, 8.2054e+03, 4.0406e+02, 
 1DIAGNOSTIC,    14, -9.136669212594e-01, 5.574005937292e-04, 8.6106e+03, 4.0519e+02, 
 1DIAGNOSTIC,    15, -9.144447961307e-01, 4.818287979143e-04, 9.0165e+03, 4.0596e+02, 
 1DIAGNOSTIC,    16, -9.150457111376e-01, 4.092341399320e-04, 9.4225e+03, 4.0600e+02, 
 1DIAGNOSTIC,    17, -9.155913550116e-01, 3.446525162075e-04, 9.8277e+03, 4.0512e+02, 
 1DIAGNOSTIC,    18, -9.160871293214e-01, 2.899992377342e-04, 1.0233e+04, 4.0487e+02, 
 1DIAGNOSTIC,    19, -9.165626190146e-01, 2.444691541249e-04, 1.0638e+04, 4.0511e+02, 
 1DIAGNOSTIC,    20, -9.170086657807e-01, 2.071146301591e-04, 1.1031e+04, 3.9346e+02, 
  Elapsed time (stage 0): 11034.1


Total elapsed time: 11034.1
-i /mnt/lustre/mathdugre/fast-interpolate/datasets/ds004513/derivatives/flint/ants/flint-vprec-single/sub-s029/ses-open/anat/01/1_Affine.nii.gz -o /mnt/lustre/mathdugre/fast-interpolate/datasets/ds004513/derivatives/flint/ants/flint-vprec-single/sub-s029/ses-open/anat/010/1_transformed.nii.gz -t /mnt/lustre/mathdugre/fast-interpolate/datasets/ds004513/derivatives/flint/ants/flint-vprec-single/sub-s029/ses-open/anat/010/1_1Warp.nii.gz -t /mnt/lustre/mathdugre/fast-interpolate/datasets/ds004513/derivatives/flint/ants/flint-vprec-single/sub-s029/ses-open/anat/010/1_0GenericAffine.mat
