---------------------
Experiment information

SIF_IMG: /mnt/lustre/mathdugre/containers/ants-flint-vprec.simg
SIF_IMG_BASE: /mnt/lustre/mathdugre/containers/ants-flint-base.simg
EXPERIMENT_NAME: flint-vprec-single-five-levels
STAGE: syn
SUBJECT_ID: s017
REPETITION_ID: 1

FIXED_IMG: /templateflow/tpl-MNI152NLin2009cAsym/tpl-MNI152NLin2009cAsym_res-01_desc-brain_T1w.nii.gz
INPUT_IMG: /mnt/lustre/mathdugre/fast-interpolate/datasets/ds004513/derivatives/flint/ants/flint-vprec-single-five-levels/sub-s017/ses-open/anat/10/1_Affine.nii.gz

DATA_DIR: /mnt/lustre/mathdugre/fast-interpolate/datasets/ds004513
OUTPUT_DIR: /mnt/lustre/mathdugre/fast-interpolate/datasets/ds004513/derivatives/flint/ants/flint-vprec-single-five-levels/sub-s017/ses-open/anat
OUTPUT_PREFIX: 101
THREAD: 1
FLOAT: 0
VFC_BACKENDS: libinterflop_vprec.so --precision-binary32=23 --range-binary32=8 --precision-binary64=23 --range-binary64=8
---------------------

--output [/mnt/lustre/mathdugre/fast-interpolate/datasets/ds004513/derivatives/flint/ants/flint-vprec-single-five-levels/sub-s017/ses-open/anat/101/1_,/mnt/lustre/mathdugre/fast-interpolate/datasets/ds004513/derivatives/flint/ants/flint-vprec-single-five-levels/sub-s017/ses-open/anat/101/1_Warped.nii.gz,/mnt/lustre/mathdugre/fast-interpolate/datasets/ds004513/derivatives/flint/ants/flint-vprec-single-five-levels/sub-s017/ses-open/anat/101/1_InverseSyN.nii.gz] --initial-moving-transform [/templateflow/tpl-MNI152NLin2009cAsym/tpl-MNI152NLin2009cAsym_res-01_desc-brain_T1w.nii.gz,/mnt/lustre/mathdugre/fast-interpolate/datasets/ds004513/derivatives/flint/ants/flint-vprec-single-five-levels/sub-s017/ses-open/anat/10/1_Affine.nii.gz,1] --transform SyN[ 0.1,3,0 ] --metric CC[/templateflow/tpl-MNI152NLin2009cAsym/tpl-MNI152NLin2009cAsym_res-01_desc-brain_T1w.nii.gz,/mnt/lustre/mathdugre/fast-interpolate/datasets/ds004513/derivatives/flint/ants/flint-vprec-single-five-levels/sub-s017/ses-open/anat/10/1_Affine.nii.gz,1,4] --convergence [100x100x70x50x20,1e-6,10] --shrink-factors 16x8x4x2x1 --smoothing-sigmas 4x3x2x1x0vox
All_Command_lines_OK
Using double precision for computations.
=============================================================================
The composite transform comprises the following transforms (in order): 
  1. Center of mass alignment using fixed image: /templateflow/tpl-MNI152NLin2009cAsym/tpl-MNI152NLin2009cAsym_res-01_desc-brain_T1w.nii.gz and moving image: /mnt/lustre/mathdugre/fast-interpolate/datasets/ds004513/derivatives/flint/ants/flint-vprec-single-five-levels/sub-s017/ses-open/anat/10/1_Affine.nii.gz (type = Euler3DTransform)
=============================================================================
  number of levels = 5
  fixed image: /templateflow/tpl-MNI152NLin2009cAsym/tpl-MNI152NLin2009cAsym_res-01_desc-brain_T1w.nii.gz
  moving image: /mnt/lustre/mathdugre/fast-interpolate/datasets/ds004513/derivatives/flint/ants/flint-vprec-single-five-levels/sub-s017/ses-open/anat/10/1_Affine.nii.gz
Dimension = 3
Number of stages = 1
Use histogram matching = false
Winsorize image intensities = true
  Lower quantile = 0.005
  Upper quantile = 0.995


Stage 1 State
   Image metric = CC
     Fixed image = Image (0x4496f00)
  RTTI typeinfo:   itk::Image<double, 3u>
  Reference Count: 2
  Modified Time: 1622
  Debug: Off
  Object Name: 
  Observers: 
    none
  Source: (none)
  Source output name: (none)
  Release Data: Off
  Data Released: False
  Global Release Data: Off
  PipelineMTime: 0
  UpdateMTime: 1407
  RealTimeStamp: 0 seconds 
  LargestPossibleRegion: 
    Dimension: 3
    Index: [0, 0, 0]
    Size: [193, 229, 193]
  BufferedRegion: 
    Dimension: 3
    Index: [0, 0, 0]
    Size: [193, 229, 193]
  RequestedRegion: 
    Dimension: 3
    Index: [0, 0, 0]
    Size: [193, 229, 193]
  Spacing: [1, 1, 1]
  Origin: [96, 132, -78]
  Direction: 
-1 0 0
0 -1 0
0 0 1

  IndexToPointMatrix: 
-1 0 0
0 -1 0
0 0 1

  PointToIndexMatrix: 
-1 0 0
0 -1 0
0 0 1

  Inverse Direction: 
-1 0 0
0 -1 0
0 0 1

  PixelContainer: 
    ImportImageContainer (0x45831d0)
      RTTI typeinfo:   itk::ImportImageContainer<unsigned long, double>
      Reference Count: 1
      Modified Time: 1404
      Debug: Off
      Object Name: 
      Observers: 
        none
      Pointer: 0x7f0edb7de010
      Container manages memory: true
      Size: 8530021
      Capacity: 8530021

     Moving image = Image (0x449dff0)
  RTTI typeinfo:   itk::Image<double, 3u>
  Reference Count: 2
  Modified Time: 1623
  Debug: Off
  Object Name: 
  Observers: 
    none
  Source: (none)
  Source output name: (none)
  Release Data: Off
  Data Released: False
  Global Release Data: Off
  PipelineMTime: 0
  UpdateMTime: 1620
  RealTimeStamp: 0 seconds 
  LargestPossibleRegion: 
    Dimension: 3
    Index: [0, 0, 0]
    Size: [193, 229, 193]
  BufferedRegion: 
    Dimension: 3
    Index: [0, 0, 0]
    Size: [193, 229, 193]
  RequestedRegion: 
    Dimension: 3
    Index: [0, 0, 0]
    Size: [193, 229, 193]
  Spacing: [1, 1, 1]
  Origin: [96, 132, -78]
  Direction: 
-1 0 0
0 -1 0
0 0 1

  IndexToPointMatrix: 
-1 0 0
0 -1 0
0 0 1

  PointToIndexMatrix: 
-1 0 0
0 -1 0
0 0 1

  Inverse Direction: 
-1 0 0
0 -1 0
0 0 1

  PixelContainer: 
    ImportImageContainer (0x4524940)
      RTTI typeinfo:   itk::ImportImageContainer<unsigned long, double>
      Reference Count: 1
      Modified Time: 1617
      Debug: Off
      Object Name: 
      Observers: 
        none
      Pointer: 0x7f0ed76c9010
      Container manages memory: true
      Size: 8530021
      Capacity: 8530021

     Weighting = 1
     Sampling strategy = none
     Number of bins = 32
     Radius = 4
     Sampling percentage  = 1
   Transform = SyN
     Gradient step = 0.1
     Update field sigma (voxel space) = 3
     Total field sigma (voxel space) = 0
     Update field time sigma = 0
     Total field time sigma  = 0
     Number of time indices = 0
     Number of time point samples = 0
Registration using 1 total stages.

Stage 0
  iterations = 100x100x70x50x20
  convergence threshold = 1e-06
  convergence window size = 10
  number of levels = 5
  using the CC metric (radius = 4, weight = 1, use gradient filter = 0)
  preprocessing:  winsorizing the image intensities
  Shrink factors (level 1 out of 5): [16, 16, 16]
  Shrink factors (level 2 out of 5): [8, 8, 8]
  Shrink factors (level 3 out of 5): [4, 4, 4]
  Shrink factors (level 4 out of 5): [2, 2, 2]
  Shrink factors (level 5 out of 5): [1, 1, 1]
  smoothing sigmas per level: [4, 3, 2, 1, 0]
  Using default NONE metricSamplingStrategy 

*** Running SyN registration (varianceForUpdateField = 3, varianceForTotalField = 0) ***

XXDIAGNOSTIC,Iteration,metricValue,convergenceValue,ITERATION_TIME_INDEX,SINCE_LAST
 1DIAGNOSTIC,     1, -9.802365899086e-01, 1.797693134862e+308, 0.0000e+00, 0.0000e+00, 
 1DIAGNOSTIC,     2, -9.863534569740e-01, 1.797693134862e+308, 0.0000e+00, 0.0000e+00, 
 1DIAGNOSTIC,     3, -9.884365200996e-01, 1.797693134862e+308, 0.0000e+00, 0.0000e+00, 
 1DIAGNOSTIC,     4, -9.897724986076e-01, 1.797693134862e+308, 0.0000e+00, 0.0000e+00, 
 1DIAGNOSTIC,     5, -9.881957769394e-01, 1.797693134862e+308, 0.0000e+00, 0.0000e+00, 
 1DIAGNOSTIC,     6, -9.900625348091e-01, 1.797693134862e+308, 0.0000e+00, 0.0000e+00, 
 1DIAGNOSTIC,     7, -9.880341291428e-01, 1.797693134862e+308, 0.0000e+00, 0.0000e+00, 
 1DIAGNOSTIC,     8, -9.899659156799e-01, 1.797693134862e+308, 0.0000e+00, 0.0000e+00, 
 1DIAGNOSTIC,     9, -9.882826805115e-01, 1.797693134862e+308, 0.0000e+00, 0.0000e+00, 
 1DIAGNOSTIC,    10, -9.897645115852e-01, 3.422051668167e-04, 0.0000e+00, 0.0000e+00, 
 1DIAGNOSTIC,    11, -9.885683059692e-01, 7.662922143936e-05, 0.0000e+00, 0.0000e+00, 
 1DIAGNOSTIC,    12, -9.894974231720e-01, 1.703202724457e-05, 0.0000e+00, 0.0000e+00, 
 1DIAGNOSTIC,    13, -9.888141155243e-01, -5.111098289490e-06, 0.0000e+00, 0.0000e+00, 
XXDIAGNOSTIC,Iteration,metricValue,convergenceValue,ITERATION_TIME_INDEX,SINCE_LAST
 1DIAGNOSTIC,     1, -9.581890702248e-01, 1.797693134862e+308, 1.2800e+02, 1.2800e+02, 
 1DIAGNOSTIC,     2, -9.603343009949e-01, 1.797693134862e+308, 1.2800e+02, 0.0000e+00, 
 1DIAGNOSTIC,     3, -9.626136422157e-01, 1.797693134862e+308, 1.2800e+02, 0.0000e+00, 
 1DIAGNOSTIC,     4, -9.641291499138e-01, 1.797693134862e+308, 1.2800e+02, 0.0000e+00, 
 1DIAGNOSTIC,     5, -9.654386043549e-01, 1.797693134862e+308, 1.2800e+02, 0.0000e+00, 
 1DIAGNOSTIC,     6, -9.672995805740e-01, 1.797693134862e+308, 2.5600e+02, 1.2800e+02, 
 1DIAGNOSTIC,     7, -9.697674512863e-01, 1.797693134862e+308, 2.5600e+02, 0.0000e+00, 
 1DIAGNOSTIC,     8, -9.719657301903e-01, 1.797693134862e+308, 2.5600e+02, 0.0000e+00, 
 1DIAGNOSTIC,     9, -9.735175371170e-01, 1.797693134862e+308, 2.5600e+02, 0.0000e+00, 
 1DIAGNOSTIC,    10, -9.738742113113e-01, 1.082383096218e-03, 2.5600e+02, 0.0000e+00, 
 1DIAGNOSTIC,    11, -9.739239811897e-01, 8.969381451607e-04, 2.5600e+02, 0.0000e+00, 
 1DIAGNOSTIC,    12, -9.741958975792e-01, 7.202699780464e-04, 2.5600e+02, 0.0000e+00, 
 1DIAGNOSTIC,    13, -9.741982221603e-01, 5.565583705902e-04, 2.5600e+02, 0.0000e+00, 
 1DIAGNOSTIC,    14, -9.744803905487e-01, 4.035606980324e-04, 3.8400e+02, 1.2800e+02, 
 1DIAGNOSTIC,    15, -9.744483828545e-01, 2.593621611595e-04, 3.8400e+02, 0.0000e+00, 
 1DIAGNOSTIC,    16, -9.746668934822e-01, 1.474842429161e-04, 3.8400e+02, 0.0000e+00, 
 1DIAGNOSTIC,    17, -9.746190309525e-01, 7.636100053787e-05, 3.8400e+02, 0.0000e+00, 
 1DIAGNOSTIC,    18, -9.748023748398e-01, 4.443526268005e-05, 3.8400e+02, 0.0000e+00, 
 1DIAGNOSTIC,    19, -9.747406244278e-01, 3.474578261375e-05, 3.8400e+02, 0.0000e+00, 
 1DIAGNOSTIC,    20, -9.749079346657e-01, 3.065913915634e-05, 3.8400e+02, 0.0000e+00, 
 1DIAGNOSTIC,    21, -9.748413562775e-01, 2.389773726463e-05, 3.8400e+02, 0.0000e+00, 
 1DIAGNOSTIC,    22, -9.749956130981e-01, 2.141296863556e-05, 5.1200e+02, 1.2800e+02, 
 1DIAGNOSTIC,    23, -9.749286174774e-01, 1.631677150726e-05, 5.1200e+02, 0.0000e+00, 
 1DIAGNOSTIC,    24, -9.750807881355e-01, 1.560524106026e-05, 5.1200e+02, 0.0000e+00, 
 1DIAGNOSTIC,    25, -9.750091433525e-01, 1.230090856552e-05, 5.1200e+02, 0.0000e+00, 
 1DIAGNOSTIC,    26, -9.751501679420e-01, 1.231953501701e-05, 5.1200e+02, 0.0000e+00, 
 1DIAGNOSTIC,    27, -9.750822186470e-01, 9.946525096893e-06, 5.1200e+02, 0.0000e+00, 
 1DIAGNOSTIC,    28, -9.752141237259e-01, 1.026690006256e-05, 5.1200e+02, 0.0000e+00, 
 1DIAGNOSTIC,    29, -9.751461744308e-01, 8.318573236465e-06, 5.1200e+02, 0.0000e+00, 
 1DIAGNOSTIC,    30, -9.752652645111e-01, 8.668750524521e-06, 6.4000e+02, 1.2800e+02, 
 1DIAGNOSTIC,    31, -9.752010703087e-01, 6.970018148422e-06, 6.4000e+02, 0.0000e+00, 
 1DIAGNOSTIC,    32, -9.753152728081e-01, 7.312744855881e-06, 6.4000e+02, 0.0000e+00, 
 1DIAGNOSTIC,    33, -9.752505421638e-01, 5.811452865601e-06, 6.4000e+02, 0.0000e+00, 
 1DIAGNOSTIC,    34, -9.753630757332e-01, 6.260350346565e-06, 6.4000e+02, 0.0000e+00, 
 1DIAGNOSTIC,    35, -9.753004312515e-01, 4.999339580536e-06, 6.4000e+02, 0.0000e+00, 
 1DIAGNOSTIC,    36, -9.754078388214e-01, 5.478039383888e-06, 6.4000e+02, 0.0000e+00, 
 1DIAGNOSTIC,    37, -9.753447175026e-01, 4.407018423080e-06, 7.6800e+02, 1.2800e+02, 
 1DIAGNOSTIC,    38, -9.754520058632e-01, 4.928559064865e-06, 7.6800e+02, 0.0000e+00, 
 1DIAGNOSTIC,    39, -9.753904938698e-01, 4.023313522339e-06, 7.6800e+02, 0.0000e+00, 
 1DIAGNOSTIC,    40, -9.754945039749e-01, 4.524365067482e-06, 7.6800e+02, 0.0000e+00, 
 1DIAGNOSTIC,    41, -9.754306674004e-01, 3.682449460030e-06, 7.6800e+02, 0.0000e+00, 
 1DIAGNOSTIC,    42, -9.755355119705e-01, 4.164874553680e-06, 7.6800e+02, 0.0000e+00, 
 1DIAGNOSTIC,    43, -9.754671454430e-01, 3.358349204063e-06, 7.6800e+02, 0.0000e+00, 
 1DIAGNOSTIC,    44, -9.755685925484e-01, 3.783032298088e-06, 7.6800e+02, 0.0000e+00, 
 1DIAGNOSTIC,    45, -9.755023717880e-01, 3.028661012650e-06, 8.9600e+02, 1.2800e+02, 
 1DIAGNOSTIC,    46, -9.756031632423e-01, 3.440305590630e-06, 8.9600e+02, 0.0000e+00, 
 1DIAGNOSTIC,    47, -9.755336642265e-01, 2.702698111534e-06, 8.9600e+02, 0.0000e+00, 
 1DIAGNOSTIC,    48, -9.756349325180e-01, 3.105029463768e-06, 8.9600e+02, 0.0000e+00, 
 1DIAGNOSTIC,    49, -9.755640625954e-01, 2.436339855194e-06, 8.9600e+02, 0.0000e+00, 
 1DIAGNOSTIC,    50, -9.756696224213e-01, 2.868473529816e-06, 8.9600e+02, 0.0000e+00, 
 1DIAGNOSTIC,    51, -9.755966067314e-01, 2.259388566017e-06, 8.9600e+02, 0.0000e+00, 
 1DIAGNOSTIC,    52, -9.756985306740e-01, 2.698972821236e-06, 8.9600e+02, 0.0000e+00, 
 1DIAGNOSTIC,    53, -9.756257534027e-01, 2.121552824974e-06, 1.0240e+03, 1.2800e+02, 
 1DIAGNOSTIC,    54, -9.757294654846e-01, 2.548098564148e-06, 1.0240e+03, 0.0000e+00, 
 1DIAGNOSTIC,    55, -9.756553173065e-01, 1.998618245125e-06, 1.0240e+03, 0.0000e+00, 
 1DIAGNOSTIC,    56, -9.757584333420e-01, 2.419576048851e-06, 1.0240e+03, 0.0000e+00, 
 1DIAGNOSTIC,    57, -9.756846427917e-01, 1.886859536171e-06, 1.0240e+03, 0.0000e+00, 
 1DIAGNOSTIC,    58, -9.757872819901e-01, 2.296641469002e-06, 1.0240e+03, 0.0000e+00, 
 1DIAGNOSTIC,    59, -9.757127761841e-01, 1.773238182068e-06, 1.0240e+03, 0.0000e+00, 
 1DIAGNOSTIC,    60, -9.758139252663e-01, 2.181157469749e-06, 1.1520e+03, 1.2800e+02, 
 1DIAGNOSTIC,    61, -9.757381081581e-01, 1.676380634308e-06, 1.1520e+03, 0.0000e+00, 
 1DIAGNOSTIC,    62, -9.758375287056e-01, 2.052634954453e-06, 1.1520e+03, 0.0000e+00, 
 1DIAGNOSTIC,    63, -9.757614135742e-01, 1.545995473862e-06, 1.1520e+03, 0.0000e+00, 
 1DIAGNOSTIC,    64, -9.758594036102e-01, 1.901760697365e-06, 1.1520e+03, 0.0000e+00, 
 1DIAGNOSTIC,    65, -9.757803678513e-01, 1.396983861923e-06, 1.1520e+03, 0.0000e+00, 
 1DIAGNOSTIC,    66, -9.758776426315e-01, 1.728534698486e-06, 1.1520e+03, 0.0000e+00, 
 1DIAGNOSTIC,    67, -9.757983684540e-01, 1.240521669388e-06, 1.1520e+03, 0.0000e+00, 
 1DIAGNOSTIC,    68, -9.758923053741e-01, 1.556240022182e-06, 1.2800e+03, 1.2800e+02, 
 1DIAGNOSTIC,    69, -9.758152365685e-01, 1.092441380024e-06, 1.2800e+03, 0.0000e+00, 
 1DIAGNOSTIC,    70, -9.759073257446e-01, 1.410022377968e-06, 1.2800e+03, 0.0000e+00, 
 1DIAGNOSTIC,    71, -9.758273363113e-01, 9.648501873016e-07, 1.2800e+03, 0.0000e+00, 
XXDIAGNOSTIC,Iteration,metricValue,convergenceValue,ITERATION_TIME_INDEX,SINCE_LAST
 1DIAGNOSTIC,     1, -9.222385883331e-01, 1.797693134862e+308, 1.4080e+03, 1.2800e+02, 
 1DIAGNOSTIC,     2, -9.252394437790e-01, 1.797693134862e+308, 1.6640e+03, 2.5600e+02, 
 1DIAGNOSTIC,     3, -9.285693168640e-01, 1.797693134862e+308, 1.7920e+03, 1.2800e+02, 
 1DIAGNOSTIC,     4, -9.313696622849e-01, 1.797693134862e+308, 1.9200e+03, 1.2800e+02, 
 1DIAGNOSTIC,     5, -9.340695142746e-01, 1.797693134862e+308, 2.0480e+03, 1.2800e+02, 
 1DIAGNOSTIC,     6, -9.365882873535e-01, 1.797693134862e+308, 2.1760e+03, 1.2800e+02, 
 1DIAGNOSTIC,     7, -9.389163255692e-01, 1.797693134862e+308, 2.3040e+03, 1.2800e+02, 
 1DIAGNOSTIC,     8, -9.410071372986e-01, 1.797693134862e+308, 2.5600e+03, 2.5600e+02, 
 1DIAGNOSTIC,     9, -9.427546262741e-01, 1.797693134862e+308, 2.6880e+03, 1.2800e+02, 
 1DIAGNOSTIC,    10, -9.442771673203e-01, 1.524202525616e-03, 2.8160e+03, 1.2800e+02, 
 1DIAGNOSTIC,    11, -9.455460309982e-01, 1.263573765755e-03, 2.9440e+03, 1.2800e+02, 
 1DIAGNOSTIC,    12, -9.468212127686e-01, 1.040317118168e-03, 3.0720e+03, 1.2800e+02, 
 1DIAGNOSTIC,    13, -9.478899240494e-01, 8.593946695328e-04, 3.2000e+03, 1.2800e+02, 
 1DIAGNOSTIC,    14, -9.488728046417e-01, 7.076486945152e-04, 3.4560e+03, 2.5600e+02, 
 1DIAGNOSTIC,    15, -9.497675895691e-01, 5.836635828018e-04, 3.5840e+03, 1.2800e+02, 
 1DIAGNOSTIC,    16, -9.505691528320e-01, 4.840344190598e-04, 3.7120e+03, 1.2800e+02, 
 1DIAGNOSTIC,    17, -9.512622356415e-01, 4.048720002174e-04, 3.8400e+03, 1.2800e+02, 
 1DIAGNOSTIC,    18, -9.518712162971e-01, 3.421269357204e-04, 3.9680e+03, 1.2800e+02, 
 1DIAGNOSTIC,    19, -9.523984193802e-01, 2.902373671532e-04, 4.0960e+03, 1.2800e+02, 
 1DIAGNOSTIC,    20, -9.528428912163e-01, 2.461411058903e-04, 4.2240e+03, 1.2800e+02, 
 1DIAGNOSTIC,    21, -9.532277584076e-01, 2.069100737572e-04, 4.4800e+03, 2.5600e+02, 
 1DIAGNOSTIC,    22, -9.535692930222e-01, 1.740008592606e-04, 4.6080e+03, 1.2800e+02, 
 1DIAGNOSTIC,    23, -9.535363912582e-01, 1.412108540535e-04, 4.7360e+03, 1.2800e+02, 
 1DIAGNOSTIC,    24, -9.533864259720e-01, 1.084394752979e-04, 4.8640e+03, 1.2800e+02, 
 1DIAGNOSTIC,    25, -9.536968469620e-01, 8.269399404526e-05, 4.9920e+03, 1.2800e+02, 
 1DIAGNOSTIC,    26, -9.533590674400e-01, 5.637854337692e-05, 5.1200e+03, 1.2800e+02, 
 1DIAGNOSTIC,    27, -9.535504579544e-01, 3.668293356895e-05, 5.3760e+03, 2.5600e+02, 
 1DIAGNOSTIC,    28, -9.533101916313e-01, 1.893937587738e-05, 5.5040e+03, 1.2800e+02, 
 1DIAGNOSTIC,    29, -9.534969925880e-01, 8.165836334229e-06, 5.6320e+03, 1.2800e+02, 
 1DIAGNOSTIC,    30, -9.532914161682e-01, -3.166496753693e-07, 5.7600e+03, 1.2800e+02, 
XXDIAGNOSTIC,Iteration,metricValue,convergenceValue,ITERATION_TIME_INDEX,SINCE_LAST
 1DIAGNOSTIC,     1, -9.057399630547e-01, 1.797693134862e+308, 7.0400e+03, 1.2800e+03, 
 1DIAGNOSTIC,     2, -9.075463414192e-01, 1.797693134862e+308, 8.3200e+03, 1.2800e+03, 
 1DIAGNOSTIC,     3, -9.100360274315e-01, 1.797693134862e+308, 9.4720e+03, 1.1520e+03, 
 1DIAGNOSTIC,     4, -9.124199151993e-01, 1.797693134862e+308, 1.0752e+04, 1.2800e+03, 
 1DIAGNOSTIC,     5, -9.145966172218e-01, 1.797693134862e+308, 1.1776e+04, 1.0240e+03, 
 1DIAGNOSTIC,     6, -9.165512323380e-01, 1.797693134862e+308, 1.2800e+04, 1.0240e+03, 
 1DIAGNOSTIC,     7, -9.182692170143e-01, 1.797693134862e+308, 1.3952e+04, 1.1520e+03, 
 1DIAGNOSTIC,     8, -9.197845458984e-01, 1.797693134862e+308, 1.4976e+04, 1.0240e+03, 
 1DIAGNOSTIC,     9, -9.211494922638e-01, 1.797693134862e+308, 1.6000e+04, 1.0240e+03, 
 1DIAGNOSTIC,    10, -9.224081635475e-01, 1.197695732117e-03, 1.7024e+04, 1.0240e+03, 
 1DIAGNOSTIC,    11, -9.234163761139e-01, 1.005016267300e-03, 1.8176e+04, 1.1520e+03, 
 1DIAGNOSTIC,    12, -9.244836568832e-01, 8.280575275421e-04, 1.9200e+04, 1.0240e+03, 
 1DIAGNOSTIC,    13, -9.252887368202e-01, 6.815120577812e-04, 2.0224e+04, 1.0240e+03, 
 1DIAGNOSTIC,    14, -9.260234832764e-01, 5.625486373901e-04, 2.1376e+04, 1.1520e+03, 
 1DIAGNOSTIC,    15, -9.268465638161e-01, 4.696175456047e-04, 2.2400e+04, 1.0240e+03, 
 1DIAGNOSTIC,    16, -9.274536967278e-01, 3.943666815758e-04, 2.3424e+04, 1.0240e+03, 
 1DIAGNOSTIC,    17, -9.280201196671e-01, 3.329999744892e-04, 2.4576e+04, 1.1520e+03, 
 1DIAGNOSTIC,    18, -9.286041855812e-01, 2.835504710674e-04, 2.5600e+04, 1.0240e+03, 
 1DIAGNOSTIC,    19, -9.289887547493e-01, 2.412721514702e-04, 2.6752e+04, 1.1520e+03, 
 1DIAGNOSTIC,    20, -9.293878078461e-01, 2.063326537609e-04, 2.7776e+04, 1.0240e+03, 
 1DIAGNOSTIC,    21, -9.297794103622e-01, 1.759380102158e-04, 2.8928e+04, 1.1520e+03, 
 1DIAGNOSTIC,    22, -9.301571249962e-01, 1.520887017250e-04, 2.9952e+04, 1.0240e+03, 
 1DIAGNOSTIC,    23, -9.305168390274e-01, 1.316554844379e-04, 3.0976e+04, 1.0240e+03, 
 1DIAGNOSTIC,    24, -9.308612346649e-01, 1.143775880337e-04, 3.2128e+04, 1.1520e+03, 
 1DIAGNOSTIC,    25, -9.311976432800e-01, 1.020431518555e-04, 3.3152e+04, 1.0240e+03, 
 1DIAGNOSTIC,    26, -9.315071105957e-01, 9.190663695335e-05, 3.4304e+04, 1.1520e+03, 
 1DIAGNOSTIC,    27, -9.317972660065e-01, 8.358433842659e-05, 3.5328e+04, 1.0240e+03, 
 1DIAGNOSTIC,    28, -9.320657253265e-01, 7.737055420876e-05, 3.6352e+04, 1.0240e+03, 
 1DIAGNOSTIC,    29, -9.323141574860e-01, 7.103383541107e-05, 3.7504e+04, 1.1520e+03, 
 1DIAGNOSTIC,    30, -9.325516223907e-01, 6.493926048279e-05, 3.8528e+04, 1.0240e+03, 
 1DIAGNOSTIC,    31, -9.327712059021e-01, 5.918741226196e-05, 3.9552e+04, 1.0240e+03, 
 1DIAGNOSTIC,    32, -9.329636096954e-01, 5.369633436203e-05, 4.0704e+04, 1.1520e+03, 
 1DIAGNOSTIC,    33, -9.331539869308e-01, 4.860013723373e-05, 4.1728e+04, 1.0240e+03, 
 1DIAGNOSTIC,    34, -9.333274364471e-01, 4.390999674797e-05, 4.2880e+04, 1.1520e+03, 
 1DIAGNOSTIC,    35, -9.334907531738e-01, 3.972835838795e-05, 4.3904e+04, 1.0240e+03, 
 1DIAGNOSTIC,    36, -9.336484670639e-01, 3.602728247643e-05, 4.4928e+04, 1.0240e+03, 
 1DIAGNOSTIC,    37, -9.337987899780e-01, 3.279559314251e-05, 4.6080e+04, 1.1520e+03, 
 1DIAGNOSTIC,    38, -9.339395761490e-01, 2.995878458023e-05, 4.7104e+04, 1.0240e+03, 
 1DIAGNOSTIC,    39, -9.340701699257e-01, 2.743490040302e-05, 4.8128e+04, 1.0240e+03, 
 1DIAGNOSTIC,    40, -9.341942071915e-01, 2.524442970753e-05, 4.9280e+04, 1.1520e+03, 
 1DIAGNOSTIC,    41, -9.343169927597e-01, 2.335384488106e-05, 5.0304e+04, 1.0240e+03, 
 1DIAGNOSTIC,    42, -9.344317317009e-01, 2.161040902138e-05, 5.1328e+04, 1.0240e+03, 
 1DIAGNOSTIC,    43, -9.345379471779e-01, 2.005137503147e-05, 5.2480e+04, 1.1520e+03, 
 1DIAGNOSTIC,    44, -9.346433281898e-01, 1.863390207291e-05, 5.3504e+04, 1.0240e+03, 
 1DIAGNOSTIC,    45, -9.347432851791e-01, 1.733563840389e-05, 5.4656e+04, 1.1520e+03, 
 1DIAGNOSTIC,    46, -9.348451495171e-01, 1.621805131435e-05, 5.5680e+04, 1.0240e+03, 
 1DIAGNOSTIC,    47, -9.349429607391e-01, 1.524947583675e-05, 5.6704e+04, 1.0240e+03, 
 1DIAGNOSTIC,    48, -9.350353479385e-01, 1.440569758415e-05, 5.7856e+04, 1.1520e+03, 
 1DIAGNOSTIC,    49, -9.351198673248e-01, 1.360289752483e-05, 5.8880e+04, 1.0240e+03, 
 1DIAGNOSTIC,    50, -9.351922273636e-01, 1.277588307858e-05, 6.0032e+04, 1.1520e+03, 
XXDIAGNOSTIC,Iteration,metricValue,convergenceValue,ITERATION_TIME_INDEX,SINCE_LAST
 1DIAGNOSTIC,     1, -9.022817611694e-01, 1.797693134862e+308, 6.8864e+04, 8.8320e+03, 
 1DIAGNOSTIC,     2, -9.033020734787e-01, 1.797693134862e+308, 7.7696e+04, 8.8320e+03, 
 1DIAGNOSTIC,     3, -9.051084518433e-01, 1.797693134862e+308, 8.6528e+04, 8.8320e+03, 
 1DIAGNOSTIC,     4, -9.066936969757e-01, 1.797693134862e+308, 9.5232e+04, 8.7040e+03, 
 1DIAGNOSTIC,     5, -9.083381891251e-01, 1.797693134862e+308, 1.0406e+05, 8.8320e+03, 
 1DIAGNOSTIC,     6, -9.098688364029e-01, 1.797693134862e+308, 1.1277e+05, 8.7040e+03, 
 1DIAGNOSTIC,     7, -9.113551378250e-01, 1.797693134862e+308, 1.2147e+05, 8.7040e+03, 
 1DIAGNOSTIC,     8, -9.126953482628e-01, 1.797693134862e+308, 1.3018e+05, 8.7040e+03, 
 1DIAGNOSTIC,     9, -9.139310121536e-01, 1.797693134862e+308, 1.3888e+05, 8.7040e+03, 
 1DIAGNOSTIC,    10, -9.150953292847e-01, 9.367614984512e-04, 1.4758e+05, 8.7040e+03, 
 1DIAGNOSTIC,    11, -9.161573648453e-01, 8.250400424004e-04, 1.5629e+05, 8.7040e+03, 
 1DIAGNOSTIC,    12, -9.171911478043e-01, 7.107779383659e-04, 1.6499e+05, 8.7040e+03, 
 1DIAGNOSTIC,    13, -9.181082844734e-01, 6.148964166641e-04, 1.7370e+05, 8.7040e+03, 
