---------------------
Experiment information

SIF_IMG: /mnt/lustre/mathdugre/containers/ants-flint-vprec.simg
SIF_IMG_BASE: /mnt/lustre/mathdugre/containers/ants-flint-base.simg
EXPERIMENT_NAME: flint-vprec-single-five-levels
STAGE: syn
SUBJECT_ID: s017
REPETITION_ID: 1

FIXED_IMG: /templateflow/tpl-MNI152NLin2009cAsym/tpl-MNI152NLin2009cAsym_res-01_desc-brain_T1w.nii.gz
INPUT_IMG: /mnt/lustre/mathdugre/fast-interpolate/datasets/ds004513/derivatives/flint/ants/flint-vprec-single-five-levels/sub-s017/ses-open/anat/11/1_Affine.nii.gz

DATA_DIR: /mnt/lustre/mathdugre/fast-interpolate/datasets/ds004513
OUTPUT_DIR: /mnt/lustre/mathdugre/fast-interpolate/datasets/ds004513/derivatives/flint/ants/flint-vprec-single-five-levels/sub-s017/ses-open/anat
OUTPUT_PREFIX: 111
THREAD: 1
FLOAT: 0
VFC_BACKENDS: libinterflop_vprec.so --precision-binary32=23 --range-binary32=8 --precision-binary64=23 --range-binary64=8
---------------------

--output [/mnt/lustre/mathdugre/fast-interpolate/datasets/ds004513/derivatives/flint/ants/flint-vprec-single-five-levels/sub-s017/ses-open/anat/111/1_,/mnt/lustre/mathdugre/fast-interpolate/datasets/ds004513/derivatives/flint/ants/flint-vprec-single-five-levels/sub-s017/ses-open/anat/111/1_Warped.nii.gz,/mnt/lustre/mathdugre/fast-interpolate/datasets/ds004513/derivatives/flint/ants/flint-vprec-single-five-levels/sub-s017/ses-open/anat/111/1_InverseSyN.nii.gz] --initial-moving-transform [/templateflow/tpl-MNI152NLin2009cAsym/tpl-MNI152NLin2009cAsym_res-01_desc-brain_T1w.nii.gz,/mnt/lustre/mathdugre/fast-interpolate/datasets/ds004513/derivatives/flint/ants/flint-vprec-single-five-levels/sub-s017/ses-open/anat/11/1_Affine.nii.gz,1] --transform SyN[ 0.1,3,0 ] --metric CC[/templateflow/tpl-MNI152NLin2009cAsym/tpl-MNI152NLin2009cAsym_res-01_desc-brain_T1w.nii.gz,/mnt/lustre/mathdugre/fast-interpolate/datasets/ds004513/derivatives/flint/ants/flint-vprec-single-five-levels/sub-s017/ses-open/anat/11/1_Affine.nii.gz,1,4] --convergence [100x100x70x50x20,1e-6,10] --shrink-factors 16x8x4x2x1 --smoothing-sigmas 4x3x2x1x0vox
All_Command_lines_OK
Using double precision for computations.
=============================================================================
The composite transform comprises the following transforms (in order): 
  1. Center of mass alignment using fixed image: /templateflow/tpl-MNI152NLin2009cAsym/tpl-MNI152NLin2009cAsym_res-01_desc-brain_T1w.nii.gz and moving image: /mnt/lustre/mathdugre/fast-interpolate/datasets/ds004513/derivatives/flint/ants/flint-vprec-single-five-levels/sub-s017/ses-open/anat/11/1_Affine.nii.gz (type = Euler3DTransform)
=============================================================================
  number of levels = 5
  fixed image: /templateflow/tpl-MNI152NLin2009cAsym/tpl-MNI152NLin2009cAsym_res-01_desc-brain_T1w.nii.gz
  moving image: /mnt/lustre/mathdugre/fast-interpolate/datasets/ds004513/derivatives/flint/ants/flint-vprec-single-five-levels/sub-s017/ses-open/anat/11/1_Affine.nii.gz
Dimension = 3
Number of stages = 1
Use histogram matching = false
Winsorize image intensities = true
  Lower quantile = 0.005
  Upper quantile = 0.995


Stage 1 State
   Image metric = CC
     Fixed image = Image (0x413cf00)
  RTTI typeinfo:   itk::Image<double, 3u>
  Reference Count: 2
  Modified Time: 1622
  Debug: Off
  Object Name: 
  Observers: 
    none
  Source: (none)
  Source output name: (none)
  Release Data: Off
  Data Released: False
  Global Release Data: Off
  PipelineMTime: 0
  UpdateMTime: 1407
  RealTimeStamp: 0 seconds 
  LargestPossibleRegion: 
    Dimension: 3
    Index: [0, 0, 0]
    Size: [193, 229, 193]
  BufferedRegion: 
    Dimension: 3
    Index: [0, 0, 0]
    Size: [193, 229, 193]
  RequestedRegion: 
    Dimension: 3
    Index: [0, 0, 0]
    Size: [193, 229, 193]
  Spacing: [1, 1, 1]
  Origin: [96, 132, -78]
  Direction: 
-1 0 0
0 -1 0
0 0 1

  IndexToPointMatrix: 
-1 0 0
0 -1 0
0 0 1

  PointToIndexMatrix: 
-1 0 0
0 -1 0
0 0 1

  Inverse Direction: 
-1 0 0
0 -1 0
0 0 1

  PixelContainer: 
    ImportImageContainer (0x42291d0)
      RTTI typeinfo:   itk::ImportImageContainer<unsigned long, double>
      Reference Count: 1
      Modified Time: 1404
      Debug: Off
      Object Name: 
      Observers: 
        none
      Pointer: 0x7f25ad5e5010
      Container manages memory: true
      Size: 8530021
      Capacity: 8530021

     Moving image = Image (0x4143ff0)
  RTTI typeinfo:   itk::Image<double, 3u>
  Reference Count: 2
  Modified Time: 1623
  Debug: Off
  Object Name: 
  Observers: 
    none
  Source: (none)
  Source output name: (none)
  Release Data: Off
  Data Released: False
  Global Release Data: Off
  PipelineMTime: 0
  UpdateMTime: 1620
  RealTimeStamp: 0 seconds 
  LargestPossibleRegion: 
    Dimension: 3
    Index: [0, 0, 0]
    Size: [193, 229, 193]
  BufferedRegion: 
    Dimension: 3
    Index: [0, 0, 0]
    Size: [193, 229, 193]
  RequestedRegion: 
    Dimension: 3
    Index: [0, 0, 0]
    Size: [193, 229, 193]
  Spacing: [1, 1, 1]
  Origin: [96, 132, -78]
  Direction: 
-1 0 0
0 -1 0
0 0 1

  IndexToPointMatrix: 
-1 0 0
0 -1 0
0 0 1

  PointToIndexMatrix: 
-1 0 0
0 -1 0
0 0 1

  Inverse Direction: 
-1 0 0
0 -1 0
0 0 1

  PixelContainer: 
    ImportImageContainer (0x41ca940)
      RTTI typeinfo:   itk::ImportImageContainer<unsigned long, double>
      Reference Count: 1
      Modified Time: 1617
      Debug: Off
      Object Name: 
      Observers: 
        none
      Pointer: 0x7f25a94d0010
      Container manages memory: true
      Size: 8530021
      Capacity: 8530021

     Weighting = 1
     Sampling strategy = none
     Number of bins = 32
     Radius = 4
     Sampling percentage  = 1
   Transform = SyN
     Gradient step = 0.1
     Update field sigma (voxel space) = 3
     Total field sigma (voxel space) = 0
     Update field time sigma = 0
     Total field time sigma  = 0
     Number of time indices = 0
     Number of time point samples = 0
Registration using 1 total stages.

Stage 0
  iterations = 100x100x70x50x20
  convergence threshold = 1e-06
  convergence window size = 10
  number of levels = 5
  using the CC metric (radius = 4, weight = 1, use gradient filter = 0)
  preprocessing:  winsorizing the image intensities
  Shrink factors (level 1 out of 5): [16, 16, 16]
  Shrink factors (level 2 out of 5): [8, 8, 8]
  Shrink factors (level 3 out of 5): [4, 4, 4]
  Shrink factors (level 4 out of 5): [2, 2, 2]
  Shrink factors (level 5 out of 5): [1, 1, 1]
  smoothing sigmas per level: [4, 3, 2, 1, 0]
  Using default NONE metricSamplingStrategy 

*** Running SyN registration (varianceForUpdateField = 3, varianceForTotalField = 0) ***

XXDIAGNOSTIC,Iteration,metricValue,convergenceValue,ITERATION_TIME_INDEX,SINCE_LAST
 1DIAGNOSTIC,     1, -9.803249835968e-01, 1.797693134862e+308, 0.0000e+00, 0.0000e+00, 
 1DIAGNOSTIC,     2, -9.865809082985e-01, 1.797693134862e+308, 0.0000e+00, 0.0000e+00, 
 1DIAGNOSTIC,     3, -9.889545440674e-01, 1.797693134862e+308, 0.0000e+00, 0.0000e+00, 
 1DIAGNOSTIC,     4, -9.894609451294e-01, 1.797693134862e+308, 0.0000e+00, 0.0000e+00, 
 1DIAGNOSTIC,     5, -9.896664619446e-01, 1.797693134862e+308, 0.0000e+00, 0.0000e+00, 
 1DIAGNOSTIC,     6, -9.892974495888e-01, 1.797693134862e+308, 0.0000e+00, 0.0000e+00, 
 1DIAGNOSTIC,     7, -9.897318482399e-01, 1.797693134862e+308, 0.0000e+00, 0.0000e+00, 
 1DIAGNOSTIC,     8, -9.897971153259e-01, 1.797693134862e+308, 0.0000e+00, 0.0000e+00, 
 1DIAGNOSTIC,     9, -9.893593788147e-01, 1.797693134862e+308, 0.0000e+00, 0.0000e+00, 
 1DIAGNOSTIC,    10, -9.899016022682e-01, 3.672614693642e-04, 0.0000e+00, 0.0000e+00, 
 1DIAGNOSTIC,    11, -9.890250563622e-01, 9.001791477203e-05, 0.0000e+00, 0.0000e+00, 
 1DIAGNOSTIC,    12, -9.898940324783e-01, 2.095103263855e-05, 0.0000e+00, 0.0000e+00, 
 1DIAGNOSTIC,    13, -9.886300563812e-01, -1.560151576996e-05, 0.0000e+00, 0.0000e+00, 
XXDIAGNOSTIC,Iteration,metricValue,convergenceValue,ITERATION_TIME_INDEX,SINCE_LAST
 1DIAGNOSTIC,     1, -9.522167444229e-01, 1.797693134862e+308, 1.2800e+02, 1.2800e+02, 
 1DIAGNOSTIC,     2, -9.546685218811e-01, 1.797693134862e+308, 1.2800e+02, 0.0000e+00, 
 1DIAGNOSTIC,     3, -9.578883647919e-01, 1.797693134862e+308, 1.2800e+02, 0.0000e+00, 
 1DIAGNOSTIC,     4, -9.608666896820e-01, 1.797693134862e+308, 1.2800e+02, 0.0000e+00, 
 1DIAGNOSTIC,     5, -9.633311033249e-01, 1.797693134862e+308, 1.2800e+02, 0.0000e+00, 
 1DIAGNOSTIC,     6, -9.656170606613e-01, 1.797693134862e+308, 2.5600e+02, 1.2800e+02, 
 1DIAGNOSTIC,     7, -9.679605960846e-01, 1.797693134862e+308, 2.5600e+02, 0.0000e+00, 
 1DIAGNOSTIC,     8, -9.704545736313e-01, 1.797693134862e+308, 2.5600e+02, 0.0000e+00, 
 1DIAGNOSTIC,     9, -9.723576307297e-01, 1.797693134862e+308, 2.5600e+02, 0.0000e+00, 
 1DIAGNOSTIC,    10, -9.730067253113e-01, 1.440852880478e-03, 2.5600e+02, 0.0000e+00, 
 1DIAGNOSTIC,    11, -9.730975627899e-01, 1.165762543678e-03, 2.5600e+02, 0.0000e+00, 
 1DIAGNOSTIC,    12, -9.735975265503e-01, 9.041428565979e-04, 2.5600e+02, 0.0000e+00, 
 1DIAGNOSTIC,    13, -9.736405611038e-01, 6.737932562828e-04, 2.5600e+02, 0.0000e+00, 
 1DIAGNOSTIC,    14, -9.739948511124e-01, 4.847347736359e-04, 3.8400e+02, 1.2800e+02, 
 1DIAGNOSTIC,    15, -9.740105867386e-01, 3.253147006035e-04, 3.8400e+02, 0.0000e+00, 
 1DIAGNOSTIC,    16, -9.743117690086e-01, 2.036765217781e-04, 3.8400e+02, 0.0000e+00, 
 1DIAGNOSTIC,    17, -9.743002653122e-01, 1.173093914986e-04, 3.8400e+02, 0.0000e+00, 
 1DIAGNOSTIC,    18, -9.745322465897e-01, 7.366016507149e-05, 3.8400e+02, 0.0000e+00, 
 1DIAGNOSTIC,    19, -9.745038747787e-01, 5.665421485901e-05, 3.8400e+02, 0.0000e+00, 
 1DIAGNOSTIC,    20, -9.747080802917e-01, 4.883110523224e-05, 3.8400e+02, 0.0000e+00, 
 1DIAGNOSTIC,    21, -9.746568202972e-01, 3.769248723984e-05, 3.8400e+02, 0.0000e+00, 
 1DIAGNOSTIC,    22, -9.748460054398e-01, 3.344938158989e-05, 5.1200e+02, 1.2800e+02, 
 1DIAGNOSTIC,    23, -9.747781753540e-01, 2.612546086311e-05, 5.1200e+02, 0.0000e+00, 
 1DIAGNOSTIC,    24, -9.749599099159e-01, 2.370029687881e-05, 5.1200e+02, 0.0000e+00, 
 1DIAGNOSTIC,    25, -9.748868942261e-01, 1.856684684753e-05, 5.1200e+02, 0.0000e+00, 
 1DIAGNOSTIC,    26, -9.750496745110e-01, 1.749396324158e-05, 5.1200e+02, 0.0000e+00, 
 1DIAGNOSTIC,    27, -9.749697446823e-01, 1.387298107147e-05, 5.1200e+02, 0.0000e+00, 
 1DIAGNOSTIC,    28, -9.751181602478e-01, 1.335144042969e-05, 5.1200e+02, 0.0000e+00, 
 1DIAGNOSTIC,    29, -9.750367999077e-01, 1.052767038345e-05, 5.1200e+02, 0.0000e+00, 
 1DIAGNOSTIC,    30, -9.751698374748e-01, 1.033395528793e-05, 6.4000e+02, 1.2800e+02, 
 1DIAGNOSTIC,    31, -9.750946760178e-01, 8.013099431992e-06, 6.4000e+02, 0.0000e+00, 
 1DIAGNOSTIC,    32, -9.752169847488e-01, 8.076429367065e-06, 6.4000e+02, 0.0000e+00, 
 1DIAGNOSTIC,    33, -9.751441478729e-01, 6.150454282761e-06, 6.4000e+02, 0.0000e+00, 
 1DIAGNOSTIC,    34, -9.752640724182e-01, 6.482005119324e-06, 6.4000e+02, 0.0000e+00, 
 1DIAGNOSTIC,    35, -9.751911163330e-01, 4.997476935387e-06, 6.4000e+02, 0.0000e+00, 
 1DIAGNOSTIC,    36, -9.753081798553e-01, 5.515292286873e-06, 6.4000e+02, 0.0000e+00, 
 1DIAGNOSTIC,    37, -9.752333164215e-01, 4.293397068977e-06, 7.6800e+02, 1.2800e+02, 
 1DIAGNOSTIC,    38, -9.753487110138e-01, 4.878267645836e-06, 7.6800e+02, 0.0000e+00, 
 1DIAGNOSTIC,    39, -9.752748608589e-01, 3.838911652565e-06, 7.6800e+02, 0.0000e+00, 
 1DIAGNOSTIC,    40, -9.753912687302e-01, 4.421919584274e-06, 7.6800e+02, 0.0000e+00, 
 1DIAGNOSTIC,    41, -9.753141403198e-01, 3.503635525703e-06, 7.6800e+02, 0.0000e+00, 
 1DIAGNOSTIC,    42, -9.754273295403e-01, 4.036352038383e-06, 7.6800e+02, 0.0000e+00, 
 1DIAGNOSTIC,    43, -9.753493070602e-01, 3.170222043991e-06, 7.6800e+02, 0.0000e+00, 
 1DIAGNOSTIC,    44, -9.754614830017e-01, 3.682449460030e-06, 7.6800e+02, 0.0000e+00, 
 1DIAGNOSTIC,    45, -9.753854870796e-01, 2.885237336159e-06, 8.9600e+02, 1.2800e+02, 
 1DIAGNOSTIC,    46, -9.754953384399e-01, 3.390014171600e-06, 8.9600e+02, 0.0000e+00, 
 1DIAGNOSTIC,    47, -9.754183292389e-01, 2.630054950714e-06, 8.9600e+02, 0.0000e+00, 
 1DIAGNOSTIC,    48, -9.755283594131e-01, 3.123655915260e-06, 8.9600e+02, 0.0000e+00, 
 1DIAGNOSTIC,    49, -9.754494428635e-01, 2.406537532806e-06, 8.9600e+02, 0.0000e+00, 
 1DIAGNOSTIC,    50, -9.755620360374e-01, 2.920627593994e-06, 8.9600e+02, 0.0000e+00, 
 1DIAGNOSTIC,    51, -9.754824638367e-01, 2.263113856316e-06, 8.9600e+02, 0.0000e+00, 
 1DIAGNOSTIC,    52, -9.755977988243e-01, 2.793967723846e-06, 8.9600e+02, 0.0000e+00, 
 1DIAGNOSTIC,    53, -9.755182862282e-01, 2.183020114899e-06, 1.0240e+03, 1.2800e+02, 
 1DIAGNOSTIC,    54, -9.756342172623e-01, 2.712011337280e-06, 1.0240e+03, 0.0000e+00, 
 1DIAGNOSTIC,    55, -9.755533337593e-01, 2.149492502213e-06, 1.0240e+03, 0.0000e+00, 
 1DIAGNOSTIC,    56, -9.756674766541e-01, 2.654269337654e-06, 1.0240e+03, 0.0000e+00, 
 1DIAGNOSTIC,    57, -9.755854606628e-01, 2.091750502586e-06, 1.0240e+03, 0.0000e+00, 
 1DIAGNOSTIC,    58, -9.756981134415e-01, 2.551823854446e-06, 1.0240e+03, 0.0000e+00, 
 1DIAGNOSTIC,    59, -9.756160974503e-01, 1.976266503334e-06, 1.0240e+03, 0.0000e+00, 
 1DIAGNOSTIC,    60, -9.757276773453e-01, 2.397224307060e-06, 1.1520e+03, 1.2800e+02, 
 1DIAGNOSTIC,    61, -9.756444096565e-01, 1.816079020500e-06, 1.1520e+03, 0.0000e+00, 
 1DIAGNOSTIC,    62, -9.757550954819e-01, 2.222135663033e-06, 1.1520e+03, 0.0000e+00, 
 1DIAGNOSTIC,    63, -9.756704568863e-01, 1.661479473114e-06, 1.1520e+03, 0.0000e+00, 
 1DIAGNOSTIC,    64, -9.757813811302e-01, 2.063810825348e-06, 1.1520e+03, 0.0000e+00, 
 1DIAGNOSTIC,    65, -9.756950736046e-01, 1.525506377220e-06, 1.1520e+03, 0.0000e+00, 
 1DIAGNOSTIC,    66, -9.758047461510e-01, 1.918524503708e-06, 1.1520e+03, 0.0000e+00, 
 1DIAGNOSTIC,    67, -9.757177829742e-01, 1.396983861923e-06, 1.1520e+03, 0.0000e+00, 
 1DIAGNOSTIC,    68, -9.758269786835e-01, 1.779757440090e-06, 1.2800e+03, 1.2800e+02, 
 1DIAGNOSTIC,    69, -9.757392406464e-01, 1.281499862671e-06, 1.2800e+03, 0.0000e+00, 
 1DIAGNOSTIC,    70, -9.758455753326e-01, 1.646578311920e-06, 1.2800e+03, 0.0000e+00, 
 1DIAGNOSTIC,    71, -9.757571220398e-01, 1.158565282822e-06, 1.2800e+03, 0.0000e+00, 
 1DIAGNOSTIC,    72, -9.758620262146e-01, 1.509673893452e-06, 1.2800e+03, 0.0000e+00, 
 1DIAGNOSTIC,    73, -9.757716059685e-01, 1.026317477226e-06, 1.2800e+03, 0.0000e+00, 
 1DIAGNOSTIC,    74, -9.758771657944e-01, 1.374632120132e-06, 1.2800e+03, 0.0000e+00, 
 1DIAGNOSTIC,    75, -9.757853150368e-01, 9.061768651009e-07, 1.2800e+03, 0.0000e+00, 
XXDIAGNOSTIC,Iteration,metricValue,convergenceValue,ITERATION_TIME_INDEX,SINCE_LAST
 1DIAGNOSTIC,     1, -9.220654964447e-01, 1.797693134862e+308, 1.5360e+03, 2.5600e+02, 
 1DIAGNOSTIC,     2, -9.250882863998e-01, 1.797693134862e+308, 1.6640e+03, 1.2800e+02, 
 1DIAGNOSTIC,     3, -9.284647703171e-01, 1.797693134862e+308, 1.7920e+03, 1.2800e+02, 
 1DIAGNOSTIC,     4, -9.313060641289e-01, 1.797693134862e+308, 1.9200e+03, 1.2800e+02, 
 1DIAGNOSTIC,     5, -9.340481758118e-01, 1.797693134862e+308, 2.1760e+03, 2.5600e+02, 
 1DIAGNOSTIC,     6, -9.366044998169e-01, 1.797693134862e+308, 2.3040e+03, 1.2800e+02, 
 1DIAGNOSTIC,     7, -9.390503168106e-01, 1.797693134862e+308, 2.4320e+03, 1.2800e+02, 
 1DIAGNOSTIC,     8, -9.410477876663e-01, 1.797693134862e+308, 2.5600e+03, 1.2800e+02, 
 1DIAGNOSTIC,     9, -9.427441954613e-01, 1.797693134862e+308, 2.6880e+03, 1.2800e+02, 
 1DIAGNOSTIC,    10, -9.442732930183e-01, 1.539207994938e-03, 2.8160e+03, 1.2800e+02, 
 1DIAGNOSTIC,    11, -9.455347657204e-01, 1.272268593311e-03, 3.0720e+03, 2.5600e+02, 
 1DIAGNOSTIC,    12, -9.467899799347e-01, 1.042947173119e-03, 3.2000e+03, 1.2800e+02, 
 1DIAGNOSTIC,    13, -9.478684663773e-01, 8.580684661865e-04, 3.3280e+03, 1.2800e+02, 
 1DIAGNOSTIC,    14, -9.488321542740e-01, 7.035285234451e-04, 3.4560e+03, 1.2800e+02, 
 1DIAGNOSTIC,    15, -9.497143030167e-01, 5.781203508377e-04, 3.5840e+03, 1.2800e+02, 
 1DIAGNOSTIC,    16, -9.504946470261e-01, 4.779323935509e-04, 3.7120e+03, 1.2800e+02, 
 1DIAGNOSTIC,    17, -9.511910080910e-01, 4.010722041130e-04, 3.8400e+03, 1.2800e+02, 
 1DIAGNOSTIC,    18, -9.517892599106e-01, 3.389865159988e-04, 4.0960e+03, 2.5600e+02, 
 1DIAGNOSTIC,    19, -9.523164033890e-01, 2.871602773666e-04, 4.2240e+03, 1.2800e+02, 
 1DIAGNOSTIC,    20, -9.527682065964e-01, 2.436153590679e-04, 4.3520e+03, 1.2800e+02, 
 1DIAGNOSTIC,    21, -9.531557559967e-01, 2.050623297691e-04, 4.4800e+03, 1.2800e+02, 
 1DIAGNOSTIC,    22, -9.535031318665e-01, 1.727491617203e-04, 4.6080e+03, 1.2800e+02, 
 1DIAGNOSTIC,    23, -9.538034200668e-01, 1.450926065445e-04, 4.7360e+03, 1.2800e+02, 
 1DIAGNOSTIC,    24, -9.542447924614e-01, 1.237280666828e-04, 4.9920e+03, 2.5600e+02, 
 1DIAGNOSTIC,    25, -9.544273614883e-01, 1.052021980286e-04, 5.1200e+03, 1.2800e+02, 
 1DIAGNOSTIC,    26, -9.539936780930e-01, 8.224695920944e-05, 5.2480e+03, 1.2800e+02, 
 1DIAGNOSTIC,    27, -9.544343352318e-01, 6.615743041039e-05, 5.3760e+03, 1.2800e+02, 
 1DIAGNOSTIC,    28, -9.539150595665e-01, 4.565715789795e-05, 5.5040e+03, 1.2800e+02, 
 1DIAGNOSTIC,    29, -9.538034200668e-01, 2.671033143997e-05, 5.6320e+03, 1.2800e+02, 
 1DIAGNOSTIC,    30, -9.536509513855e-01, 9.614974260330e-06, 5.8880e+03, 2.5600e+02, 
 1DIAGNOSTIC,    31, -9.533694982529e-01, -6.161630153656e-06, 6.0160e+03, 1.2800e+02, 
XXDIAGNOSTIC,Iteration,metricValue,convergenceValue,ITERATION_TIME_INDEX,SINCE_LAST
 1DIAGNOSTIC,     1, -9.059962034225e-01, 1.797693134862e+308, 7.2960e+03, 1.2800e+03, 
 1DIAGNOSTIC,     2, -9.078129529953e-01, 1.797693134862e+308, 8.4480e+03, 1.1520e+03, 
 1DIAGNOSTIC,     3, -9.102931022644e-01, 1.797693134862e+308, 9.7280e+03, 1.2800e+03, 
 1DIAGNOSTIC,     4, -9.126878976822e-01, 1.797693134862e+308, 1.0880e+04, 1.1520e+03, 
 1DIAGNOSTIC,     5, -9.148558378220e-01, 1.797693134862e+308, 1.2032e+04, 1.1520e+03, 
 1DIAGNOSTIC,     6, -9.167864918709e-01, 1.797693134862e+308, 1.3056e+04, 1.0240e+03, 
 1DIAGNOSTIC,     7, -9.184733629227e-01, 1.797693134862e+308, 1.4080e+04, 1.0240e+03, 
 1DIAGNOSTIC,     8, -9.199751019478e-01, 1.797693134862e+308, 1.5104e+04, 1.0240e+03, 
 1DIAGNOSTIC,     9, -9.213535785675e-01, 1.797693134862e+308, 1.6128e+04, 1.0240e+03, 
 1DIAGNOSTIC,    10, -9.224684238434e-01, 1.187123358250e-03, 1.7280e+04, 1.1520e+03, 
 1DIAGNOSTIC,    11, -9.236348867416e-01, 9.962618350983e-04, 1.8304e+04, 1.0240e+03, 
 1DIAGNOSTIC,    12, -9.245565533638e-01, 8.179545402527e-04, 1.9328e+04, 1.0240e+03, 
 1DIAGNOSTIC,    13, -9.255486726761e-01, 6.754547357559e-04, 2.0480e+04, 1.1520e+03, 
 1DIAGNOSTIC,    14, -9.263004660606e-01, 5.610063672066e-04, 2.1504e+04, 1.0240e+03, 
 1DIAGNOSTIC,    15, -9.271481037140e-01, 4.724636673927e-04, 2.2528e+04, 1.0240e+03, 
 1DIAGNOSTIC,    16, -9.277881383896e-01, 4.009902477264e-04, 2.3680e+04, 1.1520e+03, 
 1DIAGNOSTIC,    17, -9.282753467560e-01, 3.402940928936e-04, 2.4704e+04, 1.0240e+03, 
 1DIAGNOSTIC,    18, -9.289096593857e-01, 2.914220094681e-04, 2.5856e+04, 1.1520e+03, 
 1DIAGNOSTIC,    19, -9.293591976166e-01, 2.501942217350e-04, 2.6880e+04, 1.0240e+03, 
 1DIAGNOSTIC,    20, -9.297822713852e-01, 2.134367823601e-04, 2.7904e+04, 1.0240e+03, 
 1DIAGNOSTIC,    21, -9.302015304565e-01, 1.835413277149e-04, 2.9056e+04, 1.1520e+03, 
 1DIAGNOSTIC,    22, -9.305925369263e-01, 1.575499773026e-04, 3.0080e+04, 1.0240e+03, 
 1DIAGNOSTIC,    23, -9.309686422348e-01, 1.373700797558e-04, 3.1232e+04, 1.1520e+03, 
 1DIAGNOSTIC,    24, -9.313267469406e-01, 1.201368868351e-04, 3.2256e+04, 1.0240e+03, 
 1DIAGNOSTIC,    25, -9.318075776100e-01, 1.093596220016e-04, 3.3280e+04, 1.0240e+03, 
 1DIAGNOSTIC,    26, -9.320731163025e-01, 9.983032941818e-05, 3.4432e+04, 1.1520e+03, 
 1DIAGNOSTIC,    27, -9.323171377182e-01, 8.992478251457e-05, 3.5456e+04, 1.0240e+03, 
 1DIAGNOSTIC,    28, -9.325414896011e-01, 8.173286914825e-05, 3.6480e+04, 1.0240e+03, 
 1DIAGNOSTIC,    29, -9.327601194382e-01, 7.349252700806e-05, 3.7632e+04, 1.1520e+03, 
 1DIAGNOSTIC,    30, -9.329757690430e-01, 6.539002060890e-05, 3.8656e+04, 1.0240e+03, 
 1DIAGNOSTIC,    31, -9.331640601158e-01, 5.767494440079e-05, 3.9680e+04, 1.0240e+03, 
 1DIAGNOSTIC,    32, -9.333484172821e-01, 5.056336522102e-05, 4.0832e+04, 1.1520e+03, 
 1DIAGNOSTIC,    33, -9.335175752640e-01, 4.421174526215e-05, 4.1856e+04, 1.0240e+03, 
 1DIAGNOSTIC,    34, -9.336837530136e-01, 3.876909613609e-05, 4.3008e+04, 1.1520e+03, 
 1DIAGNOSTIC,    35, -9.338351488113e-01, 3.553181886673e-05, 4.4032e+04, 1.0240e+03, 
 1DIAGNOSTIC,    36, -9.339863657951e-01, 3.269687294960e-05, 4.5056e+04, 1.0240e+03, 
 1DIAGNOSTIC,    37, -9.341272115707e-01, 3.014132380486e-05, 4.6208e+04, 1.1520e+03, 
 1DIAGNOSTIC,    38, -9.342638254166e-01, 2.781674265862e-05, 4.7232e+04, 1.0240e+03, 
 1DIAGNOSTIC,    39, -9.343882203102e-01, 2.570077776909e-05, 4.8256e+04, 1.0240e+03, 
 1DIAGNOSTIC,    40, -9.345111846924e-01, 2.388469874859e-05, 4.9408e+04, 1.1520e+03, 
 1DIAGNOSTIC,    41, -9.346331954002e-01, 2.224557101727e-05, 5.0432e+04, 1.0240e+03, 
 1DIAGNOSTIC,    42, -9.347453713417e-01, 2.077035605907e-05, 5.1456e+04, 1.0240e+03, 
 1DIAGNOSTIC,    43, -9.348524808884e-01, 1.939758658409e-05, 5.2608e+04, 1.1520e+03, 
 1DIAGNOSTIC,    44, -9.349573850632e-01, 1.817569136620e-05, 5.3632e+04, 1.0240e+03, 
 1DIAGNOSTIC,    45, -9.350631833076e-01, 1.706555485725e-05, 5.4784e+04, 1.1520e+03, 
 1DIAGNOSTIC,    46, -9.351638555527e-01, 1.608952879906e-05, 5.5808e+04, 1.0240e+03, 
 1DIAGNOSTIC,    47, -9.352608919144e-01, 1.522153615952e-05, 5.6832e+04, 1.0240e+03, 
 1DIAGNOSTIC,    48, -9.353574514389e-01, 1.446157693863e-05, 5.7984e+04, 1.1520e+03, 
 1DIAGNOSTIC,    49, -9.354438185692e-01, 1.371093094349e-05, 5.9008e+04, 1.0240e+03, 
 1DIAGNOSTIC,    50, -9.355324506760e-01, 1.301988959312e-05, 6.0032e+04, 1.0240e+03, 
XXDIAGNOSTIC,Iteration,metricValue,convergenceValue,ITERATION_TIME_INDEX,SINCE_LAST
 1DIAGNOSTIC,     1, -9.027582406998e-01, 1.797693134862e+308, 6.8992e+04, 8.9600e+03, 
 1DIAGNOSTIC,     2, -9.037985801697e-01, 1.797693134862e+308, 7.7824e+04, 8.8320e+03, 
 1DIAGNOSTIC,     3, -9.055010676384e-01, 1.797693134862e+308, 8.6656e+04, 8.8320e+03, 
 1DIAGNOSTIC,     4, -9.072291851044e-01, 1.797693134862e+308, 9.5360e+04, 8.7040e+03, 
 1DIAGNOSTIC,     5, -9.089341163635e-01, 1.797693134862e+308, 1.0419e+05, 8.8320e+03, 
 1DIAGNOSTIC,     6, -9.103899002075e-01, 1.797693134862e+308, 1.1290e+05, 8.7040e+03, 
 1DIAGNOSTIC,     7, -9.117501974106e-01, 1.797693134862e+308, 1.2173e+05, 8.8320e+03, 
 1DIAGNOSTIC,     8, -9.130802154541e-01, 1.797693134862e+308, 1.3043e+05, 8.7040e+03, 
 1DIAGNOSTIC,     9, -9.142857789993e-01, 1.797693134862e+308, 1.3926e+05, 8.8320e+03, 
 1DIAGNOSTIC,    10, -9.154137969017e-01, 9.249076247215e-04, 1.4797e+05, 8.7040e+03, 
 1DIAGNOSTIC,    11, -9.164828062057e-01, 8.109360933304e-04, 1.5667e+05, 8.7040e+03, 
 1DIAGNOSTIC,    12, -9.174516201019e-01, 6.950944662094e-04, 1.6538e+05, 8.7040e+03, 
 1DIAGNOSTIC,    13, -9.184664487839e-01, 5.990639328957e-04, 1.7408e+05, 8.7040e+03, 
