---------------------
Experiment information

SIF_IMG: /mnt/lustre/mathdugre/containers/ants-flint-vprec.simg
SIF_IMG_BASE: /mnt/lustre/mathdugre/containers/ants-flint-base.simg
EXPERIMENT_NAME: flint-vprec-single-five-levels
STAGE: syn
SUBJECT_ID: s014
REPETITION_ID: 1

FIXED_IMG: /templateflow/tpl-MNI152NLin2009cAsym/tpl-MNI152NLin2009cAsym_res-01_desc-brain_T1w.nii.gz
INPUT_IMG: /mnt/lustre/mathdugre/fast-interpolate/datasets/ds004513/derivatives/flint/ants/flint-vprec-single-five-levels/sub-s014/ses-open/anat/00/1_Affine.nii.gz

DATA_DIR: /mnt/lustre/mathdugre/fast-interpolate/datasets/ds004513
OUTPUT_DIR: /mnt/lustre/mathdugre/fast-interpolate/datasets/ds004513/derivatives/flint/ants/flint-vprec-single-five-levels/sub-s014/ses-open/anat
OUTPUT_PREFIX: 001
THREAD: 1
FLOAT: 0
VFC_BACKENDS: libinterflop_vprec.so --precision-binary32=23 --range-binary32=8 --precision-binary64=23 --range-binary64=8
---------------------

--output [/mnt/lustre/mathdugre/fast-interpolate/datasets/ds004513/derivatives/flint/ants/flint-vprec-single-five-levels/sub-s014/ses-open/anat/001/1_,/mnt/lustre/mathdugre/fast-interpolate/datasets/ds004513/derivatives/flint/ants/flint-vprec-single-five-levels/sub-s014/ses-open/anat/001/1_Warped.nii.gz,/mnt/lustre/mathdugre/fast-interpolate/datasets/ds004513/derivatives/flint/ants/flint-vprec-single-five-levels/sub-s014/ses-open/anat/001/1_InverseSyN.nii.gz] --initial-moving-transform [/templateflow/tpl-MNI152NLin2009cAsym/tpl-MNI152NLin2009cAsym_res-01_desc-brain_T1w.nii.gz,/mnt/lustre/mathdugre/fast-interpolate/datasets/ds004513/derivatives/flint/ants/flint-vprec-single-five-levels/sub-s014/ses-open/anat/00/1_Affine.nii.gz,1] --transform SyN[ 0.1,3,0 ] --metric CC[/templateflow/tpl-MNI152NLin2009cAsym/tpl-MNI152NLin2009cAsym_res-01_desc-brain_T1w.nii.gz,/mnt/lustre/mathdugre/fast-interpolate/datasets/ds004513/derivatives/flint/ants/flint-vprec-single-five-levels/sub-s014/ses-open/anat/00/1_Affine.nii.gz,1,4] --convergence [100x100x70x50x20,1e-6,10] --shrink-factors 16x8x4x2x1 --smoothing-sigmas 4x3x2x1x0vox
All_Command_lines_OK
Using double precision for computations.
=============================================================================
The composite transform comprises the following transforms (in order): 
  1. Center of mass alignment using fixed image: /templateflow/tpl-MNI152NLin2009cAsym/tpl-MNI152NLin2009cAsym_res-01_desc-brain_T1w.nii.gz and moving image: /mnt/lustre/mathdugre/fast-interpolate/datasets/ds004513/derivatives/flint/ants/flint-vprec-single-five-levels/sub-s014/ses-open/anat/00/1_Affine.nii.gz (type = Euler3DTransform)
=============================================================================
  number of levels = 5
  fixed image: /templateflow/tpl-MNI152NLin2009cAsym/tpl-MNI152NLin2009cAsym_res-01_desc-brain_T1w.nii.gz
  moving image: /mnt/lustre/mathdugre/fast-interpolate/datasets/ds004513/derivatives/flint/ants/flint-vprec-single-five-levels/sub-s014/ses-open/anat/00/1_Affine.nii.gz
Dimension = 3
Number of stages = 1
Use histogram matching = false
Winsorize image intensities = true
  Lower quantile = 0.005
  Upper quantile = 0.995


Stage 1 State
   Image metric = CC
     Fixed image = Image (0x35b6f00)
  RTTI typeinfo:   itk::Image<double, 3u>
  Reference Count: 2
  Modified Time: 1622
  Debug: Off
  Object Name: 
  Observers: 
    none
  Source: (none)
  Source output name: (none)
  Release Data: Off
  Data Released: False
  Global Release Data: Off
  PipelineMTime: 0
  UpdateMTime: 1407
  RealTimeStamp: 0 seconds 
  LargestPossibleRegion: 
    Dimension: 3
    Index: [0, 0, 0]
    Size: [193, 229, 193]
  BufferedRegion: 
    Dimension: 3
    Index: [0, 0, 0]
    Size: [193, 229, 193]
  RequestedRegion: 
    Dimension: 3
    Index: [0, 0, 0]
    Size: [193, 229, 193]
  Spacing: [1, 1, 1]
  Origin: [96, 132, -78]
  Direction: 
-1 0 0
0 -1 0
0 0 1

  IndexToPointMatrix: 
-1 0 0
0 -1 0
0 0 1

  PointToIndexMatrix: 
-1 0 0
0 -1 0
0 0 1

  Inverse Direction: 
-1 0 0
0 -1 0
0 0 1

  PixelContainer: 
    ImportImageContainer (0x36a31d0)
      RTTI typeinfo:   itk::ImportImageContainer<unsigned long, double>
      Reference Count: 1
      Modified Time: 1404
      Debug: Off
      Object Name: 
      Observers: 
        none
      Pointer: 0x7f464ae56010
      Container manages memory: true
      Size: 8530021
      Capacity: 8530021

     Moving image = Image (0x35bdff0)
  RTTI typeinfo:   itk::Image<double, 3u>
  Reference Count: 2
  Modified Time: 1623
  Debug: Off
  Object Name: 
  Observers: 
    none
  Source: (none)
  Source output name: (none)
  Release Data: Off
  Data Released: False
  Global Release Data: Off
  PipelineMTime: 0
  UpdateMTime: 1620
  RealTimeStamp: 0 seconds 
  LargestPossibleRegion: 
    Dimension: 3
    Index: [0, 0, 0]
    Size: [193, 229, 193]
  BufferedRegion: 
    Dimension: 3
    Index: [0, 0, 0]
    Size: [193, 229, 193]
  RequestedRegion: 
    Dimension: 3
    Index: [0, 0, 0]
    Size: [193, 229, 193]
  Spacing: [1, 1, 1]
  Origin: [96, 132, -78]
  Direction: 
-1 0 0
0 -1 0
0 0 1

  IndexToPointMatrix: 
-1 0 0
0 -1 0
0 0 1

  PointToIndexMatrix: 
-1 0 0
0 -1 0
0 0 1

  Inverse Direction: 
-1 0 0
0 -1 0
0 0 1

  PixelContainer: 
    ImportImageContainer (0x3644940)
      RTTI typeinfo:   itk::ImportImageContainer<unsigned long, double>
      Reference Count: 1
      Modified Time: 1617
      Debug: Off
      Object Name: 
      Observers: 
        none
      Pointer: 0x7f4646d41010
      Container manages memory: true
      Size: 8530021
      Capacity: 8530021

     Weighting = 1
     Sampling strategy = none
     Number of bins = 32
     Radius = 4
     Sampling percentage  = 1
   Transform = SyN
     Gradient step = 0.1
     Update field sigma (voxel space) = 3
     Total field sigma (voxel space) = 0
     Update field time sigma = 0
     Total field time sigma  = 0
     Number of time indices = 0
     Number of time point samples = 0
Registration using 1 total stages.

Stage 0
  iterations = 100x100x70x50x20
  convergence threshold = 1e-06
  convergence window size = 10
  number of levels = 5
  using the CC metric (radius = 4, weight = 1, use gradient filter = 0)
  preprocessing:  winsorizing the image intensities
  Shrink factors (level 1 out of 5): [16, 16, 16]
  Shrink factors (level 2 out of 5): [8, 8, 8]
  Shrink factors (level 3 out of 5): [4, 4, 4]
  Shrink factors (level 4 out of 5): [2, 2, 2]
  Shrink factors (level 5 out of 5): [1, 1, 1]
  smoothing sigmas per level: [4, 3, 2, 1, 0]
  Using default NONE metricSamplingStrategy 

*** Running SyN registration (varianceForUpdateField = 3, varianceForTotalField = 0) ***

XXDIAGNOSTIC,Iteration,metricValue,convergenceValue,ITERATION_TIME_INDEX,SINCE_LAST
 1DIAGNOSTIC,     1, -9.798718094826e-01, 1.797693134862e+308, 0.0000e+00, 0.0000e+00, 
 1DIAGNOSTIC,     2, -9.842672348022e-01, 1.797693134862e+308, 0.0000e+00, 0.0000e+00, 
 1DIAGNOSTIC,     3, -9.856735467911e-01, 1.797693134862e+308, 0.0000e+00, 0.0000e+00, 
 1DIAGNOSTIC,     4, -9.872946143150e-01, 1.797693134862e+308, 0.0000e+00, 0.0000e+00, 
 1DIAGNOSTIC,     5, -9.868798851967e-01, 1.797693134862e+308, 0.0000e+00, 0.0000e+00, 
 1DIAGNOSTIC,     6, -9.877211451530e-01, 1.797693134862e+308, 0.0000e+00, 0.0000e+00, 
 1DIAGNOSTIC,     7, -9.872062206268e-01, 1.797693134862e+308, 0.0000e+00, 0.0000e+00, 
 1DIAGNOSTIC,     8, -9.875513315201e-01, 1.797693134862e+308, 0.0000e+00, 0.0000e+00, 
 1DIAGNOSTIC,     9, -9.874970912933e-01, 1.797693134862e+308, 0.0000e+00, 0.0000e+00, 
 1DIAGNOSTIC,    10, -9.872185587883e-01, 3.370642662048e-04, 0.0000e+00, 0.0000e+00, 
 1DIAGNOSTIC,    11, -9.876603484154e-01, 1.368448138237e-04, 0.0000e+00, 0.0000e+00, 
 1DIAGNOSTIC,    12, -9.865933060646e-01, 3.699213266373e-05, 0.0000e+00, 0.0000e+00, 
 1DIAGNOSTIC,    13, -9.878024458885e-01, 7.130205631256e-06, 0.0000e+00, 0.0000e+00, 
 1DIAGNOSTIC,    14, -9.863085150719e-01, -1.679360866547e-05, 0.0000e+00, 0.0000e+00, 
XXDIAGNOSTIC,Iteration,metricValue,convergenceValue,ITERATION_TIME_INDEX,SINCE_LAST
 1DIAGNOSTIC,     1, -9.429136514664e-01, 1.797693134862e+308, 1.2800e+02, 1.2800e+02, 
 1DIAGNOSTIC,     2, -9.450741410255e-01, 1.797693134862e+308, 1.2800e+02, 0.0000e+00, 
 1DIAGNOSTIC,     3, -9.483218193054e-01, 1.797693134862e+308, 1.2800e+02, 0.0000e+00, 
 1DIAGNOSTIC,     4, -9.511192440987e-01, 1.797693134862e+308, 1.2800e+02, 0.0000e+00, 
 1DIAGNOSTIC,     5, -9.536830782890e-01, 1.797693134862e+308, 1.2800e+02, 0.0000e+00, 
 1DIAGNOSTIC,     6, -9.560711383820e-01, 1.797693134862e+308, 2.5600e+02, 1.2800e+02, 
 1DIAGNOSTIC,     7, -9.584555625916e-01, 1.797693134862e+308, 2.5600e+02, 0.0000e+00, 
 1DIAGNOSTIC,     8, -9.608920812607e-01, 1.797693134862e+308, 2.5600e+02, 0.0000e+00, 
 1DIAGNOSTIC,     9, -9.636270999908e-01, 1.797693134862e+308, 2.5600e+02, 0.0000e+00, 
 1DIAGNOSTIC,    10, -9.666031002998e-01, 1.567386090755e-03, 2.5600e+02, 0.0000e+00, 
 1DIAGNOSTIC,    11, -9.685867428780e-01, 1.409024000168e-03, 2.5600e+02, 0.0000e+00, 
 1DIAGNOSTIC,    12, -9.690655469894e-01, 1.215390861034e-03, 2.5600e+02, 0.0000e+00, 
 1DIAGNOSTIC,    13, -9.690170884132e-01, 1.015268266201e-03, 2.5600e+02, 0.0000e+00, 
 1DIAGNOSTIC,    14, -9.696856737137e-01, 8.247494697571e-04, 3.8400e+02, 1.2800e+02, 
 1DIAGNOSTIC,    15, -9.696668386459e-01, 6.335973739624e-04, 3.8400e+02, 0.0000e+00, 
 1DIAGNOSTIC,    16, -9.704419374466e-01, 4.665628075600e-04, 3.8400e+02, 0.0000e+00, 
 1DIAGNOSTIC,    17, -9.703317880630e-01, 3.159493207932e-04, 3.8400e+02, 0.0000e+00, 
 1DIAGNOSTIC,    18, -9.710115790367e-01, 2.043806016445e-04, 3.8400e+02, 0.0000e+00, 
 1DIAGNOSTIC,    19, -9.707462787628e-01, 1.231841742992e-04, 3.8400e+02, 0.0000e+00, 
 1DIAGNOSTIC,    20, -9.715289473534e-01, 9.375810623169e-05, 3.8400e+02, 0.0000e+00, 
 1DIAGNOSTIC,    21, -9.713297486305e-01, 8.323416113853e-05, 3.8400e+02, 0.0000e+00, 
 1DIAGNOSTIC,    22, -9.716445207596e-01, 7.691234350204e-05, 5.1200e+02, 1.2800e+02, 
 1DIAGNOSTIC,    23, -9.713915586472e-01, 6.002187728882e-05, 5.1200e+02, 0.0000e+00, 
 1DIAGNOSTIC,    24, -9.718790054321e-01, 5.344673991203e-05, 5.1200e+02, 0.0000e+00, 
 1DIAGNOSTIC,    25, -9.716204404831e-01, 3.881752490997e-05, 5.1200e+02, 0.0000e+00, 
 1DIAGNOSTIC,    26, -9.717500805855e-01, 3.221631050110e-05, 5.1200e+02, 0.0000e+00, 
 1DIAGNOSTIC,    27, -9.715156555176e-01, 1.929327845573e-05, 5.1200e+02, 0.0000e+00, 
 1DIAGNOSTIC,    28, -9.718533754349e-01, 1.649558544159e-05, 5.1200e+02, 0.0000e+00, 
 1DIAGNOSTIC,    29, -9.716521501541e-01, 7.346272468567e-06, 5.1200e+02, 0.0000e+00, 
 1DIAGNOSTIC,    30, -9.717794656754e-01, 7.271766662598e-06, 6.4000e+02, 1.2800e+02, 
 1DIAGNOSTIC,    31, -9.715464711189e-01, 2.473592758179e-06, 6.4000e+02, 0.0000e+00, 
 1DIAGNOSTIC,    32, -9.718867540359e-01, 4.000961780548e-06, 6.4000e+02, 0.0000e+00, 
 1DIAGNOSTIC,    33, -9.716823101044e-01, 8.158385753632e-07, 6.4000e+02, 0.0000e+00, 
XXDIAGNOSTIC,Iteration,metricValue,convergenceValue,ITERATION_TIME_INDEX,SINCE_LAST
 1DIAGNOSTIC,     1, -9.146752357483e-01, 1.797693134862e+308, 7.6800e+02, 1.2800e+02, 
 1DIAGNOSTIC,     2, -9.168537855148e-01, 1.797693134862e+308, 1.0240e+03, 2.5600e+02, 
 1DIAGNOSTIC,     3, -9.196581840515e-01, 1.797693134862e+308, 1.1520e+03, 1.2800e+02, 
 1DIAGNOSTIC,     4, -9.225951433182e-01, 1.797693134862e+308, 1.2800e+03, 1.2800e+02, 
 1DIAGNOSTIC,     5, -9.259744882584e-01, 1.797693134862e+308, 1.4080e+03, 1.2800e+02, 
 1DIAGNOSTIC,     6, -9.287130236626e-01, 1.797693134862e+308, 1.5360e+03, 1.2800e+02, 
 1DIAGNOSTIC,     7, -9.310863018036e-01, 1.797693134862e+308, 1.6640e+03, 1.2800e+02, 
 1DIAGNOSTIC,     8, -9.328761696815e-01, 1.797693134862e+308, 1.7920e+03, 1.2800e+02, 
 1DIAGNOSTIC,     9, -9.344702959061e-01, 1.797693134862e+308, 2.0480e+03, 2.5600e+02, 
 1DIAGNOSTIC,    10, -9.358949661255e-01, 1.546725630760e-03, 2.1760e+03, 1.2800e+02, 
 1DIAGNOSTIC,    11, -9.372558593750e-01, 1.299619674683e-03, 2.3040e+03, 1.2800e+02, 
 1DIAGNOSTIC,    12, -9.383519887924e-01, 1.060314476490e-03, 2.4320e+03, 1.2800e+02, 
 1DIAGNOSTIC,    13, -9.393545389175e-01, 8.514523506165e-04, 2.5600e+03, 1.2800e+02, 
 1DIAGNOSTIC,    14, -9.401095509529e-01, 6.749853491783e-04, 2.6880e+03, 1.2800e+02, 
 1DIAGNOSTIC,    15, -9.409303069115e-01, 5.454719066620e-04, 2.8160e+03, 1.2800e+02, 
 1DIAGNOSTIC,    16, -9.415435194969e-01, 4.454553127289e-04, 2.9440e+03, 1.2800e+02, 
 1DIAGNOSTIC,    17, -9.422229528427e-01, 3.707185387611e-04, 3.2000e+03, 2.5600e+02, 
 1DIAGNOSTIC,    18, -9.427002668381e-01, 3.082081675529e-04, 3.3280e+03, 1.2800e+02, 
 1DIAGNOSTIC,    19, -9.432771205902e-01, 2.584122121334e-04, 3.4560e+03, 1.2800e+02, 
 1DIAGNOSTIC,    20, -9.436907768250e-01, 2.173557877541e-04, 3.5840e+03, 1.2800e+02, 
 1DIAGNOSTIC,    21, -9.440627694130e-01, 1.849830150604e-04, 3.7120e+03, 1.2800e+02, 
 1DIAGNOSTIC,    22, -9.443997144699e-01, 1.580044627190e-04, 3.8400e+03, 1.2800e+02, 
 1DIAGNOSTIC,    23, -9.445158243179e-01, 1.333728432655e-04, 3.9680e+03, 1.2800e+02, 
 1DIAGNOSTIC,    24, -9.446492195129e-01, 1.095570623875e-04, 4.2240e+03, 2.5600e+02, 
 1DIAGNOSTIC,    25, -9.449864625931e-01, 9.145960211754e-05, 4.3520e+03, 1.2800e+02, 
 1DIAGNOSTIC,    26, -9.450847506523e-01, 7.437169551849e-05, 4.4800e+03, 1.2800e+02, 
 1DIAGNOSTIC,    27, -9.451848864555e-01, 6.038323044777e-05, 4.6080e+03, 1.2800e+02, 
 1DIAGNOSTIC,    28, -9.452906250954e-01, 4.808977246284e-05, 4.7360e+03, 1.2800e+02, 
 1DIAGNOSTIC,    29, -9.453825950623e-01, 3.914907574654e-05, 4.8640e+03, 1.2800e+02, 
 1DIAGNOSTIC,    30, -9.454721212387e-01, 3.217533230782e-05, 4.9920e+03, 1.2800e+02, 
 1DIAGNOSTIC,    31, -9.455482959747e-01, 2.701580524445e-05, 5.2480e+03, 2.5600e+02, 
 1DIAGNOSTIC,    32, -9.456203579903e-01, 2.360716462135e-05, 5.3760e+03, 1.2800e+02, 
 1DIAGNOSTIC,    33, -9.456794261932e-01, 1.987069845200e-05, 5.5040e+03, 1.2800e+02, 
 1DIAGNOSTIC,    34, -9.457472562790e-01, 1.627579331398e-05, 5.6320e+03, 1.2800e+02, 
 1DIAGNOSTIC,    35, -9.458037018776e-01, 1.481920480728e-05, 5.7600e+03, 1.2800e+02, 
 1DIAGNOSTIC,    36, -9.458456039429e-01, 1.328438520432e-05, 5.8880e+03, 1.2800e+02, 
 1DIAGNOSTIC,    37, -9.459027051926e-01, 1.192837953568e-05, 6.0160e+03, 1.2800e+02, 
 1DIAGNOSTIC,    38, -9.459469318390e-01, 1.076422631741e-05, 6.2720e+03, 2.5600e+02, 
 1DIAGNOSTIC,    39, -9.459887742996e-01, 9.747222065926e-06, 6.4000e+03, 1.2800e+02, 
 1DIAGNOSTIC,    40, -9.460258483887e-01, 8.869916200638e-06, 6.5280e+03, 1.2800e+02, 
 1DIAGNOSTIC,    41, -9.460602998734e-01, 8.072704076767e-06, 6.6560e+03, 1.2800e+02, 
 1DIAGNOSTIC,    42, -9.460929036140e-01, 7.368624210358e-06, 6.7840e+03, 1.2800e+02, 
 1DIAGNOSTIC,    43, -9.461101293564e-01, 6.584450602531e-06, 6.9120e+03, 1.2800e+02, 
 1DIAGNOSTIC,    44, -9.461171030998e-01, 5.790963768959e-06, 7.0400e+03, 1.2800e+02, 
 1DIAGNOSTIC,    45, -9.461246132851e-01, 4.976987838745e-06, 7.2960e+03, 2.5600e+02, 
 1DIAGNOSTIC,    46, -9.461324810982e-01, 4.108995199203e-06, 7.4240e+03, 1.2800e+02, 
 1DIAGNOSTIC,    47, -9.461379051208e-01, 3.350898623466e-06, 7.5520e+03, 1.2800e+02, 
 1DIAGNOSTIC,    48, -9.461362957954e-01, 2.630054950714e-06, 7.6800e+03, 1.2800e+02, 
 1DIAGNOSTIC,    49, -9.461334943771e-01, 1.994892954826e-06, 7.8080e+03, 1.2800e+02, 
 1DIAGNOSTIC,    50, -9.461280107498e-01, 1.441687345505e-06, 7.9360e+03, 1.2800e+02, 
 1DIAGNOSTIC,    51, -9.461248517036e-01, 1.013278961182e-06, 8.0640e+03, 1.2800e+02, 
 1DIAGNOSTIC,    52, -9.461168050766e-01, 7.078051567078e-07, 8.3200e+03, 2.5600e+02, 
XXDIAGNOSTIC,Iteration,metricValue,convergenceValue,ITERATION_TIME_INDEX,SINCE_LAST
 1DIAGNOSTIC,     1, -8.947885036469e-01, 1.797693134862e+308, 9.4720e+03, 1.1520e+03, 
 1DIAGNOSTIC,     2, -8.967704176903e-01, 1.797693134862e+308, 1.0752e+04, 1.2800e+03, 
 1DIAGNOSTIC,     3, -8.993496298790e-01, 1.797693134862e+308, 1.1776e+04, 1.0240e+03, 
 1DIAGNOSTIC,     4, -9.018727540970e-01, 1.797693134862e+308, 1.2928e+04, 1.1520e+03, 
 1DIAGNOSTIC,     5, -9.042721986771e-01, 1.797693134862e+308, 1.4080e+04, 1.1520e+03, 
 1DIAGNOSTIC,     6, -9.063859581947e-01, 1.797693134862e+308, 1.5104e+04, 1.0240e+03, 
 1DIAGNOSTIC,     7, -9.081673026085e-01, 1.797693134862e+308, 1.6256e+04, 1.1520e+03, 
 1DIAGNOSTIC,     8, -9.097546339035e-01, 1.797693134862e+308, 1.7280e+04, 1.0240e+03, 
 1DIAGNOSTIC,     9, -9.110374450684e-01, 1.797693134862e+308, 1.8432e+04, 1.1520e+03, 
 1DIAGNOSTIC,    10, -9.123287200928e-01, 1.278862357140e-03, 1.9456e+04, 1.0240e+03, 
 1DIAGNOSTIC,    11, -9.135246276855e-01, 1.069769263268e-03, 2.0608e+04, 1.1520e+03, 
 1DIAGNOSTIC,    12, -9.144565463066e-01, 8.751228451729e-04, 2.1632e+04, 1.0240e+03, 
 1DIAGNOSTIC,    13, -9.154681563377e-01, 7.175430655479e-04, 2.2784e+04, 1.1520e+03, 
 1DIAGNOSTIC,    14, -9.162297248840e-01, 5.902200937271e-04, 2.3808e+04, 1.0240e+03, 
 1DIAGNOSTIC,    15, -9.169503450394e-01, 4.906430840492e-04, 2.4960e+04, 1.1520e+03, 
 1DIAGNOSTIC,    16, -9.176476001740e-01, 4.131197929382e-04, 2.5984e+04, 1.0240e+03, 
 1DIAGNOSTIC,    17, -9.183188080788e-01, 3.514848649502e-04, 2.7136e+04, 1.1520e+03, 
 1DIAGNOSTIC,    18, -9.189794659615e-01, 3.030672669411e-04, 2.8288e+04, 1.1520e+03, 
 1DIAGNOSTIC,    19, -9.196355342865e-01, 2.632923424244e-04, 2.9312e+04, 1.0240e+03, 
 1DIAGNOSTIC,    20, -9.202768206596e-01, 2.330243587494e-04, 3.0464e+04, 1.1520e+03, 
 1DIAGNOSTIC,    21, -9.208945035934e-01, 2.107545733452e-04, 3.1488e+04, 1.0240e+03, 
 1DIAGNOSTIC,    22, -9.214962720871e-01, 1.924000680447e-04, 3.2640e+04, 1.1520e+03, 
 1DIAGNOSTIC,    23, -9.220746755600e-01, 1.791007816792e-04, 3.3664e+04, 1.0240e+03, 
 1DIAGNOSTIC,    24, -9.225866794586e-01, 1.665838062763e-04, 3.4816e+04, 1.1520e+03, 
 1DIAGNOSTIC,    25, -9.230402112007e-01, 1.539960503578e-04, 3.5840e+04, 1.0240e+03, 
 1DIAGNOSTIC,    26, -9.234377145767e-01, 1.409761607647e-04, 3.6992e+04, 1.1520e+03, 
 1DIAGNOSTIC,    27, -9.237958192825e-01, 1.274794340134e-04, 3.8016e+04, 1.0240e+03, 
 1DIAGNOSTIC,    28, -9.241166710854e-01, 1.138001680374e-04, 3.9168e+04, 1.1520e+03, 
 1DIAGNOSTIC,    29, -9.244048595428e-01, 1.004301011562e-04, 4.0192e+04, 1.0240e+03, 
 1DIAGNOSTIC,    30, -9.246643781662e-01, 8.778274059296e-05, 4.1344e+04, 1.1520e+03, 
 1DIAGNOSTIC,    31, -9.248911142349e-01, 7.612258195877e-05, 4.2368e+04, 1.0240e+03, 
 1DIAGNOSTIC,    32, -9.250880479813e-01, 6.572157144547e-05, 4.3520e+04, 1.1520e+03, 
 1DIAGNOSTIC,    33, -9.252650737762e-01, 5.684420466423e-05, 4.4544e+04, 1.0240e+03, 
 1DIAGNOSTIC,    34, -9.254192113876e-01, 4.918873310089e-05, 4.5696e+04, 1.1520e+03, 
 1DIAGNOSTIC,    35, -9.255534410477e-01, 4.253536462784e-05, 4.6720e+04, 1.0240e+03, 
 1DIAGNOSTIC,    36, -9.256786108017e-01, 3.674812614918e-05, 4.7872e+04, 1.1520e+03, 
 1DIAGNOSTIC,    37, -9.257913231850e-01, 3.176368772984e-05, 4.9024e+04, 1.1520e+03, 
 1DIAGNOSTIC,    38, -9.258994460106e-01, 2.755038440228e-05, 5.0048e+04, 1.0240e+03, 
 1DIAGNOSTIC,    39, -9.259952306747e-01, 2.402625977993e-05, 5.1200e+04, 1.1520e+03, 
 1DIAGNOSTIC,    40, -9.260843396187e-01, 2.113170921803e-05, 5.2224e+04, 1.0240e+03, 
 1DIAGNOSTIC,    41, -9.261696338654e-01, 1.876987516880e-05, 5.3376e+04, 1.1520e+03, 
 1DIAGNOSTIC,    42, -9.262526035309e-01, 1.684762537479e-05, 5.4400e+04, 1.0240e+03, 
 1DIAGNOSTIC,    43, -9.263334274292e-01, 1.530349254608e-05, 5.5552e+04, 1.1520e+03, 
 1DIAGNOSTIC,    44, -9.264161586761e-01, 1.408718526363e-05, 5.6576e+04, 1.0240e+03, 
 1DIAGNOSTIC,    45, -9.264985322952e-01, 1.311860978603e-05, 5.7728e+04, 1.1520e+03, 
 1DIAGNOSTIC,    46, -9.265878200531e-01, 1.243129372597e-05, 5.8752e+04, 1.0240e+03, 
 1DIAGNOSTIC,    47, -9.266740083694e-01, 1.194886863232e-05, 5.9904e+04, 1.1520e+03, 
 1DIAGNOSTIC,    48, -9.267619848251e-01, 1.164339482784e-05, 6.0928e+04, 1.0240e+03, 
 1DIAGNOSTIC,    49, -9.268473386765e-01, 1.143664121628e-05, 6.2080e+04, 1.1520e+03, 
 1DIAGNOSTIC,    50, -9.269368052483e-01, 1.128949224949e-05, 6.3104e+04, 1.0240e+03, 
XXDIAGNOSTIC,Iteration,metricValue,convergenceValue,ITERATION_TIME_INDEX,SINCE_LAST
 1DIAGNOSTIC,     1, -8.941267728806e-01, 1.797693134862e+308, 7.2192e+04, 9.0880e+03, 
 1DIAGNOSTIC,     2, -8.954016566277e-01, 1.797693134862e+308, 8.1152e+04, 8.9600e+03, 
 1DIAGNOSTIC,     3, -8.971356749535e-01, 1.797693134862e+308, 8.9984e+04, 8.8320e+03, 
 1DIAGNOSTIC,     4, -8.988105058670e-01, 1.797693134862e+308, 9.8944e+04, 8.9600e+03, 
 1DIAGNOSTIC,     5, -9.004601240158e-01, 1.797693134862e+308, 1.0790e+05, 8.9600e+03, 
 1DIAGNOSTIC,     6, -9.019211530685e-01, 1.797693134862e+308, 1.1674e+05, 8.8320e+03, 
 1DIAGNOSTIC,     7, -9.033881425858e-01, 1.797693134862e+308, 1.2570e+05, 8.9600e+03, 
 1DIAGNOSTIC,     8, -9.046992063522e-01, 1.797693134862e+308, 1.3453e+05, 8.8320e+03, 
 1DIAGNOSTIC,     9, -9.059586524963e-01, 1.797693134862e+308, 1.4349e+05, 8.9600e+03, 
 1DIAGNOSTIC,    10, -9.071062803268e-01, 9.461641311646e-04, 1.5245e+05, 8.9600e+03, 
 1DIAGNOSTIC,    11, -9.081983566284e-01, 8.267462253571e-04, 1.6128e+05, 8.8320e+03, 
 1DIAGNOSTIC,    12, -9.091337323189e-01, 7.105916738510e-04, 1.7024e+05, 8.9600e+03, 
