---------------------
Experiment information

SIF_IMG: /mnt/lustre/mathdugre/containers/ants-flint-vprec.simg
SIF_IMG_BASE: /mnt/lustre/mathdugre/containers/ants-flint-base.simg
EXPERIMENT_NAME: flint-vprec-single
STAGE: syn
SUBJECT_ID: s037
REPETITION_ID: 1

FIXED_IMG: /templateflow/tpl-MNI152NLin2009cAsym/tpl-MNI152NLin2009cAsym_res-01_desc-brain_T1w.nii.gz
INPUT_IMG: /mnt/lustre/mathdugre/fast-interpolate/datasets/ds004513/derivatives/flint/ants/flint-vprec-single/sub-s037/ses-open/anat/10/1_Affine.nii.gz

DATA_DIR: /mnt/lustre/mathdugre/fast-interpolate/datasets/ds004513
OUTPUT_DIR: /mnt/lustre/mathdugre/fast-interpolate/datasets/ds004513/derivatives/flint/ants/flint-vprec-single/sub-s037/ses-open/anat
OUTPUT_PREFIX: 101
THREAD: 1
FLOAT: 0
VFC_BACKENDS: libinterflop_vprec.so --precision-binary32=23 --range-binary32=8 --precision-binary64=23 --range-binary64=8
---------------------

--output [/mnt/lustre/mathdugre/fast-interpolate/datasets/ds004513/derivatives/flint/ants/flint-vprec-single/sub-s037/ses-open/anat/101/1_,/mnt/lustre/mathdugre/fast-interpolate/datasets/ds004513/derivatives/flint/ants/flint-vprec-single/sub-s037/ses-open/anat/101/1_Warped.nii.gz,/mnt/lustre/mathdugre/fast-interpolate/datasets/ds004513/derivatives/flint/ants/flint-vprec-single/sub-s037/ses-open/anat/101/1_InverseSyN.nii.gz] --initial-moving-transform [/templateflow/tpl-MNI152NLin2009cAsym/tpl-MNI152NLin2009cAsym_res-01_desc-brain_T1w.nii.gz,/mnt/lustre/mathdugre/fast-interpolate/datasets/ds004513/derivatives/flint/ants/flint-vprec-single/sub-s037/ses-open/anat/10/1_Affine.nii.gz,1] --transform SyN[ 0.1,3,0 ] --metric CC[/templateflow/tpl-MNI152NLin2009cAsym/tpl-MNI152NLin2009cAsym_res-01_desc-brain_T1w.nii.gz,/mnt/lustre/mathdugre/fast-interpolate/datasets/ds004513/derivatives/flint/ants/flint-vprec-single/sub-s037/ses-open/anat/10/1_Affine.nii.gz,1,4] --convergence [100x70x50x20,1e-6,10] --shrink-factors 8x4x2x1 --smoothing-sigmas 3x2x1x0vox
All_Command_lines_OK
Using double precision for computations.
=============================================================================
The composite transform comprises the following transforms (in order): 
  1. Center of mass alignment using fixed image: /templateflow/tpl-MNI152NLin2009cAsym/tpl-MNI152NLin2009cAsym_res-01_desc-brain_T1w.nii.gz and moving image: /mnt/lustre/mathdugre/fast-interpolate/datasets/ds004513/derivatives/flint/ants/flint-vprec-single/sub-s037/ses-open/anat/10/1_Affine.nii.gz (type = Euler3DTransform)
=============================================================================
  number of levels = 4
  fixed image: /templateflow/tpl-MNI152NLin2009cAsym/tpl-MNI152NLin2009cAsym_res-01_desc-brain_T1w.nii.gz
  moving image: /mnt/lustre/mathdugre/fast-interpolate/datasets/ds004513/derivatives/flint/ants/flint-vprec-single/sub-s037/ses-open/anat/10/1_Affine.nii.gz
Dimension = 3
Number of stages = 1
Use histogram matching = false
Winsorize image intensities = true
  Lower quantile = 0.005
  Upper quantile = 0.995


Stage 1 State
   Image metric = CC
     Fixed image = Image (0x443ab50)
  RTTI typeinfo:   itk::Image<double, 3u>
  Reference Count: 2
  Modified Time: 1622
  Debug: Off
  Object Name: 
  Observers: 
    none
  Source: (none)
  Source output name: (none)
  Release Data: Off
  Data Released: False
  Global Release Data: Off
  PipelineMTime: 0
  UpdateMTime: 1407
  RealTimeStamp: 0 seconds 
  LargestPossibleRegion: 
    Dimension: 3
    Index: [0, 0, 0]
    Size: [193, 229, 193]
  BufferedRegion: 
    Dimension: 3
    Index: [0, 0, 0]
    Size: [193, 229, 193]
  RequestedRegion: 
    Dimension: 3
    Index: [0, 0, 0]
    Size: [193, 229, 193]
  Spacing: [1, 1, 1]
  Origin: [96, 132, -78]
  Direction: 
-1 0 0
0 -1 0
0 0 1

  IndexToPointMatrix: 
-1 0 0
0 -1 0
0 0 1

  PointToIndexMatrix: 
-1 0 0
0 -1 0
0 0 1

  Inverse Direction: 
-1 0 0
0 -1 0
0 0 1

  PixelContainer: 
    ImportImageContainer (0x44b36d0)
      RTTI typeinfo:   itk::ImportImageContainer<unsigned long, double>
      Reference Count: 1
      Modified Time: 1404
      Debug: Off
      Object Name: 
      Observers: 
        none
      Pointer: 0x7fdcb1609010
      Container manages memory: true
      Size: 8530021
      Capacity: 8530021

     Moving image = Image (0x4446d60)
  RTTI typeinfo:   itk::Image<double, 3u>
  Reference Count: 2
  Modified Time: 1623
  Debug: Off
  Object Name: 
  Observers: 
    none
  Source: (none)
  Source output name: (none)
  Release Data: Off
  Data Released: False
  Global Release Data: Off
  PipelineMTime: 0
  UpdateMTime: 1620
  RealTimeStamp: 0 seconds 
  LargestPossibleRegion: 
    Dimension: 3
    Index: [0, 0, 0]
    Size: [193, 229, 193]
  BufferedRegion: 
    Dimension: 3
    Index: [0, 0, 0]
    Size: [193, 229, 193]
  RequestedRegion: 
    Dimension: 3
    Index: [0, 0, 0]
    Size: [193, 229, 193]
  Spacing: [1, 1, 1]
  Origin: [96, 132, -78]
  Direction: 
-1 0 0
0 -1 0
0 0 1

  IndexToPointMatrix: 
-1 0 0
0 -1 0
0 0 1

  PointToIndexMatrix: 
-1 0 0
0 -1 0
0 0 1

  Inverse Direction: 
-1 0 0
0 -1 0
0 0 1

  PixelContainer: 
    ImportImageContainer (0x45137d0)
      RTTI typeinfo:   itk::ImportImageContainer<unsigned long, double>
      Reference Count: 1
      Modified Time: 1617
      Debug: Off
      Object Name: 
      Observers: 
        none
      Pointer: 0x7fdcad4f4010
      Container manages memory: true
      Size: 8530021
      Capacity: 8530021

     Weighting = 1
     Sampling strategy = none
     Number of bins = 32
     Radius = 4
     Sampling percentage  = 1
   Transform = SyN
     Gradient step = 0.1
     Update field sigma (voxel space) = 3
     Total field sigma (voxel space) = 0
     Update field time sigma = 0
     Total field time sigma  = 0
     Number of time indices = 0
     Number of time point samples = 0
Registration using 1 total stages.

Stage 0
  iterations = 100x70x50x20
  convergence threshold = 1e-06
  convergence window size = 10
  number of levels = 4
  using the CC metric (radius = 4, weight = 1, use gradient filter = 0)
  preprocessing:  winsorizing the image intensities
  Shrink factors (level 1 out of 4): [8, 8, 8]
  Shrink factors (level 2 out of 4): [4, 4, 4]
  Shrink factors (level 3 out of 4): [2, 2, 2]
  Shrink factors (level 4 out of 4): [1, 1, 1]
  smoothing sigmas per level: [3, 2, 1, 0]
  Using default NONE metricSamplingStrategy 

*** Running SyN registration (varianceForUpdateField = 3, varianceForTotalField = 0) ***

XXDIAGNOSTIC,Iteration,metricValue,convergenceValue,ITERATION_TIME_INDEX,SINCE_LAST
 1DIAGNOSTIC,     1, -8.006696105003e-01, 1.797693134862e+308, 0.0000e+00, 0.0000e+00, 
 1DIAGNOSTIC,     2, -8.222013711929e-01, 1.797693134862e+308, 0.0000e+00, 0.0000e+00, 
 1DIAGNOSTIC,     3, -8.431037664413e-01, 1.797693134862e+308, 0.0000e+00, 0.0000e+00, 
 1DIAGNOSTIC,     4, -8.595724105835e-01, 1.797693134862e+308, 1.2800e+02, 1.2800e+02, 
 1DIAGNOSTIC,     5, -8.729298114777e-01, 1.797693134862e+308, 1.2800e+02, 0.0000e+00, 
 1DIAGNOSTIC,     6, -8.823562264442e-01, 1.797693134862e+308, 1.2800e+02, 0.0000e+00, 
 1DIAGNOSTIC,     7, -8.903165459633e-01, 1.797693134862e+308, 1.2800e+02, 0.0000e+00, 
 1DIAGNOSTIC,     8, -8.963508605957e-01, 1.797693134862e+308, 1.2800e+02, 0.0000e+00, 
 1DIAGNOSTIC,     9, -9.005752801895e-01, 1.797693134862e+308, 1.2800e+02, 0.0000e+00, 
 1DIAGNOSTIC,    10, -9.039162397385e-01, 7.377527654171e-03, 1.2800e+02, 0.0000e+00, 
 1DIAGNOSTIC,    11, -9.066095948219e-01, 5.301408469677e-03, 1.2800e+02, 0.0000e+00, 
 1DIAGNOSTIC,    12, -9.087605476379e-01, 3.742717206478e-03, 2.5600e+02, 1.2800e+02, 
 1DIAGNOSTIC,    13, -9.105858206749e-01, 2.655379474163e-03, 2.5600e+02, 0.0000e+00, 
 1DIAGNOSTIC,    14, -9.121406078339e-01, 1.899279654026e-03, 2.5600e+02, 0.0000e+00, 
 1DIAGNOSTIC,    15, -9.134439229965e-01, 1.386612653732e-03, 2.5600e+02, 0.0000e+00, 
 1DIAGNOSTIC,    16, -9.145558476448e-01, 1.022458076477e-03, 2.5600e+02, 0.0000e+00, 
 1DIAGNOSTIC,    17, -9.155373573303e-01, 7.754936814308e-04, 2.5600e+02, 0.0000e+00, 
 1DIAGNOSTIC,    18, -9.164628982544e-01, 6.080046296120e-04, 2.5600e+02, 0.0000e+00, 
 1DIAGNOSTIC,    19, -9.172579050064e-01, 4.860199987888e-04, 3.8400e+02, 1.2800e+02, 
 1DIAGNOSTIC,    20, -9.179270863533e-01, 3.948807716370e-04, 3.8400e+02, 0.0000e+00, 
 1DIAGNOSTIC,    21, -9.185252785683e-01, 3.255195915699e-04, 3.8400e+02, 0.0000e+00, 
 1DIAGNOSTIC,    22, -9.190583229065e-01, 2.707839012146e-04, 3.8400e+02, 0.0000e+00, 
 1DIAGNOSTIC,    23, -9.195415973663e-01, 2.272650599480e-04, 3.8400e+02, 0.0000e+00, 
 1DIAGNOSTIC,    24, -9.199812412262e-01, 1.923777163029e-04, 3.8400e+02, 0.0000e+00, 
 1DIAGNOSTIC,    25, -9.203789234161e-01, 1.637637615204e-04, 3.8400e+02, 0.0000e+00, 
 1DIAGNOSTIC,    26, -9.207473993301e-01, 1.399889588356e-04, 3.8400e+02, 0.0000e+00, 
 1DIAGNOSTIC,    27, -9.210869073868e-01, 1.202262938023e-04, 5.1200e+02, 1.2800e+02, 
 1DIAGNOSTIC,    28, -9.214034080505e-01, 1.045539975166e-04, 5.1200e+02, 0.0000e+00, 
 1DIAGNOSTIC,    29, -9.216495752335e-01, 9.143352508545e-05, 5.1200e+02, 0.0000e+00, 
 1DIAGNOSTIC,    30, -9.219194650650e-01, 8.045136928558e-05, 5.1200e+02, 0.0000e+00, 
 1DIAGNOSTIC,    31, -9.221711754799e-01, 7.121264934540e-05, 5.1200e+02, 0.0000e+00, 
 1DIAGNOSTIC,    32, -9.223582148552e-01, 6.291642785072e-05, 5.1200e+02, 0.0000e+00, 
 1DIAGNOSTIC,    33, -9.225832223892e-01, 5.596131086349e-05, 5.1200e+02, 0.0000e+00, 
 1DIAGNOSTIC,    34, -9.227939248085e-01, 5.015358328819e-05, 6.4000e+02, 1.2800e+02, 
 1DIAGNOSTIC,    35, -9.229884743690e-01, 4.526413977146e-05, 6.4000e+02, 0.0000e+00, 
 1DIAGNOSTIC,    36, -9.231764078140e-01, 4.123523831367e-05, 6.4000e+02, 0.0000e+00, 
 1DIAGNOSTIC,    37, -9.233486056328e-01, 3.787502646446e-05, 6.4000e+02, 0.0000e+00, 
 1DIAGNOSTIC,    38, -9.235115051270e-01, 3.510341048241e-05, 6.4000e+02, 0.0000e+00, 
 1DIAGNOSTIC,    39, -9.236668348312e-01, 3.239884972572e-05, 6.4000e+02, 0.0000e+00, 
 1DIAGNOSTIC,    40, -9.238169193268e-01, 3.006868064404e-05, 6.4000e+02, 0.0000e+00, 
 1DIAGNOSTIC,    41, -9.239523410797e-01, 2.799555659294e-05, 6.4000e+02, 0.0000e+00, 
 1DIAGNOSTIC,    42, -9.240839481354e-01, 2.576969563961e-05, 7.6800e+02, 1.2800e+02, 
 1DIAGNOSTIC,    43, -9.242071509361e-01, 2.376735210419e-05, 7.6800e+02, 0.0000e+00, 
 1DIAGNOSTIC,    44, -9.243212938309e-01, 2.194195985794e-05, 7.6800e+02, 0.0000e+00, 
 1DIAGNOSTIC,    45, -9.244335889816e-01, 2.028048038483e-05, 7.6800e+02, 0.0000e+00, 
 1DIAGNOSTIC,    46, -9.245367050171e-01, 1.877732574940e-05, 7.6800e+02, 0.0000e+00, 
 1DIAGNOSTIC,    47, -9.246358871460e-01, 1.739151775837e-05, 7.6800e+02, 0.0000e+00, 
 1DIAGNOSTIC,    48, -9.247267842293e-01, 1.609511673450e-05, 7.6800e+02, 0.0000e+00, 
 1DIAGNOSTIC,    49, -9.248166084290e-01, 1.492351293564e-05, 8.9600e+02, 1.2800e+02, 
 1DIAGNOSTIC,    50, -9.248994588852e-01, 1.386553049088e-05, 8.9600e+02, 0.0000e+00, 
 1DIAGNOSTIC,    51, -9.249789714813e-01, 1.288764178753e-05, 8.9600e+02, 0.0000e+00, 
 1DIAGNOSTIC,    52, -9.250526428223e-01, 1.198798418045e-05, 8.9600e+02, 0.0000e+00, 
 1DIAGNOSTIC,    53, -9.251222014427e-01, 1.114793121815e-05, 8.9600e+02, 0.0000e+00, 
 1DIAGNOSTIC,    54, -9.251923561096e-01, 1.038797199726e-05, 8.9600e+02, 0.0000e+00, 
 1DIAGNOSTIC,    55, -9.252557754517e-01, 9.696930646896e-06, 8.9600e+02, 0.0000e+00, 
 1DIAGNOSTIC,    56, -9.253151416779e-01, 9.048730134964e-06, 8.9600e+02, 0.0000e+00, 
 1DIAGNOSTIC,    57, -9.253722429276e-01, 8.454546332359e-06, 1.0240e+03, 1.2800e+02, 
 1DIAGNOSTIC,    58, -9.254260063171e-01, 7.893890142441e-06, 1.0240e+03, 0.0000e+00, 
 1DIAGNOSTIC,    59, -9.254785180092e-01, 7.381662726402e-06, 1.0240e+03, 0.0000e+00, 
 1DIAGNOSTIC,    60, -9.255675077438e-01, 7.122755050659e-06, 1.0240e+03, 0.0000e+00, 
 1DIAGNOSTIC,    61, -9.256142377853e-01, 6.863847374916e-06, 1.0240e+03, 0.0000e+00, 
 1DIAGNOSTIC,    62, -9.256578683853e-01, 6.588175892830e-06, 1.0240e+03, 0.0000e+00, 
 1DIAGNOSTIC,    63, -9.256973266602e-01, 6.273388862610e-06, 1.0240e+03, 0.0000e+00, 
 1DIAGNOSTIC,    64, -9.257366061211e-01, 5.939975380898e-06, 1.0240e+03, 0.0000e+00, 
 1DIAGNOSTIC,    65, -9.257765412331e-01, 5.576759576797e-06, 1.1520e+03, 1.2800e+02, 
 1DIAGNOSTIC,    66, -9.258134961128e-01, 5.187466740608e-06, 1.1520e+03, 0.0000e+00, 
 1DIAGNOSTIC,    67, -9.258478879929e-01, 4.775822162628e-06, 1.1520e+03, 0.0000e+00, 
 1DIAGNOSTIC,    68, -9.258795976639e-01, 4.353001713753e-06, 1.1520e+03, 0.0000e+00, 
 1DIAGNOSTIC,    69, -9.259093999863e-01, 3.927387297153e-06, 1.1520e+03, 0.0000e+00, 
 1DIAGNOSTIC,    70, -9.259397983551e-01, 3.708526492119e-06, 1.1520e+03, 0.0000e+00, 
 1DIAGNOSTIC,    71, -9.259601831436e-01, 3.470107913017e-06, 1.1520e+03, 0.0000e+00, 
 1DIAGNOSTIC,    72, -9.259867072105e-01, 3.251247107983e-06, 1.2800e+03, 1.2800e+02, 
 1DIAGNOSTIC,    73, -9.260129332542e-01, 3.042630851269e-06, 1.2800e+03, 0.0000e+00, 
 1DIAGNOSTIC,    74, -9.260338544846e-01, 2.837739884853e-06, 1.2800e+03, 0.0000e+00, 
 1DIAGNOSTIC,    75, -9.260587692261e-01, 2.669170498848e-06, 1.2800e+03, 0.0000e+00, 
 1DIAGNOSTIC,    76, -9.260500669479e-01, 2.403743565083e-06, 1.2800e+03, 0.0000e+00, 
 1DIAGNOSTIC,    77, -9.260734319687e-01, 2.188608050346e-06, 1.2800e+03, 0.0000e+00, 
 1DIAGNOSTIC,    78, -9.260963201523e-01, 2.020969986916e-06, 1.2800e+03, 0.0000e+00, 
 1DIAGNOSTIC,    79, -9.261146783829e-01, 1.884996891022e-06, 1.2800e+03, 0.0000e+00, 
 1DIAGNOSTIC,    80, -9.261371493340e-01, 1.816079020500e-06, 1.4080e+03, 1.2800e+02, 
 1DIAGNOSTIC,    81, -9.261596202850e-01, 1.776032149792e-06, 1.4080e+03, 0.0000e+00, 
 1DIAGNOSTIC,    82, -9.261808395386e-01, 1.779757440090e-06, 1.4080e+03, 0.0000e+00, 
 1DIAGNOSTIC,    83, -9.262011647224e-01, 1.818872988224e-06, 1.4080e+03, 0.0000e+00, 
 1DIAGNOSTIC,    84, -9.262183904648e-01, 1.861713826656e-06, 1.4080e+03, 0.0000e+00, 
 1DIAGNOSTIC,    85, -9.262374639511e-01, 1.919455826283e-06, 1.4080e+03, 0.0000e+00, 
 1DIAGNOSTIC,    86, -9.262573122978e-01, 1.863576471806e-06, 1.4080e+03, 0.0000e+00, 
 1DIAGNOSTIC,    87, -9.262757897377e-01, 1.814216375351e-06, 1.5360e+03, 1.2800e+02, 
 1DIAGNOSTIC,    88, -9.262939691544e-01, 1.767650246620e-06, 1.5360e+03, 0.0000e+00, 
 1DIAGNOSTIC,    89, -9.263129830360e-01, 1.717358827591e-06, 1.5360e+03, 0.0000e+00, 
 1DIAGNOSTIC,    90, -9.263325929642e-01, 1.678243279457e-06, 1.5360e+03, 0.0000e+00, 
 1DIAGNOSTIC,    91, -9.263507127762e-01, 1.648440957069e-06, 1.5360e+03, 0.0000e+00, 
 1DIAGNOSTIC,    92, -9.263671636581e-01, 1.619569957256e-06, 1.5360e+03, 0.0000e+00, 
 1DIAGNOSTIC,    93, -9.263857603073e-01, 1.598149538040e-06, 1.5360e+03, 0.0000e+00, 
 1DIAGNOSTIC,    94, -9.264003634453e-01, 1.557171344757e-06, 1.5360e+03, 0.0000e+00, 
 1DIAGNOSTIC,    95, -9.264180064201e-01, 1.518987119198e-06, 1.6640e+03, 1.2800e+02, 
 1DIAGNOSTIC,    96, -9.264333248138e-01, 1.480802893639e-06, 1.6640e+03, 0.0000e+00, 
 1DIAGNOSTIC,    97, -9.264475107193e-01, 1.431442797184e-06, 1.6640e+03, 0.0000e+00, 
 1DIAGNOSTIC,    98, -9.264628887177e-01, 1.385807991028e-06, 1.6640e+03, 0.0000e+00, 
 1DIAGNOSTIC,    99, -9.264788627625e-01, 1.344829797745e-06, 1.6640e+03, 0.0000e+00, 
 1DIAGNOSTIC,   100, -9.264955520630e-01, 1.315958797932e-06, 1.6640e+03, 0.0000e+00, 
XXDIAGNOSTIC,Iteration,metricValue,convergenceValue,ITERATION_TIME_INDEX,SINCE_LAST
 1DIAGNOSTIC,     1, -8.332183361053e-01, 1.797693134862e+308, 1.9200e+03, 2.5600e+02, 
 1DIAGNOSTIC,     2, -8.368420004845e-01, 1.797693134862e+308, 2.0480e+03, 1.2800e+02, 
 1DIAGNOSTIC,     3, -8.412753343582e-01, 1.797693134862e+308, 2.1760e+03, 1.2800e+02, 
 1DIAGNOSTIC,     4, -8.453757762909e-01, 1.797693134862e+308, 2.3040e+03, 1.2800e+02, 
 1DIAGNOSTIC,     5, -8.490539789200e-01, 1.797693134862e+308, 2.4320e+03, 1.2800e+02, 
 1DIAGNOSTIC,     6, -8.523292541504e-01, 1.797693134862e+308, 2.6880e+03, 2.5600e+02, 
 1DIAGNOSTIC,     7, -8.549622297287e-01, 1.797693134862e+308, 2.8160e+03, 1.2800e+02, 
 1DIAGNOSTIC,     8, -8.571625351906e-01, 1.797693134862e+308, 2.9440e+03, 1.2800e+02, 
 1DIAGNOSTIC,     9, -8.590881228447e-01, 1.797693134862e+308, 3.0720e+03, 1.2800e+02, 
 1DIAGNOSTIC,    10, -8.607705831528e-01, 2.117417752743e-03, 3.2000e+03, 1.2800e+02, 
 1DIAGNOSTIC,    11, -8.622622489929e-01, 1.713797450066e-03, 3.3280e+03, 1.2800e+02, 
 1DIAGNOSTIC,    12, -8.634319305420e-01, 1.356251537800e-03, 3.5840e+03, 2.5600e+02, 
 1DIAGNOSTIC,    13, -8.644782304764e-01, 1.071214675903e-03, 3.7120e+03, 1.2800e+02, 
 1DIAGNOSTIC,    14, -8.654551506042e-01, 8.497461676598e-04, 3.8400e+03, 1.2800e+02, 
 1DIAGNOSTIC,    15, -8.664554357529e-01, 6.832331418991e-04, 3.9680e+03, 1.2800e+02, 
 1DIAGNOSTIC,    16, -8.673707246780e-01, 5.613341927528e-04, 4.0960e+03, 1.2800e+02, 
 1DIAGNOSTIC,    17, -8.684790730476e-01, 4.747956991196e-04, 4.2240e+03, 1.2800e+02, 
 1DIAGNOSTIC,    18, -8.694448471069e-01, 4.119649529457e-04, 4.4800e+03, 2.5600e+02, 
 1DIAGNOSTIC,    19, -8.704107403755e-01, 3.676675260067e-04, 4.6080e+03, 1.2800e+02, 
 1DIAGNOSTIC,    20, -8.712933063507e-01, 3.358162939548e-04, 4.7360e+03, 1.2800e+02, 
 1DIAGNOSTIC,    21, -8.721021413803e-01, 3.117583692074e-04, 4.8640e+03, 1.2800e+02, 
 1DIAGNOSTIC,    22, -8.728331923485e-01, 2.891793847084e-04, 4.9920e+03, 1.2800e+02, 
 1DIAGNOSTIC,    23, -8.733475208282e-01, 2.637878060341e-04, 5.1200e+03, 1.2800e+02, 
 1DIAGNOSTIC,    24, -8.739310503006e-01, 2.372339367867e-04, 5.3760e+03, 2.5600e+02, 
 1DIAGNOSTIC,    25, -8.743706345558e-01, 2.094693481922e-04, 5.5040e+03, 1.2800e+02, 
 1DIAGNOSTIC,    26, -8.748575448990e-01, 1.818202435970e-04, 5.6320e+03, 1.2800e+02, 
 1DIAGNOSTIC,    27, -8.752720952034e-01, 1.576244831085e-04, 5.7600e+03, 1.2800e+02, 
 1DIAGNOSTIC,    28, -8.758394718170e-01, 1.382865011692e-04, 5.8880e+03, 1.2800e+02, 
 1DIAGNOSTIC,    29, -8.761519193649e-01, 1.216381788254e-04, 6.0160e+03, 1.2800e+02, 
 1DIAGNOSTIC,    30, -8.766150474548e-01, 1.093372702599e-04, 6.2720e+03, 2.5600e+02, 
 1DIAGNOSTIC,    31, -8.769638538361e-01, 9.972229599953e-05, 6.4000e+03, 1.2800e+02, 
 1DIAGNOSTIC,    32, -8.774060010910e-01, 9.329989552498e-05, 6.5280e+03, 1.2800e+02, 
 1DIAGNOSTIC,    33, -8.776903748512e-01, 8.631497621536e-05, 6.6560e+03, 1.2800e+02, 
 1DIAGNOSTIC,    34, -8.780309557915e-01, 8.051097393036e-05, 6.7840e+03, 1.2800e+02, 
 1DIAGNOSTIC,    35, -8.782699704170e-01, 7.377192378044e-05, 6.9120e+03, 1.2800e+02, 
 1DIAGNOSTIC,    36, -8.784681558609e-01, 6.667338311672e-05, 7.1680e+03, 2.5600e+02, 
 1DIAGNOSTIC,    37, -8.787117600441e-01, 5.942396819592e-05, 7.2960e+03, 1.2800e+02, 
 1DIAGNOSTIC,    38, -8.787628412247e-01, 5.227513611317e-05, 7.4240e+03, 1.2800e+02, 
 1DIAGNOSTIC,    39, -8.789929151535e-01, 4.511885344982e-05, 7.5520e+03, 1.2800e+02, 
 1DIAGNOSTIC,    40, -8.790863752365e-01, 3.859959542751e-05, 7.6800e+03, 1.2800e+02, 
 1DIAGNOSTIC,    41, -8.793473243713e-01, 3.359839320183e-05, 7.9360e+03, 2.5600e+02, 
 1DIAGNOSTIC,    42, -8.795228004456e-01, 3.047101199627e-05, 8.0640e+03, 1.2800e+02, 
 1DIAGNOSTIC,    43, -8.797509074211e-01, 2.850219607353e-05, 8.1920e+03, 1.2800e+02, 
 1DIAGNOSTIC,    44, -8.799205422401e-01, 2.772919833660e-05, 8.3200e+03, 1.2800e+02, 
 1DIAGNOSTIC,    45, -8.801102042198e-01, 2.748891711235e-05, 8.4480e+03, 1.2800e+02, 
 1DIAGNOSTIC,    46, -8.801399469376e-01, 2.627074718475e-05, 8.5760e+03, 1.2800e+02, 
 1DIAGNOSTIC,    47, -8.803241848946e-01, 2.564862370491e-05, 8.8320e+03, 2.5600e+02, 
 1DIAGNOSTIC,    48, -8.803144693375e-01, 2.289004623890e-05, 8.9600e+03, 1.2800e+02, 
 1DIAGNOSTIC,    49, -8.805243968964e-01, 2.105906605721e-05, 9.0880e+03, 1.2800e+02, 
 1DIAGNOSTIC,    50, -8.805975914001e-01, 1.838058233261e-05, 9.2160e+03, 1.2800e+02, 
 1DIAGNOSTIC,    51, -8.808535933495e-01, 1.741200685501e-05, 9.3440e+03, 1.2800e+02, 
 1DIAGNOSTIC,    52, -8.809177875519e-01, 1.633539795876e-05, 9.4720e+03, 1.2800e+02, 
 1DIAGNOSTIC,    53, -8.810904026031e-01, 1.624785363674e-05, 9.7280e+03, 2.5600e+02, 
 1DIAGNOSTIC,    54, -8.811494708061e-01, 1.601316034794e-05, 9.8560e+03, 1.2800e+02, 
 1DIAGNOSTIC,    55, -8.812987208366e-01, 1.631304621696e-05, 9.9840e+03, 1.2800e+02, 
 1DIAGNOSTIC,    56, -8.812937736511e-01, 1.519359648228e-05, 1.0112e+04, 1.2800e+02, 
 1DIAGNOSTIC,    57, -8.814839720726e-01, 1.487694680691e-05, 1.0240e+04, 1.2800e+02, 
 1DIAGNOSTIC,    58, -8.814620375633e-01, 1.297518610954e-05, 1.0368e+04, 1.2800e+02, 
 1DIAGNOSTIC,    59, -8.815593719482e-01, 1.165457069874e-05, 1.0624e+04, 2.5600e+02, 
 1DIAGNOSTIC,    60, -8.815463781357e-01, 9.611248970032e-06, 1.0752e+04, 1.2800e+02, 
 1DIAGNOSTIC,    61, -8.816977143288e-01, 8.936971426010e-06, 1.0880e+04, 1.2800e+02, 
 1DIAGNOSTIC,    62, -8.816458582878e-01, 7.502734661102e-06, 1.1008e+04, 1.2800e+02, 
 1DIAGNOSTIC,    63, -8.817957639694e-01, 7.122755050659e-06, 1.1136e+04, 1.2800e+02, 
 1DIAGNOSTIC,    64, -8.817281723022e-01, 6.046146154404e-06, 1.1264e+04, 1.2800e+02, 
 1DIAGNOSTIC,    65, -8.818741440773e-01, 5.975365638733e-06, 1.1520e+04, 2.5600e+02, 
 1DIAGNOSTIC,    66, -8.817586898804e-01, 4.734843969345e-06, 1.1648e+04, 1.2800e+02, 
 1DIAGNOSTIC,    67, -8.820112943649e-01, 5.304813385010e-06, 1.1776e+04, 1.2800e+02, 
 1DIAGNOSTIC,    68, -8.817726373672e-01, 4.099681973457e-06, 1.1904e+04, 1.2800e+02, 
 1DIAGNOSTIC,    69, -8.820927143097e-01, 4.597008228302e-06, 1.2032e+04, 1.2800e+02, 
 1DIAGNOSTIC,    70, -8.819916844368e-01, 4.091300070286e-06, 1.2160e+04, 1.2800e+02, 
XXDIAGNOSTIC,Iteration,metricValue,convergenceValue,ITERATION_TIME_INDEX,SINCE_LAST
 1DIAGNOSTIC,     1, -8.317251205444e-01, 1.797693134862e+308, 1.3568e+04, 1.4080e+03, 
 1DIAGNOSTIC,     2, -8.351249098778e-01, 1.797693134862e+308, 1.4720e+04, 1.1520e+03, 
 1DIAGNOSTIC,     3, -8.388528823853e-01, 1.797693134862e+308, 1.6000e+04, 1.2800e+03, 
 1DIAGNOSTIC,     4, -8.427799940109e-01, 1.797693134862e+308, 1.7280e+04, 1.2800e+03, 
 1DIAGNOSTIC,     5, -8.461674451828e-01, 1.797693134862e+308, 1.8432e+04, 1.1520e+03, 
 1DIAGNOSTIC,     6, -8.497022390366e-01, 1.797693134862e+308, 1.9712e+04, 1.2800e+03, 
 1DIAGNOSTIC,     7, -8.526158332825e-01, 1.797693134862e+308, 2.0992e+04, 1.2800e+03, 
 1DIAGNOSTIC,     8, -8.551887273788e-01, 1.797693134862e+308, 2.2144e+04, 1.1520e+03, 
 1DIAGNOSTIC,     9, -8.574892282486e-01, 1.797693134862e+308, 2.3424e+04, 1.2800e+03, 
 1DIAGNOSTIC,    10, -8.593606352806e-01, 2.144850790501e-03, 2.4704e+04, 1.2800e+03, 
 1DIAGNOSTIC,    11, -8.610436320305e-01, 1.795716583729e-03, 2.5984e+04, 1.2800e+03, 
 1DIAGNOSTIC,    12, -8.625472784042e-01, 1.479782164097e-03, 2.7136e+04, 1.1520e+03, 
 1DIAGNOSTIC,    13, -8.639210462570e-01, 1.209124922752e-03, 2.8416e+04, 1.2800e+03, 
 1DIAGNOSTIC,    14, -8.652144670486e-01, 9.912475943565e-04, 2.9696e+04, 1.2800e+03, 
 1DIAGNOSTIC,    15, -8.663829565048e-01, 8.123815059662e-04, 3.0976e+04, 1.2800e+03, 
 1DIAGNOSTIC,    16, -8.674421310425e-01, 6.764903664589e-04, 3.2128e+04, 1.1520e+03, 
 1DIAGNOSTIC,    17, -8.684279918671e-01, 5.701258778572e-04, 3.3408e+04, 1.2800e+03, 
 1DIAGNOSTIC,    18, -8.693537712097e-01, 4.870519042015e-04, 3.4688e+04, 1.2800e+03, 
 1DIAGNOSTIC,    19, -8.702499866486e-01, 4.231035709381e-04, 3.5840e+04, 1.1520e+03, 
 1DIAGNOSTIC,    20, -8.710591197014e-01, 3.703981637955e-04, 3.7120e+04, 1.2800e+03, 
 1DIAGNOSTIC,    21, -8.718283176422e-01, 3.267154097557e-04, 3.8400e+04, 1.2800e+03, 
 1DIAGNOSTIC,    22, -8.725396394730e-01, 2.896562218666e-04, 3.9680e+04, 1.2800e+03, 
 1DIAGNOSTIC,    23, -8.732085824013e-01, 2.579316496849e-04, 4.0832e+04, 1.1520e+03, 
 1DIAGNOSTIC,    24, -8.738502264023e-01, 2.311915159225e-04, 4.2112e+04, 1.2800e+03, 
 1DIAGNOSTIC,    25, -8.744409084320e-01, 2.080053091049e-04, 4.3392e+04, 1.2800e+03, 
 1DIAGNOSTIC,    26, -8.749955892563e-01, 1.874528825283e-04, 4.4544e+04, 1.1520e+03, 
 1DIAGNOSTIC,    27, -8.755193948746e-01, 1.691468060017e-04, 4.5824e+04, 1.2800e+03, 
 1DIAGNOSTIC,    28, -8.760590553284e-01, 1.533776521683e-04, 4.7104e+04, 1.2800e+03, 
 1DIAGNOSTIC,    29, -8.765335083008e-01, 1.397207379341e-04, 4.8384e+04, 1.2800e+03, 
 1DIAGNOSTIC,    30, -8.769963383675e-01, 1.276880502701e-04, 4.9536e+04, 1.1520e+03, 
 1DIAGNOSTIC,    31, -8.774564862251e-01, 1.173652708530e-04, 5.0816e+04, 1.2800e+03, 
 1DIAGNOSTIC,    32, -8.778514862061e-01, 1.079104840755e-04, 5.2096e+04, 1.2800e+03, 
 1DIAGNOSTIC,    33, -8.782652020454e-01, 9.955465793610e-05, 5.3248e+04, 1.1520e+03, 
 1DIAGNOSTIC,    34, -8.786240816116e-01, 9.189546108246e-05, 5.4528e+04, 1.2800e+03, 
 1DIAGNOSTIC,    35, -8.789677619934e-01, 8.471310138702e-05, 5.5808e+04, 1.2800e+03, 
 1DIAGNOSTIC,    36, -8.792718648911e-01, 7.770955562592e-05, 5.7088e+04, 1.2800e+03, 
 1DIAGNOSTIC,    37, -8.796101808548e-01, 7.132999598980e-05, 5.8240e+04, 1.1520e+03, 
 1DIAGNOSTIC,    38, -8.798584342003e-01, 6.530061364174e-05, 5.9520e+04, 1.2800e+03, 
 1DIAGNOSTIC,    39, -8.801149129868e-01, 5.952268838882e-05, 6.0800e+04, 1.2800e+03, 
 1DIAGNOSTIC,    40, -8.802986145020e-01, 5.367211997509e-05, 6.2080e+04, 1.2800e+03, 
 1DIAGNOSTIC,    41, -8.805209994316e-01, 4.846975207329e-05, 6.3232e+04, 1.1520e+03, 
 1DIAGNOSTIC,    42, -8.806782960892e-01, 4.320219159126e-05, 6.4512e+04, 1.2800e+03, 
 1DIAGNOSTIC,    43, -8.808314204216e-01, 3.839842975140e-05, 6.5792e+04, 1.2800e+03, 
 1DIAGNOSTIC,    44, -8.809723854065e-01, 3.389641642570e-05, 6.6944e+04, 1.1520e+03, 
 1DIAGNOSTIC,    45, -8.810822367668e-01, 2.968870103359e-05, 6.8224e+04, 1.2800e+03, 
 1DIAGNOSTIC,    46, -8.812347650528e-01, 2.609752118587e-05, 6.9504e+04, 1.2800e+03, 
 1DIAGNOSTIC,    47, -8.813403844833e-01, 2.327747642994e-05, 7.0784e+04, 1.2800e+03, 
 1DIAGNOSTIC,    48, -8.814839124680e-01, 2.105347812176e-05, 7.1936e+04, 1.1520e+03, 
 1DIAGNOSTIC,    49, -8.815861344337e-01, 1.934170722961e-05, 7.3216e+04, 1.2800e+03, 
 1DIAGNOSTIC,    50, -8.817401528358e-01, 1.807883381844e-05, 7.4496e+04, 1.2800e+03, 
XXDIAGNOSTIC,Iteration,metricValue,convergenceValue,ITERATION_TIME_INDEX,SINCE_LAST
 1DIAGNOSTIC,     1, -8.580098152161e-01, 1.797693134862e+308, 8.4864e+04, 1.0368e+04, 
 1DIAGNOSTIC,     2, -8.591045141220e-01, 1.797693134862e+308, 9.4976e+04, 1.0112e+04, 
 1DIAGNOSTIC,     3, -8.607603907585e-01, 1.797693134862e+308, 1.0522e+05, 1.0240e+04, 
 1DIAGNOSTIC,     4, -8.624643683434e-01, 1.797693134862e+308, 1.1533e+05, 1.0112e+04, 
 1DIAGNOSTIC,     5, -8.642562627792e-01, 1.797693134862e+308, 1.2544e+05, 1.0112e+04, 
 1DIAGNOSTIC,     6, -8.659826517105e-01, 1.797693134862e+308, 1.3555e+05, 1.0112e+04, 
 1DIAGNOSTIC,     7, -8.675824999809e-01, 1.797693134862e+308, 1.4566e+05, 1.0112e+04, 
 1DIAGNOSTIC,     8, -8.690435886383e-01, 1.797693134862e+308, 1.5578e+05, 1.0112e+04, 
 1DIAGNOSTIC,     9, -8.703255653381e-01, 1.797693134862e+308, 1.6602e+05, 1.0240e+04, 
 1DIAGNOSTIC,    10, -8.715457916260e-01, 1.049086451530e-03, 1.7613e+05, 1.0112e+04, 
 1DIAGNOSTIC,    11, -8.727452158928e-01, 9.306371212006e-04, 1.8637e+05, 1.0240e+04, 
 1DIAGNOSTIC,    12, -8.738845586777e-01, 8.089616894722e-04, 1.9661e+05, 1.0240e+04, 
 1DIAGNOSTIC,    13, -8.748769164085e-01, 6.993114948273e-04, 2.0672e+05, 1.0112e+04, 
 1DIAGNOSTIC,    14, -8.759325742722e-01, 6.059706211090e-04, 2.1670e+05, 9.9840e+03, 
 1DIAGNOSTIC,    15, -8.767833113670e-01, 5.269870162010e-04, 2.2656e+05, 9.8560e+03, 
 1DIAGNOSTIC,    16, -8.775730133057e-01, 4.606246948242e-04, 2.3642e+05, 9.8560e+03, 
 1DIAGNOSTIC,    17, -8.782156705856e-01, 4.025064408779e-04, 2.4627e+05, 9.8560e+03, 
 1DIAGNOSTIC,    18, -8.788020014763e-01, 3.506578505039e-04, 2.5626e+05, 9.9840e+03, 
 1DIAGNOSTIC,    19, -8.793742656708e-01, 3.034695982933e-04, 2.6662e+05, 1.0368e+04, 
 1DIAGNOSTIC,    20, -8.799662590027e-01, 2.621822059155e-04, 2.7635e+05, 9.7280e+03, 
  Elapsed time (stage 0): 276480


Total elapsed time: 276480
-i /mnt/lustre/mathdugre/fast-interpolate/datasets/ds004513/derivatives/flint/ants/flint-vprec-single/sub-s037/ses-open/anat/10/1_Affine.nii.gz -o /mnt/lustre/mathdugre/fast-interpolate/datasets/ds004513/derivatives/flint/ants/flint-vprec-single/sub-s037/ses-open/anat/101/1_transformed.nii.gz -t /mnt/lustre/mathdugre/fast-interpolate/datasets/ds004513/derivatives/flint/ants/flint-vprec-single/sub-s037/ses-open/anat/101/1_1Warp.nii.gz -t /mnt/lustre/mathdugre/fast-interpolate/datasets/ds004513/derivatives/flint/ants/flint-vprec-single/sub-s037/ses-open/anat/101/1_0GenericAffine.mat
