---------------------
Experiment information

SIF_IMG: /mnt/lustre/mathdugre/containers/ants-flint-base.simg
SIF_IMG_BASE: /mnt/lustre/mathdugre/containers/ants-flint-base.simg
EXPERIMENT_NAME: flint-vprec-single
STAGE: rigid
SUBJECT_ID: s036
REPETITION_ID: 1

FIXED_IMG: /templateflow/tpl-MNI152NLin2009cAsym/tpl-MNI152NLin2009cAsym_res-01_desc-brain_T1w.nii.gz
INPUT_IMG: /mnt/lustre/mathdugre/fast-interpolate/datasets/ds004513/derivatives/fsl/fast/sub-s036/ses-open/anat/BrainExtractionBrain_seg.nii.gz

DATA_DIR: /mnt/lustre/mathdugre/fast-interpolate/datasets/ds004513
OUTPUT_DIR: /mnt/lustre/mathdugre/fast-interpolate/datasets/ds004513/derivatives/flint/ants/flint-vprec-single/sub-s036/ses-open/anat
OUTPUT_PREFIX: 0
THREAD: 1
FLOAT: 0
VFC_BACKENDS: ieee
---------------------

--output [/mnt/lustre/mathdugre/fast-interpolate/datasets/ds004513/derivatives/flint/ants/flint-vprec-single/sub-s036/ses-open/anat/0/1_,/mnt/lustre/mathdugre/fast-interpolate/datasets/ds004513/derivatives/flint/ants/flint-vprec-single/sub-s036/ses-open/anat/0/1_Rigid.nii.gz,/mnt/lustre/mathdugre/fast-interpolate/datasets/ds004513/derivatives/flint/ants/flint-vprec-single/sub-s036/ses-open/anat/0/1_InverseRigid.nii.gz] --initial-moving-transform [/templateflow/tpl-MNI152NLin2009cAsym/tpl-MNI152NLin2009cAsym_res-01_desc-brain_T1w.nii.gz,/mnt/lustre/mathdugre/fast-interpolate/datasets/ds004513/derivatives/fsl/fast/sub-s036/ses-open/anat/BrainExtractionBrain_seg.nii.gz,1] --transform Rigid[0.1] --metric MI[/templateflow/tpl-MNI152NLin2009cAsym/tpl-MNI152NLin2009cAsym_res-01_desc-brain_T1w.nii.gz,/mnt/lustre/mathdugre/fast-interpolate/datasets/ds004513/derivatives/fsl/fast/sub-s036/ses-open/anat/BrainExtractionBrain_seg.nii.gz,1,32,Regular,0.25] --convergence [1000x500x250x100,1e-6,10] --shrink-factors 8x4x2x1 --smoothing-sigmas 3x2x1x0vox
All_Command_lines_OK
Using double precision for computations.
=============================================================================
The composite transform comprises the following transforms (in order): 
  1. Center of mass alignment using fixed image: /templateflow/tpl-MNI152NLin2009cAsym/tpl-MNI152NLin2009cAsym_res-01_desc-brain_T1w.nii.gz and moving image: /mnt/lustre/mathdugre/fast-interpolate/datasets/ds004513/derivatives/fsl/fast/sub-s036/ses-open/anat/BrainExtractionBrain_seg.nii.gz (type = Euler3DTransform)
=============================================================================
  number of levels = 4
  fixed image: /templateflow/tpl-MNI152NLin2009cAsym/tpl-MNI152NLin2009cAsym_res-01_desc-brain_T1w.nii.gz
  moving image: /mnt/lustre/mathdugre/fast-interpolate/datasets/ds004513/derivatives/fsl/fast/sub-s036/ses-open/anat/BrainExtractionBrain_seg.nii.gz
Dimension = 3
Number of stages = 1
Use histogram matching = false
Winsorize image intensities = true
  Lower quantile = 0.005
  Upper quantile = 0.995


Stage 1 State
   Image metric = MattesMI
     Fixed image = Image (0x55d5412cff10)
  RTTI typeinfo:   itk::Image<double, 3u>
  Reference Count: 2
  Modified Time: 1622
  Debug: Off
  Object Name: 
  Observers: 
    none
  Source: (none)
  Source output name: (none)
  Release Data: Off
  Data Released: False
  Global Release Data: Off
  PipelineMTime: 0
  UpdateMTime: 1407
  RealTimeStamp: 0 seconds 
  LargestPossibleRegion: 
    Dimension: 3
    Index: [0, 0, 0]
    Size: [193, 229, 193]
  BufferedRegion: 
    Dimension: 3
    Index: [0, 0, 0]
    Size: [193, 229, 193]
  RequestedRegion: 
    Dimension: 3
    Index: [0, 0, 0]
    Size: [193, 229, 193]
  Spacing: [1, 1, 1]
  Origin: [96, 132, -78]
  Direction: 
-1 0 0
0 -1 0
0 0 1

  IndexToPointMatrix: 
-1 0 0
0 -1 0
0 0 1

  PointToIndexMatrix: 
-1 0 0
0 -1 0
0 0 1

  Inverse Direction: 
-1 0 0
0 -1 0
0 0 1

  PixelContainer: 
    ImportImageContainer (0x55d5412e2910)
      RTTI typeinfo:   itk::ImportImageContainer<unsigned long, double>
      Reference Count: 1
      Modified Time: 1404
      Debug: Off
      Object Name: 
      Observers: 
        none
      Pointer: 0x7fc28bc87010
      Container manages memory: true
      Size: 8530021
      Capacity: 8530021

     Moving image = Image (0x55d5412d6d60)
  RTTI typeinfo:   itk::Image<double, 3u>
  Reference Count: 2
  Modified Time: 1623
  Debug: Off
  Object Name: 
  Observers: 
    none
  Source: (none)
  Source output name: (none)
  Release Data: Off
  Data Released: False
  Global Release Data: Off
  PipelineMTime: 0
  UpdateMTime: 1620
  RealTimeStamp: 0 seconds 
  LargestPossibleRegion: 
    Dimension: 3
    Index: [0, 0, 0]
    Size: [160, 240, 256]
  BufferedRegion: 
    Dimension: 3
    Index: [0, 0, 0]
    Size: [160, 240, 256]
  RequestedRegion: 
    Dimension: 3
    Index: [0, 0, 0]
    Size: [160, 240, 256]
  Spacing: [1, 1, 1]
  Origin: [79.8347, 99.8062, -127]
  Direction: 
-0.99945 -0.0331552 0
0.0331552 -0.99945 0
0 0 1

  IndexToPointMatrix: 
-0.99945 -0.0331552 0
0.0331552 -0.99945 0
0 0 1

  PointToIndexMatrix: 
-0.99945 0.0331552 0
-0.0331552 -0.99945 0
0 0 1

  Inverse Direction: 
-0.99945 0.0331552 0
-0.0331552 -0.99945 0
0 0 1

  PixelContainer: 
    ImportImageContainer (0x55d54131a930)
      RTTI typeinfo:   itk::ImportImageContainer<unsigned long, double>
      Reference Count: 1
      Modified Time: 1617
      Debug: Off
      Object Name: 
      Observers: 
        none
      Pointer: 0x7fc287186010
      Container manages memory: true
      Size: 9830400
      Capacity: 9830400

     Weighting = 1
     Sampling strategy = regular
     Number of bins = 32
     Radius = 4
     Sampling percentage  = 0.25
   Transform = Rigid
     Gradient step = 0.1
     Update field sigma (voxel space) = 0
     Total field sigma (voxel space) = 0
     Update field time sigma = 0
     Total field time sigma  = 0
     Number of time indices = 0
     Number of time point samples = 0
Registration using 1 total stages.

Stage 0
  iterations = 1000x500x250x100
  convergence threshold = 1e-06
  convergence window size = 10
  number of levels = 4
  using the Mattes MI metric (number of bins = 32, weight = 1, use gradient filter = 0)
  preprocessing:  winsorizing the image intensities
  Shrink factors (level 1 out of 4): [8, 8, 8]
  Shrink factors (level 2 out of 4): [4, 4, 4]
  Shrink factors (level 3 out of 4): [2, 2, 2]
  Shrink factors (level 4 out of 4): [1, 1, 1]
  smoothing sigmas per level: [3, 2, 1, 0]
  regular sampling (percentage = 0.25)

*** Running Euler3DTransform registration ***

DIAGNOSTIC,Iteration,metricValue,convergenceValue,ITERATION_TIME_INDEX,SINCE_LAST
 2DIAGNOSTIC,     1, -5.263705224710e-01, 1.797693134862e+308, 1.5664e+00, 1.5664e+00, 
 2DIAGNOSTIC,     2, -5.278227831404e-01, 1.797693134862e+308, 1.5764e+00, 1.0009e-02, 
 2DIAGNOSTIC,     3, -5.297709085053e-01, 1.797693134862e+308, 1.5886e+00, 1.2242e-02, 
 2DIAGNOSTIC,     4, -5.316211759764e-01, 1.797693134862e+308, 1.5992e+00, 1.0584e-02, 
 2DIAGNOSTIC,     5, -5.330238560644e-01, 1.797693134862e+308, 1.6085e+00, 9.2831e-03, 
 2DIAGNOSTIC,     6, -5.363193641115e-01, 1.797693134862e+308, 1.6193e+00, 1.0817e-02, 
 2DIAGNOSTIC,     7, -5.458699600809e-01, 1.797693134862e+308, 1.6286e+00, 9.3119e-03, 
 2DIAGNOSTIC,     8, -5.491392829893e-01, 1.797693134862e+308, 1.6396e+00, 1.0996e-02, 
 2DIAGNOSTIC,     9, -5.563361726429e-01, 1.797693134862e+308, 1.6559e+00, 1.6224e-02, 
 2DIAGNOSTIC,    10, -5.570687087781e-01, 4.029303567791e-03, 1.6689e+00, 1.3028e-02, 
 2DIAGNOSTIC,    11, -5.579348117293e-01, 3.843188006214e-03, 1.6783e+00, 9.4409e-03, 
 2DIAGNOSTIC,    12, -5.593905732529e-01, 3.467585460613e-03, 1.6877e+00, 9.3858e-03, 
 2DIAGNOSTIC,    13, -5.600522457043e-01, 2.939136833579e-03, 1.6971e+00, 9.3908e-03, 
 2DIAGNOSTIC,    14, -5.603747738060e-01, 2.304099075866e-03, 1.7066e+00, 9.4490e-03, 
 2DIAGNOSTIC,    15, -5.611876580606e-01, 1.624775013063e-03, 1.7172e+00, 1.0652e-02, 
 2DIAGNOSTIC,    16, -5.620284298291e-01, 1.013391743247e-03, 1.7290e+00, 1.1744e-02, 
 2DIAGNOSTIC,    17, -5.624203833438e-01, 6.850541610581e-04, 1.7395e+00, 1.0521e-02, 
 2DIAGNOSTIC,    18, -5.626246620371e-01, 4.255650264424e-04, 1.7500e+00, 1.0489e-02, 
 2DIAGNOSTIC,    19, -5.627476768279e-01, 3.544540127840e-04, 1.7605e+00, 1.0535e-02, 
 2DIAGNOSTIC,    20, -5.627782132835e-01, 2.773440032576e-04, 1.7698e+00, 9.3451e-03, 
 2DIAGNOSTIC,    21, -5.628949240935e-01, 2.051610664916e-04, 1.7807e+00, 1.0895e-02, 
 2DIAGNOSTIC,    22, -5.635619055252e-01, 1.700962234503e-04, 1.7916e+00, 1.0826e-02, 
 2DIAGNOSTIC,    23, -5.638735260444e-01, 1.439837564700e-04, 1.8024e+00, 1.0833e-02, 
 2DIAGNOSTIC,    24, -5.639804397593e-01, 1.157569217129e-04, 1.8120e+00, 9.5909e-03, 
 2DIAGNOSTIC,    25, -5.646439970773e-01, 1.093284552000e-04, 1.8232e+00, 1.1262e-02, 
 2DIAGNOSTIC,    26, -5.659315768053e-01, 1.348060022773e-04, 1.8386e+00, 1.5372e-02, 
 2DIAGNOSTIC,    27, -5.658190079998e-01, 1.502634962676e-04, 1.8495e+00, 1.0878e-02, 
 2DIAGNOSTIC,    28, -5.659982591446e-01, 1.579342846276e-04, 1.8603e+00, 1.0803e-02, 
 2DIAGNOSTIC,    29, -5.662767944854e-01, 1.577219840373e-04, 1.8710e+00, 1.0746e-02, 
 2DIAGNOSTIC,    30, -5.662593352770e-01, 1.427060060919e-04, 1.8807e+00, 9.6231e-03, 
 2DIAGNOSTIC,    31, -5.662351869170e-01, 1.163022708164e-04, 1.8903e+00, 9.6302e-03, 
 2DIAGNOSTIC,    32, -5.664850211548e-01, 9.538605786285e-05, 1.9003e+00, 1.0003e-02, 
 2DIAGNOSTIC,    33, -5.678580208823e-01, 9.311971034023e-05, 1.9134e+00, 1.3053e-02, 
 2DIAGNOSTIC,    34, -5.680156592560e-01, 8.550975993719e-05, 1.9227e+00, 9.3431e-03, 
 2DIAGNOSTIC,    35, -5.684608937430e-01, 8.618897596659e-05, 1.9320e+00, 9.3379e-03, 
 2DIAGNOSTIC,    36, -5.689683499470e-01, 1.044533878320e-04, 1.9414e+00, 9.3591e-03, 
 2DIAGNOSTIC,    37, -5.708941088609e-01, 1.365802100036e-04, 1.9568e+00, 1.5394e-02, 
 2DIAGNOSTIC,    38, -5.709404107452e-01, 1.560786216876e-04, 1.9661e+00, 9.3420e-03, 
 2DIAGNOSTIC,    39, -5.712087774199e-01, 1.672314595897e-04, 1.9754e+00, 9.2649e-03, 
 2DIAGNOSTIC,    40, -5.715873466611e-01, 1.670573843141e-04, 1.9848e+00, 9.3899e-03, 
 2DIAGNOSTIC,    41, -5.739234507457e-01, 1.795365059434e-04, 1.9977e+00, 1.2943e-02, 
 2DIAGNOSTIC,    42, -5.746973714711e-01, 1.852443354473e-04, 2.0071e+00, 9.3420e-03, 
 2DIAGNOSTIC,    43, -5.750562132035e-01, 1.936590344722e-04, 2.0176e+00, 1.0552e-02, 
 2DIAGNOSTIC,    44, -5.757075374628e-01, 1.932201600011e-04, 2.0270e+00, 9.3780e-03, 
 2DIAGNOSTIC,    45, -5.758345236534e-01, 1.807560038109e-04, 2.0404e+00, 1.3421e-02, 
 2DIAGNOSTIC,    46, -5.762529506142e-01, 1.609048516466e-04, 2.0497e+00, 9.3260e-03, 
 2DIAGNOSTIC,    47, -5.783442755066e-01, 1.697100386641e-04, 2.0607e+00, 1.0914e-02, 
 2DIAGNOSTIC,    48, -5.788220635450e-01, 1.671758479739e-04, 2.0711e+00, 1.0481e-02, 
 2DIAGNOSTIC,    49, -5.787515261024e-01, 1.512136457264e-04, 2.0804e+00, 9.2831e-03, 
 2DIAGNOSTIC,    50, -5.790618432928e-01, 1.282865166900e-04, 2.0909e+00, 1.0495e-02, 
 2DIAGNOSTIC,    51, -5.796808289838e-01, 1.230795391797e-04, 2.1014e+00, 1.0461e-02, 
 2DIAGNOSTIC,    52, -5.802222733225e-01, 1.185837023014e-04, 2.1130e+00, 1.1652e-02, 
 2DIAGNOSTIC,    53, -5.813706586846e-01, 1.170187017390e-04, 2.1222e+00, 9.1810e-03, 
 2DIAGNOSTIC,    54, -5.818837893016e-01, 1.153810350786e-04, 2.1314e+00, 9.2020e-03, 
 2DIAGNOSTIC,    55, -5.829169147845e-01, 1.136138143494e-04, 2.1436e+00, 1.2185e-02, 
 2DIAGNOSTIC,    56, -5.836358252616e-01, 1.106247733516e-04, 2.1539e+00, 1.0315e-02, 
 2DIAGNOSTIC,    57, -5.853194245849e-01, 1.302824348963e-04, 2.1641e+00, 1.0220e-02, 
 2DIAGNOSTIC,    58, -5.855455241103e-01, 1.426194829518e-04, 2.1802e+00, 1.6070e-02, 
 2DIAGNOSTIC,    59, -5.855493165801e-01, 1.404405954984e-04, 2.1892e+00, 9.0370e-03, 
 2DIAGNOSTIC,    60, -5.856713540022e-01, 1.286397581851e-04, 2.1982e+00, 8.9829e-03, 
 2DIAGNOSTIC,    61, -5.858110696156e-01, 1.110400340202e-04, 2.2072e+00, 8.9729e-03, 
 2DIAGNOSTIC,    62, -5.859280087609e-01, 8.836908048186e-05, 2.2161e+00, 8.9331e-03, 
 2DIAGNOSTIC,    63, -5.860462074634e-01, 6.807138258069e-05, 2.2262e+00, 1.0082e-02, 
 2DIAGNOSTIC,    64, -5.863615098619e-01, 4.845923923341e-05, 2.2352e+00, 8.9731e-03, 
 2DIAGNOSTIC,    65, -5.868185313033e-01, 3.630275565196e-05, 2.2441e+00, 8.9531e-03, 
 2DIAGNOSTIC,    66, -5.873829495993e-01, 3.039069822362e-05, 2.2554e+00, 1.1283e-02, 
 2DIAGNOSTIC,    67, -5.874459997945e-01, 3.473288116073e-05, 2.2667e+00, 1.1290e-02, 
 2DIAGNOSTIC,    68, -5.874786022394e-01, 3.763922778316e-05, 2.2769e+00, 1.0172e-02, 
 2DIAGNOSTIC,    69, -5.873901663386e-01, 3.627719599389e-05, 2.2860e+00, 9.1479e-03, 
 2DIAGNOSTIC,    70, -5.886686973183e-01, 4.144681195243e-05, 2.2978e+00, 1.1721e-02, 
 2DIAGNOSTIC,    71, -5.894561278438e-01, 4.871797836959e-05, 2.3068e+00, 9.0549e-03, 
 2DIAGNOSTIC,    72, -5.895886136605e-01, 5.282927492829e-05, 2.3169e+00, 1.0133e-02, 
 2DIAGNOSTIC,    73, -5.899951100264e-01, 5.557654879897e-05, 2.3274e+00, 1.0427e-02, 
 2DIAGNOSTIC,    74, -5.902135560956e-01, 5.648719100708e-05, 2.3403e+00, 1.2966e-02, 
 2DIAGNOSTIC,    75, -5.915985030003e-01, 6.395204939493e-05, 2.3496e+00, 9.3091e-03, 
 2DIAGNOSTIC,    76, -5.924704760683e-01, 7.416038926526e-05, 2.3588e+00, 9.1491e-03, 
 2DIAGNOSTIC,    77, -5.933161537365e-01, 8.290205823138e-05, 2.3681e+00, 9.2580e-03, 
 2DIAGNOSTIC,    78, -5.944448196162e-01, 9.105929082290e-05, 2.3776e+00, 9.5398e-03, 
 2DIAGNOSTIC,    79, -5.964850320599e-01, 1.022642780882e-04, 2.3931e+00, 1.5531e-02, 
 2DIAGNOSTIC,    80, -5.975162584678e-01, 1.172427619341e-04, 2.4031e+00, 1.0023e-02, 
 2DIAGNOSTIC,    81, -5.975853360265e-01, 1.257777788671e-04, 2.4132e+00, 1.0016e-02, 
 2DIAGNOSTIC,    82, -5.974665443741e-01, 1.222867430102e-04, 2.4231e+00, 9.9571e-03, 
 2DIAGNOSTIC,    83, -5.974540332299e-01, 1.095617685759e-04, 2.4319e+00, 8.7411e-03, 
 2DIAGNOSTIC,    84, -5.974473466754e-01, 8.751622087867e-05, 2.4407e+00, 8.8019e-03, 
 2DIAGNOSTIC,    85, -5.974347765332e-01, 6.546127597530e-05, 2.4494e+00, 8.7309e-03, 
 2DIAGNOSTIC,    86, -5.973919751751e-01, 4.253513789956e-05, 2.4593e+00, 9.8932e-03, 
 2DIAGNOSTIC,    87, -5.975580702705e-01, 2.191164878365e-05, 2.4692e+00, 9.8858e-03, 
 2DIAGNOSTIC,    88, -5.976532055289e-01, 6.300152940073e-06, 2.4791e+00, 9.9289e-03, 
 2DIAGNOSTIC,    89, -5.977454377915e-01, 2.160543169981e-06, 2.4890e+00, 9.8979e-03, 
 2DIAGNOSTIC,    90, -5.982237965702e-01, 6.229088456667e-06, 2.5014e+00, 1.2431e-02, 
 2DIAGNOSTIC,    91, -5.983980646989e-01, 1.091785272786e-05, 2.5102e+00, 8.8170e-03, 
 2DIAGNOSTIC,    92, -5.985225317378e-01, 1.450684101911e-05, 2.5190e+00, 8.7950e-03, 
 2DIAGNOSTIC,    93, -5.987349166942e-01, 1.772519294920e-05, 2.5278e+00, 8.7349e-03, 
 2DIAGNOSTIC,    94, -5.989327957749e-01, 2.018106911237e-05, 2.5377e+00, 9.9370e-03, 
 2DIAGNOSTIC,    95, -5.992185293051e-01, 2.205591637082e-05, 2.5476e+00, 9.9180e-03, 
 2DIAGNOSTIC,    96, -5.993149152443e-01, 2.201554163051e-05, 2.5563e+00, 8.7070e-03, 
 2DIAGNOSTIC,    97, -5.993263269548e-01, 2.081465408153e-05, 2.5662e+00, 9.8450e-03, 
 2DIAGNOSTIC,    98, -5.993736951205e-01, 1.840809002602e-05, 2.5772e+00, 1.1035e-02, 
 2DIAGNOSTIC,    99, -5.993332864152e-01, 1.448905220056e-05, 2.5887e+00, 1.1503e-02, 
 2DIAGNOSTIC,   100, -5.993633246679e-01, 1.176528739699e-05, 2.5993e+00, 1.0567e-02, 
 2DIAGNOSTIC,   101, -5.993850487368e-01, 8.940558017607e-06, 2.6085e+00, 9.1760e-03, 
 2DIAGNOSTIC,   102, -5.994388464557e-01, 6.196120933074e-06, 2.6198e+00, 1.1335e-02, 
 2DIAGNOSTIC,   103, -5.994433182338e-01, 3.963968979051e-06, 2.6287e+00, 8.8770e-03, 
 2DIAGNOSTIC,   104, -5.994494948594e-01, 2.362051627451e-06, 2.6375e+00, 8.7950e-03, 
 2DIAGNOSTIC,   105, -5.995787725419e-01, 2.529648849050e-06, 2.6486e+00, 1.1147e-02, 
 2DIAGNOSTIC,   106, -5.999537447664e-01, 4.643101637983e-06, 2.6783e+00, 2.9662e-02, 
 2DIAGNOSTIC,   107, -5.999537446404e-01, 6.295896302532e-06, 2.6873e+00, 8.9781e-03, 
 2DIAGNOSTIC,   108, -5.999537520877e-01, 7.589604982504e-06, 2.6961e+00, 8.8830e-03, 
 2DIAGNOSTIC,   109, -5.999537646787e-01, 7.997065343549e-06, 2.7049e+00, 8.7910e-03, 
 2DIAGNOSTIC,   110, -5.999537859636e-01, 7.769705741408e-06, 2.7137e+00, 8.7621e-03, 
 2DIAGNOSTIC,   111, -5.999538219381e-01, 6.882659208996e-06, 2.7224e+00, 8.6908e-03, 
 2DIAGNOSTIC,   112, -5.999538827190e-01, 5.612445144966e-06, 2.7311e+00, 8.6951e-03, 
 2DIAGNOSTIC,   113, -5.999539853520e-01, 3.902422668256e-06, 2.7418e+00, 1.0757e-02, 
 2DIAGNOSTIC,   114, -5.999541584845e-01, 1.904223199583e-06, 2.7517e+00, 9.8271e-03, 
DIAGNOSTIC,Iteration,metricValue,convergenceValue,ITERATION_TIME_INDEX,SINCE_LAST
 2DIAGNOSTIC,     1, -4.882441107193e-01, 1.797693134862e+308, 4.4028e+00, 1.6511e+00, 
 2DIAGNOSTIC,     2, -4.888348932621e-01, 1.797693134862e+308, 4.5013e+00, 9.8481e-02, 
 2DIAGNOSTIC,     3, -4.898638113142e-01, 1.797693134862e+308, 4.5999e+00, 9.8576e-02, 
 2DIAGNOSTIC,     4, -4.905970283235e-01, 1.797693134862e+308, 4.6979e+00, 9.8049e-02, 
 2DIAGNOSTIC,     5, -4.913390216467e-01, 1.797693134862e+308, 4.7958e+00, 9.7929e-02, 
 2DIAGNOSTIC,     6, -4.918632909597e-01, 1.797693134862e+308, 4.8938e+00, 9.7939e-02, 
 2DIAGNOSTIC,     7, -4.930033379562e-01, 1.797693134862e+308, 5.0357e+00, 1.4189e-01, 
 2DIAGNOSTIC,     8, -4.931202862281e-01, 1.797693134862e+308, 5.1480e+00, 1.1237e-01, 
 2DIAGNOSTIC,     9, -4.931193501862e-01, 1.797693134862e+308, 5.2460e+00, 9.7986e-02, 
 2DIAGNOSTIC,    10, -4.932244622131e-01, 7.100405594171e-04, 5.3591e+00, 1.1307e-01, 
 2DIAGNOSTIC,    11, -4.934632937689e-01, 5.472323894577e-04, 5.5007e+00, 1.4159e-01, 
 2DIAGNOSTIC,    12, -4.935738906138e-01, 3.949210141508e-04, 5.6131e+00, 1.1247e-01, 
 2DIAGNOSTIC,    13, -4.935784861171e-01, 2.762866725776e-04, 5.7258e+00, 1.1270e-01, 
 2DIAGNOSTIC,    14, -4.935895249082e-01, 1.808285451173e-04, 5.8381e+00, 1.1223e-01, 
 2DIAGNOSTIC,    15, -4.935865341140e-01, 1.102769142287e-04, 5.9358e+00, 9.7701e-02, 
 2DIAGNOSTIC,    16, -4.935931071830e-01, 5.651947529089e-05, 6.0490e+00, 1.1320e-01, 
 2DIAGNOSTIC,    17, -4.935884499323e-01, 4.249440854672e-05, 6.1754e+00, 1.2640e-01, 
 2DIAGNOSTIC,    18, -4.935812548743e-01, 2.995444084132e-05, 6.2875e+00, 1.1209e-01, 
 2DIAGNOSTIC,    19, -4.935736084202e-01, 1.591838122722e-05, 6.3849e+00, 9.7396e-02, 
 2DIAGNOSTIC,    20, -4.935666714329e-01, 4.643244053741e-06, 6.4831e+00, 9.8203e-02, 
DIAGNOSTIC,Iteration,metricValue,convergenceValue,ITERATION_TIME_INDEX,SINCE_LAST
 2DIAGNOSTIC,     1, -4.227743893112e-01, 1.797693134862e+308, 8.8254e+00, 2.3423e+00, 
 2DIAGNOSTIC,     2, -4.228853613563e-01, 1.797693134862e+308, 9.5669e+00, 7.4153e-01, 
 2DIAGNOSTIC,     3, -4.229381082107e-01, 1.797693134862e+308, 1.0404e+01, 8.3747e-01, 
 2DIAGNOSTIC,     4, -4.229418456567e-01, 1.797693134862e+308, 1.1438e+01, 1.0333e+00, 
 2DIAGNOSTIC,     5, -4.229449923014e-01, 1.797693134862e+308, 1.2177e+01, 7.3973e-01, 
 2DIAGNOSTIC,     6, -4.229442280520e-01, 1.797693134862e+308, 1.2935e+01, 7.5796e-01, 
 2DIAGNOSTIC,     7, -4.229407791888e-01, 1.797693134862e+308, 1.3686e+01, 7.5061e-01, 
 2DIAGNOSTIC,     8, -4.229384178260e-01, 1.797693134862e+308, 1.4439e+01, 7.5317e-01, 
 2DIAGNOSTIC,     9, -4.229401833085e-01, 1.797693134862e+308, 1.5192e+01, 7.5239e-01, 
 2DIAGNOSTIC,    10, -4.229407579217e-01, 1.755228082427e-05, 1.5840e+01, 6.4857e-01, 
 2DIAGNOSTIC,    11, -4.229400721494e-01, 6.082177728114e-06, 1.6583e+01, 7.4292e-01, 
 2DIAGNOSTIC,    12, -4.229398698814e-01, 2.368735861749e-06, 1.7329e+01, 7.4569e-01, 
 2DIAGNOSTIC,    13, -4.229387544219e-01, 1.919614812010e-06, 1.8089e+01, 7.6045e-01, 
 2DIAGNOSTIC,    14, -4.229377525447e-01, 1.706166674206e-06, 1.8837e+01, 7.4817e-01, 
 2DIAGNOSTIC,    15, -4.229356697007e-01, 1.617830836256e-06, 1.9578e+01, 7.4046e-01, 
 2DIAGNOSTIC,    16, -4.229351065869e-01, 1.536730483948e-06, 2.0222e+01, 6.4463e-01, 
 2DIAGNOSTIC,    17, -4.229347246618e-01, 1.358592959674e-06, 2.0957e+01, 7.3460e-01, 
 2DIAGNOSTIC,    18, -4.229341790644e-01, 1.136787577974e-06, 2.1702e+01, 7.4530e-01, 
 2DIAGNOSTIC,    19, -4.229328534908e-01, 1.012410894972e-06, 2.2353e+01, 6.5060e-01, 
 2DIAGNOSTIC,    20, -4.229334395694e-01, 1.003159610012e-06, 2.3098e+01, 7.4543e-01, 
 2DIAGNOSTIC,    21, -4.229340265233e-01, 1.044844241786e-06, 2.3841e+01, 7.4267e-01, 
 2DIAGNOSTIC,    22, -4.229327294226e-01, 1.079756823584e-06, 2.4494e+01, 6.5289e-01, 
 2DIAGNOSTIC,    23, -4.229350211687e-01, 1.182121575412e-06, 2.5241e+01, 7.4694e-01, 
 2DIAGNOSTIC,    24, -4.229342183388e-01, 1.244185442513e-06, 2.5887e+01, 6.4656e-01, 
 2DIAGNOSTIC,    25, -4.229381623540e-01, 1.359607620516e-06, 2.6623e+01, 7.3589e-01, 
 2DIAGNOSTIC,    26, -4.229385770575e-01, 1.451282339811e-06, 2.7355e+01, 7.3144e-01, 
 2DIAGNOSTIC,    27, -4.229393808118e-01, 1.526272472886e-06, 2.8088e+01, 7.3358e-01, 
 2DIAGNOSTIC,    28, -4.229384014167e-01, 1.528158436598e-06, 2.8818e+01, 7.3016e-01, 
 2DIAGNOSTIC,    29, -4.229380035335e-01, 1.453034019369e-06, 2.9558e+01, 7.3985e-01, 
 2DIAGNOSTIC,    30, -4.229377763007e-01, 1.356220443623e-06, 3.0399e+01, 8.4107e-01, 
 2DIAGNOSTIC,    31, -4.229371814835e-01, 1.237749858191e-06, 3.1136e+01, 7.3646e-01, 
 2DIAGNOSTIC,    32, -4.229365829309e-01, 1.066515028569e-06, 3.1865e+01, 7.2937e-01, 
DIAGNOSTIC,Iteration,metricValue,convergenceValue,ITERATION_TIME_INDEX,SINCE_LAST
 2DIAGNOSTIC,     1, -3.849747241769e-01, 1.797693134862e+308, 3.7025e+01, 5.1600e+00, 
 2DIAGNOSTIC,     2, -3.850405130649e-01, 1.797693134862e+308, 4.1672e+01, 4.6468e+00, 
 2DIAGNOSTIC,     3, -3.850913475192e-01, 1.797693134862e+308, 4.6254e+01, 4.5816e+00, 
 2DIAGNOSTIC,     4, -3.851067328375e-01, 1.797693134862e+308, 5.0855e+01, 4.6011e+00, 
 2DIAGNOSTIC,     5, -3.851258401763e-01, 1.797693134862e+308, 6.1582e+01, 1.0727e+01, 
 2DIAGNOSTIC,     6, -3.851257951072e-01, 1.797693134862e+308, 6.6189e+01, 4.6070e+00, 
 2DIAGNOSTIC,     7, -3.851257578345e-01, 1.797693134862e+308, 7.0798e+01, 4.6087e+00, 
 2DIAGNOSTIC,     8, -3.851257065379e-01, 1.797693134862e+308, 7.4837e+01, 4.0388e+00, 
 2DIAGNOSTIC,     9, -3.851257681643e-01, 1.797693134862e+308, 7.9451e+01, 4.6149e+00, 
 2DIAGNOSTIC,    10, -3.851257648111e-01, 2.226007541214e-05, 8.4061e+01, 4.6097e+00, 
 2DIAGNOSTIC,    11, -3.851256889025e-01, 1.151606289934e-05, 8.9251e+01, 5.1896e+00, 
 2DIAGNOSTIC,    12, -3.851255663194e-01, 5.769290091842e-06, 9.3322e+01, 4.0713e+00, 
 2DIAGNOSTIC,    13, -3.851253025912e-01, 3.484214241359e-06, 9.7957e+01, 4.6351e+00, 
 2DIAGNOSTIC,    14, -3.851252139071e-01, 2.209013742691e-06, 1.0260e+02, 4.6396e+00, 
 2DIAGNOSTIC,    15, -3.851250933037e-01, 2.043652529329e-06, 1.0667e+02, 4.0702e+00, 
 2DIAGNOSTIC,    16, -3.851249186961e-01, 1.895961194834e-06, 1.1296e+02, 6.2978e+00, 
 2DIAGNOSTIC,    17, -3.851249341456e-01, 1.773521248367e-06, 1.1756e+02, 4.5946e+00, 
 2DIAGNOSTIC,    18, -3.851247672214e-01, 1.664673168908e-06, 1.2217e+02, 4.6074e+00, 
 2DIAGNOSTIC,    19, -3.851245990387e-01, 1.572740641449e-06, 1.2735e+02, 5.1813e+00, 
 2DIAGNOSTIC,    20, -3.851246024743e-01, 1.499530513885e-06, 1.3196e+02, 4.6155e+00, 
 2DIAGNOSTIC,    21, -3.851245174895e-01, 1.436026420047e-06, 1.3603e+02, 4.0653e+00, 
 2DIAGNOSTIC,    22, -3.851244348494e-01, 1.378944600623e-06, 1.4065e+02, 4.6202e+00, 
 2DIAGNOSTIC,    23, -3.851244416947e-01, 1.324950548637e-06, 1.4526e+02, 4.6142e+00, 
 2DIAGNOSTIC,    24, -3.851243630480e-01, 1.275836401228e-06, 1.4931e+02, 4.0453e+00, 
 2DIAGNOSTIC,    25, -3.851242027280e-01, 1.227146432199e-06, 1.5393e+02, 4.6262e+00, 
 2DIAGNOSTIC,    26, -3.851239571110e-01, 1.174541773979e-06, 1.5854e+02, 4.6059e+00, 
 2DIAGNOSTIC,    27, -3.851238813503e-01, 1.129023338535e-06, 1.6372e+02, 5.1836e+00, 
 2DIAGNOSTIC,    28, -3.851237998964e-01, 1.084860922998e-06, 1.6837e+02, 4.6424e+00, 
 2DIAGNOSTIC,    29, -3.851237159913e-01, 1.042087757606e-06, 1.7244e+02, 4.0701e+00, 
 2DIAGNOSTIC,    30, -3.851237235961e-01, 1.007761578430e-06, 1.7708e+02, 4.6434e+00, 
  Elapsed time (stage 0): 1.7946e+02


Total elapsed time: 1.7946e+02
-i /mnt/lustre/mathdugre/fast-interpolate/datasets/ds004513/derivatives/fsl/fast/sub-s036/ses-open/anat/BrainExtractionBrain_seg.nii.gz -o /mnt/lustre/mathdugre/fast-interpolate/datasets/ds004513/derivatives/flint/ants/flint-vprec-single/sub-s036/ses-open/anat/0/1_transformed.nii.gz -t /mnt/lustre/mathdugre/fast-interpolate/datasets/ds004513/derivatives/flint/ants/flint-vprec-single/sub-s036/ses-open/anat/0/1_0GenericAffine.mat
