---------------------
Experiment information

SIF_IMG: /mnt/lustre/mathdugre/containers/ants-flint-base.simg
SIF_IMG_BASE: /mnt/lustre/mathdugre/containers/ants-flint-base.simg
EXPERIMENT_NAME: flint-vprec-single-five-levels
STAGE: syn
SUBJECT_ID: s020
REPETITION_ID: 1

FIXED_IMG: /templateflow/tpl-MNI152NLin2009cAsym/tpl-MNI152NLin2009cAsym_res-01_desc-brain_T1w.nii.gz
INPUT_IMG: /mnt/lustre/mathdugre/fast-interpolate/datasets/ds004513/derivatives/flint/ants/flint-vprec-single-five-levels/sub-s020/ses-open/anat/00/1_Affine.nii.gz

DATA_DIR: /mnt/lustre/mathdugre/fast-interpolate/datasets/ds004513
OUTPUT_DIR: /mnt/lustre/mathdugre/fast-interpolate/datasets/ds004513/derivatives/flint/ants/flint-vprec-single-five-levels/sub-s020/ses-open/anat
OUTPUT_PREFIX: 000
THREAD: 1
FLOAT: 0
VFC_BACKENDS: ieee
---------------------

--output [/mnt/lustre/mathdugre/fast-interpolate/datasets/ds004513/derivatives/flint/ants/flint-vprec-single-five-levels/sub-s020/ses-open/anat/000/1_,/mnt/lustre/mathdugre/fast-interpolate/datasets/ds004513/derivatives/flint/ants/flint-vprec-single-five-levels/sub-s020/ses-open/anat/000/1_Warped.nii.gz,/mnt/lustre/mathdugre/fast-interpolate/datasets/ds004513/derivatives/flint/ants/flint-vprec-single-five-levels/sub-s020/ses-open/anat/000/1_InverseSyN.nii.gz] --initial-moving-transform [/templateflow/tpl-MNI152NLin2009cAsym/tpl-MNI152NLin2009cAsym_res-01_desc-brain_T1w.nii.gz,/mnt/lustre/mathdugre/fast-interpolate/datasets/ds004513/derivatives/flint/ants/flint-vprec-single-five-levels/sub-s020/ses-open/anat/00/1_Affine.nii.gz,1] --transform SyN[ 0.1,3,0 ] --metric CC[/templateflow/tpl-MNI152NLin2009cAsym/tpl-MNI152NLin2009cAsym_res-01_desc-brain_T1w.nii.gz,/mnt/lustre/mathdugre/fast-interpolate/datasets/ds004513/derivatives/flint/ants/flint-vprec-single-five-levels/sub-s020/ses-open/anat/00/1_Affine.nii.gz,1,4] --convergence [100x100x70x50x20,1e-6,10] --shrink-factors 16x8x4x2x1 --smoothing-sigmas 4x3x2x1x0vox
All_Command_lines_OK
Using double precision for computations.
=============================================================================
The composite transform comprises the following transforms (in order): 
  1. Center of mass alignment using fixed image: /templateflow/tpl-MNI152NLin2009cAsym/tpl-MNI152NLin2009cAsym_res-01_desc-brain_T1w.nii.gz and moving image: /mnt/lustre/mathdugre/fast-interpolate/datasets/ds004513/derivatives/flint/ants/flint-vprec-single-five-levels/sub-s020/ses-open/anat/00/1_Affine.nii.gz (type = Euler3DTransform)
=============================================================================
  number of levels = 5
  fixed image: /templateflow/tpl-MNI152NLin2009cAsym/tpl-MNI152NLin2009cAsym_res-01_desc-brain_T1w.nii.gz
  moving image: /mnt/lustre/mathdugre/fast-interpolate/datasets/ds004513/derivatives/flint/ants/flint-vprec-single-five-levels/sub-s020/ses-open/anat/00/1_Affine.nii.gz
Dimension = 3
Number of stages = 1
Use histogram matching = false
Winsorize image intensities = true
  Lower quantile = 0.005
  Upper quantile = 0.995


Stage 1 State
   Image metric = CC
     Fixed image = Image (0x55b96e1e7d90)
  RTTI typeinfo:   itk::Image<double, 3u>
  Reference Count: 2
  Modified Time: 1622
  Debug: Off
  Object Name: 
  Observers: 
    none
  Source: (none)
  Source output name: (none)
  Release Data: Off
  Data Released: False
  Global Release Data: Off
  PipelineMTime: 0
  UpdateMTime: 1407
  RealTimeStamp: 0 seconds 
  LargestPossibleRegion: 
    Dimension: 3
    Index: [0, 0, 0]
    Size: [193, 229, 193]
  BufferedRegion: 
    Dimension: 3
    Index: [0, 0, 0]
    Size: [193, 229, 193]
  RequestedRegion: 
    Dimension: 3
    Index: [0, 0, 0]
    Size: [193, 229, 193]
  Spacing: [1, 1, 1]
  Origin: [96, 132, -78]
  Direction: 
-1 0 0
0 -1 0
0 0 1

  IndexToPointMatrix: 
-1 0 0
0 -1 0
0 0 1

  PointToIndexMatrix: 
-1 0 0
0 -1 0
0 0 1

  Inverse Direction: 
-1 0 0
0 -1 0
0 0 1

  PixelContainer: 
    ImportImageContainer (0x55b96e1f6250)
      RTTI typeinfo:   itk::ImportImageContainer<unsigned long, double>
      Reference Count: 1
      Modified Time: 1404
      Debug: Off
      Object Name: 
      Observers: 
        none
      Pointer: 0x7fcf9bb6c010
      Container manages memory: true
      Size: 8530021
      Capacity: 8530021

     Moving image = Image (0x55b96e1ee1f0)
  RTTI typeinfo:   itk::Image<double, 3u>
  Reference Count: 2
  Modified Time: 1623
  Debug: Off
  Object Name: 
  Observers: 
    none
  Source: (none)
  Source output name: (none)
  Release Data: Off
  Data Released: False
  Global Release Data: Off
  PipelineMTime: 0
  UpdateMTime: 1620
  RealTimeStamp: 0 seconds 
  LargestPossibleRegion: 
    Dimension: 3
    Index: [0, 0, 0]
    Size: [193, 229, 193]
  BufferedRegion: 
    Dimension: 3
    Index: [0, 0, 0]
    Size: [193, 229, 193]
  RequestedRegion: 
    Dimension: 3
    Index: [0, 0, 0]
    Size: [193, 229, 193]
  Spacing: [1, 1, 1]
  Origin: [96, 132, -78]
  Direction: 
-1 0 0
0 -1 0
0 0 1

  IndexToPointMatrix: 
-1 0 0
0 -1 0
0 0 1

  PointToIndexMatrix: 
-1 0 0
0 -1 0
0 0 1

  Inverse Direction: 
-1 0 0
0 -1 0
0 0 1

  PixelContainer: 
    ImportImageContainer (0x55b96e1faa60)
      RTTI typeinfo:   itk::ImportImageContainer<unsigned long, double>
      Reference Count: 1
      Modified Time: 1617
      Debug: Off
      Object Name: 
      Observers: 
        none
      Pointer: 0x7fcf97a57010
      Container manages memory: true
      Size: 8530021
      Capacity: 8530021

     Weighting = 1
     Sampling strategy = none
     Number of bins = 32
     Radius = 4
     Sampling percentage  = 1
   Transform = SyN
     Gradient step = 0.1
     Update field sigma (voxel space) = 3
     Total field sigma (voxel space) = 0
     Update field time sigma = 0
     Total field time sigma  = 0
     Number of time indices = 0
     Number of time point samples = 0
Registration using 1 total stages.

Stage 0
  iterations = 100x100x70x50x20
  convergence threshold = 1e-06
  convergence window size = 10
  number of levels = 5
  using the CC metric (radius = 4, weight = 1, use gradient filter = 0)
  preprocessing:  winsorizing the image intensities
  Shrink factors (level 1 out of 5): [16, 16, 16]
  Shrink factors (level 2 out of 5): [8, 8, 8]
  Shrink factors (level 3 out of 5): [4, 4, 4]
  Shrink factors (level 4 out of 5): [2, 2, 2]
  Shrink factors (level 5 out of 5): [1, 1, 1]
  smoothing sigmas per level: [4, 3, 2, 1, 0]
  Using default NONE metricSamplingStrategy 

*** Running SyN registration (varianceForUpdateField = 3, varianceForTotalField = 0) ***

XXDIAGNOSTIC,Iteration,metricValue,convergenceValue,ITERATION_TIME_INDEX,SINCE_LAST
 1DIAGNOSTIC,     1, -9.387500744838e-01, 1.797693134862e+308, 1.5030e+00, 1.5030e+00, 
 1DIAGNOSTIC,     2, -9.509614698931e-01, 1.797693134862e+308, 1.5914e+00, 8.8415e-02, 
 1DIAGNOSTIC,     3, -9.568708920693e-01, 1.797693134862e+308, 1.6793e+00, 8.7875e-02, 
 1DIAGNOSTIC,     4, -9.594325785761e-01, 1.797693134862e+308, 1.7671e+00, 8.7779e-02, 
 1DIAGNOSTIC,     5, -9.609578441399e-01, 1.797693134862e+308, 1.8551e+00, 8.8051e-02, 
 1DIAGNOSTIC,     6, -9.619239908112e-01, 1.797693134862e+308, 1.9432e+00, 8.8104e-02, 
 1DIAGNOSTIC,     7, -9.625950459509e-01, 1.797693134862e+308, 2.0317e+00, 8.8482e-02, 
 1DIAGNOSTIC,     8, -9.630316994961e-01, 1.797693134862e+308, 2.1201e+00, 8.8344e-02, 
 1DIAGNOSTIC,     9, -9.633916740990e-01, 1.797693134862e+308, 2.2084e+00, 8.8365e-02, 
 1DIAGNOSTIC,    10, -9.636621769493e-01, 1.241064266428e-03, 2.2972e+00, 8.8774e-02, 
 1DIAGNOSTIC,    11, -9.638691276625e-01, 6.146683472422e-04, 2.3859e+00, 8.8676e-02, 
 1DIAGNOSTIC,    12, -9.640294143131e-01, 3.407236850760e-04, 2.4745e+00, 8.8599e-02, 
 1DIAGNOSTIC,    13, -9.641535871881e-01, 2.149862729388e-04, 2.5631e+00, 8.8614e-02, 
 1DIAGNOSTIC,    14, -9.642509192300e-01, 1.436375888775e-04, 2.6516e+00, 8.8513e-02, 
 1DIAGNOSTIC,    15, -9.643293001781e-01, 1.002348421567e-04, 2.7401e+00, 8.8531e-02, 
 1DIAGNOSTIC,    16, -9.643944187849e-01, 7.213207323850e-05, 2.8287e+00, 8.8551e-02, 
 1DIAGNOSTIC,    17, -9.644485506626e-01, 5.339076376248e-05, 2.9173e+00, 8.8578e-02, 
 1DIAGNOSTIC,    18, -9.644932851755e-01, 3.978972903770e-05, 3.0058e+00, 8.8514e-02, 
 1DIAGNOSTIC,    19, -9.645293633593e-01, 3.019582895120e-05, 3.0943e+00, 8.8529e-02, 
 1DIAGNOSTIC,    20, -9.645585863648e-01, 2.329423119465e-05, 3.1831e+00, 8.8749e-02, 
 1DIAGNOSTIC,    21, -9.645821878889e-01, 1.823745171459e-05, 3.2717e+00, 8.8600e-02, 
 1DIAGNOSTIC,    22, -9.646007218274e-01, 1.445450129332e-05, 3.3602e+00, 8.8552e-02, 
 1DIAGNOSTIC,    23, -9.646149436106e-01, 1.154210132573e-05, 3.4492e+00, 8.9011e-02, 
 1DIAGNOSTIC,    24, -9.646256614068e-01, 9.236098253526e-06, 3.5384e+00, 8.9141e-02, 
 1DIAGNOSTIC,    25, -9.646334677996e-01, 7.379082395710e-06, 3.6285e+00, 9.0135e-02, 
 1DIAGNOSTIC,    26, -9.646389211307e-01, 5.883416900269e-06, 3.7177e+00, 8.9209e-02, 
 1DIAGNOSTIC,    27, -9.646424811055e-01, 4.683648399575e-06, 3.8068e+00, 8.9131e-02, 
 1DIAGNOSTIC,    28, -9.646452644167e-01, 3.734874954198e-06, 3.8955e+00, 8.8613e-02, 
 1DIAGNOSTIC,    29, -9.646473786278e-01, 2.990806784307e-06, 3.9840e+00, 8.8543e-02, 
 1DIAGNOSTIC,    30, -9.646486895943e-01, 2.414463743251e-06, 4.0731e+00, 8.9074e-02, 
 1DIAGNOSTIC,    31, -9.646495106016e-01, 1.977370865346e-06, 4.1623e+00, 8.9194e-02, 
 1DIAGNOSTIC,    32, -9.646500234623e-01, 1.651514194727e-06, 4.2513e+00, 8.9037e-02, 
 1DIAGNOSTIC,    33, -9.646502729698e-01, 1.411207221712e-06, 4.3401e+00, 8.8761e-02, 
 1DIAGNOSTIC,    34, -9.646504806571e-01, 1.236470918261e-06, 4.4287e+00, 8.8659e-02, 
 1DIAGNOSTIC,    35, -9.646512206353e-01, 1.114617922269e-06, 4.5177e+00, 8.8948e-02, 
 1DIAGNOSTIC,    36, -9.646515560196e-01, 1.027057326606e-06, 4.6069e+00, 8.9238e-02, 
 1DIAGNOSTIC,    37, -9.646517933258e-01, 9.607067575496e-07, 4.6966e+00, 8.9675e-02, 
XXDIAGNOSTIC,Iteration,metricValue,convergenceValue,ITERATION_TIME_INDEX,SINCE_LAST
 1DIAGNOSTIC,     1, -9.036569302351e-01, 1.797693134862e+308, 6.8440e+00, 2.1474e+00, 
 1DIAGNOSTIC,     2, -9.073296092614e-01, 1.797693134862e+308, 7.5823e+00, 7.3826e-01, 
 1DIAGNOSTIC,     3, -9.106481513209e-01, 1.797693134862e+308, 8.3186e+00, 7.3632e-01, 
 1DIAGNOSTIC,     4, -9.134137631815e-01, 1.797693134862e+308, 9.0577e+00, 7.3912e-01, 
 1DIAGNOSTIC,     5, -9.157454392760e-01, 1.797693134862e+308, 9.7973e+00, 7.3953e-01, 
 1DIAGNOSTIC,     6, -9.176021016059e-01, 1.797693134862e+308, 1.0537e+01, 7.4025e-01, 
 1DIAGNOSTIC,     7, -9.193020625438e-01, 1.797693134862e+308, 1.1277e+01, 7.3966e-01, 
 1DIAGNOSTIC,     8, -9.207350056588e-01, 1.797693134862e+308, 1.2017e+01, 7.3950e-01, 
 1DIAGNOSTIC,     9, -9.220109529142e-01, 1.797693134862e+308, 1.2758e+01, 7.4109e-01, 
 1DIAGNOSTIC,    10, -9.231730514061e-01, 1.322128453827e-03, 1.3498e+01, 7.4015e-01, 
 1DIAGNOSTIC,    11, -9.241680550358e-01, 1.030188927734e-03, 1.4238e+01, 7.3976e-01, 
 1DIAGNOSTIC,    12, -9.250282918746e-01, 8.107746933590e-04, 1.4983e+01, 7.4505e-01, 
 1DIAGNOSTIC,    13, -9.256912989027e-01, 6.461210400873e-04, 1.5726e+01, 7.4280e-01, 
 1DIAGNOSTIC,    14, -9.261206387188e-01, 5.164870790178e-04, 1.6471e+01, 7.4506e-01, 
 1DIAGNOSTIC,    15, -9.265788323219e-01, 4.143108782203e-04, 1.7214e+01, 7.4339e-01, 
 1DIAGNOSTIC,    16, -9.268452552761e-01, 3.276298854933e-04, 1.7958e+01, 7.4377e-01, 
 1DIAGNOSTIC,    17, -9.270623764197e-01, 2.556968198964e-04, 1.8701e+01, 7.4306e-01, 
 1DIAGNOSTIC,    18, -9.272465267089e-01, 1.958195414468e-04, 1.9445e+01, 7.4414e-01, 
 1DIAGNOSTIC,    19, -9.274029135101e-01, 1.473145563079e-04, 2.0188e+01, 7.4344e-01, 
 1DIAGNOSTIC,    20, -9.275371922231e-01, 1.099185137739e-04, 2.0933e+01, 7.4450e-01, 
 1DIAGNOSTIC,    21, -9.276523119288e-01, 8.210056742621e-05, 2.1680e+01, 7.4744e-01, 
 1DIAGNOSTIC,    22, -9.277518062510e-01, 6.261004776759e-05, 2.2427e+01, 7.4703e-01, 
 1DIAGNOSTIC,    23, -9.278374830153e-01, 4.905836841603e-05, 2.3172e+01, 7.4506e-01, 
 1DIAGNOSTIC,    24, -9.279118545012e-01, 3.852219904590e-05, 2.3919e+01, 7.4674e-01, 
 1DIAGNOSTIC,    25, -9.279769737456e-01, 3.173461735891e-05, 2.4664e+01, 7.4448e-01, 
 1DIAGNOSTIC,    26, -9.280463818841e-01, 2.654245178103e-05, 2.5408e+01, 7.4412e-01, 
 1DIAGNOSTIC,    27, -9.280984418970e-01, 2.238293919694e-05, 2.6154e+01, 7.4626e-01, 
 1DIAGNOSTIC,    28, -9.281454465913e-01, 1.903605367566e-05, 2.6901e+01, 7.4684e-01, 
 1DIAGNOSTIC,    29, -9.281869317837e-01, 1.630861720361e-05, 2.7645e+01, 7.4424e-01, 
 1DIAGNOSTIC,    30, -9.282243081778e-01, 1.406615468723e-05, 2.8385e+01, 7.4041e-01, 
 1DIAGNOSTIC,    31, -9.282585409862e-01, 1.220150561031e-05, 2.9128e+01, 7.4243e-01, 
 1DIAGNOSTIC,    32, -9.284065738889e-01, 1.175997010325e-05, 2.9870e+01, 7.4235e-01, 
 1DIAGNOSTIC,    33, -9.284127570430e-01, 1.113866891136e-05, 3.0612e+01, 7.4187e-01, 
 1DIAGNOSTIC,    34, -9.285379135647e-01, 1.140274368574e-05, 3.1354e+01, 7.4216e-01, 
 1DIAGNOSTIC,    35, -9.286499281060e-01, 1.219140420245e-05, 3.2098e+01, 7.4375e-01, 
 1DIAGNOSTIC,    36, -9.287412111554e-01, 1.320972665240e-05, 3.2839e+01, 7.4124e-01, 
 1DIAGNOSTIC,    37, -9.288159743589e-01, 1.403666133513e-05, 3.3580e+01, 7.4107e-01, 
 1DIAGNOSTIC,    38, -9.288788778146e-01, 1.445042308123e-05, 3.4323e+01, 7.4274e-01, 
 1DIAGNOSTIC,    39, -9.289266801619e-01, 1.424809598421e-05, 3.5065e+01, 7.4202e-01, 
 1DIAGNOSTIC,    40, -9.289710005919e-01, 1.339404500732e-05, 3.5806e+01, 7.4121e-01, 
 1DIAGNOSTIC,    41, -9.290062587890e-01, 1.187068312828e-05, 3.6549e+01, 7.4285e-01, 
 1DIAGNOSTIC,    42, -9.290332126458e-01, 1.065350479711e-05, 3.7292e+01, 7.4251e-01, 
 1DIAGNOSTIC,    43, -9.289286248058e-01, 7.831424847244e-06, 3.8035e+01, 7.4312e-01, 
 1DIAGNOSTIC,    44, -9.288356344824e-01, 4.697783532532e-06, 3.8778e+01, 7.4338e-01, 
 1DIAGNOSTIC,    45, -9.287773004025e-01, 1.691267869509e-06, 3.9523e+01, 7.4449e-01, 
 1DIAGNOSTIC,    46, -9.287361386186e-01, -9.607224721493e-07, 4.0268e+01, 7.4505e-01, 
XXDIAGNOSTIC,Iteration,metricValue,convergenceValue,ITERATION_TIME_INDEX,SINCE_LAST
 1DIAGNOSTIC,     1, -8.549455178388e-01, 1.797693134862e+308, 4.7913e+01, 7.6448e+00, 
 1DIAGNOSTIC,     2, -8.582978077758e-01, 1.797693134862e+308, 5.4054e+01, 6.1416e+00, 
 1DIAGNOSTIC,     3, -8.613547016456e-01, 1.797693134862e+308, 6.0187e+01, 6.1333e+00, 
 1DIAGNOSTIC,     4, -8.640727918983e-01, 1.797693134862e+308, 6.6349e+01, 6.1619e+00, 
 1DIAGNOSTIC,     5, -8.666044425290e-01, 1.797693134862e+308, 7.2470e+01, 6.1205e+00, 
 1DIAGNOSTIC,     6, -8.687800699477e-01, 1.797693134862e+308, 7.8608e+01, 6.1380e+00, 
 1DIAGNOSTIC,     7, -8.707212976898e-01, 1.797693134862e+308, 8.4741e+01, 6.1330e+00, 
 1DIAGNOSTIC,     8, -8.724815971700e-01, 1.797693134862e+308, 9.0882e+01, 6.1410e+00, 
 1DIAGNOSTIC,     9, -8.740808853297e-01, 1.797693134862e+308, 9.7024e+01, 6.1419e+00, 
 1DIAGNOSTIC,    10, -8.753939044564e-01, 1.495672607486e-03, 1.0318e+02, 6.1545e+00, 
 1DIAGNOSTIC,    11, -8.767556354527e-01, 1.218353846211e-03, 1.0933e+02, 6.1542e+00, 
 1DIAGNOSTIC,    12, -8.778932056847e-01, 9.995790049939e-04, 1.1549e+02, 6.1535e+00, 
 1DIAGNOSTIC,    13, -8.789684011128e-01, 8.274680436431e-04, 1.2163e+02, 6.1469e+00, 
 1DIAGNOSTIC,    14, -8.799626934945e-01, 6.907761997866e-04, 1.2778e+02, 6.1487e+00, 
 1DIAGNOSTIC,    15, -8.809017994721e-01, 5.843018856098e-04, 1.3393e+02, 6.1498e+00, 
 1DIAGNOSTIC,    16, -8.818081012950e-01, 4.999552989041e-04, 1.4013e+02, 6.1979e+00, 
 1DIAGNOSTIC,    17, -8.826820955779e-01, 4.330778638869e-04, 1.4636e+02, 6.2283e+00, 
 1DIAGNOSTIC,    18, -8.835285200109e-01, 3.804592371655e-04, 1.5256e+02, 6.1987e+00, 
 1DIAGNOSTIC,    19, -8.843518746730e-01, 3.394113365161e-04, 1.5872e+02, 6.1665e+00, 
 1DIAGNOSTIC,    20, -8.851477066807e-01, 3.049464741895e-04, 1.6488e+02, 6.1564e+00, 
 1DIAGNOSTIC,    21, -8.859514502644e-01, 2.786839773855e-04, 1.7105e+02, 6.1668e+00, 
 1DIAGNOSTIC,    22, -8.867440547286e-01, 2.570954277784e-04, 1.7720e+02, 6.1505e+00, 
 1DIAGNOSTIC,    23, -8.875464289985e-01, 2.396667595893e-04, 1.8333e+02, 6.1298e+00, 
 1DIAGNOSTIC,    24, -8.883823903523e-01, 2.258178511655e-04, 1.8947e+02, 6.1395e+00, 
 1DIAGNOSTIC,    25, -8.892267453622e-01, 2.148524071197e-04, 1.9560e+02, 6.1313e+00, 
 1DIAGNOSTIC,    26, -8.900208929673e-01, 2.055768966249e-04, 2.0174e+02, 6.1383e+00, 
 1DIAGNOSTIC,    27, -8.907580642608e-01, 1.968427310601e-04, 2.0786e+02, 6.1288e+00, 
 1DIAGNOSTIC,    28, -8.914347785316e-01, 1.876857454350e-04, 2.1400e+02, 6.1408e+00, 
 1DIAGNOSTIC,    29, -8.920913683315e-01, 1.778635033321e-04, 2.2015e+02, 6.1459e+00, 
 1DIAGNOSTIC,    30, -8.927083728403e-01, 1.670140092937e-04, 2.2628e+02, 6.1332e+00, 
 1DIAGNOSTIC,    31, -8.932812351249e-01, 1.553384852418e-04, 2.3243e+02, 6.1447e+00, 
 1DIAGNOSTIC,    32, -8.938223071561e-01, 1.430919801406e-04, 2.3856e+02, 6.1327e+00, 
 1DIAGNOSTIC,    33, -8.943325506008e-01, 1.308094366424e-04, 2.4470e+02, 6.1336e+00, 
 1DIAGNOSTIC,    34, -8.947998152777e-01, 1.191412562583e-04, 2.5084e+02, 6.1423e+00, 
 1DIAGNOSTIC,    35, -8.952079372267e-01, 1.083135569748e-04, 2.5697e+02, 6.1292e+00, 
 1DIAGNOSTIC,    36, -8.955639296547e-01, 9.806032166890e-05, 2.6311e+02, 6.1438e+00, 
 1DIAGNOSTIC,    37, -8.958780291188e-01, 8.817360885734e-05, 2.6924e+02, 6.1310e+00, 
 1DIAGNOSTIC,    38, -8.961442577893e-01, 7.838950062711e-05, 2.7537e+02, 6.1316e+00, 
 1DIAGNOSTIC,    39, -8.963887478208e-01, 6.907193923130e-05, 2.8152e+02, 6.1431e+00, 
 1DIAGNOSTIC,    40, -8.966207230661e-01, 6.046901384366e-05, 2.8765e+02, 6.1359e+00, 
 1DIAGNOSTIC,    41, -8.968246192776e-01, 5.261790047683e-05, 2.9380e+02, 6.1452e+00, 
 1DIAGNOSTIC,    42, -8.969982372440e-01, 4.560155049449e-05, 2.9993e+02, 6.1371e+00, 
 1DIAGNOSTIC,    43, -8.971710910968e-01, 3.968124671112e-05, 3.0607e+02, 6.1330e+00, 
 1DIAGNOSTIC,    44, -8.973291741284e-01, 3.482371573352e-05, 3.1221e+02, 6.1424e+00, 
 1DIAGNOSTIC,    45, -8.974773212755e-01, 3.084473941111e-05, 3.1835e+02, 6.1363e+00, 
 1DIAGNOSTIC,    46, -8.976183680956e-01, 2.758525647229e-05, 3.2449e+02, 6.1408e+00, 
 1DIAGNOSTIC,    47, -8.977489157853e-01, 2.489707578587e-05, 3.3062e+02, 6.1317e+00, 
 1DIAGNOSTIC,    48, -8.978723711740e-01, 2.257859420941e-05, 3.3676e+02, 6.1414e+00, 
 1DIAGNOSTIC,    49, -8.979758312672e-01, 2.050387689327e-05, 3.4289e+02, 6.1335e+00, 
 1DIAGNOSTIC,    50, -8.980784334381e-01, 1.873275942474e-05, 3.4903e+02, 6.1337e+00, 
 1DIAGNOSTIC,    51, -8.981814987688e-01, 1.720650264952e-05, 3.5517e+02, 6.1418e+00, 
 1DIAGNOSTIC,    52, -8.982639242708e-01, 1.570487373157e-05, 3.6130e+02, 6.1315e+00, 
 1DIAGNOSTIC,    53, -8.983501887414e-01, 1.436304622261e-05, 3.6744e+02, 6.1396e+00, 
 1DIAGNOSTIC,    54, -8.984232632118e-01, 1.310636231629e-05, 3.7357e+02, 6.1327e+00, 
 1DIAGNOSTIC,    55, -8.984927326477e-01, 1.194684112417e-05, 3.7971e+02, 6.1335e+00, 
 1DIAGNOSTIC,    56, -8.985599332477e-01, 1.091364786629e-05, 3.8584e+02, 6.1383e+00, 
 1DIAGNOSTIC,    57, -8.986234061786e-01, 9.999133263175e-06, 3.9198e+02, 6.1349e+00, 
 1DIAGNOSTIC,    58, -8.986856195648e-01, 9.223859603197e-06, 3.9812e+02, 6.1403e+00, 
 1DIAGNOSTIC,    59, -8.987422677474e-01, 8.499043636666e-06, 4.0425e+02, 6.1336e+00, 
 1DIAGNOSTIC,    60, -8.987946615595e-01, 7.849370976538e-06, 4.1039e+02, 6.1342e+00, 
 1DIAGNOSTIC,    61, -8.988473528410e-01, 7.326544521246e-06, 4.1653e+02, 6.1440e+00, 
 1DIAGNOSTIC,    62, -8.988904682908e-01, 6.804162858361e-06, 4.2267e+02, 6.1342e+00, 
 1DIAGNOSTIC,    63, -8.989295285371e-01, 6.322735329928e-06, 4.2881e+02, 6.1405e+00, 
 1DIAGNOSTIC,    64, -8.989697178449e-01, 5.856565272570e-06, 4.3494e+02, 6.1327e+00, 
 1DIAGNOSTIC,    65, -8.990218020343e-01, 5.480264566763e-06, 4.4107e+02, 6.1312e+00, 
 1DIAGNOSTIC,    66, -8.990541142216e-01, 5.108756644129e-06, 4.4721e+02, 6.1447e+00, 
 1DIAGNOSTIC,    67, -8.990887684636e-01, 4.766745714996e-06, 4.5335e+02, 6.1325e+00, 
 1DIAGNOSTIC,    68, -8.991217987332e-01, 4.465375639206e-06, 4.5949e+02, 6.1385e+00, 
 1DIAGNOSTIC,    69, -8.991547635721e-01, 4.197492647424e-06, 4.6562e+02, 6.1364e+00, 
 1DIAGNOSTIC,    70, -8.991893851771e-01, 3.967942517596e-06, 4.7176e+02, 6.1416e+00, 
XXDIAGNOSTIC,Iteration,metricValue,convergenceValue,ITERATION_TIME_INDEX,SINCE_LAST
 1DIAGNOSTIC,     1, -8.529861338074e-01, 1.797693134862e+308, 5.2295e+02, 5.1190e+01, 
 1DIAGNOSTIC,     2, -8.559303179382e-01, 1.797693134862e+308, 5.7200e+02, 4.9048e+01, 
 1DIAGNOSTIC,     3, -8.590396756344e-01, 1.797693134862e+308, 6.2103e+02, 4.9028e+01, 
 1DIAGNOSTIC,     4, -8.619760942677e-01, 1.797693134862e+308, 6.7008e+02, 4.9053e+01, 
 1DIAGNOSTIC,     5, -8.646779327525e-01, 1.797693134862e+308, 7.1930e+02, 4.9212e+01, 
 1DIAGNOSTIC,     6, -8.673478152135e-01, 1.797693134862e+308, 7.6835e+02, 4.9054e+01, 
 1DIAGNOSTIC,     7, -8.696492447801e-01, 1.797693134862e+308, 8.1759e+02, 4.9242e+01, 
 1DIAGNOSTIC,     8, -8.719658723368e-01, 1.797693134862e+308, 8.6667e+02, 4.9074e+01, 
 1DIAGNOSTIC,     9, -8.739782630642e-01, 1.797693134862e+308, 9.1610e+02, 4.9440e+01, 
 1DIAGNOSTIC,    10, -8.758297790151e-01, 1.701514812701e-03, 9.6521e+02, 4.9101e+01, 
 1DIAGNOSTIC,    11, -8.771876995258e-01, 1.438317998772e-03, 1.0146e+03, 4.9436e+01, 
 1DIAGNOSTIC,    12, -8.787017895389e-01, 1.211090215625e-03, 1.0637e+03, 4.9079e+01, 
 1DIAGNOSTIC,    13, -8.797950970054e-01, 1.014440664266e-03, 1.1132e+03, 4.9466e+01, 
 1DIAGNOSTIC,    14, -8.810799916658e-01, 8.517693793648e-04, 1.1623e+03, 4.9093e+01, 
 1DIAGNOSTIC,    15, -8.819551005633e-01, 7.102526593407e-04, 1.2115e+03, 4.9254e+01, 
 1DIAGNOSTIC,    16, -8.830704990545e-01, 5.982659980468e-04, 1.2608e+03, 4.9281e+01, 
 1DIAGNOSTIC,    17, -8.839888561661e-01, 5.055980615372e-04, 1.3102e+03, 4.9423e+01, 
 1DIAGNOSTIC,    18, -8.848170873004e-01, 4.330242280403e-04, 1.3595e+03, 4.9280e+01, 
 1DIAGNOSTIC,    19, -8.854844356608e-01, 3.735474007260e-04, 1.4090e+03, 4.9446e+01, 
 1DIAGNOSTIC,    20, -8.862681579050e-01, 3.280743454469e-04, 1.4584e+03, 4.9461e+01, 
 1DIAGNOSTIC,    21, -8.868925813211e-01, 2.867192527363e-04, 1.5079e+03, 4.9428e+01, 
 1DIAGNOSTIC,    22, -8.875088435286e-01, 2.536861553718e-04, 1.5573e+03, 4.9475e+01, 
 1DIAGNOSTIC,    23, -8.881360502096e-01, 2.238978921306e-04, 1.6068e+03, 4.9438e+01, 
 1DIAGNOSTIC,    24, -8.887406324314e-01, 2.011217991782e-04, 1.6562e+03, 4.9453e+01, 
 1DIAGNOSTIC,    25, -8.893300954942e-01, 1.801054197720e-04, 1.7057e+03, 4.9433e+01, 
 1DIAGNOSTIC,    26, -8.898828913400e-01, 1.644475911582e-04, 1.7551e+03, 4.9469e+01, 
 1DIAGNOSTIC,    27, -8.904129864073e-01, 1.517676906819e-04, 1.8046e+03, 4.9447e+01, 
 1DIAGNOSTIC,    28, -8.909230462345e-01, 1.411209473995e-04, 1.8540e+03, 4.9435e+01, 
 1DIAGNOSTIC,    29, -8.914126339645e-01, 1.306987926248e-04, 1.9034e+03, 4.9432e+01, 
 1DIAGNOSTIC,    30, -8.918872359541e-01, 1.221452099314e-04, 1.9529e+03, 4.9460e+01, 
 1DIAGNOSTIC,    31, -8.923445608433e-01, 1.138341001933e-04, 2.0023e+03, 4.9425e+01, 
 1DIAGNOSTIC,    32, -8.927857764803e-01, 1.059038686038e-04, 2.0518e+03, 4.9475e+01, 
 1DIAGNOSTIC,    33, -8.932005370904e-01, 9.858148500082e-05, 2.1012e+03, 4.9441e+01, 
 1DIAGNOSTIC,    34, -8.936012883894e-01, 9.185468402736e-05, 2.1507e+03, 4.9473e+01, 
 1DIAGNOSTIC,    35, -8.939869508406e-01, 8.575923388840e-05, 2.2002e+03, 4.9478e+01, 
 1DIAGNOSTIC,    36, -8.943660546372e-01, 8.018399951023e-05, 2.2497e+03, 4.9463e+01, 
 1DIAGNOSTIC,    37, -8.947196697657e-01, 7.496973330741e-05, 2.2991e+03, 4.9434e+01, 
 1DIAGNOSTIC,    38, -8.950731040265e-01, 7.021262216944e-05, 2.3485e+03, 4.9461e+01, 
 1DIAGNOSTIC,    39, -8.954187188440e-01, 6.590558569373e-05, 2.3980e+03, 4.9461e+01, 
 1DIAGNOSTIC,    40, -8.957562174975e-01, 6.206514215766e-05, 2.4474e+03, 4.9442e+01, 
 1DIAGNOSTIC,    41, -8.960761672682e-01, 5.859280385914e-05, 2.4969e+03, 4.9441e+01, 
 1DIAGNOSTIC,    42, -8.963806560574e-01, 5.541329623834e-05, 2.5463e+03, 4.9456e+01, 
 1DIAGNOSTIC,    43, -8.966671671356e-01, 5.234473545643e-05, 2.5958e+03, 4.9435e+01, 
 1DIAGNOSTIC,    44, -8.969438782631e-01, 4.937492282116e-05, 2.6453e+03, 4.9474e+01, 
 1DIAGNOSTIC,    45, -8.972052233540e-01, 4.644777063115e-05, 2.6947e+03, 4.9429e+01, 
 1DIAGNOSTIC,    46, -8.974621252567e-01, 4.366430647143e-05, 2.7441e+03, 4.9455e+01, 
 1DIAGNOSTIC,    47, -8.976887318159e-01, 4.080218196744e-05, 2.7936e+03, 4.9449e+01, 
 1DIAGNOSTIC,    48, -8.979255838391e-01, 3.812291984962e-05, 2.8430e+03, 4.9459e+01, 
 1DIAGNOSTIC,    49, -8.978664278233e-01, 3.379493114313e-05, 2.8925e+03, 4.9436e+01, 
 1DIAGNOSTIC,    50, -8.981042621716e-01, 3.016543014126e-05, 2.9419e+03, 4.9463e+01, 
XXDIAGNOSTIC,Iteration,metricValue,convergenceValue,ITERATION_TIME_INDEX,SINCE_LAST
 1DIAGNOSTIC,     1, -8.740687124020e-01, 1.797693134862e+308, 3.3496e+03, 4.0770e+02, 
 1DIAGNOSTIC,     2, -8.749861533484e-01, 1.797693134862e+308, 3.7523e+03, 4.0268e+02, 
 1DIAGNOSTIC,     3, -8.763409883182e-01, 1.797693134862e+308, 4.1532e+03, 4.0087e+02, 
 1DIAGNOSTIC,     4, -8.776761268693e-01, 1.797693134862e+308, 4.5557e+03, 4.0248e+02, 
 1DIAGNOSTIC,     5, -8.791502890689e-01, 1.797693134862e+308, 4.9551e+03, 3.9945e+02, 
 1DIAGNOSTIC,     6, -8.803964005971e-01, 1.797693134862e+308, 5.3545e+03, 3.9940e+02, 
 1DIAGNOSTIC,     7, -8.816276675263e-01, 1.797693134862e+308, 5.7540e+03, 3.9952e+02, 
 1DIAGNOSTIC,     8, -8.827699509380e-01, 1.797693134862e+308, 6.1550e+03, 4.0101e+02, 
 1DIAGNOSTIC,     9, -8.838333613274e-01, 1.797693134862e+308, 6.5546e+03, 3.9957e+02, 
 1DIAGNOSTIC,    10, -8.847163001352e-01, 8.090977423368e-04, 6.9556e+03, 4.0099e+02, 
 1DIAGNOSTIC,    11, -8.856250035415e-01, 7.125073579985e-04, 7.3566e+03, 4.0101e+02, 
 1DIAGNOSTIC,    12, -8.863859918242e-01, 6.129018857512e-04, 7.7591e+03, 4.0248e+02, 
 1DIAGNOSTIC,    13, -8.871002693287e-01, 5.243411805619e-04, 8.1614e+03, 4.0233e+02, 
 1DIAGNOSTIC,    14, -8.876676891939e-01, 4.442528341058e-04, 8.5640e+03, 4.0262e+02, 
 1DIAGNOSTIC,    15, -8.881889389066e-01, 3.770064298783e-04, 8.9666e+03, 4.0253e+02, 
 1DIAGNOSTIC,    16, -8.886640364789e-01, 3.180505750686e-04, 9.3690e+03, 4.0244e+02, 
 1DIAGNOSTIC,    17, -8.891266420039e-01, 2.686348446548e-04, 9.7716e+03, 4.0257e+02, 
 1DIAGNOSTIC,    18, -8.895384182470e-01, 2.275134782363e-04, 1.0174e+04, 4.0257e+02, 
 1DIAGNOSTIC,    19, -8.899425527184e-01, 1.944325537035e-04, 1.0577e+04, 4.0265e+02, 
 1DIAGNOSTIC,    20, -8.903217651013e-01, 1.667926293954e-04, 1.0979e+04, 4.0261e+02, 
  Elapsed time (stage 0): 10982.6


Total elapsed time: 10982.6
-i /mnt/lustre/mathdugre/fast-interpolate/datasets/ds004513/derivatives/flint/ants/flint-vprec-single-five-levels/sub-s020/ses-open/anat/00/1_Affine.nii.gz -o /mnt/lustre/mathdugre/fast-interpolate/datasets/ds004513/derivatives/flint/ants/flint-vprec-single-five-levels/sub-s020/ses-open/anat/000/1_transformed.nii.gz -t /mnt/lustre/mathdugre/fast-interpolate/datasets/ds004513/derivatives/flint/ants/flint-vprec-single-five-levels/sub-s020/ses-open/anat/000/1_1Warp.nii.gz -t /mnt/lustre/mathdugre/fast-interpolate/datasets/ds004513/derivatives/flint/ants/flint-vprec-single-five-levels/sub-s020/ses-open/anat/000/1_0GenericAffine.mat
