---------------------
Experiment information

SIF_IMG: /mnt/lustre/mathdugre/containers/ants-flint-base.simg
SIF_IMG_BASE: /mnt/lustre/mathdugre/containers/ants-flint-base.simg
EXPERIMENT_NAME: flint-vprec-single-five-levels
STAGE: syn
SUBJECT_ID: s026
REPETITION_ID: 1

FIXED_IMG: /templateflow/tpl-MNI152NLin2009cAsym/tpl-MNI152NLin2009cAsym_res-01_desc-brain_T1w.nii.gz
INPUT_IMG: /mnt/lustre/mathdugre/fast-interpolate/datasets/ds004513/derivatives/flint/ants/flint-vprec-single-five-levels/sub-s026/ses-open/anat/00/1_Affine.nii.gz

DATA_DIR: /mnt/lustre/mathdugre/fast-interpolate/datasets/ds004513
OUTPUT_DIR: /mnt/lustre/mathdugre/fast-interpolate/datasets/ds004513/derivatives/flint/ants/flint-vprec-single-five-levels/sub-s026/ses-open/anat
OUTPUT_PREFIX: 000
THREAD: 1
FLOAT: 0
VFC_BACKENDS: ieee
---------------------

--output [/mnt/lustre/mathdugre/fast-interpolate/datasets/ds004513/derivatives/flint/ants/flint-vprec-single-five-levels/sub-s026/ses-open/anat/000/1_,/mnt/lustre/mathdugre/fast-interpolate/datasets/ds004513/derivatives/flint/ants/flint-vprec-single-five-levels/sub-s026/ses-open/anat/000/1_Warped.nii.gz,/mnt/lustre/mathdugre/fast-interpolate/datasets/ds004513/derivatives/flint/ants/flint-vprec-single-five-levels/sub-s026/ses-open/anat/000/1_InverseSyN.nii.gz] --initial-moving-transform [/templateflow/tpl-MNI152NLin2009cAsym/tpl-MNI152NLin2009cAsym_res-01_desc-brain_T1w.nii.gz,/mnt/lustre/mathdugre/fast-interpolate/datasets/ds004513/derivatives/flint/ants/flint-vprec-single-five-levels/sub-s026/ses-open/anat/00/1_Affine.nii.gz,1] --transform SyN[ 0.1,3,0 ] --metric CC[/templateflow/tpl-MNI152NLin2009cAsym/tpl-MNI152NLin2009cAsym_res-01_desc-brain_T1w.nii.gz,/mnt/lustre/mathdugre/fast-interpolate/datasets/ds004513/derivatives/flint/ants/flint-vprec-single-five-levels/sub-s026/ses-open/anat/00/1_Affine.nii.gz,1,4] --convergence [100x100x70x50x20,1e-6,10] --shrink-factors 16x8x4x2x1 --smoothing-sigmas 4x3x2x1x0vox
All_Command_lines_OK
Using double precision for computations.
=============================================================================
The composite transform comprises the following transforms (in order): 
  1. Center of mass alignment using fixed image: /templateflow/tpl-MNI152NLin2009cAsym/tpl-MNI152NLin2009cAsym_res-01_desc-brain_T1w.nii.gz and moving image: /mnt/lustre/mathdugre/fast-interpolate/datasets/ds004513/derivatives/flint/ants/flint-vprec-single-five-levels/sub-s026/ses-open/anat/00/1_Affine.nii.gz (type = Euler3DTransform)
=============================================================================
  number of levels = 5
  fixed image: /templateflow/tpl-MNI152NLin2009cAsym/tpl-MNI152NLin2009cAsym_res-01_desc-brain_T1w.nii.gz
  moving image: /mnt/lustre/mathdugre/fast-interpolate/datasets/ds004513/derivatives/flint/ants/flint-vprec-single-five-levels/sub-s026/ses-open/anat/00/1_Affine.nii.gz
Dimension = 3
Number of stages = 1
Use histogram matching = false
Winsorize image intensities = true
  Lower quantile = 0.005
  Upper quantile = 0.995


Stage 1 State
   Image metric = CC
     Fixed image = Image (0x55e11f022d90)
  RTTI typeinfo:   itk::Image<double, 3u>
  Reference Count: 2
  Modified Time: 1622
  Debug: Off
  Object Name: 
  Observers: 
    none
  Source: (none)
  Source output name: (none)
  Release Data: Off
  Data Released: False
  Global Release Data: Off
  PipelineMTime: 0
  UpdateMTime: 1407
  RealTimeStamp: 0 seconds 
  LargestPossibleRegion: 
    Dimension: 3
    Index: [0, 0, 0]
    Size: [193, 229, 193]
  BufferedRegion: 
    Dimension: 3
    Index: [0, 0, 0]
    Size: [193, 229, 193]
  RequestedRegion: 
    Dimension: 3
    Index: [0, 0, 0]
    Size: [193, 229, 193]
  Spacing: [1, 1, 1]
  Origin: [96, 132, -78]
  Direction: 
-1 0 0
0 -1 0
0 0 1

  IndexToPointMatrix: 
-1 0 0
0 -1 0
0 0 1

  PointToIndexMatrix: 
-1 0 0
0 -1 0
0 0 1

  Inverse Direction: 
-1 0 0
0 -1 0
0 0 1

  PixelContainer: 
    ImportImageContainer (0x55e11f031250)
      RTTI typeinfo:   itk::ImportImageContainer<unsigned long, double>
      Reference Count: 1
      Modified Time: 1404
      Debug: Off
      Object Name: 
      Observers: 
        none
      Pointer: 0x7f9af6146010
      Container manages memory: true
      Size: 8530021
      Capacity: 8530021

     Moving image = Image (0x55e11f0291f0)
  RTTI typeinfo:   itk::Image<double, 3u>
  Reference Count: 2
  Modified Time: 1623
  Debug: Off
  Object Name: 
  Observers: 
    none
  Source: (none)
  Source output name: (none)
  Release Data: Off
  Data Released: False
  Global Release Data: Off
  PipelineMTime: 0
  UpdateMTime: 1620
  RealTimeStamp: 0 seconds 
  LargestPossibleRegion: 
    Dimension: 3
    Index: [0, 0, 0]
    Size: [193, 229, 193]
  BufferedRegion: 
    Dimension: 3
    Index: [0, 0, 0]
    Size: [193, 229, 193]
  RequestedRegion: 
    Dimension: 3
    Index: [0, 0, 0]
    Size: [193, 229, 193]
  Spacing: [1, 1, 1]
  Origin: [96, 132, -78]
  Direction: 
-1 0 0
0 -1 0
0 0 1

  IndexToPointMatrix: 
-1 0 0
0 -1 0
0 0 1

  PointToIndexMatrix: 
-1 0 0
0 -1 0
0 0 1

  Inverse Direction: 
-1 0 0
0 -1 0
0 0 1

  PixelContainer: 
    ImportImageContainer (0x55e11f035a60)
      RTTI typeinfo:   itk::ImportImageContainer<unsigned long, double>
      Reference Count: 1
      Modified Time: 1617
      Debug: Off
      Object Name: 
      Observers: 
        none
      Pointer: 0x7f9af2031010
      Container manages memory: true
      Size: 8530021
      Capacity: 8530021

     Weighting = 1
     Sampling strategy = none
     Number of bins = 32
     Radius = 4
     Sampling percentage  = 1
   Transform = SyN
     Gradient step = 0.1
     Update field sigma (voxel space) = 3
     Total field sigma (voxel space) = 0
     Update field time sigma = 0
     Total field time sigma  = 0
     Number of time indices = 0
     Number of time point samples = 0
Registration using 1 total stages.

Stage 0
  iterations = 100x100x70x50x20
  convergence threshold = 1e-06
  convergence window size = 10
  number of levels = 5
  using the CC metric (radius = 4, weight = 1, use gradient filter = 0)
  preprocessing:  winsorizing the image intensities
  Shrink factors (level 1 out of 5): [16, 16, 16]
  Shrink factors (level 2 out of 5): [8, 8, 8]
  Shrink factors (level 3 out of 5): [4, 4, 4]
  Shrink factors (level 4 out of 5): [2, 2, 2]
  Shrink factors (level 5 out of 5): [1, 1, 1]
  smoothing sigmas per level: [4, 3, 2, 1, 0]
  Using default NONE metricSamplingStrategy 

*** Running SyN registration (varianceForUpdateField = 3, varianceForTotalField = 0) ***

XXDIAGNOSTIC,Iteration,metricValue,convergenceValue,ITERATION_TIME_INDEX,SINCE_LAST
 1DIAGNOSTIC,     1, -9.829867901785e-01, 1.797693134862e+308, 1.5002e+00, 1.5002e+00, 
 1DIAGNOSTIC,     2, -9.878582902727e-01, 1.797693134862e+308, 1.5888e+00, 8.8652e-02, 
 1DIAGNOSTIC,     3, -9.891893300652e-01, 1.797693134862e+308, 1.6766e+00, 8.7758e-02, 
 1DIAGNOSTIC,     4, -9.909609898786e-01, 1.797693134862e+308, 1.7644e+00, 8.7787e-02, 
 1DIAGNOSTIC,     5, -9.886189342844e-01, 1.797693134862e+308, 1.8521e+00, 8.7716e-02, 
 1DIAGNOSTIC,     6, -9.913025106256e-01, 1.797693134862e+308, 1.9398e+00, 8.7745e-02, 
 1DIAGNOSTIC,     7, -9.887551053511e-01, 1.797693134862e+308, 2.0275e+00, 8.7672e-02, 
 1DIAGNOSTIC,     8, -9.912708384995e-01, 1.797693134862e+308, 2.1153e+00, 8.7818e-02, 
 1DIAGNOSTIC,     9, -9.888637432161e-01, 1.797693134862e+308, 2.2032e+00, 8.7858e-02, 
 1DIAGNOSTIC,    10, -9.912239934230e-01, 2.902801593348e-04, 2.2912e+00, 8.8003e-02, 
 1DIAGNOSTIC,    11, -9.889509466218e-01, 6.071773380412e-05, 2.3791e+00, 8.7914e-02, 
 1DIAGNOSTIC,    12, -9.911771457925e-01, 3.471735233750e-05, 2.4670e+00, 8.7870e-02, 
 1DIAGNOSTIC,    13, -9.890527774218e-01, -1.016621030513e-05, 2.5549e+00, 8.7950e-02, 
XXDIAGNOSTIC,Iteration,metricValue,convergenceValue,ITERATION_TIME_INDEX,SINCE_LAST
 1DIAGNOSTIC,     1, -9.561846213413e-01, 1.797693134862e+308, 4.6982e+00, 2.1433e+00, 
 1DIAGNOSTIC,     2, -9.589749056800e-01, 1.797693134862e+308, 5.4401e+00, 7.4192e-01, 
 1DIAGNOSTIC,     3, -9.615810174573e-01, 1.797693134862e+308, 6.1817e+00, 7.4154e-01, 
 1DIAGNOSTIC,     4, -9.634854803679e-01, 1.797693134862e+308, 6.9239e+00, 7.4226e-01, 
 1DIAGNOSTIC,     5, -9.654259286551e-01, 1.797693134862e+308, 7.6661e+00, 7.4218e-01, 
 1DIAGNOSTIC,     6, -9.681609425501e-01, 1.797693134862e+308, 8.4042e+00, 7.3811e-01, 
 1DIAGNOSTIC,     7, -9.712394890519e-01, 1.797693134862e+308, 9.1502e+00, 7.4596e-01, 
 1DIAGNOSTIC,     8, -9.730943363644e-01, 1.797693134862e+308, 9.8906e+00, 7.4044e-01, 
 1DIAGNOSTIC,     9, -9.736469120615e-01, 1.797693134862e+308, 1.0631e+01, 7.4051e-01, 
 1DIAGNOSTIC,    10, -9.738083389975e-01, 1.255710431030e-03, 1.1372e+01, 7.4114e-01, 
 1DIAGNOSTIC,    11, -9.740153724268e-01, 9.897997575695e-04, 1.2115e+01, 7.4260e-01, 
 1DIAGNOSTIC,    12, -9.741865216903e-01, 7.504539383638e-04, 1.2853e+01, 7.3793e-01, 
 1DIAGNOSTIC,    13, -9.742669003607e-01, 5.406145898850e-04, 1.3590e+01, 7.3764e-01, 
 1DIAGNOSTIC,    14, -9.744452671763e-01, 3.559965595986e-04, 1.4329e+01, 7.3905e-01, 
 1DIAGNOSTIC,    15, -9.744664306045e-01, 2.018493325734e-04, 1.5071e+01, 7.4144e-01, 
 1DIAGNOSTIC,    16, -9.746625609560e-01, 1.013891391147e-04, 1.5812e+01, 7.4140e-01, 
 1DIAGNOSTIC,    17, -9.746505702726e-01, 5.565765972458e-05, 1.6550e+01, 7.3723e-01, 
 1DIAGNOSTIC,    18, -9.748666383318e-01, 4.360722728186e-05, 1.7287e+01, 7.3746e-01, 
 1DIAGNOSTIC,    19, -9.748250092371e-01, 3.674238579515e-05, 1.8025e+01, 7.3769e-01, 
 1DIAGNOSTIC,    20, -9.751342253599e-01, 3.418946533128e-05, 1.8761e+01, 7.3647e-01, 
 1DIAGNOSTIC,    21, -9.750721301926e-01, 3.072392518359e-05, 1.9498e+01, 7.3714e-01, 
 1DIAGNOSTIC,    22, -9.753336477084e-01, 3.065350932624e-05, 2.0236e+01, 7.3747e-01, 
 1DIAGNOSTIC,    23, -9.752525496772e-01, 2.774314147135e-05, 2.0973e+01, 7.3701e-01, 
 1DIAGNOSTIC,    24, -9.754790168596e-01, 2.759927777878e-05, 2.1710e+01, 7.3698e-01, 
 1DIAGNOSTIC,    25, -9.753808164320e-01, 2.397933248852e-05, 2.2447e+01, 7.3720e-01, 
 1DIAGNOSTIC,    26, -9.755607663333e-01, 2.279529175995e-05, 2.3184e+01, 7.3698e-01, 
 1DIAGNOSTIC,    27, -9.754698745947e-01, 1.846543162256e-05, 2.3922e+01, 7.3776e-01, 
 1DIAGNOSTIC,    28, -9.756345819652e-01, 1.686148268723e-05, 2.4659e+01, 7.3746e-01, 
 1DIAGNOSTIC,    29, -9.755245110804e-01, 1.224005828785e-05, 2.5397e+01, 7.3782e-01, 
 1DIAGNOSTIC,    30, -9.757025017971e-01, 1.169422462658e-05, 2.6135e+01, 7.3759e-01, 
 1DIAGNOSTIC,    31, -9.755870239224e-01, 8.401091201003e-06, 2.6873e+01, 7.3826e-01, 
 1DIAGNOSTIC,    32, -9.757541992349e-01, 8.598517590566e-06, 2.7611e+01, 7.3774e-01, 
 1DIAGNOSTIC,    33, -9.756346155815e-01, 6.197008992813e-06, 2.8349e+01, 7.3875e-01, 
 1DIAGNOSTIC,    34, -9.757890483562e-01, 6.779859891531e-06, 2.9087e+01, 7.3802e-01, 
 1DIAGNOSTIC,    35, -9.756653919125e-01, 4.848321355080e-06, 2.9826e+01, 7.3823e-01, 
 1DIAGNOSTIC,    36, -9.758136211538e-01, 5.369357198550e-06, 3.0563e+01, 7.3715e-01, 
 1DIAGNOSTIC,    37, -9.756871445375e-01, 3.653819648852e-06, 3.1301e+01, 7.3837e-01, 
 1DIAGNOSTIC,    38, -9.758296685747e-01, 4.183231426723e-06, 3.2039e+01, 7.3752e-01, 
 1DIAGNOSTIC,    39, -9.757014954397e-01, 2.517722788933e-06, 3.2777e+01, 7.3798e-01, 
 1DIAGNOSTIC,    40, -9.758434070823e-01, 3.165277140785e-06, 3.3514e+01, 7.3719e-01, 
 1DIAGNOSTIC,    41, -9.757164144816e-01, 1.767128666764e-06, 3.4251e+01, 7.3754e-01, 
 1DIAGNOSTIC,    42, -9.758543136376e-01, 2.515104401572e-06, 3.4989e+01, 7.3765e-01, 
 1DIAGNOSTIC,    43, -9.757278757025e-01, 1.334687383482e-06, 3.5726e+01, 7.3741e-01, 
 1DIAGNOSTIC,    44, -9.758648866703e-01, 2.135698734151e-06, 3.6464e+01, 7.3734e-01, 
 1DIAGNOSTIC,    45, -9.757433468660e-01, 1.122744752197e-06, 3.7201e+01, 7.3698e-01, 
 1DIAGNOSTIC,    46, -9.758778287998e-01, 1.955711458133e-06, 3.7938e+01, 7.3738e-01, 
 1DIAGNOSTIC,    47, -9.757575340954e-01, 1.051192964303e-06, 3.8675e+01, 7.3731e-01, 
 1DIAGNOSTIC,    48, -9.758903635970e-01, 1.868997160474e-06, 3.9412e+01, 7.3704e-01, 
 1DIAGNOSTIC,    49, -9.757696662562e-01, 1.008886961883e-06, 4.0150e+01, 7.3748e-01, 
 1DIAGNOSTIC,    50, -9.759018657037e-01, 1.792185193701e-06, 4.0888e+01, 7.3820e-01, 
 1DIAGNOSTIC,    51, -9.757831671617e-01, 9.838972588987e-07, 4.1625e+01, 7.3733e-01, 
XXDIAGNOSTIC,Iteration,metricValue,convergenceValue,ITERATION_TIME_INDEX,SINCE_LAST
 1DIAGNOSTIC,     1, -9.220364019722e-01, 1.797693134862e+308, 4.9178e+01, 7.5521e+00, 
 1DIAGNOSTIC,     2, -9.247542096555e-01, 1.797693134862e+308, 5.5302e+01, 6.1243e+00, 
 1DIAGNOSTIC,     3, -9.285424375552e-01, 1.797693134862e+308, 6.1414e+01, 6.1121e+00, 
 1DIAGNOSTIC,     4, -9.317208617300e-01, 1.797693134862e+308, 6.7524e+01, 6.1100e+00, 
 1DIAGNOSTIC,     5, -9.343368611054e-01, 1.797693134862e+308, 7.3624e+01, 6.0997e+00, 
 1DIAGNOSTIC,     6, -9.362817148991e-01, 1.797693134862e+308, 7.9712e+01, 6.0883e+00, 
 1DIAGNOSTIC,     7, -9.378473796852e-01, 1.797693134862e+308, 8.5836e+01, 6.1238e+00, 
 1DIAGNOSTIC,     8, -9.391232407969e-01, 1.797693134862e+308, 9.1949e+01, 6.1136e+00, 
 1DIAGNOSTIC,     9, -9.400509189746e-01, 1.797693134862e+308, 9.8074e+01, 6.1241e+00, 
 1DIAGNOSTIC,    10, -9.408584160590e-01, 1.306047989128e-03, 1.0419e+02, 6.1143e+00, 
 1DIAGNOSTIC,    11, -9.415793014375e-01, 9.964226029733e-04, 1.1030e+02, 6.1166e+00, 
 1DIAGNOSTIC,    12, -9.422244270218e-01, 7.333293779554e-04, 1.1643e+02, 6.1258e+00, 
 1DIAGNOSTIC,    13, -9.428050309118e-01, 5.458465095319e-04, 1.2255e+02, 6.1165e+00, 
 1DIAGNOSTIC,    14, -9.433019522161e-01, 4.146934843581e-04, 1.2867e+02, 6.1226e+00, 
 1DIAGNOSTIC,    15, -9.437216689266e-01, 3.242655517865e-04, 1.3478e+02, 6.1155e+00, 
 1DIAGNOSTIC,    16, -9.440878751289e-01, 2.589566909857e-04, 1.4090e+02, 6.1198e+00, 
 1DIAGNOSTIC,    17, -9.444087134712e-01, 2.109258158125e-04, 1.4703e+02, 6.1244e+00, 
 1DIAGNOSTIC,    18, -9.446833970882e-01, 1.747773153489e-04, 1.5314e+02, 6.1128e+00, 
 1DIAGNOSTIC,    19, -9.449315054764e-01, 1.449528251536e-04, 1.5927e+02, 6.1251e+00, 
 1DIAGNOSTIC,    20, -9.451487154150e-01, 1.201486467279e-04, 1.6539e+02, 6.1219e+00, 
 1DIAGNOSTIC,    21, -9.453431905834e-01, 9.971536710315e-05, 1.7153e+02, 6.1444e+00, 
 1DIAGNOSTIC,    22, -9.455253676762e-01, 8.321993351256e-05, 1.7765e+02, 6.1205e+00, 
 1DIAGNOSTIC,    23, -9.455636935123e-01, 6.853796119828e-05, 1.8379e+02, 6.1383e+00, 
 1DIAGNOSTIC,    24, -9.457198232559e-01, 5.697076088869e-05, 1.8996e+02, 6.1669e+00, 
 1DIAGNOSTIC,    25, -9.457453366725e-01, 4.639290738784e-05, 1.9610e+02, 6.1436e+00, 
 1DIAGNOSTIC,    26, -9.457744986806e-01, 3.693160256382e-05, 2.0226e+02, 6.1576e+00, 
 1DIAGNOSTIC,    27, -9.458095877372e-01, 2.876026677585e-05, 2.0840e+02, 6.1370e+00, 
 1DIAGNOSTIC,    28, -9.458450315059e-01, 2.188435066745e-05, 2.1454e+02, 6.1394e+00, 
 1DIAGNOSTIC,    29, -9.458808574698e-01, 1.644364905067e-05, 2.2069e+02, 6.1539e+00, 
 1DIAGNOSTIC,    30, -9.459081230235e-01, 1.233921840294e-05, 2.2683e+02, 6.1395e+00, 
 1DIAGNOSTIC,    31, -9.459412739920e-01, 9.624983655643e-06, 2.3298e+02, 6.1473e+00, 
 1DIAGNOSTIC,    32, -9.459741936540e-01, 8.299656675342e-06, 2.3912e+02, 6.1406e+00, 
 1DIAGNOSTIC,    33, -9.460033634584e-01, 6.937505778827e-06, 2.4526e+02, 6.1426e+00, 
 1DIAGNOSTIC,    34, -9.460299331459e-01, 6.706378154669e-06, 2.5141e+02, 6.1488e+00, 
 1DIAGNOSTIC,    35, -9.460544104474e-01, 6.368045467459e-06, 2.5755e+02, 6.1379e+00, 
 1DIAGNOSTIC,    36, -9.460763305355e-01, 5.952336670983e-06, 2.6369e+02, 6.1462e+00, 
 1DIAGNOSTIC,    37, -9.460957795055e-01, 5.515217596286e-06, 2.6983e+02, 6.1376e+00, 
 1DIAGNOSTIC,    38, -9.461140726719e-01, 5.078756192437e-06, 2.7597e+02, 6.1387e+00, 
 1DIAGNOSTIC,    39, -9.461352118825e-01, 4.698206357689e-06, 2.8212e+02, 6.1476e+00, 
 1DIAGNOSTIC,    40, -9.461479839357e-01, 4.263170971075e-06, 2.8826e+02, 6.1380e+00, 
 1DIAGNOSTIC,    41, -9.461608914478e-01, 3.853923044497e-06, 2.9440e+02, 6.1470e+00, 
 1DIAGNOSTIC,    42, -9.461701219585e-01, 3.469943155868e-06, 3.0054e+02, 6.1377e+00, 
 1DIAGNOSTIC,    43, -9.461750409965e-01, 3.080787866729e-06, 3.0669e+02, 6.1464e+00, 
 1DIAGNOSTIC,    44, -9.461832388889e-01, 2.721313150818e-06, 3.1282e+02, 6.1372e+00, 
 1DIAGNOSTIC,    45, -9.461918543575e-01, 2.405627243053e-06, 3.1896e+02, 6.1366e+00, 
 1DIAGNOSTIC,    46, -9.461994239474e-01, 2.132328845363e-06, 3.2511e+02, 6.1467e+00, 
 1DIAGNOSTIC,    47, -9.462021408803e-01, 1.873493289447e-06, 3.3125e+02, 6.1399e+00, 
 1DIAGNOSTIC,    48, -9.462039480327e-01, 1.635840122433e-06, 3.3739e+02, 6.1444e+00, 
 1DIAGNOSTIC,    49, -9.462050915196e-01, 1.451072459201e-06, 3.4353e+02, 6.1437e+00, 
 1DIAGNOSTIC,    50, -9.462049341112e-01, 1.270996080181e-06, 3.4968e+02, 6.1421e+00, 
 1DIAGNOSTIC,    51, -9.462044999101e-01, 1.109894530251e-06, 3.5582e+02, 6.1462e+00, 
 1DIAGNOSTIC,    52, -9.462022072784e-01, 9.490425616904e-07, 3.6196e+02, 6.1389e+00, 
XXDIAGNOSTIC,Iteration,metricValue,convergenceValue,ITERATION_TIME_INDEX,SINCE_LAST
 1DIAGNOSTIC,     1, -8.970075291633e-01, 1.797693134862e+308, 4.1287e+02, 5.0912e+01, 
 1DIAGNOSTIC,     2, -8.991943188351e-01, 1.797693134862e+308, 4.6219e+02, 4.9315e+01, 
 1DIAGNOSTIC,     3, -9.020626752973e-01, 1.797693134862e+308, 5.1130e+02, 4.9109e+01, 
 1DIAGNOSTIC,     4, -9.045740313538e-01, 1.797693134862e+308, 5.6044e+02, 4.9139e+01, 
 1DIAGNOSTIC,     5, -9.069939015289e-01, 1.797693134862e+308, 6.0956e+02, 4.9124e+01, 
 1DIAGNOSTIC,     6, -9.092528356460e-01, 1.797693134862e+308, 6.5910e+02, 4.9543e+01, 
 1DIAGNOSTIC,     7, -9.113144537049e-01, 1.797693134862e+308, 7.0859e+02, 4.9486e+01, 
 1DIAGNOSTIC,     8, -9.129446045572e-01, 1.797693134862e+308, 7.5813e+02, 4.9542e+01, 
 1DIAGNOSTIC,     9, -9.143644069283e-01, 1.797693134862e+308, 8.0744e+02, 4.9313e+01, 
 1DIAGNOSTIC,    10, -9.155971753750e-01, 1.350184752321e-03, 8.5702e+02, 4.9579e+01, 
 1DIAGNOSTIC,    11, -9.168059721026e-01, 1.124591862944e-03, 9.0652e+02, 4.9494e+01, 
 1DIAGNOSTIC,    12, -9.177727873638e-01, 9.169992484281e-04, 9.5605e+02, 4.9535e+01, 
 1DIAGNOSTIC,    13, -9.186490634392e-01, 7.481227555801e-04, 1.0055e+03, 4.9478e+01, 
 1DIAGNOSTIC,    14, -9.194466335376e-01, 6.088355648968e-04, 1.0550e+03, 4.9507e+01, 
 1DIAGNOSTIC,    15, -9.201830776839e-01, 4.977284078590e-04, 1.1045e+03, 4.9502e+01, 
 1DIAGNOSTIC,    16, -9.208693702685e-01, 4.117673403553e-04, 1.1540e+03, 4.9508e+01, 
 1DIAGNOSTIC,    17, -9.215104231275e-01, 3.472546953834e-04, 1.2035e+03, 4.9488e+01, 
 1DIAGNOSTIC,    18, -9.221165213444e-01, 2.963198690784e-04, 1.2530e+03, 4.9507e+01, 
 1DIAGNOSTIC,    19, -9.226982517005e-01, 2.559160713918e-04, 1.3025e+03, 4.9478e+01, 
 1DIAGNOSTIC,    20, -9.232552633082e-01, 2.234076618453e-04, 1.3520e+03, 4.9499e+01, 
 1DIAGNOSTIC,    21, -9.237813146478e-01, 1.987526633386e-04, 1.4015e+03, 4.9490e+01, 
 1DIAGNOSTIC,    22, -9.242734817969e-01, 1.783009764366e-04, 1.4510e+03, 4.9501e+01, 
 1DIAGNOSTIC,    23, -9.247328635140e-01, 1.609180861288e-04, 1.5005e+03, 4.9495e+01, 
 1DIAGNOSTIC,    24, -9.251689825726e-01, 1.458077182908e-04, 1.5500e+03, 4.9495e+01, 
 1DIAGNOSTIC,    25, -9.255849591535e-01, 1.324775288307e-04, 1.5995e+03, 4.9475e+01, 
 1DIAGNOSTIC,    26, -9.259771133630e-01, 1.205494339174e-04, 1.6490e+03, 4.9516e+01, 
 1DIAGNOSTIC,    27, -9.263538180360e-01, 1.098217620481e-04, 1.6985e+03, 4.9487e+01, 
 1DIAGNOSTIC,    28, -9.267153390470e-01, 1.002017889489e-04, 1.7480e+03, 4.9520e+01, 
 1DIAGNOSTIC,    29, -9.270657063752e-01, 9.173133984933e-05, 1.7975e+03, 4.9476e+01, 
 1DIAGNOSTIC,    30, -9.274016640332e-01, 8.436501118760e-05, 1.8470e+03, 4.9503e+01, 
 1DIAGNOSTIC,    31, -9.277202863021e-01, 7.792525303801e-05, 1.8965e+03, 4.9483e+01, 
 1DIAGNOSTIC,    32, -9.280205787523e-01, 7.217770544941e-05, 1.9460e+03, 4.9500e+01, 
 1DIAGNOSTIC,    33, -9.283048291181e-01, 6.691741554710e-05, 1.9954e+03, 4.9486e+01, 
 1DIAGNOSTIC,    34, -9.285737974122e-01, 6.204273358099e-05, 2.0450e+03, 4.9518e+01, 
 1DIAGNOSTIC,    35, -9.288254412442e-01, 5.746846642514e-05, 2.0945e+03, 4.9521e+01, 
 1DIAGNOSTIC,    36, -9.290632140422e-01, 5.311514238607e-05, 2.1440e+03, 4.9513e+01, 
 1DIAGNOSTIC,    37, -9.292866842423e-01, 4.898076265381e-05, 2.1935e+03, 4.9492e+01, 
 1DIAGNOSTIC,    38, -9.295004884899e-01, 4.510333672466e-05, 2.2430e+03, 4.9521e+01, 
 1DIAGNOSTIC,    39, -9.297045732690e-01, 4.154441899227e-05, 2.2925e+03, 4.9485e+01, 
 1DIAGNOSTIC,    40, -9.299023040284e-01, 3.835030487809e-05, 2.3420e+03, 4.9510e+01, 
 1DIAGNOSTIC,    41, -9.300895215284e-01, 3.549169141470e-05, 2.3915e+03, 4.9487e+01, 
 1DIAGNOSTIC,    42, -9.302696688618e-01, 3.294337865619e-05, 2.4410e+03, 4.9531e+01, 
 1DIAGNOSTIC,    43, -9.304431888774e-01, 3.068444039244e-05, 2.4905e+03, 4.9492e+01, 
 1DIAGNOSTIC,    44, -9.306099735085e-01, 2.868437717315e-05, 2.5400e+03, 4.9489e+01, 
 1DIAGNOSTIC,    45, -9.307723594697e-01, 2.690254833129e-05, 2.5895e+03, 4.9500e+01, 
 1DIAGNOSTIC,    46, -9.309272086263e-01, 2.529203127042e-05, 2.6390e+03, 4.9508e+01, 
 1DIAGNOSTIC,    47, -9.310821363842e-01, 2.384807323274e-05, 2.6885e+03, 4.9494e+01, 
 1DIAGNOSTIC,    48, -9.312317130330e-01, 2.255020849303e-05, 2.7381e+03, 4.9584e+01, 
 1DIAGNOSTIC,    49, -9.313763459016e-01, 2.137430230459e-05, 2.7876e+03, 4.9470e+01, 
 1DIAGNOSTIC,    50, -9.315157959508e-01, 2.031201589609e-05, 2.8371e+03, 4.9566e+01, 
XXDIAGNOSTIC,Iteration,metricValue,convergenceValue,ITERATION_TIME_INDEX,SINCE_LAST
 1DIAGNOSTIC,     1, -8.959037425759e-01, 1.797693134862e+308, 3.2457e+03, 4.0854e+02, 
 1DIAGNOSTIC,     2, -8.972573382867e-01, 1.797693134862e+308, 3.6490e+03, 4.0330e+02, 
 1DIAGNOSTIC,     3, -8.990067378268e-01, 1.797693134862e+308, 4.0508e+03, 4.0182e+02, 
 1DIAGNOSTIC,     4, -9.005776076086e-01, 1.797693134862e+308, 4.4539e+03, 4.0314e+02, 
 1DIAGNOSTIC,     5, -9.021480336890e-01, 1.797693134862e+308, 4.8557e+03, 4.0173e+02, 
 1DIAGNOSTIC,     6, -9.034701012757e-01, 1.797693134862e+308, 5.2574e+03, 4.0170e+02, 
 1DIAGNOSTIC,     7, -9.046842292577e-01, 1.797693134862e+308, 5.6590e+03, 4.0161e+02, 
 1DIAGNOSTIC,     8, -9.057740259934e-01, 1.797693134862e+308, 6.0592e+03, 4.0027e+02, 
 1DIAGNOSTIC,     9, -9.067541431130e-01, 1.797693134862e+308, 6.4594e+03, 4.0013e+02, 
 1DIAGNOSTIC,    10, -9.077150494334e-01, 8.534448669630e-04, 6.8610e+03, 4.0162e+02, 
 1DIAGNOSTIC,    11, -9.086069419464e-01, 7.236493988575e-04, 7.2611e+03, 4.0012e+02, 
 1DIAGNOSTIC,    12, -9.093278815253e-01, 6.045006855269e-04, 7.6627e+03, 4.0158e+02, 
 1DIAGNOSTIC,    13, -9.100736571749e-01, 5.091830617487e-04, 8.0628e+03, 4.0009e+02, 
 1DIAGNOSTIC,    14, -9.106816305182e-01, 4.297423672178e-04, 8.4646e+03, 4.0183e+02, 
 1DIAGNOSTIC,    15, -9.113500621605e-01, 3.682865404207e-04, 8.8679e+03, 4.0328e+02, 
 1DIAGNOSTIC,    16, -9.118806906159e-01, 3.168188345666e-04, 9.2695e+03, 4.0166e+02, 
 1DIAGNOSTIC,    17, -9.123004914825e-01, 2.722733723928e-04, 9.6726e+03, 4.0307e+02, 
 1DIAGNOSTIC,    18, -9.127858601431e-01, 2.349347597491e-04, 1.0076e+04, 4.0312e+02, 
 1DIAGNOSTIC,    19, -9.131743886279e-01, 2.021933709353e-04, 1.0479e+04, 4.0308e+02, 
 1DIAGNOSTIC,    20, -9.135473916809e-01, 1.747299102241e-04, 1.0882e+04, 4.0313e+02, 
  Elapsed time (stage 0): 10885.2


Total elapsed time: 10885.2
-i /mnt/lustre/mathdugre/fast-interpolate/datasets/ds004513/derivatives/flint/ants/flint-vprec-single-five-levels/sub-s026/ses-open/anat/00/1_Affine.nii.gz -o /mnt/lustre/mathdugre/fast-interpolate/datasets/ds004513/derivatives/flint/ants/flint-vprec-single-five-levels/sub-s026/ses-open/anat/000/1_transformed.nii.gz -t /mnt/lustre/mathdugre/fast-interpolate/datasets/ds004513/derivatives/flint/ants/flint-vprec-single-five-levels/sub-s026/ses-open/anat/000/1_1Warp.nii.gz -t /mnt/lustre/mathdugre/fast-interpolate/datasets/ds004513/derivatives/flint/ants/flint-vprec-single-five-levels/sub-s026/ses-open/anat/000/1_0GenericAffine.mat
