---------------------
Experiment information

SIF_IMG: /mnt/lustre/mathdugre/containers/ants-flint-vprec.simg
SIF_IMG_BASE: /mnt/lustre/mathdugre/containers/ants-flint-base.simg
EXPERIMENT_NAME: flint-vprec-single
STAGE: syn
SUBJECT_ID: s014
REPETITION_ID: 1

FIXED_IMG: /templateflow/tpl-MNI152NLin2009cAsym/tpl-MNI152NLin2009cAsym_res-01_desc-brain_T1w.nii.gz
INPUT_IMG: /mnt/lustre/mathdugre/fast-interpolate/datasets/ds004513/derivatives/flint/ants/flint-vprec-single/sub-s014/ses-open/anat/01/1_Affine.nii.gz

DATA_DIR: /mnt/lustre/mathdugre/fast-interpolate/datasets/ds004513
OUTPUT_DIR: /mnt/lustre/mathdugre/fast-interpolate/datasets/ds004513/derivatives/flint/ants/flint-vprec-single/sub-s014/ses-open/anat
OUTPUT_PREFIX: 011
THREAD: 1
FLOAT: 0
VFC_BACKENDS: libinterflop_vprec.so --precision-binary32=23 --range-binary32=8 --precision-binary64=23 --range-binary64=8
---------------------

--output [/mnt/lustre/mathdugre/fast-interpolate/datasets/ds004513/derivatives/flint/ants/flint-vprec-single/sub-s014/ses-open/anat/011/1_,/mnt/lustre/mathdugre/fast-interpolate/datasets/ds004513/derivatives/flint/ants/flint-vprec-single/sub-s014/ses-open/anat/011/1_Warped.nii.gz,/mnt/lustre/mathdugre/fast-interpolate/datasets/ds004513/derivatives/flint/ants/flint-vprec-single/sub-s014/ses-open/anat/011/1_InverseSyN.nii.gz] --initial-moving-transform [/templateflow/tpl-MNI152NLin2009cAsym/tpl-MNI152NLin2009cAsym_res-01_desc-brain_T1w.nii.gz,/mnt/lustre/mathdugre/fast-interpolate/datasets/ds004513/derivatives/flint/ants/flint-vprec-single/sub-s014/ses-open/anat/01/1_Affine.nii.gz,1] --transform SyN[ 0.1,3,0 ] --metric CC[/templateflow/tpl-MNI152NLin2009cAsym/tpl-MNI152NLin2009cAsym_res-01_desc-brain_T1w.nii.gz,/mnt/lustre/mathdugre/fast-interpolate/datasets/ds004513/derivatives/flint/ants/flint-vprec-single/sub-s014/ses-open/anat/01/1_Affine.nii.gz,1,4] --convergence [100x70x50x20,1e-6,10] --shrink-factors 8x4x2x1 --smoothing-sigmas 3x2x1x0vox
All_Command_lines_OK
Using double precision for computations.
=============================================================================
The composite transform comprises the following transforms (in order): 
  1. Center of mass alignment using fixed image: /templateflow/tpl-MNI152NLin2009cAsym/tpl-MNI152NLin2009cAsym_res-01_desc-brain_T1w.nii.gz and moving image: /mnt/lustre/mathdugre/fast-interpolate/datasets/ds004513/derivatives/flint/ants/flint-vprec-single/sub-s014/ses-open/anat/01/1_Affine.nii.gz (type = Euler3DTransform)
=============================================================================
  number of levels = 4
  fixed image: /templateflow/tpl-MNI152NLin2009cAsym/tpl-MNI152NLin2009cAsym_res-01_desc-brain_T1w.nii.gz
  moving image: /mnt/lustre/mathdugre/fast-interpolate/datasets/ds004513/derivatives/flint/ants/flint-vprec-single/sub-s014/ses-open/anat/01/1_Affine.nii.gz
Dimension = 3
Number of stages = 1
Use histogram matching = false
Winsorize image intensities = true
  Lower quantile = 0.005
  Upper quantile = 0.995


Stage 1 State
   Image metric = CC
     Fixed image = Image (0x4aa1b50)
  RTTI typeinfo:   itk::Image<double, 3u>
  Reference Count: 2
  Modified Time: 1622
  Debug: Off
  Object Name: 
  Observers: 
    none
  Source: (none)
  Source output name: (none)
  Release Data: Off
  Data Released: False
  Global Release Data: Off
  PipelineMTime: 0
  UpdateMTime: 1407
  RealTimeStamp: 0 seconds 
  LargestPossibleRegion: 
    Dimension: 3
    Index: [0, 0, 0]
    Size: [193, 229, 193]
  BufferedRegion: 
    Dimension: 3
    Index: [0, 0, 0]
    Size: [193, 229, 193]
  RequestedRegion: 
    Dimension: 3
    Index: [0, 0, 0]
    Size: [193, 229, 193]
  Spacing: [1, 1, 1]
  Origin: [96, 132, -78]
  Direction: 
-1 0 0
0 -1 0
0 0 1

  IndexToPointMatrix: 
-1 0 0
0 -1 0
0 0 1

  PointToIndexMatrix: 
-1 0 0
0 -1 0
0 0 1

  Inverse Direction: 
-1 0 0
0 -1 0
0 0 1

  PixelContainer: 
    ImportImageContainer (0x4b1a6d0)
      RTTI typeinfo:   itk::ImportImageContainer<unsigned long, double>
      Reference Count: 1
      Modified Time: 1404
      Debug: Off
      Object Name: 
      Observers: 
        none
      Pointer: 0x7f1a9895a010
      Container manages memory: true
      Size: 8530021
      Capacity: 8530021

     Moving image = Image (0x4aadd60)
  RTTI typeinfo:   itk::Image<double, 3u>
  Reference Count: 2
  Modified Time: 1623
  Debug: Off
  Object Name: 
  Observers: 
    none
  Source: (none)
  Source output name: (none)
  Release Data: Off
  Data Released: False
  Global Release Data: Off
  PipelineMTime: 0
  UpdateMTime: 1620
  RealTimeStamp: 0 seconds 
  LargestPossibleRegion: 
    Dimension: 3
    Index: [0, 0, 0]
    Size: [193, 229, 193]
  BufferedRegion: 
    Dimension: 3
    Index: [0, 0, 0]
    Size: [193, 229, 193]
  RequestedRegion: 
    Dimension: 3
    Index: [0, 0, 0]
    Size: [193, 229, 193]
  Spacing: [1, 1, 1]
  Origin: [96, 132, -78]
  Direction: 
-1 0 0
0 -1 0
0 0 1

  IndexToPointMatrix: 
-1 0 0
0 -1 0
0 0 1

  PointToIndexMatrix: 
-1 0 0
0 -1 0
0 0 1

  Inverse Direction: 
-1 0 0
0 -1 0
0 0 1

  PixelContainer: 
    ImportImageContainer (0x4b7a7d0)
      RTTI typeinfo:   itk::ImportImageContainer<unsigned long, double>
      Reference Count: 1
      Modified Time: 1617
      Debug: Off
      Object Name: 
      Observers: 
        none
      Pointer: 0x7f1a94845010
      Container manages memory: true
      Size: 8530021
      Capacity: 8530021

     Weighting = 1
     Sampling strategy = none
     Number of bins = 32
     Radius = 4
     Sampling percentage  = 1
   Transform = SyN
     Gradient step = 0.1
     Update field sigma (voxel space) = 3
     Total field sigma (voxel space) = 0
     Update field time sigma = 0
     Total field time sigma  = 0
     Number of time indices = 0
     Number of time point samples = 0
Registration using 1 total stages.

Stage 0
  iterations = 100x70x50x20
  convergence threshold = 1e-06
  convergence window size = 10
  number of levels = 4
  using the CC metric (radius = 4, weight = 1, use gradient filter = 0)
  preprocessing:  winsorizing the image intensities
  Shrink factors (level 1 out of 4): [8, 8, 8]
  Shrink factors (level 2 out of 4): [4, 4, 4]
  Shrink factors (level 3 out of 4): [2, 2, 2]
  Shrink factors (level 4 out of 4): [1, 1, 1]
  smoothing sigmas per level: [3, 2, 1, 0]
  Using default NONE metricSamplingStrategy 

*** Running SyN registration (varianceForUpdateField = 3, varianceForTotalField = 0) ***

XXDIAGNOSTIC,Iteration,metricValue,convergenceValue,ITERATION_TIME_INDEX,SINCE_LAST
 1DIAGNOSTIC,     1, -9.307634234428e-01, 1.797693134862e+308, 0.0000e+00, 0.0000e+00, 
 1DIAGNOSTIC,     2, -9.363058209419e-01, 1.797693134862e+308, 0.0000e+00, 0.0000e+00, 
 1DIAGNOSTIC,     3, -9.417828321457e-01, 1.797693134862e+308, 0.0000e+00, 0.0000e+00, 
 1DIAGNOSTIC,     4, -9.463547468185e-01, 1.797693134862e+308, 1.2800e+02, 1.2800e+02, 
 1DIAGNOSTIC,     5, -9.502665996552e-01, 1.797693134862e+308, 1.2800e+02, 0.0000e+00, 
 1DIAGNOSTIC,     6, -9.537280201912e-01, 1.797693134862e+308, 1.2800e+02, 0.0000e+00, 
 1DIAGNOSTIC,     7, -9.578959941864e-01, 1.797693134862e+308, 1.2800e+02, 0.0000e+00, 
 1DIAGNOSTIC,     8, -9.625339508057e-01, 1.797693134862e+308, 1.2800e+02, 0.0000e+00, 
 1DIAGNOSTIC,     9, -9.665261507034e-01, 1.797693134862e+308, 1.2800e+02, 0.0000e+00, 
 1DIAGNOSTIC,    10, -9.693075418472e-01, 2.556145191193e-03, 1.2800e+02, 0.0000e+00, 
 1DIAGNOSTIC,    11, -9.694586396217e-01, 2.111174166203e-03, 1.2800e+02, 0.0000e+00, 
 1DIAGNOSTIC,    12, -9.699057936668e-01, 1.700177788734e-03, 2.5600e+02, 1.2800e+02, 
 1DIAGNOSTIC,    13, -9.702616930008e-01, 1.331336796284e-03, 2.5600e+02, 0.0000e+00, 
 1DIAGNOSTIC,    14, -9.703323841095e-01, 9.917244315147e-04, 2.5600e+02, 0.0000e+00, 
 1DIAGNOSTIC,    15, -9.708761572838e-01, 6.953626871109e-04, 2.5600e+02, 0.0000e+00, 
 1DIAGNOSTIC,    16, -9.708546996117e-01, 4.363432526588e-04, 2.5600e+02, 0.0000e+00, 
 1DIAGNOSTIC,    17, -9.715656638145e-01, 2.525076270103e-04, 2.5600e+02, 0.0000e+00, 
 1DIAGNOSTIC,    18, -9.714706540108e-01, 1.393221318722e-04, 2.5600e+02, 0.0000e+00, 
 1DIAGNOSTIC,    19, -9.721620678902e-01, 9.736046195030e-05, 2.5600e+02, 0.0000e+00, 
 1DIAGNOSTIC,    20, -9.720020294189e-01, 8.935108780861e-05, 3.8400e+02, 1.2800e+02, 
 1DIAGNOSTIC,    21, -9.725382328033e-01, 8.360296487808e-05, 3.8400e+02, 0.0000e+00, 
 1DIAGNOSTIC,    22, -9.723343849182e-01, 7.374957203865e-05, 3.8400e+02, 0.0000e+00, 
 1DIAGNOSTIC,    23, -9.727345705032e-01, 6.783753633499e-05, 3.8400e+02, 0.0000e+00, 
 1DIAGNOSTIC,    24, -9.725016355515e-01, 5.394965410233e-05, 3.8400e+02, 0.0000e+00, 
 1DIAGNOSTIC,    25, -9.728780984879e-01, 4.727020859718e-05, 3.8400e+02, 0.0000e+00, 
 1DIAGNOSTIC,    26, -9.726587533951e-01, 3.377348184586e-05, 3.8400e+02, 0.0000e+00, 
 1DIAGNOSTIC,    27, -9.729394912720e-01, 2.921745181084e-05, 5.1200e+02, 1.2800e+02, 
 1DIAGNOSTIC,    28, -9.727042913437e-01, 1.862272620201e-05, 5.1200e+02, 0.0000e+00, 
 1DIAGNOSTIC,    29, -9.730049967766e-01, 1.735985279083e-05, 5.1200e+02, 0.0000e+00, 
 1DIAGNOSTIC,    30, -9.727709889412e-01, 1.054629683495e-05, 5.1200e+02, 0.0000e+00, 
 1DIAGNOSTIC,    31, -9.730077981949e-01, 1.075863838196e-05, 5.1200e+02, 0.0000e+00, 
 1DIAGNOSTIC,    32, -9.727368950844e-01, 5.528330802917e-06, 5.1200e+02, 0.0000e+00, 
 1DIAGNOSTIC,    33, -9.730151891708e-01, 6.377696990967e-06, 5.1200e+02, 0.0000e+00, 
 1DIAGNOSTIC,    34, -9.727786183357e-01, 2.436339855194e-06, 5.1200e+02, 0.0000e+00, 
 1DIAGNOSTIC,    35, -9.729521274567e-01, 3.315508365631e-06, 6.4000e+02, 1.2800e+02, 
 1DIAGNOSTIC,    36, -9.726756811142e-01, -2.328306436539e-07, 6.4000e+02, 0.0000e+00, 
XXDIAGNOSTIC,Iteration,metricValue,convergenceValue,ITERATION_TIME_INDEX,SINCE_LAST
 1DIAGNOSTIC,     1, -9.156252145767e-01, 1.797693134862e+308, 7.6800e+02, 1.2800e+02, 
 1DIAGNOSTIC,     2, -9.180033206940e-01, 1.797693134862e+308, 8.9600e+02, 1.2800e+02, 
 1DIAGNOSTIC,     3, -9.208037257195e-01, 1.797693134862e+308, 1.0240e+03, 1.2800e+02, 
 1DIAGNOSTIC,     4, -9.242584705353e-01, 1.797693134862e+308, 1.2800e+03, 2.5600e+02, 
 1DIAGNOSTIC,     5, -9.273540973663e-01, 1.797693134862e+308, 1.4080e+03, 1.2800e+02, 
 1DIAGNOSTIC,     6, -9.301073551178e-01, 1.797693134862e+308, 1.5360e+03, 1.2800e+02, 
 1DIAGNOSTIC,     7, -9.321507215500e-01, 1.797693134862e+308, 1.6640e+03, 1.2800e+02, 
 1DIAGNOSTIC,     8, -9.339257478714e-01, 1.797693134862e+308, 1.7920e+03, 1.2800e+02, 
 1DIAGNOSTIC,     9, -9.355038404465e-01, 1.797693134862e+308, 1.9200e+03, 1.2800e+02, 
 1DIAGNOSTIC,    10, -9.368830919266e-01, 1.532271504402e-03, 2.0480e+03, 1.2800e+02, 
 1DIAGNOSTIC,    11, -9.381216168404e-01, 1.268170773983e-03, 2.3040e+03, 2.5600e+02, 
 1DIAGNOSTIC,    12, -9.392110109329e-01, 1.022599637508e-03, 2.4320e+03, 1.2800e+02, 
 1DIAGNOSTIC,    13, -9.400864243507e-01, 8.082389831543e-04, 2.5600e+03, 1.2800e+02, 
 1DIAGNOSTIC,    14, -9.409806728363e-01, 6.453320384026e-04, 2.6880e+03, 1.2800e+02, 
 1DIAGNOSTIC,    15, -9.416743516922e-01, 5.215927958488e-04, 2.8160e+03, 1.2800e+02, 
 1DIAGNOSTIC,    16, -9.423037767410e-01, 4.296004772186e-04, 2.9440e+03, 1.2800e+02, 
 1DIAGNOSTIC,    17, -9.430012106895e-01, 3.577545285225e-04, 3.0720e+03, 1.2800e+02, 
 1DIAGNOSTIC,    18, -9.433101415634e-01, 2.958327531815e-04, 3.3280e+03, 2.5600e+02, 
 1DIAGNOSTIC,    19, -9.436206817627e-01, 2.432018518448e-04, 3.4560e+03, 1.2800e+02, 
 1DIAGNOSTIC,    20, -9.439295530319e-01, 1.988336443901e-04, 3.5840e+03, 1.2800e+02, 
 1DIAGNOSTIC,    21, -9.442192316055e-01, 1.621581614017e-04, 3.7120e+03, 1.2800e+02, 
 1DIAGNOSTIC,    22, -9.444827437401e-01, 1.323074102402e-04, 3.8400e+03, 1.2800e+02, 
 1DIAGNOSTIC,    23, -9.447374343872e-01, 1.075528562069e-04, 3.9680e+03, 1.2800e+02, 
 1DIAGNOSTIC,    24, -9.449553489685e-01, 8.890777826309e-05, 4.0960e+03, 1.2800e+02, 
 1DIAGNOSTIC,    25, -9.451532363892e-01, 7.422268390656e-05, 4.3520e+03, 2.5600e+02, 
 1DIAGNOSTIC,    26, -9.453240036964e-01, 6.295740604401e-05, 4.4800e+03, 1.2800e+02, 
 1DIAGNOSTIC,    27, -9.454801082611e-01, 5.625933408737e-05, 4.6080e+03, 1.2800e+02, 
 1DIAGNOSTIC,    28, -9.456214308739e-01, 4.965066909790e-05, 4.7360e+03, 1.2800e+02, 
 1DIAGNOSTIC,    29, -9.457411766052e-01, 4.335865378380e-05, 4.8640e+03, 1.2800e+02, 
 1DIAGNOSTIC,    30, -9.458506107330e-01, 3.767386078835e-05, 4.9920e+03, 1.2800e+02, 
 1DIAGNOSTIC,    31, -9.459474682808e-01, 3.262236714363e-05, 5.1200e+03, 1.2800e+02, 
 1DIAGNOSTIC,    32, -9.460304975510e-01, 2.813339233398e-05, 5.3760e+03, 2.5600e+02, 
 1DIAGNOSTIC,    33, -9.461116790771e-01, 2.439692616463e-05, 5.5040e+03, 1.2800e+02, 
 1DIAGNOSTIC,    34, -9.461817741394e-01, 2.118200063705e-05, 5.6320e+03, 1.2800e+02, 
 1DIAGNOSTIC,    35, -9.462428689003e-01, 1.843646168709e-05, 5.7600e+03, 1.2800e+02, 
 1DIAGNOSTIC,    36, -9.463012218475e-01, 1.609511673450e-05, 5.8880e+03, 1.2800e+02, 
 1DIAGNOSTIC,    37, -9.463474750519e-01, 1.405552029610e-05, 6.0160e+03, 1.2800e+02, 
 1DIAGNOSTIC,    38, -9.463847279549e-01, 1.227669417858e-05, 6.1440e+03, 1.2800e+02, 
 1DIAGNOSTIC,    39, -9.464334249496e-01, 1.079402863979e-05, 6.4000e+03, 2.5600e+02, 
 1DIAGNOSTIC,    40, -9.464628100395e-01, 9.460374712944e-06, 6.5280e+03, 1.2800e+02, 
 1DIAGNOSTIC,    41, -9.464930295944e-01, 8.299946784973e-06, 6.6560e+03, 1.2800e+02, 
 1DIAGNOSTIC,    42, -9.465264678001e-01, 7.303431630135e-06, 6.7840e+03, 1.2800e+02, 
 1DIAGNOSTIC,    43, -9.465497136116e-01, 6.454065442085e-06, 6.9120e+03, 1.2800e+02, 
 1DIAGNOSTIC,    44, -9.465613365173e-01, 5.645677447319e-06, 7.0400e+03, 1.2800e+02, 
 1DIAGNOSTIC,    45, -9.465754628181e-01, 4.908069968224e-06, 7.1680e+03, 1.2800e+02, 
 1DIAGNOSTIC,    46, -9.465822577477e-01, 4.226341843605e-06, 7.4240e+03, 2.5600e+02, 
 1DIAGNOSTIC,    47, -9.465873837471e-01, 3.555789589882e-06, 7.5520e+03, 1.2800e+02, 
 1DIAGNOSTIC,    48, -9.465856552124e-01, 2.859160304070e-06, 7.6800e+03, 1.2800e+02, 
 1DIAGNOSTIC,    49, -9.465814828873e-01, 2.255663275719e-06, 7.8080e+03, 1.2800e+02, 
 1DIAGNOSTIC,    50, -9.465767741203e-01, 1.667067408562e-06, 7.9360e+03, 1.2800e+02, 
 1DIAGNOSTIC,    51, -9.465672969818e-01, 1.123175024986e-06, 8.0640e+03, 1.2800e+02, 
 1DIAGNOSTIC,    52, -9.465557336807e-01, 6.835907697678e-07, 8.1920e+03, 1.2800e+02, 
XXDIAGNOSTIC,Iteration,metricValue,convergenceValue,ITERATION_TIME_INDEX,SINCE_LAST
 1DIAGNOSTIC,     1, -8.947267532349e-01, 1.797693134862e+308, 9.4720e+03, 1.2800e+03, 
 1DIAGNOSTIC,     2, -8.967297077179e-01, 1.797693134862e+308, 1.0752e+04, 1.2800e+03, 
 1DIAGNOSTIC,     3, -8.993014097214e-01, 1.797693134862e+308, 1.1904e+04, 1.1520e+03, 
 1DIAGNOSTIC,     4, -9.017994403839e-01, 1.797693134862e+308, 1.3184e+04, 1.2800e+03, 
 1DIAGNOSTIC,     5, -9.041339159012e-01, 1.797693134862e+308, 1.4336e+04, 1.1520e+03, 
 1DIAGNOSTIC,     6, -9.062231779099e-01, 1.797693134862e+308, 1.5616e+04, 1.2800e+03, 
 1DIAGNOSTIC,     7, -9.079464673996e-01, 1.797693134862e+308, 1.6768e+04, 1.1520e+03, 
 1DIAGNOSTIC,     8, -9.095047116280e-01, 1.797693134862e+308, 1.8048e+04, 1.2800e+03, 
 1DIAGNOSTIC,     9, -9.109095335007e-01, 1.797693134862e+308, 1.9200e+04, 1.1520e+03, 
 1DIAGNOSTIC,    10, -9.120051860809e-01, 1.261688768864e-03, 2.0352e+04, 1.1520e+03, 
 1DIAGNOSTIC,    11, -9.131717681885e-01, 1.051329076290e-03, 2.1632e+04, 1.2800e+03, 
 1DIAGNOSTIC,    12, -9.142475724220e-01, 8.615776896477e-04, 2.2784e+04, 1.1520e+03, 
 1DIAGNOSTIC,    13, -9.150477051735e-01, 7.039457559586e-04, 2.4064e+04, 1.2800e+03, 
 1DIAGNOSTIC,    14, -9.159396886826e-01, 5.803033709526e-04, 2.5216e+04, 1.1520e+03, 
 1DIAGNOSTIC,    15, -9.166240692139e-01, 4.826858639717e-04, 2.6496e+04, 1.2800e+03, 
 1DIAGNOSTIC,    16, -9.172816276550e-01, 4.064440727234e-04, 2.7648e+04, 1.1520e+03, 
 1DIAGNOSTIC,    17, -9.179228544235e-01, 3.449171781540e-04, 2.8928e+04, 1.2800e+03, 
 1DIAGNOSTIC,    18, -9.185507297516e-01, 2.960748970509e-04, 3.0080e+04, 1.1520e+03, 
 1DIAGNOSTIC,    19, -9.191854596138e-01, 2.583451569080e-04, 3.1360e+04, 1.2800e+03, 
 1DIAGNOSTIC,    20, -9.197899103165e-01, 2.267360687256e-04, 3.2512e+04, 1.1520e+03, 
 1DIAGNOSTIC,    21, -9.203958511353e-01, 2.031959593296e-04, 3.3792e+04, 1.2800e+03, 
 1DIAGNOSTIC,    22, -9.209572672844e-01, 1.859590411186e-04, 3.4944e+04, 1.1520e+03, 
 1DIAGNOSTIC,    23, -9.214978218079e-01, 1.708604395390e-04, 3.6224e+04, 1.2800e+03, 
 1DIAGNOSTIC,    24, -9.220139980316e-01, 1.592375338078e-04, 3.7376e+04, 1.1520e+03, 
 1DIAGNOSTIC,    25, -9.224807024002e-01, 1.478828489780e-04, 3.8656e+04, 1.2800e+03, 
 1DIAGNOSTIC,    26, -9.229112863541e-01, 1.364834606647e-04, 3.9808e+04, 1.1520e+03, 
 1DIAGNOSTIC,    27, -9.232980012894e-01, 1.249015331268e-04, 4.1088e+04, 1.2800e+03, 
 1DIAGNOSTIC,    28, -9.236569404602e-01, 1.133121550083e-04, 4.2240e+04, 1.1520e+03, 
 1DIAGNOSTIC,    29, -9.239860773087e-01, 1.021511852741e-04, 4.3520e+04, 1.2800e+03, 
 1DIAGNOSTIC,    30, -9.242908358574e-01, 9.148195385933e-05, 4.4672e+04, 1.1520e+03, 
 1DIAGNOSTIC,    31, -9.245840311050e-01, 8.185207843781e-05, 4.5952e+04, 1.2800e+03, 
 1DIAGNOSTIC,    32, -9.248570203781e-01, 7.317587733269e-05, 4.7104e+04, 1.1520e+03, 
 1DIAGNOSTIC,    33, -9.251248836517e-01, 6.568431854248e-05, 4.8384e+04, 1.2800e+03, 
 1DIAGNOSTIC,    34, -9.253733158112e-01, 5.940347909927e-05, 4.9536e+04, 1.1520e+03, 
 1DIAGNOSTIC,    35, -9.256139993668e-01, 5.411170423031e-05, 5.0816e+04, 1.2800e+03, 
 1DIAGNOSTIC,    36, -9.258452653885e-01, 4.970282316208e-05, 5.1968e+04, 1.1520e+03, 
 1DIAGNOSTIC,    37, -9.260667562485e-01, 4.591979086399e-05, 5.3248e+04, 1.2800e+03, 
 1DIAGNOSTIC,    38, -9.262812137604e-01, 4.266388714314e-05, 5.4400e+04, 1.1520e+03, 
 1DIAGNOSTIC,    39, -9.264746308327e-01, 3.969669342041e-05, 5.5680e+04, 1.2800e+03, 
 1DIAGNOSTIC,    40, -9.266605377197e-01, 3.692321479321e-05, 5.6832e+04, 1.1520e+03, 
 1DIAGNOSTIC,    41, -9.268357753754e-01, 3.433786332607e-05, 5.8112e+04, 1.2800e+03, 
 1DIAGNOSTIC,    42, -9.269911050797e-01, 3.178976476192e-05, 5.9264e+04, 1.1520e+03, 
 1DIAGNOSTIC,    43, -9.271368384361e-01, 2.933852374554e-05, 6.0544e+04, 1.2800e+03, 
 1DIAGNOSTIC,    44, -9.272711873055e-01, 2.692639827728e-05, 6.1696e+04, 1.1520e+03, 
 1DIAGNOSTIC,    45, -9.273900985718e-01, 2.455711364746e-05, 6.2976e+04, 1.2800e+03, 
 1DIAGNOSTIC,    46, -9.274945259094e-01, 2.224370837212e-05, 6.4128e+04, 1.1520e+03, 
 1DIAGNOSTIC,    47, -9.275830388069e-01, 1.998245716095e-05, 6.5408e+04, 1.2800e+03, 
 1DIAGNOSTIC,    48, -9.276533126831e-01, 1.777894794941e-05, 6.6560e+04, 1.1520e+03, 
 1DIAGNOSTIC,    49, -9.277175068855e-01, 1.563318073750e-05, 6.7840e+04, 1.2800e+03, 
 1DIAGNOSTIC,    50, -9.277653098106e-01, 1.356005668640e-05, 6.8992e+04, 1.1520e+03, 
XXDIAGNOSTIC,Iteration,metricValue,convergenceValue,ITERATION_TIME_INDEX,SINCE_LAST
 1DIAGNOSTIC,     1, -8.951474428177e-01, 1.797693134862e+308, 7.9104e+04, 1.0112e+04, 
 1DIAGNOSTIC,     2, -8.962934017181e-01, 1.797693134862e+308, 8.9088e+04, 9.9840e+03, 
 1DIAGNOSTIC,     3, -8.980137109756e-01, 1.797693134862e+308, 9.9072e+04, 9.9840e+03, 
 1DIAGNOSTIC,     4, -8.997603654861e-01, 1.797693134862e+308, 1.0906e+05, 9.9840e+03, 
 1DIAGNOSTIC,     5, -9.013558626175e-01, 1.797693134862e+308, 1.1891e+05, 9.8560e+03, 
 1DIAGNOSTIC,     6, -9.028595685959e-01, 1.797693134862e+308, 1.2890e+05, 9.9840e+03, 
 1DIAGNOSTIC,     7, -9.042905569077e-01, 1.797693134862e+308, 1.3875e+05, 9.8560e+03, 
 1DIAGNOSTIC,     8, -9.055274724960e-01, 1.797693134862e+308, 1.4874e+05, 9.9840e+03, 
 1DIAGNOSTIC,     9, -9.067405462265e-01, 1.797693134862e+308, 1.5872e+05, 9.9840e+03, 
 1DIAGNOSTIC,    10, -9.077616930008e-01, 9.291544556618e-04, 1.6870e+05, 9.9840e+03, 
 1DIAGNOSTIC,    11, -9.088431000710e-01, 8.088797330856e-04, 1.7869e+05, 9.9840e+03, 
 1DIAGNOSTIC,    12, -9.097489118576e-01, 6.893873214722e-04, 1.8867e+05, 9.9840e+03, 
 1DIAGNOSTIC,    13, -9.106723070145e-01, 5.895569920540e-04, 1.9866e+05, 9.9840e+03, 
 1DIAGNOSTIC,    14, -9.114613533020e-01, 5.070045590401e-04, 2.0864e+05, 9.9840e+03, 
 1DIAGNOSTIC,    15, -9.121694564819e-01, 4.371106624603e-04, 2.1862e+05, 9.9840e+03, 
 1DIAGNOSTIC,    16, -9.128348827362e-01, 3.781691193581e-04, 2.2861e+05, 9.9840e+03, 
 1DIAGNOSTIC,    17, -9.134492874146e-01, 3.288798034191e-04, 2.3859e+05, 9.9840e+03, 
 1DIAGNOSTIC,    18, -9.140407443047e-01, 2.863518893719e-04, 2.4858e+05, 9.9840e+03, 
 1DIAGNOSTIC,    19, -9.145894050598e-01, 2.507120370865e-04, 2.5843e+05, 9.8560e+03, 
 1DIAGNOSTIC,    20, -9.151042699814e-01, 2.192594110966e-04, 2.6842e+05, 9.9840e+03, 
  Elapsed time (stage 0): 268544


Total elapsed time: 268544
-i /mnt/lustre/mathdugre/fast-interpolate/datasets/ds004513/derivatives/flint/ants/flint-vprec-single/sub-s014/ses-open/anat/01/1_Affine.nii.gz -o /mnt/lustre/mathdugre/fast-interpolate/datasets/ds004513/derivatives/flint/ants/flint-vprec-single/sub-s014/ses-open/anat/011/1_transformed.nii.gz -t /mnt/lustre/mathdugre/fast-interpolate/datasets/ds004513/derivatives/flint/ants/flint-vprec-single/sub-s014/ses-open/anat/011/1_1Warp.nii.gz -t /mnt/lustre/mathdugre/fast-interpolate/datasets/ds004513/derivatives/flint/ants/flint-vprec-single/sub-s014/ses-open/anat/011/1_0GenericAffine.mat
