---------------------
Experiment information

SIF_IMG: /mnt/lustre/mathdugre/containers/ants-flint-vprec.simg
SIF_IMG_BASE: /mnt/lustre/mathdugre/containers/ants-flint-base.simg
EXPERIMENT_NAME: flint-vprec-single
STAGE: syn
SUBJECT_ID: s029
REPETITION_ID: 1

FIXED_IMG: /templateflow/tpl-MNI152NLin2009cAsym/tpl-MNI152NLin2009cAsym_res-01_desc-brain_T1w.nii.gz
INPUT_IMG: /mnt/lustre/mathdugre/fast-interpolate/datasets/ds004513/derivatives/flint/ants/flint-vprec-single/sub-s029/ses-open/anat/00/1_Affine.nii.gz

DATA_DIR: /mnt/lustre/mathdugre/fast-interpolate/datasets/ds004513
OUTPUT_DIR: /mnt/lustre/mathdugre/fast-interpolate/datasets/ds004513/derivatives/flint/ants/flint-vprec-single/sub-s029/ses-open/anat
OUTPUT_PREFIX: 001
THREAD: 1
FLOAT: 0
VFC_BACKENDS: libinterflop_vprec.so --precision-binary32=23 --range-binary32=8 --precision-binary64=23 --range-binary64=8
---------------------

--output [/mnt/lustre/mathdugre/fast-interpolate/datasets/ds004513/derivatives/flint/ants/flint-vprec-single/sub-s029/ses-open/anat/001/1_,/mnt/lustre/mathdugre/fast-interpolate/datasets/ds004513/derivatives/flint/ants/flint-vprec-single/sub-s029/ses-open/anat/001/1_Warped.nii.gz,/mnt/lustre/mathdugre/fast-interpolate/datasets/ds004513/derivatives/flint/ants/flint-vprec-single/sub-s029/ses-open/anat/001/1_InverseSyN.nii.gz] --initial-moving-transform [/templateflow/tpl-MNI152NLin2009cAsym/tpl-MNI152NLin2009cAsym_res-01_desc-brain_T1w.nii.gz,/mnt/lustre/mathdugre/fast-interpolate/datasets/ds004513/derivatives/flint/ants/flint-vprec-single/sub-s029/ses-open/anat/00/1_Affine.nii.gz,1] --transform SyN[ 0.1,3,0 ] --metric CC[/templateflow/tpl-MNI152NLin2009cAsym/tpl-MNI152NLin2009cAsym_res-01_desc-brain_T1w.nii.gz,/mnt/lustre/mathdugre/fast-interpolate/datasets/ds004513/derivatives/flint/ants/flint-vprec-single/sub-s029/ses-open/anat/00/1_Affine.nii.gz,1,4] --convergence [100x70x50x20,1e-6,10] --shrink-factors 8x4x2x1 --smoothing-sigmas 3x2x1x0vox
All_Command_lines_OK
Using double precision for computations.
=============================================================================
The composite transform comprises the following transforms (in order): 
  1. Center of mass alignment using fixed image: /templateflow/tpl-MNI152NLin2009cAsym/tpl-MNI152NLin2009cAsym_res-01_desc-brain_T1w.nii.gz and moving image: /mnt/lustre/mathdugre/fast-interpolate/datasets/ds004513/derivatives/flint/ants/flint-vprec-single/sub-s029/ses-open/anat/00/1_Affine.nii.gz (type = Euler3DTransform)
=============================================================================
  number of levels = 4
  fixed image: /templateflow/tpl-MNI152NLin2009cAsym/tpl-MNI152NLin2009cAsym_res-01_desc-brain_T1w.nii.gz
  moving image: /mnt/lustre/mathdugre/fast-interpolate/datasets/ds004513/derivatives/flint/ants/flint-vprec-single/sub-s029/ses-open/anat/00/1_Affine.nii.gz
Dimension = 3
Number of stages = 1
Use histogram matching = false
Winsorize image intensities = true
  Lower quantile = 0.005
  Upper quantile = 0.995


Stage 1 State
   Image metric = CC
     Fixed image = Image (0x378ab50)
  RTTI typeinfo:   itk::Image<double, 3u>
  Reference Count: 2
  Modified Time: 1622
  Debug: Off
  Object Name: 
  Observers: 
    none
  Source: (none)
  Source output name: (none)
  Release Data: Off
  Data Released: False
  Global Release Data: Off
  PipelineMTime: 0
  UpdateMTime: 1407
  RealTimeStamp: 0 seconds 
  LargestPossibleRegion: 
    Dimension: 3
    Index: [0, 0, 0]
    Size: [193, 229, 193]
  BufferedRegion: 
    Dimension: 3
    Index: [0, 0, 0]
    Size: [193, 229, 193]
  RequestedRegion: 
    Dimension: 3
    Index: [0, 0, 0]
    Size: [193, 229, 193]
  Spacing: [1, 1, 1]
  Origin: [96, 132, -78]
  Direction: 
-1 0 0
0 -1 0
0 0 1

  IndexToPointMatrix: 
-1 0 0
0 -1 0
0 0 1

  PointToIndexMatrix: 
-1 0 0
0 -1 0
0 0 1

  Inverse Direction: 
-1 0 0
0 -1 0
0 0 1

  PixelContainer: 
    ImportImageContainer (0x38036d0)
      RTTI typeinfo:   itk::ImportImageContainer<unsigned long, double>
      Reference Count: 1
      Modified Time: 1404
      Debug: Off
      Object Name: 
      Observers: 
        none
      Pointer: 0x7ff58868b010
      Container manages memory: true
      Size: 8530021
      Capacity: 8530021

     Moving image = Image (0x3796d60)
  RTTI typeinfo:   itk::Image<double, 3u>
  Reference Count: 2
  Modified Time: 1623
  Debug: Off
  Object Name: 
  Observers: 
    none
  Source: (none)
  Source output name: (none)
  Release Data: Off
  Data Released: False
  Global Release Data: Off
  PipelineMTime: 0
  UpdateMTime: 1620
  RealTimeStamp: 0 seconds 
  LargestPossibleRegion: 
    Dimension: 3
    Index: [0, 0, 0]
    Size: [193, 229, 193]
  BufferedRegion: 
    Dimension: 3
    Index: [0, 0, 0]
    Size: [193, 229, 193]
  RequestedRegion: 
    Dimension: 3
    Index: [0, 0, 0]
    Size: [193, 229, 193]
  Spacing: [1, 1, 1]
  Origin: [96, 132, -78]
  Direction: 
-1 0 0
0 -1 0
0 0 1

  IndexToPointMatrix: 
-1 0 0
0 -1 0
0 0 1

  PointToIndexMatrix: 
-1 0 0
0 -1 0
0 0 1

  Inverse Direction: 
-1 0 0
0 -1 0
0 0 1

  PixelContainer: 
    ImportImageContainer (0x38637d0)
      RTTI typeinfo:   itk::ImportImageContainer<unsigned long, double>
      Reference Count: 1
      Modified Time: 1617
      Debug: Off
      Object Name: 
      Observers: 
        none
      Pointer: 0x7ff584576010
      Container manages memory: true
      Size: 8530021
      Capacity: 8530021

     Weighting = 1
     Sampling strategy = none
     Number of bins = 32
     Radius = 4
     Sampling percentage  = 1
   Transform = SyN
     Gradient step = 0.1
     Update field sigma (voxel space) = 3
     Total field sigma (voxel space) = 0
     Update field time sigma = 0
     Total field time sigma  = 0
     Number of time indices = 0
     Number of time point samples = 0
Registration using 1 total stages.

Stage 0
  iterations = 100x70x50x20
  convergence threshold = 1e-06
  convergence window size = 10
  number of levels = 4
  using the CC metric (radius = 4, weight = 1, use gradient filter = 0)
  preprocessing:  winsorizing the image intensities
  Shrink factors (level 1 out of 4): [8, 8, 8]
  Shrink factors (level 2 out of 4): [4, 4, 4]
  Shrink factors (level 3 out of 4): [2, 2, 2]
  Shrink factors (level 4 out of 4): [1, 1, 1]
  smoothing sigmas per level: [3, 2, 1, 0]
  Using default NONE metricSamplingStrategy 

*** Running SyN registration (varianceForUpdateField = 3, varianceForTotalField = 0) ***

XXDIAGNOSTIC,Iteration,metricValue,convergenceValue,ITERATION_TIME_INDEX,SINCE_LAST
 1DIAGNOSTIC,     1, -9.283730387688e-01, 1.797693134862e+308, 0.0000e+00, 0.0000e+00, 
 1DIAGNOSTIC,     2, -9.374436140060e-01, 1.797693134862e+308, 0.0000e+00, 0.0000e+00, 
 1DIAGNOSTIC,     3, -9.448675513268e-01, 1.797693134862e+308, 0.0000e+00, 0.0000e+00, 
 1DIAGNOSTIC,     4, -9.508891701698e-01, 1.797693134862e+308, 1.2800e+02, 1.2800e+02, 
 1DIAGNOSTIC,     5, -9.549788832664e-01, 1.797693134862e+308, 1.2800e+02, 0.0000e+00, 
 1DIAGNOSTIC,     6, -9.583796858788e-01, 1.797693134862e+308, 1.2800e+02, 0.0000e+00, 
 1DIAGNOSTIC,     7, -9.611516594887e-01, 1.797693134862e+308, 1.2800e+02, 0.0000e+00, 
 1DIAGNOSTIC,     8, -9.633142352104e-01, 1.797693134862e+308, 1.2800e+02, 0.0000e+00, 
 1DIAGNOSTIC,     9, -9.653773903847e-01, 1.797693134862e+308, 1.2800e+02, 0.0000e+00, 
 1DIAGNOSTIC,    10, -9.669219255447e-01, 2.426050603390e-03, 1.2800e+02, 0.0000e+00, 
 1DIAGNOSTIC,    11, -9.681389927864e-01, 1.748360693455e-03, 1.2800e+02, 0.0000e+00, 
 1DIAGNOSTIC,    12, -9.692248702049e-01, 1.277290284634e-03, 2.5600e+02, 1.2800e+02, 
 1DIAGNOSTIC,    13, -9.699704647064e-01, 9.487047791481e-04, 2.5600e+02, 0.0000e+00, 
 1DIAGNOSTIC,    14, -9.705984592438e-01, 7.212311029434e-04, 2.5600e+02, 0.0000e+00, 
 1DIAGNOSTIC,    15, -9.711610674858e-01, 5.496740341187e-04, 2.5600e+02, 0.0000e+00, 
 1DIAGNOSTIC,    16, -9.716516733170e-01, 4.208162426949e-04, 2.5600e+02, 0.0000e+00, 
 1DIAGNOSTIC,    17, -9.720758199692e-01, 3.238022327423e-04, 2.5600e+02, 0.0000e+00, 
 1DIAGNOSTIC,    18, -9.724420905113e-01, 2.489350736141e-04, 2.5600e+02, 0.0000e+00, 
 1DIAGNOSTIC,    19, -9.727660417557e-01, 1.958794891834e-04, 2.5600e+02, 0.0000e+00, 
 1DIAGNOSTIC,    20, -9.730306267738e-01, 1.565627753735e-04, 3.8400e+02, 1.2800e+02, 
 1DIAGNOSTIC,    21, -9.732747077942e-01, 1.268349587917e-04, 3.8400e+02, 0.0000e+00, 
 1DIAGNOSTIC,    22, -9.735184907913e-01, 1.058019697666e-04, 3.8400e+02, 0.0000e+00, 
 1DIAGNOSTIC,    23, -9.737060070038e-01, 8.866935968399e-05, 3.8400e+02, 0.0000e+00, 
 1DIAGNOSTIC,    24, -9.738473892212e-01, 7.414072751999e-05, 3.8400e+02, 0.0000e+00, 
 1DIAGNOSTIC,    25, -9.740052819252e-01, 6.234645843506e-05, 3.8400e+02, 0.0000e+00, 
 1DIAGNOSTIC,    26, -9.740827083588e-01, 5.207583308220e-05, 3.8400e+02, 0.0000e+00, 
 1DIAGNOSTIC,    27, -9.742349982262e-01, 4.400312900543e-05, 3.8400e+02, 0.0000e+00, 
 1DIAGNOSTIC,    28, -9.742395877838e-01, 3.629922866821e-05, 5.1200e+02, 1.2800e+02, 
 1DIAGNOSTIC,    29, -9.743432402611e-01, 3.013759851456e-05, 5.1200e+02, 0.0000e+00, 
 1DIAGNOSTIC,    30, -9.742374420166e-01, 2.314522862434e-05, 5.1200e+02, 0.0000e+00, 
 1DIAGNOSTIC,    31, -9.743177294731e-01, 1.760199666023e-05, 5.1200e+02, 0.0000e+00, 
 1DIAGNOSTIC,    32, -9.741561412811e-01, 1.153349876404e-05, 5.1200e+02, 0.0000e+00, 
 1DIAGNOSTIC,    33, -9.742528796196e-01, 7.390975952148e-06, 5.1200e+02, 0.0000e+00, 
 1DIAGNOSTIC,    34, -9.740988016129e-01, 2.723187208176e-06, 5.1200e+02, 0.0000e+00, 
 1DIAGNOSTIC,    35, -9.742589592934e-01, 8.512288331985e-07, 6.4000e+02, 1.2800e+02, 
XXDIAGNOSTIC,Iteration,metricValue,convergenceValue,ITERATION_TIME_INDEX,SINCE_LAST
 1DIAGNOSTIC,     1, -9.165366888046e-01, 1.797693134862e+308, 7.6800e+02, 1.2800e+02, 
 1DIAGNOSTIC,     2, -9.188150167465e-01, 1.797693134862e+308, 8.9600e+02, 1.2800e+02, 
 1DIAGNOSTIC,     3, -9.215635061264e-01, 1.797693134862e+308, 1.0240e+03, 1.2800e+02, 
 1DIAGNOSTIC,     4, -9.244686961174e-01, 1.797693134862e+308, 1.1520e+03, 1.2800e+02, 
 1DIAGNOSTIC,     5, -9.268258810043e-01, 1.797693134862e+308, 1.4080e+03, 2.5600e+02, 
 1DIAGNOSTIC,     6, -9.288864731789e-01, 1.797693134862e+308, 1.5360e+03, 1.2800e+02, 
 1DIAGNOSTIC,     7, -9.306854009628e-01, 1.797693134862e+308, 1.6640e+03, 1.2800e+02, 
 1DIAGNOSTIC,     8, -9.322702884674e-01, 1.797693134862e+308, 1.7920e+03, 1.2800e+02, 
 1DIAGNOSTIC,     9, -9.336760044098e-01, 1.797693134862e+308, 1.9200e+03, 1.2800e+02, 
 1DIAGNOSTIC,    10, -9.349803328514e-01, 1.296758651733e-03, 2.0480e+03, 1.2800e+02, 
 1DIAGNOSTIC,    11, -9.361644983292e-01, 1.071617007256e-03, 2.1760e+03, 1.2800e+02, 
 1DIAGNOSTIC,    12, -9.372394084930e-01, 8.729025721550e-04, 2.3040e+03, 1.2800e+02, 
 1DIAGNOSTIC,    13, -9.382420182228e-01, 7.133781909943e-04, 2.5600e+03, 2.5600e+02, 
 1DIAGNOSTIC,    14, -9.391801357269e-01, 5.952268838882e-04, 2.6880e+03, 1.2800e+02, 
 1DIAGNOSTIC,    15, -9.398708343506e-01, 5.000829696655e-04, 2.8160e+03, 1.2800e+02, 
 1DIAGNOSTIC,    16, -9.406604170799e-01, 4.250705242157e-04, 2.9440e+03, 1.2800e+02, 
 1DIAGNOSTIC,    17, -9.411979913712e-01, 3.613643348217e-04, 3.0720e+03, 1.2800e+02, 
 1DIAGNOSTIC,    18, -9.418735504150e-01, 3.094673156738e-04, 3.2000e+03, 1.2800e+02, 
 1DIAGNOSTIC,    19, -9.421893358231e-01, 2.617351710796e-04, 3.3280e+03, 1.2800e+02, 
 1DIAGNOSTIC,    20, -9.427665472031e-01, 2.230890095234e-04, 3.4560e+03, 1.2800e+02, 
 1DIAGNOSTIC,    21, -9.429493546486e-01, 1.870207488537e-04, 3.7120e+03, 2.5600e+02, 
 1DIAGNOSTIC,    22, -9.432931542397e-01, 1.563578844070e-04, 3.8400e+03, 1.2800e+02, 
 1DIAGNOSTIC,    23, -9.435763359070e-01, 1.306533813477e-04, 3.9680e+03, 1.2800e+02, 
 1DIAGNOSTIC,    24, -9.436229467392e-01, 1.073181629181e-04, 4.0960e+03, 1.2800e+02, 
 1DIAGNOSTIC,    25, -9.436807036400e-01, 8.489191532135e-05, 4.2240e+03, 1.2800e+02, 
 1DIAGNOSTIC,    26, -9.437324404716e-01, 6.612390279770e-05, 4.3520e+03, 1.2800e+02, 
 1DIAGNOSTIC,    27, -9.437929987907e-01, 4.920735955238e-05, 4.4800e+03, 1.2800e+02, 
 1DIAGNOSTIC,    28, -9.438604116440e-01, 3.698840737343e-05, 4.7360e+03, 2.5600e+02, 
 1DIAGNOSTIC,    29, -9.439262747765e-01, 2.609938383102e-05, 4.8640e+03, 1.2800e+02, 
 1DIAGNOSTIC,    30, -9.439969062805e-01, 2.016499638557e-05, 4.9920e+03, 1.2800e+02, 
 1DIAGNOSTIC,    31, -9.440631270409e-01, 1.516193151474e-05, 5.1200e+03, 1.2800e+02, 
 1DIAGNOSTIC,    32, -9.441377520561e-01, 1.303106546402e-05, 5.2480e+03, 1.2800e+02, 
 1DIAGNOSTIC,    33, -9.442112445831e-01, 1.314654946327e-05, 5.3760e+03, 1.2800e+02, 
 1DIAGNOSTIC,    34, -9.442850947380e-01, 1.316517591476e-05, 5.5040e+03, 1.2800e+02, 
 1DIAGNOSTIC,    35, -9.443612098694e-01, 1.316331326962e-05, 5.7600e+03, 2.5600e+02, 
 1DIAGNOSTIC,    36, -9.444452524185e-01, 1.312233507633e-05, 5.8880e+03, 1.2800e+02, 
 1DIAGNOSTIC,    37, -9.445384740829e-01, 1.316890120506e-05, 6.0160e+03, 1.2800e+02, 
 1DIAGNOSTIC,    38, -9.446324706078e-01, 1.331232488155e-05, 6.1440e+03, 1.2800e+02, 
 1DIAGNOSTIC,    39, -9.447307586670e-01, 1.351162791252e-05, 6.2720e+03, 1.2800e+02, 
 1DIAGNOSTIC,    40, -9.448323845863e-01, 1.378171145916e-05, 6.4000e+03, 1.2800e+02, 
 1DIAGNOSTIC,    41, -9.449382424355e-01, 1.405738294125e-05, 6.5280e+03, 1.2800e+02, 
 1DIAGNOSTIC,    42, -9.450513124466e-01, 1.438334584236e-05, 6.7840e+03, 2.5600e+02, 
 1DIAGNOSTIC,    43, -9.451550841331e-01, 1.462176442146e-05, 6.9120e+03, 1.2800e+02, 
 1DIAGNOSTIC,    44, -9.452717900276e-01, 1.483038067818e-05, 7.0400e+03, 1.2800e+02, 
 1DIAGNOSTIC,    45, -9.453970193863e-01, 1.500919461250e-05, 7.1680e+03, 1.2800e+02, 
 1DIAGNOSTIC,    46, -9.455304145813e-01, 1.521967351437e-05, 7.2960e+03, 1.2800e+02, 
 1DIAGNOSTIC,    47, -9.456647634506e-01, 1.548044383526e-05, 7.4240e+03, 1.2800e+02, 
 1DIAGNOSTIC,    48, -9.458136558533e-01, 1.582503318787e-05, 7.5520e+03, 1.2800e+02, 
 1DIAGNOSTIC,    49, -9.459577798843e-01, 1.618452370167e-05, 7.6800e+03, 1.2800e+02, 
 1DIAGNOSTIC,    50, -9.461174011230e-01, 1.659616827965e-05, 7.9360e+03, 2.5600e+02, 
 1DIAGNOSTIC,    51, -9.462772607803e-01, 1.701712608337e-05, 8.0640e+03, 1.2800e+02, 
 1DIAGNOSTIC,    52, -9.464272260666e-01, 1.735612750053e-05, 8.1920e+03, 1.2800e+02, 
 1DIAGNOSTIC,    53, -9.465733766556e-01, 1.748837530613e-05, 8.3200e+03, 1.2800e+02, 
 1DIAGNOSTIC,    54, -9.467110633850e-01, 1.739710569382e-05, 8.4480e+03, 1.2800e+02, 
 1DIAGNOSTIC,    55, -9.468367695808e-01, 1.705996692181e-05, 8.5760e+03, 1.2800e+02, 
 1DIAGNOSTIC,    56, -9.469554424286e-01, 1.648813486099e-05, 8.7040e+03, 1.2800e+02, 
 1DIAGNOSTIC,    57, -9.470657706261e-01, 1.569278538227e-05, 8.9600e+03, 2.5600e+02, 
 1DIAGNOSTIC,    58, -9.471644163132e-01, 1.474469900131e-05, 9.0880e+03, 1.2800e+02, 
 1DIAGNOSTIC,    59, -9.472614526749e-01, 1.367926597595e-05, 9.2160e+03, 1.2800e+02, 
 1DIAGNOSTIC,    60, -9.473555088043e-01, 1.264736056328e-05, 9.3440e+03, 1.2800e+02, 
 1DIAGNOSTIC,    61, -9.474428892136e-01, 1.169368624687e-05, 9.4720e+03, 1.2800e+02, 
 1DIAGNOSTIC,    62, -9.475218057632e-01, 1.079589128494e-05, 9.6000e+03, 1.2800e+02, 
 1DIAGNOSTIC,    63, -9.476014375687e-01, 1.000799238682e-05, 9.7280e+03, 1.2800e+02, 
 1DIAGNOSTIC,    64, -9.476845264435e-01, 9.357929229736e-06, 9.9840e+03, 2.5600e+02, 
 1DIAGNOSTIC,    65, -9.477543830872e-01, 8.767470717430e-06, 1.0112e+04, 1.2800e+02, 
 1DIAGNOSTIC,    66, -9.478223323822e-01, 8.242204785347e-06, 1.0240e+04, 1.2800e+02, 
 1DIAGNOSTIC,    67, -9.478904008865e-01, 7.782131433487e-06, 1.0368e+04, 1.2800e+02, 
 1DIAGNOSTIC,    68, -9.479537010193e-01, 7.340684533119e-06, 1.0496e+04, 1.2800e+02, 
 1DIAGNOSTIC,    69, -9.480158686638e-01, 6.936490535736e-06, 1.0624e+04, 1.2800e+02, 
 1DIAGNOSTIC,    70, -9.480782747269e-01, 6.584450602531e-06, 1.0752e+04, 1.2800e+02, 
XXDIAGNOSTIC,Iteration,metricValue,convergenceValue,ITERATION_TIME_INDEX,SINCE_LAST
 1DIAGNOSTIC,     1, -9.010541439056e-01, 1.797693134862e+308, 1.2032e+04, 1.2800e+03, 
 1DIAGNOSTIC,     2, -9.028158187866e-01, 1.797693134862e+308, 1.3312e+04, 1.2800e+03, 
 1DIAGNOSTIC,     3, -9.050967097282e-01, 1.797693134862e+308, 1.4464e+04, 1.1520e+03, 
 1DIAGNOSTIC,     4, -9.072787761688e-01, 1.797693134862e+308, 1.5616e+04, 1.1520e+03, 
 1DIAGNOSTIC,     5, -9.093112349510e-01, 1.797693134862e+308, 1.6896e+04, 1.2800e+03, 
 1DIAGNOSTIC,     6, -9.112517833710e-01, 1.797693134862e+308, 1.8048e+04, 1.1520e+03, 
 1DIAGNOSTIC,     7, -9.131450653076e-01, 1.797693134862e+308, 1.9200e+04, 1.1520e+03, 
 1DIAGNOSTIC,     8, -9.149050712585e-01, 1.797693134862e+308, 2.0480e+04, 1.2800e+03, 
 1DIAGNOSTIC,     9, -9.165325760841e-01, 1.797693134862e+308, 2.1632e+04, 1.1520e+03, 
 1DIAGNOSTIC,    10, -9.180347919464e-01, 1.218482851982e-03, 2.2912e+04, 1.2800e+03, 
 1DIAGNOSTIC,    11, -9.192762374878e-01, 1.057744026184e-03, 2.4064e+04, 1.1520e+03, 
 1DIAGNOSTIC,    12, -9.203789830208e-01, 9.027495980263e-04, 2.5216e+04, 1.1520e+03, 
 1DIAGNOSTIC,    13, -9.214159250259e-01, 7.690712809563e-04, 2.6496e+04, 1.2800e+03, 
 1DIAGNOSTIC,    14, -9.222251176834e-01, 6.506443023682e-04, 2.7648e+04, 1.1520e+03, 
 1DIAGNOSTIC,    15, -9.229734539986e-01, 5.459859967232e-04, 2.8928e+04, 1.2800e+03, 
 1DIAGNOSTIC,    16, -9.236969947815e-01, 4.557892680168e-04, 3.0080e+04, 1.1520e+03, 
 1DIAGNOSTIC,    17, -9.243636131287e-01, 3.807321190834e-04, 3.1360e+04, 1.2800e+03, 
 1DIAGNOSTIC,    18, -9.249771833420e-01, 3.195032477379e-04, 3.2512e+04, 1.1520e+03, 
 1DIAGNOSTIC,    19, -9.255476593971e-01, 2.707988023758e-04, 3.3664e+04, 1.1520e+03, 
 1DIAGNOSTIC,    20, -9.260786175728e-01, 2.331808209419e-04, 3.4944e+04, 1.2800e+03, 
 1DIAGNOSTIC,    21, -9.265776872635e-01, 2.029873430729e-04, 3.6096e+04, 1.1520e+03, 
 1DIAGNOSTIC,    22, -9.270343780518e-01, 1.784041523933e-04, 3.7376e+04, 1.2800e+03, 
 1DIAGNOSTIC,    23, -9.274632930756e-01, 1.589469611645e-04, 3.8528e+04, 1.1520e+03, 
 1DIAGNOSTIC,    24, -9.278588294983e-01, 1.417137682438e-04, 3.9808e+04, 1.2800e+03, 
 1DIAGNOSTIC,    25, -9.282450079918e-01, 1.265592873096e-04, 4.0960e+04, 1.1520e+03, 
 1DIAGNOSTIC,    26, -9.286006689072e-01, 1.134648919106e-04, 4.2240e+04, 1.2800e+03, 
 1DIAGNOSTIC,    27, -9.289313554764e-01, 1.020655035973e-04, 4.3392e+04, 1.1520e+03, 
 1DIAGNOSTIC,    28, -9.292365312576e-01, 9.198114275932e-05, 4.4544e+04, 1.1520e+03, 
 1DIAGNOSTIC,    29, -9.295119047165e-01, 8.292868733406e-05, 4.5824e+04, 1.2800e+03, 
 1DIAGNOSTIC,    30, -9.297585487366e-01, 7.465481758118e-05, 4.6976e+04, 1.1520e+03, 
 1DIAGNOSTIC,    31, -9.299886226654e-01, 6.712973117828e-05, 4.8256e+04, 1.2800e+03, 
 1DIAGNOSTIC,    32, -9.302003383636e-01, 6.017461419106e-05, 4.9408e+04, 1.1520e+03, 
 1DIAGNOSTIC,    33, -9.303997755051e-01, 5.383417010307e-05, 5.0688e+04, 1.2800e+03, 
 1DIAGNOSTIC,    34, -9.305882453918e-01, 4.809349775314e-05, 5.1840e+04, 1.1520e+03, 
 1DIAGNOSTIC,    35, -9.307738542557e-01, 4.316680133343e-05, 5.3120e+04, 1.2800e+03, 
 1DIAGNOSTIC,    36, -9.309489130974e-01, 3.899447619915e-05, 5.4272e+04, 1.1520e+03, 
 1DIAGNOSTIC,    37, -9.311152100563e-01, 3.550760447979e-05, 5.5424e+04, 1.1520e+03, 
 1DIAGNOSTIC,    38, -9.312765598297e-01, 3.264658153057e-05, 5.6704e+04, 1.2800e+03, 
 1DIAGNOSTIC,    39, -9.314321279526e-01, 3.026612102985e-05, 5.7856e+04, 1.1520e+03, 
 1DIAGNOSTIC,    40, -9.315850734711e-01, 2.822838723660e-05, 5.9136e+04, 1.2800e+03, 
 1DIAGNOSTIC,    41, -9.317286014557e-01, 2.645142376423e-05, 6.0288e+04, 1.1520e+03, 
 1DIAGNOSTIC,    42, -9.318732023239e-01, 2.488307654858e-05, 6.1568e+04, 1.2800e+03, 
 1DIAGNOSTIC,    43, -9.320136308670e-01, 2.348981797695e-05, 6.2720e+04, 1.1520e+03, 
 1DIAGNOSTIC,    44, -9.321496486664e-01, 2.222321927547e-05, 6.3872e+04, 1.1520e+03, 
 1DIAGNOSTIC,    45, -9.322839975357e-01, 2.112053334713e-05, 6.5152e+04, 1.2800e+03, 
 1DIAGNOSTIC,    46, -9.324207901955e-01, 2.017430961132e-05, 6.6304e+04, 1.1520e+03, 
 1DIAGNOSTIC,    47, -9.325600862503e-01, 1.937709748745e-05, 6.7584e+04, 1.2800e+03, 
 1DIAGNOSTIC,    48, -9.327057600021e-01, 1.876056194305e-05, 6.8736e+04, 1.1520e+03, 
 1DIAGNOSTIC,    49, -9.328365325928e-01, 1.821294426918e-05, 7.0016e+04, 1.2800e+03, 
 1DIAGNOSTIC,    50, -9.329728484154e-01, 1.776404678822e-05, 7.1168e+04, 1.1520e+03, 
XXDIAGNOSTIC,Iteration,metricValue,convergenceValue,ITERATION_TIME_INDEX,SINCE_LAST
 1DIAGNOSTIC,     1, -9.004940390587e-01, 1.797693134862e+308, 8.1152e+04, 9.9840e+03, 
 1DIAGNOSTIC,     2, -9.013506174088e-01, 1.797693134862e+308, 9.1136e+04, 9.9840e+03, 
 1DIAGNOSTIC,     3, -9.028920531273e-01, 1.797693134862e+308, 1.0099e+05, 9.8560e+03, 
 1DIAGNOSTIC,     4, -9.045229554176e-01, 1.797693134862e+308, 1.1085e+05, 9.8560e+03, 
 1DIAGNOSTIC,     5, -9.063129425049e-01, 1.797693134862e+308, 1.2083e+05, 9.9840e+03, 
 1DIAGNOSTIC,     6, -9.078881740570e-01, 1.797693134862e+308, 1.3056e+05, 9.7280e+03, 
 1DIAGNOSTIC,     7, -9.094771146774e-01, 1.797693134862e+308, 1.4042e+05, 9.8560e+03, 
 1DIAGNOSTIC,     8, -9.111353754997e-01, 1.797693134862e+308, 1.5014e+05, 9.7280e+03, 
 1DIAGNOSTIC,     9, -9.127676486969e-01, 1.797693134862e+308, 1.6000e+05, 9.8560e+03, 
 1DIAGNOSTIC,    10, -9.142653942108e-01, 1.009106636047e-03, 1.6973e+05, 9.7280e+03, 
 1DIAGNOSTIC,    11, -9.156318306923e-01, 9.283497929573e-04, 1.7958e+05, 9.8560e+03, 
 1DIAGNOSTIC,    12, -9.168859720230e-01, 8.324384689331e-04, 1.8944e+05, 9.8560e+03, 
 1DIAGNOSTIC,    13, -9.179639220238e-01, 7.385984063148e-04, 1.9930e+05, 9.8560e+03, 
 1DIAGNOSTIC,    14, -9.189041256905e-01, 6.479024887085e-04, 2.0915e+05, 9.8560e+03, 
 1DIAGNOSTIC,    15, -9.198085069656e-01, 5.659237504005e-04, 2.1901e+05, 9.8560e+03, 
 1DIAGNOSTIC,    16, -9.204619526863e-01, 4.854872822762e-04, 2.2886e+05, 9.8560e+03, 
 1DIAGNOSTIC,    17, -9.210847616196e-01, 4.101507365704e-04, 2.3872e+05, 9.8560e+03, 
 1DIAGNOSTIC,    18, -9.216768145561e-01, 3.440268337727e-04, 2.4858e+05, 9.8560e+03, 
 1DIAGNOSTIC,    19, -9.222255349159e-01, 2.885013818741e-04, 2.5843e+05, 9.8560e+03, 
 1DIAGNOSTIC,    20, -9.227489233017e-01, 2.429671585560e-04, 2.6803e+05, 9.6000e+03, 
  Elapsed time (stage 0): 268160


Total elapsed time: 268160
-i /mnt/lustre/mathdugre/fast-interpolate/datasets/ds004513/derivatives/flint/ants/flint-vprec-single/sub-s029/ses-open/anat/00/1_Affine.nii.gz -o /mnt/lustre/mathdugre/fast-interpolate/datasets/ds004513/derivatives/flint/ants/flint-vprec-single/sub-s029/ses-open/anat/001/1_transformed.nii.gz -t /mnt/lustre/mathdugre/fast-interpolate/datasets/ds004513/derivatives/flint/ants/flint-vprec-single/sub-s029/ses-open/anat/001/1_1Warp.nii.gz -t /mnt/lustre/mathdugre/fast-interpolate/datasets/ds004513/derivatives/flint/ants/flint-vprec-single/sub-s029/ses-open/anat/001/1_0GenericAffine.mat
