---------------------
Experiment information

SIF_IMG: /mnt/lustre/mathdugre/containers/ants-flint-vprec.simg
SIF_IMG_BASE: /mnt/lustre/mathdugre/containers/ants-flint-base.simg
EXPERIMENT_NAME: flint-vprec-single-five-levels
STAGE: syn
SUBJECT_ID: s032
REPETITION_ID: 1

FIXED_IMG: /templateflow/tpl-MNI152NLin2009cAsym/tpl-MNI152NLin2009cAsym_res-01_desc-brain_T1w.nii.gz
INPUT_IMG: /mnt/lustre/mathdugre/fast-interpolate/datasets/ds004513/derivatives/flint/ants/flint-vprec-single-five-levels/sub-s032/ses-open/anat/00/1_Affine.nii.gz

DATA_DIR: /mnt/lustre/mathdugre/fast-interpolate/datasets/ds004513
OUTPUT_DIR: /mnt/lustre/mathdugre/fast-interpolate/datasets/ds004513/derivatives/flint/ants/flint-vprec-single-five-levels/sub-s032/ses-open/anat
OUTPUT_PREFIX: 001
THREAD: 1
FLOAT: 0
VFC_BACKENDS: libinterflop_vprec.so --precision-binary32=23 --range-binary32=8 --precision-binary64=23 --range-binary64=8
---------------------

--output [/mnt/lustre/mathdugre/fast-interpolate/datasets/ds004513/derivatives/flint/ants/flint-vprec-single-five-levels/sub-s032/ses-open/anat/001/1_,/mnt/lustre/mathdugre/fast-interpolate/datasets/ds004513/derivatives/flint/ants/flint-vprec-single-five-levels/sub-s032/ses-open/anat/001/1_Warped.nii.gz,/mnt/lustre/mathdugre/fast-interpolate/datasets/ds004513/derivatives/flint/ants/flint-vprec-single-five-levels/sub-s032/ses-open/anat/001/1_InverseSyN.nii.gz] --initial-moving-transform [/templateflow/tpl-MNI152NLin2009cAsym/tpl-MNI152NLin2009cAsym_res-01_desc-brain_T1w.nii.gz,/mnt/lustre/mathdugre/fast-interpolate/datasets/ds004513/derivatives/flint/ants/flint-vprec-single-five-levels/sub-s032/ses-open/anat/00/1_Affine.nii.gz,1] --transform SyN[ 0.1,3,0 ] --metric CC[/templateflow/tpl-MNI152NLin2009cAsym/tpl-MNI152NLin2009cAsym_res-01_desc-brain_T1w.nii.gz,/mnt/lustre/mathdugre/fast-interpolate/datasets/ds004513/derivatives/flint/ants/flint-vprec-single-five-levels/sub-s032/ses-open/anat/00/1_Affine.nii.gz,1,4] --convergence [100x100x70x50x20,1e-6,10] --shrink-factors 16x8x4x2x1 --smoothing-sigmas 4x3x2x1x0vox
All_Command_lines_OK
Using double precision for computations.
=============================================================================
The composite transform comprises the following transforms (in order): 
  1. Center of mass alignment using fixed image: /templateflow/tpl-MNI152NLin2009cAsym/tpl-MNI152NLin2009cAsym_res-01_desc-brain_T1w.nii.gz and moving image: /mnt/lustre/mathdugre/fast-interpolate/datasets/ds004513/derivatives/flint/ants/flint-vprec-single-five-levels/sub-s032/ses-open/anat/00/1_Affine.nii.gz (type = Euler3DTransform)
=============================================================================
  number of levels = 5
  fixed image: /templateflow/tpl-MNI152NLin2009cAsym/tpl-MNI152NLin2009cAsym_res-01_desc-brain_T1w.nii.gz
  moving image: /mnt/lustre/mathdugre/fast-interpolate/datasets/ds004513/derivatives/flint/ants/flint-vprec-single-five-levels/sub-s032/ses-open/anat/00/1_Affine.nii.gz
Dimension = 3
Number of stages = 1
Use histogram matching = false
Winsorize image intensities = true
  Lower quantile = 0.005
  Upper quantile = 0.995


Stage 1 State
   Image metric = CC
     Fixed image = Image (0x427df00)
  RTTI typeinfo:   itk::Image<double, 3u>
  Reference Count: 2
  Modified Time: 1622
  Debug: Off
  Object Name: 
  Observers: 
    none
  Source: (none)
  Source output name: (none)
  Release Data: Off
  Data Released: False
  Global Release Data: Off
  PipelineMTime: 0
  UpdateMTime: 1407
  RealTimeStamp: 0 seconds 
  LargestPossibleRegion: 
    Dimension: 3
    Index: [0, 0, 0]
    Size: [193, 229, 193]
  BufferedRegion: 
    Dimension: 3
    Index: [0, 0, 0]
    Size: [193, 229, 193]
  RequestedRegion: 
    Dimension: 3
    Index: [0, 0, 0]
    Size: [193, 229, 193]
  Spacing: [1, 1, 1]
  Origin: [96, 132, -78]
  Direction: 
-1 0 0
0 -1 0
0 0 1

  IndexToPointMatrix: 
-1 0 0
0 -1 0
0 0 1

  PointToIndexMatrix: 
-1 0 0
0 -1 0
0 0 1

  Inverse Direction: 
-1 0 0
0 -1 0
0 0 1

  PixelContainer: 
    ImportImageContainer (0x436a1d0)
      RTTI typeinfo:   itk::ImportImageContainer<unsigned long, double>
      Reference Count: 1
      Modified Time: 1404
      Debug: Off
      Object Name: 
      Observers: 
        none
      Pointer: 0x7f08f0d22010
      Container manages memory: true
      Size: 8530021
      Capacity: 8530021

     Moving image = Image (0x4284ff0)
  RTTI typeinfo:   itk::Image<double, 3u>
  Reference Count: 2
  Modified Time: 1623
  Debug: Off
  Object Name: 
  Observers: 
    none
  Source: (none)
  Source output name: (none)
  Release Data: Off
  Data Released: False
  Global Release Data: Off
  PipelineMTime: 0
  UpdateMTime: 1620
  RealTimeStamp: 0 seconds 
  LargestPossibleRegion: 
    Dimension: 3
    Index: [0, 0, 0]
    Size: [193, 229, 193]
  BufferedRegion: 
    Dimension: 3
    Index: [0, 0, 0]
    Size: [193, 229, 193]
  RequestedRegion: 
    Dimension: 3
    Index: [0, 0, 0]
    Size: [193, 229, 193]
  Spacing: [1, 1, 1]
  Origin: [96, 132, -78]
  Direction: 
-1 0 0
0 -1 0
0 0 1

  IndexToPointMatrix: 
-1 0 0
0 -1 0
0 0 1

  PointToIndexMatrix: 
-1 0 0
0 -1 0
0 0 1

  Inverse Direction: 
-1 0 0
0 -1 0
0 0 1

  PixelContainer: 
    ImportImageContainer (0x430b940)
      RTTI typeinfo:   itk::ImportImageContainer<unsigned long, double>
      Reference Count: 1
      Modified Time: 1617
      Debug: Off
      Object Name: 
      Observers: 
        none
      Pointer: 0x7f08ecc0d010
      Container manages memory: true
      Size: 8530021
      Capacity: 8530021

     Weighting = 1
     Sampling strategy = none
     Number of bins = 32
     Radius = 4
     Sampling percentage  = 1
   Transform = SyN
     Gradient step = 0.1
     Update field sigma (voxel space) = 3
     Total field sigma (voxel space) = 0
     Update field time sigma = 0
     Total field time sigma  = 0
     Number of time indices = 0
     Number of time point samples = 0
Registration using 1 total stages.

Stage 0
  iterations = 100x100x70x50x20
  convergence threshold = 1e-06
  convergence window size = 10
  number of levels = 5
  using the CC metric (radius = 4, weight = 1, use gradient filter = 0)
  preprocessing:  winsorizing the image intensities
  Shrink factors (level 1 out of 5): [16, 16, 16]
  Shrink factors (level 2 out of 5): [8, 8, 8]
  Shrink factors (level 3 out of 5): [4, 4, 4]
  Shrink factors (level 4 out of 5): [2, 2, 2]
  Shrink factors (level 5 out of 5): [1, 1, 1]
  smoothing sigmas per level: [4, 3, 2, 1, 0]
  Using default NONE metricSamplingStrategy 

*** Running SyN registration (varianceForUpdateField = 3, varianceForTotalField = 0) ***

XXDIAGNOSTIC,Iteration,metricValue,convergenceValue,ITERATION_TIME_INDEX,SINCE_LAST
 1DIAGNOSTIC,     1, -9.268854856491e-01, 1.797693134862e+308, 0.0000e+00, 0.0000e+00, 
 1DIAGNOSTIC,     2, -9.421133995056e-01, 1.797693134862e+308, 0.0000e+00, 0.0000e+00, 
 1DIAGNOSTIC,     3, -9.528889656067e-01, 1.797693134862e+308, 0.0000e+00, 0.0000e+00, 
 1DIAGNOSTIC,     4, -9.572174549103e-01, 1.797693134862e+308, 0.0000e+00, 0.0000e+00, 
 1DIAGNOSTIC,     5, -9.597939252853e-01, 1.797693134862e+308, 0.0000e+00, 0.0000e+00, 
 1DIAGNOSTIC,     6, -9.618376493454e-01, 1.797693134862e+308, 0.0000e+00, 0.0000e+00, 
 1DIAGNOSTIC,     7, -9.635406732559e-01, 1.797693134862e+308, 0.0000e+00, 0.0000e+00, 
 1DIAGNOSTIC,     8, -9.648283123970e-01, 1.797693134862e+308, 0.0000e+00, 0.0000e+00, 
 1DIAGNOSTIC,     9, -9.658483266830e-01, 1.797693134862e+308, 0.0000e+00, 0.0000e+00, 
 1DIAGNOSTIC,    10, -9.666162729263e-01, 2.147421240807e-03, 0.0000e+00, 0.0000e+00, 
 1DIAGNOSTIC,    11, -9.673240780830e-01, 1.241743564606e-03, 0.0000e+00, 0.0000e+00, 
 1DIAGNOSTIC,    12, -9.678692221642e-01, 7.612183690071e-04, 0.0000e+00, 0.0000e+00, 
 1DIAGNOSTIC,    13, -9.683963656425e-01, 5.425885319710e-04, 0.0000e+00, 0.0000e+00, 
 1DIAGNOSTIC,    14, -9.688142538071e-01, 4.059672355652e-04, 0.0000e+00, 0.0000e+00, 
 1DIAGNOSTIC,    15, -9.691369533539e-01, 3.074407577515e-04, 0.0000e+00, 0.0000e+00, 
 1DIAGNOSTIC,    16, -9.694832563400e-01, 2.369880676270e-04, 0.0000e+00, 0.0000e+00, 
 1DIAGNOSTIC,    17, -9.697397947311e-01, 1.869201660156e-04, 0.0000e+00, 0.0000e+00, 
 1DIAGNOSTIC,    18, -9.700373411179e-01, 1.510865986347e-04, 0.0000e+00, 0.0000e+00, 
 1DIAGNOSTIC,    19, -9.702323079109e-01, 1.238733530045e-04, 1.2800e+02, 1.2800e+02, 
 1DIAGNOSTIC,    20, -9.704934358597e-01, 1.030899584293e-04, 1.2800e+02, 0.0000e+00, 
 1DIAGNOSTIC,    21, -9.706392884254e-01, 8.669123053551e-05, 1.2800e+02, 0.0000e+00, 
 1DIAGNOSTIC,    22, -9.708859920502e-01, 7.433444261551e-05, 1.2800e+02, 0.0000e+00, 
 1DIAGNOSTIC,    23, -9.709912538528e-01, 6.422027945518e-05, 1.2800e+02, 0.0000e+00, 
 1DIAGNOSTIC,    24, -9.712434411049e-01, 5.726143717766e-05, 1.2800e+02, 0.0000e+00, 
 1DIAGNOSTIC,    25, -9.712915420532e-01, 4.986301064491e-05, 1.2800e+02, 0.0000e+00, 
 1DIAGNOSTIC,    26, -9.715570211411e-01, 4.537776112556e-05, 1.2800e+02, 0.0000e+00, 
 1DIAGNOSTIC,    27, -9.715381860733e-01, 3.956258296967e-05, 1.2800e+02, 0.0000e+00, 
 1DIAGNOSTIC,    28, -9.718383550644e-01, 3.685057163239e-05, 1.2800e+02, 0.0000e+00, 
 1DIAGNOSTIC,    29, -9.717364311218e-01, 3.177300095558e-05, 1.2800e+02, 0.0000e+00, 
 1DIAGNOSTIC,    30, -9.720999598503e-01, 3.030523657799e-05, 1.2800e+02, 0.0000e+00, 
 1DIAGNOSTIC,    31, -9.718596339226e-01, 2.514943480492e-05, 1.2800e+02, 0.0000e+00, 
 1DIAGNOSTIC,    32, -9.723237752914e-01, 2.464652061462e-05, 1.2800e+02, 0.0000e+00, 
 1DIAGNOSTIC,    33, -9.719338417053e-01, 1.924112439156e-05, 1.2800e+02, 0.0000e+00, 
 1DIAGNOSTIC,    34, -9.725316762924e-01, 1.989677548409e-05, 1.2800e+02, 0.0000e+00, 
 1DIAGNOSTIC,    35, -9.721146821976e-01, 1.542456448078e-05, 1.2800e+02, 0.0000e+00, 
 1DIAGNOSTIC,    36, -9.727143049240e-01, 1.701898872852e-05, 1.2800e+02, 0.0000e+00, 
 1DIAGNOSTIC,    37, -9.723241329193e-01, 1.357123255730e-05, 1.2800e+02, 0.0000e+00, 
 1DIAGNOSTIC,    38, -9.728457927704e-01, 1.558475196362e-05, 1.2800e+02, 0.0000e+00, 
 1DIAGNOSTIC,    39, -9.725036621094e-01, 1.257471740246e-05, 1.2800e+02, 0.0000e+00, 
 1DIAGNOSTIC,    40, -9.729309082031e-01, 1.454353332520e-05, 1.2800e+02, 0.0000e+00, 
 1DIAGNOSTIC,    41, -9.726456403732e-01, 1.117028295994e-05, 1.2800e+02, 0.0000e+00, 
 1DIAGNOSTIC,    42, -9.729957580566e-01, 1.280754804611e-05, 1.2800e+02, 0.0000e+00, 
 1DIAGNOSTIC,    43, -9.727617502213e-01, 8.787959814072e-06, 1.2800e+02, 0.0000e+00, 
 1DIAGNOSTIC,    44, -9.730483293533e-01, 1.023150980473e-05, 1.2800e+02, 0.0000e+00, 
 1DIAGNOSTIC,    45, -9.728581905365e-01, 6.580725312233e-06, 1.2800e+02, 0.0000e+00, 
 1DIAGNOSTIC,    46, -9.730916023254e-01, 7.972121238708e-06, 1.2800e+02, 0.0000e+00, 
 1DIAGNOSTIC,    47, -9.729382991791e-01, 5.077570676804e-06, 1.2800e+02, 0.0000e+00, 
 1DIAGNOSTIC,    48, -9.731301069260e-01, 6.347894668579e-06, 1.2800e+02, 0.0000e+00, 
 1DIAGNOSTIC,    49, -9.730011224747e-01, 4.099681973457e-06, 1.2800e+02, 0.0000e+00, 
 1DIAGNOSTIC,    50, -9.731566905975e-01, 5.111098289490e-06, 1.2800e+02, 0.0000e+00, 
 1DIAGNOSTIC,    51, -9.730503559113e-01, 3.319233655930e-06, 1.2800e+02, 0.0000e+00, 
 1DIAGNOSTIC,    52, -9.731771349907e-01, 4.094094038010e-06, 1.2800e+02, 0.0000e+00, 
 1DIAGNOSTIC,    53, -9.730907082558e-01, 2.665445208549e-06, 1.2800e+02, 0.0000e+00, 
 1DIAGNOSTIC,    54, -9.731933474541e-01, 3.255903720856e-06, 1.2800e+02, 0.0000e+00, 
 1DIAGNOSTIC,    55, -9.731234312057e-01, 2.134591341019e-06, 1.2800e+02, 0.0000e+00, 
 1DIAGNOSTIC,    56, -9.732068181038e-01, 2.602115273476e-06, 1.2800e+02, 0.0000e+00, 
 1DIAGNOSTIC,    57, -9.731531739235e-01, 1.754611730576e-06, 1.2800e+02, 0.0000e+00, 
 1DIAGNOSTIC,    58, -9.732185602188e-01, 2.149492502213e-06, 1.2800e+02, 0.0000e+00, 
 1DIAGNOSTIC,    59, -9.731773138046e-01, 1.503154635429e-06, 1.2800e+02, 0.0000e+00, 
 1DIAGNOSTIC,    60, -9.732306003571e-01, 1.825392246246e-06, 1.2800e+02, 0.0000e+00, 
 1DIAGNOSTIC,    61, -9.731981754303e-01, 1.329928636551e-06, 1.2800e+02, 0.0000e+00, 
 1DIAGNOSTIC,    62, -9.732422828674e-01, 1.592561602592e-06, 1.2800e+02, 0.0000e+00, 
 1DIAGNOSTIC,    63, -9.732178449631e-01, 1.212581992149e-06, 1.2800e+02, 0.0000e+00, 
 1DIAGNOSTIC,    64, -9.732527732849e-01, 1.417472958565e-06, 1.2800e+02, 0.0000e+00, 
 1DIAGNOSTIC,    65, -9.732350111008e-01, 1.123175024986e-06, 1.2800e+02, 0.0000e+00, 
 1DIAGNOSTIC,    66, -9.732618331909e-01, 1.272186636925e-06, 1.2800e+02, 0.0000e+00, 
 1DIAGNOSTIC,    67, -9.732486009598e-01, 1.039355993271e-06, 1.2800e+02, 0.0000e+00, 
 1DIAGNOSTIC,    68, -9.732722640038e-01, 1.151114702225e-06, 1.2800e+02, 0.0000e+00, 
 1DIAGNOSTIC,    69, -9.732629060745e-01, 9.695068001747e-07, 1.2800e+02, 0.0000e+00, 
XXDIAGNOSTIC,Iteration,metricValue,convergenceValue,ITERATION_TIME_INDEX,SINCE_LAST
 1DIAGNOSTIC,     1, -9.104481339455e-01, 1.797693134862e+308, 2.5600e+02, 1.2800e+02, 
 1DIAGNOSTIC,     2, -9.135347604752e-01, 1.797693134862e+308, 2.5600e+02, 0.0000e+00, 
 1DIAGNOSTIC,     3, -9.174613952637e-01, 1.797693134862e+308, 2.5600e+02, 0.0000e+00, 
 1DIAGNOSTIC,     4, -9.210638999939e-01, 1.797693134862e+308, 2.5600e+02, 0.0000e+00, 
 1DIAGNOSTIC,     5, -9.244141578674e-01, 1.797693134862e+308, 2.5600e+02, 0.0000e+00, 
 1DIAGNOSTIC,     6, -9.275822639465e-01, 1.797693134862e+308, 2.5600e+02, 0.0000e+00, 
 1DIAGNOSTIC,     7, -9.303049445152e-01, 1.797693134862e+308, 2.5600e+02, 0.0000e+00, 
 1DIAGNOSTIC,     8, -9.324998259544e-01, 1.797693134862e+308, 3.8400e+02, 1.2800e+02, 
 1DIAGNOSTIC,     9, -9.344934225082e-01, 1.797693134862e+308, 3.8400e+02, 0.0000e+00, 
 1DIAGNOSTIC,    10, -9.361290931702e-01, 1.828275620937e-03, 3.8400e+02, 0.0000e+00, 
 1DIAGNOSTIC,    11, -9.377105832100e-01, 1.513503491879e-03, 3.8400e+02, 0.0000e+00, 
 1DIAGNOSTIC,    12, -9.390699863434e-01, 1.228064298630e-03, 3.8400e+02, 0.0000e+00, 
 1DIAGNOSTIC,    13, -9.402533769608e-01, 9.954273700714e-04, 3.8400e+02, 0.0000e+00, 
 1DIAGNOSTIC,    14, -9.414024353027e-01, 8.089244365692e-04, 3.8400e+02, 0.0000e+00, 
 1DIAGNOSTIC,    15, -9.425110220909e-01, 6.636232137680e-04, 5.1200e+02, 1.2800e+02, 
 1DIAGNOSTIC,    16, -9.435909986496e-01, 5.560740828514e-04, 5.1200e+02, 0.0000e+00, 
 1DIAGNOSTIC,    17, -9.446183443069e-01, 4.768371582031e-04, 5.1200e+02, 0.0000e+00, 
 1DIAGNOSTIC,    18, -9.455685615540e-01, 4.152655601501e-04, 5.1200e+02, 0.0000e+00, 
 1DIAGNOSTIC,    19, -9.464478492737e-01, 3.675147891045e-04, 5.1200e+02, 0.0000e+00, 
 1DIAGNOSTIC,    20, -9.472481012344e-01, 3.271847963333e-04, 5.1200e+02, 0.0000e+00, 
 1DIAGNOSTIC,    21, -9.480294585228e-01, 2.942122519016e-04, 5.1200e+02, 0.0000e+00, 
 1DIAGNOSTIC,    22, -9.487599134445e-01, 2.654939889908e-04, 5.1200e+02, 0.0000e+00, 
 1DIAGNOSTIC,    23, -9.493739604950e-01, 2.380311489105e-04, 6.4000e+02, 1.2800e+02, 
 1DIAGNOSTIC,    24, -9.499385356903e-01, 2.121478319168e-04, 6.4000e+02, 0.0000e+00, 
 1DIAGNOSTIC,    25, -9.504556059837e-01, 1.880601048470e-04, 6.4000e+02, 0.0000e+00, 
 1DIAGNOSTIC,    26, -9.509277343750e-01, 1.661516726017e-04, 6.4000e+02, 0.0000e+00, 
 1DIAGNOSTIC,    27, -9.513632059097e-01, 1.465566456318e-04, 6.4000e+02, 0.0000e+00, 
 1DIAGNOSTIC,    28, -9.517796039581e-01, 1.292787492275e-04, 6.4000e+02, 0.0000e+00, 
 1DIAGNOSTIC,    29, -9.521281123161e-01, 1.137778162956e-04, 6.4000e+02, 0.0000e+00, 
 1DIAGNOSTIC,    30, -9.524946808815e-01, 1.003071665764e-04, 7.6800e+02, 1.2800e+02, 
 1DIAGNOSTIC,    31, -9.528359770775e-01, 8.912384510040e-05, 7.6800e+02, 0.0000e+00, 
 1DIAGNOSTIC,    32, -9.531404376030e-01, 7.995963096619e-05, 7.6800e+02, 0.0000e+00, 
 1DIAGNOSTIC,    33, -9.534311294556e-01, 7.205829024315e-05, 7.6800e+02, 0.0000e+00, 
 1DIAGNOSTIC,    34, -9.536923170090e-01, 6.513297557831e-05, 7.6800e+02, 0.0000e+00, 
 1DIAGNOSTIC,    35, -9.539234638214e-01, 5.887635052204e-05, 7.6800e+02, 0.0000e+00, 
 1DIAGNOSTIC,    36, -9.541270136833e-01, 5.305558443069e-05, 7.6800e+02, 0.0000e+00, 
 1DIAGNOSTIC,    37, -9.542934894562e-01, 4.743784666061e-05, 7.6800e+02, 0.0000e+00, 
 1DIAGNOSTIC,    38, -9.544302225113e-01, 4.202499985695e-05, 8.9600e+02, 1.2800e+02, 
 1DIAGNOSTIC,    39, -9.545444846153e-01, 3.650411963463e-05, 8.9600e+02, 0.0000e+00, 
 1DIAGNOSTIC,    40, -9.546405673027e-01, 3.129802644253e-05, 8.9600e+02, 0.0000e+00, 
 1DIAGNOSTIC,    41, -9.546804428101e-01, 2.620555460453e-05, 8.9600e+02, 0.0000e+00, 
 1DIAGNOSTIC,    42, -9.547475576401e-01, 2.156756818295e-05, 8.9600e+02, 0.0000e+00, 
 1DIAGNOSTIC,    43, -9.548012018204e-01, 1.754052937031e-05, 8.9600e+02, 0.0000e+00, 
 1DIAGNOSTIC,    44, -9.548487663269e-01, 1.418031752110e-05, 8.9600e+02, 0.0000e+00, 
 1DIAGNOSTIC,    45, -9.548918008804e-01, 1.149065792561e-05, 1.0240e+03, 1.2800e+02, 
 1DIAGNOSTIC,    46, -9.549285173416e-01, 9.451061487198e-06, 1.0240e+03, 0.0000e+00, 
 1DIAGNOSTIC,    47, -9.549399614334e-01, 7.783994078636e-06, 1.0240e+03, 0.0000e+00, 
 1DIAGNOSTIC,    48, -9.549579024315e-01, 6.461516022682e-06, 1.0240e+03, 0.0000e+00, 
 1DIAGNOSTIC,    49, -9.549747705460e-01, 5.431473255157e-06, 1.0240e+03, 0.0000e+00, 
 1DIAGNOSTIC,    50, -9.550088644028e-01, 4.764646291733e-06, 1.0240e+03, 0.0000e+00, 
 1DIAGNOSTIC,    51, -9.550162553787e-01, 3.997236490250e-06, 1.0240e+03, 0.0000e+00, 
 1DIAGNOSTIC,    52, -9.550249576569e-01, 3.375113010406e-06, 1.0240e+03, 0.0000e+00, 
 1DIAGNOSTIC,    53, -9.550279974937e-01, 2.829357981682e-06, 1.1520e+03, 1.2800e+02, 
 1DIAGNOSTIC,    54, -9.550322890282e-01, 2.371147274971e-06, 1.1520e+03, 0.0000e+00, 
 1DIAGNOSTIC,    55, -9.550327062607e-01, 1.996755599976e-06, 1.1520e+03, 0.0000e+00, 
 1DIAGNOSTIC,    56, -9.550334811211e-01, 1.698732376099e-06, 1.1520e+03, 0.0000e+00, 
 1DIAGNOSTIC,    57, -9.550346732140e-01, 1.367181539536e-06, 1.1520e+03, 0.0000e+00, 
 1DIAGNOSTIC,    58, -9.550347328186e-01, 1.065433025360e-06, 1.1520e+03, 0.0000e+00, 
 1DIAGNOSTIC,    59, -9.550344347954e-01, 8.028000593185e-07, 1.1520e+03, 0.0000e+00, 
XXDIAGNOSTIC,Iteration,metricValue,convergenceValue,ITERATION_TIME_INDEX,SINCE_LAST
 1DIAGNOSTIC,     1, -8.849948644638e-01, 1.797693134862e+308, 1.4080e+03, 2.5600e+02, 
 1DIAGNOSTIC,     2, -8.863810300827e-01, 1.797693134862e+308, 1.5360e+03, 1.2800e+02, 
 1DIAGNOSTIC,     3, -8.890543580055e-01, 1.797693134862e+308, 1.6640e+03, 1.2800e+02, 
 1DIAGNOSTIC,     4, -8.917691707611e-01, 1.797693134862e+308, 1.9200e+03, 2.5600e+02, 
 1DIAGNOSTIC,     5, -8.944156765938e-01, 1.797693134862e+308, 2.0480e+03, 1.2800e+02, 
 1DIAGNOSTIC,     6, -8.967462182045e-01, 1.797693134862e+308, 2.1760e+03, 1.2800e+02, 
 1DIAGNOSTIC,     7, -8.989689946175e-01, 1.797693134862e+308, 2.3040e+03, 1.2800e+02, 
 1DIAGNOSTIC,     8, -9.008359313011e-01, 1.797693134862e+308, 2.4320e+03, 1.2800e+02, 
 1DIAGNOSTIC,     9, -9.025083780289e-01, 1.797693134862e+308, 2.5600e+03, 1.2800e+02, 
 1DIAGNOSTIC,    10, -9.040244817734e-01, 1.436553895473e-03, 2.8160e+03, 2.5600e+02, 
 1DIAGNOSTIC,    11, -9.052781462669e-01, 1.239508390427e-03, 2.9440e+03, 1.2800e+02, 
 1DIAGNOSTIC,    12, -9.061536788940e-01, 1.023337244987e-03, 3.0720e+03, 1.2800e+02, 
 1DIAGNOSTIC,    13, -9.069590568542e-01, 8.323639631271e-04, 3.2000e+03, 1.2800e+02, 
 1DIAGNOSTIC,    14, -9.076193571091e-01, 6.688609719276e-04, 3.3280e+03, 1.2800e+02, 
 1DIAGNOSTIC,    15, -9.081913232803e-01, 5.334988236427e-04, 3.4560e+03, 1.2800e+02, 
 1DIAGNOSTIC,    16, -9.086708426476e-01, 4.212334752083e-04, 3.7120e+03, 2.5600e+02, 
 1DIAGNOSTIC,    17, -9.090701341629e-01, 3.319308161736e-04, 3.8400e+03, 1.2800e+02, 
 1DIAGNOSTIC,    18, -9.094202518463e-01, 2.605877816677e-04, 3.9680e+03, 1.2800e+02, 
 1DIAGNOSTIC,    19, -9.097270965576e-01, 2.052485942841e-04, 4.0960e+03, 1.2800e+02, 
 1DIAGNOSTIC,    20, -9.099908471107e-01, 1.642480492592e-04, 4.2240e+03, 1.2800e+02, 
 1DIAGNOSTIC,    21, -9.102280139923e-01, 1.342147588730e-04, 4.4800e+03, 2.5600e+02, 
 1DIAGNOSTIC,    22, -9.104374647141e-01, 1.098625361919e-04, 4.6080e+03, 1.2800e+02, 
 1DIAGNOSTIC,    23, -9.106243252754e-01, 9.092688560486e-05, 4.7360e+03, 1.2800e+02, 
 1DIAGNOSTIC,    24, -9.107879996300e-01, 7.586926221848e-05, 4.8640e+03, 1.2800e+02, 
 1DIAGNOSTIC,    25, -9.109392166138e-01, 6.402283906937e-05, 4.9920e+03, 1.2800e+02, 
 1DIAGNOSTIC,    26, -9.110653996468e-01, 5.443394184113e-05, 5.1200e+03, 1.2800e+02, 
 1DIAGNOSTIC,    27, -9.111952185631e-01, 4.664063453674e-05, 5.3760e+03, 2.5600e+02, 
 1DIAGNOSTIC,    28, -9.113065004349e-01, 4.021823406219e-05, 5.5040e+03, 1.2800e+02, 
 1DIAGNOSTIC,    29, -9.114120006561e-01, 3.498047590256e-05, 5.6320e+03, 1.2800e+02, 
 1DIAGNOSTIC,    30, -9.115067124367e-01, 3.059580922127e-05, 5.7600e+03, 1.2800e+02, 
 1DIAGNOSTIC,    31, -9.115860462189e-01, 2.687424421310e-05, 5.8880e+03, 1.2800e+02, 
 1DIAGNOSTIC,    32, -9.116630554199e-01, 2.371147274971e-05, 6.1440e+03, 2.5600e+02, 
 1DIAGNOSTIC,    33, -9.117466211319e-01, 2.113357186317e-05, 6.2720e+03, 1.2800e+02, 
 1DIAGNOSTIC,    34, -9.118157625198e-01, 1.890584826469e-05, 6.4000e+03, 1.2800e+02, 
 1DIAGNOSTIC,    35, -9.118762016296e-01, 1.698359847069e-05, 6.5280e+03, 1.2800e+02, 
 1DIAGNOSTIC,    36, -9.119354486465e-01, 1.523271203041e-05, 6.6560e+03, 1.2800e+02, 
 1DIAGNOSTIC,    37, -9.119895696640e-01, 1.375377178192e-05, 6.7840e+03, 1.2800e+02, 
 1DIAGNOSTIC,    38, -9.120418429375e-01, 1.246482133865e-05, 7.0400e+03, 2.5600e+02, 
 1DIAGNOSTIC,    39, -9.120935201645e-01, 1.137331128120e-05, 7.1680e+03, 1.2800e+02, 
 1DIAGNOSTIC,    40, -9.121345281601e-01, 1.038424670696e-05, 7.2960e+03, 1.2800e+02, 
 1DIAGNOSTIC,    41, -9.121779203415e-01, 9.454786777496e-06, 7.4240e+03, 1.2800e+02, 
 1DIAGNOSTIC,    42, -9.122241735458e-01, 8.659437298775e-06, 7.5520e+03, 1.2800e+02, 
 1DIAGNOSTIC,    43, -9.122661948204e-01, 8.037313818932e-06, 7.8080e+03, 2.5600e+02, 
 1DIAGNOSTIC,    44, -9.123073816299e-01, 7.528811693192e-06, 7.9360e+03, 1.2800e+02, 
 1DIAGNOSTIC,    45, -9.123440384865e-01, 7.057562470436e-06, 8.0640e+03, 1.2800e+02, 
 1DIAGNOSTIC,    46, -9.123860597610e-01, 6.688758730888e-06, 8.1920e+03, 1.2800e+02, 
 1DIAGNOSTIC,    47, -9.124275445938e-01, 6.381422281265e-06, 8.3200e+03, 1.2800e+02, 
 1DIAGNOSTIC,    48, -9.124583005905e-01, 6.081536412239e-06, 8.4480e+03, 1.2800e+02, 
 1DIAGNOSTIC,    49, -9.124854803085e-01, 5.768612027168e-06, 8.7040e+03, 2.5600e+02, 
 1DIAGNOSTIC,    50, -9.125195145607e-01, 5.444511771202e-06, 8.8320e+03, 1.2800e+02, 
 1DIAGNOSTIC,    51, -9.125410318375e-01, 5.070120096207e-06, 8.9600e+03, 1.2800e+02, 
 1DIAGNOSTIC,    52, -9.125664830208e-01, 4.703179001808e-06, 9.0880e+03, 1.2800e+02, 
 1DIAGNOSTIC,    53, -9.125838279724e-01, 4.304572939873e-06, 9.2160e+03, 1.2800e+02, 
 1DIAGNOSTIC,    54, -9.126071929932e-01, 3.943219780922e-06, 9.4720e+03, 2.5600e+02, 
 1DIAGNOSTIC,    55, -9.126233458519e-01, 3.561377525330e-06, 9.6000e+03, 1.2800e+02, 
 1DIAGNOSTIC,    56, -9.126447439194e-01, 3.255903720856e-06, 9.7280e+03, 1.2800e+02, 
 1DIAGNOSTIC,    57, -9.126603603363e-01, 3.019347786903e-06, 9.8560e+03, 1.2800e+02, 
 1DIAGNOSTIC,    58, -9.126772880554e-01, 2.805143594742e-06, 9.9840e+03, 1.2800e+02, 
 1DIAGNOSTIC,    59, -9.126982688904e-01, 2.637505531311e-06, 1.0112e+04, 1.2800e+02, 
 1DIAGNOSTIC,    60, -9.127111434937e-01, 2.508983016014e-06, 1.0368e+04, 2.5600e+02, 
 1DIAGNOSTIC,    61, -9.127219319344e-01, 2.361834049225e-06, 1.0496e+04, 1.2800e+02, 
 1DIAGNOSTIC,    62, -9.127403497696e-01, 2.261251211166e-06, 1.0624e+04, 1.2800e+02, 
 1DIAGNOSTIC,    63, -9.127511978149e-01, 2.132728695869e-06, 1.0752e+04, 1.2800e+02, 
 1DIAGNOSTIC,    64, -9.127726554871e-01, 2.067536115646e-06, 1.0880e+04, 1.2800e+02, 
 1DIAGNOSTIC,    65, -9.127822518349e-01, 1.976266503334e-06, 1.1008e+04, 1.2800e+02, 
 1DIAGNOSTIC,    66, -9.127912521362e-01, 1.890584826469e-06, 1.1264e+04, 2.5600e+02, 
 1DIAGNOSTIC,    67, -9.127966165543e-01, 1.763924956322e-06, 1.1392e+04, 1.2800e+02, 
 1DIAGNOSTIC,    68, -9.127894043922e-01, 1.562759280205e-06, 1.1520e+04, 1.2800e+02, 
 1DIAGNOSTIC,    69, -9.127979278564e-01, 1.393258571625e-06, 1.1648e+04, 1.2800e+02, 
 1DIAGNOSTIC,    70, -9.128006696701e-01, 1.208856701851e-06, 1.1776e+04, 1.2800e+02, 
XXDIAGNOSTIC,Iteration,metricValue,convergenceValue,ITERATION_TIME_INDEX,SINCE_LAST
 1DIAGNOSTIC,     1, -8.595036268234e-01, 1.797693134862e+308, 1.2928e+04, 1.1520e+03, 
 1DIAGNOSTIC,     2, -8.615476489067e-01, 1.797693134862e+308, 1.3952e+04, 1.0240e+03, 
 1DIAGNOSTIC,     3, -8.639352321625e-01, 1.797693134862e+308, 1.5104e+04, 1.1520e+03, 
 1DIAGNOSTIC,     4, -8.663389682770e-01, 1.797693134862e+308, 1.6128e+04, 1.0240e+03, 
 1DIAGNOSTIC,     5, -8.687047958374e-01, 1.797693134862e+308, 1.7280e+04, 1.1520e+03, 
 1DIAGNOSTIC,     6, -8.709813356400e-01, 1.797693134862e+308, 1.8304e+04, 1.0240e+03, 
 1DIAGNOSTIC,     7, -8.729605674744e-01, 1.797693134862e+308, 1.9456e+04, 1.1520e+03, 
 1DIAGNOSTIC,     8, -8.747774958611e-01, 1.797693134862e+308, 2.0608e+04, 1.1520e+03, 
 1DIAGNOSTIC,     9, -8.763028383255e-01, 1.797693134862e+308, 2.1632e+04, 1.0240e+03, 
 1DIAGNOSTIC,    10, -8.777177333832e-01, 1.382395625114e-03, 2.2784e+04, 1.1520e+03, 
 1DIAGNOSTIC,    11, -8.790320158005e-01, 1.181162893772e-03, 2.3936e+04, 1.1520e+03, 
 1DIAGNOSTIC,    12, -8.802506923676e-01, 9.956210851669e-04, 2.4960e+04, 1.0240e+03, 
 1DIAGNOSTIC,    13, -8.813812136650e-01, 8.363723754883e-04, 2.6112e+04, 1.1520e+03, 
 1DIAGNOSTIC,    14, -8.824231624603e-01, 7.035732269287e-04, 2.7264e+04, 1.1520e+03, 
 1DIAGNOSTIC,    15, -8.833837509155e-01, 5.958750844002e-04, 2.8416e+04, 1.1520e+03, 
 1DIAGNOSTIC,    16, -8.842898011208e-01, 5.112513899803e-04, 2.9440e+04, 1.0240e+03, 
 1DIAGNOSTIC,    17, -8.851208686829e-01, 4.428401589394e-04, 3.0592e+04, 1.1520e+03, 
 1DIAGNOSTIC,    18, -8.858606219292e-01, 3.869645297527e-04, 3.1744e+04, 1.1520e+03, 
 1DIAGNOSTIC,    19, -8.865490555763e-01, 3.386996686459e-04, 3.2768e+04, 1.0240e+03, 
 1DIAGNOSTIC,    20, -8.871616125107e-01, 2.964735031128e-04, 3.3920e+04, 1.1520e+03, 
 1DIAGNOSTIC,    21, -8.877160549164e-01, 2.593398094177e-04, 3.5072e+04, 1.1520e+03, 
 1DIAGNOSTIC,    22, -8.882175087929e-01, 2.265684306622e-04, 3.6096e+04, 1.0240e+03, 
 1DIAGNOSTIC,    23, -8.886803388596e-01, 1.977682113647e-04, 3.7248e+04, 1.1520e+03, 
 1DIAGNOSTIC,    24, -8.890971541405e-01, 1.724176108837e-04, 3.8400e+04, 1.1520e+03, 
 1DIAGNOSTIC,    25, -8.894823789597e-01, 1.502595841885e-04, 3.9552e+04, 1.1520e+03, 
 1DIAGNOSTIC,    26, -8.898406028748e-01, 1.313351094723e-04, 4.0576e+04, 1.0240e+03, 
 1DIAGNOSTIC,    27, -8.901716470718e-01, 1.153089106083e-04, 4.1728e+04, 1.1520e+03, 
 1DIAGNOSTIC,    28, -8.904805183411e-01, 1.016296446323e-04, 4.2880e+04, 1.1520e+03, 
 1DIAGNOSTIC,    29, -8.907609581947e-01, 9.006261825562e-05, 4.3904e+04, 1.0240e+03, 
 1DIAGNOSTIC,    30, -8.910213708878e-01, 8.014962077141e-05, 4.5056e+04, 1.1520e+03, 
 1DIAGNOSTIC,    31, -8.912584781647e-01, 7.152929902077e-05, 4.6208e+04, 1.1520e+03, 
 1DIAGNOSTIC,    32, -8.914823532104e-01, 6.399676203728e-05, 4.7232e+04, 1.0240e+03, 
 1DIAGNOSTIC,    33, -8.916912674904e-01, 5.742907524109e-05, 4.8384e+04, 1.1520e+03, 
 1DIAGNOSTIC,    34, -8.918960094452e-01, 5.170702934265e-05, 4.9536e+04, 1.1520e+03, 
 1DIAGNOSTIC,    35, -8.920872211456e-01, 4.673935472965e-05, 5.0560e+04, 1.0240e+03, 
 1DIAGNOSTIC,    36, -8.922719955444e-01, 4.249066114426e-05, 5.1712e+04, 1.1520e+03, 
 1DIAGNOSTIC,    37, -8.924486637115e-01, 3.887526690960e-05, 5.2864e+04, 1.1520e+03, 
 1DIAGNOSTIC,    38, -8.926204442978e-01, 3.586336970329e-05, 5.4016e+04, 1.1520e+03, 
 1DIAGNOSTIC,    39, -8.927915096283e-01, 3.333203494549e-05, 5.5040e+04, 1.0240e+03, 
 1DIAGNOSTIC,    40, -8.929573297501e-01, 3.122352063656e-05, 5.6192e+04, 1.1520e+03, 
 1DIAGNOSTIC,    41, -8.931134939194e-01, 2.936460077763e-05, 5.7344e+04, 1.1520e+03, 
 1DIAGNOSTIC,    42, -8.932666182518e-01, 2.771429717541e-05, 5.8496e+04, 1.1520e+03, 
 1DIAGNOSTIC,    43, -8.934172391891e-01, 2.622045576572e-05, 5.9520e+04, 1.0240e+03, 
 1DIAGNOSTIC,    44, -8.935668468475e-01, 2.491660416126e-05, 6.0672e+04, 1.1520e+03, 
 1DIAGNOSTIC,    45, -8.937206268311e-01, 2.379342913628e-05, 6.1824e+04, 1.1520e+03, 
 1DIAGNOSTIC,    46, -8.938731551170e-01, 2.282857894897e-05, 6.2848e+04, 1.0240e+03, 
 1DIAGNOSTIC,    47, -8.940222263336e-01, 2.199411392212e-05, 6.4000e+04, 1.1520e+03, 
 1DIAGNOSTIC,    48, -8.941687941551e-01, 2.125278115273e-05, 6.5152e+04, 1.1520e+03, 
 1DIAGNOSTIC,    49, -8.943189978600e-01, 2.065300941467e-05, 6.6176e+04, 1.0240e+03, 
 1DIAGNOSTIC,    50, -8.944725990295e-01, 2.017803490162e-05, 6.7328e+04, 1.1520e+03, 
XXDIAGNOSTIC,Iteration,metricValue,convergenceValue,ITERATION_TIME_INDEX,SINCE_LAST
 1DIAGNOSTIC,     1, -8.677549362183e-01, 1.797693134862e+308, 7.6672e+04, 9.3440e+03, 
 1DIAGNOSTIC,     2, -8.690992593765e-01, 1.797693134862e+308, 8.5888e+04, 9.2160e+03, 
 1DIAGNOSTIC,     3, -8.708602786064e-01, 1.797693134862e+308, 9.5104e+04, 9.2160e+03, 
 1DIAGNOSTIC,     4, -8.723753690720e-01, 1.797693134862e+308, 1.0406e+05, 8.9600e+03, 
 1DIAGNOSTIC,     5, -8.735347986221e-01, 1.797693134862e+308, 1.1328e+05, 9.2160e+03, 
 1DIAGNOSTIC,     6, -8.747179508209e-01, 1.797693134862e+308, 1.2224e+05, 8.9600e+03, 
 1DIAGNOSTIC,     7, -8.757787942886e-01, 1.797693134862e+308, 1.3133e+05, 9.0880e+03, 
 1DIAGNOSTIC,     8, -8.767256140709e-01, 1.797693134862e+308, 1.4042e+05, 9.0880e+03, 
 1DIAGNOSTIC,     9, -8.776040673256e-01, 1.797693134862e+308, 1.4950e+05, 9.0880e+03, 
 1DIAGNOSTIC,    10, -8.784546256065e-01, 7.849559187889e-04, 1.5859e+05, 9.0880e+03, 
 1DIAGNOSTIC,    11, -8.792228698730e-01, 6.559118628502e-04, 1.6781e+05, 9.2160e+03, 
 1DIAGNOSTIC,    12, -8.799833059311e-01, 5.459040403366e-04, 1.7690e+05, 9.0880e+03, 
