---------------------
Experiment information

SIF_IMG: /mnt/lustre/mathdugre/containers/ants-flint-vprec.simg
SIF_IMG_BASE: /mnt/lustre/mathdugre/containers/ants-flint-base.simg
EXPERIMENT_NAME: flint-vprec-single-five-levels
STAGE: rigid
SUBJECT_ID: s003
REPETITION_ID: 1

FIXED_IMG: /templateflow/tpl-MNI152NLin2009cAsym/tpl-MNI152NLin2009cAsym_res-01_desc-brain_T1w.nii.gz
INPUT_IMG: /mnt/lustre/mathdugre/fast-interpolate/datasets/ds004513/derivatives/fsl/fast/sub-s003/ses-open/anat/BrainExtractionBrain_seg.nii.gz

DATA_DIR: /mnt/lustre/mathdugre/fast-interpolate/datasets/ds004513
OUTPUT_DIR: /mnt/lustre/mathdugre/fast-interpolate/datasets/ds004513/derivatives/flint/ants/flint-vprec-single-five-levels/sub-s003/ses-open/anat
OUTPUT_PREFIX: 1
THREAD: 1
FLOAT: 0
VFC_BACKENDS: libinterflop_vprec.so --precision-binary32=23 --range-binary32=8 --precision-binary64=23 --range-binary64=8
---------------------

--output [/mnt/lustre/mathdugre/fast-interpolate/datasets/ds004513/derivatives/flint/ants/flint-vprec-single-five-levels/sub-s003/ses-open/anat/1/1_,/mnt/lustre/mathdugre/fast-interpolate/datasets/ds004513/derivatives/flint/ants/flint-vprec-single-five-levels/sub-s003/ses-open/anat/1/1_Rigid.nii.gz,/mnt/lustre/mathdugre/fast-interpolate/datasets/ds004513/derivatives/flint/ants/flint-vprec-single-five-levels/sub-s003/ses-open/anat/1/1_InverseRigid.nii.gz] --initial-moving-transform [/templateflow/tpl-MNI152NLin2009cAsym/tpl-MNI152NLin2009cAsym_res-01_desc-brain_T1w.nii.gz,/mnt/lustre/mathdugre/fast-interpolate/datasets/ds004513/derivatives/fsl/fast/sub-s003/ses-open/anat/BrainExtractionBrain_seg.nii.gz,1] --transform Rigid[0.1] --metric MI[/templateflow/tpl-MNI152NLin2009cAsym/tpl-MNI152NLin2009cAsym_res-01_desc-brain_T1w.nii.gz,/mnt/lustre/mathdugre/fast-interpolate/datasets/ds004513/derivatives/fsl/fast/sub-s003/ses-open/anat/BrainExtractionBrain_seg.nii.gz,1,32,Regular,0.25] --convergence [1000x1000x500x250x100,1e-6,10] --shrink-factors 16x8x4x2x1 --smoothing-sigmas 4x3x2x1x0vox
All_Command_lines_OK
Using double precision for computations.
=============================================================================
The composite transform comprises the following transforms (in order): 
  1. Center of mass alignment using fixed image: /templateflow/tpl-MNI152NLin2009cAsym/tpl-MNI152NLin2009cAsym_res-01_desc-brain_T1w.nii.gz and moving image: /mnt/lustre/mathdugre/fast-interpolate/datasets/ds004513/derivatives/fsl/fast/sub-s003/ses-open/anat/BrainExtractionBrain_seg.nii.gz (type = Euler3DTransform)
=============================================================================
  number of levels = 5
  fixed image: /templateflow/tpl-MNI152NLin2009cAsym/tpl-MNI152NLin2009cAsym_res-01_desc-brain_T1w.nii.gz
  moving image: /mnt/lustre/mathdugre/fast-interpolate/datasets/ds004513/derivatives/fsl/fast/sub-s003/ses-open/anat/BrainExtractionBrain_seg.nii.gz
Dimension = 3
Number of stages = 1
Use histogram matching = false
Winsorize image intensities = true
  Lower quantile = 0.005
  Upper quantile = 0.995


Stage 1 State
   Image metric = MattesMI
     Fixed image = Image (0x4f2f2a0)
  RTTI typeinfo:   itk::Image<double, 3u>
  Reference Count: 2
  Modified Time: 1626
  Debug: Off
  Object Name: 
  Observers: 
    none
  Source: (none)
  Source output name: (none)
  Release Data: Off
  Data Released: False
  Global Release Data: Off
  PipelineMTime: 0
  UpdateMTime: 1409
  RealTimeStamp: 0 seconds 
  LargestPossibleRegion: 
    Dimension: 3
    Index: [0, 0, 0]
    Size: [193, 229, 193]
  BufferedRegion: 
    Dimension: 3
    Index: [0, 0, 0]
    Size: [193, 229, 193]
  RequestedRegion: 
    Dimension: 3
    Index: [0, 0, 0]
    Size: [193, 229, 193]
  Spacing: [1, 1, 1]
  Origin: [96, 132, -78]
  Direction: 
-1 0 0
0 -1 0
0 0 1

  IndexToPointMatrix: 
-1 0 0
0 -1 0
0 0 1

  PointToIndexMatrix: 
-1 0 0
0 -1 0
0 0 1

  Inverse Direction: 
-1 0 0
0 -1 0
0 0 1

  PixelContainer: 
    ImportImageContainer (0x50033d0)
      RTTI typeinfo:   itk::ImportImageContainer<unsigned long, double>
      Reference Count: 1
      Modified Time: 1406
      Debug: Off
      Object Name: 
      Observers: 
        none
      Pointer: 0x7f935556c010
      Container manages memory: true
      Size: 8530021
      Capacity: 8530021

     Moving image = Image (0x4f2faa0)
  RTTI typeinfo:   itk::Image<double, 3u>
  Reference Count: 2
  Modified Time: 1627
  Debug: Off
  Object Name: 
  Observers: 
    none
  Source: (none)
  Source output name: (none)
  Release Data: Off
  Data Released: False
  Global Release Data: Off
  PipelineMTime: 0
  UpdateMTime: 1624
  RealTimeStamp: 0 seconds 
  LargestPossibleRegion: 
    Dimension: 3
    Index: [0, 0, 0]
    Size: [176, 240, 256]
  BufferedRegion: 
    Dimension: 3
    Index: [0, 0, 0]
    Size: [176, 240, 256]
  RequestedRegion: 
    Dimension: 3
    Index: [0, 0, 0]
    Size: [176, 240, 256]
  Spacing: [0.999999, 1, 1]
  Origin: [93.3499, 86.9368, -128.957]
  Direction: 
-0.999513 -0.0279216 -0.0139567
0.0279189 -0.99961 0.000389866
-0.0139622 2.01492e-08 0.999902

  IndexToPointMatrix: 
-0.999512 -0.0279216 -0.0139567
0.0279189 -0.99961 0.000389866
-0.0139621 2.01492e-08 0.999902

  PointToIndexMatrix: 
-0.999514 0.0279189 -0.0139622
-0.0279216 -0.99961 2.01544e-08
-0.0139567 0.000389866 0.999903

  Inverse Direction: 
-0.999513 0.0279189 -0.0139622
-0.0279216 -0.99961 2.01544e-08
-0.0139567 0.000389866 0.999903

  PixelContainer: 
    ImportImageContainer (0x50634d0)
      RTTI typeinfo:   itk::ImportImageContainer<unsigned long, double>
      Reference Count: 1
      Modified Time: 1621
      Debug: Off
      Object Name: 
      Observers: 
        none
      Pointer: 0x7f93502eb010
      Container manages memory: true
      Size: 10813440
      Capacity: 10813440

     Weighting = 1
     Sampling strategy = regular
     Number of bins = 32
     Radius = 4
     Sampling percentage  = 0.25
   Transform = Rigid
     Gradient step = 0.1
     Update field sigma (voxel space) = 0
     Total field sigma (voxel space) = 0
     Update field time sigma = 0
     Total field time sigma  = 0
     Number of time indices = 0
     Number of time point samples = 0
Registration using 1 total stages.

Stage 0
  iterations = 1000x1000x500x250x100
  convergence threshold = 1e-06
  convergence window size = 10
  number of levels = 5
  using the Mattes MI metric (number of bins = 32, weight = 1, use gradient filter = 0)
  preprocessing:  winsorizing the image intensities
  Shrink factors (level 1 out of 5): [16, 16, 16]
  Shrink factors (level 2 out of 5): [8, 8, 8]
  Shrink factors (level 3 out of 5): [4, 4, 4]
  Shrink factors (level 4 out of 5): [2, 2, 2]
  Shrink factors (level 5 out of 5): [1, 1, 1]
  smoothing sigmas per level: [4, 3, 2, 1, 0]
  regular sampling (percentage = 0.25)

*** Running Euler3DTransform registration ***

DIAGNOSTIC,Iteration,metricValue,convergenceValue,ITERATION_TIME_INDEX,SINCE_LAST
 2DIAGNOSTIC,     1, -8.135219216347e-01, 1.797693134862e+308, 1.2800e+02, 1.2800e+02, 
 2DIAGNOSTIC,     2, -8.143483400345e-01, 1.797693134862e+308, 1.2800e+02, 0.0000e+00, 
 2DIAGNOSTIC,     3, -8.179036378860e-01, 1.797693134862e+308, 1.2800e+02, 0.0000e+00, 
 2DIAGNOSTIC,     4, -8.230091929436e-01, 1.797693134862e+308, 1.2800e+02, 0.0000e+00, 
 2DIAGNOSTIC,     5, -8.269186615944e-01, 1.797693134862e+308, 1.2800e+02, 0.0000e+00, 
 2DIAGNOSTIC,     6, -8.322036266327e-01, 1.797693134862e+308, 1.2800e+02, 0.0000e+00, 
 2DIAGNOSTIC,     7, -8.386967778206e-01, 1.797693134862e+308, 1.2800e+02, 0.0000e+00, 
 2DIAGNOSTIC,     8, -8.634611964226e-01, 1.797693134862e+308, 1.2800e+02, 0.0000e+00, 
 2DIAGNOSTIC,     9, -8.867505192757e-01, 1.797693134862e+308, 1.2800e+02, 0.0000e+00, 
 2DIAGNOSTIC,    10, -8.767902255058e-01, 5.647808313370e-03, 1.2800e+02, 0.0000e+00, 
 2DIAGNOSTIC,    11, -8.762542605400e-01, 5.406297743320e-03, 1.2800e+02, 0.0000e+00, 
 2DIAGNOSTIC,    12, -8.748843669891e-01, 4.711166024208e-03, 1.2800e+02, 0.0000e+00, 
 2DIAGNOSTIC,    13, -8.788790106773e-01, 3.878369927406e-03, 1.2800e+02, 0.0000e+00, 
 2DIAGNOSTIC,    14, -8.911175727844e-01, 3.215618431568e-03, 1.2800e+02, 0.0000e+00, 
 2DIAGNOSTIC,    15, -8.910642266273e-01, 2.440229058266e-03, 1.2800e+02, 0.0000e+00, 
 2DIAGNOSTIC,    16, -8.917788267136e-01, 1.682892441750e-03, 1.2800e+02, 0.0000e+00, 
 2DIAGNOSTIC,    17, -8.921650052071e-01, 9.899139404297e-04, 1.2800e+02, 0.0000e+00, 
 2DIAGNOSTIC,    18, -8.924379944801e-01, 7.286667823792e-04, 1.2800e+02, 0.0000e+00, 
 2DIAGNOSTIC,    19, -8.914636969566e-01, 8.167997002602e-04, 1.2800e+02, 0.0000e+00, 
 2DIAGNOSTIC,    20, -8.917807936668e-01, 6.623752415180e-04, 1.2800e+02, 0.0000e+00, 
 2DIAGNOSTIC,    21, -8.920238614082e-01, 4.610754549503e-04, 1.2800e+02, 0.0000e+00, 
 2DIAGNOSTIC,    22, -8.928068876266e-01, 2.270750701427e-04, 1.2800e+02, 0.0000e+00, 
 2DIAGNOSTIC,    23, -8.915004730225e-01, 2.617388963699e-05, 1.2800e+02, 0.0000e+00, 
 2DIAGNOSTIC,    24, -9.014221429825e-01, 1.435056328773e-04, 1.2800e+02, 0.0000e+00, 
 2DIAGNOSTIC,    25, -9.028233289719e-01, 2.514421939850e-04, 1.2800e+02, 0.0000e+00, 
 2DIAGNOSTIC,    26, -9.025444388390e-01, 3.330931067467e-04, 1.2800e+02, 0.0000e+00, 
 2DIAGNOSTIC,    27, -9.020802974701e-01, 3.782995045185e-04, 1.2800e+02, 0.0000e+00, 
 2DIAGNOSTIC,    28, -9.014485478401e-01, 3.810711205006e-04, 1.2800e+02, 0.0000e+00, 
 2DIAGNOSTIC,    29, -9.008790850639e-01, 3.287941217422e-04, 1.2800e+02, 0.0000e+00, 
 2DIAGNOSTIC,    30, -9.005545377731e-01, 2.482347190380e-04, 1.2800e+02, 0.0000e+00, 
 2DIAGNOSTIC,    31, -9.008928537369e-01, 1.569502055645e-04, 1.2800e+02, 0.0000e+00, 
 2DIAGNOSTIC,    32, -8.988305330276e-01, 4.552304744720e-05, 1.2800e+02, 0.0000e+00, 
DIAGNOSTIC,Iteration,metricValue,convergenceValue,ITERATION_TIME_INDEX,SINCE_LAST
 2DIAGNOSTIC,     1, -5.264620184898e-01, 1.797693134862e+308, 1.2800e+02, 0.0000e+00, 
 2DIAGNOSTIC,     2, -5.282505154610e-01, 1.797693134862e+308, 1.2800e+02, 0.0000e+00, 
 2DIAGNOSTIC,     3, -5.318792462349e-01, 1.797693134862e+308, 1.2800e+02, 0.0000e+00, 
 2DIAGNOSTIC,     4, -5.365742444992e-01, 1.797693134862e+308, 1.2800e+02, 0.0000e+00, 
 2DIAGNOSTIC,     5, -5.448214411736e-01, 1.797693134862e+308, 1.2800e+02, 0.0000e+00, 
 2DIAGNOSTIC,     6, -5.580800175667e-01, 1.797693134862e+308, 1.2800e+02, 0.0000e+00, 
 2DIAGNOSTIC,     7, -5.676365494728e-01, 1.797693134862e+308, 1.2800e+02, 0.0000e+00, 
 2DIAGNOSTIC,     8, -5.722002983093e-01, 1.797693134862e+308, 1.2800e+02, 0.0000e+00, 
 2DIAGNOSTIC,     9, -5.753188133240e-01, 1.797693134862e+308, 1.2800e+02, 0.0000e+00, 
 2DIAGNOSTIC,    10, -5.780320167542e-01, 7.093496620655e-03, 1.2800e+02, 0.0000e+00, 
 2DIAGNOSTIC,    11, -5.806301832199e-01, 6.258584558964e-03, 1.2800e+02, 0.0000e+00, 
 2DIAGNOSTIC,    12, -5.805881023407e-01, 5.078814923763e-03, 1.2800e+02, 0.0000e+00, 
 2DIAGNOSTIC,    13, -5.824808478355e-01, 3.851205110550e-03, 1.2800e+02, 0.0000e+00, 
 2DIAGNOSTIC,    14, -5.858894586563e-01, 2.749286592007e-03, 1.2800e+02, 0.0000e+00, 
 2DIAGNOSTIC,    15, -5.886816978455e-01, 1.910530030727e-03, 1.2800e+02, 0.0000e+00, 
 2DIAGNOSTIC,    16, -5.902109742165e-01, 1.464836299419e-03, 1.2800e+02, 0.0000e+00, 
 2DIAGNOSTIC,    17, -5.907929539680e-01, 1.238457858562e-03, 1.2800e+02, 0.0000e+00, 
 2DIAGNOSTIC,    18, -5.948767066002e-01, 1.164272427559e-03, 1.2800e+02, 0.0000e+00, 
 2DIAGNOSTIC,    19, -6.129491925240e-01, 1.540001481771e-03, 1.2800e+02, 0.0000e+00, 
 2DIAGNOSTIC,    20, -6.132863163948e-01, 1.794684678316e-03, 1.2800e+02, 0.0000e+00, 
 2DIAGNOSTIC,    21, -6.140700578690e-01, 1.944039016962e-03, 1.2800e+02, 0.0000e+00, 
 2DIAGNOSTIC,    22, -6.151880621910e-01, 1.928336918354e-03, 1.2800e+02, 0.0000e+00, 
 2DIAGNOSTIC,    23, -6.166921257973e-01, 1.802638173103e-03, 1.2800e+02, 0.0000e+00, 
 2DIAGNOSTIC,    24, -6.183317303658e-01, 1.614756882191e-03, 1.2800e+02, 0.0000e+00, 
 2DIAGNOSTIC,    25, -6.190541386604e-01, 1.359369605780e-03, 1.2800e+02, 0.0000e+00, 
 2DIAGNOSTIC,    26, -6.196612715721e-01, 1.043755561113e-03, 1.2800e+02, 0.0000e+00, 
 2DIAGNOSTIC,    27, -6.198032498360e-01, 6.697885692120e-04, 1.2800e+02, 0.0000e+00, 
 2DIAGNOSTIC,    28, -6.199021339417e-01, 3.247149288654e-04, 1.2800e+02, 0.0000e+00, 
 2DIAGNOSTIC,    29, -6.198792457581e-01, 2.758540213108e-04, 1.2800e+02, 0.0000e+00, 
 2DIAGNOSTIC,    30, -6.199380159378e-01, 2.109035849571e-04, 1.2800e+02, 0.0000e+00, 
 2DIAGNOSTIC,    31, -6.197113990784e-01, 1.391880214214e-04, 1.2800e+02, 0.0000e+00, 
 2DIAGNOSTIC,    32, -6.197208166122e-01, 7.597729563713e-05, 1.2800e+02, 0.0000e+00, 
 2DIAGNOSTIC,    33, -6.196636557579e-01, 3.032013773918e-05, 1.2800e+02, 0.0000e+00, 
 2DIAGNOSTIC,    34, -6.197686791420e-01, 9.171664714813e-06, 1.2800e+02, 0.0000e+00, 
DIAGNOSTIC,Iteration,metricValue,convergenceValue,ITERATION_TIME_INDEX,SINCE_LAST
 2DIAGNOSTIC,     1, -5.080932974815e-01, 1.797693134862e+308, 1.2800e+02, 0.0000e+00, 
 2DIAGNOSTIC,     2, -5.086436867714e-01, 1.797693134862e+308, 1.2800e+02, 0.0000e+00, 
 2DIAGNOSTIC,     3, -5.094921588898e-01, 1.797693134862e+308, 1.2800e+02, 0.0000e+00, 
 2DIAGNOSTIC,     4, -5.105705857277e-01, 1.797693134862e+308, 1.2800e+02, 0.0000e+00, 
 2DIAGNOSTIC,     5, -5.124702453613e-01, 1.797693134862e+308, 1.2800e+02, 0.0000e+00, 
 2DIAGNOSTIC,     6, -5.152493715286e-01, 1.797693134862e+308, 2.5600e+02, 1.2800e+02, 
 2DIAGNOSTIC,     7, -5.185393095016e-01, 1.797693134862e+308, 2.5600e+02, 0.0000e+00, 
 2DIAGNOSTIC,     8, -5.227088928223e-01, 1.797693134862e+308, 2.5600e+02, 0.0000e+00, 
 2DIAGNOSTIC,     9, -5.237468481064e-01, 1.797693134862e+308, 2.5600e+02, 0.0000e+00, 
 2DIAGNOSTIC,    10, -5.250322222710e-01, 2.406753599644e-03, 2.5600e+02, 0.0000e+00, 
 2DIAGNOSTIC,    11, -5.289369225502e-01, 2.425372600555e-03, 2.5600e+02, 0.0000e+00, 
 2DIAGNOSTIC,    12, -5.364044308662e-01, 2.581275999546e-03, 2.5600e+02, 0.0000e+00, 
 2DIAGNOSTIC,    13, -5.373503565788e-01, 2.547152340412e-03, 2.5600e+02, 0.0000e+00, 
 2DIAGNOSTIC,    14, -5.394189953804e-01, 2.414129674435e-03, 2.5600e+02, 0.0000e+00, 
 2DIAGNOSTIC,    15, -5.405102968216e-01, 2.190165221691e-03, 2.5600e+02, 0.0000e+00, 
 2DIAGNOSTIC,    16, -5.412607192993e-01, 1.910492777824e-03, 2.5600e+02, 0.0000e+00, 
 2DIAGNOSTIC,    17, -5.424401164055e-01, 1.625075936317e-03, 2.5600e+02, 0.0000e+00, 
 2DIAGNOSTIC,    18, -5.432518720627e-01, 1.371916383505e-03, 2.5600e+02, 0.0000e+00, 
 2DIAGNOSTIC,    19, -5.451778769493e-01, 1.106102019548e-03, 2.5600e+02, 0.0000e+00, 
 2DIAGNOSTIC,    20, -5.466822981834e-01, 8.386485278606e-04, 2.5600e+02, 0.0000e+00, 
 2DIAGNOSTIC,    21, -5.482500195503e-01, 6.546266376972e-04, 2.5600e+02, 0.0000e+00, 
 2DIAGNOSTIC,    22, -5.485333800316e-01, 6.159693002701e-04, 2.5600e+02, 0.0000e+00, 
 2DIAGNOSTIC,    23, -5.489006042480e-01, 5.533844232559e-04, 2.5600e+02, 0.0000e+00, 
 2DIAGNOSTIC,    24, -5.491497516632e-01, 4.956051707268e-04, 2.5600e+02, 0.0000e+00, 
 2DIAGNOSTIC,    25, -5.493896007538e-01, 4.240311682224e-04, 2.5600e+02, 0.0000e+00, 
 2DIAGNOSTIC,    26, -5.497094392776e-01, 3.398917615414e-04, 2.5600e+02, 0.0000e+00, 
 2DIAGNOSTIC,    27, -5.500391125679e-01, 2.603121101856e-04, 2.5600e+02, 0.0000e+00, 
 2DIAGNOSTIC,    28, -5.500510334969e-01, 1.774132251740e-04, 2.5600e+02, 0.0000e+00, 
 2DIAGNOSTIC,    29, -5.500535964966e-01, 1.188293099403e-04, 2.5600e+02, 0.0000e+00, 
 2DIAGNOSTIC,    30, -5.500609278679e-01, 7.926672697067e-05, 2.5600e+02, 0.0000e+00, 
 2DIAGNOSTIC,    31, -5.500724315643e-01, 6.184354424477e-05, 2.5600e+02, 0.0000e+00, 
 2DIAGNOSTIC,    32, -5.501089692116e-01, 4.490837454796e-05, 2.5600e+02, 0.0000e+00, 
 2DIAGNOSTIC,    33, -5.502133965492e-01, 3.242120146751e-05, 2.5600e+02, 0.0000e+00, 
 2DIAGNOSTIC,    34, -5.504260063171e-01, 2.489238977432e-05, 2.5600e+02, 0.0000e+00, 
 2DIAGNOSTIC,    35, -5.515939593315e-01, 3.666616976261e-05, 2.5600e+02, 0.0000e+00, 
 2DIAGNOSTIC,    36, -5.516397356987e-01, 4.917755723000e-05, 2.5600e+02, 0.0000e+00, 
 2DIAGNOSTIC,    37, -5.516399741173e-01, 6.132200360298e-05, 2.5600e+02, 0.0000e+00, 
 2DIAGNOSTIC,    38, -5.516330003738e-01, 6.737001240253e-05, 2.5600e+02, 0.0000e+00, 
 2DIAGNOSTIC,    39, -5.516495108604e-01, 6.692856550217e-05, 2.5600e+02, 0.0000e+00, 
 2DIAGNOSTIC,    40, -5.516480207443e-01, 6.003119051456e-05, 2.5600e+02, 0.0000e+00, 
 2DIAGNOSTIC,    41, -5.516422390938e-01, 4.788674414158e-05, 2.5600e+02, 0.0000e+00, 
 2DIAGNOSTIC,    42, -5.516391992569e-01, 3.249570727348e-05, 2.5600e+02, 0.0000e+00, 
 2DIAGNOSTIC,    43, -5.516458153725e-01, 1.627579331398e-05, 2.5600e+02, 0.0000e+00, 
 2DIAGNOSTIC,    44, -5.516412854195e-01, 1.411885023117e-06, 2.5600e+02, 0.0000e+00, 
DIAGNOSTIC,Iteration,metricValue,convergenceValue,ITERATION_TIME_INDEX,SINCE_LAST
 2DIAGNOSTIC,     1, -4.859729409218e-01, 1.797693134862e+308, 3.8400e+02, 1.2800e+02, 
 2DIAGNOSTIC,     2, -4.863928258419e-01, 1.797693134862e+308, 3.8400e+02, 0.0000e+00, 
 2DIAGNOSTIC,     3, -4.870755672455e-01, 1.797693134862e+308, 3.8400e+02, 0.0000e+00, 
 2DIAGNOSTIC,     4, -4.876727163792e-01, 1.797693134862e+308, 3.8400e+02, 0.0000e+00, 
 2DIAGNOSTIC,     5, -4.878049492836e-01, 1.797693134862e+308, 3.8400e+02, 0.0000e+00, 
 2DIAGNOSTIC,     6, -4.878354072571e-01, 1.797693134862e+308, 3.8400e+02, 0.0000e+00, 
 2DIAGNOSTIC,     7, -4.878899753094e-01, 1.797693134862e+308, 3.8400e+02, 0.0000e+00, 
 2DIAGNOSTIC,     8, -4.880048930645e-01, 1.797693134862e+308, 3.8400e+02, 0.0000e+00, 
 2DIAGNOSTIC,     9, -4.885159134865e-01, 1.797693134862e+308, 3.8400e+02, 0.0000e+00, 
 2DIAGNOSTIC,    10, -4.885869324207e-01, 3.078952431679e-04, 3.8400e+02, 0.0000e+00, 
 2DIAGNOSTIC,    11, -4.886290132999e-01, 2.281144261360e-04, 5.1200e+02, 1.2800e+02, 
 2DIAGNOSTIC,    12, -4.887748360634e-01, 1.687332987785e-04, 5.1200e+02, 0.0000e+00, 
 2DIAGNOSTIC,    13, -4.889891147614e-01, 1.427456736565e-04, 5.1200e+02, 0.0000e+00, 
 2DIAGNOSTIC,    14, -4.890129864216e-01, 1.329183578491e-04, 5.1200e+02, 0.0000e+00, 
 2DIAGNOSTIC,    15, -4.890130758286e-01, 1.177266240120e-04, 5.1200e+02, 0.0000e+00, 
 2DIAGNOSTIC,    16, -4.890154302120e-01, 9.541213512421e-05, 5.1200e+02, 0.0000e+00, 
 2DIAGNOSTIC,    17, -4.890164732933e-01, 6.906315684319e-05, 5.1200e+02, 0.0000e+00, 
 2DIAGNOSTIC,    18, -4.890142381191e-01, 4.252046346664e-05, 5.1200e+02, 0.0000e+00, 
 2DIAGNOSTIC,    19, -4.890132248402e-01, 3.062561154366e-05, 6.4000e+02, 1.2800e+02, 
 2DIAGNOSTIC,    20, -4.890148341656e-01, 1.945719122887e-05, 6.4000e+02, 0.0000e+00, 
 2DIAGNOSTIC,    21, -4.890166521072e-01, 8.869916200638e-06, 6.4000e+02, 0.0000e+00, 
 2DIAGNOSTIC,    22, -4.890182316303e-01, 2.298504114151e-06, 6.4000e+02, 0.0000e+00, 
 2DIAGNOSTIC,    23, -4.890295267105e-01, 1.911073923111e-06, 6.4000e+02, 0.0000e+00, 
 2DIAGNOSTIC,    24, -4.890409111977e-01, 2.361834049225e-06, 6.4000e+02, 0.0000e+00, 
 2DIAGNOSTIC,    25, -4.890716075897e-01, 3.393739461899e-06, 6.4000e+02, 0.0000e+00, 
 2DIAGNOSTIC,    26, -4.891257882118e-01, 5.386769771576e-06, 6.4000e+02, 0.0000e+00, 
 2DIAGNOSTIC,    27, -4.892066717148e-01, 8.590519428253e-06, 6.4000e+02, 0.0000e+00, 
 2DIAGNOSTIC,    28, -4.892589449883e-01, 1.187622547150e-05, 6.4000e+02, 0.0000e+00, 
 2DIAGNOSTIC,    29, -4.893302023411e-01, 1.532956957817e-05, 7.6800e+02, 1.2800e+02, 
 2DIAGNOSTIC,    30, -4.893333613873e-01, 1.728162169456e-05, 7.6800e+02, 0.0000e+00, 
 2DIAGNOSTIC,    31, -4.893358349800e-01, 1.767650246620e-05, 7.6800e+02, 0.0000e+00, 
 2DIAGNOSTIC,    32, -4.893370866776e-01, 1.650303602219e-05, 7.6800e+02, 0.0000e+00, 
 2DIAGNOSTIC,    33, -4.893367886543e-01, 1.411512494087e-05, 7.6800e+02, 0.0000e+00, 
 2DIAGNOSTIC,    34, -4.893368482590e-01, 1.081638038158e-05, 7.6800e+02, 0.0000e+00, 
 2DIAGNOSTIC,    35, -4.893365800381e-01, 7.269904017448e-06, 7.6800e+02, 0.0000e+00, 
 2DIAGNOSTIC,    36, -4.893365502357e-01, 4.181638360023e-06, 8.9600e+02, 1.2800e+02, 
 2DIAGNOSTIC,    37, -4.893360733986e-01, 2.205371856689e-06, 8.9600e+02, 0.0000e+00, 
DIAGNOSTIC,Iteration,metricValue,convergenceValue,ITERATION_TIME_INDEX,SINCE_LAST
 2DIAGNOSTIC,     1, -4.520609974861e-01, 1.797693134862e+308, 1.0240e+03, 1.2800e+02, 
 2DIAGNOSTIC,     2, -4.521025717258e-01, 1.797693134862e+308, 1.0240e+03, 0.0000e+00, 
 2DIAGNOSTIC,     3, -4.521103799343e-01, 1.797693134862e+308, 1.1520e+03, 1.2800e+02, 
 2DIAGNOSTIC,     4, -4.521164000034e-01, 1.797693134862e+308, 1.2800e+03, 1.2800e+02, 
 2DIAGNOSTIC,     5, -4.521172940731e-01, 1.797693134862e+308, 1.4080e+03, 1.2800e+02, 
 2DIAGNOSTIC,     6, -4.521167874336e-01, 1.797693134862e+308, 1.5360e+03, 1.2800e+02, 
 2DIAGNOSTIC,     7, -4.521158933640e-01, 1.797693134862e+308, 1.6640e+03, 1.2800e+02, 
 2DIAGNOSTIC,     8, -4.521166384220e-01, 1.797693134862e+308, 1.6640e+03, 0.0000e+00, 
 2DIAGNOSTIC,     9, -4.521173238754e-01, 1.797693134862e+308, 1.7920e+03, 1.2800e+02, 
 2DIAGNOSTIC,    10, -4.521187841892e-01, 7.897615432739e-06, 1.9200e+03, 1.2800e+02, 
 2DIAGNOSTIC,    11, -4.521217644215e-01, 4.418194293976e-06, 2.0480e+03, 1.2800e+02, 
 2DIAGNOSTIC,    12, -4.521277248859e-01, 3.874301910400e-06, 2.0480e+03, 0.0000e+00, 
 2DIAGNOSTIC,    13, -4.521390199661e-01, 4.224479198456e-06, 2.1760e+03, 1.2800e+02, 
 2DIAGNOSTIC,    14, -4.521513283253e-01, 5.155801773071e-06, 2.3040e+03, 1.2800e+02, 
 2DIAGNOSTIC,    15, -4.521533250809e-01, 5.833804607391e-06, 2.4320e+03, 1.2800e+02, 
 2DIAGNOSTIC,    16, -4.521571397781e-01, 6.213784217834e-06, 2.5600e+03, 1.2800e+02, 
 2DIAGNOSTIC,    17, -4.521706998348e-01, 6.631016731262e-06, 2.6880e+03, 1.2800e+02, 
 2DIAGNOSTIC,    18, -4.521844089031e-01, 7.044523954391e-06, 2.8160e+03, 1.2800e+02, 
 2DIAGNOSTIC,    19, -4.522346556187e-01, 8.605420589447e-06, 2.8160e+03, 0.0000e+00, 
 2DIAGNOSTIC,    20, -4.522699713707e-01, 1.048296689987e-05, 2.9440e+03, 1.2800e+02, 
 2DIAGNOSTIC,    21, -4.522869884968e-01, 1.195445656776e-05, 3.0720e+03, 1.2800e+02, 
 2DIAGNOSTIC,    22, -4.522878825665e-01, 1.252442598343e-05, 3.2000e+03, 1.2800e+02, 
 2DIAGNOSTIC,    23, -4.522882401943e-01, 1.233071088791e-05, 3.3280e+03, 1.2800e+02, 
 2DIAGNOSTIC,    24, -4.522894322872e-01, 1.145154237747e-05, 3.4560e+03, 1.2800e+02, 
 2DIAGNOSTIC,    25, -4.522894024849e-01, 9.730458259583e-06, 3.4560e+03, 0.0000e+00, 
 2DIAGNOSTIC,    26, -4.522899389267e-01, 7.465481758118e-06, 3.5840e+03, 1.2800e+02, 
 2DIAGNOSTIC,    27, -4.522938728333e-01, 5.196779966354e-06, 3.7120e+03, 1.2800e+02, 
 2DIAGNOSTIC,    28, -4.523026347160e-01, 3.203749656677e-06, 3.8400e+03, 1.2800e+02, 
 2DIAGNOSTIC,    29, -4.523045420647e-01, 2.250075340271e-06, 3.9680e+03, 1.2800e+02, 
 2DIAGNOSTIC,    30, -4.523030519485e-01, 1.959502696991e-06, 4.0960e+03, 1.2800e+02, 
 2DIAGNOSTIC,    31, -4.523056447506e-01, 2.004206180573e-06, 4.2240e+03, 1.2800e+02, 
 2DIAGNOSTIC,    32, -4.523083865643e-01, 2.019107341766e-06, 4.2240e+03, 0.0000e+00, 
 2DIAGNOSTIC,    33, -4.523221850395e-01, 2.201646566391e-06, 4.3520e+03, 1.2800e+02, 
 2DIAGNOSTIC,    34, -4.523246884346e-01, 2.317130565643e-06, 4.4800e+03, 1.2800e+02, 
 2DIAGNOSTIC,    35, -4.523248970509e-01, 2.305954694748e-06, 4.6080e+03, 1.2800e+02, 
 2DIAGNOSTIC,    36, -4.523251950741e-01, 2.177432179451e-06, 4.6080e+03, 0.0000e+00, 
 2DIAGNOSTIC,    37, -4.523249268532e-01, 1.998618245125e-06, 4.7360e+03, 1.2800e+02, 
 2DIAGNOSTIC,    38, -4.523254632950e-01, 1.858919858932e-06, 4.8640e+03, 1.2800e+02, 
 2DIAGNOSTIC,    39, -4.523259699345e-01, 1.672655344009e-06, 4.9920e+03, 1.2800e+02, 
 2DIAGNOSTIC,    40, -4.523262679577e-01, 1.400709152222e-06, 4.9920e+03, 0.0000e+00, 
 2DIAGNOSTIC,    41, -4.523264467716e-01, 1.125037670135e-06, 5.1200e+03, 1.2800e+02, 
  Elapsed time (stage 0): 5.2480e+03


Total elapsed time: 5.2480e+03
-i /mnt/lustre/mathdugre/fast-interpolate/datasets/ds004513/derivatives/fsl/fast/sub-s003/ses-open/anat/BrainExtractionBrain_seg.nii.gz -o /mnt/lustre/mathdugre/fast-interpolate/datasets/ds004513/derivatives/flint/ants/flint-vprec-single-five-levels/sub-s003/ses-open/anat/1/1_transformed.nii.gz -t /mnt/lustre/mathdugre/fast-interpolate/datasets/ds004513/derivatives/flint/ants/flint-vprec-single-five-levels/sub-s003/ses-open/anat/1/1_0GenericAffine.mat
