---------------------
Experiment information

SIF_IMG: /mnt/lustre/mathdugre/containers/ants-flint-vprec.simg
SIF_IMG_BASE: /mnt/lustre/mathdugre/containers/ants-flint-base.simg
EXPERIMENT_NAME: flint-vprec-single
STAGE: syn
SUBJECT_ID: s028
REPETITION_ID: 1

FIXED_IMG: /templateflow/tpl-MNI152NLin2009cAsym/tpl-MNI152NLin2009cAsym_res-01_desc-brain_T1w.nii.gz
INPUT_IMG: /mnt/lustre/mathdugre/fast-interpolate/datasets/ds004513/derivatives/flint/ants/flint-vprec-single/sub-s028/ses-open/anat/10/1_Affine.nii.gz

DATA_DIR: /mnt/lustre/mathdugre/fast-interpolate/datasets/ds004513
OUTPUT_DIR: /mnt/lustre/mathdugre/fast-interpolate/datasets/ds004513/derivatives/flint/ants/flint-vprec-single/sub-s028/ses-open/anat
OUTPUT_PREFIX: 101
THREAD: 1
FLOAT: 0
VFC_BACKENDS: libinterflop_vprec.so --precision-binary32=23 --range-binary32=8 --precision-binary64=23 --range-binary64=8
---------------------

--output [/mnt/lustre/mathdugre/fast-interpolate/datasets/ds004513/derivatives/flint/ants/flint-vprec-single/sub-s028/ses-open/anat/101/1_,/mnt/lustre/mathdugre/fast-interpolate/datasets/ds004513/derivatives/flint/ants/flint-vprec-single/sub-s028/ses-open/anat/101/1_Warped.nii.gz,/mnt/lustre/mathdugre/fast-interpolate/datasets/ds004513/derivatives/flint/ants/flint-vprec-single/sub-s028/ses-open/anat/101/1_InverseSyN.nii.gz] --initial-moving-transform [/templateflow/tpl-MNI152NLin2009cAsym/tpl-MNI152NLin2009cAsym_res-01_desc-brain_T1w.nii.gz,/mnt/lustre/mathdugre/fast-interpolate/datasets/ds004513/derivatives/flint/ants/flint-vprec-single/sub-s028/ses-open/anat/10/1_Affine.nii.gz,1] --transform SyN[ 0.1,3,0 ] --metric CC[/templateflow/tpl-MNI152NLin2009cAsym/tpl-MNI152NLin2009cAsym_res-01_desc-brain_T1w.nii.gz,/mnt/lustre/mathdugre/fast-interpolate/datasets/ds004513/derivatives/flint/ants/flint-vprec-single/sub-s028/ses-open/anat/10/1_Affine.nii.gz,1,4] --convergence [100x70x50x20,1e-6,10] --shrink-factors 8x4x2x1 --smoothing-sigmas 3x2x1x0vox
All_Command_lines_OK
Using double precision for computations.
=============================================================================
The composite transform comprises the following transforms (in order): 
  1. Center of mass alignment using fixed image: /templateflow/tpl-MNI152NLin2009cAsym/tpl-MNI152NLin2009cAsym_res-01_desc-brain_T1w.nii.gz and moving image: /mnt/lustre/mathdugre/fast-interpolate/datasets/ds004513/derivatives/flint/ants/flint-vprec-single/sub-s028/ses-open/anat/10/1_Affine.nii.gz (type = Euler3DTransform)
=============================================================================
  number of levels = 4
  fixed image: /templateflow/tpl-MNI152NLin2009cAsym/tpl-MNI152NLin2009cAsym_res-01_desc-brain_T1w.nii.gz
  moving image: /mnt/lustre/mathdugre/fast-interpolate/datasets/ds004513/derivatives/flint/ants/flint-vprec-single/sub-s028/ses-open/anat/10/1_Affine.nii.gz
Dimension = 3
Number of stages = 1
Use histogram matching = false
Winsorize image intensities = true
  Lower quantile = 0.005
  Upper quantile = 0.995


Stage 1 State
   Image metric = CC
     Fixed image = Image (0x412db50)
  RTTI typeinfo:   itk::Image<double, 3u>
  Reference Count: 2
  Modified Time: 1622
  Debug: Off
  Object Name: 
  Observers: 
    none
  Source: (none)
  Source output name: (none)
  Release Data: Off
  Data Released: False
  Global Release Data: Off
  PipelineMTime: 0
  UpdateMTime: 1407
  RealTimeStamp: 0 seconds 
  LargestPossibleRegion: 
    Dimension: 3
    Index: [0, 0, 0]
    Size: [193, 229, 193]
  BufferedRegion: 
    Dimension: 3
    Index: [0, 0, 0]
    Size: [193, 229, 193]
  RequestedRegion: 
    Dimension: 3
    Index: [0, 0, 0]
    Size: [193, 229, 193]
  Spacing: [1, 1, 1]
  Origin: [96, 132, -78]
  Direction: 
-1 0 0
0 -1 0
0 0 1

  IndexToPointMatrix: 
-1 0 0
0 -1 0
0 0 1

  PointToIndexMatrix: 
-1 0 0
0 -1 0
0 0 1

  Inverse Direction: 
-1 0 0
0 -1 0
0 0 1

  PixelContainer: 
    ImportImageContainer (0x41a66d0)
      RTTI typeinfo:   itk::ImportImageContainer<unsigned long, double>
      Reference Count: 1
      Modified Time: 1404
      Debug: Off
      Object Name: 
      Observers: 
        none
      Pointer: 0x7fa1506bb010
      Container manages memory: true
      Size: 8530021
      Capacity: 8530021

     Moving image = Image (0x4139d60)
  RTTI typeinfo:   itk::Image<double, 3u>
  Reference Count: 2
  Modified Time: 1623
  Debug: Off
  Object Name: 
  Observers: 
    none
  Source: (none)
  Source output name: (none)
  Release Data: Off
  Data Released: False
  Global Release Data: Off
  PipelineMTime: 0
  UpdateMTime: 1620
  RealTimeStamp: 0 seconds 
  LargestPossibleRegion: 
    Dimension: 3
    Index: [0, 0, 0]
    Size: [193, 229, 193]
  BufferedRegion: 
    Dimension: 3
    Index: [0, 0, 0]
    Size: [193, 229, 193]
  RequestedRegion: 
    Dimension: 3
    Index: [0, 0, 0]
    Size: [193, 229, 193]
  Spacing: [1, 1, 1]
  Origin: [96, 132, -78]
  Direction: 
-1 0 0
0 -1 0
0 0 1

  IndexToPointMatrix: 
-1 0 0
0 -1 0
0 0 1

  PointToIndexMatrix: 
-1 0 0
0 -1 0
0 0 1

  Inverse Direction: 
-1 0 0
0 -1 0
0 0 1

  PixelContainer: 
    ImportImageContainer (0x42067d0)
      RTTI typeinfo:   itk::ImportImageContainer<unsigned long, double>
      Reference Count: 1
      Modified Time: 1617
      Debug: Off
      Object Name: 
      Observers: 
        none
      Pointer: 0x7fa14c5a6010
      Container manages memory: true
      Size: 8530021
      Capacity: 8530021

     Weighting = 1
     Sampling strategy = none
     Number of bins = 32
     Radius = 4
     Sampling percentage  = 1
   Transform = SyN
     Gradient step = 0.1
     Update field sigma (voxel space) = 3
     Total field sigma (voxel space) = 0
     Update field time sigma = 0
     Total field time sigma  = 0
     Number of time indices = 0
     Number of time point samples = 0
Registration using 1 total stages.

Stage 0
  iterations = 100x70x50x20
  convergence threshold = 1e-06
  convergence window size = 10
  number of levels = 4
  using the CC metric (radius = 4, weight = 1, use gradient filter = 0)
  preprocessing:  winsorizing the image intensities
  Shrink factors (level 1 out of 4): [8, 8, 8]
  Shrink factors (level 2 out of 4): [4, 4, 4]
  Shrink factors (level 3 out of 4): [2, 2, 2]
  Shrink factors (level 4 out of 4): [1, 1, 1]
  smoothing sigmas per level: [3, 2, 1, 0]
  Using default NONE metricSamplingStrategy 

*** Running SyN registration (varianceForUpdateField = 3, varianceForTotalField = 0) ***

XXDIAGNOSTIC,Iteration,metricValue,convergenceValue,ITERATION_TIME_INDEX,SINCE_LAST
 1DIAGNOSTIC,     1, -8.557066917419e-01, 1.797693134862e+308, 0.0000e+00, 0.0000e+00, 
 1DIAGNOSTIC,     2, -8.720316290855e-01, 1.797693134862e+308, 0.0000e+00, 0.0000e+00, 
 1DIAGNOSTIC,     3, -8.893600106239e-01, 1.797693134862e+308, 0.0000e+00, 0.0000e+00, 
 1DIAGNOSTIC,     4, -9.008281826973e-01, 1.797693134862e+308, 1.2800e+02, 1.2800e+02, 
 1DIAGNOSTIC,     5, -9.084931612015e-01, 1.797693134862e+308, 1.2800e+02, 0.0000e+00, 
 1DIAGNOSTIC,     6, -9.142228364944e-01, 1.797693134862e+308, 1.2800e+02, 0.0000e+00, 
 1DIAGNOSTIC,     7, -9.182396531105e-01, 1.797693134862e+308, 1.2800e+02, 0.0000e+00, 
 1DIAGNOSTIC,     8, -9.212560057640e-01, 1.797693134862e+308, 1.2800e+02, 0.0000e+00, 
 1DIAGNOSTIC,     9, -9.234615564346e-01, 1.797693134862e+308, 1.2800e+02, 0.0000e+00, 
 1DIAGNOSTIC,    10, -9.252145290375e-01, 4.596062004566e-03, 1.2800e+02, 0.0000e+00, 
 1DIAGNOSTIC,    11, -9.265034198761e-01, 3.094941377640e-03, 1.2800e+02, 0.0000e+00, 
 1DIAGNOSTIC,    12, -9.276187419891e-01, 2.019830048084e-03, 2.5600e+02, 1.2800e+02, 
 1DIAGNOSTIC,    13, -9.285644292831e-01, 1.366496086121e-03, 2.5600e+02, 0.0000e+00, 
 1DIAGNOSTIC,    14, -9.293444156647e-01, 9.549185633659e-04, 2.5600e+02, 0.0000e+00, 
 1DIAGNOSTIC,    15, -9.300012588501e-01, 6.833076477051e-04, 2.5600e+02, 0.0000e+00, 
 1DIAGNOSTIC,    16, -9.305727481842e-01, 5.052164196968e-04, 2.5600e+02, 0.0000e+00, 
 1DIAGNOSTIC,    17, -9.310593008995e-01, 3.835707902908e-04, 2.5600e+02, 0.0000e+00, 
 1DIAGNOSTIC,    18, -9.314882755280e-01, 2.992488443851e-04, 2.5600e+02, 0.0000e+00, 
 1DIAGNOSTIC,    19, -9.319294691086e-01, 2.391040325165e-04, 3.8400e+02, 1.2800e+02, 
 1DIAGNOSTIC,    20, -9.322706460953e-01, 1.951567828655e-04, 3.8400e+02, 0.0000e+00, 
 1DIAGNOSTIC,    21, -9.325759410858e-01, 1.606717705727e-04, 3.8400e+02, 0.0000e+00, 
 1DIAGNOSTIC,    22, -9.328455924988e-01, 1.337900757790e-04, 3.8400e+02, 0.0000e+00, 
 1DIAGNOSTIC,    23, -9.330816268921e-01, 1.126155257225e-04, 3.8400e+02, 0.0000e+00, 
 1DIAGNOSTIC,    24, -9.333016872406e-01, 9.553134441376e-05, 3.8400e+02, 0.0000e+00, 
 1DIAGNOSTIC,    25, -9.335000514984e-01, 8.142739534378e-05, 3.8400e+02, 0.0000e+00, 
 1DIAGNOSTIC,    26, -9.336805343628e-01, 6.971508264542e-05, 3.8400e+02, 0.0000e+00, 
 1DIAGNOSTIC,    27, -9.338428974152e-01, 5.979090929031e-05, 5.1200e+02, 1.2800e+02, 
 1DIAGNOSTIC,    28, -9.339913129807e-01, 5.131587386131e-05, 5.1200e+02, 0.0000e+00, 
 1DIAGNOSTIC,    29, -9.341270923615e-01, 4.476308822632e-05, 5.1200e+02, 0.0000e+00, 
 1DIAGNOSTIC,    30, -9.342185258865e-01, 3.891065716743e-05, 5.1200e+02, 0.0000e+00, 
 1DIAGNOSTIC,    31, -9.343352317810e-01, 3.401562571526e-05, 5.1200e+02, 0.0000e+00, 
 1DIAGNOSTIC,    32, -9.343905448914e-01, 2.938881516457e-05, 5.1200e+02, 0.0000e+00, 
 1DIAGNOSTIC,    33, -9.344882369041e-01, 2.542883157730e-05, 5.1200e+02, 0.0000e+00, 
 1DIAGNOSTIC,    34, -9.345777034760e-01, 2.215802669525e-05, 6.4000e+02, 1.2800e+02, 
 1DIAGNOSTIC,    35, -9.346944093704e-01, 1.979060471058e-05, 6.4000e+02, 0.0000e+00, 
 1DIAGNOSTIC,    36, -9.347702264786e-01, 1.791492104530e-05, 6.4000e+02, 0.0000e+00, 
 1DIAGNOSTIC,    37, -9.348419904709e-01, 1.645833253860e-05, 6.4000e+02, 0.0000e+00, 
 1DIAGNOSTIC,    38, -9.349099993706e-01, 1.532025635242e-05, 6.4000e+02, 0.0000e+00, 
 1DIAGNOSTIC,    39, -9.349728822708e-01, 1.440942287445e-05, 6.4000e+02, 0.0000e+00, 
 1DIAGNOSTIC,    40, -9.350284337997e-01, 1.334771513939e-05, 6.4000e+02, 0.0000e+00, 
 1DIAGNOSTIC,    41, -9.350795745850e-01, 1.240149140358e-05, 6.4000e+02, 0.0000e+00, 
 1DIAGNOSTIC,    42, -9.351228475571e-01, 1.109763979912e-05, 7.6800e+02, 1.2800e+02, 
 1DIAGNOSTIC,    43, -9.351661205292e-01, 9.864568710327e-06, 7.6800e+02, 0.0000e+00, 
 1DIAGNOSTIC,    44, -9.352059960365e-01, 8.704140782356e-06, 7.6800e+02, 0.0000e+00, 
 1DIAGNOSTIC,    45, -9.352402687073e-01, 7.851049304008e-06, 7.6800e+02, 0.0000e+00, 
 1DIAGNOSTIC,    46, -9.352501630783e-01, 6.912276148796e-06, 7.6800e+02, 0.0000e+00, 
 1DIAGNOSTIC,    47, -9.352810382843e-01, 6.088986992836e-06, 7.6800e+02, 0.0000e+00, 
 1DIAGNOSTIC,    48, -9.353119134903e-01, 5.403533577919e-06, 7.6800e+02, 0.0000e+00, 
 1DIAGNOSTIC,    49, -9.353396892548e-01, 4.846602678299e-06, 7.6800e+02, 0.0000e+00, 
 1DIAGNOSTIC,    50, -9.353662729263e-01, 4.408881068230e-06, 8.9600e+02, 1.2800e+02, 
 1DIAGNOSTIC,    51, -9.353891611099e-01, 4.077330231667e-06, 8.9600e+02, 0.0000e+00, 
 1DIAGNOSTIC,    52, -9.354110360146e-01, 3.797933459282e-06, 8.9600e+02, 0.0000e+00, 
 1DIAGNOSTIC,    53, -9.354330897331e-01, 3.596767783165e-06, 8.9600e+02, 0.0000e+00, 
 1DIAGNOSTIC,    54, -9.354511499405e-01, 3.442168235779e-06, 8.9600e+02, 0.0000e+00, 
 1DIAGNOSTIC,    55, -9.354674816132e-01, 3.298744559288e-06, 8.9600e+02, 0.0000e+00, 
 1DIAGNOSTIC,    56, -9.354822635651e-01, 3.037974238396e-06, 8.9600e+02, 0.0000e+00, 
 1DIAGNOSTIC,    57, -9.354936480522e-01, 2.764165401459e-06, 1.0240e+03, 1.2800e+02, 
 1DIAGNOSTIC,    58, -9.355074167252e-01, 2.523884177208e-06, 1.0240e+03, 0.0000e+00, 
 1DIAGNOSTIC,    59, -9.355184435844e-01, 2.302229404449e-06, 1.0240e+03, 0.0000e+00, 
 1DIAGNOSTIC,    60, -9.355305433273e-01, 2.114102244377e-06, 1.0240e+03, 0.0000e+00, 
 1DIAGNOSTIC,    61, -9.355395436287e-01, 1.937150955200e-06, 1.0240e+03, 0.0000e+00, 
 1DIAGNOSTIC,    62, -9.355463981628e-01, 1.769512891769e-06, 1.0240e+03, 0.0000e+00, 
 1DIAGNOSTIC,    63, -9.355554580688e-01, 1.637265086174e-06, 1.0240e+03, 0.0000e+00, 
 1DIAGNOSTIC,    64, -9.355626106262e-01, 1.519918441772e-06, 1.0240e+03, 0.0000e+00, 
 1DIAGNOSTIC,    65, -9.355692863464e-01, 1.413747668266e-06, 1.1520e+03, 1.2800e+02, 
 1DIAGNOSTIC,    66, -9.355747699738e-01, 1.315027475357e-06, 1.1520e+03, 0.0000e+00, 
 1DIAGNOSTIC,    67, -9.355817437172e-01, 1.220032572746e-06, 1.1520e+03, 0.0000e+00, 
 1DIAGNOSTIC,    68, -9.355889558792e-01, 1.152977347374e-06, 1.1520e+03, 0.0000e+00, 
 1DIAGNOSTIC,    69, -9.355927109718e-01, 1.084990799427e-06, 1.1520e+03, 0.0000e+00, 
 1DIAGNOSTIC,    70, -9.355964660645e-01, 1.029111444950e-06, 1.1520e+03, 0.0000e+00, 
 1DIAGNOSTIC,    71, -9.355987310410e-01, 9.657815098763e-07, 1.1520e+03, 0.0000e+00, 
XXDIAGNOSTIC,Iteration,metricValue,convergenceValue,ITERATION_TIME_INDEX,SINCE_LAST
 1DIAGNOSTIC,     1, -8.415096998215e-01, 1.797693134862e+308, 1.4080e+03, 2.5600e+02, 
 1DIAGNOSTIC,     2, -8.442853689194e-01, 1.797693134862e+308, 1.5360e+03, 1.2800e+02, 
 1DIAGNOSTIC,     3, -8.477598428726e-01, 1.797693134862e+308, 1.6640e+03, 1.2800e+02, 
 1DIAGNOSTIC,     4, -8.512519598007e-01, 1.797693134862e+308, 1.7920e+03, 1.2800e+02, 
 1DIAGNOSTIC,     5, -8.542234897614e-01, 1.797693134862e+308, 2.0480e+03, 2.5600e+02, 
 1DIAGNOSTIC,     6, -8.570234775543e-01, 1.797693134862e+308, 2.1760e+03, 1.2800e+02, 
 1DIAGNOSTIC,     7, -8.596544265747e-01, 1.797693134862e+308, 2.3040e+03, 1.2800e+02, 
 1DIAGNOSTIC,     8, -8.621621131897e-01, 1.797693134862e+308, 2.4320e+03, 1.2800e+02, 
 1DIAGNOSTIC,     9, -8.645790815353e-01, 1.797693134862e+308, 2.5600e+03, 1.2800e+02, 
 1DIAGNOSTIC,    10, -8.669420480728e-01, 1.919940114021e-03, 2.6880e+03, 1.2800e+02, 
 1DIAGNOSTIC,    11, -8.690111637115e-01, 1.662015914917e-03, 2.9440e+03, 2.5600e+02, 
 1DIAGNOSTIC,    12, -8.707392215729e-01, 1.421488821507e-03, 3.0720e+03, 1.2800e+02, 
 1DIAGNOSTIC,    13, -8.721785545349e-01, 1.213848590851e-03, 3.2000e+03, 1.2800e+02, 
 1DIAGNOSTIC,    14, -8.733903765678e-01, 1.036122441292e-03, 3.3280e+03, 1.2800e+02, 
 1DIAGNOSTIC,    15, -8.744404315948e-01, 8.754581212997e-04, 3.4560e+03, 1.2800e+02, 
 1DIAGNOSTIC,    16, -8.753407001495e-01, 7.304325699806e-04, 3.5840e+03, 1.2800e+02, 
 1DIAGNOSTIC,    17, -8.761943578720e-01, 6.024688482285e-04, 3.8400e+03, 2.5600e+02, 
 1DIAGNOSTIC,    18, -8.769298195839e-01, 4.921108484268e-04, 3.9680e+03, 1.2800e+02, 
 1DIAGNOSTIC,    19, -8.776302933693e-01, 4.014074802399e-04, 4.0960e+03, 1.2800e+02, 
 1DIAGNOSTIC,    20, -8.781569004059e-01, 3.296285867691e-04, 4.2240e+03, 1.2800e+02, 
 1DIAGNOSTIC,    21, -8.787746429443e-01, 2.758316695690e-04, 4.3520e+03, 1.2800e+02, 
 1DIAGNOSTIC,    22, -8.792269229889e-01, 2.334676682949e-04, 4.4800e+03, 1.2800e+02, 
 1DIAGNOSTIC,    23, -8.796715140343e-01, 1.996792852879e-04, 4.7360e+03, 2.5600e+02, 
 1DIAGNOSTIC,    24, -8.799654245377e-01, 1.704953610897e-04, 4.8640e+03, 1.2800e+02, 
 1DIAGNOSTIC,    25, -8.801949024200e-01, 1.443773508072e-04, 4.9920e+03, 1.2800e+02, 
 1DIAGNOSTIC,    26, -8.805869817734e-01, 1.229494810104e-04, 5.1200e+03, 1.2800e+02, 
 1DIAGNOSTIC,    27, -8.808269500732e-01, 1.046918332577e-04, 5.2480e+03, 1.2800e+02, 
 1DIAGNOSTIC,    28, -8.811416625977e-01, 9.011477231979e-05, 5.3760e+03, 1.2800e+02, 
 1DIAGNOSTIC,    29, -8.814509510994e-01, 7.944926619530e-05, 5.6320e+03, 2.5600e+02, 
 1DIAGNOSTIC,    30, -8.816558122635e-01, 6.993487477303e-05, 5.7600e+03, 1.2800e+02, 
 1DIAGNOSTIC,    31, -8.820093274117e-01, 6.467103958130e-05, 5.8880e+03, 1.2800e+02, 
 1DIAGNOSTIC,    32, -8.821867704391e-01, 5.998462438583e-05, 6.0160e+03, 1.2800e+02, 
 1DIAGNOSTIC,    33, -8.824827671051e-01, 5.728006362915e-05, 6.1440e+03, 1.2800e+02, 
 1DIAGNOSTIC,    34, -8.826456069946e-01, 5.371868610382e-05, 6.2720e+03, 1.2800e+02, 
 1DIAGNOSTIC,    35, -8.827867507935e-01, 4.872493445873e-05, 6.5280e+03, 2.5600e+02, 
 1DIAGNOSTIC,    36, -8.829239606857e-01, 4.424341022968e-05, 6.6560e+03, 1.2800e+02, 
 1DIAGNOSTIC,    37, -8.831052184105e-01, 3.953278064728e-05, 6.7840e+03, 1.2800e+02, 
 1DIAGNOSTIC,    38, -8.832226991653e-01, 3.502517938614e-05, 6.9120e+03, 1.2800e+02, 
 1DIAGNOSTIC,    39, -8.833348155022e-01, 3.099441528320e-05, 7.0400e+03, 1.2800e+02, 
 1DIAGNOSTIC,    40, -8.834961652756e-01, 2.722255885601e-05, 7.1680e+03, 1.2800e+02, 
 1DIAGNOSTIC,    41, -8.836262822151e-01, 2.492778003216e-05, 7.4240e+03, 2.5600e+02, 
 1DIAGNOSTIC,    42, -8.837304711342e-01, 2.256035804749e-05, 7.5520e+03, 1.2800e+02, 
 1DIAGNOSTIC,    43, -8.838269710541e-01, 2.116709947586e-05, 7.6800e+03, 1.2800e+02, 
 1DIAGNOSTIC,    44, -8.839267492294e-01, 1.982226967812e-05, 7.8080e+03, 1.2800e+02, 
 1DIAGNOSTIC,    45, -8.840042948723e-01, 1.825392246246e-05, 7.9360e+03, 1.2800e+02, 
 1DIAGNOSTIC,    46, -8.840764760971e-01, 1.653470098972e-05, 8.0640e+03, 1.2800e+02, 
 1DIAGNOSTIC,    47, -8.841488361359e-01, 1.510977745056e-05, 8.3200e+03, 2.5600e+02, 
 1DIAGNOSTIC,    48, -8.842873573303e-01, 1.408904790878e-05, 8.4480e+03, 1.2800e+02, 
 1DIAGNOSTIC,    49, -8.843446969986e-01, 1.291185617447e-05, 8.5760e+03, 1.2800e+02, 
 1DIAGNOSTIC,    50, -8.844756484032e-01, 1.249276101589e-05, 8.7040e+03, 1.2800e+02, 
 1DIAGNOSTIC,    51, -8.845155835152e-01, 1.201964914799e-05, 8.8320e+03, 1.2800e+02, 
 1DIAGNOSTIC,    52, -8.845726251602e-01, 1.147389411926e-05, 8.9600e+03, 1.2800e+02, 
 1DIAGNOSTIC,    53, -8.845976591110e-01, 1.063942909241e-05, 9.2160e+03, 2.5600e+02, 
 1DIAGNOSTIC,    54, -8.846673369408e-01, 9.872019290924e-06, 9.3440e+03, 1.2800e+02, 
 1DIAGNOSTIC,    55, -8.847405314445e-01, 9.121373295784e-06, 9.4720e+03, 1.2800e+02, 
 1DIAGNOSTIC,    56, -8.847748041153e-01, 8.190050721169e-06, 9.6000e+03, 1.2800e+02, 
 1DIAGNOSTIC,    57, -8.848453760147e-01, 7.359310984612e-06, 9.7280e+03, 1.2800e+02, 
 1DIAGNOSTIC,    58, -8.848775625229e-01, 6.854534149170e-06, 9.8560e+03, 1.2800e+02, 
 1DIAGNOSTIC,    59, -8.849254846573e-01, 6.325542926788e-06, 1.0112e+04, 2.5600e+02, 
 1DIAGNOSTIC,    60, -8.849313259125e-01, 5.984678864479e-06, 1.0240e+04, 1.2800e+02, 
 1DIAGNOSTIC,    61, -8.849427700043e-01, 5.405396223068e-06, 1.0368e+04, 1.2800e+02, 
 1DIAGNOSTIC,    62, -8.849583864212e-01, 4.757195711136e-06, 1.0496e+04, 1.2800e+02, 
 1DIAGNOSTIC,    63, -8.849194049835e-01, 3.639608621597e-06, 1.0624e+04, 1.2800e+02, 
 1DIAGNOSTIC,    64, -8.849432468414e-01, 2.726912498474e-06, 1.0752e+04, 1.2800e+02, 
 1DIAGNOSTIC,    65, -8.849051594734e-01, 1.801177859306e-06, 1.1008e+04, 2.5600e+02, 
 1DIAGNOSTIC,    66, -8.848568797112e-01, 7.078051567078e-07, 1.1136e+04, 1.2800e+02, 
XXDIAGNOSTIC,Iteration,metricValue,convergenceValue,ITERATION_TIME_INDEX,SINCE_LAST
 1DIAGNOSTIC,     1, -8.373738527298e-01, 1.797693134862e+308, 1.2416e+04, 1.2800e+03, 
 1DIAGNOSTIC,     2, -8.405901789665e-01, 1.797693134862e+308, 1.3696e+04, 1.2800e+03, 
 1DIAGNOSTIC,     3, -8.438327908516e-01, 1.797693134862e+308, 1.4848e+04, 1.1520e+03, 
 1DIAGNOSTIC,     4, -8.469011783600e-01, 1.797693134862e+308, 1.6128e+04, 1.2800e+03, 
 1DIAGNOSTIC,     5, -8.495287895203e-01, 1.797693134862e+308, 1.7408e+04, 1.2800e+03, 
 1DIAGNOSTIC,     6, -8.520687222481e-01, 1.797693134862e+308, 1.8560e+04, 1.1520e+03, 
 1DIAGNOSTIC,     7, -8.542761206627e-01, 1.797693134862e+308, 1.9840e+04, 1.2800e+03, 
 1DIAGNOSTIC,     8, -8.563539385796e-01, 1.797693134862e+308, 2.1120e+04, 1.2800e+03, 
 1DIAGNOSTIC,     9, -8.583489656448e-01, 1.797693134862e+308, 2.2272e+04, 1.1520e+03, 
 1DIAGNOSTIC,    10, -8.602904081345e-01, 1.711361110210e-03, 2.3552e+04, 1.2800e+03, 
 1DIAGNOSTIC,    11, -8.621184825897e-01, 1.444764435291e-03, 2.4832e+04, 1.2800e+03, 
 1DIAGNOSTIC,    12, -8.638257980347e-01, 1.228868961334e-03, 2.5984e+04, 1.1520e+03, 
 1DIAGNOSTIC,    13, -8.653596043587e-01, 1.056760549545e-03, 2.7264e+04, 1.2800e+03, 
 1DIAGNOSTIC,    14, -8.665778040886e-01, 9.144395589828e-04, 2.8544e+04, 1.2800e+03, 
 1DIAGNOSTIC,    15, -8.678315877914e-01, 7.930621504784e-04, 2.9696e+04, 1.1520e+03, 
 1DIAGNOSTIC,    16, -8.688007593155e-01, 6.864294409752e-04, 3.0976e+04, 1.2800e+03, 
 1DIAGNOSTIC,    17, -8.698309659958e-01, 5.919858813286e-04, 3.2256e+04, 1.2800e+03, 
 1DIAGNOSTIC,    18, -8.706281185150e-01, 5.058944225311e-04, 3.3536e+04, 1.2800e+03, 
 1DIAGNOSTIC,    19, -8.713722229004e-01, 4.295185208321e-04, 3.4688e+04, 1.1520e+03, 
 1DIAGNOSTIC,    20, -8.720956444740e-01, 3.647282719612e-04, 3.5968e+04, 1.2800e+03, 
 1DIAGNOSTIC,    21, -8.727648258209e-01, 3.111697733402e-04, 3.7248e+04, 1.2800e+03, 
 1DIAGNOSTIC,    22, -8.733828663826e-01, 2.681016921997e-04, 3.8400e+04, 1.1520e+03, 
 1DIAGNOSTIC,    23, -8.740017414093e-01, 2.344921231270e-04, 3.9680e+04, 1.2800e+03, 
 1DIAGNOSTIC,    24, -8.745884299278e-01, 2.063438296318e-04, 4.0960e+04, 1.2800e+03, 
 1DIAGNOSTIC,    25, -8.751764297485e-01, 1.852810382843e-04, 4.2240e+04, 1.2800e+03, 
 1DIAGNOSTIC,    26, -8.757545948029e-01, 1.678690314293e-04, 4.3392e+04, 1.1520e+03, 
 1DIAGNOSTIC,    27, -8.763320446014e-01, 1.554824411869e-04, 4.4672e+04, 1.2800e+03, 
 1DIAGNOSTIC,    28, -8.769102692604e-01, 1.454129815102e-04, 4.5952e+04, 1.2800e+03, 
 1DIAGNOSTIC,    29, -8.774681091309e-01, 1.370087265968e-04, 4.7232e+04, 1.2800e+03, 
 1DIAGNOSTIC,    30, -8.780013322830e-01, 1.299194991589e-04, 4.8384e+04, 1.1520e+03, 
 1DIAGNOSTIC,    31, -8.784871101379e-01, 1.232102513313e-04, 4.9664e+04, 1.2800e+03, 
 1DIAGNOSTIC,    32, -8.789504766464e-01, 1.163035631180e-04, 5.0944e+04, 1.2800e+03, 
 1DIAGNOSTIC,    33, -8.793841600418e-01, 1.092441380024e-04, 5.2096e+04, 1.1520e+03, 
 1DIAGNOSTIC,    34, -8.798062801361e-01, 1.019351184368e-04, 5.3376e+04, 1.2800e+03, 
 1DIAGNOSTIC,    35, -8.801997900009e-01, 9.453110396862e-05, 5.4656e+04, 1.2800e+03, 
 1DIAGNOSTIC,    36, -8.805916309357e-01, 8.737668395042e-05, 5.5936e+04, 1.2800e+03, 
 1DIAGNOSTIC,    37, -8.809479475021e-01, 8.055567741394e-05, 5.7088e+04, 1.1520e+03, 
 1DIAGNOSTIC,    38, -8.812786340714e-01, 7.424317300320e-05, 5.8368e+04, 1.2800e+03, 
 1DIAGNOSTIC,    39, -8.815697431564e-01, 6.830878555775e-05, 5.9648e+04, 1.2800e+03, 
 1DIAGNOSTIC,    40, -8.818343281746e-01, 6.269104778767e-05, 6.0800e+04, 1.1520e+03, 
 1DIAGNOSTIC,    41, -8.820686340332e-01, 5.711801350117e-05, 6.2080e+04, 1.2800e+03, 
 1DIAGNOSTIC,    42, -8.823136687279e-01, 5.188211798668e-05, 6.3360e+04, 1.2800e+03, 
 1DIAGNOSTIC,    43, -8.825029134750e-01, 4.668720066547e-05, 6.4640e+04, 1.2800e+03, 
 1DIAGNOSTIC,    44, -8.826807737350e-01, 4.174746572971e-05, 6.5792e+04, 1.1520e+03, 
 1DIAGNOSTIC,    45, -8.827939629555e-01, 3.673695027828e-05, 6.7072e+04, 1.2800e+03, 
 1DIAGNOSTIC,    46, -8.829014897346e-01, 3.200955688953e-05, 6.8352e+04, 1.2800e+03, 
 1DIAGNOSTIC,    47, -8.830211162567e-01, 2.775527536869e-05, 6.9504e+04, 1.1520e+03, 
 1DIAGNOSTIC,    48, -8.831123113632e-01, 2.391450107098e-05, 7.0784e+04, 1.2800e+03, 
 1DIAGNOSTIC,    49, -8.832005262375e-01, 2.049654722214e-05, 7.2064e+04, 1.2800e+03, 
 1DIAGNOSTIC,    50, -8.832945227623e-01, 1.764297485352e-05, 7.3344e+04, 1.2800e+03, 
XXDIAGNOSTIC,Iteration,metricValue,convergenceValue,ITERATION_TIME_INDEX,SINCE_LAST
 1DIAGNOSTIC,     1, -8.595741987228e-01, 1.797693134862e+308, 8.3712e+04, 1.0368e+04, 
 1DIAGNOSTIC,     2, -8.613589406013e-01, 1.797693134862e+308, 9.3824e+04, 1.0112e+04, 
 1DIAGNOSTIC,     3, -8.633470535278e-01, 1.797693134862e+308, 1.0406e+05, 1.0240e+04, 
 1DIAGNOSTIC,     4, -8.652628064156e-01, 1.797693134862e+308, 1.1418e+05, 1.0112e+04, 
 1DIAGNOSTIC,     5, -8.670326471329e-01, 1.797693134862e+308, 1.2442e+05, 1.0240e+04, 
 1DIAGNOSTIC,     6, -8.686261177063e-01, 1.797693134862e+308, 1.3453e+05, 1.0112e+04, 
 1DIAGNOSTIC,     7, -8.700888156891e-01, 1.797693134862e+308, 1.4464e+05, 1.0112e+04, 
 1DIAGNOSTIC,     8, -8.715713024139e-01, 1.797693134862e+308, 1.5488e+05, 1.0240e+04, 
 1DIAGNOSTIC,     9, -8.729535341263e-01, 1.797693134862e+308, 1.6512e+05, 1.0240e+04, 
 1DIAGNOSTIC,    10, -8.740350604057e-01, 1.080557703972e-03, 1.7523e+05, 1.0112e+04, 
 1DIAGNOSTIC,    11, -8.751516938210e-01, 9.222999215126e-04, 1.8547e+05, 1.0240e+04, 
 1DIAGNOSTIC,    12, -8.761329650879e-01, 7.825344800949e-04, 1.9571e+05, 1.0240e+04, 
 1DIAGNOSTIC,    13, -8.770620822906e-01, 6.663650274277e-04, 2.0595e+05, 1.0240e+04, 
 1DIAGNOSTIC,    14, -8.779082298279e-01, 5.702003836632e-04, 2.1619e+05, 1.0240e+04, 
 1DIAGNOSTIC,    15, -8.787119388580e-01, 4.905313253403e-04, 2.2630e+05, 1.0112e+04, 
 1DIAGNOSTIC,    16, -8.794820308685e-01, 4.237815737724e-04, 2.3654e+05, 1.0240e+04, 
 1DIAGNOSTIC,    17, -8.802031278610e-01, 3.674291074276e-04, 2.4678e+05, 1.0240e+04, 
 1DIAGNOSTIC,    18, -8.809074163437e-01, 3.226883709431e-04, 2.5702e+05, 1.0240e+04, 
 1DIAGNOSTIC,    19, -8.815690875053e-01, 2.876371145248e-04, 2.6726e+05, 1.0240e+04, 
 1DIAGNOSTIC,    20, -8.821123838425e-01, 2.556256949902e-04, 2.7648e+05, 9.2160e+03, 
  Elapsed time (stage 0): 276480


Total elapsed time: 276480
-i /mnt/lustre/mathdugre/fast-interpolate/datasets/ds004513/derivatives/flint/ants/flint-vprec-single/sub-s028/ses-open/anat/10/1_Affine.nii.gz -o /mnt/lustre/mathdugre/fast-interpolate/datasets/ds004513/derivatives/flint/ants/flint-vprec-single/sub-s028/ses-open/anat/101/1_transformed.nii.gz -t /mnt/lustre/mathdugre/fast-interpolate/datasets/ds004513/derivatives/flint/ants/flint-vprec-single/sub-s028/ses-open/anat/101/1_1Warp.nii.gz -t /mnt/lustre/mathdugre/fast-interpolate/datasets/ds004513/derivatives/flint/ants/flint-vprec-single/sub-s028/ses-open/anat/101/1_0GenericAffine.mat
