---------------------
Experiment information

SIF_IMG: /mnt/lustre/mathdugre/containers/ants-flint-base.simg
SIF_IMG_BASE: /mnt/lustre/mathdugre/containers/ants-flint-base.simg
EXPERIMENT_NAME: flint-vprec-single
STAGE: syn
SUBJECT_ID: s025
REPETITION_ID: 1

FIXED_IMG: /templateflow/tpl-MNI152NLin2009cAsym/tpl-MNI152NLin2009cAsym_res-01_desc-brain_T1w.nii.gz
INPUT_IMG: /mnt/lustre/mathdugre/fast-interpolate/datasets/ds004513/derivatives/flint/ants/flint-vprec-single/sub-s025/ses-open/anat/00/1_Affine.nii.gz

DATA_DIR: /mnt/lustre/mathdugre/fast-interpolate/datasets/ds004513
OUTPUT_DIR: /mnt/lustre/mathdugre/fast-interpolate/datasets/ds004513/derivatives/flint/ants/flint-vprec-single/sub-s025/ses-open/anat
OUTPUT_PREFIX: 000
THREAD: 1
FLOAT: 0
VFC_BACKENDS: ieee
---------------------

--output [/mnt/lustre/mathdugre/fast-interpolate/datasets/ds004513/derivatives/flint/ants/flint-vprec-single/sub-s025/ses-open/anat/000/1_,/mnt/lustre/mathdugre/fast-interpolate/datasets/ds004513/derivatives/flint/ants/flint-vprec-single/sub-s025/ses-open/anat/000/1_Warped.nii.gz,/mnt/lustre/mathdugre/fast-interpolate/datasets/ds004513/derivatives/flint/ants/flint-vprec-single/sub-s025/ses-open/anat/000/1_InverseSyN.nii.gz] --initial-moving-transform [/templateflow/tpl-MNI152NLin2009cAsym/tpl-MNI152NLin2009cAsym_res-01_desc-brain_T1w.nii.gz,/mnt/lustre/mathdugre/fast-interpolate/datasets/ds004513/derivatives/flint/ants/flint-vprec-single/sub-s025/ses-open/anat/00/1_Affine.nii.gz,1] --transform SyN[ 0.1,3,0 ] --metric CC[/templateflow/tpl-MNI152NLin2009cAsym/tpl-MNI152NLin2009cAsym_res-01_desc-brain_T1w.nii.gz,/mnt/lustre/mathdugre/fast-interpolate/datasets/ds004513/derivatives/flint/ants/flint-vprec-single/sub-s025/ses-open/anat/00/1_Affine.nii.gz,1,4] --convergence [100x70x50x20,1e-6,10] --shrink-factors 8x4x2x1 --smoothing-sigmas 3x2x1x0vox
All_Command_lines_OK
Using double precision for computations.
=============================================================================
The composite transform comprises the following transforms (in order): 
  1. Center of mass alignment using fixed image: /templateflow/tpl-MNI152NLin2009cAsym/tpl-MNI152NLin2009cAsym_res-01_desc-brain_T1w.nii.gz and moving image: /mnt/lustre/mathdugre/fast-interpolate/datasets/ds004513/derivatives/flint/ants/flint-vprec-single/sub-s025/ses-open/anat/00/1_Affine.nii.gz (type = Euler3DTransform)
=============================================================================
  number of levels = 4
  fixed image: /templateflow/tpl-MNI152NLin2009cAsym/tpl-MNI152NLin2009cAsym_res-01_desc-brain_T1w.nii.gz
  moving image: /mnt/lustre/mathdugre/fast-interpolate/datasets/ds004513/derivatives/flint/ants/flint-vprec-single/sub-s025/ses-open/anat/00/1_Affine.nii.gz
Dimension = 3
Number of stages = 1
Use histogram matching = false
Winsorize image intensities = true
  Lower quantile = 0.005
  Upper quantile = 0.995


Stage 1 State
   Image metric = CC
     Fixed image = Image (0x55fb8df6da00)
  RTTI typeinfo:   itk::Image<double, 3u>
  Reference Count: 2
  Modified Time: 1622
  Debug: Off
  Object Name: 
  Observers: 
    none
  Source: (none)
  Source output name: (none)
  Release Data: Off
  Data Released: False
  Global Release Data: Off
  PipelineMTime: 0
  UpdateMTime: 1407
  RealTimeStamp: 0 seconds 
  LargestPossibleRegion: 
    Dimension: 3
    Index: [0, 0, 0]
    Size: [193, 229, 193]
  BufferedRegion: 
    Dimension: 3
    Index: [0, 0, 0]
    Size: [193, 229, 193]
  RequestedRegion: 
    Dimension: 3
    Index: [0, 0, 0]
    Size: [193, 229, 193]
  Spacing: [1, 1, 1]
  Origin: [96, 132, -78]
  Direction: 
-1 0 0
0 -1 0
0 0 1

  IndexToPointMatrix: 
-1 0 0
0 -1 0
0 0 1

  PointToIndexMatrix: 
-1 0 0
0 -1 0
0 0 1

  Inverse Direction: 
-1 0 0
0 -1 0
0 0 1

  PixelContainer: 
    ImportImageContainer (0x55fb8e001d50)
      RTTI typeinfo:   itk::ImportImageContainer<unsigned long, double>
      Reference Count: 1
      Modified Time: 1404
      Debug: Off
      Object Name: 
      Observers: 
        none
      Pointer: 0x7fccbcbcf010
      Container manages memory: true
      Size: 8530021
      Capacity: 8530021

     Moving image = Image (0x55fb8df74870)
  RTTI typeinfo:   itk::Image<double, 3u>
  Reference Count: 2
  Modified Time: 1623
  Debug: Off
  Object Name: 
  Observers: 
    none
  Source: (none)
  Source output name: (none)
  Release Data: Off
  Data Released: False
  Global Release Data: Off
  PipelineMTime: 0
  UpdateMTime: 1620
  RealTimeStamp: 0 seconds 
  LargestPossibleRegion: 
    Dimension: 3
    Index: [0, 0, 0]
    Size: [193, 229, 193]
  BufferedRegion: 
    Dimension: 3
    Index: [0, 0, 0]
    Size: [193, 229, 193]
  RequestedRegion: 
    Dimension: 3
    Index: [0, 0, 0]
    Size: [193, 229, 193]
  Spacing: [1, 1, 1]
  Origin: [96, 132, -78]
  Direction: 
-1 0 0
0 -1 0
0 0 1

  IndexToPointMatrix: 
-1 0 0
0 -1 0
0 0 1

  PointToIndexMatrix: 
-1 0 0
0 -1 0
0 0 1

  Inverse Direction: 
-1 0 0
0 -1 0
0 0 1

  PixelContainer: 
    ImportImageContainer (0x55fb8e018d90)
      RTTI typeinfo:   itk::ImportImageContainer<unsigned long, double>
      Reference Count: 1
      Modified Time: 1617
      Debug: Off
      Object Name: 
      Observers: 
        none
      Pointer: 0x7fccb8aba010
      Container manages memory: true
      Size: 8530021
      Capacity: 8530021

     Weighting = 1
     Sampling strategy = none
     Number of bins = 32
     Radius = 4
     Sampling percentage  = 1
   Transform = SyN
     Gradient step = 0.1
     Update field sigma (voxel space) = 3
     Total field sigma (voxel space) = 0
     Update field time sigma = 0
     Total field time sigma  = 0
     Number of time indices = 0
     Number of time point samples = 0
Registration using 1 total stages.

Stage 0
  iterations = 100x70x50x20
  convergence threshold = 1e-06
  convergence window size = 10
  number of levels = 4
  using the CC metric (radius = 4, weight = 1, use gradient filter = 0)
  preprocessing:  winsorizing the image intensities
  Shrink factors (level 1 out of 4): [8, 8, 8]
  Shrink factors (level 2 out of 4): [4, 4, 4]
  Shrink factors (level 3 out of 4): [2, 2, 2]
  Shrink factors (level 4 out of 4): [1, 1, 1]
  smoothing sigmas per level: [3, 2, 1, 0]
  Using default NONE metricSamplingStrategy 

*** Running SyN registration (varianceForUpdateField = 3, varianceForTotalField = 0) ***

XXDIAGNOSTIC,Iteration,metricValue,convergenceValue,ITERATION_TIME_INDEX,SINCE_LAST
 1DIAGNOSTIC,     1, -9.175050837978e-01, 1.797693134862e+308, 2.1729e+00, 2.1728e+00, 
 1DIAGNOSTIC,     2, -9.280275151385e-01, 1.797693134862e+308, 2.9128e+00, 7.3994e-01, 
 1DIAGNOSTIC,     3, -9.364263346209e-01, 1.797693134862e+308, 3.6536e+00, 7.4085e-01, 
 1DIAGNOSTIC,     4, -9.428465446202e-01, 1.797693134862e+308, 4.3946e+00, 7.4092e-01, 
 1DIAGNOSTIC,     5, -9.477504895449e-01, 1.797693134862e+308, 5.1298e+00, 7.3527e-01, 
 1DIAGNOSTIC,     6, -9.511974834817e-01, 1.797693134862e+308, 5.8654e+00, 7.3561e-01, 
 1DIAGNOSTIC,     7, -9.544058250286e-01, 1.797693134862e+308, 6.6008e+00, 7.3536e-01, 
 1DIAGNOSTIC,     8, -9.576283945889e-01, 1.797693134862e+308, 7.3363e+00, 7.3549e-01, 
 1DIAGNOSTIC,     9, -9.606806532689e-01, 1.797693134862e+308, 8.0745e+00, 7.3825e-01, 
 1DIAGNOSTIC,    10, -9.634662554507e-01, 2.867511989089e-03, 8.8161e+00, 7.4157e-01, 
 1DIAGNOSTIC,    11, -9.659673281106e-01, 2.162578064672e-03, 9.5576e+00, 7.4154e-01, 
 1DIAGNOSTIC,    12, -9.678982972458e-01, 1.690500358039e-03, 1.0300e+01, 7.4240e-01, 
 1DIAGNOSTIC,    13, -9.694664310959e-01, 1.366253513403e-03, 1.1041e+01, 7.4114e-01, 
 1DIAGNOSTIC,    14, -9.704566692466e-01, 1.121178900966e-03, 1.1782e+01, 7.4112e-01, 
 1DIAGNOSTIC,    15, -9.709769503913e-01, 9.140194350222e-04, 1.2518e+01, 7.3599e-01, 
 1DIAGNOSTIC,    16, -9.706957135008e-01, 7.078273863506e-04, 1.3257e+01, 7.3895e-01, 
 1DIAGNOSTIC,    17, -9.711660254399e-01, 5.252175060616e-04, 1.3999e+01, 7.4167e-01, 
 1DIAGNOSTIC,    18, -9.713377921006e-01, 3.699597053335e-04, 1.4734e+01, 7.3482e-01, 
 1DIAGNOSTIC,    19, -9.711780843242e-01, 2.416652782507e-04, 1.5469e+01, 7.3508e-01, 
 1DIAGNOSTIC,    20, -9.712040267387e-01, 1.455015344726e-04, 1.6206e+01, 7.3710e-01, 
 1DIAGNOSTIC,    21, -9.713557818975e-01, 8.240117486021e-05, 1.6940e+01, 7.3448e-01, 
 1DIAGNOSTIC,    22, -9.711746852651e-01, 4.061002686339e-05, 1.7678e+01, 7.3787e-01, 
 1DIAGNOSTIC,    23, -9.713619267156e-01, 2.113576900886e-05, 1.8414e+01, 7.3557e-01, 
 1DIAGNOSTIC,    24, -9.711685682475e-01, 1.111219451313e-05, 1.9153e+01, 7.3885e-01, 
 1DIAGNOSTIC,    25, -9.713427763742e-01, 9.448596680846e-06, 1.9889e+01, 7.3614e-01, 
 1DIAGNOSTIC,    26, -9.711470369077e-01, 1.491646537295e-06, 2.0628e+01, 7.3893e-01, 
 1DIAGNOSTIC,    27, -9.713168991036e-01, 1.113664303526e-06, 2.1364e+01, 7.3643e-01, 
 1DIAGNOSTIC,    28, -9.711182774848e-01, 4.999840408915e-07, 2.2103e+01, 7.3918e-01, 
XXDIAGNOSTIC,Iteration,metricValue,convergenceValue,ITERATION_TIME_INDEX,SINCE_LAST
 1DIAGNOSTIC,     1, -9.120588292152e-01, 1.797693134862e+308, 2.9663e+01, 7.5599e+00, 
 1DIAGNOSTIC,     2, -9.151560421348e-01, 1.797693134862e+308, 3.5762e+01, 6.0991e+00, 
 1DIAGNOSTIC,     3, -9.189603867031e-01, 1.797693134862e+308, 4.1893e+01, 6.1304e+00, 
 1DIAGNOSTIC,     4, -9.223810975414e-01, 1.797693134862e+308, 4.8017e+01, 6.1246e+00, 
 1DIAGNOSTIC,     5, -9.251410527211e-01, 1.797693134862e+308, 5.4164e+01, 6.1471e+00, 
 1DIAGNOSTIC,     6, -9.276331760741e-01, 1.797693134862e+308, 6.0275e+01, 6.1109e+00, 
 1DIAGNOSTIC,     7, -9.297897764049e-01, 1.797693134862e+308, 6.6421e+01, 6.1456e+00, 
 1DIAGNOSTIC,     8, -9.318610423836e-01, 1.797693134862e+308, 7.2578e+01, 6.1568e+00, 
 1DIAGNOSTIC,     9, -9.336005528038e-01, 1.797693134862e+308, 7.8708e+01, 6.1302e+00, 
 1DIAGNOSTIC,    10, -9.348827728240e-01, 1.596514636203e-03, 8.4880e+01, 6.1717e+00, 
 1DIAGNOSTIC,    11, -9.361595600574e-01, 1.294115203022e-03, 9.1030e+01, 6.1504e+00, 
 1DIAGNOSTIC,    12, -9.370630471950e-01, 1.027312010688e-03, 9.7198e+01, 6.1675e+00, 
 1DIAGNOSTIC,    13, -9.378620809318e-01, 8.164473892359e-04, 1.0335e+02, 6.1537e+00, 
 1DIAGNOSTIC,    14, -9.385710218200e-01, 6.513475727265e-04, 1.0951e+02, 6.1551e+00, 
 1DIAGNOSTIC,    15, -9.392031993114e-01, 5.175769652496e-04, 1.1567e+02, 6.1668e+00, 
 1DIAGNOSTIC,    16, -9.397692039737e-01, 4.111908428130e-04, 1.2183e+02, 6.1562e+00, 
 1DIAGNOSTIC,    17, -9.402803413588e-01, 3.270384998269e-04, 1.2799e+02, 6.1650e+00, 
 1DIAGNOSTIC,    18, -9.407450833151e-01, 2.647836440972e-04, 1.3415e+02, 6.1563e+00, 
 1DIAGNOSTIC,    19, -9.411672601844e-01, 2.191372469111e-04, 1.4031e+02, 6.1636e+00, 
 1DIAGNOSTIC,    20, -9.415534884523e-01, 1.829334379779e-04, 1.4647e+02, 6.1560e+00, 
 1DIAGNOSTIC,    21, -9.419110712341e-01, 1.567945249892e-04, 1.5262e+02, 6.1501e+00, 
 1DIAGNOSTIC,    22, -9.422392004072e-01, 1.354024661991e-04, 1.5879e+02, 6.1688e+00, 
 1DIAGNOSTIC,    23, -9.425412746840e-01, 1.177551837534e-04, 1.6494e+02, 6.1513e+00, 
 1DIAGNOSTIC,    24, -9.428232069420e-01, 1.030983956223e-04, 1.7111e+02, 6.1673e+00, 
 1DIAGNOSTIC,    25, -9.430836214219e-01, 9.079933169454e-05, 1.7726e+02, 6.1558e+00, 
 1DIAGNOSTIC,    26, -9.433247161567e-01, 8.036067233656e-05, 1.8342e+02, 6.1556e+00, 
 1DIAGNOSTIC,    27, -9.435491940851e-01, 7.143052520853e-05, 1.8959e+02, 6.1678e+00, 
 1DIAGNOSTIC,    28, -9.437539276322e-01, 6.369622091949e-05, 1.9575e+02, 6.1583e+00, 
 1DIAGNOSTIC,    29, -9.439460899129e-01, 5.695089165442e-05, 2.0191e+02, 6.1690e+00, 
 1DIAGNOSTIC,    30, -9.441250588363e-01, 5.102971365318e-05, 2.0807e+02, 6.1590e+00, 
 1DIAGNOSTIC,    31, -9.442919449525e-01, 4.583825061329e-05, 2.1423e+02, 6.1569e+00, 
 1DIAGNOSTIC,    32, -9.444419825231e-01, 4.120829768983e-05, 2.2040e+02, 6.1707e+00, 
 1DIAGNOSTIC,    33, -9.445780984360e-01, 3.702814585947e-05, 2.2656e+02, 6.1555e+00, 
 1DIAGNOSTIC,    34, -9.447018916829e-01, 3.324941643761e-05, 2.3272e+02, 6.1642e+00, 
 1DIAGNOSTIC,    35, -9.448082067346e-01, 2.975645410033e-05, 2.3888e+02, 6.1567e+00, 
 1DIAGNOSTIC,    36, -9.449051461316e-01, 2.652864415918e-05, 2.4503e+02, 6.1573e+00, 
 1DIAGNOSTIC,    37, -9.449934231726e-01, 2.356867490454e-05, 2.5120e+02, 6.1645e+00, 
 1DIAGNOSTIC,    38, -9.450735633420e-01, 2.084751210767e-05, 2.5736e+02, 6.1565e+00, 
 1DIAGNOSTIC,    39, -9.451444960390e-01, 1.837920376004e-05, 2.6352e+02, 6.1678e+00, 
 1DIAGNOSTIC,    40, -9.452046557700e-01, 1.614953731034e-05, 2.6968e+02, 6.1579e+00, 
 1DIAGNOSTIC,    41, -9.452612647440e-01, 1.419721809401e-05, 2.7585e+02, 6.1674e+00, 
 1DIAGNOSTIC,    42, -9.453104660561e-01, 1.247589592098e-05, 2.8201e+02, 6.1565e+00, 
 1DIAGNOSTIC,    43, -9.453548772265e-01, 1.097080645523e-05, 2.8816e+02, 6.1532e+00, 
 1DIAGNOSTIC,    44, -9.453929749074e-01, 9.657990918840e-06, 2.9433e+02, 6.1679e+00, 
 1DIAGNOSTIC,    45, -9.454240096676e-01, 8.462768036663e-06, 3.0048e+02, 6.1555e+00, 
 1DIAGNOSTIC,    46, -9.454479757080e-01, 7.364062499300e-06, 3.0665e+02, 6.1700e+00, 
 1DIAGNOSTIC,    47, -9.454692538687e-01, 6.370788840835e-06, 3.1281e+02, 6.1567e+00, 
 1DIAGNOSTIC,    48, -9.454902295509e-01, 5.503671043804e-06, 3.1896e+02, 6.1540e+00, 
 1DIAGNOSTIC,    49, -9.455085078073e-01, 4.752683891357e-06, 3.2513e+02, 6.1708e+00, 
 1DIAGNOSTIC,    50, -9.455238680918e-01, 4.089941675851e-06, 3.3129e+02, 6.1540e+00, 
 1DIAGNOSTIC,    51, -9.455369821449e-01, 3.531723541211e-06, 3.3745e+02, 6.1668e+00, 
 1DIAGNOSTIC,    52, -9.455476326624e-01, 3.060385239458e-06, 3.4361e+02, 6.1578e+00, 
 1DIAGNOSTIC,    53, -9.455558760046e-01, 2.668599589053e-06, 3.4977e+02, 6.1534e+00, 
 1DIAGNOSTIC,    54, -9.455624737575e-01, 2.340138961311e-06, 3.5593e+02, 6.1682e+00, 
 1DIAGNOSTIC,    55, -9.455660004953e-01, 2.043754794984e-06, 3.6209e+02, 6.1552e+00, 
 1DIAGNOSTIC,    56, -9.455688524813e-01, 1.760907423536e-06, 3.6826e+02, 6.1701e+00, 
 1DIAGNOSTIC,    57, -9.455698843704e-01, 1.490326360990e-06, 3.7441e+02, 6.1554e+00, 
 1DIAGNOSTIC,    58, -9.455592233626e-01, 1.192181482014e-06, 3.8058e+02, 6.1632e+00, 
 1DIAGNOSTIC,    59, -9.455572744681e-01, 9.267450914313e-07, 3.8674e+02, 6.1591e+00, 
XXDIAGNOSTIC,Iteration,metricValue,convergenceValue,ITERATION_TIME_INDEX,SINCE_LAST
 1DIAGNOSTIC,     1, -8.970077083711e-01, 1.797693134862e+308, 4.3771e+02, 5.0969e+01, 
 1DIAGNOSTIC,     2, -8.988835053480e-01, 1.797693134862e+308, 4.8708e+02, 4.9372e+01, 
 1DIAGNOSTIC,     3, -9.017383525725e-01, 1.797693134862e+308, 5.3625e+02, 4.9176e+01, 
 1DIAGNOSTIC,     4, -9.041912710683e-01, 1.797693134862e+308, 5.8545e+02, 4.9197e+01, 
 1DIAGNOSTIC,     5, -9.065149005872e-01, 1.797693134862e+308, 6.3464e+02, 4.9189e+01, 
 1DIAGNOSTIC,     6, -9.087017645354e-01, 1.797693134862e+308, 6.8385e+02, 4.9216e+01, 
 1DIAGNOSTIC,     7, -9.106707064171e-01, 1.797693134862e+308, 7.3302e+02, 4.9167e+01, 
 1DIAGNOSTIC,     8, -9.124387005488e-01, 1.797693134862e+308, 7.8222e+02, 4.9194e+01, 
 1DIAGNOSTIC,     9, -9.140483813002e-01, 1.797693134862e+308, 8.3139e+02, 4.9170e+01, 
 1DIAGNOSTIC,    10, -9.155329874249e-01, 1.340369393421e-03, 8.8079e+02, 4.9405e+01, 
 1DIAGNOSTIC,    11, -9.169202151273e-01, 1.144084210453e-03, 9.3036e+02, 4.9565e+01, 
 1DIAGNOSTIC,    12, -9.179377734912e-01, 9.523895325243e-04, 9.7992e+02, 4.9565e+01, 
 1DIAGNOSTIC,    13, -9.186452919037e-01, 7.894520139052e-04, 1.0295e+03, 4.9549e+01, 
 1DIAGNOSTIC,    14, -9.192439850821e-01, 6.458817677151e-04, 1.0790e+03, 4.9561e+01, 
 1DIAGNOSTIC,    15, -9.197610412063e-01, 5.211905724521e-04, 1.1286e+03, 4.9541e+01, 
 1DIAGNOSTIC,    16, -9.202167860637e-01, 4.154171595518e-04, 1.1781e+03, 4.9576e+01, 
 1DIAGNOSTIC,    17, -9.206229426556e-01, 3.271622960870e-04, 1.2277e+03, 4.9547e+01, 
 1DIAGNOSTIC,    18, -9.209911053051e-01, 2.553588166270e-04, 1.2773e+03, 4.9572e+01, 
 1DIAGNOSTIC,    19, -9.213284204357e-01, 1.992295357250e-04, 1.3268e+03, 4.9532e+01, 
 1DIAGNOSTIC,    20, -9.216376090033e-01, 1.578969401020e-04, 1.3764e+03, 4.9558e+01, 
 1DIAGNOSTIC,    21, -9.219282245897e-01, 1.305217806770e-04, 1.4259e+03, 4.9532e+01, 
 1DIAGNOSTIC,    22, -9.221976817855e-01, 1.116106882559e-04, 1.4754e+03, 4.9552e+01, 
 1DIAGNOSTIC,    23, -9.224506917653e-01, 9.687564080024e-05, 1.5250e+03, 4.9532e+01, 
 1DIAGNOSTIC,    24, -9.226897998116e-01, 8.514344915458e-05, 1.5745e+03, 4.9559e+01, 
 1DIAGNOSTIC,    25, -9.229158478704e-01, 7.560717306952e-05, 1.6241e+03, 4.9529e+01, 
 1DIAGNOSTIC,    26, -9.231310650370e-01, 6.773471939921e-05, 1.6736e+03, 4.9571e+01, 
 1DIAGNOSTIC,    27, -9.233356748165e-01, 6.112099559315e-05, 1.7232e+03, 4.9533e+01, 
 1DIAGNOSTIC,    28, -9.235299538725e-01, 5.548670881540e-05, 1.7727e+03, 4.9559e+01, 
 1DIAGNOSTIC,    29, -9.237121133523e-01, 5.060068270082e-05, 1.8222e+03, 4.9524e+01, 
 1DIAGNOSTIC,    30, -9.238848878879e-01, 4.628330968082e-05, 1.8718e+03, 4.9560e+01, 
 1DIAGNOSTIC,    31, -9.240484416708e-01, 4.245306544254e-05, 1.9213e+03, 4.9527e+01, 
 1DIAGNOSTIC,    32, -9.242064885441e-01, 3.902899863983e-05, 1.9709e+03, 4.9550e+01, 
 1DIAGNOSTIC,    33, -9.243553096936e-01, 3.593289163224e-05, 2.0204e+03, 4.9561e+01, 
 1DIAGNOSTIC,    34, -9.245004378972e-01, 3.315970621060e-05, 2.0700e+03, 4.9580e+01, 
 1DIAGNOSTIC,    35, -9.246398428830e-01, 3.067908396238e-05, 2.1196e+03, 4.9539e+01, 
 1DIAGNOSTIC,    36, -9.247755387204e-01, 2.848793923414e-05, 2.1691e+03, 4.9580e+01, 
 1DIAGNOSTIC,    37, -9.249009678388e-01, 2.651596155854e-05, 2.2187e+03, 4.9539e+01, 
 1DIAGNOSTIC,    38, -9.250179175397e-01, 2.470996905042e-05, 2.2683e+03, 4.9572e+01, 
 1DIAGNOSTIC,    39, -9.251317852368e-01, 2.304356610495e-05, 2.3178e+03, 4.9546e+01, 
 1DIAGNOSTIC,    40, -9.252408148028e-01, 2.149419118970e-05, 2.3674e+03, 4.9572e+01, 
 1DIAGNOSTIC,    41, -9.253493103974e-01, 2.007265601640e-05, 2.4169e+03, 4.9553e+01, 
 1DIAGNOSTIC,    42, -9.254484051592e-01, 1.874717678269e-05, 2.4665e+03, 4.9562e+01, 
 1DIAGNOSTIC,    43, -9.255456262983e-01, 1.751438118892e-05, 2.5161e+03, 4.9560e+01, 
 1DIAGNOSTIC,    44, -9.256383242247e-01, 1.638595433920e-05, 2.5656e+03, 4.9563e+01, 
 1DIAGNOSTIC,    45, -9.257263342641e-01, 1.535222949150e-05, 2.6151e+03, 4.9530e+01, 
 1DIAGNOSTIC,    46, -9.258097563842e-01, 1.441677936500e-05, 2.6647e+03, 4.9566e+01, 
 1DIAGNOSTIC,    47, -9.258948113481e-01, 1.357584899436e-05, 2.7143e+03, 4.9556e+01, 
 1DIAGNOSTIC,    48, -9.259725983930e-01, 1.277261890343e-05, 2.7638e+03, 4.9548e+01, 
 1DIAGNOSTIC,    49, -9.260492558200e-01, 1.202936248745e-05, 2.8133e+03, 4.9523e+01, 
 1DIAGNOSTIC,    50, -9.261236130237e-01, 1.134418126071e-05, 2.8629e+03, 4.9562e+01, 
XXDIAGNOSTIC,Iteration,metricValue,convergenceValue,ITERATION_TIME_INDEX,SINCE_LAST
 1DIAGNOSTIC,     1, -8.934191364213e-01, 1.797693134862e+308, 3.2716e+03, 4.0871e+02, 
 1DIAGNOSTIC,     2, -8.949014121130e-01, 1.797693134862e+308, 3.6736e+03, 4.0202e+02, 
 1DIAGNOSTIC,     3, -8.966860837517e-01, 1.797693134862e+308, 4.0758e+03, 4.0217e+02, 
 1DIAGNOSTIC,     4, -8.984646782429e-01, 1.797693134862e+308, 4.4776e+03, 4.0182e+02, 
 1DIAGNOSTIC,     5, -9.000768202928e-01, 1.797693134862e+308, 4.8798e+03, 4.0216e+02, 
 1DIAGNOSTIC,     6, -9.015688432623e-01, 1.797693134862e+308, 5.2833e+03, 4.0351e+02, 
 1DIAGNOSTIC,     7, -9.030553372067e-01, 1.797693134862e+308, 5.6853e+03, 4.0206e+02, 
 1DIAGNOSTIC,     8, -9.043008800287e-01, 1.797693134862e+308, 6.0889e+03, 4.0359e+02, 
 1DIAGNOSTIC,     9, -9.055729009320e-01, 1.797693134862e+308, 6.4911e+03, 4.0216e+02, 
 1DIAGNOSTIC,    10, -9.066777543177e-01, 9.600675032078e-04, 6.8930e+03, 4.0189e+02, 
 1DIAGNOSTIC,    11, -9.077544941793e-01, 8.283660748847e-04, 7.2952e+03, 4.0220e+02, 
 1DIAGNOSTIC,    12, -9.087693636953e-01, 7.093836934481e-04, 7.6971e+03, 4.0190e+02, 
 1DIAGNOSTIC,    13, -9.097092701987e-01, 6.101417432647e-04, 8.0992e+03, 4.0212e+02, 
 1DIAGNOSTIC,    14, -9.105654938455e-01, 5.285197016833e-04, 8.5012e+03, 4.0202e+02, 
 1DIAGNOSTIC,    15, -9.113778578231e-01, 4.600680605607e-04, 8.9041e+03, 4.0283e+02, 
 1DIAGNOSTIC,    16, -9.121593315158e-01, 4.023207458875e-04, 9.3068e+03, 4.0272e+02, 
 1DIAGNOSTIC,    17, -9.127911348788e-01, 3.532520990516e-04, 9.7096e+03, 4.0283e+02, 
 1DIAGNOSTIC,    18, -9.133872104005e-01, 3.089395963680e-04, 1.0112e+04, 4.0285e+02, 
 1DIAGNOSTIC,    19, -9.139479911306e-01, 2.708216519780e-04, 1.0515e+04, 4.0269e+02, 
 1DIAGNOSTIC,    20, -9.144887393193e-01, 2.370156245180e-04, 1.0901e+04, 3.8591e+02, 
  Elapsed time (stage 0): 10904.2


Total elapsed time: 10904.2
-i /mnt/lustre/mathdugre/fast-interpolate/datasets/ds004513/derivatives/flint/ants/flint-vprec-single/sub-s025/ses-open/anat/00/1_Affine.nii.gz -o /mnt/lustre/mathdugre/fast-interpolate/datasets/ds004513/derivatives/flint/ants/flint-vprec-single/sub-s025/ses-open/anat/000/1_transformed.nii.gz -t /mnt/lustre/mathdugre/fast-interpolate/datasets/ds004513/derivatives/flint/ants/flint-vprec-single/sub-s025/ses-open/anat/000/1_1Warp.nii.gz -t /mnt/lustre/mathdugre/fast-interpolate/datasets/ds004513/derivatives/flint/ants/flint-vprec-single/sub-s025/ses-open/anat/000/1_0GenericAffine.mat
