---------------------
Experiment information

SIF_IMG: /mnt/lustre/mathdugre/containers/ants-flint-vprec.simg
SIF_IMG_BASE: /mnt/lustre/mathdugre/containers/ants-flint-base.simg
EXPERIMENT_NAME: flint-vprec-single
STAGE: syn
SUBJECT_ID: s014
REPETITION_ID: 1

FIXED_IMG: /templateflow/tpl-MNI152NLin2009cAsym/tpl-MNI152NLin2009cAsym_res-01_desc-brain_T1w.nii.gz
INPUT_IMG: /mnt/lustre/mathdugre/fast-interpolate/datasets/ds004513/derivatives/flint/ants/flint-vprec-single/sub-s014/ses-open/anat/00/1_Affine.nii.gz

DATA_DIR: /mnt/lustre/mathdugre/fast-interpolate/datasets/ds004513
OUTPUT_DIR: /mnt/lustre/mathdugre/fast-interpolate/datasets/ds004513/derivatives/flint/ants/flint-vprec-single/sub-s014/ses-open/anat
OUTPUT_PREFIX: 001
THREAD: 1
FLOAT: 0
VFC_BACKENDS: libinterflop_vprec.so --precision-binary32=23 --range-binary32=8 --precision-binary64=23 --range-binary64=8
---------------------

--output [/mnt/lustre/mathdugre/fast-interpolate/datasets/ds004513/derivatives/flint/ants/flint-vprec-single/sub-s014/ses-open/anat/001/1_,/mnt/lustre/mathdugre/fast-interpolate/datasets/ds004513/derivatives/flint/ants/flint-vprec-single/sub-s014/ses-open/anat/001/1_Warped.nii.gz,/mnt/lustre/mathdugre/fast-interpolate/datasets/ds004513/derivatives/flint/ants/flint-vprec-single/sub-s014/ses-open/anat/001/1_InverseSyN.nii.gz] --initial-moving-transform [/templateflow/tpl-MNI152NLin2009cAsym/tpl-MNI152NLin2009cAsym_res-01_desc-brain_T1w.nii.gz,/mnt/lustre/mathdugre/fast-interpolate/datasets/ds004513/derivatives/flint/ants/flint-vprec-single/sub-s014/ses-open/anat/00/1_Affine.nii.gz,1] --transform SyN[ 0.1,3,0 ] --metric CC[/templateflow/tpl-MNI152NLin2009cAsym/tpl-MNI152NLin2009cAsym_res-01_desc-brain_T1w.nii.gz,/mnt/lustre/mathdugre/fast-interpolate/datasets/ds004513/derivatives/flint/ants/flint-vprec-single/sub-s014/ses-open/anat/00/1_Affine.nii.gz,1,4] --convergence [100x70x50x20,1e-6,10] --shrink-factors 8x4x2x1 --smoothing-sigmas 3x2x1x0vox
All_Command_lines_OK
Using double precision for computations.
=============================================================================
The composite transform comprises the following transforms (in order): 
  1. Center of mass alignment using fixed image: /templateflow/tpl-MNI152NLin2009cAsym/tpl-MNI152NLin2009cAsym_res-01_desc-brain_T1w.nii.gz and moving image: /mnt/lustre/mathdugre/fast-interpolate/datasets/ds004513/derivatives/flint/ants/flint-vprec-single/sub-s014/ses-open/anat/00/1_Affine.nii.gz (type = Euler3DTransform)
=============================================================================
  number of levels = 4
  fixed image: /templateflow/tpl-MNI152NLin2009cAsym/tpl-MNI152NLin2009cAsym_res-01_desc-brain_T1w.nii.gz
  moving image: /mnt/lustre/mathdugre/fast-interpolate/datasets/ds004513/derivatives/flint/ants/flint-vprec-single/sub-s014/ses-open/anat/00/1_Affine.nii.gz
Dimension = 3
Number of stages = 1
Use histogram matching = false
Winsorize image intensities = true
  Lower quantile = 0.005
  Upper quantile = 0.995


Stage 1 State
   Image metric = CC
     Fixed image = Image (0x4c3db50)
  RTTI typeinfo:   itk::Image<double, 3u>
  Reference Count: 2
  Modified Time: 1622
  Debug: Off
  Object Name: 
  Observers: 
    none
  Source: (none)
  Source output name: (none)
  Release Data: Off
  Data Released: False
  Global Release Data: Off
  PipelineMTime: 0
  UpdateMTime: 1407
  RealTimeStamp: 0 seconds 
  LargestPossibleRegion: 
    Dimension: 3
    Index: [0, 0, 0]
    Size: [193, 229, 193]
  BufferedRegion: 
    Dimension: 3
    Index: [0, 0, 0]
    Size: [193, 229, 193]
  RequestedRegion: 
    Dimension: 3
    Index: [0, 0, 0]
    Size: [193, 229, 193]
  Spacing: [1, 1, 1]
  Origin: [96, 132, -78]
  Direction: 
-1 0 0
0 -1 0
0 0 1

  IndexToPointMatrix: 
-1 0 0
0 -1 0
0 0 1

  PointToIndexMatrix: 
-1 0 0
0 -1 0
0 0 1

  Inverse Direction: 
-1 0 0
0 -1 0
0 0 1

  PixelContainer: 
    ImportImageContainer (0x4cb66d0)
      RTTI typeinfo:   itk::ImportImageContainer<unsigned long, double>
      Reference Count: 1
      Modified Time: 1404
      Debug: Off
      Object Name: 
      Observers: 
        none
      Pointer: 0x7f31c9396010
      Container manages memory: true
      Size: 8530021
      Capacity: 8530021

     Moving image = Image (0x4c49d60)
  RTTI typeinfo:   itk::Image<double, 3u>
  Reference Count: 2
  Modified Time: 1623
  Debug: Off
  Object Name: 
  Observers: 
    none
  Source: (none)
  Source output name: (none)
  Release Data: Off
  Data Released: False
  Global Release Data: Off
  PipelineMTime: 0
  UpdateMTime: 1620
  RealTimeStamp: 0 seconds 
  LargestPossibleRegion: 
    Dimension: 3
    Index: [0, 0, 0]
    Size: [193, 229, 193]
  BufferedRegion: 
    Dimension: 3
    Index: [0, 0, 0]
    Size: [193, 229, 193]
  RequestedRegion: 
    Dimension: 3
    Index: [0, 0, 0]
    Size: [193, 229, 193]
  Spacing: [1, 1, 1]
  Origin: [96, 132, -78]
  Direction: 
-1 0 0
0 -1 0
0 0 1

  IndexToPointMatrix: 
-1 0 0
0 -1 0
0 0 1

  PointToIndexMatrix: 
-1 0 0
0 -1 0
0 0 1

  Inverse Direction: 
-1 0 0
0 -1 0
0 0 1

  PixelContainer: 
    ImportImageContainer (0x4d167d0)
      RTTI typeinfo:   itk::ImportImageContainer<unsigned long, double>
      Reference Count: 1
      Modified Time: 1617
      Debug: Off
      Object Name: 
      Observers: 
        none
      Pointer: 0x7f31c5281010
      Container manages memory: true
      Size: 8530021
      Capacity: 8530021

     Weighting = 1
     Sampling strategy = none
     Number of bins = 32
     Radius = 4
     Sampling percentage  = 1
   Transform = SyN
     Gradient step = 0.1
     Update field sigma (voxel space) = 3
     Total field sigma (voxel space) = 0
     Update field time sigma = 0
     Total field time sigma  = 0
     Number of time indices = 0
     Number of time point samples = 0
Registration using 1 total stages.

Stage 0
  iterations = 100x70x50x20
  convergence threshold = 1e-06
  convergence window size = 10
  number of levels = 4
  using the CC metric (radius = 4, weight = 1, use gradient filter = 0)
  preprocessing:  winsorizing the image intensities
  Shrink factors (level 1 out of 4): [8, 8, 8]
  Shrink factors (level 2 out of 4): [4, 4, 4]
  Shrink factors (level 3 out of 4): [2, 2, 2]
  Shrink factors (level 4 out of 4): [1, 1, 1]
  smoothing sigmas per level: [3, 2, 1, 0]
  Using default NONE metricSamplingStrategy 

*** Running SyN registration (varianceForUpdateField = 3, varianceForTotalField = 0) ***

XXDIAGNOSTIC,Iteration,metricValue,convergenceValue,ITERATION_TIME_INDEX,SINCE_LAST
 1DIAGNOSTIC,     1, -9.307865500450e-01, 1.797693134862e+308, 0.0000e+00, 0.0000e+00, 
 1DIAGNOSTIC,     2, -9.363301992416e-01, 1.797693134862e+308, 0.0000e+00, 0.0000e+00, 
 1DIAGNOSTIC,     3, -9.417835474014e-01, 1.797693134862e+308, 0.0000e+00, 0.0000e+00, 
 1DIAGNOSTIC,     4, -9.464299678802e-01, 1.797693134862e+308, 1.2800e+02, 1.2800e+02, 
 1DIAGNOSTIC,     5, -9.502875208855e-01, 1.797693134862e+308, 1.2800e+02, 0.0000e+00, 
 1DIAGNOSTIC,     6, -9.537501335144e-01, 1.797693134862e+308, 1.2800e+02, 0.0000e+00, 
 1DIAGNOSTIC,     7, -9.578843116760e-01, 1.797693134862e+308, 1.2800e+02, 0.0000e+00, 
 1DIAGNOSTIC,     8, -9.625707864761e-01, 1.797693134862e+308, 1.2800e+02, 0.0000e+00, 
 1DIAGNOSTIC,     9, -9.665564894676e-01, 1.797693134862e+308, 1.2800e+02, 0.0000e+00, 
 1DIAGNOSTIC,    10, -9.693423509598e-01, 2.556130290031e-03, 1.2800e+02, 0.0000e+00, 
 1DIAGNOSTIC,    11, -9.694874882698e-01, 2.111218869686e-03, 2.5600e+02, 1.2800e+02, 
 1DIAGNOSTIC,    12, -9.699354767799e-01, 1.700386404991e-03, 2.5600e+02, 0.0000e+00, 
 1DIAGNOSTIC,    13, -9.702830314636e-01, 1.330815255642e-03, 2.5600e+02, 0.0000e+00, 
 1DIAGNOSTIC,    14, -9.703556299210e-01, 9.922832250595e-04, 2.5600e+02, 0.0000e+00, 
 1DIAGNOSTIC,    15, -9.708899259567e-01, 6.955489516258e-04, 2.5600e+02, 0.0000e+00, 
 1DIAGNOSTIC,    16, -9.708702564240e-01, 4.362463951111e-04, 2.5600e+02, 0.0000e+00, 
 1DIAGNOSTIC,    17, -9.715795516968e-01, 2.515539526939e-04, 2.5600e+02, 0.0000e+00, 
 1DIAGNOSTIC,    18, -9.714883565903e-01, 1.385435461998e-04, 2.5600e+02, 0.0000e+00, 
 1DIAGNOSTIC,    19, -9.721814393997e-01, 9.673088788986e-05, 3.8400e+02, 1.2800e+02, 
 1DIAGNOSTIC,    20, -9.720196723938e-01, 8.895993232727e-05, 3.8400e+02, 0.0000e+00, 
 1DIAGNOSTIC,    21, -9.725559353828e-01, 8.337199687958e-05, 3.8400e+02, 0.0000e+00, 
 1DIAGNOSTIC,    22, -9.723510146141e-01, 7.369369268417e-05, 3.8400e+02, 0.0000e+00, 
 1DIAGNOSTIC,    23, -9.727513194084e-01, 6.783008575439e-05, 3.8400e+02, 0.0000e+00, 
 1DIAGNOSTIC,    24, -9.725390672684e-01, 5.427002906799e-05, 3.8400e+02, 0.0000e+00, 
 1DIAGNOSTIC,    25, -9.728910326958e-01, 4.745647311211e-05, 3.8400e+02, 0.0000e+00, 
 1DIAGNOSTIC,    26, -9.726723432541e-01, 3.386288881302e-05, 3.8400e+02, 0.0000e+00, 
 1DIAGNOSTIC,    27, -9.729511737823e-01, 2.915412187576e-05, 5.1200e+02, 1.2800e+02, 
 1DIAGNOSTIC,    28, -9.727157354355e-01, 1.846998929977e-05, 5.1200e+02, 0.0000e+00, 
 1DIAGNOSTIC,    29, -9.730136990547e-01, 1.712143421173e-05, 5.1200e+02, 0.0000e+00, 
 1DIAGNOSTIC,    30, -9.727781414986e-01, 1.022219657898e-05, 5.1200e+02, 0.0000e+00, 
 1DIAGNOSTIC,    31, -9.730155467987e-01, 1.040101051331e-05, 5.1200e+02, 0.0000e+00, 
 1DIAGNOSTIC,    32, -9.727447032928e-01, 5.144625902176e-06, 5.1200e+02, 0.0000e+00, 
 1DIAGNOSTIC,    33, -9.730488061905e-01, 6.243586540222e-06, 5.1200e+02, 0.0000e+00, 
 1DIAGNOSTIC,    34, -9.727887511253e-01, 2.522021532059e-06, 6.4000e+02, 1.2800e+02, 
 1DIAGNOSTIC,    35, -9.729619622231e-01, 3.395602107048e-06, 6.4000e+02, 0.0000e+00, 
 1DIAGNOSTIC,    36, -9.726846814156e-01, -1.545995473862e-07, 6.4000e+02, 0.0000e+00, 
XXDIAGNOSTIC,Iteration,metricValue,convergenceValue,ITERATION_TIME_INDEX,SINCE_LAST
 1DIAGNOSTIC,     1, -9.155941009521e-01, 1.797693134862e+308, 7.6800e+02, 1.2800e+02, 
 1DIAGNOSTIC,     2, -9.179629683495e-01, 1.797693134862e+308, 1.0240e+03, 2.5600e+02, 
 1DIAGNOSTIC,     3, -9.207752943039e-01, 1.797693134862e+308, 1.1520e+03, 1.2800e+02, 
 1DIAGNOSTIC,     4, -9.242358207703e-01, 1.797693134862e+308, 1.2800e+03, 1.2800e+02, 
 1DIAGNOSTIC,     5, -9.273153543472e-01, 1.797693134862e+308, 1.4080e+03, 1.2800e+02, 
 1DIAGNOSTIC,     6, -9.300715923309e-01, 1.797693134862e+308, 1.5360e+03, 1.2800e+02, 
 1DIAGNOSTIC,     7, -9.321117401123e-01, 1.797693134862e+308, 1.6640e+03, 1.2800e+02, 
 1DIAGNOSTIC,     8, -9.338822364807e-01, 1.797693134862e+308, 1.9200e+03, 2.5600e+02, 
 1DIAGNOSTIC,     9, -9.354671239853e-01, 1.797693134862e+308, 2.0480e+03, 1.2800e+02, 
 1DIAGNOSTIC,    10, -9.368451833725e-01, 1.531697809696e-03, 2.1760e+03, 1.2800e+02, 
 1DIAGNOSTIC,    11, -9.380855560303e-01, 1.267775893211e-03, 2.3040e+03, 1.2800e+02, 
 1DIAGNOSTIC,    12, -9.391759634018e-01, 1.022160053253e-03, 2.4320e+03, 1.2800e+02, 
 1DIAGNOSTIC,    13, -9.400444030762e-01, 8.079260587692e-04, 2.5600e+03, 1.2800e+02, 
 1DIAGNOSTIC,    14, -9.409468173981e-01, 6.454810500145e-04, 2.8160e+03, 2.5600e+02, 
 1DIAGNOSTIC,    15, -9.416393041611e-01, 5.217567086220e-04, 2.9440e+03, 1.2800e+02, 
 1DIAGNOSTIC,    16, -9.422590732574e-01, 4.296600818634e-04, 3.0720e+03, 1.2800e+02, 
 1DIAGNOSTIC,    17, -9.429624080658e-01, 3.577694296837e-04, 3.2000e+03, 1.2800e+02, 
 1DIAGNOSTIC,    18, -9.432761669159e-01, 2.957917749882e-04, 3.3280e+03, 1.2800e+02, 
 1DIAGNOSTIC,    19, -9.435833692551e-01, 2.431906759739e-04, 3.5840e+03, 2.5600e+02, 
 1DIAGNOSTIC,    20, -9.438955783844e-01, 1.988671720028e-04, 3.7120e+03, 1.2800e+02, 
 1DIAGNOSTIC,    21, -9.441810250282e-01, 1.622177660465e-04, 3.8400e+03, 1.2800e+02, 
 1DIAGNOSTIC,    22, -9.444588422775e-01, 1.325756311417e-04, 3.9680e+03, 1.2800e+02, 
 1DIAGNOSTIC,    23, -9.446927905083e-01, 1.076236367226e-04, 4.0960e+03, 1.2800e+02, 
 1DIAGNOSTIC,    24, -9.449121952057e-01, 8.891522884369e-05, 4.3520e+03, 2.5600e+02, 
 1DIAGNOSTIC,    25, -9.451094269753e-01, 7.416307926178e-05, 4.4800e+03, 1.2800e+02, 
 1DIAGNOSTIC,    26, -9.452758431435e-01, 6.267055869102e-05, 4.6080e+03, 1.2800e+02, 
 1DIAGNOSTIC,    27, -9.454336762428e-01, 5.586445331573e-05, 4.7360e+03, 1.2800e+02, 
 1DIAGNOSTIC,    28, -9.455750584602e-01, 4.925951361656e-05, 4.8640e+03, 1.2800e+02, 
 1DIAGNOSTIC,    29, -9.456987380981e-01, 4.301592707634e-05, 4.9920e+03, 1.2800e+02, 
 1DIAGNOSTIC,    30, -9.458098411560e-01, 3.745034337044e-05, 5.2480e+03, 2.5600e+02, 
 1DIAGNOSTIC,    31, -9.459007978439e-01, 3.243610262871e-05, 5.3760e+03, 1.2800e+02, 
 1DIAGNOSTIC,    32, -9.459834098816e-01, 2.812966704369e-05, 5.5040e+03, 1.2800e+02, 
 1DIAGNOSTIC,    33, -9.460618495941e-01, 2.434477210045e-05, 5.6320e+03, 1.2800e+02, 
 1DIAGNOSTIC,    34, -9.461299180984e-01, 2.109631896019e-05, 5.7600e+03, 1.2800e+02, 
 1DIAGNOSTIC,    35, -9.461946487427e-01, 1.835264265537e-05, 6.0160e+03, 2.5600e+02, 
 1DIAGNOSTIC,    36, -9.462497830391e-01, 1.594796776772e-05, 6.1440e+03, 1.2800e+02, 
 1DIAGNOSTIC,    37, -9.462991356850e-01, 1.390837132931e-05, 6.2720e+03, 1.2800e+02, 
 1DIAGNOSTIC,    38, -9.463448524475e-01, 1.220963895321e-05, 6.4000e+03, 1.2800e+02, 
 1DIAGNOSTIC,    39, -9.463850855827e-01, 1.076981425285e-05, 6.5280e+03, 1.2800e+02, 
 1DIAGNOSTIC,    40, -9.464173913002e-01, 9.525567293167e-06, 6.6560e+03, 1.2800e+02, 
 1DIAGNOSTIC,    41, -9.464529752731e-01, 8.432194590569e-06, 6.9120e+03, 2.5600e+02, 
 1DIAGNOSTIC,    42, -9.464793801308e-01, 7.433816790581e-06, 7.0400e+03, 1.2800e+02, 
 1DIAGNOSTIC,    43, -9.465031623840e-01, 6.552785634995e-06, 7.1680e+03, 1.2800e+02, 
 1DIAGNOSTIC,    44, -9.465265274048e-01, 5.777925252914e-06, 7.2960e+03, 1.2800e+02, 
 1DIAGNOSTIC,    45, -9.465339779854e-01, 5.036592483521e-06, 7.4240e+03, 1.2800e+02, 
 1DIAGNOSTIC,    46, -9.465389847755e-01, 4.298985004425e-06, 7.6800e+03, 2.5600e+02, 
 1DIAGNOSTIC,    47, -9.465350508690e-01, 3.537163138390e-06, 7.8080e+03, 1.2800e+02, 
 1DIAGNOSTIC,    48, -9.465336799622e-01, 2.814456820488e-06, 7.9360e+03, 1.2800e+02, 
 1DIAGNOSTIC,    49, -9.465286135674e-01, 2.123415470123e-06, 8.0640e+03, 1.2800e+02, 
 1DIAGNOSTIC,    50, -9.465239048004e-01, 1.486390829086e-06, 8.1920e+03, 1.2800e+02, 
 1DIAGNOSTIC,    51, -9.465168714523e-01, 9.592622518539e-07, 8.4480e+03, 2.5600e+02, 
XXDIAGNOSTIC,Iteration,metricValue,convergenceValue,ITERATION_TIME_INDEX,SINCE_LAST
 1DIAGNOSTIC,     1, -8.946716785431e-01, 1.797693134862e+308, 9.7280e+03, 1.2800e+03, 
 1DIAGNOSTIC,     2, -8.966856002808e-01, 1.797693134862e+308, 1.1008e+04, 1.2800e+03, 
 1DIAGNOSTIC,     3, -8.992609977722e-01, 1.797693134862e+308, 1.2160e+04, 1.1520e+03, 
 1DIAGNOSTIC,     4, -9.017496109009e-01, 1.797693134862e+308, 1.3440e+04, 1.2800e+03, 
 1DIAGNOSTIC,     5, -9.040892124176e-01, 1.797693134862e+308, 1.4720e+04, 1.2800e+03, 
 1DIAGNOSTIC,     6, -9.061715006828e-01, 1.797693134862e+308, 1.6000e+04, 1.2800e+03, 
 1DIAGNOSTIC,     7, -9.079020023346e-01, 1.797693134862e+308, 1.7280e+04, 1.2800e+03, 
 1DIAGNOSTIC,     8, -9.094542860985e-01, 1.797693134862e+308, 1.8432e+04, 1.1520e+03, 
 1DIAGNOSTIC,     9, -9.108582139015e-01, 1.797693134862e+308, 1.9712e+04, 1.2800e+03, 
 1DIAGNOSTIC,    10, -9.119648933411e-01, 1.261837780476e-03, 2.0992e+04, 1.2800e+03, 
 1DIAGNOSTIC,    11, -9.131240844727e-01, 1.051202416420e-03, 2.2272e+04, 1.2800e+03, 
 1DIAGNOSTIC,    12, -9.142094850540e-01, 8.618161082268e-04, 2.3552e+04, 1.2800e+03, 
 1DIAGNOSTIC,    13, -9.150207042694e-01, 7.047653198242e-04, 2.4832e+04, 1.2800e+03, 
 1DIAGNOSTIC,    14, -9.157591462135e-01, 5.779415369034e-04, 2.6112e+04, 1.2800e+03, 
 1DIAGNOSTIC,    15, -9.164662957191e-01, 4.784762859344e-04, 2.7264e+04, 1.1520e+03, 
 1DIAGNOSTIC,    16, -9.171447157860e-01, 4.011988639832e-04, 2.8544e+04, 1.2800e+03, 
 1DIAGNOSTIC,    17, -9.177985191345e-01, 3.395900130272e-04, 2.9824e+04, 1.2800e+03, 
 1DIAGNOSTIC,    18, -9.184449911118e-01, 2.913847565651e-04, 3.1104e+04, 1.2800e+03, 
 1DIAGNOSTIC,    19, -9.190921783447e-01, 2.548918128014e-04, 3.2384e+04, 1.2800e+03, 
 1DIAGNOSTIC,    20, -9.197237491608e-01, 2.253204584122e-04, 3.3664e+04, 1.2800e+03, 
 1DIAGNOSTIC,    21, -9.203289747238e-01, 2.035796642303e-04, 3.4944e+04, 1.2800e+03, 
 1DIAGNOSTIC,    22, -9.209088087082e-01, 1.883283257484e-04, 3.6096e+04, 1.1520e+03, 
 1DIAGNOSTIC,    23, -9.214557409286e-01, 1.751147210598e-04, 3.7376e+04, 1.2800e+03, 
 1DIAGNOSTIC,    24, -9.219764471054e-01, 1.628734171391e-04, 3.8656e+04, 1.2800e+03, 
 1DIAGNOSTIC,    25, -9.224424362183e-01, 1.508817076683e-04, 3.9936e+04, 1.2800e+03, 
 1DIAGNOSTIC,    26, -9.228631258011e-01, 1.387484371662e-04, 4.1216e+04, 1.2800e+03, 
 1DIAGNOSTIC,    27, -9.232495427132e-01, 1.264177262783e-04, 4.2496e+04, 1.2800e+03, 
 1DIAGNOSTIC,    28, -9.236013889313e-01, 1.141205430031e-04, 4.3776e+04, 1.2800e+03, 
 1DIAGNOSTIC,    29, -9.239378571510e-01, 1.024156808853e-04, 4.4928e+04, 1.1520e+03, 
 1DIAGNOSTIC,    30, -9.242443442345e-01, 9.153038263321e-05, 4.6208e+04, 1.2800e+03, 
 1DIAGNOSTIC,    31, -9.245315790176e-01, 8.162483572960e-05, 4.7488e+04, 1.2800e+03, 
 1DIAGNOSTIC,    32, -9.248065352440e-01, 7.289648056030e-05, 4.8768e+04, 1.2800e+03, 
 1DIAGNOSTIC,    33, -9.250668287277e-01, 6.539002060890e-05, 5.0048e+04, 1.2800e+03, 
 1DIAGNOSTIC,    34, -9.253125190735e-01, 5.912035703659e-05, 5.1328e+04, 1.2800e+03, 
 1DIAGNOSTIC,    35, -9.255510568619e-01, 5.386024713516e-05, 5.2608e+04, 1.2800e+03, 
 1DIAGNOSTIC,    36, -9.257882833481e-01, 4.945509135723e-05, 5.3760e+04, 1.1520e+03, 
 1DIAGNOSTIC,    37, -9.260084629059e-01, 4.569068551064e-05, 5.5040e+04, 1.2800e+03, 
 1DIAGNOSTIC,    38, -9.262206554413e-01, 4.240870475769e-05, 5.6320e+04, 1.2800e+03, 
 1DIAGNOSTIC,    39, -9.264214038849e-01, 3.954581916332e-05, 5.7600e+04, 1.2800e+03, 
 1DIAGNOSTIC,    40, -9.266039133072e-01, 3.688037395477e-05, 5.8880e+04, 1.2800e+03, 
 1DIAGNOSTIC,    41, -9.267780780792e-01, 3.434531390667e-05, 6.0160e+04, 1.2800e+03, 
 1DIAGNOSTIC,    42, -9.269409179688e-01, 3.191456198692e-05, 6.1440e+04, 1.2800e+03, 
 1DIAGNOSTIC,    43, -9.270724058151e-01, 2.940557897091e-05, 6.2592e+04, 1.1520e+03, 
 1DIAGNOSTIC,    44, -9.271942377090e-01, 2.683140337467e-05, 6.3872e+04, 1.2800e+03, 
 1DIAGNOSTIC,    45, -9.272927641869e-01, 2.416223287582e-05, 6.5152e+04, 1.2800e+03, 
 1DIAGNOSTIC,    46, -9.273734688759e-01, 2.148002386093e-05, 6.6432e+04, 1.2800e+03, 
 1DIAGNOSTIC,    47, -9.274457693100e-01, 1.882575452328e-05, 6.7712e+04, 1.2800e+03, 
 1DIAGNOSTIC,    48, -9.275098443031e-01, 1.630187034607e-05, 6.8992e+04, 1.2800e+03, 
 1DIAGNOSTIC,    49, -9.275649785995e-01, 1.398473978043e-05, 7.0272e+04, 1.2800e+03, 
 1DIAGNOSTIC,    50, -9.276201128960e-01, 1.193024218082e-05, 7.1424e+04, 1.1520e+03, 
XXDIAGNOSTIC,Iteration,metricValue,convergenceValue,ITERATION_TIME_INDEX,SINCE_LAST
 1DIAGNOSTIC,     1, -8.949902057648e-01, 1.797693134862e+308, 8.1920e+04, 1.0496e+04, 
 1DIAGNOSTIC,     2, -8.961058855057e-01, 1.797693134862e+308, 9.2288e+04, 1.0368e+04, 
 1DIAGNOSTIC,     3, -8.977358937263e-01, 1.797693134862e+308, 1.0253e+05, 1.0240e+04, 
 1DIAGNOSTIC,     4, -8.993958830833e-01, 1.797693134862e+308, 1.1277e+05, 1.0240e+04, 
 1DIAGNOSTIC,     5, -9.010171890259e-01, 1.797693134862e+308, 1.2301e+05, 1.0240e+04, 
 1DIAGNOSTIC,     6, -9.026422500610e-01, 1.797693134862e+308, 1.3325e+05, 1.0240e+04, 
 1DIAGNOSTIC,     7, -9.040653109550e-01, 1.797693134862e+308, 1.4362e+05, 1.0368e+04, 
 1DIAGNOSTIC,     8, -9.054011106491e-01, 1.797693134862e+308, 1.5386e+05, 1.0240e+04, 
 1DIAGNOSTIC,     9, -9.065355062485e-01, 1.797693134862e+308, 1.6422e+05, 1.0368e+04, 
 1DIAGNOSTIC,    10, -9.077195525169e-01, 9.385496377945e-04, 1.7459e+05, 1.0368e+04, 
 1DIAGNOSTIC,    11, -9.087246656418e-01, 8.229464292526e-04, 1.8496e+05, 1.0368e+04, 
 1DIAGNOSTIC,    12, -9.097191095352e-01, 7.077232003212e-04, 1.9520e+05, 1.0240e+04, 
 1DIAGNOSTIC,    13, -9.105534553528e-01, 6.055831909180e-04, 2.0557e+05, 1.0368e+04, 
 1DIAGNOSTIC,    14, -9.114234447479e-01, 5.195438861847e-04, 2.1594e+05, 1.0368e+04, 
 1DIAGNOSTIC,    15, -9.121413230896e-01, 4.461407661438e-04, 2.2630e+05, 1.0368e+04, 
 1DIAGNOSTIC,    16, -9.128136634827e-01, 3.858134150505e-04, 2.3654e+05, 1.0240e+04, 
 1DIAGNOSTIC,    17, -9.134241342545e-01, 3.343857824802e-04, 2.4691e+05, 1.0368e+04, 
 1DIAGNOSTIC,    18, -9.140074849129e-01, 2.910904586315e-04, 2.5715e+05, 1.0240e+04, 
 1DIAGNOSTIC,    19, -9.145527482033e-01, 2.528913319111e-04, 2.6752e+05, 1.0368e+04, 
 1DIAGNOSTIC,    20, -9.150600433350e-01, 2.214126288891e-04, 2.7635e+05, 8.8320e+03, 
  Elapsed time (stage 0): 276480


Total elapsed time: 276480
-i /mnt/lustre/mathdugre/fast-interpolate/datasets/ds004513/derivatives/flint/ants/flint-vprec-single/sub-s014/ses-open/anat/00/1_Affine.nii.gz -o /mnt/lustre/mathdugre/fast-interpolate/datasets/ds004513/derivatives/flint/ants/flint-vprec-single/sub-s014/ses-open/anat/001/1_transformed.nii.gz -t /mnt/lustre/mathdugre/fast-interpolate/datasets/ds004513/derivatives/flint/ants/flint-vprec-single/sub-s014/ses-open/anat/001/1_1Warp.nii.gz -t /mnt/lustre/mathdugre/fast-interpolate/datasets/ds004513/derivatives/flint/ants/flint-vprec-single/sub-s014/ses-open/anat/001/1_0GenericAffine.mat
