---------------------
Experiment information

SIF_IMG: /mnt/lustre/mathdugre/containers/ants-flint-vprec.simg
SIF_IMG_BASE: /mnt/lustre/mathdugre/containers/ants-flint-base.simg
EXPERIMENT_NAME: flint-vprec-single
STAGE: syn
SUBJECT_ID: s020
REPETITION_ID: 1

FIXED_IMG: /templateflow/tpl-MNI152NLin2009cAsym/tpl-MNI152NLin2009cAsym_res-01_desc-brain_T1w.nii.gz
INPUT_IMG: /mnt/lustre/mathdugre/fast-interpolate/datasets/ds004513/derivatives/flint/ants/flint-vprec-single/sub-s020/ses-open/anat/00/1_Affine.nii.gz

DATA_DIR: /mnt/lustre/mathdugre/fast-interpolate/datasets/ds004513
OUTPUT_DIR: /mnt/lustre/mathdugre/fast-interpolate/datasets/ds004513/derivatives/flint/ants/flint-vprec-single/sub-s020/ses-open/anat
OUTPUT_PREFIX: 001
THREAD: 1
FLOAT: 0
VFC_BACKENDS: libinterflop_vprec.so --precision-binary32=23 --range-binary32=8 --precision-binary64=23 --range-binary64=8
---------------------

--output [/mnt/lustre/mathdugre/fast-interpolate/datasets/ds004513/derivatives/flint/ants/flint-vprec-single/sub-s020/ses-open/anat/001/1_,/mnt/lustre/mathdugre/fast-interpolate/datasets/ds004513/derivatives/flint/ants/flint-vprec-single/sub-s020/ses-open/anat/001/1_Warped.nii.gz,/mnt/lustre/mathdugre/fast-interpolate/datasets/ds004513/derivatives/flint/ants/flint-vprec-single/sub-s020/ses-open/anat/001/1_InverseSyN.nii.gz] --initial-moving-transform [/templateflow/tpl-MNI152NLin2009cAsym/tpl-MNI152NLin2009cAsym_res-01_desc-brain_T1w.nii.gz,/mnt/lustre/mathdugre/fast-interpolate/datasets/ds004513/derivatives/flint/ants/flint-vprec-single/sub-s020/ses-open/anat/00/1_Affine.nii.gz,1] --transform SyN[ 0.1,3,0 ] --metric CC[/templateflow/tpl-MNI152NLin2009cAsym/tpl-MNI152NLin2009cAsym_res-01_desc-brain_T1w.nii.gz,/mnt/lustre/mathdugre/fast-interpolate/datasets/ds004513/derivatives/flint/ants/flint-vprec-single/sub-s020/ses-open/anat/00/1_Affine.nii.gz,1,4] --convergence [100x70x50x20,1e-6,10] --shrink-factors 8x4x2x1 --smoothing-sigmas 3x2x1x0vox
All_Command_lines_OK
Using double precision for computations.
=============================================================================
The composite transform comprises the following transforms (in order): 
  1. Center of mass alignment using fixed image: /templateflow/tpl-MNI152NLin2009cAsym/tpl-MNI152NLin2009cAsym_res-01_desc-brain_T1w.nii.gz and moving image: /mnt/lustre/mathdugre/fast-interpolate/datasets/ds004513/derivatives/flint/ants/flint-vprec-single/sub-s020/ses-open/anat/00/1_Affine.nii.gz (type = Euler3DTransform)
=============================================================================
  number of levels = 4
  fixed image: /templateflow/tpl-MNI152NLin2009cAsym/tpl-MNI152NLin2009cAsym_res-01_desc-brain_T1w.nii.gz
  moving image: /mnt/lustre/mathdugre/fast-interpolate/datasets/ds004513/derivatives/flint/ants/flint-vprec-single/sub-s020/ses-open/anat/00/1_Affine.nii.gz
Dimension = 3
Number of stages = 1
Use histogram matching = false
Winsorize image intensities = true
  Lower quantile = 0.005
  Upper quantile = 0.995


Stage 1 State
   Image metric = CC
     Fixed image = Image (0x463fb50)
  RTTI typeinfo:   itk::Image<double, 3u>
  Reference Count: 2
  Modified Time: 1622
  Debug: Off
  Object Name: 
  Observers: 
    none
  Source: (none)
  Source output name: (none)
  Release Data: Off
  Data Released: False
  Global Release Data: Off
  PipelineMTime: 0
  UpdateMTime: 1407
  RealTimeStamp: 0 seconds 
  LargestPossibleRegion: 
    Dimension: 3
    Index: [0, 0, 0]
    Size: [193, 229, 193]
  BufferedRegion: 
    Dimension: 3
    Index: [0, 0, 0]
    Size: [193, 229, 193]
  RequestedRegion: 
    Dimension: 3
    Index: [0, 0, 0]
    Size: [193, 229, 193]
  Spacing: [1, 1, 1]
  Origin: [96, 132, -78]
  Direction: 
-1 0 0
0 -1 0
0 0 1

  IndexToPointMatrix: 
-1 0 0
0 -1 0
0 0 1

  PointToIndexMatrix: 
-1 0 0
0 -1 0
0 0 1

  Inverse Direction: 
-1 0 0
0 -1 0
0 0 1

  PixelContainer: 
    ImportImageContainer (0x46b86d0)
      RTTI typeinfo:   itk::ImportImageContainer<unsigned long, double>
      Reference Count: 1
      Modified Time: 1404
      Debug: Off
      Object Name: 
      Observers: 
        none
      Pointer: 0x7f373b723010
      Container manages memory: true
      Size: 8530021
      Capacity: 8530021

     Moving image = Image (0x464bd60)
  RTTI typeinfo:   itk::Image<double, 3u>
  Reference Count: 2
  Modified Time: 1623
  Debug: Off
  Object Name: 
  Observers: 
    none
  Source: (none)
  Source output name: (none)
  Release Data: Off
  Data Released: False
  Global Release Data: Off
  PipelineMTime: 0
  UpdateMTime: 1620
  RealTimeStamp: 0 seconds 
  LargestPossibleRegion: 
    Dimension: 3
    Index: [0, 0, 0]
    Size: [193, 229, 193]
  BufferedRegion: 
    Dimension: 3
    Index: [0, 0, 0]
    Size: [193, 229, 193]
  RequestedRegion: 
    Dimension: 3
    Index: [0, 0, 0]
    Size: [193, 229, 193]
  Spacing: [1, 1, 1]
  Origin: [96, 132, -78]
  Direction: 
-1 0 0
0 -1 0
0 0 1

  IndexToPointMatrix: 
-1 0 0
0 -1 0
0 0 1

  PointToIndexMatrix: 
-1 0 0
0 -1 0
0 0 1

  Inverse Direction: 
-1 0 0
0 -1 0
0 0 1

  PixelContainer: 
    ImportImageContainer (0x47187d0)
      RTTI typeinfo:   itk::ImportImageContainer<unsigned long, double>
      Reference Count: 1
      Modified Time: 1617
      Debug: Off
      Object Name: 
      Observers: 
        none
      Pointer: 0x7f373760e010
      Container manages memory: true
      Size: 8530021
      Capacity: 8530021

     Weighting = 1
     Sampling strategy = none
     Number of bins = 32
     Radius = 4
     Sampling percentage  = 1
   Transform = SyN
     Gradient step = 0.1
     Update field sigma (voxel space) = 3
     Total field sigma (voxel space) = 0
     Update field time sigma = 0
     Total field time sigma  = 0
     Number of time indices = 0
     Number of time point samples = 0
Registration using 1 total stages.

Stage 0
  iterations = 100x70x50x20
  convergence threshold = 1e-06
  convergence window size = 10
  number of levels = 4
  using the CC metric (radius = 4, weight = 1, use gradient filter = 0)
  preprocessing:  winsorizing the image intensities
  Shrink factors (level 1 out of 4): [8, 8, 8]
  Shrink factors (level 2 out of 4): [4, 4, 4]
  Shrink factors (level 3 out of 4): [2, 2, 2]
  Shrink factors (level 4 out of 4): [1, 1, 1]
  smoothing sigmas per level: [3, 2, 1, 0]
  Using default NONE metricSamplingStrategy 

*** Running SyN registration (varianceForUpdateField = 3, varianceForTotalField = 0) ***

XXDIAGNOSTIC,Iteration,metricValue,convergenceValue,ITERATION_TIME_INDEX,SINCE_LAST
 1DIAGNOSTIC,     1, -8.504210710526e-01, 1.797693134862e+308, 0.0000e+00, 0.0000e+00, 
 1DIAGNOSTIC,     2, -8.662633895874e-01, 1.797693134862e+308, 0.0000e+00, 0.0000e+00, 
 1DIAGNOSTIC,     3, -8.797866702080e-01, 1.797693134862e+308, 0.0000e+00, 0.0000e+00, 
 1DIAGNOSTIC,     4, -8.895223140717e-01, 1.797693134862e+308, 1.2800e+02, 1.2800e+02, 
 1DIAGNOSTIC,     5, -8.968603014946e-01, 1.797693134862e+308, 1.2800e+02, 0.0000e+00, 
 1DIAGNOSTIC,     6, -9.017337560654e-01, 1.797693134862e+308, 1.2800e+02, 0.0000e+00, 
 1DIAGNOSTIC,     7, -9.056919217110e-01, 1.797693134862e+308, 1.2800e+02, 0.0000e+00, 
 1DIAGNOSTIC,     8, -9.088824987411e-01, 1.797693134862e+308, 1.2800e+02, 0.0000e+00, 
 1DIAGNOSTIC,     9, -9.114723205566e-01, 1.797693134862e+308, 1.2800e+02, 0.0000e+00, 
 1DIAGNOSTIC,    10, -9.134843349457e-01, 4.186041653156e-03, 1.2800e+02, 0.0000e+00, 
 1DIAGNOSTIC,    11, -9.151845574379e-01, 2.892501652241e-03, 2.5600e+02, 1.2800e+02, 
 1DIAGNOSTIC,    12, -9.165192842484e-01, 2.008162438869e-03, 2.5600e+02, 0.0000e+00, 
 1DIAGNOSTIC,    13, -9.177155494690e-01, 1.435935497284e-03, 2.5600e+02, 0.0000e+00, 
 1DIAGNOSTIC,    14, -9.187300205231e-01, 1.056507229805e-03, 2.5600e+02, 0.0000e+00, 
 1DIAGNOSTIC,    15, -9.196065068245e-01, 8.035749197006e-04, 2.5600e+02, 0.0000e+00, 
 1DIAGNOSTIC,    16, -9.204226732254e-01, 6.201863288879e-04, 2.5600e+02, 0.0000e+00, 
 1DIAGNOSTIC,    17, -9.210883975029e-01, 4.864558577538e-04, 2.5600e+02, 0.0000e+00, 
 1DIAGNOSTIC,    18, -9.216668605804e-01, 3.881379961967e-04, 3.8400e+02, 1.2800e+02, 
 1DIAGNOSTIC,    19, -9.221494197845e-01, 3.147870302200e-04, 3.8400e+02, 0.0000e+00, 
 1DIAGNOSTIC,    20, -9.225609898567e-01, 2.573505043983e-04, 3.8400e+02, 0.0000e+00, 
 1DIAGNOSTIC,    21, -9.229165911674e-01, 2.120174467564e-04, 3.8400e+02, 0.0000e+00, 
 1DIAGNOSTIC,    22, -9.232326745987e-01, 1.744329929352e-04, 3.8400e+02, 0.0000e+00, 
 1DIAGNOSTIC,    23, -9.235121011734e-01, 1.438297331333e-04, 3.8400e+02, 0.0000e+00, 
 1DIAGNOSTIC,    24, -9.237576723099e-01, 1.186989247799e-04, 3.8400e+02, 0.0000e+00, 
 1DIAGNOSTIC,    25, -9.239866733551e-01, 9.824335575104e-05, 5.1200e+02, 1.2800e+02, 
 1DIAGNOSTIC,    26, -9.241814613342e-01, 8.226186037064e-05, 5.1200e+02, 0.0000e+00, 
 1DIAGNOSTIC,    27, -9.243570566177e-01, 6.946176290512e-05, 5.1200e+02, 0.0000e+00, 
 1DIAGNOSTIC,    28, -9.245174527168e-01, 5.928054451942e-05, 5.1200e+02, 0.0000e+00, 
 1DIAGNOSTIC,    29, -9.246573448181e-01, 5.093961954117e-05, 5.1200e+02, 0.0000e+00, 
 1DIAGNOSTIC,    30, -9.247894883156e-01, 4.403293132782e-05, 5.1200e+02, 0.0000e+00, 
 1DIAGNOSTIC,    31, -9.249072074890e-01, 3.821030259132e-05, 5.1200e+02, 0.0000e+00, 
 1DIAGNOSTIC,    32, -9.250139594078e-01, 3.329664468765e-05, 5.1200e+02, 0.0000e+00, 
 1DIAGNOSTIC,    33, -9.251109361649e-01, 2.913177013397e-05, 6.4000e+02, 1.2800e+02, 
 1DIAGNOSTIC,    34, -9.252045750618e-01, 2.560392022133e-05, 6.4000e+02, 0.0000e+00, 
 1DIAGNOSTIC,    35, -9.252902269363e-01, 2.270936965942e-05, 6.4000e+02, 0.0000e+00, 
 1DIAGNOSTIC,    36, -9.253705739975e-01, 2.024136483669e-05, 6.4000e+02, 0.0000e+00, 
 1DIAGNOSTIC,    37, -9.254417419434e-01, 1.811981201172e-05, 6.4000e+02, 0.0000e+00, 
 1DIAGNOSTIC,    38, -9.255071878433e-01, 1.629069447517e-05, 6.4000e+02, 0.0000e+00, 
 1DIAGNOSTIC,    39, -9.255706071854e-01, 1.468881964684e-05, 6.4000e+02, 0.0000e+00, 
 1DIAGNOSTIC,    40, -9.256410598755e-01, 1.339986920357e-05, 7.6800e+02, 1.2800e+02, 
 1DIAGNOSTIC,    41, -9.256973266602e-01, 1.226738095284e-05, 7.6800e+02, 0.0000e+00, 
 1DIAGNOSTIC,    42, -9.257498383522e-01, 1.125596463680e-05, 7.6800e+02, 0.0000e+00, 
 1DIAGNOSTIC,    43, -9.257988929749e-01, 1.033395528793e-05, 7.6800e+02, 0.0000e+00, 
 1DIAGNOSTIC,    44, -9.258413314819e-01, 9.484589099884e-06, 7.6800e+02, 0.0000e+00, 
 1DIAGNOSTIC,    45, -9.258811473846e-01, 8.687376976013e-06, 7.6800e+02, 0.0000e+00, 
 1DIAGNOSTIC,    46, -9.259214997292e-01, 7.968395948410e-06, 7.6800e+02, 0.0000e+00, 
 1DIAGNOSTIC,    47, -9.259610176086e-01, 7.310882210732e-06, 8.9600e+02, 1.2800e+02, 
 1DIAGNOSTIC,    48, -9.259780645370e-01, 6.558373570442e-06, 8.9600e+02, 0.0000e+00, 
 1DIAGNOSTIC,    49, -9.260164499283e-01, 5.921348929405e-06, 8.9600e+02, 0.0000e+00, 
 1DIAGNOSTIC,    50, -9.260487556458e-01, 5.427747964859e-06, 8.9600e+02, 0.0000e+00, 
 1DIAGNOSTIC,    51, -9.260823130608e-01, 5.036592483521e-06, 8.9600e+02, 0.0000e+00, 
 1DIAGNOSTIC,    52, -9.261118173599e-01, 4.716217517853e-06, 8.9600e+02, 0.0000e+00, 
 1DIAGNOSTIC,    53, -9.261378645897e-01, 4.446133971214e-06, 8.9600e+02, 0.0000e+00, 
 1DIAGNOSTIC,    54, -9.261642694473e-01, 4.217028617859e-06, 1.0240e+03, 1.2800e+02, 
 1DIAGNOSTIC,    55, -9.261901974678e-01, 4.006549715996e-06, 1.0240e+03, 0.0000e+00, 
 1DIAGNOSTIC,    56, -9.262155890465e-01, 3.835186362267e-06, 1.0240e+03, 0.0000e+00, 
 1DIAGNOSTIC,    57, -9.262366890907e-01, 3.682449460030e-06, 1.0240e+03, 0.0000e+00, 
 1DIAGNOSTIC,    58, -9.262557625771e-01, 3.425404429436e-06, 1.0240e+03, 0.0000e+00, 
 1DIAGNOSTIC,    59, -9.262753129005e-01, 3.198161721230e-06, 1.0240e+03, 0.0000e+00, 
 1DIAGNOSTIC,    60, -9.262939095497e-01, 2.982094883919e-06, 1.0240e+03, 0.0000e+00, 
 1DIAGNOSTIC,    61, -9.263112545013e-01, 2.795830368996e-06, 1.1520e+03, 1.2800e+02, 
 1DIAGNOSTIC,    62, -9.263283610344e-01, 2.624467015266e-06, 1.1520e+03, 0.0000e+00, 
 1DIAGNOSTIC,    63, -9.263439178467e-01, 2.458691596985e-06, 1.1520e+03, 0.0000e+00, 
 1DIAGNOSTIC,    64, -9.263591170311e-01, 2.309679985046e-06, 1.1520e+03, 0.0000e+00, 
 1DIAGNOSTIC,    65, -9.263734817505e-01, 2.179294824600e-06, 1.1520e+03, 0.0000e+00, 
 1DIAGNOSTIC,    66, -9.263858795166e-01, 2.063810825348e-06, 1.1520e+03, 0.0000e+00, 
 1DIAGNOSTIC,    67, -9.263986945152e-01, 1.953914761543e-06, 1.1520e+03, 0.0000e+00, 
 1DIAGNOSTIC,    68, -9.264103174210e-01, 1.844018697739e-06, 1.1520e+03, 0.0000e+00, 
 1DIAGNOSTIC,    69, -9.264217615128e-01, 1.746229827404e-06, 1.2800e+03, 1.2800e+02, 
 1DIAGNOSTIC,    70, -9.264344573021e-01, 1.658685505390e-06, 1.2800e+03, 0.0000e+00, 
 1DIAGNOSTIC,    71, -9.264454841614e-01, 1.577660441399e-06, 1.2800e+03, 0.0000e+00, 
 1DIAGNOSTIC,    72, -9.264556765556e-01, 1.512467861176e-06, 1.2800e+03, 0.0000e+00, 
 1DIAGNOSTIC,    73, -9.264649748802e-01, 1.443549990654e-06, 1.2800e+03, 0.0000e+00, 
 1DIAGNOSTIC,    74, -9.264765977859e-01, 1.394189894199e-06, 1.2800e+03, 0.0000e+00, 
 1DIAGNOSTIC,    75, -9.264867305756e-01, 1.354143023491e-06, 1.2800e+03, 0.0000e+00, 
 1DIAGNOSTIC,    76, -9.264957904816e-01, 1.306645572186e-06, 1.4080e+03, 1.2800e+02, 
 1DIAGNOSTIC,    77, -9.265044331551e-01, 1.262873411179e-06, 1.4080e+03, 0.0000e+00, 
 1DIAGNOSTIC,    78, -9.265143871307e-01, 1.225620508194e-06, 1.4080e+03, 0.0000e+00, 
 1DIAGNOSTIC,    79, -9.265245795250e-01, 1.189298927784e-06, 1.4080e+03, 0.0000e+00, 
 1DIAGNOSTIC,    80, -9.265329241753e-01, 1.159496605396e-06, 1.4080e+03, 0.0000e+00, 
 1DIAGNOSTIC,    81, -9.265433549881e-01, 1.139007508755e-06, 1.4080e+03, 0.0000e+00, 
 1DIAGNOSTIC,    82, -9.265531897545e-01, 1.121312379837e-06, 1.4080e+03, 0.0000e+00, 
 1DIAGNOSTIC,    83, -9.265627861023e-01, 1.101754605770e-06, 1.5360e+03, 1.2800e+02, 
 1DIAGNOSTIC,    84, -9.265726208687e-01, 1.092441380024e-06, 1.5360e+03, 0.0000e+00, 
 1DIAGNOSTIC,    85, -9.265829920769e-01, 1.086853444576e-06, 1.5360e+03, 0.0000e+00, 
 1DIAGNOSTIC,    86, -9.265923500061e-01, 1.077540218830e-06, 1.5360e+03, 0.0000e+00, 
 1DIAGNOSTIC,    87, -9.266011118889e-01, 1.064501702785e-06, 1.5360e+03, 0.0000e+00, 
 1DIAGNOSTIC,    88, -9.266113042831e-01, 1.053325831890e-06, 1.5360e+03, 0.0000e+00, 
 1DIAGNOSTIC,    89, -9.266219735146e-01, 1.044012606144e-06, 1.5360e+03, 0.0000e+00, 
 1DIAGNOSTIC,    90, -9.266304969788e-01, 1.028180122375e-06, 1.6640e+03, 1.2800e+02, 
 1DIAGNOSTIC,    91, -9.266402721405e-01, 1.014210283756e-06, 1.6640e+03, 0.0000e+00, 
 1DIAGNOSTIC,    92, -9.266507029533e-01, 1.003965735435e-06, 1.6640e+03, 0.0000e+00, 
 1DIAGNOSTIC,    93, -9.266603589058e-01, 9.946525096893e-07, 1.6640e+03, 0.0000e+00, 
XXDIAGNOSTIC,Iteration,metricValue,convergenceValue,ITERATION_TIME_INDEX,SINCE_LAST
 1DIAGNOSTIC,     1, -8.546416163445e-01, 1.797693134862e+308, 1.9200e+03, 2.5600e+02, 
 1DIAGNOSTIC,     2, -8.577442169189e-01, 1.797693134862e+308, 2.0480e+03, 1.2800e+02, 
 1DIAGNOSTIC,     3, -8.605536222458e-01, 1.797693134862e+308, 2.1760e+03, 1.2800e+02, 
 1DIAGNOSTIC,     4, -8.631679415703e-01, 1.797693134862e+308, 2.3040e+03, 1.2800e+02, 
 1DIAGNOSTIC,     5, -8.654427528381e-01, 1.797693134862e+308, 2.4320e+03, 1.2800e+02, 
 1DIAGNOSTIC,     6, -8.675027489662e-01, 1.797693134862e+308, 2.6880e+03, 2.5600e+02, 
 1DIAGNOSTIC,     7, -8.693144321442e-01, 1.797693134862e+308, 2.8160e+03, 1.2800e+02, 
 1DIAGNOSTIC,     8, -8.707950115204e-01, 1.797693134862e+308, 2.9440e+03, 1.2800e+02, 
 1DIAGNOSTIC,     9, -8.721314668655e-01, 1.797693134862e+308, 3.0720e+03, 1.2800e+02, 
 1DIAGNOSTIC,    10, -8.733163475990e-01, 1.370720565319e-03, 3.3280e+03, 2.5600e+02, 
 1DIAGNOSTIC,    11, -8.744016885757e-01, 1.103423535824e-03, 3.4560e+03, 1.2800e+02, 
 1DIAGNOSTIC,    12, -8.753938078880e-01, 8.928403258324e-04, 3.5840e+03, 1.2800e+02, 
 1DIAGNOSTIC,    13, -8.763118982315e-01, 7.272958755493e-04, 3.7120e+03, 1.2800e+02, 
 1DIAGNOSTIC,    14, -8.771489858627e-01, 5.995556712151e-04, 3.9680e+03, 2.5600e+02, 
 1DIAGNOSTIC,    15, -8.779457807541e-01, 5.006045103073e-04, 4.0960e+03, 1.2800e+02, 
 1DIAGNOSTIC,    16, -8.786791563034e-01, 4.247426986694e-04, 4.2240e+03, 1.2800e+02, 
 1DIAGNOSTIC,    17, -8.793793320656e-01, 3.666803240776e-04, 4.3520e+03, 1.2800e+02, 
 1DIAGNOSTIC,    18, -8.800468444824e-01, 3.199204802513e-04, 4.4800e+03, 1.2800e+02, 
 1DIAGNOSTIC,    19, -8.806797862053e-01, 2.820491790771e-04, 4.7360e+03, 2.5600e+02, 
 1DIAGNOSTIC,    20, -8.812738060951e-01, 2.505816519260e-04, 4.8640e+03, 1.2800e+02, 
 1DIAGNOSTIC,    21, -8.818589448929e-01, 2.245679497719e-04, 4.9920e+03, 1.2800e+02, 
 1DIAGNOSTIC,    22, -8.824316859245e-01, 2.029985189438e-04, 5.1200e+03, 1.2800e+02, 
 1DIAGNOSTIC,    23, -8.829886913300e-01, 1.850910484791e-04, 5.3760e+03, 2.5600e+02, 
 1DIAGNOSTIC,    24, -8.835452795029e-01, 1.701302826405e-04, 5.5040e+03, 1.2800e+02, 
 1DIAGNOSTIC,    25, -8.840889930725e-01, 1.577474176884e-04, 5.6320e+03, 1.2800e+02, 
 1DIAGNOSTIC,    26, -8.846071958542e-01, 1.470632851124e-04, 5.7600e+03, 1.2800e+02, 
 1DIAGNOSTIC,    27, -8.851362466812e-01, 1.380741596222e-04, 6.0160e+03, 2.5600e+02, 
 1DIAGNOSTIC,    28, -8.856552243233e-01, 1.304000616074e-04, 6.1440e+03, 1.2800e+02, 
 1DIAGNOSTIC,    29, -8.862007856369e-01, 1.240894198418e-04, 6.2720e+03, 1.2800e+02, 
 1DIAGNOSTIC,    30, -8.867517709732e-01, 1.187995076180e-04, 6.4000e+03, 1.2800e+02, 
 1DIAGNOSTIC,    31, -8.873124122620e-01, 1.145601272583e-04, 6.5280e+03, 1.2800e+02, 
 1DIAGNOSTIC,    32, -8.879046440125e-01, 1.114904880524e-04, 6.7840e+03, 2.5600e+02, 
 1DIAGNOSTIC,    33, -8.885151743889e-01, 1.094527542591e-04, 6.9120e+03, 1.2800e+02, 
 1DIAGNOSTIC,    34, -8.890862464905e-01, 1.078322529793e-04, 7.0400e+03, 1.2800e+02, 
 1DIAGNOSTIC,    35, -8.897269964218e-01, 1.069977879524e-04, 7.1680e+03, 1.2800e+02, 
 1DIAGNOSTIC,    36, -8.903477191925e-01, 1.062229275703e-04, 7.4240e+03, 2.5600e+02, 
 1DIAGNOSTIC,    37, -8.909557461739e-01, 1.052841544151e-04, 7.5520e+03, 1.2800e+02, 
 1DIAGNOSTIC,    38, -8.915159702301e-01, 1.035202294588e-04, 7.6800e+03, 1.2800e+02, 
 1DIAGNOSTIC,    39, -8.920578956604e-01, 1.009758561850e-04, 7.8080e+03, 1.2800e+02, 
 1DIAGNOSTIC,    40, -8.925707340240e-01, 9.750016033649e-05, 8.0640e+03, 2.5600e+02, 
 1DIAGNOSTIC,    41, -8.930665254593e-01, 9.318254888058e-05, 8.1920e+03, 1.2800e+02, 
 1DIAGNOSTIC,    42, -8.935297727585e-01, 8.825771510601e-05, 8.3200e+03, 1.2800e+02, 
 1DIAGNOSTIC,    43, -8.939781188965e-01, 8.307397365570e-05, 8.4480e+03, 1.2800e+02, 
 1DIAGNOSTIC,    44, -8.943986892700e-01, 7.743202149868e-05, 8.5760e+03, 1.2800e+02, 
 1DIAGNOSTIC,    45, -8.947938680649e-01, 7.204897701740e-05, 8.8320e+03, 2.5600e+02, 
 1DIAGNOSTIC,    46, -8.951728940010e-01, 6.699748337269e-05, 8.9600e+03, 1.2800e+02, 
 1DIAGNOSTIC,    47, -8.955249786377e-01, 6.232224404812e-05, 9.0880e+03, 1.2800e+02, 
 1DIAGNOSTIC,    48, -8.958334922791e-01, 5.770288407803e-05, 9.2160e+03, 1.2800e+02, 
 1DIAGNOSTIC,    49, -8.961028456688e-01, 5.307793617249e-05, 9.4720e+03, 2.5600e+02, 
 1DIAGNOSTIC,    50, -8.963398933411e-01, 4.838593304157e-05, 9.6000e+03, 1.2800e+02, 
 1DIAGNOSTIC,    51, -8.965494036674e-01, 4.369765520096e-05, 9.7280e+03, 1.2800e+02, 
 1DIAGNOSTIC,    52, -8.967455625534e-01, 3.909505903721e-05, 9.8560e+03, 1.2800e+02, 
 1DIAGNOSTIC,    53, -8.969151377678e-01, 3.468245267868e-05, 1.0112e+04, 2.5600e+02, 
 1DIAGNOSTIC,    54, -8.970715999603e-01, 3.055855631828e-05, 1.0240e+04, 1.2800e+02, 
 1DIAGNOSTIC,    55, -8.972145915031e-01, 2.681836485863e-05, 1.0368e+04, 1.2800e+02, 
 1DIAGNOSTIC,    56, -8.973486423492e-01, 2.360157668591e-05, 1.0496e+04, 1.2800e+02, 
 1DIAGNOSTIC,    57, -8.974726200104e-01, 2.093985676765e-05, 1.0624e+04, 1.2800e+02, 
 1DIAGNOSTIC,    58, -8.975877761841e-01, 1.873075962067e-05, 1.0880e+04, 2.5600e+02, 
 1DIAGNOSTIC,    59, -8.976987004280e-01, 1.689419150352e-05, 1.1008e+04, 1.2800e+02, 
 1DIAGNOSTIC,    60, -8.977999687195e-01, 1.533702015877e-05, 1.1136e+04, 1.2800e+02, 
 1DIAGNOSTIC,    61, -8.978952169418e-01, 1.399032771587e-05, 1.1264e+04, 1.2800e+02, 
 1DIAGNOSTIC,    62, -8.979781866074e-01, 1.282244920731e-05, 1.1520e+04, 2.5600e+02, 
 1DIAGNOSTIC,    63, -8.980515599251e-01, 1.172907650471e-05, 1.1648e+04, 1.2800e+02, 
 1DIAGNOSTIC,    64, -8.981187343597e-01, 1.069717109203e-05, 1.1776e+04, 1.2800e+02, 
 1DIAGNOSTIC,    65, -8.981838822365e-01, 9.730458259583e-06, 1.1904e+04, 1.2800e+02, 
 1DIAGNOSTIC,    66, -8.982435464859e-01, 8.834525942802e-06, 1.2160e+04, 2.5600e+02, 
 1DIAGNOSTIC,    67, -8.983037471771e-01, 8.033588528633e-06, 1.2288e+04, 1.2800e+02, 
 1DIAGNOSTIC,    68, -8.983577489853e-01, 7.314607501030e-06, 1.2416e+04, 1.2800e+02, 
 1DIAGNOSTIC,    69, -8.984066247940e-01, 6.691552698612e-06, 1.2544e+04, 1.2800e+02, 
 1DIAGNOSTIC,    70, -8.984541893005e-01, 6.156973540783e-06, 1.2672e+04, 1.2800e+02, 
XXDIAGNOSTIC,Iteration,metricValue,convergenceValue,ITERATION_TIME_INDEX,SINCE_LAST
 1DIAGNOSTIC,     1, -8.530696630478e-01, 1.797693134862e+308, 1.4080e+04, 1.4080e+03, 
 1DIAGNOSTIC,     2, -8.559366464615e-01, 1.797693134862e+308, 1.5360e+04, 1.2800e+03, 
 1DIAGNOSTIC,     3, -8.589619398117e-01, 1.797693134862e+308, 1.6768e+04, 1.4080e+03, 
 1DIAGNOSTIC,     4, -8.618289232254e-01, 1.797693134862e+308, 1.8048e+04, 1.2800e+03, 
 1DIAGNOSTIC,     5, -8.644846677780e-01, 1.797693134862e+308, 1.9328e+04, 1.2800e+03, 
 1DIAGNOSTIC,     6, -8.669452667236e-01, 1.797693134862e+308, 2.0608e+04, 1.2800e+03, 
 1DIAGNOSTIC,     7, -8.694553375244e-01, 1.797693134862e+308, 2.1888e+04, 1.2800e+03, 
 1DIAGNOSTIC,     8, -8.716093897820e-01, 1.797693134862e+308, 2.3296e+04, 1.4080e+03, 
 1DIAGNOSTIC,     9, -8.736091852188e-01, 1.797693134862e+308, 2.4576e+04, 1.2800e+03, 
 1DIAGNOSTIC,    10, -8.754310607910e-01, 1.667015254498e-03, 2.5856e+04, 1.2800e+03, 
 1DIAGNOSTIC,    11, -8.769075274467e-01, 1.415871083736e-03, 2.7136e+04, 1.2800e+03, 
 1DIAGNOSTIC,    12, -8.782594799995e-01, 1.194044947624e-03, 2.8544e+04, 1.4080e+03, 
 1DIAGNOSTIC,    13, -8.793509006500e-01, 1.001477241516e-03, 2.9824e+04, 1.2800e+03, 
 1DIAGNOSTIC,    14, -8.805072307587e-01, 8.389726281166e-04, 3.1104e+04, 1.2800e+03, 
 1DIAGNOSTIC,    15, -8.814238905907e-01, 6.988123059273e-04, 3.2384e+04, 1.2800e+03, 
 1DIAGNOSTIC,    16, -8.824381828308e-01, 5.825161933899e-04, 3.3792e+04, 1.4080e+03, 
 1DIAGNOSTIC,    17, -8.833823204041e-01, 4.921704530716e-04, 3.5072e+04, 1.2800e+03, 
 1DIAGNOSTIC,    18, -8.842924833298e-01, 4.214830696583e-04, 3.6352e+04, 1.2800e+03, 
 1DIAGNOSTIC,    19, -8.851584196091e-01, 3.679171204567e-04, 3.7632e+04, 1.2800e+03, 
 1DIAGNOSTIC,    20, -8.859617710114e-01, 3.279782831669e-04, 3.8912e+04, 1.2800e+03, 
 1DIAGNOSTIC,    21, -8.865771293640e-01, 2.934448421001e-04, 4.0320e+04, 1.4080e+03, 
 1DIAGNOSTIC,    22, -8.871566057205e-01, 2.631060779095e-04, 4.1600e+04, 1.2800e+03, 
 1DIAGNOSTIC,    23, -8.877350687981e-01, 2.341940999031e-04, 4.2880e+04, 1.2800e+03, 
 1DIAGNOSTIC,    24, -8.883043527603e-01, 2.089925110340e-04, 4.4288e+04, 1.4080e+03, 
 1DIAGNOSTIC,    25, -8.888564109802e-01, 1.851134002209e-04, 4.5568e+04, 1.2800e+03, 
 1DIAGNOSTIC,    26, -8.893593549728e-01, 1.645125448704e-04, 4.6848e+04, 1.2800e+03, 
 1DIAGNOSTIC,    27, -8.898537158966e-01, 1.471601426601e-04, 4.8128e+04, 1.2800e+03, 
 1DIAGNOSTIC,    28, -8.903136849403e-01, 1.329407095909e-04, 4.9536e+04, 1.4080e+03, 
 1DIAGNOSTIC,    29, -8.907589912415e-01, 1.216828823090e-04, 5.0816e+04, 1.2800e+03, 
 1DIAGNOSTIC,    30, -8.911738395691e-01, 1.127794384956e-04, 5.2096e+04, 1.2800e+03, 
 1DIAGNOSTIC,    31, -8.915935754776e-01, 1.045688986778e-04, 5.3376e+04, 1.2800e+03, 
 1DIAGNOSTIC,    32, -8.919656276703e-01, 9.654834866524e-05, 5.4784e+04, 1.4080e+03, 
 1DIAGNOSTIC,    33, -8.923460245132e-01, 8.923187851906e-05, 5.6064e+04, 1.2800e+03, 
 1DIAGNOSTIC,    34, -8.926920294762e-01, 8.255615830421e-05, 5.7344e+04, 1.2800e+03, 
 1DIAGNOSTIC,    35, -8.930336236954e-01, 7.665716111660e-05, 5.8624e+04, 1.2800e+03, 
 1DIAGNOSTIC,    36, -8.933627009392e-01, 7.125549018383e-05, 6.0032e+04, 1.4080e+03, 
 1DIAGNOSTIC,    37, -8.936918973923e-01, 6.653741002083e-05, 6.1312e+04, 1.2800e+03, 
 1DIAGNOSTIC,    38, -8.940066099167e-01, 6.231479346752e-05, 6.2592e+04, 1.2800e+03, 
 1DIAGNOSTIC,    39, -8.943108320236e-01, 5.856715142727e-05, 6.3872e+04, 1.2800e+03, 
 1DIAGNOSTIC,    40, -8.945926427841e-01, 5.504488945007e-05, 6.5280e+04, 1.4080e+03, 
 1DIAGNOSTIC,    41, -8.948895931244e-01, 5.208700895309e-05, 6.6560e+04, 1.2800e+03, 
 1DIAGNOSTIC,    42, -8.951632380486e-01, 4.925765097141e-05, 6.7840e+04, 1.2800e+03, 
 1DIAGNOSTIC,    43, -8.954305648804e-01, 4.671700298786e-05, 6.9120e+04, 1.2800e+03, 
 1DIAGNOSTIC,    44, -8.956941962242e-01, 4.429928958416e-05, 7.0528e+04, 1.4080e+03, 
 1DIAGNOSTIC,    45, -8.959234952927e-01, 4.185922443867e-05, 7.1808e+04, 1.2800e+03, 
 1DIAGNOSTIC,    46, -8.961519002914e-01, 3.943592309952e-05, 7.3088e+04, 1.2800e+03, 
 1DIAGNOSTIC,    47, -8.963652849197e-01, 3.707408905029e-05, 7.4368e+04, 1.2800e+03, 
 1DIAGNOSTIC,    48, -8.965595364571e-01, 3.468990325928e-05, 7.5776e+04, 1.4080e+03, 
 1DIAGNOSTIC,    49, -8.967669010162e-01, 3.246031701565e-05, 7.7056e+04, 1.2800e+03, 
 1DIAGNOSTIC,    50, -8.969441652298e-01, 3.018602728844e-05, 7.8336e+04, 1.2800e+03, 
XXDIAGNOSTIC,Iteration,metricValue,convergenceValue,ITERATION_TIME_INDEX,SINCE_LAST
 1DIAGNOSTIC,     1, -8.763738870621e-01, 1.797693134862e+308, 8.9344e+04, 1.1008e+04, 
 1DIAGNOSTIC,     2, -8.774952888489e-01, 1.797693134862e+308, 1.0010e+05, 1.0752e+04, 
 1DIAGNOSTIC,     3, -8.790543079376e-01, 1.797693134862e+308, 1.1085e+05, 1.0752e+04, 
 1DIAGNOSTIC,     4, -8.808430433273e-01, 1.797693134862e+308, 1.2147e+05, 1.0624e+04, 
 1DIAGNOSTIC,     5, -8.823765516281e-01, 1.797693134862e+308, 1.3222e+05, 1.0752e+04, 
 1DIAGNOSTIC,     6, -8.838283419609e-01, 1.797693134862e+308, 1.4285e+05, 1.0624e+04, 
 1DIAGNOSTIC,     7, -8.851054310799e-01, 1.797693134862e+308, 1.5360e+05, 1.0752e+04, 
 1DIAGNOSTIC,     8, -8.862953782082e-01, 1.797693134862e+308, 1.6435e+05, 1.0752e+04, 
 1DIAGNOSTIC,     9, -8.873835802078e-01, 1.797693134862e+308, 1.7510e+05, 1.0752e+04, 
 1DIAGNOSTIC,    10, -8.884050250053e-01, 9.041726589203e-04, 1.8586e+05, 1.0752e+04, 
 1DIAGNOSTIC,    11, -8.892628550529e-01, 7.800608873367e-04, 1.9661e+05, 1.0752e+04, 
 1DIAGNOSTIC,    12, -8.901998996735e-01, 6.615519523621e-04, 2.0736e+05, 1.0752e+04, 
 1DIAGNOSTIC,    13, -8.909565806389e-01, 5.582198500633e-04, 2.1798e+05, 1.0624e+04, 
 1DIAGNOSTIC,    14, -8.916569352150e-01, 4.757344722748e-04, 2.2848e+05, 1.0496e+04, 
 1DIAGNOSTIC,    15, -8.922944068909e-01, 4.069730639458e-04, 2.3898e+05, 1.0496e+04, 
 1DIAGNOSTIC,    16, -8.928940892220e-01, 3.503933548927e-04, 2.4947e+05, 1.0496e+04, 
 1DIAGNOSTIC,    17, -8.934547901154e-01, 3.026723861694e-04, 2.6022e+05, 1.0752e+04, 
 1DIAGNOSTIC,    18, -8.939867019653e-01, 2.627633512020e-04, 2.7110e+05, 1.0880e+04, 
 1DIAGNOSTIC,    19, -8.944892287254e-01, 2.294071018696e-04, 2.8045e+05, 9.3440e+03, 
 1DIAGNOSTIC,    20, -8.949775695801e-01, 2.021789550781e-04, 2.8851e+05, 8.0640e+03, 
  Elapsed time (stage 0): 288640


Total elapsed time: 288640
-i /mnt/lustre/mathdugre/fast-interpolate/datasets/ds004513/derivatives/flint/ants/flint-vprec-single/sub-s020/ses-open/anat/00/1_Affine.nii.gz -o /mnt/lustre/mathdugre/fast-interpolate/datasets/ds004513/derivatives/flint/ants/flint-vprec-single/sub-s020/ses-open/anat/001/1_transformed.nii.gz -t /mnt/lustre/mathdugre/fast-interpolate/datasets/ds004513/derivatives/flint/ants/flint-vprec-single/sub-s020/ses-open/anat/001/1_1Warp.nii.gz -t /mnt/lustre/mathdugre/fast-interpolate/datasets/ds004513/derivatives/flint/ants/flint-vprec-single/sub-s020/ses-open/anat/001/1_0GenericAffine.mat
