---------------------
Experiment information

SIF_IMG: /mnt/lustre/mathdugre/containers/ants-flint-base.simg
SIF_IMG_BASE: /mnt/lustre/mathdugre/containers/ants-flint-base.simg
EXPERIMENT_NAME: flint-vprec-single
STAGE: affine
SUBJECT_ID: s028
REPETITION_ID: 1

FIXED_IMG: /templateflow/tpl-MNI152NLin2009cAsym/tpl-MNI152NLin2009cAsym_res-01_desc-brain_T1w.nii.gz
INPUT_IMG: /mnt/lustre/mathdugre/fast-interpolate/datasets/ds004513/derivatives/flint/ants/flint-vprec-single/sub-s028/ses-open/anat/0/1_Rigid.nii.gz

DATA_DIR: /mnt/lustre/mathdugre/fast-interpolate/datasets/ds004513
OUTPUT_DIR: /mnt/lustre/mathdugre/fast-interpolate/datasets/ds004513/derivatives/flint/ants/flint-vprec-single/sub-s028/ses-open/anat
OUTPUT_PREFIX: 00
THREAD: 1
FLOAT: 0
VFC_BACKENDS: ieee
---------------------

--output [/mnt/lustre/mathdugre/fast-interpolate/datasets/ds004513/derivatives/flint/ants/flint-vprec-single/sub-s028/ses-open/anat/00/1_,/mnt/lustre/mathdugre/fast-interpolate/datasets/ds004513/derivatives/flint/ants/flint-vprec-single/sub-s028/ses-open/anat/00/1_Affine.nii.gz,/mnt/lustre/mathdugre/fast-interpolate/datasets/ds004513/derivatives/flint/ants/flint-vprec-single/sub-s028/ses-open/anat/00/1_InverseAffine.nii.gz] --initial-moving-transform [/templateflow/tpl-MNI152NLin2009cAsym/tpl-MNI152NLin2009cAsym_res-01_desc-brain_T1w.nii.gz,/mnt/lustre/mathdugre/fast-interpolate/datasets/ds004513/derivatives/flint/ants/flint-vprec-single/sub-s028/ses-open/anat/0/1_Rigid.nii.gz,1] --transform Affine[0.1] --metric MI[/templateflow/tpl-MNI152NLin2009cAsym/tpl-MNI152NLin2009cAsym_res-01_desc-brain_T1w.nii.gz,/mnt/lustre/mathdugre/fast-interpolate/datasets/ds004513/derivatives/flint/ants/flint-vprec-single/sub-s028/ses-open/anat/0/1_Rigid.nii.gz,1,32,Regular,0.25] --convergence [1000x500x250x100,1e-6,10] --shrink-factors 8x4x2x1 --smoothing-sigmas 3x2x1x0vox
All_Command_lines_OK
Using double precision for computations.
=============================================================================
The composite transform comprises the following transforms (in order): 
  1. Center of mass alignment using fixed image: /templateflow/tpl-MNI152NLin2009cAsym/tpl-MNI152NLin2009cAsym_res-01_desc-brain_T1w.nii.gz and moving image: /mnt/lustre/mathdugre/fast-interpolate/datasets/ds004513/derivatives/flint/ants/flint-vprec-single/sub-s028/ses-open/anat/0/1_Rigid.nii.gz (type = Euler3DTransform)
=============================================================================
  number of levels = 4
  fixed image: /templateflow/tpl-MNI152NLin2009cAsym/tpl-MNI152NLin2009cAsym_res-01_desc-brain_T1w.nii.gz
  moving image: /mnt/lustre/mathdugre/fast-interpolate/datasets/ds004513/derivatives/flint/ants/flint-vprec-single/sub-s028/ses-open/anat/0/1_Rigid.nii.gz
Dimension = 3
Number of stages = 1
Use histogram matching = false
Winsorize image intensities = true
  Lower quantile = 0.005
  Upper quantile = 0.995


Stage 1 State
   Image metric = MattesMI
     Fixed image = Image (0x55f26130be90)
  RTTI typeinfo:   itk::Image<double, 3u>
  Reference Count: 2
  Modified Time: 1622
  Debug: Off
  Object Name: 
  Observers: 
    none
  Source: (none)
  Source output name: (none)
  Release Data: Off
  Data Released: False
  Global Release Data: Off
  PipelineMTime: 0
  UpdateMTime: 1407
  RealTimeStamp: 0 seconds 
  LargestPossibleRegion: 
    Dimension: 3
    Index: [0, 0, 0]
    Size: [193, 229, 193]
  BufferedRegion: 
    Dimension: 3
    Index: [0, 0, 0]
    Size: [193, 229, 193]
  RequestedRegion: 
    Dimension: 3
    Index: [0, 0, 0]
    Size: [193, 229, 193]
  Spacing: [1, 1, 1]
  Origin: [96, 132, -78]
  Direction: 
-1 0 0
0 -1 0
0 0 1

  IndexToPointMatrix: 
-1 0 0
0 -1 0
0 0 1

  PointToIndexMatrix: 
-1 0 0
0 -1 0
0 0 1

  Inverse Direction: 
-1 0 0
0 -1 0
0 0 1

  PixelContainer: 
    ImportImageContainer (0x55f2613e20d0)
      RTTI typeinfo:   itk::ImportImageContainer<unsigned long, double>
      Reference Count: 1
      Modified Time: 1404
      Debug: Off
      Object Name: 
      Observers: 
        none
      Pointer: 0x7f0885d1f010
      Container manages memory: true
      Size: 8530021
      Capacity: 8530021

     Moving image = Image (0x55f261312b20)
  RTTI typeinfo:   itk::Image<double, 3u>
  Reference Count: 2
  Modified Time: 1623
  Debug: Off
  Object Name: 
  Observers: 
    none
  Source: (none)
  Source output name: (none)
  Release Data: Off
  Data Released: False
  Global Release Data: Off
  PipelineMTime: 0
  UpdateMTime: 1620
  RealTimeStamp: 0 seconds 
  LargestPossibleRegion: 
    Dimension: 3
    Index: [0, 0, 0]
    Size: [193, 229, 193]
  BufferedRegion: 
    Dimension: 3
    Index: [0, 0, 0]
    Size: [193, 229, 193]
  RequestedRegion: 
    Dimension: 3
    Index: [0, 0, 0]
    Size: [193, 229, 193]
  Spacing: [1, 1, 1]
  Origin: [96, 132, -78]
  Direction: 
-1 0 0
0 -1 0
0 0 1

  IndexToPointMatrix: 
-1 0 0
0 -1 0
0 0 1

  PointToIndexMatrix: 
-1 0 0
0 -1 0
0 0 1

  Inverse Direction: 
-1 0 0
0 -1 0
0 0 1

  PixelContainer: 
    ImportImageContainer (0x55f26130d480)
      RTTI typeinfo:   itk::ImportImageContainer<unsigned long, double>
      Reference Count: 1
      Modified Time: 1617
      Debug: Off
      Object Name: 
      Observers: 
        none
      Pointer: 0x7f0881c0a010
      Container manages memory: true
      Size: 8530021
      Capacity: 8530021

     Weighting = 1
     Sampling strategy = regular
     Number of bins = 32
     Radius = 4
     Sampling percentage  = 0.25
   Transform = Affine
     Gradient step = 0.1
     Update field sigma (voxel space) = 0
     Total field sigma (voxel space) = 0
     Update field time sigma = 0
     Total field time sigma  = 0
     Number of time indices = 0
     Number of time point samples = 0
Registration using 1 total stages.

Stage 0
  iterations = 1000x500x250x100
  convergence threshold = 1e-06
  convergence window size = 10
  number of levels = 4
  using the Mattes MI metric (number of bins = 32, weight = 1, use gradient filter = 0)
  preprocessing:  winsorizing the image intensities
  Shrink factors (level 1 out of 4): [8, 8, 8]
  Shrink factors (level 2 out of 4): [4, 4, 4]
  Shrink factors (level 3 out of 4): [2, 2, 2]
  Shrink factors (level 4 out of 4): [1, 1, 1]
  smoothing sigmas per level: [3, 2, 1, 0]
  regular sampling (percentage = 0.25)

*** Running AffineTransform registration ***

DIAGNOSTIC,Iteration,metricValue,convergenceValue,ITERATION_TIME_INDEX,SINCE_LAST
 2DIAGNOSTIC,     1, -6.246729131224e-01, 1.797693134862e+308, 1.4499e+00, 1.4499e+00, 
 2DIAGNOSTIC,     2, -6.261794800742e-01, 1.797693134862e+308, 1.4607e+00, 1.0815e-02, 
 2DIAGNOSTIC,     3, -6.295940548933e-01, 1.797693134862e+308, 1.4714e+00, 1.0659e-02, 
 2DIAGNOSTIC,     4, -6.350105447617e-01, 1.797693134862e+308, 1.4820e+00, 1.0567e-02, 
 2DIAGNOSTIC,     5, -6.437849105109e-01, 1.797693134862e+308, 1.4924e+00, 1.0465e-02, 
 2DIAGNOSTIC,     6, -6.550020975988e-01, 1.797693134862e+308, 1.5028e+00, 1.0402e-02, 
 2DIAGNOSTIC,     7, -6.725272820204e-01, 1.797693134862e+308, 1.5134e+00, 1.0543e-02, 
 2DIAGNOSTIC,     8, -6.952719177834e-01, 1.797693134862e+308, 1.5253e+00, 1.1941e-02, 
 2DIAGNOSTIC,     9, -7.140245588675e-01, 1.797693134862e+308, 1.5427e+00, 1.7400e-02, 
 2DIAGNOSTIC,    10, -7.155696276095e-01, 1.002414943069e-02, 1.5543e+00, 1.1579e-02, 
 2DIAGNOSTIC,    11, -7.214720428439e-01, 9.801158918868e-03, 1.5647e+00, 1.0434e-02, 
 2DIAGNOSTIC,    12, -7.249562939950e-01, 8.912250044177e-03, 1.5764e+00, 1.1682e-02, 
 2DIAGNOSTIC,    13, -7.287706354232e-01, 7.588537234476e-03, 1.5893e+00, 1.2924e-02, 
 2DIAGNOSTIC,    14, -7.292134855393e-01, 5.950877677032e-03, 1.5996e+00, 1.0299e-02, 
 2DIAGNOSTIC,    15, -7.295347201764e-01, 4.264521125149e-03, 1.6123e+00, 1.2707e-02, 
 2DIAGNOSTIC,    16, -7.298628498842e-01, 2.712497507360e-03, 1.6251e+00, 1.2771e-02, 
 2DIAGNOSTIC,    17, -7.298372054492e-01, 1.518325771081e-03, 1.6354e+00, 1.0269e-02, 
 2DIAGNOSTIC,    18, -7.301030503448e-01, 8.393632986274e-04, 1.6456e+00, 1.0281e-02, 
 2DIAGNOSTIC,    19, -7.302017728771e-01, 5.665332331875e-04, 1.6571e+00, 1.1464e-02, 
 2DIAGNOSTIC,    20, -7.303359298969e-01, 3.028772540862e-04, 1.6674e+00, 1.0311e-02, 
 2DIAGNOSTIC,    21, -7.305426419317e-01, 1.552635035978e-04, 1.6792e+00, 1.1769e-02, 
 2DIAGNOSTIC,    22, -7.317239949159e-01, 9.180313439891e-05, 1.6920e+00, 1.2842e-02, 
 2DIAGNOSTIC,    23, -7.327249712734e-01, 1.100748037455e-04, 1.7035e+00, 1.1513e-02, 
 2DIAGNOSTIC,    24, -7.334110303021e-01, 1.353216814243e-04, 1.7188e+00, 1.5279e-02, 
 2DIAGNOSTIC,    25, -7.336170048205e-01, 1.544844966228e-04, 1.7297e+00, 1.0901e-02, 
 2DIAGNOSTIC,    26, -7.338123874803e-01, 1.661077698287e-04, 1.7417e+00, 1.1936e-02, 
 2DIAGNOSTIC,    27, -7.339059890794e-01, 1.620391458294e-04, 1.7545e+00, 1.2790e-02, 
 2DIAGNOSTIC,    28, -7.338380310774e-01, 1.457047156990e-04, 1.7658e+00, 1.1378e-02, 
 2DIAGNOSTIC,    29, -7.336661544137e-01, 1.160080418916e-04, 1.7772e+00, 1.1356e-02, 
 2DIAGNOSTIC,    30, -7.335922265248e-01, 7.863765080269e-05, 1.7873e+00, 1.0126e-02, 
 2DIAGNOSTIC,    31, -7.335365237005e-01, 3.817897132825e-05, 1.7974e+00, 1.0088e-02, 
 2DIAGNOSTIC,    32, -7.336104567572e-01, 1.227743461935e-05, 1.8075e+00, 1.0098e-02, 
DIAGNOSTIC,Iteration,metricValue,convergenceValue,ITERATION_TIME_INDEX,SINCE_LAST
 2DIAGNOSTIC,     1, -6.137414175360e-01, 1.797693134862e+308, 3.3554e+00, 1.5479e+00, 
 2DIAGNOSTIC,     2, -6.141048462990e-01, 1.797693134862e+308, 3.4660e+00, 1.1066e-01, 
 2DIAGNOSTIC,     3, -6.146422688787e-01, 1.797693134862e+308, 3.5769e+00, 1.1089e-01, 
 2DIAGNOSTIC,     4, -6.152230561940e-01, 1.797693134862e+308, 3.6879e+00, 1.1097e-01, 
 2DIAGNOSTIC,     5, -6.159647550902e-01, 1.797693134862e+308, 3.8004e+00, 1.1249e-01, 
 2DIAGNOSTIC,     6, -6.168877005451e-01, 1.797693134862e+308, 3.9268e+00, 1.2644e-01, 
 2DIAGNOSTIC,     7, -6.178873657828e-01, 1.797693134862e+308, 4.0827e+00, 1.5588e-01, 
 2DIAGNOSTIC,     8, -6.183047082659e-01, 1.797693134862e+308, 4.1935e+00, 1.1083e-01, 
 2DIAGNOSTIC,     9, -6.188464394203e-01, 1.797693134862e+308, 4.3046e+00, 1.1110e-01, 
 2DIAGNOSTIC,    10, -6.202062259195e-01, 6.749979503942e-04, 4.4613e+00, 1.5663e-01, 
 2DIAGNOSTIC,    11, -6.209804406916e-01, 6.535689861800e-04, 4.5725e+00, 1.1125e-01, 
 2DIAGNOSTIC,    12, -6.213186347629e-01, 6.037327523108e-04, 4.6839e+00, 1.1141e-01, 
 2DIAGNOSTIC,    13, -6.219589393170e-01, 5.495848158256e-04, 4.8258e+00, 1.4183e-01, 
 2DIAGNOSTIC,    14, -6.224382392973e-01, 4.879763210303e-04, 4.9372e+00, 1.1146e-01, 
 2DIAGNOSTIC,    15, -6.235126546477e-01, 4.448127072386e-04, 5.0641e+00, 1.2683e-01, 
 2DIAGNOSTIC,    16, -6.250181955318e-01, 4.347656593052e-04, 5.2213e+00, 1.5722e-01, 
 2DIAGNOSTIC,    17, -6.256808045780e-01, 4.305013766004e-04, 5.3331e+00, 1.1179e-01, 
 2DIAGNOSTIC,    18, -6.326359472194e-01, 5.750742826790e-04, 5.4602e+00, 1.2713e-01, 
 2DIAGNOSTIC,    19, -6.367252806303e-01, 7.574758056673e-04, 5.5719e+00, 1.1173e-01, 
 2DIAGNOSTIC,    20, -6.389712111062e-01, 9.320374710189e-04, 5.6834e+00, 1.1150e-01, 
 2DIAGNOSTIC,    21, -6.480701662374e-01, 1.218319523338e-03, 5.8102e+00, 1.2674e-01, 
 2DIAGNOSTIC,    22, -6.556844107750e-01, 1.523692181352e-03, 5.9671e+00, 1.5695e-01, 
 2DIAGNOSTIC,    23, -6.593953794639e-01, 1.740981938837e-03, 6.0797e+00, 1.1258e-01, 
 2DIAGNOSTIC,    24, -6.612485085812e-01, 1.820874440673e-03, 6.1914e+00, 1.1169e-01, 
 2DIAGNOSTIC,    25, -6.637363463355e-01, 1.789600199083e-03, 6.3329e+00, 1.4153e-01, 
 2DIAGNOSTIC,    26, -6.645620702336e-01, 1.632553586402e-03, 6.4592e+00, 1.2627e-01, 
 2DIAGNOSTIC,    27, -6.655104918316e-01, 1.356951843434e-03, 6.6002e+00, 1.4099e-01, 
 2DIAGNOSTIC,    28, -6.672910479587e-01, 1.114166117663e-03, 6.7115e+00, 1.1134e-01, 
 2DIAGNOSTIC,    29, -6.681110065583e-01, 8.613018623458e-04, 6.8230e+00, 1.1151e-01, 
 2DIAGNOSTIC,    30, -6.689760464297e-01, 5.891560864790e-04, 6.9645e+00, 1.4151e-01, 
 2DIAGNOSTIC,    31, -6.695863763712e-01, 4.175236343125e-04, 7.0759e+00, 1.1141e-01, 
 2DIAGNOSTIC,    32, -6.701782662202e-01, 3.312196304988e-04, 7.2022e+00, 1.2631e-01, 
 2DIAGNOSTIC,    33, -6.711490348696e-01, 2.817182253459e-04, 7.3581e+00, 1.5586e-01, 
 2DIAGNOSTIC,    34, -6.716731444230e-01, 2.386849467145e-04, 7.4691e+00, 1.1103e-01, 
 2DIAGNOSTIC,    35, -6.719057983932e-01, 2.102140296026e-04, 7.5804e+00, 1.1123e-01, 
 2DIAGNOSTIC,    36, -6.723593074821e-01, 1.793640103756e-04, 7.7065e+00, 1.2609e-01, 
 2DIAGNOSTIC,    37, -6.725570265865e-01, 1.464766124113e-04, 7.8326e+00, 1.2616e-01, 
 2DIAGNOSTIC,    38, -6.727580187303e-01, 1.243704991972e-04, 7.9589e+00, 1.2624e-01, 
 2DIAGNOSTIC,    39, -6.731880181406e-01, 1.056493039339e-04, 8.0701e+00, 1.1129e-01, 
 2DIAGNOSTIC,    40, -6.733414653594e-01, 8.905539061973e-05, 8.1811e+00, 1.1098e-01, 
 2DIAGNOSTIC,    41, -6.736543761797e-01, 7.479516128707e-05, 8.3365e+00, 1.5538e-01, 
 2DIAGNOSTIC,    42, -6.738477467273e-01, 6.216635096067e-05, 8.4469e+00, 1.1039e-01, 
 2DIAGNOSTIC,    43, -6.739118677324e-01, 5.477198643373e-05, 8.5576e+00, 1.1067e-01, 
 2DIAGNOSTIC,    44, -6.740701363066e-01, 4.937220620789e-05, 8.6685e+00, 1.1092e-01, 
 2DIAGNOSTIC,    45, -6.744021723939e-01, 4.495230104409e-05, 8.7793e+00, 1.1082e-01, 
 2DIAGNOSTIC,    46, -6.745955962283e-01, 4.258121532225e-05, 8.9500e+00, 1.7068e-01, 
 2DIAGNOSTIC,    47, -6.746392767953e-01, 3.854467660835e-05, 9.0604e+00, 1.1045e-01, 
 2DIAGNOSTIC,    48, -6.746655453673e-01, 3.312190991977e-05, 9.1851e+00, 1.2470e-01, 
 2DIAGNOSTIC,    49, -6.748749762058e-01, 3.054172665331e-05, 9.2948e+00, 1.0965e-01, 
 2DIAGNOSTIC,    50, -6.754832423516e-01, 3.171121280601e-05, 9.6092e+00, 3.1447e-01, 
 2DIAGNOSTIC,    51, -6.754930981847e-01, 3.243859246438e-05, 9.7208e+00, 1.1150e-01, 
 2DIAGNOSTIC,    52, -6.754844924387e-01, 3.176028265656e-05, 9.8306e+00, 1.0986e-01, 
 2DIAGNOSTIC,    53, -6.754894678317e-01, 2.878649021926e-05, 9.9391e+00, 1.0846e-01, 
 2DIAGNOSTIC,    54, -6.754975323404e-01, 2.446605728409e-05, 1.0047e+01, 1.0795e-01, 
 2DIAGNOSTIC,    55, -6.755102855458e-01, 2.062183602975e-05, 1.0171e+01, 1.2438e-01, 
 2DIAGNOSTIC,    56, -6.755007020793e-01, 1.642484339493e-05, 1.0282e+01, 1.1064e-01, 
 2DIAGNOSTIC,    57, -6.755214397220e-01, 1.144470283356e-05, 1.0408e+01, 1.2574e-01, 
 2DIAGNOSTIC,    58, -6.755228513554e-01, 5.812103188497e-06, 1.0561e+01, 1.5280e-01, 
 2DIAGNOSTIC,    59, -6.755180019886e-01, 1.249158363272e-06, 1.0686e+01, 1.2520e-01, 
 2DIAGNOSTIC,    60, -6.755036274813e-01, 1.074051645577e-06, 1.0796e+01, 1.1034e-01, 
 2DIAGNOSTIC,    61, -6.755166435918e-01, 1.022944501952e-06, 1.0923e+01, 1.2724e-01, 
DIAGNOSTIC,Iteration,metricValue,convergenceValue,ITERATION_TIME_INDEX,SINCE_LAST
 2DIAGNOSTIC,     1, -5.709128585516e-01, 1.797693134862e+308, 1.3258e+01, 2.3350e+00, 
 2DIAGNOSTIC,     2, -5.712740769304e-01, 1.797693134862e+308, 1.3986e+01, 7.2717e-01, 
 2DIAGNOSTIC,     3, -5.716622901154e-01, 1.797693134862e+308, 1.4711e+01, 7.2578e-01, 
 2DIAGNOSTIC,     4, -5.720291519452e-01, 1.797693134862e+308, 1.5545e+01, 8.3366e-01, 
 2DIAGNOSTIC,     5, -5.724459608987e-01, 1.797693134862e+308, 1.6569e+01, 1.0241e+00, 
 2DIAGNOSTIC,     6, -5.724485548005e-01, 1.797693134862e+308, 1.7397e+01, 8.2819e-01, 
 2DIAGNOSTIC,     7, -5.724499817195e-01, 1.797693134862e+308, 1.8324e+01, 9.2711e-01, 
 2DIAGNOSTIC,     8, -5.724521302967e-01, 1.797693134862e+308, 1.9360e+01, 1.0353e+00, 
 2DIAGNOSTIC,     9, -5.724513031569e-01, 1.797693134862e+308, 2.0091e+01, 7.3173e-01, 
 2DIAGNOSTIC,    10, -5.724514311813e-01, 1.680487744477e-04, 2.1118e+01, 1.0267e+00, 
 2DIAGNOSTIC,    11, -5.724510833431e-01, 1.007124633149e-04, 2.1960e+01, 8.4169e-01, 
 2DIAGNOSTIC,    12, -5.724493208638e-01, 5.071718613507e-05, 2.2690e+01, 7.3016e-01, 
 2DIAGNOSTIC,    13, -5.724479007655e-01, 1.864964736156e-05, 2.3518e+01, 8.2776e-01, 
 2DIAGNOSTIC,    14, -5.724486373338e-01, 2.314890567776e-06, 2.4247e+01, 7.2888e-01, 
 2DIAGNOSTIC,    15, -5.724487229266e-01, 1.957410901379e-06, 2.5080e+01, 8.3305e-01, 
 2DIAGNOSTIC,    16, -5.724497742475e-01, 1.771821347307e-06, 2.5811e+01, 7.3099e-01, 
 2DIAGNOSTIC,    17, -5.724503894540e-01, 1.686262782269e-06, 2.6643e+01, 8.3254e-01, 
 2DIAGNOSTIC,    18, -5.724520964878e-01, 1.734960639412e-06, 2.7481e+01, 8.3813e-01, 
 2DIAGNOSTIC,    19, -5.724514827981e-01, 1.742134741044e-06, 2.8316e+01, 8.3440e-01, 
 2DIAGNOSTIC,    20, -5.724513999490e-01, 1.743594550366e-06, 2.9053e+01, 7.3764e-01, 
 2DIAGNOSTIC,    21, -5.724520274559e-01, 1.738449858582e-06, 2.9784e+01, 7.3021e-01, 
 2DIAGNOSTIC,    22, -5.724515126998e-01, 1.661556857636e-06, 3.0708e+01, 9.2487e-01, 
 2DIAGNOSTIC,    23, -5.724527892934e-01, 1.567884823174e-06, 3.1551e+01, 8.4229e-01, 
 2DIAGNOSTIC,    24, -5.724517940799e-01, 1.459216886025e-06, 3.2292e+01, 7.4115e-01, 
 2DIAGNOSTIC,    25, -5.724527924550e-01, 1.369080256150e-06, 3.3132e+01, 8.3979e-01, 
 2DIAGNOSTIC,    26, -5.724520693525e-01, 1.282417776423e-06, 3.3971e+01, 8.3940e-01, 
 2DIAGNOSTIC,    27, -5.724527505142e-01, 1.219766402313e-06, 3.4806e+01, 8.3538e-01, 
 2DIAGNOSTIC,    28, -5.724530144193e-01, 1.192633670932e-06, 3.5632e+01, 8.2518e-01, 
 2DIAGNOSTIC,    29, -5.724540570520e-01, 1.169378238054e-06, 3.6557e+01, 9.2506e-01, 
 2DIAGNOSTIC,    30, -5.724537754869e-01, 1.134328067955e-06, 3.7397e+01, 8.3994e-01, 
 2DIAGNOSTIC,    31, -5.724520523911e-01, 1.077725761085e-06, 3.8129e+01, 7.3192e-01, 
 2DIAGNOSTIC,    32, -5.724529720694e-01, 1.026399873948e-06, 3.8858e+01, 7.2983e-01, 
 2DIAGNOSTIC,    33, -5.724545281171e-01, 1.017254259078e-06, 3.9684e+01, 8.2580e-01, 
 2DIAGNOSTIC,    34, -5.724563800535e-01, 1.014578353879e-06, 4.0410e+01, 7.2568e-01, 
 2DIAGNOSTIC,    35, -5.724583227827e-01, 1.046597728618e-06, 4.1137e+01, 7.2682e-01, 
 2DIAGNOSTIC,    36, -5.724577599133e-01, 1.046286352165e-06, 4.1975e+01, 8.3815e-01, 
 2DIAGNOSTIC,    37, -5.724604509603e-01, 1.076523418447e-06, 4.2711e+01, 7.3663e-01, 
 2DIAGNOSTIC,    38, -5.724628531800e-01, 1.117413376338e-06, 4.3546e+01, 8.3431e-01, 
 2DIAGNOSTIC,    39, -5.724640293337e-01, 1.156641151207e-06, 4.4372e+01, 8.2589e-01, 
 2DIAGNOSTIC,    40, -5.724614835525e-01, 1.127389068406e-06, 4.5096e+01, 7.2384e-01, 
 2DIAGNOSTIC,    41, -5.724629206463e-01, 1.066122603543e-06, 4.6012e+01, 9.1640e-01, 
DIAGNOSTIC,Iteration,metricValue,convergenceValue,ITERATION_TIME_INDEX,SINCE_LAST
 2DIAGNOSTIC,     1, -5.085549308718e-01, 1.797693134862e+308, 5.2014e+01, 6.0020e+00, 
 2DIAGNOSTIC,     2, -5.088197631490e-01, 1.797693134862e+308, 5.6854e+01, 4.8400e+00, 
 2DIAGNOSTIC,     3, -5.090560738803e-01, 1.797693134862e+308, 6.1693e+01, 4.8395e+00, 
 2DIAGNOSTIC,     4, -5.092980488806e-01, 1.797693134862e+308, 6.6533e+01, 4.8393e+00, 
 2DIAGNOSTIC,     5, -5.094985477502e-01, 1.797693134862e+308, 7.1364e+01, 4.8310e+00, 
 2DIAGNOSTIC,     6, -5.097522504375e-01, 1.797693134862e+308, 7.8547e+01, 7.1837e+00, 
 2DIAGNOSTIC,     7, -5.097699139940e-01, 1.797693134862e+308, 8.3964e+01, 5.4164e+00, 
 2DIAGNOSTIC,     8, -5.097678153280e-01, 1.797693134862e+308, 9.1148e+01, 7.1845e+00, 
 2DIAGNOSTIC,     9, -5.097679738204e-01, 1.797693134862e+308, 9.6562e+01, 5.4138e+00, 
 2DIAGNOSTIC,    10, -5.097679060548e-01, 1.595833315375e-04, 1.0491e+02, 8.3513e+00, 
 2DIAGNOSTIC,    11, -5.097679366403e-01, 1.057772036931e-04, 1.1033e+02, 5.4142e+00, 
 2DIAGNOSTIC,    12, -5.097678475944e-01, 6.394191292174e-05, 1.1573e+02, 5.4058e+00, 
 2DIAGNOSTIC,    13, -5.097677856027e-01, 3.313245562024e-05, 1.2172e+02, 5.9912e+00, 
 2DIAGNOSTIC,    14, -5.097677624751e-01, 1.348448779664e-05, 1.2712e+02, 5.3995e+00, 
 2DIAGNOSTIC,    15, -5.097676208994e-01, 2.620572465875e-06, 1.3194e+02, 4.8135e+00, 
 2DIAGNOSTIC,    16, -5.097675456738e-01, 1.892874353232e-06, 1.3733e+02, 5.3970e+00, 
 2DIAGNOSTIC,    17, -5.097675389396e-01, 1.841042628646e-06, 1.4273e+02, 5.4000e+00, 
 2DIAGNOSTIC,    18, -5.097675684809e-01, 1.733514848334e-06, 1.4813e+02, 5.3981e+00, 
 2DIAGNOSTIC,    19, -5.097676601218e-01, 1.647836240216e-06, 1.5411e+02, 5.9811e+00, 
 2DIAGNOSTIC,    20, -5.097675063038e-01, 1.566986262046e-06, 1.6010e+02, 5.9852e+00, 
 2DIAGNOSTIC,    21, -5.097674209310e-01, 1.494872059228e-06, 1.6549e+02, 5.3936e+00, 
 2DIAGNOSTIC,    22, -5.097673355748e-01, 1.426838795088e-06, 1.7030e+02, 4.8085e+00, 
 2DIAGNOSTIC,    23, -5.097672733455e-01, 1.363437402209e-06, 1.7570e+02, 5.3961e+00, 
 2DIAGNOSTIC,    24, -5.097674595173e-01, 1.311017883039e-06, 1.8050e+02, 4.8077e+00, 
 2DIAGNOSTIC,    25, -5.097674550956e-01, 1.260872764988e-06, 1.8590e+02, 5.3924e+00, 
 2DIAGNOSTIC,    26, -5.097674996062e-01, 1.215168096827e-06, 1.9070e+02, 4.8073e+00, 
 2DIAGNOSTIC,    27, -5.097677746732e-01, 1.179234271335e-06, 1.9610e+02, 5.3976e+00, 
 2DIAGNOSTIC,    28, -5.097679839040e-01, 1.150298607561e-06, 2.0150e+02, 5.3968e+00, 
 2DIAGNOSTIC,    29, -5.097680738516e-01, 1.125479526680e-06, 2.0747e+02, 5.9705e+00, 
 2DIAGNOSTIC,    30, -5.097681328119e-01, 1.097949840725e-06, 2.1286e+02, 5.3895e+00, 
 2DIAGNOSTIC,    31, -5.097680097656e-01, 1.065014223312e-06, 2.1806e+02, 5.2050e+00, 
 2DIAGNOSTIC,    32, -5.097679087453e-01, 1.027297874712e-06, 2.2299e+02, 4.9248e+00, 
  Elapsed time (stage 0): 2.2587e+02


Total elapsed time: 2.2587e+02
-i /mnt/lustre/mathdugre/fast-interpolate/datasets/ds004513/derivatives/flint/ants/flint-vprec-single/sub-s028/ses-open/anat/0/1_Rigid.nii.gz -o /mnt/lustre/mathdugre/fast-interpolate/datasets/ds004513/derivatives/flint/ants/flint-vprec-single/sub-s028/ses-open/anat/00/1_transformed.nii.gz -t /mnt/lustre/mathdugre/fast-interpolate/datasets/ds004513/derivatives/flint/ants/flint-vprec-single/sub-s028/ses-open/anat/00/1_0GenericAffine.mat
