---------------------
Experiment information

SIF_IMG: /mnt/lustre/mathdugre/containers/ants-flint-base.simg
SIF_IMG_BASE: /mnt/lustre/mathdugre/containers/ants-flint-base.simg
EXPERIMENT_NAME: flint-vprec-single-five-levels
STAGE: syn
SUBJECT_ID: s035
REPETITION_ID: 1

FIXED_IMG: /templateflow/tpl-MNI152NLin2009cAsym/tpl-MNI152NLin2009cAsym_res-01_desc-brain_T1w.nii.gz
INPUT_IMG: /mnt/lustre/mathdugre/fast-interpolate/datasets/ds004513/derivatives/flint/ants/flint-vprec-single-five-levels/sub-s035/ses-open/anat/11/1_Affine.nii.gz

DATA_DIR: /mnt/lustre/mathdugre/fast-interpolate/datasets/ds004513
OUTPUT_DIR: /mnt/lustre/mathdugre/fast-interpolate/datasets/ds004513/derivatives/flint/ants/flint-vprec-single-five-levels/sub-s035/ses-open/anat
OUTPUT_PREFIX: 110
THREAD: 1
FLOAT: 0
VFC_BACKENDS: ieee
---------------------

--output [/mnt/lustre/mathdugre/fast-interpolate/datasets/ds004513/derivatives/flint/ants/flint-vprec-single-five-levels/sub-s035/ses-open/anat/110/1_,/mnt/lustre/mathdugre/fast-interpolate/datasets/ds004513/derivatives/flint/ants/flint-vprec-single-five-levels/sub-s035/ses-open/anat/110/1_Warped.nii.gz,/mnt/lustre/mathdugre/fast-interpolate/datasets/ds004513/derivatives/flint/ants/flint-vprec-single-five-levels/sub-s035/ses-open/anat/110/1_InverseSyN.nii.gz] --initial-moving-transform [/templateflow/tpl-MNI152NLin2009cAsym/tpl-MNI152NLin2009cAsym_res-01_desc-brain_T1w.nii.gz,/mnt/lustre/mathdugre/fast-interpolate/datasets/ds004513/derivatives/flint/ants/flint-vprec-single-five-levels/sub-s035/ses-open/anat/11/1_Affine.nii.gz,1] --transform SyN[ 0.1,3,0 ] --metric CC[/templateflow/tpl-MNI152NLin2009cAsym/tpl-MNI152NLin2009cAsym_res-01_desc-brain_T1w.nii.gz,/mnt/lustre/mathdugre/fast-interpolate/datasets/ds004513/derivatives/flint/ants/flint-vprec-single-five-levels/sub-s035/ses-open/anat/11/1_Affine.nii.gz,1,4] --convergence [100x100x70x50x20,1e-6,10] --shrink-factors 16x8x4x2x1 --smoothing-sigmas 4x3x2x1x0vox
All_Command_lines_OK
Using double precision for computations.
=============================================================================
The composite transform comprises the following transforms (in order): 
  1. Center of mass alignment using fixed image: /templateflow/tpl-MNI152NLin2009cAsym/tpl-MNI152NLin2009cAsym_res-01_desc-brain_T1w.nii.gz and moving image: /mnt/lustre/mathdugre/fast-interpolate/datasets/ds004513/derivatives/flint/ants/flint-vprec-single-five-levels/sub-s035/ses-open/anat/11/1_Affine.nii.gz (type = Euler3DTransform)
=============================================================================
  number of levels = 5
  fixed image: /templateflow/tpl-MNI152NLin2009cAsym/tpl-MNI152NLin2009cAsym_res-01_desc-brain_T1w.nii.gz
  moving image: /mnt/lustre/mathdugre/fast-interpolate/datasets/ds004513/derivatives/flint/ants/flint-vprec-single-five-levels/sub-s035/ses-open/anat/11/1_Affine.nii.gz
Dimension = 3
Number of stages = 1
Use histogram matching = false
Winsorize image intensities = true
  Lower quantile = 0.005
  Upper quantile = 0.995


Stage 1 State
   Image metric = CC
     Fixed image = Image (0x5648200c7d90)
  RTTI typeinfo:   itk::Image<double, 3u>
  Reference Count: 2
  Modified Time: 1622
  Debug: Off
  Object Name: 
  Observers: 
    none
  Source: (none)
  Source output name: (none)
  Release Data: Off
  Data Released: False
  Global Release Data: Off
  PipelineMTime: 0
  UpdateMTime: 1407
  RealTimeStamp: 0 seconds 
  LargestPossibleRegion: 
    Dimension: 3
    Index: [0, 0, 0]
    Size: [193, 229, 193]
  BufferedRegion: 
    Dimension: 3
    Index: [0, 0, 0]
    Size: [193, 229, 193]
  RequestedRegion: 
    Dimension: 3
    Index: [0, 0, 0]
    Size: [193, 229, 193]
  Spacing: [1, 1, 1]
  Origin: [96, 132, -78]
  Direction: 
-1 0 0
0 -1 0
0 0 1

  IndexToPointMatrix: 
-1 0 0
0 -1 0
0 0 1

  PointToIndexMatrix: 
-1 0 0
0 -1 0
0 0 1

  Inverse Direction: 
-1 0 0
0 -1 0
0 0 1

  PixelContainer: 
    ImportImageContainer (0x5648200d6250)
      RTTI typeinfo:   itk::ImportImageContainer<unsigned long, double>
      Reference Count: 1
      Modified Time: 1404
      Debug: Off
      Object Name: 
      Observers: 
        none
      Pointer: 0x7fe6ef753010
      Container manages memory: true
      Size: 8530021
      Capacity: 8530021

     Moving image = Image (0x5648200ce1f0)
  RTTI typeinfo:   itk::Image<double, 3u>
  Reference Count: 2
  Modified Time: 1623
  Debug: Off
  Object Name: 
  Observers: 
    none
  Source: (none)
  Source output name: (none)
  Release Data: Off
  Data Released: False
  Global Release Data: Off
  PipelineMTime: 0
  UpdateMTime: 1620
  RealTimeStamp: 0 seconds 
  LargestPossibleRegion: 
    Dimension: 3
    Index: [0, 0, 0]
    Size: [193, 229, 193]
  BufferedRegion: 
    Dimension: 3
    Index: [0, 0, 0]
    Size: [193, 229, 193]
  RequestedRegion: 
    Dimension: 3
    Index: [0, 0, 0]
    Size: [193, 229, 193]
  Spacing: [1, 1, 1]
  Origin: [96, 132, -78]
  Direction: 
-1 0 0
0 -1 0
0 0 1

  IndexToPointMatrix: 
-1 0 0
0 -1 0
0 0 1

  PointToIndexMatrix: 
-1 0 0
0 -1 0
0 0 1

  Inverse Direction: 
-1 0 0
0 -1 0
0 0 1

  PixelContainer: 
    ImportImageContainer (0x5648200daa60)
      RTTI typeinfo:   itk::ImportImageContainer<unsigned long, double>
      Reference Count: 1
      Modified Time: 1617
      Debug: Off
      Object Name: 
      Observers: 
        none
      Pointer: 0x7fe6eb63e010
      Container manages memory: true
      Size: 8530021
      Capacity: 8530021

     Weighting = 1
     Sampling strategy = none
     Number of bins = 32
     Radius = 4
     Sampling percentage  = 1
   Transform = SyN
     Gradient step = 0.1
     Update field sigma (voxel space) = 3
     Total field sigma (voxel space) = 0
     Update field time sigma = 0
     Total field time sigma  = 0
     Number of time indices = 0
     Number of time point samples = 0
Registration using 1 total stages.

Stage 0
  iterations = 100x100x70x50x20
  convergence threshold = 1e-06
  convergence window size = 10
  number of levels = 5
  using the CC metric (radius = 4, weight = 1, use gradient filter = 0)
  preprocessing:  winsorizing the image intensities
  Shrink factors (level 1 out of 5): [16, 16, 16]
  Shrink factors (level 2 out of 5): [8, 8, 8]
  Shrink factors (level 3 out of 5): [4, 4, 4]
  Shrink factors (level 4 out of 5): [2, 2, 2]
  Shrink factors (level 5 out of 5): [1, 1, 1]
  smoothing sigmas per level: [4, 3, 2, 1, 0]
  Using default NONE metricSamplingStrategy 

*** Running SyN registration (varianceForUpdateField = 3, varianceForTotalField = 0) ***

XXDIAGNOSTIC,Iteration,metricValue,convergenceValue,ITERATION_TIME_INDEX,SINCE_LAST
 1DIAGNOSTIC,     1, -9.208960685191e-01, 1.797693134862e+308, 1.5129e+00, 1.5129e+00, 
 1DIAGNOSTIC,     2, -9.335926951257e-01, 1.797693134862e+308, 1.6020e+00, 8.9125e-02, 
 1DIAGNOSTIC,     3, -9.407016439096e-01, 1.797693134862e+308, 1.6906e+00, 8.8583e-02, 
 1DIAGNOSTIC,     4, -9.442980914852e-01, 1.797693134862e+308, 1.7790e+00, 8.8374e-02, 
 1DIAGNOSTIC,     5, -9.464703053142e-01, 1.797693134862e+308, 1.8676e+00, 8.8606e-02, 
 1DIAGNOSTIC,     6, -9.477824019450e-01, 1.797693134862e+308, 1.9562e+00, 8.8678e-02, 
 1DIAGNOSTIC,     7, -9.485844736089e-01, 1.797693134862e+308, 2.0452e+00, 8.8982e-02, 
 1DIAGNOSTIC,     8, -9.491127495770e-01, 1.797693134862e+308, 2.1344e+00, 8.9145e-02, 
 1DIAGNOSTIC,     9, -9.494276904487e-01, 1.797693134862e+308, 2.2234e+00, 8.8988e-02, 
 1DIAGNOSTIC,    10, -9.496816331222e-01, 1.532417941391e-03, 2.3125e+00, 8.9169e-02, 
 1DIAGNOSTIC,    11, -9.498947792052e-01, 8.000437640611e-04, 2.4016e+00, 8.9077e-02, 
 1DIAGNOSTIC,    12, -9.500807749888e-01, 4.385763821019e-04, 2.4908e+00, 8.9168e-02, 
 1DIAGNOSTIC,    13, -9.502521215079e-01, 2.606258123774e-04, 2.5800e+00, 8.9215e-02, 
 1DIAGNOSTIC,    14, -9.504184186592e-01, 1.647438458378e-04, 2.6691e+00, 8.9131e-02, 
 1DIAGNOSTIC,    15, -9.505714653820e-01, 1.129795979132e-04, 2.7582e+00, 8.9090e-02, 
 1DIAGNOSTIC,    16, -9.507132458560e-01, 8.455587801005e-05, 2.8476e+00, 8.9395e-02, 
 1DIAGNOSTIC,    17, -9.508449320609e-01, 6.819490505422e-05, 2.9368e+00, 8.9194e-02, 
 1DIAGNOSTIC,    18, -9.509686711253e-01, 5.830948154886e-05, 3.0260e+00, 8.9155e-02, 
 1DIAGNOSTIC,    19, -9.510807635873e-01, 5.089523085063e-05, 3.1151e+00, 8.9169e-02, 
 1DIAGNOSTIC,    20, -9.511831715743e-01, 4.493591804754e-05, 3.2039e+00, 8.8816e-02, 
 1DIAGNOSTIC,    21, -9.512766482062e-01, 3.984070184277e-05, 3.2928e+00, 8.8889e-02, 
 1DIAGNOSTIC,    22, -9.513603770738e-01, 3.526768576578e-05, 3.3818e+00, 8.8926e-02, 
 1DIAGNOSTIC,    23, -9.514342119580e-01, 3.108648352217e-05, 3.4708e+00, 8.9044e-02, 
 1DIAGNOSTIC,    24, -9.515001115016e-01, 2.733779438985e-05, 3.5600e+00, 8.9194e-02, 
 1DIAGNOSTIC,    25, -9.515586340772e-01, 2.395511189830e-05, 3.6493e+00, 8.9268e-02, 
 1DIAGNOSTIC,    26, -9.516117879942e-01, 2.092119741205e-05, 3.7383e+00, 8.9065e-02, 
 1DIAGNOSTIC,    27, -9.516618362908e-01, 1.825035033075e-05, 3.8275e+00, 8.9147e-02, 
 1DIAGNOSTIC,    28, -9.517083847543e-01, 1.596177470894e-05, 3.9164e+00, 8.8910e-02, 
 1DIAGNOSTIC,    29, -9.517515153598e-01, 1.401635916620e-05, 4.0055e+00, 8.9106e-02, 
 1DIAGNOSTIC,    30, -9.517914050738e-01, 1.238383503551e-05, 4.0951e+00, 8.9587e-02, 
 1DIAGNOSTIC,    31, -9.518286083011e-01, 1.103317549022e-05, 4.1843e+00, 8.9234e-02, 
 1DIAGNOSTIC,    32, -9.518636549087e-01, 9.917680867680e-06, 4.2736e+00, 8.9329e-02, 
 1DIAGNOSTIC,    33, -9.518970895052e-01, 8.985451592239e-06, 4.3630e+00, 8.9323e-02, 
 1DIAGNOSTIC,    34, -9.519275027490e-01, 8.184984383694e-06, 4.4521e+00, 8.9183e-02, 
 1DIAGNOSTIC,    35, -9.519559713866e-01, 7.477493273955e-06, 4.5411e+00, 8.8954e-02, 
 1DIAGNOSTIC,    36, -9.519832287887e-01, 6.845852145509e-06, 4.6299e+00, 8.8769e-02, 
 1DIAGNOSTIC,    37, -9.520087111834e-01, 6.284844599556e-06, 4.7184e+00, 8.8547e-02, 
 1DIAGNOSTIC,    38, -9.520329847412e-01, 5.788051789194e-06, 4.8075e+00, 8.9107e-02, 
 1DIAGNOSTIC,    39, -9.520558990842e-01, 5.346021614512e-06, 4.8970e+00, 8.9499e-02, 
 1DIAGNOSTIC,    40, -9.520774867056e-01, 4.948924182402e-06, 4.9861e+00, 8.9094e-02, 
 1DIAGNOSTIC,    41, -9.520976688013e-01, 4.588903150780e-06, 5.0751e+00, 8.8980e-02, 
 1DIAGNOSTIC,    42, -9.521165490179e-01, 4.261608972652e-06, 5.1640e+00, 8.8925e-02, 
 1DIAGNOSTIC,    43, -9.521340158467e-01, 3.965011913163e-06, 5.2529e+00, 8.8867e-02, 
 1DIAGNOSTIC,    44, -9.521503535410e-01, 3.687949178498e-06, 5.3417e+00, 8.8840e-02, 
 1DIAGNOSTIC,    45, -9.521660828433e-01, 3.430128447997e-06, 5.4306e+00, 8.8864e-02, 
 1DIAGNOSTIC,    46, -9.521806322013e-01, 3.191728402515e-06, 5.5195e+00, 8.8918e-02, 
 1DIAGNOSTIC,    47, -9.521941765066e-01, 2.969708269698e-06, 5.6088e+00, 8.9271e-02, 
 1DIAGNOSTIC,    48, -9.522067108892e-01, 2.764188470828e-06, 5.6979e+00, 8.9148e-02, 
 1DIAGNOSTIC,    49, -9.522181776753e-01, 2.573233530433e-06, 5.7868e+00, 8.8923e-02, 
 1DIAGNOSTIC,    50, -9.522290212039e-01, 2.397316976724e-06, 5.8758e+00, 8.8905e-02, 
 1DIAGNOSTIC,    51, -9.522389390079e-01, 2.233894471758e-06, 5.9647e+00, 8.8941e-02, 
 1DIAGNOSTIC,    52, -9.522479996137e-01, 2.081230799533e-06, 6.0536e+00, 8.8928e-02, 
 1DIAGNOSTIC,    53, -9.522562435010e-01, 1.936837150395e-06, 6.1425e+00, 8.8869e-02, 
 1DIAGNOSTIC,    54, -9.522637110730e-01, 1.799830325548e-06, 6.2312e+00, 8.8694e-02, 
 1DIAGNOSTIC,    55, -9.522707237115e-01, 1.673846246688e-06, 6.3203e+00, 8.9132e-02, 
 1DIAGNOSTIC,    56, -9.522772175366e-01, 1.558228905966e-06, 6.4094e+00, 8.9048e-02, 
 1DIAGNOSTIC,    57, -9.522833086735e-01, 1.453400230163e-06, 6.4982e+00, 8.8870e-02, 
 1DIAGNOSTIC,    58, -9.522890524378e-01, 1.359377828122e-06, 6.5871e+00, 8.8827e-02, 
 1DIAGNOSTIC,    59, -9.522944178678e-01, 1.274944020701e-06, 6.6761e+00, 8.9034e-02, 
 1DIAGNOSTIC,    60, -9.522994558924e-01, 1.200857416294e-06, 6.7651e+00, 8.9023e-02, 
 1DIAGNOSTIC,    61, -9.523039862527e-01, 1.134724566410e-06, 6.8541e+00, 8.9002e-02, 
 1DIAGNOSTIC,    62, -9.523081744679e-01, 1.074942582314e-06, 6.9431e+00, 8.8973e-02, 
 1DIAGNOSTIC,    63, -9.523120364491e-01, 1.019845814274e-06, 7.0321e+00, 8.8975e-02, 
 1DIAGNOSTIC,    64, -9.523155614434e-01, 9.676996497836e-07, 7.1213e+00, 8.9276e-02, 
XXDIAGNOSTIC,Iteration,metricValue,convergenceValue,ITERATION_TIME_INDEX,SINCE_LAST
 1DIAGNOSTIC,     1, -8.930206771753e-01, 1.797693134862e+308, 9.2812e+00, 2.1598e+00, 
 1DIAGNOSTIC,     2, -8.982183087687e-01, 1.797693134862e+308, 1.0026e+01, 7.4469e-01, 
 1DIAGNOSTIC,     3, -9.026439409409e-01, 1.797693134862e+308, 1.0774e+01, 7.4827e-01, 
 1DIAGNOSTIC,     4, -9.067694468896e-01, 1.797693134862e+308, 1.1521e+01, 7.4653e-01, 
 1DIAGNOSTIC,     5, -9.098952559723e-01, 1.797693134862e+308, 1.2270e+01, 7.4969e-01, 
 1DIAGNOSTIC,     6, -9.126169153093e-01, 1.797693134862e+308, 1.3019e+01, 7.4884e-01, 
 1DIAGNOSTIC,     7, -9.146270654571e-01, 1.797693134862e+308, 1.3768e+01, 7.4865e-01, 
 1DIAGNOSTIC,     8, -9.162176563439e-01, 1.797693134862e+308, 1.4516e+01, 7.4780e-01, 
 1DIAGNOSTIC,     9, -9.175118006544e-01, 1.797693134862e+308, 1.5267e+01, 7.5160e-01, 
 1DIAGNOSTIC,    10, -9.185102937783e-01, 1.753862443619e-03, 1.6015e+01, 7.4770e-01, 
 1DIAGNOSTIC,    11, -9.192335916555e-01, 1.300600546766e-03, 1.6765e+01, 7.4974e-01, 
 1DIAGNOSTIC,    12, -9.200184610396e-01, 9.611847696818e-04, 1.7510e+01, 7.4581e-01, 
 1DIAGNOSTIC,    13, -9.205356184441e-01, 7.047721619810e-04, 1.8259e+01, 7.4856e-01, 
 1DIAGNOSTIC,    14, -9.211608379965e-01, 5.261911729914e-04, 1.9004e+01, 7.4519e-01, 
 1DIAGNOSTIC,    15, -9.215386677980e-01, 3.954936400953e-04, 1.9753e+01, 7.4867e-01, 
 1DIAGNOSTIC,    16, -9.220501607978e-01, 3.074906164378e-04, 2.0502e+01, 7.4861e-01, 
 1DIAGNOSTIC,    17, -9.223726046590e-01, 2.439134176219e-04, 2.1249e+01, 7.4782e-01, 
 1DIAGNOSTIC,    18, -9.226217208480e-01, 1.964606047022e-04, 2.1998e+01, 7.4826e-01, 
 1DIAGNOSTIC,    19, -9.228549303306e-01, 1.607239946963e-04, 2.2746e+01, 7.4851e-01, 
 1DIAGNOSTIC,    20, -9.230721781791e-01, 1.325079992885e-04, 2.3495e+01, 7.4871e-01, 
 1DIAGNOSTIC,    21, -9.232724128418e-01, 1.082138572535e-04, 2.4244e+01, 7.4950e-01, 
 1DIAGNOSTIC,    22, -9.234575612913e-01, 8.974459503681e-05, 2.4995e+01, 7.5090e-01, 
 1DIAGNOSTIC,    23, -9.236289952777e-01, 7.377765815707e-05, 2.5747e+01, 7.5144e-01, 
 1DIAGNOSTIC,    24, -9.237898146321e-01, 6.246448990407e-05, 2.6500e+01, 7.5376e-01, 
 1DIAGNOSTIC,    25, -9.239417803031e-01, 5.274990569283e-05, 2.7252e+01, 7.5187e-01, 
 1DIAGNOSTIC,    26, -9.240873855203e-01, 4.669680774921e-05, 2.8003e+01, 7.5079e-01, 
 1DIAGNOSTIC,    27, -9.242272931857e-01, 4.206080542151e-05, 2.8750e+01, 7.4703e-01, 
 1DIAGNOSTIC,    28, -9.243617022133e-01, 3.809295286873e-05, 2.9498e+01, 7.4773e-01, 
 1DIAGNOSTIC,    29, -9.244917692163e-01, 3.474205887787e-05, 3.0250e+01, 7.5250e-01, 
 1DIAGNOSTIC,    30, -9.246192493440e-01, 3.194908744147e-05, 3.1002e+01, 7.5204e-01, 
 1DIAGNOSTIC,    31, -9.247430992656e-01, 2.960949360321e-05, 3.1752e+01, 7.4940e-01, 
 1DIAGNOSTIC,    32, -9.248627813768e-01, 2.762025868859e-05, 3.2499e+01, 7.4769e-01, 
 1DIAGNOSTIC,    33, -9.249805692689e-01, 2.590576021694e-05, 3.3250e+01, 7.5016e-01, 
 1DIAGNOSTIC,    34, -9.250951052769e-01, 2.439946670509e-05, 3.3999e+01, 7.4958e-01, 
 1DIAGNOSTIC,    35, -9.252057754390e-01, 2.304219277937e-05, 3.4749e+01, 7.4947e-01, 
 1DIAGNOSTIC,    36, -9.253134401670e-01, 2.180468594280e-05, 3.5500e+01, 7.5166e-01, 
 1DIAGNOSTIC,    37, -9.254178245155e-01, 2.065982485398e-05, 3.6253e+01, 7.5264e-01, 
 1DIAGNOSTIC,    38, -9.255197370278e-01, 1.958871004713e-05, 3.7000e+01, 7.4694e-01, 
 1DIAGNOSTIC,    39, -9.256192041810e-01, 1.858197483981e-05, 3.7746e+01, 7.4651e-01, 
 1DIAGNOSTIC,    40, -9.257166273986e-01, 1.764757260302e-05, 3.8495e+01, 7.4812e-01, 
 1DIAGNOSTIC,    41, -9.258114846392e-01, 1.677889478399e-05, 3.9241e+01, 7.4682e-01, 
 1DIAGNOSTIC,    42, -9.259039832681e-01, 1.596509832325e-05, 3.9988e+01, 7.4664e-01, 
 1DIAGNOSTIC,    43, -9.259956159206e-01, 1.522232420303e-05, 4.0733e+01, 7.4502e-01, 
 1DIAGNOSTIC,    44, -9.260870160819e-01, 1.455679007018e-05, 4.1479e+01, 7.4640e-01, 
 1DIAGNOSTIC,    45, -9.261769037313e-01, 1.395690942200e-05, 4.2227e+01, 7.4728e-01, 
 1DIAGNOSTIC,    46, -9.262649107007e-01, 1.341259901120e-05, 4.2974e+01, 7.4690e-01, 
 1DIAGNOSTIC,    47, -9.263512308357e-01, 1.291117609277e-05, 4.3722e+01, 7.4867e-01, 
 1DIAGNOSTIC,    48, -9.264351385226e-01, 1.243926639912e-05, 4.4466e+01, 7.4367e-01, 
 1DIAGNOSTIC,    49, -9.265169394952e-01, 1.198581296861e-05, 4.5209e+01, 7.4356e-01, 
 1DIAGNOSTIC,    50, -9.265974631569e-01, 1.154862490963e-05, 4.5954e+01, 7.4415e-01, 
 1DIAGNOSTIC,    51, -9.266757604261e-01, 1.111697843005e-05, 4.6698e+01, 7.4416e-01, 
 1DIAGNOSTIC,    52, -9.267521492375e-01, 1.068513789729e-05, 4.7442e+01, 7.4428e-01, 
 1DIAGNOSTIC,    53, -9.268271451724e-01, 1.026089695588e-05, 4.8186e+01, 7.4395e-01, 
 1DIAGNOSTIC,    54, -9.269006115411e-01, 9.855167787030e-06, 4.8930e+01, 7.4398e-01, 
 1DIAGNOSTIC,    55, -9.269725872025e-01, 9.470871035026e-06, 4.9674e+01, 7.4357e-01, 
 1DIAGNOSTIC,    56, -9.270429128617e-01, 9.107222518300e-06, 5.0417e+01, 7.4374e-01, 
 1DIAGNOSTIC,    57, -9.271121137517e-01, 8.766923579803e-06, 5.1162e+01, 7.4446e-01, 
 1DIAGNOSTIC,    58, -9.271796329158e-01, 8.444447197328e-06, 5.1909e+01, 7.4772e-01, 
 1DIAGNOSTIC,    59, -9.272460952104e-01, 8.138870970630e-06, 5.2660e+01, 7.5045e-01, 
 1DIAGNOSTIC,    60, -9.273115757311e-01, 7.853533782659e-06, 5.3412e+01, 7.5180e-01, 
 1DIAGNOSTIC,    61, -9.273789900316e-01, 7.600483264068e-06, 5.4159e+01, 7.4748e-01, 
 1DIAGNOSTIC,    62, -9.274425126784e-01, 7.360943918500e-06, 5.4904e+01, 7.4509e-01, 
 1DIAGNOSTIC,    63, -9.275049606186e-01, 7.134150726455e-06, 5.5652e+01, 7.4780e-01, 
 1DIAGNOSTIC,    64, -9.275666454162e-01, 6.919224376019e-06, 5.6402e+01, 7.5003e-01, 
 1DIAGNOSTIC,    65, -9.276271035548e-01, 6.712478037078e-06, 5.7155e+01, 7.5285e-01, 
 1DIAGNOSTIC,    66, -9.276869232710e-01, 6.512414274115e-06, 5.7905e+01, 7.5010e-01, 
 1DIAGNOSTIC,    67, -9.277439045306e-01, 6.310275625584e-06, 5.8656e+01, 7.5063e-01, 
 1DIAGNOSTIC,    68, -9.277994790353e-01, 6.102861771731e-06, 5.9404e+01, 7.4827e-01, 
 1DIAGNOSTIC,    69, -9.278540333971e-01, 5.892159277045e-06, 6.0151e+01, 7.4682e-01, 
 1DIAGNOSTIC,    70, -9.279078447423e-01, 5.681903403528e-06, 6.0901e+01, 7.5041e-01, 
 1DIAGNOSTIC,    71, -9.279606994379e-01, 5.488857098739e-06, 6.1653e+01, 7.5187e-01, 
 1DIAGNOSTIC,    72, -9.280126455759e-01, 5.302887309478e-06, 6.2401e+01, 7.4840e-01, 
 1DIAGNOSTIC,    73, -9.280633465158e-01, 5.124624985357e-06, 6.3149e+01, 7.4709e-01, 
 1DIAGNOSTIC,    74, -9.281127321574e-01, 4.955331008900e-06, 6.3896e+01, 7.4749e-01, 
 1DIAGNOSTIC,    75, -9.281613623290e-01, 4.796085954948e-06, 6.4645e+01, 7.4852e-01, 
 1DIAGNOSTIC,    76, -9.282092507738e-01, 4.650089093911e-06, 6.5391e+01, 7.4676e-01, 
 1DIAGNOSTIC,    77, -9.282564554151e-01, 4.510836015664e-06, 6.6138e+01, 7.4662e-01, 
 1DIAGNOSTIC,    78, -9.283048965316e-01, 4.385107920472e-06, 6.6883e+01, 7.4549e-01, 
 1DIAGNOSTIC,    79, -9.283507944137e-01, 4.264917385184e-06, 6.7629e+01, 7.4529e-01, 
 1DIAGNOSTIC,    80, -9.283958154000e-01, 4.150404888751e-06, 6.8373e+01, 7.4448e-01, 
 1DIAGNOSTIC,    81, -9.284403803097e-01, 4.041964082097e-06, 6.9118e+01, 7.4493e-01, 
 1DIAGNOSTIC,    82, -9.284837696570e-01, 3.936973243765e-06, 6.9863e+01, 7.4510e-01, 
 1DIAGNOSTIC,    83, -9.285273056284e-01, 3.836674752284e-06, 7.0608e+01, 7.4503e-01, 
 1DIAGNOSTIC,    84, -9.285698871627e-01, 3.737738676011e-06, 7.1356e+01, 7.4735e-01, 
 1DIAGNOSTIC,    85, -9.286116193307e-01, 3.639686561861e-06, 7.2102e+01, 7.4613e-01, 
 1DIAGNOSTIC,    86, -9.286528251933e-01, 3.543244612325e-06, 7.2847e+01, 7.4515e-01, 
 1DIAGNOSTIC,    87, -9.286933986853e-01, 3.448669276204e-06, 7.3591e+01, 7.4449e-01, 
 1DIAGNOSTIC,    88, -9.287333913591e-01, 3.363581086303e-06, 7.4342e+01, 7.5021e-01, 
 1DIAGNOSTIC,    89, -9.287732175071e-01, 3.282784010317e-06, 7.5093e+01, 7.5181e-01, 
 1DIAGNOSTIC,    90, -9.288119711423e-01, 3.203645523260e-06, 7.5845e+01, 7.5119e-01, 
 1DIAGNOSTIC,    91, -9.288502611303e-01, 3.127294593345e-06, 7.6597e+01, 7.5250e-01, 
 1DIAGNOSTIC,    92, -9.288880674625e-01, 3.052002224398e-06, 7.7350e+01, 7.5300e-01, 
 1DIAGNOSTIC,    93, -9.289252191228e-01, 2.980075685242e-06, 7.8104e+01, 7.5353e-01, 
 1DIAGNOSTIC,    94, -9.289271808910e-01, 2.797030553274e-06, 7.8856e+01, 7.5222e-01, 
 1DIAGNOSTIC,    95, -9.289624536142e-01, 2.629341342771e-06, 7.9609e+01, 7.5266e-01, 
 1DIAGNOSTIC,    96, -9.289966937914e-01, 2.480530915753e-06, 8.0361e+01, 7.5240e-01, 
 1DIAGNOSTIC,    97, -9.290297906876e-01, 2.355704710279e-06, 8.1112e+01, 7.5120e-01, 
 1DIAGNOSTIC,    98, -9.290622353566e-01, 2.262028918343e-06, 8.1863e+01, 7.5093e-01, 
 1DIAGNOSTIC,    99, -9.290938689149e-01, 2.203729039958e-06, 8.2615e+01, 7.5152e-01, 
 1DIAGNOSTIC,   100, -9.291245461745e-01, 2.175598132240e-06, 8.3366e+01, 7.5166e-01, 
XXDIAGNOSTIC,Iteration,metricValue,convergenceValue,ITERATION_TIME_INDEX,SINCE_LAST
 1DIAGNOSTIC,     1, -8.385019761684e-01, 1.797693134862e+308, 9.1035e+01, 7.6689e+00, 
 1DIAGNOSTIC,     2, -8.423780969127e-01, 1.797693134862e+308, 9.7222e+01, 6.1866e+00, 
 1DIAGNOSTIC,     3, -8.465142100335e-01, 1.797693134862e+308, 1.0341e+02, 6.1873e+00, 
 1DIAGNOSTIC,     4, -8.502002163643e-01, 1.797693134862e+308, 1.0961e+02, 6.2059e+00, 
 1DIAGNOSTIC,     5, -8.533566398867e-01, 1.797693134862e+308, 1.1580e+02, 6.1825e+00, 
 1DIAGNOSTIC,     6, -8.562578542421e-01, 1.797693134862e+308, 1.2199e+02, 6.1898e+00, 
 1DIAGNOSTIC,     7, -8.588181196992e-01, 1.797693134862e+308, 1.2816e+02, 6.1720e+00, 
 1DIAGNOSTIC,     8, -8.612769618640e-01, 1.797693134862e+308, 1.3437e+02, 6.2115e+00, 
 1DIAGNOSTIC,     9, -8.634059751272e-01, 1.797693134862e+308, 1.4059e+02, 6.2178e+00, 
 1DIAGNOSTIC,    10, -8.651027283951e-01, 1.995576876146e-03, 1.4679e+02, 6.2051e+00, 
 1DIAGNOSTIC,    11, -8.666433201181e-01, 1.632047261808e-03, 1.5296e+02, 6.1679e+00, 
 1DIAGNOSTIC,    12, -8.679029363889e-01, 1.323871419688e-03, 1.5917e+02, 6.2073e+00, 
 1DIAGNOSTIC,    13, -8.692179815158e-01, 1.081758300391e-03, 1.6539e+02, 6.2247e+00, 
 1DIAGNOSTIC,    14, -8.701877667726e-01, 8.853983100855e-04, 1.7164e+02, 6.2506e+00, 
 1DIAGNOSTIC,    15, -8.710845713087e-01, 7.233989904581e-04, 1.7791e+02, 6.2637e+00, 
 1DIAGNOSTIC,    16, -8.717669766538e-01, 5.890750756102e-04, 1.8415e+02, 6.2462e+00, 
 1DIAGNOSTIC,    17, -8.723996780675e-01, 4.779783047853e-04, 1.9039e+02, 6.2338e+00, 
 1DIAGNOSTIC,    18, -8.729510055535e-01, 3.898753567539e-04, 1.9663e+02, 6.2428e+00, 
 1DIAGNOSTIC,    19, -8.734732570876e-01, 3.207066054196e-04, 2.0286e+02, 6.2305e+00, 
 1DIAGNOSTIC,    20, -8.739368549193e-01, 2.640753183915e-04, 2.0909e+02, 6.2277e+00, 
 1DIAGNOSTIC,    21, -8.743909643967e-01, 2.194453284039e-04, 2.1533e+02, 6.2434e+00, 
 1DIAGNOSTIC,    22, -8.747822765019e-01, 1.829064607269e-04, 2.2158e+02, 6.2445e+00, 
 1DIAGNOSTIC,    23, -8.751540832536e-01, 1.564911851083e-04, 2.2780e+02, 6.2235e+00, 
 1DIAGNOSTIC,    24, -8.754831743069e-01, 1.353160620786e-04, 2.3405e+02, 6.2452e+00, 
 1DIAGNOSTIC,    25, -8.757964175224e-01, 1.190154428824e-04, 2.4034e+02, 6.2920e+00, 
 1DIAGNOSTIC,    26, -8.760642302306e-01, 1.047582430525e-04, 2.4661e+02, 6.2751e+00, 
 1DIAGNOSTIC,    27, -8.763411508536e-01, 9.275919542951e-05, 2.5290e+02, 6.2902e+00, 
 1DIAGNOSTIC,    28, -8.766081918481e-01, 8.246112729674e-05, 2.5917e+02, 6.2693e+00, 
 1DIAGNOSTIC,    29, -8.768424679541e-01, 7.365447817962e-05, 2.6546e+02, 6.2850e+00, 
 1DIAGNOSTIC,    30, -8.770543403209e-01, 6.587151429512e-05, 2.7175e+02, 6.2932e+00, 
 1DIAGNOSTIC,    31, -8.772707812560e-01, 5.948005944822e-05, 2.7803e+02, 6.2774e+00, 
 1DIAGNOSTIC,    32, -8.774621494642e-01, 5.383933657514e-05, 2.8431e+02, 6.2810e+00, 
 1DIAGNOSTIC,    33, -8.776505821007e-01, 4.902380294856e-05, 2.9057e+02, 6.2635e+00, 
 1DIAGNOSTIC,    34, -8.778293673568e-01, 4.476179904626e-05, 2.9686e+02, 6.2876e+00, 
 1DIAGNOSTIC,    35, -8.780131706695e-01, 4.118517085417e-05, 3.0313e+02, 6.2654e+00, 
 1DIAGNOSTIC,    36, -8.781824157595e-01, 3.789796515573e-05, 3.0939e+02, 6.2649e+00, 
 1DIAGNOSTIC,    37, -8.783412599268e-01, 3.507011686238e-05, 3.1566e+02, 6.2743e+00, 
 1DIAGNOSTIC,    38, -8.784845995886e-01, 3.262698606447e-05, 3.2192e+02, 6.2590e+00, 
 1DIAGNOSTIC,    39, -8.786313535069e-01, 3.044098017185e-05, 3.2821e+02, 6.2830e+00, 
 1DIAGNOSTIC,    40, -8.787638605575e-01, 2.831343790395e-05, 3.3446e+02, 6.2551e+00, 
 1DIAGNOSTIC,    41, -8.789015303869e-01, 2.645510129145e-05, 3.4073e+02, 6.2664e+00, 
 1DIAGNOSTIC,    42, -8.790203747410e-01, 2.461654952107e-05, 3.4701e+02, 6.2849e+00, 
 1DIAGNOSTIC,    43, -8.791355088834e-01, 2.286651550341e-05, 3.5328e+02, 6.2664e+00, 
 1DIAGNOSTIC,    44, -8.792430655215e-01, 2.117960437436e-05, 3.5955e+02, 6.2750e+00, 
 1DIAGNOSTIC,    45, -8.793634486545e-01, 1.979294597865e-05, 3.6582e+02, 6.2649e+00, 
 1DIAGNOSTIC,    46, -8.794662781707e-01, 1.854393356646e-05, 3.7210e+02, 6.2796e+00, 
 1DIAGNOSTIC,    47, -8.795650826690e-01, 1.740915097779e-05, 3.7836e+02, 6.2661e+00, 
 1DIAGNOSTIC,    48, -8.796575487582e-01, 1.630408068029e-05, 3.8463e+02, 6.2661e+00, 
 1DIAGNOSTIC,    49, -8.797529699383e-01, 1.534076957715e-05, 3.9092e+02, 6.2855e+00, 
 1DIAGNOSTIC,    50, -8.798341926973e-01, 1.438015719041e-05, 3.9719e+02, 6.2731e+00, 
 1DIAGNOSTIC,    51, -8.799348410012e-01, 1.364789585021e-05, 4.0347e+02, 6.2808e+00, 
 1DIAGNOSTIC,    52, -8.800094140065e-01, 1.289032785676e-05, 4.0973e+02, 6.2611e+00, 
 1DIAGNOSTIC,    53, -8.800908347562e-01, 1.218128022450e-05, 4.1598e+02, 6.2515e+00, 
 1DIAGNOSTIC,    54, -8.801598174197e-01, 1.143687244585e-05, 4.2226e+02, 6.2733e+00, 
 1DIAGNOSTIC,    55, -8.802390774378e-01, 1.084861280800e-05, 4.2852e+02, 6.2589e+00, 
 1DIAGNOSTIC,    56, -8.803022467936e-01, 1.024627269359e-05, 4.3479e+02, 6.2778e+00, 
 1DIAGNOSTIC,    57, -8.803792392196e-01, 9.729725509153e-06, 4.4106e+02, 6.2683e+00, 
 1DIAGNOSTIC,    58, -8.804498762977e-01, 9.253591079509e-06, 4.4735e+02, 6.2872e+00, 
 1DIAGNOSTIC,    59, -8.805015803580e-01, 8.759610430994e-06, 4.5362e+02, 6.2737e+00, 
 1DIAGNOSTIC,    60, -8.805652695550e-01, 8.268231003201e-06, 4.5989e+02, 6.2687e+00, 
 1DIAGNOSTIC,    61, -8.806202927329e-01, 7.870564643644e-06, 4.6616e+02, 6.2679e+00, 
 1DIAGNOSTIC,    62, -8.806869767722e-01, 7.510203939406e-06, 4.7245e+02, 6.2938e+00, 
 1DIAGNOSTIC,    63, -8.807255679496e-01, 7.098525596827e-06, 4.7874e+02, 6.2899e+00, 
 1DIAGNOSTIC,    64, -8.807797688277e-01, 6.686394870857e-06, 4.8500e+02, 6.2571e+00, 
 1DIAGNOSTIC,    65, -8.808287382616e-01, 6.327168247625e-06, 4.9126e+02, 6.2570e+00, 
 1DIAGNOSTIC,    66, -8.808874083025e-01, 6.007373943625e-06, 4.9753e+02, 6.2784e+00, 
 1DIAGNOSTIC,    67, -8.809208058540e-01, 5.691187079229e-06, 5.0379e+02, 6.2580e+00, 
 1DIAGNOSTIC,    68, -8.809572824540e-01, 5.392533340115e-06, 5.1006e+02, 6.2714e+00, 
 1DIAGNOSTIC,    69, -8.810187667652e-01, 5.156951887533e-06, 5.1631e+02, 6.2469e+00, 
 1DIAGNOSTIC,    70, -8.810519214207e-01, 4.915514223465e-06, 5.2260e+02, 6.2856e+00, 
XXDIAGNOSTIC,Iteration,metricValue,convergenceValue,ITERATION_TIME_INDEX,SINCE_LAST
 1DIAGNOSTIC,     1, -8.331574136123e-01, 1.797693134862e+308, 5.7528e+02, 5.2685e+01, 
 1DIAGNOSTIC,     2, -8.360587705403e-01, 1.797693134862e+308, 6.2563e+02, 5.0351e+01, 
 1DIAGNOSTIC,     3, -8.394211303967e-01, 1.797693134862e+308, 6.7584e+02, 5.0208e+01, 
 1DIAGNOSTIC,     4, -8.428791866587e-01, 1.797693134862e+308, 7.2629e+02, 5.0446e+01, 
 1DIAGNOSTIC,     5, -8.461062509239e-01, 1.797693134862e+308, 7.7677e+02, 5.0487e+01, 
 1DIAGNOSTIC,     6, -8.489197855411e-01, 1.797693134862e+308, 8.2717e+02, 5.0397e+01, 
 1DIAGNOSTIC,     7, -8.515003934837e-01, 1.797693134862e+308, 8.7757e+02, 5.0400e+01, 
 1DIAGNOSTIC,     8, -8.538043412199e-01, 1.797693134862e+308, 9.2807e+02, 5.0495e+01, 
 1DIAGNOSTIC,     9, -8.558972891567e-01, 1.797693134862e+308, 9.7854e+02, 5.0471e+01, 
 1DIAGNOSTIC,    10, -8.577691941357e-01, 1.901082354276e-03, 1.0292e+03, 5.0641e+01, 
 1DIAGNOSTIC,    11, -8.595540564677e-01, 1.608622957229e-03, 1.0797e+03, 5.0477e+01, 
 1DIAGNOSTIC,    12, -8.609850599967e-01, 1.340777212423e-03, 1.1303e+03, 5.0673e+01, 
 1DIAGNOSTIC,    13, -8.624908982744e-01, 1.117552051525e-03, 1.1807e+03, 5.0372e+01, 
 1DIAGNOSTIC,    14, -8.636664612354e-01, 9.344175730854e-04, 1.2314e+03, 5.0667e+01, 
 1DIAGNOSTIC,    15, -8.649565114879e-01, 7.903186016569e-04, 1.2818e+03, 5.0447e+01, 
 1DIAGNOSTIC,    16, -8.659088728932e-01, 6.695936734441e-04, 1.3322e+03, 5.0391e+01, 
 1DIAGNOSTIC,    17, -8.670278376300e-01, 5.735296773653e-04, 1.3827e+03, 5.0515e+01, 
 1DIAGNOSTIC,    18, -8.680726572765e-01, 4.966010072972e-04, 1.4334e+03, 5.0656e+01, 
 1DIAGNOSTIC,    19, -8.689126803966e-01, 4.326651144794e-04, 1.4839e+03, 5.0553e+01, 
 1DIAGNOSTIC,    20, -8.697092486737e-01, 3.789604853475e-04, 1.5345e+03, 5.0597e+01, 
 1DIAGNOSTIC,    21, -8.705024380188e-01, 3.356586114704e-04, 1.5852e+03, 5.0642e+01, 
 1DIAGNOSTIC,    22, -8.713374268659e-01, 2.988098249722e-04, 1.6358e+03, 5.0616e+01, 
 1DIAGNOSTIC,    23, -8.720919649122e-01, 2.695484662442e-04, 1.6863e+03, 5.0529e+01, 
 1DIAGNOSTIC,    24, -8.728948204513e-01, 2.445559040979e-04, 1.7369e+03, 5.0630e+01, 
 1DIAGNOSTIC,    25, -8.736013420729e-01, 2.249661950219e-04, 1.7876e+03, 5.0626e+01, 
 1DIAGNOSTIC,    26, -8.742558547288e-01, 2.060113253301e-04, 1.8381e+03, 5.0576e+01, 
 1DIAGNOSTIC,    27, -8.748270184789e-01, 1.895927318944e-04, 1.8887e+03, 5.0583e+01, 
 1DIAGNOSTIC,    28, -8.753700635049e-01, 1.751226614883e-04, 1.9393e+03, 5.0573e+01, 
 1DIAGNOSTIC,    29, -8.759005384263e-01, 1.606477057235e-04, 1.9898e+03, 5.0457e+01, 
 1DIAGNOSTIC,    30, -8.763821267617e-01, 1.459375534247e-04, 2.0404e+03, 5.0603e+01, 
 1DIAGNOSTIC,    31, -8.768931266927e-01, 1.321795316298e-04, 2.0910e+03, 5.0676e+01, 
 1DIAGNOSTIC,    32, -8.773617428117e-01, 1.201418223208e-04, 2.1417e+03, 5.0657e+01, 
 1DIAGNOSTIC,    33, -8.778643479344e-01, 1.099275141634e-04, 2.1923e+03, 5.0598e+01, 
 1DIAGNOSTIC,    34, -8.783539956558e-01, 1.023365104413e-04, 2.2430e+03, 5.0677e+01, 
 1DIAGNOSTIC,    35, -8.788438489303e-01, 9.665420205658e-05, 2.2936e+03, 5.0636e+01, 
 1DIAGNOSTIC,    36, -8.792857133854e-01, 9.208269382310e-05, 2.3442e+03, 5.0631e+01, 
 1DIAGNOSTIC,    37, -8.797152863929e-01, 8.786972727521e-05, 2.3949e+03, 5.0619e+01, 
 1DIAGNOSTIC,    38, -8.800864507874e-01, 8.339620431175e-05, 2.4456e+03, 5.0715e+01, 
 1DIAGNOSTIC,    39, -8.804279364828e-01, 7.854520144596e-05, 2.4962e+03, 5.0582e+01, 
 1DIAGNOSTIC,    40, -8.807228670190e-01, 7.281276553210e-05, 2.5468e+03, 5.0603e+01, 
 1DIAGNOSTIC,    41, -8.810251723494e-01, 6.693358220232e-05, 2.5974e+03, 5.0685e+01, 
 1DIAGNOSTIC,    42, -8.812971215288e-01, 6.072561535260e-05, 2.6481e+03, 5.0688e+01, 
 1DIAGNOSTIC,    43, -8.815640626520e-01, 5.487848651091e-05, 2.6988e+03, 5.0633e+01, 
 1DIAGNOSTIC,    44, -8.817769903626e-01, 4.929035555840e-05, 2.7494e+03, 5.0681e+01, 
 1DIAGNOSTIC,    45, -8.820159811521e-01, 4.456351224953e-05, 2.8001e+03, 5.0683e+01, 
 1DIAGNOSTIC,    46, -8.822051964877e-01, 4.027562078172e-05, 2.8507e+03, 5.0622e+01, 
 1DIAGNOSTIC,    47, -8.824150068181e-01, 3.678558163691e-05, 2.9014e+03, 5.0694e+01, 
 1DIAGNOSTIC,    48, -8.826049274862e-01, 3.376027983304e-05, 2.9522e+03, 5.0722e+01, 
 1DIAGNOSTIC,    49, -8.827807960556e-01, 3.110599407840e-05, 3.0028e+03, 5.0639e+01, 
 1DIAGNOSTIC,    50, -8.829524802000e-01, 2.865429386715e-05, 3.0535e+03, 5.0732e+01, 
XXDIAGNOSTIC,Iteration,metricValue,convergenceValue,ITERATION_TIME_INDEX,SINCE_LAST
 1DIAGNOSTIC,     1, -8.593037529593e-01, 1.797693134862e+308, 3.4711e+03, 4.1756e+02, 
 1DIAGNOSTIC,     2, -8.604223454541e-01, 1.797693134862e+308, 3.8819e+03, 4.1083e+02, 
 1DIAGNOSTIC,     3, -8.619408480780e-01, 1.797693134862e+308, 4.2912e+03, 4.0931e+02, 
 1DIAGNOSTIC,     4, -8.633930305133e-01, 1.797693134862e+308, 4.7002e+03, 4.0900e+02, 
 1DIAGNOSTIC,     5, -8.647799437337e-01, 1.797693134862e+308, 5.1092e+03, 4.0892e+02, 
 1DIAGNOSTIC,     6, -8.660161769217e-01, 1.797693134862e+308, 5.5178e+03, 4.0865e+02, 
 1DIAGNOSTIC,     7, -8.670863892769e-01, 1.797693134862e+308, 5.9264e+03, 4.0860e+02, 
 1DIAGNOSTIC,     8, -8.680725143279e-01, 1.797693134862e+308, 6.3352e+03, 4.0882e+02, 
 1DIAGNOSTIC,     9, -8.689531568507e-01, 1.797693134862e+308, 6.7454e+03, 4.1017e+02, 
 1DIAGNOSTIC,    10, -8.697987106415e-01, 7.977132806878e-04, 7.1556e+03, 4.1020e+02, 
 1DIAGNOSTIC,    11, -8.705907323806e-01, 6.790866034191e-04, 7.5655e+03, 4.0995e+02, 
 1DIAGNOSTIC,    12, -8.713238161289e-01, 5.695797960122e-04, 7.9739e+03, 4.0836e+02, 
 1DIAGNOSTIC,    13, -8.719733931874e-01, 4.798685059062e-04, 8.3840e+03, 4.1010e+02, 
 1DIAGNOSTIC,    14, -8.726117142341e-01, 4.080343222826e-04, 8.7929e+03, 4.0890e+02, 
 1DIAGNOSTIC,    15, -8.731373011802e-01, 3.500223137329e-04, 9.2050e+03, 4.1208e+02, 
 1DIAGNOSTIC,    16, -8.737469806190e-01, 3.047759948785e-04, 9.6169e+03, 4.1194e+02, 
 1DIAGNOSTIC,    17, -8.741731855991e-01, 2.654067463815e-04, 1.0029e+04, 4.1242e+02, 
 1DIAGNOSTIC,    18, -8.746295142027e-01, 2.320608618607e-04, 1.0441e+04, 4.1144e+02, 
 1DIAGNOSTIC,    19, -8.751117709236e-01, 2.041033338937e-04, 1.0852e+04, 4.1148e+02, 
 1DIAGNOSTIC,    20, -8.756135385628e-01, 1.818847258050e-04, 1.1261e+04, 4.0881e+02, 
  Elapsed time (stage 0): 11264.4


Total elapsed time: 11264.4
-i /mnt/lustre/mathdugre/fast-interpolate/datasets/ds004513/derivatives/flint/ants/flint-vprec-single-five-levels/sub-s035/ses-open/anat/11/1_Affine.nii.gz -o /mnt/lustre/mathdugre/fast-interpolate/datasets/ds004513/derivatives/flint/ants/flint-vprec-single-five-levels/sub-s035/ses-open/anat/110/1_transformed.nii.gz -t /mnt/lustre/mathdugre/fast-interpolate/datasets/ds004513/derivatives/flint/ants/flint-vprec-single-five-levels/sub-s035/ses-open/anat/110/1_1Warp.nii.gz -t /mnt/lustre/mathdugre/fast-interpolate/datasets/ds004513/derivatives/flint/ants/flint-vprec-single-five-levels/sub-s035/ses-open/anat/110/1_0GenericAffine.mat
