---------------------
Experiment information

SIF_IMG: /mnt/lustre/mathdugre/containers/ants-flint-vprec.simg
SIF_IMG_BASE: /mnt/lustre/mathdugre/containers/ants-flint-base.simg
EXPERIMENT_NAME: flint-vprec-single
STAGE: syn
SUBJECT_ID: s003
REPETITION_ID: 1

FIXED_IMG: /templateflow/tpl-MNI152NLin2009cAsym/tpl-MNI152NLin2009cAsym_res-01_desc-brain_T1w.nii.gz
INPUT_IMG: /mnt/lustre/mathdugre/fast-interpolate/datasets/ds004513/derivatives/flint/ants/flint-vprec-single/sub-s003/ses-open/anat/01/1_Affine.nii.gz

DATA_DIR: /mnt/lustre/mathdugre/fast-interpolate/datasets/ds004513
OUTPUT_DIR: /mnt/lustre/mathdugre/fast-interpolate/datasets/ds004513/derivatives/flint/ants/flint-vprec-single/sub-s003/ses-open/anat
OUTPUT_PREFIX: 011
THREAD: 1
FLOAT: 0
VFC_BACKENDS: libinterflop_vprec.so --precision-binary32=23 --range-binary32=8 --precision-binary64=23 --range-binary64=8
---------------------

--output [/mnt/lustre/mathdugre/fast-interpolate/datasets/ds004513/derivatives/flint/ants/flint-vprec-single/sub-s003/ses-open/anat/011/1_,/mnt/lustre/mathdugre/fast-interpolate/datasets/ds004513/derivatives/flint/ants/flint-vprec-single/sub-s003/ses-open/anat/011/1_Warped.nii.gz,/mnt/lustre/mathdugre/fast-interpolate/datasets/ds004513/derivatives/flint/ants/flint-vprec-single/sub-s003/ses-open/anat/011/1_InverseSyN.nii.gz] --initial-moving-transform [/templateflow/tpl-MNI152NLin2009cAsym/tpl-MNI152NLin2009cAsym_res-01_desc-brain_T1w.nii.gz,/mnt/lustre/mathdugre/fast-interpolate/datasets/ds004513/derivatives/flint/ants/flint-vprec-single/sub-s003/ses-open/anat/01/1_Affine.nii.gz,1] --transform SyN[ 0.1,3,0 ] --metric CC[/templateflow/tpl-MNI152NLin2009cAsym/tpl-MNI152NLin2009cAsym_res-01_desc-brain_T1w.nii.gz,/mnt/lustre/mathdugre/fast-interpolate/datasets/ds004513/derivatives/flint/ants/flint-vprec-single/sub-s003/ses-open/anat/01/1_Affine.nii.gz,1,4] --convergence [100x70x50x20,1e-6,10] --shrink-factors 8x4x2x1 --smoothing-sigmas 3x2x1x0vox
All_Command_lines_OK
Using double precision for computations.
=============================================================================
The composite transform comprises the following transforms (in order): 
  1. Center of mass alignment using fixed image: /templateflow/tpl-MNI152NLin2009cAsym/tpl-MNI152NLin2009cAsym_res-01_desc-brain_T1w.nii.gz and moving image: /mnt/lustre/mathdugre/fast-interpolate/datasets/ds004513/derivatives/flint/ants/flint-vprec-single/sub-s003/ses-open/anat/01/1_Affine.nii.gz (type = Euler3DTransform)
=============================================================================
  number of levels = 4
  fixed image: /templateflow/tpl-MNI152NLin2009cAsym/tpl-MNI152NLin2009cAsym_res-01_desc-brain_T1w.nii.gz
  moving image: /mnt/lustre/mathdugre/fast-interpolate/datasets/ds004513/derivatives/flint/ants/flint-vprec-single/sub-s003/ses-open/anat/01/1_Affine.nii.gz
Dimension = 3
Number of stages = 1
Use histogram matching = false
Winsorize image intensities = true
  Lower quantile = 0.005
  Upper quantile = 0.995


Stage 1 State
   Image metric = CC
     Fixed image = Image (0x4c50b50)
  RTTI typeinfo:   itk::Image<double, 3u>
  Reference Count: 2
  Modified Time: 1622
  Debug: Off
  Object Name: 
  Observers: 
    none
  Source: (none)
  Source output name: (none)
  Release Data: Off
  Data Released: False
  Global Release Data: Off
  PipelineMTime: 0
  UpdateMTime: 1407
  RealTimeStamp: 0 seconds 
  LargestPossibleRegion: 
    Dimension: 3
    Index: [0, 0, 0]
    Size: [193, 229, 193]
  BufferedRegion: 
    Dimension: 3
    Index: [0, 0, 0]
    Size: [193, 229, 193]
  RequestedRegion: 
    Dimension: 3
    Index: [0, 0, 0]
    Size: [193, 229, 193]
  Spacing: [1, 1, 1]
  Origin: [96, 132, -78]
  Direction: 
-1 0 0
0 -1 0
0 0 1

  IndexToPointMatrix: 
-1 0 0
0 -1 0
0 0 1

  PointToIndexMatrix: 
-1 0 0
0 -1 0
0 0 1

  Inverse Direction: 
-1 0 0
0 -1 0
0 0 1

  PixelContainer: 
    ImportImageContainer (0x4cc96d0)
      RTTI typeinfo:   itk::ImportImageContainer<unsigned long, double>
      Reference Count: 1
      Modified Time: 1404
      Debug: Off
      Object Name: 
      Observers: 
        none
      Pointer: 0x7fb110e54010
      Container manages memory: true
      Size: 8530021
      Capacity: 8530021

     Moving image = Image (0x4c5cd60)
  RTTI typeinfo:   itk::Image<double, 3u>
  Reference Count: 2
  Modified Time: 1623
  Debug: Off
  Object Name: 
  Observers: 
    none
  Source: (none)
  Source output name: (none)
  Release Data: Off
  Data Released: False
  Global Release Data: Off
  PipelineMTime: 0
  UpdateMTime: 1620
  RealTimeStamp: 0 seconds 
  LargestPossibleRegion: 
    Dimension: 3
    Index: [0, 0, 0]
    Size: [193, 229, 193]
  BufferedRegion: 
    Dimension: 3
    Index: [0, 0, 0]
    Size: [193, 229, 193]
  RequestedRegion: 
    Dimension: 3
    Index: [0, 0, 0]
    Size: [193, 229, 193]
  Spacing: [1, 1, 1]
  Origin: [96, 132, -78]
  Direction: 
-1 0 0
0 -1 0
0 0 1

  IndexToPointMatrix: 
-1 0 0
0 -1 0
0 0 1

  PointToIndexMatrix: 
-1 0 0
0 -1 0
0 0 1

  Inverse Direction: 
-1 0 0
0 -1 0
0 0 1

  PixelContainer: 
    ImportImageContainer (0x4d297d0)
      RTTI typeinfo:   itk::ImportImageContainer<unsigned long, double>
      Reference Count: 1
      Modified Time: 1617
      Debug: Off
      Object Name: 
      Observers: 
        none
      Pointer: 0x7fb10cd3f010
      Container manages memory: true
      Size: 8530021
      Capacity: 8530021

     Weighting = 1
     Sampling strategy = none
     Number of bins = 32
     Radius = 4
     Sampling percentage  = 1
   Transform = SyN
     Gradient step = 0.1
     Update field sigma (voxel space) = 3
     Total field sigma (voxel space) = 0
     Update field time sigma = 0
     Total field time sigma  = 0
     Number of time indices = 0
     Number of time point samples = 0
Registration using 1 total stages.

Stage 0
  iterations = 100x70x50x20
  convergence threshold = 1e-06
  convergence window size = 10
  number of levels = 4
  using the CC metric (radius = 4, weight = 1, use gradient filter = 0)
  preprocessing:  winsorizing the image intensities
  Shrink factors (level 1 out of 4): [8, 8, 8]
  Shrink factors (level 2 out of 4): [4, 4, 4]
  Shrink factors (level 3 out of 4): [2, 2, 2]
  Shrink factors (level 4 out of 4): [1, 1, 1]
  smoothing sigmas per level: [3, 2, 1, 0]
  Using default NONE metricSamplingStrategy 

*** Running SyN registration (varianceForUpdateField = 3, varianceForTotalField = 0) ***

XXDIAGNOSTIC,Iteration,metricValue,convergenceValue,ITERATION_TIME_INDEX,SINCE_LAST
 1DIAGNOSTIC,     1, -7.886571884155e-01, 1.797693134862e+308, 0.0000e+00, 0.0000e+00, 
 1DIAGNOSTIC,     2, -8.059899210930e-01, 1.797693134862e+308, 0.0000e+00, 0.0000e+00, 
 1DIAGNOSTIC,     3, -8.223313689232e-01, 1.797693134862e+308, 0.0000e+00, 0.0000e+00, 
 1DIAGNOSTIC,     4, -8.357625603676e-01, 1.797693134862e+308, 1.2800e+02, 1.2800e+02, 
 1DIAGNOSTIC,     5, -8.461703658104e-01, 1.797693134862e+308, 1.2800e+02, 0.0000e+00, 
 1DIAGNOSTIC,     6, -8.557031750679e-01, 1.797693134862e+308, 1.2800e+02, 0.0000e+00, 
 1DIAGNOSTIC,     7, -8.629579544067e-01, 1.797693134862e+308, 1.2800e+02, 0.0000e+00, 
 1DIAGNOSTIC,     8, -8.704348206520e-01, 1.797693134862e+308, 1.2800e+02, 0.0000e+00, 
 1DIAGNOSTIC,     9, -8.761878013611e-01, 1.797693134862e+308, 1.2800e+02, 0.0000e+00, 
 1DIAGNOSTIC,    10, -8.808655142784e-01, 6.787113845348e-03, 1.2800e+02, 0.0000e+00, 
 1DIAGNOSTIC,    11, -8.847044110298e-01, 5.204714834690e-03, 1.2800e+02, 0.0000e+00, 
 1DIAGNOSTIC,    12, -8.876334428787e-01, 3.986425697803e-03, 2.5600e+02, 1.2800e+02, 
 1DIAGNOSTIC,    13, -8.900545239449e-01, 3.077760338783e-03, 2.5600e+02, 0.0000e+00, 
 1DIAGNOSTIC,    14, -8.922327756882e-01, 2.390503883362e-03, 2.5600e+02, 0.0000e+00, 
 1DIAGNOSTIC,    15, -8.938865065575e-01, 1.842990517616e-03, 2.5600e+02, 0.0000e+00, 
 1DIAGNOSTIC,    16, -8.956563472748e-01, 1.428835093975e-03, 2.5600e+02, 0.0000e+00, 
 1DIAGNOSTIC,    17, -8.969235420227e-01, 1.096345484257e-03, 2.5600e+02, 0.0000e+00, 
 1DIAGNOSTIC,    18, -8.983590602875e-01, 8.620172739029e-04, 2.5600e+02, 0.0000e+00, 
 1DIAGNOSTIC,    19, -8.994160890579e-01, 6.894990801811e-04, 2.5600e+02, 0.0000e+00, 
 1DIAGNOSTIC,    20, -9.006234407425e-01, 5.660727620125e-04, 3.8400e+02, 1.2800e+02, 
 1DIAGNOSTIC,    21, -9.014981389046e-01, 4.746429622173e-04, 3.8400e+02, 0.0000e+00, 
 1DIAGNOSTIC,    22, -9.023513793945e-01, 4.030801355839e-04, 3.8400e+02, 0.0000e+00, 
 1DIAGNOSTIC,    23, -9.033292531967e-01, 3.479197621346e-04, 3.8400e+02, 0.0000e+00, 
 1DIAGNOSTIC,    24, -9.040217995644e-01, 3.034174442291e-04, 3.8400e+02, 0.0000e+00, 
 1DIAGNOSTIC,    25, -9.046718478203e-01, 2.637207508087e-04, 3.8400e+02, 0.0000e+00, 
 1DIAGNOSTIC,    26, -9.055398702621e-01, 2.351589500904e-04, 3.8400e+02, 0.0000e+00, 
 1DIAGNOSTIC,    27, -9.061135053635e-01, 2.084076404572e-04, 5.1200e+02, 1.2800e+02, 
 1DIAGNOSTIC,    28, -9.066730737686e-01, 1.869015395641e-04, 5.1200e+02, 0.0000e+00, 
 1DIAGNOSTIC,    29, -9.072145223618e-01, 1.669488847256e-04, 5.1200e+02, 0.0000e+00, 
 1DIAGNOSTIC,    30, -9.077446460724e-01, 1.512132585049e-04, 5.1200e+02, 0.0000e+00, 
 1DIAGNOSTIC,    31, -9.082616567612e-01, 1.365803182125e-04, 5.1200e+02, 0.0000e+00, 
 1DIAGNOSTIC,    32, -9.087877273560e-01, 1.236945390701e-04, 5.1200e+02, 0.0000e+00, 
 1DIAGNOSTIC,    33, -9.092778563499e-01, 1.141838729382e-04, 5.1200e+02, 0.0000e+00, 
 1DIAGNOSTIC,    34, -9.097934961319e-01, 1.058205962181e-04, 5.1200e+02, 0.0000e+00, 
 1DIAGNOSTIC,    35, -9.103132486343e-01, 9.851343929768e-05, 6.4000e+02, 1.2800e+02, 
 1DIAGNOSTIC,    36, -9.108382463455e-01, 9.464100003242e-05, 6.4000e+02, 0.0000e+00, 
 1DIAGNOSTIC,    37, -9.113473892212e-01, 9.133294224739e-05, 6.4000e+02, 0.0000e+00, 
 1DIAGNOSTIC,    38, -9.118276238441e-01, 8.825026452541e-05, 6.4000e+02, 0.0000e+00, 
 1DIAGNOSTIC,    39, -9.122841358185e-01, 8.510053157806e-05, 6.4000e+02, 0.0000e+00, 
 1DIAGNOSTIC,    40, -9.127160310745e-01, 8.167512714863e-05, 6.4000e+02, 0.0000e+00, 
 1DIAGNOSTIC,    41, -9.131282567978e-01, 7.786042988300e-05, 6.4000e+02, 0.0000e+00, 
 1DIAGNOSTIC,    42, -9.135265350342e-01, 7.382035255432e-05, 6.4000e+02, 0.0000e+00, 
 1DIAGNOSTIC,    43, -9.139112234116e-01, 6.941519677639e-05, 7.6800e+02, 1.2800e+02, 
 1DIAGNOSTIC,    44, -9.142754673958e-01, 6.495229899883e-05, 7.6800e+02, 0.0000e+00, 
 1DIAGNOSTIC,    45, -9.146229624748e-01, 6.062723696232e-05, 7.6800e+02, 0.0000e+00, 
 1DIAGNOSTIC,    46, -9.149541854858e-01, 5.662254989147e-05, 7.6800e+02, 0.0000e+00, 
 1DIAGNOSTIC,    47, -9.152635931969e-01, 5.291774868965e-05, 7.6800e+02, 0.0000e+00, 
 1DIAGNOSTIC,    48, -9.155468344688e-01, 4.937127232552e-05, 7.6800e+02, 0.0000e+00, 
 1DIAGNOSTIC,    49, -9.157990217209e-01, 4.585459828377e-05, 7.6800e+02, 0.0000e+00, 
 1DIAGNOSTIC,    50, -9.160124063492e-01, 4.220567643642e-05, 8.9600e+02, 1.2800e+02, 
 1DIAGNOSTIC,    51, -9.162083268166e-01, 3.846548497677e-05, 8.9600e+02, 0.0000e+00, 
 1DIAGNOSTIC,    52, -9.163838028908e-01, 3.470480442047e-05, 8.9600e+02, 0.0000e+00, 
 1DIAGNOSTIC,    53, -9.165430665016e-01, 3.103539347649e-05, 8.9600e+02, 0.0000e+00, 
 1DIAGNOSTIC,    54, -9.166872501373e-01, 2.753920853138e-05, 8.9600e+02, 0.0000e+00, 
 1DIAGNOSTIC,    55, -9.168158769608e-01, 2.430006861687e-05, 8.9600e+02, 0.0000e+00, 
 1DIAGNOSTIC,    56, -9.169114828110e-01, 2.129003405571e-05, 8.9600e+02, 0.0000e+00, 
 1DIAGNOSTIC,    57, -9.170170426369e-01, 1.867860555649e-05, 8.9600e+02, 0.0000e+00, 
 1DIAGNOSTIC,    58, -9.171131849289e-01, 1.646578311920e-05, 1.0240e+03, 1.2800e+02, 
 1DIAGNOSTIC,    59, -9.172010421753e-01, 1.459941267967e-05, 1.0240e+03, 0.0000e+00, 
 1DIAGNOSTIC,    60, -9.172852039337e-01, 1.299940049648e-05, 1.0240e+03, 0.0000e+00, 
 1DIAGNOSTIC,    61, -9.173646569252e-01, 1.166760921478e-05, 1.0240e+03, 0.0000e+00, 
 1DIAGNOSTIC,    62, -9.174371957779e-01, 1.056119799614e-05, 1.0240e+03, 0.0000e+00, 
 1DIAGNOSTIC,    63, -9.175065755844e-01, 9.654089808464e-06, 1.0240e+03, 0.0000e+00, 
 1DIAGNOSTIC,    64, -9.175710678101e-01, 8.910894393921e-06, 1.0240e+03, 0.0000e+00, 
 1DIAGNOSTIC,    65, -9.176315069199e-01, 8.298084139824e-06, 1.0240e+03, 0.0000e+00, 
 1DIAGNOSTIC,    66, -9.176884889603e-01, 7.670372724533e-06, 1.1520e+03, 1.2800e+02, 
 1DIAGNOSTIC,    67, -9.177213907242e-01, 7.014721632004e-06, 1.1520e+03, 0.0000e+00, 
 1DIAGNOSTIC,    68, -9.177708029747e-01, 6.420537829399e-06, 1.1520e+03, 0.0000e+00, 
 1DIAGNOSTIC,    69, -9.178249835968e-01, 5.912035703659e-06, 1.1520e+03, 0.0000e+00, 
 1DIAGNOSTIC,    70, -9.178735017776e-01, 5.478970706463e-06, 1.1520e+03, 0.0000e+00, 
 1DIAGNOSTIC,    71, -9.179375171661e-01, 5.207955837250e-06, 1.1520e+03, 0.0000e+00, 
 1DIAGNOSTIC,    72, -9.179845452309e-01, 5.006790161133e-06, 1.1520e+03, 0.0000e+00, 
 1DIAGNOSTIC,    73, -9.180295467377e-01, 4.857778549194e-06, 1.2800e+03, 1.2800e+02, 
 1DIAGNOSTIC,    74, -9.180707335472e-01, 4.732050001621e-06, 1.2800e+03, 0.0000e+00, 
 1DIAGNOSTIC,    75, -9.181122779846e-01, 4.617497324944e-06, 1.2800e+03, 0.0000e+00, 
 1DIAGNOSTIC,    76, -9.181507825851e-01, 4.492700099945e-06, 1.2800e+03, 0.0000e+00, 
 1DIAGNOSTIC,    77, -9.181892871857e-01, 4.268251359463e-06, 1.2800e+03, 0.0000e+00, 
 1DIAGNOSTIC,    78, -9.182279109955e-01, 4.029832780361e-06, 1.2800e+03, 0.0000e+00, 
 1DIAGNOSTIC,    79, -9.182626008987e-01, 3.797933459282e-06, 1.2800e+03, 0.0000e+00, 
 1DIAGNOSTIC,    80, -9.182936549187e-01, 3.552995622158e-06, 1.2800e+03, 0.0000e+00, 
 1DIAGNOSTIC,    81, -9.183270931244e-01, 3.387220203876e-06, 1.4080e+03, 1.2800e+02, 
 1DIAGNOSTIC,    82, -9.183589220047e-01, 3.230758011341e-06, 1.4080e+03, 0.0000e+00, 
 1DIAGNOSTIC,    83, -9.183923006058e-01, 3.101304173470e-06, 1.4080e+03, 0.0000e+00, 
 1DIAGNOSTIC,    84, -9.184234738350e-01, 2.980232238770e-06, 1.4080e+03, 0.0000e+00, 
 1DIAGNOSTIC,    85, -9.184545278549e-01, 2.874992787838e-06, 1.4080e+03, 0.0000e+00, 
 1DIAGNOSTIC,    86, -9.184849262238e-01, 2.780929207802e-06, 1.4080e+03, 0.0000e+00, 
 1DIAGNOSTIC,    87, -9.185126423836e-01, 2.693384885788e-06, 1.4080e+03, 0.0000e+00, 
 1DIAGNOSTIC,    88, -9.184802174568e-01, 2.401880919933e-06, 1.4080e+03, 0.0000e+00, 
 1DIAGNOSTIC,    89, -9.185079932213e-01, 2.144835889339e-06, 1.5360e+03, 1.2800e+02, 
 1DIAGNOSTIC,    90, -9.185355305672e-01, 1.920387148857e-06, 1.5360e+03, 0.0000e+00, 
 1DIAGNOSTIC,    91, -9.185631275177e-01, 1.754611730576e-06, 1.5360e+03, 0.0000e+00, 
 1DIAGNOSTIC,    92, -9.185892939568e-01, 1.653097569942e-06, 1.5360e+03, 0.0000e+00, 
 1DIAGNOSTIC,    93, -9.186155796051e-01, 1.629814505577e-06, 1.5360e+03, 0.0000e+00, 
 1DIAGNOSTIC,    94, -9.186425805092e-01, 1.677311956882e-06, 1.5360e+03, 0.0000e+00, 
 1DIAGNOSTIC,    95, -9.186681509018e-01, 1.775100827217e-06, 1.5360e+03, 0.0000e+00, 
 1DIAGNOSTIC,    96, -9.186930656433e-01, 1.909211277962e-06, 1.5360e+03, 0.0000e+00, 
 1DIAGNOSTIC,    97, -9.187175035477e-01, 2.058222889900e-06, 1.6640e+03, 1.2800e+02, 
 1DIAGNOSTIC,    98, -9.187409877777e-01, 2.008862793446e-06, 1.6640e+03, 0.0000e+00, 
 1DIAGNOSTIC,    99, -9.187645912170e-01, 1.958571374416e-06, 1.6640e+03, 0.0000e+00, 
 1DIAGNOSTIC,   100, -9.187872409821e-01, 1.905485987663e-06, 1.6640e+03, 0.0000e+00, 
XXDIAGNOSTIC,Iteration,metricValue,convergenceValue,ITERATION_TIME_INDEX,SINCE_LAST
 1DIAGNOSTIC,     1, -8.203890323639e-01, 1.797693134862e+308, 1.9200e+03, 2.5600e+02, 
 1DIAGNOSTIC,     2, -8.242267370224e-01, 1.797693134862e+308, 2.0480e+03, 1.2800e+02, 
 1DIAGNOSTIC,     3, -8.283669948578e-01, 1.797693134862e+308, 2.1760e+03, 1.2800e+02, 
 1DIAGNOSTIC,     4, -8.320476412773e-01, 1.797693134862e+308, 2.3040e+03, 1.2800e+02, 
 1DIAGNOSTIC,     5, -8.354679942131e-01, 1.797693134862e+308, 2.4320e+03, 1.2800e+02, 
 1DIAGNOSTIC,     6, -8.383451104164e-01, 1.797693134862e+308, 2.5600e+03, 1.2800e+02, 
 1DIAGNOSTIC,     7, -8.408590555191e-01, 1.797693134862e+308, 2.6880e+03, 1.2800e+02, 
 1DIAGNOSTIC,     8, -8.430522680283e-01, 1.797693134862e+308, 2.9440e+03, 2.5600e+02, 
 1DIAGNOSTIC,     9, -8.452122807503e-01, 1.797693134862e+308, 3.0720e+03, 1.2800e+02, 
 1DIAGNOSTIC,    10, -8.471195101738e-01, 2.042911946774e-03, 3.2000e+03, 1.2800e+02, 
 1DIAGNOSTIC,    11, -8.487579226494e-01, 1.673869788647e-03, 3.3280e+03, 1.2800e+02, 
 1DIAGNOSTIC,    12, -8.504690527916e-01, 1.372203230858e-03, 3.4560e+03, 1.2800e+02, 
 1DIAGNOSTIC,    13, -8.518415689468e-01, 1.135773956776e-03, 3.5840e+03, 1.2800e+02, 
 1DIAGNOSTIC,    14, -8.531472682953e-01, 9.496137499809e-04, 3.7120e+03, 1.2800e+02, 
 1DIAGNOSTIC,    15, -8.543657660484e-01, 8.054375648499e-04, 3.9680e+03, 2.5600e+02, 
 1DIAGNOSTIC,    16, -8.554496765137e-01, 6.884709000587e-04, 4.0960e+03, 1.2800e+02, 
 1DIAGNOSTIC,    17, -8.564477562904e-01, 5.911663174629e-04, 4.2240e+03, 1.2800e+02, 
 1DIAGNOSTIC,    18, -8.573762178421e-01, 5.080625414848e-04, 4.3520e+03, 1.2800e+02, 
 1DIAGNOSTIC,    19, -8.582488298416e-01, 4.400536417961e-04, 4.4800e+03, 1.2800e+02, 
 1DIAGNOSTIC,    20, -8.590948581696e-01, 3.840103745461e-04, 4.6080e+03, 1.2800e+02, 
 1DIAGNOSTIC,    21, -8.599286675453e-01, 3.367699682713e-04, 4.7360e+03, 1.2800e+02, 
 1DIAGNOSTIC,    22, -8.607258200645e-01, 3.004483878613e-04, 4.9920e+03, 2.5600e+02, 
 1DIAGNOSTIC,    23, -8.616415858269e-01, 2.723708748817e-04, 5.1200e+03, 1.2800e+02, 
 1DIAGNOSTIC,    24, -8.624187707901e-01, 2.499632537365e-04, 5.2480e+03, 1.2800e+02, 
 1DIAGNOSTIC,    25, -8.632060289383e-01, 2.326108515263e-04, 5.3760e+03, 1.2800e+02, 
 1DIAGNOSTIC,    26, -8.639568090439e-01, 2.182051539421e-04, 5.5040e+03, 1.2800e+02, 
 1DIAGNOSTIC,    27, -8.646935224533e-01, 2.056956291199e-04, 5.6320e+03, 1.2800e+02, 
 1DIAGNOSTIC,    28, -8.653147220612e-01, 1.930519938469e-04, 5.7600e+03, 1.2800e+02, 
 1DIAGNOSTIC,    29, -8.660708665848e-01, 1.817420125008e-04, 6.0160e+03, 2.5600e+02, 
 1DIAGNOSTIC,    30, -8.665000200272e-01, 1.680962741375e-04, 6.1440e+03, 1.2800e+02, 
 1DIAGNOSTIC,    31, -8.672531843185e-01, 1.565068960190e-04, 6.2720e+03, 1.2800e+02, 
 1DIAGNOSTIC,    32, -8.677146434784e-01, 1.437775790691e-04, 6.4000e+03, 1.2800e+02, 
 1DIAGNOSTIC,    33, -8.684331178665e-01, 1.346692442894e-04, 6.5280e+03, 1.2800e+02, 
 1DIAGNOSTIC,    34, -8.688322305679e-01, 1.247338950634e-04, 6.6560e+03, 1.2800e+02, 
 1DIAGNOSTIC,    35, -8.695009350777e-01, 1.173708587885e-04, 6.7840e+03, 1.2800e+02, 
 1DIAGNOSTIC,    36, -8.698490858078e-01, 1.093223690987e-04, 7.0400e+03, 2.5600e+02, 
 1DIAGNOSTIC,    37, -8.705004453659e-01, 1.037959009409e-04, 7.1680e+03, 1.2800e+02, 
 1DIAGNOSTIC,    38, -8.707525730133e-01, 9.619444608688e-05, 7.2960e+03, 1.2800e+02, 
 1DIAGNOSTIC,    39, -8.714174032211e-01, 9.200908243656e-05, 7.4240e+03, 1.2800e+02, 
 1DIAGNOSTIC,    40, -8.716906309128e-01, 8.497573435307e-05, 7.5520e+03, 1.2800e+02, 
 1DIAGNOSTIC,    41, -8.722649812698e-01, 8.097290992737e-05, 7.6800e+03, 1.2800e+02, 
 1DIAGNOSTIC,    42, -8.724944591522e-01, 7.480382919312e-05, 7.9360e+03, 2.5600e+02, 
 1DIAGNOSTIC,    43, -8.730059266090e-01, 7.132813334465e-05, 8.0640e+03, 1.2800e+02, 
 1DIAGNOSTIC,    44, -8.731342554092e-01, 6.509572267532e-05, 8.1920e+03, 1.2800e+02, 
 1DIAGNOSTIC,    45, -8.737539052963e-01, 6.246566772461e-05, 8.3200e+03, 1.2800e+02, 
 1DIAGNOSTIC,    46, -8.738207817078e-01, 5.686469376087e-05, 8.4480e+03, 1.2800e+02, 
 1DIAGNOSTIC,    47, -8.742842674255e-01, 5.402043461800e-05, 8.5760e+03, 1.2800e+02, 
 1DIAGNOSTIC,    48, -8.742725849152e-01, 4.771538078785e-05, 8.7040e+03, 1.2800e+02, 
 1DIAGNOSTIC,    49, -8.748332262039e-01, 4.546716809273e-05, 8.9600e+03, 2.5600e+02, 
 1DIAGNOSTIC,    50, -8.748068213463e-01, 4.048086702824e-05, 9.0880e+03, 1.2800e+02, 
 1DIAGNOSTIC,    51, -8.754782080650e-01, 3.997236490250e-05, 9.2160e+03, 1.2800e+02, 
 1DIAGNOSTIC,    52, -8.754712939262e-01, 3.699213266373e-05, 9.3440e+03, 1.2800e+02, 
 1DIAGNOSTIC,    53, -8.758112192154e-01, 3.600679337978e-05, 9.4720e+03, 1.2800e+02, 
 1DIAGNOSTIC,    54, -8.759101033211e-01, 3.293156623840e-05, 9.6000e+03, 1.2800e+02, 
 1DIAGNOSTIC,    55, -8.763513565063e-01, 3.324449062347e-05, 9.7280e+03, 1.2800e+02, 
 1DIAGNOSTIC,    56, -8.764047622681e-01, 3.099441528320e-05, 9.9840e+03, 2.5600e+02, 
 1DIAGNOSTIC,    57, -8.768854737282e-01, 3.141164779663e-05, 1.0112e+04, 1.2800e+02, 
 1DIAGNOSTIC,    58, -8.769696950912e-01, 2.915970981121e-05, 1.0240e+04, 1.2800e+02, 
 1DIAGNOSTIC,    59, -8.773123025894e-01, 2.933479845524e-05, 1.0368e+04, 1.2800e+02, 
 1DIAGNOSTIC,    60, -8.772729635239e-01, 2.625584602356e-05, 1.0496e+04, 1.2800e+02, 
 1DIAGNOSTIC,    61, -8.779103755951e-01, 2.791173756123e-05, 1.0624e+04, 1.2800e+02, 
 1DIAGNOSTIC,    62, -8.776453733444e-01, 2.531707286835e-05, 1.0752e+04, 1.2800e+02, 
 1DIAGNOSTIC,    63, -8.781306147575e-01, 2.480112016201e-05, 1.1008e+04, 2.5600e+02, 
 1DIAGNOSTIC,    64, -8.779411315918e-01, 2.141110599041e-05, 1.1136e+04, 1.2800e+02, 
 1DIAGNOSTIC,    65, -8.786478638649e-01, 2.197548747063e-05, 1.1264e+04, 1.2800e+02, 
 1DIAGNOSTIC,    66, -8.784086108208e-01, 1.937337219715e-05, 1.1392e+04, 1.2800e+02, 
 1DIAGNOSTIC,    67, -8.785063028336e-01, 1.793727278709e-05, 1.1520e+04, 1.2800e+02, 
 1DIAGNOSTIC,    68, -8.785445690155e-01, 1.545064151287e-05, 1.1648e+04, 1.2800e+02, 
 1DIAGNOSTIC,    69, -8.788236379623e-01, 1.455564051867e-05, 1.1776e+04, 1.2800e+02, 
 1DIAGNOSTIC,    70, -8.790937662125e-01, 1.327041536570e-05, 1.2032e+04, 2.5600e+02, 
XXDIAGNOSTIC,Iteration,metricValue,convergenceValue,ITERATION_TIME_INDEX,SINCE_LAST
 1DIAGNOSTIC,     1, -8.265358209610e-01, 1.797693134862e+308, 1.3312e+04, 1.2800e+03, 
 1DIAGNOSTIC,     2, -8.300140500069e-01, 1.797693134862e+308, 1.4464e+04, 1.1520e+03, 
 1DIAGNOSTIC,     3, -8.335928916931e-01, 1.797693134862e+308, 1.5744e+04, 1.2800e+03, 
 1DIAGNOSTIC,     4, -8.371145725250e-01, 1.797693134862e+308, 1.6896e+04, 1.1520e+03, 
 1DIAGNOSTIC,     5, -8.403472900391e-01, 1.797693134862e+308, 1.8048e+04, 1.1520e+03, 
 1DIAGNOSTIC,     6, -8.433214426041e-01, 1.797693134862e+308, 1.9328e+04, 1.2800e+03, 
 1DIAGNOSTIC,     7, -8.460110425949e-01, 1.797693134862e+308, 2.0480e+04, 1.1520e+03, 
 1DIAGNOSTIC,     8, -8.482897877693e-01, 1.797693134862e+308, 2.1760e+04, 1.2800e+03, 
 1DIAGNOSTIC,     9, -8.503724336624e-01, 1.797693134862e+308, 2.2912e+04, 1.1520e+03, 
 1DIAGNOSTIC,    10, -8.521436452866e-01, 1.975826919079e-03, 2.4192e+04, 1.2800e+03, 
 1DIAGNOSTIC,    11, -8.537684082985e-01, 1.642256975174e-03, 2.5344e+04, 1.1520e+03, 
 1DIAGNOSTIC,    12, -8.552874326706e-01, 1.356557011604e-03, 2.6624e+04, 1.2800e+03, 
 1DIAGNOSTIC,    13, -8.566869497299e-01, 1.120455563068e-03, 2.7776e+04, 1.1520e+03, 
 1DIAGNOSTIC,    14, -8.579543828964e-01, 9.306445717812e-04, 2.9056e+04, 1.2800e+03, 
 1DIAGNOSTIC,    15, -8.591491580009e-01, 7.797032594681e-04, 3.0208e+04, 1.1520e+03, 
 1DIAGNOSTIC,    16, -8.602407574654e-01, 6.608143448830e-04, 3.1488e+04, 1.2800e+03, 
 1DIAGNOSTIC,    17, -8.612656593323e-01, 5.678832530975e-04, 3.2640e+04, 1.1520e+03, 
 1DIAGNOSTIC,    18, -8.622188568115e-01, 4.924945533276e-04, 3.3920e+04, 1.2800e+03, 
 1DIAGNOSTIC,    19, -8.630968928337e-01, 4.312358796597e-04, 3.5072e+04, 1.1520e+03, 
 1DIAGNOSTIC,    20, -8.639022707939e-01, 3.788508474827e-04, 3.6352e+04, 1.2800e+03, 
 1DIAGNOSTIC,    21, -8.646248579025e-01, 3.332793712616e-04, 3.7504e+04, 1.1520e+03, 
 1DIAGNOSTIC,    22, -8.652815222740e-01, 2.935491502285e-04, 3.8784e+04, 1.2800e+03, 
 1DIAGNOSTIC,    23, -8.659152388573e-01, 2.591460943222e-04, 3.9936e+04, 1.1520e+03, 
 1DIAGNOSTIC,    24, -8.665102720261e-01, 2.290345728397e-04, 4.1216e+04, 1.2800e+03, 
 1DIAGNOSTIC,    25, -8.672758936882e-01, 2.058260142803e-04, 4.2368e+04, 1.1520e+03, 
 1DIAGNOSTIC,    26, -8.680031299591e-01, 1.881606876850e-04, 4.3648e+04, 1.2800e+03, 
 1DIAGNOSTIC,    27, -8.685897588730e-01, 1.738183200359e-04, 4.4800e+04, 1.1520e+03, 
 1DIAGNOSTIC,    28, -8.691568374634e-01, 1.621097326279e-04, 4.6080e+04, 1.2800e+03, 
 1DIAGNOSTIC,    29, -8.697043061256e-01, 1.521706581116e-04, 4.7232e+04, 1.1520e+03, 
 1DIAGNOSTIC,    30, -8.702129125595e-01, 1.429617404938e-04, 4.8512e+04, 1.2800e+03, 
 1DIAGNOSTIC,    31, -8.706817626953e-01, 1.334957778454e-04, 4.9664e+04, 1.1520e+03, 
 1DIAGNOSTIC,    32, -8.711334466934e-01, 1.234523952007e-04, 5.0944e+04, 1.2800e+03, 
 1DIAGNOSTIC,    33, -8.716211318970e-01, 1.135915517807e-04, 5.2096e+04, 1.1520e+03, 
 1DIAGNOSTIC,    34, -8.720700740814e-01, 1.036413013935e-04, 5.3376e+04, 1.2800e+03, 
 1DIAGNOSTIC,    35, -8.724863529205e-01, 9.553693234921e-05, 5.4528e+04, 1.1520e+03, 
 1DIAGNOSTIC,    36, -8.728374242783e-01, 8.871033787727e-05, 5.5808e+04, 1.2800e+03, 
 1DIAGNOSTIC,    37, -8.732066154480e-01, 8.235685527325e-05, 5.6960e+04, 1.1520e+03, 
 1DIAGNOSTIC,    38, -8.735450506210e-01, 7.635913789272e-05, 5.8240e+04, 1.2800e+03, 
 1DIAGNOSTIC,    39, -8.738564848900e-01, 7.065013051033e-05, 5.9392e+04, 1.1520e+03, 
 1DIAGNOSTIC,    40, -8.741948008537e-01, 6.550364196301e-05, 6.0672e+04, 1.2800e+03, 
 1DIAGNOSTIC,    41, -8.745136857033e-01, 6.071291863918e-05, 6.1824e+04, 1.1520e+03, 
 1DIAGNOSTIC,    42, -8.748326301575e-01, 5.640648305416e-05, 6.3104e+04, 1.2800e+03, 
 1DIAGNOSTIC,    43, -8.751384019852e-01, 5.300529301167e-05, 6.4256e+04, 1.1520e+03, 
 1DIAGNOSTIC,    44, -8.754434585571e-01, 5.035102367401e-05, 6.5536e+04, 1.2800e+03, 
 1DIAGNOSTIC,    45, -8.757138252258e-01, 4.804693162441e-05, 6.6816e+04, 1.2800e+03, 
 1DIAGNOSTIC,    46, -8.759763240814e-01, 4.565529525280e-05, 6.7968e+04, 1.1520e+03, 
 1DIAGNOSTIC,    47, -8.762345314026e-01, 4.340708255768e-05, 6.9248e+04, 1.2800e+03, 
 1DIAGNOSTIC,    48, -8.764693737030e-01, 4.105828702450e-05, 7.0400e+04, 1.1520e+03, 
 1DIAGNOSTIC,    49, -8.767091035843e-01, 3.859028220177e-05, 7.1680e+04, 1.2800e+03, 
 1DIAGNOSTIC,    50, -8.769593834877e-01, 3.641843795776e-05, 7.2832e+04, 1.1520e+03, 
XXDIAGNOSTIC,Iteration,metricValue,convergenceValue,ITERATION_TIME_INDEX,SINCE_LAST
 1DIAGNOSTIC,     1, -8.505309820175e-01, 1.797693134862e+308, 8.2944e+04, 1.0112e+04, 
 1DIAGNOSTIC,     2, -8.518007397652e-01, 1.797693134862e+308, 9.2928e+04, 9.9840e+03, 
 1DIAGNOSTIC,     3, -8.535813689232e-01, 1.797693134862e+308, 1.0291e+05, 9.9840e+03, 
 1DIAGNOSTIC,     4, -8.553557991982e-01, 1.797693134862e+308, 1.1290e+05, 9.9840e+03, 
 1DIAGNOSTIC,     5, -8.569872975349e-01, 1.797693134862e+308, 1.2275e+05, 9.8560e+03, 
 1DIAGNOSTIC,     6, -8.585138320923e-01, 1.797693134862e+308, 1.3274e+05, 9.9840e+03, 
 1DIAGNOSTIC,     7, -8.599623441696e-01, 1.797693134862e+308, 1.4272e+05, 9.9840e+03, 
 1DIAGNOSTIC,     8, -8.613117933273e-01, 1.797693134862e+308, 1.5258e+05, 9.8560e+03, 
 1DIAGNOSTIC,     9, -8.625872135162e-01, 1.797693134862e+308, 1.6256e+05, 9.9840e+03, 
 1DIAGNOSTIC,    10, -8.637962937355e-01, 1.014761626720e-03, 1.7242e+05, 9.8560e+03, 
 1DIAGNOSTIC,    11, -8.650494813919e-01, 8.913502097130e-04, 1.8240e+05, 9.9840e+03, 
 1DIAGNOSTIC,    12, -8.661461472511e-01, 7.731392979622e-04, 1.9226e+05, 9.8560e+03, 
 1DIAGNOSTIC,    13, -8.673435449600e-01, 6.785392761230e-04, 2.0224e+05, 9.9840e+03, 
 1DIAGNOSTIC,    14, -8.683674931526e-01, 6.013214588165e-04, 2.1222e+05, 9.9840e+03, 
 1DIAGNOSTIC,    15, -8.693898916245e-01, 5.375370383263e-04, 2.2208e+05, 9.8560e+03, 
 1DIAGNOSTIC,    16, -8.703942298889e-01, 4.842579364777e-04, 2.3206e+05, 9.9840e+03, 
 1DIAGNOSTIC,    17, -8.713344931602e-01, 4.386492073536e-04, 2.4205e+05, 9.9840e+03, 
 1DIAGNOSTIC,    18, -8.721075057983e-01, 3.961399197578e-04, 2.5203e+05, 9.9840e+03, 
 1DIAGNOSTIC,    19, -8.729486465454e-01, 3.579370677471e-04, 2.6202e+05, 9.9840e+03, 
 1DIAGNOSTIC,    20, -8.736250400543e-01, 3.210753202438e-04, 2.7162e+05, 9.6000e+03, 
  Elapsed time (stage 0): 271744


Total elapsed time: 271744
-i /mnt/lustre/mathdugre/fast-interpolate/datasets/ds004513/derivatives/flint/ants/flint-vprec-single/sub-s003/ses-open/anat/01/1_Affine.nii.gz -o /mnt/lustre/mathdugre/fast-interpolate/datasets/ds004513/derivatives/flint/ants/flint-vprec-single/sub-s003/ses-open/anat/011/1_transformed.nii.gz -t /mnt/lustre/mathdugre/fast-interpolate/datasets/ds004513/derivatives/flint/ants/flint-vprec-single/sub-s003/ses-open/anat/011/1_1Warp.nii.gz -t /mnt/lustre/mathdugre/fast-interpolate/datasets/ds004513/derivatives/flint/ants/flint-vprec-single/sub-s003/ses-open/anat/011/1_0GenericAffine.mat
