---------------------
Experiment information

SIF_IMG: /mnt/lustre/mathdugre/containers/ants-flint-vprec.simg
SIF_IMG_BASE: /mnt/lustre/mathdugre/containers/ants-flint-base.simg
EXPERIMENT_NAME: flint-vprec-single-five-levels
STAGE: affine
SUBJECT_ID: s038
REPETITION_ID: 1

FIXED_IMG: /templateflow/tpl-MNI152NLin2009cAsym/tpl-MNI152NLin2009cAsym_res-01_desc-brain_T1w.nii.gz
INPUT_IMG: /mnt/lustre/mathdugre/fast-interpolate/datasets/ds004513/derivatives/flint/ants/flint-vprec-single-five-levels/sub-s038/ses-open/anat/1/1_Rigid.nii.gz

DATA_DIR: /mnt/lustre/mathdugre/fast-interpolate/datasets/ds004513
OUTPUT_DIR: /mnt/lustre/mathdugre/fast-interpolate/datasets/ds004513/derivatives/flint/ants/flint-vprec-single-five-levels/sub-s038/ses-open/anat
OUTPUT_PREFIX: 11
THREAD: 1
FLOAT: 0
VFC_BACKENDS: libinterflop_vprec.so --precision-binary32=23 --range-binary32=8 --precision-binary64=23 --range-binary64=8
---------------------

--output [/mnt/lustre/mathdugre/fast-interpolate/datasets/ds004513/derivatives/flint/ants/flint-vprec-single-five-levels/sub-s038/ses-open/anat/11/1_,/mnt/lustre/mathdugre/fast-interpolate/datasets/ds004513/derivatives/flint/ants/flint-vprec-single-five-levels/sub-s038/ses-open/anat/11/1_Affine.nii.gz,/mnt/lustre/mathdugre/fast-interpolate/datasets/ds004513/derivatives/flint/ants/flint-vprec-single-five-levels/sub-s038/ses-open/anat/11/1_InverseAffine.nii.gz] --initial-moving-transform [/templateflow/tpl-MNI152NLin2009cAsym/tpl-MNI152NLin2009cAsym_res-01_desc-brain_T1w.nii.gz,/mnt/lustre/mathdugre/fast-interpolate/datasets/ds004513/derivatives/flint/ants/flint-vprec-single-five-levels/sub-s038/ses-open/anat/1/1_Rigid.nii.gz,1] --transform Affine[0.1] --metric MI[/templateflow/tpl-MNI152NLin2009cAsym/tpl-MNI152NLin2009cAsym_res-01_desc-brain_T1w.nii.gz,/mnt/lustre/mathdugre/fast-interpolate/datasets/ds004513/derivatives/flint/ants/flint-vprec-single-five-levels/sub-s038/ses-open/anat/1/1_Rigid.nii.gz,1,32,Regular,0.25] --convergence [1000x1000x500x250x100,1e-6,10] --shrink-factors 16x8x4x2x1 --smoothing-sigmas 4x3x2x1x0vox
All_Command_lines_OK
Using double precision for computations.
=============================================================================
The composite transform comprises the following transforms (in order): 
  1. Center of mass alignment using fixed image: /templateflow/tpl-MNI152NLin2009cAsym/tpl-MNI152NLin2009cAsym_res-01_desc-brain_T1w.nii.gz and moving image: /mnt/lustre/mathdugre/fast-interpolate/datasets/ds004513/derivatives/flint/ants/flint-vprec-single-five-levels/sub-s038/ses-open/anat/1/1_Rigid.nii.gz (type = Euler3DTransform)
=============================================================================
  number of levels = 5
  fixed image: /templateflow/tpl-MNI152NLin2009cAsym/tpl-MNI152NLin2009cAsym_res-01_desc-brain_T1w.nii.gz
  moving image: /mnt/lustre/mathdugre/fast-interpolate/datasets/ds004513/derivatives/flint/ants/flint-vprec-single-five-levels/sub-s038/ses-open/anat/1/1_Rigid.nii.gz
Dimension = 3
Number of stages = 1
Use histogram matching = false
Winsorize image intensities = true
  Lower quantile = 0.005
  Upper quantile = 0.995


Stage 1 State
   Image metric = MattesMI
     Fixed image = Image (0x471c300)
  RTTI typeinfo:   itk::Image<double, 3u>
  Reference Count: 2
  Modified Time: 1622
  Debug: Off
  Object Name: 
  Observers: 
    none
  Source: (none)
  Source output name: (none)
  Release Data: Off
  Data Released: False
  Global Release Data: Off
  PipelineMTime: 0
  UpdateMTime: 1407
  RealTimeStamp: 0 seconds 
  LargestPossibleRegion: 
    Dimension: 3
    Index: [0, 0, 0]
    Size: [193, 229, 193]
  BufferedRegion: 
    Dimension: 3
    Index: [0, 0, 0]
    Size: [193, 229, 193]
  RequestedRegion: 
    Dimension: 3
    Index: [0, 0, 0]
    Size: [193, 229, 193]
  Spacing: [1, 1, 1]
  Origin: [96, 132, -78]
  Direction: 
-1 0 0
0 -1 0
0 0 1

  IndexToPointMatrix: 
-1 0 0
0 -1 0
0 0 1

  PointToIndexMatrix: 
-1 0 0
0 -1 0
0 0 1

  Inverse Direction: 
-1 0 0
0 -1 0
0 0 1

  PixelContainer: 
    ImportImageContainer (0x4794a50)
      RTTI typeinfo:   itk::ImportImageContainer<unsigned long, double>
      Reference Count: 1
      Modified Time: 1404
      Debug: Off
      Object Name: 
      Observers: 
        none
      Pointer: 0x7feb26e68010
      Container manages memory: true
      Size: 8530021
      Capacity: 8530021

     Moving image = Image (0x471cb00)
  RTTI typeinfo:   itk::Image<double, 3u>
  Reference Count: 2
  Modified Time: 1623
  Debug: Off
  Object Name: 
  Observers: 
    none
  Source: (none)
  Source output name: (none)
  Release Data: Off
  Data Released: False
  Global Release Data: Off
  PipelineMTime: 0
  UpdateMTime: 1620
  RealTimeStamp: 0 seconds 
  LargestPossibleRegion: 
    Dimension: 3
    Index: [0, 0, 0]
    Size: [193, 229, 193]
  BufferedRegion: 
    Dimension: 3
    Index: [0, 0, 0]
    Size: [193, 229, 193]
  RequestedRegion: 
    Dimension: 3
    Index: [0, 0, 0]
    Size: [193, 229, 193]
  Spacing: [1, 1, 1]
  Origin: [96, 132, -78]
  Direction: 
-1 0 0
0 -1 0
0 0 1

  IndexToPointMatrix: 
-1 0 0
0 -1 0
0 0 1

  PointToIndexMatrix: 
-1 0 0
0 -1 0
0 0 1

  Inverse Direction: 
-1 0 0
0 -1 0
0 0 1

  PixelContainer: 
    ImportImageContainer (0x4725810)
      RTTI typeinfo:   itk::ImportImageContainer<unsigned long, double>
      Reference Count: 1
      Modified Time: 1617
      Debug: Off
      Object Name: 
      Observers: 
        none
      Pointer: 0x7feb22d53010
      Container manages memory: true
      Size: 8530021
      Capacity: 8530021

     Weighting = 1
     Sampling strategy = regular
     Number of bins = 32
     Radius = 4
     Sampling percentage  = 0.25
   Transform = Affine
     Gradient step = 0.1
     Update field sigma (voxel space) = 0
     Total field sigma (voxel space) = 0
     Update field time sigma = 0
     Total field time sigma  = 0
     Number of time indices = 0
     Number of time point samples = 0
Registration using 1 total stages.

Stage 0
  iterations = 1000x1000x500x250x100
  convergence threshold = 1e-06
  convergence window size = 10
  number of levels = 5
  using the Mattes MI metric (number of bins = 32, weight = 1, use gradient filter = 0)
  preprocessing:  winsorizing the image intensities
  Shrink factors (level 1 out of 5): [16, 16, 16]
  Shrink factors (level 2 out of 5): [8, 8, 8]
  Shrink factors (level 3 out of 5): [4, 4, 4]
  Shrink factors (level 4 out of 5): [2, 2, 2]
  Shrink factors (level 5 out of 5): [1, 1, 1]
  smoothing sigmas per level: [4, 3, 2, 1, 0]
  regular sampling (percentage = 0.25)

*** Running AffineTransform registration ***

DIAGNOSTIC,Iteration,metricValue,convergenceValue,ITERATION_TIME_INDEX,SINCE_LAST
 2DIAGNOSTIC,     1, -8.161675930023e-01, 1.797693134862e+308, 0.0000e+00, 0.0000e+00, 
 2DIAGNOSTIC,     2, -8.186010718346e-01, 1.797693134862e+308, 0.0000e+00, 0.0000e+00, 
 2DIAGNOSTIC,     3, -8.227350115776e-01, 1.797693134862e+308, 0.0000e+00, 0.0000e+00, 
 2DIAGNOSTIC,     4, -8.326393961906e-01, 1.797693134862e+308, 0.0000e+00, 0.0000e+00, 
 2DIAGNOSTIC,     5, -8.475068211555e-01, 1.797693134862e+308, 0.0000e+00, 0.0000e+00, 
 2DIAGNOSTIC,     6, -8.803769946098e-01, 1.797693134862e+308, 0.0000e+00, 0.0000e+00, 
 2DIAGNOSTIC,     7, -9.062832593918e-01, 1.797693134862e+308, 0.0000e+00, 0.0000e+00, 
 2DIAGNOSTIC,     8, -9.132189154625e-01, 1.797693134862e+308, 0.0000e+00, 0.0000e+00, 
 2DIAGNOSTIC,     9, -9.246523380280e-01, 1.797693134862e+308, 0.0000e+00, 0.0000e+00, 
 2DIAGNOSTIC,    10, -9.480097293854e-01, 1.070010662079e-02, 0.0000e+00, 0.0000e+00, 
 2DIAGNOSTIC,    11, -9.663265943527e-01, 1.048033684492e-02, 0.0000e+00, 0.0000e+00, 
 2DIAGNOSTIC,    12, -9.930616617203e-01, 1.011151820421e-02, 0.0000e+00, 0.0000e+00, 
 2DIAGNOSTIC,    13, -1.006780385971e+00, 9.325273334980e-03, 0.0000e+00, 0.0000e+00, 
 2DIAGNOSTIC,    14, -1.010810256004e+00, 8.141018450260e-03, 0.0000e+00, 0.0000e+00, 
 2DIAGNOSTIC,    15, -1.017753720284e+00, 6.832145154476e-03, 0.0000e+00, 0.0000e+00, 
 2DIAGNOSTIC,    16, -1.027456164360e+00, 5.882985889912e-03, 0.0000e+00, 0.0000e+00, 
 2DIAGNOSTIC,    17, -1.028764724731e+00, 5.003385245800e-03, 0.0000e+00, 0.0000e+00, 
 2DIAGNOSTIC,    18, -1.030837893486e+00, 3.926016390324e-03, 0.0000e+00, 0.0000e+00, 
 2DIAGNOSTIC,    19, -1.031874060631e+00, 2.809610217810e-03, 0.0000e+00, 0.0000e+00, 
 2DIAGNOSTIC,    20, -1.032617330551e+00, 1.917004585266e-03, 0.0000e+00, 0.0000e+00, 
 2DIAGNOSTIC,    21, -1.033652544022e+00, 1.205857843161e-03, 0.0000e+00, 0.0000e+00, 
 2DIAGNOSTIC,    22, -1.033825755119e+00, 8.143931627274e-04, 0.0000e+00, 0.0000e+00, 
 2DIAGNOSTIC,    23, -1.035009026527e+00, 5.782097578049e-04, 0.0000e+00, 0.0000e+00, 
 2DIAGNOSTIC,    24, -1.036190509796e+00, 3.725215792656e-04, 0.0000e+00, 0.0000e+00, 
 2DIAGNOSTIC,    25, -1.036959767342e+00, 2.379119396210e-04, 0.0000e+00, 0.0000e+00, 
 2DIAGNOSTIC,    26, -1.038809895515e+00, 2.231523394585e-04, 0.0000e+00, 0.0000e+00, 
 2DIAGNOSTIC,    27, -1.039514660835e+00, 2.098791301250e-04, 0.0000e+00, 0.0000e+00, 
 2DIAGNOSTIC,    28, -1.040112018585e+00, 2.057924866676e-04, 0.0000e+00, 0.0000e+00, 
 2DIAGNOSTIC,    29, -1.040712475777e+00, 1.991167664528e-04, 0.0000e+00, 0.0000e+00, 
 2DIAGNOSTIC,    30, -1.041156649590e+00, 1.854747533798e-04, 0.0000e+00, 0.0000e+00, 
 2DIAGNOSTIC,    31, -1.041314959526e+00, 1.665279269218e-04, 0.0000e+00, 0.0000e+00, 
 2DIAGNOSTIC,    32, -1.041464924812e+00, 1.359842717648e-04, 0.0000e+00, 0.0000e+00, 
 2DIAGNOSTIC,    33, -1.041646003723e+00, 1.065619289875e-04, 0.0000e+00, 0.0000e+00, 
 2DIAGNOSTIC,    34, -1.041881084442e+00, 8.101016283035e-05, 0.0000e+00, 0.0000e+00, 
 2DIAGNOSTIC,    35, -1.042046308517e+00, 5.673244595528e-05, 0.0000e+00, 0.0000e+00, 
 2DIAGNOSTIC,    36, -1.042136073112e+00, 4.407018423080e-05, 0.0000e+00, 0.0000e+00, 
 2DIAGNOSTIC,    37, -1.042212367058e+00, 3.407709300518e-05, 0.0000e+00, 0.0000e+00, 
 2DIAGNOSTIC,    38, -1.042371034622e+00, 2.711638808250e-05, 0.0000e+00, 0.0000e+00, 
 2DIAGNOSTIC,    39, -1.042391777039e+00, 2.249330282211e-05, 0.0000e+00, 0.0000e+00, 
 2DIAGNOSTIC,    40, -1.042398810387e+00, 1.927465200424e-05, 0.0000e+00, 0.0000e+00, 
 2DIAGNOSTIC,    41, -1.042405486107e+00, 1.562759280205e-05, 0.0000e+00, 0.0000e+00, 
 2DIAGNOSTIC,    42, -1.042413115501e+00, 1.181662082672e-05, 0.0000e+00, 0.0000e+00, 
 2DIAGNOSTIC,    43, -1.042420864105e+00, 8.348375558853e-06, 0.0000e+00, 0.0000e+00, 
 2DIAGNOSTIC,    44, -1.042430400848e+00, 5.884096026421e-06, 0.0000e+00, 0.0000e+00, 
 2DIAGNOSTIC,    45, -1.042445302010e+00, 4.194676876068e-06, 0.0000e+00, 0.0000e+00, 
 2DIAGNOSTIC,    46, -1.042451381683e+00, 2.844259142876e-06, 0.0000e+00, 0.0000e+00, 
 2DIAGNOSTIC,    47, -1.042455911636e+00, 1.814216375351e-06, 0.0000e+00, 0.0000e+00, 
 2DIAGNOSTIC,    48, -1.042455434799e+00, 1.652166247368e-06, 0.0000e+00, 0.0000e+00, 
 2DIAGNOSTIC,    49, -1.042456984520e+00, 1.538544893265e-06, 0.0000e+00, 0.0000e+00, 
 2DIAGNOSTIC,    50, -1.042457699776e+00, 1.385807991028e-06, 0.0000e+00, 0.0000e+00, 
 2DIAGNOSTIC,    51, -1.042458415031e+00, 1.214444637299e-06, 0.0000e+00, 0.0000e+00, 
 2DIAGNOSTIC,    52, -1.042459249496e+00, 1.041218638420e-06, 0.0000e+00, 0.0000e+00, 
DIAGNOSTIC,Iteration,metricValue,convergenceValue,ITERATION_TIME_INDEX,SINCE_LAST
 2DIAGNOSTIC,     1, -7.819678187370e-01, 1.797693134862e+308, 1.2800e+02, 1.2800e+02, 
 2DIAGNOSTIC,     2, -7.856275439262e-01, 1.797693134862e+308, 1.2800e+02, 0.0000e+00, 
 2DIAGNOSTIC,     3, -7.912950515747e-01, 1.797693134862e+308, 1.2800e+02, 0.0000e+00, 
 2DIAGNOSTIC,     4, -7.985904812813e-01, 1.797693134862e+308, 1.2800e+02, 0.0000e+00, 
 2DIAGNOSTIC,     5, -8.056205511093e-01, 1.797693134862e+308, 1.2800e+02, 0.0000e+00, 
 2DIAGNOSTIC,     6, -8.097225427628e-01, 1.797693134862e+308, 1.2800e+02, 0.0000e+00, 
 2DIAGNOSTIC,     7, -8.124772310257e-01, 1.797693134862e+308, 1.2800e+02, 0.0000e+00, 
 2DIAGNOSTIC,     8, -8.176320195198e-01, 1.797693134862e+308, 1.2800e+02, 0.0000e+00, 
 2DIAGNOSTIC,     9, -8.194159269333e-01, 1.797693134862e+308, 1.2800e+02, 0.0000e+00, 
 2DIAGNOSTIC,    10, -8.201773762703e-01, 3.303095698357e-03, 1.2800e+02, 0.0000e+00, 
 2DIAGNOSTIC,    11, -8.210750222206e-01, 2.611830830574e-03, 1.2800e+02, 0.0000e+00, 
 2DIAGNOSTIC,    12, -8.217845559120e-01, 1.931458711624e-03, 1.2800e+02, 0.0000e+00, 
 2DIAGNOSTIC,    13, -8.228120803833e-01, 1.360274851322e-03, 1.2800e+02, 0.0000e+00, 
 2DIAGNOSTIC,    14, -8.237522840500e-01, 9.512081742287e-04, 1.2800e+02, 0.0000e+00, 
 2DIAGNOSTIC,    15, -8.250098228455e-01, 7.041543722153e-04, 1.2800e+02, 0.0000e+00, 
 2DIAGNOSTIC,    16, -8.261656761169e-01, 5.388855934143e-04, 1.2800e+02, 0.0000e+00, 
 2DIAGNOSTIC,    17, -8.278678059578e-01, 4.329159855843e-04, 1.2800e+02, 0.0000e+00, 
 2DIAGNOSTIC,    18, -8.286132812500e-01, 4.124082624912e-04, 1.2800e+02, 0.0000e+00, 
 2DIAGNOSTIC,    19, -8.290995359421e-01, 3.976859152317e-04, 1.2800e+02, 0.0000e+00, 
 2DIAGNOSTIC,    20, -8.304510712624e-01, 3.843866288662e-04, 1.2800e+02, 0.0000e+00, 
 2DIAGNOSTIC,    21, -8.327026367188e-01, 3.882199525833e-04, 1.2800e+02, 0.0000e+00, 
 2DIAGNOSTIC,    22, -8.334396481514e-01, 3.773421049118e-04, 1.2800e+02, 0.0000e+00, 
 2DIAGNOSTIC,    23, -8.337502479553e-01, 3.527291119099e-04, 1.2800e+02, 0.0000e+00, 
 2DIAGNOSTIC,    24, -8.338308334351e-01, 3.124587237835e-04, 1.2800e+02, 0.0000e+00, 
 2DIAGNOSTIC,    25, -8.339875340462e-01, 2.656280994415e-04, 1.2800e+02, 0.0000e+00, 
 2DIAGNOSTIC,    26, -8.342207074165e-01, 2.151504158974e-04, 1.2800e+02, 0.0000e+00, 
 2DIAGNOSTIC,    27, -8.343033790588e-01, 1.709982752800e-04, 1.2800e+02, 0.0000e+00, 
 2DIAGNOSTIC,    28, -8.344244956970e-01, 1.252032816410e-04, 1.2800e+02, 0.0000e+00, 
 2DIAGNOSTIC,    29, -8.344711065292e-01, 7.723644375801e-05, 1.2800e+02, 0.0000e+00, 
 2DIAGNOSTIC,    30, -8.344760537148e-01, 4.038587212563e-05, 1.2800e+02, 0.0000e+00, 
 2DIAGNOSTIC,    31, -8.344898223877e-01, 2.727657556534e-05, 1.2800e+02, 0.0000e+00, 
 2DIAGNOSTIC,    32, -8.345050811768e-01, 2.056732773781e-05, 1.2800e+02, 0.0000e+00, 
 2DIAGNOSTIC,    33, -8.345209956169e-01, 1.584365963936e-05, 1.2800e+02, 0.0000e+00, 
 2DIAGNOSTIC,    34, -8.345427513123e-01, 1.100823283195e-05, 1.2800e+02, 0.0000e+00, 
 2DIAGNOSTIC,    35, -8.345591425896e-01, 7.169321179390e-06, 1.2800e+02, 0.0000e+00, 
 2DIAGNOSTIC,    36, -8.345762491226e-01, 5.345791578293e-06, 1.2800e+02, 0.0000e+00, 
 2DIAGNOSTIC,    37, -8.345769643784e-01, 3.948807716370e-06, 1.2800e+02, 0.0000e+00, 
 2DIAGNOSTIC,    38, -8.345780372620e-01, 3.430992364883e-06, 1.2800e+02, 0.0000e+00, 
 2DIAGNOSTIC,    39, -8.345828652382e-01, 3.147870302200e-06, 1.2800e+02, 0.0000e+00, 
 2DIAGNOSTIC,    40, -8.345826268196e-01, 2.698972821236e-06, 1.2800e+02, 0.0000e+00, 
 2DIAGNOSTIC,    41, -8.345829248428e-01, 2.199783921242e-06, 1.2800e+02, 0.0000e+00, 
 2DIAGNOSTIC,    42, -8.345832824707e-01, 1.728534698486e-06, 1.2800e+02, 0.0000e+00, 
 2DIAGNOSTIC,    43, -8.345830440521e-01, 1.303851604462e-06, 1.2800e+02, 0.0000e+00, 
 2DIAGNOSTIC,    44, -8.345828056335e-01, 1.015141606331e-06, 1.2800e+02, 0.0000e+00, 
DIAGNOSTIC,Iteration,metricValue,convergenceValue,ITERATION_TIME_INDEX,SINCE_LAST
 2DIAGNOSTIC,     1, -6.951348185539e-01, 1.797693134862e+308, 1.2800e+02, 0.0000e+00, 
 2DIAGNOSTIC,     2, -6.965069770813e-01, 1.797693134862e+308, 1.2800e+02, 0.0000e+00, 
 2DIAGNOSTIC,     3, -6.978456974030e-01, 1.797693134862e+308, 1.2800e+02, 0.0000e+00, 
 2DIAGNOSTIC,     4, -6.986954212189e-01, 1.797693134862e+308, 1.2800e+02, 0.0000e+00, 
 2DIAGNOSTIC,     5, -6.992187500000e-01, 1.797693134862e+308, 1.2800e+02, 0.0000e+00, 
 2DIAGNOSTIC,     6, -7.000378966331e-01, 1.797693134862e+308, 1.2800e+02, 0.0000e+00, 
 2DIAGNOSTIC,     7, -7.008056640625e-01, 1.797693134862e+308, 1.2800e+02, 0.0000e+00, 
 2DIAGNOSTIC,     8, -7.010860443115e-01, 1.797693134862e+308, 1.2800e+02, 0.0000e+00, 
 2DIAGNOSTIC,     9, -7.011411190033e-01, 1.797693134862e+308, 1.2800e+02, 0.0000e+00, 
 2DIAGNOSTIC,    10, -7.011792063713e-01, 5.514994263649e-04, 1.2800e+02, 0.0000e+00, 
 2DIAGNOSTIC,    11, -7.012181878090e-01, 3.848597407341e-04, 1.2800e+02, 0.0000e+00, 
 2DIAGNOSTIC,    12, -7.012735605240e-01, 2.589449286461e-04, 1.2800e+02, 0.0000e+00, 
 2DIAGNOSTIC,    13, -7.012916207314e-01, 1.713111996651e-04, 1.2800e+02, 0.0000e+00, 
 2DIAGNOSTIC,    14, -7.012948393822e-01, 1.057907938957e-04, 1.2800e+02, 0.0000e+00, 
 2DIAGNOSTIC,    15, -7.013091444969e-01, 5.386024713516e-05, 1.2800e+02, 0.0000e+00, 
 2DIAGNOSTIC,    16, -7.013157010078e-01, 2.417713403702e-05, 1.2800e+02, 0.0000e+00, 
 2DIAGNOSTIC,    17, -7.013198137283e-01, 1.420825719833e-05, 1.2800e+02, 0.0000e+00, 
 2DIAGNOSTIC,    18, -7.013235688210e-01, 1.059100031853e-05, 1.2800e+02, 0.0000e+00, 
 2DIAGNOSTIC,    19, -7.013287544250e-01, 7.823109626770e-06, 1.2800e+02, 0.0000e+00, 
 2DIAGNOSTIC,    20, -7.013286948204e-01, 5.528330802917e-06, 1.2800e+02, 0.0000e+00, 
 2DIAGNOSTIC,    21, -7.013296484947e-01, 3.829598426819e-06, 1.2800e+02, 0.0000e+00, 
 2DIAGNOSTIC,    22, -7.013300061226e-01, 3.091990947723e-06, 2.5600e+02, 1.2800e+02, 
 2DIAGNOSTIC,    23, -7.013300657272e-01, 2.592802047729e-06, 2.5600e+02, 0.0000e+00, 
 2DIAGNOSTIC,    24, -7.013304829597e-01, 2.071261405945e-06, 2.5600e+02, 0.0000e+00, 
 2DIAGNOSTIC,    25, -7.013304829597e-01, 1.758337020874e-06, 2.5600e+02, 0.0000e+00, 
 2DIAGNOSTIC,    26, -7.013302445412e-01, 1.512467861176e-06, 2.5600e+02, 0.0000e+00, 
 2DIAGNOSTIC,    27, -7.013303041458e-01, 1.318752765656e-06, 2.5600e+02, 0.0000e+00, 
 2DIAGNOSTIC,    28, -7.013303041458e-01, 1.192092895508e-06, 2.5600e+02, 0.0000e+00, 
 2DIAGNOSTIC,    29, -7.013306021690e-01, 1.132488250732e-06, 2.5600e+02, 0.0000e+00, 
 2DIAGNOSTIC,    30, -7.013309001923e-01, 1.084059476852e-06, 2.5600e+02, 0.0000e+00, 
 2DIAGNOSTIC,    31, -7.013306021690e-01, 1.043081283569e-06, 2.5600e+02, 0.0000e+00, 
 2DIAGNOSTIC,    32, -7.013310194016e-01, 1.013278961182e-06, 2.5600e+02, 0.0000e+00, 
DIAGNOSTIC,Iteration,metricValue,convergenceValue,ITERATION_TIME_INDEX,SINCE_LAST
 2DIAGNOSTIC,     1, -5.998021960258e-01, 1.797693134862e+308, 2.5600e+02, 0.0000e+00, 
 2DIAGNOSTIC,     2, -6.000420451164e-01, 1.797693134862e+308, 2.5600e+02, 0.0000e+00, 
 2DIAGNOSTIC,     3, -6.002860069275e-01, 1.797693134862e+308, 2.5600e+02, 0.0000e+00, 
 2DIAGNOSTIC,     4, -6.006923317909e-01, 1.797693134862e+308, 2.5600e+02, 0.0000e+00, 
 2DIAGNOSTIC,     5, -6.008090972900e-01, 1.797693134862e+308, 3.8400e+02, 1.2800e+02, 
 2DIAGNOSTIC,     6, -6.008356809616e-01, 1.797693134862e+308, 3.8400e+02, 0.0000e+00, 
 2DIAGNOSTIC,     7, -6.008772850037e-01, 1.797693134862e+308, 3.8400e+02, 0.0000e+00, 
 2DIAGNOSTIC,     8, -6.008783578873e-01, 1.797693134862e+308, 3.8400e+02, 0.0000e+00, 
 2DIAGNOSTIC,     9, -6.008785963058e-01, 1.797693134862e+308, 3.8400e+02, 0.0000e+00, 
 2DIAGNOSTIC,    10, -6.008797287941e-01, 1.127272844315e-04, 3.8400e+02, 0.0000e+00, 
 2DIAGNOSTIC,    11, -6.008802652359e-01, 6.858259439468e-05, 3.8400e+02, 0.0000e+00, 
 2DIAGNOSTIC,    12, -6.008824706078e-01, 3.539770841599e-05, 5.1200e+02, 1.2800e+02, 
 2DIAGNOSTIC,    13, -6.008858680725e-01, 1.300126314163e-05, 5.1200e+02, 0.0000e+00, 
 2DIAGNOSTIC,    14, -6.008887887001e-01, 6.608664989471e-06, 5.1200e+02, 0.0000e+00, 
 2DIAGNOSTIC,    15, -6.008928418159e-01, 4.470348358154e-06, 5.1200e+02, 0.0000e+00, 
 2DIAGNOSTIC,    16, -6.008992791176e-01, 3.322958946228e-06, 5.1200e+02, 0.0000e+00, 
 2DIAGNOSTIC,    17, -6.009090542793e-01, 3.609806299210e-06, 5.1200e+02, 0.0000e+00, 
 2DIAGNOSTIC,    18, -6.009175181389e-01, 3.952533006668e-06, 5.1200e+02, 0.0000e+00, 
 2DIAGNOSTIC,    19, -6.009258627892e-01, 4.276633262634e-06, 5.1200e+02, 0.0000e+00, 
 2DIAGNOSTIC,    20, -6.009272336960e-01, 4.369765520096e-06, 6.4000e+02, 1.2800e+02, 
 2DIAGNOSTIC,    21, -6.009269356728e-01, 4.217028617859e-06, 6.4000e+02, 0.0000e+00, 
 2DIAGNOSTIC,    22, -6.009295582771e-01, 3.915280103683e-06, 6.4000e+02, 0.0000e+00, 
 2DIAGNOSTIC,    23, -6.009300351143e-01, 3.494322299957e-06, 6.4000e+02, 0.0000e+00, 
 2DIAGNOSTIC,    24, -6.009299755096e-01, 2.965331077576e-06, 6.4000e+02, 0.0000e+00, 
 2DIAGNOSTIC,    25, -6.009302139282e-01, 2.399086952209e-06, 6.4000e+02, 0.0000e+00, 
 2DIAGNOSTIC,    26, -6.009302139282e-01, 1.896172761917e-06, 6.4000e+02, 0.0000e+00, 
 2DIAGNOSTIC,    27, -6.009305119514e-01, 1.534819602966e-06, 7.6800e+02, 1.2800e+02, 
 2DIAGNOSTIC,    28, -6.009299159050e-01, 1.296401023865e-06, 7.6800e+02, 0.0000e+00, 
 2DIAGNOSTIC,    29, -6.009300947189e-01, 1.199543476105e-06, 7.6800e+02, 0.0000e+00, 
 2DIAGNOSTIC,    30, -6.009301543236e-01, 1.117587089539e-06, 7.6800e+02, 0.0000e+00, 
 2DIAGNOSTIC,    31, -6.009300947189e-01, 1.043081283569e-06, 7.6800e+02, 0.0000e+00, 
DIAGNOSTIC,Iteration,metricValue,convergenceValue,ITERATION_TIME_INDEX,SINCE_LAST
 2DIAGNOSTIC,     1, -5.391295552254e-01, 1.797693134862e+308, 8.9600e+02, 1.2800e+02, 
 2DIAGNOSTIC,     2, -5.392596721649e-01, 1.797693134862e+308, 1.0240e+03, 1.2800e+02, 
 2DIAGNOSTIC,     3, -5.393233895302e-01, 1.797693134862e+308, 1.1520e+03, 1.2800e+02, 
 2DIAGNOSTIC,     4, -5.393879413605e-01, 1.797693134862e+308, 1.2800e+03, 1.2800e+02, 
 2DIAGNOSTIC,     5, -5.394124984741e-01, 1.797693134862e+308, 1.4080e+03, 1.2800e+02, 
 2DIAGNOSTIC,     6, -5.394144058228e-01, 1.797693134862e+308, 1.5360e+03, 1.2800e+02, 
 2DIAGNOSTIC,     7, -5.394163727760e-01, 1.797693134862e+308, 1.6640e+03, 1.2800e+02, 
 2DIAGNOSTIC,     8, -5.394191145897e-01, 1.797693134862e+308, 1.7920e+03, 1.2800e+02, 
 2DIAGNOSTIC,     9, -5.394231081009e-01, 1.797693134862e+308, 1.7920e+03, 0.0000e+00, 
 2DIAGNOSTIC,    10, -5.394292473793e-01, 3.075599670410e-05, 1.9200e+03, 1.2800e+02, 
 2DIAGNOSTIC,    11, -5.394346117973e-01, 1.706182956696e-05, 2.1760e+03, 2.5600e+02, 
 2DIAGNOSTIC,    12, -5.394344329834e-01, 1.003593206406e-05, 2.3040e+03, 1.2800e+02, 
 2DIAGNOSTIC,    13, -5.394346714020e-01, 5.967915058136e-06, 2.3040e+03, 0.0000e+00, 
 2DIAGNOSTIC,    14, -5.394346714020e-01, 4.559755325317e-06, 2.4320e+03, 1.2800e+02, 
 2DIAGNOSTIC,    15, -5.394349098206e-01, 4.008412361145e-06, 2.5600e+03, 1.2800e+02, 
 2DIAGNOSTIC,    16, -5.394348502159e-01, 3.397464752197e-06, 2.6880e+03, 1.2800e+02, 
 2DIAGNOSTIC,    17, -5.394352078438e-01, 2.812594175339e-06, 2.8160e+03, 1.2800e+02, 
 2DIAGNOSTIC,    18, -5.394351482391e-01, 2.287328243256e-06, 2.9440e+03, 1.2800e+02, 
 2DIAGNOSTIC,    19, -5.394354462624e-01, 1.881271600723e-06, 3.0720e+03, 1.2800e+02, 
 2DIAGNOSTIC,    20, -5.394350886345e-01, 1.646578311920e-06, 3.2000e+03, 1.2800e+02, 
 2DIAGNOSTIC,    21, -5.394360423088e-01, 1.583248376846e-06, 3.3280e+03, 1.2800e+02, 
 2DIAGNOSTIC,    22, -5.394358038902e-01, 1.505017280579e-06, 3.4560e+03, 1.2800e+02, 
 2DIAGNOSTIC,    23, -5.394358634949e-01, 1.445412635803e-06, 3.5840e+03, 1.2800e+02, 
 2DIAGNOSTIC,    24, -5.394354462624e-01, 1.374632120132e-06, 3.7120e+03, 1.2800e+02, 
 2DIAGNOSTIC,    25, -5.394355654716e-01, 1.307576894760e-06, 3.8400e+03, 1.2800e+02, 
 2DIAGNOSTIC,    26, -5.394355654716e-01, 1.247972249985e-06, 3.9680e+03, 1.2800e+02, 
 2DIAGNOSTIC,    27, -5.394358038902e-01, 1.195818185806e-06, 4.0960e+03, 1.2800e+02, 
 2DIAGNOSTIC,    28, -5.394355654716e-01, 1.136213541031e-06, 4.2240e+03, 1.2800e+02, 
 2DIAGNOSTIC,    29, -5.394357442856e-01, 1.095235347748e-06, 4.3520e+03, 1.2800e+02, 
 2DIAGNOSTIC,    30, -5.394356250763e-01, 1.050531864166e-06, 4.4800e+03, 1.2800e+02, 
 2DIAGNOSTIC,    31, -5.394355654716e-01, 1.024454832077e-06, 4.6080e+03, 1.2800e+02, 
  Elapsed time (stage 0): 4.6080e+03


Total elapsed time: 4.6080e+03
-i /mnt/lustre/mathdugre/fast-interpolate/datasets/ds004513/derivatives/flint/ants/flint-vprec-single-five-levels/sub-s038/ses-open/anat/1/1_Rigid.nii.gz -o /mnt/lustre/mathdugre/fast-interpolate/datasets/ds004513/derivatives/flint/ants/flint-vprec-single-five-levels/sub-s038/ses-open/anat/11/1_transformed.nii.gz -t /mnt/lustre/mathdugre/fast-interpolate/datasets/ds004513/derivatives/flint/ants/flint-vprec-single-five-levels/sub-s038/ses-open/anat/11/1_0GenericAffine.mat
