---------------------
Experiment information

SIF_IMG: /mnt/lustre/mathdugre/containers/ants-flint-base.simg
SIF_IMG_BASE: /mnt/lustre/mathdugre/containers/ants-flint-base.simg
EXPERIMENT_NAME: flint-vprec-single
STAGE: syn
SUBJECT_ID: s025
REPETITION_ID: 1

FIXED_IMG: /templateflow/tpl-MNI152NLin2009cAsym/tpl-MNI152NLin2009cAsym_res-01_desc-brain_T1w.nii.gz
INPUT_IMG: /mnt/lustre/mathdugre/fast-interpolate/datasets/ds004513/derivatives/flint/ants/flint-vprec-single/sub-s025/ses-open/anat/10/1_Affine.nii.gz

DATA_DIR: /mnt/lustre/mathdugre/fast-interpolate/datasets/ds004513
OUTPUT_DIR: /mnt/lustre/mathdugre/fast-interpolate/datasets/ds004513/derivatives/flint/ants/flint-vprec-single/sub-s025/ses-open/anat
OUTPUT_PREFIX: 100
THREAD: 1
FLOAT: 0
VFC_BACKENDS: ieee
---------------------

--output [/mnt/lustre/mathdugre/fast-interpolate/datasets/ds004513/derivatives/flint/ants/flint-vprec-single/sub-s025/ses-open/anat/100/1_,/mnt/lustre/mathdugre/fast-interpolate/datasets/ds004513/derivatives/flint/ants/flint-vprec-single/sub-s025/ses-open/anat/100/1_Warped.nii.gz,/mnt/lustre/mathdugre/fast-interpolate/datasets/ds004513/derivatives/flint/ants/flint-vprec-single/sub-s025/ses-open/anat/100/1_InverseSyN.nii.gz] --initial-moving-transform [/templateflow/tpl-MNI152NLin2009cAsym/tpl-MNI152NLin2009cAsym_res-01_desc-brain_T1w.nii.gz,/mnt/lustre/mathdugre/fast-interpolate/datasets/ds004513/derivatives/flint/ants/flint-vprec-single/sub-s025/ses-open/anat/10/1_Affine.nii.gz,1] --transform SyN[ 0.1,3,0 ] --metric CC[/templateflow/tpl-MNI152NLin2009cAsym/tpl-MNI152NLin2009cAsym_res-01_desc-brain_T1w.nii.gz,/mnt/lustre/mathdugre/fast-interpolate/datasets/ds004513/derivatives/flint/ants/flint-vprec-single/sub-s025/ses-open/anat/10/1_Affine.nii.gz,1,4] --convergence [100x70x50x20,1e-6,10] --shrink-factors 8x4x2x1 --smoothing-sigmas 3x2x1x0vox
All_Command_lines_OK
Using double precision for computations.
=============================================================================
The composite transform comprises the following transforms (in order): 
  1. Center of mass alignment using fixed image: /templateflow/tpl-MNI152NLin2009cAsym/tpl-MNI152NLin2009cAsym_res-01_desc-brain_T1w.nii.gz and moving image: /mnt/lustre/mathdugre/fast-interpolate/datasets/ds004513/derivatives/flint/ants/flint-vprec-single/sub-s025/ses-open/anat/10/1_Affine.nii.gz (type = Euler3DTransform)
=============================================================================
  number of levels = 4
  fixed image: /templateflow/tpl-MNI152NLin2009cAsym/tpl-MNI152NLin2009cAsym_res-01_desc-brain_T1w.nii.gz
  moving image: /mnt/lustre/mathdugre/fast-interpolate/datasets/ds004513/derivatives/flint/ants/flint-vprec-single/sub-s025/ses-open/anat/10/1_Affine.nii.gz
Dimension = 3
Number of stages = 1
Use histogram matching = false
Winsorize image intensities = true
  Lower quantile = 0.005
  Upper quantile = 0.995


Stage 1 State
   Image metric = CC
     Fixed image = Image (0x55a2f706ea00)
  RTTI typeinfo:   itk::Image<double, 3u>
  Reference Count: 2
  Modified Time: 1622
  Debug: Off
  Object Name: 
  Observers: 
    none
  Source: (none)
  Source output name: (none)
  Release Data: Off
  Data Released: False
  Global Release Data: Off
  PipelineMTime: 0
  UpdateMTime: 1407
  RealTimeStamp: 0 seconds 
  LargestPossibleRegion: 
    Dimension: 3
    Index: [0, 0, 0]
    Size: [193, 229, 193]
  BufferedRegion: 
    Dimension: 3
    Index: [0, 0, 0]
    Size: [193, 229, 193]
  RequestedRegion: 
    Dimension: 3
    Index: [0, 0, 0]
    Size: [193, 229, 193]
  Spacing: [1, 1, 1]
  Origin: [96, 132, -78]
  Direction: 
-1 0 0
0 -1 0
0 0 1

  IndexToPointMatrix: 
-1 0 0
0 -1 0
0 0 1

  PointToIndexMatrix: 
-1 0 0
0 -1 0
0 0 1

  Inverse Direction: 
-1 0 0
0 -1 0
0 0 1

  PixelContainer: 
    ImportImageContainer (0x55a2f7102d50)
      RTTI typeinfo:   itk::ImportImageContainer<unsigned long, double>
      Reference Count: 1
      Modified Time: 1404
      Debug: Off
      Object Name: 
      Observers: 
        none
      Pointer: 0x7fe345a1e010
      Container manages memory: true
      Size: 8530021
      Capacity: 8530021

     Moving image = Image (0x55a2f7075870)
  RTTI typeinfo:   itk::Image<double, 3u>
  Reference Count: 2
  Modified Time: 1623
  Debug: Off
  Object Name: 
  Observers: 
    none
  Source: (none)
  Source output name: (none)
  Release Data: Off
  Data Released: False
  Global Release Data: Off
  PipelineMTime: 0
  UpdateMTime: 1620
  RealTimeStamp: 0 seconds 
  LargestPossibleRegion: 
    Dimension: 3
    Index: [0, 0, 0]
    Size: [193, 229, 193]
  BufferedRegion: 
    Dimension: 3
    Index: [0, 0, 0]
    Size: [193, 229, 193]
  RequestedRegion: 
    Dimension: 3
    Index: [0, 0, 0]
    Size: [193, 229, 193]
  Spacing: [1, 1, 1]
  Origin: [96, 132, -78]
  Direction: 
-1 0 0
0 -1 0
0 0 1

  IndexToPointMatrix: 
-1 0 0
0 -1 0
0 0 1

  PointToIndexMatrix: 
-1 0 0
0 -1 0
0 0 1

  Inverse Direction: 
-1 0 0
0 -1 0
0 0 1

  PixelContainer: 
    ImportImageContainer (0x55a2f7119d90)
      RTTI typeinfo:   itk::ImportImageContainer<unsigned long, double>
      Reference Count: 1
      Modified Time: 1617
      Debug: Off
      Object Name: 
      Observers: 
        none
      Pointer: 0x7fe341909010
      Container manages memory: true
      Size: 8530021
      Capacity: 8530021

     Weighting = 1
     Sampling strategy = none
     Number of bins = 32
     Radius = 4
     Sampling percentage  = 1
   Transform = SyN
     Gradient step = 0.1
     Update field sigma (voxel space) = 3
     Total field sigma (voxel space) = 0
     Update field time sigma = 0
     Total field time sigma  = 0
     Number of time indices = 0
     Number of time point samples = 0
Registration using 1 total stages.

Stage 0
  iterations = 100x70x50x20
  convergence threshold = 1e-06
  convergence window size = 10
  number of levels = 4
  using the CC metric (radius = 4, weight = 1, use gradient filter = 0)
  preprocessing:  winsorizing the image intensities
  Shrink factors (level 1 out of 4): [8, 8, 8]
  Shrink factors (level 2 out of 4): [4, 4, 4]
  Shrink factors (level 3 out of 4): [2, 2, 2]
  Shrink factors (level 4 out of 4): [1, 1, 1]
  smoothing sigmas per level: [3, 2, 1, 0]
  Using default NONE metricSamplingStrategy 

*** Running SyN registration (varianceForUpdateField = 3, varianceForTotalField = 0) ***

XXDIAGNOSTIC,Iteration,metricValue,convergenceValue,ITERATION_TIME_INDEX,SINCE_LAST
 1DIAGNOSTIC,     1, -9.175383085914e-01, 1.797693134862e+308, 2.1638e+00, 2.1638e+00, 
 1DIAGNOSTIC,     2, -9.279278109446e-01, 1.797693134862e+308, 2.9042e+00, 7.4041e-01, 
 1DIAGNOSTIC,     3, -9.362047598294e-01, 1.797693134862e+308, 3.6464e+00, 7.4226e-01, 
 1DIAGNOSTIC,     4, -9.425724389484e-01, 1.797693134862e+308, 4.3880e+00, 7.4154e-01, 
 1DIAGNOSTIC,     5, -9.474919817792e-01, 1.797693134862e+308, 5.1248e+00, 7.3681e-01, 
 1DIAGNOSTIC,     6, -9.509965618807e-01, 1.797693134862e+308, 5.8612e+00, 7.3642e-01, 
 1DIAGNOSTIC,     7, -9.541919518241e-01, 1.797693134862e+308, 6.5975e+00, 7.3632e-01, 
 1DIAGNOSTIC,     8, -9.574734805628e-01, 1.797693134862e+308, 7.3348e+00, 7.3728e-01, 
 1DIAGNOSTIC,     9, -9.604587144801e-01, 1.797693134862e+308, 8.0740e+00, 7.3921e-01, 
 1DIAGNOSTIC,    10, -9.633768188468e-01, 2.863670298352e-03, 8.8167e+00, 7.4275e-01, 
 1DIAGNOSTIC,    11, -9.660323560928e-01, 2.172813658153e-03, 9.5608e+00, 7.4409e-01, 
 1DIAGNOSTIC,    12, -9.680831029691e-01, 1.711204491173e-03, 1.0305e+01, 7.4429e-01, 
 1DIAGNOSTIC,    13, -9.696481373614e-01, 1.391150501634e-03, 1.1048e+01, 7.4285e-01, 
 1DIAGNOSTIC,    14, -9.706521208348e-01, 1.146694574041e-03, 1.1788e+01, 7.4031e-01, 
 1DIAGNOSTIC,    15, -9.708008940640e-01, 9.306750034302e-04, 1.2526e+01, 7.3724e-01, 
 1DIAGNOSTIC,    16, -9.706581164033e-01, 7.190010361460e-04, 1.3266e+01, 7.4085e-01, 
 1DIAGNOSTIC,    17, -9.711396360304e-01, 5.303172885295e-04, 1.4005e+01, 7.3825e-01, 
 1DIAGNOSTIC,    18, -9.711548222135e-01, 3.676121234131e-04, 1.4742e+01, 7.3729e-01, 
 1DIAGNOSTIC,    19, -9.711646236433e-01, 2.346105164109e-04, 1.5479e+01, 7.3709e-01, 
 1DIAGNOSTIC,    20, -9.711682437981e-01, 1.364529913784e-04, 1.6219e+01, 7.4044e-01, 
 1DIAGNOSTIC,    21, -9.712862006425e-01, 7.404293424604e-05, 1.6957e+01, 7.3735e-01, 
 1DIAGNOSTIC,    22, -9.710919401229e-01, 3.506312492896e-05, 1.7697e+01, 7.4046e-01, 
 1DIAGNOSTIC,    23, -9.713015878229e-01, 1.890837875170e-05, 1.8435e+01, 7.3770e-01, 
 1DIAGNOSTIC,    24, -9.710898462571e-01, 1.218744315192e-05, 1.9175e+01, 7.4054e-01, 
 1DIAGNOSTIC,    25, -9.712897369313e-01, 9.295972232065e-06, 1.9913e+01, 7.3763e-01, 
 1DIAGNOSTIC,    26, -9.710763258207e-01, 1.602065881817e-06, 2.0654e+01, 7.4040e-01, 
 1DIAGNOSTIC,    27, -9.712632963419e-01, 1.843731245191e-06, 2.1391e+01, 7.3772e-01, 
 1DIAGNOSTIC,    28, -9.710487107556e-01, -1.506361369044e-07, 2.2132e+01, 7.4030e-01, 
XXDIAGNOSTIC,Iteration,metricValue,convergenceValue,ITERATION_TIME_INDEX,SINCE_LAST
 1DIAGNOSTIC,     1, -9.114580339393e-01, 1.797693134862e+308, 2.9736e+01, 7.6049e+00, 
 1DIAGNOSTIC,     2, -9.147671051680e-01, 1.797693134862e+308, 3.5858e+01, 6.1220e+00, 
 1DIAGNOSTIC,     3, -9.185782984218e-01, 1.797693134862e+308, 4.1984e+01, 6.1256e+00, 
 1DIAGNOSTIC,     4, -9.219986539109e-01, 1.797693134862e+308, 4.8124e+01, 6.1396e+00, 
 1DIAGNOSTIC,     5, -9.247362316645e-01, 1.797693134862e+308, 5.4241e+01, 6.1174e+00, 
 1DIAGNOSTIC,     6, -9.272281584618e-01, 1.797693134862e+308, 6.0389e+01, 6.1484e+00, 
 1DIAGNOSTIC,     7, -9.294948018218e-01, 1.797693134862e+308, 6.6508e+01, 6.1185e+00, 
 1DIAGNOSTIC,     8, -9.314494576909e-01, 1.797693134862e+308, 7.2679e+01, 6.1710e+00, 
 1DIAGNOSTIC,     9, -9.332939214400e-01, 1.797693134862e+308, 7.8805e+01, 6.1258e+00, 
 1DIAGNOSTIC,    10, -9.345243278400e-01, 1.607467646979e-03, 8.4987e+01, 6.1820e+00, 
 1DIAGNOSTIC,    11, -9.357692438304e-01, 1.297107438408e-03, 9.1111e+01, 6.1248e+00, 
 1DIAGNOSTIC,    12, -9.366421752857e-01, 1.028095808419e-03, 9.7293e+01, 6.1815e+00, 
 1DIAGNOSTIC,    13, -9.376004662144e-01, 8.192571622497e-04, 1.0342e+02, 6.1272e+00, 
 1DIAGNOSTIC,    14, -9.382425205217e-01, 6.541187762196e-04, 1.0959e+02, 6.1732e+00, 
 1DIAGNOSTIC,    15, -9.390169886061e-01, 5.226000077896e-04, 1.1575e+02, 6.1591e+00, 
 1DIAGNOSTIC,    16, -9.394918195339e-01, 4.159217077736e-04, 1.2192e+02, 6.1695e+00, 
 1DIAGNOSTIC,    17, -9.399401120319e-01, 3.320719818833e-04, 1.2809e+02, 6.1656e+00, 
 1DIAGNOSTIC,    18, -9.403633461654e-01, 2.668975588810e-04, 1.3426e+02, 6.1759e+00, 
 1DIAGNOSTIC,    19, -9.407504417933e-01, 2.195747294183e-04, 1.4042e+02, 6.1611e+00, 
 1DIAGNOSTIC,    20, -9.411148067393e-01, 1.807218455518e-04, 1.4660e+02, 6.1716e+00, 
 1DIAGNOSTIC,    21, -9.414520908717e-01, 1.516823281530e-04, 1.5275e+02, 6.1504e+00, 
 1DIAGNOSTIC,    22, -9.417672201402e-01, 1.275121920011e-04, 1.5893e+02, 6.1846e+00, 
 1DIAGNOSTIC,    23, -9.420583488452e-01, 1.100780078750e-04, 1.6508e+02, 6.1512e+00, 
 1DIAGNOSTIC,    24, -9.423293403437e-01, 9.528314157322e-05, 1.7127e+02, 6.1843e+00, 
 1DIAGNOSTIC,    25, -9.425845565924e-01, 8.528506765792e-05, 1.7742e+02, 6.1558e+00, 
 1DIAGNOSTIC,    26, -9.428179402262e-01, 7.634625255044e-05, 1.8359e+02, 6.1707e+00, 
 1DIAGNOSTIC,    27, -9.430359561172e-01, 6.841281673503e-05, 1.8976e+02, 6.1659e+00, 
 1DIAGNOSTIC,    28, -9.432331366489e-01, 6.136581174894e-05, 1.9593e+02, 6.1704e+00, 
 1DIAGNOSTIC,    29, -9.434189805758e-01, 5.505331176083e-05, 2.0209e+02, 6.1629e+00, 
 1DIAGNOSTIC,    30, -9.435940829850e-01, 4.946101321524e-05, 2.0827e+02, 6.1736e+00, 
 1DIAGNOSTIC,    31, -9.437621953921e-01, 4.454224357952e-05, 2.1441e+02, 6.1485e+00, 
 1DIAGNOSTIC,    32, -9.439106811242e-01, 4.015519021056e-05, 2.2060e+02, 6.1864e+00, 
 1DIAGNOSTIC,    33, -9.440452924845e-01, 3.619290667375e-05, 2.2675e+02, 6.1532e+00, 
 1DIAGNOSTIC,    34, -9.441596673012e-01, 3.251955091629e-05, 2.3294e+02, 6.1849e+00, 
 1DIAGNOSTIC,    35, -9.442668812857e-01, 2.916221595197e-05, 2.3909e+02, 6.1540e+00, 
 1DIAGNOSTIC,    36, -9.443593443939e-01, 2.601604851651e-05, 2.4527e+02, 6.1819e+00, 
 1DIAGNOSTIC,    37, -9.444489695539e-01, 2.314200784928e-05, 2.5143e+02, 6.1566e+00, 
 1DIAGNOSTIC,    38, -9.445240764413e-01, 2.044457779546e-05, 2.5760e+02, 6.1726e+00, 
 1DIAGNOSTIC,    39, -9.445902915644e-01, 1.795501916588e-05, 2.6377e+02, 6.1626e+00, 
 1DIAGNOSTIC,    40, -9.446526916015e-01, 1.573453375771e-05, 2.6994e+02, 6.1784e+00, 
 1DIAGNOSTIC,    41, -9.447061988395e-01, 1.381549110008e-05, 2.7611e+02, 6.1671e+00, 
 1DIAGNOSTIC,    42, -9.447521639791e-01, 1.212838400221e-05, 2.8228e+02, 6.1724e+00, 
 1DIAGNOSTIC,    43, -9.447927546912e-01, 1.065497338951e-05, 2.8844e+02, 6.1524e+00, 
 1DIAGNOSTIC,    44, -9.448295594478e-01, 9.329709660288e-06, 2.9462e+02, 6.1869e+00, 
 1DIAGNOSTIC,    45, -9.448631185355e-01, 8.177404532003e-06, 3.0078e+02, 6.1515e+00, 
 1DIAGNOSTIC,    46, -9.448924688889e-01, 7.151607235585e-06, 3.0696e+02, 6.1876e+00, 
 1DIAGNOSTIC,    47, -9.449150827546e-01, 6.266460401912e-06, 3.1312e+02, 6.1541e+00, 
 1DIAGNOSTIC,    48, -9.449377801932e-01, 5.493985859400e-06, 3.1929e+02, 6.1737e+00, 
 1DIAGNOSTIC,    49, -9.449482075147e-01, 4.756853962753e-06, 3.2546e+02, 6.1676e+00, 
 1DIAGNOSTIC,    50, -9.449610060417e-01, 4.106470222885e-06, 3.3163e+02, 6.1710e+00, 
 1DIAGNOSTIC,    51, -9.449698697273e-01, 3.514678735581e-06, 3.3779e+02, 6.1655e+00, 
 1DIAGNOSTIC,    52, -9.449842441788e-01, 3.015985349318e-06, 3.4397e+02, 6.1747e+00, 
 1DIAGNOSTIC,    53, -9.449923890492e-01, 2.579637607213e-06, 3.5012e+02, 6.1535e+00, 
 1DIAGNOSTIC,    54, -9.449988424611e-01, 2.209599641041e-06, 3.5631e+02, 6.1862e+00, 
 1DIAGNOSTIC,    55, -9.450036280815e-01, 1.906820044084e-06, 3.6246e+02, 6.1515e+00, 
 1DIAGNOSTIC,    56, -9.450070458308e-01, 1.662526919882e-06, 3.6865e+02, 6.1876e+00, 
 1DIAGNOSTIC,    57, -9.450087208731e-01, 1.447895371785e-06, 3.7480e+02, 6.1522e+00, 
 1DIAGNOSTIC,    58, -9.450112820873e-01, 1.286404138101e-06, 3.8099e+02, 6.1846e+00, 
 1DIAGNOSTIC,    59, -9.450111595764e-01, 1.111633322743e-06, 3.8714e+02, 6.1578e+00, 
 1DIAGNOSTIC,    60, -9.450090576941e-01, 9.418145468232e-07, 3.9332e+02, 6.1731e+00, 
XXDIAGNOSTIC,Iteration,metricValue,convergenceValue,ITERATION_TIME_INDEX,SINCE_LAST
 1DIAGNOSTIC,     1, -8.966334943241e-01, 1.797693134862e+308, 4.4448e+02, 5.1161e+01, 
 1DIAGNOSTIC,     2, -8.986386918337e-01, 1.797693134862e+308, 4.9383e+02, 4.9355e+01, 
 1DIAGNOSTIC,     3, -9.014784856473e-01, 1.797693134862e+308, 5.4300e+02, 4.9164e+01, 
 1DIAGNOSTIC,     4, -9.039392044085e-01, 1.797693134862e+308, 5.9218e+02, 4.9180e+01, 
 1DIAGNOSTIC,     5, -9.062595846719e-01, 1.797693134862e+308, 6.4132e+02, 4.9149e+01, 
 1DIAGNOSTIC,     6, -9.084440175174e-01, 1.797693134862e+308, 6.9050e+02, 4.9174e+01, 
 1DIAGNOSTIC,     7, -9.104246676134e-01, 1.797693134862e+308, 7.3966e+02, 4.9161e+01, 
 1DIAGNOSTIC,     8, -9.121874761753e-01, 1.797693134862e+308, 7.8883e+02, 4.9172e+01, 
 1DIAGNOSTIC,     9, -9.137876412760e-01, 1.797693134862e+308, 8.3817e+02, 4.9339e+01, 
 1DIAGNOSTIC,    10, -9.152671211355e-01, 1.343988871239e-03, 8.8755e+02, 4.9381e+01, 
 1DIAGNOSTIC,    11, -9.164742848555e-01, 1.138501938527e-03, 9.3708e+02, 4.9526e+01, 
 1DIAGNOSTIC,    12, -9.175036142940e-01, 9.434876024954e-04, 9.8662e+02, 4.9544e+01, 
 1DIAGNOSTIC,    13, -9.182318940985e-01, 7.786413696584e-04, 1.0362e+03, 4.9543e+01, 
 1DIAGNOSTIC,    14, -9.188486214015e-01, 6.349494138586e-04, 1.0857e+03, 4.9547e+01, 
 1DIAGNOSTIC,    15, -9.193786098782e-01, 5.113877530495e-04, 1.1352e+03, 4.9518e+01, 
 1DIAGNOSTIC,    16, -9.198431936700e-01, 4.076928422299e-04, 1.1848e+03, 4.9548e+01, 
 1DIAGNOSTIC,    17, -9.202568403423e-01, 3.223569760967e-04, 1.2343e+03, 4.9533e+01, 
 1DIAGNOSTIC,    18, -9.206318327607e-01, 2.535764615621e-04, 1.2839e+03, 4.9554e+01, 
 1DIAGNOSTIC,    19, -9.209701765283e-01, 2.001495800623e-04, 1.3334e+03, 4.9529e+01, 
 1DIAGNOSTIC,    20, -9.212828649149e-01, 1.612312019519e-04, 1.3829e+03, 4.9536e+01, 
 1DIAGNOSTIC,    21, -9.215729407508e-01, 1.330606720781e-04, 1.4324e+03, 4.9493e+01, 
 1DIAGNOSTIC,    22, -9.218454447585e-01, 1.134021046581e-04, 1.4820e+03, 4.9544e+01, 
 1DIAGNOSTIC,    23, -9.221008142378e-01, 9.812925990994e-05, 1.5315e+03, 4.9520e+01, 
 1DIAGNOSTIC,    24, -9.223395033643e-01, 8.601585644366e-05, 1.5810e+03, 4.9532e+01, 
 1DIAGNOSTIC,    25, -9.225671185626e-01, 7.623040153772e-05, 1.6306e+03, 4.9535e+01, 
 1DIAGNOSTIC,    26, -9.227816926504e-01, 6.816855016045e-05, 1.6801e+03, 4.9527e+01, 
 1DIAGNOSTIC,    27, -9.229866338546e-01, 6.142939409470e-05, 1.7296e+03, 4.9491e+01, 
 1DIAGNOSTIC,    28, -9.231870338337e-01, 5.579498260203e-05, 1.7791e+03, 4.9552e+01, 
 1DIAGNOSTIC,    29, -9.233688450417e-01, 5.088637344235e-05, 1.8286e+03, 4.9518e+01, 
 1DIAGNOSTIC,    30, -9.235433306642e-01, 4.657822242081e-05, 1.8782e+03, 4.9536e+01, 
 1DIAGNOSTIC,    31, -9.237105136676e-01, 4.276107001967e-05, 1.9277e+03, 4.9501e+01, 
 1DIAGNOSTIC,    32, -9.238695681542e-01, 3.935929042021e-05, 1.9772e+03, 4.9536e+01, 
 1DIAGNOSTIC,    33, -9.240218499003e-01, 3.630843276620e-05, 2.0267e+03, 4.9524e+01, 
 1DIAGNOSTIC,    34, -9.241670040714e-01, 3.353895079265e-05, 2.0763e+03, 4.9556e+01, 
 1DIAGNOSTIC,    35, -9.243026410452e-01, 3.100870314669e-05, 2.1258e+03, 4.9523e+01, 
 1DIAGNOSTIC,    36, -9.244348254820e-01, 2.870602009474e-05, 2.1754e+03, 4.9539e+01, 
 1DIAGNOSTIC,    37, -9.245595173562e-01, 2.660425208588e-05, 2.2249e+03, 4.9518e+01, 
 1DIAGNOSTIC,    38, -9.246811917690e-01, 2.475577406304e-05, 2.2744e+03, 4.9542e+01, 
 1DIAGNOSTIC,    39, -9.247960478694e-01, 2.304913944298e-05, 2.3239e+03, 4.9524e+01, 
 1DIAGNOSTIC,    40, -9.249060881724e-01, 2.148332021936e-05, 2.3735e+03, 4.9562e+01, 
 1DIAGNOSTIC,    41, -9.250128972212e-01, 2.006371745670e-05, 2.4230e+03, 4.9536e+01, 
 1DIAGNOSTIC,    42, -9.251166890088e-01, 1.878307408688e-05, 2.4726e+03, 4.9546e+01, 
 1DIAGNOSTIC,    43, -9.252148239494e-01, 1.761937484131e-05, 2.5221e+03, 4.9544e+01, 
 1DIAGNOSTIC,    44, -9.253102268373e-01, 1.656677371532e-05, 2.5717e+03, 4.9547e+01, 
 1DIAGNOSTIC,    45, -9.254045777076e-01, 1.560756093012e-05, 2.6212e+03, 4.9520e+01, 
 1DIAGNOSTIC,    46, -9.254984666018e-01, 1.476598890904e-05, 2.6707e+03, 4.9547e+01, 
 1DIAGNOSTIC,    47, -9.255893051894e-01, 1.401279464842e-05, 2.7203e+03, 4.9521e+01, 
 1DIAGNOSTIC,    48, -9.256800630447e-01, 1.336602896598e-05, 2.7698e+03, 4.9535e+01, 
 1DIAGNOSTIC,    49, -9.257696239411e-01, 1.280289196840e-05, 2.8193e+03, 4.9527e+01, 
 1DIAGNOSTIC,    50, -9.258571958661e-01, 1.230379944850e-05, 2.8689e+03, 4.9550e+01, 
XXDIAGNOSTIC,Iteration,metricValue,convergenceValue,ITERATION_TIME_INDEX,SINCE_LAST
 1DIAGNOSTIC,     1, -8.933144950675e-01, 1.797693134862e+308, 3.2772e+03, 4.0837e+02, 
 1DIAGNOSTIC,     2, -8.947799616150e-01, 1.797693134862e+308, 3.6788e+03, 4.0156e+02, 
 1DIAGNOSTIC,     3, -8.965554764375e-01, 1.797693134862e+308, 4.0803e+03, 4.0153e+02, 
 1DIAGNOSTIC,     4, -8.983316161382e-01, 1.797693134862e+308, 4.4820e+03, 4.0163e+02, 
 1DIAGNOSTIC,     5, -8.999598991503e-01, 1.797693134862e+308, 4.8849e+03, 4.0289e+02, 
 1DIAGNOSTIC,     6, -9.015509383068e-01, 1.797693134862e+308, 5.2864e+03, 4.0155e+02, 
 1DIAGNOSTIC,     7, -9.028733064022e-01, 1.797693134862e+308, 5.6895e+03, 4.0305e+02, 
 1DIAGNOSTIC,     8, -9.041990138447e-01, 1.797693134862e+308, 6.0909e+03, 4.0141e+02, 
 1DIAGNOSTIC,     9, -9.054086688251e-01, 1.797693134862e+308, 6.4908e+03, 3.9990e+02, 
 1DIAGNOSTIC,    10, -9.065858448100e-01, 9.598459555459e-04, 6.8908e+03, 4.0006e+02, 
 1DIAGNOSTIC,    11, -9.077392745564e-01, 8.312754018236e-04, 7.2908e+03, 3.9996e+02, 
 1DIAGNOSTIC,    12, -9.088424561295e-01, 7.165259912108e-04, 7.6923e+03, 4.0149e+02, 
 1DIAGNOSTIC,    13, -9.098555813643e-01, 6.217969111703e-04, 8.0953e+03, 4.0306e+02, 
 1DIAGNOSTIC,    14, -9.107296520516e-01, 5.433042716481e-04, 8.4983e+03, 4.0299e+02, 
 1DIAGNOSTIC,    15, -9.114309773505e-01, 4.741685911322e-04, 8.9016e+03, 4.0332e+02, 
 1DIAGNOSTIC,    16, -9.121061749580e-01, 4.145385544185e-04, 9.3048e+03, 4.0313e+02, 
 1DIAGNOSTIC,    17, -9.127429030669e-01, 3.597097651799e-04, 9.7078e+03, 4.0302e+02, 
 1DIAGNOSTIC,    18, -9.133518197696e-01, 3.112938400474e-04, 1.0111e+04, 4.0320e+02, 
 1DIAGNOSTIC,    19, -9.139322633351e-01, 2.685545915596e-04, 1.0514e+04, 4.0305e+02, 
 1DIAGNOSTIC,    20, -9.144923311271e-01, 2.322733292139e-04, 1.0901e+04, 3.8649e+02, 
  Elapsed time (stage 0): 10903.7


Total elapsed time: 10903.7
-i /mnt/lustre/mathdugre/fast-interpolate/datasets/ds004513/derivatives/flint/ants/flint-vprec-single/sub-s025/ses-open/anat/10/1_Affine.nii.gz -o /mnt/lustre/mathdugre/fast-interpolate/datasets/ds004513/derivatives/flint/ants/flint-vprec-single/sub-s025/ses-open/anat/100/1_transformed.nii.gz -t /mnt/lustre/mathdugre/fast-interpolate/datasets/ds004513/derivatives/flint/ants/flint-vprec-single/sub-s025/ses-open/anat/100/1_1Warp.nii.gz -t /mnt/lustre/mathdugre/fast-interpolate/datasets/ds004513/derivatives/flint/ants/flint-vprec-single/sub-s025/ses-open/anat/100/1_0GenericAffine.mat
