---------------------
Experiment information

SIF_IMG: /mnt/lustre/mathdugre/containers/ants-flint-vprec.simg
SIF_IMG_BASE: /mnt/lustre/mathdugre/containers/ants-flint-base.simg
EXPERIMENT_NAME: flint-vprec-single
STAGE: syn
SUBJECT_ID: s031
REPETITION_ID: 1

FIXED_IMG: /templateflow/tpl-MNI152NLin2009cAsym/tpl-MNI152NLin2009cAsym_res-01_desc-brain_T1w.nii.gz
INPUT_IMG: /mnt/lustre/mathdugre/fast-interpolate/datasets/ds004513/derivatives/flint/ants/flint-vprec-single/sub-s031/ses-open/anat/10/1_Affine.nii.gz

DATA_DIR: /mnt/lustre/mathdugre/fast-interpolate/datasets/ds004513
OUTPUT_DIR: /mnt/lustre/mathdugre/fast-interpolate/datasets/ds004513/derivatives/flint/ants/flint-vprec-single/sub-s031/ses-open/anat
OUTPUT_PREFIX: 101
THREAD: 1
FLOAT: 0
VFC_BACKENDS: libinterflop_vprec.so --precision-binary32=23 --range-binary32=8 --precision-binary64=23 --range-binary64=8
---------------------

--output [/mnt/lustre/mathdugre/fast-interpolate/datasets/ds004513/derivatives/flint/ants/flint-vprec-single/sub-s031/ses-open/anat/101/1_,/mnt/lustre/mathdugre/fast-interpolate/datasets/ds004513/derivatives/flint/ants/flint-vprec-single/sub-s031/ses-open/anat/101/1_Warped.nii.gz,/mnt/lustre/mathdugre/fast-interpolate/datasets/ds004513/derivatives/flint/ants/flint-vprec-single/sub-s031/ses-open/anat/101/1_InverseSyN.nii.gz] --initial-moving-transform [/templateflow/tpl-MNI152NLin2009cAsym/tpl-MNI152NLin2009cAsym_res-01_desc-brain_T1w.nii.gz,/mnt/lustre/mathdugre/fast-interpolate/datasets/ds004513/derivatives/flint/ants/flint-vprec-single/sub-s031/ses-open/anat/10/1_Affine.nii.gz,1] --transform SyN[ 0.1,3,0 ] --metric CC[/templateflow/tpl-MNI152NLin2009cAsym/tpl-MNI152NLin2009cAsym_res-01_desc-brain_T1w.nii.gz,/mnt/lustre/mathdugre/fast-interpolate/datasets/ds004513/derivatives/flint/ants/flint-vprec-single/sub-s031/ses-open/anat/10/1_Affine.nii.gz,1,4] --convergence [100x70x50x20,1e-6,10] --shrink-factors 8x4x2x1 --smoothing-sigmas 3x2x1x0vox
All_Command_lines_OK
Using double precision for computations.
=============================================================================
The composite transform comprises the following transforms (in order): 
  1. Center of mass alignment using fixed image: /templateflow/tpl-MNI152NLin2009cAsym/tpl-MNI152NLin2009cAsym_res-01_desc-brain_T1w.nii.gz and moving image: /mnt/lustre/mathdugre/fast-interpolate/datasets/ds004513/derivatives/flint/ants/flint-vprec-single/sub-s031/ses-open/anat/10/1_Affine.nii.gz (type = Euler3DTransform)
=============================================================================
  number of levels = 4
  fixed image: /templateflow/tpl-MNI152NLin2009cAsym/tpl-MNI152NLin2009cAsym_res-01_desc-brain_T1w.nii.gz
  moving image: /mnt/lustre/mathdugre/fast-interpolate/datasets/ds004513/derivatives/flint/ants/flint-vprec-single/sub-s031/ses-open/anat/10/1_Affine.nii.gz
Dimension = 3
Number of stages = 1
Use histogram matching = false
Winsorize image intensities = true
  Lower quantile = 0.005
  Upper quantile = 0.995


Stage 1 State
   Image metric = CC
     Fixed image = Image (0x4a1cb50)
  RTTI typeinfo:   itk::Image<double, 3u>
  Reference Count: 2
  Modified Time: 1622
  Debug: Off
  Object Name: 
  Observers: 
    none
  Source: (none)
  Source output name: (none)
  Release Data: Off
  Data Released: False
  Global Release Data: Off
  PipelineMTime: 0
  UpdateMTime: 1407
  RealTimeStamp: 0 seconds 
  LargestPossibleRegion: 
    Dimension: 3
    Index: [0, 0, 0]
    Size: [193, 229, 193]
  BufferedRegion: 
    Dimension: 3
    Index: [0, 0, 0]
    Size: [193, 229, 193]
  RequestedRegion: 
    Dimension: 3
    Index: [0, 0, 0]
    Size: [193, 229, 193]
  Spacing: [1, 1, 1]
  Origin: [96, 132, -78]
  Direction: 
-1 0 0
0 -1 0
0 0 1

  IndexToPointMatrix: 
-1 0 0
0 -1 0
0 0 1

  PointToIndexMatrix: 
-1 0 0
0 -1 0
0 0 1

  Inverse Direction: 
-1 0 0
0 -1 0
0 0 1

  PixelContainer: 
    ImportImageContainer (0x4a956d0)
      RTTI typeinfo:   itk::ImportImageContainer<unsigned long, double>
      Reference Count: 1
      Modified Time: 1404
      Debug: Off
      Object Name: 
      Observers: 
        none
      Pointer: 0x7f59a1d54010
      Container manages memory: true
      Size: 8530021
      Capacity: 8530021

     Moving image = Image (0x4a28d60)
  RTTI typeinfo:   itk::Image<double, 3u>
  Reference Count: 2
  Modified Time: 1623
  Debug: Off
  Object Name: 
  Observers: 
    none
  Source: (none)
  Source output name: (none)
  Release Data: Off
  Data Released: False
  Global Release Data: Off
  PipelineMTime: 0
  UpdateMTime: 1620
  RealTimeStamp: 0 seconds 
  LargestPossibleRegion: 
    Dimension: 3
    Index: [0, 0, 0]
    Size: [193, 229, 193]
  BufferedRegion: 
    Dimension: 3
    Index: [0, 0, 0]
    Size: [193, 229, 193]
  RequestedRegion: 
    Dimension: 3
    Index: [0, 0, 0]
    Size: [193, 229, 193]
  Spacing: [1, 1, 1]
  Origin: [96, 132, -78]
  Direction: 
-1 0 0
0 -1 0
0 0 1

  IndexToPointMatrix: 
-1 0 0
0 -1 0
0 0 1

  PointToIndexMatrix: 
-1 0 0
0 -1 0
0 0 1

  Inverse Direction: 
-1 0 0
0 -1 0
0 0 1

  PixelContainer: 
    ImportImageContainer (0x4af57d0)
      RTTI typeinfo:   itk::ImportImageContainer<unsigned long, double>
      Reference Count: 1
      Modified Time: 1617
      Debug: Off
      Object Name: 
      Observers: 
        none
      Pointer: 0x7f599dc3f010
      Container manages memory: true
      Size: 8530021
      Capacity: 8530021

     Weighting = 1
     Sampling strategy = none
     Number of bins = 32
     Radius = 4
     Sampling percentage  = 1
   Transform = SyN
     Gradient step = 0.1
     Update field sigma (voxel space) = 3
     Total field sigma (voxel space) = 0
     Update field time sigma = 0
     Total field time sigma  = 0
     Number of time indices = 0
     Number of time point samples = 0
Registration using 1 total stages.

Stage 0
  iterations = 100x70x50x20
  convergence threshold = 1e-06
  convergence window size = 10
  number of levels = 4
  using the CC metric (radius = 4, weight = 1, use gradient filter = 0)
  preprocessing:  winsorizing the image intensities
  Shrink factors (level 1 out of 4): [8, 8, 8]
  Shrink factors (level 2 out of 4): [4, 4, 4]
  Shrink factors (level 3 out of 4): [2, 2, 2]
  Shrink factors (level 4 out of 4): [1, 1, 1]
  smoothing sigmas per level: [3, 2, 1, 0]
  Using default NONE metricSamplingStrategy 

*** Running SyN registration (varianceForUpdateField = 3, varianceForTotalField = 0) ***

XXDIAGNOSTIC,Iteration,metricValue,convergenceValue,ITERATION_TIME_INDEX,SINCE_LAST
 1DIAGNOSTIC,     1, -9.453634023666e-01, 1.797693134862e+308, 0.0000e+00, 0.0000e+00, 
 1DIAGNOSTIC,     2, -9.511245489120e-01, 1.797693134862e+308, 0.0000e+00, 0.0000e+00, 
 1DIAGNOSTIC,     3, -9.557081460953e-01, 1.797693134862e+308, 0.0000e+00, 0.0000e+00, 
 1DIAGNOSTIC,     4, -9.590965509415e-01, 1.797693134862e+308, 1.2800e+02, 1.2800e+02, 
 1DIAGNOSTIC,     5, -9.628474712372e-01, 1.797693134862e+308, 1.2800e+02, 0.0000e+00, 
 1DIAGNOSTIC,     6, -9.667201042175e-01, 1.797693134862e+308, 1.2800e+02, 0.0000e+00, 
 1DIAGNOSTIC,     7, -9.697154164314e-01, 1.797693134862e+308, 1.2800e+02, 0.0000e+00, 
 1DIAGNOSTIC,     8, -9.721195697784e-01, 1.797693134862e+308, 1.2800e+02, 0.0000e+00, 
 1DIAGNOSTIC,     9, -9.738736152649e-01, 1.797693134862e+308, 1.2800e+02, 0.0000e+00, 
 1DIAGNOSTIC,    10, -9.749796390533e-01, 1.968711614609e-03, 1.2800e+02, 0.0000e+00, 
 1DIAGNOSTIC,    11, -9.752556085587e-01, 1.507863402367e-03, 1.2800e+02, 0.0000e+00, 
 1DIAGNOSTIC,    12, -9.758971929550e-01, 1.145154237747e-03, 2.5600e+02, 1.2800e+02, 
 1DIAGNOSTIC,    13, -9.759055972099e-01, 8.386522531509e-04, 2.5600e+02, 0.0000e+00, 
 1DIAGNOSTIC,    14, -9.763236045837e-01, 5.794763565063e-04, 2.5600e+02, 0.0000e+00, 
 1DIAGNOSTIC,    15, -9.761842489243e-01, 3.720298409462e-04, 2.5600e+02, 0.0000e+00, 
 1DIAGNOSTIC,    16, -9.765256643295e-01, 2.335831522942e-04, 2.5600e+02, 0.0000e+00, 
 1DIAGNOSTIC,    17, -9.762210249901e-01, 1.359134912491e-04, 2.5600e+02, 0.0000e+00, 
 1DIAGNOSTIC,    18, -9.764202833176e-01, 7.880106568336e-05, 2.5600e+02, 0.0000e+00, 
 1DIAGNOSTIC,    19, -9.762011170387e-01, 4.386529326439e-05, 3.8400e+02, 1.2800e+02, 
 1DIAGNOSTIC,    20, -9.764162302017e-01, 2.791732549667e-05, 3.8400e+02, 0.0000e+00, 
 1DIAGNOSTIC,    21, -9.762068390846e-01, 1.170858740807e-05, 3.8400e+02, 0.0000e+00, 
 1DIAGNOSTIC,    22, -9.763989448547e-01, 7.260590791702e-06, 3.8400e+02, 0.0000e+00, 
 1DIAGNOSTIC,    23, -9.761967062950e-01, 1.117587089539e-08, 3.8400e+02, 0.0000e+00, 
XXDIAGNOSTIC,Iteration,metricValue,convergenceValue,ITERATION_TIME_INDEX,SINCE_LAST
 1DIAGNOSTIC,     1, -9.236254692078e-01, 1.797693134862e+308, 6.4000e+02, 2.5600e+02, 
 1DIAGNOSTIC,     2, -9.258843660355e-01, 1.797693134862e+308, 7.6800e+02, 1.2800e+02, 
 1DIAGNOSTIC,     3, -9.286640286446e-01, 1.797693134862e+308, 8.9600e+02, 1.2800e+02, 
 1DIAGNOSTIC,     4, -9.317945241928e-01, 1.797693134862e+308, 1.0240e+03, 1.2800e+02, 
 1DIAGNOSTIC,     5, -9.341670274734e-01, 1.797693134862e+308, 1.1520e+03, 1.2800e+02, 
 1DIAGNOSTIC,     6, -9.360392093658e-01, 1.797693134862e+308, 1.2800e+03, 1.2800e+02, 
 1DIAGNOSTIC,     7, -9.375041127205e-01, 1.797693134862e+308, 1.5360e+03, 2.5600e+02, 
 1DIAGNOSTIC,     8, -9.386723041534e-01, 1.797693134862e+308, 1.6640e+03, 1.2800e+02, 
 1DIAGNOSTIC,     9, -9.396661520004e-01, 1.797693134862e+308, 1.7920e+03, 1.2800e+02, 
 1DIAGNOSTIC,    10, -9.404368400574e-01, 1.185886561871e-03, 1.9200e+03, 1.2800e+02, 
 1DIAGNOSTIC,    11, -9.411351084709e-01, 9.267330169678e-04, 2.0480e+03, 1.2800e+02, 
 1DIAGNOSTIC,    12, -9.417089223862e-01, 6.991401314735e-04, 2.1760e+03, 1.2800e+02, 
 1DIAGNOSTIC,    13, -9.420706033707e-01, 5.160346627235e-04, 2.4320e+03, 2.5600e+02, 
 1DIAGNOSTIC,    14, -9.424575567245e-01, 3.880932927132e-04, 2.5600e+03, 1.2800e+02, 
 1DIAGNOSTIC,    15, -9.426761269569e-01, 2.938881516457e-04, 2.6880e+03, 1.2800e+02, 
 1DIAGNOSTIC,    16, -9.430279731750e-01, 2.264678478241e-04, 2.8160e+03, 1.2800e+02, 
 1DIAGNOSTIC,    17, -9.432189464569e-01, 1.755021512508e-04, 2.9440e+03, 1.2800e+02, 
 1DIAGNOSTIC,    18, -9.435540437698e-01, 1.392439007759e-04, 3.0720e+03, 1.2800e+02, 
 1DIAGNOSTIC,    19, -9.437241554260e-01, 1.124255359173e-04, 3.3280e+03, 2.5600e+02, 
 1DIAGNOSTIC,    20, -9.440484642982e-01, 9.443610906601e-05, 3.4560e+03, 1.2800e+02, 
 1DIAGNOSTIC,    21, -9.442055225372e-01, 8.163228631020e-05, 3.5840e+03, 1.2800e+02, 
 1DIAGNOSTIC,    22, -9.443602561951e-01, 7.247924804688e-05, 3.7120e+03, 1.2800e+02, 
 1DIAGNOSTIC,    23, -9.445272684097e-01, 6.433203816414e-05, 3.8400e+03, 1.2800e+02, 
 1DIAGNOSTIC,    24, -9.446863532066e-01, 5.780532956123e-05, 3.9680e+03, 1.2800e+02, 
 1DIAGNOSTIC,    25, -9.448423385620e-01, 5.092099308968e-05, 4.2240e+03, 2.5600e+02, 
 1DIAGNOSTIC,    26, -9.449932575226e-01, 4.571676254272e-05, 4.3520e+03, 1.2800e+02, 
 1DIAGNOSTIC,    27, -9.451398849487e-01, 4.043057560921e-05, 4.4800e+03, 1.2800e+02, 
 1DIAGNOSTIC,    28, -9.452828764915e-01, 3.695487976074e-05, 4.6080e+03, 1.2800e+02, 
 1DIAGNOSTIC,    29, -9.454198479652e-01, 3.345310688019e-05, 4.7360e+03, 1.2800e+02, 
 1DIAGNOSTIC,    30, -9.455495476723e-01, 3.166124224663e-05, 4.9920e+03, 2.5600e+02, 
 1DIAGNOSTIC,    31, -9.456765055656e-01, 2.982094883919e-05, 5.1200e+03, 1.2800e+02, 
 1DIAGNOSTIC,    32, -9.457921385765e-01, 2.789869904518e-05, 5.2480e+03, 1.2800e+02, 
 1DIAGNOSTIC,    33, -9.459005594254e-01, 2.602860331535e-05, 5.3760e+03, 1.2800e+02, 
 1DIAGNOSTIC,    34, -9.460055828094e-01, 2.419948577881e-05, 5.5040e+03, 1.2800e+02, 
 1DIAGNOSTIC,    35, -9.461046457291e-01, 2.244859933853e-05, 5.6320e+03, 1.2800e+02, 
 1DIAGNOSTIC,    36, -9.461964964867e-01, 2.075172960758e-05, 5.8880e+03, 2.5600e+02, 
 1DIAGNOSTIC,    37, -9.462862014771e-01, 1.916661858559e-05, 6.0160e+03, 1.2800e+02, 
 1DIAGNOSTIC,    38, -9.463713169098e-01, 1.770071685314e-05, 6.1440e+03, 1.2800e+02, 
 1DIAGNOSTIC,    39, -9.464498758316e-01, 1.635774970055e-05, 6.2720e+03, 1.2800e+02, 
 1DIAGNOSTIC,    40, -9.465267658234e-01, 1.514144241810e-05, 6.4000e+03, 1.2800e+02, 
 1DIAGNOSTIC,    41, -9.465958476067e-01, 1.404061913490e-05, 6.5280e+03, 1.2800e+02, 
 1DIAGNOSTIC,    42, -9.466662406921e-01, 1.304224133492e-05, 6.7840e+03, 2.5600e+02, 
 1DIAGNOSTIC,    43, -9.467357993126e-01, 1.215375959873e-05, 6.9120e+03, 1.2800e+02, 
 1DIAGNOSTIC,    44, -9.468034505844e-01, 1.138076186180e-05, 7.0400e+03, 1.2800e+02, 
 1DIAGNOSTIC,    45, -9.468635320663e-01, 1.067668199539e-05, 7.1680e+03, 1.2800e+02, 
 1DIAGNOSTIC,    46, -9.469213485718e-01, 1.001730561256e-05, 7.2960e+03, 1.2800e+02, 
 1DIAGNOSTIC,    47, -9.469788670540e-01, 9.432435035706e-06, 7.4240e+03, 1.2800e+02, 
 1DIAGNOSTIC,    48, -9.470349550247e-01, 8.903443813324e-06, 7.6800e+03, 2.5600e+02, 
 1DIAGNOSTIC,    49, -9.470916986465e-01, 8.430331945419e-06, 7.8080e+03, 1.2800e+02, 
 1DIAGNOSTIC,    50, -9.471436738968e-01, 8.000060915947e-06, 7.9360e+03, 1.2800e+02, 
 1DIAGNOSTIC,    51, -9.471968412399e-01, 7.588416337967e-06, 8.0640e+03, 1.2800e+02, 
 1DIAGNOSTIC,    52, -9.472475647926e-01, 7.223337888718e-06, 8.1920e+03, 1.2800e+02, 
 1DIAGNOSTIC,    53, -9.472966194153e-01, 6.906688213348e-06, 8.4480e+03, 2.5600e+02, 
 1DIAGNOSTIC,    54, -9.473466873169e-01, 6.640329957008e-06, 8.5760e+03, 1.2800e+02, 
 1DIAGNOSTIC,    55, -9.473913908005e-01, 6.364658474922e-06, 8.7040e+03, 1.2800e+02, 
 1DIAGNOSTIC,    56, -9.474394321442e-01, 6.113201379776e-06, 8.8320e+03, 1.2800e+02, 
 1DIAGNOSTIC,    57, -9.474886059761e-01, 5.895271897316e-06, 8.9600e+03, 1.2800e+02, 
 1DIAGNOSTIC,    58, -9.475355148315e-01, 5.692243576050e-06, 9.0880e+03, 1.2800e+02, 
 1DIAGNOSTIC,    59, -9.475852251053e-01, 5.546957254410e-06, 9.3440e+03, 2.5600e+02, 
 1DIAGNOSTIC,    60, -9.476327300072e-01, 5.416572093964e-06, 9.4720e+03, 1.2800e+02, 
 1DIAGNOSTIC,    61, -9.476830363274e-01, 5.323439836502e-06, 9.6000e+03, 1.2800e+02, 
 1DIAGNOSTIC,    62, -9.477304220200e-01, 5.241483449936e-06, 9.7280e+03, 1.2800e+02, 
 1DIAGNOSTIC,    63, -9.477758407593e-01, 5.150213837624e-06, 9.8560e+03, 1.2800e+02, 
 1DIAGNOSTIC,    64, -9.478204250336e-01, 5.058944225311e-06, 9.9840e+03, 1.2800e+02, 
 1DIAGNOSTIC,    65, -9.478640556335e-01, 4.936009645462e-06, 1.0240e+04, 2.5600e+02, 
 1DIAGNOSTIC,    66, -9.479056596756e-01, 4.786998033524e-06, 1.0368e+04, 1.2800e+02, 
 1DIAGNOSTIC,    67, -9.479523897171e-01, 4.658475518227e-06, 1.0496e+04, 1.2800e+02, 
 1DIAGNOSTIC,    68, -9.479966759682e-01, 4.526227712631e-06, 1.0624e+04, 1.2800e+02, 
 1DIAGNOSTIC,    69, -9.480382204056e-01, 4.402361810207e-06, 1.0752e+04, 1.2800e+02, 
 1DIAGNOSTIC,    70, -9.480774402618e-01, 4.270114004612e-06, 1.0880e+04, 1.2800e+02, 
XXDIAGNOSTIC,Iteration,metricValue,convergenceValue,ITERATION_TIME_INDEX,SINCE_LAST
 1DIAGNOSTIC,     1, -8.967344164848e-01, 1.797693134862e+308, 1.2288e+04, 1.4080e+03, 
 1DIAGNOSTIC,     2, -8.989366292953e-01, 1.797693134862e+308, 1.3440e+04, 1.1520e+03, 
 1DIAGNOSTIC,     3, -9.015277028084e-01, 1.797693134862e+308, 1.4720e+04, 1.2800e+03, 
 1DIAGNOSTIC,     4, -9.038195014000e-01, 1.797693134862e+308, 1.6000e+04, 1.2800e+03, 
 1DIAGNOSTIC,     5, -9.058156013489e-01, 1.797693134862e+308, 1.7152e+04, 1.1520e+03, 
 1DIAGNOSTIC,     6, -9.077502489090e-01, 1.797693134862e+308, 1.8432e+04, 1.2800e+03, 
 1DIAGNOSTIC,     7, -9.094606041908e-01, 1.797693134862e+308, 1.9712e+04, 1.2800e+03, 
 1DIAGNOSTIC,     8, -9.109364151955e-01, 1.797693134862e+308, 2.0864e+04, 1.1520e+03, 
 1DIAGNOSTIC,     9, -9.121913909912e-01, 1.797693134862e+308, 2.2144e+04, 1.2800e+03, 
 1DIAGNOSTIC,    10, -9.135181307793e-01, 1.192696392536e-03, 2.3424e+04, 1.2800e+03, 
 1DIAGNOSTIC,    11, -9.146189689636e-01, 9.917989373207e-04, 2.4704e+04, 1.2800e+03, 
 1DIAGNOSTIC,    12, -9.156484007835e-01, 8.189454674721e-04, 2.5856e+04, 1.1520e+03, 
 1DIAGNOSTIC,    13, -9.164807796478e-01, 6.806477904320e-04, 2.7136e+04, 1.2800e+03, 
 1DIAGNOSTIC,    14, -9.173498153687e-01, 5.705803632736e-04, 2.8416e+04, 1.2800e+03, 
 1DIAGNOSTIC,    15, -9.180510044098e-01, 4.788041114807e-04, 2.9696e+04, 1.2800e+03, 
 1DIAGNOSTIC,    16, -9.186962842941e-01, 4.045814275742e-04, 3.0848e+04, 1.1520e+03, 
 1DIAGNOSTIC,    17, -9.192965030670e-01, 3.440417349339e-04, 3.2128e+04, 1.2800e+03, 
 1DIAGNOSTIC,    18, -9.198746681213e-01, 2.939365804195e-04, 3.3408e+04, 1.2800e+03, 
 1DIAGNOSTIC,    19, -9.204220175743e-01, 2.512075006962e-04, 3.4688e+04, 1.2800e+03, 
 1DIAGNOSTIC,    20, -9.209492206573e-01, 2.181418240070e-04, 3.5840e+04, 1.1520e+03, 
 1DIAGNOSTIC,    21, -9.214553833008e-01, 1.916289329529e-04, 3.7120e+04, 1.2800e+03, 
 1DIAGNOSTIC,    22, -9.219288825989e-01, 1.708380877972e-04, 3.8400e+04, 1.2800e+03, 
 1DIAGNOSTIC,    23, -9.224011898041e-01, 1.534372568130e-04, 3.9680e+04, 1.2800e+03, 
 1DIAGNOSTIC,    24, -9.228610992432e-01, 1.402534544468e-04, 4.0832e+04, 1.1520e+03, 
 1DIAGNOSTIC,    25, -9.232839941978e-01, 1.289173960686e-04, 4.2112e+04, 1.2800e+03, 
 1DIAGNOSTIC,    26, -9.236823320389e-01, 1.187585294247e-04, 4.3392e+04, 1.2800e+03, 
 1DIAGNOSTIC,    27, -9.240508675575e-01, 1.093149185181e-04, 4.4672e+04, 1.2800e+03, 
 1DIAGNOSTIC,    28, -9.243911504745e-01, 1.004114747047e-04, 4.5824e+04, 1.1520e+03, 
 1DIAGNOSTIC,    29, -9.247213602066e-01, 9.203329682350e-05, 4.7104e+04, 1.2800e+03, 
 1DIAGNOSTIC,    30, -9.250233173370e-01, 8.409097790718e-05, 4.8384e+04, 1.2800e+03, 
 1DIAGNOSTIC,    31, -9.253075122833e-01, 7.661432027817e-05, 4.9536e+04, 1.1520e+03, 
 1DIAGNOSTIC,    32, -9.255787730217e-01, 6.959214806557e-05, 5.0816e+04, 1.2800e+03, 
 1DIAGNOSTIC,    33, -9.258381128311e-01, 6.327033042908e-05, 5.2096e+04, 1.2800e+03, 
 1DIAGNOSTIC,    34, -9.260925054550e-01, 5.784258246422e-05, 5.3376e+04, 1.2800e+03, 
 1DIAGNOSTIC,    35, -9.263380765915e-01, 5.316734313965e-05, 5.4528e+04, 1.1520e+03, 
 1DIAGNOSTIC,    36, -9.265755414963e-01, 4.918873310089e-05, 5.5808e+04, 1.2800e+03, 
 1DIAGNOSTIC,    37, -9.268075823784e-01, 4.579871892929e-05, 5.7088e+04, 1.2800e+03, 
 1DIAGNOSTIC,    38, -9.270356893539e-01, 4.288181662560e-05, 5.8240e+04, 1.1520e+03, 
 1DIAGNOSTIC,    39, -9.272600412369e-01, 4.045851528645e-05, 5.9520e+04, 1.2800e+03, 
 1DIAGNOSTIC,    40, -9.274879693985e-01, 3.842450678349e-05, 6.0800e+04, 1.2800e+03, 
 1DIAGNOSTIC,    41, -9.277102947235e-01, 3.667362034321e-05, 6.2080e+04, 1.2800e+03, 
 1DIAGNOSTIC,    42, -9.279366135597e-01, 3.519840538502e-05, 6.3232e+04, 1.1520e+03, 
 1DIAGNOSTIC,    43, -9.281570315361e-01, 3.391318023205e-05, 6.4512e+04, 1.2800e+03, 
 1DIAGNOSTIC,    44, -9.283847212791e-01, 3.286451101303e-05, 6.5792e+04, 1.2800e+03, 
 1DIAGNOSTIC,    45, -9.285831451416e-01, 3.179162740707e-05, 6.7072e+04, 1.2800e+03, 
 1DIAGNOSTIC,    46, -9.287592768669e-01, 3.054365515709e-05, 6.8224e+04, 1.1520e+03, 
 1DIAGNOSTIC,    47, -9.289189577103e-01, 2.902932465076e-05, 6.9504e+04, 1.2800e+03, 
 1DIAGNOSTIC,    48, -9.290600419044e-01, 2.721883356571e-05, 7.0784e+04, 1.2800e+03, 
 1DIAGNOSTIC,    49, -9.291900396347e-01, 2.513639628887e-05, 7.2064e+04, 1.2800e+03, 
 1DIAGNOSTIC,    50, -9.293146133423e-01, 2.294592559338e-05, 7.3216e+04, 1.1520e+03, 
XXDIAGNOSTIC,Iteration,metricValue,convergenceValue,ITERATION_TIME_INDEX,SINCE_LAST
 1DIAGNOSTIC,     1, -8.961266279221e-01, 1.797693134862e+308, 8.3584e+04, 1.0368e+04, 
 1DIAGNOSTIC,     2, -8.973944783211e-01, 1.797693134862e+308, 9.3696e+04, 1.0112e+04, 
 1DIAGNOSTIC,     3, -8.992146849632e-01, 1.797693134862e+308, 1.0394e+05, 1.0240e+04, 
 1DIAGNOSTIC,     4, -9.010831117630e-01, 1.797693134862e+308, 1.1418e+05, 1.0240e+04, 
 1DIAGNOSTIC,     5, -9.028502702713e-01, 1.797693134862e+308, 1.2442e+05, 1.0240e+04, 
 1DIAGNOSTIC,     6, -9.044818878174e-01, 1.797693134862e+308, 1.3453e+05, 1.0112e+04, 
 1DIAGNOSTIC,     7, -9.059734940529e-01, 1.797693134862e+308, 1.4477e+05, 1.0240e+04, 
 1DIAGNOSTIC,     8, -9.074509739876e-01, 1.797693134862e+308, 1.5501e+05, 1.0240e+04, 
 1DIAGNOSTIC,     9, -9.086763858795e-01, 1.797693134862e+308, 1.6525e+05, 1.0240e+04, 
 1DIAGNOSTIC,    10, -9.098383188248e-01, 1.006953418255e-03, 1.7536e+05, 1.0112e+04, 
 1DIAGNOSTIC,    11, -9.109262228012e-01, 8.757263422012e-04, 1.8560e+05, 1.0240e+04, 
 1DIAGNOSTIC,    12, -9.119509458542e-01, 7.473155856133e-04, 1.9571e+05, 1.0112e+04, 
 1DIAGNOSTIC,    13, -9.129215478897e-01, 6.380602717400e-04, 2.0595e+05, 1.0240e+04, 
 1DIAGNOSTIC,    14, -9.138214588165e-01, 5.480721592903e-04, 2.1619e+05, 1.0240e+04, 
 1DIAGNOSTIC,    15, -9.146733283997e-01, 4.744380712509e-04, 2.2643e+05, 1.0240e+04, 
 1DIAGNOSTIC,    16, -9.153729081154e-01, 4.118829965591e-04, 2.3667e+05, 1.0240e+04, 
 1DIAGNOSTIC,    17, -9.159808754921e-01, 3.571547567844e-04, 2.4691e+05, 1.0240e+04, 
 1DIAGNOSTIC,    18, -9.165349006653e-01, 3.107003867626e-04, 2.5715e+05, 1.0240e+04, 
 1DIAGNOSTIC,    19, -9.170391559601e-01, 2.686530351639e-04, 2.6739e+05, 1.0240e+04, 
 1DIAGNOSTIC,    20, -9.175207614899e-01, 2.314150333405e-04, 2.7622e+05, 8.8320e+03, 
  Elapsed time (stage 0): 276224


Total elapsed time: 276224
-i /mnt/lustre/mathdugre/fast-interpolate/datasets/ds004513/derivatives/flint/ants/flint-vprec-single/sub-s031/ses-open/anat/10/1_Affine.nii.gz -o /mnt/lustre/mathdugre/fast-interpolate/datasets/ds004513/derivatives/flint/ants/flint-vprec-single/sub-s031/ses-open/anat/101/1_transformed.nii.gz -t /mnt/lustre/mathdugre/fast-interpolate/datasets/ds004513/derivatives/flint/ants/flint-vprec-single/sub-s031/ses-open/anat/101/1_1Warp.nii.gz -t /mnt/lustre/mathdugre/fast-interpolate/datasets/ds004513/derivatives/flint/ants/flint-vprec-single/sub-s031/ses-open/anat/101/1_0GenericAffine.mat
