---------------------
Experiment information

SIF_IMG: /mnt/lustre/mathdugre/containers/ants-flint-vprec.simg
SIF_IMG_BASE: /mnt/lustre/mathdugre/containers/ants-flint-base.simg
EXPERIMENT_NAME: flint-vprec-single-five-levels
STAGE: syn
SUBJECT_ID: s028
REPETITION_ID: 1

FIXED_IMG: /templateflow/tpl-MNI152NLin2009cAsym/tpl-MNI152NLin2009cAsym_res-01_desc-brain_T1w.nii.gz
INPUT_IMG: /mnt/lustre/mathdugre/fast-interpolate/datasets/ds004513/derivatives/flint/ants/flint-vprec-single-five-levels/sub-s028/ses-open/anat/10/1_Affine.nii.gz

DATA_DIR: /mnt/lustre/mathdugre/fast-interpolate/datasets/ds004513
OUTPUT_DIR: /mnt/lustre/mathdugre/fast-interpolate/datasets/ds004513/derivatives/flint/ants/flint-vprec-single-five-levels/sub-s028/ses-open/anat
OUTPUT_PREFIX: 101
THREAD: 1
FLOAT: 0
VFC_BACKENDS: libinterflop_vprec.so --precision-binary32=23 --range-binary32=8 --precision-binary64=23 --range-binary64=8
---------------------

--output [/mnt/lustre/mathdugre/fast-interpolate/datasets/ds004513/derivatives/flint/ants/flint-vprec-single-five-levels/sub-s028/ses-open/anat/101/1_,/mnt/lustre/mathdugre/fast-interpolate/datasets/ds004513/derivatives/flint/ants/flint-vprec-single-five-levels/sub-s028/ses-open/anat/101/1_Warped.nii.gz,/mnt/lustre/mathdugre/fast-interpolate/datasets/ds004513/derivatives/flint/ants/flint-vprec-single-five-levels/sub-s028/ses-open/anat/101/1_InverseSyN.nii.gz] --initial-moving-transform [/templateflow/tpl-MNI152NLin2009cAsym/tpl-MNI152NLin2009cAsym_res-01_desc-brain_T1w.nii.gz,/mnt/lustre/mathdugre/fast-interpolate/datasets/ds004513/derivatives/flint/ants/flint-vprec-single-five-levels/sub-s028/ses-open/anat/10/1_Affine.nii.gz,1] --transform SyN[ 0.1,3,0 ] --metric CC[/templateflow/tpl-MNI152NLin2009cAsym/tpl-MNI152NLin2009cAsym_res-01_desc-brain_T1w.nii.gz,/mnt/lustre/mathdugre/fast-interpolate/datasets/ds004513/derivatives/flint/ants/flint-vprec-single-five-levels/sub-s028/ses-open/anat/10/1_Affine.nii.gz,1,4] --convergence [100x100x70x50x20,1e-6,10] --shrink-factors 16x8x4x2x1 --smoothing-sigmas 4x3x2x1x0vox
All_Command_lines_OK
Using double precision for computations.
=============================================================================
The composite transform comprises the following transforms (in order): 
  1. Center of mass alignment using fixed image: /templateflow/tpl-MNI152NLin2009cAsym/tpl-MNI152NLin2009cAsym_res-01_desc-brain_T1w.nii.gz and moving image: /mnt/lustre/mathdugre/fast-interpolate/datasets/ds004513/derivatives/flint/ants/flint-vprec-single-five-levels/sub-s028/ses-open/anat/10/1_Affine.nii.gz (type = Euler3DTransform)
=============================================================================
  number of levels = 5
  fixed image: /templateflow/tpl-MNI152NLin2009cAsym/tpl-MNI152NLin2009cAsym_res-01_desc-brain_T1w.nii.gz
  moving image: /mnt/lustre/mathdugre/fast-interpolate/datasets/ds004513/derivatives/flint/ants/flint-vprec-single-five-levels/sub-s028/ses-open/anat/10/1_Affine.nii.gz
Dimension = 3
Number of stages = 1
Use histogram matching = false
Winsorize image intensities = true
  Lower quantile = 0.005
  Upper quantile = 0.995


Stage 1 State
   Image metric = CC
     Fixed image = Image (0x4124f00)
  RTTI typeinfo:   itk::Image<double, 3u>
  Reference Count: 2
  Modified Time: 1622
  Debug: Off
  Object Name: 
  Observers: 
    none
  Source: (none)
  Source output name: (none)
  Release Data: Off
  Data Released: False
  Global Release Data: Off
  PipelineMTime: 0
  UpdateMTime: 1407
  RealTimeStamp: 0 seconds 
  LargestPossibleRegion: 
    Dimension: 3
    Index: [0, 0, 0]
    Size: [193, 229, 193]
  BufferedRegion: 
    Dimension: 3
    Index: [0, 0, 0]
    Size: [193, 229, 193]
  RequestedRegion: 
    Dimension: 3
    Index: [0, 0, 0]
    Size: [193, 229, 193]
  Spacing: [1, 1, 1]
  Origin: [96, 132, -78]
  Direction: 
-1 0 0
0 -1 0
0 0 1

  IndexToPointMatrix: 
-1 0 0
0 -1 0
0 0 1

  PointToIndexMatrix: 
-1 0 0
0 -1 0
0 0 1

  Inverse Direction: 
-1 0 0
0 -1 0
0 0 1

  PixelContainer: 
    ImportImageContainer (0x42111d0)
      RTTI typeinfo:   itk::ImportImageContainer<unsigned long, double>
      Reference Count: 1
      Modified Time: 1404
      Debug: Off
      Object Name: 
      Observers: 
        none
      Pointer: 0x7f1ba35f2010
      Container manages memory: true
      Size: 8530021
      Capacity: 8530021

     Moving image = Image (0x412bff0)
  RTTI typeinfo:   itk::Image<double, 3u>
  Reference Count: 2
  Modified Time: 1623
  Debug: Off
  Object Name: 
  Observers: 
    none
  Source: (none)
  Source output name: (none)
  Release Data: Off
  Data Released: False
  Global Release Data: Off
  PipelineMTime: 0
  UpdateMTime: 1620
  RealTimeStamp: 0 seconds 
  LargestPossibleRegion: 
    Dimension: 3
    Index: [0, 0, 0]
    Size: [193, 229, 193]
  BufferedRegion: 
    Dimension: 3
    Index: [0, 0, 0]
    Size: [193, 229, 193]
  RequestedRegion: 
    Dimension: 3
    Index: [0, 0, 0]
    Size: [193, 229, 193]
  Spacing: [1, 1, 1]
  Origin: [96, 132, -78]
  Direction: 
-1 0 0
0 -1 0
0 0 1

  IndexToPointMatrix: 
-1 0 0
0 -1 0
0 0 1

  PointToIndexMatrix: 
-1 0 0
0 -1 0
0 0 1

  Inverse Direction: 
-1 0 0
0 -1 0
0 0 1

  PixelContainer: 
    ImportImageContainer (0x41b2940)
      RTTI typeinfo:   itk::ImportImageContainer<unsigned long, double>
      Reference Count: 1
      Modified Time: 1617
      Debug: Off
      Object Name: 
      Observers: 
        none
      Pointer: 0x7f1b9f4dd010
      Container manages memory: true
      Size: 8530021
      Capacity: 8530021

     Weighting = 1
     Sampling strategy = none
     Number of bins = 32
     Radius = 4
     Sampling percentage  = 1
   Transform = SyN
     Gradient step = 0.1
     Update field sigma (voxel space) = 3
     Total field sigma (voxel space) = 0
     Update field time sigma = 0
     Total field time sigma  = 0
     Number of time indices = 0
     Number of time point samples = 0
Registration using 1 total stages.

Stage 0
  iterations = 100x100x70x50x20
  convergence threshold = 1e-06
  convergence window size = 10
  number of levels = 5
  using the CC metric (radius = 4, weight = 1, use gradient filter = 0)
  preprocessing:  winsorizing the image intensities
  Shrink factors (level 1 out of 5): [16, 16, 16]
  Shrink factors (level 2 out of 5): [8, 8, 8]
  Shrink factors (level 3 out of 5): [4, 4, 4]
  Shrink factors (level 4 out of 5): [2, 2, 2]
  Shrink factors (level 5 out of 5): [1, 1, 1]
  smoothing sigmas per level: [4, 3, 2, 1, 0]
  Using default NONE metricSamplingStrategy 

*** Running SyN registration (varianceForUpdateField = 3, varianceForTotalField = 0) ***

XXDIAGNOSTIC,Iteration,metricValue,convergenceValue,ITERATION_TIME_INDEX,SINCE_LAST
 1DIAGNOSTIC,     1, -9.321812391281e-01, 1.797693134862e+308, 0.0000e+00, 0.0000e+00, 
 1DIAGNOSTIC,     2, -9.415559172630e-01, 1.797693134862e+308, 0.0000e+00, 0.0000e+00, 
 1DIAGNOSTIC,     3, -9.473258852959e-01, 1.797693134862e+308, 0.0000e+00, 0.0000e+00, 
 1DIAGNOSTIC,     4, -9.500813484192e-01, 1.797693134862e+308, 0.0000e+00, 0.0000e+00, 
 1DIAGNOSTIC,     5, -9.518348574638e-01, 1.797693134862e+308, 0.0000e+00, 0.0000e+00, 
 1DIAGNOSTIC,     6, -9.529550075531e-01, 1.797693134862e+308, 0.0000e+00, 0.0000e+00, 
 1DIAGNOSTIC,     7, -9.536821842194e-01, 1.797693134862e+308, 0.0000e+00, 0.0000e+00, 
 1DIAGNOSTIC,     8, -9.541926383972e-01, 1.797693134862e+308, 0.0000e+00, 0.0000e+00, 
 1DIAGNOSTIC,     9, -9.545688033104e-01, 1.797693134862e+308, 0.0000e+00, 0.0000e+00, 
 1DIAGNOSTIC,    10, -9.548155069351e-01, 1.221351325512e-03, 0.0000e+00, 0.0000e+00, 
 1DIAGNOSTIC,    11, -9.550226926804e-01, 6.661042571068e-04, 0.0000e+00, 0.0000e+00, 
 1DIAGNOSTIC,    12, -9.551970958710e-01, 3.794431686401e-04, 0.0000e+00, 0.0000e+00, 
 1DIAGNOSTIC,    13, -9.553487896919e-01, 2.381131052971e-04, 0.0000e+00, 0.0000e+00, 
 1DIAGNOSTIC,    14, -9.554911255836e-01, 1.568049192429e-04, 0.0000e+00, 0.0000e+00, 
 1DIAGNOSTIC,    15, -9.556230306625e-01, 1.094341278076e-04, 0.0000e+00, 0.0000e+00, 
 1DIAGNOSTIC,    16, -9.557456374168e-01, 8.110702037811e-05, 0.0000e+00, 0.0000e+00, 
 1DIAGNOSTIC,    17, -9.558552503586e-01, 6.338208913803e-05, 0.0000e+00, 0.0000e+00, 
 1DIAGNOSTIC,    18, -9.559484720230e-01, 5.182623863220e-05, 0.0000e+00, 0.0000e+00, 
 1DIAGNOSTIC,    19, -9.560306072235e-01, 4.397705197334e-05, 0.0000e+00, 0.0000e+00, 
 1DIAGNOSTIC,    20, -9.561015963554e-01, 3.767386078835e-05, 1.2800e+02, 1.2800e+02, 
 1DIAGNOSTIC,    21, -9.561640024185e-01, 3.239512443542e-05, 1.2800e+02, 0.0000e+00, 
 1DIAGNOSTIC,    22, -9.562190771103e-01, 2.778694033623e-05, 1.2800e+02, 0.0000e+00, 
 1DIAGNOSTIC,    23, -9.562675356865e-01, 2.367794513702e-05, 1.2800e+02, 0.0000e+00, 
 1DIAGNOSTIC,    24, -9.563102722168e-01, 2.009794116020e-05, 1.2800e+02, 0.0000e+00, 
 1DIAGNOSTIC,    25, -9.563492536545e-01, 1.706182956696e-05, 1.2800e+02, 0.0000e+00, 
 1DIAGNOSTIC,    26, -9.563841819763e-01, 1.454725861549e-05, 1.2800e+02, 0.0000e+00, 
 1DIAGNOSTIC,    27, -9.564150571823e-01, 1.250207424164e-05, 1.2800e+02, 0.0000e+00, 
 1DIAGNOSTIC,    28, -9.564428329468e-01, 1.081451773643e-05, 1.2800e+02, 0.0000e+00, 
 1DIAGNOSTIC,    29, -9.564676284790e-01, 9.402632713318e-06, 1.2800e+02, 0.0000e+00, 
 1DIAGNOSTIC,    30, -9.564908146858e-01, 8.229166269302e-06, 1.2800e+02, 0.0000e+00, 
 1DIAGNOSTIC,    31, -9.565119743347e-01, 7.249414920807e-06, 1.2800e+02, 0.0000e+00, 
 1DIAGNOSTIC,    32, -9.565341472626e-01, 6.448477506638e-06, 1.2800e+02, 0.0000e+00, 
 1DIAGNOSTIC,    33, -9.565560221672e-01, 5.815178155899e-06, 1.2800e+02, 0.0000e+00, 
 1DIAGNOSTIC,    34, -9.565774798393e-01, 5.302950739861e-06, 1.2800e+02, 0.0000e+00, 
 1DIAGNOSTIC,    35, -9.565954804420e-01, 4.885718226433e-06, 1.2800e+02, 0.0000e+00, 
 1DIAGNOSTIC,    36, -9.566177129745e-01, 4.587695002556e-06, 1.2800e+02, 0.0000e+00, 
 1DIAGNOSTIC,    37, -9.566386938095e-01, 4.358589649200e-06, 1.2800e+02, 0.0000e+00, 
 1DIAGNOSTIC,    38, -9.566586017609e-01, 4.181638360023e-06, 1.2800e+02, 0.0000e+00, 
 1DIAGNOSTIC,    39, -9.566795825958e-01, 4.040077328682e-06, 1.2800e+02, 0.0000e+00, 
 1DIAGNOSTIC,    40, -9.566988945007e-01, 3.913417458534e-06, 1.2800e+02, 0.0000e+00, 
 1DIAGNOSTIC,    41, -9.567185044289e-01, 3.781169652939e-06, 1.2800e+02, 0.0000e+00, 
 1DIAGNOSTIC,    42, -9.567371606827e-01, 3.660097718239e-06, 1.2800e+02, 0.0000e+00, 
 1DIAGNOSTIC,    43, -9.567568302155e-01, 3.550201654434e-06, 1.2800e+02, 0.0000e+00, 
 1DIAGNOSTIC,    44, -9.567722082138e-01, 3.421679139137e-06, 1.2800e+02, 0.0000e+00, 
 1DIAGNOSTIC,    45, -9.567872285843e-01, 3.259629011154e-06, 1.2800e+02, 0.0000e+00, 
 1DIAGNOSTIC,    46, -9.568018913269e-01, 3.091990947723e-06, 1.2800e+02, 0.0000e+00, 
 1DIAGNOSTIC,    47, -9.568149447441e-01, 2.913177013397e-06, 1.2800e+02, 0.0000e+00, 
 1DIAGNOSTIC,    48, -9.568264484406e-01, 2.726912498474e-06, 1.2800e+02, 0.0000e+00, 
 1DIAGNOSTIC,    49, -9.568370580673e-01, 2.538785338402e-06, 1.2800e+02, 0.0000e+00, 
 1DIAGNOSTIC,    50, -9.568495750427e-01, 2.361834049225e-06, 1.2800e+02, 0.0000e+00, 
 1DIAGNOSTIC,    51, -9.568597078323e-01, 2.201646566391e-06, 1.2800e+02, 0.0000e+00, 
 1DIAGNOSTIC,    52, -9.568709135056e-01, 2.060085535049e-06, 1.2800e+02, 0.0000e+00, 
 1DIAGNOSTIC,    53, -9.568800330162e-01, 1.946464180946e-06, 1.2800e+02, 0.0000e+00, 
 1DIAGNOSTIC,    54, -9.568878412247e-01, 1.834705471992e-06, 1.2800e+02, 0.0000e+00, 
 1DIAGNOSTIC,    55, -9.568954110146e-01, 1.728534698486e-06, 1.2800e+02, 0.0000e+00, 
 1DIAGNOSTIC,    56, -9.569023847580e-01, 1.627951860428e-06, 1.2800e+02, 0.0000e+00, 
 1DIAGNOSTIC,    57, -9.569096565247e-01, 1.532956957817e-06, 1.2800e+02, 0.0000e+00, 
 1DIAGNOSTIC,    58, -9.569162130356e-01, 1.441687345505e-06, 1.2800e+02, 0.0000e+00, 
 1DIAGNOSTIC,    59, -9.569218754768e-01, 1.342967152596e-06, 1.2800e+02, 0.0000e+00, 
 1DIAGNOSTIC,    60, -9.569268822670e-01, 1.266598701477e-06, 1.2800e+02, 0.0000e+00, 
 1DIAGNOSTIC,    61, -9.569319486618e-01, 1.190230250359e-06, 1.2800e+02, 0.0000e+00, 
 1DIAGNOSTIC,    62, -9.569367766380e-01, 1.126900315285e-06, 1.2800e+02, 0.0000e+00, 
 1DIAGNOSTIC,    63, -9.569405913353e-01, 1.065433025360e-06, 1.2800e+02, 0.0000e+00, 
 1DIAGNOSTIC,    64, -9.569450020790e-01, 1.011416316032e-06, 1.2800e+02, 0.0000e+00, 
 1DIAGNOSTIC,    65, -9.569482803345e-01, 9.555369615555e-07, 1.2800e+02, 0.0000e+00, 
XXDIAGNOSTIC,Iteration,metricValue,convergenceValue,ITERATION_TIME_INDEX,SINCE_LAST
 1DIAGNOSTIC,     1, -9.028189182281e-01, 1.797693134862e+308, 2.5600e+02, 1.2800e+02, 
 1DIAGNOSTIC,     2, -9.081915020943e-01, 1.797693134862e+308, 2.5600e+02, 0.0000e+00, 
 1DIAGNOSTIC,     3, -9.129248857498e-01, 1.797693134862e+308, 2.5600e+02, 0.0000e+00, 
 1DIAGNOSTIC,     4, -9.165322780609e-01, 1.797693134862e+308, 2.5600e+02, 0.0000e+00, 
 1DIAGNOSTIC,     5, -9.194953441620e-01, 1.797693134862e+308, 2.5600e+02, 0.0000e+00, 
 1DIAGNOSTIC,     6, -9.218071699142e-01, 1.797693134862e+308, 2.5600e+02, 0.0000e+00, 
 1DIAGNOSTIC,     7, -9.235545992851e-01, 1.797693134862e+308, 2.5600e+02, 0.0000e+00, 
 1DIAGNOSTIC,     8, -9.248923063278e-01, 1.797693134862e+308, 3.8400e+02, 1.2800e+02, 
 1DIAGNOSTIC,     9, -9.259741306305e-01, 1.797693134862e+308, 3.8400e+02, 0.0000e+00, 
 1DIAGNOSTIC,    10, -9.267163276672e-01, 1.596972346306e-03, 3.8400e+02, 0.0000e+00, 
 1DIAGNOSTIC,    11, -9.272956848145e-01, 1.143932342529e-03, 3.8400e+02, 0.0000e+00, 
 1DIAGNOSTIC,    12, -9.278404712677e-01, 8.151307702065e-04, 3.8400e+02, 0.0000e+00, 
 1DIAGNOSTIC,    13, -9.283825159073e-01, 5.878880620003e-04, 3.8400e+02, 0.0000e+00, 
 1DIAGNOSTIC,    14, -9.288079738617e-01, 4.278868436813e-04, 3.8400e+02, 0.0000e+00, 
 1DIAGNOSTIC,    15, -9.291909337044e-01, 3.185495734215e-04, 3.8400e+02, 0.0000e+00, 
 1DIAGNOSTIC,    16, -9.295351505280e-01, 2.445876598358e-04, 5.1200e+02, 1.2800e+02, 
 1DIAGNOSTIC,    17, -9.298471212387e-01, 1.939535140991e-04, 5.1200e+02, 0.0000e+00, 
 1DIAGNOSTIC,    18, -9.301257133484e-01, 1.584738492966e-04, 5.1200e+02, 0.0000e+00, 
 1DIAGNOSTIC,    19, -9.303746819496e-01, 1.335740089417e-04, 5.1200e+02, 0.0000e+00, 
 1DIAGNOSTIC,    20, -9.305959343910e-01, 1.135952770710e-04, 5.1200e+02, 0.0000e+00, 
 1DIAGNOSTIC,    21, -9.307906627655e-01, 9.630247950554e-05, 5.1200e+02, 0.0000e+00, 
 1DIAGNOSTIC,    22, -9.309629201889e-01, 8.163228631020e-05, 5.1200e+02, 0.0000e+00, 
 1DIAGNOSTIC,    23, -9.311211109161e-01, 6.998330354691e-05, 6.4000e+02, 1.2800e+02, 
 1DIAGNOSTIC,    24, -9.312637448311e-01, 6.008148193359e-05, 6.4000e+02, 0.0000e+00, 
 1DIAGNOSTIC,    25, -9.313979148865e-01, 5.173310637474e-05, 6.4000e+02, 0.0000e+00, 
 1DIAGNOSTIC,    26, -9.315246343613e-01, 4.477798938751e-05, 6.4000e+02, 0.0000e+00, 
 1DIAGNOSTIC,    27, -9.316447973251e-01, 3.908947110176e-05, 6.4000e+02, 0.0000e+00, 
 1DIAGNOSTIC,    28, -9.317574501038e-01, 3.448128700256e-05, 6.4000e+02, 0.0000e+00, 
 1DIAGNOSTIC,    29, -9.319024085999e-01, 3.115832805634e-05, 6.4000e+02, 0.0000e+00, 
 1DIAGNOSTIC,    30, -9.320040941238e-01, 2.847239375114e-05, 6.4000e+02, 0.0000e+00, 
 1DIAGNOSTIC,    31, -9.321032166481e-01, 2.624094486237e-05, 7.6800e+02, 1.2800e+02, 
 1DIAGNOSTIC,    32, -9.321974515915e-01, 2.428889274597e-05, 7.6800e+02, 0.0000e+00, 
 1DIAGNOSTIC,    33, -9.322899580002e-01, 2.254918217659e-05, 7.6800e+02, 0.0000e+00, 
 1DIAGNOSTIC,    34, -9.323777556419e-01, 2.091377973557e-05, 7.6800e+02, 0.0000e+00, 
 1DIAGNOSTIC,    35, -9.324634671211e-01, 1.936778426170e-05, 7.6800e+02, 0.0000e+00, 
 1DIAGNOSTIC,    36, -9.325461387634e-01, 1.792050898075e-05, 7.6800e+02, 0.0000e+00, 
 1DIAGNOSTIC,    37, -9.326300621033e-01, 1.661106944084e-05, 7.6800e+02, 0.0000e+00, 
 1DIAGNOSTIC,    38, -9.327104091644e-01, 1.539103686810e-05, 7.6800e+02, 0.0000e+00, 
 1DIAGNOSTIC,    39, -9.327899217606e-01, 1.459382474422e-05, 8.9600e+02, 1.2800e+02, 
 1DIAGNOSTIC,    40, -9.328659176826e-01, 1.386925578117e-05, 8.9600e+02, 0.0000e+00, 
 1DIAGNOSTIC,    41, -9.329401254654e-01, 1.320987939835e-05, 8.9600e+02, 0.0000e+00, 
 1DIAGNOSTIC,    42, -9.330118894577e-01, 1.259334385395e-05, 8.9600e+02, 0.0000e+00, 
 1DIAGNOSTIC,    43, -9.330831766129e-01, 1.202523708344e-05, 8.9600e+02, 0.0000e+00, 
 1DIAGNOSTIC,    44, -9.331521987915e-01, 1.148134469986e-05, 8.9600e+02, 0.0000e+00, 
 1DIAGNOSTIC,    45, -9.332196712494e-01, 1.096352934837e-05, 8.9600e+02, 0.0000e+00, 
 1DIAGNOSTIC,    46, -9.332861900330e-01, 1.046806573868e-05, 1.0240e+03, 1.2800e+02, 
 1DIAGNOSTIC,    47, -9.333500862122e-01, 1.000985503197e-05, 1.0240e+03, 0.0000e+00, 
 1DIAGNOSTIC,    48, -9.334142208099e-01, 9.581446647644e-06, 1.0240e+03, 0.0000e+00, 
 1DIAGNOSTIC,    49, -9.334772825241e-01, 9.199604392052e-06, 1.0240e+03, 0.0000e+00, 
 1DIAGNOSTIC,    50, -9.335395097733e-01, 8.849427103996e-06, 1.0240e+03, 0.0000e+00, 
 1DIAGNOSTIC,    51, -9.336003065109e-01, 8.523464202881e-06, 1.0240e+03, 0.0000e+00, 
 1DIAGNOSTIC,    52, -9.336590766907e-01, 8.212402462959e-06, 1.0240e+03, 0.0000e+00, 
 1DIAGNOSTIC,    53, -9.337172508240e-01, 7.921829819679e-06, 1.0240e+03, 0.0000e+00, 
 1DIAGNOSTIC,    54, -9.337739944458e-01, 7.640570402145e-06, 1.1520e+03, 1.2800e+02, 
 1DIAGNOSTIC,    55, -9.338331222534e-01, 7.389113306999e-06, 1.1520e+03, 0.0000e+00, 
 1DIAGNOSTIC,    56, -9.338884949684e-01, 7.154420018196e-06, 1.1520e+03, 0.0000e+00, 
 1DIAGNOSTIC,    57, -9.339450597763e-01, 6.923452019691e-06, 1.1520e+03, 0.0000e+00, 
 1DIAGNOSTIC,    58, -9.339982271194e-01, 6.711110472679e-06, 1.1520e+03, 0.0000e+00, 
 1DIAGNOSTIC,    59, -9.340529441833e-01, 6.509944796562e-06, 1.1520e+03, 0.0000e+00, 
 1DIAGNOSTIC,    60, -9.341073036194e-01, 6.325542926788e-06, 1.1520e+03, 0.0000e+00, 
 1DIAGNOSTIC,    61, -9.341607093811e-01, 6.159767508507e-06, 1.2800e+03, 1.2800e+02, 
 1DIAGNOSTIC,    62, -9.342113733292e-01, 5.986541509628e-06, 1.2800e+03, 0.0000e+00, 
 1DIAGNOSTIC,    63, -9.342627525330e-01, 5.820766091347e-06, 1.2800e+03, 0.0000e+00, 
 1DIAGNOSTIC,    64, -9.343136548996e-01, 5.651265382767e-06, 1.2800e+03, 0.0000e+00, 
 1DIAGNOSTIC,    65, -9.343626499176e-01, 5.498528480530e-06, 1.2800e+03, 0.0000e+00, 
 1DIAGNOSTIC,    66, -9.344127774239e-01, 5.345791578293e-06, 1.2800e+03, 0.0000e+00, 
 1DIAGNOSTIC,    67, -9.344600439072e-01, 5.196779966354e-06, 1.2800e+03, 0.0000e+00, 
 1DIAGNOSTIC,    68, -9.345065951347e-01, 5.042180418968e-06, 1.2800e+03, 0.0000e+00, 
 1DIAGNOSTIC,    69, -9.345538020134e-01, 4.895962774754e-06, 1.4080e+03, 1.2800e+02, 
 1DIAGNOSTIC,    70, -9.346050024033e-01, 4.783272743225e-06, 1.4080e+03, 0.0000e+00, 
 1DIAGNOSTIC,    71, -9.346508979797e-01, 4.675239324570e-06, 1.4080e+03, 0.0000e+00, 
 1DIAGNOSTIC,    72, -9.346945285797e-01, 4.560686647892e-06, 1.4080e+03, 0.0000e+00, 
 1DIAGNOSTIC,    73, -9.347377419472e-01, 4.439614713192e-06, 1.4080e+03, 0.0000e+00, 
 1DIAGNOSTIC,    74, -9.347792267799e-01, 4.313886165619e-06, 1.4080e+03, 0.0000e+00, 
 1DIAGNOSTIC,    75, -9.348227381706e-01, 4.190951585770e-06, 1.4080e+03, 0.0000e+00, 
 1DIAGNOSTIC,    76, -9.348642826080e-01, 4.067085683346e-06, 1.4080e+03, 0.0000e+00, 
 1DIAGNOSTIC,    77, -9.349051713943e-01, 3.942288458347e-06, 1.5360e+03, 1.2800e+02, 
 1DIAGNOSTIC,    78, -9.349474906921e-01, 3.825873136520e-06, 1.5360e+03, 0.0000e+00, 
 1DIAGNOSTIC,    79, -9.349867105484e-01, 3.709457814693e-06, 1.5360e+03, 0.0000e+00, 
 1DIAGNOSTIC,    80, -9.350289702415e-01, 3.626570105553e-06, 1.5360e+03, 0.0000e+00, 
 1DIAGNOSTIC,    81, -9.350690841675e-01, 3.557652235031e-06, 1.5360e+03, 0.0000e+00, 
 1DIAGNOSTIC,    82, -9.351077079773e-01, 3.487803041935e-06, 1.5360e+03, 0.0000e+00, 
 1DIAGNOSTIC,    83, -9.351480007172e-01, 3.422610461712e-06, 1.5360e+03, 0.0000e+00, 
 1DIAGNOSTIC,    84, -9.351878166199e-01, 3.355555236340e-06, 1.6640e+03, 1.2800e+02, 
 1DIAGNOSTIC,    85, -9.352257847786e-01, 3.292225301266e-06, 1.6640e+03, 0.0000e+00, 
 1DIAGNOSTIC,    86, -9.352631568909e-01, 3.227032721043e-06, 1.6640e+03, 0.0000e+00, 
 1DIAGNOSTIC,    87, -9.353018999100e-01, 3.160908818245e-06, 1.6640e+03, 0.0000e+00, 
 1DIAGNOSTIC,    88, -9.353404045105e-01, 3.104098141193e-06, 1.6640e+03, 0.0000e+00, 
 1DIAGNOSTIC,    89, -9.353765249252e-01, 3.037974238396e-06, 1.6640e+03, 0.0000e+00, 
 1DIAGNOSTIC,    90, -9.354139566422e-01, 2.979300916195e-06, 1.6640e+03, 0.0000e+00, 
 1DIAGNOSTIC,    91, -9.354514479637e-01, 2.927146852016e-06, 1.6640e+03, 0.0000e+00, 
 1DIAGNOSTIC,    92, -9.354876875877e-01, 2.873130142689e-06, 1.7920e+03, 1.2800e+02, 
 1DIAGNOSTIC,    93, -9.355250597000e-01, 2.824701368809e-06, 1.7920e+03, 0.0000e+00, 
 1DIAGNOSTIC,    94, -9.355603456497e-01, 2.780929207802e-06, 1.7920e+03, 0.0000e+00, 
 1DIAGNOSTIC,    95, -9.355962276459e-01, 2.733431756496e-06, 1.7920e+03, 0.0000e+00, 
 1DIAGNOSTIC,    96, -9.356308579445e-01, 2.680346369743e-06, 1.7920e+03, 0.0000e+00, 
 1DIAGNOSTIC,    97, -9.356662631035e-01, 2.633780241013e-06, 1.7920e+03, 0.0000e+00, 
 1DIAGNOSTIC,    98, -9.357010722160e-01, 2.590008080006e-06, 1.7920e+03, 0.0000e+00, 
 1DIAGNOSTIC,    99, -9.357358217239e-01, 2.541579306126e-06, 1.9200e+03, 1.2800e+02, 
 1DIAGNOSTIC,   100, -9.357677698135e-01, 2.491287887096e-06, 1.9200e+03, 0.0000e+00, 
XXDIAGNOSTIC,Iteration,metricValue,convergenceValue,ITERATION_TIME_INDEX,SINCE_LAST
 1DIAGNOSTIC,     1, -8.421819806099e-01, 1.797693134862e+308, 2.0480e+03, 1.2800e+02, 
 1DIAGNOSTIC,     2, -8.449841737747e-01, 1.797693134862e+308, 2.1760e+03, 1.2800e+02, 
 1DIAGNOSTIC,     3, -8.484886288643e-01, 1.797693134862e+308, 2.3040e+03, 1.2800e+02, 
 1DIAGNOSTIC,     4, -8.520187735558e-01, 1.797693134862e+308, 2.5600e+03, 2.5600e+02, 
 1DIAGNOSTIC,     5, -8.550155758858e-01, 1.797693134862e+308, 2.6880e+03, 1.2800e+02, 
 1DIAGNOSTIC,     6, -8.578593134880e-01, 1.797693134862e+308, 2.8160e+03, 1.2800e+02, 
 1DIAGNOSTIC,     7, -8.605895042419e-01, 1.797693134862e+308, 2.9440e+03, 1.2800e+02, 
 1DIAGNOSTIC,     8, -8.631855845451e-01, 1.797693134862e+308, 3.0720e+03, 1.2800e+02, 
 1DIAGNOSTIC,     9, -8.656698465347e-01, 1.797693134862e+308, 3.2000e+03, 1.2800e+02, 
 1DIAGNOSTIC,    10, -8.680756092072e-01, 1.954399049282e-03, 3.4560e+03, 2.5600e+02, 
 1DIAGNOSTIC,    11, -8.701361417770e-01, 1.694411039352e-03, 3.5840e+03, 1.2800e+02, 
 1DIAGNOSTIC,    12, -8.717873096466e-01, 1.447737216949e-03, 3.7120e+03, 1.2800e+02, 
 1DIAGNOSTIC,    13, -8.731641769409e-01, 1.231640577316e-03, 3.8400e+03, 1.2800e+02, 
 1DIAGNOSTIC,    14, -8.743512630463e-01, 1.045249402523e-03, 3.9680e+03, 1.2800e+02, 
 1DIAGNOSTIC,    15, -8.754492998123e-01, 8.777752518654e-04, 4.0960e+03, 1.2800e+02, 
 1DIAGNOSTIC,    16, -8.763743638992e-01, 7.278472185135e-04, 4.3520e+03, 2.5600e+02, 
 1DIAGNOSTIC,    17, -8.771673440933e-01, 5.965083837509e-04, 4.4800e+03, 1.2800e+02, 
 1DIAGNOSTIC,    18, -8.778296113014e-01, 4.839524626732e-04, 4.6080e+03, 1.2800e+02, 
 1DIAGNOSTIC,    19, -8.784832954407e-01, 3.923214972019e-04, 4.7360e+03, 1.2800e+02, 
 1DIAGNOSTIC,    20, -8.789051175117e-01, 3.194808959961e-04, 4.8640e+03, 1.2800e+02, 
 1DIAGNOSTIC,    21, -8.795409202576e-01, 2.657584846020e-04, 4.9920e+03, 1.2800e+02, 
 1DIAGNOSTIC,    22, -8.799751400948e-01, 2.229809761047e-04, 5.2480e+03, 2.5600e+02, 
 1DIAGNOSTIC,    23, -8.803216814995e-01, 1.875236630440e-04, 5.3760e+03, 1.2800e+02, 
 1DIAGNOSTIC,    24, -8.806384801865e-01, 1.579225063324e-04, 5.5040e+03, 1.2800e+02, 
 1DIAGNOSTIC,    25, -8.809502124786e-01, 1.342743635178e-04, 5.6320e+03, 1.2800e+02, 
 1DIAGNOSTIC,    26, -8.812186717987e-01, 1.147501170635e-04, 5.7600e+03, 1.2800e+02, 
 1DIAGNOSTIC,    27, -8.814988732338e-01, 9.882077574730e-05, 5.8880e+03, 1.2800e+02, 
 1DIAGNOSTIC,    28, -8.817566037178e-01, 8.544698357582e-05, 6.1440e+03, 2.5600e+02, 
 1DIAGNOSTIC,    29, -8.820136785507e-01, 7.525458931923e-05, 6.2720e+03, 1.2800e+02, 
 1DIAGNOSTIC,    30, -8.822884559631e-01, 6.615370512009e-05, 6.4000e+03, 1.2800e+02, 
 1DIAGNOSTIC,    31, -8.825302124023e-01, 6.061792373657e-05, 6.5280e+03, 1.2800e+02, 
 1DIAGNOSTIC,    32, -8.827404379845e-01, 5.629286170006e-05, 6.6560e+03, 1.2800e+02, 
 1DIAGNOSTIC,    33, -8.829448223114e-01, 5.236268043518e-05, 6.7840e+03, 1.2800e+02, 
 1DIAGNOSTIC,    34, -8.830913305283e-01, 4.817545413971e-05, 7.0400e+03, 2.5600e+02, 
 1DIAGNOSTIC,    35, -8.832517266273e-01, 4.408136010170e-05, 7.1680e+03, 1.2800e+02, 
 1DIAGNOSTIC,    36, -8.834575414658e-01, 4.035234451294e-05, 7.2960e+03, 1.2800e+02, 
 1DIAGNOSTIC,    37, -8.836005926132e-01, 3.674440085888e-05, 7.4240e+03, 1.2800e+02, 
 1DIAGNOSTIC,    38, -8.837686777115e-01, 3.351829946041e-05, 7.5520e+03, 1.2800e+02, 
 1DIAGNOSTIC,    39, -8.839126825333e-01, 3.065541386604e-05, 7.6800e+03, 1.2800e+02, 
 1DIAGNOSTIC,    40, -8.840473294258e-01, 2.837553620338e-05, 7.9360e+03, 2.5600e+02, 
 1DIAGNOSTIC,    41, -8.841515779495e-01, 2.628937363625e-05, 8.0640e+03, 1.2800e+02, 
 1DIAGNOSTIC,    42, -8.842937946320e-01, 2.455897629261e-05, 8.1920e+03, 1.2800e+02, 
 1DIAGNOSTIC,    43, -8.844542503357e-01, 2.336129546165e-05, 8.3200e+03, 1.2800e+02, 
 1DIAGNOSTIC,    44, -8.845373392105e-01, 2.172775566578e-05, 8.4480e+03, 1.2800e+02, 
 1DIAGNOSTIC,    45, -8.846644163132e-01, 2.021528780460e-05, 8.5760e+03, 1.2800e+02, 
 1DIAGNOSTIC,    46, -8.847679495811e-01, 1.906603574753e-05, 8.8320e+03, 2.5600e+02, 
 1DIAGNOSTIC,    47, -8.848731517792e-01, 1.789629459381e-05, 8.9600e+03, 1.2800e+02, 
 1DIAGNOSTIC,    48, -8.849153518677e-01, 1.651793718338e-05, 9.0880e+03, 1.2800e+02, 
 1DIAGNOSTIC,    49, -8.849915266037e-01, 1.513212919235e-05, 9.2160e+03, 1.2800e+02, 
 1DIAGNOSTIC,    50, -8.850619792938e-01, 1.373328268528e-05, 9.3440e+03, 1.2800e+02, 
 1DIAGNOSTIC,    51, -8.850432634354e-01, 1.165643334389e-05, 9.4720e+03, 1.2800e+02, 
 1DIAGNOSTIC,    52, -8.850361108780e-01, 9.438022971153e-06, 9.7280e+03, 2.5600e+02, 
 1DIAGNOSTIC,    53, -8.850002288818e-01, 7.221475243568e-06, 9.8560e+03, 1.2800e+02, 
 1DIAGNOSTIC,    54, -8.849896192551e-01, 4.878267645836e-06, 9.9840e+03, 1.2800e+02, 
 1DIAGNOSTIC,    55, -8.849666118622e-01, 2.810731530190e-06, 1.0112e+04, 1.2800e+02, 
 1DIAGNOSTIC,    56, -8.849474191666e-01, 1.080334186554e-06, 1.0240e+04, 1.2800e+02, 
 1DIAGNOSTIC,    57, -8.849021196365e-01, -2.849847078323e-07, 1.0368e+04, 1.2800e+02, 
XXDIAGNOSTIC,Iteration,metricValue,convergenceValue,ITERATION_TIME_INDEX,SINCE_LAST
 1DIAGNOSTIC,     1, -8.367912769318e-01, 1.797693134862e+308, 1.1648e+04, 1.2800e+03, 
 1DIAGNOSTIC,     2, -8.401811718941e-01, 1.797693134862e+308, 1.2672e+04, 1.0240e+03, 
 1DIAGNOSTIC,     3, -8.436112999916e-01, 1.797693134862e+308, 1.3696e+04, 1.0240e+03, 
 1DIAGNOSTIC,     4, -8.468410968781e-01, 1.797693134862e+308, 1.4720e+04, 1.0240e+03, 
 1DIAGNOSTIC,     5, -8.497941493988e-01, 1.797693134862e+308, 1.5872e+04, 1.1520e+03, 
 1DIAGNOSTIC,     6, -8.523135781288e-01, 1.797693134862e+308, 1.6896e+04, 1.0240e+03, 
 1DIAGNOSTIC,     7, -8.547758460045e-01, 1.797693134862e+308, 1.8048e+04, 1.1520e+03, 
 1DIAGNOSTIC,     8, -8.569070100784e-01, 1.797693134862e+308, 1.9072e+04, 1.0240e+03, 
 1DIAGNOSTIC,     9, -8.588807582855e-01, 1.797693134862e+308, 2.0096e+04, 1.0240e+03, 
 1DIAGNOSTIC,    10, -8.607255220413e-01, 1.799419522285e-03, 2.1248e+04, 1.1520e+03, 
 1DIAGNOSTIC,    11, -8.624289035797e-01, 1.501746475697e-03, 2.2272e+04, 1.0240e+03, 
 1DIAGNOSTIC,    12, -8.639612793922e-01, 1.254878938198e-03, 2.3424e+04, 1.1520e+03, 
 1DIAGNOSTIC,    13, -8.653257489204e-01, 1.054659485817e-03, 2.4448e+04, 1.0240e+03, 
 1DIAGNOSTIC,    14, -8.665764331818e-01, 8.930489420891e-04, 2.5472e+04, 1.0240e+03, 
 1DIAGNOSTIC,    15, -8.677258491516e-01, 7.618144154549e-04, 2.6624e+04, 1.1520e+03, 
 1DIAGNOSTIC,    16, -8.687933087349e-01, 6.509721279144e-04, 2.7648e+04, 1.0240e+03, 
 1DIAGNOSTIC,    17, -8.696736097336e-01, 5.580708384514e-04, 2.8800e+04, 1.1520e+03, 
 1DIAGNOSTIC,    18, -8.706970214844e-01, 4.817135632038e-04, 2.9824e+04, 1.0240e+03, 
 1DIAGNOSTIC,    19, -8.715115189552e-01, 4.169754683971e-04, 3.0976e+04, 1.1520e+03, 
 1DIAGNOSTIC,    20, -8.723071217537e-01, 3.633648157120e-04, 3.2000e+04, 1.0240e+03, 
 1DIAGNOSTIC,    21, -8.730408549309e-01, 3.191679716110e-04, 3.3152e+04, 1.1520e+03, 
 1DIAGNOSTIC,    22, -8.737655282021e-01, 2.828985452652e-04, 3.4176e+04, 1.0240e+03, 
 1DIAGNOSTIC,    23, -8.744398355484e-01, 2.523772418499e-04, 3.5200e+04, 1.0240e+03, 
 1DIAGNOSTIC,    24, -8.751101493835e-01, 2.269856631756e-04, 3.6352e+04, 1.1520e+03, 
 1DIAGNOSTIC,    25, -8.757571578026e-01, 2.058818936348e-04, 3.7376e+04, 1.0240e+03, 
 1DIAGNOSTIC,    26, -8.763704299927e-01, 1.882724463940e-04, 3.8528e+04, 1.1520e+03, 
 1DIAGNOSTIC,    27, -8.769248723984e-01, 1.715831458569e-04, 3.9552e+04, 1.0240e+03, 
 1DIAGNOSTIC,    28, -8.774589896202e-01, 1.581609249115e-04, 4.0576e+04, 1.0240e+03, 
 1DIAGNOSTIC,    29, -8.779153823853e-01, 1.450777053833e-04, 4.1728e+04, 1.1520e+03, 
 1DIAGNOSTIC,    30, -8.783569931984e-01, 1.326613128185e-04, 4.2752e+04, 1.0240e+03, 
 1DIAGNOSTIC,    31, -8.787540793419e-01, 1.204311847687e-04, 4.3776e+04, 1.0240e+03, 
 1DIAGNOSTIC,    32, -8.791137337685e-01, 1.086704432964e-04, 4.4928e+04, 1.1520e+03, 
 1DIAGNOSTIC,    33, -8.794322013855e-01, 9.717047214508e-05, 4.5952e+04, 1.0240e+03, 
 1DIAGNOSTIC,    34, -8.797044754028e-01, 8.620694279671e-05, 4.7104e+04, 1.1520e+03, 
 1DIAGNOSTIC,    35, -8.799585700035e-01, 7.612258195877e-05, 4.8128e+04, 1.0240e+03, 
 1DIAGNOSTIC,    36, -8.801866769791e-01, 6.701983511448e-05, 4.9280e+04, 1.1520e+03, 
 1DIAGNOSTIC,    37, -8.803895711899e-01, 5.874037742615e-05, 5.0304e+04, 1.0240e+03, 
 1DIAGNOSTIC,    38, -8.805799484253e-01, 5.157291889191e-05, 5.1328e+04, 1.0240e+03, 
 1DIAGNOSTIC,    39, -8.807659149170e-01, 4.526413977146e-05, 5.2480e+04, 1.1520e+03, 
 1DIAGNOSTIC,    40, -8.809413909912e-01, 4.002824425697e-05, 5.3504e+04, 1.0240e+03, 
 1DIAGNOSTIC,    41, -8.811187744141e-01, 3.582984209061e-05, 5.4656e+04, 1.1520e+03, 
 1DIAGNOSTIC,    42, -8.812882304192e-01, 3.256462514400e-05, 5.5680e+04, 1.0240e+03, 
 1DIAGNOSTIC,    43, -8.814580440521e-01, 3.007799386978e-05, 5.6832e+04, 1.1520e+03, 
 1DIAGNOSTIC,    44, -8.816087245941e-01, 2.800859510899e-05, 5.7856e+04, 1.0240e+03, 
 1DIAGNOSTIC,    45, -8.817737698555e-01, 2.643093466759e-05, 5.8880e+04, 1.0240e+03, 
 1DIAGNOSTIC,    46, -8.819227218628e-01, 2.510286867619e-05, 6.0032e+04, 1.1520e+03, 
 1DIAGNOSTIC,    47, -8.820708394051e-01, 2.390705049038e-05, 6.1056e+04, 1.0240e+03, 
 1DIAGNOSTIC,    48, -8.822171688080e-01, 2.280063927174e-05, 6.2208e+04, 1.1520e+03, 
 1DIAGNOSTIC,    49, -8.823816776276e-01, 2.192892134190e-05, 6.3232e+04, 1.0240e+03, 
 1DIAGNOSTIC,    50, -8.825447559357e-01, 2.122670412064e-05, 6.4256e+04, 1.0240e+03, 
XXDIAGNOSTIC,Iteration,metricValue,convergenceValue,ITERATION_TIME_INDEX,SINCE_LAST
 1DIAGNOSTIC,     1, -8.579488992691e-01, 1.797693134862e+308, 7.3344e+04, 9.0880e+03, 
 1DIAGNOSTIC,     2, -8.596396446228e-01, 1.797693134862e+308, 8.2176e+04, 8.8320e+03, 
 1DIAGNOSTIC,     3, -8.615515232086e-01, 1.797693134862e+308, 9.1008e+04, 8.8320e+03, 
 1DIAGNOSTIC,     4, -8.633003234863e-01, 1.797693134862e+308, 9.9840e+04, 8.8320e+03, 
 1DIAGNOSTIC,     5, -8.650699853897e-01, 1.797693134862e+308, 1.0867e+05, 8.8320e+03, 
 1DIAGNOSTIC,     6, -8.666856288910e-01, 1.797693134862e+308, 1.1750e+05, 8.8320e+03, 
 1DIAGNOSTIC,     7, -8.681855201721e-01, 1.797693134862e+308, 1.2634e+05, 8.8320e+03, 
 1DIAGNOSTIC,     8, -8.695524930954e-01, 1.797693134862e+308, 1.3517e+05, 8.8320e+03, 
 1DIAGNOSTIC,     9, -8.707439303398e-01, 1.797693134862e+308, 1.4400e+05, 8.8320e+03, 
 1DIAGNOSTIC,    10, -8.719546794891e-01, 1.049816608429e-03, 1.5283e+05, 8.8320e+03, 
 1DIAGNOSTIC,    11, -8.729580640793e-01, 8.970126509666e-04, 1.6166e+05, 8.8320e+03, 
 1DIAGNOSTIC,    12, -8.739039897919e-01, 7.607191801071e-04, 1.7050e+05, 8.8320e+03, 
