---------------------
Experiment information

SIF_IMG: /mnt/lustre/mathdugre/containers/ants-flint-base.simg
SIF_IMG_BASE: /mnt/lustre/mathdugre/containers/ants-flint-base.simg
EXPERIMENT_NAME: flint-vprec-single
STAGE: affine
SUBJECT_ID: s026
REPETITION_ID: 1

FIXED_IMG: /templateflow/tpl-MNI152NLin2009cAsym/tpl-MNI152NLin2009cAsym_res-01_desc-brain_T1w.nii.gz
INPUT_IMG: /mnt/lustre/mathdugre/fast-interpolate/datasets/ds004513/derivatives/flint/ants/flint-vprec-single/sub-s026/ses-open/anat/0/1_Rigid.nii.gz

DATA_DIR: /mnt/lustre/mathdugre/fast-interpolate/datasets/ds004513
OUTPUT_DIR: /mnt/lustre/mathdugre/fast-interpolate/datasets/ds004513/derivatives/flint/ants/flint-vprec-single/sub-s026/ses-open/anat
OUTPUT_PREFIX: 00
THREAD: 1
FLOAT: 0
VFC_BACKENDS: ieee
---------------------

--output [/mnt/lustre/mathdugre/fast-interpolate/datasets/ds004513/derivatives/flint/ants/flint-vprec-single/sub-s026/ses-open/anat/00/1_,/mnt/lustre/mathdugre/fast-interpolate/datasets/ds004513/derivatives/flint/ants/flint-vprec-single/sub-s026/ses-open/anat/00/1_Affine.nii.gz,/mnt/lustre/mathdugre/fast-interpolate/datasets/ds004513/derivatives/flint/ants/flint-vprec-single/sub-s026/ses-open/anat/00/1_InverseAffine.nii.gz] --initial-moving-transform [/templateflow/tpl-MNI152NLin2009cAsym/tpl-MNI152NLin2009cAsym_res-01_desc-brain_T1w.nii.gz,/mnt/lustre/mathdugre/fast-interpolate/datasets/ds004513/derivatives/flint/ants/flint-vprec-single/sub-s026/ses-open/anat/0/1_Rigid.nii.gz,1] --transform Affine[0.1] --metric MI[/templateflow/tpl-MNI152NLin2009cAsym/tpl-MNI152NLin2009cAsym_res-01_desc-brain_T1w.nii.gz,/mnt/lustre/mathdugre/fast-interpolate/datasets/ds004513/derivatives/flint/ants/flint-vprec-single/sub-s026/ses-open/anat/0/1_Rigid.nii.gz,1,32,Regular,0.25] --convergence [1000x500x250x100,1e-6,10] --shrink-factors 8x4x2x1 --smoothing-sigmas 3x2x1x0vox
All_Command_lines_OK
Using double precision for computations.
=============================================================================
The composite transform comprises the following transforms (in order): 
  1. Center of mass alignment using fixed image: /templateflow/tpl-MNI152NLin2009cAsym/tpl-MNI152NLin2009cAsym_res-01_desc-brain_T1w.nii.gz and moving image: /mnt/lustre/mathdugre/fast-interpolate/datasets/ds004513/derivatives/flint/ants/flint-vprec-single/sub-s026/ses-open/anat/0/1_Rigid.nii.gz (type = Euler3DTransform)
=============================================================================
  number of levels = 4
  fixed image: /templateflow/tpl-MNI152NLin2009cAsym/tpl-MNI152NLin2009cAsym_res-01_desc-brain_T1w.nii.gz
  moving image: /mnt/lustre/mathdugre/fast-interpolate/datasets/ds004513/derivatives/flint/ants/flint-vprec-single/sub-s026/ses-open/anat/0/1_Rigid.nii.gz
Dimension = 3
Number of stages = 1
Use histogram matching = false
Winsorize image intensities = true
  Lower quantile = 0.005
  Upper quantile = 0.995


Stage 1 State
   Image metric = MattesMI
     Fixed image = Image (0x55c91b12ce90)
  RTTI typeinfo:   itk::Image<double, 3u>
  Reference Count: 2
  Modified Time: 1622
  Debug: Off
  Object Name: 
  Observers: 
    none
  Source: (none)
  Source output name: (none)
  Release Data: Off
  Data Released: False
  Global Release Data: Off
  PipelineMTime: 0
  UpdateMTime: 1407
  RealTimeStamp: 0 seconds 
  LargestPossibleRegion: 
    Dimension: 3
    Index: [0, 0, 0]
    Size: [193, 229, 193]
  BufferedRegion: 
    Dimension: 3
    Index: [0, 0, 0]
    Size: [193, 229, 193]
  RequestedRegion: 
    Dimension: 3
    Index: [0, 0, 0]
    Size: [193, 229, 193]
  Spacing: [1, 1, 1]
  Origin: [96, 132, -78]
  Direction: 
-1 0 0
0 -1 0
0 0 1

  IndexToPointMatrix: 
-1 0 0
0 -1 0
0 0 1

  PointToIndexMatrix: 
-1 0 0
0 -1 0
0 0 1

  Inverse Direction: 
-1 0 0
0 -1 0
0 0 1

  PixelContainer: 
    ImportImageContainer (0x55c91b2030d0)
      RTTI typeinfo:   itk::ImportImageContainer<unsigned long, double>
      Reference Count: 1
      Modified Time: 1404
      Debug: Off
      Object Name: 
      Observers: 
        none
      Pointer: 0x7ff695726010
      Container manages memory: true
      Size: 8530021
      Capacity: 8530021

     Moving image = Image (0x55c91b133b20)
  RTTI typeinfo:   itk::Image<double, 3u>
  Reference Count: 2
  Modified Time: 1623
  Debug: Off
  Object Name: 
  Observers: 
    none
  Source: (none)
  Source output name: (none)
  Release Data: Off
  Data Released: False
  Global Release Data: Off
  PipelineMTime: 0
  UpdateMTime: 1620
  RealTimeStamp: 0 seconds 
  LargestPossibleRegion: 
    Dimension: 3
    Index: [0, 0, 0]
    Size: [193, 229, 193]
  BufferedRegion: 
    Dimension: 3
    Index: [0, 0, 0]
    Size: [193, 229, 193]
  RequestedRegion: 
    Dimension: 3
    Index: [0, 0, 0]
    Size: [193, 229, 193]
  Spacing: [1, 1, 1]
  Origin: [96, 132, -78]
  Direction: 
-1 0 0
0 -1 0
0 0 1

  IndexToPointMatrix: 
-1 0 0
0 -1 0
0 0 1

  PointToIndexMatrix: 
-1 0 0
0 -1 0
0 0 1

  Inverse Direction: 
-1 0 0
0 -1 0
0 0 1

  PixelContainer: 
    ImportImageContainer (0x55c91b12e480)
      RTTI typeinfo:   itk::ImportImageContainer<unsigned long, double>
      Reference Count: 1
      Modified Time: 1617
      Debug: Off
      Object Name: 
      Observers: 
        none
      Pointer: 0x7ff691611010
      Container manages memory: true
      Size: 8530021
      Capacity: 8530021

     Weighting = 1
     Sampling strategy = regular
     Number of bins = 32
     Radius = 4
     Sampling percentage  = 0.25
   Transform = Affine
     Gradient step = 0.1
     Update field sigma (voxel space) = 0
     Total field sigma (voxel space) = 0
     Update field time sigma = 0
     Total field time sigma  = 0
     Number of time indices = 0
     Number of time point samples = 0
Registration using 1 total stages.

Stage 0
  iterations = 1000x500x250x100
  convergence threshold = 1e-06
  convergence window size = 10
  number of levels = 4
  using the Mattes MI metric (number of bins = 32, weight = 1, use gradient filter = 0)
  preprocessing:  winsorizing the image intensities
  Shrink factors (level 1 out of 4): [8, 8, 8]
  Shrink factors (level 2 out of 4): [4, 4, 4]
  Shrink factors (level 3 out of 4): [2, 2, 2]
  Shrink factors (level 4 out of 4): [1, 1, 1]
  smoothing sigmas per level: [3, 2, 1, 0]
  regular sampling (percentage = 0.25)

*** Running AffineTransform registration ***

DIAGNOSTIC,Iteration,metricValue,convergenceValue,ITERATION_TIME_INDEX,SINCE_LAST
 2DIAGNOSTIC,     1, -5.729282052645e-01, 1.797693134862e+308, 1.4713e+00, 1.4713e+00, 
 2DIAGNOSTIC,     2, -5.750883876438e-01, 1.797693134862e+308, 1.4822e+00, 1.0934e-02, 
 2DIAGNOSTIC,     3, -5.784594020633e-01, 1.797693134862e+308, 1.4933e+00, 1.1042e-02, 
 2DIAGNOSTIC,     4, -5.847823856900e-01, 1.797693134862e+308, 1.5058e+00, 1.2563e-02, 
 2DIAGNOSTIC,     5, -5.963212932381e-01, 1.797693134862e+308, 1.5168e+00, 1.1008e-02, 
 2DIAGNOSTIC,     6, -6.168426786898e-01, 1.797693134862e+308, 1.5280e+00, 1.1204e-02, 
 2DIAGNOSTIC,     7, -6.914060392454e-01, 1.797693134862e+308, 1.5395e+00, 1.1439e-02, 
 2DIAGNOSTIC,     8, -7.500077852592e-01, 1.797693134862e+308, 1.5534e+00, 1.3918e-02, 
 2DIAGNOSTIC,     9, -7.809536359937e-01, 1.797693134862e+308, 1.5645e+00, 1.1068e-02, 
 2DIAGNOSTIC,    10, -8.150605730863e-01, 2.579965201358e-02, 1.5815e+00, 1.7096e-02, 
 2DIAGNOSTIC,    11, -8.469234174700e-01, 2.686855686226e-02, 1.5923e+00, 1.0753e-02, 
 2DIAGNOSTIC,    12, -8.508563754996e-01, 2.550988559320e-02, 1.6031e+00, 1.0754e-02, 
 2DIAGNOSTIC,    13, -8.551963467414e-01, 2.236467055101e-02, 1.6139e+00, 1.0859e-02, 
 2DIAGNOSTIC,    14, -8.583987464859e-01, 1.804515104688e-02, 1.6311e+00, 1.7222e-02, 
 2DIAGNOSTIC,    15, -8.602514385398e-01, 1.314702019610e-02, 1.6418e+00, 1.0669e-02, 
 2DIAGNOSTIC,    16, -8.607947657394e-01, 8.252288100155e-03, 1.6527e+00, 1.0854e-02, 
 2DIAGNOSTIC,    17, -8.613605489474e-01, 4.957320887080e-03, 1.6670e+00, 1.4302e-02, 
 2DIAGNOSTIC,    18, -8.615855963922e-01, 2.877159531487e-03, 1.6775e+00, 1.0576e-02, 
 2DIAGNOSTIC,    19, -8.617177818027e-01, 1.390446397248e-03, 1.6881e+00, 1.0522e-02, 
 2DIAGNOSTIC,    20, -8.618665099159e-01, 5.722606562976e-04, 1.7023e+00, 1.4197e-02, 
 2DIAGNOSTIC,    21, -8.619494825834e-01, 3.563219350062e-04, 1.7128e+00, 1.0541e-02, 
 2DIAGNOSTIC,    22, -8.620113226680e-01, 1.957434727488e-04, 1.7234e+00, 1.0557e-02, 
 2DIAGNOSTIC,    23, -8.621357246444e-01, 1.032448283009e-04, 1.7363e+00, 1.2956e-02, 
 2DIAGNOSTIC,    24, -8.622727180681e-01, 6.024675510729e-05, 1.7493e+00, 1.3034e-02, 
 2DIAGNOSTIC,    25, -8.623749933390e-01, 4.398775685304e-05, 1.7599e+00, 1.0541e-02, 
 2DIAGNOSTIC,    26, -8.623853648977e-01, 3.268898947398e-05, 1.7704e+00, 1.0535e-02, 
 2DIAGNOSTIC,    27, -8.624152425930e-01, 2.734968645106e-05, 1.7821e+00, 1.1718e-02, 
 2DIAGNOSTIC,    28, -8.624260099357e-01, 2.298758325581e-05, 1.7954e+00, 1.3235e-02, 
 2DIAGNOSTIC,    29, -8.624291569207e-01, 1.852232318286e-05, 1.8059e+00, 1.0496e-02, 
 2DIAGNOSTIC,    30, -8.624509912370e-01, 1.477172855929e-05, 1.8176e+00, 1.1714e-02, 
 2DIAGNOSTIC,    31, -8.624548076143e-01, 1.101027265169e-05, 1.8280e+00, 1.0454e-02, 
 2DIAGNOSTIC,    32, -8.624568802487e-01, 7.273796703719e-06, 1.8385e+00, 1.0421e-02, 
 2DIAGNOSTIC,    33, -8.624584736044e-01, 4.527617534826e-06, 1.8514e+00, 1.2896e-02, 
 2DIAGNOSTIC,    34, -8.624611665958e-01, 3.058485801441e-06, 1.8630e+00, 1.1688e-02, 
 2DIAGNOSTIC,    35, -8.624756041190e-01, 2.664863192475e-06, 1.8784e+00, 1.5387e-02, 
 2DIAGNOSTIC,    36, -8.624773973209e-01, 2.242380167099e-06, 1.8889e+00, 1.0503e-02, 
 2DIAGNOSTIC,    37, -8.624858882416e-01, 2.089200629121e-06, 1.9006e+00, 1.1703e-02, 
 2DIAGNOSTIC,    38, -8.624867812774e-01, 1.943520872336e-06, 1.9147e+00, 1.4108e-02, 
 2DIAGNOSTIC,    39, -8.624868072691e-01, 1.729711371527e-06, 1.9283e+00, 1.3605e-02, 
 2DIAGNOSTIC,    40, -8.624868129964e-01, 1.635612518341e-06, 1.9404e+00, 1.2022e-02, 
 2DIAGNOSTIC,    41, -8.624868156592e-01, 1.503069970231e-06, 1.9522e+00, 1.1783e-02, 
 2DIAGNOSTIC,    42, -8.624868168130e-01, 1.330446941849e-06, 1.9638e+00, 1.1676e-02, 
 2DIAGNOSTIC,    43, -8.624868172659e-01, 1.129730530819e-06, 1.9757e+00, 1.1907e-02, 
DIAGNOSTIC,Iteration,metricValue,convergenceValue,ITERATION_TIME_INDEX,SINCE_LAST
 2DIAGNOSTIC,     1, -7.256435954070e-01, 1.797693134862e+308, 3.5565e+00, 1.5807e+00, 
 2DIAGNOSTIC,     2, -7.262022214442e-01, 1.797693134862e+308, 3.6700e+00, 1.1351e-01, 
 2DIAGNOSTIC,     3, -7.267937893635e-01, 1.797693134862e+308, 3.8033e+00, 1.3333e-01, 
 2DIAGNOSTIC,     4, -7.275279286896e-01, 1.797693134862e+308, 3.9165e+00, 1.1321e-01, 
 2DIAGNOSTIC,     5, -7.282819693321e-01, 1.797693134862e+308, 4.0448e+00, 1.2833e-01, 
 2DIAGNOSTIC,     6, -7.289390549626e-01, 1.797693134862e+308, 4.4294e+00, 3.8455e-01, 
 2DIAGNOSTIC,     7, -7.289390530602e-01, 1.797693134862e+308, 4.5422e+00, 1.1281e-01, 
 2DIAGNOSTIC,     8, -7.289390651123e-01, 1.797693134862e+308, 4.6551e+00, 1.1289e-01, 
 2DIAGNOSTIC,     9, -7.289390854884e-01, 1.797693134862e+308, 4.7680e+00, 1.1289e-01, 
 2DIAGNOSTIC,    10, -7.289391199329e-01, 3.139781508679e-04, 4.8809e+00, 1.1293e-01, 
 2DIAGNOSTIC,    11, -7.289391781466e-01, 2.125949883968e-04, 4.9940e+00, 1.1307e-01, 
 2DIAGNOSTIC,    12, -7.289392764949e-01, 1.275590710258e-04, 5.1071e+00, 1.1315e-01, 
 2DIAGNOSTIC,    13, -7.289394425386e-01, 6.207202620238e-05, 5.2205e+00, 1.1337e-01, 
 2DIAGNOSTIC,    14, -7.289397225509e-01, 2.062651569706e-05, 5.3337e+00, 1.1319e-01, 
 2DIAGNOSTIC,    15, -7.289401946026e-01, 2.176981799065e-06, 5.4468e+00, 1.1311e-01, 
 2DIAGNOSTIC,    16, -7.289409938540e-01, 2.076247966623e-06, 5.5599e+00, 1.1305e-01, 
 2DIAGNOSTIC,    17, -7.289423267464e-01, 2.009637250680e-06, 5.6730e+00, 1.1311e-01, 
 2DIAGNOSTIC,    18, -7.289445321722e-01, 1.985328163069e-06, 5.7861e+00, 1.1313e-01, 
 2DIAGNOSTIC,    19, -7.289481084565e-01, 2.016537814092e-06, 5.8991e+00, 1.1303e-01, 
 2DIAGNOSTIC,    20, -7.289538069380e-01, 2.123521409235e-06, 6.0123e+00, 1.1313e-01, 
 2DIAGNOSTIC,    21, -7.289626682242e-01, 2.334600491316e-06, 6.1265e+00, 1.1423e-01, 
 2DIAGNOSTIC,    22, -7.289759661802e-01, 2.684854049494e-06, 6.2398e+00, 1.1326e-01, 
 2DIAGNOSTIC,    23, -7.289948141597e-01, 3.207480974828e-06, 6.3551e+00, 1.1535e-01, 
 2DIAGNOSTIC,    24, -7.290208183665e-01, 3.937836249072e-06, 6.4683e+00, 1.1321e-01, 
 2DIAGNOSTIC,    25, -7.290576734469e-01, 4.940474369802e-06, 6.5814e+00, 1.1313e-01, 
 2DIAGNOSTIC,    26, -7.291029524713e-01, 6.203211349053e-06, 6.6945e+00, 1.1310e-01, 
 2DIAGNOSTIC,    27, -7.291355478756e-01, 7.383666079663e-06, 6.8385e+00, 1.4394e-01, 
 2DIAGNOSTIC,    28, -7.291435621138e-01, 8.034915185071e-06, 7.0434e+00, 2.0493e-01, 
 2DIAGNOSTIC,    29, -7.291436132173e-01, 8.044118602356e-06, 7.1568e+00, 1.1339e-01, 
 2DIAGNOSTIC,    30, -7.291441545345e-01, 7.476381849898e-06, 7.2704e+00, 1.1363e-01, 
 2DIAGNOSTIC,    31, -7.291449619044e-01, 6.451646360581e-06, 7.3839e+00, 1.1344e-01, 
 2DIAGNOSTIC,    32, -7.291460260972e-01, 5.147239763463e-06, 7.4976e+00, 1.1377e-01, 
 2DIAGNOSTIC,    33, -7.291472963755e-01, 3.767829548161e-06, 7.6110e+00, 1.1334e-01, 
 2DIAGNOSTIC,    34, -7.291483501558e-01, 2.513604346978e-06, 7.7240e+00, 1.1301e-01, 
 2DIAGNOSTIC,    35, -7.291489900741e-01, 1.590279241358e-06, 7.8674e+00, 1.4343e-01, 
 2DIAGNOSTIC,    36, -7.291491838473e-01, 1.137043395997e-06, 7.9807e+00, 1.1322e-01, 
 2DIAGNOSTIC,    37, -7.291493317026e-01, 1.026994120471e-06, 8.0939e+00, 1.1329e-01, 
DIAGNOSTIC,Iteration,metricValue,convergenceValue,ITERATION_TIME_INDEX,SINCE_LAST
 2DIAGNOSTIC,     1, -6.222247677566e-01, 1.797693134862e+308, 1.0454e+01, 2.3603e+00, 
 2DIAGNOSTIC,     2, -6.224264506441e-01, 1.797693134862e+308, 1.1207e+01, 7.5254e-01, 
 2DIAGNOSTIC,     3, -6.226176213551e-01, 1.797693134862e+308, 1.1956e+01, 7.4965e-01, 
 2DIAGNOSTIC,     4, -6.228430841051e-01, 1.797693134862e+308, 1.2803e+01, 8.4637e-01, 
 2DIAGNOSTIC,     5, -6.230417700624e-01, 1.797693134862e+308, 1.3645e+01, 8.4195e-01, 
 2DIAGNOSTIC,     6, -6.230517719935e-01, 1.797693134862e+308, 1.4595e+01, 9.5038e-01, 
 2DIAGNOSTIC,     7, -6.230563585230e-01, 1.797693134862e+308, 1.5350e+01, 7.5518e-01, 
 2DIAGNOSTIC,     8, -6.230601055751e-01, 1.797693134862e+308, 1.6202e+01, 8.5180e-01, 
 2DIAGNOSTIC,     9, -6.230659430465e-01, 1.797693134862e+308, 1.7244e+01, 1.0420e+00, 
 2DIAGNOSTIC,    10, -6.230669287443e-01, 8.589735067017e-05, 1.7988e+01, 7.4390e-01, 
 2DIAGNOSTIC,    11, -6.230689220576e-01, 5.270241423443e-05, 1.8734e+01, 7.4610e-01, 
 2DIAGNOSTIC,    12, -6.230707215586e-01, 2.832783651878e-05, 1.9577e+01, 8.4309e-01, 
 2DIAGNOSTIC,    13, -6.230737338500e-01, 1.206021667507e-05, 2.0433e+01, 8.5612e-01, 
 2DIAGNOSTIC,    14, -6.230760870067e-01, 4.484453051831e-06, 2.1296e+01, 8.6267e-01, 
 2DIAGNOSTIC,    15, -6.230762794696e-01, 3.759766138534e-06, 2.2256e+01, 9.5980e-01, 
 2DIAGNOSTIC,    16, -6.230763683996e-01, 3.264219005469e-06, 2.3142e+01, 8.8644e-01, 
 2DIAGNOSTIC,    17, -6.230763866781e-01, 2.832270895675e-06, 2.4143e+01, 1.0010e+00, 
 2DIAGNOSTIC,    18, -6.230763891565e-01, 2.449907117980e-06, 2.5194e+01, 1.0508e+00, 
 2DIAGNOSTIC,    19, -6.230763893335e-01, 2.184145442875e-06, 2.6674e+01, 1.4803e+00, 
 2DIAGNOSTIC,    20, -6.230763893339e-01, 1.920130637836e-06, 2.7771e+01, 1.0963e+00, 
 2DIAGNOSTIC,    21, -6.230763893339e-01, 1.694341890374e-06, 2.8876e+01, 1.1058e+00, 
 2DIAGNOSTIC,    22, -6.230763893339e-01, 1.508505660337e-06, 2.9738e+01, 8.6123e-01, 
 2DIAGNOSTIC,    23, -6.230763893339e-01, 1.391481697394e-06, 3.0608e+01, 8.7048e-01, 
 2DIAGNOSTIC,    24, -6.230763893339e-01, 1.328092606445e-06, 3.1460e+01, 8.5206e-01, 
 2DIAGNOSTIC,    25, -6.230763893339e-01, 1.273013513034e-06, 3.2413e+01, 9.5241e-01, 
 2DIAGNOSTIC,    26, -6.230763893339e-01, 1.223683533849e-06, 3.3260e+01, 8.4706e-01, 
 2DIAGNOSTIC,    27, -6.230763893339e-01, 1.178311163440e-06, 3.4298e+01, 1.0389e+00, 
 2DIAGNOSTIC,    28, -6.230763893339e-01, 1.136220123245e-06, 3.5344e+01, 1.0456e+00, 
 2DIAGNOSTIC,    29, -6.230763893339e-01, 1.097035070223e-06, 3.6205e+01, 8.6119e-01, 
 2DIAGNOSTIC,    30, -6.230763893339e-01, 1.060462684818e-06, 3.7063e+01, 8.5796e-01, 
 2DIAGNOSTIC,    31, -6.230763893339e-01, 1.026250092441e-06, 3.8019e+01, 9.5570e-01, 
DIAGNOSTIC,Iteration,metricValue,convergenceValue,ITERATION_TIME_INDEX,SINCE_LAST
 2DIAGNOSTIC,     1, -5.529498834961e-01, 1.797693134862e+308, 4.4286e+01, 6.2676e+00, 
 2DIAGNOSTIC,     2, -5.531044487069e-01, 1.797693134862e+308, 4.9238e+01, 4.9515e+00, 
 2DIAGNOSTIC,     3, -5.532434547323e-01, 1.797693134862e+308, 5.4736e+01, 5.4985e+00, 
 2DIAGNOSTIC,     4, -5.533558621436e-01, 1.797693134862e+308, 6.0927e+01, 6.1905e+00, 
 2DIAGNOSTIC,     5, -5.533637108924e-01, 1.797693134862e+308, 6.5817e+01, 4.8901e+00, 
 2DIAGNOSTIC,     6, -5.533732338375e-01, 1.797693134862e+308, 7.1876e+01, 6.0594e+00, 
 2DIAGNOSTIC,     7, -5.533820376037e-01, 1.797693134862e+308, 7.7463e+01, 5.5865e+00, 
 2DIAGNOSTIC,     8, -5.533863990012e-01, 1.797693134862e+308, 8.2334e+01, 4.8714e+00, 
 2DIAGNOSTIC,     9, -5.533868771019e-01, 1.797693134862e+308, 9.7232e+01, 1.4897e+01, 
 2DIAGNOSTIC,    10, -5.533868771049e-01, 4.416603906182e-05, 1.0223e+02, 4.9989e+00, 
 2DIAGNOSTIC,    11, -5.533868772816e-01, 2.351037156748e-05, 1.0711e+02, 4.8770e+00, 
 2DIAGNOSTIC,    12, -5.533868775770e-01, 1.094983800125e-05, 1.1199e+02, 4.8795e+00, 
 2DIAGNOSTIC,    13, -5.533868780729e-01, 4.943239079916e-06, 1.1686e+02, 4.8692e+00, 
 2DIAGNOSTIC,    14, -5.533868788966e-01, 3.692592600912e-06, 1.2172e+02, 4.8675e+00, 
 2DIAGNOSTIC,    15, -5.533868802652e-01, 2.744530980883e-06, 1.2659e+02, 4.8670e+00, 
 2DIAGNOSTIC,    16, -5.533868824353e-01, 2.157412925974e-06, 1.3146e+02, 4.8682e+00, 
 2DIAGNOSTIC,    17, -5.533868857096e-01, 1.886296507596e-06, 1.3637e+02, 4.9136e+00, 
 2DIAGNOSTIC,    18, -5.533868905009e-01, 1.768123794696e-06, 1.4128e+02, 4.9048e+00, 
 2DIAGNOSTIC,    19, -5.533868974107e-01, 1.675432156283e-06, 1.4615e+02, 4.8685e+00, 
 2DIAGNOSTIC,    20, -5.533869077297e-01, 1.592172557872e-06, 1.5102e+02, 4.8752e+00, 
 2DIAGNOSTIC,    21, -5.533869161630e-01, 1.516905698960e-06, 1.5649e+02, 5.4643e+00, 
 2DIAGNOSTIC,    22, -5.533869178928e-01, 1.448338400580e-06, 1.6548e+02, 8.9912e+00, 
 2DIAGNOSTIC,    23, -5.533869179008e-01, 1.385530847269e-06, 1.8097e+02, 1.5489e+01, 
 2DIAGNOSTIC,    24, -5.533869179008e-01, 1.327751851472e-06, 1.8646e+02, 5.4955e+00, 
 2DIAGNOSTIC,    25, -5.533869179008e-01, 1.274409759805e-06, 1.9309e+02, 6.6307e+00, 
 2DIAGNOSTIC,    26, -5.533869179008e-01, 1.225030641913e-06, 1.9873e+02, 5.6366e+00, 
 2DIAGNOSTIC,    27, -5.533869179008e-01, 1.179232194025e-06, 2.0422e+02, 5.4957e+00, 
 2DIAGNOSTIC,    28, -5.533869179008e-01, 1.136698646396e-06, 2.0969e+02, 5.4648e+00, 
 2DIAGNOSTIC,    29, -5.533869179008e-01, 1.097165046107e-06, 2.1518e+02, 5.4900e+00, 
 2DIAGNOSTIC,    30, -5.533869179008e-01, 1.060420467838e-06, 2.2066e+02, 5.4838e+00, 
 2DIAGNOSTIC,    31, -5.533869179008e-01, 1.026182712000e-06, 2.2613e+02, 5.4623e+00, 
  Elapsed time (stage 0): 2.2931e+02


Total elapsed time: 2.2931e+02
-i /mnt/lustre/mathdugre/fast-interpolate/datasets/ds004513/derivatives/flint/ants/flint-vprec-single/sub-s026/ses-open/anat/0/1_Rigid.nii.gz -o /mnt/lustre/mathdugre/fast-interpolate/datasets/ds004513/derivatives/flint/ants/flint-vprec-single/sub-s026/ses-open/anat/00/1_transformed.nii.gz -t /mnt/lustre/mathdugre/fast-interpolate/datasets/ds004513/derivatives/flint/ants/flint-vprec-single/sub-s026/ses-open/anat/00/1_0GenericAffine.mat
