---------------------
Experiment information

SIF_IMG: /mnt/lustre/mathdugre/containers/ants-flint-vprec.simg
SIF_IMG_BASE: /mnt/lustre/mathdugre/containers/ants-flint-base.simg
EXPERIMENT_NAME: flint-vprec-single-five-levels
STAGE: rigid
SUBJECT_ID: s033
REPETITION_ID: 1

FIXED_IMG: /templateflow/tpl-MNI152NLin2009cAsym/tpl-MNI152NLin2009cAsym_res-01_desc-brain_T1w.nii.gz
INPUT_IMG: /mnt/lustre/mathdugre/fast-interpolate/datasets/ds004513/derivatives/fsl/fast/sub-s033/ses-open/anat/BrainExtractionBrain_seg.nii.gz

DATA_DIR: /mnt/lustre/mathdugre/fast-interpolate/datasets/ds004513
OUTPUT_DIR: /mnt/lustre/mathdugre/fast-interpolate/datasets/ds004513/derivatives/flint/ants/flint-vprec-single-five-levels/sub-s033/ses-open/anat
OUTPUT_PREFIX: 1
THREAD: 1
FLOAT: 0
VFC_BACKENDS: libinterflop_vprec.so --precision-binary32=23 --range-binary32=8 --precision-binary64=23 --range-binary64=8
---------------------

--output [/mnt/lustre/mathdugre/fast-interpolate/datasets/ds004513/derivatives/flint/ants/flint-vprec-single-five-levels/sub-s033/ses-open/anat/1/1_,/mnt/lustre/mathdugre/fast-interpolate/datasets/ds004513/derivatives/flint/ants/flint-vprec-single-five-levels/sub-s033/ses-open/anat/1/1_Rigid.nii.gz,/mnt/lustre/mathdugre/fast-interpolate/datasets/ds004513/derivatives/flint/ants/flint-vprec-single-five-levels/sub-s033/ses-open/anat/1/1_InverseRigid.nii.gz] --initial-moving-transform [/templateflow/tpl-MNI152NLin2009cAsym/tpl-MNI152NLin2009cAsym_res-01_desc-brain_T1w.nii.gz,/mnt/lustre/mathdugre/fast-interpolate/datasets/ds004513/derivatives/fsl/fast/sub-s033/ses-open/anat/BrainExtractionBrain_seg.nii.gz,1] --transform Rigid[0.1] --metric MI[/templateflow/tpl-MNI152NLin2009cAsym/tpl-MNI152NLin2009cAsym_res-01_desc-brain_T1w.nii.gz,/mnt/lustre/mathdugre/fast-interpolate/datasets/ds004513/derivatives/fsl/fast/sub-s033/ses-open/anat/BrainExtractionBrain_seg.nii.gz,1,32,Regular,0.25] --convergence [1000x1000x500x250x100,1e-6,10] --shrink-factors 16x8x4x2x1 --smoothing-sigmas 4x3x2x1x0vox
All_Command_lines_OK
Using double precision for computations.
=============================================================================
The composite transform comprises the following transforms (in order): 
  1. Center of mass alignment using fixed image: /templateflow/tpl-MNI152NLin2009cAsym/tpl-MNI152NLin2009cAsym_res-01_desc-brain_T1w.nii.gz and moving image: /mnt/lustre/mathdugre/fast-interpolate/datasets/ds004513/derivatives/fsl/fast/sub-s033/ses-open/anat/BrainExtractionBrain_seg.nii.gz (type = Euler3DTransform)
=============================================================================
  number of levels = 5
  fixed image: /templateflow/tpl-MNI152NLin2009cAsym/tpl-MNI152NLin2009cAsym_res-01_desc-brain_T1w.nii.gz
  moving image: /mnt/lustre/mathdugre/fast-interpolate/datasets/ds004513/derivatives/fsl/fast/sub-s033/ses-open/anat/BrainExtractionBrain_seg.nii.gz
Dimension = 3
Number of stages = 1
Use histogram matching = false
Winsorize image intensities = true
  Lower quantile = 0.005
  Upper quantile = 0.995


Stage 1 State
   Image metric = MattesMI
     Fixed image = Image (0x49b82a0)
  RTTI typeinfo:   itk::Image<double, 3u>
  Reference Count: 2
  Modified Time: 1622
  Debug: Off
  Object Name: 
  Observers: 
    none
  Source: (none)
  Source output name: (none)
  Release Data: Off
  Data Released: False
  Global Release Data: Off
  PipelineMTime: 0
  UpdateMTime: 1407
  RealTimeStamp: 0 seconds 
  LargestPossibleRegion: 
    Dimension: 3
    Index: [0, 0, 0]
    Size: [193, 229, 193]
  BufferedRegion: 
    Dimension: 3
    Index: [0, 0, 0]
    Size: [193, 229, 193]
  RequestedRegion: 
    Dimension: 3
    Index: [0, 0, 0]
    Size: [193, 229, 193]
  Spacing: [1, 1, 1]
  Origin: [96, 132, -78]
  Direction: 
-1 0 0
0 -1 0
0 0 1

  IndexToPointMatrix: 
-1 0 0
0 -1 0
0 0 1

  PointToIndexMatrix: 
-1 0 0
0 -1 0
0 0 1

  Inverse Direction: 
-1 0 0
0 -1 0
0 0 1

  PixelContainer: 
    ImportImageContainer (0x4a8c3d0)
      RTTI typeinfo:   itk::ImportImageContainer<unsigned long, double>
      Reference Count: 1
      Modified Time: 1404
      Debug: Off
      Object Name: 
      Observers: 
        none
      Pointer: 0x7f5739956010
      Container manages memory: true
      Size: 8530021
      Capacity: 8530021

     Moving image = Image (0x49c0c20)
  RTTI typeinfo:   itk::Image<double, 3u>
  Reference Count: 2
  Modified Time: 1623
  Debug: Off
  Object Name: 
  Observers: 
    none
  Source: (none)
  Source output name: (none)
  Release Data: Off
  Data Released: False
  Global Release Data: Off
  PipelineMTime: 0
  UpdateMTime: 1620
  RealTimeStamp: 0 seconds 
  LargestPossibleRegion: 
    Dimension: 3
    Index: [0, 0, 0]
    Size: [160, 240, 256]
  BufferedRegion: 
    Dimension: 3
    Index: [0, 0, 0]
    Size: [160, 240, 256]
  RequestedRegion: 
    Dimension: 3
    Index: [0, 0, 0]
    Size: [160, 240, 256]
  Spacing: [1, 1, 1]
  Origin: [91.5134, 94.282, -109.927]
  Direction: 
-0.99591 -0.0698718 -0.0572835
0.0697565 -0.997556 0.00401236
-0.0574239 5.01125e-08 0.99835

  IndexToPointMatrix: 
-0.99591 -0.0698718 -0.0572835
0.0697565 -0.997556 0.00401236
-0.0574239 5.01125e-08 0.99835

  PointToIndexMatrix: 
-0.99591 0.0697565 -0.0574239
-0.0698718 -0.997556 -8.9407e-08
-0.0572835 0.00401232 0.99835

  Inverse Direction: 
-0.99591 0.0697565 -0.0574239
-0.0698718 -0.997556 -8.9407e-08
-0.0572835 0.00401232 0.99835

  PixelContainer: 
    ImportImageContainer (0x4a6c350)
      RTTI typeinfo:   itk::ImportImageContainer<unsigned long, double>
      Reference Count: 1
      Modified Time: 1617
      Debug: Off
      Object Name: 
      Observers: 
        none
      Pointer: 0x7f5734e55010
      Container manages memory: true
      Size: 9830400
      Capacity: 9830400

     Weighting = 1
     Sampling strategy = regular
     Number of bins = 32
     Radius = 4
     Sampling percentage  = 0.25
   Transform = Rigid
     Gradient step = 0.1
     Update field sigma (voxel space) = 0
     Total field sigma (voxel space) = 0
     Update field time sigma = 0
     Total field time sigma  = 0
     Number of time indices = 0
     Number of time point samples = 0
Registration using 1 total stages.

Stage 0
  iterations = 1000x1000x500x250x100
  convergence threshold = 1e-06
  convergence window size = 10
  number of levels = 5
  using the Mattes MI metric (number of bins = 32, weight = 1, use gradient filter = 0)
  preprocessing:  winsorizing the image intensities
  Shrink factors (level 1 out of 5): [16, 16, 16]
  Shrink factors (level 2 out of 5): [8, 8, 8]
  Shrink factors (level 3 out of 5): [4, 4, 4]
  Shrink factors (level 4 out of 5): [2, 2, 2]
  Shrink factors (level 5 out of 5): [1, 1, 1]
  smoothing sigmas per level: [4, 3, 2, 1, 0]
  regular sampling (percentage = 0.25)

*** Running Euler3DTransform registration ***

DIAGNOSTIC,Iteration,metricValue,convergenceValue,ITERATION_TIME_INDEX,SINCE_LAST
 2DIAGNOSTIC,     1, -8.725798130035e-01, 1.797693134862e+308, 1.2800e+02, 1.2800e+02, 
 2DIAGNOSTIC,     2, -8.737172484398e-01, 1.797693134862e+308, 1.2800e+02, 0.0000e+00, 
 2DIAGNOSTIC,     3, -8.759356141090e-01, 1.797693134862e+308, 1.2800e+02, 0.0000e+00, 
 2DIAGNOSTIC,     4, -8.794462084770e-01, 1.797693134862e+308, 1.2800e+02, 0.0000e+00, 
 2DIAGNOSTIC,     5, -8.868036866188e-01, 1.797693134862e+308, 1.2800e+02, 0.0000e+00, 
 2DIAGNOSTIC,     6, -8.942381739616e-01, 1.797693134862e+308, 1.2800e+02, 0.0000e+00, 
 2DIAGNOSTIC,     7, -9.077181816101e-01, 1.797693134862e+308, 1.2800e+02, 0.0000e+00, 
 2DIAGNOSTIC,     8, -9.250134825706e-01, 1.797693134862e+308, 1.2800e+02, 0.0000e+00, 
 2DIAGNOSTIC,     9, -9.268125295639e-01, 1.797693134862e+308, 1.2800e+02, 0.0000e+00, 
 2DIAGNOSTIC,    10, -9.283236265182e-01, 4.787698388100e-03, 1.2800e+02, 0.0000e+00, 
 2DIAGNOSTIC,    11, -9.299749135971e-01, 4.462346434593e-03, 1.2800e+02, 0.0000e+00, 
 2DIAGNOSTIC,    12, -9.325137138367e-01, 3.883838653564e-03, 1.2800e+02, 0.0000e+00, 
 2DIAGNOSTIC,    13, -9.394009113312e-01, 3.259100019932e-03, 1.2800e+02, 0.0000e+00, 
 2DIAGNOSTIC,    14, -9.424738287926e-01, 2.575069665909e-03, 1.2800e+02, 0.0000e+00, 
 2DIAGNOSTIC,    15, -9.444974064827e-01, 1.950874924660e-03, 1.2800e+02, 0.0000e+00, 
 2DIAGNOSTIC,    16, -9.484984874725e-01, 1.449309289455e-03, 1.2800e+02, 0.0000e+00, 
 2DIAGNOSTIC,    17, -9.530185461044e-01, 1.194186508656e-03, 1.2800e+02, 0.0000e+00, 
 2DIAGNOSTIC,    18, -9.541373252869e-01, 1.172121614218e-03, 1.2800e+02, 0.0000e+00, 
 2DIAGNOSTIC,    19, -9.569769501686e-01, 1.119889318943e-03, 1.2800e+02, 0.0000e+00, 
 2DIAGNOSTIC,    20, -9.580363035202e-01, 1.009579747915e-03, 1.2800e+02, 0.0000e+00, 
 2DIAGNOSTIC,    21, -9.597862958908e-01, 8.661039173603e-04, 1.2800e+02, 0.0000e+00, 
 2DIAGNOSTIC,    22, -9.602941274643e-01, 6.951354444027e-04, 1.2800e+02, 0.0000e+00, 
 2DIAGNOSTIC,    23, -9.606277942657e-01, 5.707778036594e-04, 1.2800e+02, 0.0000e+00, 
 2DIAGNOSTIC,    24, -9.608184099197e-01, 4.459321498871e-04, 1.2800e+02, 0.0000e+00, 
 2DIAGNOSTIC,    25, -9.609494209290e-01, 3.152191638947e-04, 1.2800e+02, 0.0000e+00, 
 2DIAGNOSTIC,    26, -9.611286520958e-01, 2.133212983608e-04, 1.2800e+02, 0.0000e+00, 
 2DIAGNOSTIC,    27, -9.612910151482e-01, 1.521967351437e-04, 1.2800e+02, 0.0000e+00, 
 2DIAGNOSTIC,    28, -9.614088535309e-01, 9.427219629288e-05, 1.2800e+02, 0.0000e+00, 
 2DIAGNOSTIC,    29, -9.614858627319e-01, 6.223842501640e-05, 1.2800e+02, 0.0000e+00, 
 2DIAGNOSTIC,    30, -9.616989493370e-01, 3.913044929504e-05, 1.2800e+02, 0.0000e+00, 
 2DIAGNOSTIC,    31, -9.636669754982e-01, 5.022436380386e-05, 1.2800e+02, 0.0000e+00, 
 2DIAGNOSTIC,    32, -9.639342427254e-01, 6.273761391640e-05, 1.2800e+02, 0.0000e+00, 
 2DIAGNOSTIC,    33, -9.639545083046e-01, 7.200986146927e-05, 1.2800e+02, 0.0000e+00, 
 2DIAGNOSTIC,    34, -9.639744162560e-01, 7.615238428116e-05, 1.2800e+02, 0.0000e+00, 
 2DIAGNOSTIC,    35, -9.625081419945e-01, 6.129965186119e-05, 1.2800e+02, 0.0000e+00, 
 2DIAGNOSTIC,    36, -9.626851081848e-01, 4.459172487259e-05, 1.2800e+02, 0.0000e+00, 
 2DIAGNOSTIC,    37, -9.627099633217e-01, 2.591498196125e-05, 1.2800e+02, 0.0000e+00, 
 2DIAGNOSTIC,    38, -9.627293944359e-01, 7.020309567451e-06, 1.2800e+02, 0.0000e+00, 
DIAGNOSTIC,Iteration,metricValue,convergenceValue,ITERATION_TIME_INDEX,SINCE_LAST
 2DIAGNOSTIC,     1, -5.398613810539e-01, 1.797693134862e+308, 1.2800e+02, 0.0000e+00, 
 2DIAGNOSTIC,     2, -5.410377979279e-01, 1.797693134862e+308, 1.2800e+02, 0.0000e+00, 
 2DIAGNOSTIC,     3, -5.429232120514e-01, 1.797693134862e+308, 1.2800e+02, 0.0000e+00, 
 2DIAGNOSTIC,     4, -5.470472574234e-01, 1.797693134862e+308, 1.2800e+02, 0.0000e+00, 
 2DIAGNOSTIC,     5, -5.520141124725e-01, 1.797693134862e+308, 1.2800e+02, 0.0000e+00, 
 2DIAGNOSTIC,     6, -5.563309192657e-01, 1.797693134862e+308, 1.2800e+02, 0.0000e+00, 
 2DIAGNOSTIC,     7, -5.571818947792e-01, 1.797693134862e+308, 1.2800e+02, 0.0000e+00, 
 2DIAGNOSTIC,     8, -5.654891729355e-01, 1.797693134862e+308, 1.2800e+02, 0.0000e+00, 
 2DIAGNOSTIC,     9, -5.662107467651e-01, 1.797693134862e+308, 1.2800e+02, 0.0000e+00, 
 2DIAGNOSTIC,    10, -5.677288174629e-01, 3.655932843685e-03, 1.2800e+02, 0.0000e+00, 
 2DIAGNOSTIC,    11, -5.686504840851e-01, 3.223240375519e-03, 1.2800e+02, 0.0000e+00, 
 2DIAGNOSTIC,    12, -5.693676471710e-01, 2.657294273376e-03, 1.2800e+02, 0.0000e+00, 
 2DIAGNOSTIC,    13, -5.699457526207e-01, 2.032913267612e-03, 1.2800e+02, 0.0000e+00, 
 2DIAGNOSTIC,    14, -5.703644156456e-01, 1.476332545280e-03, 1.2800e+02, 0.0000e+00, 
 2DIAGNOSTIC,    15, -5.710548758507e-01, 1.052685081959e-03, 1.2800e+02, 0.0000e+00, 
 2DIAGNOSTIC,    16, -5.721696615219e-01, 7.609724998474e-04, 1.2800e+02, 0.0000e+00, 
 2DIAGNOSTIC,    17, -5.726826786995e-01, 4.680231213570e-04, 1.2800e+02, 0.0000e+00, 
 2DIAGNOSTIC,    18, -5.733733177185e-01, 4.186294972897e-04, 1.2800e+02, 0.0000e+00, 
 2DIAGNOSTIC,    19, -5.745806694031e-01, 3.865025937557e-04, 1.2800e+02, 0.0000e+00, 
 2DIAGNOSTIC,    20, -5.750334858894e-01, 3.706067800522e-04, 1.2800e+02, 0.0000e+00, 
 2DIAGNOSTIC,    21, -5.756037831306e-01, 3.573410212994e-04, 1.2800e+02, 0.0000e+00, 
 2DIAGNOSTIC,    22, -5.764124989510e-01, 3.468953073025e-04, 1.2800e+02, 0.0000e+00, 
 2DIAGNOSTIC,    23, -5.768439769745e-01, 3.269091248512e-04, 1.2800e+02, 0.0000e+00, 
 2DIAGNOSTIC,    24, -5.770723819733e-01, 2.913661301136e-04, 1.2800e+02, 0.0000e+00, 
 2DIAGNOSTIC,    25, -5.777276754379e-01, 2.582110464573e-04, 1.2800e+02, 0.0000e+00, 
 2DIAGNOSTIC,    26, -5.779871940613e-01, 2.298653125763e-04, 1.2800e+02, 0.0000e+00, 
 2DIAGNOSTIC,    27, -5.783795714378e-01, 1.987591385841e-04, 1.2800e+02, 0.0000e+00, 
 2DIAGNOSTIC,    28, -5.787742733955e-01, 1.702271401882e-04, 1.2800e+02, 0.0000e+00, 
 2DIAGNOSTIC,    29, -5.795612335205e-01, 1.621358096600e-04, 1.2800e+02, 0.0000e+00, 
 2DIAGNOSTIC,    30, -5.802001953125e-01, 1.571923494339e-04, 1.2800e+02, 0.0000e+00, 
 2DIAGNOSTIC,    31, -5.811809897423e-01, 1.624375581741e-04, 1.2800e+02, 0.0000e+00, 
 2DIAGNOSTIC,    32, -5.819169282913e-01, 1.759305596352e-04, 1.2800e+02, 0.0000e+00, 
 2DIAGNOSTIC,    33, -5.820416808128e-01, 1.803673803806e-04, 1.2800e+02, 0.0000e+00, 
 2DIAGNOSTIC,    34, -5.821937918663e-01, 1.730322837830e-04, 1.2800e+02, 0.0000e+00, 
 2DIAGNOSTIC,    35, -5.825425982475e-01, 1.640189439058e-04, 1.2800e+02, 0.0000e+00, 
 2DIAGNOSTIC,    36, -5.827646255493e-01, 1.463908702135e-04, 1.2800e+02, 0.0000e+00, 
 2DIAGNOSTIC,    37, -5.829796791077e-01, 1.239702105522e-04, 1.2800e+02, 0.0000e+00, 
 2DIAGNOSTIC,    38, -5.831773877144e-01, 9.877607226372e-05, 1.2800e+02, 0.0000e+00, 
 2DIAGNOSTIC,    39, -5.839147567749e-01, 8.504092693329e-05, 1.2800e+02, 0.0000e+00, 
 2DIAGNOSTIC,    40, -5.848317742348e-01, 8.283182978630e-05, 1.2800e+02, 0.0000e+00, 
 2DIAGNOSTIC,    41, -5.858166217804e-01, 9.628385305405e-05, 1.2800e+02, 0.0000e+00, 
 2DIAGNOSTIC,    42, -5.864094495773e-01, 1.156050711870e-04, 1.2800e+02, 0.0000e+00, 
 2DIAGNOSTIC,    43, -5.895239710808e-01, 1.604855060577e-04, 1.2800e+02, 0.0000e+00, 
 2DIAGNOSTIC,    44, -5.986084938049e-01, 2.910606563091e-04, 1.2800e+02, 0.0000e+00, 
 2DIAGNOSTIC,    45, -6.027221083641e-01, 4.343036562204e-04, 1.2800e+02, 0.0000e+00, 
 2DIAGNOSTIC,    46, -6.031119823456e-01, 5.364529788494e-04, 1.2800e+02, 0.0000e+00, 
 2DIAGNOSTIC,    47, -6.033711433411e-01, 5.896706134081e-04, 1.2800e+02, 0.0000e+00, 
 2DIAGNOSTIC,    48, -6.038975715637e-01, 5.914587527514e-04, 1.2800e+02, 0.0000e+00, 
 2DIAGNOSTIC,    49, -6.043347716331e-01, 5.465149879456e-04, 1.2800e+02, 0.0000e+00, 
 2DIAGNOSTIC,    50, -6.044269204140e-01, 4.603657871485e-04, 1.2800e+02, 0.0000e+00, 
 2DIAGNOSTIC,    51, -6.046497821808e-01, 3.468785434961e-04, 1.2800e+02, 0.0000e+00, 
 2DIAGNOSTIC,    52, -6.079581975937e-01, 2.424120903015e-04, 1.2800e+02, 0.0000e+00, 
 2DIAGNOSTIC,    53, -6.110170483589e-01, 1.732669770718e-04, 1.2800e+02, 0.0000e+00, 
 2DIAGNOSTIC,    54, -6.127365231514e-01, 1.869611442089e-04, 1.2800e+02, 0.0000e+00, 
 2DIAGNOSTIC,    55, -6.162867546082e-01, 2.508591860533e-04, 1.2800e+02, 0.0000e+00, 
 2DIAGNOSTIC,    56, -6.171864271164e-01, 2.992264926434e-04, 1.2800e+02, 0.0000e+00, 
 2DIAGNOSTIC,    57, -6.188871264458e-01, 3.336444497108e-04, 1.2800e+02, 0.0000e+00, 
 2DIAGNOSTIC,    58, -6.212380528450e-01, 3.585405647755e-04, 1.2800e+02, 0.0000e+00, 
 2DIAGNOSTIC,    59, -6.215978860855e-01, 3.544781357050e-04, 1.2800e+02, 0.0000e+00, 
 2DIAGNOSTIC,    60, -6.216095089912e-01, 3.178846091032e-04, 1.2800e+02, 0.0000e+00, 
 2DIAGNOSTIC,    61, -6.219300031662e-01, 2.562198787928e-04, 1.2800e+02, 0.0000e+00, 
 2DIAGNOSTIC,    62, -6.220179796219e-01, 1.983139663935e-04, 1.2800e+02, 0.0000e+00, 
 2DIAGNOSTIC,    63, -6.221831440926e-01, 1.479126513004e-04, 1.2800e+02, 0.0000e+00, 
 2DIAGNOSTIC,    64, -6.225529909134e-01, 1.002699136734e-04, 1.2800e+02, 0.0000e+00, 
 2DIAGNOSTIC,    65, -6.233113408089e-01, 7.688999176025e-05, 1.2800e+02, 0.0000e+00, 
 2DIAGNOSTIC,    66, -6.234301924706e-01, 5.413219332695e-05, 1.2800e+02, 0.0000e+00, 
 2DIAGNOSTIC,    67, -6.237382888794e-01, 4.104711115360e-05, 1.2800e+02, 0.0000e+00, 
 2DIAGNOSTIC,    68, -6.237639784813e-01, 4.133209586143e-05, 1.2800e+02, 0.0000e+00, 
 2DIAGNOSTIC,    69, -6.246535181999e-01, 4.641711711884e-05, 1.2800e+02, 0.0000e+00, 
 2DIAGNOSTIC,    70, -6.252559423447e-01, 5.088001489639e-05, 1.2800e+02, 0.0000e+00, 
 2DIAGNOSTIC,    71, -6.264648437500e-01, 6.069615483284e-05, 1.2800e+02, 0.0000e+00, 
 2DIAGNOSTIC,    72, -6.269937157631e-01, 6.849784404039e-05, 1.2800e+02, 0.0000e+00, 
 2DIAGNOSTIC,    73, -6.278921961784e-01, 7.655844092369e-05, 1.2800e+02, 0.0000e+00, 
 2DIAGNOSTIC,    74, -6.314940452576e-01, 1.026410609484e-04, 1.2800e+02, 0.0000e+00, 
 2DIAGNOSTIC,    75, -6.345408558846e-01, 1.418441534042e-04, 1.2800e+02, 0.0000e+00, 
 2DIAGNOSTIC,    76, -6.352894306183e-01, 1.714797690511e-04, 1.2800e+02, 0.0000e+00, 
 2DIAGNOSTIC,    77, -6.375203728676e-01, 2.000713720918e-04, 1.2800e+02, 0.0000e+00, 
 2DIAGNOSTIC,    78, -6.384200453758e-01, 2.140849828720e-04, 1.2800e+02, 0.0000e+00, 
 2DIAGNOSTIC,    79, -6.393484473228e-01, 2.177692949772e-04, 1.2800e+02, 0.0000e+00, 
 2DIAGNOSTIC,    80, -6.406023502350e-01, 2.111010253429e-04, 1.2800e+02, 0.0000e+00, 
 2DIAGNOSTIC,    81, -6.413235664368e-01, 1.957258209586e-04, 1.2800e+02, 0.0000e+00, 
 2DIAGNOSTIC,    82, -6.413837075233e-01, 1.655211672187e-04, 1.2800e+02, 0.0000e+00, 
 2DIAGNOSTIC,    83, -6.416656970978e-01, 1.266291365027e-04, 1.2800e+02, 0.0000e+00, 
 2DIAGNOSTIC,    84, -6.422578096390e-01, 9.996909648180e-05, 1.2800e+02, 0.0000e+00, 
 2DIAGNOSTIC,    85, -6.426162123680e-01, 8.331891149282e-05, 1.2800e+02, 0.0000e+00, 
 2DIAGNOSTIC,    86, -6.428506374359e-01, 6.421189755201e-05, 1.2800e+02, 0.0000e+00, 
 2DIAGNOSTIC,    87, -6.444489359856e-01, 6.035994738340e-05, 1.2800e+02, 0.0000e+00, 
 2DIAGNOSTIC,    88, -6.507640480995e-01, 8.946005254984e-05, 1.2800e+02, 0.0000e+00, 
 2DIAGNOSTIC,    89, -6.518815755844e-01, 1.190975308418e-04, 1.2800e+02, 0.0000e+00, 
 2DIAGNOSTIC,    90, -6.526432633400e-01, 1.473864540458e-04, 1.2800e+02, 0.0000e+00, 
 2DIAGNOSTIC,    91, -6.529237627983e-01, 1.664925366640e-04, 1.2800e+02, 0.0000e+00, 
 2DIAGNOSTIC,    92, -6.530130505562e-01, 1.697186380625e-04, 1.2800e+02, 0.0000e+00, 
 2DIAGNOSTIC,    93, -6.532813310623e-01, 1.587234437466e-04, 1.2800e+02, 0.0000e+00, 
 2DIAGNOSTIC,    94, -6.540929675102e-01, 1.395652070642e-04, 1.2800e+02, 0.0000e+00, 
 2DIAGNOSTIC,    95, -6.543602347374e-01, 1.108814030886e-04, 1.2800e+02, 0.0000e+00, 
 2DIAGNOSTIC,    96, -6.544560790062e-01, 7.400475442410e-05, 1.2800e+02, 0.0000e+00, 
 2DIAGNOSTIC,    97, -6.547285318375e-01, 3.920216113329e-05, 1.2800e+02, 0.0000e+00, 
 2DIAGNOSTIC,    98, -6.550989747047e-01, 3.334227949381e-05, 1.2800e+02, 0.0000e+00, 
 2DIAGNOSTIC,    99, -6.554440855980e-01, 3.117695450783e-05, 1.2800e+02, 0.0000e+00, 
 2DIAGNOSTIC,   100, -6.555325984955e-01, 3.001186996698e-05, 1.2800e+02, 0.0000e+00, 
 2DIAGNOSTIC,   101, -6.558077335358e-01, 2.865958958864e-05, 1.2800e+02, 0.0000e+00, 
 2DIAGNOSTIC,   102, -6.558722257614e-01, 2.529844641685e-05, 1.2800e+02, 0.0000e+00, 
 2DIAGNOSTIC,   103, -6.559478640556e-01, 2.104789018631e-05, 1.2800e+02, 0.0000e+00, 
 2DIAGNOSTIC,   104, -6.560321450233e-01, 1.887883991003e-05, 1.2800e+02, 0.0000e+00, 
 2DIAGNOSTIC,   105, -6.563875675201e-01, 1.773890107870e-05, 1.2800e+02, 0.0000e+00, 
 2DIAGNOSTIC,   106, -6.569833755493e-01, 1.794006675482e-05, 1.2800e+02, 0.0000e+00, 
 2DIAGNOSTIC,   107, -6.570510864258e-01, 1.783110201359e-05, 1.2800e+02, 0.0000e+00, 
 2DIAGNOSTIC,   108, -6.570470333099e-01, 1.763366162777e-05, 1.2800e+02, 0.0000e+00, 
 2DIAGNOSTIC,   109, -6.569720506668e-01, 1.695565879345e-05, 1.2800e+02, 0.0000e+00, 
 2DIAGNOSTIC,   110, -6.568830013275e-01, 1.462921500206e-05, 1.2800e+02, 0.0000e+00, 
 2DIAGNOSTIC,   111, -6.567859053612e-01, 1.166947185993e-05, 1.2800e+02, 0.0000e+00, 
 2DIAGNOSTIC,   112, -6.566827297211e-01, 7.511116564274e-06, 1.2800e+02, 0.0000e+00, 
 2DIAGNOSTIC,   113, -6.565825343132e-01, 2.683140337467e-06, 1.2800e+02, 0.0000e+00, 
DIAGNOSTIC,Iteration,metricValue,convergenceValue,ITERATION_TIME_INDEX,SINCE_LAST
 2DIAGNOSTIC,     1, -5.512265563011e-01, 1.797693134862e+308, 2.5600e+02, 1.2800e+02, 
 2DIAGNOSTIC,     2, -5.517518520355e-01, 1.797693134862e+308, 2.5600e+02, 0.0000e+00, 
 2DIAGNOSTIC,     3, -5.524308681488e-01, 1.797693134862e+308, 2.5600e+02, 0.0000e+00, 
 2DIAGNOSTIC,     4, -5.528731942177e-01, 1.797693134862e+308, 2.5600e+02, 0.0000e+00, 
 2DIAGNOSTIC,     5, -5.535149574280e-01, 1.797693134862e+308, 2.5600e+02, 0.0000e+00, 
 2DIAGNOSTIC,     6, -5.540519952774e-01, 1.797693134862e+308, 2.5600e+02, 0.0000e+00, 
 2DIAGNOSTIC,     7, -5.546249747276e-01, 1.797693134862e+308, 2.5600e+02, 0.0000e+00, 
 2DIAGNOSTIC,     8, -5.549470782280e-01, 1.797693134862e+308, 2.5600e+02, 0.0000e+00, 
 2DIAGNOSTIC,     9, -5.558680891991e-01, 1.797693134862e+308, 2.5600e+02, 0.0000e+00, 
 2DIAGNOSTIC,    10, -5.562624335289e-01, 5.833953619003e-04, 2.5600e+02, 0.0000e+00, 
 2DIAGNOSTIC,    11, -5.563859939575e-01, 5.088001489639e-04, 2.5600e+02, 0.0000e+00, 
 2DIAGNOSTIC,    12, -5.566074252129e-01, 4.332363605499e-04, 2.5600e+02, 0.0000e+00, 
 2DIAGNOSTIC,    13, -5.569899082184e-01, 3.720745444298e-04, 2.5600e+02, 0.0000e+00, 
 2DIAGNOSTIC,    14, -5.573537349701e-01, 3.146454691887e-04, 2.5600e+02, 0.0000e+00, 
 2DIAGNOSTIC,    15, -5.574048757553e-01, 2.595037221909e-04, 2.5600e+02, 0.0000e+00, 
 2DIAGNOSTIC,    16, -5.576917529106e-01, 2.142935991287e-04, 2.5600e+02, 0.0000e+00, 
 2DIAGNOSTIC,    17, -5.578269362450e-01, 1.762360334396e-04, 2.5600e+02, 0.0000e+00, 
 2DIAGNOSTIC,    18, -5.579448938370e-01, 1.380443572998e-04, 2.5600e+02, 0.0000e+00, 
 2DIAGNOSTIC,    19, -5.578126311302e-01, 1.122094690800e-04, 2.5600e+02, 0.0000e+00, 
 2DIAGNOSTIC,    20, -5.578171014786e-01, 8.914992213249e-05, 2.5600e+02, 0.0000e+00, 
 2DIAGNOSTIC,    21, -5.578275918961e-01, 6.337091326714e-05, 2.5600e+02, 0.0000e+00, 
 2DIAGNOSTIC,    22, -5.580889582634e-01, 4.510581493378e-05, 2.5600e+02, 0.0000e+00, 
 2DIAGNOSTIC,    23, -5.581297874451e-01, 3.346055746078e-05, 2.5600e+02, 0.0000e+00, 
 2DIAGNOSTIC,    24, -5.581232905388e-01, 2.755597233772e-05, 2.5600e+02, 0.0000e+00, 
 2DIAGNOSTIC,    25, -5.581150650978e-01, 2.055242657661e-05, 2.5600e+02, 0.0000e+00, 
 2DIAGNOSTIC,    26, -5.581076145172e-01, 1.767277717590e-05, 2.5600e+02, 0.0000e+00, 
 2DIAGNOSTIC,    27, -5.580990314484e-01, 1.567602157593e-05, 2.5600e+02, 0.0000e+00, 
 2DIAGNOSTIC,    28, -5.580810308456e-01, 1.432374119759e-05, 2.5600e+02, 0.0000e+00, 
 2DIAGNOSTIC,    29, -5.580931305885e-01, 9.782612323761e-06, 2.5600e+02, 0.0000e+00, 
 2DIAGNOSTIC,    30, -5.580833554268e-01, 4.686415195465e-06, 2.5600e+02, 0.0000e+00, 
DIAGNOSTIC,Iteration,metricValue,convergenceValue,ITERATION_TIME_INDEX,SINCE_LAST
 2DIAGNOSTIC,     1, -4.754630327225e-01, 1.797693134862e+308, 2.5600e+02, 0.0000e+00, 
 2DIAGNOSTIC,     2, -4.756247103214e-01, 1.797693134862e+308, 3.8400e+02, 1.2800e+02, 
 2DIAGNOSTIC,     3, -4.756923913956e-01, 1.797693134862e+308, 3.8400e+02, 0.0000e+00, 
 2DIAGNOSTIC,     4, -4.757435619831e-01, 1.797693134862e+308, 3.8400e+02, 0.0000e+00, 
 2DIAGNOSTIC,     5, -4.758521914482e-01, 1.797693134862e+308, 3.8400e+02, 0.0000e+00, 
 2DIAGNOSTIC,     6, -4.761550426483e-01, 1.797693134862e+308, 3.8400e+02, 0.0000e+00, 
 2DIAGNOSTIC,     7, -4.763234853745e-01, 1.797693134862e+308, 3.8400e+02, 0.0000e+00, 
 2DIAGNOSTIC,     8, -4.763306677341e-01, 1.797693134862e+308, 3.8400e+02, 0.0000e+00, 
 2DIAGNOSTIC,     9, -4.763376414776e-01, 1.797693134862e+308, 3.8400e+02, 0.0000e+00, 
 2DIAGNOSTIC,    10, -4.763382971287e-01, 1.385286450386e-04, 5.1200e+02, 1.2800e+02, 
 2DIAGNOSTIC,    11, -4.763349592686e-01, 1.083463430405e-04, 5.1200e+02, 0.0000e+00, 
 2DIAGNOSTIC,    12, -4.763348698616e-01, 8.159875869751e-05, 5.1200e+02, 0.0000e+00, 
 2DIAGNOSTIC,    13, -4.763351380825e-01, 5.516409873962e-05, 5.1200e+02, 0.0000e+00, 
 2DIAGNOSTIC,    14, -4.763344526291e-01, 2.996623516083e-05, 5.1200e+02, 0.0000e+00, 
 2DIAGNOSTIC,    15, -4.763343036175e-01, 9.693205356598e-06, 5.1200e+02, 0.0000e+00, 
 2DIAGNOSTIC,    16, -4.763335585594e-01, 2.354383468628e-06, 5.1200e+02, 0.0000e+00, 
 2DIAGNOSTIC,    17, -4.763336181641e-01, 1.747161149979e-06, 5.1200e+02, 0.0000e+00, 
 2DIAGNOSTIC,    18, -4.763335585594e-01, 1.449137926102e-06, 5.1200e+02, 0.0000e+00, 
 2DIAGNOSTIC,    19, -4.763335287571e-01, 1.434236764908e-06, 6.4000e+02, 1.2800e+02, 
 2DIAGNOSTIC,    20, -4.763335883617e-01, 1.464039087296e-06, 6.4000e+02, 0.0000e+00, 
 2DIAGNOSTIC,    21, -4.763335883617e-01, 1.411885023117e-06, 6.4000e+02, 0.0000e+00, 
 2DIAGNOSTIC,    22, -4.763340055943e-01, 1.385807991028e-06, 6.4000e+02, 0.0000e+00, 
 2DIAGNOSTIC,    23, -4.763337671757e-01, 1.356005668640e-06, 6.4000e+02, 0.0000e+00, 
 2DIAGNOSTIC,    24, -4.763338267803e-01, 1.333653926849e-06, 6.4000e+02, 0.0000e+00, 
 2DIAGNOSTIC,    25, -4.763340055943e-01, 1.300126314163e-06, 6.4000e+02, 0.0000e+00, 
 2DIAGNOSTIC,    26, -4.763339757919e-01, 1.251697540283e-06, 6.4000e+02, 0.0000e+00, 
 2DIAGNOSTIC,    27, -4.763339757919e-01, 1.199543476105e-06, 6.4000e+02, 0.0000e+00, 
 2DIAGNOSTIC,    28, -4.763334989548e-01, 1.151114702225e-06, 7.6800e+02, 1.2800e+02, 
 2DIAGNOSTIC,    29, -4.763340055943e-01, 1.102685928345e-06, 7.6800e+02, 0.0000e+00, 
 2DIAGNOSTIC,    30, -4.763338565826e-01, 1.065433025360e-06, 7.6800e+02, 0.0000e+00, 
 2DIAGNOSTIC,    31, -4.763337969780e-01, 1.024454832077e-06, 7.6800e+02, 0.0000e+00, 
DIAGNOSTIC,Iteration,metricValue,convergenceValue,ITERATION_TIME_INDEX,SINCE_LAST
 2DIAGNOSTIC,     1, -4.340378344059e-01, 1.797693134862e+308, 8.9600e+02, 1.2800e+02, 
 2DIAGNOSTIC,     2, -4.340975582600e-01, 1.797693134862e+308, 1.0240e+03, 1.2800e+02, 
 2DIAGNOSTIC,     3, -4.341000616550e-01, 1.797693134862e+308, 1.0240e+03, 0.0000e+00, 
 2DIAGNOSTIC,     4, -4.340992569923e-01, 1.797693134862e+308, 1.2800e+03, 2.5600e+02, 
 2DIAGNOSTIC,     5, -4.340995550156e-01, 1.797693134862e+308, 1.2800e+03, 0.0000e+00, 
 2DIAGNOSTIC,     6, -4.340992271900e-01, 1.797693134862e+308, 1.4080e+03, 1.2800e+02, 
 2DIAGNOSTIC,     7, -4.340991377831e-01, 1.797693134862e+308, 1.5360e+03, 1.2800e+02, 
 2DIAGNOSTIC,     8, -4.340991377831e-01, 1.797693134862e+308, 1.6640e+03, 1.2800e+02, 
 2DIAGNOSTIC,     9, -4.340991377831e-01, 1.797693134862e+308, 1.7920e+03, 1.2800e+02, 
 2DIAGNOSTIC,    10, -4.340990483761e-01, 7.219612598419e-06, 1.7920e+03, 0.0000e+00, 
 2DIAGNOSTIC,    11, -4.340986609459e-01, 2.898275852203e-06, 1.9200e+03, 1.2800e+02, 
 2DIAGNOSTIC,    12, -4.340990483761e-01, 2.540647983551e-06, 2.0480e+03, 1.2800e+02, 
 2DIAGNOSTIC,    13, -4.340988993645e-01, 2.391636371613e-06, 2.1760e+03, 1.2800e+02, 
 2DIAGNOSTIC,    14, -4.340989589691e-01, 2.227723598480e-06, 2.3040e+03, 1.2800e+02, 
 2DIAGNOSTIC,    15, -4.340988397598e-01, 2.086162567139e-06, 2.3040e+03, 0.0000e+00, 
 2DIAGNOSTIC,    16, -4.340989887714e-01, 1.966953277588e-06, 2.4320e+03, 1.2800e+02, 
 2DIAGNOSTIC,    17, -4.340989887714e-01, 1.858919858932e-06, 2.5600e+03, 1.2800e+02, 
 2DIAGNOSTIC,    18, -4.340988993645e-01, 1.758337020874e-06, 2.6880e+03, 1.2800e+02, 
 2DIAGNOSTIC,    19, -4.340988099575e-01, 1.672655344009e-06, 2.8160e+03, 1.2800e+02, 
 2DIAGNOSTIC,    20, -4.340988397598e-01, 1.594424247742e-06, 2.8160e+03, 0.0000e+00, 
 2DIAGNOSTIC,    21, -4.340987205505e-01, 1.508742570877e-06, 2.9440e+03, 1.2800e+02, 
 2DIAGNOSTIC,    22, -4.340988397598e-01, 1.437962055206e-06, 3.0720e+03, 1.2800e+02, 
 2DIAGNOSTIC,    23, -4.340986907482e-01, 1.363456249237e-06, 3.2000e+03, 1.2800e+02, 
 2DIAGNOSTIC,    24, -4.340986013412e-01, 1.311302185059e-06, 3.3280e+03, 1.2800e+02, 
 2DIAGNOSTIC,    25, -4.340985119343e-01, 1.247972249985e-06, 3.4560e+03, 1.2800e+02, 
 2DIAGNOSTIC,    26, -4.340986013412e-01, 1.195818185806e-06, 3.5840e+03, 1.2800e+02, 
 2DIAGNOSTIC,    27, -4.340983927250e-01, 1.143664121628e-06, 3.5840e+03, 0.0000e+00, 
 2DIAGNOSTIC,    28, -4.340983033180e-01, 1.106411218643e-06, 3.7120e+03, 1.2800e+02, 
 2DIAGNOSTIC,    29, -4.340984225273e-01, 1.065433025360e-06, 3.8400e+03, 1.2800e+02, 
 2DIAGNOSTIC,    30, -4.340983629227e-01, 1.035630702972e-06, 3.9680e+03, 1.2800e+02, 
 2DIAGNOSTIC,    31, -4.340983629227e-01, 1.002103090286e-06, 4.0960e+03, 1.2800e+02, 
  Elapsed time (stage 0): 4.0960e+03


Total elapsed time: 4.0960e+03
-i /mnt/lustre/mathdugre/fast-interpolate/datasets/ds004513/derivatives/fsl/fast/sub-s033/ses-open/anat/BrainExtractionBrain_seg.nii.gz -o /mnt/lustre/mathdugre/fast-interpolate/datasets/ds004513/derivatives/flint/ants/flint-vprec-single-five-levels/sub-s033/ses-open/anat/1/1_transformed.nii.gz -t /mnt/lustre/mathdugre/fast-interpolate/datasets/ds004513/derivatives/flint/ants/flint-vprec-single-five-levels/sub-s033/ses-open/anat/1/1_0GenericAffine.mat
