---------------------
Experiment information

SIF_IMG: /mnt/lustre/mathdugre/containers/ants-flint-base.simg
SIF_IMG_BASE: /mnt/lustre/mathdugre/containers/ants-flint-base.simg
EXPERIMENT_NAME: flint-vprec-single
STAGE: syn
SUBJECT_ID: s007
REPETITION_ID: 1

FIXED_IMG: /templateflow/tpl-MNI152NLin2009cAsym/tpl-MNI152NLin2009cAsym_res-01_desc-brain_T1w.nii.gz
INPUT_IMG: /mnt/lustre/mathdugre/fast-interpolate/datasets/ds004513/derivatives/flint/ants/flint-vprec-single/sub-s007/ses-open/anat/11/1_Affine.nii.gz

DATA_DIR: /mnt/lustre/mathdugre/fast-interpolate/datasets/ds004513
OUTPUT_DIR: /mnt/lustre/mathdugre/fast-interpolate/datasets/ds004513/derivatives/flint/ants/flint-vprec-single/sub-s007/ses-open/anat
OUTPUT_PREFIX: 110
THREAD: 1
FLOAT: 0
VFC_BACKENDS: ieee
---------------------

--output [/mnt/lustre/mathdugre/fast-interpolate/datasets/ds004513/derivatives/flint/ants/flint-vprec-single/sub-s007/ses-open/anat/110/1_,/mnt/lustre/mathdugre/fast-interpolate/datasets/ds004513/derivatives/flint/ants/flint-vprec-single/sub-s007/ses-open/anat/110/1_Warped.nii.gz,/mnt/lustre/mathdugre/fast-interpolate/datasets/ds004513/derivatives/flint/ants/flint-vprec-single/sub-s007/ses-open/anat/110/1_InverseSyN.nii.gz] --initial-moving-transform [/templateflow/tpl-MNI152NLin2009cAsym/tpl-MNI152NLin2009cAsym_res-01_desc-brain_T1w.nii.gz,/mnt/lustre/mathdugre/fast-interpolate/datasets/ds004513/derivatives/flint/ants/flint-vprec-single/sub-s007/ses-open/anat/11/1_Affine.nii.gz,1] --transform SyN[ 0.1,3,0 ] --metric CC[/templateflow/tpl-MNI152NLin2009cAsym/tpl-MNI152NLin2009cAsym_res-01_desc-brain_T1w.nii.gz,/mnt/lustre/mathdugre/fast-interpolate/datasets/ds004513/derivatives/flint/ants/flint-vprec-single/sub-s007/ses-open/anat/11/1_Affine.nii.gz,1,4] --convergence [100x70x50x20,1e-6,10] --shrink-factors 8x4x2x1 --smoothing-sigmas 3x2x1x0vox
All_Command_lines_OK
Using double precision for computations.
=============================================================================
The composite transform comprises the following transforms (in order): 
  1. Center of mass alignment using fixed image: /templateflow/tpl-MNI152NLin2009cAsym/tpl-MNI152NLin2009cAsym_res-01_desc-brain_T1w.nii.gz and moving image: /mnt/lustre/mathdugre/fast-interpolate/datasets/ds004513/derivatives/flint/ants/flint-vprec-single/sub-s007/ses-open/anat/11/1_Affine.nii.gz (type = Euler3DTransform)
=============================================================================
  number of levels = 4
  fixed image: /templateflow/tpl-MNI152NLin2009cAsym/tpl-MNI152NLin2009cAsym_res-01_desc-brain_T1w.nii.gz
  moving image: /mnt/lustre/mathdugre/fast-interpolate/datasets/ds004513/derivatives/flint/ants/flint-vprec-single/sub-s007/ses-open/anat/11/1_Affine.nii.gz
Dimension = 3
Number of stages = 1
Use histogram matching = false
Winsorize image intensities = true
  Lower quantile = 0.005
  Upper quantile = 0.995


Stage 1 State
   Image metric = CC
     Fixed image = Image (0x561ffcf6da00)
  RTTI typeinfo:   itk::Image<double, 3u>
  Reference Count: 2
  Modified Time: 1622
  Debug: Off
  Object Name: 
  Observers: 
    none
  Source: (none)
  Source output name: (none)
  Release Data: Off
  Data Released: False
  Global Release Data: Off
  PipelineMTime: 0
  UpdateMTime: 1407
  RealTimeStamp: 0 seconds 
  LargestPossibleRegion: 
    Dimension: 3
    Index: [0, 0, 0]
    Size: [193, 229, 193]
  BufferedRegion: 
    Dimension: 3
    Index: [0, 0, 0]
    Size: [193, 229, 193]
  RequestedRegion: 
    Dimension: 3
    Index: [0, 0, 0]
    Size: [193, 229, 193]
  Spacing: [1, 1, 1]
  Origin: [96, 132, -78]
  Direction: 
-1 0 0
0 -1 0
0 0 1

  IndexToPointMatrix: 
-1 0 0
0 -1 0
0 0 1

  PointToIndexMatrix: 
-1 0 0
0 -1 0
0 0 1

  Inverse Direction: 
-1 0 0
0 -1 0
0 0 1

  PixelContainer: 
    ImportImageContainer (0x561ffd001d50)
      RTTI typeinfo:   itk::ImportImageContainer<unsigned long, double>
      Reference Count: 1
      Modified Time: 1404
      Debug: Off
      Object Name: 
      Observers: 
        none
      Pointer: 0x7f8c16363010
      Container manages memory: true
      Size: 8530021
      Capacity: 8530021

     Moving image = Image (0x561ffcf74870)
  RTTI typeinfo:   itk::Image<double, 3u>
  Reference Count: 2
  Modified Time: 1623
  Debug: Off
  Object Name: 
  Observers: 
    none
  Source: (none)
  Source output name: (none)
  Release Data: Off
  Data Released: False
  Global Release Data: Off
  PipelineMTime: 0
  UpdateMTime: 1620
  RealTimeStamp: 0 seconds 
  LargestPossibleRegion: 
    Dimension: 3
    Index: [0, 0, 0]
    Size: [193, 229, 193]
  BufferedRegion: 
    Dimension: 3
    Index: [0, 0, 0]
    Size: [193, 229, 193]
  RequestedRegion: 
    Dimension: 3
    Index: [0, 0, 0]
    Size: [193, 229, 193]
  Spacing: [1, 1, 1]
  Origin: [96, 132, -78]
  Direction: 
-1 0 0
0 -1 0
0 0 1

  IndexToPointMatrix: 
-1 0 0
0 -1 0
0 0 1

  PointToIndexMatrix: 
-1 0 0
0 -1 0
0 0 1

  Inverse Direction: 
-1 0 0
0 -1 0
0 0 1

  PixelContainer: 
    ImportImageContainer (0x561ffd018d90)
      RTTI typeinfo:   itk::ImportImageContainer<unsigned long, double>
      Reference Count: 1
      Modified Time: 1617
      Debug: Off
      Object Name: 
      Observers: 
        none
      Pointer: 0x7f8c1224e010
      Container manages memory: true
      Size: 8530021
      Capacity: 8530021

     Weighting = 1
     Sampling strategy = none
     Number of bins = 32
     Radius = 4
     Sampling percentage  = 1
   Transform = SyN
     Gradient step = 0.1
     Update field sigma (voxel space) = 3
     Total field sigma (voxel space) = 0
     Update field time sigma = 0
     Total field time sigma  = 0
     Number of time indices = 0
     Number of time point samples = 0
Registration using 1 total stages.

Stage 0
  iterations = 100x70x50x20
  convergence threshold = 1e-06
  convergence window size = 10
  number of levels = 4
  using the CC metric (radius = 4, weight = 1, use gradient filter = 0)
  preprocessing:  winsorizing the image intensities
  Shrink factors (level 1 out of 4): [8, 8, 8]
  Shrink factors (level 2 out of 4): [4, 4, 4]
  Shrink factors (level 3 out of 4): [2, 2, 2]
  Shrink factors (level 4 out of 4): [1, 1, 1]
  smoothing sigmas per level: [3, 2, 1, 0]
  Using default NONE metricSamplingStrategy 

*** Running SyN registration (varianceForUpdateField = 3, varianceForTotalField = 0) ***

XXDIAGNOSTIC,Iteration,metricValue,convergenceValue,ITERATION_TIME_INDEX,SINCE_LAST
 1DIAGNOSTIC,     1, -9.338722379473e-01, 1.797693134862e+308, 2.1780e+00, 2.1780e+00, 
 1DIAGNOSTIC,     2, -9.426164641209e-01, 1.797693134862e+308, 2.9178e+00, 7.3987e-01, 
 1DIAGNOSTIC,     3, -9.492004317877e-01, 1.797693134862e+308, 3.6584e+00, 7.4058e-01, 
 1DIAGNOSTIC,     4, -9.539709097623e-01, 1.797693134862e+308, 4.3932e+00, 7.3481e-01, 
 1DIAGNOSTIC,     5, -9.570278289744e-01, 1.797693134862e+308, 5.1281e+00, 7.3492e-01, 
 1DIAGNOSTIC,     6, -9.596739392350e-01, 1.797693134862e+308, 5.8629e+00, 7.3476e-01, 
 1DIAGNOSTIC,     7, -9.622452610026e-01, 1.797693134862e+308, 6.5974e+00, 7.3451e-01, 
 1DIAGNOSTIC,     8, -9.648098777263e-01, 1.797693134862e+308, 7.3330e+00, 7.3560e-01, 
 1DIAGNOSTIC,     9, -9.673494614302e-01, 1.797693134862e+308, 8.0678e+00, 7.3482e-01, 
 1DIAGNOSTIC,    10, -9.698418684249e-01, 2.168394273729e-03, 8.8034e+00, 7.3556e-01, 
 1DIAGNOSTIC,    11, -9.723118083017e-01, 1.653688069224e-03, 9.5385e+00, 7.3512e-01, 
 1DIAGNOSTIC,    12, -9.739349647169e-01, 1.330518969676e-03, 1.0275e+01, 7.3614e-01, 
 1DIAGNOSTIC,    13, -9.740051888968e-01, 1.087390818573e-03, 1.1012e+01, 7.3715e-01, 
 1DIAGNOSTIC,    14, -9.738575977598e-01, 8.783065849342e-04, 1.1747e+01, 7.3536e-01, 
 1DIAGNOSTIC,    15, -9.739302020883e-01, 6.785459210581e-04, 1.2485e+01, 7.3790e-01, 
 1DIAGNOSTIC,    16, -9.738403839931e-01, 4.881108402750e-04, 1.3221e+01, 7.3614e-01, 
 1DIAGNOSTIC,    17, -9.739227746696e-01, 3.209952928419e-04, 1.3957e+01, 7.3538e-01, 
 1DIAGNOSTIC,    18, -9.738563395055e-01, 1.839145777309e-04, 1.4692e+01, 7.3544e-01, 
 1DIAGNOSTIC,    19, -9.739607549442e-01, 8.536090833057e-05, 1.5427e+01, 7.3544e-01, 
 1DIAGNOSTIC,    20, -9.739061606314e-01, 2.410741246636e-05, 1.6163e+01, 7.3592e-01, 
 1DIAGNOSTIC,    21, -9.740261111134e-01, 2.316653547413e-06, 1.6899e+01, 7.3563e-01, 
 1DIAGNOSTIC,    22, -9.739785553344e-01, 3.449624618353e-06, 1.7635e+01, 7.3596e-01, 
 1DIAGNOSTIC,    23, -9.741040220332e-01, 6.876361853897e-06, 1.8371e+01, 7.3564e-01, 
 1DIAGNOSTIC,    24, -9.740539932065e-01, 7.014748418174e-06, 1.9107e+01, 7.3598e-01, 
 1DIAGNOSTIC,    25, -9.741845030830e-01, 9.052920657060e-06, 1.9842e+01, 7.3554e-01, 
 1DIAGNOSTIC,    26, -9.741312922177e-01, 8.524836694002e-06, 2.0578e+01, 7.3572e-01, 
 1DIAGNOSTIC,    27, -9.742656279645e-01, 9.756025474171e-06, 2.1313e+01, 7.3558e-01, 
 1DIAGNOSTIC,    28, -9.742061374321e-01, 8.708702851010e-06, 2.2049e+01, 7.3571e-01, 
 1DIAGNOSTIC,    29, -9.743399577253e-01, 9.478536714111e-06, 2.2784e+01, 7.3523e-01, 
 1DIAGNOSTIC,    30, -9.742254041827e-01, 7.689675831611e-06, 2.3520e+01, 7.3512e-01, 
 1DIAGNOSTIC,    31, -9.743543382680e-01, 7.802538726634e-06, 2.4254e+01, 7.3420e-01, 
 1DIAGNOSTIC,    32, -9.742855295992e-01, 6.137360453268e-06, 2.4988e+01, 7.3442e-01, 
 1DIAGNOSTIC,    33, -9.744055339062e-01, 6.302850309753e-06, 2.5723e+01, 7.3485e-01, 
 1DIAGNOSTIC,    34, -9.743333878657e-01, 4.846746395407e-06, 2.6458e+01, 7.3485e-01, 
 1DIAGNOSTIC,    35, -9.744437761714e-01, 5.168296003652e-06, 2.7194e+01, 7.3633e-01, 
 1DIAGNOSTIC,    36, -9.743702102693e-01, 3.986170575516e-06, 2.7930e+01, 7.3597e-01, 
 1DIAGNOSTIC,    37, -9.744785263091e-01, 4.527767135821e-06, 2.8666e+01, 7.3591e-01, 
 1DIAGNOSTIC,    38, -9.744024220329e-01, 3.593240608578e-06, 2.9402e+01, 7.3582e-01, 
 1DIAGNOSTIC,    39, -9.745081877234e-01, 4.293298987632e-06, 3.0137e+01, 7.3543e-01, 
 1DIAGNOSTIC,    40, -9.744291809246e-01, 3.164161376985e-06, 3.0874e+01, 7.3674e-01, 
 1DIAGNOSTIC,    41, -9.745293544430e-01, 3.537861519125e-06, 3.1610e+01, 7.3629e-01, 
 1DIAGNOSTIC,    42, -9.744480567142e-01, 2.542077260449e-06, 3.2346e+01, 7.3598e-01, 
 1DIAGNOSTIC,    43, -9.745427386298e-01, 2.919147631203e-06, 3.3082e+01, 7.3616e-01, 
 1DIAGNOSTIC,    44, -9.744607582240e-01, 2.007857767244e-06, 3.3818e+01, 7.3588e-01, 
 1DIAGNOSTIC,    45, -9.745502613430e-01, 2.347839087851e-06, 3.4554e+01, 7.3599e-01, 
 1DIAGNOSTIC,    46, -9.744680222576e-01, 1.489810753815e-06, 3.5290e+01, 7.3577e-01, 
 1DIAGNOSTIC,    47, -9.745523713904e-01, 1.823524099092e-06, 3.6026e+01, 7.3621e-01, 
 1DIAGNOSTIC,    48, -9.744712358809e-01, 1.042141137598e-06, 3.6762e+01, 7.3590e-01, 
 1DIAGNOSTIC,    49, -9.745501560536e-01, 1.389342719895e-06, 3.7498e+01, 7.3536e-01, 
 1DIAGNOSTIC,    50, -9.744702103139e-01, 6.913925716390e-07, 3.8233e+01, 7.3567e-01, 
XXDIAGNOSTIC,Iteration,metricValue,convergenceValue,ITERATION_TIME_INDEX,SINCE_LAST
 1DIAGNOSTIC,     1, -9.173032619275e-01, 1.797693134862e+308, 4.5797e+01, 7.5634e+00, 
 1DIAGNOSTIC,     2, -9.200166541504e-01, 1.797693134862e+308, 5.1938e+01, 6.1409e+00, 
 1DIAGNOSTIC,     3, -9.241827100894e-01, 1.797693134862e+308, 5.8045e+01, 6.1075e+00, 
 1DIAGNOSTIC,     4, -9.271367053812e-01, 1.797693134862e+308, 6.4165e+01, 6.1202e+00, 
 1DIAGNOSTIC,     5, -9.296456573094e-01, 1.797693134862e+308, 7.0269e+01, 6.1039e+00, 
 1DIAGNOSTIC,     6, -9.317307223485e-01, 1.797693134862e+308, 7.6377e+01, 6.1079e+00, 
 1DIAGNOSTIC,     7, -9.334981273346e-01, 1.797693134862e+308, 8.2497e+01, 6.1195e+00, 
 1DIAGNOSTIC,     8, -9.350078418553e-01, 1.797693134862e+308, 8.8604e+01, 6.1073e+00, 
 1DIAGNOSTIC,     9, -9.363316099420e-01, 1.797693134862e+308, 9.4725e+01, 6.1207e+00, 
 1DIAGNOSTIC,    10, -9.375085468995e-01, 1.390925091317e-03, 1.0083e+02, 6.1082e+00, 
 1DIAGNOSTIC,    11, -9.385854062244e-01, 1.099114384870e-03, 1.0694e+02, 6.1044e+00, 
 1DIAGNOSTIC,    12, -9.395739307166e-01, 8.501813399304e-04, 1.1306e+02, 6.1211e+00, 
 1DIAGNOSTIC,    13, -9.405219682712e-01, 6.821164441392e-04, 1.1917e+02, 6.1091e+00, 
 1DIAGNOSTIC,    14, -9.413140946189e-01, 5.570783436028e-04, 1.2529e+02, 6.1212e+00, 
 1DIAGNOSTIC,    15, -9.419862359192e-01, 4.620617893560e-04, 1.3144e+02, 6.1540e+00, 
 1DIAGNOSTIC,    16, -9.425680272228e-01, 3.870114283963e-04, 1.3760e+02, 6.1552e+00, 
 1DIAGNOSTIC,    17, -9.428008401278e-01, 3.207393220460e-04, 1.4377e+02, 6.1676e+00, 
 1DIAGNOSTIC,    18, -9.430296687502e-01, 2.615259926420e-04, 1.4992e+02, 6.1575e+00, 
 1DIAGNOSTIC,    19, -9.432542499830e-01, 2.090140937979e-04, 1.5609e+02, 6.1650e+00, 
 1DIAGNOSTIC,    20, -9.434759432275e-01, 1.634823342078e-04, 1.6225e+02, 6.1578e+00, 
 1DIAGNOSTIC,    21, -9.436826903777e-01, 1.255619923186e-04, 1.6842e+02, 6.1723e+00, 
 1DIAGNOSTIC,    22, -9.438809330561e-01, 9.573205146805e-05, 1.7458e+02, 6.1573e+00, 
 1DIAGNOSTIC,    23, -9.440666922853e-01, 7.452189705676e-05, 1.8071e+02, 6.1340e+00, 
 1DIAGNOSTIC,    24, -9.442387969460e-01, 6.025666369149e-05, 1.8688e+02, 6.1687e+00, 
 1DIAGNOSTIC,    25, -9.445070642648e-01, 5.283543477232e-05, 1.9303e+02, 6.1528e+00, 
 1DIAGNOSTIC,    26, -9.446412672736e-01, 4.939832553357e-05, 1.9920e+02, 6.1667e+00, 
 1DIAGNOSTIC,    27, -9.447655992589e-01, 4.565871536869e-05, 2.0535e+02, 6.1537e+00, 
 1DIAGNOSTIC,    28, -9.448831775963e-01, 4.171598336746e-05, 2.1151e+02, 6.1580e+00, 
 1DIAGNOSTIC,    29, -9.449890340314e-01, 3.761634077558e-05, 2.1768e+02, 6.1752e+00, 
 1DIAGNOSTIC,    30, -9.450893722779e-01, 3.353280774288e-05, 2.2384e+02, 6.1568e+00, 
 1DIAGNOSTIC,    31, -9.451815791760e-01, 2.952217844637e-05, 2.3001e+02, 6.1695e+00, 
 1DIAGNOSTIC,    32, -9.452632670309e-01, 2.569746459546e-05, 2.3617e+02, 6.1553e+00, 
 1DIAGNOSTIC,    33, -9.453396757276e-01, 2.215041590625e-05, 2.4232e+02, 6.1509e+00, 
 1DIAGNOSTIC,    34, -9.454067302013e-01, 1.887476917106e-05, 2.4849e+02, 6.1693e+00, 
 1DIAGNOSTIC,    35, -9.454666925390e-01, 1.689892462659e-05, 2.5464e+02, 6.1512e+00, 
 1DIAGNOSTIC,    36, -9.455222240126e-01, 1.508831512225e-05, 2.6080e+02, 6.1665e+00, 
 1DIAGNOSTIC,    37, -9.455702160686e-01, 1.341516338911e-05, 2.6696e+02, 6.1569e+00, 
 1DIAGNOSTIC,    38, -9.456167539113e-01, 1.192627430911e-05, 2.7311e+02, 6.1541e+00, 
 1DIAGNOSTIC,    39, -9.456578349771e-01, 1.058205058260e-05, 2.7928e+02, 6.1667e+00, 
 1DIAGNOSTIC,    40, -9.456949466850e-01, 9.400306398340e-06, 2.8544e+02, 6.1554e+00, 
 1DIAGNOSTIC,    41, -9.457284623562e-01, 8.371776621233e-06, 2.9160e+02, 6.1659e+00, 
 1DIAGNOSTIC,    42, -9.457586616941e-01, 7.462374329689e-06, 2.9776e+02, 6.1551e+00, 
 1DIAGNOSTIC,    43, -9.457825327561e-01, 6.651111551275e-06, 3.0392e+02, 6.1649e+00, 
 1DIAGNOSTIC,    44, -9.458081121483e-01, 5.941150232638e-06, 3.1008e+02, 6.1556e+00, 
 1DIAGNOSTIC,    45, -9.458315486222e-01, 5.316630489850e-06, 3.1623e+02, 6.1511e+00, 
 1DIAGNOSTIC,    46, -9.458529187127e-01, 4.777504866049e-06, 3.2240e+02, 6.1702e+00, 
 1DIAGNOSTIC,    47, -9.458720993129e-01, 4.296689205721e-06, 3.2855e+02, 6.1537e+00, 
 1DIAGNOSTIC,    48, -9.458895636360e-01, 3.887880499667e-06, 3.3472e+02, 6.1679e+00, 
 1DIAGNOSTIC,    49, -9.459027574120e-01, 3.517310128646e-06, 3.4088e+02, 6.1558e+00, 
 1DIAGNOSTIC,    50, -9.459154266933e-01, 3.183796481794e-06, 3.4703e+02, 6.1552e+00, 
 1DIAGNOSTIC,    51, -9.459246253101e-01, 2.868720607566e-06, 3.5320e+02, 6.1668e+00, 
 1DIAGNOSTIC,    52, -9.459292402656e-01, 2.550765773379e-06, 3.5936e+02, 6.1581e+00, 
 1DIAGNOSTIC,    53, -9.459408148614e-01, 2.259027487982e-06, 3.6552e+02, 6.1649e+00, 
 1DIAGNOSTIC,    54, -9.459506295445e-01, 2.013837190461e-06, 3.7167e+02, 6.1528e+00, 
 1DIAGNOSTIC,    55, -9.459559308633e-01, 1.796194620447e-06, 3.7783e+02, 6.1531e+00, 
 1DIAGNOSTIC,    56, -9.459603031548e-01, 1.607314359785e-06, 3.8400e+02, 6.1684e+00, 
 1DIAGNOSTIC,    57, -9.459632269464e-01, 1.441456011036e-06, 3.9015e+02, 6.1534e+00, 
 1DIAGNOSTIC,    58, -9.459577158304e-01, 1.257438120569e-06, 3.9633e+02, 6.1761e+00, 
 1DIAGNOSTIC,    59, -9.459585789781e-01, 1.082889596958e-06, 4.0248e+02, 6.1574e+00, 
 1DIAGNOSTIC,    60, -9.459534494985e-01, 8.989794902069e-07, 4.0865e+02, 6.1638e+00, 
XXDIAGNOSTIC,Iteration,metricValue,convergenceValue,ITERATION_TIME_INDEX,SINCE_LAST
 1DIAGNOSTIC,     1, -8.942845255360e-01, 1.797693134862e+308, 4.5957e+02, 5.0922e+01, 
 1DIAGNOSTIC,     2, -8.961676984522e-01, 1.797693134862e+308, 5.0869e+02, 4.9120e+01, 
 1DIAGNOSTIC,     3, -8.986412964093e-01, 1.797693134862e+308, 5.5799e+02, 4.9300e+01, 
 1DIAGNOSTIC,     4, -9.011936630003e-01, 1.797693134862e+308, 6.0713e+02, 4.9141e+01, 
 1DIAGNOSTIC,     5, -9.033333459338e-01, 1.797693134862e+308, 6.5626e+02, 4.9130e+01, 
 1DIAGNOSTIC,     6, -9.053457400107e-01, 1.797693134862e+308, 7.0541e+02, 4.9148e+01, 
 1DIAGNOSTIC,     7, -9.072300383004e-01, 1.797693134862e+308, 7.5473e+02, 4.9322e+01, 
 1DIAGNOSTIC,     8, -9.090287666469e-01, 1.797693134862e+308, 8.0406e+02, 4.9333e+01, 
 1DIAGNOSTIC,     9, -9.105672107775e-01, 1.797693134862e+308, 8.5339e+02, 4.9326e+01, 
 1DIAGNOSTIC,    10, -9.119602159222e-01, 1.283039914033e-03, 9.0273e+02, 4.9346e+01, 
 1DIAGNOSTIC,    11, -9.132437185448e-01, 1.095722707899e-03, 9.5205e+02, 4.9316e+01, 
 1DIAGNOSTIC,    12, -9.144273068465e-01, 9.209049379108e-04, 1.0014e+03, 4.9320e+01, 
 1DIAGNOSTIC,    13, -9.155039431325e-01, 7.746769289939e-04, 1.0507e+03, 4.9309e+01, 
 1DIAGNOSTIC,    14, -9.164723208781e-01, 6.573169123187e-04, 1.1002e+03, 4.9515e+01, 
 1DIAGNOSTIC,    15, -9.173248832206e-01, 5.576970111582e-04, 1.1497e+03, 4.9502e+01, 
 1DIAGNOSTIC,    16, -9.178852194061e-01, 4.693794957808e-04, 1.1992e+03, 4.9526e+01, 
 1DIAGNOSTIC,    17, -9.183664082807e-01, 3.915198072358e-04, 1.2487e+03, 4.9514e+01, 
 1DIAGNOSTIC,    18, -9.187833815945e-01, 3.244367376091e-04, 1.2982e+03, 4.9501e+01, 
 1DIAGNOSTIC,    19, -9.191537387028e-01, 2.655505811717e-04, 1.3478e+03, 4.9518e+01, 
 1DIAGNOSTIC,    20, -9.194807378981e-01, 2.145900773626e-04, 1.3973e+03, 4.9511e+01, 
 1DIAGNOSTIC,    21, -9.197810984890e-01, 1.719646557109e-04, 1.4468e+03, 4.9502e+01, 
 1DIAGNOSTIC,    22, -9.200616321469e-01, 1.378755715363e-04, 1.4963e+03, 4.9511e+01, 
 1DIAGNOSTIC,    23, -9.203327540584e-01, 1.120468285075e-04, 1.5458e+03, 4.9499e+01, 
 1DIAGNOSTIC,    24, -9.205927187198e-01, 9.373104693067e-05, 1.5953e+03, 4.9497e+01, 
 1DIAGNOSTIC,    25, -9.208470751479e-01, 8.187381035579e-05, 1.6448e+03, 4.9487e+01, 
 1DIAGNOSTIC,    26, -9.211036939607e-01, 7.302554532130e-05, 1.6943e+03, 4.9512e+01, 
 1DIAGNOSTIC,    27, -9.213638078575e-01, 6.651942045605e-05, 1.7438e+03, 4.9531e+01, 
 1DIAGNOSTIC,    28, -9.216282364757e-01, 6.179839618391e-05, 1.7933e+03, 4.9509e+01, 
 1DIAGNOSTIC,    29, -9.218965748960e-01, 5.844623409308e-05, 1.8428e+03, 4.9490e+01, 
 1DIAGNOSTIC,    30, -9.221736542879e-01, 5.608489425284e-05, 1.8923e+03, 4.9522e+01, 
 1DIAGNOSTIC,    31, -9.224572801247e-01, 5.445478876603e-05, 1.9418e+03, 4.9493e+01, 
 1DIAGNOSTIC,    32, -9.227484751963e-01, 5.334870406692e-05, 1.9913e+03, 4.9514e+01, 
 1DIAGNOSTIC,    33, -9.230500809620e-01, 5.267191184213e-05, 2.0408e+03, 4.9504e+01, 
 1DIAGNOSTIC,    34, -9.233621376093e-01, 5.228945406774e-05, 2.0903e+03, 4.9506e+01, 
 1DIAGNOSTIC,    35, -9.236806033153e-01, 5.206915406954e-05, 2.1398e+03, 4.9478e+01, 
 1DIAGNOSTIC,    36, -9.239920921906e-01, 5.183399010218e-05, 2.1894e+03, 4.9528e+01, 
 1DIAGNOSTIC,    37, -9.242968832997e-01, 5.144453706282e-05, 2.2389e+03, 4.9513e+01, 
 1DIAGNOSTIC,    38, -9.245995498732e-01, 5.083401492616e-05, 2.2884e+03, 4.9515e+01, 
 1DIAGNOSTIC,    39, -9.248852204756e-01, 4.984017623892e-05, 2.3379e+03, 4.9498e+01, 
 1DIAGNOSTIC,    40, -9.251317173356e-01, 4.822784649235e-05, 2.3874e+03, 4.9509e+01, 
 1DIAGNOSTIC,    41, -9.253467030047e-01, 4.589598474334e-05, 2.4369e+03, 4.9500e+01, 
 1DIAGNOSTIC,    42, -9.255293166346e-01, 4.282446251481e-05, 2.4864e+03, 4.9510e+01, 
 1DIAGNOSTIC,    43, -9.256403990356e-01, 3.881082439158e-05, 2.5359e+03, 4.9508e+01, 
 1DIAGNOSTIC,    44, -9.256715447403e-01, 3.372671987602e-05, 2.5854e+03, 4.9509e+01, 
 1DIAGNOSTIC,    45, -9.256398715117e-01, 2.766949022160e-05, 2.6349e+03, 4.9487e+01, 
 1DIAGNOSTIC,    46, -9.255771984064e-01, 2.095702254273e-05, 2.6844e+03, 4.9509e+01, 
 1DIAGNOSTIC,    47, -9.254867870544e-01, 1.398227634151e-05, 2.7339e+03, 4.9494e+01, 
 1DIAGNOSTIC,    48, -9.253822374734e-01, 7.285081364290e-06, 2.7834e+03, 4.9519e+01, 
 1DIAGNOSTIC,    49, -9.252749566838e-01, 1.347431304942e-06, 2.8329e+03, 4.9513e+01, 
 1DIAGNOSTIC,    50, -9.251673832655e-01, -3.564503458293e-06, 2.8824e+03, 4.9499e+01, 
XXDIAGNOSTIC,Iteration,metricValue,convergenceValue,ITERATION_TIME_INDEX,SINCE_LAST
 1DIAGNOSTIC,     1, -8.897970377674e-01, 1.797693134862e+308, 3.2904e+03, 4.0797e+02, 
 1DIAGNOSTIC,     2, -8.909937880572e-01, 1.797693134862e+308, 3.6909e+03, 4.0052e+02, 
 1DIAGNOSTIC,     3, -8.924515762767e-01, 1.797693134862e+308, 4.0930e+03, 4.0210e+02, 
 1DIAGNOSTIC,     4, -8.940805796129e-01, 1.797693134862e+308, 4.4940e+03, 4.0099e+02, 
 1DIAGNOSTIC,     5, -8.956766600124e-01, 1.797693134862e+308, 4.8977e+03, 4.0365e+02, 
 1DIAGNOSTIC,     6, -8.973045865884e-01, 1.797693134862e+308, 5.2984e+03, 4.0072e+02, 
 1DIAGNOSTIC,     7, -8.987493350846e-01, 1.797693134862e+308, 5.6996e+03, 4.0124e+02, 
 1DIAGNOSTIC,     8, -9.001602770225e-01, 1.797693134862e+308, 6.1016e+03, 4.0198e+02, 
 1DIAGNOSTIC,     9, -9.014081171824e-01, 1.797693134862e+308, 6.5052e+03, 4.0364e+02, 
 1DIAGNOSTIC,    10, -9.026149162889e-01, 9.473573646477e-04, 6.9080e+03, 4.0274e+02, 
 1DIAGNOSTIC,    11, -9.036601456853e-01, 8.388470214973e-04, 7.3117e+03, 4.0367e+02, 
 1DIAGNOSTIC,    12, -9.046518227041e-01, 7.306058205951e-04, 7.7152e+03, 4.0350e+02, 
 1DIAGNOSTIC,    13, -9.055781624423e-01, 6.306783052826e-04, 8.1178e+03, 4.0263e+02, 
 1DIAGNOSTIC,    14, -9.064322909585e-01, 5.434577210163e-04, 8.5214e+03, 4.0363e+02, 
 1DIAGNOSTIC,    15, -9.072047713995e-01, 4.677731595582e-04, 8.9240e+03, 4.0260e+02, 
 1DIAGNOSTIC,    16, -9.079308709493e-01, 4.048697534143e-04, 9.3267e+03, 4.0271e+02, 
 1DIAGNOSTIC,    17, -9.086090918135e-01, 3.512534158382e-04, 9.7294e+03, 4.0268e+02, 
 1DIAGNOSTIC,    18, -9.092285986737e-01, 3.065267459800e-04, 1.0132e+04, 4.0253e+02, 
 1DIAGNOSTIC,    19, -9.098355743230e-01, 2.686908099372e-04, 1.0535e+04, 4.0272e+02, 
 1DIAGNOSTIC,    20, -9.103628088803e-01, 2.368633385623e-04, 1.0931e+04, 3.9667e+02, 
  Elapsed time (stage 0): 10934.4


Total elapsed time: 10934.4
-i /mnt/lustre/mathdugre/fast-interpolate/datasets/ds004513/derivatives/flint/ants/flint-vprec-single/sub-s007/ses-open/anat/11/1_Affine.nii.gz -o /mnt/lustre/mathdugre/fast-interpolate/datasets/ds004513/derivatives/flint/ants/flint-vprec-single/sub-s007/ses-open/anat/110/1_transformed.nii.gz -t /mnt/lustre/mathdugre/fast-interpolate/datasets/ds004513/derivatives/flint/ants/flint-vprec-single/sub-s007/ses-open/anat/110/1_1Warp.nii.gz -t /mnt/lustre/mathdugre/fast-interpolate/datasets/ds004513/derivatives/flint/ants/flint-vprec-single/sub-s007/ses-open/anat/110/1_0GenericAffine.mat
