---------------------
Experiment information

SIF_IMG: /mnt/lustre/mathdugre/containers/ants-flint-vprec.simg
SIF_IMG_BASE: /mnt/lustre/mathdugre/containers/ants-flint-base.simg
EXPERIMENT_NAME: flint-vprec-single-five-levels
STAGE: syn
SUBJECT_ID: s020
REPETITION_ID: 1

FIXED_IMG: /templateflow/tpl-MNI152NLin2009cAsym/tpl-MNI152NLin2009cAsym_res-01_desc-brain_T1w.nii.gz
INPUT_IMG: /mnt/lustre/mathdugre/fast-interpolate/datasets/ds004513/derivatives/flint/ants/flint-vprec-single-five-levels/sub-s020/ses-open/anat/00/1_Affine.nii.gz

DATA_DIR: /mnt/lustre/mathdugre/fast-interpolate/datasets/ds004513
OUTPUT_DIR: /mnt/lustre/mathdugre/fast-interpolate/datasets/ds004513/derivatives/flint/ants/flint-vprec-single-five-levels/sub-s020/ses-open/anat
OUTPUT_PREFIX: 001
THREAD: 1
FLOAT: 0
VFC_BACKENDS: libinterflop_vprec.so --precision-binary32=23 --range-binary32=8 --precision-binary64=23 --range-binary64=8
---------------------

--output [/mnt/lustre/mathdugre/fast-interpolate/datasets/ds004513/derivatives/flint/ants/flint-vprec-single-five-levels/sub-s020/ses-open/anat/001/1_,/mnt/lustre/mathdugre/fast-interpolate/datasets/ds004513/derivatives/flint/ants/flint-vprec-single-five-levels/sub-s020/ses-open/anat/001/1_Warped.nii.gz,/mnt/lustre/mathdugre/fast-interpolate/datasets/ds004513/derivatives/flint/ants/flint-vprec-single-five-levels/sub-s020/ses-open/anat/001/1_InverseSyN.nii.gz] --initial-moving-transform [/templateflow/tpl-MNI152NLin2009cAsym/tpl-MNI152NLin2009cAsym_res-01_desc-brain_T1w.nii.gz,/mnt/lustre/mathdugre/fast-interpolate/datasets/ds004513/derivatives/flint/ants/flint-vprec-single-five-levels/sub-s020/ses-open/anat/00/1_Affine.nii.gz,1] --transform SyN[ 0.1,3,0 ] --metric CC[/templateflow/tpl-MNI152NLin2009cAsym/tpl-MNI152NLin2009cAsym_res-01_desc-brain_T1w.nii.gz,/mnt/lustre/mathdugre/fast-interpolate/datasets/ds004513/derivatives/flint/ants/flint-vprec-single-five-levels/sub-s020/ses-open/anat/00/1_Affine.nii.gz,1,4] --convergence [100x100x70x50x20,1e-6,10] --shrink-factors 16x8x4x2x1 --smoothing-sigmas 4x3x2x1x0vox
All_Command_lines_OK
Using double precision for computations.
=============================================================================
The composite transform comprises the following transforms (in order): 
  1. Center of mass alignment using fixed image: /templateflow/tpl-MNI152NLin2009cAsym/tpl-MNI152NLin2009cAsym_res-01_desc-brain_T1w.nii.gz and moving image: /mnt/lustre/mathdugre/fast-interpolate/datasets/ds004513/derivatives/flint/ants/flint-vprec-single-five-levels/sub-s020/ses-open/anat/00/1_Affine.nii.gz (type = Euler3DTransform)
=============================================================================
  number of levels = 5
  fixed image: /templateflow/tpl-MNI152NLin2009cAsym/tpl-MNI152NLin2009cAsym_res-01_desc-brain_T1w.nii.gz
  moving image: /mnt/lustre/mathdugre/fast-interpolate/datasets/ds004513/derivatives/flint/ants/flint-vprec-single-five-levels/sub-s020/ses-open/anat/00/1_Affine.nii.gz
Dimension = 3
Number of stages = 1
Use histogram matching = false
Winsorize image intensities = true
  Lower quantile = 0.005
  Upper quantile = 0.995


Stage 1 State
   Image metric = CC
     Fixed image = Image (0x4e31f00)
  RTTI typeinfo:   itk::Image<double, 3u>
  Reference Count: 2
  Modified Time: 1622
  Debug: Off
  Object Name: 
  Observers: 
    none
  Source: (none)
  Source output name: (none)
  Release Data: Off
  Data Released: False
  Global Release Data: Off
  PipelineMTime: 0
  UpdateMTime: 1407
  RealTimeStamp: 0 seconds 
  LargestPossibleRegion: 
    Dimension: 3
    Index: [0, 0, 0]
    Size: [193, 229, 193]
  BufferedRegion: 
    Dimension: 3
    Index: [0, 0, 0]
    Size: [193, 229, 193]
  RequestedRegion: 
    Dimension: 3
    Index: [0, 0, 0]
    Size: [193, 229, 193]
  Spacing: [1, 1, 1]
  Origin: [96, 132, -78]
  Direction: 
-1 0 0
0 -1 0
0 0 1

  IndexToPointMatrix: 
-1 0 0
0 -1 0
0 0 1

  PointToIndexMatrix: 
-1 0 0
0 -1 0
0 0 1

  Inverse Direction: 
-1 0 0
0 -1 0
0 0 1

  PixelContainer: 
    ImportImageContainer (0x4f1e1d0)
      RTTI typeinfo:   itk::ImportImageContainer<unsigned long, double>
      Reference Count: 1
      Modified Time: 1404
      Debug: Off
      Object Name: 
      Observers: 
        none
      Pointer: 0x7f1624f0a010
      Container manages memory: true
      Size: 8530021
      Capacity: 8530021

     Moving image = Image (0x4e38ff0)
  RTTI typeinfo:   itk::Image<double, 3u>
  Reference Count: 2
  Modified Time: 1623
  Debug: Off
  Object Name: 
  Observers: 
    none
  Source: (none)
  Source output name: (none)
  Release Data: Off
  Data Released: False
  Global Release Data: Off
  PipelineMTime: 0
  UpdateMTime: 1620
  RealTimeStamp: 0 seconds 
  LargestPossibleRegion: 
    Dimension: 3
    Index: [0, 0, 0]
    Size: [193, 229, 193]
  BufferedRegion: 
    Dimension: 3
    Index: [0, 0, 0]
    Size: [193, 229, 193]
  RequestedRegion: 
    Dimension: 3
    Index: [0, 0, 0]
    Size: [193, 229, 193]
  Spacing: [1, 1, 1]
  Origin: [96, 132, -78]
  Direction: 
-1 0 0
0 -1 0
0 0 1

  IndexToPointMatrix: 
-1 0 0
0 -1 0
0 0 1

  PointToIndexMatrix: 
-1 0 0
0 -1 0
0 0 1

  Inverse Direction: 
-1 0 0
0 -1 0
0 0 1

  PixelContainer: 
    ImportImageContainer (0x4ebf940)
      RTTI typeinfo:   itk::ImportImageContainer<unsigned long, double>
      Reference Count: 1
      Modified Time: 1617
      Debug: Off
      Object Name: 
      Observers: 
        none
      Pointer: 0x7f1620df5010
      Container manages memory: true
      Size: 8530021
      Capacity: 8530021

     Weighting = 1
     Sampling strategy = none
     Number of bins = 32
     Radius = 4
     Sampling percentage  = 1
   Transform = SyN
     Gradient step = 0.1
     Update field sigma (voxel space) = 3
     Total field sigma (voxel space) = 0
     Update field time sigma = 0
     Total field time sigma  = 0
     Number of time indices = 0
     Number of time point samples = 0
Registration using 1 total stages.

Stage 0
  iterations = 100x100x70x50x20
  convergence threshold = 1e-06
  convergence window size = 10
  number of levels = 5
  using the CC metric (radius = 4, weight = 1, use gradient filter = 0)
  preprocessing:  winsorizing the image intensities
  Shrink factors (level 1 out of 5): [16, 16, 16]
  Shrink factors (level 2 out of 5): [8, 8, 8]
  Shrink factors (level 3 out of 5): [4, 4, 4]
  Shrink factors (level 4 out of 5): [2, 2, 2]
  Shrink factors (level 5 out of 5): [1, 1, 1]
  smoothing sigmas per level: [4, 3, 2, 1, 0]
  Using default NONE metricSamplingStrategy 

*** Running SyN registration (varianceForUpdateField = 3, varianceForTotalField = 0) ***

XXDIAGNOSTIC,Iteration,metricValue,convergenceValue,ITERATION_TIME_INDEX,SINCE_LAST
 1DIAGNOSTIC,     1, -9.387674331665e-01, 1.797693134862e+308, 0.0000e+00, 0.0000e+00, 
 1DIAGNOSTIC,     2, -9.499654769897e-01, 1.797693134862e+308, 0.0000e+00, 0.0000e+00, 
 1DIAGNOSTIC,     3, -9.565694928169e-01, 1.797693134862e+308, 0.0000e+00, 0.0000e+00, 
 1DIAGNOSTIC,     4, -9.592757225037e-01, 1.797693134862e+308, 0.0000e+00, 0.0000e+00, 
 1DIAGNOSTIC,     5, -9.608632326126e-01, 1.797693134862e+308, 0.0000e+00, 0.0000e+00, 
 1DIAGNOSTIC,     6, -9.618664979935e-01, 1.797693134862e+308, 0.0000e+00, 0.0000e+00, 
 1DIAGNOSTIC,     7, -9.625567793846e-01, 1.797693134862e+308, 0.0000e+00, 0.0000e+00, 
 1DIAGNOSTIC,     8, -9.630042314529e-01, 1.797693134862e+308, 0.0000e+00, 0.0000e+00, 
 1DIAGNOSTIC,     9, -9.633704423904e-01, 1.797693134862e+308, 0.0000e+00, 0.0000e+00, 
 1DIAGNOSTIC,    10, -9.636458158493e-01, 1.273065805435e-03, 0.0000e+00, 0.0000e+00, 
 1DIAGNOSTIC,    11, -9.638577103615e-01, 6.515085697174e-04, 0.0000e+00, 0.0000e+00, 
 1DIAGNOSTIC,    12, -9.640210866928e-01, 3.529638051987e-04, 0.0000e+00, 0.0000e+00, 
 1DIAGNOSTIC,    13, -9.641479253769e-01, 2.211853861809e-04, 0.0000e+00, 0.0000e+00, 
 1DIAGNOSTIC,    14, -9.642478823662e-01, 1.471713185310e-04, 0.0000e+00, 0.0000e+00, 
 1DIAGNOSTIC,    15, -9.643275141716e-01, 1.023933291435e-04, 0.0000e+00, 0.0000e+00, 
 1DIAGNOSTIC,    16, -9.643931388855e-01, 7.358193397522e-05, 0.0000e+00, 0.0000e+00, 
 1DIAGNOSTIC,    17, -9.644483327866e-01, 5.443394184113e-05, 0.0000e+00, 0.0000e+00, 
 1DIAGNOSTIC,    18, -9.644930362701e-01, 4.053860902786e-05, 0.0000e+00, 0.0000e+00, 
 1DIAGNOSTIC,    19, -9.645284414291e-01, 3.071501851082e-05, 0.0000e+00, 0.0000e+00, 
 1DIAGNOSTIC,    20, -9.645576477051e-01, 2.362579107285e-05, 0.0000e+00, 0.0000e+00, 
 1DIAGNOSTIC,    21, -9.645830392838e-01, 1.845508813858e-05, 0.0000e+00, 0.0000e+00, 
 1DIAGNOSTIC,    22, -9.646018743515e-01, 1.460313796997e-05, 0.0000e+00, 0.0000e+00, 
 1DIAGNOSTIC,    23, -9.646162390709e-01, 1.165643334389e-05, 0.0000e+00, 0.0000e+00, 
 1DIAGNOSTIC,    24, -9.646271467209e-01, 9.324401617050e-06, 0.0000e+00, 0.0000e+00, 
 1DIAGNOSTIC,    25, -9.646352529526e-01, 7.458031177521e-06, 0.0000e+00, 0.0000e+00, 
 1DIAGNOSTIC,    26, -9.646403193474e-01, 5.953013896942e-06, 0.0000e+00, 0.0000e+00, 
 1DIAGNOSTIC,    27, -9.646420478821e-01, 4.727393388748e-06, 0.0000e+00, 0.0000e+00, 
 1DIAGNOSTIC,    28, -9.646461009979e-01, 3.766268491745e-06, 0.0000e+00, 0.0000e+00, 
 1DIAGNOSTIC,    29, -9.646480083466e-01, 2.995133399963e-06, 0.0000e+00, 0.0000e+00, 
 1DIAGNOSTIC,    30, -9.646512866020e-01, 2.417713403702e-06, 0.0000e+00, 0.0000e+00, 
 1DIAGNOSTIC,    31, -9.646522998810e-01, 1.993030309677e-06, 0.0000e+00, 0.0000e+00, 
 1DIAGNOSTIC,    32, -9.646531343460e-01, 1.680105924606e-06, 0.0000e+00, 0.0000e+00, 
 1DIAGNOSTIC,    33, -9.646532535553e-01, 1.456588506699e-06, 1.2800e+02, 1.2800e+02, 
 1DIAGNOSTIC,    34, -9.646531343460e-01, 1.287087798119e-06, 1.2800e+02, 0.0000e+00, 
 1DIAGNOSTIC,    35, -9.646537303925e-01, 1.167878508568e-06, 1.2800e+02, 0.0000e+00, 
 1DIAGNOSTIC,    36, -9.646540880203e-01, 1.074746251106e-06, 1.2800e+02, 0.0000e+00, 
 1DIAGNOSTIC,    37, -9.646526575089e-01, 9.723007678986e-07, 1.2800e+02, 0.0000e+00, 
XXDIAGNOSTIC,Iteration,metricValue,convergenceValue,ITERATION_TIME_INDEX,SINCE_LAST
 1DIAGNOSTIC,     1, -9.036501646042e-01, 1.797693134862e+308, 1.2800e+02, 0.0000e+00, 
 1DIAGNOSTIC,     2, -9.073148965836e-01, 1.797693134862e+308, 1.2800e+02, 0.0000e+00, 
 1DIAGNOSTIC,     3, -9.106401801109e-01, 1.797693134862e+308, 1.2800e+02, 0.0000e+00, 
 1DIAGNOSTIC,     4, -9.133920669556e-01, 1.797693134862e+308, 1.2800e+02, 0.0000e+00, 
 1DIAGNOSTIC,     5, -9.157211780548e-01, 1.797693134862e+308, 2.5600e+02, 1.2800e+02, 
 1DIAGNOSTIC,     6, -9.175885319710e-01, 1.797693134862e+308, 2.5600e+02, 0.0000e+00, 
 1DIAGNOSTIC,     7, -9.192445874214e-01, 1.797693134862e+308, 2.5600e+02, 0.0000e+00, 
 1DIAGNOSTIC,     8, -9.207228422165e-01, 1.797693134862e+308, 2.5600e+02, 0.0000e+00, 
 1DIAGNOSTIC,     9, -9.220128059387e-01, 1.797693134862e+308, 2.5600e+02, 0.0000e+00, 
 1DIAGNOSTIC,    10, -9.231570363045e-01, 1.321762800217e-03, 2.5600e+02, 0.0000e+00, 
 1DIAGNOSTIC,    11, -9.241709709167e-01, 1.030921936035e-03, 2.5600e+02, 0.0000e+00, 
 1DIAGNOSTIC,    12, -9.250065088272e-01, 8.115172386169e-04, 2.5600e+02, 0.0000e+00, 
 1DIAGNOSTIC,    13, -9.256728887558e-01, 6.470456719398e-04, 3.8400e+02, 1.2800e+02, 
 1DIAGNOSTIC,    14, -9.261081814766e-01, 5.173236131668e-04, 3.8400e+02, 0.0000e+00, 
 1DIAGNOSTIC,    15, -9.265666007996e-01, 4.149004817009e-04, 3.8400e+02, 0.0000e+00, 
 1DIAGNOSTIC,    16, -9.268319606781e-01, 3.281980752945e-04, 3.8400e+02, 0.0000e+00, 
 1DIAGNOSTIC,    17, -9.270502328873e-01, 2.553910017014e-04, 3.8400e+02, 0.0000e+00, 
 1DIAGNOSTIC,    18, -9.272313714027e-01, 1.954808831215e-04, 3.8400e+02, 0.0000e+00, 
 1DIAGNOSTIC,    19, -9.273892641068e-01, 1.472495496273e-04, 3.8400e+02, 0.0000e+00, 
 1DIAGNOSTIC,    20, -9.275228381157e-01, 1.097917556763e-04, 3.8400e+02, 0.0000e+00, 
 1DIAGNOSTIC,    21, -9.276413321495e-01, 8.228048682213e-05, 5.1200e+02, 1.2800e+02, 
 1DIAGNOSTIC,    22, -9.277393817902e-01, 6.268918514252e-05, 5.1200e+02, 0.0000e+00, 
 1DIAGNOSTIC,    23, -9.278236627579e-01, 4.905462265015e-05, 5.1200e+02, 0.0000e+00, 
 1DIAGNOSTIC,    24, -9.278978705406e-01, 3.851577639580e-05, 5.1200e+02, 0.0000e+00, 
 1DIAGNOSTIC,    25, -9.279642105103e-01, 3.174319863319e-05, 5.1200e+02, 0.0000e+00, 
 1DIAGNOSTIC,    26, -9.280340671539e-01, 2.656504511833e-05, 5.1200e+02, 0.0000e+00, 
 1DIAGNOSTIC,    27, -9.280877113342e-01, 2.244114875793e-05, 5.1200e+02, 0.0000e+00, 
 1DIAGNOSTIC,    28, -9.281333684921e-01, 1.908093690872e-05, 6.4000e+02, 1.2800e+02, 
 1DIAGNOSTIC,    29, -9.281753897667e-01, 1.635029911995e-05, 6.4000e+02, 0.0000e+00, 
 1DIAGNOSTIC,    30, -9.282130002975e-01, 1.410022377968e-05, 6.4000e+02, 0.0000e+00, 
 1DIAGNOSTIC,    31, -9.282467961311e-01, 1.225247979164e-05, 6.4000e+02, 0.0000e+00, 
 1DIAGNOSTIC,    32, -9.283958673477e-01, 1.182034611702e-05, 6.4000e+02, 0.0000e+00, 
 1DIAGNOSTIC,    33, -9.284034967422e-01, 1.119822263718e-05, 6.4000e+02, 0.0000e+00, 
 1DIAGNOSTIC,    34, -9.285315275192e-01, 1.148879528046e-05, 6.4000e+02, 0.0000e+00, 
 1DIAGNOSTIC,    35, -9.286412000656e-01, 1.227669417858e-05, 6.4000e+02, 0.0000e+00, 
 1DIAGNOSTIC,    36, -9.287344217300e-01, 1.331418752670e-05, 7.6800e+02, 1.2800e+02, 
 1DIAGNOSTIC,    37, -9.288095235825e-01, 1.415796577930e-05, 7.6800e+02, 0.0000e+00, 
 1DIAGNOSTIC,    38, -9.288672208786e-01, 1.451931893826e-05, 7.6800e+02, 0.0000e+00, 
 1DIAGNOSTIC,    39, -9.289176464081e-01, 1.429207623005e-05, 7.6800e+02, 0.0000e+00, 
 1DIAGNOSTIC,    40, -9.289616942406e-01, 1.341104507446e-05, 7.6800e+02, 0.0000e+00, 
 1DIAGNOSTIC,    41, -9.289973974228e-01, 1.186318695545e-05, 7.6800e+02, 0.0000e+00, 
 1DIAGNOSTIC,    42, -9.290111660957e-01, 1.052394509315e-05, 7.6800e+02, 0.0000e+00, 
 1DIAGNOSTIC,    43, -9.289076924324e-01, 7.629394531250e-06, 7.6800e+02, 0.0000e+00, 
 1DIAGNOSTIC,    44, -9.288277626038e-01, 4.552304744720e-06, 8.9600e+02, 1.2800e+02, 
 1DIAGNOSTIC,    45, -9.287697076797e-01, 1.592561602592e-06, 8.9600e+02, 0.0000e+00, 
 1DIAGNOSTIC,    46, -9.287296533585e-01, -9.797513484955e-07, 8.9600e+02, 0.0000e+00, 
XXDIAGNOSTIC,Iteration,metricValue,convergenceValue,ITERATION_TIME_INDEX,SINCE_LAST
 1DIAGNOSTIC,     1, -8.549417853355e-01, 1.797693134862e+308, 1.0240e+03, 1.2800e+02, 
 1DIAGNOSTIC,     2, -8.582861423492e-01, 1.797693134862e+308, 1.1520e+03, 1.2800e+02, 
 1DIAGNOSTIC,     3, -8.613581061363e-01, 1.797693134862e+308, 1.4080e+03, 2.5600e+02, 
 1DIAGNOSTIC,     4, -8.640737533569e-01, 1.797693134862e+308, 1.5360e+03, 1.2800e+02, 
 1DIAGNOSTIC,     5, -8.666133880615e-01, 1.797693134862e+308, 1.6640e+03, 1.2800e+02, 
 1DIAGNOSTIC,     6, -8.687711954117e-01, 1.797693134862e+308, 1.7920e+03, 1.2800e+02, 
 1DIAGNOSTIC,     7, -8.707237839699e-01, 1.797693134862e+308, 1.9200e+03, 1.2800e+02, 
 1DIAGNOSTIC,     8, -8.724706768990e-01, 1.797693134862e+308, 2.0480e+03, 1.2800e+02, 
 1DIAGNOSTIC,     9, -8.740716576576e-01, 1.797693134862e+308, 2.1760e+03, 1.2800e+02, 
 1DIAGNOSTIC,    10, -8.753882646561e-01, 1.495271921158e-03, 2.4320e+03, 2.5600e+02, 
 1DIAGNOSTIC,    11, -8.767472505569e-01, 1.217782497406e-03, 2.5600e+03, 1.2800e+02, 
 1DIAGNOSTIC,    12, -8.778831362724e-01, 9.986460208893e-04, 2.6880e+03, 1.2800e+02, 
 1DIAGNOSTIC,    13, -8.789436221123e-01, 8.263289928436e-04, 2.8160e+03, 1.2800e+02, 
 1DIAGNOSTIC,    14, -8.799463510513e-01, 6.897151470184e-04, 2.9440e+03, 1.2800e+02, 
 1DIAGNOSTIC,    15, -8.808872103691e-01, 5.836039781570e-04, 3.0720e+03, 1.2800e+02, 
 1DIAGNOSTIC,    16, -8.817875981331e-01, 4.991292953491e-04, 3.2000e+03, 1.2800e+02, 
 1DIAGNOSTIC,    17, -8.826606869698e-01, 4.324540495872e-04, 3.3280e+03, 1.2800e+02, 
 1DIAGNOSTIC,    18, -8.835099339485e-01, 3.798753023148e-04, 3.5840e+03, 2.5600e+02, 
 1DIAGNOSTIC,    19, -8.843188285828e-01, 3.386959433556e-04, 3.7120e+03, 1.2800e+02, 
 1DIAGNOSTIC,    20, -8.851168751717e-01, 3.042742609978e-04, 3.8400e+03, 1.2800e+02, 
 1DIAGNOSTIC,    21, -8.859269618988e-01, 2.781637012959e-04, 3.9680e+03, 1.2800e+02, 
 1DIAGNOSTIC,    22, -8.867300748825e-01, 2.569034695625e-04, 4.0960e+03, 1.2800e+02, 
 1DIAGNOSTIC,    23, -8.875350952148e-01, 2.396181225777e-04, 4.2240e+03, 1.2800e+02, 
 1DIAGNOSTIC,    24, -8.883486390114e-01, 2.257078886032e-04, 4.3520e+03, 1.2800e+02, 
 1DIAGNOSTIC,    25, -8.891900777817e-01, 2.146959304810e-04, 4.6080e+03, 2.5600e+02, 
 1DIAGNOSTIC,    26, -8.899857997894e-01, 2.053417265415e-04, 4.7360e+03, 1.2800e+02, 
 1DIAGNOSTIC,    27, -8.907244205475e-01, 1.965574920177e-04, 4.8640e+03, 1.2800e+02, 
 1DIAGNOSTIC,    28, -8.914085626602e-01, 1.874864101410e-04, 4.9920e+03, 1.2800e+02, 
 1DIAGNOSTIC,    29, -8.920530676842e-01, 1.774840056896e-04, 5.1200e+03, 1.2800e+02, 
 1DIAGNOSTIC,    30, -8.926726579666e-01, 1.665577292442e-04, 5.2480e+03, 1.2800e+02, 
 1DIAGNOSTIC,    31, -8.932581543922e-01, 1.550391316414e-04, 5.3760e+03, 1.2800e+02, 
 1DIAGNOSTIC,    32, -8.937901258469e-01, 1.429766416550e-04, 5.6320e+03, 2.5600e+02, 
 1DIAGNOSTIC,    33, -8.942961692810e-01, 1.308806240559e-04, 5.7600e+03, 1.2800e+02, 
 1DIAGNOSTIC,    34, -8.947731256485e-01, 1.192577183247e-04, 5.8880e+03, 1.2800e+02, 
 1DIAGNOSTIC,    35, -8.951804637909e-01, 1.084245741367e-04, 6.0160e+03, 1.2800e+02, 
 1DIAGNOSTIC,    36, -8.955389261246e-01, 9.818933904171e-05, 6.1440e+03, 1.2800e+02, 
 1DIAGNOSTIC,    37, -8.958510756493e-01, 8.829869329929e-05, 6.2720e+03, 1.2800e+02, 
 1DIAGNOSTIC,    38, -8.961236476898e-01, 7.862783968449e-05, 6.4000e+03, 1.2800e+02, 
 1DIAGNOSTIC,    39, -8.963711261749e-01, 6.931461393833e-05, 6.5280e+03, 1.2800e+02, 
 1DIAGNOSTIC,    40, -8.966063261032e-01, 6.073340773582e-05, 6.7840e+03, 2.5600e+02, 
 1DIAGNOSTIC,    41, -8.967937827110e-01, 5.285255610943e-05, 6.9120e+03, 1.2800e+02, 
 1DIAGNOSTIC,    42, -8.969783782959e-01, 4.580803215504e-05, 7.0400e+03, 1.2800e+02, 
 1DIAGNOSTIC,    43, -8.971504569054e-01, 3.979541361332e-05, 7.1680e+03, 1.2800e+02, 
 1DIAGNOSTIC,    44, -8.973029255867e-01, 3.486499190331e-05, 7.2960e+03, 1.2800e+02, 
 1DIAGNOSTIC,    45, -8.974566459656e-01, 3.085657954216e-05, 7.4240e+03, 1.2800e+02, 
 1DIAGNOSTIC,    46, -8.975920677185e-01, 2.754107117653e-05, 7.5520e+03, 1.2800e+02, 
 1DIAGNOSTIC,    47, -8.977292776108e-01, 2.483278512955e-05, 7.8080e+03, 2.5600e+02, 
 1DIAGNOSTIC,    48, -8.978537321091e-01, 2.255477011204e-05, 7.9360e+03, 1.2800e+02, 
 1DIAGNOSTIC,    49, -8.979587554932e-01, 2.054683864117e-05, 8.0640e+03, 1.2800e+02, 
 1DIAGNOSTIC,    50, -8.980605602264e-01, 1.885183155537e-05, 8.1920e+03, 1.2800e+02, 
 1DIAGNOSTIC,    51, -8.981565237045e-01, 1.724064350128e-05, 8.3200e+03, 1.2800e+02, 
 1DIAGNOSTIC,    52, -8.982461690903e-01, 1.577101647854e-05, 8.4480e+03, 1.2800e+02, 
 1DIAGNOSTIC,    53, -8.983254432678e-01, 1.440197229385e-05, 8.5760e+03, 1.2800e+02, 
 1DIAGNOSTIC,    54, -8.984051942825e-01, 1.311674714088e-05, 8.8320e+03, 2.5600e+02, 
 1DIAGNOSTIC,    55, -8.984743356705e-01, 1.196563243866e-05, 8.9600e+03, 1.2800e+02, 
 1DIAGNOSTIC,    56, -8.985352516174e-01, 1.086853444576e-05, 9.0880e+03, 1.2800e+02, 
 1DIAGNOSTIC,    57, -8.986041545868e-01, 9.967014193535e-06, 9.2160e+03, 1.2800e+02, 
 1DIAGNOSTIC,    58, -8.986594676971e-01, 9.173527359962e-06, 9.3440e+03, 1.2800e+02, 
 1DIAGNOSTIC,    59, -8.987191915512e-01, 8.458271622658e-06, 9.4720e+03, 1.2800e+02, 
 1DIAGNOSTIC,    60, -8.987702131271e-01, 7.815659046173e-06, 9.6000e+03, 1.2800e+02, 
 1DIAGNOSTIC,    61, -8.988220095634e-01, 7.256865501404e-06, 9.7280e+03, 1.2800e+02, 
 1DIAGNOSTIC,    62, -8.988583683968e-01, 6.711110472679e-06, 9.9840e+03, 2.5600e+02, 
 1DIAGNOSTIC,    63, -8.988989591599e-01, 6.185844540596e-06, 1.0112e+04, 1.2800e+02, 
 1DIAGNOSTIC,    64, -8.989426493645e-01, 5.740672349930e-06, 1.0240e+04, 1.2800e+02, 
 1DIAGNOSTIC,    65, -8.989970684052e-01, 5.407258868217e-06, 1.0368e+04, 1.2800e+02, 
 1DIAGNOSTIC,    66, -8.990341424942e-01, 5.079433321953e-06, 1.0496e+04, 1.2800e+02, 
 1DIAGNOSTIC,    67, -8.990662097931e-01, 4.792585968971e-06, 1.0624e+04, 1.2800e+02, 
 1DIAGNOSTIC,    68, -8.991006612778e-01, 4.518777132034e-06, 1.0752e+04, 1.2800e+02, 
 1DIAGNOSTIC,    69, -8.991315364838e-01, 4.274770617485e-06, 1.1008e+04, 2.5600e+02, 
 1DIAGNOSTIC,    70, -8.991675376892e-01, 4.063360393047e-06, 1.1136e+04, 1.2800e+02, 
XXDIAGNOSTIC,Iteration,metricValue,convergenceValue,ITERATION_TIME_INDEX,SINCE_LAST
 1DIAGNOSTIC,     1, -8.529459238052e-01, 1.797693134862e+308, 1.2288e+04, 1.1520e+03, 
 1DIAGNOSTIC,     2, -8.558974266052e-01, 1.797693134862e+308, 1.3312e+04, 1.0240e+03, 
 1DIAGNOSTIC,     3, -8.590232133865e-01, 1.797693134862e+308, 1.4464e+04, 1.1520e+03, 
 1DIAGNOSTIC,     4, -8.619422912598e-01, 1.797693134862e+308, 1.5488e+04, 1.0240e+03, 
 1DIAGNOSTIC,     5, -8.646631836891e-01, 1.797693134862e+308, 1.6640e+04, 1.1520e+03, 
 1DIAGNOSTIC,     6, -8.673273921013e-01, 1.797693134862e+308, 1.7664e+04, 1.0240e+03, 
 1DIAGNOSTIC,     7, -8.696362972260e-01, 1.797693134862e+308, 1.8688e+04, 1.0240e+03, 
 1DIAGNOSTIC,     8, -8.719640970230e-01, 1.797693134862e+308, 1.9840e+04, 1.1520e+03, 
 1DIAGNOSTIC,     9, -8.739623427391e-01, 1.797693134862e+308, 2.0864e+04, 1.0240e+03, 
 1DIAGNOSTIC,    10, -8.758026361465e-01, 1.703105866909e-03, 2.2016e+04, 1.1520e+03, 
 1DIAGNOSTIC,    11, -8.771466016769e-01, 1.438416540623e-03, 2.3168e+04, 1.1520e+03, 
 1DIAGNOSTIC,    12, -8.786579370499e-01, 1.210078597069e-03, 2.4192e+04, 1.0240e+03, 
 1DIAGNOSTIC,    13, -8.797409534454e-01, 1.012735068798e-03, 2.5344e+04, 1.1520e+03, 
 1DIAGNOSTIC,    14, -8.810306787491e-01, 8.493363857269e-04, 2.6368e+04, 1.0240e+03, 
 1DIAGNOSTIC,    15, -8.819121718407e-01, 7.079541683197e-04, 2.7520e+04, 1.1520e+03, 
 1DIAGNOSTIC,    16, -8.830181360245e-01, 5.960091948509e-04, 2.8544e+04, 1.0240e+03, 
 1DIAGNOSTIC,    17, -8.839344978333e-01, 5.036666989326e-04, 2.9696e+04, 1.1520e+03, 
 1DIAGNOSTIC,    18, -8.847633600235e-01, 4.317983984947e-04, 3.0720e+04, 1.0240e+03, 
 1DIAGNOSTIC,    19, -8.854348659515e-01, 3.729015588760e-04, 3.1872e+04, 1.1520e+03, 
 1DIAGNOSTIC,    20, -8.862111568451e-01, 3.276951611042e-04, 3.2896e+04, 1.0240e+03, 
 1DIAGNOSTIC,    21, -8.868359327316e-01, 2.864077687263e-04, 3.4048e+04, 1.1520e+03, 
 1DIAGNOSTIC,    22, -8.874529600143e-01, 2.534464001656e-04, 3.5072e+04, 1.0240e+03, 
 1DIAGNOSTIC,    23, -8.880884051323e-01, 2.237260341644e-04, 3.6224e+04, 1.1520e+03, 
 1DIAGNOSTIC,    24, -8.886998295784e-01, 2.011619508266e-04, 3.7248e+04, 1.0240e+03, 
 1DIAGNOSTIC,    25, -8.892847895622e-01, 1.803785562515e-04, 3.8400e+04, 1.1520e+03, 
 1DIAGNOSTIC,    26, -8.898313045502e-01, 1.647211611271e-04, 3.9424e+04, 1.0240e+03, 
 1DIAGNOSTIC,    27, -8.903684616089e-01, 1.520663499832e-04, 4.0576e+04, 1.1520e+03, 
 1DIAGNOSTIC,    28, -8.908866643906e-01, 1.415200531483e-04, 4.1728e+04, 1.1520e+03, 
 1DIAGNOSTIC,    29, -8.913701176643e-01, 1.311264932156e-04, 4.2752e+04, 1.0240e+03, 
 1DIAGNOSTIC,    30, -8.918482065201e-01, 1.225210726261e-04, 4.3904e+04, 1.1520e+03, 
 1DIAGNOSTIC,    31, -8.923094868660e-01, 1.141764223576e-04, 4.4928e+04, 1.0240e+03, 
 1DIAGNOSTIC,    32, -8.927529454231e-01, 1.062080264091e-04, 4.6080e+04, 1.1520e+03, 
 1DIAGNOSTIC,    33, -8.931651115417e-01, 9.887665510178e-05, 4.7104e+04, 1.0240e+03, 
 1DIAGNOSTIC,    34, -8.935699462891e-01, 9.221583604813e-05, 4.8256e+04, 1.1520e+03, 
 1DIAGNOSTIC,    35, -8.939529061317e-01, 8.608587086201e-05, 4.9280e+04, 1.0240e+03, 
 1DIAGNOSTIC,    36, -8.943276405334e-01, 8.034892380238e-05, 5.0432e+04, 1.1520e+03, 
 1DIAGNOSTIC,    37, -8.946866989136e-01, 7.507391273975e-05, 5.1584e+04, 1.1520e+03, 
 1DIAGNOSTIC,    38, -8.950415849686e-01, 7.033720612526e-05, 5.2608e+04, 1.0240e+03, 
 1DIAGNOSTIC,    39, -8.953891992569e-01, 6.599538028240e-05, 5.3760e+04, 1.1520e+03, 
 1DIAGNOSTIC,    40, -8.957305550575e-01, 6.218254566193e-05, 5.4784e+04, 1.0240e+03, 
 1DIAGNOSTIC,    41, -8.960568904877e-01, 5.879439413548e-05, 5.5936e+04, 1.1520e+03, 
 1DIAGNOSTIC,    42, -8.963696956635e-01, 5.576200783253e-05, 5.6960e+04, 1.0240e+03, 
 1DIAGNOSTIC,    43, -8.966523408890e-01, 5.275197327137e-05, 5.8112e+04, 1.1520e+03, 
 1DIAGNOSTIC,    44, -8.969305753708e-01, 4.983693361282e-05, 5.9136e+04, 1.0240e+03, 
 1DIAGNOSTIC,    45, -8.971978425980e-01, 4.694983363152e-05, 6.0288e+04, 1.1520e+03, 
 1DIAGNOSTIC,    46, -8.974540233612e-01, 4.411302506924e-05, 6.1440e+04, 1.1520e+03, 
 1DIAGNOSTIC,    47, -8.976864814758e-01, 4.123523831367e-05, 6.2464e+04, 1.0240e+03, 
 1DIAGNOSTIC,    48, -8.979145288467e-01, 3.844685852528e-05, 6.3616e+04, 1.1520e+03, 
 1DIAGNOSTIC,    49, -8.981335163116e-01, 3.583170473576e-05, 6.4640e+04, 1.0240e+03, 
 1DIAGNOSTIC,    50, -8.983356952667e-01, 3.338232636452e-05, 6.5792e+04, 1.1520e+03, 
XXDIAGNOSTIC,Iteration,metricValue,convergenceValue,ITERATION_TIME_INDEX,SINCE_LAST
 1DIAGNOSTIC,     1, -8.766198158264e-01, 1.797693134862e+308, 7.4880e+04, 9.0880e+03, 
 1DIAGNOSTIC,     2, -8.777086734772e-01, 1.797693134862e+308, 8.3840e+04, 8.9600e+03, 
 1DIAGNOSTIC,     3, -8.792202472687e-01, 1.797693134862e+308, 9.2800e+04, 8.9600e+03, 
 1DIAGNOSTIC,     4, -8.807187080383e-01, 1.797693134862e+308, 1.0176e+05, 8.9600e+03, 
 1DIAGNOSTIC,     5, -8.823657631874e-01, 1.797693134862e+308, 1.1059e+05, 8.8320e+03, 
 1DIAGNOSTIC,     6, -8.837757110596e-01, 1.797693134862e+308, 1.1955e+05, 8.9600e+03, 
 1DIAGNOSTIC,     7, -8.851352930069e-01, 1.797693134862e+308, 1.2838e+05, 8.8320e+03, 
 1DIAGNOSTIC,     8, -8.864045143127e-01, 1.797693134862e+308, 1.3734e+05, 8.9600e+03, 
 1DIAGNOSTIC,     9, -8.875883221626e-01, 1.797693134862e+308, 1.4618e+05, 8.8320e+03, 
 1DIAGNOSTIC,    10, -8.885754942894e-01, 9.021908044815e-04, 1.5514e+05, 8.9600e+03, 
 1DIAGNOSTIC,    11, -8.896086812019e-01, 7.927268743515e-04, 1.6410e+05, 8.9600e+03, 
