---------------------
Experiment information

SIF_IMG: /mnt/lustre/mathdugre/containers/ants-flint-base.simg
SIF_IMG_BASE: /mnt/lustre/mathdugre/containers/ants-flint-base.simg
EXPERIMENT_NAME: flint-vprec-single
STAGE: affine
SUBJECT_ID: s031
REPETITION_ID: 1

FIXED_IMG: /templateflow/tpl-MNI152NLin2009cAsym/tpl-MNI152NLin2009cAsym_res-01_desc-brain_T1w.nii.gz
INPUT_IMG: /mnt/lustre/mathdugre/fast-interpolate/datasets/ds004513/derivatives/flint/ants/flint-vprec-single/sub-s031/ses-open/anat/0/1_Rigid.nii.gz

DATA_DIR: /mnt/lustre/mathdugre/fast-interpolate/datasets/ds004513
OUTPUT_DIR: /mnt/lustre/mathdugre/fast-interpolate/datasets/ds004513/derivatives/flint/ants/flint-vprec-single/sub-s031/ses-open/anat
OUTPUT_PREFIX: 00
THREAD: 1
FLOAT: 0
VFC_BACKENDS: ieee
---------------------

--output [/mnt/lustre/mathdugre/fast-interpolate/datasets/ds004513/derivatives/flint/ants/flint-vprec-single/sub-s031/ses-open/anat/00/1_,/mnt/lustre/mathdugre/fast-interpolate/datasets/ds004513/derivatives/flint/ants/flint-vprec-single/sub-s031/ses-open/anat/00/1_Affine.nii.gz,/mnt/lustre/mathdugre/fast-interpolate/datasets/ds004513/derivatives/flint/ants/flint-vprec-single/sub-s031/ses-open/anat/00/1_InverseAffine.nii.gz] --initial-moving-transform [/templateflow/tpl-MNI152NLin2009cAsym/tpl-MNI152NLin2009cAsym_res-01_desc-brain_T1w.nii.gz,/mnt/lustre/mathdugre/fast-interpolate/datasets/ds004513/derivatives/flint/ants/flint-vprec-single/sub-s031/ses-open/anat/0/1_Rigid.nii.gz,1] --transform Affine[0.1] --metric MI[/templateflow/tpl-MNI152NLin2009cAsym/tpl-MNI152NLin2009cAsym_res-01_desc-brain_T1w.nii.gz,/mnt/lustre/mathdugre/fast-interpolate/datasets/ds004513/derivatives/flint/ants/flint-vprec-single/sub-s031/ses-open/anat/0/1_Rigid.nii.gz,1,32,Regular,0.25] --convergence [1000x500x250x100,1e-6,10] --shrink-factors 8x4x2x1 --smoothing-sigmas 3x2x1x0vox
All_Command_lines_OK
Using double precision for computations.
=============================================================================
The composite transform comprises the following transforms (in order): 
  1. Center of mass alignment using fixed image: /templateflow/tpl-MNI152NLin2009cAsym/tpl-MNI152NLin2009cAsym_res-01_desc-brain_T1w.nii.gz and moving image: /mnt/lustre/mathdugre/fast-interpolate/datasets/ds004513/derivatives/flint/ants/flint-vprec-single/sub-s031/ses-open/anat/0/1_Rigid.nii.gz (type = Euler3DTransform)
=============================================================================
  number of levels = 4
  fixed image: /templateflow/tpl-MNI152NLin2009cAsym/tpl-MNI152NLin2009cAsym_res-01_desc-brain_T1w.nii.gz
  moving image: /mnt/lustre/mathdugre/fast-interpolate/datasets/ds004513/derivatives/flint/ants/flint-vprec-single/sub-s031/ses-open/anat/0/1_Rigid.nii.gz
Dimension = 3
Number of stages = 1
Use histogram matching = false
Winsorize image intensities = true
  Lower quantile = 0.005
  Upper quantile = 0.995


Stage 1 State
   Image metric = MattesMI
     Fixed image = Image (0x562aa1adfe90)
  RTTI typeinfo:   itk::Image<double, 3u>
  Reference Count: 2
  Modified Time: 1622
  Debug: Off
  Object Name: 
  Observers: 
    none
  Source: (none)
  Source output name: (none)
  Release Data: Off
  Data Released: False
  Global Release Data: Off
  PipelineMTime: 0
  UpdateMTime: 1407
  RealTimeStamp: 0 seconds 
  LargestPossibleRegion: 
    Dimension: 3
    Index: [0, 0, 0]
    Size: [193, 229, 193]
  BufferedRegion: 
    Dimension: 3
    Index: [0, 0, 0]
    Size: [193, 229, 193]
  RequestedRegion: 
    Dimension: 3
    Index: [0, 0, 0]
    Size: [193, 229, 193]
  Spacing: [1, 1, 1]
  Origin: [96, 132, -78]
  Direction: 
-1 0 0
0 -1 0
0 0 1

  IndexToPointMatrix: 
-1 0 0
0 -1 0
0 0 1

  PointToIndexMatrix: 
-1 0 0
0 -1 0
0 0 1

  Inverse Direction: 
-1 0 0
0 -1 0
0 0 1

  PixelContainer: 
    ImportImageContainer (0x562aa1bb60d0)
      RTTI typeinfo:   itk::ImportImageContainer<unsigned long, double>
      Reference Count: 1
      Modified Time: 1404
      Debug: Off
      Object Name: 
      Observers: 
        none
      Pointer: 0x7f0bcd998010
      Container manages memory: true
      Size: 8530021
      Capacity: 8530021

     Moving image = Image (0x562aa1ae6b20)
  RTTI typeinfo:   itk::Image<double, 3u>
  Reference Count: 2
  Modified Time: 1623
  Debug: Off
  Object Name: 
  Observers: 
    none
  Source: (none)
  Source output name: (none)
  Release Data: Off
  Data Released: False
  Global Release Data: Off
  PipelineMTime: 0
  UpdateMTime: 1620
  RealTimeStamp: 0 seconds 
  LargestPossibleRegion: 
    Dimension: 3
    Index: [0, 0, 0]
    Size: [193, 229, 193]
  BufferedRegion: 
    Dimension: 3
    Index: [0, 0, 0]
    Size: [193, 229, 193]
  RequestedRegion: 
    Dimension: 3
    Index: [0, 0, 0]
    Size: [193, 229, 193]
  Spacing: [1, 1, 1]
  Origin: [96, 132, -78]
  Direction: 
-1 0 0
0 -1 0
0 0 1

  IndexToPointMatrix: 
-1 0 0
0 -1 0
0 0 1

  PointToIndexMatrix: 
-1 0 0
0 -1 0
0 0 1

  Inverse Direction: 
-1 0 0
0 -1 0
0 0 1

  PixelContainer: 
    ImportImageContainer (0x562aa1ae1480)
      RTTI typeinfo:   itk::ImportImageContainer<unsigned long, double>
      Reference Count: 1
      Modified Time: 1617
      Debug: Off
      Object Name: 
      Observers: 
        none
      Pointer: 0x7f0bc9883010
      Container manages memory: true
      Size: 8530021
      Capacity: 8530021

     Weighting = 1
     Sampling strategy = regular
     Number of bins = 32
     Radius = 4
     Sampling percentage  = 0.25
   Transform = Affine
     Gradient step = 0.1
     Update field sigma (voxel space) = 0
     Total field sigma (voxel space) = 0
     Update field time sigma = 0
     Total field time sigma  = 0
     Number of time indices = 0
     Number of time point samples = 0
Registration using 1 total stages.

Stage 0
  iterations = 1000x500x250x100
  convergence threshold = 1e-06
  convergence window size = 10
  number of levels = 4
  using the Mattes MI metric (number of bins = 32, weight = 1, use gradient filter = 0)
  preprocessing:  winsorizing the image intensities
  Shrink factors (level 1 out of 4): [8, 8, 8]
  Shrink factors (level 2 out of 4): [4, 4, 4]
  Shrink factors (level 3 out of 4): [2, 2, 2]
  Shrink factors (level 4 out of 4): [1, 1, 1]
  smoothing sigmas per level: [3, 2, 1, 0]
  regular sampling (percentage = 0.25)

*** Running AffineTransform registration ***

DIAGNOSTIC,Iteration,metricValue,convergenceValue,ITERATION_TIME_INDEX,SINCE_LAST
 2DIAGNOSTIC,     1, -5.912219677872e-01, 1.797693134862e+308, 1.3587e+00, 1.3587e+00, 
 2DIAGNOSTIC,     2, -5.936990246563e-01, 1.797693134862e+308, 1.3696e+00, 1.0871e-02, 
 2DIAGNOSTIC,     3, -5.976837905825e-01, 1.797693134862e+308, 1.3804e+00, 1.0740e-02, 
 2DIAGNOSTIC,     4, -6.039796532170e-01, 1.797693134862e+308, 1.3910e+00, 1.0655e-02, 
 2DIAGNOSTIC,     5, -6.130540805130e-01, 1.797693134862e+308, 1.4020e+00, 1.0987e-02, 
 2DIAGNOSTIC,     6, -6.271920247041e-01, 1.797693134862e+308, 1.4133e+00, 1.1261e-02, 
 2DIAGNOSTIC,     7, -6.521041141741e-01, 1.797693134862e+308, 1.4252e+00, 1.1935e-02, 
 2DIAGNOSTIC,     8, -7.547415146643e-01, 1.797693134862e+308, 1.4383e+00, 1.3054e-02, 
 2DIAGNOSTIC,     9, -7.834484761196e-01, 1.797693134862e+308, 1.4527e+00, 1.4487e-02, 
 2DIAGNOSTIC,    10, -7.976574954694e-01, 2.179907140512e-02, 1.4676e+00, 1.4861e-02, 
 2DIAGNOSTIC,    11, -8.406028778566e-01, 2.355691976110e-02, 1.4811e+00, 1.3543e-02, 
 2DIAGNOSTIC,    12, -8.628018156861e-01, 2.362432225628e-02, 1.4928e+00, 1.1689e-02, 
 2DIAGNOSTIC,    13, -8.657903180882e-01, 2.174310467823e-02, 1.5073e+00, 1.4477e-02, 
 2DIAGNOSTIC,    14, -8.673007488589e-01, 1.846846052564e-02, 1.5198e+00, 1.2459e-02, 
 2DIAGNOSTIC,    15, -8.684314635667e-01, 1.435225857323e-02, 1.5310e+00, 1.1272e-02, 
 2DIAGNOSTIC,    16, -8.689107999993e-01, 9.898306219765e-03, 1.5435e+00, 1.2445e-02, 
 2DIAGNOSTIC,    17, -8.692974348532e-01, 5.657360409781e-03, 1.5576e+00, 1.4120e-02, 
 2DIAGNOSTIC,    18, -8.694670668427e-01, 3.602191710199e-03, 1.5702e+00, 1.2614e-02, 
 2DIAGNOSTIC,    19, -8.696597734194e-01, 2.043528936532e-03, 1.5815e+00, 1.1237e-02, 
 2DIAGNOSTIC,    20, -8.697444511153e-01, 7.227303966299e-04, 1.5926e+00, 1.1168e-02, 
 2DIAGNOSTIC,    21, -8.698471408947e-01, 2.254526323362e-04, 1.6065e+00, 1.3922e-02, 
 2DIAGNOSTIC,    22, -8.699016799871e-01, 1.292268896468e-04, 1.6178e+00, 1.1219e-02, 
 2DIAGNOSTIC,    23, -8.699738474742e-01, 7.874138385112e-05, 1.6325e+00, 1.4769e-02, 
 2DIAGNOSTIC,    24, -8.700000589969e-01, 4.866977447838e-05, 1.6494e+00, 1.6900e-02, 
 2DIAGNOSTIC,    25, -8.700046312458e-01, 3.318869298011e-05, 1.6634e+00, 1.3951e-02, 
 2DIAGNOSTIC,    26, -8.700171682285e-01, 2.277562299380e-05, 1.6789e+00, 1.5546e-02, 
 2DIAGNOSTIC,    27, -8.700271362280e-01, 1.644380844770e-05, 1.6947e+00, 1.5724e-02, 
 2DIAGNOSTIC,    28, -8.700376467272e-01, 1.143104840694e-05, 1.7102e+00, 1.5501e-02, 
 2DIAGNOSTIC,    29, -8.700532409020e-01, 8.387925778279e-06, 1.7250e+00, 1.4864e-02, 
 2DIAGNOSTIC,    30, -8.700691589475e-01, 6.063257116176e-06, 1.7396e+00, 1.4589e-02, 
 2DIAGNOSTIC,    31, -8.700878379507e-01, 4.819788229006e-06, 1.7626e+00, 2.2980e-02, 
 2DIAGNOSTIC,    32, -8.700895392114e-01, 3.909735916803e-06, 1.7785e+00, 1.5893e-02, 
 2DIAGNOSTIC,    33, -8.700934529409e-01, 3.601295594326e-06, 1.7942e+00, 1.5739e-02, 
 2DIAGNOSTIC,    34, -8.701064991334e-01, 3.476796011967e-06, 1.8079e+00, 1.3668e-02, 
 2DIAGNOSTIC,    35, -8.701107117018e-01, 3.206423747668e-06, 1.8288e+00, 2.0958e-02, 
 2DIAGNOSTIC,    36, -8.701107220738e-01, 2.861013365787e-06, 1.8398e+00, 1.0944e-02, 
 2DIAGNOSTIC,    37, -8.701108600466e-01, 2.452276660521e-06, 1.8505e+00, 1.0702e-02, 
 2DIAGNOSTIC,    38, -8.701109976745e-01, 2.018739266148e-06, 1.8621e+00, 1.1604e-02, 
 2DIAGNOSTIC,    39, -8.701110504807e-01, 1.637787518934e-06, 1.8773e+00, 1.5226e-02, 
 2DIAGNOSTIC,    40, -8.701110511233e-01, 1.337612454067e-06, 1.8963e+00, 1.8929e-02, 
 2DIAGNOSTIC,    41, -8.701110511241e-01, 1.166259226835e-06, 1.9129e+00, 1.6629e-02, 
DIAGNOSTIC,Iteration,metricValue,convergenceValue,ITERATION_TIME_INDEX,SINCE_LAST
 2DIAGNOSTIC,     1, -7.289773412897e-01, 1.797693134862e+308, 3.4801e+00, 1.5672e+00, 
 2DIAGNOSTIC,     2, -7.297050366147e-01, 1.797693134862e+308, 3.5916e+00, 1.1155e-01, 
 2DIAGNOSTIC,     3, -7.304794361863e-01, 1.797693134862e+308, 3.7023e+00, 1.1075e-01, 
 2DIAGNOSTIC,     4, -7.313389763600e-01, 1.797693134862e+308, 3.8273e+00, 1.2496e-01, 
 2DIAGNOSTIC,     5, -7.327929930774e-01, 1.797693134862e+308, 3.9515e+00, 1.2421e-01, 
 2DIAGNOSTIC,     6, -7.330730749869e-01, 1.797693134862e+308, 4.0826e+00, 1.3104e-01, 
 2DIAGNOSTIC,     7, -7.331921516813e-01, 1.797693134862e+308, 4.2561e+00, 1.7350e-01, 
 2DIAGNOSTIC,     8, -7.332209109388e-01, 1.797693134862e+308, 4.3680e+00, 1.1193e-01, 
 2DIAGNOSTIC,     9, -7.333314697811e-01, 1.797693134862e+308, 4.4795e+00, 1.1150e-01, 
 2DIAGNOSTIC,    10, -7.334044020848e-01, 4.082216804435e-04, 4.5903e+00, 1.1080e-01, 
 2DIAGNOSTIC,    11, -7.334377183015e-01, 2.819335174319e-04, 4.7053e+00, 1.1498e-01, 
 2DIAGNOSTIC,    12, -7.335051480117e-01, 1.777688226875e-04, 4.8670e+00, 1.6177e-01, 
 2DIAGNOSTIC,    13, -7.335207578819e-01, 9.730507034236e-05, 4.9820e+00, 1.1497e-01, 
 2DIAGNOSTIC,    14, -7.335290797489e-01, 4.274952654300e-05, 5.1124e+00, 1.3035e-01, 
 2DIAGNOSTIC,    15, -7.335378453064e-01, 2.944566009343e-05, 5.3657e+00, 2.5333e-01, 
 2DIAGNOSTIC,    16, -7.335379028020e-01, 2.204027041001e-05, 5.4795e+00, 1.1379e-01, 
 2DIAGNOSTIC,    17, -7.335382642661e-01, 1.640130486674e-05, 5.5924e+00, 1.1296e-01, 
 2DIAGNOSTIC,    18, -7.335388182234e-01, 1.063278157952e-05, 5.7042e+00, 1.1181e-01, 
 2DIAGNOSTIC,    19, -7.335396411938e-01, 6.907807104703e-06, 5.8151e+00, 1.1083e-01, 
 2DIAGNOSTIC,    20, -7.335407855671e-01, 4.504724495508e-06, 5.9301e+00, 1.1501e-01, 
 2DIAGNOSTIC,    21, -7.335423874748e-01, 2.673710472363e-06, 6.0451e+00, 1.1506e-01, 
 2DIAGNOSTIC,    22, -7.335447912515e-01, 2.128269393151e-06, 6.1595e+00, 1.1433e-01, 
 2DIAGNOSTIC,    23, -7.335482306711e-01, 1.884820217186e-06, 6.2737e+00, 1.1425e-01, 
 2DIAGNOSTIC,    24, -7.335621535211e-01, 1.969213574142e-06, 6.4010e+00, 1.2728e-01, 
 2DIAGNOSTIC,    25, -7.335638843179e-01, 2.144141674730e-06, 6.6205e+00, 2.1945e-01, 
 2DIAGNOSTIC,    26, -7.335639045574e-01, 2.227023112873e-06, 6.7355e+00, 1.1503e-01, 
 2DIAGNOSTIC,    27, -7.335639534572e-01, 2.218105899315e-06, 6.8511e+00, 1.1565e-01, 
 2DIAGNOSTIC,    28, -7.335640239995e-01, 2.119425101518e-06, 6.9659e+00, 1.1477e-01, 
 2DIAGNOSTIC,    29, -7.335641021236e-01, 1.943751583897e-06, 7.0811e+00, 1.1515e-01, 
 2DIAGNOSTIC,    30, -7.335641580392e-01, 1.714763403340e-06, 7.2117e+00, 1.3060e-01, 
 2DIAGNOSTIC,    31, -7.335641688951e-01, 1.461274139934e-06, 7.6015e+00, 3.8984e-01, 
 2DIAGNOSTIC,    32, -7.335641688950e-01, 1.212788028872e-06, 7.8237e+00, 2.2220e-01, 
DIAGNOSTIC,Iteration,metricValue,convergenceValue,ITERATION_TIME_INDEX,SINCE_LAST
 2DIAGNOSTIC,     1, -6.211264898574e-01, 1.797693134862e+308, 1.0186e+01, 2.3620e+00, 
 2DIAGNOSTIC,     2, -6.213525398445e-01, 1.797693134862e+308, 1.0932e+01, 7.4681e-01, 
 2DIAGNOSTIC,     3, -6.214678477439e-01, 1.797693134862e+308, 1.1677e+01, 7.4413e-01, 
 2DIAGNOSTIC,     4, -6.215719156151e-01, 1.797693134862e+308, 1.2519e+01, 8.4291e-01, 
 2DIAGNOSTIC,     5, -6.216570271292e-01, 1.797693134862e+308, 1.3268e+01, 7.4845e-01, 
 2DIAGNOSTIC,     6, -6.216898994865e-01, 1.797693134862e+308, 1.4439e+01, 1.1715e+00, 
 2DIAGNOSTIC,     7, -6.216958744103e-01, 1.797693134862e+308, 1.5202e+01, 7.6234e-01, 
 2DIAGNOSTIC,     8, -6.217141737538e-01, 1.797693134862e+308, 1.5957e+01, 7.5528e-01, 
 2DIAGNOSTIC,     9, -6.217300328245e-01, 1.797693134862e+308, 1.6714e+01, 7.5679e-01, 
 2DIAGNOSTIC,    10, -6.217410139614e-01, 5.716108831633e-05, 1.7469e+01, 7.5475e-01, 
 2DIAGNOSTIC,    11, -6.217572604823e-01, 3.539875298024e-05, 1.8423e+01, 9.5471e-01, 
 2DIAGNOSTIC,    12, -6.217618344227e-01, 2.309764002217e-05, 1.9179e+01, 7.5527e-01, 
 2DIAGNOSTIC,    13, -6.217667598829e-01, 1.501678677529e-05, 2.0035e+01, 8.5655e-01, 
 2DIAGNOSTIC,    14, -6.217714343135e-01, 1.043011509030e-05, 2.1005e+01, 9.6934e-01, 
 2DIAGNOSTIC,    15, -6.217744359265e-01, 8.369304096506e-06, 2.1765e+01, 7.6053e-01, 
 2DIAGNOSTIC,    16, -6.217756071065e-01, 6.966702862224e-06, 2.2524e+01, 7.5906e-01, 
 2DIAGNOSTIC,    17, -6.217764463770e-01, 5.447855915892e-06, 2.3383e+01, 8.5916e-01, 
 2DIAGNOSTIC,    18, -6.217777001854e-01, 4.260583884773e-06, 2.4152e+01, 7.6823e-01, 
 2DIAGNOSTIC,    19, -6.217796685609e-01, 3.392403581319e-06, 2.5427e+01, 1.2753e+00, 
 2DIAGNOSTIC,    20, -6.217798599825e-01, 2.696967814832e-06, 2.6591e+01, 1.1639e+00, 
 2DIAGNOSTIC,    21, -6.217798625900e-01, 2.318659787795e-06, 2.8061e+01, 1.4705e+00, 
 2DIAGNOSTIC,    22, -6.217798625918e-01, 1.994242256963e-06, 2.9547e+01, 1.4863e+00, 
 2DIAGNOSTIC,    23, -6.217798625918e-01, 1.742524413685e-06, 3.0711e+01, 1.1637e+00, 
 2DIAGNOSTIC,    24, -6.217798625917e-01, 1.565302110131e-06, 3.1594e+01, 8.8297e-01, 
 2DIAGNOSTIC,    25, -6.217798625917e-01, 1.434389505006e-06, 3.2465e+01, 8.7117e-01, 
 2DIAGNOSTIC,    26, -6.217798625917e-01, 1.319315269234e-06, 3.3230e+01, 7.6457e-01, 
 2DIAGNOSTIC,    27, -6.217798625917e-01, 1.217808185690e-06, 3.4091e+01, 8.6118e-01, 
 2DIAGNOSTIC,    28, -6.217798625917e-01, 1.139412764750e-06, 3.5056e+01, 9.6460e-01, 
 2DIAGNOSTIC,    29, -6.217798625917e-01, 1.097064602218e-06, 3.5928e+01, 8.7266e-01, 
 2DIAGNOSTIC,    30, -6.217798625917e-01, 1.060451849832e-06, 3.6800e+01, 8.7195e-01, 
 2DIAGNOSTIC,    31, -6.217798625917e-01, 1.026239919856e-06, 3.7770e+01, 9.6962e-01, 
DIAGNOSTIC,Iteration,metricValue,convergenceValue,ITERATION_TIME_INDEX,SINCE_LAST
 2DIAGNOSTIC,     1, -5.537269655789e-01, 1.797693134862e+308, 4.3911e+01, 6.1415e+00, 
 2DIAGNOSTIC,     2, -5.539161733361e-01, 1.797693134862e+308, 4.8848e+01, 4.9371e+00, 
 2DIAGNOSTIC,     3, -5.540853893761e-01, 1.797693134862e+308, 5.3765e+01, 4.9165e+00, 
 2DIAGNOSTIC,     4, -5.542539621804e-01, 1.797693134862e+308, 5.9885e+01, 6.1200e+00, 
 2DIAGNOSTIC,     5, -5.543605065267e-01, 1.797693134862e+308, 7.3104e+01, 1.3219e+01, 
 2DIAGNOSTIC,     6, -5.543605089937e-01, 1.797693134862e+308, 7.8028e+01, 4.9239e+00, 
 2DIAGNOSTIC,     7, -5.543605472208e-01, 1.797693134862e+308, 8.2959e+01, 4.9305e+00, 
 2DIAGNOSTIC,     8, -5.543606113701e-01, 1.797693134862e+308, 8.7878e+01, 4.9194e+00, 
 2DIAGNOSTIC,     9, -5.543607190447e-01, 1.797693134862e+308, 9.2828e+01, 4.9496e+00, 
 2DIAGNOSTIC,    10, -5.543608991439e-01, 6.806727973492e-05, 9.7801e+01, 4.9731e+00, 
 2DIAGNOSTIC,    11, -5.543611975642e-01, 3.835592518259e-05, 1.0275e+02, 4.9523e+00, 
 2DIAGNOSTIC,    12, -5.543616852099e-01, 1.847754778654e-05, 1.0771e+02, 4.9571e+00, 
 2DIAGNOSTIC,    13, -5.543624755821e-01, 6.794593007925e-06, 1.1266e+02, 4.9466e+00, 
 2DIAGNOSTIC,    14, -5.543637182430e-01, 2.493500949163e-06, 1.1761e+02, 4.9524e+00, 
 2DIAGNOSTIC,    15, -5.543655392920e-01, 2.449536724403e-06, 1.2256e+02, 4.9477e+00, 
 2DIAGNOSTIC,    16, -5.543681779475e-01, 2.464611382910e-06, 1.2750e+02, 4.9446e+00, 
 2DIAGNOSTIC,    17, -5.543717896916e-01, 2.542860735345e-06, 1.3245e+02, 4.9493e+00, 
 2DIAGNOSTIC,    18, -5.543765028350e-01, 2.684828747303e-06, 1.3741e+02, 4.9590e+00, 
 2DIAGNOSTIC,    19, -5.543828443885e-01, 2.898919158910e-06, 1.4236e+02, 4.9530e+00, 
 2DIAGNOSTIC,    20, -5.543989736056e-01, 3.393335642712e-06, 1.4970e+02, 7.3361e+00, 
 2DIAGNOSTIC,    21, -5.544026643076e-01, 3.761407954384e-06, 1.5526e+02, 5.5648e+00, 
 2DIAGNOSTIC,    22, -5.544031386720e-01, 3.911616792418e-06, 1.6022e+02, 4.9577e+00, 
 2DIAGNOSTIC,    23, -5.544045946607e-01, 3.872760656248e-06, 1.6517e+02, 4.9495e+00, 
 2DIAGNOSTIC,    24, -5.544065934115e-01, 3.670405869106e-06, 1.7012e+02, 4.9496e+00, 
 2DIAGNOSTIC,    25, -5.544091137121e-01, 3.347008261621e-06, 1.7507e+02, 4.9510e+00, 
 2DIAGNOSTIC,    26, -5.544117306414e-01, 2.955206593144e-06, 1.8001e+02, 4.9424e+00, 
 2DIAGNOSTIC,    27, -5.544143101198e-01, 2.550035079839e-06, 1.8496e+02, 4.9451e+00, 
 2DIAGNOSTIC,    28, -5.544165042787e-01, 2.171599068145e-06, 1.9050e+02, 5.5364e+00, 
 2DIAGNOSTIC,    29, -5.544172651057e-01, 1.839131515982e-06, 1.9845e+02, 7.9580e+00, 
 2DIAGNOSTIC,    30, -5.544179864055e-01, 1.745115146869e-06, 2.0341e+02, 4.9551e+00, 
 2DIAGNOSTIC,    31, -5.544181401423e-01, 1.655900944322e-06, 2.0835e+02, 4.9432e+00, 
 2DIAGNOSTIC,    32, -5.544188904366e-01, 1.531878674001e-06, 2.1505e+02, 6.6968e+00, 
 2DIAGNOSTIC,    33, -5.544189474027e-01, 1.387233680580e-06, 2.1995e+02, 4.9060e+00, 
 2DIAGNOSTIC,    34, -5.544189691970e-01, 1.241203892107e-06, 2.2486e+02, 4.9008e+00, 
 2DIAGNOSTIC,    35, -5.544190365792e-01, 1.112229668712e-06, 2.2935e+02, 4.4931e+00, 
 2DIAGNOSTIC,    36, -5.544191813585e-01, 1.009797200364e-06, 2.3594e+02, 6.5895e+00, 
  Elapsed time (stage 0): 2.3880e+02


Total elapsed time: 2.3881e+02
-i /mnt/lustre/mathdugre/fast-interpolate/datasets/ds004513/derivatives/flint/ants/flint-vprec-single/sub-s031/ses-open/anat/0/1_Rigid.nii.gz -o /mnt/lustre/mathdugre/fast-interpolate/datasets/ds004513/derivatives/flint/ants/flint-vprec-single/sub-s031/ses-open/anat/00/1_transformed.nii.gz -t /mnt/lustre/mathdugre/fast-interpolate/datasets/ds004513/derivatives/flint/ants/flint-vprec-single/sub-s031/ses-open/anat/00/1_0GenericAffine.mat
