---------------------
Experiment information

SIF_IMG: /mnt/lustre/mathdugre/containers/ants-flint-base.simg
SIF_IMG_BASE: /mnt/lustre/mathdugre/containers/ants-flint-base.simg
EXPERIMENT_NAME: flint-vprec-single
STAGE: syn
SUBJECT_ID: s012
REPETITION_ID: 1

FIXED_IMG: /templateflow/tpl-MNI152NLin2009cAsym/tpl-MNI152NLin2009cAsym_res-01_desc-brain_T1w.nii.gz
INPUT_IMG: /mnt/lustre/mathdugre/fast-interpolate/datasets/ds004513/derivatives/flint/ants/flint-vprec-single/sub-s012/ses-open/anat/00/1_Affine.nii.gz

DATA_DIR: /mnt/lustre/mathdugre/fast-interpolate/datasets/ds004513
OUTPUT_DIR: /mnt/lustre/mathdugre/fast-interpolate/datasets/ds004513/derivatives/flint/ants/flint-vprec-single/sub-s012/ses-open/anat
OUTPUT_PREFIX: 000
THREAD: 1
FLOAT: 0
VFC_BACKENDS: ieee
---------------------

--output [/mnt/lustre/mathdugre/fast-interpolate/datasets/ds004513/derivatives/flint/ants/flint-vprec-single/sub-s012/ses-open/anat/000/1_,/mnt/lustre/mathdugre/fast-interpolate/datasets/ds004513/derivatives/flint/ants/flint-vprec-single/sub-s012/ses-open/anat/000/1_Warped.nii.gz,/mnt/lustre/mathdugre/fast-interpolate/datasets/ds004513/derivatives/flint/ants/flint-vprec-single/sub-s012/ses-open/anat/000/1_InverseSyN.nii.gz] --initial-moving-transform [/templateflow/tpl-MNI152NLin2009cAsym/tpl-MNI152NLin2009cAsym_res-01_desc-brain_T1w.nii.gz,/mnt/lustre/mathdugre/fast-interpolate/datasets/ds004513/derivatives/flint/ants/flint-vprec-single/sub-s012/ses-open/anat/00/1_Affine.nii.gz,1] --transform SyN[ 0.1,3,0 ] --metric CC[/templateflow/tpl-MNI152NLin2009cAsym/tpl-MNI152NLin2009cAsym_res-01_desc-brain_T1w.nii.gz,/mnt/lustre/mathdugre/fast-interpolate/datasets/ds004513/derivatives/flint/ants/flint-vprec-single/sub-s012/ses-open/anat/00/1_Affine.nii.gz,1,4] --convergence [100x70x50x20,1e-6,10] --shrink-factors 8x4x2x1 --smoothing-sigmas 3x2x1x0vox
All_Command_lines_OK
Using double precision for computations.
=============================================================================
The composite transform comprises the following transforms (in order): 
  1. Center of mass alignment using fixed image: /templateflow/tpl-MNI152NLin2009cAsym/tpl-MNI152NLin2009cAsym_res-01_desc-brain_T1w.nii.gz and moving image: /mnt/lustre/mathdugre/fast-interpolate/datasets/ds004513/derivatives/flint/ants/flint-vprec-single/sub-s012/ses-open/anat/00/1_Affine.nii.gz (type = Euler3DTransform)
=============================================================================
  number of levels = 4
  fixed image: /templateflow/tpl-MNI152NLin2009cAsym/tpl-MNI152NLin2009cAsym_res-01_desc-brain_T1w.nii.gz
  moving image: /mnt/lustre/mathdugre/fast-interpolate/datasets/ds004513/derivatives/flint/ants/flint-vprec-single/sub-s012/ses-open/anat/00/1_Affine.nii.gz
Dimension = 3
Number of stages = 1
Use histogram matching = false
Winsorize image intensities = true
  Lower quantile = 0.005
  Upper quantile = 0.995


Stage 1 State
   Image metric = CC
     Fixed image = Image (0x5558083c5a00)
  RTTI typeinfo:   itk::Image<double, 3u>
  Reference Count: 2
  Modified Time: 1622
  Debug: Off
  Object Name: 
  Observers: 
    none
  Source: (none)
  Source output name: (none)
  Release Data: Off
  Data Released: False
  Global Release Data: Off
  PipelineMTime: 0
  UpdateMTime: 1407
  RealTimeStamp: 0 seconds 
  LargestPossibleRegion: 
    Dimension: 3
    Index: [0, 0, 0]
    Size: [193, 229, 193]
  BufferedRegion: 
    Dimension: 3
    Index: [0, 0, 0]
    Size: [193, 229, 193]
  RequestedRegion: 
    Dimension: 3
    Index: [0, 0, 0]
    Size: [193, 229, 193]
  Spacing: [1, 1, 1]
  Origin: [96, 132, -78]
  Direction: 
-1 0 0
0 -1 0
0 0 1

  IndexToPointMatrix: 
-1 0 0
0 -1 0
0 0 1

  PointToIndexMatrix: 
-1 0 0
0 -1 0
0 0 1

  Inverse Direction: 
-1 0 0
0 -1 0
0 0 1

  PixelContainer: 
    ImportImageContainer (0x555808459d50)
      RTTI typeinfo:   itk::ImportImageContainer<unsigned long, double>
      Reference Count: 1
      Modified Time: 1404
      Debug: Off
      Object Name: 
      Observers: 
        none
      Pointer: 0x7f879c06c010
      Container manages memory: true
      Size: 8530021
      Capacity: 8530021

     Moving image = Image (0x5558083cc870)
  RTTI typeinfo:   itk::Image<double, 3u>
  Reference Count: 2
  Modified Time: 1623
  Debug: Off
  Object Name: 
  Observers: 
    none
  Source: (none)
  Source output name: (none)
  Release Data: Off
  Data Released: False
  Global Release Data: Off
  PipelineMTime: 0
  UpdateMTime: 1620
  RealTimeStamp: 0 seconds 
  LargestPossibleRegion: 
    Dimension: 3
    Index: [0, 0, 0]
    Size: [193, 229, 193]
  BufferedRegion: 
    Dimension: 3
    Index: [0, 0, 0]
    Size: [193, 229, 193]
  RequestedRegion: 
    Dimension: 3
    Index: [0, 0, 0]
    Size: [193, 229, 193]
  Spacing: [1, 1, 1]
  Origin: [96, 132, -78]
  Direction: 
-1 0 0
0 -1 0
0 0 1

  IndexToPointMatrix: 
-1 0 0
0 -1 0
0 0 1

  PointToIndexMatrix: 
-1 0 0
0 -1 0
0 0 1

  Inverse Direction: 
-1 0 0
0 -1 0
0 0 1

  PixelContainer: 
    ImportImageContainer (0x555808470d90)
      RTTI typeinfo:   itk::ImportImageContainer<unsigned long, double>
      Reference Count: 1
      Modified Time: 1617
      Debug: Off
      Object Name: 
      Observers: 
        none
      Pointer: 0x7f8797f57010
      Container manages memory: true
      Size: 8530021
      Capacity: 8530021

     Weighting = 1
     Sampling strategy = none
     Number of bins = 32
     Radius = 4
     Sampling percentage  = 1
   Transform = SyN
     Gradient step = 0.1
     Update field sigma (voxel space) = 3
     Total field sigma (voxel space) = 0
     Update field time sigma = 0
     Total field time sigma  = 0
     Number of time indices = 0
     Number of time point samples = 0
Registration using 1 total stages.

Stage 0
  iterations = 100x70x50x20
  convergence threshold = 1e-06
  convergence window size = 10
  number of levels = 4
  using the CC metric (radius = 4, weight = 1, use gradient filter = 0)
  preprocessing:  winsorizing the image intensities
  Shrink factors (level 1 out of 4): [8, 8, 8]
  Shrink factors (level 2 out of 4): [4, 4, 4]
  Shrink factors (level 3 out of 4): [2, 2, 2]
  Shrink factors (level 4 out of 4): [1, 1, 1]
  smoothing sigmas per level: [3, 2, 1, 0]
  Using default NONE metricSamplingStrategy 

*** Running SyN registration (varianceForUpdateField = 3, varianceForTotalField = 0) ***

XXDIAGNOSTIC,Iteration,metricValue,convergenceValue,ITERATION_TIME_INDEX,SINCE_LAST
 1DIAGNOSTIC,     1, -9.301891541481e-01, 1.797693134862e+308, 2.1777e+00, 2.1777e+00, 
 1DIAGNOSTIC,     2, -9.400517182086e-01, 1.797693134862e+308, 2.9180e+00, 7.4028e-01, 
 1DIAGNOSTIC,     3, -9.476840142645e-01, 1.797693134862e+308, 3.6587e+00, 7.4064e-01, 
 1DIAGNOSTIC,     4, -9.535545431759e-01, 1.797693134862e+308, 4.3940e+00, 7.3537e-01, 
 1DIAGNOSTIC,     5, -9.575892243671e-01, 1.797693134862e+308, 5.1294e+00, 7.3539e-01, 
 1DIAGNOSTIC,     6, -9.615738098745e-01, 1.797693134862e+308, 5.8645e+00, 7.3513e-01, 
 1DIAGNOSTIC,     7, -9.656051150145e-01, 1.797693134862e+308, 6.5997e+00, 7.3517e-01, 
 1DIAGNOSTIC,     8, -9.687323689596e-01, 1.797693134862e+308, 7.3354e+00, 7.3570e-01, 
 1DIAGNOSTIC,     9, -9.695629294869e-01, 1.797693134862e+308, 8.0707e+00, 7.3524e-01, 
 1DIAGNOSTIC,    10, -9.701283809909e-01, 2.581904891978e-03, 8.8067e+00, 7.3602e-01, 
 1DIAGNOSTIC,    11, -9.706207863933e-01, 1.818031515119e-03, 9.5436e+00, 7.3691e-01, 
 1DIAGNOSTIC,    12, -9.711560000982e-01, 1.273028891922e-03, 1.0280e+01, 7.3680e-01, 
 1DIAGNOSTIC,    13, -9.713270256358e-01, 8.731368603721e-04, 1.1017e+01, 7.3622e-01, 
 1DIAGNOSTIC,    14, -9.719165003367e-01, 5.880548682118e-04, 1.1753e+01, 7.3607e-01, 
 1DIAGNOSTIC,    15, -9.719513466653e-01, 3.674670284690e-04, 1.2489e+01, 7.3597e-01, 
 1DIAGNOSTIC,    16, -9.725763309348e-01, 2.250994670090e-04, 1.3226e+01, 7.3702e-01, 
 1DIAGNOSTIC,    17, -9.724284395503e-01, 1.450044211524e-04, 1.3962e+01, 7.3620e-01, 
 1DIAGNOSTIC,    18, -9.729854741115e-01, 1.210040166085e-04, 1.4698e+01, 7.3596e-01, 
 1DIAGNOSTIC,    19, -9.727879337149e-01, 9.803057409394e-05, 1.5434e+01, 7.3592e-01, 
 1DIAGNOSTIC,    20, -9.732226146122e-01, 8.316221044481e-05, 1.6170e+01, 7.3638e-01, 
 1DIAGNOSTIC,    21, -9.730273240330e-01, 6.602322279971e-05, 1.6906e+01, 7.3540e-01, 
 1DIAGNOSTIC,    22, -9.733138626271e-01, 5.554747695705e-05, 1.7641e+01, 7.3585e-01, 
 1DIAGNOSTIC,    23, -9.731297877251e-01, 4.053621487643e-05, 1.8377e+01, 7.3594e-01, 
 1DIAGNOSTIC,    24, -9.733558071733e-01, 3.323007539640e-05, 1.9114e+01, 7.3629e-01, 
 1DIAGNOSTIC,    25, -9.731836476175e-01, 2.166214429512e-05, 1.9853e+01, 7.3913e-01, 
 1DIAGNOSTIC,    26, -9.733726247058e-01, 1.842791915186e-05, 2.0592e+01, 7.3959e-01, 
 1DIAGNOSTIC,    27, -9.732105543756e-01, 1.023925612333e-05, 2.1332e+01, 7.3935e-01, 
 1DIAGNOSTIC,    28, -9.733797509137e-01, 9.546385301790e-06, 2.2071e+01, 7.3977e-01, 
 1DIAGNOSTIC,    29, -9.732236422998e-01, 4.358928256107e-06, 2.2811e+01, 7.3930e-01, 
 1DIAGNOSTIC,    30, -9.733856389147e-01, 5.165876499263e-06, 2.3551e+01, 7.4010e-01, 
 1DIAGNOSTIC,    31, -9.732338653760e-01, 2.125863546532e-06, 2.4291e+01, 7.4031e-01, 
 1DIAGNOSTIC,    32, -9.733919662362e-01, 3.349200982203e-06, 2.5031e+01, 7.3992e-01, 
 1DIAGNOSTIC,    33, -9.732416546382e-01, 1.203153701911e-06, 2.5771e+01, 7.4007e-01, 
 1DIAGNOSTIC,    34, -9.733977565247e-01, 2.545290701525e-06, 2.6511e+01, 7.4029e-01, 
 1DIAGNOSTIC,    35, -9.732495262809e-01, 8.877487956936e-07, 2.7253e+01, 7.4193e-01, 
XXDIAGNOSTIC,Iteration,metricValue,convergenceValue,ITERATION_TIME_INDEX,SINCE_LAST
 1DIAGNOSTIC,     1, -9.194265267817e-01, 1.797693134862e+308, 3.4833e+01, 7.5793e+00, 
 1DIAGNOSTIC,     2, -9.217777028308e-01, 1.797693134862e+308, 4.0989e+01, 6.1558e+00, 
 1DIAGNOSTIC,     3, -9.256265977732e-01, 1.797693134862e+308, 4.7096e+01, 6.1077e+00, 
 1DIAGNOSTIC,     4, -9.288650961135e-01, 1.797693134862e+308, 5.3196e+01, 6.1000e+00, 
 1DIAGNOSTIC,     5, -9.320222331767e-01, 1.797693134862e+308, 5.9334e+01, 6.1381e+00, 
 1DIAGNOSTIC,     6, -9.348090876966e-01, 1.797693134862e+308, 6.5438e+01, 6.1038e+00, 
 1DIAGNOSTIC,     7, -9.368918645536e-01, 1.797693134862e+308, 7.1561e+01, 6.1230e+00, 
 1DIAGNOSTIC,     8, -9.386768488192e-01, 1.797693134862e+308, 7.7689e+01, 6.1280e+00, 
 1DIAGNOSTIC,     9, -9.402530108067e-01, 1.797693134862e+308, 8.3825e+01, 6.1361e+00, 
 1DIAGNOSTIC,    10, -9.413654416670e-01, 1.572163859605e-03, 8.9965e+01, 6.1401e+00, 
 1DIAGNOSTIC,    11, -9.422825209077e-01, 1.268599560254e-03, 9.6060e+01, 6.0945e+00, 
 1DIAGNOSTIC,    12, -9.430642744830e-01, 9.806006733852e-04, 1.0223e+02, 6.1709e+00, 
 1DIAGNOSTIC,    13, -9.438984901092e-01, 7.575112188144e-04, 1.0833e+02, 6.1005e+00, 
 1DIAGNOSTIC,    14, -9.443404943302e-01, 5.766302425776e-04, 1.1449e+02, 6.1550e+00, 
 1DIAGNOSTIC,    15, -9.449933509239e-01, 4.439185220547e-04, 1.2061e+02, 6.1259e+00, 
 1DIAGNOSTIC,    16, -9.452993751883e-01, 3.454587199935e-04, 1.2677e+02, 6.1541e+00, 
 1DIAGNOSTIC,    17, -9.456862744387e-01, 2.706513397649e-04, 1.3293e+02, 6.1679e+00, 
 1DIAGNOSTIC,    18, -9.459275024595e-01, 2.129920420973e-04, 1.3908e+02, 6.1446e+00, 
 1DIAGNOSTIC,    19, -9.461344824176e-01, 1.700327399578e-04, 1.4526e+02, 6.1768e+00, 
 1DIAGNOSTIC,    20, -9.463252696606e-01, 1.352935291564e-04, 1.5140e+02, 6.1468e+00, 
 1DIAGNOSTIC,    21, -9.464885808034e-01, 1.068238207476e-04, 1.5755e+02, 6.1513e+00, 
 1DIAGNOSTIC,    22, -9.466379584559e-01, 8.372919922361e-05, 1.6371e+02, 6.1604e+00, 
 1DIAGNOSTIC,    23, -9.467745866254e-01, 6.766277446963e-05, 1.6986e+02, 6.1430e+00, 
 1DIAGNOSTIC,    24, -9.468937060282e-01, 5.363820124422e-05, 1.7602e+02, 6.1628e+00, 
 1DIAGNOSTIC,    25, -9.469979754148e-01, 4.494005504953e-05, 1.8218e+02, 6.1588e+00, 
 1DIAGNOSTIC,    26, -9.470997047255e-01, 3.745564821761e-05, 1.8834e+02, 6.1595e+00, 
 1DIAGNOSTIC,    27, -9.471807637465e-01, 3.230306074860e-05, 1.9449e+02, 6.1536e+00, 
 1DIAGNOSTIC,    28, -9.472661447436e-01, 2.807065805854e-05, 2.0065e+02, 6.1616e+00, 
 1DIAGNOSTIC,    29, -9.473393016950e-01, 2.446752195088e-05, 2.0681e+02, 6.1591e+00, 
 1DIAGNOSTIC,    30, -9.474088459525e-01, 2.148760008060e-05, 2.1297e+02, 6.1616e+00, 
 1DIAGNOSTIC,    31, -9.474746968385e-01, 1.897261948122e-05, 2.1914e+02, 6.1633e+00, 
 1DIAGNOSTIC,    32, -9.475416844904e-01, 1.693133047533e-05, 2.2529e+02, 6.1488e+00, 
 1DIAGNOSTIC,    33, -9.476051254064e-01, 1.531021602809e-05, 2.3144e+02, 6.1516e+00, 
 1DIAGNOSTIC,    34, -9.476710182496e-01, 1.404607090733e-05, 2.3761e+02, 6.1703e+00, 
 1DIAGNOSTIC,    35, -9.477301139365e-01, 1.299794276166e-05, 2.4376e+02, 6.1553e+00, 
 1DIAGNOSTIC,    36, -9.477987176819e-01, 1.227310798674e-05, 2.4993e+02, 6.1627e+00, 
 1DIAGNOSTIC,    37, -9.478557777563e-01, 1.161190490293e-05, 2.5609e+02, 6.1644e+00, 
 1DIAGNOSTIC,    38, -9.479088712598e-01, 1.104828387239e-05, 2.6224e+02, 6.1472e+00, 
 1DIAGNOSTIC,    39, -9.479523708584e-01, 1.043206634401e-05, 2.6841e+02, 6.1719e+00, 
 1DIAGNOSTIC,    40, -9.479935604602e-01, 9.755471829721e-06, 2.7456e+02, 6.1489e+00, 
 1DIAGNOSTIC,    41, -9.480336537585e-01, 9.025508247166e-06, 2.8072e+02, 6.1592e+00, 
 1DIAGNOSTIC,    42, -9.480639876385e-01, 8.231302798454e-06, 2.8687e+02, 6.1523e+00, 
 1DIAGNOSTIC,    43, -9.480942962494e-01, 7.410213792965e-06, 2.9303e+02, 6.1567e+00, 
 1DIAGNOSTIC,    44, -9.481179882854e-01, 6.596842279834e-06, 2.9920e+02, 6.1708e+00, 
 1DIAGNOSTIC,    45, -9.481394210798e-01, 5.789185361350e-06, 3.0534e+02, 6.1471e+00, 
 1DIAGNOSTIC,    46, -9.481615510682e-01, 5.118022739316e-06, 3.1152e+02, 6.1746e+00, 
 1DIAGNOSTIC,    47, -9.481792612856e-01, 4.524285574042e-06, 3.1767e+02, 6.1474e+00, 
 1DIAGNOSTIC,    48, -9.481944331972e-01, 4.011129814380e-06, 3.2383e+02, 6.1668e+00, 
 1DIAGNOSTIC,    49, -9.482101669613e-01, 3.558463344721e-06, 3.2998e+02, 6.1494e+00, 
 1DIAGNOSTIC,    50, -9.482231000993e-01, 3.166500118047e-06, 3.3613e+02, 6.1447e+00, 
 1DIAGNOSTIC,    51, -9.482406760121e-01, 2.884679435131e-06, 3.4229e+02, 6.1624e+00, 
 1DIAGNOSTIC,    52, -9.482513932516e-01, 2.630358111853e-06, 3.4844e+02, 6.1547e+00, 
 1DIAGNOSTIC,    53, -9.482628185664e-01, 2.427395315641e-06, 3.5461e+02, 6.1663e+00, 
 1DIAGNOSTIC,    54, -9.482733925319e-01, 2.245914272121e-06, 3.6076e+02, 6.1503e+00, 
 1DIAGNOSTIC,    55, -9.482836481363e-01, 2.082818464505e-06, 3.6692e+02, 6.1615e+00, 
 1DIAGNOSTIC,    56, -9.482940830130e-01, 1.953954413894e-06, 3.7309e+02, 6.1711e+00, 
 1DIAGNOSTIC,    57, -9.483004076257e-01, 1.821838907578e-06, 3.7925e+02, 6.1555e+00, 
 1DIAGNOSTIC,    58, -9.483146803839e-01, 1.724912666989e-06, 3.8541e+02, 6.1618e+00, 
 1DIAGNOSTIC,    59, -9.483187997451e-01, 1.617549936734e-06, 3.9156e+02, 6.1479e+00, 
 1DIAGNOSTIC,    60, -9.483225262620e-01, 1.492380126335e-06, 3.9771e+02, 6.1483e+00, 
 1DIAGNOSTIC,    61, -9.483247943465e-01, 1.376528378439e-06, 4.0388e+02, 6.1690e+00, 
 1DIAGNOSTIC,    62, -9.483259142514e-01, 1.238869485446e-06, 4.1003e+02, 6.1576e+00, 
 1DIAGNOSTIC,    63, -9.483280344378e-01, 1.099479053600e-06, 4.1619e+02, 6.1616e+00, 
 1DIAGNOSTIC,    64, -9.483321190042e-01, 9.752876581268e-07, 4.2236e+02, 6.1629e+00, 
XXDIAGNOSTIC,Iteration,metricValue,convergenceValue,ITERATION_TIME_INDEX,SINCE_LAST
 1DIAGNOSTIC,     1, -8.999297334839e-01, 1.797693134862e+308, 4.7361e+02, 5.1254e+01, 
 1DIAGNOSTIC,     2, -9.023098076543e-01, 1.797693134862e+308, 5.2274e+02, 4.9126e+01, 
 1DIAGNOSTIC,     3, -9.049543667994e-01, 1.797693134862e+308, 5.7185e+02, 4.9116e+01, 
 1DIAGNOSTIC,     4, -9.074312943168e-01, 1.797693134862e+308, 6.2100e+02, 4.9143e+01, 
 1DIAGNOSTIC,     5, -9.096368824635e-01, 1.797693134862e+308, 6.7029e+02, 4.9291e+01, 
 1DIAGNOSTIC,     6, -9.115819207024e-01, 1.797693134862e+308, 7.1941e+02, 4.9122e+01, 
 1DIAGNOSTIC,     7, -9.132069885165e-01, 1.797693134862e+308, 7.6869e+02, 4.9276e+01, 
 1DIAGNOSTIC,     8, -9.147801279031e-01, 1.797693134862e+308, 8.1820e+02, 4.9515e+01, 
 1DIAGNOSTIC,     9, -9.161179052488e-01, 1.797693134862e+308, 8.6767e+02, 4.9465e+01, 
 1DIAGNOSTIC,    10, -9.172034755681e-01, 1.229513353590e-03, 9.1717e+02, 4.9505e+01, 
 1DIAGNOSTIC,    11, -9.182182173432e-01, 1.006827581848e-03, 9.6666e+02, 4.9487e+01, 
 1DIAGNOSTIC,    12, -9.191828169560e-01, 8.172981679109e-04, 1.0162e+03, 4.9521e+01, 
 1DIAGNOSTIC,    13, -9.200951056362e-01, 6.677340431435e-04, 1.0657e+03, 4.9484e+01, 
 1DIAGNOSTIC,    14, -9.209599100231e-01, 5.526617600340e-04, 1.1152e+03, 4.9510e+01, 
 1DIAGNOSTIC,    15, -9.217645130855e-01, 4.645434953862e-04, 1.1647e+03, 4.9485e+01, 
 1DIAGNOSTIC,    16, -9.225099917957e-01, 3.968927521270e-04, 1.2142e+03, 4.9513e+01, 
 1DIAGNOSTIC,    17, -9.232060415008e-01, 3.427765144423e-04, 1.2637e+03, 4.9481e+01, 
 1DIAGNOSTIC,    18, -9.238596094235e-01, 3.011774248190e-04, 1.3131e+03, 4.9497e+01, 
 1DIAGNOSTIC,    19, -9.244819212923e-01, 2.679258474901e-04, 1.3626e+03, 4.9485e+01, 
 1DIAGNOSTIC,    20, -9.250727165117e-01, 2.389849664038e-04, 1.4121e+03, 4.9505e+01, 
 1DIAGNOSTIC,    21, -9.256361342780e-01, 2.137392239272e-04, 1.4616e+03, 4.9461e+01, 
 1DIAGNOSTIC,    22, -9.261609832201e-01, 1.917303594558e-04, 1.5111e+03, 4.9498e+01, 
 1DIAGNOSTIC,    23, -9.266413621501e-01, 1.723833706363e-04, 1.5606e+03, 4.9478e+01, 
 1DIAGNOSTIC,    24, -9.270739688070e-01, 1.551759460297e-04, 1.6101e+03, 4.9507e+01, 
 1DIAGNOSTIC,    25, -9.274574693035e-01, 1.394473038808e-04, 1.6596e+03, 4.9489e+01, 
 1DIAGNOSTIC,    26, -9.278044474645e-01, 1.247913962664e-04, 1.7091e+03, 4.9518e+01, 
 1DIAGNOSTIC,    27, -9.281155910141e-01, 1.109920981931e-04, 1.7586e+03, 4.9470e+01, 
 1DIAGNOSTIC,    28, -9.283930004016e-01, 9.798677539024e-05, 1.8081e+03, 4.9492e+01, 
 1DIAGNOSTIC,    29, -9.286416473783e-01, 8.591413296899e-05, 1.8575e+03, 4.9479e+01, 
 1DIAGNOSTIC,    30, -9.288669604450e-01, 7.493986777617e-05, 1.9070e+03, 4.9489e+01, 
 1DIAGNOSTIC,    31, -9.290740246167e-01, 6.527206656828e-05, 1.9565e+03, 4.9461e+01, 
 1DIAGNOSTIC,    32, -9.292664059542e-01, 5.696319421761e-05, 2.0060e+03, 4.9486e+01, 
 1DIAGNOSTIC,    33, -9.294504450939e-01, 4.999484575877e-05, 2.0555e+03, 4.9487e+01, 
 1DIAGNOSTIC,    34, -9.296231498461e-01, 4.421490226498e-05, 2.1050e+03, 4.9508e+01, 
 1DIAGNOSTIC,    35, -9.297840455706e-01, 3.939717835182e-05, 2.1544e+03, 4.9464e+01, 
 1DIAGNOSTIC,    36, -9.299325881468e-01, 3.538458037738e-05, 2.2039e+03, 4.9494e+01, 
 1DIAGNOSTIC,    37, -9.300701095675e-01, 3.200258494421e-05, 2.2534e+03, 4.9485e+01, 
 1DIAGNOSTIC,    38, -9.301990900557e-01, 2.909186550907e-05, 2.3029e+03, 4.9508e+01, 
 1DIAGNOSTIC,    39, -9.303197616267e-01, 2.652232694744e-05, 2.3524e+03, 4.9471e+01, 
 1DIAGNOSTIC,    40, -9.304369903025e-01, 2.423862910583e-05, 2.4019e+03, 4.9501e+01, 
 1DIAGNOSTIC,    41, -9.305490029783e-01, 2.219960987888e-05, 2.4513e+03, 4.9462e+01, 
 1DIAGNOSTIC,    42, -9.306586002067e-01, 2.040106579051e-05, 2.5008e+03, 4.9485e+01, 
 1DIAGNOSTIC,    43, -9.307662906813e-01, 1.887462781375e-05, 2.5503e+03, 4.9459e+01, 
 1DIAGNOSTIC,    44, -9.308685075551e-01, 1.758508847546e-05, 2.5998e+03, 4.9554e+01, 
 1DIAGNOSTIC,    45, -9.309653286798e-01, 1.648273360336e-05, 2.6493e+03, 4.9459e+01, 
 1DIAGNOSTIC,    46, -9.310567609162e-01, 1.550595591671e-05, 2.6988e+03, 4.9507e+01, 
 1DIAGNOSTIC,    47, -9.311434218992e-01, 1.460321742684e-05, 2.7483e+03, 4.9486e+01, 
 1DIAGNOSTIC,    48, -9.312230043311e-01, 1.372534482202e-05, 2.7978e+03, 4.9488e+01, 
 1DIAGNOSTIC,    49, -9.312978918998e-01, 1.284498059761e-05, 2.8472e+03, 4.9464e+01, 
 1DIAGNOSTIC,    50, -9.313745099666e-01, 1.201024766717e-05, 2.8967e+03, 4.9496e+01, 
XXDIAGNOSTIC,Iteration,metricValue,convergenceValue,ITERATION_TIME_INDEX,SINCE_LAST
 1DIAGNOSTIC,     1, -8.951212987095e-01, 1.797693134862e+308, 3.3046e+03, 4.0781e+02, 
 1DIAGNOSTIC,     2, -8.963918535329e-01, 1.797693134862e+308, 3.7072e+03, 4.0269e+02, 
 1DIAGNOSTIC,     3, -8.981152826879e-01, 1.797693134862e+308, 4.1084e+03, 4.0120e+02, 
 1DIAGNOSTIC,     4, -8.997491515113e-01, 1.797693134862e+308, 4.5111e+03, 4.0269e+02, 
 1DIAGNOSTIC,     5, -9.013304190498e-01, 1.797693134862e+308, 4.9107e+03, 3.9956e+02, 
 1DIAGNOSTIC,     6, -9.027167592737e-01, 1.797693134862e+308, 5.3117e+03, 4.0102e+02, 
 1DIAGNOSTIC,     7, -9.041620680711e-01, 1.797693134862e+308, 5.7128e+03, 4.0112e+02, 
 1DIAGNOSTIC,     8, -9.053972016411e-01, 1.797693134862e+308, 6.1139e+03, 4.0107e+02, 
 1DIAGNOSTIC,     9, -9.065655239488e-01, 1.797693134862e+308, 6.5150e+03, 4.0109e+02, 
 1DIAGNOSTIC,    10, -9.076557906868e-01, 9.116797723874e-04, 6.9162e+03, 4.0119e+02, 
 1DIAGNOSTIC,    11, -9.086802209803e-01, 7.916314490495e-04, 7.3188e+03, 4.0267e+02, 
 1DIAGNOSTIC,    12, -9.096221898610e-01, 6.780935425120e-04, 7.7200e+03, 4.0112e+02, 
 1DIAGNOSTIC,    13, -9.104246320737e-01, 5.814817693786e-04, 8.1226e+03, 4.0263e+02, 
 1DIAGNOSTIC,    14, -9.113060300003e-01, 5.020152978972e-04, 8.5252e+03, 4.0263e+02, 
 1DIAGNOSTIC,    15, -9.120191375201e-01, 4.350526709962e-04, 8.9279e+03, 4.0264e+02, 
 1DIAGNOSTIC,    16, -9.127207781967e-01, 3.772339638924e-04, 9.3306e+03, 4.0273e+02, 
 1DIAGNOSTIC,    17, -9.133903595025e-01, 3.303407886792e-04, 9.7333e+03, 4.0269e+02, 
 1DIAGNOSTIC,    18, -9.140252700534e-01, 2.905459316008e-04, 1.0136e+04, 4.0260e+02, 
 1DIAGNOSTIC,    19, -9.146170419155e-01, 2.568870983637e-04, 1.0539e+04, 4.0263e+02, 
 1DIAGNOSTIC,    20, -9.151584061715e-01, 2.281440725856e-04, 1.0941e+04, 4.0276e+02, 
  Elapsed time (stage 0): 10944.6


Total elapsed time: 10944.6
-i /mnt/lustre/mathdugre/fast-interpolate/datasets/ds004513/derivatives/flint/ants/flint-vprec-single/sub-s012/ses-open/anat/00/1_Affine.nii.gz -o /mnt/lustre/mathdugre/fast-interpolate/datasets/ds004513/derivatives/flint/ants/flint-vprec-single/sub-s012/ses-open/anat/000/1_transformed.nii.gz -t /mnt/lustre/mathdugre/fast-interpolate/datasets/ds004513/derivatives/flint/ants/flint-vprec-single/sub-s012/ses-open/anat/000/1_1Warp.nii.gz -t /mnt/lustre/mathdugre/fast-interpolate/datasets/ds004513/derivatives/flint/ants/flint-vprec-single/sub-s012/ses-open/anat/000/1_0GenericAffine.mat
