---------------------
Experiment information

SIF_IMG: /mnt/lustre/mathdugre/containers/ants-flint-vprec.simg
SIF_IMG_BASE: /mnt/lustre/mathdugre/containers/ants-flint-base.simg
EXPERIMENT_NAME: flint-vprec-single-five-levels
STAGE: syn
SUBJECT_ID: s034
REPETITION_ID: 1

FIXED_IMG: /templateflow/tpl-MNI152NLin2009cAsym/tpl-MNI152NLin2009cAsym_res-01_desc-brain_T1w.nii.gz
INPUT_IMG: /mnt/lustre/mathdugre/fast-interpolate/datasets/ds004513/derivatives/flint/ants/flint-vprec-single-five-levels/sub-s034/ses-open/anat/10/1_Affine.nii.gz

DATA_DIR: /mnt/lustre/mathdugre/fast-interpolate/datasets/ds004513
OUTPUT_DIR: /mnt/lustre/mathdugre/fast-interpolate/datasets/ds004513/derivatives/flint/ants/flint-vprec-single-five-levels/sub-s034/ses-open/anat
OUTPUT_PREFIX: 101
THREAD: 1
FLOAT: 0
VFC_BACKENDS: libinterflop_vprec.so --precision-binary32=23 --range-binary32=8 --precision-binary64=23 --range-binary64=8
---------------------

--output [/mnt/lustre/mathdugre/fast-interpolate/datasets/ds004513/derivatives/flint/ants/flint-vprec-single-five-levels/sub-s034/ses-open/anat/101/1_,/mnt/lustre/mathdugre/fast-interpolate/datasets/ds004513/derivatives/flint/ants/flint-vprec-single-five-levels/sub-s034/ses-open/anat/101/1_Warped.nii.gz,/mnt/lustre/mathdugre/fast-interpolate/datasets/ds004513/derivatives/flint/ants/flint-vprec-single-five-levels/sub-s034/ses-open/anat/101/1_InverseSyN.nii.gz] --initial-moving-transform [/templateflow/tpl-MNI152NLin2009cAsym/tpl-MNI152NLin2009cAsym_res-01_desc-brain_T1w.nii.gz,/mnt/lustre/mathdugre/fast-interpolate/datasets/ds004513/derivatives/flint/ants/flint-vprec-single-five-levels/sub-s034/ses-open/anat/10/1_Affine.nii.gz,1] --transform SyN[ 0.1,3,0 ] --metric CC[/templateflow/tpl-MNI152NLin2009cAsym/tpl-MNI152NLin2009cAsym_res-01_desc-brain_T1w.nii.gz,/mnt/lustre/mathdugre/fast-interpolate/datasets/ds004513/derivatives/flint/ants/flint-vprec-single-five-levels/sub-s034/ses-open/anat/10/1_Affine.nii.gz,1,4] --convergence [100x100x70x50x20,1e-6,10] --shrink-factors 16x8x4x2x1 --smoothing-sigmas 4x3x2x1x0vox
All_Command_lines_OK
Using double precision for computations.
=============================================================================
The composite transform comprises the following transforms (in order): 
  1. Center of mass alignment using fixed image: /templateflow/tpl-MNI152NLin2009cAsym/tpl-MNI152NLin2009cAsym_res-01_desc-brain_T1w.nii.gz and moving image: /mnt/lustre/mathdugre/fast-interpolate/datasets/ds004513/derivatives/flint/ants/flint-vprec-single-five-levels/sub-s034/ses-open/anat/10/1_Affine.nii.gz (type = Euler3DTransform)
=============================================================================
  number of levels = 5
  fixed image: /templateflow/tpl-MNI152NLin2009cAsym/tpl-MNI152NLin2009cAsym_res-01_desc-brain_T1w.nii.gz
  moving image: /mnt/lustre/mathdugre/fast-interpolate/datasets/ds004513/derivatives/flint/ants/flint-vprec-single-five-levels/sub-s034/ses-open/anat/10/1_Affine.nii.gz
Dimension = 3
Number of stages = 1
Use histogram matching = false
Winsorize image intensities = true
  Lower quantile = 0.005
  Upper quantile = 0.995


Stage 1 State
   Image metric = CC
     Fixed image = Image (0x4e1af00)
  RTTI typeinfo:   itk::Image<double, 3u>
  Reference Count: 2
  Modified Time: 1622
  Debug: Off
  Object Name: 
  Observers: 
    none
  Source: (none)
  Source output name: (none)
  Release Data: Off
  Data Released: False
  Global Release Data: Off
  PipelineMTime: 0
  UpdateMTime: 1407
  RealTimeStamp: 0 seconds 
  LargestPossibleRegion: 
    Dimension: 3
    Index: [0, 0, 0]
    Size: [193, 229, 193]
  BufferedRegion: 
    Dimension: 3
    Index: [0, 0, 0]
    Size: [193, 229, 193]
  RequestedRegion: 
    Dimension: 3
    Index: [0, 0, 0]
    Size: [193, 229, 193]
  Spacing: [1, 1, 1]
  Origin: [96, 132, -78]
  Direction: 
-1 0 0
0 -1 0
0 0 1

  IndexToPointMatrix: 
-1 0 0
0 -1 0
0 0 1

  PointToIndexMatrix: 
-1 0 0
0 -1 0
0 0 1

  Inverse Direction: 
-1 0 0
0 -1 0
0 0 1

  PixelContainer: 
    ImportImageContainer (0x4f071d0)
      RTTI typeinfo:   itk::ImportImageContainer<unsigned long, double>
      Reference Count: 1
      Modified Time: 1404
      Debug: Off
      Object Name: 
      Observers: 
        none
      Pointer: 0x7fbdb8faf010
      Container manages memory: true
      Size: 8530021
      Capacity: 8530021

     Moving image = Image (0x4e21ff0)
  RTTI typeinfo:   itk::Image<double, 3u>
  Reference Count: 2
  Modified Time: 1623
  Debug: Off
  Object Name: 
  Observers: 
    none
  Source: (none)
  Source output name: (none)
  Release Data: Off
  Data Released: False
  Global Release Data: Off
  PipelineMTime: 0
  UpdateMTime: 1620
  RealTimeStamp: 0 seconds 
  LargestPossibleRegion: 
    Dimension: 3
    Index: [0, 0, 0]
    Size: [193, 229, 193]
  BufferedRegion: 
    Dimension: 3
    Index: [0, 0, 0]
    Size: [193, 229, 193]
  RequestedRegion: 
    Dimension: 3
    Index: [0, 0, 0]
    Size: [193, 229, 193]
  Spacing: [1, 1, 1]
  Origin: [96, 132, -78]
  Direction: 
-1 0 0
0 -1 0
0 0 1

  IndexToPointMatrix: 
-1 0 0
0 -1 0
0 0 1

  PointToIndexMatrix: 
-1 0 0
0 -1 0
0 0 1

  Inverse Direction: 
-1 0 0
0 -1 0
0 0 1

  PixelContainer: 
    ImportImageContainer (0x4ea8940)
      RTTI typeinfo:   itk::ImportImageContainer<unsigned long, double>
      Reference Count: 1
      Modified Time: 1617
      Debug: Off
      Object Name: 
      Observers: 
        none
      Pointer: 0x7fbdb4e9a010
      Container manages memory: true
      Size: 8530021
      Capacity: 8530021

     Weighting = 1
     Sampling strategy = none
     Number of bins = 32
     Radius = 4
     Sampling percentage  = 1
   Transform = SyN
     Gradient step = 0.1
     Update field sigma (voxel space) = 3
     Total field sigma (voxel space) = 0
     Update field time sigma = 0
     Total field time sigma  = 0
     Number of time indices = 0
     Number of time point samples = 0
Registration using 1 total stages.

Stage 0
  iterations = 100x100x70x50x20
  convergence threshold = 1e-06
  convergence window size = 10
  number of levels = 5
  using the CC metric (radius = 4, weight = 1, use gradient filter = 0)
  preprocessing:  winsorizing the image intensities
  Shrink factors (level 1 out of 5): [16, 16, 16]
  Shrink factors (level 2 out of 5): [8, 8, 8]
  Shrink factors (level 3 out of 5): [4, 4, 4]
  Shrink factors (level 4 out of 5): [2, 2, 2]
  Shrink factors (level 5 out of 5): [1, 1, 1]
  smoothing sigmas per level: [4, 3, 2, 1, 0]
  Using default NONE metricSamplingStrategy 

*** Running SyN registration (varianceForUpdateField = 3, varianceForTotalField = 0) ***

XXDIAGNOSTIC,Iteration,metricValue,convergenceValue,ITERATION_TIME_INDEX,SINCE_LAST
 1DIAGNOSTIC,     1, -9.831597805023e-01, 1.797693134862e+308, 1.2800e+02, 1.2800e+02, 
 1DIAGNOSTIC,     2, -9.873865842819e-01, 1.797693134862e+308, 1.2800e+02, 0.0000e+00, 
 1DIAGNOSTIC,     3, -9.888204336166e-01, 1.797693134862e+308, 1.2800e+02, 0.0000e+00, 
 1DIAGNOSTIC,     4, -9.903677701950e-01, 1.797693134862e+308, 1.2800e+02, 0.0000e+00, 
 1DIAGNOSTIC,     5, -9.891012310982e-01, 1.797693134862e+308, 1.2800e+02, 0.0000e+00, 
 1DIAGNOSTIC,     6, -9.909489750862e-01, 1.797693134862e+308, 1.2800e+02, 0.0000e+00, 
 1DIAGNOSTIC,     7, -9.891636967659e-01, 1.797693134862e+308, 1.2800e+02, 0.0000e+00, 
 1DIAGNOSTIC,     8, -9.910862445831e-01, 1.797693134862e+308, 1.2800e+02, 0.0000e+00, 
 1DIAGNOSTIC,     9, -9.893212318420e-01, 1.797693134862e+308, 1.2800e+02, 0.0000e+00, 
 1DIAGNOSTIC,    10, -9.909024238586e-01, 3.125965595245e-04, 1.2800e+02, 0.0000e+00, 
 1DIAGNOSTIC,    11, -9.894873499870e-01, 1.025721430779e-04, 1.2800e+02, 0.0000e+00, 
 1DIAGNOSTIC,    12, -9.904982447624e-01, 4.411488771439e-05, 1.2800e+02, 0.0000e+00, 
 1DIAGNOSTIC,    13, -9.898611307144e-01, 7.010996341705e-06, 1.2800e+02, 0.0000e+00, 
 1DIAGNOSTIC,    14, -9.903082847595e-01, 1.683086156845e-05, 1.2800e+02, 0.0000e+00, 
 1DIAGNOSTIC,    15, -9.900378584862e-01, -6.616115570068e-06, 1.2800e+02, 0.0000e+00, 
XXDIAGNOSTIC,Iteration,metricValue,convergenceValue,ITERATION_TIME_INDEX,SINCE_LAST
 1DIAGNOSTIC,     1, -9.578960537910e-01, 1.797693134862e+308, 1.2800e+02, 0.0000e+00, 
 1DIAGNOSTIC,     2, -9.601792693138e-01, 1.797693134862e+308, 2.5600e+02, 1.2800e+02, 
 1DIAGNOSTIC,     3, -9.627046585083e-01, 1.797693134862e+308, 2.5600e+02, 0.0000e+00, 
 1DIAGNOSTIC,     4, -9.645298719406e-01, 1.797693134862e+308, 2.5600e+02, 0.0000e+00, 
 1DIAGNOSTIC,     5, -9.662084579468e-01, 1.797693134862e+308, 2.5600e+02, 0.0000e+00, 
 1DIAGNOSTIC,     6, -9.682402610779e-01, 1.797693134862e+308, 2.5600e+02, 0.0000e+00, 
 1DIAGNOSTIC,     7, -9.702974557877e-01, 1.797693134862e+308, 2.5600e+02, 0.0000e+00, 
 1DIAGNOSTIC,     8, -9.720052480698e-01, 1.797693134862e+308, 2.5600e+02, 0.0000e+00, 
 1DIAGNOSTIC,     9, -9.732041358948e-01, 1.797693134862e+308, 2.5600e+02, 0.0000e+00, 
 1DIAGNOSTIC,    10, -9.732453227043e-01, 1.069836318493e-03, 3.8400e+02, 1.2800e+02, 
 1DIAGNOSTIC,    11, -9.738504886627e-01, 8.579045534134e-04, 3.8400e+02, 0.0000e+00, 
 1DIAGNOSTIC,    12, -9.738628864288e-01, 6.593689322472e-04, 3.8400e+02, 0.0000e+00, 
 1DIAGNOSTIC,    13, -9.741960763931e-01, 4.960671067238e-04, 3.8400e+02, 0.0000e+00, 
 1DIAGNOSTIC,    14, -9.741595983505e-01, 3.485381603241e-04, 3.8400e+02, 0.0000e+00, 
 1DIAGNOSTIC,    15, -9.745821952820e-01, 2.300888299942e-04, 3.8400e+02, 0.0000e+00, 
 1DIAGNOSTIC,    16, -9.744938611984e-01, 1.405775547028e-04, 3.8400e+02, 0.0000e+00, 
 1DIAGNOSTIC,    17, -9.747741222382e-01, 8.864328265190e-05, 5.1200e+02, 1.2800e+02, 
 1DIAGNOSTIC,    18, -9.747306108475e-01, 6.107240915298e-05, 5.1200e+02, 0.0000e+00, 
 1DIAGNOSTIC,    19, -9.750913977623e-01, 5.506724119186e-05, 5.1200e+02, 0.0000e+00, 
 1DIAGNOSTIC,    20, -9.749680757523e-01, 4.315003752708e-05, 5.1200e+02, 0.0000e+00, 
 1DIAGNOSTIC,    21, -9.751762747765e-01, 3.996118903160e-05, 5.1200e+02, 0.0000e+00, 
 1DIAGNOSTIC,    22, -9.750584363937e-01, 3.195926547050e-05, 5.1200e+02, 0.0000e+00, 
 1DIAGNOSTIC,    23, -9.753879308701e-01, 3.032013773918e-05, 5.1200e+02, 0.0000e+00, 
 1DIAGNOSTIC,    24, -9.752417206764e-01, 2.361834049225e-05, 5.1200e+02, 0.0000e+00, 
 1DIAGNOSTIC,    25, -9.754004478455e-01, 2.228468656540e-05, 6.4000e+02, 1.2800e+02, 
 1DIAGNOSTIC,    26, -9.752606749535e-01, 1.645460724831e-05, 6.4000e+02, 0.0000e+00, 
 1DIAGNOSTIC,    27, -9.755617380142e-01, 1.599639654160e-05, 6.4000e+02, 0.0000e+00, 
 1DIAGNOSTIC,    28, -9.754038453102e-01, 1.185387372971e-05, 6.4000e+02, 0.0000e+00, 
 1DIAGNOSTIC,    29, -9.755297303200e-01, 1.199543476105e-05, 6.4000e+02, 0.0000e+00, 
 1DIAGNOSTIC,    30, -9.753758907318e-01, 8.352100849152e-06, 6.4000e+02, 0.0000e+00, 
 1DIAGNOSTIC,    31, -9.756633043289e-01, 9.030103683472e-06, 6.4000e+02, 0.0000e+00, 
 1DIAGNOSTIC,    32, -9.755029678345e-01, 6.161630153656e-06, 6.4000e+02, 0.0000e+00, 
 1DIAGNOSTIC,    33, -9.756023883820e-01, 6.873160600662e-06, 7.6800e+02, 1.2800e+02, 
 1DIAGNOSTIC,    34, -9.754391908646e-01, 4.304572939873e-06, 7.6800e+02, 0.0000e+00, 
 1DIAGNOSTIC,    35, -9.757111072540e-01, 5.235895514488e-06, 7.6800e+02, 0.0000e+00, 
 1DIAGNOSTIC,    36, -9.755569100380e-01, 3.147870302200e-06, 7.6800e+02, 0.0000e+00, 
 1DIAGNOSTIC,    37, -9.756493568420e-01, 4.153698682785e-06, 7.6800e+02, 0.0000e+00, 
 1DIAGNOSTIC,    38, -9.754898548126e-01, 2.332031726837e-06, 7.6800e+02, 0.0000e+00, 
 1DIAGNOSTIC,    39, -9.757402539253e-01, 3.362074494362e-06, 7.6800e+02, 0.0000e+00, 
 1DIAGNOSTIC,    40, -9.756032228470e-01, 1.825392246246e-06, 7.6800e+02, 0.0000e+00, 
 1DIAGNOSTIC,    41, -9.756611585617e-01, 2.786517143250e-06, 8.9600e+02, 1.2800e+02, 
 1DIAGNOSTIC,    42, -9.755172133446e-01, 1.400709152222e-06, 8.9600e+02, 0.0000e+00, 
 1DIAGNOSTIC,    43, -9.757424592972e-01, 2.283602952957e-06, 8.9600e+02, 0.0000e+00, 
 1DIAGNOSTIC,    44, -9.756044745445e-01, 8.586794137955e-07, 8.9600e+02, 0.0000e+00, 
XXDIAGNOSTIC,Iteration,metricValue,convergenceValue,ITERATION_TIME_INDEX,SINCE_LAST
 1DIAGNOSTIC,     1, -9.235036969185e-01, 1.797693134862e+308, 1.0240e+03, 1.2800e+02, 
 1DIAGNOSTIC,     2, -9.261215925217e-01, 1.797693134862e+308, 1.2800e+03, 2.5600e+02, 
 1DIAGNOSTIC,     3, -9.295265674591e-01, 1.797693134862e+308, 1.4080e+03, 1.2800e+02, 
 1DIAGNOSTIC,     4, -9.325721263885e-01, 1.797693134862e+308, 1.5360e+03, 1.2800e+02, 
 1DIAGNOSTIC,     5, -9.352223873138e-01, 1.797693134862e+308, 1.6640e+03, 1.2800e+02, 
 1DIAGNOSTIC,     6, -9.374341368675e-01, 1.797693134862e+308, 1.7920e+03, 1.2800e+02, 
 1DIAGNOSTIC,     7, -9.393644332886e-01, 1.797693134862e+308, 1.9200e+03, 1.2800e+02, 
 1DIAGNOSTIC,     8, -9.408972859383e-01, 1.797693134862e+308, 2.0480e+03, 1.2800e+02, 
 1DIAGNOSTIC,     9, -9.422500133514e-01, 1.797693134862e+308, 2.1760e+03, 1.2800e+02, 
 1DIAGNOSTIC,    10, -9.432435631752e-01, 1.381650567055e-03, 2.4320e+03, 2.5600e+02, 
 1DIAGNOSTIC,    11, -9.441707134247e-01, 1.101583242416e-03, 2.5600e+03, 1.2800e+02, 
 1DIAGNOSTIC,    12, -9.448811411858e-01, 8.528307080269e-04, 2.6880e+03, 1.2800e+02, 
 1DIAGNOSTIC,    13, -9.454444646835e-01, 6.573051214218e-04, 2.8160e+03, 1.2800e+02, 
 1DIAGNOSTIC,    14, -9.458428621292e-01, 5.040913820267e-04, 2.9440e+03, 1.2800e+02, 
 1DIAGNOSTIC,    15, -9.462101459503e-01, 3.859400749207e-04, 3.0720e+03, 1.2800e+02, 
 1DIAGNOSTIC,    16, -9.465404748917e-01, 2.949312329292e-04, 3.2000e+03, 1.2800e+02, 
 1DIAGNOSTIC,    17, -9.468462467194e-01, 2.270713448524e-04, 3.3280e+03, 1.2800e+02, 
 1DIAGNOSTIC,    18, -9.471193552017e-01, 1.759417355061e-04, 3.5840e+03, 2.5600e+02, 
 1DIAGNOSTIC,    19, -9.473766088486e-01, 1.394785940647e-04, 3.7120e+03, 1.2800e+02, 
 1DIAGNOSTIC,    20, -9.476145505905e-01, 1.122355461121e-04, 3.8400e+03, 1.2800e+02, 
 1DIAGNOSTIC,    21, -9.478316903114e-01, 9.354948997498e-05, 3.9680e+03, 1.2800e+02, 
 1DIAGNOSTIC,    22, -9.480280876160e-01, 8.026883006096e-05, 4.0960e+03, 1.2800e+02, 
 1DIAGNOSTIC,    23, -9.482208490372e-01, 7.060170173645e-05, 4.2240e+03, 1.2800e+02, 
 1DIAGNOSTIC,    24, -9.483890533447e-01, 6.229430437088e-05, 4.3520e+03, 1.2800e+02, 
 1DIAGNOSTIC,    25, -9.485510587692e-01, 5.522742867470e-05, 4.6080e+03, 2.5600e+02, 
 1DIAGNOSTIC,    26, -9.487044215202e-01, 4.919245839119e-05, 4.7360e+03, 1.2800e+02, 
 1DIAGNOSTIC,    27, -9.488472938538e-01, 4.403293132782e-05, 4.8640e+03, 1.2800e+02, 
 1DIAGNOSTIC,    28, -9.489902257919e-01, 3.963708877563e-05, 4.9920e+03, 1.2800e+02, 
 1DIAGNOSTIC,    29, -9.491199254990e-01, 3.586336970329e-05, 5.1200e+03, 1.2800e+02, 
 1DIAGNOSTIC,    30, -9.492366909981e-01, 3.258511424065e-05, 5.2480e+03, 1.2800e+02, 
 1DIAGNOSTIC,    31, -9.493553042412e-01, 2.976134419441e-05, 5.3760e+03, 1.2800e+02, 
 1DIAGNOSTIC,    32, -9.494678974152e-01, 2.725794911385e-05, 5.5040e+03, 1.2800e+02, 
 1DIAGNOSTIC,    33, -9.495795965195e-01, 2.516806125641e-05, 5.7600e+03, 2.5600e+02, 
 1DIAGNOSTIC,    34, -9.496858119965e-01, 2.329796552658e-05, 5.8880e+03, 1.2800e+02, 
 1DIAGNOSTIC,    35, -9.497882127762e-01, 2.166070044041e-05, 6.0160e+03, 1.2800e+02, 
 1DIAGNOSTIC,    36, -9.498909711838e-01, 2.025999128819e-05, 6.1440e+03, 1.2800e+02, 
 1DIAGNOSTIC,    37, -9.499820470810e-01, 1.896545290947e-05, 6.2720e+03, 1.2800e+02, 
 1DIAGNOSTIC,    38, -9.500728845596e-01, 1.783855259418e-05, 6.4000e+03, 1.2800e+02, 
 1DIAGNOSTIC,    39, -9.501586556435e-01, 1.680664718151e-05, 6.5280e+03, 1.2800e+02, 
 1DIAGNOSTIC,    40, -9.502357840538e-01, 1.573003828526e-05, 6.7840e+03, 2.5600e+02, 
 1DIAGNOSTIC,    41, -9.503184556961e-01, 1.474283635616e-05, 6.9120e+03, 1.2800e+02, 
 1DIAGNOSTIC,    42, -9.503910541534e-01, 1.378171145916e-05, 7.0400e+03, 1.2800e+02, 
 1DIAGNOSTIC,    43, -9.504612684250e-01, 1.287646591663e-05, 7.1680e+03, 1.2800e+02, 
 1DIAGNOSTIC,    44, -9.505184292793e-01, 1.195445656776e-05, 7.2960e+03, 1.2800e+02, 
 1DIAGNOSTIC,    45, -9.505828619003e-01, 1.110509037971e-05, 7.4240e+03, 1.2800e+02, 
 1DIAGNOSTIC,    46, -9.506397247314e-01, 1.031905412674e-05, 7.5520e+03, 1.2800e+02, 
 1DIAGNOSTIC,    47, -9.506987333298e-01, 9.600073099136e-06, 7.6800e+03, 1.2800e+02, 
 1DIAGNOSTIC,    48, -9.507483839989e-01, 8.920207619667e-06, 7.9360e+03, 2.5600e+02, 
 1DIAGNOSTIC,    49, -9.507973790169e-01, 8.299946784973e-06, 8.0640e+03, 1.2800e+02, 
 1DIAGNOSTIC,    50, -9.508428573608e-01, 7.692724466324e-06, 8.1920e+03, 1.2800e+02, 
 1DIAGNOSTIC,    51, -9.508826732635e-01, 7.150694727898e-06, 8.3200e+03, 1.2800e+02, 
 1DIAGNOSTIC,    52, -9.509224891663e-01, 6.644055247307e-06, 8.4480e+03, 1.2800e+02, 
 1DIAGNOSTIC,    53, -9.509634971619e-01, 6.197020411491e-06, 8.5760e+03, 1.2800e+02, 
 1DIAGNOSTIC,    54, -9.509962797165e-01, 5.727633833885e-06, 8.7040e+03, 1.2800e+02, 
 1DIAGNOSTIC,    55, -9.510294795036e-01, 5.304813385010e-06, 8.8320e+03, 1.2800e+02, 
 1DIAGNOSTIC,    56, -9.510593414307e-01, 4.906207323074e-06, 9.0880e+03, 2.5600e+02, 
 1DIAGNOSTIC,    57, -9.510877132416e-01, 4.559755325317e-06, 9.2160e+03, 1.2800e+02, 
 1DIAGNOSTIC,    58, -9.511120319366e-01, 4.213303327560e-06, 9.3440e+03, 1.2800e+02, 
 1DIAGNOSTIC,    59, -9.511377215385e-01, 3.907829523087e-06, 9.4720e+03, 1.2800e+02, 
 1DIAGNOSTIC,    60, -9.511610269547e-01, 3.622844815254e-06, 9.6000e+03, 1.2800e+02, 
 1DIAGNOSTIC,    61, -9.511827826500e-01, 3.352761268616e-06, 9.7280e+03, 1.2800e+02, 
 1DIAGNOSTIC,    62, -9.512073993683e-01, 3.127381205559e-06, 9.8560e+03, 1.2800e+02, 
 1DIAGNOSTIC,    63, -9.512290954590e-01, 2.952292561531e-06, 1.0112e+04, 2.5600e+02, 
 1DIAGNOSTIC,    64, -9.512482881546e-01, 2.784654498100e-06, 1.0240e+04, 1.2800e+02, 
 1DIAGNOSTIC,    65, -9.512661695480e-01, 2.637505531311e-06, 1.0368e+04, 1.2800e+02, 
 1DIAGNOSTIC,    66, -9.512838125229e-01, 2.503395080566e-06, 1.0496e+04, 1.2800e+02, 
 1DIAGNOSTIC,    67, -9.513013958931e-01, 2.382323145866e-06, 1.0624e+04, 1.2800e+02, 
 1DIAGNOSTIC,    68, -9.513171911240e-01, 2.250075340271e-06, 1.0752e+04, 1.2800e+02, 
 1DIAGNOSTIC,    69, -9.513368010521e-01, 2.148561179638e-06, 1.0880e+04, 1.2800e+02, 
 1DIAGNOSTIC,    70, -9.513495564461e-01, 2.037733793259e-06, 1.1008e+04, 1.2800e+02, 
XXDIAGNOSTIC,Iteration,metricValue,convergenceValue,ITERATION_TIME_INDEX,SINCE_LAST
 1DIAGNOSTIC,     1, -9.014434218407e-01, 1.797693134862e+308, 1.2160e+04, 1.1520e+03, 
 1DIAGNOSTIC,     2, -9.036788940430e-01, 1.797693134862e+308, 1.3312e+04, 1.1520e+03, 
 1DIAGNOSTIC,     3, -9.063516855240e-01, 1.797693134862e+308, 1.4336e+04, 1.0240e+03, 
 1DIAGNOSTIC,     4, -9.090306162834e-01, 1.797693134862e+308, 1.5488e+04, 1.1520e+03, 
 1DIAGNOSTIC,     5, -9.112832546234e-01, 1.797693134862e+308, 1.6512e+04, 1.0240e+03, 
 1DIAGNOSTIC,     6, -9.131220579147e-01, 1.797693134862e+308, 1.7664e+04, 1.1520e+03, 
 1DIAGNOSTIC,     7, -9.148160219193e-01, 1.797693134862e+308, 1.8688e+04, 1.0240e+03, 
 1DIAGNOSTIC,     8, -9.163872003555e-01, 1.797693134862e+308, 1.9840e+04, 1.1520e+03, 
 1DIAGNOSTIC,     9, -9.178843498230e-01, 1.797693134862e+308, 2.0864e+04, 1.0240e+03, 
 1DIAGNOSTIC,    10, -9.192627668381e-01, 1.259371638298e-03, 2.1888e+04, 1.0240e+03, 
 1DIAGNOSTIC,    11, -9.205558300018e-01, 1.051925122738e-03, 2.3040e+04, 1.1520e+03, 
 1DIAGNOSTIC,    12, -9.217538833618e-01, 8.731707930565e-04, 2.4064e+04, 1.0240e+03, 
 1DIAGNOSTIC,    13, -9.228219985962e-01, 7.317662239075e-04, 2.5216e+04, 1.1520e+03, 
 1DIAGNOSTIC,    14, -9.235109686852e-01, 6.182715296745e-04, 2.6240e+04, 1.0240e+03, 
 1DIAGNOSTIC,    15, -9.242774248123e-01, 5.257725715637e-04, 2.7392e+04, 1.1520e+03, 
 1DIAGNOSTIC,    16, -9.248293638229e-01, 4.426687955856e-04, 2.8416e+04, 1.0240e+03, 
 1DIAGNOSTIC,    17, -9.254789352417e-01, 3.711096942425e-04, 2.9568e+04, 1.1520e+03, 
 1DIAGNOSTIC,    18, -9.259463548660e-01, 3.080815076828e-04, 3.0720e+04, 1.1520e+03, 
 1DIAGNOSTIC,    19, -9.265200495720e-01, 2.568140625954e-04, 3.1744e+04, 1.0240e+03, 
 1DIAGNOSTIC,    20, -9.269324541092e-01, 2.144016325474e-04, 3.2896e+04, 1.1520e+03, 
 1DIAGNOSTIC,    21, -9.273101091385e-01, 1.805424690247e-04, 3.3920e+04, 1.0240e+03, 
 1DIAGNOSTIC,    22, -9.276797771454e-01, 1.548416912556e-04, 3.5072e+04, 1.1520e+03, 
 1DIAGNOSTIC,    23, -9.280337095261e-01, 1.359805464745e-04, 3.6096e+04, 1.0240e+03, 
 1DIAGNOSTIC,    24, -9.283750057220e-01, 1.191385090351e-04, 3.7248e+04, 1.1520e+03, 
 1DIAGNOSTIC,    25, -9.287008047104e-01, 1.059770584106e-04, 3.8272e+04, 1.0240e+03, 
 1DIAGNOSTIC,    26, -9.289690852165e-01, 9.357929229736e-05, 3.9424e+04, 1.1520e+03, 
 1DIAGNOSTIC,    27, -9.292024374008e-01, 8.343532681465e-05, 4.0448e+04, 1.0240e+03, 
 1DIAGNOSTIC,    28, -9.294049739838e-01, 7.351860404015e-05, 4.1600e+04, 1.1520e+03, 
 1DIAGNOSTIC,    29, -9.295831322670e-01, 6.537139415741e-05, 4.2624e+04, 1.0240e+03, 
 1DIAGNOSTIC,    30, -9.297521114349e-01, 5.759671330452e-05, 4.3776e+04, 1.1520e+03, 
 1DIAGNOSTIC,    31, -9.299166798592e-01, 5.030632019043e-05, 4.4928e+04, 1.1520e+03, 
 1DIAGNOSTIC,    32, -9.300819039345e-01, 4.389509558678e-05, 4.5952e+04, 1.0240e+03, 
 1DIAGNOSTIC,    33, -9.302549362183e-01, 3.867968916893e-05, 4.7104e+04, 1.1520e+03, 
 1DIAGNOSTIC,    34, -9.304352998734e-01, 3.485009074211e-05, 4.8128e+04, 1.0240e+03, 
 1DIAGNOSTIC,    35, -9.306390881538e-01, 3.263354301453e-05, 4.9280e+04, 1.1520e+03, 
 1DIAGNOSTIC,    36, -9.308468103409e-01, 3.154017031193e-05, 5.0304e+04, 1.0240e+03, 
 1DIAGNOSTIC,    37, -9.310563802719e-01, 3.122538328171e-05, 5.1456e+04, 1.1520e+03, 
 1DIAGNOSTIC,    38, -9.312621355057e-01, 3.130920231342e-05, 5.2480e+04, 1.0240e+03, 
 1DIAGNOSTIC,    39, -9.314712285995e-01, 3.150291740894e-05, 5.3632e+04, 1.1520e+03, 
 1DIAGNOSTIC,    40, -9.316791296005e-01, 3.162585198879e-05, 5.4656e+04, 1.0240e+03, 
 1DIAGNOSTIC,    41, -9.318743944168e-01, 3.146193921566e-05, 5.5808e+04, 1.1520e+03, 
 1DIAGNOSTIC,    42, -9.320500493050e-01, 3.084540367126e-05, 5.6832e+04, 1.0240e+03, 
 1DIAGNOSTIC,    43, -9.322203397751e-01, 2.980977296829e-05, 5.7984e+04, 1.1520e+03, 
 1DIAGNOSTIC,    44, -9.323785305023e-01, 2.837553620338e-05, 5.9008e+04, 1.0240e+03, 
 1DIAGNOSTIC,    45, -9.325286746025e-01, 2.674944698811e-05, 6.0160e+04, 1.1520e+03, 
 1DIAGNOSTIC,    46, -9.326755404472e-01, 2.503953874111e-05, 6.1312e+04, 1.1520e+03, 
 1DIAGNOSTIC,    47, -9.328108429909e-01, 2.330169081688e-05, 6.2336e+04, 1.0240e+03, 
 1DIAGNOSTIC,    48, -9.329429864883e-01, 2.160854637623e-05, 6.3488e+04, 1.1520e+03, 
 1DIAGNOSTIC,    49, -9.330700635910e-01, 2.005882561207e-05, 6.4512e+04, 1.0240e+03, 
 1DIAGNOSTIC,    50, -9.331886172295e-01, 1.868978142738e-05, 6.5664e+04, 1.1520e+03, 
XXDIAGNOSTIC,Iteration,metricValue,convergenceValue,ITERATION_TIME_INDEX,SINCE_LAST
 1DIAGNOSTIC,     1, -9.021644592285e-01, 1.797693134862e+308, 7.4752e+04, 9.0880e+03, 
 1DIAGNOSTIC,     2, -9.034920930862e-01, 1.797693134862e+308, 8.3584e+04, 8.8320e+03, 
 1DIAGNOSTIC,     3, -9.053983688354e-01, 1.797693134862e+308, 9.2544e+04, 8.9600e+03, 
 1DIAGNOSTIC,     4, -9.072892665863e-01, 1.797693134862e+308, 1.0138e+05, 8.8320e+03, 
 1DIAGNOSTIC,     5, -9.095783829689e-01, 1.797693134862e+308, 1.1034e+05, 8.9600e+03, 
 1DIAGNOSTIC,     6, -9.115357398987e-01, 1.797693134862e+308, 1.1930e+05, 8.9600e+03, 
 1DIAGNOSTIC,     7, -9.131300449371e-01, 1.797693134862e+308, 1.2813e+05, 8.8320e+03, 
 1DIAGNOSTIC,     8, -9.146432280540e-01, 1.797693134862e+308, 1.3696e+05, 8.8320e+03, 
 1DIAGNOSTIC,     9, -9.160414338112e-01, 1.797693134862e+308, 1.4579e+05, 8.8320e+03, 
 1DIAGNOSTIC,    10, -9.172883033752e-01, 1.115836203098e-03, 1.5475e+05, 8.9600e+03, 
 1DIAGNOSTIC,    11, -9.183968305588e-01, 9.692162275314e-04, 1.6371e+05, 8.9600e+03, 
