---------------------
Experiment information

SIF_IMG: /mnt/lustre/mathdugre/containers/ants-flint-base.simg
SIF_IMG_BASE: /mnt/lustre/mathdugre/containers/ants-flint-base.simg
EXPERIMENT_NAME: flint-vprec-single-five-levels
STAGE: syn
SUBJECT_ID: s038
REPETITION_ID: 1

FIXED_IMG: /templateflow/tpl-MNI152NLin2009cAsym/tpl-MNI152NLin2009cAsym_res-01_desc-brain_T1w.nii.gz
INPUT_IMG: /mnt/lustre/mathdugre/fast-interpolate/datasets/ds004513/derivatives/flint/ants/flint-vprec-single-five-levels/sub-s038/ses-open/anat/10/1_Affine.nii.gz

DATA_DIR: /mnt/lustre/mathdugre/fast-interpolate/datasets/ds004513
OUTPUT_DIR: /mnt/lustre/mathdugre/fast-interpolate/datasets/ds004513/derivatives/flint/ants/flint-vprec-single-five-levels/sub-s038/ses-open/anat
OUTPUT_PREFIX: 100
THREAD: 1
FLOAT: 0
VFC_BACKENDS: ieee
---------------------

--output [/mnt/lustre/mathdugre/fast-interpolate/datasets/ds004513/derivatives/flint/ants/flint-vprec-single-five-levels/sub-s038/ses-open/anat/100/1_,/mnt/lustre/mathdugre/fast-interpolate/datasets/ds004513/derivatives/flint/ants/flint-vprec-single-five-levels/sub-s038/ses-open/anat/100/1_Warped.nii.gz,/mnt/lustre/mathdugre/fast-interpolate/datasets/ds004513/derivatives/flint/ants/flint-vprec-single-five-levels/sub-s038/ses-open/anat/100/1_InverseSyN.nii.gz] --initial-moving-transform [/templateflow/tpl-MNI152NLin2009cAsym/tpl-MNI152NLin2009cAsym_res-01_desc-brain_T1w.nii.gz,/mnt/lustre/mathdugre/fast-interpolate/datasets/ds004513/derivatives/flint/ants/flint-vprec-single-five-levels/sub-s038/ses-open/anat/10/1_Affine.nii.gz,1] --transform SyN[ 0.1,3,0 ] --metric CC[/templateflow/tpl-MNI152NLin2009cAsym/tpl-MNI152NLin2009cAsym_res-01_desc-brain_T1w.nii.gz,/mnt/lustre/mathdugre/fast-interpolate/datasets/ds004513/derivatives/flint/ants/flint-vprec-single-five-levels/sub-s038/ses-open/anat/10/1_Affine.nii.gz,1,4] --convergence [100x100x70x50x20,1e-6,10] --shrink-factors 16x8x4x2x1 --smoothing-sigmas 4x3x2x1x0vox
All_Command_lines_OK
Using double precision for computations.
=============================================================================
The composite transform comprises the following transforms (in order): 
  1. Center of mass alignment using fixed image: /templateflow/tpl-MNI152NLin2009cAsym/tpl-MNI152NLin2009cAsym_res-01_desc-brain_T1w.nii.gz and moving image: /mnt/lustre/mathdugre/fast-interpolate/datasets/ds004513/derivatives/flint/ants/flint-vprec-single-five-levels/sub-s038/ses-open/anat/10/1_Affine.nii.gz (type = Euler3DTransform)
=============================================================================
  number of levels = 5
  fixed image: /templateflow/tpl-MNI152NLin2009cAsym/tpl-MNI152NLin2009cAsym_res-01_desc-brain_T1w.nii.gz
  moving image: /mnt/lustre/mathdugre/fast-interpolate/datasets/ds004513/derivatives/flint/ants/flint-vprec-single-five-levels/sub-s038/ses-open/anat/10/1_Affine.nii.gz
Dimension = 3
Number of stages = 1
Use histogram matching = false
Winsorize image intensities = true
  Lower quantile = 0.005
  Upper quantile = 0.995


Stage 1 State
   Image metric = CC
     Fixed image = Image (0x55d768695d90)
  RTTI typeinfo:   itk::Image<double, 3u>
  Reference Count: 2
  Modified Time: 1622
  Debug: Off
  Object Name: 
  Observers: 
    none
  Source: (none)
  Source output name: (none)
  Release Data: Off
  Data Released: False
  Global Release Data: Off
  PipelineMTime: 0
  UpdateMTime: 1407
  RealTimeStamp: 0 seconds 
  LargestPossibleRegion: 
    Dimension: 3
    Index: [0, 0, 0]
    Size: [193, 229, 193]
  BufferedRegion: 
    Dimension: 3
    Index: [0, 0, 0]
    Size: [193, 229, 193]
  RequestedRegion: 
    Dimension: 3
    Index: [0, 0, 0]
    Size: [193, 229, 193]
  Spacing: [1, 1, 1]
  Origin: [96, 132, -78]
  Direction: 
-1 0 0
0 -1 0
0 0 1

  IndexToPointMatrix: 
-1 0 0
0 -1 0
0 0 1

  PointToIndexMatrix: 
-1 0 0
0 -1 0
0 0 1

  Inverse Direction: 
-1 0 0
0 -1 0
0 0 1

  PixelContainer: 
    ImportImageContainer (0x55d7686a4250)
      RTTI typeinfo:   itk::ImportImageContainer<unsigned long, double>
      Reference Count: 1
      Modified Time: 1404
      Debug: Off
      Object Name: 
      Observers: 
        none
      Pointer: 0x7efbfd6fa010
      Container manages memory: true
      Size: 8530021
      Capacity: 8530021

     Moving image = Image (0x55d76869c1f0)
  RTTI typeinfo:   itk::Image<double, 3u>
  Reference Count: 2
  Modified Time: 1623
  Debug: Off
  Object Name: 
  Observers: 
    none
  Source: (none)
  Source output name: (none)
  Release Data: Off
  Data Released: False
  Global Release Data: Off
  PipelineMTime: 0
  UpdateMTime: 1620
  RealTimeStamp: 0 seconds 
  LargestPossibleRegion: 
    Dimension: 3
    Index: [0, 0, 0]
    Size: [193, 229, 193]
  BufferedRegion: 
    Dimension: 3
    Index: [0, 0, 0]
    Size: [193, 229, 193]
  RequestedRegion: 
    Dimension: 3
    Index: [0, 0, 0]
    Size: [193, 229, 193]
  Spacing: [1, 1, 1]
  Origin: [96, 132, -78]
  Direction: 
-1 0 0
0 -1 0
0 0 1

  IndexToPointMatrix: 
-1 0 0
0 -1 0
0 0 1

  PointToIndexMatrix: 
-1 0 0
0 -1 0
0 0 1

  Inverse Direction: 
-1 0 0
0 -1 0
0 0 1

  PixelContainer: 
    ImportImageContainer (0x55d7686a8a60)
      RTTI typeinfo:   itk::ImportImageContainer<unsigned long, double>
      Reference Count: 1
      Modified Time: 1617
      Debug: Off
      Object Name: 
      Observers: 
        none
      Pointer: 0x7efbf95e5010
      Container manages memory: true
      Size: 8530021
      Capacity: 8530021

     Weighting = 1
     Sampling strategy = none
     Number of bins = 32
     Radius = 4
     Sampling percentage  = 1
   Transform = SyN
     Gradient step = 0.1
     Update field sigma (voxel space) = 3
     Total field sigma (voxel space) = 0
     Update field time sigma = 0
     Total field time sigma  = 0
     Number of time indices = 0
     Number of time point samples = 0
Registration using 1 total stages.

Stage 0
  iterations = 100x100x70x50x20
  convergence threshold = 1e-06
  convergence window size = 10
  number of levels = 5
  using the CC metric (radius = 4, weight = 1, use gradient filter = 0)
  preprocessing:  winsorizing the image intensities
  Shrink factors (level 1 out of 5): [16, 16, 16]
  Shrink factors (level 2 out of 5): [8, 8, 8]
  Shrink factors (level 3 out of 5): [4, 4, 4]
  Shrink factors (level 4 out of 5): [2, 2, 2]
  Shrink factors (level 5 out of 5): [1, 1, 1]
  smoothing sigmas per level: [4, 3, 2, 1, 0]
  Using default NONE metricSamplingStrategy 

*** Running SyN registration (varianceForUpdateField = 3, varianceForTotalField = 0) ***

XXDIAGNOSTIC,Iteration,metricValue,convergenceValue,ITERATION_TIME_INDEX,SINCE_LAST
 1DIAGNOSTIC,     1, -9.793698377304e-01, 1.797693134862e+308, 1.5027e+00, 1.5027e+00, 
 1DIAGNOSTIC,     2, -9.856335972665e-01, 1.797693134862e+308, 1.5908e+00, 8.8101e-02, 
 1DIAGNOSTIC,     3, -9.887243637980e-01, 1.797693134862e+308, 1.6787e+00, 8.7920e-02, 
 1DIAGNOSTIC,     4, -9.872918680057e-01, 1.797693134862e+308, 1.7664e+00, 8.7763e-02, 
 1DIAGNOSTIC,     5, -9.897774982147e-01, 1.797693134862e+308, 1.8542e+00, 8.7773e-02, 
 1DIAGNOSTIC,     6, -9.874882333856e-01, 1.797693134862e+308, 1.9420e+00, 8.7771e-02, 
 1DIAGNOSTIC,     7, -9.898040543855e-01, 1.797693134862e+308, 2.0297e+00, 8.7761e-02, 
 1DIAGNOSTIC,     8, -9.874968175642e-01, 1.797693134862e+308, 2.1175e+00, 8.7740e-02, 
 1DIAGNOSTIC,     9, -9.897780882356e-01, 1.797693134862e+308, 2.2052e+00, 8.7762e-02, 
 1DIAGNOSTIC,    10, -9.875172643062e-01, 3.399796578858e-04, 2.2933e+00, 8.8023e-02, 
 1DIAGNOSTIC,    11, -9.896875408307e-01, 1.092281636656e-04, 2.3813e+00, 8.7997e-02, 
 1DIAGNOSTIC,    12, -9.876277914754e-01, 4.954782293953e-06, 2.4692e+00, 8.7966e-02, 
 1DIAGNOSTIC,    13, -9.895410332021e-01, 2.958400776773e-05, 2.5572e+00, 8.7947e-02, 
 1DIAGNOSTIC,    14, -9.877715323519e-01, -2.018260745662e-05, 2.6454e+00, 8.8240e-02, 
XXDIAGNOSTIC,Iteration,metricValue,convergenceValue,ITERATION_TIME_INDEX,SINCE_LAST
 1DIAGNOSTIC,     1, -9.548054405339e-01, 1.797693134862e+308, 4.7852e+00, 2.1397e+00, 
 1DIAGNOSTIC,     2, -9.585414541541e-01, 1.797693134862e+308, 5.5275e+00, 7.4234e-01, 
 1DIAGNOSTIC,     3, -9.621373859877e-01, 1.797693134862e+308, 6.2690e+00, 7.4146e-01, 
 1DIAGNOSTIC,     4, -9.652909635843e-01, 1.797693134862e+308, 7.0050e+00, 7.3603e-01, 
 1DIAGNOSTIC,     5, -9.676629332365e-01, 1.797693134862e+308, 7.7417e+00, 7.3668e-01, 
 1DIAGNOSTIC,     6, -9.697302905404e-01, 1.797693134862e+308, 8.4815e+00, 7.3979e-01, 
 1DIAGNOSTIC,     7, -9.714238720157e-01, 1.797693134862e+308, 9.2185e+00, 7.3699e-01, 
 1DIAGNOSTIC,     8, -9.727880607266e-01, 1.797693134862e+308, 9.9612e+00, 7.4277e-01, 
 1DIAGNOSTIC,     9, -9.739094433303e-01, 1.797693134862e+308, 1.0704e+01, 7.4239e-01, 
 1DIAGNOSTIC,    10, -9.745735103407e-01, 1.292632688667e-03, 1.1443e+01, 7.3976e-01, 
 1DIAGNOSTIC,    11, -9.748353056229e-01, 9.608383450755e-04, 1.2181e+01, 7.3729e-01, 
 1DIAGNOSTIC,    12, -9.746919615119e-01, 6.855480729283e-04, 1.2926e+01, 7.4513e-01, 
 1DIAGNOSTIC,    13, -9.750408741456e-01, 4.792560873071e-04, 1.3664e+01, 7.3784e-01, 
 1DIAGNOSTIC,    14, -9.749387027606e-01, 3.221947779071e-04, 1.4402e+01, 7.3833e-01, 
 1DIAGNOSTIC,    15, -9.750694329278e-01, 2.053420617088e-04, 1.5142e+01, 7.4012e-01, 
 1DIAGNOSTIC,    16, -9.750636151258e-01, 1.219375280669e-04, 1.5879e+01, 7.3705e-01, 
 1DIAGNOSTIC,    17, -9.751687344681e-01, 6.809382371069e-05, 1.6616e+01, 7.3678e-01, 
 1DIAGNOSTIC,    18, -9.751388726575e-01, 3.543270871284e-05, 1.7358e+01, 7.4216e-01, 
 1DIAGNOSTIC,    19, -9.752407587104e-01, 2.170340832264e-05, 1.8098e+01, 7.3991e-01, 
 1DIAGNOSTIC,    20, -9.751406786501e-01, 1.564532919949e-05, 1.8835e+01, 7.3735e-01, 
 1DIAGNOSTIC,    21, -9.752348335939e-01, 1.394980877899e-05, 1.9575e+01, 7.3956e-01, 
 1DIAGNOSTIC,    22, -9.752233744540e-01, 9.017490264690e-06, 2.0313e+01, 7.3808e-01, 
 1DIAGNOSTIC,    23, -9.752991265336e-01, 9.259213865812e-06, 2.1051e+01, 7.3776e-01, 
 1DIAGNOSTIC,    24, -9.753155540048e-01, 7.648099707394e-06, 2.1793e+01, 7.4194e-01, 
 1DIAGNOSTIC,    25, -9.753941342845e-01, 8.046583508940e-06, 2.2530e+01, 7.3761e-01, 
 1DIAGNOSTIC,    26, -9.752958857993e-01, 6.565908141527e-06, 2.3268e+01, 7.3773e-01, 
 1DIAGNOSTIC,    27, -9.753762961606e-01, 6.744954232092e-06, 2.4005e+01, 7.3731e-01, 
 1DIAGNOSTIC,    28, -9.753611802802e-01, 5.853383562272e-06, 2.4742e+01, 7.3716e-01, 
 1DIAGNOSTIC,    29, -9.754309953617e-01, 6.336664565433e-06, 2.5481e+01, 7.3806e-01, 
 1DIAGNOSTIC,    30, -9.753908742271e-01, 4.892802734954e-06, 2.6221e+01, 7.4015e-01, 
 1DIAGNOSTIC,    31, -9.754702450534e-01, 4.856255485929e-06, 2.6958e+01, 7.3681e-01, 
 1DIAGNOSTIC,    32, -9.753590636294e-01, 3.310027956928e-06, 2.7698e+01, 7.4038e-01, 
 1DIAGNOSTIC,    33, -9.754405209669e-01, 3.048325423853e-06, 2.8437e+01, 7.3902e-01, 
 1DIAGNOSTIC,    34, -9.754074917131e-01, 2.414790171434e-06, 2.9178e+01, 7.4121e-01, 
 1DIAGNOSTIC,    35, -9.754819267495e-01, 2.985805866967e-06, 2.9918e+01, 7.3984e-01, 
 1DIAGNOSTIC,    36, -9.753709517527e-01, 1.603231253915e-06, 3.0659e+01, 7.4140e-01, 
 1DIAGNOSTIC,    37, -9.754526171173e-01, 1.549528142859e-06, 3.1397e+01, 7.3775e-01, 
 1DIAGNOSTIC,    38, -9.754166656225e-01, 1.006235571682e-06, 3.2137e+01, 7.4038e-01, 
 1DIAGNOSTIC,    39, -9.754933253970e-01, 1.575277400089e-06, 3.2881e+01, 7.4388e-01, 
 1DIAGNOSTIC,    40, -9.753783781177e-01, 8.801035481440e-07, 3.3621e+01, 7.3953e-01, 
XXDIAGNOSTIC,Iteration,metricValue,convergenceValue,ITERATION_TIME_INDEX,SINCE_LAST
 1DIAGNOSTIC,     1, -9.161294055144e-01, 1.797693134862e+308, 4.1183e+01, 7.5619e+00, 
 1DIAGNOSTIC,     2, -9.188777298203e-01, 1.797693134862e+308, 4.7280e+01, 6.0973e+00, 
 1DIAGNOSTIC,     3, -9.215236808576e-01, 1.797693134862e+308, 5.3390e+01, 6.1104e+00, 
 1DIAGNOSTIC,     4, -9.237886107936e-01, 1.797693134862e+308, 5.9514e+01, 6.1235e+00, 
 1DIAGNOSTIC,     5, -9.256609019206e-01, 1.797693134862e+308, 6.5647e+01, 6.1330e+00, 
 1DIAGNOSTIC,     6, -9.273216052724e-01, 1.797693134862e+308, 7.1761e+01, 6.1145e+00, 
 1DIAGNOSTIC,     7, -9.288272068861e-01, 1.797693134862e+308, 7.7902e+01, 6.1411e+00, 
 1DIAGNOSTIC,     8, -9.302106309071e-01, 1.797693134862e+308, 8.4012e+01, 6.1091e+00, 
 1DIAGNOSTIC,     9, -9.314993586626e-01, 1.797693134862e+308, 9.0175e+01, 6.1633e+00, 
 1DIAGNOSTIC,    10, -9.327134162271e-01, 1.118834899963e-03, 9.6316e+01, 6.1409e+00, 
 1DIAGNOSTIC,    11, -9.337173809308e-01, 9.065879950355e-04, 1.0246e+02, 6.1405e+00, 
 1DIAGNOSTIC,    12, -9.347994245974e-01, 7.455621290906e-04, 1.0858e+02, 6.1210e+00, 
 1DIAGNOSTIC,    13, -9.356869524136e-01, 6.245551744486e-04, 1.1474e+02, 6.1607e+00, 
 1DIAGNOSTIC,    14, -9.366452762243e-01, 5.341494669452e-04, 1.2090e+02, 6.1598e+00, 
 1DIAGNOSTIC,    15, -9.372880405396e-01, 4.579326623025e-04, 1.2705e+02, 6.1534e+00, 
 1DIAGNOSTIC,    16, -9.378344314217e-01, 3.912650288646e-04, 1.3319e+02, 6.1429e+00, 
 1DIAGNOSTIC,    17, -9.383079309662e-01, 3.318610562315e-04, 1.3934e+02, 6.1500e+00, 
 1DIAGNOSTIC,    18, -9.387211978276e-01, 2.786992300913e-04, 1.4549e+02, 6.1453e+00, 
 1DIAGNOSTIC,    19, -9.390915559556e-01, 2.317946678701e-04, 1.5167e+02, 6.1777e+00, 
 1DIAGNOSTIC,    20, -9.394170494399e-01, 1.914930265547e-04, 1.5784e+02, 6.1719e+00, 
 1DIAGNOSTIC,    21, -9.397042138577e-01, 1.558937239842e-04, 1.6398e+02, 6.1451e+00, 
 1DIAGNOSTIC,    22, -9.399607680305e-01, 1.275152460378e-04, 1.7017e+02, 6.1838e+00, 
 1DIAGNOSTIC,    23, -9.401905674877e-01, 1.043800913451e-04, 1.7633e+02, 6.1618e+00, 
 1DIAGNOSTIC,    24, -9.404033357049e-01, 8.825150538340e-05, 1.8250e+02, 6.1694e+00, 
 1DIAGNOSTIC,    25, -9.406036340209e-01, 7.540870379474e-05, 1.8869e+02, 6.1912e+00, 
 1DIAGNOSTIC,    26, -9.407854020320e-01, 6.501278899475e-05, 1.9487e+02, 6.1751e+00, 
 1DIAGNOSTIC,    27, -9.409586981470e-01, 5.659165587985e-05, 2.0105e+02, 6.1850e+00, 
 1DIAGNOSTIC,    28, -9.411218283682e-01, 4.973809768059e-05, 2.0723e+02, 6.1782e+00, 
 1DIAGNOSTIC,    29, -9.412731337278e-01, 4.417635294953e-05, 2.1341e+02, 6.1846e+00, 
 1DIAGNOSTIC,    30, -9.414144103302e-01, 3.958958457675e-05, 2.1959e+02, 6.1801e+00, 
 1DIAGNOSTIC,    31, -9.415362826952e-01, 3.561664092899e-05, 2.2577e+02, 6.1799e+00, 
 1DIAGNOSTIC,    32, -9.416486640403e-01, 3.208128940681e-05, 2.3199e+02, 6.2138e+00, 
 1DIAGNOSTIC,    33, -9.417478849695e-01, 2.880633443930e-05, 2.3817e+02, 6.1800e+00, 
 1DIAGNOSTIC,    34, -9.418397759139e-01, 2.577084033210e-05, 2.4435e+02, 6.1873e+00, 
 1DIAGNOSTIC,    35, -9.419223824229e-01, 2.297656424358e-05, 2.5055e+02, 6.1955e+00, 
 1DIAGNOSTIC,    36, -9.419991333205e-01, 2.039520228620e-05, 2.5672e+02, 6.1752e+00, 
 1DIAGNOSTIC,    37, -9.420697423826e-01, 1.807562606088e-05, 2.6293e+02, 6.2056e+00, 
 1DIAGNOSTIC,    38, -9.421325174598e-01, 1.602240463507e-05, 2.6911e+02, 6.1751e+00, 
 1DIAGNOSTIC,    39, -9.421939620310e-01, 1.426382222690e-05, 2.7530e+02, 6.1914e+00, 
 1DIAGNOSTIC,    40, -9.422488888723e-01, 1.278246841400e-05, 2.8147e+02, 6.1755e+00, 
 1DIAGNOSTIC,    41, -9.422994330026e-01, 1.149041071719e-05, 2.8765e+02, 6.1736e+00, 
 1DIAGNOSTIC,    42, -9.423463822845e-01, 1.037521786528e-05, 2.9384e+02, 6.1896e+00, 
 1DIAGNOSTIC,    43, -9.423910012404e-01, 9.396177976868e-06, 3.0001e+02, 6.1759e+00, 
 1DIAGNOSTIC,    44, -9.424311963988e-01, 8.534156408443e-06, 3.0623e+02, 6.2141e+00, 
 1DIAGNOSTIC,    45, -9.424712414328e-01, 7.780538701971e-06, 3.1240e+02, 6.1767e+00, 
 1DIAGNOSTIC,    46, -9.425067493231e-01, 7.114116488384e-06, 3.1860e+02, 6.1999e+00, 
 1DIAGNOSTIC,    47, -9.425404696500e-01, 6.527221075182e-06, 3.2478e+02, 6.1820e+00, 
 1DIAGNOSTIC,    48, -9.425802941724e-01, 6.045250903440e-06, 3.3096e+02, 6.1778e+00, 
 1DIAGNOSTIC,    49, -9.426145582986e-01, 5.651509347403e-06, 3.3715e+02, 6.1925e+00, 
 1DIAGNOSTIC,    50, -9.426452283721e-01, 5.306945557788e-06, 3.4336e+02, 6.2034e+00, 
 1DIAGNOSTIC,    51, -9.426774667069e-01, 5.015388498959e-06, 3.4954e+02, 6.1846e+00, 
 1DIAGNOSTIC,    52, -9.427140962057e-01, 4.795502427209e-06, 3.5574e+02, 6.1938e+00, 
 1DIAGNOSTIC,    53, -9.427471530590e-01, 4.620174548334e-06, 3.6194e+02, 6.2018e+00, 
 1DIAGNOSTIC,    54, -9.427784462619e-01, 4.461340004334e-06, 3.6813e+02, 6.1872e+00, 
 1DIAGNOSTIC,    55, -9.428147522132e-01, 4.353874776437e-06, 3.7430e+02, 6.1705e+00, 
 1DIAGNOSTIC,    56, -9.428542737832e-01, 4.289176661825e-06, 3.8048e+02, 6.1878e+00, 
 1DIAGNOSTIC,    57, -9.428959681178e-01, 4.263468528672e-06, 3.8666e+02, 6.1767e+00, 
 1DIAGNOSTIC,    58, -9.429429506583e-01, 4.330730207829e-06, 3.9284e+02, 6.1787e+00, 
 1DIAGNOSTIC,    59, -9.429930123603e-01, 4.460651070452e-06, 3.9902e+02, 6.1791e+00, 
 1DIAGNOSTIC,    60, -9.430470711817e-01, 4.631876230458e-06, 4.0518e+02, 6.1667e+00, 
 1DIAGNOSTIC,    61, -9.431048836969e-01, 4.843785207206e-06, 4.1136e+02, 6.1717e+00, 
 1DIAGNOSTIC,    62, -9.431632354051e-01, 5.091163363027e-06, 4.1752e+02, 6.1646e+00, 
 1DIAGNOSTIC,    63, -9.432262574654e-01, 5.346940404962e-06, 4.2369e+02, 6.1726e+00, 
 1DIAGNOSTIC,    64, -9.432907539877e-01, 5.575858580149e-06, 4.2988e+02, 6.1829e+00, 
 1DIAGNOSTIC,    65, -9.433565604408e-01, 5.778249598846e-06, 4.3605e+02, 6.1711e+00, 
 1DIAGNOSTIC,    66, -9.434218504770e-01, 5.940036236024e-06, 4.4222e+02, 6.1702e+00, 
 1DIAGNOSTIC,    67, -9.434897277740e-01, 6.060327128771e-06, 4.4840e+02, 6.1853e+00, 
 1DIAGNOSTIC,    68, -9.435541737522e-01, 6.128500605974e-06, 4.5458e+02, 6.1725e+00, 
 1DIAGNOSTIC,    69, -9.436144216424e-01, 6.126783126337e-06, 4.6074e+02, 6.1658e+00, 
 1DIAGNOSTIC,    70, -9.436779409313e-01, 6.081474294031e-06, 4.6691e+02, 6.1676e+00, 
XXDIAGNOSTIC,Iteration,metricValue,convergenceValue,ITERATION_TIME_INDEX,SINCE_LAST
 1DIAGNOSTIC,     1, -8.948140818060e-01, 1.797693134862e+308, 5.1855e+02, 5.1639e+01, 
 1DIAGNOSTIC,     2, -8.972436927169e-01, 1.797693134862e+308, 5.6810e+02, 4.9547e+01, 
 1DIAGNOSTIC,     3, -8.998321678624e-01, 1.797693134862e+308, 6.1756e+02, 4.9464e+01, 
 1DIAGNOSTIC,     4, -9.021149201780e-01, 1.797693134862e+308, 6.6706e+02, 4.9498e+01, 
 1DIAGNOSTIC,     5, -9.040682391909e-01, 1.797693134862e+308, 7.1665e+02, 4.9592e+01, 
 1DIAGNOSTIC,     6, -9.059015200055e-01, 1.797693134862e+308, 7.6612e+02, 4.9475e+01, 
 1DIAGNOSTIC,     7, -9.074162387659e-01, 1.797693134862e+308, 8.1603e+02, 4.9902e+01, 
 1DIAGNOSTIC,     8, -9.088256615597e-01, 1.797693134862e+308, 8.6583e+02, 4.9809e+01, 
 1DIAGNOSTIC,     9, -9.100116931682e-01, 1.797693134862e+308, 9.1548e+02, 4.9644e+01, 
 1DIAGNOSTIC,    10, -9.112982013774e-01, 1.157764665474e-03, 9.6517e+02, 4.9692e+01, 
 1DIAGNOSTIC,    11, -9.124278855890e-01, 9.513118720066e-04, 1.0149e+03, 4.9718e+01, 
 1DIAGNOSTIC,    12, -9.135744087664e-01, 7.866911657378e-04, 1.0648e+03, 4.9897e+01, 
 1DIAGNOSTIC,    13, -9.146882969399e-01, 6.650469017880e-04, 1.1146e+03, 4.9851e+01, 
 1DIAGNOSTIC,    14, -9.156701050347e-01, 5.729443246399e-04, 1.1644e+03, 4.9753e+01, 
 1DIAGNOSTIC,    15, -9.165377525638e-01, 4.992410059090e-04, 1.2141e+03, 4.9699e+01, 
 1DIAGNOSTIC,    16, -9.173044081408e-01, 4.395167824995e-04, 1.2639e+03, 4.9856e+01, 
 1DIAGNOSTIC,    17, -9.179924774928e-01, 3.866146337647e-04, 1.3137e+03, 4.9706e+01, 
 1DIAGNOSTIC,    18, -9.186104432476e-01, 3.389132192678e-04, 1.3634e+03, 4.9734e+01, 
 1DIAGNOSTIC,    19, -9.191700808713e-01, 2.933286875107e-04, 1.4130e+03, 4.9661e+01, 
 1DIAGNOSTIC,    20, -9.196768344807e-01, 2.529501460475e-04, 1.4629e+03, 4.9834e+01, 
 1DIAGNOSTIC,    21, -9.201408555097e-01, 2.164314590945e-04, 1.5126e+03, 4.9694e+01, 
 1DIAGNOSTIC,    22, -9.205705093888e-01, 1.852551018508e-04, 1.5623e+03, 4.9697e+01, 
 1DIAGNOSTIC,    23, -9.209655357225e-01, 1.598222599477e-04, 1.6119e+03, 4.9646e+01, 
 1DIAGNOSTIC,    24, -9.213336813006e-01, 1.389936855758e-04, 1.6617e+03, 4.9745e+01, 
 1DIAGNOSTIC,    25, -9.216806547709e-01, 1.218735266246e-04, 1.7114e+03, 4.9750e+01, 
 1DIAGNOSTIC,    26, -9.220072169221e-01, 1.076730928320e-04, 1.7611e+03, 4.9675e+01, 
 1DIAGNOSTIC,    27, -9.223162780329e-01, 9.586310965230e-05, 1.8108e+03, 4.9711e+01, 
 1DIAGNOSTIC,    28, -9.226076185486e-01, 8.595526864529e-05, 1.8605e+03, 4.9720e+01, 
 1DIAGNOSTIC,    29, -9.228838467162e-01, 7.758413071037e-05, 1.9102e+03, 4.9686e+01, 
 1DIAGNOSTIC,    30, -9.231478468695e-01, 7.043584931016e-05, 1.9601e+03, 4.9869e+01, 
 1DIAGNOSTIC,    31, -9.234006035512e-01, 6.428437423043e-05, 2.0098e+03, 4.9700e+01, 
 1DIAGNOSTIC,    32, -9.236441549745e-01, 5.898460539359e-05, 2.0595e+03, 4.9701e+01, 
 1DIAGNOSTIC,    33, -9.238771237075e-01, 5.434824447490e-05, 2.1091e+03, 4.9669e+01, 
 1DIAGNOSTIC,    34, -9.241038663200e-01, 5.028686926150e-05, 2.1590e+03, 4.9889e+01, 
 1DIAGNOSTIC,    35, -9.243229138177e-01, 4.672990624094e-05, 2.2087e+03, 4.9666e+01, 
 1DIAGNOSTIC,    36, -9.245341520638e-01, 4.359447293965e-05, 2.2584e+03, 4.9659e+01, 
 1DIAGNOSTIC,    37, -9.247396875189e-01, 4.082852689923e-05, 2.3083e+03, 4.9935e+01, 
 1DIAGNOSTIC,    38, -9.249404155891e-01, 3.837123516440e-05, 2.3580e+03, 4.9728e+01, 
 1DIAGNOSTIC,    39, -9.251316472012e-01, 3.613526331864e-05, 2.4077e+03, 4.9645e+01, 
 1DIAGNOSTIC,    40, -9.253162816661e-01, 3.407916354286e-05, 2.4573e+03, 4.9673e+01, 
 1DIAGNOSTIC,    41, -9.254959070508e-01, 3.217761722826e-05, 2.5072e+03, 4.9862e+01, 
 1DIAGNOSTIC,    42, -9.256699215934e-01, 3.041280262863e-05, 2.5571e+03, 4.9874e+01, 
 1DIAGNOSTIC,    43, -9.258372187603e-01, 2.874584640148e-05, 2.6068e+03, 4.9676e+01, 
 1DIAGNOSTIC,    44, -9.260013755072e-01, 2.719717462878e-05, 2.6564e+03, 4.9697e+01, 
 1DIAGNOSTIC,    45, -9.261621062736e-01, 2.576847152696e-05, 2.7061e+03, 4.9691e+01, 
 1DIAGNOSTIC,    46, -9.263207838542e-01, 2.446403453299e-05, 2.7558e+03, 4.9653e+01, 
 1DIAGNOSTIC,    47, -9.264741628350e-01, 2.327431361743e-05, 2.8056e+03, 4.9791e+01, 
 1DIAGNOSTIC,    48, -9.266207640768e-01, 2.218314821515e-05, 2.8553e+03, 4.9747e+01, 
 1DIAGNOSTIC,    49, -9.267587078225e-01, 2.112891373660e-05, 2.9050e+03, 4.9713e+01, 
 1DIAGNOSTIC,    50, -9.268885532995e-01, 2.007648912099e-05, 2.9547e+03, 4.9701e+01, 
XXDIAGNOSTIC,Iteration,metricValue,convergenceValue,ITERATION_TIME_INDEX,SINCE_LAST
 1DIAGNOSTIC,     1, -8.928141317660e-01, 1.797693134862e+308, 3.3647e+03, 4.1001e+02, 
 1DIAGNOSTIC,     2, -8.939596917351e-01, 1.797693134862e+308, 3.7682e+03, 4.0348e+02, 
 1DIAGNOSTIC,     3, -8.953574968873e-01, 1.797693134862e+308, 4.1709e+03, 4.0270e+02, 
 1DIAGNOSTIC,     4, -8.967137752497e-01, 1.797693134862e+308, 4.5756e+03, 4.0467e+02, 
 1DIAGNOSTIC,     5, -8.981998227860e-01, 1.797693134862e+308, 4.9780e+03, 4.0240e+02, 
 1DIAGNOSTIC,     6, -8.996024398983e-01, 1.797693134862e+308, 5.3824e+03, 4.0438e+02, 
 1DIAGNOSTIC,     7, -9.011290416857e-01, 1.797693134862e+308, 5.7869e+03, 4.0448e+02, 
 1DIAGNOSTIC,     8, -9.026286617545e-01, 1.797693134862e+308, 6.1909e+03, 4.0402e+02, 
 1DIAGNOSTIC,     9, -9.039936003917e-01, 1.797693134862e+308, 6.5953e+03, 4.0442e+02, 
 1DIAGNOSTIC,    10, -9.051720334109e-01, 9.049101055325e-04, 7.0013e+03, 4.0595e+02, 
 1DIAGNOSTIC,    11, -9.062709650770e-01, 8.161448578628e-04, 7.4073e+03, 4.0605e+02, 
 1DIAGNOSTIC,    12, -9.072268235834e-01, 7.238058101040e-04, 7.8134e+03, 4.0613e+02, 
 1DIAGNOSTIC,    13, -9.081226881419e-01, 6.356109935747e-04, 8.2200e+03, 4.0652e+02, 
 1DIAGNOSTIC,    14, -9.089543919800e-01, 5.511974015969e-04, 8.6255e+03, 4.0556e+02, 
 1DIAGNOSTIC,    15, -9.097185565437e-01, 4.747830833186e-04, 9.0317e+03, 4.0622e+02, 
 1DIAGNOSTIC,    16, -9.104363358300e-01, 4.058562302808e-04, 9.4377e+03, 4.0593e+02, 
 1DIAGNOSTIC,    17, -9.111019966669e-01, 3.479863946234e-04, 9.8431e+03, 4.0548e+02, 
 1DIAGNOSTIC,    18, -9.117329368522e-01, 3.013979431988e-04, 1.0249e+04, 4.0594e+02, 
 1DIAGNOSTIC,    19, -9.123252581361e-01, 2.639940513190e-04, 1.0655e+04, 4.0566e+02, 
 1DIAGNOSTIC,    20, -9.128778271655e-01, 2.328365542436e-04, 1.1060e+04, 4.0576e+02, 
  Elapsed time (stage 0): 11063.9


Total elapsed time: 11063.9
-i /mnt/lustre/mathdugre/fast-interpolate/datasets/ds004513/derivatives/flint/ants/flint-vprec-single-five-levels/sub-s038/ses-open/anat/10/1_Affine.nii.gz -o /mnt/lustre/mathdugre/fast-interpolate/datasets/ds004513/derivatives/flint/ants/flint-vprec-single-five-levels/sub-s038/ses-open/anat/100/1_transformed.nii.gz -t /mnt/lustre/mathdugre/fast-interpolate/datasets/ds004513/derivatives/flint/ants/flint-vprec-single-five-levels/sub-s038/ses-open/anat/100/1_1Warp.nii.gz -t /mnt/lustre/mathdugre/fast-interpolate/datasets/ds004513/derivatives/flint/ants/flint-vprec-single-five-levels/sub-s038/ses-open/anat/100/1_0GenericAffine.mat
