---------------------
Experiment information

SIF_IMG: /mnt/lustre/mathdugre/containers/ants-flint-base.simg
SIF_IMG_BASE: /mnt/lustre/mathdugre/containers/ants-flint-base.simg
EXPERIMENT_NAME: flint-vprec-single-five-levels
STAGE: syn
SUBJECT_ID: s029
REPETITION_ID: 1

FIXED_IMG: /templateflow/tpl-MNI152NLin2009cAsym/tpl-MNI152NLin2009cAsym_res-01_desc-brain_T1w.nii.gz
INPUT_IMG: /mnt/lustre/mathdugre/fast-interpolate/datasets/ds004513/derivatives/flint/ants/flint-vprec-single-five-levels/sub-s029/ses-open/anat/11/1_Affine.nii.gz

DATA_DIR: /mnt/lustre/mathdugre/fast-interpolate/datasets/ds004513
OUTPUT_DIR: /mnt/lustre/mathdugre/fast-interpolate/datasets/ds004513/derivatives/flint/ants/flint-vprec-single-five-levels/sub-s029/ses-open/anat
OUTPUT_PREFIX: 110
THREAD: 1
FLOAT: 0
VFC_BACKENDS: ieee
---------------------

--output [/mnt/lustre/mathdugre/fast-interpolate/datasets/ds004513/derivatives/flint/ants/flint-vprec-single-five-levels/sub-s029/ses-open/anat/110/1_,/mnt/lustre/mathdugre/fast-interpolate/datasets/ds004513/derivatives/flint/ants/flint-vprec-single-five-levels/sub-s029/ses-open/anat/110/1_Warped.nii.gz,/mnt/lustre/mathdugre/fast-interpolate/datasets/ds004513/derivatives/flint/ants/flint-vprec-single-five-levels/sub-s029/ses-open/anat/110/1_InverseSyN.nii.gz] --initial-moving-transform [/templateflow/tpl-MNI152NLin2009cAsym/tpl-MNI152NLin2009cAsym_res-01_desc-brain_T1w.nii.gz,/mnt/lustre/mathdugre/fast-interpolate/datasets/ds004513/derivatives/flint/ants/flint-vprec-single-five-levels/sub-s029/ses-open/anat/11/1_Affine.nii.gz,1] --transform SyN[ 0.1,3,0 ] --metric CC[/templateflow/tpl-MNI152NLin2009cAsym/tpl-MNI152NLin2009cAsym_res-01_desc-brain_T1w.nii.gz,/mnt/lustre/mathdugre/fast-interpolate/datasets/ds004513/derivatives/flint/ants/flint-vprec-single-five-levels/sub-s029/ses-open/anat/11/1_Affine.nii.gz,1,4] --convergence [100x100x70x50x20,1e-6,10] --shrink-factors 16x8x4x2x1 --smoothing-sigmas 4x3x2x1x0vox
All_Command_lines_OK
Using double precision for computations.
=============================================================================
The composite transform comprises the following transforms (in order): 
  1. Center of mass alignment using fixed image: /templateflow/tpl-MNI152NLin2009cAsym/tpl-MNI152NLin2009cAsym_res-01_desc-brain_T1w.nii.gz and moving image: /mnt/lustre/mathdugre/fast-interpolate/datasets/ds004513/derivatives/flint/ants/flint-vprec-single-five-levels/sub-s029/ses-open/anat/11/1_Affine.nii.gz (type = Euler3DTransform)
=============================================================================
  number of levels = 5
  fixed image: /templateflow/tpl-MNI152NLin2009cAsym/tpl-MNI152NLin2009cAsym_res-01_desc-brain_T1w.nii.gz
  moving image: /mnt/lustre/mathdugre/fast-interpolate/datasets/ds004513/derivatives/flint/ants/flint-vprec-single-five-levels/sub-s029/ses-open/anat/11/1_Affine.nii.gz
Dimension = 3
Number of stages = 1
Use histogram matching = false
Winsorize image intensities = true
  Lower quantile = 0.005
  Upper quantile = 0.995


Stage 1 State
   Image metric = CC
     Fixed image = Image (0x559c3de2ad90)
  RTTI typeinfo:   itk::Image<double, 3u>
  Reference Count: 2
  Modified Time: 1622
  Debug: Off
  Object Name: 
  Observers: 
    none
  Source: (none)
  Source output name: (none)
  Release Data: Off
  Data Released: False
  Global Release Data: Off
  PipelineMTime: 0
  UpdateMTime: 1407
  RealTimeStamp: 0 seconds 
  LargestPossibleRegion: 
    Dimension: 3
    Index: [0, 0, 0]
    Size: [193, 229, 193]
  BufferedRegion: 
    Dimension: 3
    Index: [0, 0, 0]
    Size: [193, 229, 193]
  RequestedRegion: 
    Dimension: 3
    Index: [0, 0, 0]
    Size: [193, 229, 193]
  Spacing: [1, 1, 1]
  Origin: [96, 132, -78]
  Direction: 
-1 0 0
0 -1 0
0 0 1

  IndexToPointMatrix: 
-1 0 0
0 -1 0
0 0 1

  PointToIndexMatrix: 
-1 0 0
0 -1 0
0 0 1

  Inverse Direction: 
-1 0 0
0 -1 0
0 0 1

  PixelContainer: 
    ImportImageContainer (0x559c3de39250)
      RTTI typeinfo:   itk::ImportImageContainer<unsigned long, double>
      Reference Count: 1
      Modified Time: 1404
      Debug: Off
      Object Name: 
      Observers: 
        none
      Pointer: 0x7f5ea99fa010
      Container manages memory: true
      Size: 8530021
      Capacity: 8530021

     Moving image = Image (0x559c3de311f0)
  RTTI typeinfo:   itk::Image<double, 3u>
  Reference Count: 2
  Modified Time: 1623
  Debug: Off
  Object Name: 
  Observers: 
    none
  Source: (none)
  Source output name: (none)
  Release Data: Off
  Data Released: False
  Global Release Data: Off
  PipelineMTime: 0
  UpdateMTime: 1620
  RealTimeStamp: 0 seconds 
  LargestPossibleRegion: 
    Dimension: 3
    Index: [0, 0, 0]
    Size: [193, 229, 193]
  BufferedRegion: 
    Dimension: 3
    Index: [0, 0, 0]
    Size: [193, 229, 193]
  RequestedRegion: 
    Dimension: 3
    Index: [0, 0, 0]
    Size: [193, 229, 193]
  Spacing: [1, 1, 1]
  Origin: [96, 132, -78]
  Direction: 
-1 0 0
0 -1 0
0 0 1

  IndexToPointMatrix: 
-1 0 0
0 -1 0
0 0 1

  PointToIndexMatrix: 
-1 0 0
0 -1 0
0 0 1

  Inverse Direction: 
-1 0 0
0 -1 0
0 0 1

  PixelContainer: 
    ImportImageContainer (0x559c3de3da60)
      RTTI typeinfo:   itk::ImportImageContainer<unsigned long, double>
      Reference Count: 1
      Modified Time: 1617
      Debug: Off
      Object Name: 
      Observers: 
        none
      Pointer: 0x7f5ea58e5010
      Container manages memory: true
      Size: 8530021
      Capacity: 8530021

     Weighting = 1
     Sampling strategy = none
     Number of bins = 32
     Radius = 4
     Sampling percentage  = 1
   Transform = SyN
     Gradient step = 0.1
     Update field sigma (voxel space) = 3
     Total field sigma (voxel space) = 0
     Update field time sigma = 0
     Total field time sigma  = 0
     Number of time indices = 0
     Number of time point samples = 0
Registration using 1 total stages.

Stage 0
  iterations = 100x100x70x50x20
  convergence threshold = 1e-06
  convergence window size = 10
  number of levels = 5
  using the CC metric (radius = 4, weight = 1, use gradient filter = 0)
  preprocessing:  winsorizing the image intensities
  Shrink factors (level 1 out of 5): [16, 16, 16]
  Shrink factors (level 2 out of 5): [8, 8, 8]
  Shrink factors (level 3 out of 5): [4, 4, 4]
  Shrink factors (level 4 out of 5): [2, 2, 2]
  Shrink factors (level 5 out of 5): [1, 1, 1]
  smoothing sigmas per level: [4, 3, 2, 1, 0]
  Using default NONE metricSamplingStrategy 

*** Running SyN registration (varianceForUpdateField = 3, varianceForTotalField = 0) ***

XXDIAGNOSTIC,Iteration,metricValue,convergenceValue,ITERATION_TIME_INDEX,SINCE_LAST
 1DIAGNOSTIC,     1, -9.806377614429e-01, 1.797693134862e+308, 1.5092e+00, 1.5092e+00, 
 1DIAGNOSTIC,     2, -9.857042598928e-01, 1.797693134862e+308, 1.5980e+00, 8.8880e-02, 
 1DIAGNOSTIC,     3, -9.881725621421e-01, 1.797693134862e+308, 1.6859e+00, 8.7870e-02, 
 1DIAGNOSTIC,     4, -9.894577516906e-01, 1.797693134862e+308, 1.7737e+00, 8.7836e-02, 
 1DIAGNOSTIC,     5, -9.896957790188e-01, 1.797693134862e+308, 1.8615e+00, 8.7742e-02, 
 1DIAGNOSTIC,     6, -9.898566936660e-01, 1.797693134862e+308, 1.9493e+00, 8.7786e-02, 
 1DIAGNOSTIC,     7, -9.902576012205e-01, 1.797693134862e+308, 2.0370e+00, 8.7723e-02, 
 1DIAGNOSTIC,     8, -9.898646722008e-01, 1.797693134862e+308, 2.1248e+00, 8.7779e-02, 
 1DIAGNOSTIC,     9, -9.902393687897e-01, 1.797693134862e+308, 2.2125e+00, 8.7766e-02, 
 1DIAGNOSTIC,    10, -9.895915349351e-01, 4.202500793073e-04, 2.3006e+00, 8.8094e-02, 
 1DIAGNOSTIC,    11, -9.900893368828e-01, 1.680492234021e-04, 2.3886e+00, 8.7976e-02, 
 1DIAGNOSTIC,    12, -9.896529086275e-01, 5.230515004651e-05, 2.4765e+00, 8.7891e-02, 
 1DIAGNOSTIC,    13, -9.900638378362e-01, 1.313261440561e-05, 2.5645e+00, 8.7960e-02, 
 1DIAGNOSTIC,    14, -9.897440673963e-01, -1.784122044005e-06, 2.6527e+00, 8.8273e-02, 
XXDIAGNOSTIC,Iteration,metricValue,convergenceValue,ITERATION_TIME_INDEX,SINCE_LAST
 1DIAGNOSTIC,     1, -9.506594546612e-01, 1.797693134862e+308, 4.7935e+00, 2.1408e+00, 
 1DIAGNOSTIC,     2, -9.544686992153e-01, 1.797693134862e+308, 5.5349e+00, 7.4135e-01, 
 1DIAGNOSTIC,     3, -9.587599548116e-01, 1.797693134862e+308, 6.2737e+00, 7.3877e-01, 
 1DIAGNOSTIC,     4, -9.623309176073e-01, 1.797693134862e+308, 7.0092e+00, 7.3558e-01, 
 1DIAGNOSTIC,     5, -9.649758818747e-01, 1.797693134862e+308, 7.7454e+00, 7.3611e-01, 
 1DIAGNOSTIC,     6, -9.670201495123e-01, 1.797693134862e+308, 8.4809e+00, 7.3558e-01, 
 1DIAGNOSTIC,     7, -9.685043219333e-01, 1.797693134862e+308, 9.2168e+00, 7.3589e-01, 
 1DIAGNOSTIC,     8, -9.697291573931e-01, 1.797693134862e+308, 9.9539e+00, 7.3704e-01, 
 1DIAGNOSTIC,     9, -9.706429545953e-01, 1.797693134862e+308, 1.0693e+01, 7.3956e-01, 
 1DIAGNOSTIC,    10, -9.713827553662e-01, 1.352941779715e-03, 1.1436e+01, 7.4231e-01, 
 1DIAGNOSTIC,    11, -9.719387893954e-01, 9.885583774148e-04, 1.2178e+01, 7.4211e-01, 
 1DIAGNOSTIC,    12, -9.723231813588e-01, 6.982628457253e-04, 1.2920e+01, 7.4214e-01, 
 1DIAGNOSTIC,    13, -9.726777680927e-01, 4.939770968307e-04, 1.3663e+01, 7.4338e-01, 
 1DIAGNOSTIC,    14, -9.729401929237e-01, 3.540036354187e-04, 1.4406e+01, 7.4230e-01, 
 1DIAGNOSTIC,    15, -9.732125972941e-01, 2.571897805075e-04, 1.5148e+01, 7.4280e-01, 
 1DIAGNOSTIC,    16, -9.733858043272e-01, 1.894323019755e-04, 1.5891e+01, 7.4235e-01, 
 1DIAGNOSTIC,    17, -9.736129098299e-01, 1.416783359291e-04, 1.6633e+01, 7.4218e-01, 
 1DIAGNOSTIC,    18, -9.736765115815e-01, 1.070988984385e-04, 1.7375e+01, 7.4218e-01, 
 1DIAGNOSTIC,    19, -9.739050335682e-01, 8.389602736564e-05, 1.8118e+01, 7.4326e-01, 
 1DIAGNOSTIC,    20, -9.738657034038e-01, 6.546411606519e-05, 1.8861e+01, 7.4230e-01, 
 1DIAGNOSTIC,    21, -9.739919871502e-01, 5.234784682732e-05, 1.9600e+01, 7.3927e-01, 
 1DIAGNOSTIC,    22, -9.739188374946e-01, 3.973352825224e-05, 2.0342e+01, 7.4211e-01, 
 1DIAGNOSTIC,    23, -9.740951720804e-01, 3.139356732660e-05, 2.1082e+01, 7.3972e-01, 
 1DIAGNOSTIC,    24, -9.739977114048e-01, 2.283522142921e-05, 2.1824e+01, 7.4246e-01, 
 1DIAGNOSTIC,    25, -9.741712060209e-01, 1.819541708061e-05, 2.2564e+01, 7.3955e-01, 
 1DIAGNOSTIC,    26, -9.740693388108e-01, 1.304879390745e-05, 2.3307e+01, 7.4286e-01, 
 1DIAGNOSTIC,    27, -9.742410878213e-01, 1.154151999590e-05, 2.4047e+01, 7.4078e-01, 
 1DIAGNOSTIC,    28, -9.741359109761e-01, 8.619563974001e-06, 2.4790e+01, 7.4234e-01, 
 1DIAGNOSTIC,    29, -9.743064186349e-01, 9.276732575669e-06, 2.5530e+01, 7.3987e-01, 
 1DIAGNOSTIC,    30, -9.741995708720e-01, 7.620184505716e-06, 2.6270e+01, 7.3990e-01, 
 1DIAGNOSTIC,    31, -9.743677447546e-01, 8.292918757452e-06, 2.7010e+01, 7.4007e-01, 
 1DIAGNOSTIC,    32, -9.743034475117e-01, 6.896805943395e-06, 2.7753e+01, 7.4293e-01, 
 1DIAGNOSTIC,    33, -9.744692552131e-01, 8.113334737617e-06, 2.8493e+01, 7.4035e-01, 
 1DIAGNOSTIC,    34, -9.743621722154e-01, 6.747536165152e-06, 2.9233e+01, 7.4036e-01, 
 1DIAGNOSTIC,    35, -9.745101403225e-01, 7.661950762537e-06, 2.9974e+01, 7.4040e-01, 
 1DIAGNOSTIC,    36, -9.744363353872e-01, 6.386870072279e-06, 3.0716e+01, 7.4244e-01, 
 1DIAGNOSTIC,    37, -9.745847086222e-01, 7.231471193192e-06, 3.1457e+01, 7.4110e-01, 
 1DIAGNOSTIC,    38, -9.744679354938e-01, 5.651858510911e-06, 3.2198e+01, 7.4065e-01, 
 1DIAGNOSTIC,    39, -9.745508310626e-01, 5.660570191024e-06, 3.2938e+01, 7.3974e-01, 
 1DIAGNOSTIC,    40, -9.745278681036e-01, 4.213210174284e-06, 3.3680e+01, 7.4275e-01, 
 1DIAGNOSTIC,    41, -9.746136061344e-01, 4.336646670981e-06, 3.4420e+01, 7.3975e-01, 
 1DIAGNOSTIC,    42, -9.744900803487e-01, 2.758953272036e-06, 3.5160e+01, 7.3975e-01, 
 1DIAGNOSTIC,    43, -9.746261182915e-01, 3.177990424517e-06, 3.5900e+01, 7.4035e-01, 
 1DIAGNOSTIC,    44, -9.745423856562e-01, 2.026350188932e-06, 3.6643e+01, 7.4294e-01, 
 1DIAGNOSTIC,    45, -9.746826090667e-01, 2.699150963379e-06, 3.7383e+01, 7.4013e-01, 
 1DIAGNOSTIC,    46, -9.745565573559e-01, 1.830696065630e-06, 3.8124e+01, 7.4032e-01, 
 1DIAGNOSTIC,    47, -9.746850734744e-01, 2.670157930783e-06, 3.8864e+01, 7.4015e-01, 
 1DIAGNOSTIC,    48, -9.745948375568e-01, 1.988147883512e-06, 3.9607e+01, 7.4295e-01, 
 1DIAGNOSTIC,    49, -9.747276195204e-01, 2.506896584889e-06, 4.0347e+01, 7.4051e-01, 
 1DIAGNOSTIC,    50, -9.745949941289e-01, 1.881509668834e-06, 4.1088e+01, 7.4089e-01, 
 1DIAGNOSTIC,    51, -9.747218828375e-01, 2.431111505028e-06, 4.1829e+01, 7.4068e-01, 
 1DIAGNOSTIC,    52, -9.746303335126e-01, 1.537546977882e-06, 4.2572e+01, 7.4297e-01, 
 1DIAGNOSTIC,    53, -9.747627283896e-01, 2.094846831738e-06, 4.3312e+01, 7.4005e-01, 
 1DIAGNOSTIC,    54, -9.746288277474e-01, 1.268501351379e-06, 4.4052e+01, 7.3971e-01, 
 1DIAGNOSTIC,    55, -9.747549114552e-01, 1.869724776567e-06, 4.4791e+01, 7.3979e-01, 
 1DIAGNOSTIC,    56, -9.746599851548e-01, 1.135749904412e-06, 4.5534e+01, 7.4230e-01, 
 1DIAGNOSTIC,    57, -9.747924246991e-01, 1.735096580659e-06, 4.6274e+01, 7.3988e-01, 
 1DIAGNOSTIC,    58, -9.746536684174e-01, 1.008518980258e-06, 4.7013e+01, 7.3947e-01, 
 1DIAGNOSTIC,    59, -9.747803497495e-01, 1.593054018627e-06, 4.7752e+01, 7.3950e-01, 
 1DIAGNOSTIC,    60, -9.746824776880e-01, 9.000965492389e-07, 4.8492e+01, 7.3951e-01, 
XXDIAGNOSTIC,Iteration,metricValue,convergenceValue,ITERATION_TIME_INDEX,SINCE_LAST
 1DIAGNOSTIC,     1, -9.176725315920e-01, 1.797693134862e+308, 5.6088e+01, 7.5956e+00, 
 1DIAGNOSTIC,     2, -9.203083117982e-01, 1.797693134862e+308, 6.2257e+01, 6.1693e+00, 
 1DIAGNOSTIC,     3, -9.236331314906e-01, 1.797693134862e+308, 6.8415e+01, 6.1582e+00, 
 1DIAGNOSTIC,     4, -9.266515543424e-01, 1.797693134862e+308, 7.4534e+01, 6.1188e+00, 
 1DIAGNOSTIC,     5, -9.288329239213e-01, 1.797693134862e+308, 8.0639e+01, 6.1050e+00, 
 1DIAGNOSTIC,     6, -9.307917051033e-01, 1.797693134862e+308, 8.6750e+01, 6.1108e+00, 
 1DIAGNOSTIC,     7, -9.325199375012e-01, 1.797693134862e+308, 9.2850e+01, 6.0998e+00, 
 1DIAGNOSTIC,     8, -9.340576723747e-01, 1.797693134862e+308, 9.8951e+01, 6.1009e+00, 
 1DIAGNOSTIC,     9, -9.354349725945e-01, 1.797693134862e+308, 1.0505e+02, 6.1038e+00, 
 1DIAGNOSTIC,    10, -9.366777201966e-01, 1.307002002599e-03, 1.1118e+02, 6.1211e+00, 
 1DIAGNOSTIC,    11, -9.378328723443e-01, 1.053963242651e-03, 1.1729e+02, 6.1165e+00, 
 1DIAGNOSTIC,    12, -9.389260798467e-01, 8.425753879693e-04, 1.2341e+02, 6.1224e+00, 
 1DIAGNOSTIC,    13, -9.399851004241e-01, 6.896148328574e-04, 1.2952e+02, 6.1067e+00, 
 1DIAGNOSTIC,    14, -9.407437726781e-01, 5.776677038169e-04, 1.3562e+02, 6.0985e+00, 
 1DIAGNOSTIC,    15, -9.415611221065e-01, 4.885525018147e-04, 1.4173e+02, 6.1145e+00, 
 1DIAGNOSTIC,    16, -9.422539029637e-01, 4.159236378305e-04, 1.4783e+02, 6.0970e+00, 
 1DIAGNOSTIC,    17, -9.428737050039e-01, 3.553051244730e-04, 1.5395e+02, 6.1240e+00, 
 1DIAGNOSTIC,    18, -9.434313808598e-01, 3.038148276745e-04, 1.6009e+02, 6.1378e+00, 
 1DIAGNOSTIC,    19, -9.437391963152e-01, 2.564526440348e-04, 1.6622e+02, 6.1309e+00, 
 1DIAGNOSTIC,    20, -9.440415881502e-01, 2.134749515398e-04, 1.7236e+02, 6.1391e+00, 
 1DIAGNOSTIC,    21, -9.443387574904e-01, 1.756295927366e-04, 1.7850e+02, 6.1341e+00, 
 1DIAGNOSTIC,    22, -9.446385723745e-01, 1.439163833672e-04, 1.8463e+02, 6.1380e+00, 
 1DIAGNOSTIC,    23, -9.449428809998e-01, 1.194733387803e-04, 1.9081e+02, 6.1726e+00, 
 1DIAGNOSTIC,    24, -9.452383822770e-01, 9.917392149508e-05, 1.9698e+02, 6.1705e+00, 
 1DIAGNOSTIC,    25, -9.454365953940e-01, 8.352061935377e-05, 2.0316e+02, 6.1803e+00, 
 1DIAGNOSTIC,    26, -9.456058566902e-01, 7.127978743867e-05, 2.0933e+02, 6.1748e+00, 
 1DIAGNOSTIC,    27, -9.457445815400e-01, 6.173413189654e-05, 2.1550e+02, 6.1693e+00, 
 1DIAGNOSTIC,    28, -9.458565706330e-01, 5.434401202772e-05, 2.2168e+02, 6.1736e+00, 
 1DIAGNOSTIC,    29, -9.459411562412e-01, 4.648239746594e-05, 2.2784e+02, 6.1649e+00, 
 1DIAGNOSTIC,    30, -9.460150005797e-01, 3.861850619311e-05, 2.3401e+02, 6.1665e+00, 
 1DIAGNOSTIC,    31, -9.460713768592e-01, 3.113083206419e-05, 2.4017e+02, 6.1601e+00, 
 1DIAGNOSTIC,    32, -9.461100937118e-01, 2.442120928244e-05, 2.4633e+02, 6.1608e+00, 
 1DIAGNOSTIC,    33, -9.461334276173e-01, 1.885635596571e-05, 2.5248e+02, 6.1549e+00, 
 1DIAGNOSTIC,    34, -9.461500984955e-01, 1.467649238061e-05, 2.5863e+02, 6.1490e+00, 
 1DIAGNOSTIC,    35, -9.461609774254e-01, 1.121608749296e-05, 2.6479e+02, 6.1556e+00, 
 1DIAGNOSTIC,    36, -9.461524776620e-01, 8.300540788576e-06, 2.7093e+02, 6.1453e+00, 
 1DIAGNOSTIC,    37, -9.461410979326e-01, 5.868534533115e-06, 2.7709e+02, 6.1583e+00, 
 1DIAGNOSTIC,    38, -9.461314640201e-01, 3.896716936600e-06, 2.8325e+02, 6.1593e+00, 
 1DIAGNOSTIC,    39, -9.461160390039e-01, 2.262195296067e-06, 2.8940e+02, 6.1459e+00, 
 1DIAGNOSTIC,    40, -9.460991943312e-01, 9.967248920349e-07, 2.9556e+02, 6.1676e+00, 
XXDIAGNOSTIC,Iteration,metricValue,convergenceValue,ITERATION_TIME_INDEX,SINCE_LAST
 1DIAGNOSTIC,     1, -8.974198339487e-01, 1.797693134862e+308, 3.4663e+02, 5.1061e+01, 
 1DIAGNOSTIC,     2, -8.992797190635e-01, 1.797693134862e+308, 3.9579e+02, 4.9167e+01, 
 1DIAGNOSTIC,     3, -9.017229399016e-01, 1.797693134862e+308, 4.4494e+02, 4.9146e+01, 
 1DIAGNOSTIC,     4, -9.040041875676e-01, 1.797693134862e+308, 4.9407e+02, 4.9130e+01, 
 1DIAGNOSTIC,     5, -9.061309660594e-01, 1.797693134862e+308, 5.4320e+02, 4.9136e+01, 
 1DIAGNOSTIC,     6, -9.081196546137e-01, 1.797693134862e+308, 5.9254e+02, 4.9335e+01, 
 1DIAGNOSTIC,     7, -9.101534802811e-01, 1.797693134862e+308, 6.4165e+02, 4.9106e+01, 
 1DIAGNOSTIC,     8, -9.119649070213e-01, 1.797693134862e+308, 6.9076e+02, 4.9118e+01, 
 1DIAGNOSTIC,     9, -9.137370172977e-01, 1.797693134862e+308, 7.3987e+02, 4.9111e+01, 
 1DIAGNOSTIC,    10, -9.153807324022e-01, 1.287629330156e-03, 7.8902e+02, 4.9145e+01, 
 1DIAGNOSTIC,    11, -9.168776759373e-01, 1.125031607527e-03, 8.3835e+02, 4.9332e+01, 
 1DIAGNOSTIC,    12, -9.182418445171e-01, 9.718652866568e-04, 8.8766e+02, 4.9311e+01, 
 1DIAGNOSTIC,    13, -9.193681303574e-01, 8.396784038937e-04, 9.3699e+02, 4.9332e+01, 
 1DIAGNOSTIC,    14, -9.204113296074e-01, 7.238269555297e-04, 9.8658e+02, 4.9581e+01, 
 1DIAGNOSTIC,    15, -9.213861472565e-01, 6.214628250485e-04, 1.0361e+03, 4.9480e+01, 
 1DIAGNOSTIC,    16, -9.221344226507e-01, 5.277824656598e-04, 1.0856e+03, 4.9533e+01, 
 1DIAGNOSTIC,    17, -9.228661797109e-01, 4.469956057360e-04, 1.1351e+03, 4.9512e+01, 
 1DIAGNOSTIC,    18, -9.235868626381e-01, 3.774384033885e-04, 1.1846e+03, 4.9517e+01, 
 1DIAGNOSTIC,    19, -9.242984823222e-01, 3.206290619189e-04, 1.2341e+03, 4.9518e+01, 
 1DIAGNOSTIC,    20, -9.249924532658e-01, 2.757939135206e-04, 1.2837e+03, 4.9528e+01, 
 1DIAGNOSTIC,    21, -9.256320343875e-01, 2.409543698932e-04, 1.3332e+03, 4.9506e+01, 
 1DIAGNOSTIC,    22, -9.261967267887e-01, 2.139153959857e-04, 1.3827e+03, 4.9527e+01, 
 1DIAGNOSTIC,    23, -9.266988326999e-01, 1.910790222816e-04, 1.4322e+03, 4.9524e+01, 
 1DIAGNOSTIC,    24, -9.271491465469e-01, 1.714201683943e-04, 1.4818e+03, 4.9538e+01, 
 1DIAGNOSTIC,    25, -9.275512195911e-01, 1.542736024347e-04, 1.5313e+03, 4.9534e+01, 
 1DIAGNOSTIC,    26, -9.279152998088e-01, 1.371679060665e-04, 1.5808e+03, 4.9557e+01, 
 1DIAGNOSTIC,    27, -9.282443567817e-01, 1.205681020597e-04, 1.6304e+03, 4.9533e+01, 
 1DIAGNOSTIC,    28, -9.285431728748e-01, 1.050487201146e-04, 1.6799e+03, 4.9523e+01, 
 1DIAGNOSTIC,    29, -9.288167015344e-01, 9.118187811456e-05, 1.7295e+03, 4.9557e+01, 
 1DIAGNOSTIC,    30, -9.290729342996e-01, 7.941086980314e-05, 1.7790e+03, 4.9575e+01, 
 1DIAGNOSTIC,    31, -9.293097769367e-01, 6.962986586742e-05, 1.8285e+03, 4.9497e+01, 
 1DIAGNOSTIC,    32, -9.295309533397e-01, 6.146803981202e-05, 1.8781e+03, 4.9558e+01, 
 1DIAGNOSTIC,    33, -9.297395925502e-01, 5.464746234913e-05, 1.9276e+03, 4.9551e+01, 
 1DIAGNOSTIC,    34, -9.299333397063e-01, 4.891872677613e-05, 1.9772e+03, 4.9521e+01, 
 1DIAGNOSTIC,    35, -9.301145724417e-01, 4.404685781482e-05, 2.0267e+03, 4.9524e+01, 
 1DIAGNOSTIC,    36, -9.302871491883e-01, 3.989416428994e-05, 2.0763e+03, 4.9585e+01, 
 1DIAGNOSTIC,    37, -9.304507059031e-01, 3.631616368687e-05, 2.1258e+03, 4.9528e+01, 
 1DIAGNOSTIC,    38, -9.306028426585e-01, 3.316958325487e-05, 2.1753e+03, 4.9528e+01, 
 1DIAGNOSTIC,    39, -9.307515475337e-01, 3.040497094847e-05, 2.2249e+03, 4.9550e+01, 
 1DIAGNOSTIC,    40, -9.308947492600e-01, 2.800144040948e-05, 2.2745e+03, 4.9574e+01, 
 1DIAGNOSTIC,    41, -9.310324038783e-01, 2.590245353092e-05, 2.3240e+03, 4.9527e+01, 
 1DIAGNOSTIC,    42, -9.311694779421e-01, 2.410310952986e-05, 2.3735e+03, 4.9552e+01, 
 1DIAGNOSTIC,    43, -9.313032015227e-01, 2.258251072413e-05, 2.4231e+03, 4.9559e+01, 
 1DIAGNOSTIC,    44, -9.314332029139e-01, 2.128395671760e-05, 2.4727e+03, 4.9582e+01, 
 1DIAGNOSTIC,    45, -9.315606461714e-01, 2.016488720697e-05, 2.5222e+03, 4.9557e+01, 
 1DIAGNOSTIC,    46, -9.316878101863e-01, 1.921608776771e-05, 2.5718e+03, 4.9589e+01, 
 1DIAGNOSTIC,    47, -9.318126712141e-01, 1.840189493374e-05, 2.6214e+03, 4.9578e+01, 
 1DIAGNOSTIC,    48, -9.319416789476e-01, 1.770584426733e-05, 2.6710e+03, 4.9564e+01, 
 1DIAGNOSTIC,    49, -9.320685878812e-01, 1.711561177878e-05, 2.7205e+03, 4.9521e+01, 
 1DIAGNOSTIC,    50, -9.321954380989e-01, 1.661358290356e-05, 2.7701e+03, 4.9651e+01, 
XXDIAGNOSTIC,Iteration,metricValue,convergenceValue,ITERATION_TIME_INDEX,SINCE_LAST
 1DIAGNOSTIC,     1, -8.968628194559e-01, 1.797693134862e+308, 3.1790e+03, 4.0884e+02, 
 1DIAGNOSTIC,     2, -8.974141467672e-01, 1.797693134862e+308, 3.5794e+03, 4.0041e+02, 
 1DIAGNOSTIC,     3, -8.985340957917e-01, 1.797693134862e+308, 3.9797e+03, 4.0026e+02, 
 1DIAGNOSTIC,     4, -8.998721016054e-01, 1.797693134862e+308, 4.3799e+03, 4.0021e+02, 
 1DIAGNOSTIC,     5, -9.013993489006e-01, 1.797693134862e+308, 4.7833e+03, 4.0340e+02, 
 1DIAGNOSTIC,     6, -9.031085318022e-01, 1.797693134862e+308, 5.1835e+03, 4.0019e+02, 
 1DIAGNOSTIC,     7, -9.046013350743e-01, 1.797693134862e+308, 5.5852e+03, 4.0177e+02, 
 1DIAGNOSTIC,     8, -9.062571257997e-01, 1.797693134862e+308, 5.9854e+03, 4.0021e+02, 
 1DIAGNOSTIC,     9, -9.076458789724e-01, 1.797693134862e+308, 6.3873e+03, 4.0184e+02, 
 1DIAGNOSTIC,    10, -9.089293852216e-01, 9.138788189594e-04, 6.7892e+03, 4.0194e+02, 
 1DIAGNOSTIC,    11, -9.100988389085e-01, 8.536480368499e-04, 7.1913e+03, 4.0205e+02, 
 1DIAGNOSTIC,    12, -9.111890212558e-01, 7.695991881788e-04, 7.5946e+03, 4.0332e+02, 
 1DIAGNOSTIC,    13, -9.121978833696e-01, 6.801227985187e-04, 7.9980e+03, 4.0339e+02, 
 1DIAGNOSTIC,    14, -9.130460111089e-01, 5.903417044670e-04, 8.4012e+03, 4.0326e+02, 
 1DIAGNOSTIC,    15, -9.137341297505e-01, 5.046796457510e-04, 8.8030e+03, 4.0180e+02, 
 1DIAGNOSTIC,    16, -9.143679125235e-01, 4.292365725698e-04, 9.2064e+03, 4.0335e+02, 
 1DIAGNOSTIC,    17, -9.150668057702e-01, 3.632315755400e-04, 9.6100e+03, 4.0363e+02, 
 1DIAGNOSTIC,    18, -9.156418653776e-01, 3.095413110010e-04, 1.0013e+04, 4.0331e+02, 
 1DIAGNOSTIC,    19, -9.161871612449e-01, 2.645275893321e-04, 1.0417e+04, 4.0331e+02, 
 1DIAGNOSTIC,    20, -9.166887504783e-01, 2.272817695283e-04, 1.0820e+04, 4.0339e+02, 
  Elapsed time (stage 0): 10823.3


Total elapsed time: 10823.3
-i /mnt/lustre/mathdugre/fast-interpolate/datasets/ds004513/derivatives/flint/ants/flint-vprec-single-five-levels/sub-s029/ses-open/anat/11/1_Affine.nii.gz -o /mnt/lustre/mathdugre/fast-interpolate/datasets/ds004513/derivatives/flint/ants/flint-vprec-single-five-levels/sub-s029/ses-open/anat/110/1_transformed.nii.gz -t /mnt/lustre/mathdugre/fast-interpolate/datasets/ds004513/derivatives/flint/ants/flint-vprec-single-five-levels/sub-s029/ses-open/anat/110/1_1Warp.nii.gz -t /mnt/lustre/mathdugre/fast-interpolate/datasets/ds004513/derivatives/flint/ants/flint-vprec-single-five-levels/sub-s029/ses-open/anat/110/1_0GenericAffine.mat
