---------------------
Experiment information

SIF_IMG: /mnt/lustre/mathdugre/containers/ants-flint-vprec.simg
SIF_IMG_BASE: /mnt/lustre/mathdugre/containers/ants-flint-base.simg
EXPERIMENT_NAME: flint-vprec-single-five-levels
STAGE: syn
SUBJECT_ID: s032
REPETITION_ID: 1

FIXED_IMG: /templateflow/tpl-MNI152NLin2009cAsym/tpl-MNI152NLin2009cAsym_res-01_desc-brain_T1w.nii.gz
INPUT_IMG: /mnt/lustre/mathdugre/fast-interpolate/datasets/ds004513/derivatives/flint/ants/flint-vprec-single-five-levels/sub-s032/ses-open/anat/11/1_Affine.nii.gz

DATA_DIR: /mnt/lustre/mathdugre/fast-interpolate/datasets/ds004513
OUTPUT_DIR: /mnt/lustre/mathdugre/fast-interpolate/datasets/ds004513/derivatives/flint/ants/flint-vprec-single-five-levels/sub-s032/ses-open/anat
OUTPUT_PREFIX: 111
THREAD: 1
FLOAT: 0
VFC_BACKENDS: libinterflop_vprec.so --precision-binary32=23 --range-binary32=8 --precision-binary64=23 --range-binary64=8
---------------------

--output [/mnt/lustre/mathdugre/fast-interpolate/datasets/ds004513/derivatives/flint/ants/flint-vprec-single-five-levels/sub-s032/ses-open/anat/111/1_,/mnt/lustre/mathdugre/fast-interpolate/datasets/ds004513/derivatives/flint/ants/flint-vprec-single-five-levels/sub-s032/ses-open/anat/111/1_Warped.nii.gz,/mnt/lustre/mathdugre/fast-interpolate/datasets/ds004513/derivatives/flint/ants/flint-vprec-single-five-levels/sub-s032/ses-open/anat/111/1_InverseSyN.nii.gz] --initial-moving-transform [/templateflow/tpl-MNI152NLin2009cAsym/tpl-MNI152NLin2009cAsym_res-01_desc-brain_T1w.nii.gz,/mnt/lustre/mathdugre/fast-interpolate/datasets/ds004513/derivatives/flint/ants/flint-vprec-single-five-levels/sub-s032/ses-open/anat/11/1_Affine.nii.gz,1] --transform SyN[ 0.1,3,0 ] --metric CC[/templateflow/tpl-MNI152NLin2009cAsym/tpl-MNI152NLin2009cAsym_res-01_desc-brain_T1w.nii.gz,/mnt/lustre/mathdugre/fast-interpolate/datasets/ds004513/derivatives/flint/ants/flint-vprec-single-five-levels/sub-s032/ses-open/anat/11/1_Affine.nii.gz,1,4] --convergence [100x100x70x50x20,1e-6,10] --shrink-factors 16x8x4x2x1 --smoothing-sigmas 4x3x2x1x0vox
All_Command_lines_OK
Using double precision for computations.
=============================================================================
The composite transform comprises the following transforms (in order): 
  1. Center of mass alignment using fixed image: /templateflow/tpl-MNI152NLin2009cAsym/tpl-MNI152NLin2009cAsym_res-01_desc-brain_T1w.nii.gz and moving image: /mnt/lustre/mathdugre/fast-interpolate/datasets/ds004513/derivatives/flint/ants/flint-vprec-single-five-levels/sub-s032/ses-open/anat/11/1_Affine.nii.gz (type = Euler3DTransform)
=============================================================================
  number of levels = 5
  fixed image: /templateflow/tpl-MNI152NLin2009cAsym/tpl-MNI152NLin2009cAsym_res-01_desc-brain_T1w.nii.gz
  moving image: /mnt/lustre/mathdugre/fast-interpolate/datasets/ds004513/derivatives/flint/ants/flint-vprec-single-five-levels/sub-s032/ses-open/anat/11/1_Affine.nii.gz
Dimension = 3
Number of stages = 1
Use histogram matching = false
Winsorize image intensities = true
  Lower quantile = 0.005
  Upper quantile = 0.995


Stage 1 State
   Image metric = CC
     Fixed image = Image (0x3b1cf00)
  RTTI typeinfo:   itk::Image<double, 3u>
  Reference Count: 2
  Modified Time: 1622
  Debug: Off
  Object Name: 
  Observers: 
    none
  Source: (none)
  Source output name: (none)
  Release Data: Off
  Data Released: False
  Global Release Data: Off
  PipelineMTime: 0
  UpdateMTime: 1407
  RealTimeStamp: 0 seconds 
  LargestPossibleRegion: 
    Dimension: 3
    Index: [0, 0, 0]
    Size: [193, 229, 193]
  BufferedRegion: 
    Dimension: 3
    Index: [0, 0, 0]
    Size: [193, 229, 193]
  RequestedRegion: 
    Dimension: 3
    Index: [0, 0, 0]
    Size: [193, 229, 193]
  Spacing: [1, 1, 1]
  Origin: [96, 132, -78]
  Direction: 
-1 0 0
0 -1 0
0 0 1

  IndexToPointMatrix: 
-1 0 0
0 -1 0
0 0 1

  PointToIndexMatrix: 
-1 0 0
0 -1 0
0 0 1

  Inverse Direction: 
-1 0 0
0 -1 0
0 0 1

  PixelContainer: 
    ImportImageContainer (0x3c091d0)
      RTTI typeinfo:   itk::ImportImageContainer<unsigned long, double>
      Reference Count: 1
      Modified Time: 1404
      Debug: Off
      Object Name: 
      Observers: 
        none
      Pointer: 0x7eff72f39010
      Container manages memory: true
      Size: 8530021
      Capacity: 8530021

     Moving image = Image (0x3b23ff0)
  RTTI typeinfo:   itk::Image<double, 3u>
  Reference Count: 2
  Modified Time: 1623
  Debug: Off
  Object Name: 
  Observers: 
    none
  Source: (none)
  Source output name: (none)
  Release Data: Off
  Data Released: False
  Global Release Data: Off
  PipelineMTime: 0
  UpdateMTime: 1620
  RealTimeStamp: 0 seconds 
  LargestPossibleRegion: 
    Dimension: 3
    Index: [0, 0, 0]
    Size: [193, 229, 193]
  BufferedRegion: 
    Dimension: 3
    Index: [0, 0, 0]
    Size: [193, 229, 193]
  RequestedRegion: 
    Dimension: 3
    Index: [0, 0, 0]
    Size: [193, 229, 193]
  Spacing: [1, 1, 1]
  Origin: [96, 132, -78]
  Direction: 
-1 0 0
0 -1 0
0 0 1

  IndexToPointMatrix: 
-1 0 0
0 -1 0
0 0 1

  PointToIndexMatrix: 
-1 0 0
0 -1 0
0 0 1

  Inverse Direction: 
-1 0 0
0 -1 0
0 0 1

  PixelContainer: 
    ImportImageContainer (0x3baa940)
      RTTI typeinfo:   itk::ImportImageContainer<unsigned long, double>
      Reference Count: 1
      Modified Time: 1617
      Debug: Off
      Object Name: 
      Observers: 
        none
      Pointer: 0x7eff6ee24010
      Container manages memory: true
      Size: 8530021
      Capacity: 8530021

     Weighting = 1
     Sampling strategy = none
     Number of bins = 32
     Radius = 4
     Sampling percentage  = 1
   Transform = SyN
     Gradient step = 0.1
     Update field sigma (voxel space) = 3
     Total field sigma (voxel space) = 0
     Update field time sigma = 0
     Total field time sigma  = 0
     Number of time indices = 0
     Number of time point samples = 0
Registration using 1 total stages.

Stage 0
  iterations = 100x100x70x50x20
  convergence threshold = 1e-06
  convergence window size = 10
  number of levels = 5
  using the CC metric (radius = 4, weight = 1, use gradient filter = 0)
  preprocessing:  winsorizing the image intensities
  Shrink factors (level 1 out of 5): [16, 16, 16]
  Shrink factors (level 2 out of 5): [8, 8, 8]
  Shrink factors (level 3 out of 5): [4, 4, 4]
  Shrink factors (level 4 out of 5): [2, 2, 2]
  Shrink factors (level 5 out of 5): [1, 1, 1]
  smoothing sigmas per level: [4, 3, 2, 1, 0]
  Using default NONE metricSamplingStrategy 

*** Running SyN registration (varianceForUpdateField = 3, varianceForTotalField = 0) ***

XXDIAGNOSTIC,Iteration,metricValue,convergenceValue,ITERATION_TIME_INDEX,SINCE_LAST
 1DIAGNOSTIC,     1, -9.285829067230e-01, 1.797693134862e+308, 0.0000e+00, 0.0000e+00, 
 1DIAGNOSTIC,     2, -9.421467185020e-01, 1.797693134862e+308, 0.0000e+00, 0.0000e+00, 
 1DIAGNOSTIC,     3, -9.507781267166e-01, 1.797693134862e+308, 0.0000e+00, 0.0000e+00, 
 1DIAGNOSTIC,     4, -9.547829627991e-01, 1.797693134862e+308, 0.0000e+00, 0.0000e+00, 
 1DIAGNOSTIC,     5, -9.572792053223e-01, 1.797693134862e+308, 0.0000e+00, 0.0000e+00, 
 1DIAGNOSTIC,     6, -9.589856863022e-01, 1.797693134862e+308, 0.0000e+00, 0.0000e+00, 
 1DIAGNOSTIC,     7, -9.602417349815e-01, 1.797693134862e+308, 0.0000e+00, 0.0000e+00, 
 1DIAGNOSTIC,     8, -9.612740874290e-01, 1.797693134862e+308, 0.0000e+00, 0.0000e+00, 
 1DIAGNOSTIC,     9, -9.621478915215e-01, 1.797693134862e+308, 0.0000e+00, 0.0000e+00, 
 1DIAGNOSTIC,    10, -9.628861546516e-01, 1.849718391895e-03, 0.0000e+00, 0.0000e+00, 
 1DIAGNOSTIC,    11, -9.635285735130e-01, 1.063771545887e-03, 0.0000e+00, 0.0000e+00, 
 1DIAGNOSTIC,    12, -9.640768766403e-01, 6.600245833397e-04, 0.0000e+00, 0.0000e+00, 
 1DIAGNOSTIC,    13, -9.645395874977e-01, 4.657357931137e-04, 0.0000e+00, 0.0000e+00, 
 1DIAGNOSTIC,    14, -9.649450182915e-01, 3.498867154121e-04, 0.0000e+00, 0.0000e+00, 
 1DIAGNOSTIC,    15, -9.652981162071e-01, 2.736598253250e-04, 0.0000e+00, 0.0000e+00, 
 1DIAGNOSTIC,    16, -9.656077027321e-01, 2.190992236137e-04, 0.0000e+00, 0.0000e+00, 
 1DIAGNOSTIC,    17, -9.658839106560e-01, 1.774281263351e-04, 0.0000e+00, 0.0000e+00, 
 1DIAGNOSTIC,    18, -9.661287069321e-01, 1.449882984161e-04, 0.0000e+00, 0.0000e+00, 
 1DIAGNOSTIC,    19, -9.663481712341e-01, 1.195631921291e-04, 1.2800e+02, 1.2800e+02, 
 1DIAGNOSTIC,    20, -9.665420055389e-01, 9.937956929207e-05, 1.2800e+02, 0.0000e+00, 
 1DIAGNOSTIC,    21, -9.667181372643e-01, 8.342787623405e-05, 1.2800e+02, 0.0000e+00, 
 1DIAGNOSTIC,    22, -9.668723344803e-01, 7.062032818794e-05, 1.2800e+02, 0.0000e+00, 
 1DIAGNOSTIC,    23, -9.670096635818e-01, 6.010010838509e-05, 1.2800e+02, 0.0000e+00, 
 1DIAGNOSTIC,    24, -9.671331644058e-01, 5.138292908669e-05, 1.2800e+02, 0.0000e+00, 
 1DIAGNOSTIC,    25, -9.672445654869e-01, 4.410371184349e-05, 1.2800e+02, 0.0000e+00, 
 1DIAGNOSTIC,    26, -9.673451781273e-01, 3.796815872192e-05, 1.2800e+02, 0.0000e+00, 
 1DIAGNOSTIC,    27, -9.674337506294e-01, 3.277137875557e-05, 1.2800e+02, 0.0000e+00, 
 1DIAGNOSTIC,    28, -9.675158262253e-01, 2.838298678398e-05, 1.2800e+02, 0.0000e+00, 
 1DIAGNOSTIC,    29, -9.675918817520e-01, 2.469122409821e-05, 1.2800e+02, 0.0000e+00, 
 1DIAGNOSTIC,    30, -9.676600098610e-01, 2.156943082809e-05, 1.2800e+02, 0.0000e+00, 
 1DIAGNOSTIC,    31, -9.677200317383e-01, 1.893192529678e-05, 1.2800e+02, 0.0000e+00, 
 1DIAGNOSTIC,    32, -9.677743911743e-01, 1.666322350502e-05, 1.2800e+02, 0.0000e+00, 
 1DIAGNOSTIC,    33, -9.678232669830e-01, 1.469627022743e-05, 1.2800e+02, 0.0000e+00, 
 1DIAGNOSTIC,    34, -9.678703546524e-01, 1.300126314163e-05, 1.2800e+02, 0.0000e+00, 
 1DIAGNOSTIC,    35, -9.679133892059e-01, 1.154281198978e-05, 1.2800e+02, 0.0000e+00, 
 1DIAGNOSTIC,    36, -9.679515361786e-01, 1.028552651405e-05, 1.2800e+02, 0.0000e+00, 
 1DIAGNOSTIC,    37, -9.679880142212e-01, 9.179115295410e-06, 1.2800e+02, 0.0000e+00, 
 1DIAGNOSTIC,    38, -9.680200219154e-01, 8.214265108109e-06, 1.2800e+02, 0.0000e+00, 
 1DIAGNOSTIC,    39, -9.680517911911e-01, 7.404014468193e-06, 1.2800e+02, 0.0000e+00, 
 1DIAGNOSTIC,    40, -9.680807590485e-01, 6.718561053276e-06, 1.2800e+02, 0.0000e+00, 
 1DIAGNOSTIC,    41, -9.681094288826e-01, 6.124377250671e-06, 1.2800e+02, 0.0000e+00, 
 1DIAGNOSTIC,    42, -9.681369066238e-01, 5.612149834633e-06, 1.2800e+02, 0.0000e+00, 
 1DIAGNOSTIC,    43, -9.681631922722e-01, 5.181878805161e-06, 1.2800e+02, 0.0000e+00, 
 1DIAGNOSTIC,    44, -9.681867361069e-01, 4.809349775314e-06, 1.2800e+02, 0.0000e+00, 
 1DIAGNOSTIC,    45, -9.682102203369e-01, 4.488974809647e-06, 1.2800e+02, 0.0000e+00, 
 1DIAGNOSTIC,    46, -9.682321548462e-01, 4.207715392113e-06, 1.2800e+02, 0.0000e+00, 
 1DIAGNOSTIC,    47, -9.682539105415e-01, 3.954395651817e-06, 1.2800e+02, 0.0000e+00, 
 1DIAGNOSTIC,    48, -9.682720899582e-01, 3.706663846970e-06, 1.2800e+02, 0.0000e+00, 
 1DIAGNOSTIC,    49, -9.682921171188e-01, 3.488734364510e-06, 1.2800e+02, 0.0000e+00, 
 1DIAGNOSTIC,    50, -9.683092832565e-01, 3.270804882050e-06, 1.2800e+02, 0.0000e+00, 
 1DIAGNOSTIC,    51, -9.683259129524e-01, 3.071501851082e-06, 1.2800e+02, 0.0000e+00, 
 1DIAGNOSTIC,    52, -9.683415293694e-01, 2.883374691010e-06, 1.2800e+02, 0.0000e+00, 
 1DIAGNOSTIC,    53, -9.683567881584e-01, 2.715736627579e-06, 1.2800e+02, 0.0000e+00, 
 1DIAGNOSTIC,    54, -9.683717489243e-01, 2.555549144745e-06, 1.2800e+02, 0.0000e+00, 
 1DIAGNOSTIC,    55, -9.683862924576e-01, 2.412125468254e-06, 1.2800e+02, 0.0000e+00, 
 1DIAGNOSTIC,    56, -9.683996438980e-01, 2.287328243256e-06, 1.2800e+02, 0.0000e+00, 
 1DIAGNOSTIC,    57, -9.684126377106e-01, 2.175569534302e-06, 1.2800e+02, 0.0000e+00, 
 1DIAGNOSTIC,    58, -9.684262871742e-01, 2.067536115646e-06, 1.2800e+02, 0.0000e+00, 
 1DIAGNOSTIC,    59, -9.684375524521e-01, 1.979991793633e-06, 1.2800e+02, 0.0000e+00, 
 1DIAGNOSTIC,    60, -9.684488177299e-01, 1.888722181320e-06, 1.2800e+02, 0.0000e+00, 
 1DIAGNOSTIC,    61, -9.684613943100e-01, 1.812353730202e-06, 1.2800e+02, 0.0000e+00, 
 1DIAGNOSTIC,    62, -9.684724211693e-01, 1.737847924232e-06, 1.2800e+02, 0.0000e+00, 
 1DIAGNOSTIC,    63, -9.684822559357e-01, 1.665204763412e-06, 1.2800e+02, 0.0000e+00, 
 1DIAGNOSTIC,    64, -9.684913158417e-01, 1.590698957443e-06, 1.2800e+02, 0.0000e+00, 
 1DIAGNOSTIC,    65, -9.685004949570e-01, 1.521781086922e-06, 1.2800e+02, 0.0000e+00, 
 1DIAGNOSTIC,    66, -9.685093164444e-01, 1.451000571251e-06, 1.2800e+02, 0.0000e+00, 
 1DIAGNOSTIC,    67, -9.685183763504e-01, 1.383945345879e-06, 1.2800e+02, 0.0000e+00, 
 1DIAGNOSTIC,    68, -9.685264825821e-01, 1.326203346252e-06, 1.2800e+02, 0.0000e+00, 
 1DIAGNOSTIC,    69, -9.685354828835e-01, 1.271255314350e-06, 1.2800e+02, 0.0000e+00, 
 1DIAGNOSTIC,    70, -9.685419201851e-01, 1.215375959873e-06, 1.2800e+02, 0.0000e+00, 
 1DIAGNOSTIC,    71, -9.685490131378e-01, 1.166947185993e-06, 1.2800e+02, 0.0000e+00, 
 1DIAGNOSTIC,    72, -9.685559868813e-01, 1.125037670135e-06, 1.2800e+02, 0.0000e+00, 
 1DIAGNOSTIC,    73, -9.685621857643e-01, 1.082196831703e-06, 1.2800e+02, 0.0000e+00, 
 1DIAGNOSTIC,    74, -9.685676693916e-01, 1.033768057823e-06, 1.2800e+02, 0.0000e+00, 
 1DIAGNOSTIC,    75, -9.685747027397e-01, 9.927898645401e-07, 1.2800e+02, 0.0000e+00, 
XXDIAGNOSTIC,Iteration,metricValue,convergenceValue,ITERATION_TIME_INDEX,SINCE_LAST
 1DIAGNOSTIC,     1, -9.064843058586e-01, 1.797693134862e+308, 2.5600e+02, 1.2800e+02, 
 1DIAGNOSTIC,     2, -9.090426564217e-01, 1.797693134862e+308, 2.5600e+02, 0.0000e+00, 
 1DIAGNOSTIC,     3, -9.125894308090e-01, 1.797693134862e+308, 2.5600e+02, 0.0000e+00, 
 1DIAGNOSTIC,     4, -9.157040715218e-01, 1.797693134862e+308, 2.5600e+02, 0.0000e+00, 
 1DIAGNOSTIC,     5, -9.186630845070e-01, 1.797693134862e+308, 2.5600e+02, 0.0000e+00, 
 1DIAGNOSTIC,     6, -9.212318062782e-01, 1.797693134862e+308, 2.5600e+02, 0.0000e+00, 
 1DIAGNOSTIC,     7, -9.235798120499e-01, 1.797693134862e+308, 3.8400e+02, 1.2800e+02, 
 1DIAGNOSTIC,     8, -9.257130026817e-01, 1.797693134862e+308, 3.8400e+02, 0.0000e+00, 
 1DIAGNOSTIC,     9, -9.276507496834e-01, 1.797693134862e+308, 3.8400e+02, 0.0000e+00, 
 1DIAGNOSTIC,    10, -9.294160604477e-01, 1.626886427402e-03, 3.8400e+02, 0.0000e+00, 
 1DIAGNOSTIC,    11, -9.309160709381e-01, 1.368775963783e-03, 3.8400e+02, 0.0000e+00, 
 1DIAGNOSTIC,    12, -9.322972297668e-01, 1.131333410740e-03, 3.8400e+02, 0.0000e+00, 
 1DIAGNOSTIC,    13, -9.334861040115e-01, 9.398981928825e-04, 3.8400e+02, 0.0000e+00, 
 1DIAGNOSTIC,    14, -9.345424175262e-01, 7.814988493919e-04, 3.8400e+02, 0.0000e+00, 
 1DIAGNOSTIC,    15, -9.354909062386e-01, 6.525442004204e-04, 5.1200e+02, 1.2800e+02, 
 1DIAGNOSTIC,    16, -9.363451004028e-01, 5.452185869217e-04, 5.1200e+02, 0.0000e+00, 
 1DIAGNOSTIC,    17, -9.371086359024e-01, 4.562139511108e-04, 5.1200e+02, 0.0000e+00, 
 1DIAGNOSTIC,    18, -9.378130435944e-01, 3.830343484879e-04, 5.1200e+02, 0.0000e+00, 
 1DIAGNOSTIC,    19, -9.384589195251e-01, 3.235340118408e-04, 5.1200e+02, 0.0000e+00, 
 1DIAGNOSTIC,    20, -9.390683174133e-01, 2.761110663414e-04, 5.1200e+02, 0.0000e+00, 
 1DIAGNOSTIC,    21, -9.396282434464e-01, 2.373419702053e-04, 5.1200e+02, 0.0000e+00, 
 1DIAGNOSTIC,    22, -9.401755332947e-01, 2.066642045975e-04, 6.4000e+02, 1.2800e+02, 
 1DIAGNOSTIC,    23, -9.406762719154e-01, 1.816786825657e-04, 6.4000e+02, 0.0000e+00, 
 1DIAGNOSTIC,    24, -9.411665201187e-01, 1.613721251488e-04, 6.4000e+02, 0.0000e+00, 
 1DIAGNOSTIC,    25, -9.416060447693e-01, 1.444444060326e-04, 6.4000e+02, 0.0000e+00, 
 1DIAGNOSTIC,    26, -9.420095682144e-01, 1.299679279327e-04, 6.4000e+02, 0.0000e+00, 
 1DIAGNOSTIC,    27, -9.423936605453e-01, 1.172721385956e-04, 6.4000e+02, 0.0000e+00, 
 1DIAGNOSTIC,    28, -9.427342414856e-01, 1.057907938957e-04, 6.4000e+02, 0.0000e+00, 
 1DIAGNOSTIC,    29, -9.430449604988e-01, 9.516999125481e-05, 6.4000e+02, 0.0000e+00, 
 1DIAGNOSTIC,    30, -9.433331489563e-01, 8.539110422134e-05, 7.6800e+02, 1.2800e+02, 
 1DIAGNOSTIC,    31, -9.436002373695e-01, 7.630512118340e-05, 7.6800e+02, 0.0000e+00, 
 1DIAGNOSTIC,    32, -9.438486099243e-01, 6.813555955887e-05, 7.6800e+02, 0.0000e+00, 
 1DIAGNOSTIC,    33, -9.440824389458e-01, 6.079673767090e-05, 7.6800e+02, 0.0000e+00, 
 1DIAGNOSTIC,    34, -9.442988634109e-01, 5.447119474411e-05, 7.6800e+02, 0.0000e+00, 
 1DIAGNOSTIC,    35, -9.444953799248e-01, 4.888884723186e-05, 7.6800e+02, 0.0000e+00, 
 1DIAGNOSTIC,    36, -9.446799755096e-01, 4.395842552185e-05, 7.6800e+02, 0.0000e+00, 
 1DIAGNOSTIC,    37, -9.448432326317e-01, 3.965571522713e-05, 8.9600e+02, 1.2800e+02, 
 1DIAGNOSTIC,    38, -9.449892044067e-01, 3.573112189770e-05, 8.9600e+02, 0.0000e+00, 
 1DIAGNOSTIC,    39, -9.451507329941e-01, 3.232248127460e-05, 8.9600e+02, 0.0000e+00, 
 1DIAGNOSTIC,    40, -9.452673196793e-01, 2.911314368248e-05, 8.9600e+02, 0.0000e+00, 
 1DIAGNOSTIC,    41, -9.453701376915e-01, 2.606958150864e-05, 8.9600e+02, 0.0000e+00, 
 1DIAGNOSTIC,    42, -9.454606771469e-01, 2.318434417248e-05, 8.9600e+02, 0.0000e+00, 
 1DIAGNOSTIC,    43, -9.455389976501e-01, 2.046674489975e-05, 8.9600e+02, 0.0000e+00, 
 1DIAGNOSTIC,    44, -9.456065893173e-01, 1.792609691620e-05, 8.9600e+02, 0.0000e+00, 
 1DIAGNOSTIC,    45, -9.456649422646e-01, 1.554936170578e-05, 1.0240e+03, 1.2800e+02, 
 1DIAGNOSTIC,    46, -9.457238912582e-01, 1.345016062260e-05, 1.0240e+03, 0.0000e+00, 
 1DIAGNOSTIC,    47, -9.457696676254e-01, 1.155026257038e-05, 1.0240e+03, 0.0000e+00, 
 1DIAGNOSTIC,    48, -9.458050131798e-01, 9.819865226746e-06, 1.0240e+03, 0.0000e+00, 
 1DIAGNOSTIC,    49, -9.458383321762e-01, 8.475035429001e-06, 1.0240e+03, 0.0000e+00, 
 1DIAGNOSTIC,    50, -9.458684921265e-01, 7.316470146179e-06, 1.0240e+03, 0.0000e+00, 
 1DIAGNOSTIC,    51, -9.458922147751e-01, 6.305053830147e-06, 1.0240e+03, 0.0000e+00, 
 1DIAGNOSTIC,    52, -9.459145069122e-01, 5.438923835754e-06, 1.1520e+03, 1.2800e+02, 
 1DIAGNOSTIC,    53, -9.459304809570e-01, 4.673376679420e-06, 1.1520e+03, 0.0000e+00, 
 1DIAGNOSTIC,    54, -9.459395408630e-01, 3.973022103310e-06, 1.1520e+03, 0.0000e+00, 
 1DIAGNOSTIC,    55, -9.459539055824e-01, 3.371387720108e-06, 1.1520e+03, 0.0000e+00, 
 1DIAGNOSTIC,    56, -9.459676742554e-01, 2.907589077950e-06, 1.1520e+03, 0.0000e+00, 
 1DIAGNOSTIC,    57, -9.459763765335e-01, 2.520158886909e-06, 1.1520e+03, 0.0000e+00, 
 1DIAGNOSTIC,    58, -9.459799528122e-01, 2.164393663406e-06, 1.1520e+03, 0.0000e+00, 
 1DIAGNOSTIC,    59, -9.459830522537e-01, 1.849606633186e-06, 1.1520e+03, 0.0000e+00, 
 1DIAGNOSTIC,    60, -9.459851980209e-01, 1.581385731697e-06, 1.2800e+03, 1.2800e+02, 
 1DIAGNOSTIC,    61, -9.459851980209e-01, 1.333653926849e-06, 1.2800e+03, 0.0000e+00, 
 1DIAGNOSTIC,    62, -9.459848403931e-01, 1.123175024986e-06, 1.2800e+03, 0.0000e+00, 
 1DIAGNOSTIC,    63, -9.459803104401e-01, 9.164214134216e-07, 1.2800e+03, 0.0000e+00, 
XXDIAGNOSTIC,Iteration,metricValue,convergenceValue,ITERATION_TIME_INDEX,SINCE_LAST
 1DIAGNOSTIC,     1, -8.670195341110e-01, 1.797693134862e+308, 1.5360e+03, 2.5600e+02, 
 1DIAGNOSTIC,     2, -8.700615167618e-01, 1.797693134862e+308, 1.6640e+03, 1.2800e+02, 
 1DIAGNOSTIC,     3, -8.740144968033e-01, 1.797693134862e+308, 1.7920e+03, 1.2800e+02, 
 1DIAGNOSTIC,     4, -8.772596120834e-01, 1.797693134862e+308, 1.9200e+03, 1.2800e+02, 
 1DIAGNOSTIC,     5, -8.800499439240e-01, 1.797693134862e+308, 2.0480e+03, 1.2800e+02, 
 1DIAGNOSTIC,     6, -8.824721574783e-01, 1.797693134862e+308, 2.1760e+03, 1.2800e+02, 
 1DIAGNOSTIC,     7, -8.845766186714e-01, 1.797693134862e+308, 2.4320e+03, 2.5600e+02, 
 1DIAGNOSTIC,     8, -8.864575624466e-01, 1.797693134862e+308, 2.5600e+03, 1.2800e+02, 
 1DIAGNOSTIC,     9, -8.880130052567e-01, 1.797693134862e+308, 2.6880e+03, 1.2800e+02, 
 1DIAGNOSTIC,    10, -8.894518613815e-01, 1.639686524868e-03, 2.8160e+03, 1.2800e+02, 
 1DIAGNOSTIC,    11, -8.907946348190e-01, 1.325920224190e-03, 2.9440e+03, 1.2800e+02, 
 1DIAGNOSTIC,    12, -8.920519948006e-01, 1.059770584106e-03, 3.0720e+03, 1.2800e+02, 
 1DIAGNOSTIC,    13, -8.932349681854e-01, 8.652359247208e-04, 3.3280e+03, 2.5600e+02, 
 1DIAGNOSTIC,    14, -8.943649530411e-01, 7.198005914688e-04, 3.4560e+03, 1.2800e+02, 
 1DIAGNOSTIC,    15, -8.952224254608e-01, 6.056353449821e-04, 3.5840e+03, 1.2800e+02, 
 1DIAGNOSTIC,    16, -8.960582017899e-01, 5.152300000191e-04, 3.7120e+03, 1.2800e+02, 
 1DIAGNOSTIC,    17, -8.968855142593e-01, 4.429817199707e-04, 3.8400e+03, 1.2800e+02, 
 1DIAGNOSTIC,    18, -8.976666927338e-01, 3.849342465401e-04, 3.9680e+03, 1.2800e+02, 
 1DIAGNOSTIC,    19, -8.983397483826e-01, 3.346465528011e-04, 4.2240e+03, 2.5600e+02, 
 1DIAGNOSTIC,    20, -8.989419937134e-01, 2.908371388912e-04, 4.3520e+03, 1.2800e+02, 
 1DIAGNOSTIC,    21, -8.996340036392e-01, 2.550035715103e-04, 4.4800e+03, 1.2800e+02, 
 1DIAGNOSTIC,    22, -9.000983238220e-01, 2.234429121017e-04, 4.6080e+03, 1.2800e+02, 
 1DIAGNOSTIC,    23, -9.005170464516e-01, 1.958496868610e-04, 4.7360e+03, 1.2800e+02, 
 1DIAGNOSTIC,    24, -9.008993506432e-01, 1.723021268845e-04, 4.9920e+03, 2.5600e+02, 
 1DIAGNOSTIC,    25, -9.012614488602e-01, 1.500062644482e-04, 5.1200e+03, 1.2800e+02, 
 1DIAGNOSTIC,    26, -9.015854597092e-01, 1.294799149036e-04, 5.2480e+03, 1.2800e+02, 
 1DIAGNOSTIC,    27, -9.018929004669e-01, 1.116432249546e-04, 5.3760e+03, 1.2800e+02, 
 1DIAGNOSTIC,    28, -9.021655321121e-01, 9.656697511673e-05, 5.5040e+03, 1.2800e+02, 
 1DIAGNOSTIC,    29, -9.024233818054e-01, 8.365139365196e-05, 5.6320e+03, 1.2800e+02, 
 1DIAGNOSTIC,    30, -9.028753638268e-01, 7.484108209610e-05, 5.8880e+03, 2.5600e+02, 
 1DIAGNOSTIC,    31, -9.032795429230e-01, 7.072091102600e-05, 6.0160e+03, 1.2800e+02, 
 1DIAGNOSTIC,    32, -9.034098386765e-01, 6.607174873352e-05, 6.1440e+03, 1.2800e+02, 
 1DIAGNOSTIC,    33, -9.035557508469e-01, 6.098672747612e-05, 6.2720e+03, 1.2800e+02, 
 1DIAGNOSTIC,    34, -9.037025570869e-01, 5.541369318962e-05, 6.4000e+03, 1.2800e+02, 
 1DIAGNOSTIC,    35, -9.038532972336e-01, 4.953891038895e-05, 6.5280e+03, 1.2800e+02, 
 1DIAGNOSTIC,    36, -9.039949774742e-01, 4.339404404163e-05, 6.7840e+03, 2.5600e+02, 
 1DIAGNOSTIC,    37, -9.041291475296e-01, 3.732740879059e-05, 6.9120e+03, 1.2800e+02, 
 1DIAGNOSTIC,    38, -9.042510390282e-01, 3.140978515148e-05, 7.0400e+03, 1.2800e+02, 
 1DIAGNOSTIC,    39, -9.043822884560e-01, 2.599507570267e-05, 7.1680e+03, 1.2800e+02, 
 1DIAGNOSTIC,    40, -9.045142531395e-01, 2.298876643181e-05, 7.2960e+03, 1.2800e+02, 
 1DIAGNOSTIC,    41, -9.046341776848e-01, 2.204999327660e-05, 7.4240e+03, 1.2800e+02, 
 1DIAGNOSTIC,    42, -9.047524929047e-01, 2.098083496094e-05, 7.6800e+03, 2.5600e+02, 
 1DIAGNOSTIC,    43, -9.048643112183e-01, 1.991167664528e-05, 7.8080e+03, 1.2800e+02, 
 1DIAGNOSTIC,    44, -9.049757719040e-01, 1.889653503895e-05, 7.9360e+03, 1.2800e+02, 
 1DIAGNOSTIC,    45, -9.050729274750e-01, 1.791864633560e-05, 8.0640e+03, 1.2800e+02, 
 1DIAGNOSTIC,    46, -9.051714539528e-01, 1.696497201920e-05, 8.1920e+03, 1.2800e+02, 
 1DIAGNOSTIC,    47, -9.052655696869e-01, 1.602061092854e-05, 8.4480e+03, 2.5600e+02, 
 1DIAGNOSTIC,    48, -9.053500890732e-01, 1.499429345131e-05, 8.5760e+03, 1.2800e+02, 
 1DIAGNOSTIC,    49, -9.054473042488e-01, 1.409649848938e-05, 8.7040e+03, 1.2800e+02, 
 1DIAGNOSTIC,    50, -9.055377840996e-01, 1.333281397820e-05, 8.8320e+03, 1.2800e+02, 
 1DIAGNOSTIC,    51, -9.056201577187e-01, 1.262873411179e-05, 8.9600e+03, 1.2800e+02, 
 1DIAGNOSTIC,    52, -9.056943655014e-01, 1.195631921291e-05, 9.0880e+03, 1.2800e+02, 
 1DIAGNOSTIC,    53, -9.057794809341e-01, 1.138821244240e-05, 9.3440e+03, 2.5600e+02, 
 1DIAGNOSTIC,    54, -9.058534502983e-01, 1.087598502636e-05, 9.4720e+03, 1.2800e+02, 
 1DIAGNOSTIC,    55, -9.059141874313e-01, 1.029483973980e-05, 9.6000e+03, 1.2800e+02, 
 1DIAGNOSTIC,    56, -9.059843420982e-01, 9.739771485329e-06, 9.7280e+03, 1.2800e+02, 
 1DIAGNOSTIC,    57, -9.060559272766e-01, 9.233132004738e-06, 9.8560e+03, 1.2800e+02, 
 1DIAGNOSTIC,    58, -9.061255455017e-01, 8.743256330490e-06, 9.9840e+03, 1.2800e+02, 
 1DIAGNOSTIC,    59, -9.061921834946e-01, 8.344650268555e-06, 1.0240e+04, 2.5600e+02, 
 1DIAGNOSTIC,    60, -9.062644839287e-01, 8.065253496170e-06, 1.0368e+04, 1.2800e+02, 
 1DIAGNOSTIC,    61, -9.063250422478e-01, 7.797032594681e-06, 1.0496e+04, 1.2800e+02, 
 1DIAGNOSTIC,    62, -9.063829183578e-01, 7.502734661102e-06, 1.0624e+04, 1.2800e+02, 
 1DIAGNOSTIC,    63, -9.064377546310e-01, 7.241964340210e-06, 1.0752e+04, 1.2800e+02, 
 1DIAGNOSTIC,    64, -9.064940810204e-01, 6.975606083870e-06, 1.1008e+04, 2.5600e+02, 
 1DIAGNOSTIC,    65, -9.065514802933e-01, 6.658956408501e-06, 1.1136e+04, 1.2800e+02, 
 1DIAGNOSTIC,    66, -9.066041111946e-01, 6.340444087982e-06, 1.1264e+04, 1.2800e+02, 
 1DIAGNOSTIC,    67, -9.066610932350e-01, 6.068497896194e-06, 1.1392e+04, 1.2800e+02, 
 1DIAGNOSTIC,    68, -9.067190885544e-01, 5.850568413734e-06, 1.1520e+04, 1.2800e+02, 
 1DIAGNOSTIC,    69, -9.067624807358e-01, 5.614012479782e-06, 1.1648e+04, 1.2800e+02, 
 1DIAGNOSTIC,    70, -9.068124890327e-01, 5.438923835754e-06, 1.1904e+04, 2.5600e+02, 
XXDIAGNOSTIC,Iteration,metricValue,convergenceValue,ITERATION_TIME_INDEX,SINCE_LAST
 1DIAGNOSTIC,     1, -8.540703058243e-01, 1.797693134862e+308, 1.3184e+04, 1.2800e+03, 
 1DIAGNOSTIC,     2, -8.561820387840e-01, 1.797693134862e+308, 1.4336e+04, 1.1520e+03, 
 1DIAGNOSTIC,     3, -8.586760759354e-01, 1.797693134862e+308, 1.5616e+04, 1.2800e+03, 
 1DIAGNOSTIC,     4, -8.611248731613e-01, 1.797693134862e+308, 1.6896e+04, 1.2800e+03, 
 1DIAGNOSTIC,     5, -8.635321259499e-01, 1.797693134862e+308, 1.8176e+04, 1.2800e+03, 
 1DIAGNOSTIC,     6, -8.657518625259e-01, 1.797693134862e+308, 1.9328e+04, 1.1520e+03, 
 1DIAGNOSTIC,     7, -8.676555752754e-01, 1.797693134862e+308, 2.0608e+04, 1.2800e+03, 
 1DIAGNOSTIC,     8, -8.692212700844e-01, 1.797693134862e+308, 2.1888e+04, 1.2800e+03, 
 1DIAGNOSTIC,     9, -8.708055019379e-01, 1.797693134862e+308, 2.2912e+04, 1.0240e+03, 
 1DIAGNOSTIC,    10, -8.720927238464e-01, 1.372292637825e-03, 2.4064e+04, 1.1520e+03, 
 1DIAGNOSTIC,    11, -8.734250068665e-01, 1.160100102425e-03, 2.5216e+04, 1.1520e+03, 
 1DIAGNOSTIC,    12, -8.746185302734e-01, 9.689703583717e-04, 2.6368e+04, 1.1520e+03, 
 1DIAGNOSTIC,    13, -8.755520582199e-01, 8.057504892349e-04, 2.7520e+04, 1.1520e+03, 
 1DIAGNOSTIC,    14, -8.763855099678e-01, 6.690397858620e-04, 2.8672e+04, 1.1520e+03, 
 1DIAGNOSTIC,    15, -8.771491646767e-01, 5.582496523857e-04, 2.9696e+04, 1.0240e+03, 
 1DIAGNOSTIC,    16, -8.778452277184e-01, 4.693195223808e-04, 3.0848e+04, 1.1520e+03, 
 1DIAGNOSTIC,    17, -8.784959316254e-01, 3.964975476265e-04, 3.2000e+04, 1.1520e+03, 
 1DIAGNOSTIC,    18, -8.791137933731e-01, 3.345310688019e-04, 3.3152e+04, 1.1520e+03, 
 1DIAGNOSTIC,    19, -8.796825408936e-01, 2.849958837032e-04, 3.4304e+04, 1.1520e+03, 
 1DIAGNOSTIC,    20, -8.802139759064e-01, 2.434067428112e-04, 3.5456e+04, 1.1520e+03, 
 1DIAGNOSTIC,    21, -8.807227611542e-01, 2.115331590176e-04, 3.6608e+04, 1.1520e+03, 
 1DIAGNOSTIC,    22, -8.812135457993e-01, 1.876652240753e-04, 3.7632e+04, 1.0240e+03, 
 1DIAGNOSTIC,    23, -8.816851973534e-01, 1.681447029114e-04, 3.8784e+04, 1.1520e+03, 
 1DIAGNOSTIC,    24, -8.821481466293e-01, 1.520141959190e-04, 3.9936e+04, 1.1520e+03, 
 1DIAGNOSTIC,    25, -8.825907707214e-01, 1.385807991028e-04, 4.1088e+04, 1.1520e+03, 
 1DIAGNOSTIC,    26, -8.830319046974e-01, 1.273304224014e-04, 4.2240e+04, 1.1520e+03, 
 1DIAGNOSTIC,    27, -8.834624886513e-01, 1.179054379463e-04, 4.3392e+04, 1.1520e+03, 
 1DIAGNOSTIC,    28, -8.838902711868e-01, 1.101717352867e-04, 4.4544e+04, 1.1520e+03, 
 1DIAGNOSTIC,    29, -8.843224644661e-01, 1.037418842316e-04, 4.5568e+04, 1.0240e+03, 
 1DIAGNOSTIC,    30, -8.847490549088e-01, 9.830296039581e-05, 4.6720e+04, 1.1520e+03, 
 1DIAGNOSTIC,    31, -8.851739168167e-01, 9.367242455482e-05, 4.7872e+04, 1.1520e+03, 
 1DIAGNOSTIC,    32, -8.855892419815e-01, 8.964166045189e-05, 4.9024e+04, 1.1520e+03, 
 1DIAGNOSTIC,    33, -8.859930038452e-01, 8.596107363701e-05, 5.0176e+04, 1.1520e+03, 
 1DIAGNOSTIC,    34, -8.863774538040e-01, 8.240714669228e-05, 5.1328e+04, 1.1520e+03, 
 1DIAGNOSTIC,    35, -8.867690563202e-01, 7.896125316620e-05, 5.2352e+04, 1.0240e+03, 
 1DIAGNOSTIC,    36, -8.871458172798e-01, 7.556192576885e-05, 5.3504e+04, 1.1520e+03, 
 1DIAGNOSTIC,    37, -8.875231742859e-01, 7.223151624203e-05, 5.4656e+04, 1.1520e+03, 
 1DIAGNOSTIC,    38, -8.878926038742e-01, 6.899610161781e-05, 5.5808e+04, 1.1520e+03, 
 1DIAGNOSTIC,    39, -8.882459402084e-01, 6.587989628315e-05, 5.6960e+04, 1.1520e+03, 
 1DIAGNOSTIC,    40, -8.885712623596e-01, 6.272271275520e-05, 5.8112e+04, 1.1520e+03, 
 1DIAGNOSTIC,    41, -8.888667821884e-01, 5.943141877651e-05, 5.9264e+04, 1.1520e+03, 
 1DIAGNOSTIC,    42, -8.891423344612e-01, 5.596317350864e-05, 6.0288e+04, 1.0240e+03, 
 1DIAGNOSTIC,    43, -8.894028067589e-01, 5.231983959675e-05, 6.1440e+04, 1.1520e+03, 
 1DIAGNOSTIC,    44, -8.896534442902e-01, 4.852376878262e-05, 6.2592e+04, 1.1520e+03, 
 1DIAGNOSTIC,    45, -8.898763656616e-01, 4.468299448490e-05, 6.3744e+04, 1.1520e+03, 
 1DIAGNOSTIC,    46, -8.900915384293e-01, 4.091858863831e-05, 6.4896e+04, 1.1520e+03, 
 1DIAGNOSTIC,    47, -8.902894258499e-01, 3.737024962902e-05, 6.6048e+04, 1.1520e+03, 
 1DIAGNOSTIC,    48, -8.904826045036e-01, 3.420189023018e-05, 6.7200e+04, 1.1520e+03, 
 1DIAGNOSTIC,    49, -8.906614780426e-01, 3.140792250633e-05, 6.8224e+04, 1.0240e+03, 
 1DIAGNOSTIC,    50, -8.908315896988e-01, 2.894364297390e-05, 6.9376e+04, 1.1520e+03, 
XXDIAGNOSTIC,Iteration,metricValue,convergenceValue,ITERATION_TIME_INDEX,SINCE_LAST
 1DIAGNOSTIC,     1, -8.645324707031e-01, 1.797693134862e+308, 7.8848e+04, 9.4720e+03, 
 1DIAGNOSTIC,     2, -8.657388687134e-01, 1.797693134862e+308, 8.8192e+04, 9.3440e+03, 
 1DIAGNOSTIC,     3, -8.673639893532e-01, 1.797693134862e+308, 9.7408e+04, 9.2160e+03, 
 1DIAGNOSTIC,     4, -8.686686158180e-01, 1.797693134862e+308, 1.0662e+05, 9.2160e+03, 
 1DIAGNOSTIC,     5, -8.699086308479e-01, 1.797693134862e+308, 1.1597e+05, 9.3440e+03, 
 1DIAGNOSTIC,     6, -8.710294961929e-01, 1.797693134862e+308, 1.2518e+05, 9.2160e+03, 
 1DIAGNOSTIC,     7, -8.720498681068e-01, 1.797693134862e+308, 1.3440e+05, 9.2160e+03, 
 1DIAGNOSTIC,     8, -8.730118274689e-01, 1.797693134862e+308, 1.4362e+05, 9.2160e+03, 
 1DIAGNOSTIC,     9, -8.740068078041e-01, 1.797693134862e+308, 1.5283e+05, 9.2160e+03, 
 1DIAGNOSTIC,    10, -8.748189210892e-01, 7.622316479683e-04, 1.6205e+05, 9.2160e+03, 
 1DIAGNOSTIC,    11, -8.755126595497e-01, 6.454586982727e-04, 1.7139e+05, 9.3440e+03, 
