---------------------
Experiment information

SIF_IMG: /mnt/lustre/mathdugre/containers/ants-flint-base.simg
SIF_IMG_BASE: /mnt/lustre/mathdugre/containers/ants-flint-base.simg
EXPERIMENT_NAME: flint-vprec-single
STAGE: syn
SUBJECT_ID: s032
REPETITION_ID: 1

FIXED_IMG: /templateflow/tpl-MNI152NLin2009cAsym/tpl-MNI152NLin2009cAsym_res-01_desc-brain_T1w.nii.gz
INPUT_IMG: /mnt/lustre/mathdugre/fast-interpolate/datasets/ds004513/derivatives/flint/ants/flint-vprec-single/sub-s032/ses-open/anat/00/1_Affine.nii.gz

DATA_DIR: /mnt/lustre/mathdugre/fast-interpolate/datasets/ds004513
OUTPUT_DIR: /mnt/lustre/mathdugre/fast-interpolate/datasets/ds004513/derivatives/flint/ants/flint-vprec-single/sub-s032/ses-open/anat
OUTPUT_PREFIX: 000
THREAD: 1
FLOAT: 0
VFC_BACKENDS: ieee
---------------------

--output [/mnt/lustre/mathdugre/fast-interpolate/datasets/ds004513/derivatives/flint/ants/flint-vprec-single/sub-s032/ses-open/anat/000/1_,/mnt/lustre/mathdugre/fast-interpolate/datasets/ds004513/derivatives/flint/ants/flint-vprec-single/sub-s032/ses-open/anat/000/1_Warped.nii.gz,/mnt/lustre/mathdugre/fast-interpolate/datasets/ds004513/derivatives/flint/ants/flint-vprec-single/sub-s032/ses-open/anat/000/1_InverseSyN.nii.gz] --initial-moving-transform [/templateflow/tpl-MNI152NLin2009cAsym/tpl-MNI152NLin2009cAsym_res-01_desc-brain_T1w.nii.gz,/mnt/lustre/mathdugre/fast-interpolate/datasets/ds004513/derivatives/flint/ants/flint-vprec-single/sub-s032/ses-open/anat/00/1_Affine.nii.gz,1] --transform SyN[ 0.1,3,0 ] --metric CC[/templateflow/tpl-MNI152NLin2009cAsym/tpl-MNI152NLin2009cAsym_res-01_desc-brain_T1w.nii.gz,/mnt/lustre/mathdugre/fast-interpolate/datasets/ds004513/derivatives/flint/ants/flint-vprec-single/sub-s032/ses-open/anat/00/1_Affine.nii.gz,1,4] --convergence [100x70x50x20,1e-6,10] --shrink-factors 8x4x2x1 --smoothing-sigmas 3x2x1x0vox
All_Command_lines_OK
Using double precision for computations.
=============================================================================
The composite transform comprises the following transforms (in order): 
  1. Center of mass alignment using fixed image: /templateflow/tpl-MNI152NLin2009cAsym/tpl-MNI152NLin2009cAsym_res-01_desc-brain_T1w.nii.gz and moving image: /mnt/lustre/mathdugre/fast-interpolate/datasets/ds004513/derivatives/flint/ants/flint-vprec-single/sub-s032/ses-open/anat/00/1_Affine.nii.gz (type = Euler3DTransform)
=============================================================================
  number of levels = 4
  fixed image: /templateflow/tpl-MNI152NLin2009cAsym/tpl-MNI152NLin2009cAsym_res-01_desc-brain_T1w.nii.gz
  moving image: /mnt/lustre/mathdugre/fast-interpolate/datasets/ds004513/derivatives/flint/ants/flint-vprec-single/sub-s032/ses-open/anat/00/1_Affine.nii.gz
Dimension = 3
Number of stages = 1
Use histogram matching = false
Winsorize image intensities = true
  Lower quantile = 0.005
  Upper quantile = 0.995


Stage 1 State
   Image metric = CC
     Fixed image = Image (0x55e65ba0ca00)
  RTTI typeinfo:   itk::Image<double, 3u>
  Reference Count: 2
  Modified Time: 1622
  Debug: Off
  Object Name: 
  Observers: 
    none
  Source: (none)
  Source output name: (none)
  Release Data: Off
  Data Released: False
  Global Release Data: Off
  PipelineMTime: 0
  UpdateMTime: 1407
  RealTimeStamp: 0 seconds 
  LargestPossibleRegion: 
    Dimension: 3
    Index: [0, 0, 0]
    Size: [193, 229, 193]
  BufferedRegion: 
    Dimension: 3
    Index: [0, 0, 0]
    Size: [193, 229, 193]
  RequestedRegion: 
    Dimension: 3
    Index: [0, 0, 0]
    Size: [193, 229, 193]
  Spacing: [1, 1, 1]
  Origin: [96, 132, -78]
  Direction: 
-1 0 0
0 -1 0
0 0 1

  IndexToPointMatrix: 
-1 0 0
0 -1 0
0 0 1

  PointToIndexMatrix: 
-1 0 0
0 -1 0
0 0 1

  Inverse Direction: 
-1 0 0
0 -1 0
0 0 1

  PixelContainer: 
    ImportImageContainer (0x55e65baa0d50)
      RTTI typeinfo:   itk::ImportImageContainer<unsigned long, double>
      Reference Count: 1
      Modified Time: 1404
      Debug: Off
      Object Name: 
      Observers: 
        none
      Pointer: 0x7f7148dcd010
      Container manages memory: true
      Size: 8530021
      Capacity: 8530021

     Moving image = Image (0x55e65ba13870)
  RTTI typeinfo:   itk::Image<double, 3u>
  Reference Count: 2
  Modified Time: 1623
  Debug: Off
  Object Name: 
  Observers: 
    none
  Source: (none)
  Source output name: (none)
  Release Data: Off
  Data Released: False
  Global Release Data: Off
  PipelineMTime: 0
  UpdateMTime: 1620
  RealTimeStamp: 0 seconds 
  LargestPossibleRegion: 
    Dimension: 3
    Index: [0, 0, 0]
    Size: [193, 229, 193]
  BufferedRegion: 
    Dimension: 3
    Index: [0, 0, 0]
    Size: [193, 229, 193]
  RequestedRegion: 
    Dimension: 3
    Index: [0, 0, 0]
    Size: [193, 229, 193]
  Spacing: [1, 1, 1]
  Origin: [96, 132, -78]
  Direction: 
-1 0 0
0 -1 0
0 0 1

  IndexToPointMatrix: 
-1 0 0
0 -1 0
0 0 1

  PointToIndexMatrix: 
-1 0 0
0 -1 0
0 0 1

  Inverse Direction: 
-1 0 0
0 -1 0
0 0 1

  PixelContainer: 
    ImportImageContainer (0x55e65bab7d90)
      RTTI typeinfo:   itk::ImportImageContainer<unsigned long, double>
      Reference Count: 1
      Modified Time: 1617
      Debug: Off
      Object Name: 
      Observers: 
        none
      Pointer: 0x7f7144cb8010
      Container manages memory: true
      Size: 8530021
      Capacity: 8530021

     Weighting = 1
     Sampling strategy = none
     Number of bins = 32
     Radius = 4
     Sampling percentage  = 1
   Transform = SyN
     Gradient step = 0.1
     Update field sigma (voxel space) = 3
     Total field sigma (voxel space) = 0
     Update field time sigma = 0
     Total field time sigma  = 0
     Number of time indices = 0
     Number of time point samples = 0
Registration using 1 total stages.

Stage 0
  iterations = 100x70x50x20
  convergence threshold = 1e-06
  convergence window size = 10
  number of levels = 4
  using the CC metric (radius = 4, weight = 1, use gradient filter = 0)
  preprocessing:  winsorizing the image intensities
  Shrink factors (level 1 out of 4): [8, 8, 8]
  Shrink factors (level 2 out of 4): [4, 4, 4]
  Shrink factors (level 3 out of 4): [2, 2, 2]
  Shrink factors (level 4 out of 4): [1, 1, 1]
  smoothing sigmas per level: [3, 2, 1, 0]
  Using default NONE metricSamplingStrategy 

*** Running SyN registration (varianceForUpdateField = 3, varianceForTotalField = 0) ***

XXDIAGNOSTIC,Iteration,metricValue,convergenceValue,ITERATION_TIME_INDEX,SINCE_LAST
 1DIAGNOSTIC,     1, -8.399600555906e-01, 1.797693134862e+308, 2.1449e+00, 2.1449e+00, 
 1DIAGNOSTIC,     2, -8.546665903048e-01, 1.797693134862e+308, 2.8923e+00, 7.4746e-01, 
 1DIAGNOSTIC,     3, -8.683467892876e-01, 1.797693134862e+308, 3.6394e+00, 7.4713e-01, 
 1DIAGNOSTIC,     4, -8.801071425712e-01, 1.797693134862e+308, 4.3830e+00, 7.4356e-01, 
 1DIAGNOSTIC,     5, -8.899379627233e-01, 1.797693134862e+308, 5.1202e+00, 7.3722e-01, 
 1DIAGNOSTIC,     6, -8.969927916495e-01, 1.797693134862e+308, 5.8577e+00, 7.3751e-01, 
 1DIAGNOSTIC,     7, -9.031603634085e-01, 1.797693134862e+308, 6.5977e+00, 7.3995e-01, 
 1DIAGNOSTIC,     8, -9.084638243173e-01, 1.797693134862e+308, 7.3481e+00, 7.5042e-01, 
 1DIAGNOSTIC,     9, -9.130692625375e-01, 1.797693134862e+308, 8.0979e+00, 7.4982e-01, 
 1DIAGNOSTIC,    10, -9.165926091744e-01, 5.377336493208e-03, 8.8483e+00, 7.5035e-01, 
 1DIAGNOSTIC,    11, -9.196795423434e-01, 4.065977088448e-03, 9.5970e+00, 7.4871e-01, 
 1DIAGNOSTIC,    12, -9.218411348177e-01, 3.057890365564e-03, 1.0347e+01, 7.4984e-01, 
 1DIAGNOSTIC,    13, -9.234774947567e-01, 2.303305321273e-03, 1.1096e+01, 7.4963e-01, 
 1DIAGNOSTIC,    14, -9.248107385310e-01, 1.743264316969e-03, 1.1844e+01, 7.4798e-01, 
 1DIAGNOSTIC,    15, -9.258962942240e-01, 1.328991354527e-03, 1.2594e+01, 7.4973e-01, 
 1DIAGNOSTIC,    16, -9.268861808130e-01, 1.003101507781e-03, 1.3343e+01, 7.4889e-01, 
 1DIAGNOSTIC,    17, -9.276162668837e-01, 7.507337501476e-04, 1.4092e+01, 7.4899e-01, 
 1DIAGNOSTIC,    18, -9.283908177058e-01, 5.629819272466e-04, 1.4838e+01, 7.4644e-01, 
 1DIAGNOSTIC,    19, -9.290583317345e-01, 4.297266455086e-04, 1.5582e+01, 7.4394e-01, 
 1DIAGNOSTIC,    20, -9.296409032990e-01, 3.338195942144e-04, 1.6326e+01, 7.4359e-01, 
 1DIAGNOSTIC,    21, -9.302926466892e-01, 2.715079140395e-04, 1.7071e+01, 7.4523e-01, 
 1DIAGNOSTIC,    22, -9.308939375679e-01, 2.286283101515e-04, 1.7820e+01, 7.4877e-01, 
 1DIAGNOSTIC,    23, -9.314538309224e-01, 1.977964123767e-04, 1.8567e+01, 7.4679e-01, 
 1DIAGNOSTIC,    24, -9.318731692531e-01, 1.737091173273e-04, 1.9312e+01, 7.4564e-01, 
 1DIAGNOSTIC,    25, -9.324218833020e-01, 1.555895239003e-04, 2.0060e+01, 7.4711e-01, 
 1DIAGNOSTIC,    26, -9.329732962273e-01, 1.426500116480e-04, 2.0804e+01, 7.4401e-01, 
 1DIAGNOSTIC,    27, -9.334301492849e-01, 1.308140441112e-04, 2.1551e+01, 7.4793e-01, 
 1DIAGNOSTIC,    28, -9.340402941736e-01, 1.228686848442e-04, 2.2301e+01, 7.4947e-01, 
 1DIAGNOSTIC,    29, -9.345778278831e-01, 1.167671086286e-04, 2.3046e+01, 7.4534e-01, 
 1DIAGNOSTIC,    30, -9.351618457255e-01, 1.120641418608e-04, 2.3799e+01, 7.5316e-01, 
 1DIAGNOSTIC,    31, -9.358187240775e-01, 1.100998063952e-04, 2.4548e+01, 7.4876e-01, 
 1DIAGNOSTIC,    32, -9.364272919242e-01, 1.094905424901e-04, 2.5298e+01, 7.4964e-01, 
 1DIAGNOSTIC,    33, -9.371988852076e-01, 1.110395939482e-04, 2.6045e+01, 7.4748e-01, 
 1DIAGNOSTIC,    34, -9.378481474608e-01, 1.116096217078e-04, 2.6793e+01, 7.4742e-01, 
 1DIAGNOSTIC,    35, -9.386670540353e-01, 1.136044489649e-04, 2.7541e+01, 7.4827e-01, 
 1DIAGNOSTIC,    36, -9.393693162204e-01, 1.154118719808e-04, 2.8286e+01, 7.4488e-01, 
 1DIAGNOSTIC,    37, -9.399286889273e-01, 1.145754832052e-04, 2.9035e+01, 7.4904e-01, 
 1DIAGNOSTIC,    38, -9.405598284104e-01, 1.129723220896e-04, 2.9783e+01, 7.4822e-01, 
 1DIAGNOSTIC,    39, -9.411559544954e-01, 1.096217037956e-04, 3.0527e+01, 7.4413e-01, 
 1DIAGNOSTIC,    40, -9.416074226863e-01, 1.039192066059e-04, 3.1272e+01, 7.4473e-01, 
 1DIAGNOSTIC,    41, -9.421404375399e-01, 9.753970948299e-05, 3.2015e+01, 7.4316e-01, 
 1DIAGNOSTIC,    42, -9.425326126319e-01, 8.946678053908e-05, 3.2763e+01, 7.4761e-01, 
 1DIAGNOSTIC,    43, -9.428993363437e-01, 8.139253476059e-05, 3.3509e+01, 7.4607e-01, 
 1DIAGNOSTIC,    44, -9.432386913550e-01, 7.278648733010e-05, 3.4256e+01, 7.4679e-01, 
 1DIAGNOSTIC,    45, -9.436355357531e-01, 6.590242914246e-05, 3.5003e+01, 7.4698e-01, 
 1DIAGNOSTIC,    46, -9.439138205835e-01, 5.956504268191e-05, 3.5748e+01, 7.4494e-01, 
 1DIAGNOSTIC,    47, -9.441761360466e-01, 5.317233901499e-05, 3.6491e+01, 7.4315e-01, 
 1DIAGNOSTIC,    48, -9.444186791954e-01, 4.755933277743e-05, 3.7233e+01, 7.4251e-01, 
 1DIAGNOSTIC,    49, -9.447693360885e-01, 4.357492162192e-05, 3.7976e+01, 7.4278e-01, 
 1DIAGNOSTIC,    50, -9.449685077917e-01, 3.953589360391e-05, 3.8724e+01, 7.4782e-01, 
 1DIAGNOSTIC,    51, -9.451569287595e-01, 3.623638231981e-05, 3.9470e+01, 7.4627e-01, 
 1DIAGNOSTIC,    52, -9.453318108228e-01, 3.297662348051e-05, 4.0218e+01, 7.4795e-01, 
 1DIAGNOSTIC,    53, -9.454924651387e-01, 2.975376694802e-05, 4.0967e+01, 7.4850e-01, 
 1DIAGNOSTIC,    54, -9.456316919633e-01, 2.651187630742e-05, 4.1715e+01, 7.4836e-01, 
 1DIAGNOSTIC,    55, -9.457498507174e-01, 2.374176736494e-05, 4.2461e+01, 7.4582e-01, 
 1DIAGNOSTIC,    56, -9.458421606234e-01, 2.086241742586e-05, 4.3211e+01, 7.5032e-01, 
 1DIAGNOSTIC,    57, -9.458930844072e-01, 1.780590954066e-05, 4.3965e+01, 7.5396e-01, 
 1DIAGNOSTIC,    58, -9.459297217637e-01, 1.463752388914e-05, 4.4714e+01, 7.4863e-01, 
 1DIAGNOSTIC,    59, -9.459444744552e-01, 1.210547947141e-05, 4.5460e+01, 7.4678e-01, 
 1DIAGNOSTIC,    60, -9.459364087152e-01, 9.508927614289e-06, 4.6207e+01, 7.4629e-01, 
 1DIAGNOSTIC,    61, -9.458961182911e-01, 6.869096964034e-06, 4.6953e+01, 7.4659e-01, 
 1DIAGNOSTIC,    62, -9.458545582299e-01, 4.358453747327e-06, 4.7699e+01, 7.4589e-01, 
 1DIAGNOSTIC,    63, -9.458056275364e-01, 2.095219126367e-06, 4.8446e+01, 7.4718e-01, 
 1DIAGNOSTIC,    64, -9.457474503787e-01, 1.312421669328e-07, 4.9194e+01, 7.4717e-01, 
XXDIAGNOSTIC,Iteration,metricValue,convergenceValue,ITERATION_TIME_INDEX,SINCE_LAST
 1DIAGNOSTIC,     1, -8.681157814893e-01, 1.797693134862e+308, 5.6835e+01, 7.6410e+00, 
 1DIAGNOSTIC,     2, -8.704916803646e-01, 1.797693134862e+308, 6.2973e+01, 6.1385e+00, 
 1DIAGNOSTIC,     3, -8.735744880126e-01, 1.797693134862e+308, 6.9117e+01, 6.1434e+00, 
 1DIAGNOSTIC,     4, -8.762933416588e-01, 1.797693134862e+308, 7.5283e+01, 6.1664e+00, 
 1DIAGNOSTIC,     5, -8.786067389130e-01, 1.797693134862e+308, 8.1446e+01, 6.1630e+00, 
 1DIAGNOSTIC,     6, -8.804854126146e-01, 1.797693134862e+308, 8.7604e+01, 6.1585e+00, 
 1DIAGNOSTIC,     7, -8.821416305991e-01, 1.797693134862e+308, 9.3755e+01, 6.1511e+00, 
 1DIAGNOSTIC,     8, -8.836218611928e-01, 1.797693134862e+308, 9.9897e+01, 6.1413e+00, 
 1DIAGNOSTIC,     9, -8.849772502692e-01, 1.797693134862e+308, 1.0606e+02, 6.1642e+00, 
 1DIAGNOSTIC,    10, -8.862361530554e-01, 1.325468078321e-03, 1.1227e+02, 6.2046e+00, 
 1DIAGNOSTIC,    11, -8.874212692880e-01, 1.081408038599e-03, 1.1845e+02, 6.1798e+00, 
 1DIAGNOSTIC,    12, -8.883737429725e-01, 8.697644785357e-04, 1.2465e+02, 6.2064e+00, 
 1DIAGNOSTIC,    13, -8.894664487236e-01, 7.151229286428e-04, 1.3086e+02, 6.2048e+00, 
 1DIAGNOSTIC,    14, -8.903391153756e-01, 5.996136183255e-04, 1.3705e+02, 6.1925e+00, 
 1DIAGNOSTIC,    15, -8.911021953996e-01, 5.104213100035e-04, 1.4325e+02, 6.2029e+00, 
 1DIAGNOSTIC,    16, -8.917581513521e-01, 4.363018214097e-04, 1.4944e+02, 6.1842e+00, 
 1DIAGNOSTIC,    17, -8.923263639359e-01, 3.726362232876e-04, 1.5561e+02, 6.1776e+00, 
 1DIAGNOSTIC,    18, -8.928430510054e-01, 3.170925651246e-04, 1.6180e+02, 6.1892e+00, 
 1DIAGNOSTIC,    19, -8.933113403075e-01, 2.686647118292e-04, 1.6801e+02, 6.2090e+00, 
 1DIAGNOSTIC,    20, -8.938624849025e-01, 2.290551874842e-04, 1.7417e+02, 6.1557e+00, 
 1DIAGNOSTIC,    21, -8.941847309677e-01, 1.948488694851e-04, 1.8035e+02, 6.1785e+00, 
 1DIAGNOSTIC,    22, -8.945843290813e-01, 1.652071393289e-04, 1.8654e+02, 6.1947e+00, 
 1DIAGNOSTIC,    23, -8.948885437025e-01, 1.421063297247e-04, 1.9271e+02, 6.1653e+00, 
 1DIAGNOSTIC,    24, -8.951046730418e-01, 1.221050167270e-04, 1.9890e+02, 6.1906e+00, 
 1DIAGNOSTIC,    25, -8.951317368036e-01, 1.023611226329e-04, 2.0508e+02, 6.1879e+00, 
 1DIAGNOSTIC,    26, -8.951349178535e-01, 8.271145521625e-05, 2.1127e+02, 6.1885e+00, 
 1DIAGNOSTIC,    27, -8.952968036385e-01, 6.545257063414e-05, 2.1750e+02, 6.2266e+00, 
 1DIAGNOSTIC,    28, -8.952732550956e-01, 4.886634841927e-05, 2.2373e+02, 6.2335e+00, 
 1DIAGNOSTIC,    29, -8.954305683265e-01, 3.574845204058e-05, 2.2992e+02, 6.1828e+00, 
 1DIAGNOSTIC,    30, -8.954223868972e-01, 2.599811859855e-05, 2.3613e+02, 6.2157e+00, 
 1DIAGNOSTIC,    31, -8.954459020216e-01, 1.805672842378e-05, 2.4237e+02, 6.2380e+00, 
 1DIAGNOSTIC,    32, -8.955103085312e-01, 1.357493628622e-05, 2.4860e+02, 6.2336e+00, 
 1DIAGNOSTIC,    33, -8.956122207496e-01, 1.202892659345e-05, 2.5485e+02, 6.2485e+00, 
 1DIAGNOSTIC,    34, -8.957483363100e-01, 1.281429898795e-05, 2.6105e+02, 6.1958e+00, 
 1DIAGNOSTIC,    35, -8.959304884193e-01, 1.433074439266e-05, 2.6725e+02, 6.1986e+00, 
 1DIAGNOSTIC,    36, -8.961542653501e-01, 1.645781894453e-05, 2.7342e+02, 6.1784e+00, 
 1DIAGNOSTIC,    37, -8.964238917494e-01, 2.070375790332e-05, 2.7961e+02, 6.1874e+00, 
 1DIAGNOSTIC,    38, -8.967013136173e-01, 2.489564529896e-05, 2.8583e+02, 6.2227e+00, 
 1DIAGNOSTIC,    39, -8.969898607556e-01, 3.020623897610e-05, 2.9203e+02, 6.1952e+00, 
 1DIAGNOSTIC,    40, -8.972657509958e-01, 3.455849747043e-05, 2.9825e+02, 6.2217e+00, 
 1DIAGNOSTIC,    41, -8.975288579028e-01, 3.767783058104e-05, 3.0447e+02, 6.2227e+00, 
 1DIAGNOSTIC,    42, -8.977818551691e-01, 3.950433002118e-05, 3.1068e+02, 6.2079e+00, 
 1DIAGNOSTIC,    43, -8.980266542399e-01, 4.008430583373e-05, 3.1690e+02, 6.2189e+00, 
 1DIAGNOSTIC,    44, -8.982646623778e-01, 3.955581147782e-05, 3.2309e+02, 6.1931e+00, 
 1DIAGNOSTIC,    45, -8.984978714990e-01, 3.824579317974e-05, 3.2928e+02, 6.1844e+00, 
 1DIAGNOSTIC,    46, -8.987249167400e-01, 3.648639134287e-05, 3.3548e+02, 6.2058e+00, 
 1DIAGNOSTIC,    47, -8.989484175624e-01, 3.468145616859e-05, 3.4168e+02, 6.1986e+00, 
 1DIAGNOSTIC,    48, -8.991456085481e-01, 3.280532560649e-05, 3.4788e+02, 6.2014e+00, 
 1DIAGNOSTIC,    49, -8.993204292596e-01, 3.090455286491e-05, 3.5407e+02, 6.1868e+00, 
 1DIAGNOSTIC,    50, -8.994693450333e-01, 2.885560344356e-05, 3.6026e+02, 6.1913e+00, 
 1DIAGNOSTIC,    51, -8.995998307319e-01, 2.661061298849e-05, 3.6650e+02, 6.2421e+00, 
 1DIAGNOSTIC,    52, -8.997166760611e-01, 2.419679104804e-05, 3.7271e+02, 6.2070e+00, 
 1DIAGNOSTIC,    53, -8.998176753067e-01, 2.166335531628e-05, 3.7891e+02, 6.1988e+00, 
 1DIAGNOSTIC,    54, -8.999160595781e-01, 1.916389845745e-05, 3.8512e+02, 6.2111e+00, 
 1DIAGNOSTIC,    55, -9.000024912190e-01, 1.680051033900e-05, 3.9132e+02, 6.1932e+00, 
 1DIAGNOSTIC,    56, -9.000861568693e-01, 1.470797031649e-05, 3.9754e+02, 6.2229e+00, 
 1DIAGNOSTIC,    57, -9.001635290873e-01, 1.299073765209e-05, 4.0377e+02, 6.2343e+00, 
 1DIAGNOSTIC,    58, -9.002358847444e-01, 1.159909928229e-05, 4.0999e+02, 6.2178e+00, 
 1DIAGNOSTIC,    59, -9.003017582892e-01, 1.047538079177e-05, 4.1621e+02, 6.2217e+00, 
 1DIAGNOSTIC,    60, -9.003676992269e-01, 9.559935951281e-06, 4.2242e+02, 6.2055e+00, 
 1DIAGNOSTIC,    61, -9.004300292959e-01, 8.799210726097e-06, 4.2861e+02, 6.1952e+00, 
 1DIAGNOSTIC,    62, -9.004832676793e-01, 8.128896491523e-06, 4.3479e+02, 6.1750e+00, 
 1DIAGNOSTIC,    63, -9.005422408457e-01, 7.545552218966e-06, 4.4101e+02, 6.2178e+00, 
 1DIAGNOSTIC,    64, -9.006003988957e-01, 7.071684765925e-06, 4.4722e+02, 6.2152e+00, 
 1DIAGNOSTIC,    65, -9.006524765389e-01, 6.647705753891e-06, 4.5344e+02, 6.2161e+00, 
 1DIAGNOSTIC,    66, -9.006848882234e-01, 6.195322555292e-06, 4.5965e+02, 6.2186e+00, 
 1DIAGNOSTIC,    67, -9.007219520577e-01, 5.745101523999e-06, 4.6587e+02, 6.2172e+00, 
 1DIAGNOSTIC,    68, -9.007594424849e-01, 5.308028501419e-06, 4.7208e+02, 6.2080e+00, 
 1DIAGNOSTIC,    69, -9.007888685109e-01, 4.848352113762e-06, 4.7831e+02, 6.2259e+00, 
 1DIAGNOSTIC,    70, -9.008259664227e-01, 4.441658338825e-06, 4.8451e+02, 6.2061e+00, 
XXDIAGNOSTIC,Iteration,metricValue,convergenceValue,ITERATION_TIME_INDEX,SINCE_LAST
 1DIAGNOSTIC,     1, -8.491399023160e-01, 1.797693134862e+308, 5.3640e+02, 5.1890e+01, 
 1DIAGNOSTIC,     2, -8.510220126522e-01, 1.797693134862e+308, 5.8591e+02, 4.9511e+01, 
 1DIAGNOSTIC,     3, -8.532264777026e-01, 1.797693134862e+308, 6.3546e+02, 4.9543e+01, 
 1DIAGNOSTIC,     4, -8.553940845385e-01, 1.797693134862e+308, 6.8521e+02, 4.9751e+01, 
 1DIAGNOSTIC,     5, -8.574777761105e-01, 1.797693134862e+308, 7.3499e+02, 4.9782e+01, 
 1DIAGNOSTIC,     6, -8.594690288962e-01, 1.797693134862e+308, 7.8490e+02, 4.9909e+01, 
 1DIAGNOSTIC,     7, -8.612425042415e-01, 1.797693134862e+308, 8.3485e+02, 4.9952e+01, 
 1DIAGNOSTIC,     8, -8.627246273903e-01, 1.797693134862e+308, 8.8489e+02, 5.0039e+01, 
 1DIAGNOSTIC,     9, -8.640647641229e-01, 1.797693134862e+308, 9.3488e+02, 4.9985e+01, 
 1DIAGNOSTIC,    10, -8.652802245323e-01, 1.237632931431e-03, 9.8480e+02, 4.9926e+01, 
 1DIAGNOSTIC,    11, -8.663956384306e-01, 1.048033815538e-03, 1.0348e+03, 4.9980e+01, 
 1DIAGNOSTIC,    12, -8.674199818329e-01, 8.755298459451e-04, 1.0847e+03, 4.9937e+01, 
 1DIAGNOSTIC,    13, -8.683678819637e-01, 7.301621175624e-04, 1.1349e+03, 5.0136e+01, 
 1DIAGNOSTIC,    14, -8.692469605472e-01, 6.106594325595e-04, 1.1849e+03, 5.0015e+01, 
 1DIAGNOSTIC,    15, -8.700673461569e-01, 5.147413619091e-04, 1.2348e+03, 4.9975e+01, 
 1DIAGNOSTIC,    16, -8.708348513833e-01, 4.400419474289e-04, 1.2848e+03, 4.9958e+01, 
 1DIAGNOSTIC,    17, -8.715559672379e-01, 3.816815244503e-04, 1.3347e+03, 4.9920e+01, 
 1DIAGNOSTIC,    18, -8.722385568747e-01, 3.339043675046e-04, 1.3848e+03, 5.0031e+01, 
 1DIAGNOSTIC,    19, -8.728864538216e-01, 2.944478701066e-04, 1.4347e+03, 4.9982e+01, 
 1DIAGNOSTIC,    20, -8.735039092298e-01, 2.615485676133e-04, 1.4847e+03, 5.0012e+01, 
 1DIAGNOSTIC,    21, -8.740914534964e-01, 2.339332468987e-04, 1.5347e+03, 4.9927e+01, 
 1DIAGNOSTIC,    22, -8.746552019098e-01, 2.105849463486e-04, 1.5846e+03, 4.9960e+01, 
 1DIAGNOSTIC,    23, -8.751947544522e-01, 1.907014180187e-04, 1.6345e+03, 4.9908e+01, 
 1DIAGNOSTIC,    24, -8.757155825409e-01, 1.736592414750e-04, 1.6845e+03, 4.9928e+01, 
 1DIAGNOSTIC,    25, -8.762192867309e-01, 1.589778924688e-04, 1.7345e+03, 5.0057e+01, 
 1DIAGNOSTIC,    26, -8.767003115177e-01, 1.461609611676e-04, 1.7846e+03, 5.0030e+01, 
 1DIAGNOSTIC,    27, -8.771505350501e-01, 1.346986633434e-04, 1.8345e+03, 4.9918e+01, 
 1DIAGNOSTIC,    28, -8.775770812336e-01, 1.242937150901e-04, 1.8843e+03, 4.9874e+01, 
 1DIAGNOSTIC,    29, -8.779889483814e-01, 1.148074352007e-04, 1.9343e+03, 4.9962e+01, 
 1DIAGNOSTIC,    30, -8.783903665814e-01, 1.061907962895e-04, 1.9843e+03, 4.9999e+01, 
 1DIAGNOSTIC,    31, -8.787853392452e-01, 9.842837348006e-05, 2.0343e+03, 4.9957e+01, 
 1DIAGNOSTIC,    32, -8.791735018651e-01, 9.154085154543e-05, 2.0844e+03, 5.0108e+01, 
 1DIAGNOSTIC,    33, -8.795530091428e-01, 8.548528929029e-05, 2.1343e+03, 4.9912e+01, 
 1DIAGNOSTIC,    34, -8.799198586096e-01, 8.019578936638e-05, 2.1843e+03, 5.0002e+01, 
 1DIAGNOSTIC,    35, -8.802736161679e-01, 7.558760503068e-05, 2.2342e+03, 4.9900e+01, 
 1DIAGNOSTIC,    36, -8.806189663892e-01, 7.154464248469e-05, 2.2842e+03, 5.0010e+01, 
 1DIAGNOSTIC,    37, -8.809547566368e-01, 6.785034965493e-05, 2.3342e+03, 4.9977e+01, 
 1DIAGNOSTIC,    38, -8.812834903433e-01, 6.438158684399e-05, 2.3842e+03, 4.9990e+01, 
 1DIAGNOSTIC,    39, -8.816029857109e-01, 6.108210869160e-05, 2.4341e+03, 4.9900e+01, 
 1DIAGNOSTIC,    40, -8.819163231252e-01, 5.796134895186e-05, 2.4840e+03, 4.9891e+01, 
 1DIAGNOSTIC,    41, -8.822184220408e-01, 5.501628739059e-05, 2.5339e+03, 4.9958e+01, 
 1DIAGNOSTIC,    42, -8.825045148206e-01, 5.220330380106e-05, 2.5838e+03, 4.9933e+01, 
 1DIAGNOSTIC,    43, -8.827782629661e-01, 4.949966820588e-05, 2.6337e+03, 4.9879e+01, 
 1DIAGNOSTIC,    44, -8.830402026280e-01, 4.685990643383e-05, 2.6837e+03, 4.9924e+01, 
 1DIAGNOSTIC,    45, -8.832903472321e-01, 4.424402692980e-05, 2.7336e+03, 4.9996e+01, 
 1DIAGNOSTIC,    46, -8.835335599869e-01, 4.169349745555e-05, 2.7837e+03, 5.0002e+01, 
 1DIAGNOSTIC,    47, -8.837674652180e-01, 3.922587115629e-05, 2.8335e+03, 4.9833e+01, 
 1DIAGNOSTIC,    48, -8.839920964602e-01, 3.687763871806e-05, 2.8835e+03, 4.9990e+01, 
 1DIAGNOSTIC,    49, -8.842100668881e-01, 3.468231214118e-05, 2.9335e+03, 4.9991e+01, 
 1DIAGNOSTIC,    50, -8.844188775098e-01, 3.266918818426e-05, 2.9834e+03, 4.9966e+01, 
XXDIAGNOSTIC,Iteration,metricValue,convergenceValue,ITERATION_TIME_INDEX,SINCE_LAST
 1DIAGNOSTIC,     1, -8.579050976974e-01, 1.797693134862e+308, 3.3961e+03, 4.1266e+02, 
 1DIAGNOSTIC,     2, -8.584813406681e-01, 1.797693134862e+308, 3.8032e+03, 4.0706e+02, 
 1DIAGNOSTIC,     3, -8.594776260344e-01, 1.797693134862e+308, 4.2103e+03, 4.0716e+02, 
 1DIAGNOSTIC,     4, -8.604913499687e-01, 1.797693134862e+308, 4.6174e+03, 4.0712e+02, 
 1DIAGNOSTIC,     5, -8.614838847646e-01, 1.797693134862e+308, 5.0237e+03, 4.0623e+02, 
 1DIAGNOSTIC,     6, -8.624907029537e-01, 1.797693134862e+308, 5.4314e+03, 4.0777e+02, 
 1DIAGNOSTIC,     7, -8.634292835392e-01, 1.797693134862e+308, 5.8373e+03, 4.0585e+02, 
 1DIAGNOSTIC,     8, -8.642874717190e-01, 1.797693134862e+308, 6.2427e+03, 4.0536e+02, 
 1DIAGNOSTIC,     9, -8.651185971655e-01, 1.797693134862e+308, 6.6481e+03, 4.0543e+02, 
 1DIAGNOSTIC,    10, -8.658973902378e-01, 6.199899688896e-04, 7.0553e+03, 4.0720e+02, 
 1DIAGNOSTIC,    11, -8.666186096234e-01, 5.559430486824e-04, 7.4607e+03, 4.0542e+02, 
 1DIAGNOSTIC,    12, -8.671700793409e-01, 4.834171408911e-04, 7.8677e+03, 4.0695e+02, 
 1DIAGNOSTIC,    13, -8.677424005430e-01, 4.180125992540e-04, 8.2746e+03, 4.0692e+02, 
 1DIAGNOSTIC,    14, -8.681708591900e-01, 3.577119108008e-04, 8.6815e+03, 4.0691e+02, 
 1DIAGNOSTIC,    15, -8.685810691617e-01, 3.033996422569e-04, 9.0868e+03, 4.0532e+02, 
 1DIAGNOSTIC,    16, -8.689720552647e-01, 2.566620324565e-04, 9.4936e+03, 4.0684e+02, 
 1DIAGNOSTIC,    17, -8.694368851552e-01, 2.188536662110e-04, 9.9007e+03, 4.0703e+02, 
 1DIAGNOSTIC,    18, -8.698161699639e-01, 1.874947199008e-04, 1.0307e+04, 4.0678e+02, 
 1DIAGNOSTIC,    19, -8.702049879020e-01, 1.630924442264e-04, 1.0714e+04, 4.0669e+02, 
 1DIAGNOSTIC,    20, -8.705959226737e-01, 1.451317446632e-04, 1.1095e+04, 3.8048e+02, 
  Elapsed time (stage 0): 11097.2


Total elapsed time: 11097.2
-i /mnt/lustre/mathdugre/fast-interpolate/datasets/ds004513/derivatives/flint/ants/flint-vprec-single/sub-s032/ses-open/anat/00/1_Affine.nii.gz -o /mnt/lustre/mathdugre/fast-interpolate/datasets/ds004513/derivatives/flint/ants/flint-vprec-single/sub-s032/ses-open/anat/000/1_transformed.nii.gz -t /mnt/lustre/mathdugre/fast-interpolate/datasets/ds004513/derivatives/flint/ants/flint-vprec-single/sub-s032/ses-open/anat/000/1_1Warp.nii.gz -t /mnt/lustre/mathdugre/fast-interpolate/datasets/ds004513/derivatives/flint/ants/flint-vprec-single/sub-s032/ses-open/anat/000/1_0GenericAffine.mat
