---------------------
Experiment information

SIF_IMG: /mnt/lustre/mathdugre/containers/ants-flint-base.simg
SIF_IMG_BASE: /mnt/lustre/mathdugre/containers/ants-flint-base.simg
EXPERIMENT_NAME: flint-vprec-single-five-levels
STAGE: syn
SUBJECT_ID: s025
REPETITION_ID: 1

FIXED_IMG: /templateflow/tpl-MNI152NLin2009cAsym/tpl-MNI152NLin2009cAsym_res-01_desc-brain_T1w.nii.gz
INPUT_IMG: /mnt/lustre/mathdugre/fast-interpolate/datasets/ds004513/derivatives/flint/ants/flint-vprec-single-five-levels/sub-s025/ses-open/anat/10/1_Affine.nii.gz

DATA_DIR: /mnt/lustre/mathdugre/fast-interpolate/datasets/ds004513
OUTPUT_DIR: /mnt/lustre/mathdugre/fast-interpolate/datasets/ds004513/derivatives/flint/ants/flint-vprec-single-five-levels/sub-s025/ses-open/anat
OUTPUT_PREFIX: 100
THREAD: 1
FLOAT: 0
VFC_BACKENDS: ieee
---------------------

--output [/mnt/lustre/mathdugre/fast-interpolate/datasets/ds004513/derivatives/flint/ants/flint-vprec-single-five-levels/sub-s025/ses-open/anat/100/1_,/mnt/lustre/mathdugre/fast-interpolate/datasets/ds004513/derivatives/flint/ants/flint-vprec-single-five-levels/sub-s025/ses-open/anat/100/1_Warped.nii.gz,/mnt/lustre/mathdugre/fast-interpolate/datasets/ds004513/derivatives/flint/ants/flint-vprec-single-five-levels/sub-s025/ses-open/anat/100/1_InverseSyN.nii.gz] --initial-moving-transform [/templateflow/tpl-MNI152NLin2009cAsym/tpl-MNI152NLin2009cAsym_res-01_desc-brain_T1w.nii.gz,/mnt/lustre/mathdugre/fast-interpolate/datasets/ds004513/derivatives/flint/ants/flint-vprec-single-five-levels/sub-s025/ses-open/anat/10/1_Affine.nii.gz,1] --transform SyN[ 0.1,3,0 ] --metric CC[/templateflow/tpl-MNI152NLin2009cAsym/tpl-MNI152NLin2009cAsym_res-01_desc-brain_T1w.nii.gz,/mnt/lustre/mathdugre/fast-interpolate/datasets/ds004513/derivatives/flint/ants/flint-vprec-single-five-levels/sub-s025/ses-open/anat/10/1_Affine.nii.gz,1,4] --convergence [100x100x70x50x20,1e-6,10] --shrink-factors 16x8x4x2x1 --smoothing-sigmas 4x3x2x1x0vox
All_Command_lines_OK
Using double precision for computations.
=============================================================================
The composite transform comprises the following transforms (in order): 
  1. Center of mass alignment using fixed image: /templateflow/tpl-MNI152NLin2009cAsym/tpl-MNI152NLin2009cAsym_res-01_desc-brain_T1w.nii.gz and moving image: /mnt/lustre/mathdugre/fast-interpolate/datasets/ds004513/derivatives/flint/ants/flint-vprec-single-five-levels/sub-s025/ses-open/anat/10/1_Affine.nii.gz (type = Euler3DTransform)
=============================================================================
  number of levels = 5
  fixed image: /templateflow/tpl-MNI152NLin2009cAsym/tpl-MNI152NLin2009cAsym_res-01_desc-brain_T1w.nii.gz
  moving image: /mnt/lustre/mathdugre/fast-interpolate/datasets/ds004513/derivatives/flint/ants/flint-vprec-single-five-levels/sub-s025/ses-open/anat/10/1_Affine.nii.gz
Dimension = 3
Number of stages = 1
Use histogram matching = false
Winsorize image intensities = true
  Lower quantile = 0.005
  Upper quantile = 0.995


Stage 1 State
   Image metric = CC
     Fixed image = Image (0x55a1fe8c6d90)
  RTTI typeinfo:   itk::Image<double, 3u>
  Reference Count: 2
  Modified Time: 1622
  Debug: Off
  Object Name: 
  Observers: 
    none
  Source: (none)
  Source output name: (none)
  Release Data: Off
  Data Released: False
  Global Release Data: Off
  PipelineMTime: 0
  UpdateMTime: 1407
  RealTimeStamp: 0 seconds 
  LargestPossibleRegion: 
    Dimension: 3
    Index: [0, 0, 0]
    Size: [193, 229, 193]
  BufferedRegion: 
    Dimension: 3
    Index: [0, 0, 0]
    Size: [193, 229, 193]
  RequestedRegion: 
    Dimension: 3
    Index: [0, 0, 0]
    Size: [193, 229, 193]
  Spacing: [1, 1, 1]
  Origin: [96, 132, -78]
  Direction: 
-1 0 0
0 -1 0
0 0 1

  IndexToPointMatrix: 
-1 0 0
0 -1 0
0 0 1

  PointToIndexMatrix: 
-1 0 0
0 -1 0
0 0 1

  Inverse Direction: 
-1 0 0
0 -1 0
0 0 1

  PixelContainer: 
    ImportImageContainer (0x55a1fe8d5250)
      RTTI typeinfo:   itk::ImportImageContainer<unsigned long, double>
      Reference Count: 1
      Modified Time: 1404
      Debug: Off
      Object Name: 
      Observers: 
        none
      Pointer: 0x7f9e257f8010
      Container manages memory: true
      Size: 8530021
      Capacity: 8530021

     Moving image = Image (0x55a1fe8cd1f0)
  RTTI typeinfo:   itk::Image<double, 3u>
  Reference Count: 2
  Modified Time: 1623
  Debug: Off
  Object Name: 
  Observers: 
    none
  Source: (none)
  Source output name: (none)
  Release Data: Off
  Data Released: False
  Global Release Data: Off
  PipelineMTime: 0
  UpdateMTime: 1620
  RealTimeStamp: 0 seconds 
  LargestPossibleRegion: 
    Dimension: 3
    Index: [0, 0, 0]
    Size: [193, 229, 193]
  BufferedRegion: 
    Dimension: 3
    Index: [0, 0, 0]
    Size: [193, 229, 193]
  RequestedRegion: 
    Dimension: 3
    Index: [0, 0, 0]
    Size: [193, 229, 193]
  Spacing: [1, 1, 1]
  Origin: [96, 132, -78]
  Direction: 
-1 0 0
0 -1 0
0 0 1

  IndexToPointMatrix: 
-1 0 0
0 -1 0
0 0 1

  PointToIndexMatrix: 
-1 0 0
0 -1 0
0 0 1

  Inverse Direction: 
-1 0 0
0 -1 0
0 0 1

  PixelContainer: 
    ImportImageContainer (0x55a1fe8d9a60)
      RTTI typeinfo:   itk::ImportImageContainer<unsigned long, double>
      Reference Count: 1
      Modified Time: 1617
      Debug: Off
      Object Name: 
      Observers: 
        none
      Pointer: 0x7f9e216e3010
      Container manages memory: true
      Size: 8530021
      Capacity: 8530021

     Weighting = 1
     Sampling strategy = none
     Number of bins = 32
     Radius = 4
     Sampling percentage  = 1
   Transform = SyN
     Gradient step = 0.1
     Update field sigma (voxel space) = 3
     Total field sigma (voxel space) = 0
     Update field time sigma = 0
     Total field time sigma  = 0
     Number of time indices = 0
     Number of time point samples = 0
Registration using 1 total stages.

Stage 0
  iterations = 100x100x70x50x20
  convergence threshold = 1e-06
  convergence window size = 10
  number of levels = 5
  using the CC metric (radius = 4, weight = 1, use gradient filter = 0)
  preprocessing:  winsorizing the image intensities
  Shrink factors (level 1 out of 5): [16, 16, 16]
  Shrink factors (level 2 out of 5): [8, 8, 8]
  Shrink factors (level 3 out of 5): [4, 4, 4]
  Shrink factors (level 4 out of 5): [2, 2, 2]
  Shrink factors (level 5 out of 5): [1, 1, 1]
  smoothing sigmas per level: [4, 3, 2, 1, 0]
  Using default NONE metricSamplingStrategy 

*** Running SyN registration (varianceForUpdateField = 3, varianceForTotalField = 0) ***

XXDIAGNOSTIC,Iteration,metricValue,convergenceValue,ITERATION_TIME_INDEX,SINCE_LAST
 1DIAGNOSTIC,     1, -9.760040910127e-01, 1.797693134862e+308, 1.4979e+00, 1.4979e+00, 
 1DIAGNOSTIC,     2, -9.818435470567e-01, 1.797693134862e+308, 1.5866e+00, 8.8650e-02, 
 1DIAGNOSTIC,     3, -9.843762096420e-01, 1.797693134862e+308, 1.6747e+00, 8.8111e-02, 
 1DIAGNOSTIC,     4, -9.870289283368e-01, 1.797693134862e+308, 1.7625e+00, 8.7767e-02, 
 1DIAGNOSTIC,     5, -9.858573317335e-01, 1.797693134862e+308, 1.8502e+00, 8.7745e-02, 
 1DIAGNOSTIC,     6, -9.881286170246e-01, 1.797693134862e+308, 1.9379e+00, 8.7697e-02, 
 1DIAGNOSTIC,     7, -9.855072361933e-01, 1.797693134862e+308, 2.0257e+00, 8.7779e-02, 
 1DIAGNOSTIC,     8, -9.881303368162e-01, 1.797693134862e+308, 2.1134e+00, 8.7748e-02, 
 1DIAGNOSTIC,     9, -9.854840157773e-01, 1.797693134862e+308, 2.2017e+00, 8.8288e-02, 
 1DIAGNOSTIC,    10, -9.879636959594e-01, 5.064212308218e-04, 2.2900e+00, 8.8326e-02, 
 1DIAGNOSTIC,    11, -9.855520504398e-01, 1.703579522459e-04, 2.3781e+00, 8.8084e-02, 
 1DIAGNOSTIC,    12, -9.877381055251e-01, 6.877138439536e-05, 2.4662e+00, 8.8032e-02, 
 1DIAGNOSTIC,    13, -9.857039085655e-01, -1.491698329012e-05, 2.5541e+00, 8.7954e-02, 
XXDIAGNOSTIC,Iteration,metricValue,convergenceValue,ITERATION_TIME_INDEX,SINCE_LAST
 1DIAGNOSTIC,     1, -9.462162100500e-01, 1.797693134862e+308, 4.7011e+00, 2.1470e+00, 
 1DIAGNOSTIC,     2, -9.498039616715e-01, 1.797693134862e+308, 5.4428e+00, 7.4169e-01, 
 1DIAGNOSTIC,     3, -9.530709862348e-01, 1.797693134862e+308, 6.1853e+00, 7.4247e-01, 
 1DIAGNOSTIC,     4, -9.556177840708e-01, 1.797693134862e+308, 6.9278e+00, 7.4256e-01, 
 1DIAGNOSTIC,     5, -9.579261857321e-01, 1.797693134862e+308, 7.6688e+00, 7.4098e-01, 
 1DIAGNOSTIC,     6, -9.602098119129e-01, 1.797693134862e+308, 8.4089e+00, 7.4007e-01, 
 1DIAGNOSTIC,     7, -9.626711195689e-01, 1.797693134862e+308, 9.1467e+00, 7.3780e-01, 
 1DIAGNOSTIC,     8, -9.647457147102e-01, 1.797693134862e+308, 9.8847e+00, 7.3804e-01, 
 1DIAGNOSTIC,     9, -9.665826345911e-01, 1.797693134862e+308, 1.0625e+01, 7.4044e-01, 
 1DIAGNOSTIC,    10, -9.681720908727e-01, 1.440711546602e-03, 1.1368e+01, 7.4321e-01, 
 1DIAGNOSTIC,    11, -9.694250825450e-01, 1.190486748206e-03, 1.2106e+01, 7.3780e-01, 
 1DIAGNOSTIC,    12, -9.697459415907e-01, 9.706143744941e-04, 1.2844e+01, 7.3789e-01, 
 1DIAGNOSTIC,    13, -9.695886133439e-01, 7.676710355867e-04, 1.3583e+01, 7.3907e-01, 
 1DIAGNOSTIC,    14, -9.699461954846e-01, 5.854893064977e-04, 1.4321e+01, 7.3760e-01, 
 1DIAGNOSTIC,    15, -9.697534669728e-01, 4.153142880363e-04, 1.5058e+01, 7.3738e-01, 
 1DIAGNOSTIC,    16, -9.700486974963e-01, 2.755975493811e-04, 1.5796e+01, 7.3795e-01, 
 1DIAGNOSTIC,    17, -9.698241016740e-01, 1.656371662345e-04, 1.6534e+01, 7.3753e-01, 
 1DIAGNOSTIC,    18, -9.701680960133e-01, 9.238460948498e-05, 1.7271e+01, 7.3734e-01, 
 1DIAGNOSTIC,    19, -9.699425086674e-01, 4.292219821937e-05, 1.8009e+01, 7.3827e-01, 
 1DIAGNOSTIC,    20, -9.701363388290e-01, 2.049113989901e-05, 1.8747e+01, 7.3791e-01, 
 1DIAGNOSTIC,    21, -9.699735259593e-01, 1.358881486842e-05, 1.9484e+01, 7.3738e-01, 
 1DIAGNOSTIC,    22, -9.700624223181e-01, 1.181714975695e-05, 2.0222e+01, 7.3791e-01, 
 1DIAGNOSTIC,    23, -9.699509400616e-01, 5.619489291384e-06, 2.0960e+01, 7.3778e-01, 
 1DIAGNOSTIC,    24, -9.700310189209e-01, 5.022528482800e-06, 2.1698e+01, 7.3754e-01, 
 1DIAGNOSTIC,    25, -9.699413640896e-01, 6.891103575962e-07, 2.2435e+01, 7.3724e-01, 
XXDIAGNOSTIC,Iteration,metricValue,convergenceValue,ITERATION_TIME_INDEX,SINCE_LAST
 1DIAGNOSTIC,     1, -9.088410779976e-01, 1.797693134862e+308, 2.9982e+01, 7.5468e+00, 
 1DIAGNOSTIC,     2, -9.119699201006e-01, 1.797693134862e+308, 3.6105e+01, 6.1230e+00, 
 1DIAGNOSTIC,     3, -9.160635125845e-01, 1.797693134862e+308, 4.2200e+01, 6.0951e+00, 
 1DIAGNOSTIC,     4, -9.194978008090e-01, 1.797693134862e+308, 4.8306e+01, 6.1058e+00, 
 1DIAGNOSTIC,     5, -9.223994614090e-01, 1.797693134862e+308, 5.4411e+01, 6.1050e+00, 
 1DIAGNOSTIC,     6, -9.249090029660e-01, 1.797693134862e+308, 6.0506e+01, 6.0958e+00, 
 1DIAGNOSTIC,     7, -9.271979004254e-01, 1.797693134862e+308, 6.6633e+01, 6.1262e+00, 
 1DIAGNOSTIC,     8, -9.293252455875e-01, 1.797693134862e+308, 7.2729e+01, 6.0966e+00, 
 1DIAGNOSTIC,     9, -9.310460212579e-01, 1.797693134862e+308, 7.8847e+01, 6.1175e+00, 
 1DIAGNOSTIC,    10, -9.326186770021e-01, 1.659758137581e-03, 8.4975e+01, 6.1287e+00, 
 1DIAGNOSTIC,    11, -9.338195828638e-01, 1.346821039922e-03, 9.1073e+01, 6.0973e+00, 
 1DIAGNOSTIC,    12, -9.348595393533e-01, 1.071064634322e-03, 9.7205e+01, 6.1326e+00, 
 1DIAGNOSTIC,    13, -9.359007942125e-01, 8.615631334355e-04, 1.0333e+02, 6.1223e+00, 
 1DIAGNOSTIC,    14, -9.366771790766e-01, 6.953765381474e-04, 1.0947e+02, 6.1422e+00, 
 1DIAGNOSTIC,    15, -9.373627399371e-01, 5.608521830888e-04, 1.1560e+02, 6.1323e+00, 
 1DIAGNOSTIC,    16, -9.377601454761e-01, 4.471091948003e-04, 1.2174e+02, 6.1412e+00, 
 1DIAGNOSTIC,    17, -9.383707090626e-01, 3.575915099182e-04, 1.2787e+02, 6.1282e+00, 
 1DIAGNOSTIC,    18, -9.387065915164e-01, 2.865317836802e-04, 1.3402e+02, 6.1439e+00, 
 1DIAGNOSTIC,    19, -9.392558159579e-01, 2.327217868047e-04, 1.4015e+02, 6.1299e+00, 
 1DIAGNOSTIC,    20, -9.395168825805e-01, 1.905681114171e-04, 1.4629e+02, 6.1453e+00, 
 1DIAGNOSTIC,    21, -9.400101790830e-01, 1.593497994664e-04, 1.5243e+02, 6.1428e+00, 
 1DIAGNOSTIC,    22, -9.402215348587e-01, 1.332976323288e-04, 1.5859e+02, 6.1526e+00, 
 1DIAGNOSTIC,    23, -9.404443541662e-01, 1.137992891872e-04, 1.6473e+02, 6.1441e+00, 
 1DIAGNOSTIC,    24, -9.406651754345e-01, 9.792956491787e-05, 1.7088e+02, 6.1499e+00, 
 1DIAGNOSTIC,    25, -9.408870021098e-01, 8.525659568276e-05, 1.7703e+02, 6.1472e+00, 
 1DIAGNOSTIC,    26, -9.410934832569e-01, 7.258072611807e-05, 1.8317e+02, 6.1427e+00, 
 1DIAGNOSTIC,    27, -9.412912529038e-01, 6.320501524334e-05, 1.8932e+02, 6.1536e+00, 
 1DIAGNOSTIC,    28, -9.414793610102e-01, 5.425474855654e-05, 1.9547e+02, 6.1424e+00, 
 1DIAGNOSTIC,    29, -9.416563400328e-01, 4.850617419533e-05, 2.0161e+02, 6.1475e+00, 
 1DIAGNOSTIC,    30, -9.418246464191e-01, 4.289000175981e-05, 2.0776e+02, 6.1431e+00, 
 1DIAGNOSTIC,    31, -9.419739058500e-01, 3.994643588442e-05, 2.1390e+02, 6.1435e+00, 
 1DIAGNOSTIC,    32, -9.421175969909e-01, 3.683724061190e-05, 2.2005e+02, 6.1522e+00, 
 1DIAGNOSTIC,    33, -9.422502460755e-01, 3.375557010762e-05, 2.2620e+02, 6.1433e+00, 
 1DIAGNOSTIC,    34, -9.423752754055e-01, 3.079721300824e-05, 2.3235e+02, 6.1518e+00, 
 1DIAGNOSTIC,    35, -9.424898028001e-01, 2.805875694874e-05, 2.3849e+02, 6.1441e+00, 
 1DIAGNOSTIC,    36, -9.425873105326e-01, 2.542751668398e-05, 2.4464e+02, 6.1469e+00, 
 1DIAGNOSTIC,    37, -9.426808125622e-01, 2.296956318672e-05, 2.5079e+02, 6.1533e+00, 
 1DIAGNOSTIC,    38, -9.427606713689e-01, 2.065192184495e-05, 2.5694e+02, 6.1434e+00, 
 1DIAGNOSTIC,    39, -9.428337582039e-01, 1.848867766009e-05, 2.6309e+02, 6.1518e+00, 
 1DIAGNOSTIC,    40, -9.429024552849e-01, 1.652843525559e-05, 2.6923e+02, 6.1428e+00, 
 1DIAGNOSTIC,    41, -9.429625617123e-01, 1.469463534717e-05, 2.7538e+02, 6.1496e+00, 
 1DIAGNOSTIC,    42, -9.430134597246e-01, 1.300998375553e-05, 2.8152e+02, 6.1454e+00, 
 1DIAGNOSTIC,    43, -9.430541125560e-01, 1.144222123978e-05, 2.8767e+02, 6.1427e+00, 
 1DIAGNOSTIC,    44, -9.430973831118e-01, 1.007129683521e-05, 2.9382e+02, 6.1520e+00, 
 1DIAGNOSTIC,    45, -9.431296075116e-01, 8.844757767749e-06, 2.9996e+02, 6.1414e+00, 
 1DIAGNOSTIC,    46, -9.431545791621e-01, 7.690247315773e-06, 3.0611e+02, 6.1526e+00, 
 1DIAGNOSTIC,    47, -9.431843146982e-01, 6.703763383915e-06, 3.1226e+02, 6.1442e+00, 
 1DIAGNOSTIC,    48, -9.432091569214e-01, 5.835003886484e-06, 3.1840e+02, 6.1411e+00, 
 1DIAGNOSTIC,    49, -9.432257395044e-01, 5.053367591153e-06, 3.2455e+02, 6.1534e+00, 
 1DIAGNOSTIC,    50, -9.432452838865e-01, 4.410952865391e-06, 3.3069e+02, 6.1421e+00, 
 1DIAGNOSTIC,    51, -9.432597088551e-01, 3.870246704386e-06, 3.3685e+02, 6.1551e+00, 
 1DIAGNOSTIC,    52, -9.432701749713e-01, 3.393019746067e-06, 3.4299e+02, 6.1438e+00, 
 1DIAGNOSTIC,    53, -9.432693839395e-01, 2.890538083614e-06, 3.4913e+02, 6.1413e+00, 
 1DIAGNOSTIC,    54, -9.432771848113e-01, 2.472798816360e-06, 3.5529e+02, 6.1522e+00, 
 1DIAGNOSTIC,    55, -9.432859915153e-01, 2.113339866529e-06, 3.6143e+02, 6.1413e+00, 
 1DIAGNOSTIC,    56, -9.432847723659e-01, 1.743820861617e-06, 3.6758e+02, 6.1513e+00, 
 1DIAGNOSTIC,    57, -9.432888507911e-01, 1.453606977533e-06, 3.7372e+02, 6.1410e+00, 
 1DIAGNOSTIC,    58, -9.432915059306e-01, 1.231067759556e-06, 3.7986e+02, 6.1427e+00, 
 1DIAGNOSTIC,    59, -9.432935306294e-01, 1.044136623569e-06, 3.8602e+02, 6.1530e+00, 
 1DIAGNOSTIC,    60, -9.432964049117e-01, 9.261819709540e-07, 3.9216e+02, 6.1429e+00, 
XXDIAGNOSTIC,Iteration,metricValue,convergenceValue,ITERATION_TIME_INDEX,SINCE_LAST
 1DIAGNOSTIC,     1, -8.954169707177e-01, 1.797693134862e+308, 4.4305e+02, 5.0889e+01, 
 1DIAGNOSTIC,     2, -8.973023070125e-01, 1.797693134862e+308, 4.9234e+02, 4.9297e+01, 
 1DIAGNOSTIC,     3, -9.001980379116e-01, 1.797693134862e+308, 5.4145e+02, 4.9101e+01, 
 1DIAGNOSTIC,     4, -9.026841893668e-01, 1.797693134862e+308, 5.9055e+02, 4.9110e+01, 
 1DIAGNOSTIC,     5, -9.050446758965e-01, 1.797693134862e+308, 6.3963e+02, 4.9079e+01, 
 1DIAGNOSTIC,     6, -9.072673417696e-01, 1.797693134862e+308, 6.8874e+02, 4.9101e+01, 
 1DIAGNOSTIC,     7, -9.093646034016e-01, 1.797693134862e+308, 7.3783e+02, 4.9096e+01, 
 1DIAGNOSTIC,     8, -9.112944674467e-01, 1.797693134862e+308, 7.8712e+02, 4.9288e+01, 
 1DIAGNOSTIC,     9, -9.130408491333e-01, 1.797693134862e+308, 8.3639e+02, 4.9270e+01, 
 1DIAGNOSTIC,    10, -9.144510233881e-01, 1.385939827382e-03, 8.8569e+02, 4.9298e+01, 
 1DIAGNOSTIC,    11, -9.156863205413e-01, 1.182039781462e-03, 9.3496e+02, 4.9274e+01, 
 1DIAGNOSTIC,    12, -9.167373681135e-01, 9.819110777830e-04, 9.8446e+02, 4.9497e+01, 
 1DIAGNOSTIC,    13, -9.176134611508e-01, 8.141610730185e-04, 1.0339e+03, 4.9451e+01, 
 1DIAGNOSTIC,    14, -9.182201089463e-01, 6.650734250582e-04, 1.0834e+03, 4.9504e+01, 
 1DIAGNOSTIC,    15, -9.187340317030e-01, 5.347897592000e-04, 1.1329e+03, 4.9467e+01, 
 1DIAGNOSTIC,    16, -9.191855592859e-01, 4.236952233190e-04, 1.1824e+03, 4.9498e+01, 
 1DIAGNOSTIC,    17, -9.195806068688e-01, 3.321192455206e-04, 1.2318e+03, 4.9459e+01, 
 1DIAGNOSTIC,    18, -9.199344931003e-01, 2.593448574635e-04, 1.2813e+03, 4.9485e+01, 
 1DIAGNOSTIC,    19, -9.202593157738e-01, 2.040659205678e-04, 1.3308e+03, 4.9453e+01, 
 1DIAGNOSTIC,    20, -9.205635893071e-01, 1.619681762176e-04, 1.3803e+03, 4.9486e+01, 
 1DIAGNOSTIC,    21, -9.208469597963e-01, 1.312111513387e-04, 1.4297e+03, 4.9462e+01, 
 1DIAGNOSTIC,    22, -9.211124856315e-01, 1.095416892955e-04, 1.4792e+03, 4.9491e+01, 
 1DIAGNOSTIC,    23, -9.213635868718e-01, 9.475516441401e-05, 1.5287e+03, 4.9472e+01, 
 1DIAGNOSTIC,    24, -9.216055150603e-01, 8.332887489896e-05, 1.5782e+03, 4.9506e+01, 
 1DIAGNOSTIC,    25, -9.218325405147e-01, 7.422626608874e-05, 1.6277e+03, 4.9500e+01, 
 1DIAGNOSTIC,    26, -9.220517727854e-01, 6.689258185810e-05, 1.6772e+03, 4.9496e+01, 
 1DIAGNOSTIC,    27, -9.222645330905e-01, 6.083429012325e-05, 1.7267e+03, 4.9479e+01, 
 1DIAGNOSTIC,    28, -9.224669264053e-01, 5.568267532493e-05, 1.7762e+03, 4.9486e+01, 
 1DIAGNOSTIC,    29, -9.226589889068e-01, 5.120534071686e-05, 1.8256e+03, 4.9472e+01, 
 1DIAGNOSTIC,    30, -9.228440923770e-01, 4.729547883609e-05, 1.8751e+03, 4.9486e+01, 
 1DIAGNOSTIC,    31, -9.230177347421e-01, 4.378403096355e-05, 1.9246e+03, 4.9475e+01, 
 1DIAGNOSTIC,    32, -9.231859946690e-01, 4.059819530437e-05, 1.9741e+03, 4.9478e+01, 
 1DIAGNOSTIC,    33, -9.233438743695e-01, 3.764726531555e-05, 2.0235e+03, 4.9476e+01, 
 1DIAGNOSTIC,    34, -9.234930801930e-01, 3.491469146761e-05, 2.0730e+03, 4.9498e+01, 
 1DIAGNOSTIC,    35, -9.236339866590e-01, 3.233155971942e-05, 2.1225e+03, 4.9479e+01, 
 1DIAGNOSTIC,    36, -9.237679242575e-01, 2.990908783801e-05, 2.1720e+03, 4.9523e+01, 
 1DIAGNOSTIC,    37, -9.238941302856e-01, 2.766119757256e-05, 2.2215e+03, 4.9490e+01, 
 1DIAGNOSTIC,    38, -9.240167971448e-01, 2.559920778857e-05, 2.2710e+03, 4.9492e+01, 
 1DIAGNOSTIC,    39, -9.241308790843e-01, 2.368574771703e-05, 2.3205e+03, 4.9481e+01, 
 1DIAGNOSTIC,    40, -9.242394759767e-01, 2.193552039965e-05, 2.3700e+03, 4.9481e+01, 
 1DIAGNOSTIC,    41, -9.243446173568e-01, 2.033438116565e-05, 2.4195e+03, 4.9471e+01, 
 1DIAGNOSTIC,    42, -9.244446354621e-01, 1.889646870930e-05, 2.4690e+03, 4.9495e+01, 
 1DIAGNOSTIC,    43, -9.245372421604e-01, 1.757424060880e-05, 2.5184e+03, 4.9456e+01, 
 1DIAGNOSTIC,    44, -9.246252605009e-01, 1.635265219712e-05, 2.5679e+03, 4.9510e+01, 
 1DIAGNOSTIC,    45, -9.247101920061e-01, 1.522599730892e-05, 2.6174e+03, 4.9470e+01, 
 1DIAGNOSTIC,    46, -9.247938457992e-01, 1.420568930203e-05, 2.6669e+03, 4.9500e+01, 
 1DIAGNOSTIC,    47, -9.248726801413e-01, 1.326777890324e-05, 2.7164e+03, 4.9470e+01, 
 1DIAGNOSTIC,    48, -9.249487344805e-01, 1.242934130836e-05, 2.7658e+03, 4.9492e+01, 
 1DIAGNOSTIC,    49, -9.250210551431e-01, 1.166109943437e-05, 2.8153e+03, 4.9461e+01, 
 1DIAGNOSTIC,    50, -9.250965868161e-01, 1.099381868337e-05, 2.8648e+03, 4.9486e+01, 
XXDIAGNOSTIC,Iteration,metricValue,convergenceValue,ITERATION_TIME_INDEX,SINCE_LAST
 1DIAGNOSTIC,     1, -8.927419624501e-01, 1.797693134862e+308, 3.2726e+03, 4.0783e+02, 
 1DIAGNOSTIC,     2, -8.942451833209e-01, 1.797693134862e+308, 3.6738e+03, 4.0115e+02, 
 1DIAGNOSTIC,     3, -8.960485248814e-01, 1.797693134862e+308, 4.0752e+03, 4.0138e+02, 
 1DIAGNOSTIC,     4, -8.978037082093e-01, 1.797693134862e+308, 4.4763e+03, 4.0118e+02, 
 1DIAGNOSTIC,     5, -8.994071593670e-01, 1.797693134862e+308, 4.8807e+03, 4.0436e+02, 
 1DIAGNOSTIC,     6, -9.009962706638e-01, 1.797693134862e+308, 5.2819e+03, 4.0125e+02, 
 1DIAGNOSTIC,     7, -9.022519697644e-01, 1.797693134862e+308, 5.6846e+03, 4.0271e+02, 
 1DIAGNOSTIC,     8, -9.036115394201e-01, 1.797693134862e+308, 6.0843e+03, 3.9965e+02, 
 1DIAGNOSTIC,     9, -9.048174952125e-01, 1.797693134862e+308, 6.4840e+03, 3.9965e+02, 
 1DIAGNOSTIC,    10, -9.060607927885e-01, 9.572087436304e-04, 6.8837e+03, 3.9973e+02, 
 1DIAGNOSTIC,    11, -9.072344563296e-01, 8.301334680399e-04, 7.2833e+03, 3.9963e+02, 
 1DIAGNOSTIC,    12, -9.083371681912e-01, 7.177449204161e-04, 7.6832e+03, 3.9983e+02, 
 1DIAGNOSTIC,    13, -9.093644148109e-01, 6.259897069700e-04, 8.0844e+03, 4.0121e+02, 
 1DIAGNOSTIC,    14, -9.103387665288e-01, 5.514603200086e-04, 8.4855e+03, 4.0115e+02, 
 1DIAGNOSTIC,    15, -9.111271054865e-01, 4.862564901941e-04, 8.8883e+03, 4.0277e+02, 
 1DIAGNOSTIC,    16, -9.118775528105e-01, 4.304328120484e-04, 9.2910e+03, 4.0272e+02, 
 1DIAGNOSTIC,    17, -9.125207489383e-01, 3.764126079281e-04, 9.6937e+03, 4.0269e+02, 
 1DIAGNOSTIC,    18, -9.131277528331e-01, 3.277972487170e-04, 1.0096e+04, 4.0273e+02, 
 1DIAGNOSTIC,    19, -9.137200728445e-01, 2.834629275025e-04, 1.0499e+04, 4.0274e+02, 
 1DIAGNOSTIC,    20, -9.142667339600e-01, 2.451616402817e-04, 1.0902e+04, 4.0275e+02, 
  Elapsed time (stage 0): 10905.1


Total elapsed time: 10905.1
-i /mnt/lustre/mathdugre/fast-interpolate/datasets/ds004513/derivatives/flint/ants/flint-vprec-single-five-levels/sub-s025/ses-open/anat/10/1_Affine.nii.gz -o /mnt/lustre/mathdugre/fast-interpolate/datasets/ds004513/derivatives/flint/ants/flint-vprec-single-five-levels/sub-s025/ses-open/anat/100/1_transformed.nii.gz -t /mnt/lustre/mathdugre/fast-interpolate/datasets/ds004513/derivatives/flint/ants/flint-vprec-single-five-levels/sub-s025/ses-open/anat/100/1_1Warp.nii.gz -t /mnt/lustre/mathdugre/fast-interpolate/datasets/ds004513/derivatives/flint/ants/flint-vprec-single-five-levels/sub-s025/ses-open/anat/100/1_0GenericAffine.mat
