---------------------
Experiment information

SIF_IMG: /mnt/lustre/mathdugre/containers/ants-flint-base.simg
SIF_IMG_BASE: /mnt/lustre/mathdugre/containers/ants-flint-base.simg
EXPERIMENT_NAME: flint-vprec-single
STAGE: syn
SUBJECT_ID: s034
REPETITION_ID: 1

FIXED_IMG: /templateflow/tpl-MNI152NLin2009cAsym/tpl-MNI152NLin2009cAsym_res-01_desc-brain_T1w.nii.gz
INPUT_IMG: /mnt/lustre/mathdugre/fast-interpolate/datasets/ds004513/derivatives/flint/ants/flint-vprec-single/sub-s034/ses-open/anat/11/1_Affine.nii.gz

DATA_DIR: /mnt/lustre/mathdugre/fast-interpolate/datasets/ds004513
OUTPUT_DIR: /mnt/lustre/mathdugre/fast-interpolate/datasets/ds004513/derivatives/flint/ants/flint-vprec-single/sub-s034/ses-open/anat
OUTPUT_PREFIX: 110
THREAD: 1
FLOAT: 0
VFC_BACKENDS: ieee
---------------------

--output [/mnt/lustre/mathdugre/fast-interpolate/datasets/ds004513/derivatives/flint/ants/flint-vprec-single/sub-s034/ses-open/anat/110/1_,/mnt/lustre/mathdugre/fast-interpolate/datasets/ds004513/derivatives/flint/ants/flint-vprec-single/sub-s034/ses-open/anat/110/1_Warped.nii.gz,/mnt/lustre/mathdugre/fast-interpolate/datasets/ds004513/derivatives/flint/ants/flint-vprec-single/sub-s034/ses-open/anat/110/1_InverseSyN.nii.gz] --initial-moving-transform [/templateflow/tpl-MNI152NLin2009cAsym/tpl-MNI152NLin2009cAsym_res-01_desc-brain_T1w.nii.gz,/mnt/lustre/mathdugre/fast-interpolate/datasets/ds004513/derivatives/flint/ants/flint-vprec-single/sub-s034/ses-open/anat/11/1_Affine.nii.gz,1] --transform SyN[ 0.1,3,0 ] --metric CC[/templateflow/tpl-MNI152NLin2009cAsym/tpl-MNI152NLin2009cAsym_res-01_desc-brain_T1w.nii.gz,/mnt/lustre/mathdugre/fast-interpolate/datasets/ds004513/derivatives/flint/ants/flint-vprec-single/sub-s034/ses-open/anat/11/1_Affine.nii.gz,1,4] --convergence [100x70x50x20,1e-6,10] --shrink-factors 8x4x2x1 --smoothing-sigmas 3x2x1x0vox
All_Command_lines_OK
Using double precision for computations.
=============================================================================
The composite transform comprises the following transforms (in order): 
  1. Center of mass alignment using fixed image: /templateflow/tpl-MNI152NLin2009cAsym/tpl-MNI152NLin2009cAsym_res-01_desc-brain_T1w.nii.gz and moving image: /mnt/lustre/mathdugre/fast-interpolate/datasets/ds004513/derivatives/flint/ants/flint-vprec-single/sub-s034/ses-open/anat/11/1_Affine.nii.gz (type = Euler3DTransform)
=============================================================================
  number of levels = 4
  fixed image: /templateflow/tpl-MNI152NLin2009cAsym/tpl-MNI152NLin2009cAsym_res-01_desc-brain_T1w.nii.gz
  moving image: /mnt/lustre/mathdugre/fast-interpolate/datasets/ds004513/derivatives/flint/ants/flint-vprec-single/sub-s034/ses-open/anat/11/1_Affine.nii.gz
Dimension = 3
Number of stages = 1
Use histogram matching = false
Winsorize image intensities = true
  Lower quantile = 0.005
  Upper quantile = 0.995


Stage 1 State
   Image metric = CC
     Fixed image = Image (0x557fde374a00)
  RTTI typeinfo:   itk::Image<double, 3u>
  Reference Count: 2
  Modified Time: 1622
  Debug: Off
  Object Name: 
  Observers: 
    none
  Source: (none)
  Source output name: (none)
  Release Data: Off
  Data Released: False
  Global Release Data: Off
  PipelineMTime: 0
  UpdateMTime: 1407
  RealTimeStamp: 0 seconds 
  LargestPossibleRegion: 
    Dimension: 3
    Index: [0, 0, 0]
    Size: [193, 229, 193]
  BufferedRegion: 
    Dimension: 3
    Index: [0, 0, 0]
    Size: [193, 229, 193]
  RequestedRegion: 
    Dimension: 3
    Index: [0, 0, 0]
    Size: [193, 229, 193]
  Spacing: [1, 1, 1]
  Origin: [96, 132, -78]
  Direction: 
-1 0 0
0 -1 0
0 0 1

  IndexToPointMatrix: 
-1 0 0
0 -1 0
0 0 1

  PointToIndexMatrix: 
-1 0 0
0 -1 0
0 0 1

  Inverse Direction: 
-1 0 0
0 -1 0
0 0 1

  PixelContainer: 
    ImportImageContainer (0x557fde408d50)
      RTTI typeinfo:   itk::ImportImageContainer<unsigned long, double>
      Reference Count: 1
      Modified Time: 1404
      Debug: Off
      Object Name: 
      Observers: 
        none
      Pointer: 0x7f5c0302c010
      Container manages memory: true
      Size: 8530021
      Capacity: 8530021

     Moving image = Image (0x557fde37b870)
  RTTI typeinfo:   itk::Image<double, 3u>
  Reference Count: 2
  Modified Time: 1623
  Debug: Off
  Object Name: 
  Observers: 
    none
  Source: (none)
  Source output name: (none)
  Release Data: Off
  Data Released: False
  Global Release Data: Off
  PipelineMTime: 0
  UpdateMTime: 1620
  RealTimeStamp: 0 seconds 
  LargestPossibleRegion: 
    Dimension: 3
    Index: [0, 0, 0]
    Size: [193, 229, 193]
  BufferedRegion: 
    Dimension: 3
    Index: [0, 0, 0]
    Size: [193, 229, 193]
  RequestedRegion: 
    Dimension: 3
    Index: [0, 0, 0]
    Size: [193, 229, 193]
  Spacing: [1, 1, 1]
  Origin: [96, 132, -78]
  Direction: 
-1 0 0
0 -1 0
0 0 1

  IndexToPointMatrix: 
-1 0 0
0 -1 0
0 0 1

  PointToIndexMatrix: 
-1 0 0
0 -1 0
0 0 1

  Inverse Direction: 
-1 0 0
0 -1 0
0 0 1

  PixelContainer: 
    ImportImageContainer (0x557fde41fd90)
      RTTI typeinfo:   itk::ImportImageContainer<unsigned long, double>
      Reference Count: 1
      Modified Time: 1617
      Debug: Off
      Object Name: 
      Observers: 
        none
      Pointer: 0x7f5bfef17010
      Container manages memory: true
      Size: 8530021
      Capacity: 8530021

     Weighting = 1
     Sampling strategy = none
     Number of bins = 32
     Radius = 4
     Sampling percentage  = 1
   Transform = SyN
     Gradient step = 0.1
     Update field sigma (voxel space) = 3
     Total field sigma (voxel space) = 0
     Update field time sigma = 0
     Total field time sigma  = 0
     Number of time indices = 0
     Number of time point samples = 0
Registration using 1 total stages.

Stage 0
  iterations = 100x70x50x20
  convergence threshold = 1e-06
  convergence window size = 10
  number of levels = 4
  using the CC metric (radius = 4, weight = 1, use gradient filter = 0)
  preprocessing:  winsorizing the image intensities
  Shrink factors (level 1 out of 4): [8, 8, 8]
  Shrink factors (level 2 out of 4): [4, 4, 4]
  Shrink factors (level 3 out of 4): [2, 2, 2]
  Shrink factors (level 4 out of 4): [1, 1, 1]
  smoothing sigmas per level: [3, 2, 1, 0]
  Using default NONE metricSamplingStrategy 

*** Running SyN registration (varianceForUpdateField = 3, varianceForTotalField = 0) ***

XXDIAGNOSTIC,Iteration,metricValue,convergenceValue,ITERATION_TIME_INDEX,SINCE_LAST
 1DIAGNOSTIC,     1, -9.438456891154e-01, 1.797693134862e+308, 1.8241e+00, 1.8241e+00, 
 1DIAGNOSTIC,     2, -9.498606699490e-01, 1.797693134862e+308, 2.4340e+00, 6.0987e-01, 
 1DIAGNOSTIC,     3, -9.548057424636e-01, 1.797693134862e+308, 3.0448e+00, 6.1081e-01, 
 1DIAGNOSTIC,     4, -9.583823189396e-01, 1.797693134862e+308, 3.6558e+00, 6.1102e-01, 
 1DIAGNOSTIC,     5, -9.610893269397e-01, 1.797693134862e+308, 4.2611e+00, 6.0528e-01, 
 1DIAGNOSTIC,     6, -9.635334684318e-01, 1.797693134862e+308, 4.8671e+00, 6.0595e-01, 
 1DIAGNOSTIC,     7, -9.660649850327e-01, 1.797693134862e+308, 5.4751e+00, 6.0803e-01, 
 1DIAGNOSTIC,     8, -9.684534314593e-01, 1.797693134862e+308, 6.0832e+00, 6.0811e-01, 
 1DIAGNOSTIC,     9, -9.705674256568e-01, 1.797693134862e+308, 6.6910e+00, 6.0777e-01, 
 1DIAGNOSTIC,    10, -9.723002851755e-01, 1.781301862299e-03, 7.2965e+00, 6.0557e-01, 
 1DIAGNOSTIC,    11, -9.730115535820e-01, 1.368516905279e-03, 7.9025e+00, 6.0592e-01, 
 1DIAGNOSTIC,    12, -9.732045823575e-01, 1.053621891442e-03, 8.5134e+00, 6.1090e-01, 
 1DIAGNOSTIC,    13, -9.740061396326e-01, 8.218649070754e-04, 9.1191e+00, 6.0576e-01, 
 1DIAGNOSTIC,    14, -9.741435464860e-01, 6.259275961457e-04, 9.7251e+00, 6.0598e-01, 
 1DIAGNOSTIC,    15, -9.744440929120e-01, 4.578742449518e-04, 1.0332e+01, 6.0650e-01, 
 1DIAGNOSTIC,    16, -9.744992738466e-01, 3.148059045766e-04, 1.0941e+01, 6.0940e-01, 
 1DIAGNOSTIC,    17, -9.749456129312e-01, 2.111109077279e-04, 1.1548e+01, 6.0650e-01, 
 1DIAGNOSTIC,    18, -9.749336746216e-01, 1.377111406348e-04, 1.2154e+01, 6.0608e-01, 
 1DIAGNOSTIC,    19, -9.753256636192e-01, 9.767784962367e-05, 1.2759e+01, 6.0582e-01, 
 1DIAGNOSTIC,    20, -9.752897697207e-01, 7.746669192133e-05, 1.3369e+01, 6.0923e-01, 
 1DIAGNOSTIC,    21, -9.756207821076e-01, 6.681574938095e-05, 1.3975e+01, 6.0668e-01, 
 1DIAGNOSTIC,    22, -9.754902109347e-01, 5.151152765866e-05, 1.4581e+01, 6.0589e-01, 
 1DIAGNOSTIC,    23, -9.757891498887e-01, 4.696439967943e-05, 1.5187e+01, 6.0584e-01, 
 1DIAGNOSTIC,    24, -9.756917897449e-01, 3.887337190720e-05, 1.5795e+01, 6.0806e-01, 
 1DIAGNOSTIC,    25, -9.758857271149e-01, 3.377684030397e-05, 1.6402e+01, 6.0664e-01, 
 1DIAGNOSTIC,    26, -9.757067390578e-01, 2.447317611462e-05, 1.7008e+01, 6.0585e-01, 
 1DIAGNOSTIC,    27, -9.759697132053e-01, 2.148396997076e-05, 1.7614e+01, 6.0631e-01, 
 1DIAGNOSTIC,    28, -9.758614201349e-01, 1.535974624903e-05, 1.8220e+01, 6.0650e-01, 
 1DIAGNOSTIC,    29, -9.759407714831e-01, 1.314016716627e-05, 1.8827e+01, 6.0677e-01, 
 1DIAGNOSTIC,    30, -9.757889977533e-01, 8.024119971264e-06, 1.9436e+01, 6.0848e-01, 
 1DIAGNOSTIC,    31, -9.760450548087e-01, 8.227064155555e-06, 2.0042e+01, 6.0620e-01, 
 1DIAGNOSTIC,    32, -9.758670984655e-01, 4.749938732347e-06, 2.0651e+01, 6.0885e-01, 
 1DIAGNOSTIC,    33, -9.760018829549e-01, 5.051376998189e-06, 2.1257e+01, 6.0675e-01, 
 1DIAGNOSTIC,    34, -9.757985254409e-01, 2.310450583104e-06, 2.1864e+01, 6.0617e-01, 
 1DIAGNOSTIC,    35, -9.760435196166e-01, 3.370235398127e-06, 2.2470e+01, 6.0628e-01, 
 1DIAGNOSTIC,    36, -9.759249489350e-01, 1.573288894788e-06, 2.3077e+01, 6.0663e-01, 
 1DIAGNOSTIC,    37, -9.759520979650e-01, 2.151411943232e-06, 2.3684e+01, 6.0709e-01, 
 1DIAGNOSTIC,    38, -9.757909357001e-01, 5.098878521487e-07, 2.4293e+01, 6.0940e-01, 
XXDIAGNOSTIC,Iteration,metricValue,convergenceValue,ITERATION_TIME_INDEX,SINCE_LAST
 1DIAGNOSTIC,     1, -9.242301195079e-01, 1.797693134862e+308, 3.0568e+01, 6.2749e+00, 
 1DIAGNOSTIC,     2, -9.268505568348e-01, 1.797693134862e+308, 3.5619e+01, 5.0513e+00, 
 1DIAGNOSTIC,     3, -9.302385919865e-01, 1.797693134862e+308, 4.0653e+01, 5.0342e+00, 
 1DIAGNOSTIC,     4, -9.331899571320e-01, 1.797693134862e+308, 4.5704e+01, 5.0502e+00, 
 1DIAGNOSTIC,     5, -9.359362087446e-01, 1.797693134862e+308, 5.0763e+01, 5.0593e+00, 
 1DIAGNOSTIC,     6, -9.381410251451e-01, 1.797693134862e+308, 5.5799e+01, 5.0358e+00, 
 1DIAGNOSTIC,     7, -9.399293747082e-01, 1.797693134862e+308, 6.0863e+01, 5.0642e+00, 
 1DIAGNOSTIC,     8, -9.415082277531e-01, 1.797693134862e+308, 6.5894e+01, 5.0313e+00, 
 1DIAGNOSTIC,     9, -9.426813759455e-01, 1.797693134862e+308, 7.0948e+01, 5.0543e+00, 
 1DIAGNOSTIC,    10, -9.437419531909e-01, 1.362952364082e-03, 7.6012e+01, 5.0632e+00, 
 1DIAGNOSTIC,    11, -9.445398929429e-01, 1.080218866432e-03, 8.1083e+01, 5.0710e+00, 
 1DIAGNOSTIC,    12, -9.451822227251e-01, 8.295498077569e-04, 8.6155e+01, 5.0727e+00, 
 1DIAGNOSTIC,    13, -9.456369320067e-01, 6.316534037119e-04, 9.1236e+01, 5.0810e+00, 
 1DIAGNOSTIC,    14, -9.460481123513e-01, 4.768875888573e-04, 9.6303e+01, 5.0663e+00, 
 1DIAGNOSTIC,    15, -9.464155887905e-01, 3.616864545143e-04, 1.0137e+02, 5.0684e+00, 
 1DIAGNOSTIC,    16, -9.467507510661e-01, 2.754703888287e-04, 1.0646e+02, 5.0843e+00, 
 1DIAGNOSTIC,    17, -9.470571735790e-01, 2.110693935320e-04, 1.1153e+02, 5.0741e+00, 
 1DIAGNOSTIC,    18, -9.473347570421e-01, 1.654240275856e-04, 1.1660e+02, 5.0736e+00, 
 1DIAGNOSTIC,    19, -9.475877841180e-01, 1.318316154963e-04, 1.2169e+02, 5.0849e+00, 
 1DIAGNOSTIC,    20, -9.478204137641e-01, 1.088238569183e-04, 1.2676e+02, 5.0744e+00, 
 1DIAGNOSTIC,    21, -9.480345000379e-01, 9.239169645209e-05, 1.3183e+02, 5.0725e+00, 
 1DIAGNOSTIC,    22, -9.482342388876e-01, 8.041314135762e-05, 1.3692e+02, 5.0807e+00, 
 1DIAGNOSTIC,    23, -9.484199049000e-01, 7.039252193971e-05, 1.4199e+02, 5.0719e+00, 
 1DIAGNOSTIC,    24, -9.485935389937e-01, 6.200628970671e-05, 1.4706e+02, 5.0732e+00, 
 1DIAGNOSTIC,    25, -9.487571427733e-01, 5.492595357551e-05, 1.5214e+02, 5.0825e+00, 
 1DIAGNOSTIC,    26, -9.489088573368e-01, 4.892354063761e-05, 1.5721e+02, 5.0682e+00, 
 1DIAGNOSTIC,    27, -9.490504478685e-01, 4.381640825363e-05, 1.6228e+02, 5.0702e+00, 
 1DIAGNOSTIC,    28, -9.491847982932e-01, 3.943463896382e-05, 1.6736e+02, 5.0831e+00, 
 1DIAGNOSTIC,    29, -9.493117789784e-01, 3.563946442402e-05, 1.7243e+02, 5.0679e+00, 
 1DIAGNOSTIC,    30, -9.494312236214e-01, 3.232441440889e-05, 1.7750e+02, 5.0709e+00, 
 1DIAGNOSTIC,    31, -9.495450916900e-01, 2.941234093828e-05, 1.8259e+02, 5.0838e+00, 
 1DIAGNOSTIC,    32, -9.496530917174e-01, 2.685429547399e-05, 1.8766e+02, 5.0699e+00, 
 1DIAGNOSTIC,    33, -9.497554361533e-01, 2.459468432840e-05, 1.9273e+02, 5.0714e+00, 
 1DIAGNOSTIC,    34, -9.498530645054e-01, 2.259700560685e-05, 1.9781e+02, 5.0823e+00, 
 1DIAGNOSTIC,    35, -9.499457216600e-01, 2.083253159018e-05, 2.0288e+02, 5.0695e+00, 
 1DIAGNOSTIC,    36, -9.500345356581e-01, 1.925813865890e-05, 2.0795e+02, 5.0712e+00, 
 1DIAGNOSTIC,    37, -9.501187372281e-01, 1.783387579126e-05, 2.1303e+02, 5.0817e+00, 
 1DIAGNOSTIC,    38, -9.501995694896e-01, 1.655099744173e-05, 2.1810e+02, 5.0678e+00, 
 1DIAGNOSTIC,    39, -9.502767652265e-01, 1.539216081307e-05, 2.2317e+02, 5.0713e+00, 
 1DIAGNOSTIC,    40, -9.503505288572e-01, 1.433615353363e-05, 2.2826e+02, 5.0843e+00, 
 1DIAGNOSTIC,    41, -9.504201650890e-01, 1.336901945956e-05, 2.3332e+02, 5.0675e+00, 
 1DIAGNOSTIC,    42, -9.504857233606e-01, 1.247302681018e-05, 2.3839e+02, 5.0707e+00, 
 1DIAGNOSTIC,    43, -9.505445425596e-01, 1.161236487855e-05, 2.4348e+02, 5.0828e+00, 
 1DIAGNOSTIC,    44, -9.506023893503e-01, 1.080141804821e-05, 2.4855e+02, 5.0708e+00, 
 1DIAGNOSTIC,    45, -9.506553057461e-01, 1.002270661764e-05, 2.5362e+02, 5.0735e+00, 
 1DIAGNOSTIC,    46, -9.507044310625e-01, 9.276660933508e-06, 2.5871e+02, 5.0840e+00, 
 1DIAGNOSTIC,    47, -9.507496608213e-01, 8.558154150524e-06, 2.6378e+02, 5.0700e+00, 
 1DIAGNOSTIC,    48, -9.507914475268e-01, 7.873353722952e-06, 2.6885e+02, 5.0743e+00, 
 1DIAGNOSTIC,    49, -9.508296081723e-01, 7.224314175762e-06, 2.7393e+02, 5.0842e+00, 
 1DIAGNOSTIC,    50, -9.508638484531e-01, 6.611809746489e-06, 2.7901e+02, 5.0770e+00, 
 1DIAGNOSTIC,    51, -9.508969865680e-01, 6.048463532190e-06, 2.8408e+02, 5.0692e+00, 
 1DIAGNOSTIC,    52, -9.509274544751e-01, 5.534694928061e-06, 2.8916e+02, 5.0831e+00, 
 1DIAGNOSTIC,    53, -9.509560583049e-01, 5.056993001750e-06, 2.9423e+02, 5.0687e+00, 
 1DIAGNOSTIC,    54, -9.509820384204e-01, 4.629831433182e-06, 2.9931e+02, 5.0764e+00, 
 1DIAGNOSTIC,    55, -9.510060039841e-01, 4.245060447116e-06, 3.0439e+02, 5.0822e+00, 
 1DIAGNOSTIC,    56, -9.510276159847e-01, 3.896571434094e-06, 3.0946e+02, 5.0698e+00, 
 1DIAGNOSTIC,    57, -9.510476158063e-01, 3.579866186036e-06, 3.1453e+02, 5.0732e+00, 
 1DIAGNOSTIC,    58, -9.510659709922e-01, 3.291198920081e-06, 3.1962e+02, 5.0819e+00, 
 1DIAGNOSTIC,    59, -9.510827582203e-01, 3.025042237672e-06, 3.2468e+02, 5.0673e+00, 
 1DIAGNOSTIC,    60, -9.510980464331e-01, 2.773475252023e-06, 3.2976e+02, 5.0731e+00, 
 1DIAGNOSTIC,    61, -9.511118081798e-01, 2.542483514792e-06, 3.3484e+02, 5.0828e+00, 
 1DIAGNOSTIC,    62, -9.511243409972e-01, 2.330185011685e-06, 3.3991e+02, 5.0707e+00, 
 1DIAGNOSTIC,    63, -9.511356712284e-01, 2.137766530172e-06, 3.4498e+02, 5.0730e+00, 
 1DIAGNOSTIC,    64, -9.511444802238e-01, 1.955295841266e-06, 3.5007e+02, 5.0830e+00, 
 1DIAGNOSTIC,    65, -9.511535373853e-01, 1.788945179063e-06, 3.5514e+02, 5.0693e+00, 
 1DIAGNOSTIC,    66, -9.511618336942e-01, 1.636847623891e-06, 3.6021e+02, 5.0716e+00, 
 1DIAGNOSTIC,    67, -9.511694739076e-01, 1.500323642274e-06, 3.6529e+02, 5.0843e+00, 
 1DIAGNOSTIC,    68, -9.511763381178e-01, 1.379021313478e-06, 3.7036e+02, 5.0683e+00, 
 1DIAGNOSTIC,    69, -9.511824843511e-01, 1.272126744372e-06, 3.7543e+02, 5.0748e+00, 
 1DIAGNOSTIC,    70, -9.511881930813e-01, 1.179172856422e-06, 3.8052e+02, 5.0839e+00, 
XXDIAGNOSTIC,Iteration,metricValue,convergenceValue,ITERATION_TIME_INDEX,SINCE_LAST
 1DIAGNOSTIC,     1, -9.016681151713e-01, 1.797693134862e+308, 4.2266e+02, 4.2140e+01, 
 1DIAGNOSTIC,     2, -9.037790218744e-01, 1.797693134862e+308, 4.6310e+02, 4.0443e+01, 
 1DIAGNOSTIC,     3, -9.063121785284e-01, 1.797693134862e+308, 5.0367e+02, 4.0565e+01, 
 1DIAGNOSTIC,     4, -9.089758623552e-01, 1.797693134862e+308, 5.4411e+02, 4.0439e+01, 
 1DIAGNOSTIC,     5, -9.110699638264e-01, 1.797693134862e+308, 5.8471e+02, 4.0604e+01, 
 1DIAGNOSTIC,     6, -9.131189057145e-01, 1.797693134862e+308, 6.2516e+02, 4.0454e+01, 
 1DIAGNOSTIC,     7, -9.148145829128e-01, 1.797693134862e+308, 6.6562e+02, 4.0452e+01, 
 1DIAGNOSTIC,     8, -9.164196474467e-01, 1.797693134862e+308, 7.0607e+02, 4.0454e+01, 
 1DIAGNOSTIC,     9, -9.179359193785e-01, 1.797693134862e+308, 7.4651e+02, 4.0440e+01, 
 1DIAGNOSTIC,    10, -9.193532934747e-01, 1.257275610389e-03, 7.8698e+02, 4.0469e+01, 
 1DIAGNOSTIC,    11, -9.206737211607e-01, 1.060981515547e-03, 8.2772e+02, 4.0741e+01, 
 1DIAGNOSTIC,    12, -9.219050470520e-01, 8.883343335059e-04, 8.6831e+02, 4.0593e+01, 
 1DIAGNOSTIC,    13, -9.227369596445e-01, 7.417747611603e-04, 9.0910e+02, 4.0787e+01, 
 1DIAGNOSTIC,    14, -9.236207130911e-01, 6.272418669976e-04, 9.4985e+02, 4.0755e+01, 
 1DIAGNOSTIC,    15, -9.242870276426e-01, 5.273699262194e-04, 9.9060e+02, 4.0745e+01, 
 1DIAGNOSTIC,    16, -9.248956669018e-01, 4.428860864880e-04, 1.0314e+03, 4.0777e+01, 
 1DIAGNOSTIC,    17, -9.254627692707e-01, 3.686247071868e-04, 1.0722e+03, 4.0814e+01, 
 1DIAGNOSTIC,    18, -9.259898242528e-01, 3.051132583661e-04, 1.1130e+03, 4.0770e+01, 
 1DIAGNOSTIC,    19, -9.264840602918e-01, 2.526505203915e-04, 1.1537e+03, 4.0744e+01, 
 1DIAGNOSTIC,    20, -9.269507365672e-01, 2.109557341241e-04, 1.1945e+03, 4.0774e+01, 
 1DIAGNOSTIC,    21, -9.273870865932e-01, 1.793020529271e-04, 1.2352e+03, 4.0726e+01, 
 1DIAGNOSTIC,    22, -9.277937365877e-01, 1.567814311675e-04, 1.2759e+03, 4.0739e+01, 
 1DIAGNOSTIC,    23, -9.281802615209e-01, 1.378342914355e-04, 1.3167e+03, 4.0741e+01, 
 1DIAGNOSTIC,    24, -9.285438316426e-01, 1.235827566018e-04, 1.3574e+03, 4.0746e+01, 
 1DIAGNOSTIC,    25, -9.288475871459e-01, 1.108400205810e-04, 1.3982e+03, 4.0729e+01, 
 1DIAGNOSTIC,    26, -9.290990890069e-01, 9.887791955172e-05, 1.4389e+03, 4.0764e+01, 
 1DIAGNOSTIC,    27, -9.293157305804e-01, 8.747289418853e-05, 1.4797e+03, 4.0748e+01, 
 1DIAGNOSTIC,    28, -9.295076357293e-01, 7.657833568707e-05, 1.5204e+03, 4.0756e+01, 
 1DIAGNOSTIC,    29, -9.296794630648e-01, 6.631008124987e-05, 1.5612e+03, 4.0741e+01, 
 1DIAGNOSTIC,    30, -9.298499975605e-01, 5.703940225946e-05, 1.6019e+03, 4.0752e+01, 
 1DIAGNOSTIC,    31, -9.300252033038e-01, 4.908874700600e-05, 1.6426e+03, 4.0729e+01, 
 1DIAGNOSTIC,    32, -9.302029232336e-01, 4.264624451814e-05, 1.6834e+03, 4.0739e+01, 
 1DIAGNOSTIC,    33, -9.303911738645e-01, 3.794522597850e-05, 1.7241e+03, 4.0738e+01, 
 1DIAGNOSTIC,    34, -9.305932310468e-01, 3.507723533932e-05, 1.7649e+03, 4.0768e+01, 
 1DIAGNOSTIC,    35, -9.308142329678e-01, 3.369435701020e-05, 1.8056e+03, 4.0721e+01, 
 1DIAGNOSTIC,    36, -9.310316201642e-01, 3.323007242664e-05, 1.8464e+03, 4.0755e+01, 
 1DIAGNOSTIC,    37, -9.312477591512e-01, 3.327072930942e-05, 1.8871e+03, 4.0724e+01, 
 1DIAGNOSTIC,    38, -9.314638041256e-01, 3.349055749633e-05, 1.9278e+03, 4.0750e+01, 
 1DIAGNOSTIC,    39, -9.316775499129e-01, 3.359181035723e-05, 1.9686e+03, 4.0725e+01, 
 1DIAGNOSTIC,    40, -9.318795290883e-01, 3.338891527513e-05, 2.0093e+03, 4.0734e+01, 
 1DIAGNOSTIC,    41, -9.320673599541e-01, 3.277616040197e-05, 2.0500e+03, 4.0734e+01, 
 1DIAGNOSTIC,    42, -9.322429930156e-01, 3.169546400402e-05, 2.0908e+03, 4.0794e+01, 
 1DIAGNOSTIC,    43, -9.324126163344e-01, 3.023854133656e-05, 2.1315e+03, 4.0721e+01, 
 1DIAGNOSTIC,    44, -9.325731134130e-01, 2.852708907496e-05, 2.1723e+03, 4.0744e+01, 
 1DIAGNOSTIC,    45, -9.327239605358e-01, 2.674141368640e-05, 2.2130e+03, 4.0729e+01, 
 1DIAGNOSTIC,    46, -9.328657516769e-01, 2.491409973943e-05, 2.2538e+03, 4.0788e+01, 
 1DIAGNOSTIC,    47, -9.330015532025e-01, 2.311972120566e-05, 2.2946e+03, 4.0778e+01, 
 1DIAGNOSTIC,    48, -9.331275119418e-01, 2.141188008366e-05, 2.3353e+03, 4.0759e+01, 
 1DIAGNOSTIC,    49, -9.332423361674e-01, 1.981967383606e-05, 2.3761e+03, 4.0718e+01, 
 1DIAGNOSTIC,    50, -9.333497942746e-01, 1.833204320071e-05, 2.4168e+03, 4.0743e+01, 
XXDIAGNOSTIC,Iteration,metricValue,convergenceValue,ITERATION_TIME_INDEX,SINCE_LAST
 1DIAGNOSTIC,     1, -8.995727387057e-01, 1.797693134862e+308, 2.7527e+03, 3.3587e+02, 
 1DIAGNOSTIC,     2, -9.008465944199e-01, 1.797693134862e+308, 3.0843e+03, 3.3161e+02, 
 1DIAGNOSTIC,     3, -9.026679454607e-01, 1.797693134862e+308, 3.4146e+03, 3.3035e+02, 
 1DIAGNOSTIC,     4, -9.046247513126e-01, 1.797693134862e+308, 3.7436e+03, 3.2899e+02, 
 1DIAGNOSTIC,     5, -9.063705352170e-01, 1.797693134862e+308, 4.0727e+03, 3.2912e+02, 
 1DIAGNOSTIC,     6, -9.079512343904e-01, 1.797693134862e+308, 4.4018e+03, 3.2903e+02, 
 1DIAGNOSTIC,     7, -9.093493829171e-01, 1.797693134862e+308, 4.7310e+03, 3.2918e+02, 
 1DIAGNOSTIC,     8, -9.106205610786e-01, 1.797693134862e+308, 5.0615e+03, 3.3055e+02, 
 1DIAGNOSTIC,     9, -9.117600088823e-01, 1.797693134862e+308, 5.3910e+03, 3.2945e+02, 
 1DIAGNOSTIC,    10, -9.127059492062e-01, 9.661013236881e-04, 5.7229e+03, 3.3193e+02, 
 1DIAGNOSTIC,    11, -9.136454300527e-01, 8.228498246628e-04, 6.0523e+03, 3.2936e+02, 
 1DIAGNOSTIC,    12, -9.143164702135e-01, 6.800303347168e-04, 6.3839e+03, 3.3162e+02, 
 1DIAGNOSTIC,    13, -9.151216648503e-01, 5.605888870996e-04, 6.7155e+03, 3.3166e+02, 
 1DIAGNOSTIC,    14, -9.156848391602e-01, 4.631332359513e-04, 7.0471e+03, 3.3157e+02, 
 1DIAGNOSTIC,    15, -9.162177501817e-01, 3.836088779910e-04, 7.3788e+03, 3.3170e+02, 
 1DIAGNOSTIC,    16, -9.167131217966e-01, 3.191912810293e-04, 7.7103e+03, 3.3153e+02, 
 1DIAGNOSTIC,    17, -9.171784404590e-01, 2.669975675092e-04, 8.0420e+03, 3.3163e+02, 
 1DIAGNOSTIC,    18, -9.176290828244e-01, 2.256134975357e-04, 8.3736e+03, 3.3159e+02, 
 1DIAGNOSTIC,    19, -9.180676964599e-01, 1.934816885277e-04, 8.7051e+03, 3.3159e+02, 
 1DIAGNOSTIC,    20, -9.184912879457e-01, 1.678347806407e-04, 9.0417e+03, 3.3653e+02, 
  Elapsed time (stage 0): 9044.84


Total elapsed time: 9044.84
-i /mnt/lustre/mathdugre/fast-interpolate/datasets/ds004513/derivatives/flint/ants/flint-vprec-single/sub-s034/ses-open/anat/11/1_Affine.nii.gz -o /mnt/lustre/mathdugre/fast-interpolate/datasets/ds004513/derivatives/flint/ants/flint-vprec-single/sub-s034/ses-open/anat/110/1_transformed.nii.gz -t /mnt/lustre/mathdugre/fast-interpolate/datasets/ds004513/derivatives/flint/ants/flint-vprec-single/sub-s034/ses-open/anat/110/1_1Warp.nii.gz -t /mnt/lustre/mathdugre/fast-interpolate/datasets/ds004513/derivatives/flint/ants/flint-vprec-single/sub-s034/ses-open/anat/110/1_0GenericAffine.mat
