---------------------
Experiment information

SIF_IMG: /mnt/lustre/mathdugre/containers/ants-flint-base.simg
SIF_IMG_BASE: /mnt/lustre/mathdugre/containers/ants-flint-base.simg
EXPERIMENT_NAME: flint-vprec-single
STAGE: affine
SUBJECT_ID: s014
REPETITION_ID: 1

FIXED_IMG: /templateflow/tpl-MNI152NLin2009cAsym/tpl-MNI152NLin2009cAsym_res-01_desc-brain_T1w.nii.gz
INPUT_IMG: /mnt/lustre/mathdugre/fast-interpolate/datasets/ds004513/derivatives/flint/ants/flint-vprec-single/sub-s014/ses-open/anat/0/1_Rigid.nii.gz

DATA_DIR: /mnt/lustre/mathdugre/fast-interpolate/datasets/ds004513
OUTPUT_DIR: /mnt/lustre/mathdugre/fast-interpolate/datasets/ds004513/derivatives/flint/ants/flint-vprec-single/sub-s014/ses-open/anat
OUTPUT_PREFIX: 00
THREAD: 1
FLOAT: 0
VFC_BACKENDS: ieee
---------------------

--output [/mnt/lustre/mathdugre/fast-interpolate/datasets/ds004513/derivatives/flint/ants/flint-vprec-single/sub-s014/ses-open/anat/00/1_,/mnt/lustre/mathdugre/fast-interpolate/datasets/ds004513/derivatives/flint/ants/flint-vprec-single/sub-s014/ses-open/anat/00/1_Affine.nii.gz,/mnt/lustre/mathdugre/fast-interpolate/datasets/ds004513/derivatives/flint/ants/flint-vprec-single/sub-s014/ses-open/anat/00/1_InverseAffine.nii.gz] --initial-moving-transform [/templateflow/tpl-MNI152NLin2009cAsym/tpl-MNI152NLin2009cAsym_res-01_desc-brain_T1w.nii.gz,/mnt/lustre/mathdugre/fast-interpolate/datasets/ds004513/derivatives/flint/ants/flint-vprec-single/sub-s014/ses-open/anat/0/1_Rigid.nii.gz,1] --transform Affine[0.1] --metric MI[/templateflow/tpl-MNI152NLin2009cAsym/tpl-MNI152NLin2009cAsym_res-01_desc-brain_T1w.nii.gz,/mnt/lustre/mathdugre/fast-interpolate/datasets/ds004513/derivatives/flint/ants/flint-vprec-single/sub-s014/ses-open/anat/0/1_Rigid.nii.gz,1,32,Regular,0.25] --convergence [1000x500x250x100,1e-6,10] --shrink-factors 8x4x2x1 --smoothing-sigmas 3x2x1x0vox
All_Command_lines_OK
Using double precision for computations.
=============================================================================
The composite transform comprises the following transforms (in order): 
  1. Center of mass alignment using fixed image: /templateflow/tpl-MNI152NLin2009cAsym/tpl-MNI152NLin2009cAsym_res-01_desc-brain_T1w.nii.gz and moving image: /mnt/lustre/mathdugre/fast-interpolate/datasets/ds004513/derivatives/flint/ants/flint-vprec-single/sub-s014/ses-open/anat/0/1_Rigid.nii.gz (type = Euler3DTransform)
=============================================================================
  number of levels = 4
  fixed image: /templateflow/tpl-MNI152NLin2009cAsym/tpl-MNI152NLin2009cAsym_res-01_desc-brain_T1w.nii.gz
  moving image: /mnt/lustre/mathdugre/fast-interpolate/datasets/ds004513/derivatives/flint/ants/flint-vprec-single/sub-s014/ses-open/anat/0/1_Rigid.nii.gz
Dimension = 3
Number of stages = 1
Use histogram matching = false
Winsorize image intensities = true
  Lower quantile = 0.005
  Upper quantile = 0.995


Stage 1 State
   Image metric = MattesMI
     Fixed image = Image (0x55e1f1f13e90)
  RTTI typeinfo:   itk::Image<double, 3u>
  Reference Count: 2
  Modified Time: 1622
  Debug: Off
  Object Name: 
  Observers: 
    none
  Source: (none)
  Source output name: (none)
  Release Data: Off
  Data Released: False
  Global Release Data: Off
  PipelineMTime: 0
  UpdateMTime: 1407
  RealTimeStamp: 0 seconds 
  LargestPossibleRegion: 
    Dimension: 3
    Index: [0, 0, 0]
    Size: [193, 229, 193]
  BufferedRegion: 
    Dimension: 3
    Index: [0, 0, 0]
    Size: [193, 229, 193]
  RequestedRegion: 
    Dimension: 3
    Index: [0, 0, 0]
    Size: [193, 229, 193]
  Spacing: [1, 1, 1]
  Origin: [96, 132, -78]
  Direction: 
-1 0 0
0 -1 0
0 0 1

  IndexToPointMatrix: 
-1 0 0
0 -1 0
0 0 1

  PointToIndexMatrix: 
-1 0 0
0 -1 0
0 0 1

  Inverse Direction: 
-1 0 0
0 -1 0
0 0 1

  PixelContainer: 
    ImportImageContainer (0x55e1f1fea0d0)
      RTTI typeinfo:   itk::ImportImageContainer<unsigned long, double>
      Reference Count: 1
      Modified Time: 1404
      Debug: Off
      Object Name: 
      Observers: 
        none
      Pointer: 0x7f4803f8d010
      Container manages memory: true
      Size: 8530021
      Capacity: 8530021

     Moving image = Image (0x55e1f1f1ab20)
  RTTI typeinfo:   itk::Image<double, 3u>
  Reference Count: 2
  Modified Time: 1623
  Debug: Off
  Object Name: 
  Observers: 
    none
  Source: (none)
  Source output name: (none)
  Release Data: Off
  Data Released: False
  Global Release Data: Off
  PipelineMTime: 0
  UpdateMTime: 1620
  RealTimeStamp: 0 seconds 
  LargestPossibleRegion: 
    Dimension: 3
    Index: [0, 0, 0]
    Size: [193, 229, 193]
  BufferedRegion: 
    Dimension: 3
    Index: [0, 0, 0]
    Size: [193, 229, 193]
  RequestedRegion: 
    Dimension: 3
    Index: [0, 0, 0]
    Size: [193, 229, 193]
  Spacing: [1, 1, 1]
  Origin: [96, 132, -78]
  Direction: 
-1 0 0
0 -1 0
0 0 1

  IndexToPointMatrix: 
-1 0 0
0 -1 0
0 0 1

  PointToIndexMatrix: 
-1 0 0
0 -1 0
0 0 1

  Inverse Direction: 
-1 0 0
0 -1 0
0 0 1

  PixelContainer: 
    ImportImageContainer (0x55e1f1f15480)
      RTTI typeinfo:   itk::ImportImageContainer<unsigned long, double>
      Reference Count: 1
      Modified Time: 1617
      Debug: Off
      Object Name: 
      Observers: 
        none
      Pointer: 0x7f47ffe78010
      Container manages memory: true
      Size: 8530021
      Capacity: 8530021

     Weighting = 1
     Sampling strategy = regular
     Number of bins = 32
     Radius = 4
     Sampling percentage  = 0.25
   Transform = Affine
     Gradient step = 0.1
     Update field sigma (voxel space) = 0
     Total field sigma (voxel space) = 0
     Update field time sigma = 0
     Total field time sigma  = 0
     Number of time indices = 0
     Number of time point samples = 0
Registration using 1 total stages.

Stage 0
  iterations = 1000x500x250x100
  convergence threshold = 1e-06
  convergence window size = 10
  number of levels = 4
  using the Mattes MI metric (number of bins = 32, weight = 1, use gradient filter = 0)
  preprocessing:  winsorizing the image intensities
  Shrink factors (level 1 out of 4): [8, 8, 8]
  Shrink factors (level 2 out of 4): [4, 4, 4]
  Shrink factors (level 3 out of 4): [2, 2, 2]
  Shrink factors (level 4 out of 4): [1, 1, 1]
  smoothing sigmas per level: [3, 2, 1, 0]
  regular sampling (percentage = 0.25)

*** Running AffineTransform registration ***

DIAGNOSTIC,Iteration,metricValue,convergenceValue,ITERATION_TIME_INDEX,SINCE_LAST
 2DIAGNOSTIC,     1, -4.643714899230e-01, 1.797693134862e+308, 1.4562e+00, 1.4562e+00, 
 2DIAGNOSTIC,     2, -4.661500997087e-01, 1.797693134862e+308, 1.4671e+00, 1.0904e-02, 
 2DIAGNOSTIC,     3, -4.697205334976e-01, 1.797693134862e+308, 1.4778e+00, 1.0739e-02, 
 2DIAGNOSTIC,     4, -4.760676295583e-01, 1.797693134862e+308, 1.4885e+00, 1.0664e-02, 
 2DIAGNOSTIC,     5, -4.875841349456e-01, 1.797693134862e+308, 1.4992e+00, 1.0746e-02, 
 2DIAGNOSTIC,     6, -5.196546208642e-01, 1.797693134862e+308, 1.5105e+00, 1.1317e-02, 
 2DIAGNOSTIC,     7, -6.256419241117e-01, 1.797693134862e+308, 1.5220e+00, 1.1432e-02, 
 2DIAGNOSTIC,     8, -6.911943688897e-01, 1.797693134862e+308, 1.5393e+00, 1.7367e-02, 
 2DIAGNOSTIC,     9, -7.097004829098e-01, 1.797693134862e+308, 1.5505e+00, 1.1162e-02, 
 2DIAGNOSTIC,    10, -7.544686476572e-01, 3.680487777564e-02, 1.5647e+00, 1.4228e-02, 
 2DIAGNOSTIC,    11, -8.241904815884e-01, 3.869609267468e-02, 1.5757e+00, 1.0933e-02, 
 2DIAGNOSTIC,    12, -8.378605496586e-01, 3.721141298719e-02, 1.5904e+00, 1.4705e-02, 
 2DIAGNOSTIC,    13, -8.445392595108e-01, 3.309808947710e-02, 1.6009e+00, 1.0508e-02, 
 2DIAGNOSTIC,    14, -8.467427635328e-01, 2.715270100597e-02, 1.6151e+00, 1.4276e-02, 
 2DIAGNOSTIC,    15, -8.476954684823e-01, 2.017428867838e-02, 1.6256e+00, 1.0491e-02, 
 2DIAGNOSTIC,    16, -8.504104255739e-01, 1.331687387911e-02, 1.6373e+00, 1.1700e-02, 
 2DIAGNOSTIC,    17, -8.513463999644e-01, 8.851606757778e-03, 1.6478e+00, 1.0429e-02, 
 2DIAGNOSTIC,    18, -8.515638269918e-01, 5.720177638336e-03, 1.6582e+00, 1.0404e-02, 
 2DIAGNOSTIC,    19, -8.517561862013e-01, 2.862565306904e-03, 1.6759e+00, 1.7727e-02, 
 2DIAGNOSTIC,    20, -8.517675118787e-01, 9.527209116237e-04, 1.6863e+00, 1.0435e-02, 
 2DIAGNOSTIC,    21, -8.518049706524e-01, 4.903387384062e-04, 1.6967e+00, 1.0406e-02, 
 2DIAGNOSTIC,    22, -8.518475218868e-01, 2.756469425595e-04, 1.7071e+00, 1.0393e-02, 
 2DIAGNOSTIC,    23, -8.518731304372e-01, 1.714376094800e-04, 1.7175e+00, 1.0399e-02, 
 2DIAGNOSTIC,    24, -8.518965914496e-01, 9.793406360491e-05, 1.7279e+00, 1.0359e-02, 
 2DIAGNOSTIC,    25, -8.519280200133e-01, 3.648258287269e-05, 1.7382e+00, 1.0365e-02, 
 2DIAGNOSTIC,    26, -8.519621221158e-01, 1.749734043512e-05, 1.7499e+00, 1.1613e-02, 
 2DIAGNOSTIC,    27, -8.520106358741e-01, 1.247672467285e-05, 1.7627e+00, 1.2822e-02, 
 2DIAGNOSTIC,    28, -8.520144992017e-01, 9.744095866772e-06, 1.7731e+00, 1.0384e-02, 
 2DIAGNOSTIC,    29, -8.520272286642e-01, 9.122171004780e-06, 1.7846e+00, 1.1537e-02, 
 2DIAGNOSTIC,    30, -8.520414445821e-01, 8.120790452322e-06, 1.7961e+00, 1.1543e-02, 
 2DIAGNOSTIC,    31, -8.520482578245e-01, 7.055619370422e-06, 1.8065e+00, 1.0330e-02, 
 2DIAGNOSTIC,    32, -8.520497322570e-01, 6.013493774028e-06, 1.8168e+00, 1.0286e-02, 
 2DIAGNOSTIC,    33, -8.520513361309e-01, 4.888355182017e-06, 1.8283e+00, 1.1556e-02, 
 2DIAGNOSTIC,    34, -8.520523790708e-01, 3.744521625722e-06, 1.8386e+00, 1.0292e-02, 
 2DIAGNOSTIC,    35, -8.520544071134e-01, 2.763823125841e-06, 1.8514e+00, 1.2740e-02, 
 2DIAGNOSTIC,    36, -8.520550097900e-01, 2.018581301132e-06, 1.8653e+00, 1.3949e-02, 
 2DIAGNOSTIC,    37, -8.520551778308e-01, 1.704919206334e-06, 1.8757e+00, 1.0428e-02, 
 2DIAGNOSTIC,    38, -8.520562834622e-01, 1.384589198655e-06, 1.8890e+00, 1.3264e-02, 
 2DIAGNOSTIC,    39, -8.520567407642e-01, 1.158451923625e-06, 1.9007e+00, 1.1738e-02, 
 2DIAGNOSTIC,    40, -8.520567534465e-01, 1.047587548271e-06, 1.9111e+00, 1.0339e-02, 
DIAGNOSTIC,Iteration,metricValue,convergenceValue,ITERATION_TIME_INDEX,SINCE_LAST
 2DIAGNOSTIC,     1, -7.128025226910e-01, 1.797693134862e+308, 3.4739e+00, 1.5628e+00, 
 2DIAGNOSTIC,     2, -7.135067520840e-01, 1.797693134862e+308, 3.5871e+00, 1.1321e-01, 
 2DIAGNOSTIC,     3, -7.138929623763e-01, 1.797693134862e+308, 3.6996e+00, 1.1245e-01, 
 2DIAGNOSTIC,     4, -7.141029750022e-01, 1.797693134862e+308, 3.8119e+00, 1.1233e-01, 
 2DIAGNOSTIC,     5, -7.143663884005e-01, 1.797693134862e+308, 3.9392e+00, 1.2732e-01, 
 2DIAGNOSTIC,     6, -7.144823280138e-01, 1.797693134862e+308, 4.0966e+00, 1.5735e-01, 
 2DIAGNOSTIC,     7, -7.145592528637e-01, 1.797693134862e+308, 4.2087e+00, 1.1215e-01, 
 2DIAGNOSTIC,     8, -7.145917705140e-01, 1.797693134862e+308, 4.3365e+00, 1.2778e-01, 
 2DIAGNOSTIC,     9, -7.146456582027e-01, 1.797693134862e+308, 4.4492e+00, 1.1270e-01, 
 2DIAGNOSTIC,    10, -7.146660033509e-01, 1.457011136177e-04, 4.6072e+00, 1.5803e-01, 
 2DIAGNOSTIC,    11, -7.146763163225e-01, 8.768459545970e-05, 4.7194e+00, 1.1215e-01, 
 2DIAGNOSTIC,    12, -7.146822714118e-01, 5.511553685675e-05, 4.8316e+00, 1.1220e-01, 
 2DIAGNOSTIC,    13, -7.146906463233e-01, 3.484802960700e-05, 4.9590e+00, 1.2739e-01, 
 2DIAGNOSTIC,    14, -7.147051345959e-01, 2.074420784004e-05, 5.1312e+00, 1.7221e-01, 
 2DIAGNOSTIC,    15, -7.147054122582e-01, 1.375910250395e-05, 5.2580e+00, 1.2686e-01, 
 2DIAGNOSTIC,    16, -7.147054489365e-01, 9.441760761550e-06, 5.3701e+00, 1.1209e-01, 
 2DIAGNOSTIC,    17, -7.147055131349e-01, 6.750947714948e-06, 5.4824e+00, 1.1227e-01, 
 2DIAGNOSTIC,    18, -7.147057529533e-01, 4.602756542758e-06, 5.5946e+00, 1.1223e-01, 
 2DIAGNOSTIC,    19, -7.147063701591e-01, 3.545829340222e-06, 5.7069e+00, 1.1228e-01, 
 2DIAGNOSTIC,    20, -7.147072989333e-01, 2.840744967564e-06, 5.8193e+00, 1.1243e-01, 
 2DIAGNOSTIC,    21, -7.147087949991e-01, 2.312954992388e-06, 5.9772e+00, 1.5790e-01, 
 2DIAGNOSTIC,    22, -7.147089523666e-01, 1.867683555930e-06, 6.1207e+00, 1.4352e-01, 
 2DIAGNOSTIC,    23, -7.147091517070e-01, 1.563287962678e-06, 6.2784e+00, 1.5767e-01, 
 2DIAGNOSTIC,    24, -7.147093682804e-01, 1.511128531965e-06, 6.3909e+00, 1.1250e-01, 
 2DIAGNOSTIC,    25, -7.147106107534e-01, 1.469593570134e-06, 6.5187e+00, 1.2774e-01, 
 2DIAGNOSTIC,    26, -7.147110846021e-01, 1.419823208351e-06, 6.9013e+00, 3.8263e-01, 
 2DIAGNOSTIC,    27, -7.147110846016e-01, 1.356396580471e-06, 7.2233e+00, 3.2201e-01, 
 2DIAGNOSTIC,    28, -7.147110846016e-01, 1.284683385672e-06, 7.3805e+00, 1.5723e-01, 
 2DIAGNOSTIC,    29, -7.147110846016e-01, 1.212276280527e-06, 7.5085e+00, 1.2800e-01, 
 2DIAGNOSTIC,    30, -7.147110846016e-01, 1.145317335478e-06, 7.6360e+00, 1.2749e-01, 
 2DIAGNOSTIC,    31, -7.147110846016e-01, 1.093712687847e-06, 7.7634e+00, 1.2742e-01, 
 2DIAGNOSTIC,    32, -7.147110846016e-01, 1.041101703465e-06, 7.8911e+00, 1.2764e-01, 
DIAGNOSTIC,Iteration,metricValue,convergenceValue,ITERATION_TIME_INDEX,SINCE_LAST
 2DIAGNOSTIC,     1, -6.112497659825e-01, 1.797693134862e+308, 1.0220e+01, 2.3286e+00, 
 2DIAGNOSTIC,     2, -6.115708825599e-01, 1.797693134862e+308, 1.0954e+01, 7.3410e-01, 
 2DIAGNOSTIC,     3, -6.119142612718e-01, 1.797693134862e+308, 1.1693e+01, 7.3904e-01, 
 2DIAGNOSTIC,     4, -6.122533524269e-01, 1.797693134862e+308, 1.2741e+01, 1.0478e+00, 
 2DIAGNOSTIC,     5, -6.124032022761e-01, 1.797693134862e+308, 1.3481e+01, 7.4083e-01, 
 2DIAGNOSTIC,     6, -6.124184675577e-01, 1.797693134862e+308, 1.4221e+01, 7.3943e-01, 
 2DIAGNOSTIC,     7, -6.124389853681e-01, 1.797693134862e+308, 1.4963e+01, 7.4229e-01, 
 2DIAGNOSTIC,     8, -6.124815583621e-01, 1.797693134862e+308, 1.5900e+01, 9.3638e-01, 
 2DIAGNOSTIC,     9, -6.124924935548e-01, 1.797693134862e+308, 1.6734e+01, 8.3430e-01, 
 2DIAGNOSTIC,    10, -6.124956067405e-01, 1.210335123792e-04, 1.7471e+01, 7.3732e-01, 
 2DIAGNOSTIC,    11, -6.125053035399e-01, 7.253527406963e-05, 1.8403e+01, 9.3134e-01, 
 2DIAGNOSTIC,    12, -6.125108052684e-01, 3.836246510087e-05, 1.9848e+01, 1.4458e+00, 
 2DIAGNOSTIC,    13, -6.125108473417e-01, 1.818462386288e-05, 2.0588e+01, 7.3938e-01, 
 2DIAGNOSTIC,    14, -6.125108656908e-01, 1.057519166965e-05, 2.1324e+01, 7.3612e-01, 
 2DIAGNOSTIC,    15, -6.125108833850e-01, 7.874855513193e-06, 2.2252e+01, 9.2772e-01, 
 2DIAGNOSTIC,    16, -6.125108879693e-01, 5.424902859694e-06, 2.3376e+01, 1.1239e+00, 
 2DIAGNOSTIC,    17, -6.125108880638e-01, 3.475286194619e-06, 2.4514e+01, 1.1384e+00, 
 2DIAGNOSTIC,    18, -6.125108880686e-01, 2.688440634398e-06, 2.7032e+01, 2.5179e+00, 
 2DIAGNOSTIC,    19, -6.125108880686e-01, 2.169118118102e-06, 2.7973e+01, 9.4126e-01, 
 2DIAGNOSTIC,    20, -6.125108880686e-01, 1.723138812443e-06, 2.8828e+01, 8.5523e-01, 
 2DIAGNOSTIC,    21, -6.125108880686e-01, 1.518170543183e-06, 2.9663e+01, 8.3511e-01, 
 2DIAGNOSTIC,    22, -6.125108880686e-01, 1.447612045215e-06, 3.0593e+01, 9.2999e-01, 
 2DIAGNOSTIC,    23, -6.125108880686e-01, 1.383909182237e-06, 3.1532e+01, 9.3890e-01, 
 2DIAGNOSTIC,    24, -6.125108880686e-01, 1.325812037788e-06, 3.2474e+01, 9.4170e-01, 
 2DIAGNOSTIC,    25, -6.125108880686e-01, 1.272681091576e-06, 3.3312e+01, 8.3841e-01, 
 2DIAGNOSTIC,    26, -6.125108880686e-01, 1.223719615584e-06, 3.4151e+01, 8.3859e-01, 
 2DIAGNOSTIC,    27, -6.125108880686e-01, 1.178387275404e-06, 3.4987e+01, 8.3592e-01, 
 2DIAGNOSTIC,    28, -6.125108880686e-01, 1.136293680405e-06, 3.5723e+01, 7.3608e-01, 
 2DIAGNOSTIC,    29, -6.125108880686e-01, 1.097103647020e-06, 3.6558e+01, 8.3543e-01, 
 2DIAGNOSTIC,    30, -6.125108880686e-01, 1.060526765476e-06, 3.7390e+01, 8.3168e-01, 
 2DIAGNOSTIC,    31, -6.125108880686e-01, 1.026310104894e-06, 3.8234e+01, 8.4396e-01, 
DIAGNOSTIC,Iteration,metricValue,convergenceValue,ITERATION_TIME_INDEX,SINCE_LAST
 2DIAGNOSTIC,     1, -5.464374391051e-01, 1.797693134862e+308, 4.4274e+01, 6.0404e+00, 
 2DIAGNOSTIC,     2, -5.465618543263e-01, 1.797693134862e+308, 4.9141e+01, 4.8661e+00, 
 2DIAGNOSTIC,     3, -5.467098667254e-01, 1.797693134862e+308, 5.4598e+01, 5.4571e+00, 
 2DIAGNOSTIC,     4, -5.467676311897e-01, 1.797693134862e+308, 6.2991e+01, 8.3936e+00, 
 2DIAGNOSTIC,     5, -5.467686841973e-01, 1.797693134862e+308, 6.7865e+01, 4.8741e+00, 
 2DIAGNOSTIC,     6, -5.467716360989e-01, 1.797693134862e+308, 7.2764e+01, 4.8982e+00, 
 2DIAGNOSTIC,     7, -5.467751237143e-01, 1.797693134862e+308, 7.7655e+01, 4.8913e+00, 
 2DIAGNOSTIC,     8, -5.467777451591e-01, 1.797693134862e+308, 8.2537e+01, 4.8825e+00, 
 2DIAGNOSTIC,     9, -5.467795284756e-01, 1.797693134862e+308, 8.7422e+01, 4.8846e+00, 
 2DIAGNOSTIC,    10, -5.467817172946e-01, 3.364855362409e-05, 9.2309e+01, 4.8871e+00, 
 2DIAGNOSTIC,    11, -5.467845875791e-01, 1.700621760654e-05, 9.7194e+01, 4.8847e+00, 
 2DIAGNOSTIC,    12, -5.467916248098e-01, 7.409323141111e-06, 1.1269e+02, 1.5498e+01, 
 2DIAGNOSTIC,    13, -5.467916247449e-01, 4.706436765020e-06, 1.1757e+02, 4.8794e+00, 
 2DIAGNOSTIC,    14, -5.467916248842e-01, 4.334771686876e-06, 1.2245e+02, 4.8765e+00, 
 2DIAGNOSTIC,    15, -5.467916251196e-01, 3.862976388949e-06, 1.2732e+02, 4.8759e+00, 
 2DIAGNOSTIC,    16, -5.467916255172e-01, 3.382345087621e-06, 1.3220e+02, 4.8738e+00, 
 2DIAGNOSTIC,    17, -5.467916261881e-01, 2.932081791467e-06, 1.3707e+02, 4.8731e+00, 
 2DIAGNOSTIC,    18, -5.467916273198e-01, 2.509468743590e-06, 1.4194e+02, 4.8710e+00, 
 2DIAGNOSTIC,    19, -5.467916292097e-01, 2.113786329021e-06, 1.4681e+02, 4.8671e+00, 
 2DIAGNOSTIC,    20, -5.467916323594e-01, 1.773875294486e-06, 1.5169e+02, 4.8817e+00, 
 2DIAGNOSTIC,    21, -5.467916376857e-01, 1.515449440867e-06, 1.5657e+02, 4.8823e+00, 
 2DIAGNOSTIC,    22, -5.467916465868e-01, 1.446946354983e-06, 1.6144e+02, 4.8702e+00, 
 2DIAGNOSTIC,    23, -5.467916611699e-01, 1.384636400079e-06, 1.6633e+02, 4.8856e+00, 
 2DIAGNOSTIC,    24, -5.467916849940e-01, 1.327891108939e-06, 1.7120e+02, 4.8752e+00, 
 2DIAGNOSTIC,    25, -5.467917241480e-01, 1.276270675497e-06, 1.7608e+02, 4.8807e+00, 
 2DIAGNOSTIC,    26, -5.467917829667e-01, 1.229433611909e-06, 1.8096e+02, 4.8792e+00, 
 2DIAGNOSTIC,    27, -5.467918724141e-01, 1.187225311554e-06, 1.8584e+02, 4.8757e+00, 
 2DIAGNOSTIC,    28, -5.467919897589e-01, 1.149352918561e-06, 1.9070e+02, 4.8657e+00, 
 2DIAGNOSTIC,    29, -5.467921316017e-01, 1.115387384405e-06, 1.9558e+02, 4.8739e+00, 
 2DIAGNOSTIC,    30, -5.467923400354e-01, 1.085574786369e-06, 2.0045e+02, 4.8760e+00, 
 2DIAGNOSTIC,    31, -5.467924660535e-01, 1.057444472027e-06, 2.0592e+02, 5.4645e+00, 
 2DIAGNOSTIC,    32, -5.467925070692e-01, 1.028912963316e-06, 2.1259e+02, 6.6746e+00, 
  Elapsed time (stage 0): 2.1574e+02


Total elapsed time: 2.1574e+02
-i /mnt/lustre/mathdugre/fast-interpolate/datasets/ds004513/derivatives/flint/ants/flint-vprec-single/sub-s014/ses-open/anat/0/1_Rigid.nii.gz -o /mnt/lustre/mathdugre/fast-interpolate/datasets/ds004513/derivatives/flint/ants/flint-vprec-single/sub-s014/ses-open/anat/00/1_transformed.nii.gz -t /mnt/lustre/mathdugre/fast-interpolate/datasets/ds004513/derivatives/flint/ants/flint-vprec-single/sub-s014/ses-open/anat/00/1_0GenericAffine.mat
