---------------------
Experiment information

SIF_IMG: /mnt/lustre/mathdugre/containers/ants-flint-vprec.simg
SIF_IMG_BASE: /mnt/lustre/mathdugre/containers/ants-flint-base.simg
EXPERIMENT_NAME: flint-vprec-single
STAGE: syn
SUBJECT_ID: s030
REPETITION_ID: 1

FIXED_IMG: /templateflow/tpl-MNI152NLin2009cAsym/tpl-MNI152NLin2009cAsym_res-01_desc-brain_T1w.nii.gz
INPUT_IMG: /mnt/lustre/mathdugre/fast-interpolate/datasets/ds004513/derivatives/flint/ants/flint-vprec-single/sub-s030/ses-open/anat/11/1_Affine.nii.gz

DATA_DIR: /mnt/lustre/mathdugre/fast-interpolate/datasets/ds004513
OUTPUT_DIR: /mnt/lustre/mathdugre/fast-interpolate/datasets/ds004513/derivatives/flint/ants/flint-vprec-single/sub-s030/ses-open/anat
OUTPUT_PREFIX: 111
THREAD: 1
FLOAT: 0
VFC_BACKENDS: libinterflop_vprec.so --precision-binary32=23 --range-binary32=8 --precision-binary64=23 --range-binary64=8
---------------------

--output [/mnt/lustre/mathdugre/fast-interpolate/datasets/ds004513/derivatives/flint/ants/flint-vprec-single/sub-s030/ses-open/anat/111/1_,/mnt/lustre/mathdugre/fast-interpolate/datasets/ds004513/derivatives/flint/ants/flint-vprec-single/sub-s030/ses-open/anat/111/1_Warped.nii.gz,/mnt/lustre/mathdugre/fast-interpolate/datasets/ds004513/derivatives/flint/ants/flint-vprec-single/sub-s030/ses-open/anat/111/1_InverseSyN.nii.gz] --initial-moving-transform [/templateflow/tpl-MNI152NLin2009cAsym/tpl-MNI152NLin2009cAsym_res-01_desc-brain_T1w.nii.gz,/mnt/lustre/mathdugre/fast-interpolate/datasets/ds004513/derivatives/flint/ants/flint-vprec-single/sub-s030/ses-open/anat/11/1_Affine.nii.gz,1] --transform SyN[ 0.1,3,0 ] --metric CC[/templateflow/tpl-MNI152NLin2009cAsym/tpl-MNI152NLin2009cAsym_res-01_desc-brain_T1w.nii.gz,/mnt/lustre/mathdugre/fast-interpolate/datasets/ds004513/derivatives/flint/ants/flint-vprec-single/sub-s030/ses-open/anat/11/1_Affine.nii.gz,1,4] --convergence [100x70x50x20,1e-6,10] --shrink-factors 8x4x2x1 --smoothing-sigmas 3x2x1x0vox
All_Command_lines_OK
Using double precision for computations.
=============================================================================
The composite transform comprises the following transforms (in order): 
  1. Center of mass alignment using fixed image: /templateflow/tpl-MNI152NLin2009cAsym/tpl-MNI152NLin2009cAsym_res-01_desc-brain_T1w.nii.gz and moving image: /mnt/lustre/mathdugre/fast-interpolate/datasets/ds004513/derivatives/flint/ants/flint-vprec-single/sub-s030/ses-open/anat/11/1_Affine.nii.gz (type = Euler3DTransform)
=============================================================================
  number of levels = 4
  fixed image: /templateflow/tpl-MNI152NLin2009cAsym/tpl-MNI152NLin2009cAsym_res-01_desc-brain_T1w.nii.gz
  moving image: /mnt/lustre/mathdugre/fast-interpolate/datasets/ds004513/derivatives/flint/ants/flint-vprec-single/sub-s030/ses-open/anat/11/1_Affine.nii.gz
Dimension = 3
Number of stages = 1
Use histogram matching = false
Winsorize image intensities = true
  Lower quantile = 0.005
  Upper quantile = 0.995


Stage 1 State
   Image metric = CC
     Fixed image = Image (0x325cb50)
  RTTI typeinfo:   itk::Image<double, 3u>
  Reference Count: 2
  Modified Time: 1622
  Debug: Off
  Object Name: 
  Observers: 
    none
  Source: (none)
  Source output name: (none)
  Release Data: Off
  Data Released: False
  Global Release Data: Off
  PipelineMTime: 0
  UpdateMTime: 1407
  RealTimeStamp: 0 seconds 
  LargestPossibleRegion: 
    Dimension: 3
    Index: [0, 0, 0]
    Size: [193, 229, 193]
  BufferedRegion: 
    Dimension: 3
    Index: [0, 0, 0]
    Size: [193, 229, 193]
  RequestedRegion: 
    Dimension: 3
    Index: [0, 0, 0]
    Size: [193, 229, 193]
  Spacing: [1, 1, 1]
  Origin: [96, 132, -78]
  Direction: 
-1 0 0
0 -1 0
0 0 1

  IndexToPointMatrix: 
-1 0 0
0 -1 0
0 0 1

  PointToIndexMatrix: 
-1 0 0
0 -1 0
0 0 1

  Inverse Direction: 
-1 0 0
0 -1 0
0 0 1

  PixelContainer: 
    ImportImageContainer (0x32d56d0)
      RTTI typeinfo:   itk::ImportImageContainer<unsigned long, double>
      Reference Count: 1
      Modified Time: 1404
      Debug: Off
      Object Name: 
      Observers: 
        none
      Pointer: 0x7fc15cc58010
      Container manages memory: true
      Size: 8530021
      Capacity: 8530021

     Moving image = Image (0x3268d60)
  RTTI typeinfo:   itk::Image<double, 3u>
  Reference Count: 2
  Modified Time: 1623
  Debug: Off
  Object Name: 
  Observers: 
    none
  Source: (none)
  Source output name: (none)
  Release Data: Off
  Data Released: False
  Global Release Data: Off
  PipelineMTime: 0
  UpdateMTime: 1620
  RealTimeStamp: 0 seconds 
  LargestPossibleRegion: 
    Dimension: 3
    Index: [0, 0, 0]
    Size: [193, 229, 193]
  BufferedRegion: 
    Dimension: 3
    Index: [0, 0, 0]
    Size: [193, 229, 193]
  RequestedRegion: 
    Dimension: 3
    Index: [0, 0, 0]
    Size: [193, 229, 193]
  Spacing: [1, 1, 1]
  Origin: [96, 132, -78]
  Direction: 
-1 0 0
0 -1 0
0 0 1

  IndexToPointMatrix: 
-1 0 0
0 -1 0
0 0 1

  PointToIndexMatrix: 
-1 0 0
0 -1 0
0 0 1

  Inverse Direction: 
-1 0 0
0 -1 0
0 0 1

  PixelContainer: 
    ImportImageContainer (0x33357d0)
      RTTI typeinfo:   itk::ImportImageContainer<unsigned long, double>
      Reference Count: 1
      Modified Time: 1617
      Debug: Off
      Object Name: 
      Observers: 
        none
      Pointer: 0x7fc158b43010
      Container manages memory: true
      Size: 8530021
      Capacity: 8530021

     Weighting = 1
     Sampling strategy = none
     Number of bins = 32
     Radius = 4
     Sampling percentage  = 1
   Transform = SyN
     Gradient step = 0.1
     Update field sigma (voxel space) = 3
     Total field sigma (voxel space) = 0
     Update field time sigma = 0
     Total field time sigma  = 0
     Number of time indices = 0
     Number of time point samples = 0
Registration using 1 total stages.

Stage 0
  iterations = 100x70x50x20
  convergence threshold = 1e-06
  convergence window size = 10
  number of levels = 4
  using the CC metric (radius = 4, weight = 1, use gradient filter = 0)
  preprocessing:  winsorizing the image intensities
  Shrink factors (level 1 out of 4): [8, 8, 8]
  Shrink factors (level 2 out of 4): [4, 4, 4]
  Shrink factors (level 3 out of 4): [2, 2, 2]
  Shrink factors (level 4 out of 4): [1, 1, 1]
  smoothing sigmas per level: [3, 2, 1, 0]
  Using default NONE metricSamplingStrategy 

*** Running SyN registration (varianceForUpdateField = 3, varianceForTotalField = 0) ***

XXDIAGNOSTIC,Iteration,metricValue,convergenceValue,ITERATION_TIME_INDEX,SINCE_LAST
 1DIAGNOSTIC,     1, -9.420689344406e-01, 1.797693134862e+308, 0.0000e+00, 0.0000e+00, 
 1DIAGNOSTIC,     2, -9.527324438095e-01, 1.797693134862e+308, 0.0000e+00, 0.0000e+00, 
 1DIAGNOSTIC,     3, -9.598368406296e-01, 1.797693134862e+308, 0.0000e+00, 0.0000e+00, 
 1DIAGNOSTIC,     4, -9.642180204391e-01, 1.797693134862e+308, 1.2800e+02, 1.2800e+02, 
 1DIAGNOSTIC,     5, -9.672883152962e-01, 1.797693134862e+308, 1.2800e+02, 0.0000e+00, 
 1DIAGNOSTIC,     6, -9.704408645630e-01, 1.797693134862e+308, 1.2800e+02, 0.0000e+00, 
 1DIAGNOSTIC,     7, -9.728931784630e-01, 1.797693134862e+308, 1.2800e+02, 0.0000e+00, 
 1DIAGNOSTIC,     8, -9.749083518982e-01, 1.797693134862e+308, 1.2800e+02, 0.0000e+00, 
 1DIAGNOSTIC,     9, -9.752558469772e-01, 1.797693134862e+308, 1.2800e+02, 0.0000e+00, 
 1DIAGNOSTIC,    10, -9.761765003204e-01, 2.032279968262e-03, 1.2800e+02, 0.0000e+00, 
 1DIAGNOSTIC,    11, -9.763256311417e-01, 1.328237354755e-03, 1.2800e+02, 0.0000e+00, 
 1DIAGNOSTIC,    12, -9.771329760551e-01, 9.009987115860e-04, 2.5600e+02, 1.2800e+02, 
 1DIAGNOSTIC,    13, -9.771507382393e-01, 6.178990006447e-04, 2.5600e+02, 0.0000e+00, 
 1DIAGNOSTIC,    14, -9.777413606644e-01, 4.235580563545e-04, 2.5600e+02, 0.0000e+00, 
 1DIAGNOSTIC,    15, -9.776623249054e-01, 2.744123339653e-04, 2.5600e+02, 0.0000e+00, 
 1DIAGNOSTIC,    16, -9.781699776649e-01, 1.854225993156e-04, 2.5600e+02, 0.0000e+00, 
 1DIAGNOSTIC,    17, -9.781152009964e-01, 1.303926110268e-04, 2.5600e+02, 0.0000e+00, 
 1DIAGNOSTIC,    18, -9.784615039825e-01, 1.081191003323e-04, 2.5600e+02, 0.0000e+00, 
 1DIAGNOSTIC,    19, -9.783074855804e-01, 8.098408579826e-05, 2.5600e+02, 0.0000e+00, 
 1DIAGNOSTIC,    20, -9.786579608917e-01, 6.794929504395e-05, 3.8400e+02, 1.2800e+02, 
 1DIAGNOSTIC,    21, -9.784883260727e-01, 4.933401942253e-05, 3.8400e+02, 0.0000e+00, 
 1DIAGNOSTIC,    22, -9.787814021111e-01, 4.269182682037e-05, 3.8400e+02, 0.0000e+00, 
 1DIAGNOSTIC,    23, -9.785940647125e-01, 3.037974238396e-05, 3.8400e+02, 0.0000e+00, 
 1DIAGNOSTIC,    24, -9.788718819618e-01, 2.711266279221e-05, 3.8400e+02, 0.0000e+00, 
 1DIAGNOSTIC,    25, -9.786759614944e-01, 1.825392246246e-05, 3.8400e+02, 0.0000e+00, 
 1DIAGNOSTIC,    26, -9.789189696312e-01, 1.702085137367e-05, 3.8400e+02, 0.0000e+00, 
 1DIAGNOSTIC,    27, -9.787212014198e-01, 1.150742173195e-05, 3.8400e+02, 0.0000e+00, 
 1DIAGNOSTIC,    28, -9.790085554123e-01, 1.214817166328e-05, 5.1200e+02, 1.2800e+02, 
 1DIAGNOSTIC,    29, -9.787596464157e-01, 7.469207048416e-06, 5.1200e+02, 0.0000e+00, 
 1DIAGNOSTIC,    30, -9.789722561836e-01, 8.124858140945e-06, 5.1200e+02, 0.0000e+00, 
 1DIAGNOSTIC,    31, -9.787886142731e-01, 4.619359970093e-06, 5.1200e+02, 0.0000e+00, 
 1DIAGNOSTIC,    32, -9.790065884590e-01, 5.748122930527e-06, 5.1200e+02, 0.0000e+00, 
 1DIAGNOSTIC,    33, -9.788163304329e-01, 2.894550561905e-06, 5.1200e+02, 0.0000e+00, 
 1DIAGNOSTIC,    34, -9.790344238281e-01, 4.384666681290e-06, 5.1200e+02, 0.0000e+00, 
 1DIAGNOSTIC,    35, -9.788432121277e-01, 2.145767211914e-06, 6.4000e+02, 1.2800e+02, 
 1DIAGNOSTIC,    36, -9.790568351746e-01, 3.701075911522e-06, 6.4000e+02, 0.0000e+00, 
 1DIAGNOSTIC,    37, -9.788612723351e-01, 1.685693860054e-06, 6.4000e+02, 0.0000e+00, 
 1DIAGNOSTIC,    38, -9.790658950806e-01, 3.578141331673e-06, 6.4000e+02, 0.0000e+00, 
 1DIAGNOSTIC,    39, -9.788717031479e-01, 1.719221472740e-06, 6.4000e+02, 0.0000e+00, 
 1DIAGNOSTIC,    40, -9.790680408478e-01, 2.922490239143e-06, 6.4000e+02, 0.0000e+00, 
 1DIAGNOSTIC,    41, -9.788764715195e-01, 1.115724444389e-06, 6.4000e+02, 0.0000e+00, 
 1DIAGNOSTIC,    42, -9.790698289871e-01, 2.292916178703e-06, 6.4000e+02, 0.0000e+00, 
 1DIAGNOSTIC,    43, -9.788804650307e-01, 6.221234798431e-07, 7.6800e+02, 1.2800e+02, 
XXDIAGNOSTIC,Iteration,metricValue,convergenceValue,ITERATION_TIME_INDEX,SINCE_LAST
 1DIAGNOSTIC,     1, -9.237585067749e-01, 1.797693134862e+308, 8.9600e+02, 1.2800e+02, 
 1DIAGNOSTIC,     2, -9.262515902519e-01, 1.797693134862e+308, 1.0240e+03, 1.2800e+02, 
 1DIAGNOSTIC,     3, -9.289067983627e-01, 1.797693134862e+308, 1.1520e+03, 1.2800e+02, 
 1DIAGNOSTIC,     4, -9.311356544495e-01, 1.797693134862e+308, 1.2800e+03, 1.2800e+02, 
 1DIAGNOSTIC,     5, -9.329599738121e-01, 1.797693134862e+308, 1.5360e+03, 2.5600e+02, 
 1DIAGNOSTIC,     6, -9.345271587372e-01, 1.797693134862e+308, 1.6640e+03, 1.2800e+02, 
 1DIAGNOSTIC,     7, -9.358938932419e-01, 1.797693134862e+308, 1.7920e+03, 1.2800e+02, 
 1DIAGNOSTIC,     8, -9.371095299721e-01, 1.797693134862e+308, 1.9200e+03, 1.2800e+02, 
 1DIAGNOSTIC,     9, -9.380315542221e-01, 1.797693134862e+308, 2.0480e+03, 1.2800e+02, 
 1DIAGNOSTIC,    10, -9.388415813446e-01, 1.027412712574e-03, 2.1760e+03, 1.2800e+02, 
 1DIAGNOSTIC,    11, -9.395754933357e-01, 8.058845996857e-04, 2.3040e+03, 1.2800e+02, 
 1DIAGNOSTIC,    12, -9.402735829353e-01, 6.291791796684e-04, 2.5600e+03, 2.5600e+02, 
 1DIAGNOSTIC,    13, -9.408705234528e-01, 4.983618855476e-04, 2.6880e+03, 1.2800e+02, 
 1DIAGNOSTIC,    14, -9.414123296738e-01, 4.008039832115e-04, 2.8160e+03, 1.2800e+02, 
 1DIAGNOSTIC,    15, -9.419065713882e-01, 3.263875842094e-04, 2.9440e+03, 1.2800e+02, 
 1DIAGNOSTIC,    16, -9.423453211784e-01, 2.692118287086e-04, 3.0720e+03, 1.2800e+02, 
 1DIAGNOSTIC,    17, -9.427481889725e-01, 2.253539860249e-04, 3.2000e+03, 1.2800e+02, 
 1DIAGNOSTIC,    18, -9.431756138802e-01, 1.931600272655e-04, 3.3280e+03, 1.2800e+02, 
 1DIAGNOSTIC,    19, -9.435256719589e-01, 1.667067408562e-04, 3.5840e+03, 2.5600e+02, 
 1DIAGNOSTIC,    20, -9.438408017159e-01, 1.444220542908e-04, 3.7120e+03, 1.2800e+02, 
 1DIAGNOSTIC,    21, -9.441182613373e-01, 1.253932714462e-04, 3.8400e+03, 1.2800e+02, 
 1DIAGNOSTIC,    22, -9.443438053131e-01, 1.091137528419e-04, 3.9680e+03, 1.2800e+02, 
 1DIAGNOSTIC,    23, -9.445588588715e-01, 9.474530816078e-05, 4.0960e+03, 1.2800e+02, 
 1DIAGNOSTIC,    24, -9.447509050369e-01, 8.196756243706e-05, 4.2240e+03, 1.2800e+02, 
 1DIAGNOSTIC,    25, -9.449217319489e-01, 7.060915231705e-05, 4.3520e+03, 1.2800e+02, 
 1DIAGNOSTIC,    26, -9.450858831406e-01, 6.055086851120e-05, 4.6080e+03, 2.5600e+02, 
 1DIAGNOSTIC,    27, -9.452346563339e-01, 5.174800753593e-05, 4.7360e+03, 1.2800e+02, 
 1DIAGNOSTIC,    28, -9.453587532043e-01, 4.470348358154e-05, 4.8640e+03, 1.2800e+02, 
 1DIAGNOSTIC,    29, -9.454833865166e-01, 3.891810774803e-05, 4.9920e+03, 1.2800e+02, 
 1DIAGNOSTIC,    30, -9.455907344818e-01, 3.415718674660e-05, 5.1200e+03, 1.2800e+02, 
 1DIAGNOSTIC,    31, -9.456870555878e-01, 3.016740083694e-05, 5.2480e+03, 1.2800e+02, 
 1DIAGNOSTIC,    32, -9.457706212997e-01, 2.655759453773e-05, 5.3760e+03, 1.2800e+02, 
 1DIAGNOSTIC,    33, -9.458497166634e-01, 2.340227365494e-05, 5.6320e+03, 2.5600e+02, 
 1DIAGNOSTIC,    34, -9.459237456322e-01, 2.063810825348e-05, 5.7600e+03, 1.2800e+02, 
 1DIAGNOSTIC,    35, -9.459841251373e-01, 1.813471317291e-05, 5.8880e+03, 1.2800e+02, 
 1DIAGNOSTIC,    36, -9.460451006889e-01, 1.599080860615e-05, 6.0160e+03, 1.2800e+02, 
 1DIAGNOSTIC,    37, -9.460996985435e-01, 1.418404281139e-05, 6.1440e+03, 1.2800e+02, 
 1DIAGNOSTIC,    38, -9.461477994919e-01, 1.253932714462e-05, 6.2720e+03, 1.2800e+02, 
 1DIAGNOSTIC,    39, -9.461921453476e-01, 1.116469502449e-05, 6.4000e+03, 1.2800e+02, 
 1DIAGNOSTIC,    40, -9.462288618088e-01, 9.942799806595e-06, 6.6560e+03, 2.5600e+02, 
 1DIAGNOSTIC,    41, -9.462634325027e-01, 8.862465620041e-06, 6.7840e+03, 1.2800e+02, 
 1DIAGNOSTIC,    42, -9.462936520576e-01, 7.867813110352e-06, 6.9120e+03, 1.2800e+02, 
 1DIAGNOSTIC,    43, -9.463198184967e-01, 6.973743438721e-06, 7.0400e+03, 1.2800e+02, 
 1DIAGNOSTIC,    44, -9.463436603546e-01, 6.185844540596e-06, 7.1680e+03, 1.2800e+02, 
 1DIAGNOSTIC,    45, -9.463667869568e-01, 5.459412932396e-06, 7.2960e+03, 1.2800e+02, 
 1DIAGNOSTIC,    46, -9.463816285133e-01, 4.807487130165e-06, 7.4240e+03, 1.2800e+02, 
 1DIAGNOSTIC,    47, -9.463952183723e-01, 4.218891263008e-06, 7.6800e+03, 2.5600e+02, 
 1DIAGNOSTIC,    48, -9.464096426964e-01, 3.704801201820e-06, 7.8080e+03, 1.2800e+02, 
 1DIAGNOSTIC,    49, -9.464166164398e-01, 3.235414624214e-06, 7.9360e+03, 1.2800e+02, 
 1DIAGNOSTIC,    50, -9.464311003685e-01, 2.844259142876e-06, 8.0640e+03, 1.2800e+02, 
 1DIAGNOSTIC,    51, -9.464364647865e-01, 2.481043338776e-06, 8.1920e+03, 1.2800e+02, 
 1DIAGNOSTIC,    52, -9.464430809021e-01, 2.171844244003e-06, 8.3200e+03, 1.2800e+02, 
 1DIAGNOSTIC,    53, -9.464476108551e-01, 1.894310116768e-06, 8.4480e+03, 1.2800e+02, 
 1DIAGNOSTIC,    54, -9.464503526688e-01, 1.650303602219e-06, 8.7040e+03, 2.5600e+02, 
 1DIAGNOSTIC,    55, -9.464510679245e-01, 1.445412635803e-06, 8.8320e+03, 1.2800e+02, 
 1DIAGNOSTIC,    56, -9.464493989944e-01, 1.231208443642e-06, 8.9600e+03, 1.2800e+02, 
 1DIAGNOSTIC,    57, -9.464439153671e-01, 1.003965735435e-06, 9.0880e+03, 1.2800e+02, 
 1DIAGNOSTIC,    58, -9.464403390884e-01, 8.009374141693e-07, 9.2160e+03, 1.2800e+02, 
XXDIAGNOSTIC,Iteration,metricValue,convergenceValue,ITERATION_TIME_INDEX,SINCE_LAST
 1DIAGNOSTIC,     1, -8.932499289513e-01, 1.797693134862e+308, 1.0496e+04, 1.2800e+03, 
 1DIAGNOSTIC,     2, -8.945735692978e-01, 1.797693134862e+308, 1.1648e+04, 1.1520e+03, 
 1DIAGNOSTIC,     3, -8.965483903885e-01, 1.797693134862e+308, 1.2928e+04, 1.2800e+03, 
 1DIAGNOSTIC,     4, -8.985697031021e-01, 1.797693134862e+308, 1.4080e+04, 1.1520e+03, 
 1DIAGNOSTIC,     5, -9.007226228714e-01, 1.797693134862e+308, 1.5360e+04, 1.2800e+03, 
 1DIAGNOSTIC,     6, -9.026499986649e-01, 1.797693134862e+308, 1.6512e+04, 1.1520e+03, 
 1DIAGNOSTIC,     7, -9.044504165649e-01, 1.797693134862e+308, 1.7792e+04, 1.2800e+03, 
 1DIAGNOSTIC,     8, -9.060702323914e-01, 1.797693134862e+308, 1.8944e+04, 1.1520e+03, 
 1DIAGNOSTIC,     9, -9.075523614883e-01, 1.797693134862e+308, 2.0224e+04, 1.2800e+03, 
 1DIAGNOSTIC,    10, -9.086793661118e-01, 1.154683530331e-03, 2.1376e+04, 1.1520e+03, 
 1DIAGNOSTIC,    11, -9.098690152168e-01, 1.005187630653e-03, 2.2656e+04, 1.2800e+03, 
 1DIAGNOSTIC,    12, -9.108082056046e-01, 8.493214845657e-04, 2.3808e+04, 1.1520e+03, 
 1DIAGNOSTIC,    13, -9.116601943970e-01, 7.087513804436e-04, 2.5088e+04, 1.2800e+03, 
 1DIAGNOSTIC,    14, -9.124591946602e-01, 5.867779254913e-04, 2.6240e+04, 1.1520e+03, 
 1DIAGNOSTIC,    15, -9.132036566734e-01, 4.878193140030e-04, 2.7392e+04, 1.1520e+03, 
 1DIAGNOSTIC,    16, -9.140504598618e-01, 4.105791449547e-04, 2.8672e+04, 1.2800e+03, 
 1DIAGNOSTIC,    17, -9.147171974182e-01, 3.497749567032e-04, 2.9824e+04, 1.1520e+03, 
 1DIAGNOSTIC,    18, -9.153456687927e-01, 3.023520112038e-04, 3.1104e+04, 1.2800e+03, 
 1DIAGNOSTIC,    19, -9.160987138748e-01, 2.686753869057e-04, 3.2256e+04, 1.1520e+03, 
 1DIAGNOSTIC,    20, -9.166935682297e-01, 2.400800585747e-04, 3.3536e+04, 1.2800e+03, 
 1DIAGNOSTIC,    21, -9.172664880753e-01, 2.179890871048e-04, 3.4688e+04, 1.1520e+03, 
 1DIAGNOSTIC,    22, -9.178197383881e-01, 1.987218856812e-04, 3.5968e+04, 1.2800e+03, 
 1DIAGNOSTIC,    23, -9.183413386345e-01, 1.811496913433e-04, 3.7120e+04, 1.1520e+03, 
 1DIAGNOSTIC,    24, -9.188500046730e-01, 1.650378108025e-04, 3.8400e+04, 1.2800e+03, 
 1DIAGNOSTIC,    25, -9.193293452263e-01, 1.499056816101e-04, 3.9552e+04, 1.1520e+03, 
 1DIAGNOSTIC,    26, -9.197951555252e-01, 1.375786960125e-04, 4.0832e+04, 1.2800e+03, 
 1DIAGNOSTIC,    27, -9.202308654785e-01, 1.259483397007e-04, 4.1984e+04, 1.1520e+03, 
 1DIAGNOSTIC,    28, -9.206376075745e-01, 1.147463917732e-04, 4.3264e+04, 1.2800e+03, 
 1DIAGNOSTIC,    29, -9.210203886032e-01, 1.056976616383e-04, 4.4416e+04, 1.1520e+03, 
 1DIAGNOSTIC,    30, -9.213966131210e-01, 9.732693433762e-05, 4.5696e+04, 1.2800e+03, 
 1DIAGNOSTIC,    31, -9.217517375946e-01, 8.959695696831e-05, 4.6848e+04, 1.1520e+03, 
 1DIAGNOSTIC,    32, -9.220896959305e-01, 8.254870772362e-05, 4.8128e+04, 1.2800e+03, 
 1DIAGNOSTIC,    33, -9.224268198013e-01, 7.619708776474e-05, 4.9280e+04, 1.1520e+03, 
 1DIAGNOSTIC,    34, -9.227464795113e-01, 7.058307528496e-05, 5.0560e+04, 1.2800e+03, 
 1DIAGNOSTIC,    35, -9.230495095253e-01, 6.554648280144e-05, 5.1712e+04, 1.1520e+03, 
 1DIAGNOSTIC,    36, -9.233455657959e-01, 6.114877760410e-05, 5.2992e+04, 1.2800e+03, 
 1DIAGNOSTIC,    37, -9.236325025558e-01, 5.725957453251e-05, 5.4144e+04, 1.1520e+03, 
 1DIAGNOSTIC,    38, -9.239203333855e-01, 5.382485687733e-05, 5.5424e+04, 1.2800e+03, 
 1DIAGNOSTIC,    39, -9.241926670074e-01, 5.066953599453e-05, 5.6576e+04, 1.1520e+03, 
 1DIAGNOSTIC,    40, -9.244563579559e-01, 4.783831536770e-05, 5.7728e+04, 1.1520e+03, 
 1DIAGNOSTIC,    41, -9.247147440910e-01, 4.525110125542e-05, 5.9008e+04, 1.2800e+03, 
 1DIAGNOSTIC,    42, -9.249731898308e-01, 4.290044307709e-05, 6.0160e+04, 1.1520e+03, 
 1DIAGNOSTIC,    43, -9.252225160599e-01, 4.081614315510e-05, 6.1440e+04, 1.2800e+03, 
 1DIAGNOSTIC,    44, -9.254688620567e-01, 3.894045948982e-05, 6.2592e+04, 1.1520e+03, 
 1DIAGNOSTIC,    45, -9.257242083549e-01, 3.730133175850e-05, 6.3872e+04, 1.2800e+03, 
 1DIAGNOSTIC,    46, -9.259641170502e-01, 3.580376505852e-05, 6.5024e+04, 1.1520e+03, 
 1DIAGNOSTIC,    47, -9.262083768845e-01, 3.447569906712e-05, 6.6304e+04, 1.2800e+03, 
 1DIAGNOSTIC,    48, -9.264586567879e-01, 3.340095281601e-05, 6.7456e+04, 1.1520e+03, 
 1DIAGNOSTIC,    49, -9.267064332962e-01, 3.248825669289e-05, 6.8736e+04, 1.2800e+03, 
 1DIAGNOSTIC,    50, -9.269587993622e-01, 3.171712160110e-05, 6.9888e+04, 1.1520e+03, 
XXDIAGNOSTIC,Iteration,metricValue,convergenceValue,ITERATION_TIME_INDEX,SINCE_LAST
 1DIAGNOSTIC,     1, -8.908899426460e-01, 1.797693134862e+308, 8.0000e+04, 1.0112e+04, 
 1DIAGNOSTIC,     2, -8.923277258873e-01, 1.797693134862e+308, 8.9984e+04, 9.9840e+03, 
 1DIAGNOSTIC,     3, -8.940880298615e-01, 1.797693134862e+308, 9.9840e+04, 9.8560e+03, 
 1DIAGNOSTIC,     4, -8.957681059837e-01, 1.797693134862e+308, 1.0982e+05, 9.9840e+03, 
 1DIAGNOSTIC,     5, -8.978335857391e-01, 1.797693134862e+308, 1.1968e+05, 9.8560e+03, 
 1DIAGNOSTIC,     6, -8.995813131332e-01, 1.797693134862e+308, 1.2966e+05, 9.9840e+03, 
 1DIAGNOSTIC,     7, -9.011340141296e-01, 1.797693134862e+308, 1.3952e+05, 9.8560e+03, 
 1DIAGNOSTIC,     8, -9.026303887367e-01, 1.797693134862e+308, 1.4950e+05, 9.9840e+03, 
 1DIAGNOSTIC,     9, -9.040646553040e-01, 1.797693134862e+308, 1.5936e+05, 9.8560e+03, 
 1DIAGNOSTIC,    10, -9.052489995956e-01, 1.059956848621e-03, 1.6934e+05, 9.9840e+03, 
 1DIAGNOSTIC,    11, -9.063101410866e-01, 9.240433573723e-04, 1.7920e+05, 9.8560e+03, 
 1DIAGNOSTIC,    12, -9.072751998901e-01, 7.908418774605e-04, 1.8918e+05, 9.9840e+03, 
 1DIAGNOSTIC,    13, -9.081723690033e-01, 6.710067391396e-04, 1.9904e+05, 9.8560e+03, 
 1DIAGNOSTIC,    14, -9.090068936348e-01, 5.633831024170e-04, 2.0902e+05, 9.9840e+03, 
 1DIAGNOSTIC,    15, -9.098049402237e-01, 4.784762859344e-04, 2.1901e+05, 9.9840e+03, 
 1DIAGNOSTIC,    16, -9.105543494225e-01, 4.092156887054e-04, 2.2886e+05, 9.8560e+03, 
 1DIAGNOSTIC,    17, -9.112348556519e-01, 3.515444695950e-04, 2.3872e+05, 9.8560e+03, 
 1DIAGNOSTIC,    18, -9.118847250938e-01, 3.050453960896e-04, 2.4870e+05, 9.9840e+03, 
 1DIAGNOSTIC,    19, -9.124898910522e-01, 2.687536180019e-04, 2.5869e+05, 9.9840e+03, 
 1DIAGNOSTIC,    20, -9.130685329437e-01, 2.386718988419e-04, 2.6829e+05, 9.6000e+03, 
  Elapsed time (stage 0): 268288


Total elapsed time: 268288
-i /mnt/lustre/mathdugre/fast-interpolate/datasets/ds004513/derivatives/flint/ants/flint-vprec-single/sub-s030/ses-open/anat/11/1_Affine.nii.gz -o /mnt/lustre/mathdugre/fast-interpolate/datasets/ds004513/derivatives/flint/ants/flint-vprec-single/sub-s030/ses-open/anat/111/1_transformed.nii.gz -t /mnt/lustre/mathdugre/fast-interpolate/datasets/ds004513/derivatives/flint/ants/flint-vprec-single/sub-s030/ses-open/anat/111/1_1Warp.nii.gz -t /mnt/lustre/mathdugre/fast-interpolate/datasets/ds004513/derivatives/flint/ants/flint-vprec-single/sub-s030/ses-open/anat/111/1_0GenericAffine.mat
