---------------------
Experiment information

SIF_IMG: /mnt/lustre/mathdugre/containers/ants-flint-vprec.simg
SIF_IMG_BASE: /mnt/lustre/mathdugre/containers/ants-flint-base.simg
EXPERIMENT_NAME: flint-vprec-single-five-levels
STAGE: rigid
SUBJECT_ID: s035
REPETITION_ID: 1

FIXED_IMG: /templateflow/tpl-MNI152NLin2009cAsym/tpl-MNI152NLin2009cAsym_res-01_desc-brain_T1w.nii.gz
INPUT_IMG: /mnt/lustre/mathdugre/fast-interpolate/datasets/ds004513/derivatives/fsl/fast/sub-s035/ses-open/anat/BrainExtractionBrain_seg.nii.gz

DATA_DIR: /mnt/lustre/mathdugre/fast-interpolate/datasets/ds004513
OUTPUT_DIR: /mnt/lustre/mathdugre/fast-interpolate/datasets/ds004513/derivatives/flint/ants/flint-vprec-single-five-levels/sub-s035/ses-open/anat
OUTPUT_PREFIX: 1
THREAD: 1
FLOAT: 0
VFC_BACKENDS: libinterflop_vprec.so --precision-binary32=23 --range-binary32=8 --precision-binary64=23 --range-binary64=8
---------------------

--output [/mnt/lustre/mathdugre/fast-interpolate/datasets/ds004513/derivatives/flint/ants/flint-vprec-single-five-levels/sub-s035/ses-open/anat/1/1_,/mnt/lustre/mathdugre/fast-interpolate/datasets/ds004513/derivatives/flint/ants/flint-vprec-single-five-levels/sub-s035/ses-open/anat/1/1_Rigid.nii.gz,/mnt/lustre/mathdugre/fast-interpolate/datasets/ds004513/derivatives/flint/ants/flint-vprec-single-five-levels/sub-s035/ses-open/anat/1/1_InverseRigid.nii.gz] --initial-moving-transform [/templateflow/tpl-MNI152NLin2009cAsym/tpl-MNI152NLin2009cAsym_res-01_desc-brain_T1w.nii.gz,/mnt/lustre/mathdugre/fast-interpolate/datasets/ds004513/derivatives/fsl/fast/sub-s035/ses-open/anat/BrainExtractionBrain_seg.nii.gz,1] --transform Rigid[0.1] --metric MI[/templateflow/tpl-MNI152NLin2009cAsym/tpl-MNI152NLin2009cAsym_res-01_desc-brain_T1w.nii.gz,/mnt/lustre/mathdugre/fast-interpolate/datasets/ds004513/derivatives/fsl/fast/sub-s035/ses-open/anat/BrainExtractionBrain_seg.nii.gz,1,32,Regular,0.25] --convergence [1000x1000x500x250x100,1e-6,10] --shrink-factors 16x8x4x2x1 --smoothing-sigmas 4x3x2x1x0vox
All_Command_lines_OK
Using double precision for computations.
=============================================================================
The composite transform comprises the following transforms (in order): 
  1. Center of mass alignment using fixed image: /templateflow/tpl-MNI152NLin2009cAsym/tpl-MNI152NLin2009cAsym_res-01_desc-brain_T1w.nii.gz and moving image: /mnt/lustre/mathdugre/fast-interpolate/datasets/ds004513/derivatives/fsl/fast/sub-s035/ses-open/anat/BrainExtractionBrain_seg.nii.gz (type = Euler3DTransform)
=============================================================================
  number of levels = 5
  fixed image: /templateflow/tpl-MNI152NLin2009cAsym/tpl-MNI152NLin2009cAsym_res-01_desc-brain_T1w.nii.gz
  moving image: /mnt/lustre/mathdugre/fast-interpolate/datasets/ds004513/derivatives/fsl/fast/sub-s035/ses-open/anat/BrainExtractionBrain_seg.nii.gz
Dimension = 3
Number of stages = 1
Use histogram matching = false
Winsorize image intensities = true
  Lower quantile = 0.005
  Upper quantile = 0.995


Stage 1 State
   Image metric = MattesMI
     Fixed image = Image (0x408c2a0)
  RTTI typeinfo:   itk::Image<double, 3u>
  Reference Count: 2
  Modified Time: 1622
  Debug: Off
  Object Name: 
  Observers: 
    none
  Source: (none)
  Source output name: (none)
  Release Data: Off
  Data Released: False
  Global Release Data: Off
  PipelineMTime: 0
  UpdateMTime: 1407
  RealTimeStamp: 0 seconds 
  LargestPossibleRegion: 
    Dimension: 3
    Index: [0, 0, 0]
    Size: [193, 229, 193]
  BufferedRegion: 
    Dimension: 3
    Index: [0, 0, 0]
    Size: [193, 229, 193]
  RequestedRegion: 
    Dimension: 3
    Index: [0, 0, 0]
    Size: [193, 229, 193]
  Spacing: [1, 1, 1]
  Origin: [96, 132, -78]
  Direction: 
-1 0 0
0 -1 0
0 0 1

  IndexToPointMatrix: 
-1 0 0
0 -1 0
0 0 1

  PointToIndexMatrix: 
-1 0 0
0 -1 0
0 0 1

  Inverse Direction: 
-1 0 0
0 -1 0
0 0 1

  PixelContainer: 
    ImportImageContainer (0x41603d0)
      RTTI typeinfo:   itk::ImportImageContainer<unsigned long, double>
      Reference Count: 1
      Modified Time: 1404
      Debug: Off
      Object Name: 
      Observers: 
        none
      Pointer: 0x7ff6dfaa1010
      Container manages memory: true
      Size: 8530021
      Capacity: 8530021

     Moving image = Image (0x40e1170)
  RTTI typeinfo:   itk::Image<double, 3u>
  Reference Count: 2
  Modified Time: 1623
  Debug: Off
  Object Name: 
  Observers: 
    none
  Source: (none)
  Source output name: (none)
  Release Data: Off
  Data Released: False
  Global Release Data: Off
  PipelineMTime: 0
  UpdateMTime: 1620
  RealTimeStamp: 0 seconds 
  LargestPossibleRegion: 
    Dimension: 3
    Index: [0, 0, 0]
    Size: [160, 240, 256]
  BufferedRegion: 
    Dimension: 3
    Index: [0, 0, 0]
    Size: [160, 240, 256]
  RequestedRegion: 
    Dimension: 3
    Index: [0, 0, 0]
    Size: [160, 240, 256]
  Spacing: [1, 1, 1]
  Origin: [98.6438, 87.6358, -117.989]
  Direction: 
-0.993515 -0.100993 -0.0522355
0.100854 -0.994887 0.00530255
-0.0525039 1.93537e-08 0.998621

  IndexToPointMatrix: 
-0.993515 -0.100993 -0.0522355
0.100854 -0.994887 0.00530255
-0.0525039 1.93537e-08 0.998621

  PointToIndexMatrix: 
-0.993515 0.100854 -0.0525039
-0.100993 -0.994887 1.78814e-07
-0.0522355 0.00530246 0.998621

  Inverse Direction: 
-0.993515 0.100854 -0.0525039
-0.100993 -0.994887 1.78814e-07
-0.0522355 0.00530246 0.998621

  PixelContainer: 
    ImportImageContainer (0x41c04d0)
      RTTI typeinfo:   itk::ImportImageContainer<unsigned long, double>
      Reference Count: 1
      Modified Time: 1617
      Debug: Off
      Object Name: 
      Observers: 
        none
      Pointer: 0x7ff6dafa0010
      Container manages memory: true
      Size: 9830400
      Capacity: 9830400

     Weighting = 1
     Sampling strategy = regular
     Number of bins = 32
     Radius = 4
     Sampling percentage  = 0.25
   Transform = Rigid
     Gradient step = 0.1
     Update field sigma (voxel space) = 0
     Total field sigma (voxel space) = 0
     Update field time sigma = 0
     Total field time sigma  = 0
     Number of time indices = 0
     Number of time point samples = 0
Registration using 1 total stages.

Stage 0
  iterations = 1000x1000x500x250x100
  convergence threshold = 1e-06
  convergence window size = 10
  number of levels = 5
  using the Mattes MI metric (number of bins = 32, weight = 1, use gradient filter = 0)
  preprocessing:  winsorizing the image intensities
  Shrink factors (level 1 out of 5): [16, 16, 16]
  Shrink factors (level 2 out of 5): [8, 8, 8]
  Shrink factors (level 3 out of 5): [4, 4, 4]
  Shrink factors (level 4 out of 5): [2, 2, 2]
  Shrink factors (level 5 out of 5): [1, 1, 1]
  smoothing sigmas per level: [4, 3, 2, 1, 0]
  regular sampling (percentage = 0.25)

*** Running Euler3DTransform registration ***

DIAGNOSTIC,Iteration,metricValue,convergenceValue,ITERATION_TIME_INDEX,SINCE_LAST
 2DIAGNOSTIC,     1, -8.809386491776e-01, 1.797693134862e+308, 1.2800e+02, 1.2800e+02, 
 2DIAGNOSTIC,     2, -8.853205442429e-01, 1.797693134862e+308, 1.2800e+02, 0.0000e+00, 
 2DIAGNOSTIC,     3, -8.899407982826e-01, 1.797693134862e+308, 1.2800e+02, 0.0000e+00, 
 2DIAGNOSTIC,     4, -8.943220376968e-01, 1.797693134862e+308, 1.2800e+02, 0.0000e+00, 
 2DIAGNOSTIC,     5, -9.071823358536e-01, 1.797693134862e+308, 1.2800e+02, 0.0000e+00, 
 2DIAGNOSTIC,     6, -9.104420542717e-01, 1.797693134862e+308, 1.2800e+02, 0.0000e+00, 
 2DIAGNOSTIC,     7, -9.158660769463e-01, 1.797693134862e+308, 1.2800e+02, 0.0000e+00, 
 2DIAGNOSTIC,     8, -9.192910790443e-01, 1.797693134862e+308, 1.2800e+02, 0.0000e+00, 
 2DIAGNOSTIC,     9, -9.269305467606e-01, 1.797693134862e+308, 1.2800e+02, 0.0000e+00, 
 2DIAGNOSTIC,    10, -9.329767227173e-01, 3.753393888474e-03, 1.2800e+02, 0.0000e+00, 
 2DIAGNOSTIC,    11, -9.345591068268e-01, 3.308445215225e-03, 1.2800e+02, 0.0000e+00, 
 2DIAGNOSTIC,    12, -9.352973103523e-01, 2.781085669994e-03, 1.2800e+02, 0.0000e+00, 
 2DIAGNOSTIC,    13, -9.344593882561e-01, 2.178981900215e-03, 1.2800e+02, 0.0000e+00, 
 2DIAGNOSTIC,    14, -9.337885975838e-01, 1.542150974274e-03, 1.2800e+02, 0.0000e+00, 
 2DIAGNOSTIC,    15, -9.357342123985e-01, 1.155927777290e-03, 1.2800e+02, 0.0000e+00, 
 2DIAGNOSTIC,    16, -9.370825886726e-01, 8.001923561096e-04, 1.2800e+02, 0.0000e+00, 
 2DIAGNOSTIC,    17, -9.388908743858e-01, 5.462989211082e-04, 1.2800e+02, 0.0000e+00, 
 2DIAGNOSTIC,    18, -9.395355582237e-01, 3.389529883862e-04, 1.2800e+02, 0.0000e+00, 
 2DIAGNOSTIC,    19, -9.450352787971e-01, 3.342702984810e-04, 1.2800e+02, 0.0000e+00, 
 2DIAGNOSTIC,    20, -9.453184604645e-01, 3.935694694519e-04, 1.2800e+02, 0.0000e+00, 
 2DIAGNOSTIC,    21, -9.453976154327e-01, 4.348270595074e-04, 1.2800e+02, 0.0000e+00, 
 2DIAGNOSTIC,    22, -9.454271793365e-01, 4.439577460289e-04, 1.2800e+02, 0.0000e+00, 
 2DIAGNOSTIC,    23, -9.454931616783e-01, 4.010237753391e-04, 1.2800e+02, 0.0000e+00, 
 2DIAGNOSTIC,    24, -9.455212950706e-01, 3.147460520267e-04, 1.2800e+02, 0.0000e+00, 
 2DIAGNOSTIC,    25, -9.456039071083e-01, 2.305880188942e-04, 1.2800e+02, 0.0000e+00, 
 2DIAGNOSTIC,    26, -9.456414580345e-01, 1.483112573624e-04, 1.2800e+02, 0.0000e+00, 
 2DIAGNOSTIC,    27, -9.456564188004e-01, 7.966905832291e-05, 1.2800e+02, 0.0000e+00, 
 2DIAGNOSTIC,    28, -9.456619024277e-01, 1.405552029610e-05, 1.2800e+02, 0.0000e+00, 
 2DIAGNOSTIC,    29, -9.456651806831e-01, 9.771436452866e-06, 1.2800e+02, 0.0000e+00, 
 2DIAGNOSTIC,    30, -9.456691741943e-01, 7.875263690948e-06, 1.2800e+02, 0.0000e+00, 
 2DIAGNOSTIC,    31, -9.456904530525e-01, 6.437301635742e-06, 1.2800e+02, 0.0000e+00, 
 2DIAGNOSTIC,    32, -9.457033872604e-01, 4.976987838745e-06, 1.2800e+02, 0.0000e+00, 
 2DIAGNOSTIC,    33, -9.457093477249e-01, 3.900378942490e-06, 1.2800e+02, 0.0000e+00, 
 2DIAGNOSTIC,    34, -9.457262158394e-01, 2.995133399963e-06, 1.2800e+02, 0.0000e+00, 
 2DIAGNOSTIC,    35, -9.457426667213e-01, 2.808868885040e-06, 1.2800e+02, 0.0000e+00, 
 2DIAGNOSTIC,    36, -9.457580447197e-01, 2.892687916756e-06, 1.2800e+02, 0.0000e+00, 
 2DIAGNOSTIC,    37, -9.457928538322e-01, 3.185123205185e-06, 1.2800e+02, 0.0000e+00, 
 2DIAGNOSTIC,    38, -9.458041191101e-01, 3.376975655556e-06, 1.2800e+02, 0.0000e+00, 
 2DIAGNOSTIC,    39, -9.458106756210e-01, 3.391876816750e-06, 1.2800e+02, 0.0000e+00, 
 2DIAGNOSTIC,    40, -9.458106160164e-01, 3.192573785782e-06, 1.2800e+02, 0.0000e+00, 
 2DIAGNOSTIC,    41, -9.458103775978e-01, 2.928078174591e-06, 1.2800e+02, 0.0000e+00, 
 2DIAGNOSTIC,    42, -9.458099603653e-01, 2.564862370491e-06, 1.2800e+02, 0.0000e+00, 
 2DIAGNOSTIC,    43, -9.458102583885e-01, 2.086162567139e-06, 1.2800e+02, 0.0000e+00, 
 2DIAGNOSTIC,    44, -9.458101987839e-01, 1.616775989532e-06, 1.2800e+02, 0.0000e+00, 
 2DIAGNOSTIC,    45, -9.458104968071e-01, 1.195818185806e-06, 1.2800e+02, 0.0000e+00, 
DIAGNOSTIC,Iteration,metricValue,convergenceValue,ITERATION_TIME_INDEX,SINCE_LAST
 2DIAGNOSTIC,     1, -5.575050711632e-01, 1.797693134862e+308, 1.2800e+02, 0.0000e+00, 
 2DIAGNOSTIC,     2, -5.584647059441e-01, 1.797693134862e+308, 1.2800e+02, 0.0000e+00, 
 2DIAGNOSTIC,     3, -5.595311522484e-01, 1.797693134862e+308, 1.2800e+02, 0.0000e+00, 
 2DIAGNOSTIC,     4, -5.612693428993e-01, 1.797693134862e+308, 1.2800e+02, 0.0000e+00, 
 2DIAGNOSTIC,     5, -5.658592581749e-01, 1.797693134862e+308, 1.2800e+02, 0.0000e+00, 
 2DIAGNOSTIC,     6, -5.831773877144e-01, 1.797693134862e+308, 1.2800e+02, 0.0000e+00, 
 2DIAGNOSTIC,     7, -5.882092714310e-01, 1.797693134862e+308, 1.2800e+02, 0.0000e+00, 
 2DIAGNOSTIC,     8, -5.893169641495e-01, 1.797693134862e+308, 1.2800e+02, 0.0000e+00, 
 2DIAGNOSTIC,     9, -5.911300778389e-01, 1.797693134862e+308, 1.2800e+02, 0.0000e+00, 
 2DIAGNOSTIC,    10, -5.971947312355e-01, 5.170740187168e-03, 1.2800e+02, 0.0000e+00, 
 2DIAGNOSTIC,    11, -6.121160984039e-01, 5.330972373486e-03, 1.2800e+02, 0.0000e+00, 
 2DIAGNOSTIC,    12, -6.693317294121e-01, 7.281161844730e-03, 1.2800e+02, 0.0000e+00, 
 2DIAGNOSTIC,    13, -6.726104021072e-01, 8.358024060726e-03, 1.2800e+02, 0.0000e+00, 
 2DIAGNOSTIC,    14, -6.732037663460e-01, 8.620709180832e-03, 1.2800e+02, 0.0000e+00, 
 2DIAGNOSTIC,    15, -6.737611889839e-01, 8.236780762672e-03, 1.2800e+02, 0.0000e+00, 
 2DIAGNOSTIC,    16, -6.740814447403e-01, 7.655553519726e-03, 1.2800e+02, 0.0000e+00, 
 2DIAGNOSTIC,    17, -6.746061444283e-01, 6.575465202332e-03, 1.2800e+02, 0.0000e+00, 
 2DIAGNOSTIC,    18, -6.753811240196e-01, 5.070835351944e-03, 1.2800e+02, 0.0000e+00, 
 2DIAGNOSTIC,    19, -6.764485239983e-01, 3.363035619259e-03, 1.2800e+02, 0.0000e+00, 
 2DIAGNOSTIC,    20, -6.767011284828e-01, 1.681275665760e-03, 1.2800e+02, 0.0000e+00, 
 2DIAGNOSTIC,    21, -6.766896247864e-01, 3.063641488552e-04, 1.2800e+02, 0.0000e+00, 
 2DIAGNOSTIC,    22, -6.778275370598e-01, 2.398900687695e-04, 1.2800e+02, 0.0000e+00, 
 2DIAGNOSTIC,    23, -6.792538166046e-01, 2.488419413567e-04, 1.2800e+02, 0.0000e+00, 
 2DIAGNOSTIC,    24, -6.813042759895e-01, 2.824664115906e-04, 1.2800e+02, 0.0000e+00, 
 2DIAGNOSTIC,    25, -6.831809878349e-01, 3.301687538624e-04, 1.2800e+02, 0.0000e+00, 
 2DIAGNOSTIC,    26, -6.832913160324e-01, 3.505162894726e-04, 1.2800e+02, 0.0000e+00, 
 2DIAGNOSTIC,    27, -6.837024688721e-01, 3.522969782352e-04, 1.2800e+02, 0.0000e+00, 
 2DIAGNOSTIC,    28, -6.837928295135e-01, 3.339797258377e-04, 1.2800e+02, 0.0000e+00, 
 2DIAGNOSTIC,    29, -6.838725805283e-01, 3.027431666851e-04, 1.2800e+02, 0.0000e+00, 
 2DIAGNOSTIC,    30, -6.839313507080e-01, 2.499110996723e-04, 1.2800e+02, 0.0000e+00, 
 2DIAGNOSTIC,    31, -6.838906407356e-01, 1.765750348568e-04, 1.2800e+02, 0.0000e+00, 
 2DIAGNOSTIC,    32, -6.839661598206e-01, 1.083798706532e-04, 1.2800e+02, 0.0000e+00, 
 2DIAGNOSTIC,    33, -6.842375993729e-01, 5.652755498886e-05, 1.2800e+02, 0.0000e+00, 
 2DIAGNOSTIC,    34, -6.842820048332e-01, 2.902001142502e-05, 1.2800e+02, 0.0000e+00, 
 2DIAGNOSTIC,    35, -6.843963265419e-01, 2.554059028625e-05, 1.2800e+02, 0.0000e+00, 
 2DIAGNOSTIC,    36, -6.844251155853e-01, 2.153404057026e-05, 1.2800e+02, 0.0000e+00, 
 2DIAGNOSTIC,    37, -6.844110488892e-01, 2.047419548035e-05, 1.2800e+02, 0.0000e+00, 
 2DIAGNOSTIC,    38, -6.845259070396e-01, 1.991353929043e-05, 1.2800e+02, 0.0000e+00, 
 2DIAGNOSTIC,    39, -6.845967173576e-01, 1.919269561768e-05, 1.2800e+02, 0.0000e+00, 
 2DIAGNOSTIC,    40, -6.846423745155e-01, 1.793913543224e-05, 1.2800e+02, 0.0000e+00, 
 2DIAGNOSTIC,    41, -6.845626831055e-01, 1.386180520058e-05, 1.2800e+02, 0.0000e+00, 
 2DIAGNOSTIC,    42, -6.846988201141e-01, 1.091882586479e-05, 1.2800e+02, 0.0000e+00, 
 2DIAGNOSTIC,    43, -6.847296953201e-01, 1.014582812786e-05, 1.2800e+02, 0.0000e+00, 
 2DIAGNOSTIC,    44, -6.847352981567e-01, 8.957460522652e-06, 1.2800e+02, 0.0000e+00, 
 2DIAGNOSTIC,    45, -6.846444010735e-01, 7.288530468941e-06, 1.2800e+02, 0.0000e+00, 
 2DIAGNOSTIC,    46, -6.846622228622e-01, 5.571171641350e-06, 1.2800e+02, 0.0000e+00, 
 2DIAGNOSTIC,    47, -6.846968531609e-01, 3.609806299210e-06, 1.2800e+02, 0.0000e+00, 
 2DIAGNOSTIC,    48, -6.847571730614e-01, 2.972781658173e-06, 1.2800e+02, 0.0000e+00, 
 2DIAGNOSTIC,    49, -6.853851675987e-01, 8.294358849525e-06, 1.2800e+02, 0.0000e+00, 
 2DIAGNOSTIC,    50, -6.856353282928e-01, 1.513026654720e-05, 1.2800e+02, 0.0000e+00, 
 2DIAGNOSTIC,    51, -6.856006383896e-01, 1.931004226208e-05, 1.2800e+02, 0.0000e+00, 
 2DIAGNOSTIC,    52, -6.855314970016e-01, 2.217851579189e-05, 1.2800e+02, 0.0000e+00, 
 2DIAGNOSTIC,    53, -6.855425238609e-01, 2.322345972061e-05, 1.2800e+02, 0.0000e+00, 
 2DIAGNOSTIC,    54, -6.855599880219e-01, 2.216361463070e-05, 1.2800e+02, 0.0000e+00, 
 2DIAGNOSTIC,    55, -6.857809424400e-01, 2.003274857998e-05, 1.2800e+02, 0.0000e+00, 
 2DIAGNOSTIC,    56, -6.857913136482e-01, 1.636147499084e-05, 1.2800e+02, 0.0000e+00, 
 2DIAGNOSTIC,    57, -6.858807206154e-01, 1.235492527485e-05, 1.2800e+02, 0.0000e+00, 
 2DIAGNOSTIC,    58, -6.866769194603e-01, 1.358240842819e-05, 1.2800e+02, 0.0000e+00, 
 2DIAGNOSTIC,    59, -6.868290305138e-01, 1.895427703857e-05, 1.2800e+02, 0.0000e+00, 
 2DIAGNOSTIC,    60, -6.875579953194e-01, 2.939254045486e-05, 1.2800e+02, 0.0000e+00, 
 2DIAGNOSTIC,    61, -6.879546046257e-01, 3.920309245586e-05, 1.2800e+02, 0.0000e+00, 
 2DIAGNOSTIC,    62, -6.881744265556e-01, 4.599988460541e-05, 1.2800e+02, 0.0000e+00, 
 2DIAGNOSTIC,    63, -6.890581250191e-01, 5.426071584225e-05, 1.2800e+02, 0.0000e+00, 
 2DIAGNOSTIC,    64, -6.895691752434e-01, 6.042048335075e-05, 1.2800e+02, 0.0000e+00, 
 2DIAGNOSTIC,    65, -6.895470619202e-01, 6.191432476044e-05, 1.2800e+02, 0.0000e+00, 
 2DIAGNOSTIC,    66, -6.898924708366e-01, 5.988031625748e-05, 1.2800e+02, 0.0000e+00, 
 2DIAGNOSTIC,    67, -6.902498006821e-01, 5.491822957993e-05, 1.2800e+02, 0.0000e+00, 
 2DIAGNOSTIC,    68, -6.902502775192e-01, 4.977360367775e-05, 1.2800e+02, 0.0000e+00, 
 2DIAGNOSTIC,    69, -6.902786493301e-01, 4.106201231480e-05, 1.2800e+02, 0.0000e+00, 
 2DIAGNOSTIC,    70, -6.903001070023e-01, 3.331154584885e-05, 1.2800e+02, 0.0000e+00, 
 2DIAGNOSTIC,    71, -6.903045773506e-01, 2.505723387003e-05, 1.2800e+02, 0.0000e+00, 
 2DIAGNOSTIC,    72, -6.902076005936e-01, 1.524202525616e-05, 1.2800e+02, 0.0000e+00, 
 2DIAGNOSTIC,    73, -6.902174353600e-01, 9.440816938877e-06, 1.2800e+02, 0.0000e+00, 
 2DIAGNOSTIC,    74, -6.902398467064e-01, 6.051734089851e-06, 1.2800e+02, 0.0000e+00, 
 2DIAGNOSTIC,    75, -6.904005408287e-01, 2.952292561531e-06, 1.2800e+02, 0.0000e+00, 
 2DIAGNOSTIC,    76, -6.904577016830e-01, 1.871958374977e-06, 1.2800e+02, 0.0000e+00, 
 2DIAGNOSTIC,    77, -6.909152269363e-01, 5.188398063183e-06, 1.2800e+02, 0.0000e+00, 
 2DIAGNOSTIC,    78, -6.908308267593e-01, 7.445923984051e-06, 1.2800e+02, 0.0000e+00, 
 2DIAGNOSTIC,    79, -6.907499432564e-01, 8.717179298401e-06, 1.2800e+02, 0.0000e+00, 
 2DIAGNOSTIC,    80, -6.906750202179e-01, 8.892267942429e-06, 1.2800e+02, 0.0000e+00, 
 2DIAGNOSTIC,    81, -6.907088160515e-01, 8.443370461464e-06, 1.2800e+02, 0.0000e+00, 
 2DIAGNOSTIC,    82, -6.907091736794e-01, 6.686896085739e-06, 1.2800e+02, 0.0000e+00, 
 2DIAGNOSTIC,    83, -6.906054019928e-01, 3.897584974766e-06, 1.2800e+02, 0.0000e+00, 
DIAGNOSTIC,Iteration,metricValue,convergenceValue,ITERATION_TIME_INDEX,SINCE_LAST
 2DIAGNOSTIC,     1, -5.695863962173e-01, 1.797693134862e+308, 2.5600e+02, 1.2800e+02, 
 2DIAGNOSTIC,     2, -5.702233910561e-01, 1.797693134862e+308, 2.5600e+02, 0.0000e+00, 
 2DIAGNOSTIC,     3, -5.711112618446e-01, 1.797693134862e+308, 2.5600e+02, 0.0000e+00, 
 2DIAGNOSTIC,     4, -5.723622441292e-01, 1.797693134862e+308, 2.5600e+02, 0.0000e+00, 
 2DIAGNOSTIC,     5, -5.730119347572e-01, 1.797693134862e+308, 2.5600e+02, 0.0000e+00, 
 2DIAGNOSTIC,     6, -5.740919709206e-01, 1.797693134862e+308, 2.5600e+02, 0.0000e+00, 
 2DIAGNOSTIC,     7, -5.754502415657e-01, 1.797693134862e+308, 2.5600e+02, 0.0000e+00, 
 2DIAGNOSTIC,     8, -5.763819217682e-01, 1.797693134862e+308, 2.5600e+02, 0.0000e+00, 
 2DIAGNOSTIC,     9, -5.769289731979e-01, 1.797693134862e+308, 2.5600e+02, 0.0000e+00, 
 2DIAGNOSTIC,    10, -5.777140259743e-01, 9.596496820450e-04, 2.5600e+02, 0.0000e+00, 
 2DIAGNOSTIC,    11, -5.797388553619e-01, 9.157210588455e-04, 2.5600e+02, 0.0000e+00, 
 2DIAGNOSTIC,    12, -5.799791812897e-01, 8.306503295898e-04, 2.5600e+02, 0.0000e+00, 
 2DIAGNOSTIC,    13, -5.802212357521e-01, 7.268786430359e-04, 2.5600e+02, 0.0000e+00, 
 2DIAGNOSTIC,    14, -5.809120535851e-01, 6.418153643608e-04, 2.5600e+02, 0.0000e+00, 
 2DIAGNOSTIC,    15, -5.816499590874e-01, 5.542635917664e-04, 2.5600e+02, 0.0000e+00, 
 2DIAGNOSTIC,    16, -5.818234086037e-01, 4.637613892555e-04, 2.5600e+02, 0.0000e+00, 
 2DIAGNOSTIC,    17, -5.818435549736e-01, 3.813393414021e-04, 2.5600e+02, 0.0000e+00, 
 2DIAGNOSTIC,    18, -5.820083022118e-01, 3.040321171284e-04, 2.5600e+02, 0.0000e+00, 
 2DIAGNOSTIC,    19, -5.820099711418e-01, 2.208538353443e-04, 2.5600e+02, 0.0000e+00, 
 2DIAGNOSTIC,    20, -5.819976925850e-01, 1.431331038475e-04, 2.5600e+02, 0.0000e+00, 
 2DIAGNOSTIC,    21, -5.819941163063e-01, 1.071430742741e-04, 2.5600e+02, 0.0000e+00, 
 2DIAGNOSTIC,    22, -5.819805860519e-01, 6.992742419243e-05, 2.5600e+02, 0.0000e+00, 
 2DIAGNOSTIC,    23, -5.819854140282e-01, 3.461167216301e-05, 2.5600e+02, 0.0000e+00, 
 2DIAGNOSTIC,    24, -5.820031166077e-01, 1.325830817223e-05, 2.5600e+02, 0.0000e+00, 
 2DIAGNOSTIC,    25, -5.819992423058e-01, 6.884336471558e-06, 2.5600e+02, 0.0000e+00, 
 2DIAGNOSTIC,    26, -5.820041298866e-01, 3.874301910400e-06, 2.5600e+02, 0.0000e+00, 
 2DIAGNOSTIC,    27, -5.820130705833e-01, 1.292675733566e-06, 2.5600e+02, 0.0000e+00, 
 2DIAGNOSTIC,    28, -5.820260047913e-01, 1.989305019379e-06, 2.5600e+02, 0.0000e+00, 
 2DIAGNOSTIC,    29, -5.820416808128e-01, 2.842396497726e-06, 2.5600e+02, 0.0000e+00, 
 2DIAGNOSTIC,    30, -5.820229649544e-01, 2.965331077576e-06, 2.5600e+02, 0.0000e+00, 
 2DIAGNOSTIC,    31, -5.820706486702e-01, 3.628432750702e-06, 2.5600e+02, 0.0000e+00, 
 2DIAGNOSTIC,    32, -5.821157693863e-01, 4.462897777557e-06, 2.5600e+02, 0.0000e+00, 
 2DIAGNOSTIC,    33, -5.821765661240e-01, 5.867332220078e-06, 2.5600e+02, 0.0000e+00, 
 2DIAGNOSTIC,    34, -5.823584198952e-01, 9.592622518539e-06, 2.5600e+02, 0.0000e+00, 
 2DIAGNOSTIC,    35, -5.829877257347e-01, 2.099759876728e-05, 2.5600e+02, 0.0000e+00, 
 2DIAGNOSTIC,    36, -5.830955505371e-01, 3.118254244328e-05, 2.5600e+02, 0.0000e+00, 
 2DIAGNOSTIC,    37, -5.835653543472e-01, 4.434958100319e-05, 2.5600e+02, 0.0000e+00, 
 2DIAGNOSTIC,    38, -5.841609835625e-01, 6.048381328583e-05, 2.5600e+02, 0.0000e+00, 
 2DIAGNOSTIC,    39, -5.842308998108e-01, 7.100217044353e-05, 2.5600e+02, 0.0000e+00, 
 2DIAGNOSTIC,    40, -5.842703580856e-01, 7.457099854946e-05, 2.5600e+02, 0.0000e+00, 
 2DIAGNOSTIC,    41, -5.842738747597e-01, 7.160939276218e-05, 2.5600e+02, 0.0000e+00, 
 2DIAGNOSTIC,    42, -5.842594504356e-01, 6.240606307983e-05, 2.5600e+02, 0.0000e+00, 
 2DIAGNOSTIC,    43, -5.842521190643e-01, 4.827044904232e-05, 2.5600e+02, 0.0000e+00, 
 2DIAGNOSTIC,    44, -5.842446088791e-01, 3.204308450222e-05, 2.5600e+02, 0.0000e+00, 
 2DIAGNOSTIC,    45, -5.842365026474e-01, 2.042949199677e-05, 2.5600e+02, 0.0000e+00, 
 2DIAGNOSTIC,    46, -5.842290520668e-01, 8.450821042061e-06, 2.5600e+02, 0.0000e+00, 
 2DIAGNOSTIC,    47, -5.842421650887e-01, 1.106411218643e-06, 2.5600e+02, 0.0000e+00, 
DIAGNOSTIC,Iteration,metricValue,convergenceValue,ITERATION_TIME_INDEX,SINCE_LAST
 2DIAGNOSTIC,     1, -5.161139369011e-01, 1.797693134862e+308, 3.8400e+02, 1.2800e+02, 
 2DIAGNOSTIC,     2, -5.162810087204e-01, 1.797693134862e+308, 3.8400e+02, 0.0000e+00, 
 2DIAGNOSTIC,     3, -5.164561867714e-01, 1.797693134862e+308, 3.8400e+02, 0.0000e+00, 
 2DIAGNOSTIC,     4, -5.165651440620e-01, 1.797693134862e+308, 3.8400e+02, 0.0000e+00, 
 2DIAGNOSTIC,     5, -5.165953636169e-01, 1.797693134862e+308, 3.8400e+02, 0.0000e+00, 
 2DIAGNOSTIC,     6, -5.167393684387e-01, 1.797693134862e+308, 3.8400e+02, 0.0000e+00, 
 2DIAGNOSTIC,     7, -5.168631076813e-01, 1.797693134862e+308, 3.8400e+02, 0.0000e+00, 
 2DIAGNOSTIC,     8, -5.169415473938e-01, 1.797693134862e+308, 3.8400e+02, 0.0000e+00, 
 2DIAGNOSTIC,     9, -5.170279741287e-01, 1.797693134862e+308, 5.1200e+02, 1.2800e+02, 
 2DIAGNOSTIC,    10, -5.170355439186e-01, 1.174882054329e-04, 5.1200e+02, 0.0000e+00, 
 2DIAGNOSTIC,    11, -5.170397162437e-01, 9.148567914963e-05, 5.1200e+02, 0.0000e+00, 
 2DIAGNOSTIC,    12, -5.170398354530e-01, 6.932020187378e-05, 5.1200e+02, 0.0000e+00, 
 2DIAGNOSTIC,    13, -5.170394182205e-01, 5.187839269638e-05, 5.1200e+02, 0.0000e+00, 
 2DIAGNOSTIC,    14, -5.170472264290e-01, 3.704428672791e-05, 5.1200e+02, 0.0000e+00, 
 2DIAGNOSTIC,    15, -5.170649290085e-01, 2.270191907883e-05, 5.1200e+02, 0.0000e+00, 
 2DIAGNOSTIC,    16, -5.171739459038e-01, 1.690536737442e-05, 5.1200e+02, 0.0000e+00, 
 2DIAGNOSTIC,    17, -5.172780156136e-01, 1.766160130501e-05, 5.1200e+02, 0.0000e+00, 
 2DIAGNOSTIC,    18, -5.172923803329e-01, 1.959130167961e-05, 6.4000e+02, 1.2800e+02, 
 2DIAGNOSTIC,    19, -5.172939896584e-01, 2.228468656540e-05, 6.4000e+02, 0.0000e+00, 
 2DIAGNOSTIC,    20, -5.172938108444e-01, 2.302229404449e-05, 6.4000e+02, 0.0000e+00, 
 2DIAGNOSTIC,    21, -5.172939300537e-01, 2.174824476242e-05, 6.4000e+02, 0.0000e+00, 
 2DIAGNOSTIC,    22, -5.172933936119e-01, 1.865252852440e-05, 6.4000e+02, 0.0000e+00, 
 2DIAGNOSTIC,    23, -5.172922015190e-01, 1.420825719833e-05, 6.4000e+02, 0.0000e+00, 
 2DIAGNOSTIC,    24, -5.172920823097e-01, 9.160488843918e-06, 6.4000e+02, 0.0000e+00, 
 2DIAGNOSTIC,    25, -5.172913670540e-01, 4.120171070099e-06, 6.4000e+02, 0.0000e+00, 
 2DIAGNOSTIC,    26, -5.172917246819e-01, 1.449137926102e-06, 6.4000e+02, 0.0000e+00, 
 2DIAGNOSTIC,    27, -5.172916650772e-01, 1.069158315659e-06, 7.6800e+02, 1.2800e+02, 
 2DIAGNOSTIC,    28, -5.172919631004e-01, 1.009553670883e-06, 7.6800e+02, 0.0000e+00, 
DIAGNOSTIC,Iteration,metricValue,convergenceValue,ITERATION_TIME_INDEX,SINCE_LAST
 2DIAGNOSTIC,     1, -4.771099090576e-01, 1.797693134862e+308, 7.6800e+02, 0.0000e+00, 
 2DIAGNOSTIC,     2, -4.772678315639e-01, 1.797693134862e+308, 8.9600e+02, 1.2800e+02, 
 2DIAGNOSTIC,     3, -4.773547947407e-01, 1.797693134862e+308, 1.0240e+03, 1.2800e+02, 
 2DIAGNOSTIC,     4, -4.773535728455e-01, 1.797693134862e+308, 1.1520e+03, 1.2800e+02, 
 2DIAGNOSTIC,     5, -4.773530662060e-01, 1.797693134862e+308, 1.2800e+03, 1.2800e+02, 
 2DIAGNOSTIC,     6, -4.773577153683e-01, 1.797693134862e+308, 1.2800e+03, 0.0000e+00, 
 2DIAGNOSTIC,     7, -4.773727357388e-01, 1.797693134862e+308, 1.4080e+03, 1.2800e+02, 
 2DIAGNOSTIC,     8, -4.773867428303e-01, 1.797693134862e+308, 1.5360e+03, 1.2800e+02, 
 2DIAGNOSTIC,     9, -4.773897528648e-01, 1.797693134862e+308, 1.6640e+03, 1.2800e+02, 
 2DIAGNOSTIC,    10, -4.773897528648e-01, 2.811104059219e-05, 1.7920e+03, 1.2800e+02, 
 2DIAGNOSTIC,    11, -4.773919880390e-01, 1.361966133118e-05, 1.7920e+03, 0.0000e+00, 
 2DIAGNOSTIC,    12, -4.773944616318e-01, 8.419156074524e-06, 1.9200e+03, 1.2800e+02, 
 2DIAGNOSTIC,    13, -4.774052500725e-01, 7.957220077515e-06, 2.0480e+03, 1.2800e+02, 
 2DIAGNOSTIC,    14, -4.774291515350e-01, 8.031725883484e-06, 2.1760e+03, 1.2800e+02, 
 2DIAGNOSTIC,    15, -4.774414896965e-01, 8.024275302887e-06, 2.1760e+03, 0.0000e+00, 
 2DIAGNOSTIC,    16, -4.774743616581e-01, 8.858740329742e-06, 2.3040e+03, 1.2800e+02, 
 2DIAGNOSTIC,    17, -4.775380790234e-01, 1.169368624687e-05, 2.4320e+03, 1.2800e+02, 
 2DIAGNOSTIC,    18, -4.775437116623e-01, 1.391395926476e-05, 2.5600e+03, 1.2800e+02, 
 2DIAGNOSTIC,    19, -4.775512814522e-01, 1.512095332146e-05, 2.6880e+03, 1.2800e+02, 
 2DIAGNOSTIC,    20, -4.775587320328e-01, 1.520290970802e-05, 2.8160e+03, 1.2800e+02, 
 2DIAGNOSTIC,    21, -4.775587022305e-01, 1.405552029610e-05, 2.9440e+03, 1.2800e+02, 
 2DIAGNOSTIC,    22, -4.775578975677e-01, 1.186132431030e-05, 3.0720e+03, 1.2800e+02, 
 2DIAGNOSTIC,    23, -4.775577187538e-01, 9.149312973022e-06, 3.2000e+03, 1.2800e+02, 
 2DIAGNOSTIC,    24, -4.775575995445e-01, 6.560236215591e-06, 3.3280e+03, 1.2800e+02, 
 2DIAGNOSTIC,    25, -4.775574207306e-01, 3.967434167862e-06, 3.3280e+03, 0.0000e+00, 
 2DIAGNOSTIC,    26, -4.775573015213e-01, 2.026557922363e-06, 3.4560e+03, 1.2800e+02, 
 2DIAGNOSTIC,    27, -4.775571525097e-01, 1.553446054459e-06, 3.5840e+03, 1.2800e+02, 
 2DIAGNOSTIC,    28, -4.775572419167e-01, 1.206994056702e-06, 3.7120e+03, 1.2800e+02, 
 2DIAGNOSTIC,    29, -4.775571227074e-01, 1.020729541779e-06, 3.8400e+03, 1.2800e+02, 
 2DIAGNOSTIC,    30, -4.775570034981e-01, 1.005828380585e-06, 3.9680e+03, 1.2800e+02, 
  Elapsed time (stage 0): 3.9680e+03


Total elapsed time: 3.9680e+03
-i /mnt/lustre/mathdugre/fast-interpolate/datasets/ds004513/derivatives/fsl/fast/sub-s035/ses-open/anat/BrainExtractionBrain_seg.nii.gz -o /mnt/lustre/mathdugre/fast-interpolate/datasets/ds004513/derivatives/flint/ants/flint-vprec-single-five-levels/sub-s035/ses-open/anat/1/1_transformed.nii.gz -t /mnt/lustre/mathdugre/fast-interpolate/datasets/ds004513/derivatives/flint/ants/flint-vprec-single-five-levels/sub-s035/ses-open/anat/1/1_0GenericAffine.mat
