---------------------
Experiment information

SIF_IMG: /mnt/lustre/mathdugre/containers/ants-flint-vprec.simg
SIF_IMG_BASE: /mnt/lustre/mathdugre/containers/ants-flint-base.simg
EXPERIMENT_NAME: flint-vprec-single
STAGE: syn
SUBJECT_ID: s029
REPETITION_ID: 1

FIXED_IMG: /templateflow/tpl-MNI152NLin2009cAsym/tpl-MNI152NLin2009cAsym_res-01_desc-brain_T1w.nii.gz
INPUT_IMG: /mnt/lustre/mathdugre/fast-interpolate/datasets/ds004513/derivatives/flint/ants/flint-vprec-single/sub-s029/ses-open/anat/11/1_Affine.nii.gz

DATA_DIR: /mnt/lustre/mathdugre/fast-interpolate/datasets/ds004513
OUTPUT_DIR: /mnt/lustre/mathdugre/fast-interpolate/datasets/ds004513/derivatives/flint/ants/flint-vprec-single/sub-s029/ses-open/anat
OUTPUT_PREFIX: 111
THREAD: 1
FLOAT: 0
VFC_BACKENDS: libinterflop_vprec.so --precision-binary32=23 --range-binary32=8 --precision-binary64=23 --range-binary64=8
---------------------

--output [/mnt/lustre/mathdugre/fast-interpolate/datasets/ds004513/derivatives/flint/ants/flint-vprec-single/sub-s029/ses-open/anat/111/1_,/mnt/lustre/mathdugre/fast-interpolate/datasets/ds004513/derivatives/flint/ants/flint-vprec-single/sub-s029/ses-open/anat/111/1_Warped.nii.gz,/mnt/lustre/mathdugre/fast-interpolate/datasets/ds004513/derivatives/flint/ants/flint-vprec-single/sub-s029/ses-open/anat/111/1_InverseSyN.nii.gz] --initial-moving-transform [/templateflow/tpl-MNI152NLin2009cAsym/tpl-MNI152NLin2009cAsym_res-01_desc-brain_T1w.nii.gz,/mnt/lustre/mathdugre/fast-interpolate/datasets/ds004513/derivatives/flint/ants/flint-vprec-single/sub-s029/ses-open/anat/11/1_Affine.nii.gz,1] --transform SyN[ 0.1,3,0 ] --metric CC[/templateflow/tpl-MNI152NLin2009cAsym/tpl-MNI152NLin2009cAsym_res-01_desc-brain_T1w.nii.gz,/mnt/lustre/mathdugre/fast-interpolate/datasets/ds004513/derivatives/flint/ants/flint-vprec-single/sub-s029/ses-open/anat/11/1_Affine.nii.gz,1,4] --convergence [100x70x50x20,1e-6,10] --shrink-factors 8x4x2x1 --smoothing-sigmas 3x2x1x0vox
All_Command_lines_OK
Using double precision for computations.
=============================================================================
The composite transform comprises the following transforms (in order): 
  1. Center of mass alignment using fixed image: /templateflow/tpl-MNI152NLin2009cAsym/tpl-MNI152NLin2009cAsym_res-01_desc-brain_T1w.nii.gz and moving image: /mnt/lustre/mathdugre/fast-interpolate/datasets/ds004513/derivatives/flint/ants/flint-vprec-single/sub-s029/ses-open/anat/11/1_Affine.nii.gz (type = Euler3DTransform)
=============================================================================
  number of levels = 4
  fixed image: /templateflow/tpl-MNI152NLin2009cAsym/tpl-MNI152NLin2009cAsym_res-01_desc-brain_T1w.nii.gz
  moving image: /mnt/lustre/mathdugre/fast-interpolate/datasets/ds004513/derivatives/flint/ants/flint-vprec-single/sub-s029/ses-open/anat/11/1_Affine.nii.gz
Dimension = 3
Number of stages = 1
Use histogram matching = false
Winsorize image intensities = true
  Lower quantile = 0.005
  Upper quantile = 0.995


Stage 1 State
   Image metric = CC
     Fixed image = Image (0x464db50)
  RTTI typeinfo:   itk::Image<double, 3u>
  Reference Count: 2
  Modified Time: 1622
  Debug: Off
  Object Name: 
  Observers: 
    none
  Source: (none)
  Source output name: (none)
  Release Data: Off
  Data Released: False
  Global Release Data: Off
  PipelineMTime: 0
  UpdateMTime: 1407
  RealTimeStamp: 0 seconds 
  LargestPossibleRegion: 
    Dimension: 3
    Index: [0, 0, 0]
    Size: [193, 229, 193]
  BufferedRegion: 
    Dimension: 3
    Index: [0, 0, 0]
    Size: [193, 229, 193]
  RequestedRegion: 
    Dimension: 3
    Index: [0, 0, 0]
    Size: [193, 229, 193]
  Spacing: [1, 1, 1]
  Origin: [96, 132, -78]
  Direction: 
-1 0 0
0 -1 0
0 0 1

  IndexToPointMatrix: 
-1 0 0
0 -1 0
0 0 1

  PointToIndexMatrix: 
-1 0 0
0 -1 0
0 0 1

  Inverse Direction: 
-1 0 0
0 -1 0
0 0 1

  PixelContainer: 
    ImportImageContainer (0x46c66d0)
      RTTI typeinfo:   itk::ImportImageContainer<unsigned long, double>
      Reference Count: 1
      Modified Time: 1404
      Debug: Off
      Object Name: 
      Observers: 
        none
      Pointer: 0x7fc7dfc91010
      Container manages memory: true
      Size: 8530021
      Capacity: 8530021

     Moving image = Image (0x4659d60)
  RTTI typeinfo:   itk::Image<double, 3u>
  Reference Count: 2
  Modified Time: 1623
  Debug: Off
  Object Name: 
  Observers: 
    none
  Source: (none)
  Source output name: (none)
  Release Data: Off
  Data Released: False
  Global Release Data: Off
  PipelineMTime: 0
  UpdateMTime: 1620
  RealTimeStamp: 0 seconds 
  LargestPossibleRegion: 
    Dimension: 3
    Index: [0, 0, 0]
    Size: [193, 229, 193]
  BufferedRegion: 
    Dimension: 3
    Index: [0, 0, 0]
    Size: [193, 229, 193]
  RequestedRegion: 
    Dimension: 3
    Index: [0, 0, 0]
    Size: [193, 229, 193]
  Spacing: [1, 1, 1]
  Origin: [96, 132, -78]
  Direction: 
-1 0 0
0 -1 0
0 0 1

  IndexToPointMatrix: 
-1 0 0
0 -1 0
0 0 1

  PointToIndexMatrix: 
-1 0 0
0 -1 0
0 0 1

  Inverse Direction: 
-1 0 0
0 -1 0
0 0 1

  PixelContainer: 
    ImportImageContainer (0x47267d0)
      RTTI typeinfo:   itk::ImportImageContainer<unsigned long, double>
      Reference Count: 1
      Modified Time: 1617
      Debug: Off
      Object Name: 
      Observers: 
        none
      Pointer: 0x7fc7dbb7c010
      Container manages memory: true
      Size: 8530021
      Capacity: 8530021

     Weighting = 1
     Sampling strategy = none
     Number of bins = 32
     Radius = 4
     Sampling percentage  = 1
   Transform = SyN
     Gradient step = 0.1
     Update field sigma (voxel space) = 3
     Total field sigma (voxel space) = 0
     Update field time sigma = 0
     Total field time sigma  = 0
     Number of time indices = 0
     Number of time point samples = 0
Registration using 1 total stages.

Stage 0
  iterations = 100x70x50x20
  convergence threshold = 1e-06
  convergence window size = 10
  number of levels = 4
  using the CC metric (radius = 4, weight = 1, use gradient filter = 0)
  preprocessing:  winsorizing the image intensities
  Shrink factors (level 1 out of 4): [8, 8, 8]
  Shrink factors (level 2 out of 4): [4, 4, 4]
  Shrink factors (level 3 out of 4): [2, 2, 2]
  Shrink factors (level 4 out of 4): [1, 1, 1]
  smoothing sigmas per level: [3, 2, 1, 0]
  Using default NONE metricSamplingStrategy 

*** Running SyN registration (varianceForUpdateField = 3, varianceForTotalField = 0) ***

XXDIAGNOSTIC,Iteration,metricValue,convergenceValue,ITERATION_TIME_INDEX,SINCE_LAST
 1DIAGNOSTIC,     1, -9.283872246742e-01, 1.797693134862e+308, 0.0000e+00, 0.0000e+00, 
 1DIAGNOSTIC,     2, -9.369770288467e-01, 1.797693134862e+308, 0.0000e+00, 0.0000e+00, 
 1DIAGNOSTIC,     3, -9.447085857391e-01, 1.797693134862e+308, 0.0000e+00, 0.0000e+00, 
 1DIAGNOSTIC,     4, -9.508861303329e-01, 1.797693134862e+308, 1.2800e+02, 1.2800e+02, 
 1DIAGNOSTIC,     5, -9.549502730370e-01, 1.797693134862e+308, 1.2800e+02, 0.0000e+00, 
 1DIAGNOSTIC,     6, -9.583604931831e-01, 1.797693134862e+308, 1.2800e+02, 0.0000e+00, 
 1DIAGNOSTIC,     7, -9.610785841942e-01, 1.797693134862e+308, 1.2800e+02, 0.0000e+00, 
 1DIAGNOSTIC,     8, -9.633678793907e-01, 1.797693134862e+308, 1.2800e+02, 0.0000e+00, 
 1DIAGNOSTIC,     9, -9.651885628700e-01, 1.797693134862e+308, 1.2800e+02, 0.0000e+00, 
 1DIAGNOSTIC,    10, -9.667914509773e-01, 2.432741224766e-03, 1.2800e+02, 0.0000e+00, 
 1DIAGNOSTIC,    11, -9.680114984512e-01, 1.755654811859e-03, 1.2800e+02, 0.0000e+00, 
 1DIAGNOSTIC,    12, -9.690033197403e-01, 1.269958913326e-03, 2.5600e+02, 1.2800e+02, 
 1DIAGNOSTIC,    13, -9.697308540344e-01, 9.362846612930e-04, 2.5600e+02, 0.0000e+00, 
 1DIAGNOSTIC,    14, -9.703699350357e-01, 7.092282176018e-04, 2.5600e+02, 0.0000e+00, 
 1DIAGNOSTIC,    15, -9.709584712982e-01, 5.390793085098e-04, 2.5600e+02, 0.0000e+00, 
 1DIAGNOSTIC,    16, -9.714146852493e-01, 4.119575023651e-04, 2.5600e+02, 0.0000e+00, 
 1DIAGNOSTIC,    17, -9.718223810196e-01, 3.160238265991e-04, 2.5600e+02, 0.0000e+00, 
 1DIAGNOSTIC,    18, -9.721738100052e-01, 2.448074519634e-04, 2.5600e+02, 0.0000e+00, 
 1DIAGNOSTIC,    19, -9.724790453911e-01, 1.912936568260e-04, 2.5600e+02, 0.0000e+00, 
 1DIAGNOSTIC,    20, -9.727443456650e-01, 1.528412103653e-04, 3.8400e+02, 1.2800e+02, 
 1DIAGNOSTIC,    21, -9.729804992676e-01, 1.242160797119e-04, 3.8400e+02, 0.0000e+00, 
 1DIAGNOSTIC,    22, -9.731868505478e-01, 1.026801764965e-04, 3.8400e+02, 0.0000e+00, 
 1DIAGNOSTIC,    23, -9.733670949936e-01, 8.507817983627e-05, 3.8400e+02, 0.0000e+00, 
 1DIAGNOSTIC,    24, -9.735677242279e-01, 7.129460573196e-05, 3.8400e+02, 0.0000e+00, 
 1DIAGNOSTIC,    25, -9.737138152122e-01, 6.060302257538e-05, 3.8400e+02, 0.0000e+00, 
 1DIAGNOSTIC,    26, -9.738283753395e-01, 5.155429244041e-05, 3.8400e+02, 0.0000e+00, 
 1DIAGNOSTIC,    27, -9.739219546318e-01, 4.385039210320e-05, 5.1200e+02, 1.2800e+02, 
 1DIAGNOSTIC,    28, -9.740064144135e-01, 3.721192479134e-05, 5.1200e+02, 0.0000e+00, 
 1DIAGNOSTIC,    29, -9.739804267883e-01, 3.041699528694e-05, 5.1200e+02, 0.0000e+00, 
 1DIAGNOSTIC,    30, -9.740530252457e-01, 2.459809184074e-05, 5.1200e+02, 0.0000e+00, 
 1DIAGNOSTIC,    31, -9.739387035370e-01, 1.804903149605e-05, 5.1200e+02, 0.0000e+00, 
 1DIAGNOSTIC,    32, -9.740158319473e-01, 1.290813088417e-05, 5.1200e+02, 0.0000e+00, 
 1DIAGNOSTIC,    33, -9.738566875458e-01, 7.096678018570e-06, 5.1200e+02, 0.0000e+00, 
 1DIAGNOSTIC,    34, -9.740013480186e-01, 4.041939973831e-06, 5.1200e+02, 0.0000e+00, 
 1DIAGNOSTIC,    35, -9.738242030144e-01, 5.606561899185e-07, 6.4000e+02, 1.2800e+02, 
XXDIAGNOSTIC,Iteration,metricValue,convergenceValue,ITERATION_TIME_INDEX,SINCE_LAST
 1DIAGNOSTIC,     1, -9.166872501373e-01, 1.797693134862e+308, 7.6800e+02, 1.2800e+02, 
 1DIAGNOSTIC,     2, -9.191651344299e-01, 1.797693134862e+308, 8.9600e+02, 1.2800e+02, 
 1DIAGNOSTIC,     3, -9.225449562073e-01, 1.797693134862e+308, 1.0240e+03, 1.2800e+02, 
 1DIAGNOSTIC,     4, -9.255739450455e-01, 1.797693134862e+308, 1.1520e+03, 1.2800e+02, 
 1DIAGNOSTIC,     5, -9.277395009995e-01, 1.797693134862e+308, 1.4080e+03, 2.5600e+02, 
 1DIAGNOSTIC,     6, -9.296424984932e-01, 1.797693134862e+308, 1.5360e+03, 1.2800e+02, 
 1DIAGNOSTIC,     7, -9.313245415688e-01, 1.797693134862e+308, 1.6640e+03, 1.2800e+02, 
 1DIAGNOSTIC,     8, -9.328173398972e-01, 1.797693134862e+308, 1.7920e+03, 1.2800e+02, 
 1DIAGNOSTIC,     9, -9.341700077057e-01, 1.797693134862e+308, 1.9200e+03, 1.2800e+02, 
 1DIAGNOSTIC,    10, -9.354199171066e-01, 1.291759312153e-03, 2.0480e+03, 1.2800e+02, 
 1DIAGNOSTIC,    11, -9.365462660789e-01, 1.041390001774e-03, 2.1760e+03, 1.2800e+02, 
 1DIAGNOSTIC,    12, -9.375841617584e-01, 8.280128240585e-04, 2.3040e+03, 1.2800e+02, 
 1DIAGNOSTIC,    13, -9.385466575623e-01, 6.738603115082e-04, 2.5600e+03, 2.5600e+02, 
 1DIAGNOSTIC,    14, -9.394253492355e-01, 5.653053522110e-04, 2.6880e+03, 1.2800e+02, 
 1DIAGNOSTIC,    15, -9.400643110275e-01, 4.762709140778e-04, 2.8160e+03, 1.2800e+02, 
 1DIAGNOSTIC,    16, -9.408156871796e-01, 4.050731658936e-04, 2.9440e+03, 1.2800e+02, 
 1DIAGNOSTIC,    17, -9.413174390793e-01, 3.438331186771e-04, 3.0720e+03, 1.2800e+02, 
 1DIAGNOSTIC,    18, -9.418519139290e-01, 2.917982637882e-04, 3.2000e+03, 1.2800e+02, 
 1DIAGNOSTIC,    19, -9.422570466995e-01, 2.462230622768e-04, 3.3280e+03, 1.2800e+02, 
 1DIAGNOSTIC,    20, -9.426807165146e-01, 2.077259123325e-04, 3.5840e+03, 2.5600e+02, 
 1DIAGNOSTIC,    21, -9.431380033493e-01, 1.763887703419e-04, 3.7120e+03, 1.2800e+02, 
 1DIAGNOSTIC,    22, -9.434041976929e-01, 1.493319869041e-04, 3.8400e+03, 1.2800e+02, 
 1DIAGNOSTIC,    23, -9.434379339218e-01, 1.238174736500e-04, 3.9680e+03, 1.2800e+02, 
 1DIAGNOSTIC,    24, -9.434852600098e-01, 1.006834208965e-04, 4.0960e+03, 1.2800e+02, 
 1DIAGNOSTIC,    25, -9.435385465622e-01, 7.832422852516e-05, 4.2240e+03, 1.2800e+02, 
 1DIAGNOSTIC,    26, -9.435985088348e-01, 5.978345870972e-05, 4.3520e+03, 1.2800e+02, 
 1DIAGNOSTIC,    27, -9.436588287354e-01, 4.333630204201e-05, 4.6080e+03, 2.5600e+02, 
 1DIAGNOSTIC,    28, -9.437220692635e-01, 3.055110573769e-05, 4.7360e+03, 1.2800e+02, 
 1DIAGNOSTIC,    29, -9.437787532806e-01, 2.066791057587e-05, 4.8640e+03, 1.2800e+02, 
 1DIAGNOSTIC,    30, -9.438473582268e-01, 1.448020339012e-05, 4.9920e+03, 1.2800e+02, 
 1DIAGNOSTIC,    31, -9.439166784286e-01, 1.249834895134e-05, 5.1200e+03, 1.2800e+02, 
 1DIAGNOSTIC,    32, -9.439861774445e-01, 1.271441578865e-05, 5.2480e+03, 1.2800e+02, 
 1DIAGNOSTIC,    33, -9.440679550171e-01, 1.286342740059e-05, 5.3760e+03, 1.2800e+02, 
 1DIAGNOSTIC,    34, -9.441457986832e-01, 1.296401023865e-05, 5.6320e+03, 2.5600e+02, 
 1DIAGNOSTIC,    35, -9.442337751389e-01, 1.313164830208e-05, 5.7600e+03, 1.2800e+02, 
 1DIAGNOSTIC,    36, -9.443147182465e-01, 1.329928636551e-05, 5.8880e+03, 1.2800e+02, 
 1DIAGNOSTIC,    37, -9.444085955620e-01, 1.352652907372e-05, 6.0160e+03, 1.2800e+02, 
 1DIAGNOSTIC,    38, -9.445036649704e-01, 1.377612352371e-05, 6.1440e+03, 1.2800e+02, 
 1DIAGNOSTIC,    39, -9.446092247963e-01, 1.402571797371e-05, 6.2720e+03, 1.2800e+02, 
 1DIAGNOSTIC,    40, -9.447171688080e-01, 1.432001590729e-05, 6.4000e+03, 1.2800e+02, 
 1DIAGNOSTIC,    41, -9.448256492615e-01, 1.461431384087e-05, 6.6560e+03, 2.5600e+02, 
 1DIAGNOSTIC,    42, -9.449396133423e-01, 1.487322151661e-05, 6.7840e+03, 1.2800e+02, 
 1DIAGNOSTIC,    43, -9.450504779816e-01, 1.510977745056e-05, 6.9120e+03, 1.2800e+02, 
 1DIAGNOSTIC,    44, -9.451712965965e-01, 1.531280577183e-05, 7.0400e+03, 1.2800e+02, 
 1DIAGNOSTIC,    45, -9.453064799309e-01, 1.559220254421e-05, 7.1680e+03, 1.2800e+02, 
 1DIAGNOSTIC,    46, -9.454451799393e-01, 1.586787402630e-05, 7.2960e+03, 1.2800e+02, 
 1DIAGNOSTIC,    47, -9.455857276917e-01, 1.616030931473e-05, 7.4240e+03, 1.2800e+02, 
 1DIAGNOSTIC,    48, -9.457334876060e-01, 1.647323369980e-05, 7.6800e+03, 2.5600e+02, 
 1DIAGNOSTIC,    49, -9.458928108215e-01, 1.687556505203e-05, 7.8080e+03, 1.2800e+02, 
 1DIAGNOSTIC,    50, -9.460564255714e-01, 1.732259988785e-05, 7.9360e+03, 1.2800e+02, 
 1DIAGNOSTIC,    51, -9.462100863457e-01, 1.768581569195e-05, 8.0640e+03, 1.2800e+02, 
 1DIAGNOSTIC,    52, -9.463579654694e-01, 1.790747046471e-05, 8.1920e+03, 1.2800e+02, 
 1DIAGNOSTIC,    53, -9.464886188507e-01, 1.781806349754e-05, 8.3200e+03, 1.2800e+02, 
 1DIAGNOSTIC,    54, -9.466145038605e-01, 1.743994653225e-05, 8.4480e+03, 1.2800e+02, 
 1DIAGNOSTIC,    55, -9.467300176620e-01, 1.681782305241e-05, 8.5760e+03, 1.2800e+02, 
 1DIAGNOSTIC,    56, -9.468419551849e-01, 1.599639654160e-05, 8.8320e+03, 2.5600e+02, 
 1DIAGNOSTIC,    57, -9.469454288483e-01, 1.499801874161e-05, 8.9600e+03, 1.2800e+02, 
 1DIAGNOSTIC,    58, -9.470372796059e-01, 1.388043165207e-05, 9.0880e+03, 1.2800e+02, 
 1DIAGNOSTIC,    59, -9.471292495728e-01, 1.278519630432e-05, 9.2160e+03, 1.2800e+02, 
 1DIAGNOSTIC,    60, -9.472225904465e-01, 1.182779669762e-05, 9.3440e+03, 1.2800e+02, 
 1DIAGNOSTIC,    61, -9.473037719727e-01, 1.096352934837e-05, 9.4720e+03, 1.2800e+02, 
 1DIAGNOSTIC,    62, -9.473819732666e-01, 1.020729541779e-05, 9.7280e+03, 2.5600e+02, 
 1DIAGNOSTIC,    63, -9.474599361420e-01, 9.534880518913e-06, 9.8560e+03, 1.2800e+02, 
 1DIAGNOSTIC,    64, -9.475348591805e-01, 8.946284651756e-06, 9.9840e+03, 1.2800e+02, 
 1DIAGNOSTIC,    65, -9.476025104523e-01, 8.402392268181e-06, 1.0112e+04, 1.2800e+02, 
 1DIAGNOSTIC,    66, -9.476701617241e-01, 7.923692464828e-06, 1.0240e+04, 1.2800e+02, 
 1DIAGNOSTIC,    67, -9.477372169495e-01, 7.504597306252e-06, 1.0368e+04, 1.2800e+02, 
 1DIAGNOSTIC,    68, -9.478003382683e-01, 7.094815373421e-06, 1.0496e+04, 1.2800e+02, 
 1DIAGNOSTIC,    69, -9.478614330292e-01, 6.723217666149e-06, 1.0624e+04, 1.2800e+02, 
 1DIAGNOSTIC,    70, -9.479223489761e-01, 6.412155926228e-06, 1.0880e+04, 2.5600e+02, 
XXDIAGNOSTIC,Iteration,metricValue,convergenceValue,ITERATION_TIME_INDEX,SINCE_LAST
 1DIAGNOSTIC,     1, -9.009850025177e-01, 1.797693134862e+308, 1.2032e+04, 1.1520e+03, 
 1DIAGNOSTIC,     2, -9.026200175285e-01, 1.797693134862e+308, 1.3312e+04, 1.2800e+03, 
 1DIAGNOSTIC,     3, -9.049237370491e-01, 1.797693134862e+308, 1.4464e+04, 1.1520e+03, 
 1DIAGNOSTIC,     4, -9.070997834206e-01, 1.797693134862e+308, 1.5744e+04, 1.2800e+03, 
 1DIAGNOSTIC,     5, -9.091323614120e-01, 1.797693134862e+308, 1.6896e+04, 1.1520e+03, 
 1DIAGNOSTIC,     6, -9.110749959946e-01, 1.797693134862e+308, 1.8048e+04, 1.1520e+03, 
 1DIAGNOSTIC,     7, -9.129802584648e-01, 1.797693134862e+308, 1.9328e+04, 1.2800e+03, 
 1DIAGNOSTIC,     8, -9.147382974625e-01, 1.797693134862e+308, 2.0480e+04, 1.1520e+03, 
 1DIAGNOSTIC,     9, -9.163591861725e-01, 1.797693134862e+308, 2.1760e+04, 1.2800e+03, 
 1DIAGNOSTIC,    10, -9.178686141968e-01, 1.216642558575e-03, 2.2912e+04, 1.1520e+03, 
 1DIAGNOSTIC,    11, -9.191115498543e-01, 1.059308648109e-03, 2.4064e+04, 1.1520e+03, 
 1DIAGNOSTIC,    12, -9.203758239746e-01, 9.079053997993e-04, 2.5344e+04, 1.2800e+03, 
 1DIAGNOSTIC,    13, -9.213984012604e-01, 7.768869400024e-04, 2.6496e+04, 1.1520e+03, 
 1DIAGNOSTIC,    14, -9.221826791763e-01, 6.594508886337e-04, 2.7776e+04, 1.2800e+03, 
 1DIAGNOSTIC,    15, -9.229192733765e-01, 5.546361207962e-04, 2.8928e+04, 1.1520e+03, 
 1DIAGNOSTIC,    16, -9.236387014389e-01, 4.634782671928e-04, 3.0208e+04, 1.2800e+03, 
 1DIAGNOSTIC,    17, -9.243073463440e-01, 3.870725631714e-04, 3.1360e+04, 1.1520e+03, 
 1DIAGNOSTIC,    18, -9.249347448349e-01, 3.242790699005e-04, 3.2640e+04, 1.2800e+03, 
 1DIAGNOSTIC,    19, -9.255149364471e-01, 2.737976610661e-04, 3.3792e+04, 1.1520e+03, 
 1DIAGNOSTIC,    20, -9.260538816452e-01, 2.345964312553e-04, 3.5072e+04, 1.2800e+03, 
 1DIAGNOSTIC,    21, -9.265536665916e-01, 2.028010785580e-04, 3.6224e+04, 1.1520e+03, 
 1DIAGNOSTIC,    22, -9.270216822624e-01, 1.792088150978e-04, 3.7376e+04, 1.1520e+03, 
 1DIAGNOSTIC,    23, -9.274631142616e-01, 1.605637371540e-04, 3.8656e+04, 1.2800e+03, 
 1DIAGNOSTIC,    24, -9.278720617294e-01, 1.437738537788e-04, 3.9808e+04, 1.1520e+03, 
 1DIAGNOSTIC,    25, -9.282711744308e-01, 1.288466155529e-04, 4.1088e+04, 1.2800e+03, 
 1DIAGNOSTIC,    26, -9.286241531372e-01, 1.156814396381e-04, 4.2240e+04, 1.1520e+03, 
 1DIAGNOSTIC,    27, -9.289463162422e-01, 1.039206981659e-04, 4.3520e+04, 1.2800e+03, 
 1DIAGNOSTIC,    28, -9.292378425598e-01, 9.335204958916e-05, 4.4672e+04, 1.1520e+03, 
 1DIAGNOSTIC,    29, -9.295107126236e-01, 8.377805352211e-05, 4.5952e+04, 1.2800e+03, 
 1DIAGNOSTIC,    30, -9.297565221786e-01, 7.500499486923e-05, 4.7104e+04, 1.1520e+03, 
 1DIAGNOSTIC,    31, -9.299826025963e-01, 6.695091724396e-05, 4.8384e+04, 1.2800e+03, 
 1DIAGNOSTIC,    32, -9.301866292953e-01, 5.956366658211e-05, 4.9536e+04, 1.1520e+03, 
 1DIAGNOSTIC,    33, -9.303853511810e-01, 5.298107862473e-05, 5.0816e+04, 1.2800e+03, 
 1DIAGNOSTIC,    34, -9.305700063705e-01, 4.717707633972e-05, 5.1968e+04, 1.1520e+03, 
 1DIAGNOSTIC,    35, -9.307440519333e-01, 4.229322075844e-05, 5.3120e+04, 1.1520e+03, 
 1DIAGNOSTIC,    36, -9.309149980545e-01, 3.818050026894e-05, 5.4400e+04, 1.2800e+03, 
 1DIAGNOSTIC,    37, -9.310780763626e-01, 3.474205732346e-05, 5.5552e+04, 1.1520e+03, 
 1DIAGNOSTIC,    38, -9.312350749969e-01, 3.184936940670e-05, 5.6832e+04, 1.2800e+03, 
 1DIAGNOSTIC,    39, -9.313853979111e-01, 2.945028245449e-05, 5.7984e+04, 1.1520e+03, 
 1DIAGNOSTIC,    40, -9.315335750580e-01, 2.743862569332e-05, 5.9264e+04, 1.2800e+03, 
 1DIAGNOSTIC,    41, -9.316723346710e-01, 2.569332718849e-05, 6.0416e+04, 1.1520e+03, 
 1DIAGNOSTIC,    42, -9.318068623543e-01, 2.410076558590e-05, 6.1696e+04, 1.2800e+03, 
 1DIAGNOSTIC,    43, -9.319422245026e-01, 2.271682024002e-05, 6.2848e+04, 1.1520e+03, 
 1DIAGNOSTIC,    44, -9.320756793022e-01, 2.149306237698e-05, 6.4128e+04, 1.2800e+03, 
 1DIAGNOSTIC,    45, -9.322074651718e-01, 2.039596438408e-05, 6.5280e+04, 1.1520e+03, 
 1DIAGNOSTIC,    46, -9.323432445526e-01, 1.950003206730e-05, 6.6560e+04, 1.2800e+03, 
 1DIAGNOSTIC,    47, -9.324764013290e-01, 1.874938607216e-05, 6.7712e+04, 1.1520e+03, 
 1DIAGNOSTIC,    48, -9.326116442680e-01, 1.815333962440e-05, 6.8992e+04, 1.2800e+03, 
 1DIAGNOSTIC,    49, -9.327446222305e-01, 1.765601336956e-05, 7.0144e+04, 1.1520e+03, 
 1DIAGNOSTIC,    50, -9.328812956810e-01, 1.728162169456e-05, 7.1296e+04, 1.1520e+03, 
XXDIAGNOSTIC,Iteration,metricValue,convergenceValue,ITERATION_TIME_INDEX,SINCE_LAST
 1DIAGNOSTIC,     1, -9.004513025284e-01, 1.797693134862e+308, 8.1408e+04, 1.0112e+04, 
 1DIAGNOSTIC,     2, -9.012215137482e-01, 1.797693134862e+308, 9.1392e+04, 9.9840e+03, 
 1DIAGNOSTIC,     3, -9.027087092400e-01, 1.797693134862e+308, 1.0125e+05, 9.8560e+03, 
 1DIAGNOSTIC,     4, -9.043157100677e-01, 1.797693134862e+308, 1.1123e+05, 9.9840e+03, 
 1DIAGNOSTIC,     5, -9.060312509537e-01, 1.797693134862e+308, 1.2109e+05, 9.8560e+03, 
 1DIAGNOSTIC,     6, -9.076485633850e-01, 1.797693134862e+308, 1.3094e+05, 9.8560e+03, 
 1DIAGNOSTIC,     7, -9.093401432037e-01, 1.797693134862e+308, 1.4080e+05, 9.8560e+03, 
 1DIAGNOSTIC,     8, -9.109456539154e-01, 1.797693134862e+308, 1.5053e+05, 9.7280e+03, 
 1DIAGNOSTIC,     9, -9.123773574829e-01, 1.797693134862e+308, 1.6038e+05, 9.8560e+03, 
 1DIAGNOSTIC,    10, -9.137719273567e-01, 9.891763329506e-04, 1.7011e+05, 9.7280e+03, 
 1DIAGNOSTIC,    11, -9.150922298431e-01, 9.072721004486e-04, 1.8010e+05, 9.9840e+03, 
 1DIAGNOSTIC,    12, -9.163633584976e-01, 8.103251457214e-04, 1.8995e+05, 9.8560e+03, 
 1DIAGNOSTIC,    13, -9.174345731735e-01, 7.161572575569e-04, 1.9981e+05, 9.8560e+03, 
 1DIAGNOSTIC,    14, -9.183129668236e-01, 6.254985928535e-04, 2.0979e+05, 9.9840e+03, 
 1DIAGNOSTIC,    15, -9.192605018616e-01, 5.450472235680e-04, 2.1965e+05, 9.8560e+03, 
 1DIAGNOSTIC,    16, -9.199981689453e-01, 4.701688885689e-04, 2.2950e+05, 9.8560e+03, 
 1DIAGNOSTIC,    17, -9.206668138504e-01, 4.037804901600e-04, 2.3936e+05, 9.8560e+03, 
 1DIAGNOSTIC,    18, -9.212918281555e-01, 3.459379076958e-04, 2.4934e+05, 9.9840e+03, 
 1DIAGNOSTIC,    19, -9.218827486038e-01, 2.951212227345e-04, 2.5920e+05, 9.8560e+03, 
 1DIAGNOSTIC,    20, -9.224313497543e-01, 2.520121634007e-04, 2.6880e+05, 9.6000e+03, 
  Elapsed time (stage 0): 268800


Total elapsed time: 268800
-i /mnt/lustre/mathdugre/fast-interpolate/datasets/ds004513/derivatives/flint/ants/flint-vprec-single/sub-s029/ses-open/anat/11/1_Affine.nii.gz -o /mnt/lustre/mathdugre/fast-interpolate/datasets/ds004513/derivatives/flint/ants/flint-vprec-single/sub-s029/ses-open/anat/111/1_transformed.nii.gz -t /mnt/lustre/mathdugre/fast-interpolate/datasets/ds004513/derivatives/flint/ants/flint-vprec-single/sub-s029/ses-open/anat/111/1_1Warp.nii.gz -t /mnt/lustre/mathdugre/fast-interpolate/datasets/ds004513/derivatives/flint/ants/flint-vprec-single/sub-s029/ses-open/anat/111/1_0GenericAffine.mat
