---------------------
Experiment information

SIF_IMG: /mnt/lustre/mathdugre/containers/ants-flint-vprec.simg
SIF_IMG_BASE: /mnt/lustre/mathdugre/containers/ants-flint-base.simg
EXPERIMENT_NAME: flint-vprec-single-five-levels
STAGE: syn
SUBJECT_ID: s038
REPETITION_ID: 1

FIXED_IMG: /templateflow/tpl-MNI152NLin2009cAsym/tpl-MNI152NLin2009cAsym_res-01_desc-brain_T1w.nii.gz
INPUT_IMG: /mnt/lustre/mathdugre/fast-interpolate/datasets/ds004513/derivatives/flint/ants/flint-vprec-single-five-levels/sub-s038/ses-open/anat/11/1_Affine.nii.gz

DATA_DIR: /mnt/lustre/mathdugre/fast-interpolate/datasets/ds004513
OUTPUT_DIR: /mnt/lustre/mathdugre/fast-interpolate/datasets/ds004513/derivatives/flint/ants/flint-vprec-single-five-levels/sub-s038/ses-open/anat
OUTPUT_PREFIX: 111
THREAD: 1
FLOAT: 0
VFC_BACKENDS: libinterflop_vprec.so --precision-binary32=23 --range-binary32=8 --precision-binary64=23 --range-binary64=8
---------------------

--output [/mnt/lustre/mathdugre/fast-interpolate/datasets/ds004513/derivatives/flint/ants/flint-vprec-single-five-levels/sub-s038/ses-open/anat/111/1_,/mnt/lustre/mathdugre/fast-interpolate/datasets/ds004513/derivatives/flint/ants/flint-vprec-single-five-levels/sub-s038/ses-open/anat/111/1_Warped.nii.gz,/mnt/lustre/mathdugre/fast-interpolate/datasets/ds004513/derivatives/flint/ants/flint-vprec-single-five-levels/sub-s038/ses-open/anat/111/1_InverseSyN.nii.gz] --initial-moving-transform [/templateflow/tpl-MNI152NLin2009cAsym/tpl-MNI152NLin2009cAsym_res-01_desc-brain_T1w.nii.gz,/mnt/lustre/mathdugre/fast-interpolate/datasets/ds004513/derivatives/flint/ants/flint-vprec-single-five-levels/sub-s038/ses-open/anat/11/1_Affine.nii.gz,1] --transform SyN[ 0.1,3,0 ] --metric CC[/templateflow/tpl-MNI152NLin2009cAsym/tpl-MNI152NLin2009cAsym_res-01_desc-brain_T1w.nii.gz,/mnt/lustre/mathdugre/fast-interpolate/datasets/ds004513/derivatives/flint/ants/flint-vprec-single-five-levels/sub-s038/ses-open/anat/11/1_Affine.nii.gz,1,4] --convergence [100x100x70x50x20,1e-6,10] --shrink-factors 16x8x4x2x1 --smoothing-sigmas 4x3x2x1x0vox
All_Command_lines_OK
Using double precision for computations.
=============================================================================
The composite transform comprises the following transforms (in order): 
  1. Center of mass alignment using fixed image: /templateflow/tpl-MNI152NLin2009cAsym/tpl-MNI152NLin2009cAsym_res-01_desc-brain_T1w.nii.gz and moving image: /mnt/lustre/mathdugre/fast-interpolate/datasets/ds004513/derivatives/flint/ants/flint-vprec-single-five-levels/sub-s038/ses-open/anat/11/1_Affine.nii.gz (type = Euler3DTransform)
=============================================================================
  number of levels = 5
  fixed image: /templateflow/tpl-MNI152NLin2009cAsym/tpl-MNI152NLin2009cAsym_res-01_desc-brain_T1w.nii.gz
  moving image: /mnt/lustre/mathdugre/fast-interpolate/datasets/ds004513/derivatives/flint/ants/flint-vprec-single-five-levels/sub-s038/ses-open/anat/11/1_Affine.nii.gz
Dimension = 3
Number of stages = 1
Use histogram matching = false
Winsorize image intensities = true
  Lower quantile = 0.005
  Upper quantile = 0.995


Stage 1 State
   Image metric = CC
     Fixed image = Image (0x438af00)
  RTTI typeinfo:   itk::Image<double, 3u>
  Reference Count: 2
  Modified Time: 1622
  Debug: Off
  Object Name: 
  Observers: 
    none
  Source: (none)
  Source output name: (none)
  Release Data: Off
  Data Released: False
  Global Release Data: Off
  PipelineMTime: 0
  UpdateMTime: 1407
  RealTimeStamp: 0 seconds 
  LargestPossibleRegion: 
    Dimension: 3
    Index: [0, 0, 0]
    Size: [193, 229, 193]
  BufferedRegion: 
    Dimension: 3
    Index: [0, 0, 0]
    Size: [193, 229, 193]
  RequestedRegion: 
    Dimension: 3
    Index: [0, 0, 0]
    Size: [193, 229, 193]
  Spacing: [1, 1, 1]
  Origin: [96, 132, -78]
  Direction: 
-1 0 0
0 -1 0
0 0 1

  IndexToPointMatrix: 
-1 0 0
0 -1 0
0 0 1

  PointToIndexMatrix: 
-1 0 0
0 -1 0
0 0 1

  Inverse Direction: 
-1 0 0
0 -1 0
0 0 1

  PixelContainer: 
    ImportImageContainer (0x44771d0)
      RTTI typeinfo:   itk::ImportImageContainer<unsigned long, double>
      Reference Count: 1
      Modified Time: 1404
      Debug: Off
      Object Name: 
      Observers: 
        none
      Pointer: 0x7f2c8bffa010
      Container manages memory: true
      Size: 8530021
      Capacity: 8530021

     Moving image = Image (0x4391ff0)
  RTTI typeinfo:   itk::Image<double, 3u>
  Reference Count: 2
  Modified Time: 1623
  Debug: Off
  Object Name: 
  Observers: 
    none
  Source: (none)
  Source output name: (none)
  Release Data: Off
  Data Released: False
  Global Release Data: Off
  PipelineMTime: 0
  UpdateMTime: 1620
  RealTimeStamp: 0 seconds 
  LargestPossibleRegion: 
    Dimension: 3
    Index: [0, 0, 0]
    Size: [193, 229, 193]
  BufferedRegion: 
    Dimension: 3
    Index: [0, 0, 0]
    Size: [193, 229, 193]
  RequestedRegion: 
    Dimension: 3
    Index: [0, 0, 0]
    Size: [193, 229, 193]
  Spacing: [1, 1, 1]
  Origin: [96, 132, -78]
  Direction: 
-1 0 0
0 -1 0
0 0 1

  IndexToPointMatrix: 
-1 0 0
0 -1 0
0 0 1

  PointToIndexMatrix: 
-1 0 0
0 -1 0
0 0 1

  Inverse Direction: 
-1 0 0
0 -1 0
0 0 1

  PixelContainer: 
    ImportImageContainer (0x4418940)
      RTTI typeinfo:   itk::ImportImageContainer<unsigned long, double>
      Reference Count: 1
      Modified Time: 1617
      Debug: Off
      Object Name: 
      Observers: 
        none
      Pointer: 0x7f2c87ee5010
      Container manages memory: true
      Size: 8530021
      Capacity: 8530021

     Weighting = 1
     Sampling strategy = none
     Number of bins = 32
     Radius = 4
     Sampling percentage  = 1
   Transform = SyN
     Gradient step = 0.1
     Update field sigma (voxel space) = 3
     Total field sigma (voxel space) = 0
     Update field time sigma = 0
     Total field time sigma  = 0
     Number of time indices = 0
     Number of time point samples = 0
Registration using 1 total stages.

Stage 0
  iterations = 100x100x70x50x20
  convergence threshold = 1e-06
  convergence window size = 10
  number of levels = 5
  using the CC metric (radius = 4, weight = 1, use gradient filter = 0)
  preprocessing:  winsorizing the image intensities
  Shrink factors (level 1 out of 5): [16, 16, 16]
  Shrink factors (level 2 out of 5): [8, 8, 8]
  Shrink factors (level 3 out of 5): [4, 4, 4]
  Shrink factors (level 4 out of 5): [2, 2, 2]
  Shrink factors (level 5 out of 5): [1, 1, 1]
  smoothing sigmas per level: [4, 3, 2, 1, 0]
  Using default NONE metricSamplingStrategy 

*** Running SyN registration (varianceForUpdateField = 3, varianceForTotalField = 0) ***

XXDIAGNOSTIC,Iteration,metricValue,convergenceValue,ITERATION_TIME_INDEX,SINCE_LAST
 1DIAGNOSTIC,     1, -9.793788194656e-01, 1.797693134862e+308, 0.0000e+00, 0.0000e+00, 
 1DIAGNOSTIC,     2, -9.855490326881e-01, 1.797693134862e+308, 0.0000e+00, 0.0000e+00, 
 1DIAGNOSTIC,     3, -9.885408282280e-01, 1.797693134862e+308, 0.0000e+00, 0.0000e+00, 
 1DIAGNOSTIC,     4, -9.880033731461e-01, 1.797693134862e+308, 0.0000e+00, 0.0000e+00, 
 1DIAGNOSTIC,     5, -9.898639321327e-01, 1.797693134862e+308, 0.0000e+00, 0.0000e+00, 
 1DIAGNOSTIC,     6, -9.878145456314e-01, 1.797693134862e+308, 0.0000e+00, 0.0000e+00, 
 1DIAGNOSTIC,     7, -9.899163246155e-01, 1.797693134862e+308, 0.0000e+00, 0.0000e+00, 
 1DIAGNOSTIC,     8, -9.875205159187e-01, 1.797693134862e+308, 0.0000e+00, 0.0000e+00, 
 1DIAGNOSTIC,     9, -9.898719787598e-01, 1.797693134862e+308, 0.0000e+00, 0.0000e+00, 
 1DIAGNOSTIC,    10, -9.874241352081e-01, 3.387704491615e-04, 0.0000e+00, 0.0000e+00, 
 1DIAGNOSTIC,    11, -9.897734522820e-01, 1.027137041092e-04, 0.0000e+00, 0.0000e+00, 
 1DIAGNOSTIC,    12, -9.874958992004e-01, -1.288950443268e-05, 0.0000e+00, 0.0000e+00, 
XXDIAGNOSTIC,Iteration,metricValue,convergenceValue,ITERATION_TIME_INDEX,SINCE_LAST
 1DIAGNOSTIC,     1, -9.552180767059e-01, 1.797693134862e+308, 1.2800e+02, 1.2800e+02, 
 1DIAGNOSTIC,     2, -9.586955904961e-01, 1.797693134862e+308, 1.2800e+02, 0.0000e+00, 
 1DIAGNOSTIC,     3, -9.620606899261e-01, 1.797693134862e+308, 1.2800e+02, 0.0000e+00, 
 1DIAGNOSTIC,     4, -9.654007554054e-01, 1.797693134862e+308, 1.2800e+02, 0.0000e+00, 
 1DIAGNOSTIC,     5, -9.677456617355e-01, 1.797693134862e+308, 1.2800e+02, 0.0000e+00, 
 1DIAGNOSTIC,     6, -9.697728157043e-01, 1.797693134862e+308, 2.5600e+02, 1.2800e+02, 
 1DIAGNOSTIC,     7, -9.714604020119e-01, 1.797693134862e+308, 2.5600e+02, 0.0000e+00, 
 1DIAGNOSTIC,     8, -9.728657007217e-01, 1.797693134862e+308, 2.5600e+02, 0.0000e+00, 
 1DIAGNOSTIC,     9, -9.740045070648e-01, 1.797693134862e+308, 2.5600e+02, 0.0000e+00, 
 1DIAGNOSTIC,    10, -9.746764302254e-01, 1.283869147301e-03, 2.5600e+02, 0.0000e+00, 
 1DIAGNOSTIC,    11, -9.746997356415e-01, 9.568408131599e-04, 2.5600e+02, 0.0000e+00, 
 1DIAGNOSTIC,    12, -9.748206138611e-01, 6.863847374916e-04, 2.5600e+02, 0.0000e+00, 
 1DIAGNOSTIC,    13, -9.751150608063e-01, 4.772543907166e-04, 2.5600e+02, 0.0000e+00, 
 1DIAGNOSTIC,    14, -9.749888181686e-01, 3.213658928871e-04, 3.8400e+02, 1.2800e+02, 
 1DIAGNOSTIC,    15, -9.752917885780e-01, 2.085566520691e-04, 3.8400e+02, 0.0000e+00, 
 1DIAGNOSTIC,    16, -9.751405715942e-01, 1.249685883522e-04, 3.8400e+02, 0.0000e+00, 
 1DIAGNOSTIC,    17, -9.753517508507e-01, 7.241219282150e-05, 3.8400e+02, 0.0000e+00, 
 1DIAGNOSTIC,    18, -9.752052426338e-01, 3.917142748833e-05, 3.8400e+02, 0.0000e+00, 
 1DIAGNOSTIC,    19, -9.753488898277e-01, 2.554804086685e-05, 3.8400e+02, 0.0000e+00, 
 1DIAGNOSTIC,    20, -9.752378463745e-01, 1.926347613335e-05, 3.8400e+02, 0.0000e+00, 
 1DIAGNOSTIC,    21, -9.753119349480e-01, 1.330301165581e-05, 3.8400e+02, 0.0000e+00, 
 1DIAGNOSTIC,    22, -9.753292202950e-01, 8.516013622284e-06, 5.1200e+02, 1.2800e+02, 
 1DIAGNOSTIC,    23, -9.753625988960e-01, 7.711350917816e-06, 5.1200e+02, 0.0000e+00, 
 1DIAGNOSTIC,    24, -9.753755331039e-01, 4.902482032776e-06, 5.1200e+02, 0.0000e+00, 
 1DIAGNOSTIC,    25, -9.754453897476e-01, 6.407499313354e-06, 5.1200e+02, 0.0000e+00, 
 1DIAGNOSTIC,    26, -9.754639267921e-01, 5.744397640228e-06, 5.1200e+02, 0.0000e+00, 
 1DIAGNOSTIC,    27, -9.754751920700e-01, 7.152557373047e-06, 5.1200e+02, 0.0000e+00, 
 1DIAGNOSTIC,    28, -9.754911065102e-01, 6.485730409622e-06, 5.1200e+02, 0.0000e+00, 
 1DIAGNOSTIC,    29, -9.755008220673e-01, 6.951391696930e-06, 5.1200e+02, 0.0000e+00, 
 1DIAGNOSTIC,    30, -9.755109548569e-01, 5.826354026794e-06, 6.4000e+02, 1.2800e+02, 
 1DIAGNOSTIC,    31, -9.755196571350e-01, 5.092471837997e-06, 6.4000e+02, 0.0000e+00, 
 1DIAGNOSTIC,    32, -9.755271673203e-01, 4.250556230545e-06, 6.4000e+02, 0.0000e+00, 
 1DIAGNOSTIC,    33, -9.755373001099e-01, 3.542751073837e-06, 6.4000e+02, 0.0000e+00, 
 1DIAGNOSTIC,    34, -9.755377769470e-01, 2.726912498474e-06, 6.4000e+02, 0.0000e+00, 
 1DIAGNOSTIC,    35, -9.755465984344e-01, 2.441927790642e-06, 6.4000e+02, 0.0000e+00, 
 1DIAGNOSTIC,    36, -9.755439758301e-01, 2.158805727959e-06, 6.4000e+02, 0.0000e+00, 
 1DIAGNOSTIC,    37, -9.755542278290e-01, 1.939013600349e-06, 6.4000e+02, 0.0000e+00, 
 1DIAGNOSTIC,    38, -9.755442142487e-01, 1.667067408562e-06, 7.6800e+02, 1.2800e+02, 
 1DIAGNOSTIC,    39, -9.755601882935e-01, 1.519918441772e-06, 7.6800e+02, 0.0000e+00, 
 1DIAGNOSTIC,    40, -9.755430817604e-01, 1.268461346626e-06, 7.6800e+02, 0.0000e+00, 
 1DIAGNOSTIC,    41, -9.755631685257e-01, 1.190230250359e-06, 7.6800e+02, 0.0000e+00, 
 1DIAGNOSTIC,    42, -9.755390882492e-01, 9.480863809586e-07, 7.6800e+02, 0.0000e+00, 
XXDIAGNOSTIC,Iteration,metricValue,convergenceValue,ITERATION_TIME_INDEX,SINCE_LAST
 1DIAGNOSTIC,     1, -9.163302779198e-01, 1.797693134862e+308, 1.0240e+03, 2.5600e+02, 
 1DIAGNOSTIC,     2, -9.190330505371e-01, 1.797693134862e+308, 1.1520e+03, 1.2800e+02, 
 1DIAGNOSTIC,     3, -9.216687679291e-01, 1.797693134862e+308, 1.2800e+03, 1.2800e+02, 
 1DIAGNOSTIC,     4, -9.239188432693e-01, 1.797693134862e+308, 1.4080e+03, 1.2800e+02, 
 1DIAGNOSTIC,     5, -9.257764220238e-01, 1.797693134862e+308, 1.5360e+03, 1.2800e+02, 
 1DIAGNOSTIC,     6, -9.274192452431e-01, 1.797693134862e+308, 1.6640e+03, 1.2800e+02, 
 1DIAGNOSTIC,     7, -9.289193749428e-01, 1.797693134862e+308, 1.7920e+03, 1.2800e+02, 
 1DIAGNOSTIC,     8, -9.302853345871e-01, 1.797693134862e+308, 2.0480e+03, 2.5600e+02, 
 1DIAGNOSTIC,     9, -9.315700531006e-01, 1.797693134862e+308, 2.1760e+03, 1.2800e+02, 
 1DIAGNOSTIC,    10, -9.327787160873e-01, 1.110106706619e-03, 2.3040e+03, 1.2800e+02, 
 1DIAGNOSTIC,    11, -9.337791800499e-01, 9.002014994621e-04, 2.4320e+03, 1.2800e+02, 
 1DIAGNOSTIC,    12, -9.348669648170e-01, 7.406771183014e-04, 2.5600e+03, 1.2800e+02, 
 1DIAGNOSTIC,    13, -9.357490539551e-01, 6.209909915924e-04, 2.6880e+03, 1.2800e+02, 
 1DIAGNOSTIC,    14, -9.366904497147e-01, 5.313456058502e-04, 2.8160e+03, 1.2800e+02, 
 1DIAGNOSTIC,    15, -9.373354911804e-01, 4.558116197586e-04, 3.0720e+03, 2.5600e+02, 
 1DIAGNOSTIC,    16, -9.378755092621e-01, 3.894567489624e-04, 3.2000e+03, 1.2800e+02, 
 1DIAGNOSTIC,    17, -9.383360147476e-01, 3.301538527012e-04, 3.3280e+03, 1.2800e+02, 
 1DIAGNOSTIC,    18, -9.387477040291e-01, 2.769194543362e-04, 3.4560e+03, 1.2800e+02, 
 1DIAGNOSTIC,    19, -9.391139149666e-01, 2.299919724464e-04, 3.5840e+03, 1.2800e+02, 
 1DIAGNOSTIC,    20, -9.394266605377e-01, 1.895613968372e-04, 3.7120e+03, 1.2800e+02, 
 1DIAGNOSTIC,    21, -9.397201538086e-01, 1.540556550026e-04, 3.9680e+03, 2.5600e+02, 
 1DIAGNOSTIC,    22, -9.399794340134e-01, 1.260638237000e-04, 4.0960e+03, 1.2800e+02, 
 1DIAGNOSTIC,    23, -9.402080774307e-01, 1.033097505569e-04, 4.2240e+03, 1.2800e+02, 
 1DIAGNOSTIC,    24, -9.404237866402e-01, 8.746981620789e-05, 4.3520e+03, 1.2800e+02, 
 1DIAGNOSTIC,    25, -9.406210184097e-01, 7.494911551476e-05, 4.4800e+03, 1.2800e+02, 
 1DIAGNOSTIC,    26, -9.408059716225e-01, 6.485730409622e-05, 4.6080e+03, 1.2800e+02, 
 1DIAGNOSTIC,    27, -9.409662485123e-01, 5.643814802170e-05, 4.7360e+03, 1.2800e+02, 
 1DIAGNOSTIC,    28, -9.411261081696e-01, 4.955381155014e-05, 4.9920e+03, 2.5600e+02, 
 1DIAGNOSTIC,    29, -9.412730932236e-01, 4.389882087708e-05, 5.1200e+03, 1.2800e+02, 
 1DIAGNOSTIC,    30, -9.414043426514e-01, 3.901124000549e-05, 5.2480e+03, 1.2800e+02, 
 1DIAGNOSTIC,    31, -9.415257573128e-01, 3.486499190331e-05, 5.3760e+03, 1.2800e+02, 
 1DIAGNOSTIC,    32, -9.416399002075e-01, 3.129616379738e-05, 5.5040e+03, 1.2800e+02, 
 1DIAGNOSTIC,    33, -9.417403340340e-01, 2.805516123772e-05, 5.6320e+03, 1.2800e+02, 
 1DIAGNOSTIC,    34, -9.418343305588e-01, 2.516806125641e-05, 5.7600e+03, 1.2800e+02, 
 1DIAGNOSTIC,    35, -9.419106841087e-01, 2.248771488667e-05, 6.0160e+03, 2.5600e+02, 
 1DIAGNOSTIC,    36, -9.419867992401e-01, 2.008676528931e-05, 6.1440e+03, 1.2800e+02, 
 1DIAGNOSTIC,    37, -9.420580863953e-01, 1.786835491657e-05, 6.2720e+03, 1.2800e+02, 
 1DIAGNOSTIC,    38, -9.421209096909e-01, 1.589767634869e-05, 6.4000e+03, 1.2800e+02, 
 1DIAGNOSTIC,    39, -9.421769380569e-01, 1.415796577930e-05, 6.5280e+03, 1.2800e+02, 
 1DIAGNOSTIC,    40, -9.422277212143e-01, 1.260079443455e-05, 6.6560e+03, 1.2800e+02, 
 1DIAGNOSTIC,    41, -9.422781467438e-01, 1.125037670135e-05, 6.7840e+03, 1.2800e+02, 
 1DIAGNOSTIC,    42, -9.423296451569e-01, 1.014582812786e-05, 7.0400e+03, 2.5600e+02, 
 1DIAGNOSTIC,    43, -9.423729181290e-01, 9.195879101753e-06, 7.1680e+03, 1.2800e+02, 
 1DIAGNOSTIC,    44, -9.424111843109e-01, 8.381903171539e-06, 7.2960e+03, 1.2800e+02, 
 1DIAGNOSTIC,    45, -9.424490332603e-01, 7.633119821548e-06, 7.4240e+03, 1.2800e+02, 
 1DIAGNOSTIC,    46, -9.424835443497e-01, 6.979331374168e-06, 7.5520e+03, 1.2800e+02, 
 1DIAGNOSTIC,    47, -9.425165057182e-01, 6.409361958504e-06, 7.6800e+03, 1.2800e+02, 
 1DIAGNOSTIC,    48, -9.425482749939e-01, 5.910173058510e-06, 7.9360e+03, 2.5600e+02, 
 1DIAGNOSTIC,    49, -9.425818920135e-01, 5.476176738739e-06, 8.0640e+03, 1.2800e+02, 
 1DIAGNOSTIC,    50, -9.426121711731e-01, 5.079433321953e-06, 8.1920e+03, 1.2800e+02, 
 1DIAGNOSTIC,    51, -9.426509737968e-01, 4.800036549568e-06, 8.3200e+03, 1.2800e+02, 
 1DIAGNOSTIC,    52, -9.426832199097e-01, 4.608184099197e-06, 8.4480e+03, 1.2800e+02, 
 1DIAGNOSTIC,    53, -9.427136182785e-01, 4.461035132408e-06, 8.5760e+03, 1.2800e+02, 
 1DIAGNOSTIC,    54, -9.427413940430e-01, 4.315748810768e-06, 8.7040e+03, 1.2800e+02, 
 1DIAGNOSTIC,    55, -9.427712559700e-01, 4.187226295471e-06, 8.9600e+03, 2.5600e+02, 
 1DIAGNOSTIC,    56, -9.428055286407e-01, 4.081055521965e-06, 9.0880e+03, 1.2800e+02, 
 1DIAGNOSTIC,    57, -9.428366422653e-01, 3.976747393608e-06, 9.2160e+03, 1.2800e+02, 
 1DIAGNOSTIC,    58, -9.428738355637e-01, 3.902241587639e-06, 9.3440e+03, 1.2800e+02, 
 1DIAGNOSTIC,    59, -9.429073333740e-01, 3.855675458908e-06, 9.4720e+03, 1.2800e+02, 
 1DIAGNOSTIC,    60, -9.429467320442e-01, 3.833323717117e-06, 9.6000e+03, 1.2800e+02, 
 1DIAGNOSTIC,    61, -9.429910182953e-01, 3.904104232788e-06, 9.7280e+03, 1.2800e+02, 
 1DIAGNOSTIC,    62, -9.430429935455e-01, 4.053115844727e-06, 9.9840e+03, 2.5600e+02, 
 1DIAGNOSTIC,    63, -9.430963397026e-01, 4.254281520844e-06, 1.0112e+04, 1.2800e+02, 
 1DIAGNOSTIC,    64, -9.431490302086e-01, 4.461035132408e-06, 1.0240e+04, 1.2800e+02, 
 1DIAGNOSTIC,    65, -9.432145357132e-01, 4.725530743599e-06, 1.0368e+04, 1.2800e+02, 
 1DIAGNOSTIC,    66, -9.432811141014e-01, 5.025416612625e-06, 1.0496e+04, 1.2800e+02, 
 1DIAGNOSTIC,    67, -9.433544874191e-01, 5.345791578293e-06, 1.0624e+04, 1.2800e+02, 
 1DIAGNOSTIC,    68, -9.434196352959e-01, 5.638226866722e-06, 1.0752e+04, 1.2800e+02, 
 1DIAGNOSTIC,    69, -9.434863924980e-01, 5.857087671757e-06, 1.1008e+04, 2.5600e+02, 
 1DIAGNOSTIC,    70, -9.435517787933e-01, 5.999580025673e-06, 1.1136e+04, 1.2800e+02, 
XXDIAGNOSTIC,Iteration,metricValue,convergenceValue,ITERATION_TIME_INDEX,SINCE_LAST
 1DIAGNOSTIC,     1, -8.946844339371e-01, 1.797693134862e+308, 1.2160e+04, 1.0240e+03, 
 1DIAGNOSTIC,     2, -8.971106410027e-01, 1.797693134862e+308, 1.3312e+04, 1.1520e+03, 
 1DIAGNOSTIC,     3, -8.997093439102e-01, 1.797693134862e+308, 1.4336e+04, 1.0240e+03, 
 1DIAGNOSTIC,     4, -9.019932746887e-01, 1.797693134862e+308, 1.5360e+04, 1.0240e+03, 
 1DIAGNOSTIC,     5, -9.039626121521e-01, 1.797693134862e+308, 1.6512e+04, 1.1520e+03, 
 1DIAGNOSTIC,     6, -9.056719541550e-01, 1.797693134862e+308, 1.7536e+04, 1.0240e+03, 
 1DIAGNOSTIC,     7, -9.071945548058e-01, 1.797693134862e+308, 1.8560e+04, 1.0240e+03, 
 1DIAGNOSTIC,     8, -9.086077213287e-01, 1.797693134862e+308, 1.9712e+04, 1.1520e+03, 
 1DIAGNOSTIC,     9, -9.098004102707e-01, 1.797693134862e+308, 2.0736e+04, 1.0240e+03, 
 1DIAGNOSTIC,    10, -9.109511971474e-01, 1.144811511040e-03, 2.1888e+04, 1.1520e+03, 
 1DIAGNOSTIC,    11, -9.121003150940e-01, 9.371191263199e-04, 2.2912e+04, 1.0240e+03, 
 1DIAGNOSTIC,    12, -9.132468104362e-01, 7.726177573204e-04, 2.3936e+04, 1.0240e+03, 
 1DIAGNOSTIC,    13, -9.143736362457e-01, 6.528347730637e-04, 2.5088e+04, 1.1520e+03, 
 1DIAGNOSTIC,    14, -9.153773784637e-01, 5.639269948006e-04, 2.6112e+04, 1.0240e+03, 
 1DIAGNOSTIC,    15, -9.162602424622e-01, 4.945844411850e-04, 2.7264e+04, 1.1520e+03, 
 1DIAGNOSTIC,    16, -9.170392751694e-01, 4.369318485260e-04, 2.8288e+04, 1.0240e+03, 
 1DIAGNOSTIC,    17, -9.177449345589e-01, 3.865472972393e-04, 2.9440e+04, 1.1520e+03, 
 1DIAGNOSTIC,    18, -9.183524847031e-01, 3.409273922443e-04, 3.0464e+04, 1.0240e+03, 
 1DIAGNOSTIC,    19, -9.189119338989e-01, 2.972073853016e-04, 3.1616e+04, 1.1520e+03, 
 1DIAGNOSTIC,    20, -9.194259643555e-01, 2.561509609222e-04, 3.2640e+04, 1.0240e+03, 
 1DIAGNOSTIC,    21, -9.198894500732e-01, 2.189837396145e-04, 3.3664e+04, 1.0240e+03, 
 1DIAGNOSTIC,    22, -9.203226566315e-01, 1.870431005955e-04, 3.4816e+04, 1.1520e+03, 
 1DIAGNOSTIC,    23, -9.207264184952e-01, 1.610480248928e-04, 3.5840e+04, 1.0240e+03, 
 1DIAGNOSTIC,    24, -9.211037158966e-01, 1.399926841259e-04, 3.6992e+04, 1.1520e+03, 
 1DIAGNOSTIC,    25, -9.214482903481e-01, 1.227334141731e-04, 3.8016e+04, 1.0240e+03, 
 1DIAGNOSTIC,    26, -9.217781424522e-01, 1.084953546524e-04, 3.9168e+04, 1.1520e+03, 
 1DIAGNOSTIC,    27, -9.220836162567e-01, 9.675696492195e-05, 4.0192e+04, 1.0240e+03, 
 1DIAGNOSTIC,    28, -9.223722219467e-01, 8.667632937431e-05, 4.1344e+04, 1.1520e+03, 
 1DIAGNOSTIC,    29, -9.226539134979e-01, 7.813423871994e-05, 4.2368e+04, 1.0240e+03, 
 1DIAGNOSTIC,    30, -9.229167103767e-01, 7.084384560585e-05, 4.3392e+04, 1.0240e+03, 
 1DIAGNOSTIC,    31, -9.231708049774e-01, 6.452947854996e-05, 4.4544e+04, 1.1520e+03, 
 1DIAGNOSTIC,    32, -9.234124422073e-01, 5.907192826271e-05, 4.5568e+04, 1.0240e+03, 
 1DIAGNOSTIC,    33, -9.236481785774e-01, 5.438923835754e-05, 4.6720e+04, 1.1520e+03, 
 1DIAGNOSTIC,    34, -9.238739013672e-01, 5.035102367401e-05, 4.7744e+04, 1.0240e+03, 
 1DIAGNOSTIC,    35, -9.240914583206e-01, 4.677474498749e-05, 4.8896e+04, 1.1520e+03, 
 1DIAGNOSTIC,    36, -9.243046045303e-01, 4.366971552372e-05, 4.9920e+04, 1.0240e+03, 
 1DIAGNOSTIC,    37, -9.245127439499e-01, 4.091672599316e-05, 5.0944e+04, 1.0240e+03, 
 1DIAGNOSTIC,    38, -9.247093200684e-01, 3.840029239655e-05, 5.2096e+04, 1.1520e+03, 
 1DIAGNOSTIC,    39, -9.249003529549e-01, 3.615953028202e-05, 5.3120e+04, 1.0240e+03, 
 1DIAGNOSTIC,    40, -9.250878691673e-01, 3.410130739212e-05, 5.4272e+04, 1.1520e+03, 
 1DIAGNOSTIC,    41, -9.252731800079e-01, 3.225915133953e-05, 5.5296e+04, 1.0240e+03, 
 1DIAGNOSTIC,    42, -9.254448413849e-01, 3.050267696381e-05, 5.6448e+04, 1.1520e+03, 
 1DIAGNOSTIC,    43, -9.256138801575e-01, 2.886913716793e-05, 5.7472e+04, 1.0240e+03, 
 1DIAGNOSTIC,    44, -9.257785677910e-01, 2.733990550041e-05, 5.8624e+04, 1.1520e+03, 
 1DIAGNOSTIC,    45, -9.259414672852e-01, 2.592802047729e-05, 5.9648e+04, 1.0240e+03, 
 1DIAGNOSTIC,    46, -9.261031150818e-01, 2.464838325977e-05, 6.0800e+04, 1.1520e+03, 
 1DIAGNOSTIC,    47, -9.262628555298e-01, 2.353079617023e-05, 6.1824e+04, 1.0240e+03, 
 1DIAGNOSTIC,    48, -9.264101386070e-01, 2.245418727398e-05, 6.2976e+04, 1.1520e+03, 
 1DIAGNOSTIC,    49, -9.265481233597e-01, 2.139061689377e-05, 6.4000e+04, 1.0240e+03, 
 1DIAGNOSTIC,    50, -9.266778826714e-01, 2.032332122326e-05, 6.5024e+04, 1.0240e+03, 
XXDIAGNOSTIC,Iteration,metricValue,convergenceValue,ITERATION_TIME_INDEX,SINCE_LAST
 1DIAGNOSTIC,     1, -8.955557942390e-01, 1.797693134862e+308, 7.4112e+04, 9.0880e+03, 
 1DIAGNOSTIC,     2, -8.968998789787e-01, 1.797693134862e+308, 8.2944e+04, 8.8320e+03, 
 1DIAGNOSTIC,     3, -8.985357284546e-01, 1.797693134862e+308, 9.1776e+04, 8.8320e+03, 
 1DIAGNOSTIC,     4, -9.003413319588e-01, 1.797693134862e+308, 1.0061e+05, 8.8320e+03, 
 1DIAGNOSTIC,     5, -9.020463228226e-01, 1.797693134862e+308, 1.0944e+05, 8.8320e+03, 
 1DIAGNOSTIC,     6, -9.037716984749e-01, 1.797693134862e+308, 1.1827e+05, 8.8320e+03, 
 1DIAGNOSTIC,     7, -9.055108428001e-01, 1.797693134862e+308, 1.2710e+05, 8.8320e+03, 
 1DIAGNOSTIC,     8, -9.072632193565e-01, 1.797693134862e+308, 1.3606e+05, 8.9600e+03, 
 1DIAGNOSTIC,     9, -9.088239669800e-01, 1.797693134862e+308, 1.4490e+05, 8.8320e+03, 
 1DIAGNOSTIC,    10, -9.101560115814e-01, 1.068495213985e-03, 1.5373e+05, 8.8320e+03, 
 1DIAGNOSTIC,    11, -9.112944006920e-01, 9.528622031212e-04, 1.6269e+05, 8.9600e+03, 
 1DIAGNOSTIC,    12, -9.123579263687e-01, 8.336901664734e-04, 1.7152e+05, 8.8320e+03, 
