---------------------
Experiment information

SIF_IMG: /mnt/lustre/mathdugre/containers/ants-flint-base.simg
SIF_IMG_BASE: /mnt/lustre/mathdugre/containers/ants-flint-base.simg
EXPERIMENT_NAME: flint-vprec-single-five-levels
STAGE: syn
SUBJECT_ID: s033
REPETITION_ID: 1

FIXED_IMG: /templateflow/tpl-MNI152NLin2009cAsym/tpl-MNI152NLin2009cAsym_res-01_desc-brain_T1w.nii.gz
INPUT_IMG: /mnt/lustre/mathdugre/fast-interpolate/datasets/ds004513/derivatives/flint/ants/flint-vprec-single-five-levels/sub-s033/ses-open/anat/11/1_Affine.nii.gz

DATA_DIR: /mnt/lustre/mathdugre/fast-interpolate/datasets/ds004513
OUTPUT_DIR: /mnt/lustre/mathdugre/fast-interpolate/datasets/ds004513/derivatives/flint/ants/flint-vprec-single-five-levels/sub-s033/ses-open/anat
OUTPUT_PREFIX: 110
THREAD: 1
FLOAT: 0
VFC_BACKENDS: ieee
---------------------

--output [/mnt/lustre/mathdugre/fast-interpolate/datasets/ds004513/derivatives/flint/ants/flint-vprec-single-five-levels/sub-s033/ses-open/anat/110/1_,/mnt/lustre/mathdugre/fast-interpolate/datasets/ds004513/derivatives/flint/ants/flint-vprec-single-five-levels/sub-s033/ses-open/anat/110/1_Warped.nii.gz,/mnt/lustre/mathdugre/fast-interpolate/datasets/ds004513/derivatives/flint/ants/flint-vprec-single-five-levels/sub-s033/ses-open/anat/110/1_InverseSyN.nii.gz] --initial-moving-transform [/templateflow/tpl-MNI152NLin2009cAsym/tpl-MNI152NLin2009cAsym_res-01_desc-brain_T1w.nii.gz,/mnt/lustre/mathdugre/fast-interpolate/datasets/ds004513/derivatives/flint/ants/flint-vprec-single-five-levels/sub-s033/ses-open/anat/11/1_Affine.nii.gz,1] --transform SyN[ 0.1,3,0 ] --metric CC[/templateflow/tpl-MNI152NLin2009cAsym/tpl-MNI152NLin2009cAsym_res-01_desc-brain_T1w.nii.gz,/mnt/lustre/mathdugre/fast-interpolate/datasets/ds004513/derivatives/flint/ants/flint-vprec-single-five-levels/sub-s033/ses-open/anat/11/1_Affine.nii.gz,1,4] --convergence [100x100x70x50x20,1e-6,10] --shrink-factors 16x8x4x2x1 --smoothing-sigmas 4x3x2x1x0vox
All_Command_lines_OK
Using double precision for computations.
=============================================================================
The composite transform comprises the following transforms (in order): 
  1. Center of mass alignment using fixed image: /templateflow/tpl-MNI152NLin2009cAsym/tpl-MNI152NLin2009cAsym_res-01_desc-brain_T1w.nii.gz and moving image: /mnt/lustre/mathdugre/fast-interpolate/datasets/ds004513/derivatives/flint/ants/flint-vprec-single-five-levels/sub-s033/ses-open/anat/11/1_Affine.nii.gz (type = Euler3DTransform)
=============================================================================
  number of levels = 5
  fixed image: /templateflow/tpl-MNI152NLin2009cAsym/tpl-MNI152NLin2009cAsym_res-01_desc-brain_T1w.nii.gz
  moving image: /mnt/lustre/mathdugre/fast-interpolate/datasets/ds004513/derivatives/flint/ants/flint-vprec-single-five-levels/sub-s033/ses-open/anat/11/1_Affine.nii.gz
Dimension = 3
Number of stages = 1
Use histogram matching = false
Winsorize image intensities = true
  Lower quantile = 0.005
  Upper quantile = 0.995


Stage 1 State
   Image metric = CC
     Fixed image = Image (0x5644435d4d90)
  RTTI typeinfo:   itk::Image<double, 3u>
  Reference Count: 2
  Modified Time: 1622
  Debug: Off
  Object Name: 
  Observers: 
    none
  Source: (none)
  Source output name: (none)
  Release Data: Off
  Data Released: False
  Global Release Data: Off
  PipelineMTime: 0
  UpdateMTime: 1407
  RealTimeStamp: 0 seconds 
  LargestPossibleRegion: 
    Dimension: 3
    Index: [0, 0, 0]
    Size: [193, 229, 193]
  BufferedRegion: 
    Dimension: 3
    Index: [0, 0, 0]
    Size: [193, 229, 193]
  RequestedRegion: 
    Dimension: 3
    Index: [0, 0, 0]
    Size: [193, 229, 193]
  Spacing: [1, 1, 1]
  Origin: [96, 132, -78]
  Direction: 
-1 0 0
0 -1 0
0 0 1

  IndexToPointMatrix: 
-1 0 0
0 -1 0
0 0 1

  PointToIndexMatrix: 
-1 0 0
0 -1 0
0 0 1

  Inverse Direction: 
-1 0 0
0 -1 0
0 0 1

  PixelContainer: 
    ImportImageContainer (0x5644435e3250)
      RTTI typeinfo:   itk::ImportImageContainer<unsigned long, double>
      Reference Count: 1
      Modified Time: 1404
      Debug: Off
      Object Name: 
      Observers: 
        none
      Pointer: 0x7f48375a5010
      Container manages memory: true
      Size: 8530021
      Capacity: 8530021

     Moving image = Image (0x5644435db1f0)
  RTTI typeinfo:   itk::Image<double, 3u>
  Reference Count: 2
  Modified Time: 1623
  Debug: Off
  Object Name: 
  Observers: 
    none
  Source: (none)
  Source output name: (none)
  Release Data: Off
  Data Released: False
  Global Release Data: Off
  PipelineMTime: 0
  UpdateMTime: 1620
  RealTimeStamp: 0 seconds 
  LargestPossibleRegion: 
    Dimension: 3
    Index: [0, 0, 0]
    Size: [193, 229, 193]
  BufferedRegion: 
    Dimension: 3
    Index: [0, 0, 0]
    Size: [193, 229, 193]
  RequestedRegion: 
    Dimension: 3
    Index: [0, 0, 0]
    Size: [193, 229, 193]
  Spacing: [1, 1, 1]
  Origin: [96, 132, -78]
  Direction: 
-1 0 0
0 -1 0
0 0 1

  IndexToPointMatrix: 
-1 0 0
0 -1 0
0 0 1

  PointToIndexMatrix: 
-1 0 0
0 -1 0
0 0 1

  Inverse Direction: 
-1 0 0
0 -1 0
0 0 1

  PixelContainer: 
    ImportImageContainer (0x5644435e7a60)
      RTTI typeinfo:   itk::ImportImageContainer<unsigned long, double>
      Reference Count: 1
      Modified Time: 1617
      Debug: Off
      Object Name: 
      Observers: 
        none
      Pointer: 0x7f4833490010
      Container manages memory: true
      Size: 8530021
      Capacity: 8530021

     Weighting = 1
     Sampling strategy = none
     Number of bins = 32
     Radius = 4
     Sampling percentage  = 1
   Transform = SyN
     Gradient step = 0.1
     Update field sigma (voxel space) = 3
     Total field sigma (voxel space) = 0
     Update field time sigma = 0
     Total field time sigma  = 0
     Number of time indices = 0
     Number of time point samples = 0
Registration using 1 total stages.

Stage 0
  iterations = 100x100x70x50x20
  convergence threshold = 1e-06
  convergence window size = 10
  number of levels = 5
  using the CC metric (radius = 4, weight = 1, use gradient filter = 0)
  preprocessing:  winsorizing the image intensities
  Shrink factors (level 1 out of 5): [16, 16, 16]
  Shrink factors (level 2 out of 5): [8, 8, 8]
  Shrink factors (level 3 out of 5): [4, 4, 4]
  Shrink factors (level 4 out of 5): [2, 2, 2]
  Shrink factors (level 5 out of 5): [1, 1, 1]
  smoothing sigmas per level: [4, 3, 2, 1, 0]
  Using default NONE metricSamplingStrategy 

*** Running SyN registration (varianceForUpdateField = 3, varianceForTotalField = 0) ***

XXDIAGNOSTIC,Iteration,metricValue,convergenceValue,ITERATION_TIME_INDEX,SINCE_LAST
 1DIAGNOSTIC,     1, -9.795130217533e-01, 1.797693134862e+308, 1.5155e+00, 1.5155e+00, 
 1DIAGNOSTIC,     2, -9.864094189831e-01, 1.797693134862e+308, 1.6045e+00, 8.8998e-02, 
 1DIAGNOSTIC,     3, -9.893687847454e-01, 1.797693134862e+308, 1.6927e+00, 8.8176e-02, 
 1DIAGNOSTIC,     4, -9.901981451877e-01, 1.797693134862e+308, 1.7807e+00, 8.8036e-02, 
 1DIAGNOSTIC,     5, -9.906214430315e-01, 1.797693134862e+308, 1.8685e+00, 8.7783e-02, 
 1DIAGNOSTIC,     6, -9.911122415193e-01, 1.797693134862e+308, 1.9562e+00, 8.7722e-02, 
 1DIAGNOSTIC,     7, -9.913025245438e-01, 1.797693134862e+308, 2.0439e+00, 8.7629e-02, 
 1DIAGNOSTIC,     8, -9.914574398281e-01, 1.797693134862e+308, 2.1316e+00, 8.7706e-02, 
 1DIAGNOSTIC,     9, -9.914593432006e-01, 1.797693134862e+308, 2.2193e+00, 8.7740e-02, 
 1DIAGNOSTIC,    10, -9.916247261153e-01, 5.371366079926e-04, 2.3073e+00, 8.7973e-02, 
 1DIAGNOSTIC,    11, -9.912765758926e-01, 2.155805953457e-04, 2.3952e+00, 8.7869e-02, 
 1DIAGNOSTIC,    12, -9.916936139960e-01, 1.021871181481e-04, 2.4830e+00, 8.7861e-02, 
 1DIAGNOSTIC,    13, -9.911367103462e-01, 4.974643047995e-05, 2.5709e+00, 8.7913e-02, 
 1DIAGNOSTIC,    14, -9.915239883820e-01, 2.568545130256e-05, 2.6588e+00, 8.7839e-02, 
 1DIAGNOSTIC,    15, -9.910204721730e-01, 7.499684691603e-07, 2.7466e+00, 8.7829e-02, 
XXDIAGNOSTIC,Iteration,metricValue,convergenceValue,ITERATION_TIME_INDEX,SINCE_LAST
 1DIAGNOSTIC,     1, -9.528864856326e-01, 1.797693134862e+308, 4.8844e+00, 2.1378e+00, 
 1DIAGNOSTIC,     2, -9.566173153364e-01, 1.797693134862e+308, 5.6254e+00, 7.4103e-01, 
 1DIAGNOSTIC,     3, -9.612076959008e-01, 1.797693134862e+308, 6.3610e+00, 7.3556e-01, 
 1DIAGNOSTIC,     4, -9.639202885467e-01, 1.797693134862e+308, 7.1020e+00, 7.4102e-01, 
 1DIAGNOSTIC,     5, -9.662145889479e-01, 1.797693134862e+308, 7.8374e+00, 7.3544e-01, 
 1DIAGNOSTIC,     6, -9.677649627139e-01, 1.797693134862e+308, 8.5734e+00, 7.3592e-01, 
 1DIAGNOSTIC,     7, -9.692746278789e-01, 1.797693134862e+308, 9.3095e+00, 7.3613e-01, 
 1DIAGNOSTIC,     8, -9.707513604742e-01, 1.797693134862e+308, 1.0046e+01, 7.3618e-01, 
 1DIAGNOSTIC,     9, -9.721422891909e-01, 1.797693134862e+308, 1.0781e+01, 7.3574e-01, 
 1DIAGNOSTIC,    10, -9.734201637997e-01, 1.285332468951e-03, 1.1518e+01, 7.3614e-01, 
 1DIAGNOSTIC,    11, -9.745690539122e-01, 9.858691548098e-04, 1.2256e+01, 7.3850e-01, 
 1DIAGNOSTIC,    12, -9.755776786712e-01, 7.623754161151e-04, 1.2992e+01, 7.3556e-01, 
 1DIAGNOSTIC,    13, -9.760322428426e-01, 6.177133529339e-04, 1.3729e+01, 7.3699e-01, 
 1DIAGNOSTIC,    14, -9.758161819366e-01, 4.895763767742e-04, 1.4464e+01, 7.3580e-01, 
 1DIAGNOSTIC,    15, -9.759617167340e-01, 3.817962665546e-04, 1.5201e+01, 7.3695e-01, 
 1DIAGNOSTIC,    16, -9.757827304069e-01, 2.773661945473e-04, 1.5938e+01, 7.3635e-01, 
 1DIAGNOSTIC,    17, -9.757869106797e-01, 1.856398404610e-04, 1.6674e+01, 7.3599e-01, 
 1DIAGNOSTIC,    18, -9.757393076226e-01, 1.101956140113e-04, 1.7410e+01, 7.3623e-01, 
 1DIAGNOSTIC,    19, -9.757182631499e-01, 5.371354232159e-05, 1.8146e+01, 7.3654e-01, 
 1DIAGNOSTIC,    20, -9.757314649385e-01, 1.677138313367e-05, 1.8882e+01, 7.3587e-01, 
 1DIAGNOSTIC,    21, -9.757053425721e-01, -2.756486944588e-06, 1.9618e+01, 7.3586e-01, 
XXDIAGNOSTIC,Iteration,metricValue,convergenceValue,ITERATION_TIME_INDEX,SINCE_LAST
 1DIAGNOSTIC,     1, -9.173081203994e-01, 1.797693134862e+308, 2.7156e+01, 7.5375e+00, 
 1DIAGNOSTIC,     2, -9.200279356839e-01, 1.797693134862e+308, 3.3272e+01, 6.1164e+00, 
 1DIAGNOSTIC,     3, -9.238832192861e-01, 1.797693134862e+308, 3.9393e+01, 6.1208e+00, 
 1DIAGNOSTIC,     4, -9.271056768028e-01, 1.797693134862e+308, 4.5502e+01, 6.1089e+00, 
 1DIAGNOSTIC,     5, -9.297667007126e-01, 1.797693134862e+308, 5.1603e+01, 6.1017e+00, 
 1DIAGNOSTIC,     6, -9.319008134006e-01, 1.797693134862e+308, 5.7692e+01, 6.0886e+00, 
 1DIAGNOSTIC,     7, -9.338592086535e-01, 1.797693134862e+308, 6.3792e+01, 6.0995e+00, 
 1DIAGNOSTIC,     8, -9.356142701264e-01, 1.797693134862e+308, 6.9899e+01, 6.1072e+00, 
 1DIAGNOSTIC,     9, -9.372596298195e-01, 1.797693134862e+308, 7.6020e+01, 6.1208e+00, 
 1DIAGNOSTIC,    10, -9.386878541614e-01, 1.476158457161e-03, 8.2131e+01, 6.1116e+00, 
 1DIAGNOSTIC,    11, -9.399625971237e-01, 1.198305762288e-03, 8.8242e+01, 6.1108e+00, 
 1DIAGNOSTIC,    12, -9.410109513829e-01, 9.541026020540e-04, 9.4366e+01, 6.1243e+00, 
 1DIAGNOSTIC,    13, -9.418480995567e-01, 7.705886321048e-04, 1.0046e+02, 6.0907e+00, 
 1DIAGNOSTIC,    14, -9.425439686050e-01, 6.279993528550e-04, 1.0658e+02, 6.1225e+00, 
 1DIAGNOSTIC,    15, -9.432561985698e-01, 5.152111716596e-04, 1.1269e+02, 6.1112e+00, 
 1DIAGNOSTIC,    16, -9.438060397113e-01, 4.199465403020e-04, 1.1880e+02, 6.1130e+00, 
 1DIAGNOSTIC,    17, -9.443198340841e-01, 3.412343386055e-04, 1.2493e+02, 6.1273e+00, 
 1DIAGNOSTIC,    18, -9.448128846340e-01, 2.775170689673e-04, 1.3107e+02, 6.1344e+00, 
 1DIAGNOSTIC,    19, -9.453252822700e-01, 2.291143174175e-04, 1.3721e+02, 6.1419e+00, 
 1DIAGNOSTIC,    20, -9.457005192491e-01, 1.914263016474e-04, 1.4334e+02, 6.1353e+00, 
 1DIAGNOSTIC,    21, -9.461391419904e-01, 1.641594753652e-04, 1.4949e+02, 6.1431e+00, 
 1DIAGNOSTIC,    22, -9.465757030407e-01, 1.444562226895e-04, 1.5562e+02, 6.1347e+00, 
 1DIAGNOSTIC,    23, -9.469772068855e-01, 1.292228423118e-04, 1.6175e+02, 6.1344e+00, 
 1DIAGNOSTIC,    24, -9.473464163320e-01, 1.165291118567e-04, 1.6790e+02, 6.1459e+00, 
 1DIAGNOSTIC,    25, -9.476825555477e-01, 1.066239093286e-04, 1.7404e+02, 6.1365e+00, 
 1DIAGNOSTIC,    26, -9.479841972522e-01, 9.738577835516e-05, 1.8018e+02, 6.1440e+00, 
 1DIAGNOSTIC,    27, -9.482551012111e-01, 8.845597579458e-05, 1.8632e+02, 6.1351e+00, 
 1DIAGNOSTIC,    28, -9.484985875422e-01, 7.977415618932e-05, 1.9245e+02, 6.1368e+00, 
 1DIAGNOSTIC,    29, -9.487176568071e-01, 7.183590633160e-05, 1.9860e+02, 6.1486e+00, 
 1DIAGNOSTIC,    30, -9.489118290379e-01, 6.340385960151e-05, 2.0474e+02, 6.1349e+00, 
 1DIAGNOSTIC,    31, -9.490864203379e-01, 5.552178203005e-05, 2.1088e+02, 6.1432e+00, 
 1DIAGNOSTIC,    32, -9.492459290069e-01, 4.853364465064e-05, 2.1702e+02, 6.1366e+00, 
 1DIAGNOSTIC,    33, -9.493916084200e-01, 4.241070210721e-05, 2.2315e+02, 6.1340e+00, 
 1DIAGNOSTIC,    34, -9.495277531678e-01, 3.714964401362e-05, 2.2930e+02, 6.1474e+00, 
 1DIAGNOSTIC,    35, -9.496511460186e-01, 3.266641150683e-05, 2.3543e+02, 6.1350e+00, 
 1DIAGNOSTIC,    36, -9.497611171100e-01, 2.882396104864e-05, 2.4158e+02, 6.1441e+00, 
 1DIAGNOSTIC,    37, -9.498623274654e-01, 2.553079777889e-05, 2.4771e+02, 6.1330e+00, 
 1DIAGNOSTIC,    38, -9.499521164486e-01, 2.267598210148e-05, 2.5384e+02, 6.1326e+00, 
 1DIAGNOSTIC,    39, -9.500287135409e-01, 2.014602831370e-05, 2.5999e+02, 6.1471e+00, 
 1DIAGNOSTIC,    40, -9.500892080634e-01, 1.779684751691e-05, 2.6612e+02, 6.1347e+00, 
 1DIAGNOSTIC,    41, -9.501502186891e-01, 1.565455865126e-05, 2.7227e+02, 6.1464e+00, 
 1DIAGNOSTIC,    42, -9.502065731893e-01, 1.372460385303e-05, 2.7841e+02, 6.1358e+00, 
 1DIAGNOSTIC,    43, -9.502584842218e-01, 1.201285494220e-05, 2.8454e+02, 6.1370e+00, 
 1DIAGNOSTIC,    44, -9.503031335389e-01, 1.052537434632e-05, 2.9069e+02, 6.1435e+00, 
 1DIAGNOSTIC,    45, -9.503405405496e-01, 9.232479646976e-06, 2.9682e+02, 6.1345e+00, 
 1DIAGNOSTIC,    46, -9.503788661356e-01, 8.140774239062e-06, 3.0297e+02, 6.1508e+00, 
 1DIAGNOSTIC,    47, -9.504092186408e-01, 7.213763181742e-06, 3.0911e+02, 6.1389e+00, 
 1DIAGNOSTIC,    48, -9.504356828855e-01, 6.419831778480e-06, 3.1526e+02, 6.1455e+00, 
 1DIAGNOSTIC,    49, -9.504640265638e-01, 5.746451307676e-06, 3.2139e+02, 6.1367e+00, 
 1DIAGNOSTIC,    50, -9.504888095082e-01, 5.118480797709e-06, 3.2753e+02, 6.1398e+00, 
 1DIAGNOSTIC,    51, -9.505084809231e-01, 4.555612269103e-06, 3.3368e+02, 6.1467e+00, 
 1DIAGNOSTIC,    52, -9.505262366307e-01, 4.061498120551e-06, 3.3982e+02, 6.1378e+00, 
 1DIAGNOSTIC,    53, -9.505414407820e-01, 3.632366629563e-06, 3.4596e+02, 6.1472e+00, 
 1DIAGNOSTIC,    54, -9.505518796155e-01, 3.231651459466e-06, 3.5210e+02, 6.1378e+00, 
 1DIAGNOSTIC,    55, -9.505673452438e-01, 2.877437347743e-06, 3.5824e+02, 6.1331e+00, 
 1DIAGNOSTIC,    56, -9.505821927728e-01, 2.597590245672e-06, 3.6438e+02, 6.1438e+00, 
 1DIAGNOSTIC,    57, -9.505928008209e-01, 2.346379563742e-06, 3.7051e+02, 6.1342e+00, 
 1DIAGNOSTIC,    58, -9.506001811418e-01, 2.105591036965e-06, 3.7666e+02, 6.1439e+00, 
 1DIAGNOSTIC,    59, -9.506061702678e-01, 1.896987695916e-06, 3.8280e+02, 6.1385e+00, 
 1DIAGNOSTIC,    60, -9.506110437047e-01, 1.711871087350e-06, 3.8893e+02, 6.1346e+00, 
 1DIAGNOSTIC,    61, -9.506176274667e-01, 1.546653214401e-06, 3.9508e+02, 6.1475e+00, 
 1DIAGNOSTIC,    62, -9.506229238077e-01, 1.398495934200e-06, 4.0121e+02, 6.1359e+00, 
 1DIAGNOSTIC,    63, -9.506306650021e-01, 1.279360505861e-06, 4.0736e+02, 6.1456e+00, 
 1DIAGNOSTIC,    64, -9.506380999194e-01, 1.172261079149e-06, 4.1350e+02, 6.1402e+00, 
 1DIAGNOSTIC,    65, -9.506455786428e-01, 1.108227704529e-06, 4.1964e+02, 6.1366e+00, 
 1DIAGNOSTIC,    66, -9.506491108548e-01, 1.069271902014e-06, 4.2579e+02, 6.1501e+00, 
 1DIAGNOSTIC,    67, -9.506572590603e-01, 1.058851769712e-06, 4.3192e+02, 6.1372e+00, 
 1DIAGNOSTIC,    68, -9.506619408301e-01, 1.044874131963e-06, 4.3807e+02, 6.1502e+00, 
 1DIAGNOSTIC,    69, -9.506651595228e-01, 1.015417564651e-06, 4.4421e+02, 6.1355e+00, 
 1DIAGNOSTIC,    70, -9.506680899361e-01, 9.667785761461e-07, 4.5036e+02, 6.1467e+00, 
XXDIAGNOSTIC,Iteration,metricValue,convergenceValue,ITERATION_TIME_INDEX,SINCE_LAST
 1DIAGNOSTIC,     1, -9.027488801059e-01, 1.797693134862e+308, 5.0143e+02, 5.1073e+01, 
 1DIAGNOSTIC,     2, -9.046567722667e-01, 1.797693134862e+308, 5.5092e+02, 4.9487e+01, 
 1DIAGNOSTIC,     3, -9.075863750203e-01, 1.797693134862e+308, 6.0017e+02, 4.9257e+01, 
 1DIAGNOSTIC,     4, -9.101876523322e-01, 1.797693134862e+308, 6.4967e+02, 4.9499e+01, 
 1DIAGNOSTIC,     5, -9.125435838251e-01, 1.797693134862e+308, 6.9912e+02, 4.9446e+01, 
 1DIAGNOSTIC,     6, -9.146446975659e-01, 1.797693134862e+308, 7.4838e+02, 4.9260e+01, 
 1DIAGNOSTIC,     7, -9.164102251850e-01, 1.797693134862e+308, 7.9766e+02, 4.9286e+01, 
 1DIAGNOSTIC,     8, -9.178962800394e-01, 1.797693134862e+308, 8.4712e+02, 4.9462e+01, 
 1DIAGNOSTIC,     9, -9.193644218517e-01, 1.797693134862e+308, 8.9635e+02, 4.9230e+01, 
 1DIAGNOSTIC,    10, -9.205602500810e-01, 1.284654753271e-03, 9.4602e+02, 4.9669e+01, 
 1DIAGNOSTIC,    11, -9.216364124042e-01, 1.064908625220e-03, 9.9566e+02, 4.9634e+01, 
 1DIAGNOSTIC,    12, -9.224713447492e-01, 8.566363931898e-04, 1.0451e+03, 4.9446e+01, 
 1DIAGNOSTIC,    13, -9.232416296324e-01, 6.910213698184e-04, 1.0947e+03, 4.9618e+01, 
 1DIAGNOSTIC,    14, -9.239547558134e-01, 5.592806510575e-04, 1.1444e+03, 4.9655e+01, 
 1DIAGNOSTIC,    15, -9.246148678575e-01, 4.559239441818e-04, 1.1938e+03, 4.9432e+01, 
 1DIAGNOSTIC,    16, -9.252290050155e-01, 3.759818372406e-04, 1.2435e+03, 4.9675e+01, 
 1DIAGNOSTIC,    17, -9.258045386557e-01, 3.133293915287e-04, 1.2931e+03, 4.9648e+01, 
 1DIAGNOSTIC,    18, -9.263500132546e-01, 2.634168465541e-04, 1.3426e+03, 4.9469e+01, 
 1DIAGNOSTIC,    19, -9.268663512777e-01, 2.265059374827e-04, 1.3922e+03, 4.9626e+01, 
 1DIAGNOSTIC,    20, -9.273534571813e-01, 1.981059884856e-04, 1.4419e+03, 4.9651e+01, 
 1DIAGNOSTIC,    21, -9.277993141823e-01, 1.762965805711e-04, 1.4913e+03, 4.9427e+01, 
 1DIAGNOSTIC,    22, -9.282053108216e-01, 1.573928374737e-04, 1.5410e+03, 4.9671e+01, 
 1DIAGNOSTIC,    23, -9.285481817145e-01, 1.403249398036e-04, 1.5906e+03, 4.9616e+01, 
 1DIAGNOSTIC,    24, -9.288398707119e-01, 1.244424541410e-04, 1.6401e+03, 4.9462e+01, 
 1DIAGNOSTIC,    25, -9.290912758077e-01, 1.094021107027e-04, 1.6897e+03, 4.9634e+01, 
 1DIAGNOSTIC,    26, -9.293059888754e-01, 9.507588603742e-05, 1.7393e+03, 4.9661e+01, 
 1DIAGNOSTIC,    27, -9.294932568678e-01, 8.158827660389e-05, 1.7888e+03, 4.9423e+01, 
 1DIAGNOSTIC,    28, -9.296539750832e-01, 6.917233250234e-05, 1.8384e+03, 4.9658e+01, 
 1DIAGNOSTIC,    29, -9.297968876099e-01, 5.812046959316e-05, 1.8881e+03, 4.9624e+01, 
 1DIAGNOSTIC,    30, -9.299260229325e-01, 4.867518276187e-05, 1.9375e+03, 4.9467e+01, 
 1DIAGNOSTIC,    31, -9.300355371589e-01, 4.078553763562e-05, 1.9871e+03, 4.9627e+01, 
 1DIAGNOSTIC,    32, -9.301226612030e-01, 3.431578958441e-05, 2.0368e+03, 4.9651e+01, 
 1DIAGNOSTIC,    33, -9.301912004360e-01, 2.887609779668e-05, 2.0862e+03, 4.9427e+01, 
 1DIAGNOSTIC,    34, -9.302496300518e-01, 2.424270948177e-05, 2.1359e+03, 4.9661e+01, 
 1DIAGNOSTIC,    35, -9.303002088571e-01, 2.028474165102e-05, 2.1855e+03, 4.9634e+01, 
 1DIAGNOSTIC,    36, -9.303458889135e-01, 1.690372793732e-05, 2.2350e+03, 4.9457e+01, 
 1DIAGNOSTIC,    37, -9.303890417620e-01, 1.407704393189e-05, 2.2846e+03, 4.9650e+01, 
 1DIAGNOSTIC,    38, -9.304339865772e-01, 1.178834537576e-05, 2.3343e+03, 4.9660e+01, 
 1DIAGNOSTIC,    39, -9.304813765766e-01, 1.005659534156e-05, 2.3837e+03, 4.9417e+01, 
 1DIAGNOSTIC,    40, -9.305326971993e-01, 8.900834614745e-06, 2.4334e+03, 4.9660e+01, 
 1DIAGNOSTIC,    41, -9.305886639586e-01, 8.254870891063e-06, 2.4830e+03, 4.9628e+01, 
 1DIAGNOSTIC,    42, -9.306497626481e-01, 7.998672154303e-06, 2.5324e+03, 4.9442e+01, 
 1DIAGNOSTIC,    43, -9.307122263570e-01, 7.987776919859e-06, 2.5821e+03, 4.9639e+01, 
 1DIAGNOSTIC,    44, -9.307791249641e-01, 8.149986458744e-06, 2.6317e+03, 4.9663e+01, 
 1DIAGNOSTIC,    45, -9.308515869565e-01, 8.425217759934e-06, 2.6812e+03, 4.9429e+01, 
 1DIAGNOSTIC,    46, -9.309298270538e-01, 8.767742146479e-06, 2.7308e+03, 4.9660e+01, 
 1DIAGNOSTIC,    47, -9.310146546733e-01, 9.148738859273e-06, 2.7805e+03, 4.9644e+01, 
 1DIAGNOSTIC,    48, -9.311065541020e-01, 9.567826526769e-06, 2.8299e+03, 4.9457e+01, 
 1DIAGNOSTIC,    49, -9.312063979506e-01, 1.002860680342e-05, 2.8796e+03, 4.9645e+01, 
 1DIAGNOSTIC,    50, -9.313141777669e-01, 1.053711767030e-05, 2.9292e+03, 4.9649e+01, 
XXDIAGNOSTIC,Iteration,metricValue,convergenceValue,ITERATION_TIME_INDEX,SINCE_LAST
 1DIAGNOSTIC,     1, -8.952133018703e-01, 1.797693134862e+308, 3.3373e+03, 4.0809e+02, 
 1DIAGNOSTIC,     2, -8.966741977124e-01, 1.797693134862e+308, 3.7387e+03, 4.0138e+02, 
 1DIAGNOSTIC,     3, -8.983653751035e-01, 1.797693134862e+308, 4.1409e+03, 4.0218e+02, 
 1DIAGNOSTIC,     4, -8.999946979709e-01, 1.797693134862e+308, 4.5479e+03, 4.0704e+02, 
 1DIAGNOSTIC,     5, -9.015078007433e-01, 1.797693134862e+308, 4.9547e+03, 4.0683e+02, 
 1DIAGNOSTIC,     6, -9.029573220586e-01, 1.797693134862e+308, 5.3632e+03, 4.0848e+02, 
 1DIAGNOSTIC,     7, -9.044441053087e-01, 1.797693134862e+308, 5.7718e+03, 4.0859e+02, 
 1DIAGNOSTIC,     8, -9.057541042140e-01, 1.797693134862e+308, 6.1802e+03, 4.0836e+02, 
 1DIAGNOSTIC,     9, -9.069266721779e-01, 1.797693134862e+308, 6.5872e+03, 4.0702e+02, 
 1DIAGNOSTIC,    10, -9.080208449943e-01, 9.254146165532e-04, 6.9943e+03, 4.0709e+02, 
 1DIAGNOSTIC,    11, -9.091313120607e-01, 8.040078550320e-04, 7.4012e+03, 4.0690e+02, 
 1DIAGNOSTIC,    12, -9.101400556732e-01, 6.948529656954e-04, 7.8082e+03, 4.0701e+02, 
 1DIAGNOSTIC,    13, -9.110476099392e-01, 6.021260113235e-04, 8.2152e+03, 4.0702e+02, 
 1DIAGNOSTIC,    14, -9.119018484981e-01, 5.234331741078e-04, 8.6236e+03, 4.0838e+02, 
 1DIAGNOSTIC,    15, -9.126903858115e-01, 4.553741680079e-04, 9.0305e+03, 4.0688e+02, 
 1DIAGNOSTIC,    16, -9.133065356169e-01, 3.942317712584e-04, 9.4390e+03, 4.0850e+02, 
 1DIAGNOSTIC,    17, -9.139920244133e-01, 3.438703114317e-04, 9.8457e+03, 4.0671e+02, 
 1DIAGNOSTIC,    18, -9.145161151716e-01, 2.990943347614e-04, 1.0254e+04, 4.0836e+02, 
 1DIAGNOSTIC,    19, -9.151187414647e-01, 2.604898894965e-04, 1.0663e+04, 4.0848e+02, 
 1DIAGNOSTIC,    20, -9.155659058291e-01, 2.255074887604e-04, 1.1064e+04, 4.0112e+02, 
  Elapsed time (stage 0): 11066.6


Total elapsed time: 11066.6
-i /mnt/lustre/mathdugre/fast-interpolate/datasets/ds004513/derivatives/flint/ants/flint-vprec-single-five-levels/sub-s033/ses-open/anat/11/1_Affine.nii.gz -o /mnt/lustre/mathdugre/fast-interpolate/datasets/ds004513/derivatives/flint/ants/flint-vprec-single-five-levels/sub-s033/ses-open/anat/110/1_transformed.nii.gz -t /mnt/lustre/mathdugre/fast-interpolate/datasets/ds004513/derivatives/flint/ants/flint-vprec-single-five-levels/sub-s033/ses-open/anat/110/1_1Warp.nii.gz -t /mnt/lustre/mathdugre/fast-interpolate/datasets/ds004513/derivatives/flint/ants/flint-vprec-single-five-levels/sub-s033/ses-open/anat/110/1_0GenericAffine.mat
