---------------------
Experiment information

SIF_IMG: /mnt/lustre/mathdugre/containers/ants-flint-base.simg
SIF_IMG_BASE: /mnt/lustre/mathdugre/containers/ants-flint-base.simg
EXPERIMENT_NAME: flint-vprec-single-five-levels
STAGE: syn
SUBJECT_ID: s031
REPETITION_ID: 1

FIXED_IMG: /templateflow/tpl-MNI152NLin2009cAsym/tpl-MNI152NLin2009cAsym_res-01_desc-brain_T1w.nii.gz
INPUT_IMG: /mnt/lustre/mathdugre/fast-interpolate/datasets/ds004513/derivatives/flint/ants/flint-vprec-single-five-levels/sub-s031/ses-open/anat/10/1_Affine.nii.gz

DATA_DIR: /mnt/lustre/mathdugre/fast-interpolate/datasets/ds004513
OUTPUT_DIR: /mnt/lustre/mathdugre/fast-interpolate/datasets/ds004513/derivatives/flint/ants/flint-vprec-single-five-levels/sub-s031/ses-open/anat
OUTPUT_PREFIX: 100
THREAD: 1
FLOAT: 0
VFC_BACKENDS: ieee
---------------------

--output [/mnt/lustre/mathdugre/fast-interpolate/datasets/ds004513/derivatives/flint/ants/flint-vprec-single-five-levels/sub-s031/ses-open/anat/100/1_,/mnt/lustre/mathdugre/fast-interpolate/datasets/ds004513/derivatives/flint/ants/flint-vprec-single-five-levels/sub-s031/ses-open/anat/100/1_Warped.nii.gz,/mnt/lustre/mathdugre/fast-interpolate/datasets/ds004513/derivatives/flint/ants/flint-vprec-single-five-levels/sub-s031/ses-open/anat/100/1_InverseSyN.nii.gz] --initial-moving-transform [/templateflow/tpl-MNI152NLin2009cAsym/tpl-MNI152NLin2009cAsym_res-01_desc-brain_T1w.nii.gz,/mnt/lustre/mathdugre/fast-interpolate/datasets/ds004513/derivatives/flint/ants/flint-vprec-single-five-levels/sub-s031/ses-open/anat/10/1_Affine.nii.gz,1] --transform SyN[ 0.1,3,0 ] --metric CC[/templateflow/tpl-MNI152NLin2009cAsym/tpl-MNI152NLin2009cAsym_res-01_desc-brain_T1w.nii.gz,/mnt/lustre/mathdugre/fast-interpolate/datasets/ds004513/derivatives/flint/ants/flint-vprec-single-five-levels/sub-s031/ses-open/anat/10/1_Affine.nii.gz,1,4] --convergence [100x100x70x50x20,1e-6,10] --shrink-factors 16x8x4x2x1 --smoothing-sigmas 4x3x2x1x0vox
All_Command_lines_OK
Using double precision for computations.
=============================================================================
The composite transform comprises the following transforms (in order): 
  1. Center of mass alignment using fixed image: /templateflow/tpl-MNI152NLin2009cAsym/tpl-MNI152NLin2009cAsym_res-01_desc-brain_T1w.nii.gz and moving image: /mnt/lustre/mathdugre/fast-interpolate/datasets/ds004513/derivatives/flint/ants/flint-vprec-single-five-levels/sub-s031/ses-open/anat/10/1_Affine.nii.gz (type = Euler3DTransform)
=============================================================================
  number of levels = 5
  fixed image: /templateflow/tpl-MNI152NLin2009cAsym/tpl-MNI152NLin2009cAsym_res-01_desc-brain_T1w.nii.gz
  moving image: /mnt/lustre/mathdugre/fast-interpolate/datasets/ds004513/derivatives/flint/ants/flint-vprec-single-five-levels/sub-s031/ses-open/anat/10/1_Affine.nii.gz
Dimension = 3
Number of stages = 1
Use histogram matching = false
Winsorize image intensities = true
  Lower quantile = 0.005
  Upper quantile = 0.995


Stage 1 State
   Image metric = CC
     Fixed image = Image (0x564edca36d90)
  RTTI typeinfo:   itk::Image<double, 3u>
  Reference Count: 2
  Modified Time: 1622
  Debug: Off
  Object Name: 
  Observers: 
    none
  Source: (none)
  Source output name: (none)
  Release Data: Off
  Data Released: False
  Global Release Data: Off
  PipelineMTime: 0
  UpdateMTime: 1407
  RealTimeStamp: 0 seconds 
  LargestPossibleRegion: 
    Dimension: 3
    Index: [0, 0, 0]
    Size: [193, 229, 193]
  BufferedRegion: 
    Dimension: 3
    Index: [0, 0, 0]
    Size: [193, 229, 193]
  RequestedRegion: 
    Dimension: 3
    Index: [0, 0, 0]
    Size: [193, 229, 193]
  Spacing: [1, 1, 1]
  Origin: [96, 132, -78]
  Direction: 
-1 0 0
0 -1 0
0 0 1

  IndexToPointMatrix: 
-1 0 0
0 -1 0
0 0 1

  PointToIndexMatrix: 
-1 0 0
0 -1 0
0 0 1

  Inverse Direction: 
-1 0 0
0 -1 0
0 0 1

  PixelContainer: 
    ImportImageContainer (0x564edca45250)
      RTTI typeinfo:   itk::ImportImageContainer<unsigned long, double>
      Reference Count: 1
      Modified Time: 1404
      Debug: Off
      Object Name: 
      Observers: 
        none
      Pointer: 0x7f71097a3010
      Container manages memory: true
      Size: 8530021
      Capacity: 8530021

     Moving image = Image (0x564edca3d1f0)
  RTTI typeinfo:   itk::Image<double, 3u>
  Reference Count: 2
  Modified Time: 1623
  Debug: Off
  Object Name: 
  Observers: 
    none
  Source: (none)
  Source output name: (none)
  Release Data: Off
  Data Released: False
  Global Release Data: Off
  PipelineMTime: 0
  UpdateMTime: 1620
  RealTimeStamp: 0 seconds 
  LargestPossibleRegion: 
    Dimension: 3
    Index: [0, 0, 0]
    Size: [193, 229, 193]
  BufferedRegion: 
    Dimension: 3
    Index: [0, 0, 0]
    Size: [193, 229, 193]
  RequestedRegion: 
    Dimension: 3
    Index: [0, 0, 0]
    Size: [193, 229, 193]
  Spacing: [1, 1, 1]
  Origin: [96, 132, -78]
  Direction: 
-1 0 0
0 -1 0
0 0 1

  IndexToPointMatrix: 
-1 0 0
0 -1 0
0 0 1

  PointToIndexMatrix: 
-1 0 0
0 -1 0
0 0 1

  Inverse Direction: 
-1 0 0
0 -1 0
0 0 1

  PixelContainer: 
    ImportImageContainer (0x564edca49a60)
      RTTI typeinfo:   itk::ImportImageContainer<unsigned long, double>
      Reference Count: 1
      Modified Time: 1617
      Debug: Off
      Object Name: 
      Observers: 
        none
      Pointer: 0x7f710568e010
      Container manages memory: true
      Size: 8530021
      Capacity: 8530021

     Weighting = 1
     Sampling strategy = none
     Number of bins = 32
     Radius = 4
     Sampling percentage  = 1
   Transform = SyN
     Gradient step = 0.1
     Update field sigma (voxel space) = 3
     Total field sigma (voxel space) = 0
     Update field time sigma = 0
     Total field time sigma  = 0
     Number of time indices = 0
     Number of time point samples = 0
Registration using 1 total stages.

Stage 0
  iterations = 100x100x70x50x20
  convergence threshold = 1e-06
  convergence window size = 10
  number of levels = 5
  using the CC metric (radius = 4, weight = 1, use gradient filter = 0)
  preprocessing:  winsorizing the image intensities
  Shrink factors (level 1 out of 5): [16, 16, 16]
  Shrink factors (level 2 out of 5): [8, 8, 8]
  Shrink factors (level 3 out of 5): [4, 4, 4]
  Shrink factors (level 4 out of 5): [2, 2, 2]
  Shrink factors (level 5 out of 5): [1, 1, 1]
  smoothing sigmas per level: [4, 3, 2, 1, 0]
  Using default NONE metricSamplingStrategy 

*** Running SyN registration (varianceForUpdateField = 3, varianceForTotalField = 0) ***

XXDIAGNOSTIC,Iteration,metricValue,convergenceValue,ITERATION_TIME_INDEX,SINCE_LAST
 1DIAGNOSTIC,     1, -9.837684938385e-01, 1.797693134862e+308, 1.4969e+00, 1.4969e+00, 
 1DIAGNOSTIC,     2, -9.881540191081e-01, 1.797693134862e+308, 1.5855e+00, 8.8652e-02, 
 1DIAGNOSTIC,     3, -9.891166933443e-01, 1.797693134862e+308, 1.6736e+00, 8.8096e-02, 
 1DIAGNOSTIC,     4, -9.900702554207e-01, 1.797693134862e+308, 1.7614e+00, 8.7760e-02, 
 1DIAGNOSTIC,     5, -9.909223265652e-01, 1.797693134862e+308, 1.8491e+00, 8.7710e-02, 
 1DIAGNOSTIC,     6, -9.903048517155e-01, 1.797693134862e+308, 1.9369e+00, 8.7807e-02, 
 1DIAGNOSTIC,     7, -9.915852368726e-01, 1.797693134862e+308, 2.0246e+00, 8.7643e-02, 
 1DIAGNOSTIC,     8, -9.901562651123e-01, 1.797693134862e+308, 2.1124e+00, 8.7877e-02, 
 1DIAGNOSTIC,     9, -9.917391594167e-01, 1.797693134862e+308, 2.2002e+00, 8.7733e-02, 
 1DIAGNOSTIC,    10, -9.901511204042e-01, 3.147758999283e-04, 2.2881e+00, 8.7940e-02, 
 1DIAGNOSTIC,    11, -9.916855059106e-01, 1.454553785494e-04, 2.3760e+00, 8.7923e-02, 
 1DIAGNOSTIC,    12, -9.901534222705e-01, 5.862598042461e-05, 2.4639e+00, 8.7851e-02, 
 1DIAGNOSTIC,    13, -9.915499565985e-01, 3.270635894022e-05, 2.5518e+00, 8.7879e-02, 
 1DIAGNOSTIC,    14, -9.902337424927e-01, -9.120501613669e-07, 2.6397e+00, 8.7896e-02, 
XXDIAGNOSTIC,Iteration,metricValue,convergenceValue,ITERATION_TIME_INDEX,SINCE_LAST
 1DIAGNOSTIC,     1, -9.581713754021e-01, 1.797693134862e+308, 4.7745e+00, 2.1349e+00, 
 1DIAGNOSTIC,     2, -9.612947256582e-01, 1.797693134862e+308, 5.5164e+00, 7.4184e-01, 
 1DIAGNOSTIC,     3, -9.638225086604e-01, 1.797693134862e+308, 6.2576e+00, 7.4121e-01, 
 1DIAGNOSTIC,     4, -9.659721069594e-01, 1.797693134862e+308, 6.9966e+00, 7.3905e-01, 
 1DIAGNOSTIC,     5, -9.685190419996e-01, 1.797693134862e+308, 7.7331e+00, 7.3648e-01, 
 1DIAGNOSTIC,     6, -9.709584346879e-01, 1.797693134862e+308, 8.4687e+00, 7.3562e-01, 
 1DIAGNOSTIC,     7, -9.726963288420e-01, 1.797693134862e+308, 9.2050e+00, 7.3630e-01, 
 1DIAGNOSTIC,     8, -9.738870123050e-01, 1.797693134862e+308, 9.9415e+00, 7.3651e-01, 
 1DIAGNOSTIC,     9, -9.746775251340e-01, 1.797693134862e+308, 1.0678e+01, 7.3625e-01, 
 1DIAGNOSTIC,    10, -9.750446139037e-01, 1.152729470280e-03, 1.1414e+01, 7.3625e-01, 
 1DIAGNOSTIC,    11, -9.750165454923e-01, 8.675451806327e-04, 1.2152e+01, 7.3781e-01, 
 1DIAGNOSTIC,    12, -9.752251911213e-01, 6.333193338597e-04, 1.2892e+01, 7.4006e-01, 
 1DIAGNOSTIC,    13, -9.752449420404e-01, 4.353436856713e-04, 1.3630e+01, 7.3769e-01, 
 1DIAGNOSTIC,    14, -9.752933404238e-01, 2.717783681541e-04, 1.4367e+01, 7.3718e-01, 
 1DIAGNOSTIC,    15, -9.753588250400e-01, 1.558083232893e-04, 1.5103e+01, 7.3673e-01, 
 1DIAGNOSTIC,    16, -9.753362756078e-01, 8.406034477605e-05, 1.5840e+01, 7.3656e-01, 
 1DIAGNOSTIC,    17, -9.754402542032e-01, 4.459606380989e-05, 1.6577e+01, 7.3705e-01, 
 1DIAGNOSTIC,    18, -9.753926804989e-01, 2.380684418751e-05, 1.7314e+01, 7.3665e-01, 
 1DIAGNOSTIC,    19, -9.755038312003e-01, 1.695491340768e-05, 1.8052e+01, 7.3812e-01, 
 1DIAGNOSTIC,    20, -9.754509046841e-01, 1.397072545694e-05, 1.8789e+01, 7.3688e-01, 
 1DIAGNOSTIC,    21, -9.755587528533e-01, 1.118608602550e-05, 1.9526e+01, 7.3693e-01, 
 1DIAGNOSTIC,    22, -9.755029105630e-01, 9.752772009770e-06, 2.0263e+01, 7.3684e-01, 
 1DIAGNOSTIC,    23, -9.755943323290e-01, 9.093994503058e-06, 2.0999e+01, 7.3696e-01, 
 1DIAGNOSTIC,    24, -9.755385780675e-01, 7.636099188787e-06, 2.1738e+01, 7.3856e-01, 
 1DIAGNOSTIC,    25, -9.756221033429e-01, 7.479448334548e-06, 2.2475e+01, 7.3691e-01, 
 1DIAGNOSTIC,    26, -9.755645337146e-01, 5.798178149455e-06, 2.3211e+01, 7.3634e-01, 
 1DIAGNOSTIC,    27, -9.756449611724e-01, 5.847340494358e-06, 2.3947e+01, 7.3591e-01, 
 1DIAGNOSTIC,    28, -9.755877676450e-01, 4.309701179553e-06, 2.4684e+01, 7.3659e-01, 
 1DIAGNOSTIC,    29, -9.756676204902e-01, 4.541501139640e-06, 2.5422e+01, 7.3820e-01, 
 1DIAGNOSTIC,    30, -9.756106480921e-01, 3.314670850664e-06, 2.6159e+01, 7.3751e-01, 
 1DIAGNOSTIC,    31, -9.756855317677e-01, 3.711286545000e-06, 2.6896e+01, 7.3613e-01, 
 1DIAGNOSTIC,    32, -9.756288131522e-01, 2.761767848587e-06, 2.7634e+01, 7.3847e-01, 
 1DIAGNOSTIC,    33, -9.757028398859e-01, 3.198427652749e-06, 2.8373e+01, 7.3928e-01, 
 1DIAGNOSTIC,    34, -9.756463429456e-01, 2.396829940046e-06, 2.9112e+01, 7.3863e-01, 
 1DIAGNOSTIC,    35, -9.757167149457e-01, 2.816619605210e-06, 2.9850e+01, 7.3780e-01, 
 1DIAGNOSTIC,    36, -9.756598805200e-01, 2.071566715976e-06, 3.0587e+01, 7.3712e-01, 
 1DIAGNOSTIC,    37, -9.757276473731e-01, 2.451726243545e-06, 3.1325e+01, 7.3796e-01, 
 1DIAGNOSTIC,    38, -9.756704559303e-01, 1.750640978029e-06, 3.2062e+01, 7.3727e-01, 
 1DIAGNOSTIC,    39, -9.757355290412e-01, 2.109838031075e-06, 3.2799e+01, 7.3641e-01, 
 1DIAGNOSTIC,    40, -9.756787784633e-01, 1.470063896641e-06, 3.3536e+01, 7.3730e-01, 
 1DIAGNOSTIC,    41, -9.757413821326e-01, 1.800957546604e-06, 3.4273e+01, 7.3663e-01, 
 1DIAGNOSTIC,    42, -9.756849979559e-01, 1.206167413753e-06, 3.5009e+01, 7.3658e-01, 
 1DIAGNOSTIC,    43, -9.757496759963e-01, 1.561064186067e-06, 3.5746e+01, 7.3711e-01, 
 1DIAGNOSTIC,    44, -9.756943484152e-01, 1.054778034918e-06, 3.6483e+01, 7.3727e-01, 
 1DIAGNOSTIC,    45, -9.757570377360e-01, 1.424491440548e-06, 3.7222e+01, 7.3880e-01, 
 1DIAGNOSTIC,    46, -9.757007312790e-01, 9.690214483986e-07, 3.7959e+01, 7.3687e-01, 
XXDIAGNOSTIC,Iteration,metricValue,convergenceValue,ITERATION_TIME_INDEX,SINCE_LAST
 1DIAGNOSTIC,     1, -9.231300080396e-01, 1.797693134862e+308, 4.5537e+01, 7.5783e+00, 
 1DIAGNOSTIC,     2, -9.256993069869e-01, 1.797693134862e+308, 5.1664e+01, 6.1267e+00, 
 1DIAGNOSTIC,     3, -9.284143682335e-01, 1.797693134862e+308, 5.7775e+01, 6.1113e+00, 
 1DIAGNOSTIC,     4, -9.312540528696e-01, 1.797693134862e+308, 6.3876e+01, 6.1009e+00, 
 1DIAGNOSTIC,     5, -9.336078092650e-01, 1.797693134862e+308, 6.9982e+01, 6.1052e+00, 
 1DIAGNOSTIC,     6, -9.354487592565e-01, 1.797693134862e+308, 7.6073e+01, 6.0911e+00, 
 1DIAGNOSTIC,     7, -9.368916307314e-01, 1.797693134862e+308, 8.2168e+01, 6.0955e+00, 
 1DIAGNOSTIC,     8, -9.380458581680e-01, 1.797693134862e+308, 8.8269e+01, 6.1011e+00, 
 1DIAGNOSTIC,     9, -9.389834640817e-01, 1.797693134862e+308, 9.4361e+01, 6.0915e+00, 
 1DIAGNOSTIC,    10, -9.397602182792e-01, 1.158567435302e-03, 1.0045e+02, 6.0895e+00, 
 1DIAGNOSTIC,    11, -9.404244474770e-01, 8.986671888351e-04, 1.0656e+02, 6.1087e+00, 
 1DIAGNOSTIC,    12, -9.410008766502e-01, 6.809079988389e-04, 1.1268e+02, 6.1227e+00, 
 1DIAGNOSTIC,    13, -9.413787850545e-01, 5.068698249178e-04, 1.1882e+02, 6.1394e+00, 
 1DIAGNOSTIC,    14, -9.418024506130e-01, 3.820510831675e-04, 1.2494e+02, 6.1201e+00, 
 1DIAGNOSTIC,    15, -9.420418558049e-01, 2.911372920367e-04, 1.3108e+02, 6.1366e+00, 
 1DIAGNOSTIC,    16, -9.424288186363e-01, 2.269740700722e-04, 1.3719e+02, 6.1151e+00, 
 1DIAGNOSTIC,    17, -9.426366964963e-01, 1.787358571365e-04, 1.4335e+02, 6.1529e+00, 
 1DIAGNOSTIC,    18, -9.429784361305e-01, 1.445243930965e-04, 1.4946e+02, 6.1155e+00, 
 1DIAGNOSTIC,    19, -9.431522511946e-01, 1.182041271268e-04, 1.5560e+02, 6.1411e+00, 
 1DIAGNOSTIC,    20, -9.434707993610e-01, 1.001468416849e-04, 1.6174e+02, 6.1363e+00, 
 1DIAGNOSTIC,    21, -9.436207049948e-01, 8.617652894360e-05, 1.6789e+02, 6.1547e+00, 
 1DIAGNOSTIC,    22, -9.437719704550e-01, 7.552320673294e-05, 1.7404e+02, 6.1503e+00, 
 1DIAGNOSTIC,    23, -9.439264249627e-01, 6.578426594973e-05, 1.8021e+02, 6.1616e+00, 
 1DIAGNOSTIC,    24, -9.440791809371e-01, 5.804314206879e-05, 1.8635e+02, 6.1434e+00, 
 1DIAGNOSTIC,    25, -9.442307158934e-01, 5.021714893675e-05, 1.9248e+02, 6.1338e+00, 
 1DIAGNOSTIC,    26, -9.443785525515e-01, 4.458134830152e-05, 1.9862e+02, 6.1402e+00, 
 1DIAGNOSTIC,    27, -9.445168409715e-01, 3.909326805700e-05, 2.0476e+02, 6.1358e+00, 
 1DIAGNOSTIC,    28, -9.446575800260e-01, 3.561365700212e-05, 2.1090e+02, 6.1412e+00, 
 1DIAGNOSTIC,    29, -9.447912838721e-01, 3.223836368248e-05, 2.1705e+02, 6.1536e+00, 
 1DIAGNOSTIC,    30, -9.449202282764e-01, 3.062088311010e-05, 2.2319e+02, 6.1393e+00, 
 1DIAGNOSTIC,    31, -9.450454642099e-01, 2.896174794981e-05, 2.2934e+02, 6.1433e+00, 
 1DIAGNOSTIC,    32, -9.451678044951e-01, 2.731321563018e-05, 2.3548e+02, 6.1460e+00, 
 1DIAGNOSTIC,    33, -9.452844442685e-01, 2.572099740291e-05, 2.4162e+02, 6.1421e+00, 
 1DIAGNOSTIC,    34, -9.453974160860e-01, 2.420485789446e-05, 2.4778e+02, 6.1555e+00, 
 1DIAGNOSTIC,    35, -9.455061856300e-01, 2.278446422400e-05, 2.5392e+02, 6.1439e+00, 
 1DIAGNOSTIC,    36, -9.456120922232e-01, 2.146792955796e-05, 2.6007e+02, 6.1415e+00, 
 1DIAGNOSTIC,    37, -9.457145597229e-01, 2.020408632588e-05, 2.6621e+02, 6.1444e+00, 
 1DIAGNOSTIC,    38, -9.458136777845e-01, 1.904804153615e-05, 2.7235e+02, 6.1434e+00, 
 1DIAGNOSTIC,    39, -9.459113904908e-01, 1.798653713332e-05, 2.7850e+02, 6.1479e+00, 
 1DIAGNOSTIC,    40, -9.460028525805e-01, 1.698390570844e-05, 2.8464e+02, 6.1415e+00, 
 1DIAGNOSTIC,    41, -9.460913454952e-01, 1.604023328063e-05, 2.9079e+02, 6.1481e+00, 
 1DIAGNOSTIC,    42, -9.461760484696e-01, 1.515445639196e-05, 2.9693e+02, 6.1402e+00, 
 1DIAGNOSTIC,    43, -9.462581507173e-01, 1.431258779911e-05, 3.0308e+02, 6.1460e+00, 
 1DIAGNOSTIC,    44, -9.463276258359e-01, 1.344696544362e-05, 3.0924e+02, 6.1642e+00, 
 1DIAGNOSTIC,    45, -9.464008247986e-01, 1.261002142672e-05, 3.1538e+02, 6.1411e+00, 
 1DIAGNOSTIC,    46, -9.464692875099e-01, 1.180022435595e-05, 3.2153e+02, 6.1452e+00, 
 1DIAGNOSTIC,    47, -9.465373014486e-01, 1.104226943988e-05, 3.2766e+02, 6.1370e+00, 
 1DIAGNOSTIC,    48, -9.466004023655e-01, 1.032965527187e-05, 3.3380e+02, 6.1400e+00, 
 1DIAGNOSTIC,    49, -9.466641109495e-01, 9.702962973066e-06, 3.3995e+02, 6.1425e+00, 
 1DIAGNOSTIC,    50, -9.467243905490e-01, 9.137890355990e-06, 3.4609e+02, 6.1389e+00, 
 1DIAGNOSTIC,    51, -9.467844176657e-01, 8.647028382856e-06, 3.5223e+02, 6.1473e+00, 
 1DIAGNOSTIC,    52, -9.468430628901e-01, 8.225924839903e-06, 3.5837e+02, 6.1400e+00, 
 1DIAGNOSTIC,    53, -9.469006340982e-01, 7.876324506145e-06, 3.6452e+02, 6.1463e+00, 
 1DIAGNOSTIC,    54, -9.469559230828e-01, 7.528807576998e-06, 3.7067e+02, 6.1500e+00, 
 1DIAGNOSTIC,    55, -9.470112656875e-01, 7.224019995596e-06, 3.7681e+02, 6.1427e+00, 
 1DIAGNOSTIC,    56, -9.470650062590e-01, 6.941290040582e-06, 3.8296e+02, 6.1456e+00, 
 1DIAGNOSTIC,    57, -9.471186273429e-01, 6.691853371647e-06, 3.8910e+02, 6.1401e+00, 
 1DIAGNOSTIC,    58, -9.471709676555e-01, 6.453776652735e-06, 3.9524e+02, 6.1440e+00, 
 1DIAGNOSTIC,    59, -9.472217219223e-01, 6.233868303965e-06, 4.0139e+02, 6.1452e+00, 
 1DIAGNOSTIC,    60, -9.472706605937e-01, 6.015535202065e-06, 4.0753e+02, 6.1397e+00, 
 1DIAGNOSTIC,    61, -9.473182706810e-01, 5.801999344916e-06, 4.1367e+02, 6.1485e+00, 
 1DIAGNOSTIC,    62, -9.473637525754e-01, 5.587025092627e-06, 4.1981e+02, 6.1393e+00, 
 1DIAGNOSTIC,    63, -9.474084349203e-01, 5.373767735073e-06, 4.2596e+02, 6.1436e+00, 
 1DIAGNOSTIC,    64, -9.474555152360e-01, 5.174608773768e-06, 4.3211e+02, 6.1528e+00, 
 1DIAGNOSTIC,    65, -9.474979515318e-01, 4.978461303380e-06, 4.3826e+02, 6.1458e+00, 
 1DIAGNOSTIC,    66, -9.475386029974e-01, 4.781600985871e-06, 4.4440e+02, 6.1472e+00, 
 1DIAGNOSTIC,    67, -9.475794153218e-01, 4.596213784191e-06, 4.5054e+02, 6.1379e+00, 
 1DIAGNOSTIC,    68, -9.476203310853e-01, 4.427150556024e-06, 4.5669e+02, 6.1474e+00, 
 1DIAGNOSTIC,    69, -9.476566689166e-01, 4.256337719681e-06, 4.6283e+02, 6.1380e+00, 
 1DIAGNOSTIC,    70, -9.476950106640e-01, 4.095823048401e-06, 4.6897e+02, 6.1467e+00, 
XXDIAGNOSTIC,Iteration,metricValue,convergenceValue,ITERATION_TIME_INDEX,SINCE_LAST
 1DIAGNOSTIC,     1, -8.967318525799e-01, 1.797693134862e+308, 5.1986e+02, 5.0890e+01, 
 1DIAGNOSTIC,     2, -8.989548951491e-01, 1.797693134862e+308, 5.6895e+02, 4.9089e+01, 
 1DIAGNOSTIC,     3, -9.015527409857e-01, 1.797693134862e+308, 6.1802e+02, 4.9070e+01, 
 1DIAGNOSTIC,     4, -9.038480562544e-01, 1.797693134862e+308, 6.6715e+02, 4.9128e+01, 
 1DIAGNOSTIC,     5, -9.058843517335e-01, 1.797693134862e+308, 7.1641e+02, 4.9260e+01, 
 1DIAGNOSTIC,     6, -9.078345768183e-01, 1.797693134862e+308, 7.6570e+02, 4.9291e+01, 
 1DIAGNOSTIC,     7, -9.095722676846e-01, 1.797693134862e+308, 8.1499e+02, 4.9292e+01, 
 1DIAGNOSTIC,     8, -9.111547291415e-01, 1.797693134862e+308, 8.6427e+02, 4.9278e+01, 
 1DIAGNOSTIC,     9, -9.126199407878e-01, 1.797693134862e+308, 9.1353e+02, 4.9254e+01, 
 1DIAGNOSTIC,    10, -9.139260149596e-01, 1.222188593215e-03, 9.6302e+02, 4.9499e+01, 
 1DIAGNOSTIC,    11, -9.150075215952e-01, 1.021803663375e-03, 1.0123e+03, 4.9253e+01, 
 1DIAGNOSTIC,    12, -9.158937593043e-01, 8.436167441133e-04, 1.0618e+03, 4.9489e+01, 
 1DIAGNOSTIC,    13, -9.168286369133e-01, 7.012157503637e-04, 1.1111e+03, 4.9297e+01, 
 1DIAGNOSTIC,    14, -9.175869751500e-01, 5.831602448301e-04, 1.1605e+03, 4.9485e+01, 
 1DIAGNOSTIC,    15, -9.184012306238e-01, 4.865640135756e-04, 1.2098e+03, 4.9270e+01, 
 1DIAGNOSTIC,    16, -9.190464167000e-01, 4.077536358200e-04, 1.2594e+03, 4.9545e+01, 
 1DIAGNOSTIC,    17, -9.197603665449e-01, 3.454869818284e-04, 1.3088e+03, 4.9440e+01, 
 1DIAGNOSTIC,    18, -9.203199318918e-01, 2.950594690536e-04, 1.3583e+03, 4.9468e+01, 
 1DIAGNOSTIC,    19, -9.208530403495e-01, 2.551692431600e-04, 1.4076e+03, 4.9296e+01, 
 1DIAGNOSTIC,    20, -9.213642605161e-01, 2.237354945838e-04, 1.4570e+03, 4.9477e+01, 
 1DIAGNOSTIC,    21, -9.219773659133e-01, 1.995001042496e-04, 1.5065e+03, 4.9485e+01, 
 1DIAGNOSTIC,    22, -9.224287280296e-01, 1.775960808119e-04, 1.5558e+03, 4.9311e+01, 
 1DIAGNOSTIC,    23, -9.228386889491e-01, 1.591557117904e-04, 1.6053e+03, 4.9462e+01, 
 1DIAGNOSTIC,    24, -9.233314858348e-01, 1.435188389809e-04, 1.6548e+03, 4.9470e+01, 
 1DIAGNOSTIC,    25, -9.236719417863e-01, 1.299599619593e-04, 1.7041e+03, 4.9284e+01, 
 1DIAGNOSTIC,    26, -9.239910001570e-01, 1.166841311866e-04, 1.7535e+03, 4.9488e+01, 
 1DIAGNOSTIC,    27, -9.244061937539e-01, 1.064043861005e-04, 1.8030e+03, 4.9495e+01, 
 1DIAGNOSTIC,    28, -9.246782446560e-01, 9.603080306465e-05, 1.8525e+03, 4.9508e+01, 
 1DIAGNOSTIC,    29, -9.249396978465e-01, 8.583101469645e-05, 1.9020e+03, 4.9445e+01, 
 1DIAGNOSTIC,    30, -9.251949828876e-01, 7.611401380868e-05, 1.9515e+03, 4.9511e+01, 
 1DIAGNOSTIC,    31, -9.254505357241e-01, 6.853874643769e-05, 2.0010e+03, 4.9483e+01, 
 1DIAGNOSTIC,    32, -9.257099093331e-01, 6.184041429302e-05, 2.0505e+03, 4.9481e+01, 
 1DIAGNOSTIC,    33, -9.259744886264e-01, 5.600372650875e-05, 2.0999e+03, 4.9458e+01, 
 1DIAGNOSTIC,    34, -9.262425752392e-01, 5.217090541300e-05, 2.1494e+03, 4.9493e+01, 
 1DIAGNOSTIC,    35, -9.265209947139e-01, 4.911451318403e-05, 2.1989e+03, 4.9457e+01, 
 1DIAGNOSTIC,    36, -9.267919146085e-01, 4.662680164181e-05, 2.2484e+03, 4.9476e+01, 
 1DIAGNOSTIC,    37, -9.270626978360e-01, 4.560517975644e-05, 2.2978e+03, 4.9482e+01, 
 1DIAGNOSTIC,    38, -9.273337753126e-01, 4.474715024553e-05, 2.3473e+03, 4.9482e+01, 
 1DIAGNOSTIC,    39, -9.276031244801e-01, 4.390848351047e-05, 2.3968e+03, 4.9464e+01, 
 1DIAGNOSTIC,    40, -9.278725503733e-01, 4.301025077447e-05, 2.4463e+03, 4.9513e+01, 
 1DIAGNOSTIC,    41, -9.281383908506e-01, 4.201241262558e-05, 2.4958e+03, 4.9463e+01, 
 1DIAGNOSTIC,    42, -9.283821503085e-01, 4.078314407367e-05, 2.5452e+03, 4.9463e+01, 
 1DIAGNOSTIC,    43, -9.285989917709e-01, 3.920721088682e-05, 2.5947e+03, 4.9479e+01, 
 1DIAGNOSTIC,    44, -9.287931919907e-01, 3.723381932278e-05, 2.6442e+03, 4.9526e+01, 
 1DIAGNOSTIC,    45, -9.289679556047e-01, 3.493130479948e-05, 2.6937e+03, 4.9459e+01, 
 1DIAGNOSTIC,    46, -9.291269077997e-01, 3.230497517320e-05, 2.7432e+03, 4.9487e+01, 
 1DIAGNOSTIC,    47, -9.292714463479e-01, 2.946014780680e-05, 2.7926e+03, 4.9453e+01, 
 1DIAGNOSTIC,    48, -9.294018257547e-01, 2.653076400675e-05, 2.8421e+03, 4.9485e+01, 
 1DIAGNOSTIC,    49, -9.295196904189e-01, 2.365440976885e-05, 2.8916e+03, 4.9482e+01, 
 1DIAGNOSTIC,    50, -9.296264748889e-01, 2.098216971521e-05, 2.9411e+03, 4.9490e+01, 
XXDIAGNOSTIC,Iteration,metricValue,convergenceValue,ITERATION_TIME_INDEX,SINCE_LAST
 1DIAGNOSTIC,     1, -8.936521337406e-01, 1.797693134862e+308, 3.3500e+03, 4.0896e+02, 
 1DIAGNOSTIC,     2, -8.947739182299e-01, 1.797693134862e+308, 3.7525e+03, 4.0243e+02, 
 1DIAGNOSTIC,     3, -8.963024651850e-01, 1.797693134862e+308, 4.1526e+03, 4.0018e+02, 
 1DIAGNOSTIC,     4, -8.978357152689e-01, 1.797693134862e+308, 4.5536e+03, 4.0095e+02, 
 1DIAGNOSTIC,     5, -8.993636465867e-01, 1.797693134862e+308, 4.9543e+03, 4.0072e+02, 
 1DIAGNOSTIC,     6, -9.007881279416e-01, 1.797693134862e+308, 5.3546e+03, 4.0024e+02, 
 1DIAGNOSTIC,     7, -9.021046824989e-01, 1.797693134862e+308, 5.7555e+03, 4.0098e+02, 
 1DIAGNOSTIC,     8, -9.033373388005e-01, 1.797693134862e+308, 6.1573e+03, 4.0173e+02, 
 1DIAGNOSTIC,     9, -9.044902905392e-01, 1.797693134862e+308, 6.5575e+03, 4.0021e+02, 
 1DIAGNOSTIC,    10, -9.055575709071e-01, 8.737092914925e-04, 6.9614e+03, 4.0398e+02, 
 1DIAGNOSTIC,    11, -9.065652170912e-01, 7.667780524269e-04, 7.3624e+03, 4.0092e+02, 
 1DIAGNOSTIC,    12, -9.073341737449e-01, 6.582000998232e-04, 7.7638e+03, 4.0141e+02, 
 1DIAGNOSTIC,    13, -9.082609265035e-01, 5.661732360025e-04, 8.1677e+03, 4.0388e+02, 
 1DIAGNOSTIC,    14, -9.090532298463e-01, 4.877484683115e-04, 8.5705e+03, 4.0280e+02, 
 1DIAGNOSTIC,    15, -9.096711399823e-01, 4.199568699302e-04, 8.9737e+03, 4.0320e+02, 
 1DIAGNOSTIC,    16, -9.103469856014e-01, 3.632880840811e-04, 9.3776e+03, 4.0394e+02, 
 1DIAGNOSTIC,    17, -9.108573013460e-01, 3.134541844414e-04, 9.7820e+03, 4.0441e+02, 
 1DIAGNOSTIC,    18, -9.113296556090e-01, 2.698248188129e-04, 1.0185e+04, 4.0303e+02, 
 1DIAGNOSTIC,    19, -9.117674413467e-01, 2.319455173682e-04, 1.0589e+04, 4.0412e+02, 
 1DIAGNOSTIC,    20, -9.121952474731e-01, 1.996750694756e-04, 1.0993e+04, 4.0402e+02, 
  Elapsed time (stage 0): 10996.5


Total elapsed time: 10996.5
-i /mnt/lustre/mathdugre/fast-interpolate/datasets/ds004513/derivatives/flint/ants/flint-vprec-single-five-levels/sub-s031/ses-open/anat/10/1_Affine.nii.gz -o /mnt/lustre/mathdugre/fast-interpolate/datasets/ds004513/derivatives/flint/ants/flint-vprec-single-five-levels/sub-s031/ses-open/anat/100/1_transformed.nii.gz -t /mnt/lustre/mathdugre/fast-interpolate/datasets/ds004513/derivatives/flint/ants/flint-vprec-single-five-levels/sub-s031/ses-open/anat/100/1_1Warp.nii.gz -t /mnt/lustre/mathdugre/fast-interpolate/datasets/ds004513/derivatives/flint/ants/flint-vprec-single-five-levels/sub-s031/ses-open/anat/100/1_0GenericAffine.mat
