---------------------
Experiment information

SIF_IMG: /mnt/lustre/mathdugre/containers/ants-flint-vprec.simg
SIF_IMG_BASE: /mnt/lustre/mathdugre/containers/ants-flint-base.simg
EXPERIMENT_NAME: flint-vprec-single-five-levels
STAGE: syn
SUBJECT_ID: s033
REPETITION_ID: 1

FIXED_IMG: /templateflow/tpl-MNI152NLin2009cAsym/tpl-MNI152NLin2009cAsym_res-01_desc-brain_T1w.nii.gz
INPUT_IMG: /mnt/lustre/mathdugre/fast-interpolate/datasets/ds004513/derivatives/flint/ants/flint-vprec-single-five-levels/sub-s033/ses-open/anat/10/1_Affine.nii.gz

DATA_DIR: /mnt/lustre/mathdugre/fast-interpolate/datasets/ds004513
OUTPUT_DIR: /mnt/lustre/mathdugre/fast-interpolate/datasets/ds004513/derivatives/flint/ants/flint-vprec-single-five-levels/sub-s033/ses-open/anat
OUTPUT_PREFIX: 101
THREAD: 1
FLOAT: 0
VFC_BACKENDS: libinterflop_vprec.so --precision-binary32=23 --range-binary32=8 --precision-binary64=23 --range-binary64=8
---------------------

--output [/mnt/lustre/mathdugre/fast-interpolate/datasets/ds004513/derivatives/flint/ants/flint-vprec-single-five-levels/sub-s033/ses-open/anat/101/1_,/mnt/lustre/mathdugre/fast-interpolate/datasets/ds004513/derivatives/flint/ants/flint-vprec-single-five-levels/sub-s033/ses-open/anat/101/1_Warped.nii.gz,/mnt/lustre/mathdugre/fast-interpolate/datasets/ds004513/derivatives/flint/ants/flint-vprec-single-five-levels/sub-s033/ses-open/anat/101/1_InverseSyN.nii.gz] --initial-moving-transform [/templateflow/tpl-MNI152NLin2009cAsym/tpl-MNI152NLin2009cAsym_res-01_desc-brain_T1w.nii.gz,/mnt/lustre/mathdugre/fast-interpolate/datasets/ds004513/derivatives/flint/ants/flint-vprec-single-five-levels/sub-s033/ses-open/anat/10/1_Affine.nii.gz,1] --transform SyN[ 0.1,3,0 ] --metric CC[/templateflow/tpl-MNI152NLin2009cAsym/tpl-MNI152NLin2009cAsym_res-01_desc-brain_T1w.nii.gz,/mnt/lustre/mathdugre/fast-interpolate/datasets/ds004513/derivatives/flint/ants/flint-vprec-single-five-levels/sub-s033/ses-open/anat/10/1_Affine.nii.gz,1,4] --convergence [100x100x70x50x20,1e-6,10] --shrink-factors 16x8x4x2x1 --smoothing-sigmas 4x3x2x1x0vox
All_Command_lines_OK
Using double precision for computations.
=============================================================================
The composite transform comprises the following transforms (in order): 
  1. Center of mass alignment using fixed image: /templateflow/tpl-MNI152NLin2009cAsym/tpl-MNI152NLin2009cAsym_res-01_desc-brain_T1w.nii.gz and moving image: /mnt/lustre/mathdugre/fast-interpolate/datasets/ds004513/derivatives/flint/ants/flint-vprec-single-five-levels/sub-s033/ses-open/anat/10/1_Affine.nii.gz (type = Euler3DTransform)
=============================================================================
  number of levels = 5
  fixed image: /templateflow/tpl-MNI152NLin2009cAsym/tpl-MNI152NLin2009cAsym_res-01_desc-brain_T1w.nii.gz
  moving image: /mnt/lustre/mathdugre/fast-interpolate/datasets/ds004513/derivatives/flint/ants/flint-vprec-single-five-levels/sub-s033/ses-open/anat/10/1_Affine.nii.gz
Dimension = 3
Number of stages = 1
Use histogram matching = false
Winsorize image intensities = true
  Lower quantile = 0.005
  Upper quantile = 0.995


Stage 1 State
   Image metric = CC
     Fixed image = Image (0x4ef6f00)
  RTTI typeinfo:   itk::Image<double, 3u>
  Reference Count: 2
  Modified Time: 1622
  Debug: Off
  Object Name: 
  Observers: 
    none
  Source: (none)
  Source output name: (none)
  Release Data: Off
  Data Released: False
  Global Release Data: Off
  PipelineMTime: 0
  UpdateMTime: 1407
  RealTimeStamp: 0 seconds 
  LargestPossibleRegion: 
    Dimension: 3
    Index: [0, 0, 0]
    Size: [193, 229, 193]
  BufferedRegion: 
    Dimension: 3
    Index: [0, 0, 0]
    Size: [193, 229, 193]
  RequestedRegion: 
    Dimension: 3
    Index: [0, 0, 0]
    Size: [193, 229, 193]
  Spacing: [1, 1, 1]
  Origin: [96, 132, -78]
  Direction: 
-1 0 0
0 -1 0
0 0 1

  IndexToPointMatrix: 
-1 0 0
0 -1 0
0 0 1

  PointToIndexMatrix: 
-1 0 0
0 -1 0
0 0 1

  Inverse Direction: 
-1 0 0
0 -1 0
0 0 1

  PixelContainer: 
    ImportImageContainer (0x4fe31d0)
      RTTI typeinfo:   itk::ImportImageContainer<unsigned long, double>
      Reference Count: 1
      Modified Time: 1404
      Debug: Off
      Object Name: 
      Observers: 
        none
      Pointer: 0x7fc04c923010
      Container manages memory: true
      Size: 8530021
      Capacity: 8530021

     Moving image = Image (0x4efdff0)
  RTTI typeinfo:   itk::Image<double, 3u>
  Reference Count: 2
  Modified Time: 1623
  Debug: Off
  Object Name: 
  Observers: 
    none
  Source: (none)
  Source output name: (none)
  Release Data: Off
  Data Released: False
  Global Release Data: Off
  PipelineMTime: 0
  UpdateMTime: 1620
  RealTimeStamp: 0 seconds 
  LargestPossibleRegion: 
    Dimension: 3
    Index: [0, 0, 0]
    Size: [193, 229, 193]
  BufferedRegion: 
    Dimension: 3
    Index: [0, 0, 0]
    Size: [193, 229, 193]
  RequestedRegion: 
    Dimension: 3
    Index: [0, 0, 0]
    Size: [193, 229, 193]
  Spacing: [1, 1, 1]
  Origin: [96, 132, -78]
  Direction: 
-1 0 0
0 -1 0
0 0 1

  IndexToPointMatrix: 
-1 0 0
0 -1 0
0 0 1

  PointToIndexMatrix: 
-1 0 0
0 -1 0
0 0 1

  Inverse Direction: 
-1 0 0
0 -1 0
0 0 1

  PixelContainer: 
    ImportImageContainer (0x4f84940)
      RTTI typeinfo:   itk::ImportImageContainer<unsigned long, double>
      Reference Count: 1
      Modified Time: 1617
      Debug: Off
      Object Name: 
      Observers: 
        none
      Pointer: 0x7fc04880e010
      Container manages memory: true
      Size: 8530021
      Capacity: 8530021

     Weighting = 1
     Sampling strategy = none
     Number of bins = 32
     Radius = 4
     Sampling percentage  = 1
   Transform = SyN
     Gradient step = 0.1
     Update field sigma (voxel space) = 3
     Total field sigma (voxel space) = 0
     Update field time sigma = 0
     Total field time sigma  = 0
     Number of time indices = 0
     Number of time point samples = 0
Registration using 1 total stages.

Stage 0
  iterations = 100x100x70x50x20
  convergence threshold = 1e-06
  convergence window size = 10
  number of levels = 5
  using the CC metric (radius = 4, weight = 1, use gradient filter = 0)
  preprocessing:  winsorizing the image intensities
  Shrink factors (level 1 out of 5): [16, 16, 16]
  Shrink factors (level 2 out of 5): [8, 8, 8]
  Shrink factors (level 3 out of 5): [4, 4, 4]
  Shrink factors (level 4 out of 5): [2, 2, 2]
  Shrink factors (level 5 out of 5): [1, 1, 1]
  smoothing sigmas per level: [4, 3, 2, 1, 0]
  Using default NONE metricSamplingStrategy 

*** Running SyN registration (varianceForUpdateField = 3, varianceForTotalField = 0) ***

XXDIAGNOSTIC,Iteration,metricValue,convergenceValue,ITERATION_TIME_INDEX,SINCE_LAST
 1DIAGNOSTIC,     1, -9.795099496841e-01, 1.797693134862e+308, 0.0000e+00, 0.0000e+00, 
 1DIAGNOSTIC,     2, -9.861980080605e-01, 1.797693134862e+308, 0.0000e+00, 0.0000e+00, 
 1DIAGNOSTIC,     3, -9.891242384911e-01, 1.797693134862e+308, 0.0000e+00, 0.0000e+00, 
 1DIAGNOSTIC,     4, -9.905073046684e-01, 1.797693134862e+308, 0.0000e+00, 0.0000e+00, 
 1DIAGNOSTIC,     5, -9.906766414642e-01, 1.797693134862e+308, 0.0000e+00, 0.0000e+00, 
 1DIAGNOSTIC,     6, -9.913472533226e-01, 1.797693134862e+308, 0.0000e+00, 0.0000e+00, 
 1DIAGNOSTIC,     7, -9.912533164024e-01, 1.797693134862e+308, 0.0000e+00, 0.0000e+00, 
 1DIAGNOSTIC,     8, -9.911959171295e-01, 1.797693134862e+308, 0.0000e+00, 0.0000e+00, 
 1DIAGNOSTIC,     9, -9.914723634720e-01, 1.797693134862e+308, 0.0000e+00, 0.0000e+00, 
 1DIAGNOSTIC,    10, -9.913214445114e-01, 5.298629403114e-04, 0.0000e+00, 0.0000e+00, 
 1DIAGNOSTIC,    11, -9.913452267647e-01, 2.110451459885e-04, 0.0000e+00, 0.0000e+00, 
 1DIAGNOSTIC,    12, -9.912429451942e-01, 8.289515972137e-05, 0.0000e+00, 0.0000e+00, 
 1DIAGNOSTIC,    13, -9.912628531456e-01, 3.175437450409e-05, 0.0000e+00, 0.0000e+00, 
 1DIAGNOSTIC,    14, -9.914041757584e-01, 1.644343137741e-05, 0.0000e+00, 0.0000e+00, 
 1DIAGNOSTIC,    15, -9.909707307816e-01, -3.628432750702e-06, 0.0000e+00, 0.0000e+00, 
XXDIAGNOSTIC,Iteration,metricValue,convergenceValue,ITERATION_TIME_INDEX,SINCE_LAST
 1DIAGNOSTIC,     1, -9.541240930557e-01, 1.797693134862e+308, 1.2800e+02, 1.2800e+02, 
 1DIAGNOSTIC,     2, -9.577209949493e-01, 1.797693134862e+308, 1.2800e+02, 0.0000e+00, 
 1DIAGNOSTIC,     3, -9.617418050766e-01, 1.797693134862e+308, 1.2800e+02, 0.0000e+00, 
 1DIAGNOSTIC,     4, -9.644988775253e-01, 1.797693134862e+308, 1.2800e+02, 0.0000e+00, 
 1DIAGNOSTIC,     5, -9.664524793625e-01, 1.797693134862e+308, 1.2800e+02, 0.0000e+00, 
 1DIAGNOSTIC,     6, -9.680912494659e-01, 1.797693134862e+308, 2.5600e+02, 1.2800e+02, 
 1DIAGNOSTIC,     7, -9.696865677834e-01, 1.797693134862e+308, 2.5600e+02, 0.0000e+00, 
 1DIAGNOSTIC,     8, -9.711834192276e-01, 1.797693134862e+308, 2.5600e+02, 0.0000e+00, 
 1DIAGNOSTIC,     9, -9.725707173347e-01, 1.797693134862e+308, 2.5600e+02, 0.0000e+00, 
 1DIAGNOSTIC,    10, -9.738045334816e-01, 1.238152384758e-03, 2.5600e+02, 0.0000e+00, 
 1DIAGNOSTIC,    11, -9.749768972397e-01, 9.631961584091e-04, 2.5600e+02, 0.0000e+00, 
 1DIAGNOSTIC,    12, -9.753383398056e-01, 7.431656122208e-04, 2.5600e+02, 0.0000e+00, 
 1DIAGNOSTIC,    13, -9.751788377762e-01, 5.767121911049e-04, 2.5600e+02, 0.0000e+00, 
 1DIAGNOSTIC,    14, -9.753628969193e-01, 4.433542490005e-04, 3.8400e+02, 1.2800e+02, 
 1DIAGNOSTIC,    15, -9.752867817879e-01, 3.236681222916e-04, 3.8400e+02, 0.0000e+00, 
 1DIAGNOSTIC,    16, -9.753413200378e-01, 2.200528979301e-04, 3.8400e+02, 0.0000e+00, 
 1DIAGNOSTIC,    17, -9.753408432007e-01, 1.358613371849e-04, 3.8400e+02, 0.0000e+00, 
 1DIAGNOSTIC,    18, -9.753639101982e-01, 7.335096597672e-05, 3.8400e+02, 0.0000e+00, 
 1DIAGNOSTIC,    19, -9.754023551941e-01, 3.252923488617e-05, 3.8400e+02, 0.0000e+00, 
 1DIAGNOSTIC,    20, -9.754172563553e-01, 1.074373722076e-05, 3.8400e+02, 0.0000e+00, 
 1DIAGNOSTIC,    21, -9.754634499550e-01, 7.059425115585e-06, 3.8400e+02, 0.0000e+00, 
 1DIAGNOSTIC,    22, -9.754748940468e-01, 8.210539817810e-06, 5.1200e+02, 1.2800e+02, 
 1DIAGNOSTIC,    23, -9.755122661591e-01, 7.014721632004e-06, 5.1200e+02, 0.0000e+00, 
 1DIAGNOSTIC,    24, -9.755197167397e-01, 7.737427949905e-06, 5.1200e+02, 0.0000e+00, 
 1DIAGNOSTIC,    25, -9.755536913872e-01, 7.286667823792e-06, 5.1200e+02, 0.0000e+00, 
 1DIAGNOSTIC,    26, -9.755620956421e-01, 7.029622793198e-06, 5.1200e+02, 0.0000e+00, 
 1DIAGNOSTIC,    27, -9.755837917328e-01, 6.463378667831e-06, 5.1200e+02, 0.0000e+00, 
 1DIAGNOSTIC,    28, -9.755911827087e-01, 5.751848220825e-06, 5.1200e+02, 0.0000e+00, 
 1DIAGNOSTIC,    29, -9.756093025208e-01, 5.226582288742e-06, 6.4000e+02, 1.2800e+02, 
 1DIAGNOSTIC,    30, -9.756177663803e-01, 4.556030035019e-06, 6.4000e+02, 0.0000e+00, 
 1DIAGNOSTIC,    31, -9.756285548210e-01, 4.138797521591e-06, 6.4000e+02, 0.0000e+00, 
 1DIAGNOSTIC,    32, -9.756362438202e-01, 3.624707460403e-06, 6.4000e+02, 0.0000e+00, 
 1DIAGNOSTIC,    33, -9.756433963776e-01, 3.281980752945e-06, 6.4000e+02, 0.0000e+00, 
 1DIAGNOSTIC,    34, -9.756476879120e-01, 2.836808562279e-06, 6.4000e+02, 0.0000e+00, 
 1DIAGNOSTIC,    35, -9.756531119347e-01, 2.561137080193e-06, 6.4000e+02, 0.0000e+00, 
 1DIAGNOSTIC,    36, -9.756551980972e-01, 2.231448888779e-06, 6.4000e+02, 0.0000e+00, 
 1DIAGNOSTIC,    37, -9.756600856781e-01, 1.994892954826e-06, 7.6800e+02, 1.2800e+02, 
 1DIAGNOSTIC,    38, -9.756610989571e-01, 1.734122633934e-06, 7.6800e+02, 0.0000e+00, 
 1DIAGNOSTIC,    39, -9.756671190262e-01, 1.570209860802e-06, 7.6800e+02, 0.0000e+00, 
 1DIAGNOSTIC,    40, -9.756675958633e-01, 1.411885023117e-06, 7.6800e+02, 0.0000e+00, 
 1DIAGNOSTIC,    41, -9.756709337234e-01, 1.303851604462e-06, 7.6800e+02, 0.0000e+00, 
 1DIAGNOSTIC,    42, -9.756689071655e-01, 1.188367605209e-06, 7.6800e+02, 0.0000e+00, 
 1DIAGNOSTIC,    43, -9.756728410721e-01, 1.110136508942e-06, 7.6800e+02, 0.0000e+00, 
 1DIAGNOSTIC,    44, -9.756685495377e-01, 1.002103090286e-06, 7.6800e+02, 0.0000e+00, 
 1DIAGNOSTIC,    45, -9.756716489792e-01, 9.275972843170e-07, 8.9600e+02, 1.2800e+02, 
XXDIAGNOSTIC,Iteration,metricValue,convergenceValue,ITERATION_TIME_INDEX,SINCE_LAST
 1DIAGNOSTIC,     1, -9.182839393616e-01, 1.797693134862e+308, 1.0240e+03, 1.2800e+02, 
 1DIAGNOSTIC,     2, -9.217969775200e-01, 1.797693134862e+308, 1.1520e+03, 1.2800e+02, 
 1DIAGNOSTIC,     3, -9.255686998367e-01, 1.797693134862e+308, 1.2800e+03, 1.2800e+02, 
 1DIAGNOSTIC,     4, -9.284818172455e-01, 1.797693134862e+308, 1.4080e+03, 1.2800e+02, 
 1DIAGNOSTIC,     5, -9.307204484940e-01, 1.797693134862e+308, 1.6640e+03, 2.5600e+02, 
 1DIAGNOSTIC,     6, -9.327206611633e-01, 1.797693134862e+308, 1.7920e+03, 1.2800e+02, 
 1DIAGNOSTIC,     7, -9.345526099205e-01, 1.797693134862e+308, 1.9200e+03, 1.2800e+02, 
 1DIAGNOSTIC,     8, -9.362689256668e-01, 1.797693134862e+308, 2.0480e+03, 1.2800e+02, 
 1DIAGNOSTIC,     9, -9.378529787064e-01, 1.797693134862e+308, 2.1760e+03, 1.2800e+02, 
 1DIAGNOSTIC,    10, -9.392418861389e-01, 1.397781074047e-03, 2.3040e+03, 1.2800e+02, 
 1DIAGNOSTIC,    11, -9.403308033943e-01, 1.111105084419e-03, 2.4320e+03, 1.2800e+02, 
 1DIAGNOSTIC,    12, -9.413183927536e-01, 8.858293294907e-04, 2.5600e+03, 1.2800e+02, 
 1DIAGNOSTIC,    13, -9.420112371445e-01, 7.190555334091e-04, 2.8160e+03, 2.5600e+02, 
 1DIAGNOSTIC,    14, -9.427503347397e-01, 5.898103117943e-04, 2.9440e+03, 1.2800e+02, 
 1DIAGNOSTIC,    15, -9.433166980743e-01, 4.804432392120e-04, 3.0720e+03, 1.2800e+02, 
 1DIAGNOSTIC,    16, -9.438669085503e-01, 3.889352083206e-04, 3.2000e+03, 1.2800e+02, 
 1DIAGNOSTIC,    17, -9.444172382355e-01, 3.147497773170e-04, 3.3280e+03, 1.2800e+02, 
 1DIAGNOSTIC,    18, -9.450177550316e-01, 2.585835754871e-04, 3.4560e+03, 1.2800e+02, 
 1DIAGNOSTIC,    19, -9.456572532654e-01, 2.196356654167e-04, 3.5840e+03, 1.2800e+02, 
 1DIAGNOSTIC,    20, -9.460883140564e-01, 1.915879547596e-04, 3.8400e+03, 2.5600e+02, 
 1DIAGNOSTIC,    21, -9.464909434319e-01, 1.698620617390e-04, 3.9680e+03, 1.2800e+02, 
 1DIAGNOSTIC,    22, -9.468701481819e-01, 1.530796289444e-04, 4.0960e+03, 1.2800e+02, 
 1DIAGNOSTIC,    23, -9.472197294235e-01, 1.370646059513e-04, 4.2240e+03, 1.2800e+02, 
 1DIAGNOSTIC,    24, -9.475331306458e-01, 1.227818429470e-04, 4.3520e+03, 1.2800e+02, 
 1DIAGNOSTIC,    25, -9.478129744530e-01, 1.083947718143e-04, 4.4800e+03, 1.2800e+02, 
 1DIAGNOSTIC,    26, -9.480540752411e-01, 9.416788816452e-05, 4.6080e+03, 1.2800e+02, 
 1DIAGNOSTIC,    27, -9.482700824738e-01, 8.073449134827e-05, 4.8640e+03, 2.5600e+02, 
 1DIAGNOSTIC,    28, -9.484686851501e-01, 6.924569606781e-05, 4.9920e+03, 1.2800e+02, 
 1DIAGNOSTIC,    29, -9.486378431320e-01, 6.046891212463e-05, 5.1200e+03, 1.2800e+02, 
 1DIAGNOSTIC,    30, -9.487886428833e-01, 5.246326327324e-05, 5.2480e+03, 1.2800e+02, 
 1DIAGNOSTIC,    31, -9.489265680313e-01, 4.532188177109e-05, 5.3760e+03, 1.2800e+02, 
 1DIAGNOSTIC,    32, -9.490463733673e-01, 3.907084465027e-05, 5.5040e+03, 1.2800e+02, 
 1DIAGNOSTIC,    33, -9.491557478905e-01, 3.375113010406e-05, 5.6320e+03, 1.2800e+02, 
 1DIAGNOSTIC,    34, -9.492493271828e-01, 2.919510006905e-05, 5.8880e+03, 2.5600e+02, 
 1DIAGNOSTIC,    35, -9.493327736855e-01, 2.531521022320e-05, 6.0160e+03, 1.2800e+02, 
 1DIAGNOSTIC,    36, -9.494077563286e-01, 2.195127308369e-05, 6.1440e+03, 1.2800e+02, 
 1DIAGNOSTIC,    37, -9.494812488556e-01, 1.909397542477e-05, 6.2720e+03, 1.2800e+02, 
 1DIAGNOSTIC,    38, -9.495428800583e-01, 1.669302582741e-05, 6.4000e+03, 1.2800e+02, 
 1DIAGNOSTIC,    39, -9.495969414711e-01, 1.461245119572e-05, 6.5280e+03, 1.2800e+02, 
 1DIAGNOSTIC,    40, -9.496459960938e-01, 1.280196011066e-05, 6.6560e+03, 1.2800e+02, 
 1DIAGNOSTIC,    41, -9.496963620186e-01, 1.131370663643e-05, 6.7840e+03, 1.2800e+02, 
 1DIAGNOSTIC,    42, -9.497404098511e-01, 1.004151999950e-05, 7.0400e+03, 2.5600e+02, 
 1DIAGNOSTIC,    43, -9.497810602188e-01, 8.985400199890e-06, 7.1680e+03, 1.2800e+02, 
 1DIAGNOSTIC,    44, -9.498276114464e-01, 8.143484592438e-06, 7.2960e+03, 1.2800e+02, 
 1DIAGNOSTIC,    45, -9.498693943024e-01, 7.448717951775e-06, 7.4240e+03, 1.2800e+02, 
 1DIAGNOSTIC,    46, -9.499053955078e-01, 6.863847374916e-06, 7.5520e+03, 1.2800e+02, 
 1DIAGNOSTIC,    47, -9.499442577362e-01, 6.418675184250e-06, 7.6800e+03, 1.2800e+02, 
 1DIAGNOSTIC,    48, -9.499808549881e-01, 6.053596735001e-06, 7.8080e+03, 1.2800e+02, 
 1DIAGNOSTIC,    49, -9.500074386597e-01, 5.682930350304e-06, 8.0640e+03, 2.5600e+02, 
 1DIAGNOSTIC,    50, -9.500347971916e-01, 5.288049578667e-06, 8.1920e+03, 1.2800e+02, 
 1DIAGNOSTIC,    51, -9.500607252121e-01, 4.917383193970e-06, 8.3200e+03, 1.2800e+02, 
 1DIAGNOSTIC,    52, -9.500820636749e-01, 4.520639777184e-06, 8.4480e+03, 1.2800e+02, 
 1DIAGNOSTIC,    53, -9.501044750214e-01, 4.114583134651e-06, 8.5760e+03, 1.2800e+02, 
 1DIAGNOSTIC,    54, -9.501259326935e-01, 3.760680556297e-06, 8.7040e+03, 1.2800e+02, 
 1DIAGNOSTIC,    55, -9.501465559006e-01, 3.457069396973e-06, 8.8320e+03, 1.2800e+02, 
 1DIAGNOSTIC,    56, -9.501692056656e-01, 3.196299076080e-06, 9.0880e+03, 2.5600e+02, 
 1DIAGNOSTIC,    57, -9.501901865005e-01, 3.008171916008e-06, 9.2160e+03, 1.2800e+02, 
 1DIAGNOSTIC,    58, -9.502152204514e-01, 2.902001142502e-06, 9.3440e+03, 1.2800e+02, 
 1DIAGNOSTIC,    59, -9.502304196358e-01, 2.786517143250e-06, 9.4720e+03, 1.2800e+02, 
 1DIAGNOSTIC,    60, -9.502485990524e-01, 2.684071660042e-06, 9.6000e+03, 1.2800e+02, 
 1DIAGNOSTIC,    61, -9.502701163292e-01, 2.605840563774e-06, 9.7280e+03, 1.2800e+02, 
 1DIAGNOSTIC,    62, -9.502823352814e-01, 2.494081854820e-06, 9.8560e+03, 1.2800e+02, 
 1DIAGNOSTIC,    63, -9.502968192101e-01, 2.369284629822e-06, 1.0112e+04, 2.5600e+02, 
 1DIAGNOSTIC,    64, -9.503100514412e-01, 2.229586243629e-06, 1.0240e+04, 1.2800e+02, 
 1DIAGNOSTIC,    65, -9.503225684166e-01, 2.078711986542e-06, 1.0368e+04, 1.2800e+02, 
 1DIAGNOSTIC,    66, -9.503365755081e-01, 1.942738890648e-06, 1.0496e+04, 1.2800e+02, 
 1DIAGNOSTIC,    67, -9.503468871117e-01, 1.810491085052e-06, 1.0624e+04, 1.2800e+02, 
 1DIAGNOSTIC,    68, -9.503577947617e-01, 1.711770892143e-06, 1.0752e+04, 1.2800e+02, 
 1DIAGNOSTIC,    69, -9.503687620163e-01, 1.609325408936e-06, 1.0880e+04, 1.2800e+02, 
 1DIAGNOSTIC,    70, -9.503769874573e-01, 1.506879925728e-06, 1.1008e+04, 1.2800e+02, 
XXDIAGNOSTIC,Iteration,metricValue,convergenceValue,ITERATION_TIME_INDEX,SINCE_LAST
 1DIAGNOSTIC,     1, -9.028457403183e-01, 1.797693134862e+308, 1.2160e+04, 1.1520e+03, 
 1DIAGNOSTIC,     2, -9.047423601151e-01, 1.797693134862e+308, 1.3312e+04, 1.1520e+03, 
 1DIAGNOSTIC,     3, -9.076490402222e-01, 1.797693134862e+308, 1.4336e+04, 1.0240e+03, 
 1DIAGNOSTIC,     4, -9.102749228477e-01, 1.797693134862e+308, 1.5488e+04, 1.1520e+03, 
 1DIAGNOSTIC,     5, -9.126248955727e-01, 1.797693134862e+308, 1.6512e+04, 1.0240e+03, 
 1DIAGNOSTIC,     6, -9.146932363510e-01, 1.797693134862e+308, 1.7664e+04, 1.1520e+03, 
 1DIAGNOSTIC,     7, -9.164309501648e-01, 1.797693134862e+308, 1.8688e+04, 1.0240e+03, 
 1DIAGNOSTIC,     8, -9.178900718689e-01, 1.797693134862e+308, 1.9840e+04, 1.1520e+03, 
 1DIAGNOSTIC,     9, -9.193323254585e-01, 1.797693134862e+308, 2.0864e+04, 1.0240e+03, 
 1DIAGNOSTIC,    10, -9.205199480057e-01, 1.274496316910e-03, 2.1888e+04, 1.0240e+03, 
 1DIAGNOSTIC,    11, -9.214506149292e-01, 1.051016151905e-03, 2.2912e+04, 1.0240e+03, 
 1DIAGNOSTIC,    12, -9.222941398621e-01, 8.409395813942e-04, 2.3936e+04, 1.0240e+03, 
 1DIAGNOSTIC,    13, -9.230873584747e-01, 6.751492619514e-04, 2.4960e+04, 1.0240e+03, 
 1DIAGNOSTIC,    14, -9.238139390945e-01, 5.454644560814e-04, 2.5984e+04, 1.0240e+03, 
 1DIAGNOSTIC,    15, -9.244794845581e-01, 4.451647400856e-04, 2.6880e+04, 8.9600e+02, 
 1DIAGNOSTIC,    16, -9.250994920731e-01, 3.684237599373e-04, 2.7904e+04, 1.0240e+03, 
 1DIAGNOSTIC,    17, -9.256359338760e-01, 3.080666065216e-04, 2.8928e+04, 1.0240e+03, 
 1DIAGNOSTIC,    18, -9.261189699173e-01, 2.591386437416e-04, 2.9952e+04, 1.0240e+03, 
 1DIAGNOSTIC,    19, -9.265601634979e-01, 2.218410372734e-04, 3.0976e+04, 1.0240e+03, 
 1DIAGNOSTIC,    20, -9.269411563873e-01, 1.918561756611e-04, 3.2000e+04, 1.0240e+03, 
 1DIAGNOSTIC,    21, -9.272776842117e-01, 1.654624938965e-04, 3.3024e+04, 1.0240e+03, 
 1DIAGNOSTIC,    22, -9.275801181793e-01, 1.420900225639e-04, 3.3920e+04, 8.9600e+02, 
 1DIAGNOSTIC,    23, -9.278391599655e-01, 1.215673983097e-04, 3.4944e+04, 1.0240e+03, 
 1DIAGNOSTIC,    24, -9.280522465706e-01, 1.034550368786e-04, 3.5968e+04, 1.0240e+03, 
 1DIAGNOSTIC,    25, -9.282318949699e-01, 8.752942085266e-05, 3.6992e+04, 1.0240e+03, 
 1DIAGNOSTIC,    26, -9.283847212791e-01, 7.378682494164e-05, 3.8016e+04, 1.0240e+03, 
 1DIAGNOSTIC,    27, -9.285126924515e-01, 6.173923611641e-05, 3.9040e+04, 1.0240e+03, 
 1DIAGNOSTIC,    28, -9.286335706711e-01, 5.142390727997e-05, 4.0064e+04, 1.0240e+03, 
 1DIAGNOSTIC,    29, -9.287502765656e-01, 4.293024539948e-05, 4.0960e+04, 8.9600e+02, 
 1DIAGNOSTIC,    30, -9.288636445999e-01, 3.607198596001e-05, 4.1984e+04, 1.0240e+03, 
 1DIAGNOSTIC,    31, -9.289710521698e-01, 3.071129322052e-05, 4.3008e+04, 1.0240e+03, 
 1DIAGNOSTIC,    32, -9.290753602982e-01, 2.674758434296e-05, 4.4032e+04, 1.0240e+03, 
 1DIAGNOSTIC,    33, -9.291782379150e-01, 2.391636371613e-05, 4.5056e+04, 1.0240e+03, 
 1DIAGNOSTIC,    34, -9.292770624161e-01, 2.186372876167e-05, 4.6080e+04, 1.0240e+03, 
 1DIAGNOSTIC,    35, -9.293799996376e-01, 2.040341496468e-05, 4.7104e+04, 1.0240e+03, 
 1DIAGNOSTIC,    36, -9.294844865799e-01, 1.934356987476e-05, 4.8000e+04, 8.9600e+02, 
 1DIAGNOSTIC,    37, -9.295977354050e-01, 1.856870949268e-05, 4.9024e+04, 1.0240e+03, 
 1DIAGNOSTIC,    38, -9.297074675560e-01, 1.798942685127e-05, 5.0048e+04, 1.0240e+03, 
 1DIAGNOSTIC,    39, -9.298273921013e-01, 1.765787601471e-05, 5.1072e+04, 1.0240e+03, 
 1DIAGNOSTIC,    40, -9.299571514130e-01, 1.758523285389e-05, 5.2096e+04, 1.0240e+03, 
 1DIAGNOSTIC,    41, -9.300907254219e-01, 1.769140362740e-05, 5.3120e+04, 1.0240e+03, 
 1DIAGNOSTIC,    42, -9.302365779877e-01, 1.799128949642e-05, 5.4144e+04, 1.0240e+03, 
 1DIAGNOSTIC,    43, -9.303755760193e-01, 1.833587884903e-05, 5.5040e+04, 8.9600e+02, 
 1DIAGNOSTIC,    44, -9.305013418198e-01, 1.853518188000e-05, 5.6064e+04, 1.0240e+03, 
 1DIAGNOSTIC,    45, -9.306223988533e-01, 1.853704452515e-05, 5.7088e+04, 1.0240e+03, 
 1DIAGNOSTIC,    46, -9.307342767715e-01, 1.825951039791e-05, 5.8112e+04, 1.0240e+03, 
 1DIAGNOSTIC,    47, -9.308434128761e-01, 1.774728298187e-05, 5.9136e+04, 1.0240e+03, 
 1DIAGNOSTIC,    48, -9.309446811676e-01, 1.695752143860e-05, 6.0160e+04, 1.0240e+03, 
 1DIAGNOSTIC,    49, -9.310389757156e-01, 1.596473157406e-05, 6.1184e+04, 1.0240e+03, 
 1DIAGNOSTIC,    50, -9.311334490776e-01, 1.490302383900e-05, 6.2080e+04, 8.9600e+02, 
XXDIAGNOSTIC,Iteration,metricValue,convergenceValue,ITERATION_TIME_INDEX,SINCE_LAST
 1DIAGNOSTIC,     1, -8.983695507050e-01, 1.797693134862e+308, 7.0528e+04, 8.4480e+03, 
 1DIAGNOSTIC,     2, -9.000754356384e-01, 1.797693134862e+308, 7.8720e+04, 8.1920e+03, 
 1DIAGNOSTIC,     3, -9.020458459854e-01, 1.797693134862e+308, 8.6912e+04, 8.1920e+03, 
 1DIAGNOSTIC,     4, -9.038614034653e-01, 1.797693134862e+308, 9.5104e+04, 8.1920e+03, 
 1DIAGNOSTIC,     5, -9.056190252304e-01, 1.797693134862e+308, 1.0330e+05, 8.1920e+03, 
 1DIAGNOSTIC,     6, -9.073129892349e-01, 1.797693134862e+308, 1.1149e+05, 8.1920e+03, 
 1DIAGNOSTIC,     7, -9.090362191200e-01, 1.797693134862e+308, 1.1968e+05, 8.1920e+03, 
 1DIAGNOSTIC,     8, -9.105433225632e-01, 1.797693134862e+308, 1.2787e+05, 8.1920e+03, 
 1DIAGNOSTIC,     9, -9.119832515717e-01, 1.797693134862e+308, 1.3606e+05, 8.1920e+03, 
 1DIAGNOSTIC,    10, -9.133515357971e-01, 1.070961356163e-03, 1.4426e+05, 8.1920e+03, 
 1DIAGNOSTIC,    11, -9.145745635033e-01, 9.333416819572e-04, 1.5245e+05, 8.1920e+03, 
 1DIAGNOSTIC,    12, -9.156974554062e-01, 8.081123232841e-04, 1.6051e+05, 8.0640e+03, 
 1DIAGNOSTIC,    13, -9.167192578316e-01, 7.007122039795e-04, 1.6870e+05, 8.1920e+03, 
 1DIAGNOSTIC,    14, -9.176353216171e-01, 6.056427955627e-04, 1.7690e+05, 8.1920e+03, 
