---------------------
Experiment information

SIF_IMG: /mnt/lustre/mathdugre/containers/ants-flint-vprec.simg
SIF_IMG_BASE: /mnt/lustre/mathdugre/containers/ants-flint-base.simg
EXPERIMENT_NAME: flint-vprec-single-five-levels
STAGE: syn
SUBJECT_ID: s020
REPETITION_ID: 1

FIXED_IMG: /templateflow/tpl-MNI152NLin2009cAsym/tpl-MNI152NLin2009cAsym_res-01_desc-brain_T1w.nii.gz
INPUT_IMG: /mnt/lustre/mathdugre/fast-interpolate/datasets/ds004513/derivatives/flint/ants/flint-vprec-single-five-levels/sub-s020/ses-open/anat/01/1_Affine.nii.gz

DATA_DIR: /mnt/lustre/mathdugre/fast-interpolate/datasets/ds004513
OUTPUT_DIR: /mnt/lustre/mathdugre/fast-interpolate/datasets/ds004513/derivatives/flint/ants/flint-vprec-single-five-levels/sub-s020/ses-open/anat
OUTPUT_PREFIX: 011
THREAD: 1
FLOAT: 0
VFC_BACKENDS: libinterflop_vprec.so --precision-binary32=23 --range-binary32=8 --precision-binary64=23 --range-binary64=8
---------------------

--output [/mnt/lustre/mathdugre/fast-interpolate/datasets/ds004513/derivatives/flint/ants/flint-vprec-single-five-levels/sub-s020/ses-open/anat/011/1_,/mnt/lustre/mathdugre/fast-interpolate/datasets/ds004513/derivatives/flint/ants/flint-vprec-single-five-levels/sub-s020/ses-open/anat/011/1_Warped.nii.gz,/mnt/lustre/mathdugre/fast-interpolate/datasets/ds004513/derivatives/flint/ants/flint-vprec-single-five-levels/sub-s020/ses-open/anat/011/1_InverseSyN.nii.gz] --initial-moving-transform [/templateflow/tpl-MNI152NLin2009cAsym/tpl-MNI152NLin2009cAsym_res-01_desc-brain_T1w.nii.gz,/mnt/lustre/mathdugre/fast-interpolate/datasets/ds004513/derivatives/flint/ants/flint-vprec-single-five-levels/sub-s020/ses-open/anat/01/1_Affine.nii.gz,1] --transform SyN[ 0.1,3,0 ] --metric CC[/templateflow/tpl-MNI152NLin2009cAsym/tpl-MNI152NLin2009cAsym_res-01_desc-brain_T1w.nii.gz,/mnt/lustre/mathdugre/fast-interpolate/datasets/ds004513/derivatives/flint/ants/flint-vprec-single-five-levels/sub-s020/ses-open/anat/01/1_Affine.nii.gz,1,4] --convergence [100x100x70x50x20,1e-6,10] --shrink-factors 16x8x4x2x1 --smoothing-sigmas 4x3x2x1x0vox
All_Command_lines_OK
Using double precision for computations.
=============================================================================
The composite transform comprises the following transforms (in order): 
  1. Center of mass alignment using fixed image: /templateflow/tpl-MNI152NLin2009cAsym/tpl-MNI152NLin2009cAsym_res-01_desc-brain_T1w.nii.gz and moving image: /mnt/lustre/mathdugre/fast-interpolate/datasets/ds004513/derivatives/flint/ants/flint-vprec-single-five-levels/sub-s020/ses-open/anat/01/1_Affine.nii.gz (type = Euler3DTransform)
=============================================================================
  number of levels = 5
  fixed image: /templateflow/tpl-MNI152NLin2009cAsym/tpl-MNI152NLin2009cAsym_res-01_desc-brain_T1w.nii.gz
  moving image: /mnt/lustre/mathdugre/fast-interpolate/datasets/ds004513/derivatives/flint/ants/flint-vprec-single-five-levels/sub-s020/ses-open/anat/01/1_Affine.nii.gz
Dimension = 3
Number of stages = 1
Use histogram matching = false
Winsorize image intensities = true
  Lower quantile = 0.005
  Upper quantile = 0.995


Stage 1 State
   Image metric = CC
     Fixed image = Image (0x3956f00)
  RTTI typeinfo:   itk::Image<double, 3u>
  Reference Count: 2
  Modified Time: 1622
  Debug: Off
  Object Name: 
  Observers: 
    none
  Source: (none)
  Source output name: (none)
  Release Data: Off
  Data Released: False
  Global Release Data: Off
  PipelineMTime: 0
  UpdateMTime: 1407
  RealTimeStamp: 0 seconds 
  LargestPossibleRegion: 
    Dimension: 3
    Index: [0, 0, 0]
    Size: [193, 229, 193]
  BufferedRegion: 
    Dimension: 3
    Index: [0, 0, 0]
    Size: [193, 229, 193]
  RequestedRegion: 
    Dimension: 3
    Index: [0, 0, 0]
    Size: [193, 229, 193]
  Spacing: [1, 1, 1]
  Origin: [96, 132, -78]
  Direction: 
-1 0 0
0 -1 0
0 0 1

  IndexToPointMatrix: 
-1 0 0
0 -1 0
0 0 1

  PointToIndexMatrix: 
-1 0 0
0 -1 0
0 0 1

  Inverse Direction: 
-1 0 0
0 -1 0
0 0 1

  PixelContainer: 
    ImportImageContainer (0x3a431d0)
      RTTI typeinfo:   itk::ImportImageContainer<unsigned long, double>
      Reference Count: 1
      Modified Time: 1404
      Debug: Off
      Object Name: 
      Observers: 
        none
      Pointer: 0x7f880269a010
      Container manages memory: true
      Size: 8530021
      Capacity: 8530021

     Moving image = Image (0x395dff0)
  RTTI typeinfo:   itk::Image<double, 3u>
  Reference Count: 2
  Modified Time: 1623
  Debug: Off
  Object Name: 
  Observers: 
    none
  Source: (none)
  Source output name: (none)
  Release Data: Off
  Data Released: False
  Global Release Data: Off
  PipelineMTime: 0
  UpdateMTime: 1620
  RealTimeStamp: 0 seconds 
  LargestPossibleRegion: 
    Dimension: 3
    Index: [0, 0, 0]
    Size: [193, 229, 193]
  BufferedRegion: 
    Dimension: 3
    Index: [0, 0, 0]
    Size: [193, 229, 193]
  RequestedRegion: 
    Dimension: 3
    Index: [0, 0, 0]
    Size: [193, 229, 193]
  Spacing: [1, 1, 1]
  Origin: [96, 132, -78]
  Direction: 
-1 0 0
0 -1 0
0 0 1

  IndexToPointMatrix: 
-1 0 0
0 -1 0
0 0 1

  PointToIndexMatrix: 
-1 0 0
0 -1 0
0 0 1

  Inverse Direction: 
-1 0 0
0 -1 0
0 0 1

  PixelContainer: 
    ImportImageContainer (0x39e4940)
      RTTI typeinfo:   itk::ImportImageContainer<unsigned long, double>
      Reference Count: 1
      Modified Time: 1617
      Debug: Off
      Object Name: 
      Observers: 
        none
      Pointer: 0x7f87fe585010
      Container manages memory: true
      Size: 8530021
      Capacity: 8530021

     Weighting = 1
     Sampling strategy = none
     Number of bins = 32
     Radius = 4
     Sampling percentage  = 1
   Transform = SyN
     Gradient step = 0.1
     Update field sigma (voxel space) = 3
     Total field sigma (voxel space) = 0
     Update field time sigma = 0
     Total field time sigma  = 0
     Number of time indices = 0
     Number of time point samples = 0
Registration using 1 total stages.

Stage 0
  iterations = 100x100x70x50x20
  convergence threshold = 1e-06
  convergence window size = 10
  number of levels = 5
  using the CC metric (radius = 4, weight = 1, use gradient filter = 0)
  preprocessing:  winsorizing the image intensities
  Shrink factors (level 1 out of 5): [16, 16, 16]
  Shrink factors (level 2 out of 5): [8, 8, 8]
  Shrink factors (level 3 out of 5): [4, 4, 4]
  Shrink factors (level 4 out of 5): [2, 2, 2]
  Shrink factors (level 5 out of 5): [1, 1, 1]
  smoothing sigmas per level: [4, 3, 2, 1, 0]
  Using default NONE metricSamplingStrategy 

*** Running SyN registration (varianceForUpdateField = 3, varianceForTotalField = 0) ***

XXDIAGNOSTIC,Iteration,metricValue,convergenceValue,ITERATION_TIME_INDEX,SINCE_LAST
 1DIAGNOSTIC,     1, -9.388342499733e-01, 1.797693134862e+308, 0.0000e+00, 0.0000e+00, 
 1DIAGNOSTIC,     2, -9.505999088287e-01, 1.797693134862e+308, 1.2800e+02, 1.2800e+02, 
 1DIAGNOSTIC,     3, -9.569200277328e-01, 1.797693134862e+308, 1.2800e+02, 0.0000e+00, 
 1DIAGNOSTIC,     4, -9.594294428825e-01, 1.797693134862e+308, 1.2800e+02, 0.0000e+00, 
 1DIAGNOSTIC,     5, -9.609512090683e-01, 1.797693134862e+308, 1.2800e+02, 0.0000e+00, 
 1DIAGNOSTIC,     6, -9.619189500809e-01, 1.797693134862e+308, 1.2800e+02, 0.0000e+00, 
 1DIAGNOSTIC,     7, -9.625902175903e-01, 1.797693134862e+308, 1.2800e+02, 0.0000e+00, 
 1DIAGNOSTIC,     8, -9.630284309387e-01, 1.797693134862e+308, 1.2800e+02, 0.0000e+00, 
 1DIAGNOSTIC,     9, -9.633902311325e-01, 1.797693134862e+308, 1.2800e+02, 0.0000e+00, 
 1DIAGNOSTIC,    10, -9.636619091034e-01, 1.246809959412e-03, 1.2800e+02, 0.0000e+00, 
 1DIAGNOSTIC,    11, -9.638704061508e-01, 6.233677268028e-04, 1.2800e+02, 0.0000e+00, 
 1DIAGNOSTIC,    12, -9.640316963196e-01, 3.398284316063e-04, 1.2800e+02, 0.0000e+00, 
 1DIAGNOSTIC,    13, -9.641572833061e-01, 2.154782414436e-04, 1.2800e+02, 0.0000e+00, 
 1DIAGNOSTIC,    14, -9.642547369003e-01, 1.441761851311e-04, 1.2800e+02, 0.0000e+00, 
 1DIAGNOSTIC,    15, -9.643332958221e-01, 1.007020473480e-04, 1.2800e+02, 0.0000e+00, 
 1DIAGNOSTIC,    16, -9.643992185593e-01, 7.253140211105e-05, 1.2800e+02, 0.0000e+00, 
 1DIAGNOSTIC,    17, -9.644549489021e-01, 5.373358726501e-05, 1.2800e+02, 0.0000e+00, 
 1DIAGNOSTIC,    18, -9.645003080368e-01, 4.007294774055e-05, 1.2800e+02, 0.0000e+00, 
 1DIAGNOSTIC,    19, -9.645359516144e-01, 3.043934702873e-05, 1.2800e+02, 0.0000e+00, 
 1DIAGNOSTIC,    20, -9.645658731461e-01, 2.348795533180e-05, 1.2800e+02, 0.0000e+00, 
 1DIAGNOSTIC,    21, -9.645901322365e-01, 1.841038465500e-05, 1.2800e+02, 0.0000e+00, 
 1DIAGNOSTIC,    22, -9.646093249321e-01, 1.461431384087e-05, 1.2800e+02, 0.0000e+00, 
 1DIAGNOSTIC,    23, -9.646247029305e-01, 1.170486211777e-05, 1.2800e+02, 0.0000e+00, 
 1DIAGNOSTIC,    24, -9.646353125572e-01, 9.387731552124e-06, 1.2800e+02, 0.0000e+00, 
 1DIAGNOSTIC,    25, -9.646449089050e-01, 7.525086402893e-06, 1.2800e+02, 0.0000e+00, 
 1DIAGNOSTIC,    26, -9.646503329277e-01, 6.027519702911e-06, 1.2800e+02, 0.0000e+00, 
 1DIAGNOSTIC,    27, -9.646539092064e-01, 4.816800355911e-06, 1.2800e+02, 0.0000e+00, 
 1DIAGNOSTIC,    28, -9.646571874619e-01, 3.866851329803e-06, 1.2800e+02, 0.0000e+00, 
 1DIAGNOSTIC,    29, -9.646592736244e-01, 3.106892108917e-06, 1.2800e+02, 0.0000e+00, 
 1DIAGNOSTIC,    30, -9.646623134613e-01, 2.525746822357e-06, 1.2800e+02, 0.0000e+00, 
 1DIAGNOSTIC,    31, -9.646632671356e-01, 2.074986696243e-06, 1.2800e+02, 0.0000e+00, 
 1DIAGNOSTIC,    32, -9.646641016006e-01, 1.743435859680e-06, 1.2800e+02, 0.0000e+00, 
 1DIAGNOSTIC,    33, -9.646652340889e-01, 1.505017280579e-06, 1.2800e+02, 0.0000e+00, 
 1DIAGNOSTIC,    34, -9.646654129028e-01, 1.320615410805e-06, 1.2800e+02, 0.0000e+00, 
 1DIAGNOSTIC,    35, -9.646664857864e-01, 1.197680830956e-06, 1.2800e+02, 0.0000e+00, 
 1DIAGNOSTIC,    36, -9.646667242050e-01, 1.106411218643e-06, 1.2800e+02, 0.0000e+00, 
 1DIAGNOSTIC,    37, -9.646666646004e-01, 1.020729541779e-06, 1.2800e+02, 0.0000e+00, 
 1DIAGNOSTIC,    38, -9.646670818329e-01, 9.555369615555e-07, 1.2800e+02, 0.0000e+00, 
XXDIAGNOSTIC,Iteration,metricValue,convergenceValue,ITERATION_TIME_INDEX,SINCE_LAST
 1DIAGNOSTIC,     1, -9.036606550217e-01, 1.797693134862e+308, 1.2800e+02, 0.0000e+00, 
 1DIAGNOSTIC,     2, -9.073299169540e-01, 1.797693134862e+308, 2.5600e+02, 1.2800e+02, 
 1DIAGNOSTIC,     3, -9.106460809708e-01, 1.797693134862e+308, 2.5600e+02, 0.0000e+00, 
 1DIAGNOSTIC,     4, -9.134119153023e-01, 1.797693134862e+308, 2.5600e+02, 0.0000e+00, 
 1DIAGNOSTIC,     5, -9.157443642616e-01, 1.797693134862e+308, 2.5600e+02, 0.0000e+00, 
 1DIAGNOSTIC,     6, -9.176108837128e-01, 1.797693134862e+308, 2.5600e+02, 0.0000e+00, 
 1DIAGNOSTIC,     7, -9.192692041397e-01, 1.797693134862e+308, 2.5600e+02, 0.0000e+00, 
 1DIAGNOSTIC,     8, -9.207047224045e-01, 1.797693134862e+308, 2.5600e+02, 0.0000e+00, 
 1DIAGNOSTIC,     9, -9.220375418663e-01, 1.797693134862e+308, 2.5600e+02, 0.0000e+00, 
 1DIAGNOSTIC,    10, -9.231824874878e-01, 1.322016119957e-03, 2.5600e+02, 0.0000e+00, 
 1DIAGNOSTIC,    11, -9.241944551468e-01, 1.031190156937e-03, 3.8400e+02, 1.2800e+02, 
 1DIAGNOSTIC,    12, -9.250116348267e-01, 8.114501833916e-04, 3.8400e+02, 0.0000e+00, 
 1DIAGNOSTIC,    13, -9.256876707077e-01, 6.467476487160e-04, 3.8400e+02, 0.0000e+00, 
 1DIAGNOSTIC,    14, -9.261149168015e-01, 5.169138312340e-04, 3.8400e+02, 0.0000e+00, 
 1DIAGNOSTIC,    15, -9.265737533569e-01, 4.145354032516e-04, 3.8400e+02, 0.0000e+00, 
 1DIAGNOSTIC,    16, -9.268361330032e-01, 3.278255462646e-04, 3.8400e+02, 0.0000e+00, 
 1DIAGNOSTIC,    17, -9.270542263985e-01, 2.551190555096e-04, 3.8400e+02, 0.0000e+00, 
 1DIAGNOSTIC,    18, -9.272350072861e-01, 1.945607364178e-04, 3.8400e+02, 0.0000e+00, 
 1DIAGNOSTIC,    19, -9.273931384087e-01, 1.465193927288e-04, 5.1200e+02, 1.2800e+02, 
 1DIAGNOSTIC,    20, -9.275254011154e-01, 1.093111932278e-04, 5.1200e+02, 0.0000e+00, 
 1DIAGNOSTIC,    21, -9.276389479637e-01, 8.196383714676e-05, 5.1200e+02, 0.0000e+00, 
 1DIAGNOSTIC,    22, -9.277402162552e-01, 6.232783198357e-05, 5.1200e+02, 0.0000e+00, 
 1DIAGNOSTIC,    23, -9.278236031532e-01, 4.881247878075e-05, 5.1200e+02, 0.0000e+00, 
 1DIAGNOSTIC,    24, -9.278959035873e-01, 3.828480839729e-05, 5.1200e+02, 0.0000e+00, 
 1DIAGNOSTIC,    25, -9.279637932777e-01, 3.156810998917e-05, 5.1200e+02, 0.0000e+00, 
 1DIAGNOSTIC,    26, -9.280324578285e-01, 2.639368176460e-05, 5.1200e+02, 0.0000e+00, 
 1DIAGNOSTIC,    27, -9.280855655670e-01, 2.230331301689e-05, 6.4000e+02, 1.2800e+02, 
 1DIAGNOSTIC,    28, -9.281328916550e-01, 1.897290349007e-05, 6.4000e+02, 0.0000e+00, 
 1DIAGNOSTIC,    29, -9.281768798828e-01, 1.633167266846e-05, 6.4000e+02, 0.0000e+00, 
 1DIAGNOSTIC,    30, -9.282134175301e-01, 1.413002610207e-05, 6.4000e+02, 0.0000e+00, 
 1DIAGNOSTIC,    31, -9.282476902008e-01, 1.227483153343e-05, 6.4000e+02, 0.0000e+00, 
 1DIAGNOSTIC,    32, -9.283942580223e-01, 1.185387372971e-05, 6.4000e+02, 0.0000e+00, 
 1DIAGNOSTIC,    33, -9.284028410912e-01, 1.123920083046e-05, 6.4000e+02, 0.0000e+00, 
 1DIAGNOSTIC,    34, -9.285308718681e-01, 1.149997115135e-05, 6.4000e+02, 0.0000e+00, 
 1DIAGNOSTIC,    35, -9.286416769028e-01, 1.229345798492e-05, 6.4000e+02, 0.0000e+00, 
 1DIAGNOSTIC,    36, -9.287345409393e-01, 1.331418752670e-05, 7.6800e+02, 1.2800e+02, 
 1DIAGNOSTIC,    37, -9.288097620010e-01, 1.414678990841e-05, 7.6800e+02, 0.0000e+00, 
 1DIAGNOSTIC,    38, -9.288729429245e-01, 1.456215977669e-05, 7.6800e+02, 0.0000e+00, 
 1DIAGNOSTIC,    39, -9.289214611053e-01, 1.437403261662e-05, 7.6800e+02, 0.0000e+00, 
 1DIAGNOSTIC,    40, -9.289655089378e-01, 1.350417733192e-05, 7.6800e+02, 0.0000e+00, 
 1DIAGNOSTIC,    41, -9.290022850037e-01, 1.198239624500e-05, 7.6800e+02, 0.0000e+00, 
 1DIAGNOSTIC,    42, -9.290288686752e-01, 1.073442399502e-05, 7.6800e+02, 0.0000e+00, 
 1DIAGNOSTIC,    43, -9.289249181747e-01, 7.895752787590e-06, 7.6800e+02, 0.0000e+00, 
 1DIAGNOSTIC,    44, -9.288457632065e-01, 4.857778549194e-06, 8.9600e+02, 1.2800e+02, 
 1DIAGNOSTIC,    45, -9.287878870964e-01, 1.920387148857e-06, 8.9600e+02, 0.0000e+00, 
 1DIAGNOSTIC,    46, -9.287337064743e-01, -7.618218660355e-07, 8.9600e+02, 0.0000e+00, 
XXDIAGNOSTIC,Iteration,metricValue,convergenceValue,ITERATION_TIME_INDEX,SINCE_LAST
 1DIAGNOSTIC,     1, -8.548879623413e-01, 1.797693134862e+308, 1.0240e+03, 1.2800e+02, 
 1DIAGNOSTIC,     2, -8.582839965820e-01, 1.797693134862e+308, 1.1520e+03, 1.2800e+02, 
 1DIAGNOSTIC,     3, -8.613479137421e-01, 1.797693134862e+308, 1.2800e+03, 1.2800e+02, 
 1DIAGNOSTIC,     4, -8.640726804733e-01, 1.797693134862e+308, 1.4080e+03, 1.2800e+02, 
 1DIAGNOSTIC,     5, -8.666093945503e-01, 1.797693134862e+308, 1.5360e+03, 1.2800e+02, 
 1DIAGNOSTIC,     6, -8.687887191772e-01, 1.797693134862e+308, 1.7920e+03, 2.5600e+02, 
 1DIAGNOSTIC,     7, -8.707433938980e-01, 1.797693134862e+308, 1.9200e+03, 1.2800e+02, 
 1DIAGNOSTIC,     8, -8.725008964539e-01, 1.797693134862e+308, 2.0480e+03, 1.2800e+02, 
 1DIAGNOSTIC,     9, -8.741090297699e-01, 1.797693134862e+308, 2.1760e+03, 1.2800e+02, 
 1DIAGNOSTIC,    10, -8.754273653030e-01, 1.500800251961e-03, 2.3040e+03, 1.2800e+02, 
 1DIAGNOSTIC,    11, -8.767994046211e-01, 1.221962273121e-03, 2.4320e+03, 1.2800e+02, 
 1DIAGNOSTIC,    12, -8.779503107071e-01, 1.003131270409e-03, 2.5600e+03, 1.2800e+02, 
 1DIAGNOSTIC,    13, -8.790166974068e-01, 8.306130766869e-04, 2.6880e+03, 1.2800e+02, 
 1DIAGNOSTIC,    14, -8.800261616707e-01, 6.937980651855e-04, 2.8160e+03, 1.2800e+02, 
 1DIAGNOSTIC,    15, -8.809740543365e-01, 5.872324109077e-04, 2.9440e+03, 1.2800e+02, 
 1DIAGNOSTIC,    16, -8.818778991699e-01, 5.025416612625e-04, 3.0720e+03, 1.2800e+02, 
 1DIAGNOSTIC,    17, -8.827612400055e-01, 4.355795681477e-04, 3.2000e+03, 1.2800e+02, 
 1DIAGNOSTIC,    18, -8.836189508438e-01, 3.827996551991e-04, 3.3280e+03, 1.2800e+02, 
 1DIAGNOSTIC,    19, -8.844459652901e-01, 3.416016697884e-04, 3.4560e+03, 1.2800e+02, 
 1DIAGNOSTIC,    20, -8.852543830872e-01, 3.070719540119e-04, 3.5840e+03, 1.2800e+02, 
 1DIAGNOSTIC,    21, -8.860751390457e-01, 2.809800207615e-04, 3.8400e+03, 2.5600e+02, 
 1DIAGNOSTIC,    22, -8.868907690048e-01, 2.598650753498e-04, 3.9680e+03, 1.2800e+02, 
 1DIAGNOSTIC,    23, -8.877062797546e-01, 2.426542341709e-04, 4.0960e+03, 1.2800e+02, 
 1DIAGNOSTIC,    24, -8.885387182236e-01, 2.288781106472e-04, 4.2240e+03, 1.2800e+02, 
 1DIAGNOSTIC,    25, -8.893804550171e-01, 2.177879214287e-04, 4.3520e+03, 1.2800e+02, 
 1DIAGNOSTIC,    26, -8.901568651199e-01, 2.078600227833e-04, 4.4800e+03, 1.2800e+02, 
 1DIAGNOSTIC,    27, -8.908900022507e-01, 1.983679831028e-04, 4.6080e+03, 1.2800e+02, 
 1DIAGNOSTIC,    28, -8.915744423866e-01, 1.885853707790e-04, 4.7360e+03, 1.2800e+02, 
 1DIAGNOSTIC,    29, -8.922116756439e-01, 1.779124140739e-04, 4.8640e+03, 1.2800e+02, 
 1DIAGNOSTIC,    30, -8.928275108337e-01, 1.663975417614e-04, 4.9920e+03, 1.2800e+02, 
 1DIAGNOSTIC,    31, -8.934098482132e-01, 1.544244587421e-04, 5.1200e+03, 1.2800e+02, 
 1DIAGNOSTIC,    32, -8.939441442490e-01, 1.421459019184e-04, 5.2480e+03, 1.2800e+02, 
 1DIAGNOSTIC,    33, -8.944479823112e-01, 1.299865543842e-04, 5.3760e+03, 1.2800e+02, 
 1DIAGNOSTIC,    34, -8.949003219604e-01, 1.183338463306e-04, 5.5040e+03, 1.2800e+02, 
 1DIAGNOSTIC,    35, -8.952941298485e-01, 1.074559986591e-04, 5.6320e+03, 1.2800e+02, 
 1DIAGNOSTIC,    36, -8.956278562546e-01, 9.687431156635e-05, 5.8880e+03, 2.5600e+02, 
 1DIAGNOSTIC,    37, -8.959168195724e-01, 8.653104305267e-05, 6.0160e+03, 1.2800e+02, 
 1DIAGNOSTIC,    38, -8.961890339851e-01, 7.660128176212e-05, 6.1440e+03, 1.2800e+02, 
 1DIAGNOSTIC,    39, -8.964283466339e-01, 6.710551679134e-05, 6.2720e+03, 1.2800e+02, 
 1DIAGNOSTIC,    40, -8.966552019119e-01, 5.846843123436e-05, 6.4000e+03, 1.2800e+02, 
 1DIAGNOSTIC,    41, -8.968500494957e-01, 5.077943205833e-05, 6.5280e+03, 1.2800e+02, 
 1DIAGNOSTIC,    42, -8.970181941986e-01, 4.400499165058e-05, 6.6560e+03, 1.2800e+02, 
 1DIAGNOSTIC,    43, -8.971940279007e-01, 3.844127058983e-05, 6.7840e+03, 1.2800e+02, 
 1DIAGNOSTIC,    44, -8.973485231400e-01, 3.390200436115e-05, 6.9120e+03, 1.2800e+02, 
 1DIAGNOSTIC,    45, -8.974936008453e-01, 3.019347786903e-05, 7.0400e+03, 1.2800e+02, 
 1DIAGNOSTIC,    46, -8.976270556450e-01, 2.705678343773e-05, 7.1680e+03, 1.2800e+02, 
 1DIAGNOSTIC,    47, -8.977564573288e-01, 2.435594797134e-05, 7.2960e+03, 1.2800e+02, 
 1DIAGNOSTIC,    48, -8.978689908981e-01, 2.204068005085e-05, 7.4240e+03, 1.2800e+02, 
 1DIAGNOSTIC,    49, -8.979781270027e-01, 2.001971006393e-05, 7.5520e+03, 1.2800e+02, 
 1DIAGNOSTIC,    50, -8.980799913406e-01, 1.831911504269e-05, 7.6800e+03, 1.2800e+02, 
 1DIAGNOSTIC,    51, -8.981749415398e-01, 1.678615808487e-05, 7.9360e+03, 2.5600e+02, 
 1DIAGNOSTIC,    52, -8.982647657394e-01, 1.533888280392e-05, 8.0640e+03, 1.2800e+02, 
 1DIAGNOSTIC,    53, -8.983433842659e-01, 1.404993236065e-05, 8.1920e+03, 1.2800e+02, 
 1DIAGNOSTIC,    54, -8.984302282333e-01, 1.293420791626e-05, 8.3200e+03, 1.2800e+02, 
 1DIAGNOSTIC,    55, -8.984968662262e-01, 1.189298927784e-05, 8.4480e+03, 1.2800e+02, 
 1DIAGNOSTIC,    56, -8.985519409180e-01, 1.086480915546e-05, 8.5760e+03, 1.2800e+02, 
 1DIAGNOSTIC,    57, -8.986139297485e-01, 9.950250387192e-06, 8.7040e+03, 1.2800e+02, 
 1DIAGNOSTIC,    58, -8.986765146255e-01, 9.123235940933e-06, 8.8320e+03, 1.2800e+02, 
 1DIAGNOSTIC,    59, -8.987252712250e-01, 8.339062333107e-06, 8.9600e+03, 1.2800e+02, 
 1DIAGNOSTIC,    60, -8.987787365913e-01, 7.659196853638e-06, 9.0880e+03, 1.2800e+02, 
 1DIAGNOSTIC,    61, -8.988257646561e-01, 7.042661309242e-06, 9.2160e+03, 1.2800e+02, 
 1DIAGNOSTIC,    62, -8.988847732544e-01, 6.588175892830e-06, 9.3440e+03, 1.2800e+02, 
 1DIAGNOSTIC,    63, -8.989273309708e-01, 6.161630153656e-06, 9.4720e+03, 1.2800e+02, 
 1DIAGNOSTIC,    64, -8.989727497101e-01, 5.859881639481e-06, 9.6000e+03, 1.2800e+02, 
 1DIAGNOSTIC,    65, -8.990122079849e-01, 5.571171641350e-06, 9.7280e+03, 1.2800e+02, 
 1DIAGNOSTIC,    66, -8.990412354469e-01, 5.202367901802e-06, 9.9840e+03, 2.5600e+02, 
 1DIAGNOSTIC,    67, -8.990749120712e-01, 4.837289452553e-06, 1.0112e+04, 1.2800e+02, 
 1DIAGNOSTIC,    68, -8.991026878357e-01, 4.488974809647e-06, 1.0240e+04, 1.2800e+02, 
 1DIAGNOSTIC,    69, -8.991255164146e-01, 4.086643457413e-06, 1.0368e+04, 1.2800e+02, 
 1DIAGNOSTIC,    70, -8.991605639458e-01, 3.745779395103e-06, 1.0496e+04, 1.2800e+02, 
XXDIAGNOSTIC,Iteration,metricValue,convergenceValue,ITERATION_TIME_INDEX,SINCE_LAST
 1DIAGNOSTIC,     1, -8.529487848282e-01, 1.797693134862e+308, 1.1648e+04, 1.1520e+03, 
 1DIAGNOSTIC,     2, -8.559082746506e-01, 1.797693134862e+308, 1.2800e+04, 1.1520e+03, 
 1DIAGNOSTIC,     3, -8.590277433395e-01, 1.797693134862e+308, 1.3952e+04, 1.1520e+03, 
 1DIAGNOSTIC,     4, -8.619633913040e-01, 1.797693134862e+308, 1.4976e+04, 1.0240e+03, 
 1DIAGNOSTIC,     5, -8.646687269211e-01, 1.797693134862e+308, 1.6128e+04, 1.1520e+03, 
 1DIAGNOSTIC,     6, -8.673411607742e-01, 1.797693134862e+308, 1.7280e+04, 1.1520e+03, 
 1DIAGNOSTIC,     7, -8.696373105049e-01, 1.797693134862e+308, 1.8432e+04, 1.1520e+03, 
 1DIAGNOSTIC,     8, -8.719731569290e-01, 1.797693134862e+308, 1.9456e+04, 1.0240e+03, 
 1DIAGNOSTIC,     9, -8.739652633667e-01, 1.797693134862e+308, 2.0608e+04, 1.1520e+03, 
 1DIAGNOSTIC,    10, -8.758014440536e-01, 1.702561974525e-03, 2.1760e+04, 1.1520e+03, 
 1DIAGNOSTIC,    11, -8.773192167282e-01, 1.442670822144e-03, 2.2912e+04, 1.1520e+03, 
 1DIAGNOSTIC,    12, -8.786510229111e-01, 1.213125884533e-03, 2.3936e+04, 1.0240e+03, 
 1DIAGNOSTIC,    13, -8.798915743828e-01, 1.018449664116e-03, 2.5088e+04, 1.1520e+03, 
 1DIAGNOSTIC,    14, -8.810027837753e-01, 8.529573678970e-04, 2.6240e+04, 1.1520e+03, 
 1DIAGNOSTIC,    15, -8.820438981056e-01, 7.126405835152e-04, 2.7392e+04, 1.1520e+03, 
 1DIAGNOSTIC,    16, -8.831434249878e-01, 6.010979413986e-04, 2.8544e+04, 1.1520e+03, 
 1DIAGNOSTIC,    17, -8.840533494949e-01, 5.083009600639e-04, 2.9568e+04, 1.0240e+03, 
 1DIAGNOSTIC,    18, -8.848673701286e-01, 4.355460405350e-04, 3.0720e+04, 1.1520e+03, 
 1DIAGNOSTIC,    19, -8.855217099190e-01, 3.751143813133e-04, 3.1872e+04, 1.1520e+03, 
 1DIAGNOSTIC,    20, -8.862918615341e-01, 3.280714154243e-04, 3.3024e+04, 1.1520e+03, 
 1DIAGNOSTIC,    21, -8.869028091431e-01, 2.876222133636e-04, 3.4176e+04, 1.1520e+03, 
 1DIAGNOSTIC,    22, -8.875308632851e-01, 2.527497708797e-04, 3.5200e+04, 1.0240e+03, 
 1DIAGNOSTIC,    23, -8.881490230560e-01, 2.234168350697e-04, 3.6352e+04, 1.1520e+03, 
 1DIAGNOSTIC,    24, -8.887633085251e-01, 1.988299190998e-04, 3.7504e+04, 1.1520e+03, 
 1DIAGNOSTIC,    25, -8.893356323242e-01, 1.782961189747e-04, 3.8656e+04, 1.1520e+03, 
 1DIAGNOSTIC,    26, -8.898773789406e-01, 1.629255712032e-04, 3.9808e+04, 1.1520e+03, 
 1DIAGNOSTIC,    27, -8.904066085815e-01, 1.505389809608e-04, 4.0832e+04, 1.0240e+03, 
 1DIAGNOSTIC,    28, -8.909121155739e-01, 1.400634646416e-04, 4.1984e+04, 1.1520e+03, 
 1DIAGNOSTIC,    29, -8.913983106613e-01, 1.297146081924e-04, 4.3136e+04, 1.1520e+03, 
 1DIAGNOSTIC,    30, -8.918763399124e-01, 1.212246716022e-04, 4.4288e+04, 1.1520e+03, 
 1DIAGNOSTIC,    31, -8.923366069794e-01, 1.129545271397e-04, 4.5440e+04, 1.1520e+03, 
 1DIAGNOSTIC,    32, -8.927746415138e-01, 1.052245497704e-04, 4.6592e+04, 1.1520e+03, 
 1DIAGNOSTIC,    33, -8.931899070740e-01, 9.806454181671e-05, 4.7616e+04, 1.0240e+03, 
 1DIAGNOSTIC,    34, -8.935986161232e-01, 9.172037243843e-05, 4.8768e+04, 1.1520e+03, 
 1DIAGNOSTIC,    35, -8.939755558968e-01, 8.575432002544e-05, 4.9920e+04, 1.1520e+03, 
 1DIAGNOSTIC,    36, -8.943556547165e-01, 8.021295070648e-05, 5.1072e+04, 1.1520e+03, 
 1DIAGNOSTIC,    37, -8.947111964226e-01, 7.503852248192e-05, 5.2224e+04, 1.1520e+03, 
 1DIAGNOSTIC,    38, -8.950667977333e-01, 7.029250264168e-05, 5.3248e+04, 1.0240e+03, 
 1DIAGNOSTIC,    39, -8.954080939293e-01, 6.592646241188e-05, 5.4400e+04, 1.1520e+03, 
 1DIAGNOSTIC,    40, -8.957504034042e-01, 6.209313869476e-05, 5.5552e+04, 1.1520e+03, 
 1DIAGNOSTIC,    41, -8.960751295090e-01, 5.868636071682e-05, 5.6704e+04, 1.1520e+03, 
 1DIAGNOSTIC,    42, -8.963922262192e-01, 5.562603473663e-05, 5.7856e+04, 1.1520e+03, 
 1DIAGNOSTIC,    43, -8.966813683510e-01, 5.267187952995e-05, 5.9008e+04, 1.1520e+03, 
 1DIAGNOSTIC,    44, -8.969596624374e-01, 4.985556006432e-05, 6.0032e+04, 1.0240e+03, 
 1DIAGNOSTIC,    45, -8.972258567810e-01, 4.700198769569e-05, 6.1184e+04, 1.1520e+03, 
 1DIAGNOSTIC,    46, -8.974643349648e-01, 4.410929977894e-05, 6.2336e+04, 1.1520e+03, 
 1DIAGNOSTIC,    47, -8.977055549622e-01, 4.121847450733e-05, 6.3488e+04, 1.1520e+03, 
 1DIAGNOSTIC,    48, -8.979213833809e-01, 3.834068775177e-05, 6.4640e+04, 1.1520e+03, 
 1DIAGNOSTIC,    49, -8.981505632401e-01, 3.567151725292e-05, 6.5792e+04, 1.1520e+03, 
 1DIAGNOSTIC,    50, -8.983510732651e-01, 3.318302333355e-05, 6.6816e+04, 1.0240e+03, 
XXDIAGNOSTIC,Iteration,metricValue,convergenceValue,ITERATION_TIME_INDEX,SINCE_LAST
 1DIAGNOSTIC,     1, -8.766121864319e-01, 1.797693134862e+308, 7.6288e+04, 9.4720e+03, 
 1DIAGNOSTIC,     2, -8.777290582657e-01, 1.797693134862e+308, 8.5504e+04, 9.2160e+03, 
 1DIAGNOSTIC,     3, -8.792327642441e-01, 1.797693134862e+308, 9.4848e+04, 9.3440e+03, 
 1DIAGNOSTIC,     4, -8.807335495949e-01, 1.797693134862e+308, 1.0406e+05, 9.2160e+03, 
 1DIAGNOSTIC,     5, -8.823825120926e-01, 1.797693134862e+308, 1.1328e+05, 9.2160e+03, 
 1DIAGNOSTIC,     6, -8.837764263153e-01, 1.797693134862e+308, 1.2237e+05, 9.0880e+03, 
 1DIAGNOSTIC,     7, -8.851399421692e-01, 1.797693134862e+308, 1.3158e+05, 9.2160e+03, 
 1DIAGNOSTIC,     8, -8.864185214043e-01, 1.797693134862e+308, 1.4080e+05, 9.2160e+03, 
 1DIAGNOSTIC,     9, -8.875848054886e-01, 1.797693134862e+308, 1.5002e+05, 9.2160e+03, 
 1DIAGNOSTIC,    10, -8.885755538940e-01, 9.015649557114e-04, 1.5923e+05, 9.2160e+03, 
