---------------------
Experiment information

SIF_IMG: /mnt/lustre/mathdugre/containers/ants-flint-vprec.simg
SIF_IMG_BASE: /mnt/lustre/mathdugre/containers/ants-flint-base.simg
EXPERIMENT_NAME: flint-vprec-single
STAGE: syn
SUBJECT_ID: s033
REPETITION_ID: 1

FIXED_IMG: /templateflow/tpl-MNI152NLin2009cAsym/tpl-MNI152NLin2009cAsym_res-01_desc-brain_T1w.nii.gz
INPUT_IMG: /mnt/lustre/mathdugre/fast-interpolate/datasets/ds004513/derivatives/flint/ants/flint-vprec-single/sub-s033/ses-open/anat/01/1_Affine.nii.gz

DATA_DIR: /mnt/lustre/mathdugre/fast-interpolate/datasets/ds004513
OUTPUT_DIR: /mnt/lustre/mathdugre/fast-interpolate/datasets/ds004513/derivatives/flint/ants/flint-vprec-single/sub-s033/ses-open/anat
OUTPUT_PREFIX: 011
THREAD: 1
FLOAT: 0
VFC_BACKENDS: libinterflop_vprec.so --precision-binary32=23 --range-binary32=8 --precision-binary64=23 --range-binary64=8
---------------------

--output [/mnt/lustre/mathdugre/fast-interpolate/datasets/ds004513/derivatives/flint/ants/flint-vprec-single/sub-s033/ses-open/anat/011/1_,/mnt/lustre/mathdugre/fast-interpolate/datasets/ds004513/derivatives/flint/ants/flint-vprec-single/sub-s033/ses-open/anat/011/1_Warped.nii.gz,/mnt/lustre/mathdugre/fast-interpolate/datasets/ds004513/derivatives/flint/ants/flint-vprec-single/sub-s033/ses-open/anat/011/1_InverseSyN.nii.gz] --initial-moving-transform [/templateflow/tpl-MNI152NLin2009cAsym/tpl-MNI152NLin2009cAsym_res-01_desc-brain_T1w.nii.gz,/mnt/lustre/mathdugre/fast-interpolate/datasets/ds004513/derivatives/flint/ants/flint-vprec-single/sub-s033/ses-open/anat/01/1_Affine.nii.gz,1] --transform SyN[ 0.1,3,0 ] --metric CC[/templateflow/tpl-MNI152NLin2009cAsym/tpl-MNI152NLin2009cAsym_res-01_desc-brain_T1w.nii.gz,/mnt/lustre/mathdugre/fast-interpolate/datasets/ds004513/derivatives/flint/ants/flint-vprec-single/sub-s033/ses-open/anat/01/1_Affine.nii.gz,1,4] --convergence [100x70x50x20,1e-6,10] --shrink-factors 8x4x2x1 --smoothing-sigmas 3x2x1x0vox
All_Command_lines_OK
Using double precision for computations.
=============================================================================
The composite transform comprises the following transforms (in order): 
  1. Center of mass alignment using fixed image: /templateflow/tpl-MNI152NLin2009cAsym/tpl-MNI152NLin2009cAsym_res-01_desc-brain_T1w.nii.gz and moving image: /mnt/lustre/mathdugre/fast-interpolate/datasets/ds004513/derivatives/flint/ants/flint-vprec-single/sub-s033/ses-open/anat/01/1_Affine.nii.gz (type = Euler3DTransform)
=============================================================================
  number of levels = 4
  fixed image: /templateflow/tpl-MNI152NLin2009cAsym/tpl-MNI152NLin2009cAsym_res-01_desc-brain_T1w.nii.gz
  moving image: /mnt/lustre/mathdugre/fast-interpolate/datasets/ds004513/derivatives/flint/ants/flint-vprec-single/sub-s033/ses-open/anat/01/1_Affine.nii.gz
Dimension = 3
Number of stages = 1
Use histogram matching = false
Winsorize image intensities = true
  Lower quantile = 0.005
  Upper quantile = 0.995


Stage 1 State
   Image metric = CC
     Fixed image = Image (0x3a95b50)
  RTTI typeinfo:   itk::Image<double, 3u>
  Reference Count: 2
  Modified Time: 1622
  Debug: Off
  Object Name: 
  Observers: 
    none
  Source: (none)
  Source output name: (none)
  Release Data: Off
  Data Released: False
  Global Release Data: Off
  PipelineMTime: 0
  UpdateMTime: 1407
  RealTimeStamp: 0 seconds 
  LargestPossibleRegion: 
    Dimension: 3
    Index: [0, 0, 0]
    Size: [193, 229, 193]
  BufferedRegion: 
    Dimension: 3
    Index: [0, 0, 0]
    Size: [193, 229, 193]
  RequestedRegion: 
    Dimension: 3
    Index: [0, 0, 0]
    Size: [193, 229, 193]
  Spacing: [1, 1, 1]
  Origin: [96, 132, -78]
  Direction: 
-1 0 0
0 -1 0
0 0 1

  IndexToPointMatrix: 
-1 0 0
0 -1 0
0 0 1

  PointToIndexMatrix: 
-1 0 0
0 -1 0
0 0 1

  Inverse Direction: 
-1 0 0
0 -1 0
0 0 1

  PixelContainer: 
    ImportImageContainer (0x3b0e6d0)
      RTTI typeinfo:   itk::ImportImageContainer<unsigned long, double>
      Reference Count: 1
      Modified Time: 1404
      Debug: Off
      Object Name: 
      Observers: 
        none
      Pointer: 0x7f5e32ddf010
      Container manages memory: true
      Size: 8530021
      Capacity: 8530021

     Moving image = Image (0x3aa1d60)
  RTTI typeinfo:   itk::Image<double, 3u>
  Reference Count: 2
  Modified Time: 1623
  Debug: Off
  Object Name: 
  Observers: 
    none
  Source: (none)
  Source output name: (none)
  Release Data: Off
  Data Released: False
  Global Release Data: Off
  PipelineMTime: 0
  UpdateMTime: 1620
  RealTimeStamp: 0 seconds 
  LargestPossibleRegion: 
    Dimension: 3
    Index: [0, 0, 0]
    Size: [193, 229, 193]
  BufferedRegion: 
    Dimension: 3
    Index: [0, 0, 0]
    Size: [193, 229, 193]
  RequestedRegion: 
    Dimension: 3
    Index: [0, 0, 0]
    Size: [193, 229, 193]
  Spacing: [1, 1, 1]
  Origin: [96, 132, -78]
  Direction: 
-1 0 0
0 -1 0
0 0 1

  IndexToPointMatrix: 
-1 0 0
0 -1 0
0 0 1

  PointToIndexMatrix: 
-1 0 0
0 -1 0
0 0 1

  Inverse Direction: 
-1 0 0
0 -1 0
0 0 1

  PixelContainer: 
    ImportImageContainer (0x3b6e7d0)
      RTTI typeinfo:   itk::ImportImageContainer<unsigned long, double>
      Reference Count: 1
      Modified Time: 1617
      Debug: Off
      Object Name: 
      Observers: 
        none
      Pointer: 0x7f5e2ecca010
      Container manages memory: true
      Size: 8530021
      Capacity: 8530021

     Weighting = 1
     Sampling strategy = none
     Number of bins = 32
     Radius = 4
     Sampling percentage  = 1
   Transform = SyN
     Gradient step = 0.1
     Update field sigma (voxel space) = 3
     Total field sigma (voxel space) = 0
     Update field time sigma = 0
     Total field time sigma  = 0
     Number of time indices = 0
     Number of time point samples = 0
Registration using 1 total stages.

Stage 0
  iterations = 100x70x50x20
  convergence threshold = 1e-06
  convergence window size = 10
  number of levels = 4
  using the CC metric (radius = 4, weight = 1, use gradient filter = 0)
  preprocessing:  winsorizing the image intensities
  Shrink factors (level 1 out of 4): [8, 8, 8]
  Shrink factors (level 2 out of 4): [4, 4, 4]
  Shrink factors (level 3 out of 4): [2, 2, 2]
  Shrink factors (level 4 out of 4): [1, 1, 1]
  smoothing sigmas per level: [3, 2, 1, 0]
  Using default NONE metricSamplingStrategy 

*** Running SyN registration (varianceForUpdateField = 3, varianceForTotalField = 0) ***

XXDIAGNOSTIC,Iteration,metricValue,convergenceValue,ITERATION_TIME_INDEX,SINCE_LAST
 1DIAGNOSTIC,     1, -9.335967302322e-01, 1.797693134862e+308, 0.0000e+00, 0.0000e+00, 
 1DIAGNOSTIC,     2, -9.439697265625e-01, 1.797693134862e+308, 0.0000e+00, 0.0000e+00, 
 1DIAGNOSTIC,     3, -9.515584111214e-01, 1.797693134862e+308, 0.0000e+00, 0.0000e+00, 
 1DIAGNOSTIC,     4, -9.567692875862e-01, 1.797693134862e+308, 1.2800e+02, 1.2800e+02, 
 1DIAGNOSTIC,     5, -9.603943824768e-01, 1.797693134862e+308, 1.2800e+02, 0.0000e+00, 
 1DIAGNOSTIC,     6, -9.633932709694e-01, 1.797693134862e+308, 1.2800e+02, 0.0000e+00, 
 1DIAGNOSTIC,     7, -9.664454460144e-01, 1.797693134862e+308, 1.2800e+02, 0.0000e+00, 
 1DIAGNOSTIC,     8, -9.692910909653e-01, 1.797693134862e+308, 1.2800e+02, 0.0000e+00, 
 1DIAGNOSTIC,     9, -9.717791080475e-01, 1.797693134862e+308, 1.2800e+02, 0.0000e+00, 
 1DIAGNOSTIC,    10, -9.739322662354e-01, 2.435818314552e-03, 1.2800e+02, 0.0000e+00, 
 1DIAGNOSTIC,    11, -9.753989577293e-01, 1.782730221748e-03, 1.2800e+02, 0.0000e+00, 
 1DIAGNOSTIC,    12, -9.753797054291e-01, 1.332037150860e-03, 2.5600e+02, 1.2800e+02, 
 1DIAGNOSTIC,    13, -9.758929610252e-01, 1.013964414597e-03, 2.5600e+02, 0.0000e+00, 
 1DIAGNOSTIC,    14, -9.758180379868e-01, 7.568150758743e-04, 2.5600e+02, 0.0000e+00, 
 1DIAGNOSTIC,    15, -9.760522842407e-01, 5.404278635979e-04, 2.5600e+02, 0.0000e+00, 
 1DIAGNOSTIC,    16, -9.760199189186e-01, 3.558322787285e-04, 2.5600e+02, 0.0000e+00, 
 1DIAGNOSTIC,    17, -9.761703014374e-01, 2.156868577003e-04, 2.5600e+02, 0.0000e+00, 
 1DIAGNOSTIC,    18, -9.761490821838e-01, 1.171566545963e-04, 2.5600e+02, 0.0000e+00, 
 1DIAGNOSTIC,    19, -9.762687087059e-01, 5.808100104332e-05, 3.8400e+02, 1.2800e+02, 
 1DIAGNOSTIC,    20, -9.762419462204e-01, 3.036111593246e-05, 3.8400e+02, 0.0000e+00, 
 1DIAGNOSTIC,    21, -9.763410091400e-01, 2.463161945343e-05, 3.8400e+02, 0.0000e+00, 
 1DIAGNOSTIC,    22, -9.763021469116e-01, 1.628696918488e-05, 3.8400e+02, 0.0000e+00, 
 1DIAGNOSTIC,    23, -9.763926267624e-01, 1.505389809608e-05, 3.8400e+02, 0.0000e+00, 
 1DIAGNOSTIC,    24, -9.763397574425e-01, 1.099333167076e-05, 3.8400e+02, 0.0000e+00, 
 1DIAGNOSTIC,    25, -9.764239788055e-01, 1.013651490211e-05, 3.8400e+02, 0.0000e+00, 
 1DIAGNOSTIC,    26, -9.763666391373e-01, 7.431954145432e-06, 3.8400e+02, 0.0000e+00, 
 1DIAGNOSTIC,    27, -9.764387011528e-01, 6.806105375290e-06, 5.1200e+02, 1.2800e+02, 
 1DIAGNOSTIC,    28, -9.763757586479e-01, 4.757195711136e-06, 5.1200e+02, 0.0000e+00, 
 1DIAGNOSTIC,    29, -9.764405488968e-01, 4.407018423080e-06, 5.1200e+02, 0.0000e+00, 
 1DIAGNOSTIC,    30, -9.763771295547e-01, 2.838671207428e-06, 5.1200e+02, 0.0000e+00, 
 1DIAGNOSTIC,    31, -9.764333963394e-01, 2.712011337280e-06, 5.1200e+02, 0.0000e+00, 
 1DIAGNOSTIC,    32, -9.763716459274e-01, 1.475214958191e-06, 5.1200e+02, 0.0000e+00, 
 1DIAGNOSTIC,    33, -9.764270782471e-01, 1.598149538040e-06, 5.1200e+02, 0.0000e+00, 
 1DIAGNOSTIC,    34, -9.763610363007e-01, 5.923211574554e-07, 5.1200e+02, 0.0000e+00, 
XXDIAGNOSTIC,Iteration,metricValue,convergenceValue,ITERATION_TIME_INDEX,SINCE_LAST
 1DIAGNOSTIC,     1, -9.183484315872e-01, 1.797693134862e+308, 7.6800e+02, 2.5600e+02, 
 1DIAGNOSTIC,     2, -9.218522310257e-01, 1.797693134862e+308, 8.9600e+02, 1.2800e+02, 
 1DIAGNOSTIC,     3, -9.258740544319e-01, 1.797693134862e+308, 1.0240e+03, 1.2800e+02, 
 1DIAGNOSTIC,     4, -9.284909963608e-01, 1.797693134862e+308, 1.1520e+03, 1.2800e+02, 
 1DIAGNOSTIC,     5, -9.307612776756e-01, 1.797693134862e+308, 1.4080e+03, 2.5600e+02, 
 1DIAGNOSTIC,     6, -9.327283501625e-01, 1.797693134862e+308, 1.5360e+03, 1.2800e+02, 
 1DIAGNOSTIC,     7, -9.345041513443e-01, 1.797693134862e+308, 1.6640e+03, 1.2800e+02, 
 1DIAGNOSTIC,     8, -9.361826181412e-01, 1.797693134862e+308, 1.7920e+03, 1.2800e+02, 
 1DIAGNOSTIC,     9, -9.377339482307e-01, 1.797693134862e+308, 1.9200e+03, 1.2800e+02, 
 1DIAGNOSTIC,    10, -9.390940070152e-01, 1.377262175083e-03, 2.0480e+03, 1.2800e+02, 
 1DIAGNOSTIC,    11, -9.403162598610e-01, 1.093782484531e-03, 2.1760e+03, 1.2800e+02, 
 1DIAGNOSTIC,    12, -9.412581920624e-01, 8.709877729416e-04, 2.4320e+03, 2.5600e+02, 
 1DIAGNOSTIC,    13, -9.421376585960e-01, 7.181465625763e-04, 2.5600e+03, 1.2800e+02, 
 1DIAGNOSTIC,    14, -9.427483081818e-01, 5.915611982346e-04, 2.6880e+03, 1.2800e+02, 
 1DIAGNOSTIC,    15, -9.432981610298e-01, 4.847645759583e-04, 2.8160e+03, 1.2800e+02, 
 1DIAGNOSTIC,    16, -9.438223838806e-01, 3.939718008041e-04, 2.9440e+03, 1.2800e+02, 
 1DIAGNOSTIC,    17, -9.443101882935e-01, 3.178231418133e-04, 3.0720e+03, 1.2800e+02, 
 1DIAGNOSTIC,    18, -9.447803497314e-01, 2.568028867245e-04, 3.3280e+03, 2.5600e+02, 
 1DIAGNOSTIC,    19, -9.452742934227e-01, 2.109371125698e-04, 3.4560e+03, 1.2800e+02, 
 1DIAGNOSTIC,    20, -9.456324577332e-01, 1.759529113770e-04, 3.5840e+03, 1.2800e+02, 
 1DIAGNOSTIC,    21, -9.460694789886e-01, 1.518242061138e-04, 3.7120e+03, 1.2800e+02, 
 1DIAGNOSTIC,    22, -9.465073347092e-01, 1.346021890640e-04, 3.8400e+03, 1.2800e+02, 
 1DIAGNOSTIC,    23, -9.469166994095e-01, 1.232028007507e-04, 3.9680e+03, 1.2800e+02, 
 1DIAGNOSTIC,    24, -9.472876787186e-01, 1.135803759098e-04, 4.0960e+03, 1.2800e+02, 
 1DIAGNOSTIC,    25, -9.476248025894e-01, 1.048222184181e-04, 4.3520e+03, 2.5600e+02, 
 1DIAGNOSTIC,    26, -9.479334354401e-01, 9.658560156822e-05, 4.4800e+03, 1.2800e+02, 
 1DIAGNOSTIC,    27, -9.482025504112e-01, 8.835271000862e-05, 4.6080e+03, 1.2800e+02, 
 1DIAGNOSTIC,    28, -9.484413266182e-01, 8.002296090126e-05, 4.7360e+03, 1.2800e+02, 
 1DIAGNOSTIC,    29, -9.486622810364e-01, 7.221847772598e-05, 4.8640e+03, 1.2800e+02, 
 1DIAGNOSTIC,    30, -9.488666057587e-01, 6.380304694176e-05, 4.9920e+03, 1.2800e+02, 
 1DIAGNOSTIC,    31, -9.490432143211e-01, 5.589798092842e-05, 5.2480e+03, 2.5600e+02, 
 1DIAGNOSTIC,    32, -9.492043852806e-01, 4.887580871582e-05, 5.3760e+03, 1.2800e+02, 
 1DIAGNOSTIC,    33, -9.493517875671e-01, 4.278123378754e-05, 5.5040e+03, 1.2800e+02, 
 1DIAGNOSTIC,    34, -9.494854211807e-01, 3.749877214432e-05, 5.6320e+03, 1.2800e+02, 
 1DIAGNOSTIC,    35, -9.496049880981e-01, 3.293529152870e-05, 5.7600e+03, 1.2800e+02, 
 1DIAGNOSTIC,    36, -9.497139453888e-01, 2.904236316681e-05, 5.8880e+03, 1.2800e+02, 
 1DIAGNOSTIC,    37, -9.498170018196e-01, 2.568028867245e-05, 6.0160e+03, 1.2800e+02, 
 1DIAGNOSTIC,    38, -9.499102234840e-01, 2.273544669151e-05, 6.2720e+03, 2.5600e+02, 
 1DIAGNOSTIC,    39, -9.499914646149e-01, 2.016127109528e-05, 6.4000e+03, 1.2800e+02, 
 1DIAGNOSTIC,    40, -9.500697851181e-01, 1.797825098038e-05, 6.5280e+03, 1.2800e+02, 
 1DIAGNOSTIC,    41, -9.501364231110e-01, 1.602806150913e-05, 6.6560e+03, 1.2800e+02, 
 1DIAGNOSTIC,    42, -9.502032995224e-01, 1.433491706848e-05, 6.7840e+03, 1.2800e+02, 
 1DIAGNOSTIC,    43, -9.502669572830e-01, 1.288205385208e-05, 6.9120e+03, 1.2800e+02, 
 1DIAGNOSTIC,    44, -9.503195285797e-01, 1.159124076366e-05, 7.1680e+03, 2.5600e+02, 
 1DIAGNOSTIC,    45, -9.503767490387e-01, 1.049600541592e-05, 7.2960e+03, 1.2800e+02, 
 1DIAGNOSTIC,    46, -9.504274129868e-01, 9.540468454361e-06, 7.4240e+03, 1.2800e+02, 
 1DIAGNOSTIC,    47, -9.504668712616e-01, 8.685514330864e-06, 7.5520e+03, 1.2800e+02, 
 1DIAGNOSTIC,    48, -9.505047202110e-01, 7.906928658485e-06, 7.6800e+03, 1.2800e+02, 
 1DIAGNOSTIC,    49, -9.505363702774e-01, 7.152557373047e-06, 7.8080e+03, 1.2800e+02, 
 1DIAGNOSTIC,    50, -9.505589008331e-01, 6.400048732758e-06, 8.0640e+03, 2.5600e+02, 
 1DIAGNOSTIC,    51, -9.505892992020e-01, 5.699694156647e-06, 8.1920e+03, 1.2800e+02, 
 1DIAGNOSTIC,    52, -9.506083726883e-01, 5.025416612625e-06, 8.3200e+03, 1.2800e+02, 
 1DIAGNOSTIC,    53, -9.506322145462e-01, 4.447996616364e-06, 8.4480e+03, 1.2800e+02, 
 1DIAGNOSTIC,    54, -9.506450295448e-01, 3.879889845848e-06, 8.5760e+03, 1.2800e+02, 
 1DIAGNOSTIC,    55, -9.506542086601e-01, 3.375113010406e-06, 8.7040e+03, 1.2800e+02, 
 1DIAGNOSTIC,    56, -9.506654739380e-01, 2.944841980934e-06, 8.8320e+03, 1.2800e+02, 
 1DIAGNOSTIC,    57, -9.506731629372e-01, 2.559274435043e-06, 9.0880e+03, 2.5600e+02, 
 1DIAGNOSTIC,    58, -9.506795406342e-01, 2.210959792137e-06, 9.2160e+03, 1.2800e+02, 
 1DIAGNOSTIC,    59, -9.506798982620e-01, 1.879408955574e-06, 9.3440e+03, 1.2800e+02, 
 1DIAGNOSTIC,    60, -9.506895542145e-01, 1.588836312294e-06, 9.4720e+03, 1.2800e+02, 
 1DIAGNOSTIC,    61, -9.506872892380e-01, 1.344829797745e-06, 9.6000e+03, 1.2800e+02, 
 1DIAGNOSTIC,    62, -9.506868124008e-01, 1.119449734688e-06, 9.7280e+03, 1.2800e+02, 
 1DIAGNOSTIC,    63, -9.506853818893e-01, 9.424984455109e-07, 9.9840e+03, 2.5600e+02, 
XXDIAGNOSTIC,Iteration,metricValue,convergenceValue,ITERATION_TIME_INDEX,SINCE_LAST
 1DIAGNOSTIC,     1, -9.028292894363e-01, 1.797693134862e+308, 1.1264e+04, 1.2800e+03, 
 1DIAGNOSTIC,     2, -9.047695398331e-01, 1.797693134862e+308, 1.2416e+04, 1.1520e+03, 
 1DIAGNOSTIC,     3, -9.077347517014e-01, 1.797693134862e+308, 1.3696e+04, 1.2800e+03, 
 1DIAGNOSTIC,     4, -9.101670980453e-01, 1.797693134862e+308, 1.4848e+04, 1.1520e+03, 
 1DIAGNOSTIC,     5, -9.127260446548e-01, 1.797693134862e+308, 1.6128e+04, 1.2800e+03, 
 1DIAGNOSTIC,     6, -9.146513938904e-01, 1.797693134862e+308, 1.7280e+04, 1.1520e+03, 
 1DIAGNOSTIC,     7, -9.165421724319e-01, 1.797693134862e+308, 1.8560e+04, 1.2800e+03, 
 1DIAGNOSTIC,     8, -9.179882407188e-01, 1.797693134862e+308, 1.9840e+04, 1.2800e+03, 
 1DIAGNOSTIC,     9, -9.194402098656e-01, 1.797693134862e+308, 2.0992e+04, 1.1520e+03, 
 1DIAGNOSTIC,    10, -9.206479787827e-01, 1.283839344978e-03, 2.2272e+04, 1.2800e+03, 
 1DIAGNOSTIC,    11, -9.217420816422e-01, 1.064419746399e-03, 2.3424e+04, 1.1520e+03, 
 1DIAGNOSTIC,    12, -9.225928783417e-01, 8.576437830925e-04, 2.4704e+04, 1.2800e+03, 
 1DIAGNOSTIC,    13, -9.233542680740e-01, 6.939545273781e-04, 2.5984e+04, 1.2800e+03, 
 1DIAGNOSTIC,    14, -9.241853952408e-01, 5.623698234558e-04, 2.7136e+04, 1.1520e+03, 
 1DIAGNOSTIC,    15, -9.248329401016e-01, 4.628300666809e-04, 2.8416e+04, 1.2800e+03, 
 1DIAGNOSTIC,    16, -9.254339933395e-01, 3.818646073341e-04, 2.9696e+04, 1.2800e+03, 
 1DIAGNOSTIC,    17, -9.260138273239e-01, 3.201961517334e-04, 3.0848e+04, 1.1520e+03, 
 1DIAGNOSTIC,    18, -9.265697002411e-01, 2.699941396713e-04, 3.2128e+04, 1.2800e+03, 
 1DIAGNOSTIC,    19, -9.270696640015e-01, 2.316497266293e-04, 3.3280e+04, 1.1520e+03, 
 1DIAGNOSTIC,    20, -9.275285005569e-01, 2.012327313423e-04, 3.4560e+04, 1.2800e+03, 
 1DIAGNOSTIC,    21, -9.279516935349e-01, 1.772604882717e-04, 3.5840e+04, 1.2800e+03, 
 1DIAGNOSTIC,    22, -9.283428788185e-01, 1.563467085361e-04, 3.6992e+04, 1.1520e+03, 
 1DIAGNOSTIC,    23, -9.286926388741e-01, 1.374632120132e-04, 3.8272e+04, 1.2800e+03, 
 1DIAGNOSTIC,    24, -9.290281534195e-01, 1.222491264343e-04, 3.9424e+04, 1.1520e+03, 
 1DIAGNOSTIC,    25, -9.293467402458e-01, 1.087076961994e-04, 4.0704e+04, 1.2800e+03, 
 1DIAGNOSTIC,    26, -9.296286702156e-01, 9.645149111748e-05, 4.1984e+04, 1.2800e+03, 
 1DIAGNOSTIC,    27, -9.298636913300e-01, 8.533895015717e-05, 4.3136e+04, 1.1520e+03, 
 1DIAGNOSTIC,    28, -9.300638437271e-01, 7.532536983490e-05, 4.4416e+04, 1.2800e+03, 
 1DIAGNOSTIC,    29, -9.302345514297e-01, 6.603077054024e-05, 4.5696e+04, 1.2800e+03, 
 1DIAGNOSTIC,    30, -9.303824305534e-01, 5.738064646721e-05, 4.6848e+04, 1.1520e+03, 
 1DIAGNOSTIC,    31, -9.305056333542e-01, 4.932284355164e-05, 4.8128e+04, 1.2800e+03, 
 1DIAGNOSTIC,    32, -9.306091070175e-01, 4.190579056740e-05, 4.9280e+04, 1.1520e+03, 
 1DIAGNOSTIC,    33, -9.307052493095e-01, 3.517419099808e-05, 5.0560e+04, 1.2800e+03, 
 1DIAGNOSTIC,    34, -9.307870864868e-01, 2.932175993919e-05, 5.1840e+04, 1.2800e+03, 
 1DIAGNOSTIC,    35, -9.308513402939e-01, 2.443417906761e-05, 5.2992e+04, 1.1520e+03, 
 1DIAGNOSTIC,    36, -9.308990240097e-01, 2.036429941654e-05, 5.4272e+04, 1.2800e+03, 
 1DIAGNOSTIC,    37, -9.309263229370e-01, 1.682154834270e-05, 5.5552e+04, 1.2800e+03, 
 1DIAGNOSTIC,    38, -9.309477806091e-01, 1.372396945953e-05, 5.6704e+04, 1.1520e+03, 
 1DIAGNOSTIC,    39, -9.309632778168e-01, 1.100078225136e-05, 5.7984e+04, 1.2800e+03, 
 1DIAGNOSTIC,    40, -9.309780597687e-01, 8.681789040565e-06, 5.9136e+04, 1.1520e+03, 
 1DIAGNOSTIC,    41, -9.309926033020e-01, 6.742775440216e-06, 6.0416e+04, 1.2800e+03, 
 1DIAGNOSTIC,    42, -9.310140609741e-01, 5.230307579041e-06, 6.1696e+04, 1.2800e+03, 
 1DIAGNOSTIC,    43, -9.310436844826e-01, 4.254281520844e-06, 6.2848e+04, 1.1520e+03, 
 1DIAGNOSTIC,    44, -9.310720562935e-01, 3.747642040253e-06, 6.4128e+04, 1.2800e+03, 
 1DIAGNOSTIC,    45, -9.311029314995e-01, 3.607943654060e-06, 6.5280e+04, 1.1520e+03, 
 1DIAGNOSTIC,    46, -9.311381578445e-01, 3.753229975700e-06, 6.6560e+04, 1.2800e+03, 
 1DIAGNOSTIC,    47, -9.311724901199e-01, 3.995373845100e-06, 6.7840e+04, 1.2800e+03, 
 1DIAGNOSTIC,    48, -9.312134981155e-01, 4.304572939873e-06, 6.8992e+04, 1.1520e+03, 
 1DIAGNOSTIC,    49, -9.312638044357e-01, 4.656612873077e-06, 7.0272e+04, 1.2800e+03, 
 1DIAGNOSTIC,    50, -9.313189387321e-01, 5.036592483521e-06, 7.1552e+04, 1.2800e+03, 
XXDIAGNOSTIC,Iteration,metricValue,convergenceValue,ITERATION_TIME_INDEX,SINCE_LAST
 1DIAGNOSTIC,     1, -8.983017206192e-01, 1.797693134862e+308, 8.1664e+04, 1.0112e+04, 
 1DIAGNOSTIC,     2, -9.000583887100e-01, 1.797693134862e+308, 9.1904e+04, 1.0240e+04, 
 1DIAGNOSTIC,     3, -9.022518992424e-01, 1.797693134862e+308, 1.0202e+05, 1.0112e+04, 
 1DIAGNOSTIC,     4, -9.041116237640e-01, 1.797693134862e+308, 1.1200e+05, 9.9840e+03, 
 1DIAGNOSTIC,     5, -9.058204889297e-01, 1.797693134862e+308, 1.2211e+05, 1.0112e+04, 
 1DIAGNOSTIC,     6, -9.074542522430e-01, 1.797693134862e+308, 1.3222e+05, 1.0112e+04, 
 1DIAGNOSTIC,     7, -9.092395901680e-01, 1.797693134862e+308, 1.4221e+05, 9.9840e+03, 
 1DIAGNOSTIC,     8, -9.107999801636e-01, 1.797693134862e+308, 1.5232e+05, 1.0112e+04, 
 1DIAGNOSTIC,     9, -9.123266935349e-01, 1.797693134862e+308, 1.6243e+05, 1.0112e+04, 
 1DIAGNOSTIC,    10, -9.137489795685e-01, 1.095309853554e-03, 1.7242e+05, 9.9840e+03, 
 1DIAGNOSTIC,    11, -9.149839282036e-01, 9.529218077660e-04, 1.8266e+05, 1.0240e+04, 
 1DIAGNOSTIC,    12, -9.161223173141e-01, 8.235201239586e-04, 1.9264e+05, 9.9840e+03, 
 1DIAGNOSTIC,    13, -9.171587228775e-01, 7.168203592300e-04, 2.0275e+05, 1.0112e+04, 
 1DIAGNOSTIC,    14, -9.181079268456e-01, 6.226152181625e-04, 2.1274e+05, 9.9840e+03, 
 1DIAGNOSTIC,    15, -9.189453125000e-01, 5.368217825890e-04, 2.2259e+05, 9.8560e+03, 
 1DIAGNOSTIC,    16, -9.197151660919e-01, 4.590675234795e-04, 2.3258e+05, 9.9840e+03, 
 1DIAGNOSTIC,    17, -9.203162193298e-01, 3.917738795280e-04, 2.4243e+05, 9.8560e+03, 
 1DIAGNOSTIC,    18, -9.208942651749e-01, 3.325939178467e-04, 2.5229e+05, 9.8560e+03, 
 1DIAGNOSTIC,    19, -9.214352369308e-01, 2.825185656548e-04, 2.6253e+05, 1.0240e+04, 
 1DIAGNOSTIC,    20, -9.219372272491e-01, 2.409927546978e-04, 2.7277e+05, 1.0240e+04, 
  Elapsed time (stage 0): 272768


Total elapsed time: 272768
-i /mnt/lustre/mathdugre/fast-interpolate/datasets/ds004513/derivatives/flint/ants/flint-vprec-single/sub-s033/ses-open/anat/01/1_Affine.nii.gz -o /mnt/lustre/mathdugre/fast-interpolate/datasets/ds004513/derivatives/flint/ants/flint-vprec-single/sub-s033/ses-open/anat/011/1_transformed.nii.gz -t /mnt/lustre/mathdugre/fast-interpolate/datasets/ds004513/derivatives/flint/ants/flint-vprec-single/sub-s033/ses-open/anat/011/1_1Warp.nii.gz -t /mnt/lustre/mathdugre/fast-interpolate/datasets/ds004513/derivatives/flint/ants/flint-vprec-single/sub-s033/ses-open/anat/011/1_0GenericAffine.mat
