---------------------
Experiment information

SIF_IMG: /mnt/lustre/mathdugre/containers/ants-flint-base.simg
SIF_IMG_BASE: /mnt/lustre/mathdugre/containers/ants-flint-base.simg
EXPERIMENT_NAME: flint-vprec-single
STAGE: syn
SUBJECT_ID: s030
REPETITION_ID: 1

FIXED_IMG: /templateflow/tpl-MNI152NLin2009cAsym/tpl-MNI152NLin2009cAsym_res-01_desc-brain_T1w.nii.gz
INPUT_IMG: /mnt/lustre/mathdugre/fast-interpolate/datasets/ds004513/derivatives/flint/ants/flint-vprec-single/sub-s030/ses-open/anat/10/1_Affine.nii.gz

DATA_DIR: /mnt/lustre/mathdugre/fast-interpolate/datasets/ds004513
OUTPUT_DIR: /mnt/lustre/mathdugre/fast-interpolate/datasets/ds004513/derivatives/flint/ants/flint-vprec-single/sub-s030/ses-open/anat
OUTPUT_PREFIX: 100
THREAD: 1
FLOAT: 0
VFC_BACKENDS: ieee
---------------------

--output [/mnt/lustre/mathdugre/fast-interpolate/datasets/ds004513/derivatives/flint/ants/flint-vprec-single/sub-s030/ses-open/anat/100/1_,/mnt/lustre/mathdugre/fast-interpolate/datasets/ds004513/derivatives/flint/ants/flint-vprec-single/sub-s030/ses-open/anat/100/1_Warped.nii.gz,/mnt/lustre/mathdugre/fast-interpolate/datasets/ds004513/derivatives/flint/ants/flint-vprec-single/sub-s030/ses-open/anat/100/1_InverseSyN.nii.gz] --initial-moving-transform [/templateflow/tpl-MNI152NLin2009cAsym/tpl-MNI152NLin2009cAsym_res-01_desc-brain_T1w.nii.gz,/mnt/lustre/mathdugre/fast-interpolate/datasets/ds004513/derivatives/flint/ants/flint-vprec-single/sub-s030/ses-open/anat/10/1_Affine.nii.gz,1] --transform SyN[ 0.1,3,0 ] --metric CC[/templateflow/tpl-MNI152NLin2009cAsym/tpl-MNI152NLin2009cAsym_res-01_desc-brain_T1w.nii.gz,/mnt/lustre/mathdugre/fast-interpolate/datasets/ds004513/derivatives/flint/ants/flint-vprec-single/sub-s030/ses-open/anat/10/1_Affine.nii.gz,1,4] --convergence [100x70x50x20,1e-6,10] --shrink-factors 8x4x2x1 --smoothing-sigmas 3x2x1x0vox
All_Command_lines_OK
Using double precision for computations.
=============================================================================
The composite transform comprises the following transforms (in order): 
  1. Center of mass alignment using fixed image: /templateflow/tpl-MNI152NLin2009cAsym/tpl-MNI152NLin2009cAsym_res-01_desc-brain_T1w.nii.gz and moving image: /mnt/lustre/mathdugre/fast-interpolate/datasets/ds004513/derivatives/flint/ants/flint-vprec-single/sub-s030/ses-open/anat/10/1_Affine.nii.gz (type = Euler3DTransform)
=============================================================================
  number of levels = 4
  fixed image: /templateflow/tpl-MNI152NLin2009cAsym/tpl-MNI152NLin2009cAsym_res-01_desc-brain_T1w.nii.gz
  moving image: /mnt/lustre/mathdugre/fast-interpolate/datasets/ds004513/derivatives/flint/ants/flint-vprec-single/sub-s030/ses-open/anat/10/1_Affine.nii.gz
Dimension = 3
Number of stages = 1
Use histogram matching = false
Winsorize image intensities = true
  Lower quantile = 0.005
  Upper quantile = 0.995


Stage 1 State
   Image metric = CC
     Fixed image = Image (0x5618dbfcfa00)
  RTTI typeinfo:   itk::Image<double, 3u>
  Reference Count: 2
  Modified Time: 1622
  Debug: Off
  Object Name: 
  Observers: 
    none
  Source: (none)
  Source output name: (none)
  Release Data: Off
  Data Released: False
  Global Release Data: Off
  PipelineMTime: 0
  UpdateMTime: 1407
  RealTimeStamp: 0 seconds 
  LargestPossibleRegion: 
    Dimension: 3
    Index: [0, 0, 0]
    Size: [193, 229, 193]
  BufferedRegion: 
    Dimension: 3
    Index: [0, 0, 0]
    Size: [193, 229, 193]
  RequestedRegion: 
    Dimension: 3
    Index: [0, 0, 0]
    Size: [193, 229, 193]
  Spacing: [1, 1, 1]
  Origin: [96, 132, -78]
  Direction: 
-1 0 0
0 -1 0
0 0 1

  IndexToPointMatrix: 
-1 0 0
0 -1 0
0 0 1

  PointToIndexMatrix: 
-1 0 0
0 -1 0
0 0 1

  Inverse Direction: 
-1 0 0
0 -1 0
0 0 1

  PixelContainer: 
    ImportImageContainer (0x5618dc063d50)
      RTTI typeinfo:   itk::ImportImageContainer<unsigned long, double>
      Reference Count: 1
      Modified Time: 1404
      Debug: Off
      Object Name: 
      Observers: 
        none
      Pointer: 0x7f26595ad010
      Container manages memory: true
      Size: 8530021
      Capacity: 8530021

     Moving image = Image (0x5618dbfd6870)
  RTTI typeinfo:   itk::Image<double, 3u>
  Reference Count: 2
  Modified Time: 1623
  Debug: Off
  Object Name: 
  Observers: 
    none
  Source: (none)
  Source output name: (none)
  Release Data: Off
  Data Released: False
  Global Release Data: Off
  PipelineMTime: 0
  UpdateMTime: 1620
  RealTimeStamp: 0 seconds 
  LargestPossibleRegion: 
    Dimension: 3
    Index: [0, 0, 0]
    Size: [193, 229, 193]
  BufferedRegion: 
    Dimension: 3
    Index: [0, 0, 0]
    Size: [193, 229, 193]
  RequestedRegion: 
    Dimension: 3
    Index: [0, 0, 0]
    Size: [193, 229, 193]
  Spacing: [1, 1, 1]
  Origin: [96, 132, -78]
  Direction: 
-1 0 0
0 -1 0
0 0 1

  IndexToPointMatrix: 
-1 0 0
0 -1 0
0 0 1

  PointToIndexMatrix: 
-1 0 0
0 -1 0
0 0 1

  Inverse Direction: 
-1 0 0
0 -1 0
0 0 1

  PixelContainer: 
    ImportImageContainer (0x5618dc07ad90)
      RTTI typeinfo:   itk::ImportImageContainer<unsigned long, double>
      Reference Count: 1
      Modified Time: 1617
      Debug: Off
      Object Name: 
      Observers: 
        none
      Pointer: 0x7f2655498010
      Container manages memory: true
      Size: 8530021
      Capacity: 8530021

     Weighting = 1
     Sampling strategy = none
     Number of bins = 32
     Radius = 4
     Sampling percentage  = 1
   Transform = SyN
     Gradient step = 0.1
     Update field sigma (voxel space) = 3
     Total field sigma (voxel space) = 0
     Update field time sigma = 0
     Total field time sigma  = 0
     Number of time indices = 0
     Number of time point samples = 0
Registration using 1 total stages.

Stage 0
  iterations = 100x70x50x20
  convergence threshold = 1e-06
  convergence window size = 10
  number of levels = 4
  using the CC metric (radius = 4, weight = 1, use gradient filter = 0)
  preprocessing:  winsorizing the image intensities
  Shrink factors (level 1 out of 4): [8, 8, 8]
  Shrink factors (level 2 out of 4): [4, 4, 4]
  Shrink factors (level 3 out of 4): [2, 2, 2]
  Shrink factors (level 4 out of 4): [1, 1, 1]
  smoothing sigmas per level: [3, 2, 1, 0]
  Using default NONE metricSamplingStrategy 

*** Running SyN registration (varianceForUpdateField = 3, varianceForTotalField = 0) ***

XXDIAGNOSTIC,Iteration,metricValue,convergenceValue,ITERATION_TIME_INDEX,SINCE_LAST
 1DIAGNOSTIC,     1, -9.420881810900e-01, 1.797693134862e+308, 2.1236e+00, 2.1236e+00, 
 1DIAGNOSTIC,     2, -9.527462929269e-01, 1.797693134862e+308, 2.8670e+00, 7.4346e-01, 
 1DIAGNOSTIC,     3, -9.598557631585e-01, 1.797693134862e+308, 3.6143e+00, 7.4727e-01, 
 1DIAGNOSTIC,     4, -9.642359767723e-01, 1.797693134862e+308, 4.3504e+00, 7.3610e-01, 
 1DIAGNOSTIC,     5, -9.673010742949e-01, 1.797693134862e+308, 5.0857e+00, 7.3528e-01, 
 1DIAGNOSTIC,     6, -9.704446897526e-01, 1.797693134862e+308, 5.8242e+00, 7.3849e-01, 
 1DIAGNOSTIC,     7, -9.728971544286e-01, 1.797693134862e+308, 6.5628e+00, 7.3866e-01, 
 1DIAGNOSTIC,     8, -9.749098311177e-01, 1.797693134862e+308, 7.3021e+00, 7.3922e-01, 
 1DIAGNOSTIC,     9, -9.752485078812e-01, 1.797693134862e+308, 8.0422e+00, 7.4009e-01, 
 1DIAGNOSTIC,    10, -9.762000601729e-01, 2.031242858720e-03, 8.7818e+00, 7.3966e-01, 
 1DIAGNOSTIC,    11, -9.763422164237e-01, 1.327781434390e-03, 9.5208e+00, 7.3901e-01, 
 1DIAGNOSTIC,    12, -9.771506047408e-01, 9.009780438390e-04, 1.0261e+01, 7.3971e-01, 
 1DIAGNOSTIC,    13, -9.771701442739e-01, 6.183921496381e-04, 1.1001e+01, 7.4001e-01, 
 1DIAGNOSTIC,    14, -9.777350169994e-01, 4.238938311929e-04, 1.1740e+01, 7.3973e-01, 
 1DIAGNOSTIC,    15, -9.776569347555e-01, 2.745180632427e-04, 1.2480e+01, 7.3954e-01, 
 1DIAGNOSTIC,    16, -9.781607886604e-01, 1.850507075703e-04, 1.3222e+01, 7.4215e-01, 
 1DIAGNOSTIC,    17, -9.781043105423e-01, 1.296164379896e-04, 1.3963e+01, 7.4096e-01, 
 1DIAGNOSTIC,    18, -9.784599730693e-01, 1.071864620515e-04, 1.4703e+01, 7.3985e-01, 
 1DIAGNOSTIC,    19, -9.783044765607e-01, 7.981820192820e-05, 1.5442e+01, 7.3949e-01, 
 1DIAGNOSTIC,    20, -9.786572353035e-01, 6.718392033393e-05, 1.6182e+01, 7.3932e-01, 
 1DIAGNOSTIC,    21, -9.784854279396e-01, 4.885308139448e-05, 1.6922e+01, 7.3992e-01, 
 1DIAGNOSTIC,    22, -9.787774814360e-01, 4.252594731918e-05, 1.7661e+01, 7.3989e-01, 
 1DIAGNOSTIC,    23, -9.785901559531e-01, 3.054075756095e-05, 1.8402e+01, 7.4069e-01, 
 1DIAGNOSTIC,    24, -9.788665312281e-01, 2.723173516382e-05, 1.9141e+01, 7.3886e-01, 
 1DIAGNOSTIC,    25, -9.786723252069e-01, 1.834965267726e-05, 1.9880e+01, 7.3952e-01, 
 1DIAGNOSTIC,    26, -9.789167922651e-01, 1.706224048800e-05, 2.0620e+01, 7.3966e-01, 
 1DIAGNOSTIC,    27, -9.787184491325e-01, 1.146550814959e-05, 2.1363e+01, 7.4306e-01, 
 1DIAGNOSTIC,    28, -9.790066231442e-01, 1.214162475146e-05, 2.2104e+01, 7.4034e-01, 
 1DIAGNOSTIC,    29, -9.787570955924e-01, 7.482561303208e-06, 2.2845e+01, 7.4106e-01, 
 1DIAGNOSTIC,    30, -9.789708078384e-01, 8.178842735712e-06, 2.3585e+01, 7.4047e-01, 
 1DIAGNOSTIC,    31, -9.787856670287e-01, 4.673539172093e-06, 2.4326e+01, 7.4067e-01, 
 1DIAGNOSTIC,    32, -9.790054254250e-01, 5.805810375743e-06, 2.5066e+01, 7.4028e-01, 
 1DIAGNOSTIC,    33, -9.788140188590e-01, 2.938133584748e-06, 2.5806e+01, 7.3978e-01, 
 1DIAGNOSTIC,    34, -9.790308883375e-01, 4.392229956601e-06, 2.6546e+01, 7.4013e-01, 
 1DIAGNOSTIC,    35, -9.788396563763e-01, 2.127371656294e-06, 2.7285e+01, 7.3941e-01, 
 1DIAGNOSTIC,    36, -9.790514333741e-01, 3.661589189324e-06, 2.8025e+01, 7.3980e-01, 
 1DIAGNOSTIC,    37, -9.788582905238e-01, 1.646868861022e-06, 2.8765e+01, 7.3984e-01, 
 1DIAGNOSTIC,    38, -9.790618749297e-01, 3.537559385598e-06, 2.9507e+01, 7.4182e-01, 
 1DIAGNOSTIC,    39, -9.788695085188e-01, 1.684339900193e-06, 3.0246e+01, 7.3969e-01, 
 1DIAGNOSTIC,    40, -9.790645073568e-01, 2.901148837824e-06, 3.0984e+01, 7.3756e-01, 
 1DIAGNOSTIC,    41, -9.788748582448e-01, 1.110458739143e-06, 3.1721e+01, 7.3677e-01, 
 1DIAGNOSTIC,    42, -9.790647415758e-01, 2.293895933671e-06, 3.2457e+01, 7.3589e-01, 
 1DIAGNOSTIC,    43, -9.788778900474e-01, 6.342772595064e-07, 3.3193e+01, 7.3670e-01, 
XXDIAGNOSTIC,Iteration,metricValue,convergenceValue,ITERATION_TIME_INDEX,SINCE_LAST
 1DIAGNOSTIC,     1, -9.237520974945e-01, 1.797693134862e+308, 4.0778e+01, 7.5849e+00, 
 1DIAGNOSTIC,     2, -9.262465764467e-01, 1.797693134862e+308, 4.6929e+01, 6.1503e+00, 
 1DIAGNOSTIC,     3, -9.288931971902e-01, 1.797693134862e+308, 5.3116e+01, 6.1878e+00, 
 1DIAGNOSTIC,     4, -9.311346266275e-01, 1.797693134862e+308, 5.9256e+01, 6.1396e+00, 
 1DIAGNOSTIC,     5, -9.329588302356e-01, 1.797693134862e+308, 6.5391e+01, 6.1353e+00, 
 1DIAGNOSTIC,     6, -9.345197901321e-01, 1.797693134862e+308, 7.1559e+01, 6.1679e+00, 
 1DIAGNOSTIC,     7, -9.358761337913e-01, 1.797693134862e+308, 7.7738e+01, 6.1793e+00, 
 1DIAGNOSTIC,     8, -9.370964742725e-01, 1.797693134862e+308, 8.3907e+01, 6.1690e+00, 
 1DIAGNOSTIC,     9, -9.380241949265e-01, 1.797693134862e+308, 9.0090e+01, 6.1826e+00, 
 1DIAGNOSTIC,    10, -9.388384702695e-01, 1.027192313815e-03, 9.6266e+01, 6.1755e+00, 
 1DIAGNOSTIC,    11, -9.395905971671e-01, 8.063747952900e-04, 1.0243e+02, 6.1673e+00, 
 1DIAGNOSTIC,    12, -9.402681700505e-01, 6.297477044333e-04, 1.0862e+02, 6.1913e+00, 
 1DIAGNOSTIC,    13, -9.408727468460e-01, 4.989083979625e-04, 1.1479e+02, 6.1663e+00, 
 1DIAGNOSTIC,    14, -9.414063039115e-01, 4.013635636933e-04, 1.2097e+02, 6.1844e+00, 
 1DIAGNOSTIC,    15, -9.418987640272e-01, 3.268897303706e-04, 1.2715e+02, 6.1713e+00, 
 1DIAGNOSTIC,    16, -9.423399729880e-01, 2.695354509942e-04, 1.3333e+02, 6.1820e+00, 
 1DIAGNOSTIC,    17, -9.427667753116e-01, 2.257407027637e-04, 1.3950e+02, 6.1679e+00, 
 1DIAGNOSTIC,    18, -9.431817481219e-01, 1.934287165805e-04, 1.4566e+02, 6.1687e+00, 
 1DIAGNOSTIC,    19, -9.435195441130e-01, 1.667333047600e-04, 1.5186e+02, 6.1915e+00, 
 1DIAGNOSTIC,    20, -9.438363736817e-01, 1.443384790656e-04, 1.5802e+02, 6.1677e+00, 
 1DIAGNOSTIC,    21, -9.441032010026e-01, 1.253217841811e-04, 1.6421e+02, 6.1870e+00, 
 1DIAGNOSTIC,    22, -9.443404100113e-01, 1.089281284144e-04, 1.7038e+02, 6.1691e+00, 
 1DIAGNOSTIC,    23, -9.445494767664e-01, 9.449400045223e-05, 1.7655e+02, 6.1656e+00, 
 1DIAGNOSTIC,    24, -9.447445606757e-01, 8.162416819753e-05, 1.8273e+02, 6.1884e+00, 
 1DIAGNOSTIC,    25, -9.449196378450e-01, 7.024464638804e-05, 1.8890e+02, 6.1702e+00, 
 1DIAGNOSTIC,    26, -9.450794297483e-01, 6.016905250011e-05, 1.9510e+02, 6.1908e+00, 
 1DIAGNOSTIC,    27, -9.452185739750e-01, 5.154984912998e-05, 2.0127e+02, 6.1750e+00, 
 1DIAGNOSTIC,    28, -9.453500840884e-01, 4.464137256377e-05, 2.0745e+02, 6.1799e+00, 
 1DIAGNOSTIC,    29, -9.454698420721e-01, 3.881200840387e-05, 2.1364e+02, 6.1876e+00, 
 1DIAGNOSTIC,    30, -9.455754501531e-01, 3.401382202037e-05, 2.1982e+02, 6.1858e+00, 
 1DIAGNOSTIC,    31, -9.456735512317e-01, 2.992468144957e-05, 2.2602e+02, 6.1930e+00, 
 1DIAGNOSTIC,    32, -9.457621126687e-01, 2.639640365440e-05, 2.3220e+02, 6.1818e+00, 
 1DIAGNOSTIC,    33, -9.458411529413e-01, 2.327926601416e-05, 2.3839e+02, 6.1966e+00, 
 1DIAGNOSTIC,    34, -9.459145989563e-01, 2.058562869305e-05, 2.4459e+02, 6.1907e+00, 
 1DIAGNOSTIC,    35, -9.459807191752e-01, 1.823587769875e-05, 2.5077e+02, 6.1843e+00, 
 1DIAGNOSTIC,    36, -9.460392453106e-01, 1.618072512541e-05, 2.5701e+02, 6.2372e+00, 
 1DIAGNOSTIC,    37, -9.460933540370e-01, 1.433956245084e-05, 2.6320e+02, 6.1925e+00, 
 1DIAGNOSTIC,    38, -9.461423074984e-01, 1.272865518367e-05, 2.6939e+02, 6.1947e+00, 
 1DIAGNOSTIC,    39, -9.461857038029e-01, 1.131579369047e-05, 2.7563e+02, 6.2318e+00, 
 1DIAGNOSTIC,    40, -9.462250791631e-01, 1.005343746307e-05, 2.8181e+02, 6.1840e+00, 
 1DIAGNOSTIC,    41, -9.462592314392e-01, 8.931624421504e-06, 2.8801e+02, 6.1990e+00, 
 1DIAGNOSTIC,    42, -9.462885013524e-01, 7.921783449459e-06, 2.9419e+02, 6.1827e+00, 
 1DIAGNOSTIC,    43, -9.463153288028e-01, 7.008748462770e-06, 3.0039e+02, 6.1995e+00, 
 1DIAGNOSTIC,    44, -9.463368697281e-01, 6.181537853721e-06, 3.0658e+02, 6.1905e+00, 
 1DIAGNOSTIC,    45, -9.463565083783e-01, 5.437883682815e-06, 3.1276e+02, 6.1778e+00, 
 1DIAGNOSTIC,    46, -9.463738722485e-01, 4.765841356984e-06, 3.1896e+02, 6.2034e+00, 
 1DIAGNOSTIC,    47, -9.463872435246e-01, 4.160336212377e-06, 3.2514e+02, 6.1770e+00, 
 1DIAGNOSTIC,    48, -9.464015878533e-01, 3.640156129876e-06, 3.3138e+02, 6.2354e+00, 
 1DIAGNOSTIC,    49, -9.464120848763e-01, 3.183453609133e-06, 3.3755e+02, 6.1725e+00, 
 1DIAGNOSTIC,    50, -9.464245582520e-01, 2.811710653014e-06, 3.4373e+02, 6.1840e+00, 
 1DIAGNOSTIC,    51, -9.464301434703e-01, 2.477801967000e-06, 3.4991e+02, 6.1749e+00, 
 1DIAGNOSTIC,    52, -9.464364771871e-01, 2.183477122070e-06, 3.5609e+02, 6.1861e+00, 
 1DIAGNOSTIC,    53, -9.464398810496e-01, 1.919763199167e-06, 3.6230e+02, 6.2026e+00, 
 1DIAGNOSTIC,    54, -9.464426447400e-01, 1.673188280756e-06, 3.6848e+02, 6.1838e+00, 
 1DIAGNOSTIC,    55, -9.464357549991e-01, 1.399922103795e-06, 3.7469e+02, 6.2117e+00, 
 1DIAGNOSTIC,    56, -9.464353899396e-01, 1.149691172209e-06, 3.8089e+02, 6.1953e+00, 
 1DIAGNOSTIC,    57, -9.464331236869e-01, 9.099952877380e-07, 3.8709e+02, 6.1990e+00, 
XXDIAGNOSTIC,Iteration,metricValue,convergenceValue,ITERATION_TIME_INDEX,SINCE_LAST
 1DIAGNOSTIC,     1, -8.932005133017e-01, 1.797693134862e+308, 4.3855e+02, 5.1461e+01, 
 1DIAGNOSTIC,     2, -8.945332017942e-01, 1.797693134862e+308, 4.8822e+02, 4.9672e+01, 
 1DIAGNOSTIC,     3, -8.965110552101e-01, 1.797693134862e+308, 5.3790e+02, 4.9686e+01, 
 1DIAGNOSTIC,     4, -8.985420981643e-01, 1.797693134862e+308, 5.8752e+02, 4.9619e+01, 
 1DIAGNOSTIC,     5, -9.006938387906e-01, 1.797693134862e+308, 6.3696e+02, 4.9438e+01, 
 1DIAGNOSTIC,     6, -9.026323172314e-01, 1.797693134862e+308, 6.8650e+02, 4.9540e+01, 
 1DIAGNOSTIC,     7, -9.044440161901e-01, 1.797693134862e+308, 7.3592e+02, 4.9421e+01, 
 1DIAGNOSTIC,     8, -9.060820937194e-01, 1.797693134862e+308, 7.8574e+02, 4.9820e+01, 
 1DIAGNOSTIC,     9, -9.075817712653e-01, 1.797693134862e+308, 8.3545e+02, 4.9704e+01, 
 1DIAGNOSTIC,    10, -9.087351100966e-01, 1.161387788890e-03, 8.8532e+02, 4.9871e+01, 
 1DIAGNOSTIC,    11, -9.099307921889e-01, 1.012186310258e-03, 9.3512e+02, 4.9805e+01, 
 1DIAGNOSTIC,    12, -9.108784164908e-01, 8.563994670623e-04, 9.8502e+02, 4.9893e+01, 
 1DIAGNOSTIC,    13, -9.117378545254e-01, 7.155139650833e-04, 1.0349e+03, 4.9849e+01, 
 1DIAGNOSTIC,    14, -9.125344627594e-01, 5.927983741590e-04, 1.0847e+03, 4.9884e+01, 
 1DIAGNOSTIC,    15, -9.132855086428e-01, 4.927714815766e-04, 1.1344e+03, 4.9684e+01, 
 1DIAGNOSTIC,    16, -9.140014073213e-01, 4.117939074088e-04, 1.1844e+03, 4.9933e+01, 
 1DIAGNOSTIC,    17, -9.148116425692e-01, 3.505007698534e-04, 1.2340e+03, 4.9682e+01, 
 1DIAGNOSTIC,    18, -9.154458670461e-01, 3.028911980304e-04, 1.2839e+03, 4.9899e+01, 
 1DIAGNOSTIC,    19, -9.162027165304e-01, 2.693391274081e-04, 1.3338e+03, 4.9829e+01, 
 1DIAGNOSTIC,    20, -9.167925319008e-01, 2.411685657724e-04, 1.3836e+03, 4.9867e+01, 
 1DIAGNOSTIC,    21, -9.173610488705e-01, 2.194074547622e-04, 1.4335e+03, 4.9857e+01, 
 1DIAGNOSTIC,    22, -9.179092881872e-01, 2.003187066453e-04, 1.4834e+03, 4.9872e+01, 
 1DIAGNOSTIC,    23, -9.184310128706e-01, 1.828410276007e-04, 1.5332e+03, 4.9846e+01, 
 1DIAGNOSTIC,    24, -9.189295972481e-01, 1.664892878635e-04, 1.5831e+03, 4.9930e+01, 
 1DIAGNOSTIC,    25, -9.194109089309e-01, 1.511765634399e-04, 1.6330e+03, 4.9853e+01, 
 1DIAGNOSTIC,    26, -9.198782859559e-01, 1.369762179180e-04, 1.6829e+03, 4.9861e+01, 
 1DIAGNOSTIC,    27, -9.203239728176e-01, 1.254357791039e-04, 1.7327e+03, 4.9836e+01, 
 1DIAGNOSTIC,    28, -9.207363293104e-01, 1.144827628523e-04, 1.7825e+03, 4.9849e+01, 
 1DIAGNOSTIC,    29, -9.211274496112e-01, 1.058096401541e-04, 1.8324e+03, 4.9809e+01, 
 1DIAGNOSTIC,    30, -9.214992638381e-01, 9.769452243431e-05, 1.8822e+03, 4.9854e+01, 
 1DIAGNOSTIC,    31, -9.218553672887e-01, 9.014180854609e-05, 1.9320e+03, 4.9831e+01, 
 1DIAGNOSTIC,    32, -9.221986019835e-01, 8.319541795720e-05, 1.9819e+03, 4.9817e+01, 
 1DIAGNOSTIC,    33, -9.225321089997e-01, 7.685416179936e-05, 2.0317e+03, 4.9831e+01, 
 1DIAGNOSTIC,    34, -9.228557589743e-01, 7.112569565609e-05, 2.0815e+03, 4.9835e+01, 
 1DIAGNOSTIC,    35, -9.231688059215e-01, 6.603642534526e-05, 2.1314e+03, 4.9838e+01, 
 1DIAGNOSTIC,    36, -9.234700309698e-01, 6.160104199091e-05, 2.1812e+03, 4.9819e+01, 
 1DIAGNOSTIC,    37, -9.237578128814e-01, 5.772256213755e-05, 2.2310e+03, 4.9817e+01, 
 1DIAGNOSTIC,    38, -9.240375724842e-01, 5.423085252534e-05, 2.2808e+03, 4.9831e+01, 
 1DIAGNOSTIC,    39, -9.243090110880e-01, 5.104886001836e-05, 2.3306e+03, 4.9786e+01, 
 1DIAGNOSTIC,    40, -9.245742341838e-01, 4.812671459317e-05, 2.3804e+03, 4.9832e+01, 
 1DIAGNOSTIC,    41, -9.248313132077e-01, 4.542266630045e-05, 2.4302e+03, 4.9784e+01, 
 1DIAGNOSTIC,    42, -9.250848451424e-01, 4.294676731849e-05, 2.4800e+03, 4.9803e+01, 
 1DIAGNOSTIC,    43, -9.253348717021e-01, 4.072005563428e-05, 2.5298e+03, 4.9784e+01, 
 1DIAGNOSTIC,    44, -9.255816055786e-01, 3.874935612967e-05, 2.5797e+03, 4.9853e+01, 
 1DIAGNOSTIC,    45, -9.258268342896e-01, 3.703434092561e-05, 2.6295e+03, 4.9786e+01, 
 1DIAGNOSTIC,    46, -9.260717947987e-01, 3.555925912832e-05, 2.6793e+03, 4.9822e+01, 
 1DIAGNOSTIC,    47, -9.263150105434e-01, 3.427213339572e-05, 2.7291e+03, 4.9783e+01, 
 1DIAGNOSTIC,    48, -9.265575811211e-01, 3.315600314699e-05, 2.7789e+03, 4.9812e+01, 
 1DIAGNOSTIC,    49, -9.268020905013e-01, 3.219825199553e-05, 2.8286e+03, 4.9768e+01, 
 1DIAGNOSTIC,    50, -9.270448563218e-01, 3.136666835933e-05, 2.8785e+03, 4.9863e+01, 
XXDIAGNOSTIC,Iteration,metricValue,convergenceValue,ITERATION_TIME_INDEX,SINCE_LAST
 1DIAGNOSTIC,     1, -8.887516473645e-01, 1.797693134862e+308, 3.2886e+03, 4.1009e+02, 
 1DIAGNOSTIC,     2, -8.899752112894e-01, 1.797693134862e+308, 3.6939e+03, 4.0532e+02, 
 1DIAGNOSTIC,     3, -8.915034771402e-01, 1.797693134862e+308, 4.0977e+03, 4.0382e+02, 
 1DIAGNOSTIC,     4, -8.929651504717e-01, 1.797693134862e+308, 4.5030e+03, 4.0530e+02, 
 1DIAGNOSTIC,     5, -8.945525240677e-01, 1.797693134862e+308, 4.9080e+03, 4.0493e+02, 
 1DIAGNOSTIC,     6, -8.960759662278e-01, 1.797693134862e+308, 5.3117e+03, 4.0369e+02, 
 1DIAGNOSTIC,     7, -8.974493561235e-01, 1.797693134862e+308, 5.7154e+03, 4.0371e+02, 
 1DIAGNOSTIC,     8, -8.987667402898e-01, 1.797693134862e+308, 6.1207e+03, 4.0534e+02, 
 1DIAGNOSTIC,     9, -9.000269026608e-01, 1.797693134862e+308, 6.5245e+03, 4.0380e+02, 
 1DIAGNOSTIC,    10, -9.010845672732e-01, 9.099604252165e-04, 6.9298e+03, 4.0529e+02, 
 1DIAGNOSTIC,    11, -9.021218588108e-01, 8.009909721897e-04, 7.3350e+03, 4.0520e+02, 
 1DIAGNOSTIC,    12, -9.029916237604e-01, 6.932361669828e-04, 7.7403e+03, 4.0527e+02, 
 1DIAGNOSTIC,    13, -9.038057462732e-01, 5.962977279108e-04, 8.1454e+03, 4.0518e+02, 
 1DIAGNOSTIC,    14, -9.045511328336e-01, 5.085964090255e-04, 8.5507e+03, 4.0523e+02, 
 1DIAGNOSTIC,    15, -9.052615762481e-01, 4.343164362055e-04, 8.9557e+03, 4.0505e+02, 
 1DIAGNOSTIC,    16, -9.059242021496e-01, 3.724737084437e-04, 9.3606e+03, 4.0490e+02, 
 1DIAGNOSTIC,    17, -9.065487446473e-01, 3.205488630182e-04, 9.7654e+03, 4.0479e+02, 
 1DIAGNOSTIC,    18, -9.071376818398e-01, 2.780398461021e-04, 1.0170e+04, 4.0453e+02, 
 1DIAGNOSTIC,    19, -9.076807725860e-01, 2.440817755846e-04, 1.0575e+04, 4.0458e+02, 
 1DIAGNOSTIC,    20, -9.081960632831e-01, 2.155161992636e-04, 1.0976e+04, 4.0100e+02, 
  Elapsed time (stage 0): 10978.5


Total elapsed time: 10978.5
-i /mnt/lustre/mathdugre/fast-interpolate/datasets/ds004513/derivatives/flint/ants/flint-vprec-single/sub-s030/ses-open/anat/10/1_Affine.nii.gz -o /mnt/lustre/mathdugre/fast-interpolate/datasets/ds004513/derivatives/flint/ants/flint-vprec-single/sub-s030/ses-open/anat/100/1_transformed.nii.gz -t /mnt/lustre/mathdugre/fast-interpolate/datasets/ds004513/derivatives/flint/ants/flint-vprec-single/sub-s030/ses-open/anat/100/1_1Warp.nii.gz -t /mnt/lustre/mathdugre/fast-interpolate/datasets/ds004513/derivatives/flint/ants/flint-vprec-single/sub-s030/ses-open/anat/100/1_0GenericAffine.mat
