---------------------
Experiment information

SIF_IMG: /mnt/lustre/mathdugre/containers/ants-flint-base.simg
SIF_IMG_BASE: /mnt/lustre/mathdugre/containers/ants-flint-base.simg
EXPERIMENT_NAME: flint-vprec-single-five-levels
STAGE: syn
SUBJECT_ID: s020
REPETITION_ID: 1

FIXED_IMG: /templateflow/tpl-MNI152NLin2009cAsym/tpl-MNI152NLin2009cAsym_res-01_desc-brain_T1w.nii.gz
INPUT_IMG: /mnt/lustre/mathdugre/fast-interpolate/datasets/ds004513/derivatives/flint/ants/flint-vprec-single-five-levels/sub-s020/ses-open/anat/01/1_Affine.nii.gz

DATA_DIR: /mnt/lustre/mathdugre/fast-interpolate/datasets/ds004513
OUTPUT_DIR: /mnt/lustre/mathdugre/fast-interpolate/datasets/ds004513/derivatives/flint/ants/flint-vprec-single-five-levels/sub-s020/ses-open/anat
OUTPUT_PREFIX: 010
THREAD: 1
FLOAT: 0
VFC_BACKENDS: ieee
---------------------

--output [/mnt/lustre/mathdugre/fast-interpolate/datasets/ds004513/derivatives/flint/ants/flint-vprec-single-five-levels/sub-s020/ses-open/anat/010/1_,/mnt/lustre/mathdugre/fast-interpolate/datasets/ds004513/derivatives/flint/ants/flint-vprec-single-five-levels/sub-s020/ses-open/anat/010/1_Warped.nii.gz,/mnt/lustre/mathdugre/fast-interpolate/datasets/ds004513/derivatives/flint/ants/flint-vprec-single-five-levels/sub-s020/ses-open/anat/010/1_InverseSyN.nii.gz] --initial-moving-transform [/templateflow/tpl-MNI152NLin2009cAsym/tpl-MNI152NLin2009cAsym_res-01_desc-brain_T1w.nii.gz,/mnt/lustre/mathdugre/fast-interpolate/datasets/ds004513/derivatives/flint/ants/flint-vprec-single-five-levels/sub-s020/ses-open/anat/01/1_Affine.nii.gz,1] --transform SyN[ 0.1,3,0 ] --metric CC[/templateflow/tpl-MNI152NLin2009cAsym/tpl-MNI152NLin2009cAsym_res-01_desc-brain_T1w.nii.gz,/mnt/lustre/mathdugre/fast-interpolate/datasets/ds004513/derivatives/flint/ants/flint-vprec-single-five-levels/sub-s020/ses-open/anat/01/1_Affine.nii.gz,1,4] --convergence [100x100x70x50x20,1e-6,10] --shrink-factors 16x8x4x2x1 --smoothing-sigmas 4x3x2x1x0vox
All_Command_lines_OK
Using double precision for computations.
=============================================================================
The composite transform comprises the following transforms (in order): 
  1. Center of mass alignment using fixed image: /templateflow/tpl-MNI152NLin2009cAsym/tpl-MNI152NLin2009cAsym_res-01_desc-brain_T1w.nii.gz and moving image: /mnt/lustre/mathdugre/fast-interpolate/datasets/ds004513/derivatives/flint/ants/flint-vprec-single-five-levels/sub-s020/ses-open/anat/01/1_Affine.nii.gz (type = Euler3DTransform)
=============================================================================
  number of levels = 5
  fixed image: /templateflow/tpl-MNI152NLin2009cAsym/tpl-MNI152NLin2009cAsym_res-01_desc-brain_T1w.nii.gz
  moving image: /mnt/lustre/mathdugre/fast-interpolate/datasets/ds004513/derivatives/flint/ants/flint-vprec-single-five-levels/sub-s020/ses-open/anat/01/1_Affine.nii.gz
Dimension = 3
Number of stages = 1
Use histogram matching = false
Winsorize image intensities = true
  Lower quantile = 0.005
  Upper quantile = 0.995


Stage 1 State
   Image metric = CC
     Fixed image = Image (0x5652a4ac1d90)
  RTTI typeinfo:   itk::Image<double, 3u>
  Reference Count: 2
  Modified Time: 1622
  Debug: Off
  Object Name: 
  Observers: 
    none
  Source: (none)
  Source output name: (none)
  Release Data: Off
  Data Released: False
  Global Release Data: Off
  PipelineMTime: 0
  UpdateMTime: 1407
  RealTimeStamp: 0 seconds 
  LargestPossibleRegion: 
    Dimension: 3
    Index: [0, 0, 0]
    Size: [193, 229, 193]
  BufferedRegion: 
    Dimension: 3
    Index: [0, 0, 0]
    Size: [193, 229, 193]
  RequestedRegion: 
    Dimension: 3
    Index: [0, 0, 0]
    Size: [193, 229, 193]
  Spacing: [1, 1, 1]
  Origin: [96, 132, -78]
  Direction: 
-1 0 0
0 -1 0
0 0 1

  IndexToPointMatrix: 
-1 0 0
0 -1 0
0 0 1

  PointToIndexMatrix: 
-1 0 0
0 -1 0
0 0 1

  Inverse Direction: 
-1 0 0
0 -1 0
0 0 1

  PixelContainer: 
    ImportImageContainer (0x5652a4ad0250)
      RTTI typeinfo:   itk::ImportImageContainer<unsigned long, double>
      Reference Count: 1
      Modified Time: 1404
      Debug: Off
      Object Name: 
      Observers: 
        none
      Pointer: 0x7f8f73bea010
      Container manages memory: true
      Size: 8530021
      Capacity: 8530021

     Moving image = Image (0x5652a4ac81f0)
  RTTI typeinfo:   itk::Image<double, 3u>
  Reference Count: 2
  Modified Time: 1623
  Debug: Off
  Object Name: 
  Observers: 
    none
  Source: (none)
  Source output name: (none)
  Release Data: Off
  Data Released: False
  Global Release Data: Off
  PipelineMTime: 0
  UpdateMTime: 1620
  RealTimeStamp: 0 seconds 
  LargestPossibleRegion: 
    Dimension: 3
    Index: [0, 0, 0]
    Size: [193, 229, 193]
  BufferedRegion: 
    Dimension: 3
    Index: [0, 0, 0]
    Size: [193, 229, 193]
  RequestedRegion: 
    Dimension: 3
    Index: [0, 0, 0]
    Size: [193, 229, 193]
  Spacing: [1, 1, 1]
  Origin: [96, 132, -78]
  Direction: 
-1 0 0
0 -1 0
0 0 1

  IndexToPointMatrix: 
-1 0 0
0 -1 0
0 0 1

  PointToIndexMatrix: 
-1 0 0
0 -1 0
0 0 1

  Inverse Direction: 
-1 0 0
0 -1 0
0 0 1

  PixelContainer: 
    ImportImageContainer (0x5652a4ad4a60)
      RTTI typeinfo:   itk::ImportImageContainer<unsigned long, double>
      Reference Count: 1
      Modified Time: 1617
      Debug: Off
      Object Name: 
      Observers: 
        none
      Pointer: 0x7f8f6fad5010
      Container manages memory: true
      Size: 8530021
      Capacity: 8530021

     Weighting = 1
     Sampling strategy = none
     Number of bins = 32
     Radius = 4
     Sampling percentage  = 1
   Transform = SyN
     Gradient step = 0.1
     Update field sigma (voxel space) = 3
     Total field sigma (voxel space) = 0
     Update field time sigma = 0
     Total field time sigma  = 0
     Number of time indices = 0
     Number of time point samples = 0
Registration using 1 total stages.

Stage 0
  iterations = 100x100x70x50x20
  convergence threshold = 1e-06
  convergence window size = 10
  number of levels = 5
  using the CC metric (radius = 4, weight = 1, use gradient filter = 0)
  preprocessing:  winsorizing the image intensities
  Shrink factors (level 1 out of 5): [16, 16, 16]
  Shrink factors (level 2 out of 5): [8, 8, 8]
  Shrink factors (level 3 out of 5): [4, 4, 4]
  Shrink factors (level 4 out of 5): [2, 2, 2]
  Shrink factors (level 5 out of 5): [1, 1, 1]
  smoothing sigmas per level: [4, 3, 2, 1, 0]
  Using default NONE metricSamplingStrategy 

*** Running SyN registration (varianceForUpdateField = 3, varianceForTotalField = 0) ***

XXDIAGNOSTIC,Iteration,metricValue,convergenceValue,ITERATION_TIME_INDEX,SINCE_LAST
 1DIAGNOSTIC,     1, -9.388175720578e-01, 1.797693134862e+308, 1.4994e+00, 1.4994e+00, 
 1DIAGNOSTIC,     2, -9.509811226643e-01, 1.797693134862e+308, 1.5883e+00, 8.8913e-02, 
 1DIAGNOSTIC,     3, -9.568662143216e-01, 1.797693134862e+308, 1.6767e+00, 8.8438e-02, 
 1DIAGNOSTIC,     4, -9.594243501901e-01, 1.797693134862e+308, 1.7650e+00, 8.8245e-02, 
 1DIAGNOSTIC,     5, -9.609501533346e-01, 1.797693134862e+308, 1.8540e+00, 8.9053e-02, 
 1DIAGNOSTIC,     6, -9.619182773088e-01, 1.797693134862e+308, 1.9428e+00, 8.8788e-02, 
 1DIAGNOSTIC,     7, -9.625914164122e-01, 1.797693134862e+308, 2.0327e+00, 8.9881e-02, 
 1DIAGNOSTIC,     8, -9.630290828302e-01, 1.797693134862e+308, 2.1228e+00, 9.0101e-02, 
 1DIAGNOSTIC,     9, -9.633901851614e-01, 1.797693134862e+308, 2.2128e+00, 8.9947e-02, 
 1DIAGNOSTIC,    10, -9.636620362250e-01, 1.238619613190e-03, 2.3028e+00, 9.0009e-02, 
 1DIAGNOSTIC,    11, -9.638698446497e-01, 6.144623475544e-04, 2.3925e+00, 8.9729e-02, 
 1DIAGNOSTIC,    12, -9.640310883329e-01, 3.412555926656e-04, 2.4819e+00, 8.9445e-02, 
 1DIAGNOSTIC,    13, -9.641562797730e-01, 2.155647314190e-04, 2.5718e+00, 8.9886e-02, 
 1DIAGNOSTIC,    14, -9.642542334207e-01, 1.441413803254e-04, 2.6615e+00, 8.9656e-02, 
 1DIAGNOSTIC,    15, -9.643332189485e-01, 1.006496715669e-04, 2.7514e+00, 8.9897e-02, 
 1DIAGNOSTIC,    16, -9.643990814114e-01, 7.248046980107e-05, 2.8410e+00, 8.9619e-02, 
 1DIAGNOSTIC,    17, -9.644536752656e-01, 5.369239845743e-05, 2.9305e+00, 8.9499e-02, 
 1DIAGNOSTIC,    18, -9.644987575850e-01, 4.004395866166e-05, 3.0200e+00, 8.9555e-02, 
 1DIAGNOSTIC,    19, -9.645354134793e-01, 3.041028726443e-05, 3.1101e+00, 9.0058e-02, 
 1DIAGNOSTIC,    20, -9.645651683284e-01, 2.348051240654e-05, 3.2007e+00, 9.0625e-02, 
 1DIAGNOSTIC,    21, -9.645891747768e-01, 1.839831686552e-05, 3.2910e+00, 9.0311e-02, 
 1DIAGNOSTIC,    22, -9.646083967855e-01, 1.459907948514e-05, 3.3809e+00, 8.9819e-02, 
 1DIAGNOSTIC,    23, -9.646232608909e-01, 1.167943682695e-05, 3.4700e+00, 8.9145e-02, 
 1DIAGNOSTIC,    24, -9.646344743730e-01, 9.367460643166e-06, 3.5590e+00, 8.9025e-02, 
 1DIAGNOSTIC,    25, -9.646428622270e-01, 7.506416865040e-06, 3.6480e+00, 8.8948e-02, 
 1DIAGNOSTIC,    26, -9.646489046297e-01, 6.010073289382e-06, 3.7373e+00, 8.9330e-02, 
 1DIAGNOSTIC,    27, -9.646530000099e-01, 4.808529904907e-06, 3.8263e+00, 8.9037e-02, 
 1DIAGNOSTIC,    28, -9.646563044808e-01, 3.855309665707e-06, 3.9153e+00, 8.8924e-02, 
 1DIAGNOSTIC,    29, -9.646590557152e-01, 3.107986729603e-06, 4.0043e+00, 8.9029e-02, 
 1DIAGNOSTIC,    30, -9.646610117348e-01, 2.529013604785e-06, 4.0937e+00, 8.9423e-02, 
 1DIAGNOSTIC,    31, -9.646623275978e-01, 2.086994842360e-06, 4.1829e+00, 8.9229e-02, 
 1DIAGNOSTIC,    32, -9.646630764046e-01, 1.754547284211e-06, 4.2722e+00, 8.9261e-02, 
 1DIAGNOSTIC,    33, -9.646635543928e-01, 1.506058980173e-06, 4.3616e+00, 8.9356e-02, 
 1DIAGNOSTIC,    34, -9.646638087509e-01, 1.319227927427e-06, 4.4511e+00, 8.9547e-02, 
 1DIAGNOSTIC,    35, -9.646647077816e-01, 1.184256139972e-06, 4.5405e+00, 8.9379e-02, 
 1DIAGNOSTIC,    36, -9.646652457949e-01, 1.084090207430e-06, 4.6299e+00, 8.9447e-02, 
 1DIAGNOSTIC,    37, -9.646656565918e-01, 1.005992916268e-06, 4.7196e+00, 8.9619e-02, 
 1DIAGNOSTIC,    38, -9.646659718992e-01, 9.460777162899e-07, 4.8089e+00, 8.9377e-02, 
XXDIAGNOSTIC,Iteration,metricValue,convergenceValue,ITERATION_TIME_INDEX,SINCE_LAST
 1DIAGNOSTIC,     1, -9.036603616705e-01, 1.797693134862e+308, 6.9522e+00, 2.1432e+00, 
 1DIAGNOSTIC,     2, -9.073277133617e-01, 1.797693134862e+308, 7.6920e+00, 7.3981e-01, 
 1DIAGNOSTIC,     3, -9.106432044314e-01, 1.797693134862e+308, 8.4349e+00, 7.4291e-01, 
 1DIAGNOSTIC,     4, -9.134083764503e-01, 1.797693134862e+308, 9.1835e+00, 7.4860e-01, 
 1DIAGNOSTIC,     5, -9.157412053524e-01, 1.797693134862e+308, 9.9296e+00, 7.4608e-01, 
 1DIAGNOSTIC,     6, -9.176093462897e-01, 1.797693134862e+308, 1.0675e+01, 7.4505e-01, 
 1DIAGNOSTIC,     7, -9.192676566356e-01, 1.797693134862e+308, 1.1423e+01, 7.4875e-01, 
 1DIAGNOSTIC,     8, -9.207030697496e-01, 1.797693134862e+308, 1.2169e+01, 7.4542e-01, 
 1DIAGNOSTIC,     9, -9.220218281250e-01, 1.797693134862e+308, 1.2916e+01, 7.4680e-01, 
 1DIAGNOSTIC,    10, -9.231840990040e-01, 1.321768402690e-03, 1.3664e+01, 7.4851e-01, 
 1DIAGNOSTIC,    11, -9.241901708757e-01, 1.031026272180e-03, 1.4412e+01, 7.4762e-01, 
 1DIAGNOSTIC,    12, -9.250121405984e-01, 8.114406624312e-04, 1.5161e+01, 7.4910e-01, 
 1DIAGNOSTIC,    13, -9.256857284456e-01, 6.467942040868e-04, 1.5909e+01, 7.4847e-01, 
 1DIAGNOSTIC,    14, -9.261124442986e-01, 5.169961342493e-04, 1.6656e+01, 7.4679e-01, 
 1DIAGNOSTIC,    15, -9.265700715778e-01, 4.146144823004e-04, 1.7402e+01, 7.4595e-01, 
 1DIAGNOSTIC,    16, -9.268347609064e-01, 3.279539391622e-04, 1.8148e+01, 7.4630e-01, 
 1DIAGNOSTIC,    17, -9.270508804958e-01, 2.552522894937e-04, 1.8895e+01, 7.4657e-01, 
 1DIAGNOSTIC,    18, -9.272340484273e-01, 1.947407903848e-04, 1.9644e+01, 7.4949e-01, 
 1DIAGNOSTIC,    19, -9.273898481850e-01, 1.464468779378e-04, 2.0398e+01, 7.5342e-01, 
 1DIAGNOSTIC,    20, -9.275232982887e-01, 1.093020966846e-04, 2.1149e+01, 7.5069e-01, 
 1DIAGNOSTIC,    21, -9.276377455739e-01, 8.193944128545e-05, 2.1898e+01, 7.4906e-01, 
 1DIAGNOSTIC,    22, -9.277364555732e-01, 6.232573301908e-05, 2.2647e+01, 7.4972e-01, 
 1DIAGNOSTIC,    23, -9.278216639543e-01, 4.882472485965e-05, 2.3396e+01, 7.4892e-01, 
 1DIAGNOSTIC,    24, -9.278953739207e-01, 3.831457417606e-05, 2.4147e+01, 7.5089e-01, 
 1DIAGNOSTIC,    25, -9.279600772033e-01, 3.155885209545e-05, 2.4900e+01, 7.5316e-01, 
 1DIAGNOSTIC,    26, -9.280294295769e-01, 2.639168355095e-05, 2.5652e+01, 7.5216e-01, 
 1DIAGNOSTIC,    27, -9.280826834441e-01, 2.227184472721e-05, 2.6403e+01, 7.5038e-01, 
 1DIAGNOSTIC,    28, -9.281300654498e-01, 1.896526981322e-05, 2.7148e+01, 7.4483e-01, 
 1DIAGNOSTIC,    29, -9.281723013046e-01, 1.628399970186e-05, 2.7897e+01, 7.4946e-01, 
 1DIAGNOSTIC,    30, -9.282097278382e-01, 1.407911232282e-05, 2.8642e+01, 7.4526e-01, 
 1DIAGNOSTIC,    31, -9.282437924148e-01, 1.224021929710e-05, 2.9392e+01, 7.4950e-01, 
 1DIAGNOSTIC,    32, -9.283920007941e-01, 1.181327392636e-05, 3.0137e+01, 7.4479e-01, 
 1DIAGNOSTIC,    33, -9.283996077992e-01, 1.120947061273e-05, 3.0879e+01, 7.4234e-01, 
 1DIAGNOSTIC,    34, -9.285265413746e-01, 1.149317400403e-05, 3.1623e+01, 7.4353e-01, 
 1DIAGNOSTIC,    35, -9.286389797120e-01, 1.229172618409e-05, 3.2369e+01, 7.4650e-01, 
 1DIAGNOSTIC,    36, -9.287311122158e-01, 1.331678852470e-05, 3.3116e+01, 7.4721e-01, 
 1DIAGNOSTIC,    37, -9.288074824556e-01, 1.416320661610e-05, 3.3866e+01, 7.5009e-01, 
 1DIAGNOSTIC,    38, -9.288700867328e-01, 1.458333381956e-05, 3.4609e+01, 7.4269e-01, 
 1DIAGNOSTIC,    39, -9.289190731431e-01, 1.438966944110e-05, 3.5352e+01, 7.4337e-01, 
 1DIAGNOSTIC,    40, -9.289636671613e-01, 1.353285434465e-05, 3.6100e+01, 7.4731e-01, 
 1DIAGNOSTIC,    41, -9.289997474969e-01, 1.199868096058e-05, 3.6848e+01, 7.4813e-01, 
 1DIAGNOSTIC,    42, -9.290266390493e-01, 1.075951812094e-05, 3.7597e+01, 7.4967e-01, 
 1DIAGNOSTIC,    43, -9.289231077889e-01, 7.923919563318e-06, 3.8349e+01, 7.5132e-01, 
 1DIAGNOSTIC,    44, -9.288432394095e-01, 4.872484883223e-06, 3.9095e+01, 7.4580e-01, 
 1DIAGNOSTIC,    45, -9.287849849578e-01, 1.928611929158e-06, 3.9843e+01, 7.4797e-01, 
 1DIAGNOSTIC,    46, -9.287313206575e-01, -7.631389182354e-07, 4.0593e+01, 7.5087e-01, 
XXDIAGNOSTIC,Iteration,metricValue,convergenceValue,ITERATION_TIME_INDEX,SINCE_LAST
 1DIAGNOSTIC,     1, -8.548885327104e-01, 1.797693134862e+308, 4.8273e+01, 7.6798e+00, 
 1DIAGNOSTIC,     2, -8.582992771654e-01, 1.797693134862e+308, 5.4489e+01, 6.2161e+00, 
 1DIAGNOSTIC,     3, -8.613472054026e-01, 1.797693134862e+308, 6.0683e+01, 6.1939e+00, 
 1DIAGNOSTIC,     4, -8.640699058620e-01, 1.797693134862e+308, 6.6911e+01, 6.2281e+00, 
 1DIAGNOSTIC,     5, -8.665982331412e-01, 1.797693134862e+308, 7.3106e+01, 6.1947e+00, 
 1DIAGNOSTIC,     6, -8.687801326446e-01, 1.797693134862e+308, 7.9292e+01, 6.1859e+00, 
 1DIAGNOSTIC,     7, -8.707335193028e-01, 1.797693134862e+308, 8.5473e+01, 6.1813e+00, 
 1DIAGNOSTIC,     8, -8.724971023660e-01, 1.797693134862e+308, 9.1698e+01, 6.2251e+00, 
 1DIAGNOSTIC,     9, -8.740994057940e-01, 1.797693134862e+308, 9.7901e+01, 6.2022e+00, 
 1DIAGNOSTIC,    10, -8.754208462140e-01, 1.499708044477e-03, 1.0411e+02, 6.2054e+00, 
 1DIAGNOSTIC,    11, -8.767937028118e-01, 1.221143980897e-03, 1.1032e+02, 6.2102e+00, 
 1DIAGNOSTIC,    12, -8.779370305410e-01, 1.002830952659e-03, 1.1655e+02, 6.2375e+00, 
 1DIAGNOSTIC,    13, -8.790125694947e-01, 8.305980292813e-04, 1.2279e+02, 6.2386e+00, 
 1DIAGNOSTIC,    14, -8.800179857662e-01, 6.938959586719e-04, 1.2909e+02, 6.3006e+00, 
 1DIAGNOSTIC,    15, -8.809663163266e-01, 5.872470556541e-04, 1.3533e+02, 6.2349e+00, 
 1DIAGNOSTIC,    16, -8.818766007775e-01, 5.026735249886e-04, 1.4155e+02, 6.2223e+00, 
 1DIAGNOSTIC,    17, -8.827579631375e-01, 4.357216042711e-04, 1.4779e+02, 6.2398e+00, 
 1DIAGNOSTIC,    18, -8.836183789602e-01, 3.831061044259e-04, 1.5400e+02, 6.2059e+00, 
 1DIAGNOSTIC,    19, -8.844447157222e-01, 3.419092406694e-04, 1.6019e+02, 6.1955e+00, 
 1DIAGNOSTIC,    20, -8.852488481708e-01, 3.073451571865e-04, 1.6635e+02, 6.1598e+00, 
 1DIAGNOSTIC,    21, -8.860724543084e-01, 2.812465028247e-04, 1.7252e+02, 6.1679e+00, 
 1DIAGNOSTIC,    22, -8.868808789696e-01, 2.598798366224e-04, 1.7867e+02, 6.1510e+00, 
 1DIAGNOSTIC,    23, -8.877012010369e-01, 2.426428634342e-04, 1.8481e+02, 6.1359e+00, 
 1DIAGNOSTIC,    24, -8.885363942143e-01, 2.288262527841e-04, 1.9097e+02, 6.1630e+00, 
 1DIAGNOSTIC,    25, -8.893695559304e-01, 2.175875435391e-04, 1.9714e+02, 6.1730e+00, 
 1DIAGNOSTIC,    26, -8.901483438189e-01, 2.076623320380e-04, 2.0333e+02, 6.1873e+00, 
 1DIAGNOSTIC,    27, -8.908800131020e-01, 1.981479700978e-04, 2.0950e+02, 6.1754e+00, 
 1DIAGNOSTIC,    28, -8.915672421333e-01, 1.884235966213e-04, 2.1568e+02, 6.1745e+00, 
 1DIAGNOSTIC,    29, -8.922086508627e-01, 1.778628359155e-04, 2.2184e+02, 6.1631e+00, 
 1DIAGNOSTIC,    30, -8.928194157841e-01, 1.663528903496e-04, 2.2800e+02, 6.1610e+00, 
 1DIAGNOSTIC,    31, -8.934005646953e-01, 1.544175344029e-04, 2.3419e+02, 6.1854e+00, 
 1DIAGNOSTIC,    32, -8.939338053528e-01, 1.420829508104e-04, 2.4033e+02, 6.1431e+00, 
 1DIAGNOSTIC,    33, -8.944352010959e-01, 1.298991606760e-04, 2.4651e+02, 6.1748e+00, 
 1DIAGNOSTIC,    34, -8.948883886877e-01, 1.182739776094e-04, 2.5270e+02, 6.1902e+00, 
 1DIAGNOSTIC,    35, -8.952745915433e-01, 1.072710526293e-04, 2.5887e+02, 6.1695e+00, 
 1DIAGNOSTIC,    36, -8.956117105985e-01, 9.664668166698e-05, 2.6505e+02, 6.1806e+00, 
 1DIAGNOSTIC,    37, -8.959174692353e-01, 8.641891383787e-05, 2.7119e+02, 6.1446e+00, 
 1DIAGNOSTIC,    38, -8.961797336511e-01, 7.653715339233e-05, 2.7734e+02, 6.1483e+00, 
 1DIAGNOSTIC,    39, -8.964229199760e-01, 6.716857855028e-05, 2.8352e+02, 6.1815e+00, 
 1DIAGNOSTIC,    40, -8.966426822444e-01, 5.854869391220e-05, 2.8970e+02, 6.1756e+00, 
 1DIAGNOSTIC,    41, -8.968417485059e-01, 5.089593299247e-05, 2.9586e+02, 6.1591e+00, 
 1DIAGNOSTIC,    42, -8.970121217180e-01, 4.414691469157e-05, 3.0200e+02, 6.1446e+00, 
 1DIAGNOSTIC,    43, -8.971871163218e-01, 3.856801653367e-05, 3.0816e+02, 6.1583e+00, 
 1DIAGNOSTIC,    44, -8.973444084093e-01, 3.403484701500e-05, 3.1431e+02, 6.1499e+00, 
 1DIAGNOSTIC,    45, -8.974902115519e-01, 3.027183788949e-05, 3.2046e+02, 6.1461e+00, 
 1DIAGNOSTIC,    46, -8.976219062808e-01, 2.707913004529e-05, 3.2663e+02, 6.1792e+00, 
 1DIAGNOSTIC,    47, -8.977480778451e-01, 2.441750829210e-05, 3.3280e+02, 6.1636e+00, 
 1DIAGNOSTIC,    48, -8.978616553665e-01, 2.207608730770e-05, 3.3897e+02, 6.1708e+00, 
 1DIAGNOSTIC,    49, -8.979722578702e-01, 2.006775134250e-05, 3.4515e+02, 6.1763e+00, 
 1DIAGNOSTIC,    50, -8.980707779836e-01, 1.829627564321e-05, 3.5128e+02, 6.1391e+00, 
 1DIAGNOSTIC,    51, -8.981703109028e-01, 1.676089891804e-05, 3.5747e+02, 6.1859e+00, 
 1DIAGNOSTIC,    52, -8.982605054881e-01, 1.532229612848e-05, 3.6364e+02, 6.1742e+00, 
 1DIAGNOSTIC,    53, -8.983386088259e-01, 1.403927709350e-05, 3.6980e+02, 6.1588e+00, 
 1DIAGNOSTIC,    54, -8.984263597253e-01, 1.295307465008e-05, 3.7596e+02, 6.1590e+00, 
 1DIAGNOSTIC,    55, -8.984930842109e-01, 1.194111799166e-05, 3.8215e+02, 6.1865e+00, 
 1DIAGNOSTIC,    56, -8.985476835443e-01, 1.092674454299e-05, 3.8831e+02, 6.1583e+00, 
 1DIAGNOSTIC,    57, -8.986088617068e-01, 9.995980416098e-06, 3.9445e+02, 6.1392e+00, 
 1DIAGNOSTIC,    58, -8.986700329108e-01, 9.142844702225e-06, 4.0062e+02, 6.1750e+00, 
 1DIAGNOSTIC,    59, -8.987224268615e-01, 8.365116060928e-06, 4.0677e+02, 6.1537e+00, 
 1DIAGNOSTIC,    60, -8.987749130212e-01, 7.656787951501e-06, 4.1296e+02, 6.1875e+00, 
 1DIAGNOSTIC,    61, -8.988234417864e-01, 7.055787502361e-06, 4.1914e+02, 6.1728e+00, 
 1DIAGNOSTIC,    62, -8.988805122376e-01, 6.598494206225e-06, 4.2531e+02, 6.1719e+00, 
 1DIAGNOSTIC,    63, -8.989208965587e-01, 6.159710278012e-06, 4.3148e+02, 6.1768e+00, 
 1DIAGNOSTIC,    64, -8.989656817929e-01, 5.846925215290e-06, 4.3766e+02, 6.1725e+00, 
 1DIAGNOSTIC,    65, -8.990030165458e-01, 5.536348934309e-06, 4.4384e+02, 6.1812e+00, 
 1DIAGNOSTIC,    66, -8.990347903925e-01, 5.161908230442e-06, 4.5001e+02, 6.1753e+00, 
 1DIAGNOSTIC,    67, -8.990668689855e-01, 4.787093879324e-06, 4.5618e+02, 6.1721e+00, 
 1DIAGNOSTIC,    68, -8.990997323210e-01, 4.445243421723e-06, 4.6235e+02, 6.1657e+00, 
 1DIAGNOSTIC,    69, -8.991232538423e-01, 4.077086198038e-06, 4.6849e+02, 6.1370e+00, 
 1DIAGNOSTIC,    70, -8.991563628494e-01, 3.758773020843e-06, 4.7464e+02, 6.1501e+00, 
XXDIAGNOSTIC,Iteration,metricValue,convergenceValue,ITERATION_TIME_INDEX,SINCE_LAST
 1DIAGNOSTIC,     1, -8.529731448757e-01, 1.797693134862e+308, 5.2618e+02, 5.1538e+01, 
 1DIAGNOSTIC,     2, -8.559237321330e-01, 1.797693134862e+308, 5.7549e+02, 4.9312e+01, 
 1DIAGNOSTIC,     3, -8.590390440618e-01, 1.797693134862e+308, 6.2485e+02, 4.9362e+01, 
 1DIAGNOSTIC,     4, -8.619797728035e-01, 1.797693134862e+308, 6.7432e+02, 4.9472e+01, 
 1DIAGNOSTIC,     5, -8.646753194560e-01, 1.797693134862e+308, 7.2396e+02, 4.9635e+01, 
 1DIAGNOSTIC,     6, -8.673458416456e-01, 1.797693134862e+308, 7.7343e+02, 4.9471e+01, 
 1DIAGNOSTIC,     7, -8.696445896652e-01, 1.797693134862e+308, 8.2301e+02, 4.9579e+01, 
 1DIAGNOSTIC,     8, -8.719642133376e-01, 1.797693134862e+308, 8.7231e+02, 4.9303e+01, 
 1DIAGNOSTIC,     9, -8.739738997877e-01, 1.797693134862e+308, 9.2184e+02, 4.9530e+01, 
 1DIAGNOSTIC,    10, -8.758254200480e-01, 1.701721159877e-03, 9.7127e+02, 4.9433e+01, 
 1DIAGNOSTIC,    11, -8.773424115980e-01, 1.442844432335e-03, 1.0206e+03, 4.9345e+01, 
 1DIAGNOSTIC,    12, -8.786836231519e-01, 1.214151683976e-03, 1.0700e+03, 4.9369e+01, 
 1DIAGNOSTIC,    13, -8.799304837842e-01, 1.020155757540e-03, 1.1194e+03, 4.9430e+01, 
 1DIAGNOSTIC,    14, -8.810367372682e-01, 8.550916311729e-04, 1.1688e+03, 4.9429e+01, 
 1DIAGNOSTIC,    15, -8.820830762318e-01, 7.148587338349e-04, 1.2183e+03, 4.9453e+01, 
 1DIAGNOSTIC,    16, -8.831848363861e-01, 6.031737617358e-04, 1.2679e+03, 4.9603e+01, 
 1DIAGNOSTIC,    17, -8.840896803671e-01, 5.100312857802e-04, 1.3175e+03, 4.9571e+01, 
 1DIAGNOSTIC,    18, -8.849033156769e-01, 4.364961049773e-04, 1.3671e+03, 4.9595e+01, 
 1DIAGNOSTIC,    19, -8.855613626848e-01, 3.756478473696e-04, 1.4166e+03, 4.9488e+01, 
 1DIAGNOSTIC,    20, -8.863333702303e-01, 3.284508484067e-04, 1.4662e+03, 4.9600e+01, 
 1DIAGNOSTIC,    21, -8.869498140271e-01, 2.878950566330e-04, 1.5159e+03, 4.9737e+01, 
 1DIAGNOSTIC,    22, -8.875692613844e-01, 2.529196153456e-04, 1.5656e+03, 4.9750e+01, 
 1DIAGNOSTIC,    23, -8.881811462556e-01, 2.234795341126e-04, 1.6152e+03, 4.9582e+01, 
 1DIAGNOSTIC,    24, -8.887918144451e-01, 1.986645268635e-04, 1.6648e+03, 4.9597e+01, 
 1DIAGNOSTIC,    25, -8.893705484477e-01, 1.780851460201e-04, 1.7146e+03, 4.9772e+01, 
 1DIAGNOSTIC,    26, -8.899113203121e-01, 1.627039719311e-04, 1.7643e+03, 4.9715e+01, 
 1DIAGNOSTIC,    27, -8.904397654045e-01, 1.502670348883e-04, 1.8138e+03, 4.9474e+01, 
 1DIAGNOSTIC,    28, -8.909415955543e-01, 1.397220444953e-04, 1.8636e+03, 4.9766e+01, 
 1DIAGNOSTIC,    29, -8.914307237324e-01, 1.294205631834e-04, 1.9132e+03, 4.9647e+01, 
 1DIAGNOSTIC,    30, -8.919047145343e-01, 1.209680465867e-04, 1.9629e+03, 4.9713e+01, 
 1DIAGNOSTIC,    31, -8.923621308380e-01, 1.127795461104e-04, 2.0127e+03, 4.9791e+01, 
 1DIAGNOSTIC,    32, -8.927981292593e-01, 1.050473858918e-04, 2.0625e+03, 4.9829e+01, 
 1DIAGNOSTIC,    33, -8.932138427274e-01, 9.784901652186e-05, 2.1123e+03, 4.9797e+01, 
 1DIAGNOSTIC,    34, -8.936155572889e-01, 9.137569634905e-05, 2.1621e+03, 4.9798e+01, 
 1DIAGNOSTIC,    35, -8.939947368575e-01, 8.540649567643e-05, 2.2118e+03, 4.9626e+01, 
 1DIAGNOSTIC,    36, -8.943690732834e-01, 7.983477594170e-05, 2.2615e+03, 4.9703e+01, 
 1DIAGNOSTIC,    37, -8.947243702969e-01, 7.466032980947e-05, 2.3111e+03, 4.9673e+01, 
 1DIAGNOSTIC,    38, -8.950767478039e-01, 6.988963550077e-05, 2.3607e+03, 4.9539e+01, 
 1DIAGNOSTIC,    39, -8.954153009454e-01, 6.553741420391e-05, 2.4105e+03, 4.9814e+01, 
 1DIAGNOSTIC,    40, -8.957569162331e-01, 6.171948523519e-05, 2.4603e+03, 4.9774e+01, 
 1DIAGNOSTIC,    41, -8.960743394987e-01, 5.828263632196e-05, 2.5098e+03, 4.9549e+01, 
 1DIAGNOSTIC,    42, -8.963869952926e-01, 5.518796811625e-05, 2.5594e+03, 4.9635e+01, 
 1DIAGNOSTIC,    43, -8.966776960197e-01, 5.225748378251e-05, 2.6091e+03, 4.9663e+01, 
 1DIAGNOSTIC,    44, -8.969617789957e-01, 4.948991235089e-05, 2.6588e+03, 4.9724e+01, 
 1DIAGNOSTIC,    45, -8.972202899204e-01, 4.667877242005e-05, 2.7084e+03, 4.9589e+01, 
 1DIAGNOSTIC,    46, -8.974670025433e-01, 4.387992764955e-05, 2.7581e+03, 4.9699e+01, 
 1DIAGNOSTIC,    47, -8.976945888153e-01, 4.100218955910e-05, 2.8079e+03, 4.9747e+01, 
 1DIAGNOSTIC,    48, -8.979355075336e-01, 3.830805828722e-05, 2.8576e+03, 4.9727e+01, 
 1DIAGNOSTIC,    49, -8.978863357154e-01, 3.396443588990e-05, 2.9071e+03, 4.9539e+01, 
 1DIAGNOSTIC,    50, -8.981209555493e-01, 3.030986614519e-05, 2.9568e+03, 4.9719e+01, 
XXDIAGNOSTIC,Iteration,metricValue,convergenceValue,ITERATION_TIME_INDEX,SINCE_LAST
 1DIAGNOSTIC,     1, -8.740649777907e-01, 1.797693134862e+308, 3.3664e+03, 4.0955e+02, 
 1DIAGNOSTIC,     2, -8.750121947183e-01, 1.797693134862e+308, 3.7708e+03, 4.0443e+02, 
 1DIAGNOSTIC,     3, -8.763578993409e-01, 1.797693134862e+308, 4.1738e+03, 4.0298e+02, 
 1DIAGNOSTIC,     4, -8.777092635955e-01, 1.797693134862e+308, 4.5791e+03, 4.0524e+02, 
 1DIAGNOSTIC,     5, -8.791698761652e-01, 1.797693134862e+308, 4.9807e+03, 4.0168e+02, 
 1DIAGNOSTIC,     6, -8.804043828926e-01, 1.797693134862e+308, 5.3827e+03, 4.0193e+02, 
 1DIAGNOSTIC,     7, -8.816404938970e-01, 1.797693134862e+308, 5.7848e+03, 4.0216e+02, 
 1DIAGNOSTIC,     8, -8.827931215709e-01, 1.797693134862e+308, 6.1888e+03, 4.0394e+02, 
 1DIAGNOSTIC,     9, -8.838531867749e-01, 1.797693134862e+308, 6.5902e+03, 4.0146e+02, 
 1DIAGNOSTIC,    10, -8.847440838335e-01, 8.096976970673e-04, 6.9936e+03, 4.0340e+02, 
 1DIAGNOSTIC,    11, -8.856451684348e-01, 7.123968947972e-04, 7.3971e+03, 4.0347e+02, 
 1DIAGNOSTIC,    12, -8.864142458570e-01, 6.132382586260e-04, 7.8020e+03, 4.0491e+02, 
 1DIAGNOSTIC,    13, -8.871169610955e-01, 5.244814371550e-04, 8.2066e+03, 4.0460e+02, 
 1DIAGNOSTIC,    14, -8.876937497652e-01, 4.448147333133e-04, 8.6113e+03, 4.0473e+02, 
 1DIAGNOSTIC,    15, -8.882228210580e-01, 3.777620531366e-04, 9.0164e+03, 4.0503e+02, 
 1DIAGNOSTIC,    16, -8.887011464073e-01, 3.187308455222e-04, 9.4213e+03, 4.0490e+02, 
 1DIAGNOSTIC,    17, -8.891474087345e-01, 2.689657495287e-04, 9.8262e+03, 4.0497e+02, 
 1DIAGNOSTIC,    18, -8.895746698324e-01, 2.279792241941e-04, 1.0231e+04, 4.0461e+02, 
 1DIAGNOSTIC,    19, -8.899700687870e-01, 1.947551645465e-04, 1.0636e+04, 4.0472e+02, 
 1DIAGNOSTIC,    20, -8.903506425542e-01, 1.671077622339e-04, 1.1036e+04, 4.0086e+02, 
  Elapsed time (stage 0): 11039.5


Total elapsed time: 11039.5
-i /mnt/lustre/mathdugre/fast-interpolate/datasets/ds004513/derivatives/flint/ants/flint-vprec-single-five-levels/sub-s020/ses-open/anat/01/1_Affine.nii.gz -o /mnt/lustre/mathdugre/fast-interpolate/datasets/ds004513/derivatives/flint/ants/flint-vprec-single-five-levels/sub-s020/ses-open/anat/010/1_transformed.nii.gz -t /mnt/lustre/mathdugre/fast-interpolate/datasets/ds004513/derivatives/flint/ants/flint-vprec-single-five-levels/sub-s020/ses-open/anat/010/1_1Warp.nii.gz -t /mnt/lustre/mathdugre/fast-interpolate/datasets/ds004513/derivatives/flint/ants/flint-vprec-single-five-levels/sub-s020/ses-open/anat/010/1_0GenericAffine.mat
