---------------------
Experiment information

SIF_IMG: /mnt/lustre/mathdugre/containers/ants-flint-base.simg
SIF_IMG_BASE: /mnt/lustre/mathdugre/containers/ants-flint-base.simg
EXPERIMENT_NAME: flint-vprec-single-five-levels
STAGE: rigid
SUBJECT_ID: s035
REPETITION_ID: 1

FIXED_IMG: /templateflow/tpl-MNI152NLin2009cAsym/tpl-MNI152NLin2009cAsym_res-01_desc-brain_T1w.nii.gz
INPUT_IMG: /mnt/lustre/mathdugre/fast-interpolate/datasets/ds004513/derivatives/fsl/fast/sub-s035/ses-open/anat/BrainExtractionBrain_seg.nii.gz

DATA_DIR: /mnt/lustre/mathdugre/fast-interpolate/datasets/ds004513
OUTPUT_DIR: /mnt/lustre/mathdugre/fast-interpolate/datasets/ds004513/derivatives/flint/ants/flint-vprec-single-five-levels/sub-s035/ses-open/anat
OUTPUT_PREFIX: 0
THREAD: 1
FLOAT: 0
VFC_BACKENDS: ieee
---------------------

--output [/mnt/lustre/mathdugre/fast-interpolate/datasets/ds004513/derivatives/flint/ants/flint-vprec-single-five-levels/sub-s035/ses-open/anat/0/1_,/mnt/lustre/mathdugre/fast-interpolate/datasets/ds004513/derivatives/flint/ants/flint-vprec-single-five-levels/sub-s035/ses-open/anat/0/1_Rigid.nii.gz,/mnt/lustre/mathdugre/fast-interpolate/datasets/ds004513/derivatives/flint/ants/flint-vprec-single-five-levels/sub-s035/ses-open/anat/0/1_InverseRigid.nii.gz] --initial-moving-transform [/templateflow/tpl-MNI152NLin2009cAsym/tpl-MNI152NLin2009cAsym_res-01_desc-brain_T1w.nii.gz,/mnt/lustre/mathdugre/fast-interpolate/datasets/ds004513/derivatives/fsl/fast/sub-s035/ses-open/anat/BrainExtractionBrain_seg.nii.gz,1] --transform Rigid[0.1] --metric MI[/templateflow/tpl-MNI152NLin2009cAsym/tpl-MNI152NLin2009cAsym_res-01_desc-brain_T1w.nii.gz,/mnt/lustre/mathdugre/fast-interpolate/datasets/ds004513/derivatives/fsl/fast/sub-s035/ses-open/anat/BrainExtractionBrain_seg.nii.gz,1,32,Regular,0.25] --convergence [1000x1000x500x250x100,1e-6,10] --shrink-factors 16x8x4x2x1 --smoothing-sigmas 4x3x2x1x0vox
All_Command_lines_OK
Using double precision for computations.
=============================================================================
The composite transform comprises the following transforms (in order): 
  1. Center of mass alignment using fixed image: /templateflow/tpl-MNI152NLin2009cAsym/tpl-MNI152NLin2009cAsym_res-01_desc-brain_T1w.nii.gz and moving image: /mnt/lustre/mathdugre/fast-interpolate/datasets/ds004513/derivatives/fsl/fast/sub-s035/ses-open/anat/BrainExtractionBrain_seg.nii.gz (type = Euler3DTransform)
=============================================================================
  number of levels = 5
  fixed image: /templateflow/tpl-MNI152NLin2009cAsym/tpl-MNI152NLin2009cAsym_res-01_desc-brain_T1w.nii.gz
  moving image: /mnt/lustre/mathdugre/fast-interpolate/datasets/ds004513/derivatives/fsl/fast/sub-s035/ses-open/anat/BrainExtractionBrain_seg.nii.gz
Dimension = 3
Number of stages = 1
Use histogram matching = false
Winsorize image intensities = true
  Lower quantile = 0.005
  Upper quantile = 0.995


Stage 1 State
   Image metric = MattesMI
     Fixed image = Image (0x55e6d483f130)
  RTTI typeinfo:   itk::Image<double, 3u>
  Reference Count: 2
  Modified Time: 1622
  Debug: Off
  Object Name: 
  Observers: 
    none
  Source: (none)
  Source output name: (none)
  Release Data: Off
  Data Released: False
  Global Release Data: Off
  PipelineMTime: 0
  UpdateMTime: 1407
  RealTimeStamp: 0 seconds 
  LargestPossibleRegion: 
    Dimension: 3
    Index: [0, 0, 0]
    Size: [193, 229, 193]
  BufferedRegion: 
    Dimension: 3
    Index: [0, 0, 0]
    Size: [193, 229, 193]
  RequestedRegion: 
    Dimension: 3
    Index: [0, 0, 0]
    Size: [193, 229, 193]
  Spacing: [1, 1, 1]
  Origin: [96, 132, -78]
  Direction: 
-1 0 0
0 -1 0
0 0 1

  IndexToPointMatrix: 
-1 0 0
0 -1 0
0 0 1

  PointToIndexMatrix: 
-1 0 0
0 -1 0
0 0 1

  Inverse Direction: 
-1 0 0
0 -1 0
0 0 1

  PixelContainer: 
    ImportImageContainer (0x55e6d48ab2f0)
      RTTI typeinfo:   itk::ImportImageContainer<unsigned long, double>
      Reference Count: 1
      Modified Time: 1404
      Debug: Off
      Object Name: 
      Observers: 
        none
      Pointer: 0x7fe9d150e010
      Container manages memory: true
      Size: 8530021
      Capacity: 8530021

     Moving image = Image (0x55e6d483f930)
  RTTI typeinfo:   itk::Image<double, 3u>
  Reference Count: 2
  Modified Time: 1623
  Debug: Off
  Object Name: 
  Observers: 
    none
  Source: (none)
  Source output name: (none)
  Release Data: Off
  Data Released: False
  Global Release Data: Off
  PipelineMTime: 0
  UpdateMTime: 1620
  RealTimeStamp: 0 seconds 
  LargestPossibleRegion: 
    Dimension: 3
    Index: [0, 0, 0]
    Size: [160, 240, 256]
  BufferedRegion: 
    Dimension: 3
    Index: [0, 0, 0]
    Size: [160, 240, 256]
  RequestedRegion: 
    Dimension: 3
    Index: [0, 0, 0]
    Size: [160, 240, 256]
  Spacing: [1, 1, 1]
  Origin: [98.6438, 87.6358, -117.989]
  Direction: 
-0.993515 -0.100993 -0.0522355
0.100854 -0.994887 0.00530255
-0.0525039 1.93537e-08 0.998621

  IndexToPointMatrix: 
-0.993515 -0.100993 -0.0522355
0.100854 -0.994887 0.00530255
-0.0525039 1.93537e-08 0.998621

  PointToIndexMatrix: 
-0.993515 0.100854 -0.0525039
-0.100993 -0.994887 1.93006e-08
-0.0522355 0.00530255 0.998621

  Inverse Direction: 
-0.993515 0.100854 -0.0525039
-0.100993 -0.994887 1.93006e-08
-0.0522355 0.00530255 0.998621

  PixelContainer: 
    ImportImageContainer (0x55e6d4873010)
      RTTI typeinfo:   itk::ImportImageContainer<unsigned long, double>
      Reference Count: 1
      Modified Time: 1617
      Debug: Off
      Object Name: 
      Observers: 
        none
      Pointer: 0x7fe9cca0d010
      Container manages memory: true
      Size: 9830400
      Capacity: 9830400

     Weighting = 1
     Sampling strategy = regular
     Number of bins = 32
     Radius = 4
     Sampling percentage  = 0.25
   Transform = Rigid
     Gradient step = 0.1
     Update field sigma (voxel space) = 0
     Total field sigma (voxel space) = 0
     Update field time sigma = 0
     Total field time sigma  = 0
     Number of time indices = 0
     Number of time point samples = 0
Registration using 1 total stages.

Stage 0
  iterations = 1000x1000x500x250x100
  convergence threshold = 1e-06
  convergence window size = 10
  number of levels = 5
  using the Mattes MI metric (number of bins = 32, weight = 1, use gradient filter = 0)
  preprocessing:  winsorizing the image intensities
  Shrink factors (level 1 out of 5): [16, 16, 16]
  Shrink factors (level 2 out of 5): [8, 8, 8]
  Shrink factors (level 3 out of 5): [4, 4, 4]
  Shrink factors (level 4 out of 5): [2, 2, 2]
  Shrink factors (level 5 out of 5): [1, 1, 1]
  smoothing sigmas per level: [4, 3, 2, 1, 0]
  regular sampling (percentage = 0.25)

*** Running Euler3DTransform registration ***

DIAGNOSTIC,Iteration,metricValue,convergenceValue,ITERATION_TIME_INDEX,SINCE_LAST
 2DIAGNOSTIC,     1, -8.809082674870e-01, 1.797693134862e+308, 1.5452e+00, 1.5452e+00, 
 2DIAGNOSTIC,     2, -8.852873584679e-01, 1.797693134862e+308, 1.5463e+00, 1.0672e-03, 
 2DIAGNOSTIC,     3, -8.899141296365e-01, 1.797693134862e+308, 1.5473e+00, 1.0152e-03, 
 2DIAGNOSTIC,     4, -8.942646040620e-01, 1.797693134862e+308, 1.5483e+00, 1.0190e-03, 
 2DIAGNOSTIC,     5, -9.072038555299e-01, 1.797693134862e+308, 1.5495e+00, 1.1861e-03, 
 2DIAGNOSTIC,     6, -9.105086553645e-01, 1.797693134862e+308, 1.5507e+00, 1.1671e-03, 
 2DIAGNOSTIC,     7, -9.108675337979e-01, 1.797693134862e+308, 1.5518e+00, 1.1559e-03, 
 2DIAGNOSTIC,     8, -9.104167422399e-01, 1.797693134862e+308, 1.5528e+00, 1.0231e-03, 
 2DIAGNOSTIC,     9, -9.175316583017e-01, 1.797693134862e+308, 1.5541e+00, 1.2121e-03, 
 2DIAGNOSTIC,    10, -9.293645322615e-01, 3.126871212526e-03, 1.5566e+00, 2.5122e-03, 
 2DIAGNOSTIC,    11, -9.429789190152e-01, 3.137164567110e-03, 1.5581e+00, 1.5061e-03, 
 2DIAGNOSTIC,    12, -9.476693130615e-01, 3.099802039208e-03, 1.5594e+00, 1.3280e-03, 
 2DIAGNOSTIC,    13, -9.556003729484e-01, 3.095003524633e-03, 1.5630e+00, 3.6190e-03, 
 2DIAGNOSTIC,    14, -9.556001101213e-01, 2.897582250143e-03, 1.5642e+00, 1.1401e-03, 
 2DIAGNOSTIC,    15, -9.556006360326e-01, 2.726360915586e-03, 1.5653e+00, 1.1241e-03, 
 2DIAGNOSTIC,    16, -9.556015252746e-01, 2.390626053809e-03, 1.5664e+00, 1.1232e-03, 
 2DIAGNOSTIC,    17, -9.556030287374e-01, 1.885228133273e-03, 1.5675e+00, 1.1401e-03, 
 2DIAGNOSTIC,    18, -9.556055704085e-01, 1.256669541348e-03, 1.5687e+00, 1.1230e-03, 
 2DIAGNOSTIC,    19, -9.556098664470e-01, 6.930036066190e-04, 1.5698e+00, 1.1199e-03, 
 2DIAGNOSTIC,    20, -9.556171186153e-01, 3.012686870055e-04, 1.5709e+00, 1.1201e-03, 
 2DIAGNOSTIC,    21, -9.556293638276e-01, 1.177606655669e-04, 1.5720e+00, 1.1191e-03, 
 2DIAGNOSTIC,    22, -9.556500262180e-01, 2.748023622351e-06, 1.5731e+00, 1.1172e-03, 
 2DIAGNOSTIC,    23, -9.556848407307e-01, 3.468861565693e-06, 1.5743e+00, 1.1182e-03, 
 2DIAGNOSTIC,    24, -9.557433572528e-01, 4.667313897255e-06, 1.5754e+00, 1.1189e-03, 
 2DIAGNOSTIC,    25, -9.558412864589e-01, 6.642445333098e-06, 1.5765e+00, 1.1261e-03, 
 2DIAGNOSTIC,    26, -9.560038873902e-01, 9.851094537161e-06, 1.5776e+00, 1.1199e-03, 
 2DIAGNOSTIC,    27, -9.562701434559e-01, 1.498647789203e-05, 1.5788e+00, 1.1210e-03, 
 2DIAGNOSTIC,    28, -9.566981222354e-01, 2.306268819222e-05, 1.5799e+00, 1.1189e-03, 
 2DIAGNOSTIC,    29, -9.573506308446e-01, 3.529172583120e-05, 1.5810e+00, 1.1201e-03, 
 2DIAGNOSTIC,    30, -9.582473519064e-01, 5.247664371173e-05, 1.5821e+00, 1.1241e-03, 
 2DIAGNOSTIC,    31, -9.579314372547e-01, 6.056406664924e-05, 1.5832e+00, 1.1261e-03, 
 2DIAGNOSTIC,    32, -9.587952410447e-01, 7.109940854273e-05, 1.5844e+00, 1.1301e-03, 
 2DIAGNOSTIC,    33, -9.591812864692e-01, 7.799048389986e-05, 1.5855e+00, 1.1280e-03, 
 2DIAGNOSTIC,    34, -9.594000199014e-01, 7.946315700490e-05, 1.5868e+00, 1.2579e-03, 
 2DIAGNOSTIC,    35, -9.599180623236e-01, 7.872326279496e-05, 1.5882e+00, 1.3969e-03, 
 2DIAGNOSTIC,    36, -9.587050789338e-01, 6.183323172680e-05, 1.5894e+00, 1.2650e-03, 
 2DIAGNOSTIC,    37, -9.574097471865e-01, 3.201025482056e-05, 1.5905e+00, 1.1241e-03, 
DIAGNOSTIC,Iteration,metricValue,convergenceValue,ITERATION_TIME_INDEX,SINCE_LAST
 2DIAGNOSTIC,     1, -5.639002190358e-01, 1.797693134862e+308, 3.1346e+00, 1.5441e+00, 
 2DIAGNOSTIC,     2, -5.646831192649e-01, 1.797693134862e+308, 3.1442e+00, 9.6571e-03, 
 2DIAGNOSTIC,     3, -5.664763822747e-01, 1.797693134862e+308, 3.1537e+00, 9.4659e-03, 
 2DIAGNOSTIC,     4, -5.701023090724e-01, 1.797693134862e+308, 3.1633e+00, 9.6109e-03, 
 2DIAGNOSTIC,     5, -5.753043398528e-01, 1.797693134862e+308, 3.1729e+00, 9.5701e-03, 
 2DIAGNOSTIC,     6, -5.772505749917e-01, 1.797693134862e+308, 3.1857e+00, 1.2802e-02, 
 2DIAGNOSTIC,     7, -5.895369473341e-01, 1.797693134862e+308, 3.1996e+00, 1.3924e-02, 
 2DIAGNOSTIC,     8, -5.906429287602e-01, 1.797693134862e+308, 3.2094e+00, 9.7718e-03, 
 2DIAGNOSTIC,     9, -5.922223049062e-01, 1.797693134862e+308, 3.2191e+00, 9.7539e-03, 
 2DIAGNOSTIC,    10, -5.940372633935e-01, 3.961429947200e-03, 3.2295e+00, 1.0331e-02, 
 2DIAGNOSTIC,    11, -6.012879235656e-01, 3.804154608531e-03, 3.2416e+00, 1.2122e-02, 
 2DIAGNOSTIC,    12, -6.226259164469e-01, 4.208834814802e-03, 3.2540e+00, 1.2379e-02, 
 2DIAGNOSTIC,    13, -6.749752689578e-01, 6.122752431015e-03, 3.2715e+00, 1.7499e-02, 
 2DIAGNOSTIC,    14, -6.787224321461e-01, 7.387759424549e-03, 3.2824e+00, 1.0918e-02, 
 2DIAGNOSTIC,    15, -6.820922334978e-01, 8.089970484611e-03, 3.2930e+00, 1.0648e-02, 
 2DIAGNOSTIC,    16, -6.827342602776e-01, 8.041337415110e-03, 3.3024e+00, 9.3529e-03, 
 2DIAGNOSTIC,    17, -6.836332698824e-01, 7.610440335801e-03, 3.3118e+00, 9.3842e-03, 
 2DIAGNOSTIC,    18, -6.846467225483e-01, 6.566335536131e-03, 3.3253e+00, 1.3505e-02, 
 2DIAGNOSTIC,    19, -6.854334183682e-01, 5.098055455549e-03, 3.3382e+00, 1.2896e-02, 
 2DIAGNOSTIC,    20, -6.855667726102e-01, 3.383569939858e-03, 3.3476e+00, 9.3820e-03, 
 2DIAGNOSTIC,    21, -6.856225538054e-01, 1.693806727165e-03, 3.3582e+00, 1.0586e-02, 
 2DIAGNOSTIC,    22, -6.858893628449e-01, 4.289714719118e-04, 3.3675e+00, 9.3880e-03, 
 2DIAGNOSTIC,    23, -6.860104927270e-01, 2.689269896486e-04, 3.3769e+00, 9.3968e-03, 
 2DIAGNOSTIC,    24, -6.859335484585e-01, 1.652224286998e-04, 3.3863e+00, 9.3849e-03, 
 2DIAGNOSTIC,    25, -6.860852010865e-01, 1.183081998185e-04, 3.3957e+00, 9.3930e-03, 
 2DIAGNOSTIC,    26, -6.860457199779e-01, 7.452857037277e-05, 3.4063e+00, 1.0626e-02, 
 2DIAGNOSTIC,    27, -6.860317636309e-01, 4.157481126656e-05, 3.4170e+00, 1.0689e-02, 
 2DIAGNOSTIC,    28, -6.860383081912e-01, 2.317098406139e-05, 3.4312e+00, 1.4167e-02, 
 2DIAGNOSTIC,    29, -6.860501098613e-01, 1.623576628467e-05, 3.4406e+00, 9.4090e-03, 
 2DIAGNOSTIC,    30, -6.862540554004e-01, 1.334639173113e-05, 3.4501e+00, 9.5160e-03, 
 2DIAGNOSTIC,    31, -6.863402788385e-01, 1.133484106448e-05, 3.4631e+00, 1.2977e-02, 
 2DIAGNOSTIC,    32, -6.863450590443e-01, 1.219803356561e-05, 3.4725e+00, 9.3880e-03, 
 2DIAGNOSTIC,    33, -6.863930901433e-01, 1.429882302151e-05, 3.4819e+00, 9.3992e-03, 
 2DIAGNOSTIC,    34, -6.864175738796e-01, 1.425830419625e-05, 3.4913e+00, 9.4271e-03, 
 2DIAGNOSTIC,    35, -6.864551812130e-01, 1.529025377939e-05, 3.5007e+00, 9.4080e-03, 
 2DIAGNOSTIC,    36, -6.864949739881e-01, 1.488580393964e-05, 3.5113e+00, 1.0556e-02, 
 2DIAGNOSTIC,    37, -6.865393433333e-01, 1.356477627117e-05, 3.5219e+00, 1.0616e-02, 
 2DIAGNOSTIC,    38, -6.865342955361e-01, 1.115774881190e-05, 3.5338e+00, 1.1952e-02, 
 2DIAGNOSTIC,    39, -6.863102791767e-01, 5.491191907032e-06, 3.5468e+00, 1.2988e-02, 
DIAGNOSTIC,Iteration,metricValue,convergenceValue,ITERATION_TIME_INDEX,SINCE_LAST
 2DIAGNOSTIC,     1, -5.676321812327e-01, 1.797693134862e+308, 5.1979e+00, 1.6511e+00, 
 2DIAGNOSTIC,     2, -5.681696394243e-01, 1.797693134862e+308, 5.2966e+00, 9.8642e-02, 
 2DIAGNOSTIC,     3, -5.687184565537e-01, 1.797693134862e+308, 5.3953e+00, 9.8760e-02, 
 2DIAGNOSTIC,     4, -5.694697529857e-01, 1.797693134862e+308, 5.4943e+00, 9.8965e-02, 
 2DIAGNOSTIC,     5, -5.701211345834e-01, 1.797693134862e+308, 5.5924e+00, 9.8072e-02, 
 2DIAGNOSTIC,     6, -5.708389464016e-01, 1.797693134862e+308, 5.6905e+00, 9.8132e-02, 
 2DIAGNOSTIC,     7, -5.715957590517e-01, 1.797693134862e+308, 5.8032e+00, 1.1266e-01, 
 2DIAGNOSTIC,     8, -5.724601943375e-01, 1.797693134862e+308, 5.9303e+00, 1.2716e-01, 
 2DIAGNOSTIC,     9, -5.726959571414e-01, 1.797693134862e+308, 6.0296e+00, 9.9291e-02, 
 2DIAGNOSTIC,    10, -5.740006914520e-01, 7.035814214054e-04, 6.1574e+00, 1.2779e-01, 
 2DIAGNOSTIC,    11, -5.750874330016e-01, 6.823046568460e-04, 6.2560e+00, 9.8591e-02, 
 2DIAGNOSTIC,    12, -5.760659482348e-01, 6.653742366745e-04, 6.3693e+00, 1.1325e-01, 
 2DIAGNOSTIC,    13, -5.764261021860e-01, 6.254618665734e-04, 6.4964e+00, 1.2718e-01, 
 2DIAGNOSTIC,    14, -5.765127189895e-01, 5.647991712806e-04, 6.5947e+00, 9.8291e-02, 
 2DIAGNOSTIC,    15, -5.776074813294e-01, 5.184689599414e-04, 6.7660e+00, 1.7123e-01, 
 2DIAGNOSTIC,    16, -5.781837511853e-01, 4.689341884840e-04, 6.8641e+00, 9.8128e-02, 
 2DIAGNOSTIC,    17, -5.793867159546e-01, 4.387088328133e-04, 6.9623e+00, 9.8208e-02, 
 2DIAGNOSTIC,    18, -5.807192835481e-01, 4.321607056243e-04, 7.0612e+00, 9.8951e-02, 
 2DIAGNOSTIC,    19, -5.812406654614e-01, 4.053952614884e-04, 7.1746e+00, 1.1333e-01, 
 2DIAGNOSTIC,    20, -5.815548752278e-01, 3.835495697319e-04, 7.3023e+00, 1.2776e-01, 
 2DIAGNOSTIC,    21, -5.816956623402e-01, 3.566393261516e-04, 7.4146e+00, 1.1225e-01, 
 2DIAGNOSTIC,    22, -5.817451609244e-01, 3.219184135733e-04, 7.5121e+00, 9.7541e-02, 
 2DIAGNOSTIC,    23, -5.819243335951e-01, 2.717875199829e-04, 7.6105e+00, 9.8326e-02, 
 2DIAGNOSTIC,    24, -5.834923792370e-01, 2.341027691682e-04, 7.7354e+00, 1.2495e-01, 
 2DIAGNOSTIC,    25, -5.836715402392e-01, 2.021746522183e-04, 7.8623e+00, 1.2691e-01, 
 2DIAGNOSTIC,    26, -5.837998352706e-01, 1.672682541312e-04, 7.9755e+00, 1.1316e-01, 
 2DIAGNOSTIC,    27, -5.838629520653e-01, 1.423729874221e-04, 8.0878e+00, 1.1234e-01, 
 2DIAGNOSTIC,    28, -5.838788804650e-01, 1.294246218241e-04, 8.1856e+00, 9.7790e-02, 
 2DIAGNOSTIC,    29, -5.838838776840e-01, 1.136671326589e-04, 8.2842e+00, 9.8612e-02, 
 2DIAGNOSTIC,    30, -5.839122077691e-01, 9.380885092576e-05, 8.3825e+00, 9.8266e-02, 
 2DIAGNOSTIC,    31, -5.839008628443e-01, 6.888659943093e-05, 8.4956e+00, 1.1307e-01, 
 2DIAGNOSTIC,    32, -5.839537210408e-01, 4.092818233788e-05, 8.5938e+00, 9.8289e-02, 
 2DIAGNOSTIC,    33, -5.840337221352e-01, 1.412603508859e-05, 8.7211e+00, 1.2729e-01, 
 2DIAGNOSTIC,    34, -5.842002871589e-01, 1.268169262560e-05, 8.8922e+00, 1.7105e-01, 
 2DIAGNOSTIC,    35, -5.841818088575e-01, 1.237715284484e-05, 9.0055e+00, 1.1332e-01, 
 2DIAGNOSTIC,    36, -5.841854756546e-01, 1.283108430311e-05, 9.1192e+00, 1.1373e-01, 
 2DIAGNOSTIC,    37, -5.841677733047e-01, 1.274451879953e-05, 9.2328e+00, 1.1355e-01, 
 2DIAGNOSTIC,    38, -5.841691287238e-01, 1.173033088145e-05, 9.3319e+00, 9.9134e-02, 
 2DIAGNOSTIC,    39, -5.841809439308e-01, 9.901258518318e-06, 9.4310e+00, 9.9087e-02, 
 2DIAGNOSTIC,    40, -5.841848187335e-01, 7.710347433441e-06, 9.5453e+00, 1.1432e-01, 
 2DIAGNOSTIC,    41, -5.841777959093e-01, 4.775761927828e-06, 9.6442e+00, 9.8892e-02, 
 2DIAGNOSTIC,    42, -5.841724860867e-01, 2.157870325065e-06, 9.7581e+00, 1.1386e-01, 
DIAGNOSTIC,Iteration,metricValue,convergenceValue,ITERATION_TIME_INDEX,SINCE_LAST
 2DIAGNOSTIC,     1, -5.153883973326e-01, 1.797693134862e+308, 1.2102e+01, 2.3443e+00, 
 2DIAGNOSTIC,     2, -5.156350605001e-01, 1.797693134862e+308, 1.2748e+01, 6.4574e-01, 
 2DIAGNOSTIC,     3, -5.159354669649e-01, 1.797693134862e+308, 1.3402e+01, 6.5366e-01, 
 2DIAGNOSTIC,     4, -5.162346689752e-01, 1.797693134862e+308, 1.4059e+01, 6.5681e-01, 
 2DIAGNOSTIC,     5, -5.163673707223e-01, 1.797693134862e+308, 1.4711e+01, 6.5209e-01, 
 2DIAGNOSTIC,     6, -5.165453672339e-01, 1.797693134862e+308, 1.5358e+01, 6.4688e-01, 
 2DIAGNOSTIC,     7, -5.170075615247e-01, 1.797693134862e+308, 1.6571e+01, 1.2130e+00, 
 2DIAGNOSTIC,     8, -5.170438704943e-01, 1.797693134862e+308, 1.7409e+01, 8.3889e-01, 
 2DIAGNOSTIC,     9, -5.170474181072e-01, 1.797693134862e+308, 1.8349e+01, 9.3956e-01, 
 2DIAGNOSTIC,    10, -5.170461504213e-01, 2.266225484769e-04, 1.9089e+01, 7.3949e-01, 
 2DIAGNOSTIC,    11, -5.170469940535e-01, 1.702314963545e-04, 2.0011e+01, 9.2295e-01, 
 2DIAGNOSTIC,    12, -5.170456652526e-01, 1.189710588067e-04, 2.0743e+01, 7.3202e-01, 
 2DIAGNOSTIC,    13, -5.170434579172e-01, 7.745153711797e-05, 2.1578e+01, 8.3432e-01, 
 2DIAGNOSTIC,    14, -5.170437403806e-01, 4.705118182852e-05, 2.2316e+01, 7.3773e-01, 
 2DIAGNOSTIC,    15, -5.170431599428e-01, 2.150231419244e-05, 2.2955e+01, 6.3912e-01, 
 2DIAGNOSTIC,    16, -5.170428399344e-01, 3.041621065888e-06, 2.3690e+01, 7.3510e-01, 
 2DIAGNOSTIC,    17, -5.170432548145e-01, 1.594274306481e-06, 2.4421e+01, 7.3118e-01, 
 2DIAGNOSTIC,    18, -5.170425362179e-01, 1.418465574360e-06, 2.5059e+01, 6.3815e-01, 
 2DIAGNOSTIC,    19, -5.170420150603e-01, 1.382687270471e-06, 2.5799e+01, 7.4008e-01, 
 2DIAGNOSTIC,    20, -5.170424643062e-01, 1.353701547913e-06, 2.6446e+01, 6.4668e-01, 
 2DIAGNOSTIC,    21, -5.170412432893e-01, 1.339514172256e-06, 2.7088e+01, 6.4217e-01, 
 2DIAGNOSTIC,    22, -5.170444100138e-01, 1.391152043950e-06, 2.7819e+01, 7.3116e-01, 
 2DIAGNOSTIC,    23, -5.170447848967e-01, 1.397147572406e-06, 2.8452e+01, 6.3317e-01, 
 2DIAGNOSTIC,    24, -5.170469327487e-01, 1.457921298118e-06, 2.9454e+01, 1.0017e+00, 
 2DIAGNOSTIC,    25, -5.170463938076e-01, 1.476742581399e-06, 3.0173e+01, 7.1925e-01, 
 2DIAGNOSTIC,    26, -5.170439721888e-01, 1.417502343080e-06, 3.0811e+01, 6.3739e-01, 
 2DIAGNOSTIC,    27, -5.170448315843e-01, 1.371790974418e-06, 3.1553e+01, 7.4201e-01, 
 2DIAGNOSTIC,    28, -5.170448264762e-01, 1.295181184087e-06, 3.2291e+01, 7.3831e-01, 
 2DIAGNOSTIC,    29, -5.170444733322e-01, 1.191529271735e-06, 3.2926e+01, 6.3468e-01, 
 2DIAGNOSTIC,    30, -5.170435438714e-01, 1.079163975071e-06, 3.3551e+01, 6.2570e-01, 
DIAGNOSTIC,Iteration,metricValue,convergenceValue,ITERATION_TIME_INDEX,SINCE_LAST
 2DIAGNOSTIC,     1, -4.732014980512e-01, 1.797693134862e+308, 3.8664e+01, 5.1127e+00, 
 2DIAGNOSTIC,     2, -4.733590737263e-01, 1.797693134862e+308, 4.3238e+01, 4.5743e+00, 
 2DIAGNOSTIC,     3, -4.734569514343e-01, 1.797693134862e+308, 4.9448e+01, 6.2093e+00, 
 2DIAGNOSTIC,     4, -4.734589490239e-01, 1.797693134862e+308, 5.5667e+01, 6.2194e+00, 
 2DIAGNOSTIC,     5, -4.734586167687e-01, 1.797693134862e+308, 6.0792e+01, 5.1251e+00, 
 2DIAGNOSTIC,     6, -4.734586941156e-01, 1.797693134862e+308, 6.5357e+01, 4.5649e+00, 
 2DIAGNOSTIC,     7, -4.734586552727e-01, 1.797693134862e+308, 6.9917e+01, 4.5599e+00, 
 2DIAGNOSTIC,     8, -4.734584327997e-01, 1.797693134862e+308, 7.5569e+01, 5.6517e+00, 
 2DIAGNOSTIC,     9, -4.734583536815e-01, 1.797693134862e+308, 8.1222e+01, 5.6538e+00, 
 2DIAGNOSTIC,    10, -4.734582566996e-01, 2.385641650313e-05, 8.5785e+01, 4.5625e+00, 
 2DIAGNOSTIC,    11, -4.734581573228e-01, 8.333887655559e-06, 9.0341e+01, 4.5565e+00, 
 2DIAGNOSTIC,    12, -4.734580579290e-01, 2.649313375028e-06, 9.4356e+01, 4.0150e+00, 
 2DIAGNOSTIC,    13, -4.734579630452e-01, 2.352383488544e-06, 9.8377e+01, 4.0211e+00, 
 2DIAGNOSTIC,    14, -4.734578754832e-01, 2.188901221070e-06, 1.0240e+02, 4.0201e+00, 
 2DIAGNOSTIC,    15, -4.734579058871e-01, 2.042576395134e-06, 1.0696e+02, 4.5649e+00, 
 2DIAGNOSTIC,    16, -4.734578219309e-01, 1.921318477122e-06, 1.1098e+02, 4.0153e+00, 
 2DIAGNOSTIC,    17, -4.734579650842e-01, 1.824436442789e-06, 1.1554e+02, 4.5607e+00, 
 2DIAGNOSTIC,    18, -4.734582139476e-01, 1.743429989508e-06, 1.2010e+02, 4.5607e+00, 
 2DIAGNOSTIC,    19, -4.734580459424e-01, 1.665193834960e-06, 1.2466e+02, 4.5563e+00, 
 2DIAGNOSTIC,    20, -4.734579911452e-01, 1.591380867090e-06, 1.2868e+02, 4.0224e+00, 
 2DIAGNOSTIC,    21, -4.734581779785e-01, 1.527153486211e-06, 1.3326e+02, 4.5815e+00, 
 2DIAGNOSTIC,    22, -4.734583518109e-01, 1.469381439578e-06, 1.3783e+02, 4.5731e+00, 
 2DIAGNOSTIC,    23, -4.734582057305e-01, 1.407990330875e-06, 1.4240e+02, 4.5636e+00, 
 2DIAGNOSTIC,    24, -4.734577514138e-01, 1.336124330932e-06, 1.4696e+02, 4.5615e+00, 
 2DIAGNOSTIC,    25, -4.734577515044e-01, 1.270293047827e-06, 1.5151e+02, 4.5571e+00, 
 2DIAGNOSTIC,    26, -4.734582981391e-01, 1.220056015681e-06, 1.5716e+02, 5.6461e+00, 
 2DIAGNOSTIC,    27, -4.734582223607e-01, 1.174557886119e-06, 1.6172e+02, 4.5585e+00, 
 2DIAGNOSTIC,    28, -4.734579400662e-01, 1.132352321249e-06, 1.6682e+02, 5.1017e+00, 
 2DIAGNOSTIC,    29, -4.734578480774e-01, 1.088670048839e-06, 1.7128e+02, 4.4633e+00, 
 2DIAGNOSTIC,    30, -4.734577559724e-01, 1.045580696364e-06, 1.7546e+02, 4.1789e+00, 
 2DIAGNOSTIC,    31, -4.734576666139e-01, 1.008051022565e-06, 1.8012e+02, 4.6557e+00, 
  Elapsed time (stage 0): 1.8238e+02


Total elapsed time: 1.8238e+02
-i /mnt/lustre/mathdugre/fast-interpolate/datasets/ds004513/derivatives/fsl/fast/sub-s035/ses-open/anat/BrainExtractionBrain_seg.nii.gz -o /mnt/lustre/mathdugre/fast-interpolate/datasets/ds004513/derivatives/flint/ants/flint-vprec-single-five-levels/sub-s035/ses-open/anat/0/1_transformed.nii.gz -t /mnt/lustre/mathdugre/fast-interpolate/datasets/ds004513/derivatives/flint/ants/flint-vprec-single-five-levels/sub-s035/ses-open/anat/0/1_0GenericAffine.mat
