---------------------
Experiment information

SIF_IMG: /mnt/lustre/mathdugre/containers/ants-flint-base.simg
SIF_IMG_BASE: /mnt/lustre/mathdugre/containers/ants-flint-base.simg
EXPERIMENT_NAME: flint-vprec-single-five-levels
STAGE: affine
SUBJECT_ID: s020
REPETITION_ID: 1

FIXED_IMG: /templateflow/tpl-MNI152NLin2009cAsym/tpl-MNI152NLin2009cAsym_res-01_desc-brain_T1w.nii.gz
INPUT_IMG: /mnt/lustre/mathdugre/fast-interpolate/datasets/ds004513/derivatives/flint/ants/flint-vprec-single-five-levels/sub-s020/ses-open/anat/1/1_Rigid.nii.gz

DATA_DIR: /mnt/lustre/mathdugre/fast-interpolate/datasets/ds004513
OUTPUT_DIR: /mnt/lustre/mathdugre/fast-interpolate/datasets/ds004513/derivatives/flint/ants/flint-vprec-single-five-levels/sub-s020/ses-open/anat
OUTPUT_PREFIX: 10
THREAD: 1
FLOAT: 0
VFC_BACKENDS: ieee
---------------------

--output [/mnt/lustre/mathdugre/fast-interpolate/datasets/ds004513/derivatives/flint/ants/flint-vprec-single-five-levels/sub-s020/ses-open/anat/10/1_,/mnt/lustre/mathdugre/fast-interpolate/datasets/ds004513/derivatives/flint/ants/flint-vprec-single-five-levels/sub-s020/ses-open/anat/10/1_Affine.nii.gz,/mnt/lustre/mathdugre/fast-interpolate/datasets/ds004513/derivatives/flint/ants/flint-vprec-single-five-levels/sub-s020/ses-open/anat/10/1_InverseAffine.nii.gz] --initial-moving-transform [/templateflow/tpl-MNI152NLin2009cAsym/tpl-MNI152NLin2009cAsym_res-01_desc-brain_T1w.nii.gz,/mnt/lustre/mathdugre/fast-interpolate/datasets/ds004513/derivatives/flint/ants/flint-vprec-single-five-levels/sub-s020/ses-open/anat/1/1_Rigid.nii.gz,1] --transform Affine[0.1] --metric MI[/templateflow/tpl-MNI152NLin2009cAsym/tpl-MNI152NLin2009cAsym_res-01_desc-brain_T1w.nii.gz,/mnt/lustre/mathdugre/fast-interpolate/datasets/ds004513/derivatives/flint/ants/flint-vprec-single-five-levels/sub-s020/ses-open/anat/1/1_Rigid.nii.gz,1,32,Regular,0.25] --convergence [1000x1000x500x250x100,1e-6,10] --shrink-factors 16x8x4x2x1 --smoothing-sigmas 4x3x2x1x0vox
All_Command_lines_OK
Using double precision for computations.
=============================================================================
The composite transform comprises the following transforms (in order): 
  1. Center of mass alignment using fixed image: /templateflow/tpl-MNI152NLin2009cAsym/tpl-MNI152NLin2009cAsym_res-01_desc-brain_T1w.nii.gz and moving image: /mnt/lustre/mathdugre/fast-interpolate/datasets/ds004513/derivatives/flint/ants/flint-vprec-single-five-levels/sub-s020/ses-open/anat/1/1_Rigid.nii.gz (type = Euler3DTransform)
=============================================================================
  number of levels = 5
  fixed image: /templateflow/tpl-MNI152NLin2009cAsym/tpl-MNI152NLin2009cAsym_res-01_desc-brain_T1w.nii.gz
  moving image: /mnt/lustre/mathdugre/fast-interpolate/datasets/ds004513/derivatives/flint/ants/flint-vprec-single-five-levels/sub-s020/ses-open/anat/1/1_Rigid.nii.gz
Dimension = 3
Number of stages = 1
Use histogram matching = false
Winsorize image intensities = true
  Lower quantile = 0.005
  Upper quantile = 0.995


Stage 1 State
   Image metric = MattesMI
     Fixed image = Image (0x5626c574e190)
  RTTI typeinfo:   itk::Image<double, 3u>
  Reference Count: 2
  Modified Time: 1622
  Debug: Off
  Object Name: 
  Observers: 
    none
  Source: (none)
  Source output name: (none)
  Release Data: Off
  Data Released: False
  Global Release Data: Off
  PipelineMTime: 0
  UpdateMTime: 1407
  RealTimeStamp: 0 seconds 
  LargestPossibleRegion: 
    Dimension: 3
    Index: [0, 0, 0]
    Size: [193, 229, 193]
  BufferedRegion: 
    Dimension: 3
    Index: [0, 0, 0]
    Size: [193, 229, 193]
  RequestedRegion: 
    Dimension: 3
    Index: [0, 0, 0]
    Size: [193, 229, 193]
  Spacing: [1, 1, 1]
  Origin: [96, 132, -78]
  Direction: 
-1 0 0
0 -1 0
0 0 1

  IndexToPointMatrix: 
-1 0 0
0 -1 0
0 0 1

  PointToIndexMatrix: 
-1 0 0
0 -1 0
0 0 1

  Inverse Direction: 
-1 0 0
0 -1 0
0 0 1

  PixelContainer: 
    ImportImageContainer (0x5626c57ba010)
      RTTI typeinfo:   itk::ImportImageContainer<unsigned long, double>
      Reference Count: 1
      Modified Time: 1404
      Debug: Off
      Object Name: 
      Observers: 
        none
      Pointer: 0x7fe5c7a80010
      Container manages memory: true
      Size: 8530021
      Capacity: 8530021

     Moving image = Image (0x5626c5755120)
  RTTI typeinfo:   itk::Image<double, 3u>
  Reference Count: 2
  Modified Time: 1623
  Debug: Off
  Object Name: 
  Observers: 
    none
  Source: (none)
  Source output name: (none)
  Release Data: Off
  Data Released: False
  Global Release Data: Off
  PipelineMTime: 0
  UpdateMTime: 1620
  RealTimeStamp: 0 seconds 
  LargestPossibleRegion: 
    Dimension: 3
    Index: [0, 0, 0]
    Size: [193, 229, 193]
  BufferedRegion: 
    Dimension: 3
    Index: [0, 0, 0]
    Size: [193, 229, 193]
  RequestedRegion: 
    Dimension: 3
    Index: [0, 0, 0]
    Size: [193, 229, 193]
  Spacing: [1, 1, 1]
  Origin: [96, 132, -78]
  Direction: 
-1 0 0
0 -1 0
0 0 1

  IndexToPointMatrix: 
-1 0 0
0 -1 0
0 0 1

  PointToIndexMatrix: 
-1 0 0
0 -1 0
0 0 1

  Inverse Direction: 
-1 0 0
0 -1 0
0 0 1

  PixelContainer: 
    ImportImageContainer (0x5626c581c4d0)
      RTTI typeinfo:   itk::ImportImageContainer<unsigned long, double>
      Reference Count: 1
      Modified Time: 1617
      Debug: Off
      Object Name: 
      Observers: 
        none
      Pointer: 0x7fe5c396b010
      Container manages memory: true
      Size: 8530021
      Capacity: 8530021

     Weighting = 1
     Sampling strategy = regular
     Number of bins = 32
     Radius = 4
     Sampling percentage  = 0.25
   Transform = Affine
     Gradient step = 0.1
     Update field sigma (voxel space) = 0
     Total field sigma (voxel space) = 0
     Update field time sigma = 0
     Total field time sigma  = 0
     Number of time indices = 0
     Number of time point samples = 0
Registration using 1 total stages.

Stage 0
  iterations = 1000x1000x500x250x100
  convergence threshold = 1e-06
  convergence window size = 10
  number of levels = 5
  using the Mattes MI metric (number of bins = 32, weight = 1, use gradient filter = 0)
  preprocessing:  winsorizing the image intensities
  Shrink factors (level 1 out of 5): [16, 16, 16]
  Shrink factors (level 2 out of 5): [8, 8, 8]
  Shrink factors (level 3 out of 5): [4, 4, 4]
  Shrink factors (level 4 out of 5): [2, 2, 2]
  Shrink factors (level 5 out of 5): [1, 1, 1]
  smoothing sigmas per level: [4, 3, 2, 1, 0]
  regular sampling (percentage = 0.25)

*** Running AffineTransform registration ***

DIAGNOSTIC,Iteration,metricValue,convergenceValue,ITERATION_TIME_INDEX,SINCE_LAST
 2DIAGNOSTIC,     1, -6.988446402477e-01, 1.797693134862e+308, 1.4550e+00, 1.4550e+00, 
 2DIAGNOSTIC,     2, -7.005257587401e-01, 1.797693134862e+308, 1.4568e+00, 1.8270e-03, 
 2DIAGNOSTIC,     3, -7.041011017967e-01, 1.797693134862e+308, 1.4585e+00, 1.6799e-03, 
 2DIAGNOSTIC,     4, -7.215220428242e-01, 1.797693134862e+308, 1.4602e+00, 1.7042e-03, 
 2DIAGNOSTIC,     5, -7.357229213318e-01, 1.797693134862e+308, 1.4620e+00, 1.7319e-03, 
 2DIAGNOSTIC,     6, -7.517748373580e-01, 1.797693134862e+308, 1.4633e+00, 1.3270e-03, 
 2DIAGNOSTIC,     7, -7.795823312880e-01, 1.797693134862e+308, 1.4650e+00, 1.7550e-03, 
 2DIAGNOSTIC,     8, -7.914574297594e-01, 1.797693134862e+308, 1.4668e+00, 1.8108e-03, 
 2DIAGNOSTIC,     9, -7.863889626973e-01, 1.797693134862e+308, 1.4681e+00, 1.3051e-03, 
 2DIAGNOSTIC,    10, -7.944260704776e-01, 9.967039092995e-03, 1.4708e+00, 2.6510e-03, 
 2DIAGNOSTIC,    11, -8.115140971624e-01, 9.139710880014e-03, 1.4725e+00, 1.7300e-03, 
 2DIAGNOSTIC,    12, -8.493522399464e-01, 8.823254136020e-03, 1.4741e+00, 1.5328e-03, 
 2DIAGNOSTIC,    13, -8.595065105873e-01, 8.123038649824e-03, 1.4762e+00, 2.1188e-03, 
 2DIAGNOSTIC,    14, -8.815805960381e-01, 7.839795023122e-03, 1.4776e+00, 1.4591e-03, 
 2DIAGNOSTIC,    15, -8.903869726031e-01, 7.440891303854e-03, 1.4793e+00, 1.6110e-03, 
 2DIAGNOSTIC,    16, -8.978652522640e-01, 6.923571442531e-03, 1.4813e+00, 2.0611e-03, 
 2DIAGNOSTIC,    17, -9.020256058087e-01, 6.495122626080e-03, 1.4828e+00, 1.5318e-03, 
 2DIAGNOSTIC,    18, -9.034370328150e-01, 5.789940196058e-03, 1.4844e+00, 1.5211e-03, 
 2DIAGNOSTIC,    19, -9.046836612632e-01, 4.568955409720e-03, 1.4858e+00, 1.3859e-03, 
 2DIAGNOSTIC,    20, -9.053490110997e-01, 3.212386535021e-03, 1.4874e+00, 1.6592e-03, 
 2DIAGNOSTIC,    21, -9.057434501565e-01, 1.978031525424e-03, 1.4888e+00, 1.3680e-03, 
 2DIAGNOSTIC,    22, -9.061084249548e-01, 1.284670119985e-03, 1.4902e+00, 1.3931e-03, 
 2DIAGNOSTIC,    23, -9.090601615125e-01, 7.273776501477e-04, 1.4917e+00, 1.5550e-03, 
 2DIAGNOSTIC,    24, -9.099398266521e-01, 4.782333719579e-04, 1.4933e+00, 1.5430e-03, 
 2DIAGNOSTIC,    25, -9.111843857015e-01, 3.415780757528e-04, 1.4950e+00, 1.6849e-03, 
 2DIAGNOSTIC,    26, -9.123312140589e-01, 2.964272558065e-04, 1.4963e+00, 1.3740e-03, 
 2DIAGNOSTIC,    27, -9.128796894853e-01, 2.858656367619e-04, 1.4983e+00, 1.9560e-03, 
 2DIAGNOSTIC,    28, -9.130639323137e-01, 2.679279097965e-04, 1.4997e+00, 1.3652e-03, 
 2DIAGNOSTIC,    29, -9.133524833817e-01, 2.438279442331e-04, 1.5010e+00, 1.3802e-03, 
 2DIAGNOSTIC,    30, -9.145840908877e-01, 2.199905661914e-04, 1.5024e+00, 1.3709e-03, 
 2DIAGNOSTIC,    31, -9.151532428391e-01, 1.873952874644e-04, 1.5038e+00, 1.3700e-03, 
 2DIAGNOSTIC,    32, -9.153696855269e-01, 1.447793472913e-04, 1.5054e+00, 1.6589e-03, 
 2DIAGNOSTIC,    33, -9.155967198890e-01, 1.236922265490e-04, 1.5070e+00, 1.5240e-03, 
 2DIAGNOSTIC,    34, -9.157787182347e-01, 1.025314794455e-04, 1.5083e+00, 1.3850e-03, 
 2DIAGNOSTIC,    35, -9.183014826813e-01, 1.083313575142e-04, 1.5099e+00, 1.5552e-03, 
 2DIAGNOSTIC,    36, -9.194859251555e-01, 1.242213323301e-04, 1.5114e+00, 1.5268e-03, 
 2DIAGNOSTIC,    37, -9.202924731877e-01, 1.396896848142e-04, 1.5131e+00, 1.6730e-03, 
 2DIAGNOSTIC,    38, -9.209250401260e-01, 1.485601478223e-04, 1.5146e+00, 1.5140e-03, 
 2DIAGNOSTIC,    39, -9.211755445636e-01, 1.472177100123e-04, 1.5160e+00, 1.3700e-03, 
 2DIAGNOSTIC,    40, -9.212716548275e-01, 1.425685485794e-04, 1.5175e+00, 1.5039e-03, 
 2DIAGNOSTIC,    41, -9.213631268874e-01, 1.297697495931e-04, 1.5188e+00, 1.3671e-03, 
 2DIAGNOSTIC,    42, -9.214306603359e-01, 1.076906001661e-04, 1.5205e+00, 1.6470e-03, 
 2DIAGNOSTIC,    43, -9.214562969747e-01, 7.866154809654e-05, 1.5220e+00, 1.5121e-03, 
 2DIAGNOSTIC,    44, -9.214794363720e-01, 4.474772632308e-05, 1.5234e+00, 1.3609e-03, 
 2DIAGNOSTIC,    45, -9.215026965475e-01, 2.658605694359e-05, 1.5247e+00, 1.3640e-03, 
 2DIAGNOSTIC,    46, -9.215136065714e-01, 1.516818341706e-05, 1.5261e+00, 1.3590e-03, 
 2DIAGNOSTIC,    47, -9.215275407443e-01, 8.466399188251e-06, 1.5279e+00, 1.7920e-03, 
 2DIAGNOSTIC,    48, -9.215306746458e-01, 5.590954679568e-06, 1.5292e+00, 1.3590e-03, 
 2DIAGNOSTIC,    49, -9.215366924114e-01, 4.066420346810e-06, 1.5306e+00, 1.3599e-03, 
 2DIAGNOSTIC,    50, -9.215668558130e-01, 3.090176122322e-06, 1.5321e+00, 1.5092e-03, 
 2DIAGNOSTIC,    51, -9.216610437795e-01, 3.088070822454e-06, 1.5339e+00, 1.8041e-03, 
 2DIAGNOSTIC,    52, -9.216679307602e-01, 3.300407118080e-06, 1.5353e+00, 1.3630e-03, 
 2DIAGNOSTIC,    53, -9.216742976829e-01, 3.451634089720e-06, 1.5366e+00, 1.3680e-03, 
 2DIAGNOSTIC,    54, -9.216800797119e-01, 3.504915483999e-06, 1.5386e+00, 1.9331e-03, 
 2DIAGNOSTIC,    55, -9.216820120161e-01, 3.421494207376e-06, 1.5407e+00, 2.0800e-03, 
 2DIAGNOSTIC,    56, -9.216820470166e-01, 3.123226793307e-06, 1.5420e+00, 1.3549e-03, 
 2DIAGNOSTIC,    57, -9.216822261594e-01, 2.673514141835e-06, 1.5434e+00, 1.3580e-03, 
 2DIAGNOSTIC,    58, -9.216824729475e-01, 2.066946914295e-06, 1.5447e+00, 1.3609e-03, 
 2DIAGNOSTIC,    59, -9.216827764673e-01, 1.374192481404e-06, 1.5461e+00, 1.3621e-03, 
DIAGNOSTIC,Iteration,metricValue,convergenceValue,ITERATION_TIME_INDEX,SINCE_LAST
 2DIAGNOSTIC,     1, -6.477035839297e-01, 1.797693134862e+308, 2.9968e+00, 1.4507e+00, 
 2DIAGNOSTIC,     2, -6.493888494185e-01, 1.797693134862e+308, 3.0105e+00, 1.3778e-02, 
 2DIAGNOSTIC,     3, -6.520068991725e-01, 1.797693134862e+308, 3.0247e+00, 1.4154e-02, 
 2DIAGNOSTIC,     4, -6.556261246202e-01, 1.797693134862e+308, 3.0360e+00, 1.1266e-02, 
 2DIAGNOSTIC,     5, -6.610386401157e-01, 1.797693134862e+308, 3.0470e+00, 1.1051e-02, 
 2DIAGNOSTIC,     6, -6.678996632417e-01, 1.797693134862e+308, 3.0583e+00, 1.1346e-02, 
 2DIAGNOSTIC,     7, -6.811318526710e-01, 1.797693134862e+308, 3.0697e+00, 1.1335e-02, 
 2DIAGNOSTIC,     8, -6.922815623176e-01, 1.797693134862e+308, 3.0856e+00, 1.5882e-02, 
 2DIAGNOSTIC,     9, -6.969838640736e-01, 1.797693134862e+308, 3.0983e+00, 1.2761e-02, 
 2DIAGNOSTIC,    10, -6.992901361177e-01, 5.705075450179e-03, 3.1100e+00, 1.1682e-02, 
 2DIAGNOSTIC,    11, -7.065725142138e-01, 5.537591524460e-03, 3.1217e+00, 1.1740e-02, 
 2DIAGNOSTIC,    12, -7.177279652869e-01, 5.335480936237e-03, 3.1338e+00, 1.2082e-02, 
 2DIAGNOSTIC,    13, -7.416056530048e-01, 5.511221229423e-03, 3.1500e+00, 1.6160e-02, 
 2DIAGNOSTIC,    14, -7.517547711206e-01, 5.551556762625e-03, 3.1646e+00, 1.4574e-02, 
 2DIAGNOSTIC,    15, -7.563669546605e-01, 5.361449288110e-03, 3.1778e+00, 1.3224e-02, 
 2DIAGNOSTIC,    16, -7.716484104771e-01, 5.267519739838e-03, 3.1909e+00, 1.3075e-02, 
 2DIAGNOSTIC,    17, -7.913589103469e-01, 5.462609369211e-03, 3.2037e+00, 1.2864e-02, 
 2DIAGNOSTIC,    18, -7.963893703588e-01, 5.474230207993e-03, 3.2192e+00, 1.5458e-02, 
 2DIAGNOSTIC,    19, -7.989502086864e-01, 5.137896139087e-03, 3.2307e+00, 1.1480e-02, 
 2DIAGNOSTIC,    20, -8.035141391269e-01, 4.508372429857e-03, 3.2433e+00, 1.2643e-02, 
 2DIAGNOSTIC,    21, -8.043552035182e-01, 3.676113404560e-03, 3.2559e+00, 1.2640e-02, 
 2DIAGNOSTIC,    22, -8.046075080188e-01, 2.775100316812e-03, 3.2685e+00, 1.2570e-02, 
 2DIAGNOSTIC,    23, -8.049912469857e-01, 2.112604576958e-03, 3.2798e+00, 1.1301e-02, 
 2DIAGNOSTIC,    24, -8.053560965312e-01, 1.488838948755e-03, 3.2911e+00, 1.1304e-02, 
 2DIAGNOSTIC,    25, -8.056268082612e-01, 8.529836460854e-04, 3.3025e+00, 1.1402e-02, 
 2DIAGNOSTIC,    26, -8.065761072391e-01, 4.240917052171e-04, 3.3151e+00, 1.2603e-02, 
 2DIAGNOSTIC,    27, -8.068671283022e-01, 2.737651578572e-04, 3.3302e+00, 1.5066e-02, 
 2DIAGNOSTIC,    28, -8.070135738374e-01, 1.801989407562e-04, 3.3416e+00, 1.1366e-02, 
 2DIAGNOSTIC,    29, -8.071409755030e-01, 1.107063499495e-04, 3.3542e+00, 1.2621e-02, 
 2DIAGNOSTIC,    30, -8.073692347285e-01, 9.642815707309e-05, 3.3681e+00, 1.3897e-02, 
 2DIAGNOSTIC,    31, -8.074908119418e-01, 8.572371759381e-05, 3.3807e+00, 1.2669e-02, 
 2DIAGNOSTIC,    32, -8.077005332926e-01, 7.309120169660e-05, 3.3933e+00, 1.2547e-02, 
 2DIAGNOSTIC,    33, -8.077676904106e-01, 5.966700609375e-05, 3.4046e+00, 1.1296e-02, 
 2DIAGNOSTIC,    34, -8.077955188969e-01, 4.597167845433e-05, 3.4184e+00, 1.3787e-02, 
 2DIAGNOSTIC,    35, -8.078128865204e-01, 3.170201709893e-05, 3.4297e+00, 1.1351e-02, 
 2DIAGNOSTIC,    36, -8.078586213148e-01, 2.566554596722e-05, 3.4413e+00, 1.1616e-02, 
 2DIAGNOSTIC,    37, -8.078765939911e-01, 2.071972960416e-05, 3.4552e+00, 1.3823e-02, 
 2DIAGNOSTIC,    38, -8.078795998642e-01, 1.563347643763e-05, 3.4665e+00, 1.1375e-02, 
 2DIAGNOSTIC,    39, -8.078828612292e-01, 1.065799435354e-05, 3.4804e+00, 1.3810e-02, 
 2DIAGNOSTIC,    40, -8.078836532891e-01, 7.148046656254e-06, 3.4917e+00, 1.1328e-02, 
 2DIAGNOSTIC,    41, -8.078848958538e-01, 4.283575175377e-06, 3.5030e+00, 1.1343e-02, 
 2DIAGNOSTIC,    42, -8.078863013572e-01, 3.087265077837e-06, 3.5155e+00, 1.2512e-02, 
 2DIAGNOSTIC,    43, -8.078871319346e-01, 2.318973620633e-06, 3.5293e+00, 1.3758e-02, 
 2DIAGNOSTIC,    44, -8.078870965115e-01, 1.677471648465e-06, 3.5406e+00, 1.1322e-02, 
 2DIAGNOSTIC,    45, -8.078876770509e-01, 1.117787713452e-06, 3.5742e+00, 3.3538e-02, 
DIAGNOSTIC,Iteration,metricValue,convergenceValue,ITERATION_TIME_INDEX,SINCE_LAST
 2DIAGNOSTIC,     1, -6.677168438384e-01, 1.797693134862e+308, 5.1454e+00, 1.5712e+00, 
 2DIAGNOSTIC,     2, -6.684995666383e-01, 1.797693134862e+308, 5.2602e+00, 1.1481e-01, 
 2DIAGNOSTIC,     3, -6.692634266033e-01, 1.797693134862e+308, 5.3741e+00, 1.1396e-01, 
 2DIAGNOSTIC,     4, -6.700469879295e-01, 1.797693134862e+308, 5.4874e+00, 1.1331e-01, 
 2DIAGNOSTIC,     5, -6.711616855566e-01, 1.797693134862e+308, 5.6011e+00, 1.1369e-01, 
 2DIAGNOSTIC,     6, -6.718859389321e-01, 1.797693134862e+308, 5.7301e+00, 1.2900e-01, 
 2DIAGNOSTIC,     7, -6.721795251125e-01, 1.797693134862e+308, 5.8897e+00, 1.5959e-01, 
 2DIAGNOSTIC,     8, -6.723666705097e-01, 1.797693134862e+308, 6.0035e+00, 1.1381e-01, 
 2DIAGNOSTIC,     9, -6.724469166438e-01, 1.797693134862e+308, 6.1344e+00, 1.3083e-01, 
 2DIAGNOSTIC,    10, -6.725360952221e-01, 4.930319278641e-04, 6.3098e+00, 1.7544e-01, 
 2DIAGNOSTIC,    11, -6.725486405054e-01, 3.573246621051e-04, 6.4238e+00, 1.1399e-01, 
 2DIAGNOSTIC,    12, -6.725922449482e-01, 2.416497269768e-04, 6.5378e+00, 1.1397e-01, 
 2DIAGNOSTIC,    13, -6.726012330284e-01, 1.473581443253e-04, 6.6671e+00, 1.2938e-01, 
 2DIAGNOSTIC,    14, -6.726014492843e-01, 7.648847093096e-05, 6.8119e+00, 1.4474e-01, 
 2DIAGNOSTIC,    15, -6.726018380525e-01, 3.934953184143e-05, 6.9566e+00, 1.4476e-01, 
 2DIAGNOSTIC,    16, -6.726018725467e-01, 2.246408762076e-05, 7.3449e+00, 3.8826e-01, 
 2DIAGNOSTIC,    17, -6.726018725465e-01, 1.289917693108e-05, 7.6568e+00, 3.1184e-01, 
 2DIAGNOSTIC,    18, -6.726018725465e-01, 7.748713896250e-06, 7.7857e+00, 1.2898e-01, 
 2DIAGNOSTIC,    19, -6.726018725465e-01, 4.335722709414e-06, 7.9150e+00, 1.2926e-01, 
 2DIAGNOSTIC,    20, -6.726018725465e-01, 2.910517835485e-06, 8.0445e+00, 1.2951e-01, 
 2DIAGNOSTIC,    21, -6.726018725465e-01, 1.728226479890e-06, 8.1739e+00, 1.2944e-01, 
 2DIAGNOSTIC,    22, -6.726018725465e-01, 1.467538432311e-06, 8.3035e+00, 1.2955e-01, 
 2DIAGNOSTIC,    23, -6.726018725465e-01, 1.392988744964e-06, 8.4330e+00, 1.2953e-01, 
 2DIAGNOSTIC,    24, -6.726018725465e-01, 1.327499300194e-06, 8.5776e+00, 1.4455e-01, 
 2DIAGNOSTIC,    25, -6.726018725465e-01, 1.273758843907e-06, 8.6919e+00, 1.1435e-01, 
 2DIAGNOSTIC,    26, -6.726018725465e-01, 1.224717704237e-06, 8.8361e+00, 1.4423e-01, 
 2DIAGNOSTIC,    27, -6.726018725465e-01, 1.179312837531e-06, 8.9805e+00, 1.4432e-01, 
 2DIAGNOSTIC,    28, -6.726018725465e-01, 1.137154274689e-06, 9.1097e+00, 1.2926e-01, 
 2DIAGNOSTIC,    29, -6.726018725465e-01, 1.097905881403e-06, 9.2544e+00, 1.4463e-01, 
 2DIAGNOSTIC,    30, -6.726018725465e-01, 1.061276381130e-06, 9.3843e+00, 1.2990e-01, 
 2DIAGNOSTIC,    31, -6.726018725465e-01, 1.027012113908e-06, 9.4981e+00, 1.1383e-01, 
DIAGNOSTIC,Iteration,metricValue,convergenceValue,ITERATION_TIME_INDEX,SINCE_LAST
 2DIAGNOSTIC,     1, -5.690770567864e-01, 1.797693134862e+308, 1.1850e+01, 2.3521e+00, 
 2DIAGNOSTIC,     2, -5.693135358339e-01, 1.797693134862e+308, 1.2607e+01, 7.5630e-01, 
 2DIAGNOSTIC,     3, -5.694731210160e-01, 1.797693134862e+308, 1.3356e+01, 7.4974e-01, 
 2DIAGNOSTIC,     4, -5.696610328675e-01, 1.797693134862e+308, 1.4103e+01, 7.4675e-01, 
 2DIAGNOSTIC,     5, -5.698490994589e-01, 1.797693134862e+308, 1.5150e+01, 1.0466e+00, 
 2DIAGNOSTIC,     6, -5.699151667985e-01, 1.797693134862e+308, 1.5895e+01, 7.4549e-01, 
 2DIAGNOSTIC,     7, -5.699638736443e-01, 1.797693134862e+308, 1.6746e+01, 8.5091e-01, 
 2DIAGNOSTIC,     8, -5.700868384073e-01, 1.797693134862e+308, 1.7590e+01, 8.4390e-01, 
 2DIAGNOSTIC,     9, -5.702699873075e-01, 1.797693134862e+308, 1.8440e+01, 8.5051e-01, 
 2DIAGNOSTIC,    10, -5.703600512436e-01, 1.379418855859e-04, 1.9194e+01, 7.5341e-01, 
 2DIAGNOSTIC,    11, -5.703804468862e-01, 1.111808091902e-04, 2.0044e+01, 8.4979e-01, 
 2DIAGNOSTIC,    12, -5.703882001713e-01, 8.943759993467e-05, 2.0890e+01, 8.4665e-01, 
 2DIAGNOSTIC,    13, -5.703991370222e-01, 6.961362079920e-05, 2.1637e+01, 7.4683e-01, 
 2DIAGNOSTIC,    14, -5.704030710710e-01, 5.308671210713e-05, 2.2480e+01, 8.4273e-01, 
 2DIAGNOSTIC,    15, -5.704043236825e-01, 4.037158118039e-05, 2.3331e+01, 8.5138e-01, 
 2DIAGNOSTIC,    16, -5.704072165037e-01, 2.796796322307e-05, 2.4179e+01, 8.4823e-01, 
 2DIAGNOSTIC,    17, -5.704099887068e-01, 1.613979496775e-05, 2.4925e+01, 7.4542e-01, 
 2DIAGNOSTIC,    18, -5.704127733613e-01, 7.678440761251e-06, 2.5674e+01, 7.4883e-01, 
 2DIAGNOSTIC,    19, -5.704156151501e-01, 4.379898185670e-06, 2.6727e+01, 1.0537e+00, 
 2DIAGNOSTIC,    20, -5.704168805830e-01, 3.427537197745e-06, 2.7574e+01, 8.4696e-01, 
 2DIAGNOSTIC,    21, -5.704177981923e-01, 2.899714717973e-06, 2.8336e+01, 7.6168e-01, 
 2DIAGNOSTIC,    22, -5.704185596635e-01, 2.477289418358e-06, 2.9595e+01, 1.2585e+00, 
 2DIAGNOSTIC,    23, -5.704186979619e-01, 2.232866997576e-06, 3.0343e+01, 7.4882e-01, 
 2DIAGNOSTIC,    24, -5.704192237764e-01, 2.021880121453e-06, 3.1093e+01, 7.4994e-01, 
 2DIAGNOSTIC,    25, -5.704198537325e-01, 1.799165664770e-06, 3.1849e+01, 7.5549e-01, 
 2DIAGNOSTIC,    26, -5.704204354120e-01, 1.610096453566e-06, 3.2598e+01, 7.4955e-01, 
 2DIAGNOSTIC,    27, -5.704208611067e-01, 1.456927100602e-06, 3.3349e+01, 7.5065e-01, 
 2DIAGNOSTIC,    28, -5.704215343966e-01, 1.349061104432e-06, 3.4098e+01, 7.4858e-01, 
 2DIAGNOSTIC,    29, -5.704229483599e-01, 1.301207849164e-06, 3.4855e+01, 7.5752e-01, 
 2DIAGNOSTIC,    30, -5.704249171110e-01, 1.290085736204e-06, 3.7392e+01, 2.5368e+00, 
 2DIAGNOSTIC,    31, -5.704249170568e-01, 1.271860922927e-06, 3.9915e+01, 2.5230e+00, 
 2DIAGNOSTIC,    32, -5.704249170568e-01, 1.244126555548e-06, 4.0854e+01, 9.3906e-01, 
 2DIAGNOSTIC,    33, -5.704249170568e-01, 1.196716067450e-06, 4.1781e+01, 9.2708e-01, 
 2DIAGNOSTIC,    34, -5.704249170568e-01, 1.137180042538e-06, 4.2803e+01, 1.0216e+00, 
 2DIAGNOSTIC,    35, -5.704249170568e-01, 1.070335877505e-06, 4.3733e+01, 9.3023e-01, 
 2DIAGNOSTIC,    36, -5.704249170568e-01, 1.000091601741e-06, 4.4556e+01, 8.2294e-01, 
DIAGNOSTIC,Iteration,metricValue,convergenceValue,ITERATION_TIME_INDEX,SINCE_LAST
 2DIAGNOSTIC,     1, -5.055938883859e-01, 1.797693134862e+308, 5.0608e+01, 6.0522e+00, 
 2DIAGNOSTIC,     2, -5.057509875258e-01, 1.797693134862e+308, 5.5494e+01, 4.8859e+00, 
 2DIAGNOSTIC,     3, -5.058291962200e-01, 1.797693134862e+308, 6.0390e+01, 4.8956e+00, 
 2DIAGNOSTIC,     4, -5.058961684254e-01, 1.797693134862e+308, 6.5301e+01, 4.9115e+00, 
 2DIAGNOSTIC,     5, -5.059693141120e-01, 1.797693134862e+308, 7.0803e+01, 5.5021e+00, 
 2DIAGNOSTIC,     6, -5.060058333752e-01, 1.797693134862e+308, 7.8073e+01, 7.2693e+00, 
 2DIAGNOSTIC,     7, -5.060297967614e-01, 1.797693134862e+308, 8.2969e+01, 4.8965e+00, 
 2DIAGNOSTIC,     8, -5.060432730729e-01, 1.797693134862e+308, 8.7856e+01, 4.8872e+00, 
 2DIAGNOSTIC,     9, -5.060652150345e-01, 1.797693134862e+308, 9.3910e+01, 6.0536e+00, 
 2DIAGNOSTIC,    10, -5.060708768025e-01, 5.768455783267e-05, 9.8792e+01, 4.8820e+00, 
 2DIAGNOSTIC,    11, -5.060771679224e-01, 3.835850128235e-05, 1.0368e+02, 4.8906e+00, 
 2DIAGNOSTIC,    12, -5.060880610442e-01, 2.691061863576e-05, 1.1033e+02, 6.6426e+00, 
 2DIAGNOSTIC,    13, -5.060943061644e-01, 1.864059311055e-05, 1.1520e+02, 4.8799e+00, 
 2DIAGNOSTIC,    14, -5.060967643843e-01, 1.280087551303e-05, 1.2067e+02, 5.4679e+00, 
 2DIAGNOSTIC,    15, -5.060998799002e-01, 9.613658923061e-06, 1.2615e+02, 5.4753e+00, 
 2DIAGNOSTIC,    16, -5.061017321958e-01, 7.474641518124e-06, 1.3161e+02, 5.4646e+00, 
 2DIAGNOSTIC,    17, -5.061085154989e-01, 6.090351541685e-06, 1.3707e+02, 5.4609e+00, 
 2DIAGNOSTIC,    18, -5.061107774019e-01, 4.938339877858e-06, 1.4314e+02, 6.0649e+00, 
 2DIAGNOSTIC,    19, -5.061112020036e-01, 4.276812594711e-06, 1.4804e+02, 4.9046e+00, 
 2DIAGNOSTIC,    20, -5.061113634344e-01, 3.606253580923e-06, 1.5295e+02, 4.9023e+00, 
 2DIAGNOSTIC,    21, -5.061115477423e-01, 2.978904457648e-06, 1.5786e+02, 4.9112e+00, 
 2DIAGNOSTIC,    22, -5.061117282187e-01, 2.548882965317e-06, 1.6394e+02, 6.0868e+00, 
 2DIAGNOSTIC,    23, -5.061117347445e-01, 2.204084189328e-06, 1.7061e+02, 6.6661e+00, 
 2DIAGNOSTIC,    24, -5.061117355690e-01, 1.869384967067e-06, 1.8603e+02, 1.5416e+01, 
 2DIAGNOSTIC,    25, -5.061117355690e-01, 1.581826301930e-06, 1.9501e+02, 8.9839e+00, 
 2DIAGNOSTIC,    26, -5.061117355690e-01, 1.323763290886e-06, 2.0048e+02, 5.4723e+00, 
 2DIAGNOSTIC,    27, -5.061117355690e-01, 1.215224477442e-06, 2.0595e+02, 5.4691e+00, 
 2DIAGNOSTIC,    28, -5.061117355690e-01, 1.156167634568e-06, 2.1143e+02, 5.4757e+00, 
 2DIAGNOSTIC,    29, -5.061117355690e-01, 1.107533792330e-06, 2.1688e+02, 5.4523e+00, 
 2DIAGNOSTIC,    30, -5.061117355690e-01, 1.064116441525e-06, 2.2313e+02, 6.2528e+00, 
 2DIAGNOSTIC,    31, -5.061117355690e-01, 1.026402311352e-06, 2.2866e+02, 5.5326e+00, 
  Elapsed time (stage 0): 2.3163e+02


Total elapsed time: 2.3163e+02
-i /mnt/lustre/mathdugre/fast-interpolate/datasets/ds004513/derivatives/flint/ants/flint-vprec-single-five-levels/sub-s020/ses-open/anat/1/1_Rigid.nii.gz -o /mnt/lustre/mathdugre/fast-interpolate/datasets/ds004513/derivatives/flint/ants/flint-vprec-single-five-levels/sub-s020/ses-open/anat/10/1_transformed.nii.gz -t /mnt/lustre/mathdugre/fast-interpolate/datasets/ds004513/derivatives/flint/ants/flint-vprec-single-five-levels/sub-s020/ses-open/anat/10/1_0GenericAffine.mat
