---------------------
Experiment information

SIF_IMG: /mnt/lustre/mathdugre/containers/ants-flint-base.simg
SIF_IMG_BASE: /mnt/lustre/mathdugre/containers/ants-flint-base.simg
EXPERIMENT_NAME: flint-vprec-single-five-levels
STAGE: rigid
SUBJECT_ID: s026
REPETITION_ID: 1

FIXED_IMG: /templateflow/tpl-MNI152NLin2009cAsym/tpl-MNI152NLin2009cAsym_res-01_desc-brain_T1w.nii.gz
INPUT_IMG: /mnt/lustre/mathdugre/fast-interpolate/datasets/ds004513/derivatives/fsl/fast/sub-s026/ses-open/anat/BrainExtractionBrain_seg.nii.gz

DATA_DIR: /mnt/lustre/mathdugre/fast-interpolate/datasets/ds004513
OUTPUT_DIR: /mnt/lustre/mathdugre/fast-interpolate/datasets/ds004513/derivatives/flint/ants/flint-vprec-single-five-levels/sub-s026/ses-open/anat
OUTPUT_PREFIX: 0
THREAD: 1
FLOAT: 0
VFC_BACKENDS: ieee
---------------------

--output [/mnt/lustre/mathdugre/fast-interpolate/datasets/ds004513/derivatives/flint/ants/flint-vprec-single-five-levels/sub-s026/ses-open/anat/0/1_,/mnt/lustre/mathdugre/fast-interpolate/datasets/ds004513/derivatives/flint/ants/flint-vprec-single-five-levels/sub-s026/ses-open/anat/0/1_Rigid.nii.gz,/mnt/lustre/mathdugre/fast-interpolate/datasets/ds004513/derivatives/flint/ants/flint-vprec-single-five-levels/sub-s026/ses-open/anat/0/1_InverseRigid.nii.gz] --initial-moving-transform [/templateflow/tpl-MNI152NLin2009cAsym/tpl-MNI152NLin2009cAsym_res-01_desc-brain_T1w.nii.gz,/mnt/lustre/mathdugre/fast-interpolate/datasets/ds004513/derivatives/fsl/fast/sub-s026/ses-open/anat/BrainExtractionBrain_seg.nii.gz,1] --transform Rigid[0.1] --metric MI[/templateflow/tpl-MNI152NLin2009cAsym/tpl-MNI152NLin2009cAsym_res-01_desc-brain_T1w.nii.gz,/mnt/lustre/mathdugre/fast-interpolate/datasets/ds004513/derivatives/fsl/fast/sub-s026/ses-open/anat/BrainExtractionBrain_seg.nii.gz,1,32,Regular,0.25] --convergence [1000x1000x500x250x100,1e-6,10] --shrink-factors 16x8x4x2x1 --smoothing-sigmas 4x3x2x1x0vox
All_Command_lines_OK
Using double precision for computations.
=============================================================================
The composite transform comprises the following transforms (in order): 
  1. Center of mass alignment using fixed image: /templateflow/tpl-MNI152NLin2009cAsym/tpl-MNI152NLin2009cAsym_res-01_desc-brain_T1w.nii.gz and moving image: /mnt/lustre/mathdugre/fast-interpolate/datasets/ds004513/derivatives/fsl/fast/sub-s026/ses-open/anat/BrainExtractionBrain_seg.nii.gz (type = Euler3DTransform)
=============================================================================
  number of levels = 5
  fixed image: /templateflow/tpl-MNI152NLin2009cAsym/tpl-MNI152NLin2009cAsym_res-01_desc-brain_T1w.nii.gz
  moving image: /mnt/lustre/mathdugre/fast-interpolate/datasets/ds004513/derivatives/fsl/fast/sub-s026/ses-open/anat/BrainExtractionBrain_seg.nii.gz
Dimension = 3
Number of stages = 1
Use histogram matching = false
Winsorize image intensities = true
  Lower quantile = 0.005
  Upper quantile = 0.995


Stage 1 State
   Image metric = MattesMI
     Fixed image = Image (0x55d94e2ca130)
  RTTI typeinfo:   itk::Image<double, 3u>
  Reference Count: 2
  Modified Time: 1626
  Debug: Off
  Object Name: 
  Observers: 
    none
  Source: (none)
  Source output name: (none)
  Release Data: Off
  Data Released: False
  Global Release Data: Off
  PipelineMTime: 0
  UpdateMTime: 1409
  RealTimeStamp: 0 seconds 
  LargestPossibleRegion: 
    Dimension: 3
    Index: [0, 0, 0]
    Size: [193, 229, 193]
  BufferedRegion: 
    Dimension: 3
    Index: [0, 0, 0]
    Size: [193, 229, 193]
  RequestedRegion: 
    Dimension: 3
    Index: [0, 0, 0]
    Size: [193, 229, 193]
  Spacing: [1, 1, 1]
  Origin: [96, 132, -78]
  Direction: 
-1 0 0
0 -1 0
0 0 1

  IndexToPointMatrix: 
-1 0 0
0 -1 0
0 0 1

  PointToIndexMatrix: 
-1 0 0
0 -1 0
0 0 1

  Inverse Direction: 
-1 0 0
0 -1 0
0 0 1

  PixelContainer: 
    ImportImageContainer (0x55d94e3362f0)
      RTTI typeinfo:   itk::ImportImageContainer<unsigned long, double>
      Reference Count: 1
      Modified Time: 1406
      Debug: Off
      Object Name: 
      Observers: 
        none
      Pointer: 0x7f1a5eea2010
      Container manages memory: true
      Size: 8530021
      Capacity: 8530021

     Moving image = Image (0x55d94e2ca930)
  RTTI typeinfo:   itk::Image<double, 3u>
  Reference Count: 2
  Modified Time: 1627
  Debug: Off
  Object Name: 
  Observers: 
    none
  Source: (none)
  Source output name: (none)
  Release Data: Off
  Data Released: False
  Global Release Data: Off
  PipelineMTime: 0
  UpdateMTime: 1624
  RealTimeStamp: 0 seconds 
  LargestPossibleRegion: 
    Dimension: 3
    Index: [0, 0, 0]
    Size: [160, 240, 256]
  BufferedRegion: 
    Dimension: 3
    Index: [0, 0, 0]
    Size: [160, 240, 256]
  RequestedRegion: 
    Dimension: 3
    Index: [0, 0, 0]
    Size: [160, 240, 256]
  Spacing: [1, 1, 1]
  Origin: [75.0981, 90.7039, -142.764]
  Direction: 
-0.998342 0.057564 0
-0.057564 -0.998342 0
0 0 1

  IndexToPointMatrix: 
-0.998345 0.057564 0
-0.0575642 -0.998342 0
0 0 1

  PointToIndexMatrix: 
-0.998339 -0.0575639 0
0.057564 -0.998342 0
0 0 1

  Inverse Direction: 
-0.998342 -0.057564 0
0.057564 -0.998342 0
0 0 1

  PixelContainer: 
    ImportImageContainer (0x55d94e49e450)
      RTTI typeinfo:   itk::ImportImageContainer<unsigned long, double>
      Reference Count: 1
      Modified Time: 1621
      Debug: Off
      Object Name: 
      Observers: 
        none
      Pointer: 0x7f1a5a3a1010
      Container manages memory: true
      Size: 9830400
      Capacity: 9830400

     Weighting = 1
     Sampling strategy = regular
     Number of bins = 32
     Radius = 4
     Sampling percentage  = 0.25
   Transform = Rigid
     Gradient step = 0.1
     Update field sigma (voxel space) = 0
     Total field sigma (voxel space) = 0
     Update field time sigma = 0
     Total field time sigma  = 0
     Number of time indices = 0
     Number of time point samples = 0
Registration using 1 total stages.

Stage 0
  iterations = 1000x1000x500x250x100
  convergence threshold = 1e-06
  convergence window size = 10
  number of levels = 5
  using the Mattes MI metric (number of bins = 32, weight = 1, use gradient filter = 0)
  preprocessing:  winsorizing the image intensities
  Shrink factors (level 1 out of 5): [16, 16, 16]
  Shrink factors (level 2 out of 5): [8, 8, 8]
  Shrink factors (level 3 out of 5): [4, 4, 4]
  Shrink factors (level 4 out of 5): [2, 2, 2]
  Shrink factors (level 5 out of 5): [1, 1, 1]
  smoothing sigmas per level: [4, 3, 2, 1, 0]
  regular sampling (percentage = 0.25)

*** Running Euler3DTransform registration ***

DIAGNOSTIC,Iteration,metricValue,convergenceValue,ITERATION_TIME_INDEX,SINCE_LAST
 2DIAGNOSTIC,     1, -8.496759987947e-01, 1.797693134862e+308, 1.5433e+00, 1.5433e+00, 
 2DIAGNOSTIC,     2, -8.521778887358e-01, 1.797693134862e+308, 1.5443e+00, 1.0250e-03, 
 2DIAGNOSTIC,     3, -8.581008110704e-01, 1.797693134862e+308, 1.5454e+00, 1.1101e-03, 
 2DIAGNOSTIC,     4, -8.590091900561e-01, 1.797693134862e+308, 1.5465e+00, 1.1110e-03, 
 2DIAGNOSTIC,     5, -8.592834922641e-01, 1.797693134862e+308, 1.5475e+00, 9.6607e-04, 
 2DIAGNOSTIC,     6, -8.593947138848e-01, 1.797693134862e+308, 1.5484e+00, 9.6416e-04, 
 2DIAGNOSTIC,     7, -8.608207268074e-01, 1.797693134862e+308, 1.5497e+00, 1.2259e-03, 
 2DIAGNOSTIC,     8, -8.607312593408e-01, 1.797693134862e+308, 1.5508e+00, 1.0989e-03, 
 2DIAGNOSTIC,     9, -8.624536770045e-01, 1.797693134862e+308, 1.5523e+00, 1.4970e-03, 
 2DIAGNOSTIC,    10, -8.637062694142e-01, 8.545367342298e-04, 1.5552e+00, 2.9922e-03, 
 2DIAGNOSTIC,    11, -8.638843144510e-01, 6.024444456243e-04, 1.5572e+00, 1.9290e-03, 
 2DIAGNOSTIC,    12, -8.626613397127e-01, 3.702715606331e-04, 1.5592e+00, 2.0621e-03, 
 2DIAGNOSTIC,    13, -8.613890101588e-01, 2.597442688850e-04, 1.5610e+00, 1.7340e-03, 
 2DIAGNOSTIC,    14, -8.614197467572e-01, 1.640369448061e-04, 1.5621e+00, 1.1201e-03, 
 2DIAGNOSTIC,    15, -8.614740334471e-01, 7.244823111514e-05, 1.5633e+00, 1.2469e-03, 
DIAGNOSTIC,Iteration,metricValue,convergenceValue,ITERATION_TIME_INDEX,SINCE_LAST
 2DIAGNOSTIC,     1, -5.071429244025e-01, 1.797693134862e+308, 3.1063e+00, 1.5430e+00, 
 2DIAGNOSTIC,     2, -5.085532488184e-01, 1.797693134862e+308, 3.1166e+00, 1.0342e-02, 
 2DIAGNOSTIC,     3, -5.111667259756e-01, 1.797693134862e+308, 3.1257e+00, 9.0170e-03, 
 2DIAGNOSTIC,     4, -5.140667388089e-01, 1.797693134862e+308, 3.1347e+00, 9.0179e-03, 
 2DIAGNOSTIC,     5, -5.170370844758e-01, 1.797693134862e+308, 3.1437e+00, 9.0520e-03, 
 2DIAGNOSTIC,     6, -5.208297726781e-01, 1.797693134862e+308, 3.1528e+00, 9.0492e-03, 
 2DIAGNOSTIC,     7, -5.245051006612e-01, 1.797693134862e+308, 3.1623e+00, 9.4838e-03, 
 2DIAGNOSTIC,     8, -5.350930244026e-01, 1.797693134862e+308, 3.1750e+00, 1.2780e-02, 
 2DIAGNOSTIC,     9, -5.547609418986e-01, 1.797693134862e+308, 3.1911e+00, 1.6041e-02, 
 2DIAGNOSTIC,    10, -5.572460913836e-01, 6.107439741121e-03, 3.2020e+00, 1.0874e-02, 
 2DIAGNOSTIC,    11, -5.589268439486e-01, 6.276735666144e-03, 3.2132e+00, 1.1227e-02, 
 2DIAGNOSTIC,    12, -5.613421971629e-01, 6.033645905436e-03, 3.2243e+00, 1.1123e-02, 
 2DIAGNOSTIC,    13, -5.624915371023e-01, 5.430485639136e-03, 3.2340e+00, 9.7201e-03, 
 2DIAGNOSTIC,    14, -5.635947901420e-01, 4.565108833206e-03, 3.2450e+00, 1.1007e-02, 
 2DIAGNOSTIC,    15, -5.665662031222e-01, 3.614094726517e-03, 3.2548e+00, 9.7282e-03, 
 2DIAGNOSTIC,    16, -5.720423846211e-01, 2.769352975661e-03, 3.2673e+00, 1.2581e-02, 
 2DIAGNOSTIC,    17, -5.796024158811e-01, 2.115212648232e-03, 3.2805e+00, 1.3106e-02, 
 2DIAGNOSTIC,    18, -5.888742627845e-01, 1.899876419142e-03, 3.2907e+00, 1.0207e-02, 
 2DIAGNOSTIC,    19, -6.066290510540e-01, 2.549264927169e-03, 3.3006e+00, 9.9132e-03, 
 2DIAGNOSTIC,    20, -6.253255018720e-01, 3.423296942997e-03, 3.3140e+00, 1.3417e-02, 
 2DIAGNOSTIC,    21, -6.265909435117e-01, 3.949967638153e-03, 3.3232e+00, 9.2180e-03, 
 2DIAGNOSTIC,    22, -6.288535191198e-01, 4.171333894634e-03, 3.3337e+00, 1.0492e-02, 
 2DIAGNOSTIC,    23, -6.294892319735e-01, 4.024344586386e-03, 3.3428e+00, 9.0768e-03, 
 2DIAGNOSTIC,    24, -6.301756306412e-01, 3.547475821949e-03, 3.3518e+00, 8.9848e-03, 
 2DIAGNOSTIC,    25, -6.312956666079e-01, 2.857778541063e-03, 3.3622e+00, 1.0484e-02, 
 2DIAGNOSTIC,    26, -6.373072839767e-01, 2.180252945831e-03, 3.3762e+00, 1.4000e-02, 
 2DIAGNOSTIC,    27, -6.383020022509e-01, 1.512572111862e-03, 3.3854e+00, 9.1619e-03, 
 2DIAGNOSTIC,    28, -6.386197971910e-01, 9.212572402738e-04, 3.3957e+00, 1.0314e-02, 
 2DIAGNOSTIC,    29, -6.391837019409e-01, 5.927850422216e-04, 3.4052e+00, 9.4299e-03, 
 2DIAGNOSTIC,    30, -6.423997996666e-01, 5.904348157565e-04, 3.4146e+00, 9.4829e-03, 
 2DIAGNOSTIC,    31, -6.444686520339e-01, 5.814748419209e-04, 3.4280e+00, 1.3324e-02, 
 2DIAGNOSTIC,    32, -6.458494563205e-01, 5.730931288365e-04, 3.4383e+00, 1.0329e-02, 
 2DIAGNOSTIC,    33, -6.459508690186e-01, 5.237807594737e-04, 3.4487e+00, 1.0381e-02, 
 2DIAGNOSTIC,    34, -6.463065133519e-01, 4.441706834493e-04, 3.4590e+00, 1.0350e-02, 
 2DIAGNOSTIC,    35, -6.462733768865e-01, 3.397200487981e-04, 3.4683e+00, 9.2950e-03, 
 2DIAGNOSTIC,    36, -6.462885841561e-01, 2.892782707724e-04, 3.4776e+00, 9.3009e-03, 
 2DIAGNOSTIC,    37, -6.464975287490e-01, 2.303706086547e-04, 3.4868e+00, 9.2168e-03, 
 2DIAGNOSTIC,    38, -6.468402173672e-01, 1.618926790094e-04, 3.4960e+00, 9.2049e-03, 
 2DIAGNOSTIC,    39, -6.475563550014e-01, 9.689790422222e-05, 3.5064e+00, 1.0324e-02, 
 2DIAGNOSTIC,    40, -6.478163928735e-01, 6.708148846655e-05, 3.5167e+00, 1.0303e-02, 
 2DIAGNOSTIC,    41, -6.479449917429e-01, 5.772836736620e-05, 3.5260e+00, 9.3348e-03, 
 2DIAGNOSTIC,    42, -6.482317956886e-01, 6.236995140055e-05, 3.5353e+00, 9.2571e-03, 
 2DIAGNOSTIC,    43, -6.488973357061e-01, 6.911726450675e-05, 3.5491e+00, 1.3891e-02, 
 2DIAGNOSTIC,    44, -6.489927467578e-01, 7.361350656828e-05, 3.5583e+00, 9.1889e-03, 
 2DIAGNOSTIC,    45, -6.491892033899e-01, 7.275964354804e-05, 3.5677e+00, 9.4121e-03, 
 2DIAGNOSTIC,    46, -6.512148134666e-01, 8.609715667778e-05, 3.5783e+00, 1.0575e-02, 
 2DIAGNOSTIC,    47, -6.514441837221e-01, 9.446448530278e-05, 3.5922e+00, 1.3898e-02, 
 2DIAGNOSTIC,    48, -6.512743783195e-01, 9.511817220481e-05, 3.6015e+00, 9.2912e-03, 
 2DIAGNOSTIC,    49, -6.514847046058e-01, 9.591003845764e-05, 3.6107e+00, 9.1798e-03, 
 2DIAGNOSTIC,    50, -6.516437644993e-01, 9.143292139622e-05, 3.6199e+00, 9.1910e-03, 
 2DIAGNOSTIC,    51, -6.518534762884e-01, 8.119625538111e-05, 3.6301e+00, 1.0211e-02, 
 2DIAGNOSTIC,    52, -6.521604675332e-01, 6.876321848169e-05, 3.6395e+00, 9.4168e-03, 
 2DIAGNOSTIC,    53, -6.529213346022e-01, 6.312065670798e-05, 3.6509e+00, 1.1430e-02, 
 2DIAGNOSTIC,    54, -6.536442250849e-01, 5.880553817071e-05, 3.6800e+00, 2.9012e-02, 
 2DIAGNOSTIC,    55, -6.536442216121e-01, 5.015752131834e-05, 3.6887e+00, 8.7891e-03, 
 2DIAGNOSTIC,    56, -6.536442462971e-01, 5.397838990082e-05, 3.6974e+00, 8.6939e-03, 
 2DIAGNOSTIC,    57, -6.536442880304e-01, 5.450628426314e-05, 3.7062e+00, 8.7810e-03, 
 2DIAGNOSTIC,    58, -6.536443585761e-01, 4.834300489279e-05, 3.7149e+00, 8.6770e-03, 
 2DIAGNOSTIC,    59, -6.536444777973e-01, 3.937146936151e-05, 3.7235e+00, 8.5711e-03, 
 2DIAGNOSTIC,    60, -6.536446796420e-01, 2.827465132073e-05, 3.7319e+00, 8.4751e-03, 
 2DIAGNOSTIC,    61, -6.536450210785e-01, 1.658391547978e-05, 3.7404e+00, 8.4150e-03, 
 2DIAGNOSTIC,    62, -6.536455952225e-01, 5.944120847669e-06, 3.7487e+00, 8.3680e-03, 
DIAGNOSTIC,Iteration,metricValue,convergenceValue,ITERATION_TIME_INDEX,SINCE_LAST
 2DIAGNOSTIC,     1, -5.427838442528e-01, 1.797693134862e+308, 5.3935e+00, 1.6447e+00, 
 2DIAGNOSTIC,     2, -5.432702704749e-01, 1.797693134862e+308, 5.4894e+00, 9.5917e-02, 
 2DIAGNOSTIC,     3, -5.441441430424e-01, 1.797693134862e+308, 5.5843e+00, 9.4961e-02, 
 2DIAGNOSTIC,     4, -5.452052897021e-01, 1.797693134862e+308, 5.6791e+00, 9.4788e-02, 
 2DIAGNOSTIC,     5, -5.465575769299e-01, 1.797693134862e+308, 5.7740e+00, 9.4844e-02, 
 2DIAGNOSTIC,     6, -5.479434892501e-01, 1.797693134862e+308, 5.8685e+00, 9.4568e-02, 
 2DIAGNOSTIC,     7, -5.491356857107e-01, 1.797693134862e+308, 5.9791e+00, 1.1051e-01, 
 2DIAGNOSTIC,     8, -5.529480888058e-01, 1.797693134862e+308, 6.1160e+00, 1.3691e-01, 
 2DIAGNOSTIC,     9, -5.540064797446e-01, 1.797693134862e+308, 6.2520e+00, 1.3606e-01, 
 2DIAGNOSTIC,    10, -5.540367016154e-01, 1.500857321465e-03, 6.3743e+00, 1.2223e-01, 
 2DIAGNOSTIC,    11, -5.540226577227e-01, 1.357256325407e-03, 6.4823e+00, 1.0805e-01, 
 2DIAGNOSTIC,    12, -5.540112916455e-01, 1.136456858290e-03, 6.5765e+00, 9.4152e-02, 
 2DIAGNOSTIC,    13, -5.540041036454e-01, 8.795709225347e-04, 6.6983e+00, 1.2184e-01, 
 2DIAGNOSTIC,    14, -5.539993463930e-01, 6.177672056428e-04, 6.7920e+00, 9.3684e-02, 
 2DIAGNOSTIC,    15, -5.539880161268e-01, 3.822702087912e-04, 6.8857e+00, 9.3761e-02, 
 2DIAGNOSTIC,    16, -5.540133208548e-01, 1.880707237850e-04, 7.0075e+00, 1.2177e-01, 
 2DIAGNOSTIC,    17, -5.540085137583e-01, 3.286547854398e-05, 7.1168e+00, 1.0925e-01, 
DIAGNOSTIC,Iteration,metricValue,convergenceValue,ITERATION_TIME_INDEX,SINCE_LAST
 2DIAGNOSTIC,     1, -4.768646953048e-01, 1.797693134862e+308, 9.4161e+00, 2.2993e+00, 
 2DIAGNOSTIC,     2, -4.771178362263e-01, 1.797693134862e+308, 1.0038e+01, 6.2205e-01, 
 2DIAGNOSTIC,     3, -4.773053670694e-01, 1.797693134862e+308, 1.0663e+01, 6.2475e-01, 
 2DIAGNOSTIC,     4, -4.773721466666e-01, 1.797693134862e+308, 1.1382e+01, 7.1908e-01, 
 2DIAGNOSTIC,     5, -4.773690473475e-01, 1.797693134862e+308, 1.2104e+01, 7.2194e-01, 
 2DIAGNOSTIC,     6, -4.773722326039e-01, 1.797693134862e+308, 1.2915e+01, 8.1155e-01, 
 2DIAGNOSTIC,     7, -4.773683297759e-01, 1.797693134862e+308, 1.3923e+01, 1.0081e+00, 
 2DIAGNOSTIC,     8, -4.773657068630e-01, 1.797693134862e+308, 1.4933e+01, 1.0093e+00, 
 2DIAGNOSTIC,     9, -4.773660017750e-01, 1.797693134862e+308, 1.5936e+01, 1.0033e+00, 
 2DIAGNOSTIC,    10, -4.773654032573e-01, 4.835422326528e-05, 1.6664e+01, 7.2740e-01, 
 2DIAGNOSTIC,    11, -4.773646671431e-01, 1.873984677020e-05, 1.7292e+01, 6.2861e-01, 
 2DIAGNOSTIC,    12, -4.773629929788e-01, 4.893681269283e-06, 1.7924e+01, 6.3151e-01, 
 2DIAGNOSTIC,    13, -4.773634965539e-01, 1.505096638488e-06, 1.8650e+01, 7.2651e-01, 
 2DIAGNOSTIC,    14, -4.773642130775e-01, 1.557976175556e-06, 1.9560e+01, 9.1015e-01, 
 2DIAGNOSTIC,    15, -4.773634044399e-01, 1.505516218678e-06, 2.0287e+01, 7.2693e-01, 
 2DIAGNOSTIC,    16, -4.773616854259e-01, 1.576049039151e-06, 2.1015e+01, 7.2791e-01, 
 2DIAGNOSTIC,    17, -4.773619360015e-01, 1.553541356815e-06, 2.1739e+01, 7.2349e-01, 
 2DIAGNOSTIC,    18, -4.773592794953e-01, 1.385822419118e-06, 2.2458e+01, 7.1900e-01, 
 2DIAGNOSTIC,    19, -4.773597033163e-01, 1.294297925114e-06, 2.3089e+01, 6.3103e-01, 
 2DIAGNOSTIC,    20, -4.773594315635e-01, 1.220931869578e-06, 2.3814e+01, 7.2574e-01, 
 2DIAGNOSTIC,    21, -4.773599542499e-01, 1.184823717540e-06, 2.4531e+01, 7.1652e-01, 
 2DIAGNOSTIC,    22, -4.773586137963e-01, 1.100737687894e-06, 2.5254e+01, 7.2287e-01, 
 2DIAGNOSTIC,    23, -4.773580327231e-01, 1.054886356017e-06, 2.5974e+01, 7.2042e-01, 
 2DIAGNOSTIC,    24, -4.773573086442e-01, 1.043920183373e-06, 2.6597e+01, 6.2274e-01, 
 2DIAGNOSTIC,    25, -4.773567633970e-01, 1.028071793675e-06, 2.7221e+01, 6.2385e-01, 
DIAGNOSTIC,Iteration,metricValue,convergenceValue,ITERATION_TIME_INDEX,SINCE_LAST
 2DIAGNOSTIC,     1, -4.294493950017e-01, 1.797693134862e+308, 3.2295e+01, 5.0744e+00, 
 2DIAGNOSTIC,     2, -4.296196516650e-01, 1.797693134862e+308, 3.6258e+01, 3.9626e+00, 
 2DIAGNOSTIC,     3, -4.297240066009e-01, 1.797693134862e+308, 4.0739e+01, 4.4808e+00, 
 2DIAGNOSTIC,     4, -4.297414403367e-01, 1.797693134862e+308, 4.5216e+01, 4.4770e+00, 
 2DIAGNOSTIC,     5, -4.297404696161e-01, 1.797693134862e+308, 4.9707e+01, 4.4910e+00, 
 2DIAGNOSTIC,     6, -4.297426355018e-01, 1.797693134862e+308, 5.4180e+01, 4.4737e+00, 
 2DIAGNOSTIC,     7, -4.297476603566e-01, 1.797693134862e+308, 5.8117e+01, 3.9366e+00, 
 2DIAGNOSTIC,     8, -4.297552878176e-01, 1.797693134862e+308, 6.2055e+01, 3.9382e+00, 
 2DIAGNOSTIC,     9, -4.297727517282e-01, 1.797693134862e+308, 6.6521e+01, 4.4655e+00, 
 2DIAGNOSTIC,    10, -4.297767656093e-01, 3.534768361731e-05, 7.0988e+01, 4.4674e+00, 
 2DIAGNOSTIC,    11, -4.297863445136e-01, 1.747367772149e-05, 7.4933e+01, 3.9449e+00, 
 2DIAGNOSTIC,    12, -4.298030327351e-01, 1.141749547909e-05, 7.9419e+01, 4.4856e+00, 
 2DIAGNOSTIC,    13, -4.297954053802e-01, 1.037255737542e-05, 8.5537e+01, 6.1188e+00, 
 2DIAGNOSTIC,    14, -4.298011324657e-01, 9.868806312541e-06, 8.9472e+01, 3.9350e+00, 
 2DIAGNOSTIC,    15, -4.298118207232e-01, 9.165823065441e-06, 9.3398e+01, 3.9257e+00, 
 2DIAGNOSTIC,    16, -4.298284413848e-01, 8.665987975207e-06, 9.7317e+01, 3.9192e+00, 
 2DIAGNOSTIC,    17, -4.298486450189e-01, 8.572770386475e-06, 1.0124e+02, 3.9209e+00, 
 2DIAGNOSTIC,    18, -4.298707770963e-01, 8.947446342271e-06, 1.0624e+02, 5.0058e+00, 
 2DIAGNOSTIC,    19, -4.298818084874e-01, 9.610725418607e-06, 1.1233e+02, 6.0885e+00, 
 2DIAGNOSTIC,    20, -4.298819646817e-01, 9.602078746375e-06, 1.1679e+02, 4.4559e+00, 
 2DIAGNOSTIC,    21, -4.298815947996e-01, 9.125847643239e-06, 1.2124e+02, 4.4544e+00, 
 2DIAGNOSTIC,    22, -4.298812731493e-01, 8.479327067039e-06, 1.2570e+02, 4.4534e+00, 
 2DIAGNOSTIC,    23, -4.298810592503e-01, 6.998441464540e-06, 1.3178e+02, 6.0815e+00, 
 2DIAGNOSTIC,    24, -4.298813696610e-01, 5.279607805546e-06, 1.3624e+02, 4.4581e+00, 
 2DIAGNOSTIC,    25, -4.298811919943e-01, 3.606858822086e-06, 1.4177e+02, 5.5388e+00, 
 2DIAGNOSTIC,    26, -4.298811202113e-01, 2.261104039954e-06, 1.4623e+02, 4.4534e+00, 
 2DIAGNOSTIC,    27, -4.298809518964e-01, 1.396113403676e-06, 1.5123e+02, 4.9970e+00, 
 2DIAGNOSTIC,    28, -4.298808640392e-01, 1.085529216370e-06, 1.5568e+02, 4.4522e+00, 
 2DIAGNOSTIC,    29, -4.298807724804e-01, 1.050186196845e-06, 1.6013e+02, 4.4565e+00, 
 2DIAGNOSTIC,    30, -4.298806828268e-01, 1.023193194775e-06, 1.6404e+02, 3.9079e+00, 
  Elapsed time (stage 0): 1.6641e+02


Total elapsed time: 1.6642e+02
-i /mnt/lustre/mathdugre/fast-interpolate/datasets/ds004513/derivatives/fsl/fast/sub-s026/ses-open/anat/BrainExtractionBrain_seg.nii.gz -o /mnt/lustre/mathdugre/fast-interpolate/datasets/ds004513/derivatives/flint/ants/flint-vprec-single-five-levels/sub-s026/ses-open/anat/0/1_transformed.nii.gz -t /mnt/lustre/mathdugre/fast-interpolate/datasets/ds004513/derivatives/flint/ants/flint-vprec-single-five-levels/sub-s026/ses-open/anat/0/1_0GenericAffine.mat
