---------------------
Experiment information

SIF_IMG: /mnt/lustre/mathdugre/containers/ants-flint-base.simg
SIF_IMG_BASE: /mnt/lustre/mathdugre/containers/ants-flint-base.simg
EXPERIMENT_NAME: flint-vprec-single-five-levels
STAGE: syn
SUBJECT_ID: s014
REPETITION_ID: 1

FIXED_IMG: /templateflow/tpl-MNI152NLin2009cAsym/tpl-MNI152NLin2009cAsym_res-01_desc-brain_T1w.nii.gz
INPUT_IMG: /mnt/lustre/mathdugre/fast-interpolate/datasets/ds004513/derivatives/flint/ants/flint-vprec-single-five-levels/sub-s014/ses-open/anat/01/1_Affine.nii.gz

DATA_DIR: /mnt/lustre/mathdugre/fast-interpolate/datasets/ds004513
OUTPUT_DIR: /mnt/lustre/mathdugre/fast-interpolate/datasets/ds004513/derivatives/flint/ants/flint-vprec-single-five-levels/sub-s014/ses-open/anat
OUTPUT_PREFIX: 010
THREAD: 1
FLOAT: 0
VFC_BACKENDS: ieee
---------------------

--output [/mnt/lustre/mathdugre/fast-interpolate/datasets/ds004513/derivatives/flint/ants/flint-vprec-single-five-levels/sub-s014/ses-open/anat/010/1_,/mnt/lustre/mathdugre/fast-interpolate/datasets/ds004513/derivatives/flint/ants/flint-vprec-single-five-levels/sub-s014/ses-open/anat/010/1_Warped.nii.gz,/mnt/lustre/mathdugre/fast-interpolate/datasets/ds004513/derivatives/flint/ants/flint-vprec-single-five-levels/sub-s014/ses-open/anat/010/1_InverseSyN.nii.gz] --initial-moving-transform [/templateflow/tpl-MNI152NLin2009cAsym/tpl-MNI152NLin2009cAsym_res-01_desc-brain_T1w.nii.gz,/mnt/lustre/mathdugre/fast-interpolate/datasets/ds004513/derivatives/flint/ants/flint-vprec-single-five-levels/sub-s014/ses-open/anat/01/1_Affine.nii.gz,1] --transform SyN[ 0.1,3,0 ] --metric CC[/templateflow/tpl-MNI152NLin2009cAsym/tpl-MNI152NLin2009cAsym_res-01_desc-brain_T1w.nii.gz,/mnt/lustre/mathdugre/fast-interpolate/datasets/ds004513/derivatives/flint/ants/flint-vprec-single-five-levels/sub-s014/ses-open/anat/01/1_Affine.nii.gz,1,4] --convergence [100x100x70x50x20,1e-6,10] --shrink-factors 16x8x4x2x1 --smoothing-sigmas 4x3x2x1x0vox
All_Command_lines_OK
Using double precision for computations.
=============================================================================
The composite transform comprises the following transforms (in order): 
  1. Center of mass alignment using fixed image: /templateflow/tpl-MNI152NLin2009cAsym/tpl-MNI152NLin2009cAsym_res-01_desc-brain_T1w.nii.gz and moving image: /mnt/lustre/mathdugre/fast-interpolate/datasets/ds004513/derivatives/flint/ants/flint-vprec-single-five-levels/sub-s014/ses-open/anat/01/1_Affine.nii.gz (type = Euler3DTransform)
=============================================================================
  number of levels = 5
  fixed image: /templateflow/tpl-MNI152NLin2009cAsym/tpl-MNI152NLin2009cAsym_res-01_desc-brain_T1w.nii.gz
  moving image: /mnt/lustre/mathdugre/fast-interpolate/datasets/ds004513/derivatives/flint/ants/flint-vprec-single-five-levels/sub-s014/ses-open/anat/01/1_Affine.nii.gz
Dimension = 3
Number of stages = 1
Use histogram matching = false
Winsorize image intensities = true
  Lower quantile = 0.005
  Upper quantile = 0.995


Stage 1 State
   Image metric = CC
     Fixed image = Image (0x55ad32d82d90)
  RTTI typeinfo:   itk::Image<double, 3u>
  Reference Count: 2
  Modified Time: 1622
  Debug: Off
  Object Name: 
  Observers: 
    none
  Source: (none)
  Source output name: (none)
  Release Data: Off
  Data Released: False
  Global Release Data: Off
  PipelineMTime: 0
  UpdateMTime: 1407
  RealTimeStamp: 0 seconds 
  LargestPossibleRegion: 
    Dimension: 3
    Index: [0, 0, 0]
    Size: [193, 229, 193]
  BufferedRegion: 
    Dimension: 3
    Index: [0, 0, 0]
    Size: [193, 229, 193]
  RequestedRegion: 
    Dimension: 3
    Index: [0, 0, 0]
    Size: [193, 229, 193]
  Spacing: [1, 1, 1]
  Origin: [96, 132, -78]
  Direction: 
-1 0 0
0 -1 0
0 0 1

  IndexToPointMatrix: 
-1 0 0
0 -1 0
0 0 1

  PointToIndexMatrix: 
-1 0 0
0 -1 0
0 0 1

  Inverse Direction: 
-1 0 0
0 -1 0
0 0 1

  PixelContainer: 
    ImportImageContainer (0x55ad32d91250)
      RTTI typeinfo:   itk::ImportImageContainer<unsigned long, double>
      Reference Count: 1
      Modified Time: 1404
      Debug: Off
      Object Name: 
      Observers: 
        none
      Pointer: 0x7f9d43eb4010
      Container manages memory: true
      Size: 8530021
      Capacity: 8530021

     Moving image = Image (0x55ad32d891f0)
  RTTI typeinfo:   itk::Image<double, 3u>
  Reference Count: 2
  Modified Time: 1623
  Debug: Off
  Object Name: 
  Observers: 
    none
  Source: (none)
  Source output name: (none)
  Release Data: Off
  Data Released: False
  Global Release Data: Off
  PipelineMTime: 0
  UpdateMTime: 1620
  RealTimeStamp: 0 seconds 
  LargestPossibleRegion: 
    Dimension: 3
    Index: [0, 0, 0]
    Size: [193, 229, 193]
  BufferedRegion: 
    Dimension: 3
    Index: [0, 0, 0]
    Size: [193, 229, 193]
  RequestedRegion: 
    Dimension: 3
    Index: [0, 0, 0]
    Size: [193, 229, 193]
  Spacing: [1, 1, 1]
  Origin: [96, 132, -78]
  Direction: 
-1 0 0
0 -1 0
0 0 1

  IndexToPointMatrix: 
-1 0 0
0 -1 0
0 0 1

  PointToIndexMatrix: 
-1 0 0
0 -1 0
0 0 1

  Inverse Direction: 
-1 0 0
0 -1 0
0 0 1

  PixelContainer: 
    ImportImageContainer (0x55ad32d95a60)
      RTTI typeinfo:   itk::ImportImageContainer<unsigned long, double>
      Reference Count: 1
      Modified Time: 1617
      Debug: Off
      Object Name: 
      Observers: 
        none
      Pointer: 0x7f9d3fd9f010
      Container manages memory: true
      Size: 8530021
      Capacity: 8530021

     Weighting = 1
     Sampling strategy = none
     Number of bins = 32
     Radius = 4
     Sampling percentage  = 1
   Transform = SyN
     Gradient step = 0.1
     Update field sigma (voxel space) = 3
     Total field sigma (voxel space) = 0
     Update field time sigma = 0
     Total field time sigma  = 0
     Number of time indices = 0
     Number of time point samples = 0
Registration using 1 total stages.

Stage 0
  iterations = 100x100x70x50x20
  convergence threshold = 1e-06
  convergence window size = 10
  number of levels = 5
  using the CC metric (radius = 4, weight = 1, use gradient filter = 0)
  preprocessing:  winsorizing the image intensities
  Shrink factors (level 1 out of 5): [16, 16, 16]
  Shrink factors (level 2 out of 5): [8, 8, 8]
  Shrink factors (level 3 out of 5): [4, 4, 4]
  Shrink factors (level 4 out of 5): [2, 2, 2]
  Shrink factors (level 5 out of 5): [1, 1, 1]
  smoothing sigmas per level: [4, 3, 2, 1, 0]
  Using default NONE metricSamplingStrategy 

*** Running SyN registration (varianceForUpdateField = 3, varianceForTotalField = 0) ***

XXDIAGNOSTIC,Iteration,metricValue,convergenceValue,ITERATION_TIME_INDEX,SINCE_LAST
 1DIAGNOSTIC,     1, -9.798983910456e-01, 1.797693134862e+308, 1.5046e+00, 1.5046e+00, 
 1DIAGNOSTIC,     2, -9.843054783948e-01, 1.797693134862e+308, 1.5927e+00, 8.8116e-02, 
 1DIAGNOSTIC,     3, -9.863439222396e-01, 1.797693134862e+308, 1.6805e+00, 8.7829e-02, 
 1DIAGNOSTIC,     4, -9.871533973244e-01, 1.797693134862e+308, 1.7683e+00, 8.7799e-02, 
 1DIAGNOSTIC,     5, -9.876276288233e-01, 1.797693134862e+308, 1.8561e+00, 8.7783e-02, 
 1DIAGNOSTIC,     6, -9.874548191689e-01, 1.797693134862e+308, 1.9438e+00, 8.7724e-02, 
 1DIAGNOSTIC,     7, -9.878761316440e-01, 1.797693134862e+308, 2.0315e+00, 8.7716e-02, 
 1DIAGNOSTIC,     8, -9.875229323897e-01, 1.797693134862e+308, 2.1194e+00, 8.7815e-02, 
 1DIAGNOSTIC,     9, -9.873979716385e-01, 1.797693134862e+308, 2.2072e+00, 8.7863e-02, 
 1DIAGNOSTIC,    10, -9.876249430758e-01, 3.364211749573e-04, 2.2953e+00, 8.8064e-02, 
 1DIAGNOSTIC,    11, -9.867840166628e-01, 1.021753899727e-04, 2.3833e+00, 8.7985e-02, 
 1DIAGNOSTIC,    12, -9.877990346989e-01, 2.775738527233e-05, 2.4712e+00, 8.7913e-02, 
 1DIAGNOSTIC,    13, -9.863841414893e-01, -2.477628186515e-05, 2.5591e+00, 8.7889e-02, 
XXDIAGNOSTIC,Iteration,metricValue,convergenceValue,ITERATION_TIME_INDEX,SINCE_LAST
 1DIAGNOSTIC,     1, -9.426419184046e-01, 1.797693134862e+308, 4.7046e+00, 2.1455e+00, 
 1DIAGNOSTIC,     2, -9.448304744958e-01, 1.797693134862e+308, 5.4464e+00, 7.4182e-01, 
 1DIAGNOSTIC,     3, -9.481468859211e-01, 1.797693134862e+308, 6.1879e+00, 7.4149e-01, 
 1DIAGNOSTIC,     4, -9.509988509299e-01, 1.797693134862e+308, 6.9299e+00, 7.4203e-01, 
 1DIAGNOSTIC,     5, -9.536353617816e-01, 1.797693134862e+308, 7.6668e+00, 7.3692e-01, 
 1DIAGNOSTIC,     6, -9.559330720829e-01, 1.797693134862e+308, 8.4035e+00, 7.3665e-01, 
 1DIAGNOSTIC,     7, -9.583568822889e-01, 1.797693134862e+308, 9.1406e+00, 7.3710e-01, 
 1DIAGNOSTIC,     8, -9.608276723363e-01, 1.797693134862e+308, 9.8778e+00, 7.3727e-01, 
 1DIAGNOSTIC,     9, -9.635447726852e-01, 1.797693134862e+308, 1.0615e+01, 7.3729e-01, 
 1DIAGNOSTIC,    10, -9.665256634308e-01, 1.579752830624e-03, 1.1352e+01, 7.3676e-01, 
 1DIAGNOSTIC,    11, -9.682162799716e-01, 1.408809954143e-03, 1.2090e+01, 7.3777e-01, 
 1DIAGNOSTIC,    12, -9.684438450576e-01, 1.199451275266e-03, 1.2827e+01, 7.3753e-01, 
 1DIAGNOSTIC,    13, -9.686009814208e-01, 9.937297186792e-04, 1.3565e+01, 7.3821e-01, 
 1DIAGNOSTIC,    14, -9.690674307014e-01, 7.969618240178e-04, 1.4303e+01, 7.3735e-01, 
 1DIAGNOSTIC,    15, -9.690713563267e-01, 6.049549974013e-04, 1.5040e+01, 7.3696e-01, 
 1DIAGNOSTIC,    16, -9.699497397383e-01, 4.401690955345e-04, 1.5777e+01, 7.3771e-01, 
 1DIAGNOSTIC,    17, -9.699186165731e-01, 2.959851254683e-04, 1.6515e+01, 7.3709e-01, 
 1DIAGNOSTIC,    18, -9.706463187312e-01, 1.932233146793e-04, 1.7252e+01, 7.3704e-01, 
 1DIAGNOSTIC,    19, -9.705263459000e-01, 1.228581246971e-04, 1.7989e+01, 7.3794e-01, 
 1DIAGNOSTIC,    20, -9.711375359744e-01, 1.008533697621e-04, 1.8727e+01, 7.3701e-01, 
 1DIAGNOSTIC,    21, -9.710134636699e-01, 9.348567459764e-05, 1.9463e+01, 7.3664e-01, 
 1DIAGNOSTIC,    22, -9.714329660341e-01, 8.695246917372e-05, 2.0200e+01, 7.3720e-01, 
 1DIAGNOSTIC,    23, -9.712097644888e-01, 7.196697094647e-05, 2.0937e+01, 7.3634e-01, 
 1DIAGNOSTIC,    24, -9.717430416429e-01, 6.411273742465e-05, 2.1674e+01, 7.3770e-01, 
 1DIAGNOSTIC,    25, -9.715156473636e-01, 4.796085999163e-05, 2.2411e+01, 7.3712e-01, 
 1DIAGNOSTIC,    26, -9.717768181047e-01, 4.176284783942e-05, 2.3149e+01, 7.3761e-01, 
 1DIAGNOSTIC,    27, -9.715166521876e-01, 2.881800966125e-05, 2.3887e+01, 7.3838e-01, 
 1DIAGNOSTIC,    28, -9.718609229207e-01, 2.564355656223e-05, 2.4626e+01, 7.3801e-01, 
 1DIAGNOSTIC,    29, -9.716404331279e-01, 1.663254718829e-05, 2.5363e+01, 7.3772e-01, 
 1DIAGNOSTIC,    30, -9.718166846113e-01, 1.460513629824e-05, 2.6101e+01, 7.3728e-01, 
 1DIAGNOSTIC,    31, -9.715796721647e-01, 7.897970101922e-06, 2.6838e+01, 7.3790e-01, 
 1DIAGNOSTIC,    32, -9.718913885719e-01, 7.839723390766e-06, 2.7576e+01, 7.3760e-01, 
 1DIAGNOSTIC,    33, -9.716719099434e-01, 2.951228817979e-06, 2.8315e+01, 7.3871e-01, 
 1DIAGNOSTIC,    34, -9.718534237557e-01, 4.464834876726e-06, 2.9053e+01, 7.3853e-01, 
 1DIAGNOSTIC,    35, -9.716084594914e-01, 1.510942346284e-06, 2.9791e+01, 7.3822e-01, 
 1DIAGNOSTIC,    36, -9.719442564628e-01, 3.671429821529e-06, 3.0530e+01, 7.3807e-01, 
 1DIAGNOSTIC,    37, -9.717272491376e-01, 1.476075658473e-06, 3.1268e+01, 7.3830e-01, 
 1DIAGNOSTIC,    38, -9.719125100942e-01, 3.534077964277e-06, 3.2006e+01, 7.3829e-01, 
 1DIAGNOSTIC,    39, -9.716380941604e-01, 1.449203766192e-06, 3.2744e+01, 7.3770e-01, 
 1DIAGNOSTIC,    40, -9.719754666658e-01, 3.298886991288e-06, 3.3481e+01, 7.3746e-01, 
 1DIAGNOSTIC,    41, -9.717676339052e-01, 1.469339199086e-06, 3.4219e+01, 7.3760e-01, 
 1DIAGNOSTIC,    42, -9.719376996154e-01, 3.114552445109e-06, 3.4956e+01, 7.3709e-01, 
 1DIAGNOSTIC,    43, -9.716577177173e-01, 1.005209931036e-06, 3.5694e+01, 7.3771e-01, 
 1DIAGNOSTIC,    44, -9.720123093112e-01, 2.659548082470e-06, 3.6432e+01, 7.3802e-01, 
 1DIAGNOSTIC,    45, -9.718099166814e-01, 9.789847132818e-07, 3.7169e+01, 7.3744e-01, 
XXDIAGNOSTIC,Iteration,metricValue,convergenceValue,ITERATION_TIME_INDEX,SINCE_LAST
 1DIAGNOSTIC,     1, -9.153416392746e-01, 1.797693134862e+308, 4.4716e+01, 7.5473e+00, 
 1DIAGNOSTIC,     2, -9.175627434246e-01, 1.797693134862e+308, 5.0813e+01, 6.0965e+00, 
 1DIAGNOSTIC,     3, -9.202209828771e-01, 1.797693134862e+308, 5.6930e+01, 6.1173e+00, 
 1DIAGNOSTIC,     4, -9.234385727120e-01, 1.797693134862e+308, 6.3037e+01, 6.1063e+00, 
 1DIAGNOSTIC,     5, -9.266617149884e-01, 1.797693134862e+308, 6.9134e+01, 6.0973e+00, 
 1DIAGNOSTIC,     6, -9.293423590159e-01, 1.797693134862e+308, 7.5232e+01, 6.0982e+00, 
 1DIAGNOSTIC,     7, -9.315014631395e-01, 1.797693134862e+308, 8.1338e+01, 6.1059e+00, 
 1DIAGNOSTIC,     8, -9.333058183311e-01, 1.797693134862e+308, 8.7438e+01, 6.1000e+00, 
 1DIAGNOSTIC,     9, -9.348772997221e-01, 1.797693134862e+308, 9.3590e+01, 6.1524e+00, 
 1DIAGNOSTIC,    10, -9.363793086707e-01, 1.522806739734e-03, 9.9688e+01, 6.0978e+00, 
 1DIAGNOSTIC,    11, -9.373800375193e-01, 1.267808234714e-03, 1.0581e+02, 6.1208e+00, 
 1DIAGNOSTIC,    12, -9.385879786612e-01, 1.029148641524e-03, 1.1194e+02, 6.1294e+00, 
 1DIAGNOSTIC,    13, -9.395494863170e-01, 8.188076272816e-04, 1.1804e+02, 6.1000e+00, 
 1DIAGNOSTIC,    14, -9.402902837306e-01, 6.497501207983e-04, 1.2417e+02, 6.1286e+00, 
 1DIAGNOSTIC,    15, -9.410717998320e-01, 5.249218793928e-04, 1.3027e+02, 6.1003e+00, 
 1DIAGNOSTIC,    16, -9.416406714284e-01, 4.291353691282e-04, 1.3639e+02, 6.1199e+00, 
 1DIAGNOSTIC,    17, -9.422934916088e-01, 3.552907092538e-04, 1.4249e+02, 6.1074e+00, 
 1DIAGNOSTIC,    18, -9.427483681539e-01, 2.947732399322e-04, 1.4862e+02, 6.1225e+00, 
 1DIAGNOSTIC,    19, -9.432985569962e-01, 2.471266427642e-04, 1.5475e+02, 6.1309e+00, 
 1DIAGNOSTIC,    20, -9.436694326498e-01, 2.097441572720e-04, 1.6089e+02, 6.1445e+00, 
 1DIAGNOSTIC,    21, -9.440044398555e-01, 1.755940602104e-04, 1.6704e+02, 6.1438e+00, 
 1DIAGNOSTIC,    22, -9.441205238162e-01, 1.463959068741e-04, 1.7319e+02, 6.1546e+00, 
 1DIAGNOSTIC,    23, -9.442552122678e-01, 1.205827123954e-04, 1.7934e+02, 6.1478e+00, 
 1DIAGNOSTIC,    24, -9.443952492224e-01, 9.673906986043e-05, 1.8549e+02, 6.1544e+00, 
 1DIAGNOSTIC,    25, -9.445437182988e-01, 7.702470845408e-05, 1.9164e+02, 6.1444e+00, 
 1DIAGNOSTIC,    26, -9.446881513552e-01, 5.990445040009e-05, 1.9778e+02, 6.1442e+00, 
 1DIAGNOSTIC,    27, -9.448219376239e-01, 4.733180651582e-05, 2.0394e+02, 6.1540e+00, 
 1DIAGNOSTIC,    28, -9.449534970514e-01, 3.757181683185e-05, 2.1008e+02, 6.1437e+00, 
 1DIAGNOSTIC,    29, -9.450738241901e-01, 3.197955390397e-05, 2.1624e+02, 6.1559e+00, 
 1DIAGNOSTIC,    30, -9.451820020017e-01, 2.859187459079e-05, 2.2238e+02, 6.1439e+00, 
 1DIAGNOSTIC,    31, -9.452901922131e-01, 2.712902886504e-05, 2.2853e+02, 6.1549e+00, 
 1DIAGNOSTIC,    32, -9.453885681366e-01, 2.528952644174e-05, 2.3468e+02, 6.1451e+00, 
 1DIAGNOSTIC,    33, -9.454819397531e-01, 2.332693859225e-05, 2.4083e+02, 6.1467e+00, 
 1DIAGNOSTIC,    34, -9.455647028053e-01, 2.131663022071e-05, 2.4698e+02, 6.1546e+00, 
 1DIAGNOSTIC,    35, -9.456327471962e-01, 1.933611344795e-05, 2.5312e+02, 6.1423e+00, 
 1DIAGNOSTIC,    36, -9.456931661525e-01, 1.741809213137e-05, 2.5928e+02, 6.1524e+00, 
 1DIAGNOSTIC,    37, -9.457556888923e-01, 1.561683933697e-05, 2.6542e+02, 6.1441e+00, 
 1DIAGNOSTIC,    38, -9.458019993396e-01, 1.390219839443e-05, 2.7156e+02, 6.1443e+00, 
 1DIAGNOSTIC,    39, -9.458428408252e-01, 1.226811926021e-05, 2.7772e+02, 6.1532e+00, 
 1DIAGNOSTIC,    40, -9.458794598299e-01, 1.070715658552e-05, 2.8386e+02, 6.1447e+00, 
 1DIAGNOSTIC,    41, -9.459149586262e-01, 9.325346547406e-06, 2.9001e+02, 6.1530e+00, 
 1DIAGNOSTIC,    42, -9.459497912609e-01, 8.139180275677e-06, 2.9616e+02, 6.1476e+00, 
 1DIAGNOSTIC,    43, -9.459875736288e-01, 7.214024974916e-06, 3.0231e+02, 6.1464e+00, 
 1DIAGNOSTIC,    44, -9.460195078129e-01, 6.492035512676e-06, 3.0846e+02, 6.1547e+00, 
 1DIAGNOSTIC,    45, -9.460459103850e-01, 5.878630263387e-06, 3.1461e+02, 6.1438e+00, 
 1DIAGNOSTIC,    46, -9.460793383669e-01, 5.406413799945e-06, 3.2076e+02, 6.1531e+00, 
 1DIAGNOSTIC,    47, -9.461176932936e-01, 5.144238657811e-06, 3.2691e+02, 6.1459e+00, 
 1DIAGNOSTIC,    48, -9.461641087801e-01, 5.041083706171e-06, 3.3305e+02, 6.1441e+00, 
 1DIAGNOSTIC,    49, -9.462196580033e-01, 5.110221872991e-06, 3.3920e+02, 6.1536e+00, 
 1DIAGNOSTIC,    50, -9.462828198082e-01, 5.345659593797e-06, 3.4535e+02, 6.1453e+00, 
 1DIAGNOSTIC,    51, -9.463518518222e-01, 5.732470050465e-06, 3.5150e+02, 6.1535e+00, 
 1DIAGNOSTIC,    52, -9.464261807542e-01, 6.239734882736e-06, 3.5765e+02, 6.1490e+00, 
 1DIAGNOSTIC,    53, -9.465080881791e-01, 6.861667052886e-06, 3.6381e+02, 6.1572e+00, 
 1DIAGNOSTIC,    54, -9.465977668961e-01, 7.531844205565e-06, 3.6995e+02, 6.1440e+00, 
 1DIAGNOSTIC,    55, -9.466868431829e-01, 8.136006047890e-06, 3.7610e+02, 6.1432e+00, 
 1DIAGNOSTIC,    56, -9.467802482506e-01, 8.668685990657e-06, 3.8225e+02, 6.1531e+00, 
 1DIAGNOSTIC,    57, -9.468740774678e-01, 9.096034838365e-06, 3.8839e+02, 6.1435e+00, 
 1DIAGNOSTIC,    58, -9.469692274529e-01, 9.415424098682e-06, 3.9455e+02, 6.1538e+00, 
 1DIAGNOSTIC,    59, -9.470643707569e-01, 9.632267469580e-06, 4.0069e+02, 6.1446e+00, 
 1DIAGNOSTIC,    60, -9.471616592803e-01, 9.764544027870e-06, 4.0683e+02, 6.1439e+00, 
 1DIAGNOSTIC,    61, -9.472612288637e-01, 9.828275240122e-06, 4.1299e+02, 6.1568e+00, 
 1DIAGNOSTIC,    62, -9.473578027295e-01, 9.815396665325e-06, 4.1914e+02, 6.1469e+00, 
 1DIAGNOSTIC,    63, -9.474639478660e-01, 9.797427060958e-06, 4.2529e+02, 6.1539e+00, 
 1DIAGNOSTIC,    64, -9.475723938392e-01, 9.807742724445e-06, 4.3144e+02, 6.1459e+00, 
 1DIAGNOSTIC,    65, -9.476883787344e-01, 9.860744205534e-06, 4.3758e+02, 6.1444e+00, 
 1DIAGNOSTIC,    66, -9.478061643603e-01, 9.962481343252e-06, 4.4374e+02, 6.1537e+00, 
 1DIAGNOSTIC,    67, -9.479363667385e-01, 1.014463657781e-05, 4.4988e+02, 6.1424e+00, 
 1DIAGNOSTIC,    68, -9.480704876841e-01, 1.039355453596e-05, 4.5603e+02, 6.1539e+00, 
 1DIAGNOSTIC,    69, -9.482144458591e-01, 1.071029582727e-05, 4.6218e+02, 6.1464e+00, 
 1DIAGNOSTIC,    70, -9.483669033881e-01, 1.109212312376e-05, 4.6833e+02, 6.1475e+00, 
XXDIAGNOSTIC,Iteration,metricValue,convergenceValue,ITERATION_TIME_INDEX,SINCE_LAST
 1DIAGNOSTIC,     1, -8.975377367388e-01, 1.797693134862e+308, 5.1928e+02, 5.0950e+01, 
 1DIAGNOSTIC,     2, -8.992887125346e-01, 1.797693134862e+308, 5.6844e+02, 4.9165e+01, 
 1DIAGNOSTIC,     3, -9.019261212830e-01, 1.797693134862e+308, 6.1759e+02, 4.9150e+01, 
 1DIAGNOSTIC,     4, -9.044298091901e-01, 1.797693134862e+308, 6.6680e+02, 4.9205e+01, 
 1DIAGNOSTIC,     5, -9.066796036560e-01, 1.797693134862e+308, 7.1597e+02, 4.9176e+01, 
 1DIAGNOSTIC,     6, -9.086923742015e-01, 1.797693134862e+308, 7.6536e+02, 4.9385e+01, 
 1DIAGNOSTIC,     7, -9.104746661746e-01, 1.797693134862e+308, 8.1455e+02, 4.9188e+01, 
 1DIAGNOSTIC,     8, -9.119454700673e-01, 1.797693134862e+308, 8.6395e+02, 4.9406e+01, 
 1DIAGNOSTIC,     9, -9.133756999041e-01, 1.797693134862e+308, 9.1351e+02, 4.9560e+01, 
 1DIAGNOSTIC,    10, -9.145626773918e-01, 1.241717365557e-03, 9.6292e+02, 4.9406e+01, 
 1DIAGNOSTIC,    11, -9.154614267181e-01, 1.034654034529e-03, 1.0123e+03, 4.9367e+01, 
 1DIAGNOSTIC,    12, -9.164262287978e-01, 8.396230841620e-04, 1.0619e+03, 4.9578e+01, 
 1DIAGNOSTIC,    13, -9.172641443864e-01, 6.817474681377e-04, 1.1114e+03, 4.9546e+01, 
 1DIAGNOSTIC,    14, -9.179182043872e-01, 5.544372685712e-04, 1.1608e+03, 4.9385e+01, 
 1DIAGNOSTIC,    15, -9.185460341219e-01, 4.530384192153e-04, 1.2103e+03, 4.9550e+01, 
 1DIAGNOSTIC,    16, -9.192808313039e-01, 3.760819256601e-04, 1.2599e+03, 4.9582e+01, 
 1DIAGNOSTIC,    17, -9.198712357823e-01, 3.167796181669e-04, 1.3095e+03, 4.9543e+01, 
 1DIAGNOSTIC,    18, -9.204356263930e-01, 2.697594492878e-04, 1.3591e+03, 4.9585e+01, 
 1DIAGNOSTIC,    19, -9.209848815498e-01, 2.350138551972e-04, 1.4086e+03, 4.9546e+01, 
 1DIAGNOSTIC,    20, -9.215167680143e-01, 2.086128786420e-04, 1.4582e+03, 4.9573e+01, 
 1DIAGNOSTIC,    21, -9.220404144726e-01, 1.862023446468e-04, 1.5077e+03, 4.9558e+01, 
 1DIAGNOSTIC,    22, -9.225682641887e-01, 1.694248310030e-04, 1.5573e+03, 4.9573e+01, 
 1DIAGNOSTIC,    23, -9.230768530855e-01, 1.564323019466e-04, 1.6068e+03, 4.9539e+01, 
 1DIAGNOSTIC,    24, -9.235595583479e-01, 1.445601829455e-04, 1.6564e+03, 4.9568e+01, 
 1DIAGNOSTIC,    25, -9.240171379367e-01, 1.334789295565e-04, 1.7060e+03, 4.9559e+01, 
 1DIAGNOSTIC,    26, -9.244517643732e-01, 1.246395333706e-04, 1.7555e+03, 4.9572e+01, 
 1DIAGNOSTIC,    27, -9.248637885363e-01, 1.162181091054e-04, 1.8051e+03, 4.9548e+01, 
 1DIAGNOSTIC,    28, -9.252576034491e-01, 1.080393435737e-04, 1.8547e+03, 4.9582e+01, 
 1DIAGNOSTIC,    29, -9.256013308084e-01, 9.976731097833e-05, 1.9042e+03, 4.9550e+01, 
 1DIAGNOSTIC,    30, -9.259048813687e-01, 9.125805358737e-05, 1.9538e+03, 4.9571e+01, 
 1DIAGNOSTIC,    31, -9.261787622905e-01, 8.264384070903e-05, 2.0033e+03, 4.9544e+01, 
 1DIAGNOSTIC,    32, -9.264283286336e-01, 7.427370972523e-05, 2.0529e+03, 4.9569e+01, 
 1DIAGNOSTIC,    33, -9.266523343403e-01, 6.625422708288e-05, 2.1024e+03, 4.9541e+01, 
 1DIAGNOSTIC,    34, -9.268597819653e-01, 5.872317089837e-05, 2.1520e+03, 4.9561e+01, 
 1DIAGNOSTIC,    35, -9.270452779181e-01, 5.175791918340e-05, 2.2016e+03, 4.9559e+01, 
 1DIAGNOSTIC,    36, -9.272174170563e-01, 4.550313773131e-05, 2.2511e+03, 4.9575e+01, 
 1DIAGNOSTIC,    37, -9.273746855577e-01, 4.004216368289e-05, 2.3007e+03, 4.9554e+01, 
 1DIAGNOSTIC,    38, -9.275211821934e-01, 3.548548618708e-05, 2.3503e+03, 4.9573e+01, 
 1DIAGNOSTIC,    39, -9.276605098257e-01, 3.164784519031e-05, 2.3998e+03, 4.9544e+01, 
 1DIAGNOSTIC,    40, -9.277921671512e-01, 2.838690311379e-05, 2.4494e+03, 4.9587e+01, 
 1DIAGNOSTIC,    41, -9.279158256311e-01, 2.561438190317e-05, 2.4990e+03, 4.9553e+01, 
 1DIAGNOSTIC,    42, -9.280341717027e-01, 2.327903888272e-05, 2.5485e+03, 4.9589e+01, 
 1DIAGNOSTIC,    43, -9.281498855118e-01, 2.131318396373e-05, 2.5981e+03, 4.9569e+01, 
 1DIAGNOSTIC,    44, -9.282586227485e-01, 1.966396082879e-05, 2.6477e+03, 4.9577e+01, 
 1DIAGNOSTIC,    45, -9.283664703489e-01, 1.826632780402e-05, 2.6973e+03, 4.9562e+01, 
 1DIAGNOSTIC,    46, -9.284710808984e-01, 1.708565648946e-05, 2.7468e+03, 4.9582e+01, 
 1DIAGNOSTIC,    47, -9.285722089125e-01, 1.606338760410e-05, 2.7964e+03, 4.9554e+01, 
 1DIAGNOSTIC,    48, -9.286732939663e-01, 1.518354929896e-05, 2.8460e+03, 4.9583e+01, 
 1DIAGNOSTIC,    49, -9.287712389066e-01, 1.442485238022e-05, 2.8955e+03, 4.9543e+01, 
 1DIAGNOSTIC,    50, -9.288673880827e-01, 1.376560987615e-05, 2.9451e+03, 4.9544e+01, 
XXDIAGNOSTIC,Iteration,metricValue,convergenceValue,ITERATION_TIME_INDEX,SINCE_LAST
 1DIAGNOSTIC,     1, -8.936377501850e-01, 1.797693134862e+308, 3.3539e+03, 4.0884e+02, 
 1DIAGNOSTIC,     2, -8.946789126887e-01, 1.797693134862e+308, 3.7570e+03, 4.0308e+02, 
 1DIAGNOSTIC,     3, -8.961351296732e-01, 1.797693134862e+308, 4.1601e+03, 4.0316e+02, 
 1DIAGNOSTIC,     4, -8.975662023840e-01, 1.797693134862e+308, 4.5635e+03, 4.0340e+02, 
 1DIAGNOSTIC,     5, -8.989294090888e-01, 1.797693134862e+308, 4.9651e+03, 4.0159e+02, 
 1DIAGNOSTIC,     6, -9.001851079597e-01, 1.797693134862e+308, 5.3668e+03, 4.0164e+02, 
 1DIAGNOSTIC,     7, -9.014270723835e-01, 1.797693134862e+308, 5.7684e+03, 4.0160e+02, 
 1DIAGNOSTIC,     8, -9.025777343018e-01, 1.797693134862e+308, 6.1700e+03, 4.0162e+02, 
 1DIAGNOSTIC,     9, -9.036688062573e-01, 1.797693134862e+308, 6.5731e+03, 4.0308e+02, 
 1DIAGNOSTIC,    10, -9.047163265490e-01, 8.079328960214e-04, 6.9762e+03, 4.0318e+02, 
 1DIAGNOSTIC,    11, -9.056116543920e-01, 7.098186861717e-04, 7.3792e+03, 4.0297e+02, 
 1DIAGNOSTIC,    12, -9.064451197168e-01, 6.133399596991e-04, 7.7825e+03, 4.0332e+02, 
 1DIAGNOSTIC,    13, -9.072068419394e-01, 5.297848444998e-04, 8.1857e+03, 4.0314e+02, 
 1DIAGNOSTIC,    14, -9.079034709246e-01, 4.576417841924e-04, 8.5887e+03, 4.0308e+02, 
 1DIAGNOSTIC,    15, -9.085696854046e-01, 3.957281771221e-04, 8.9920e+03, 4.0323e+02, 
 1DIAGNOSTIC,    16, -9.091881810275e-01, 3.419290760917e-04, 9.3951e+03, 4.0314e+02, 
 1DIAGNOSTIC,    17, -9.097400195766e-01, 2.960350251364e-04, 9.7983e+03, 4.0316e+02, 
 1DIAGNOSTIC,    18, -9.102682241375e-01, 2.571028062844e-04, 1.0201e+04, 4.0302e+02, 
 1DIAGNOSTIC,    19, -9.107688914623e-01, 2.246410385624e-04, 1.0604e+04, 4.0315e+02, 
 1DIAGNOSTIC,    20, -9.112341850137e-01, 1.982269391585e-04, 1.1008e+04, 4.0305e+02, 
  Elapsed time (stage 0): 11010.8


Total elapsed time: 11010.8
-i /mnt/lustre/mathdugre/fast-interpolate/datasets/ds004513/derivatives/flint/ants/flint-vprec-single-five-levels/sub-s014/ses-open/anat/01/1_Affine.nii.gz -o /mnt/lustre/mathdugre/fast-interpolate/datasets/ds004513/derivatives/flint/ants/flint-vprec-single-five-levels/sub-s014/ses-open/anat/010/1_transformed.nii.gz -t /mnt/lustre/mathdugre/fast-interpolate/datasets/ds004513/derivatives/flint/ants/flint-vprec-single-five-levels/sub-s014/ses-open/anat/010/1_1Warp.nii.gz -t /mnt/lustre/mathdugre/fast-interpolate/datasets/ds004513/derivatives/flint/ants/flint-vprec-single-five-levels/sub-s014/ses-open/anat/010/1_0GenericAffine.mat
