---------------------
Experiment information

SIF_IMG: /mnt/lustre/mathdugre/containers/ants-flint-vprec.simg
SIF_IMG_BASE: /mnt/lustre/mathdugre/containers/ants-flint-base.simg
EXPERIMENT_NAME: flint-vprec-single
STAGE: syn
SUBJECT_ID: s032
REPETITION_ID: 1

FIXED_IMG: /templateflow/tpl-MNI152NLin2009cAsym/tpl-MNI152NLin2009cAsym_res-01_desc-brain_T1w.nii.gz
INPUT_IMG: /mnt/lustre/mathdugre/fast-interpolate/datasets/ds004513/derivatives/flint/ants/flint-vprec-single/sub-s032/ses-open/anat/11/1_Affine.nii.gz

DATA_DIR: /mnt/lustre/mathdugre/fast-interpolate/datasets/ds004513
OUTPUT_DIR: /mnt/lustre/mathdugre/fast-interpolate/datasets/ds004513/derivatives/flint/ants/flint-vprec-single/sub-s032/ses-open/anat
OUTPUT_PREFIX: 111
THREAD: 1
FLOAT: 0
VFC_BACKENDS: libinterflop_vprec.so --precision-binary32=23 --range-binary32=8 --precision-binary64=23 --range-binary64=8
---------------------

--output [/mnt/lustre/mathdugre/fast-interpolate/datasets/ds004513/derivatives/flint/ants/flint-vprec-single/sub-s032/ses-open/anat/111/1_,/mnt/lustre/mathdugre/fast-interpolate/datasets/ds004513/derivatives/flint/ants/flint-vprec-single/sub-s032/ses-open/anat/111/1_Warped.nii.gz,/mnt/lustre/mathdugre/fast-interpolate/datasets/ds004513/derivatives/flint/ants/flint-vprec-single/sub-s032/ses-open/anat/111/1_InverseSyN.nii.gz] --initial-moving-transform [/templateflow/tpl-MNI152NLin2009cAsym/tpl-MNI152NLin2009cAsym_res-01_desc-brain_T1w.nii.gz,/mnt/lustre/mathdugre/fast-interpolate/datasets/ds004513/derivatives/flint/ants/flint-vprec-single/sub-s032/ses-open/anat/11/1_Affine.nii.gz,1] --transform SyN[ 0.1,3,0 ] --metric CC[/templateflow/tpl-MNI152NLin2009cAsym/tpl-MNI152NLin2009cAsym_res-01_desc-brain_T1w.nii.gz,/mnt/lustre/mathdugre/fast-interpolate/datasets/ds004513/derivatives/flint/ants/flint-vprec-single/sub-s032/ses-open/anat/11/1_Affine.nii.gz,1,4] --convergence [100x70x50x20,1e-6,10] --shrink-factors 8x4x2x1 --smoothing-sigmas 3x2x1x0vox
All_Command_lines_OK
Using double precision for computations.
=============================================================================
The composite transform comprises the following transforms (in order): 
  1. Center of mass alignment using fixed image: /templateflow/tpl-MNI152NLin2009cAsym/tpl-MNI152NLin2009cAsym_res-01_desc-brain_T1w.nii.gz and moving image: /mnt/lustre/mathdugre/fast-interpolate/datasets/ds004513/derivatives/flint/ants/flint-vprec-single/sub-s032/ses-open/anat/11/1_Affine.nii.gz (type = Euler3DTransform)
=============================================================================
  number of levels = 4
  fixed image: /templateflow/tpl-MNI152NLin2009cAsym/tpl-MNI152NLin2009cAsym_res-01_desc-brain_T1w.nii.gz
  moving image: /mnt/lustre/mathdugre/fast-interpolate/datasets/ds004513/derivatives/flint/ants/flint-vprec-single/sub-s032/ses-open/anat/11/1_Affine.nii.gz
Dimension = 3
Number of stages = 1
Use histogram matching = false
Winsorize image intensities = true
  Lower quantile = 0.005
  Upper quantile = 0.995


Stage 1 State
   Image metric = CC
     Fixed image = Image (0x4117b50)
  RTTI typeinfo:   itk::Image<double, 3u>
  Reference Count: 2
  Modified Time: 1622
  Debug: Off
  Object Name: 
  Observers: 
    none
  Source: (none)
  Source output name: (none)
  Release Data: Off
  Data Released: False
  Global Release Data: Off
  PipelineMTime: 0
  UpdateMTime: 1407
  RealTimeStamp: 0 seconds 
  LargestPossibleRegion: 
    Dimension: 3
    Index: [0, 0, 0]
    Size: [193, 229, 193]
  BufferedRegion: 
    Dimension: 3
    Index: [0, 0, 0]
    Size: [193, 229, 193]
  RequestedRegion: 
    Dimension: 3
    Index: [0, 0, 0]
    Size: [193, 229, 193]
  Spacing: [1, 1, 1]
  Origin: [96, 132, -78]
  Direction: 
-1 0 0
0 -1 0
0 0 1

  IndexToPointMatrix: 
-1 0 0
0 -1 0
0 0 1

  PointToIndexMatrix: 
-1 0 0
0 -1 0
0 0 1

  Inverse Direction: 
-1 0 0
0 -1 0
0 0 1

  PixelContainer: 
    ImportImageContainer (0x41906d0)
      RTTI typeinfo:   itk::ImportImageContainer<unsigned long, double>
      Reference Count: 1
      Modified Time: 1404
      Debug: Off
      Object Name: 
      Observers: 
        none
      Pointer: 0x7fcb7d0de010
      Container manages memory: true
      Size: 8530021
      Capacity: 8530021

     Moving image = Image (0x4123d60)
  RTTI typeinfo:   itk::Image<double, 3u>
  Reference Count: 2
  Modified Time: 1623
  Debug: Off
  Object Name: 
  Observers: 
    none
  Source: (none)
  Source output name: (none)
  Release Data: Off
  Data Released: False
  Global Release Data: Off
  PipelineMTime: 0
  UpdateMTime: 1620
  RealTimeStamp: 0 seconds 
  LargestPossibleRegion: 
    Dimension: 3
    Index: [0, 0, 0]
    Size: [193, 229, 193]
  BufferedRegion: 
    Dimension: 3
    Index: [0, 0, 0]
    Size: [193, 229, 193]
  RequestedRegion: 
    Dimension: 3
    Index: [0, 0, 0]
    Size: [193, 229, 193]
  Spacing: [1, 1, 1]
  Origin: [96, 132, -78]
  Direction: 
-1 0 0
0 -1 0
0 0 1

  IndexToPointMatrix: 
-1 0 0
0 -1 0
0 0 1

  PointToIndexMatrix: 
-1 0 0
0 -1 0
0 0 1

  Inverse Direction: 
-1 0 0
0 -1 0
0 0 1

  PixelContainer: 
    ImportImageContainer (0x41f07d0)
      RTTI typeinfo:   itk::ImportImageContainer<unsigned long, double>
      Reference Count: 1
      Modified Time: 1617
      Debug: Off
      Object Name: 
      Observers: 
        none
      Pointer: 0x7fcb78fc9010
      Container manages memory: true
      Size: 8530021
      Capacity: 8530021

     Weighting = 1
     Sampling strategy = none
     Number of bins = 32
     Radius = 4
     Sampling percentage  = 1
   Transform = SyN
     Gradient step = 0.1
     Update field sigma (voxel space) = 3
     Total field sigma (voxel space) = 0
     Update field time sigma = 0
     Total field time sigma  = 0
     Number of time indices = 0
     Number of time point samples = 0
Registration using 1 total stages.

Stage 0
  iterations = 100x70x50x20
  convergence threshold = 1e-06
  convergence window size = 10
  number of levels = 4
  using the CC metric (radius = 4, weight = 1, use gradient filter = 0)
  preprocessing:  winsorizing the image intensities
  Shrink factors (level 1 out of 4): [8, 8, 8]
  Shrink factors (level 2 out of 4): [4, 4, 4]
  Shrink factors (level 3 out of 4): [2, 2, 2]
  Shrink factors (level 4 out of 4): [1, 1, 1]
  smoothing sigmas per level: [3, 2, 1, 0]
  Using default NONE metricSamplingStrategy 

*** Running SyN registration (varianceForUpdateField = 3, varianceForTotalField = 0) ***

XXDIAGNOSTIC,Iteration,metricValue,convergenceValue,ITERATION_TIME_INDEX,SINCE_LAST
 1DIAGNOSTIC,     1, -8.382220864296e-01, 1.797693134862e+308, 0.0000e+00, 0.0000e+00, 
 1DIAGNOSTIC,     2, -8.516506552696e-01, 1.797693134862e+308, 0.0000e+00, 0.0000e+00, 
 1DIAGNOSTIC,     3, -8.664464950562e-01, 1.797693134862e+308, 0.0000e+00, 0.0000e+00, 
 1DIAGNOSTIC,     4, -8.789874315262e-01, 1.797693134862e+308, 1.2800e+02, 1.2800e+02, 
 1DIAGNOSTIC,     5, -8.898197412491e-01, 1.797693134862e+308, 1.2800e+02, 0.0000e+00, 
 1DIAGNOSTIC,     6, -8.978905081749e-01, 1.797693134862e+308, 1.2800e+02, 0.0000e+00, 
 1DIAGNOSTIC,     7, -9.049601554871e-01, 1.797693134862e+308, 1.2800e+02, 0.0000e+00, 
 1DIAGNOSTIC,     8, -9.109773039818e-01, 1.797693134862e+308, 1.2800e+02, 0.0000e+00, 
 1DIAGNOSTIC,     9, -9.160436391830e-01, 1.797693134862e+308, 1.2800e+02, 0.0000e+00, 
 1DIAGNOSTIC,    10, -9.196004867554e-01, 5.843192338943e-03, 1.2800e+02, 0.0000e+00, 
 1DIAGNOSTIC,    11, -9.220082759857e-01, 4.466466605663e-03, 1.2800e+02, 0.0000e+00, 
 1DIAGNOSTIC,    12, -9.238284826279e-01, 3.325663506985e-03, 2.5600e+02, 1.2800e+02, 
 1DIAGNOSTIC,    13, -9.252998232841e-01, 2.458274364471e-03, 2.5600e+02, 0.0000e+00, 
 1DIAGNOSTIC,    14, -9.264965057373e-01, 1.801930367947e-03, 2.5600e+02, 0.0000e+00, 
 1DIAGNOSTIC,    15, -9.274784922600e-01, 1.317769289017e-03, 2.5600e+02, 0.0000e+00, 
 1DIAGNOSTIC,    16, -9.283181428909e-01, 9.490177035332e-04, 2.5600e+02, 0.0000e+00, 
 1DIAGNOSTIC,    17, -9.290126562119e-01, 6.797760725021e-04, 2.5600e+02, 0.0000e+00, 
 1DIAGNOSTIC,    18, -9.296740293503e-01, 4.936382174492e-04, 2.5600e+02, 0.0000e+00, 
 1DIAGNOSTIC,    19, -9.302702546120e-01, 3.744140267372e-04, 3.8400e+02, 1.2800e+02, 
 1DIAGNOSTIC,    20, -9.308263659477e-01, 2.965219318867e-04, 3.8400e+02, 0.0000e+00, 
 1DIAGNOSTIC,    21, -9.313583374023e-01, 2.420842647552e-04, 3.8400e+02, 0.0000e+00, 
 1DIAGNOSTIC,    22, -9.318673610687e-01, 2.029538154602e-04, 3.8400e+02, 0.0000e+00, 
 1DIAGNOSTIC,    23, -9.323664903641e-01, 1.748874783516e-04, 3.8400e+02, 0.0000e+00, 
 1DIAGNOSTIC,    24, -9.328625202179e-01, 1.546964049339e-04, 3.8400e+02, 0.0000e+00, 
 1DIAGNOSTIC,    25, -9.333773851395e-01, 1.401789486408e-04, 3.8400e+02, 0.0000e+00, 
 1DIAGNOSTIC,    26, -9.339083433151e-01, 1.299753785133e-04, 3.8400e+02, 0.0000e+00, 
 1DIAGNOSTIC,    27, -9.344750642776e-01, 1.227594912052e-04, 5.1200e+02, 1.2800e+02, 
 1DIAGNOSTIC,    28, -9.350922703743e-01, 1.186244189739e-04, 5.1200e+02, 0.0000e+00, 
 1DIAGNOSTIC,    29, -9.357626438141e-01, 1.171007752419e-04, 5.1200e+02, 0.0000e+00, 
 1DIAGNOSTIC,    30, -9.364943504333e-01, 1.178570091724e-04, 5.1200e+02, 0.0000e+00, 
 1DIAGNOSTIC,    31, -9.372858405113e-01, 1.205839216709e-04, 5.1200e+02, 0.0000e+00, 
 1DIAGNOSTIC,    32, -9.380484223366e-01, 1.239702105522e-04, 5.1200e+02, 0.0000e+00, 
 1DIAGNOSTIC,    33, -9.388810992241e-01, 1.278370618820e-04, 5.1200e+02, 0.0000e+00, 
 1DIAGNOSTIC,    34, -9.398123621941e-01, 1.322664320469e-04, 6.4000e+02, 1.2800e+02, 
 1DIAGNOSTIC,    35, -9.405927658081e-01, 1.352187246084e-04, 6.4000e+02, 0.0000e+00, 
 1DIAGNOSTIC,    36, -9.413326978683e-01, 1.360140740871e-04, 6.4000e+02, 0.0000e+00, 
 1DIAGNOSTIC,    37, -9.419976472855e-01, 1.340880990028e-04, 6.4000e+02, 0.0000e+00, 
 1DIAGNOSTIC,    38, -9.426116943359e-01, 1.294557005167e-04, 6.4000e+02, 0.0000e+00, 
 1DIAGNOSTIC,    39, -9.430781602859e-01, 1.216568052769e-04, 6.4000e+02, 0.0000e+00, 
 1DIAGNOSTIC,    40, -9.436117410660e-01, 1.123752444983e-04, 6.4000e+02, 0.0000e+00, 
 1DIAGNOSTIC,    41, -9.439998865128e-01, 1.016650348902e-04, 6.4000e+02, 0.0000e+00, 
 1DIAGNOSTIC,    42, -9.444583654404e-01, 9.070523083210e-05, 7.6800e+02, 1.2800e+02, 
 1DIAGNOSTIC,    43, -9.447665214539e-01, 7.969886064529e-05, 7.6800e+02, 0.0000e+00, 
 1DIAGNOSTIC,    44, -9.450577497482e-01, 7.012300193310e-05, 7.6800e+02, 0.0000e+00, 
 1DIAGNOSTIC,    45, -9.454210996628e-01, 6.206892430782e-05, 7.6800e+02, 0.0000e+00, 
 1DIAGNOSTIC,    46, -9.456470012665e-01, 5.485303699970e-05, 7.6800e+02, 0.0000e+00, 
 1DIAGNOSTIC,    47, -9.459552168846e-01, 4.904530942440e-05, 7.6800e+02, 0.0000e+00, 
 1DIAGNOSTIC,    48, -9.461204409599e-01, 4.379078745842e-05, 7.6800e+02, 0.0000e+00, 
 1DIAGNOSTIC,    49, -9.463812708855e-01, 3.912672400475e-05, 7.6800e+02, 0.0000e+00, 
 1DIAGNOSTIC,    50, -9.465277194977e-01, 3.507919609547e-05, 8.9600e+02, 1.2800e+02, 
 1DIAGNOSTIC,    51, -9.466391205788e-01, 3.083981573582e-05, 8.9600e+02, 0.0000e+00, 
 1DIAGNOSTIC,    52, -9.467346668243e-01, 2.711825072765e-05, 8.9600e+02, 0.0000e+00, 
 1DIAGNOSTIC,    53, -9.468235969543e-01, 2.326071262360e-05, 8.9600e+02, 0.0000e+00, 
 1DIAGNOSTIC,    54, -9.468939304352e-01, 1.939013600349e-05, 8.9600e+02, 0.0000e+00, 
 1DIAGNOSTIC,    55, -9.469560384750e-01, 1.620501279831e-05, 8.9600e+02, 0.0000e+00, 
 1DIAGNOSTIC,    56, -9.470041990280e-01, 1.310184597969e-05, 8.9600e+02, 0.0000e+00, 
 1DIAGNOSTIC,    57, -9.470276236534e-01, 1.068785786629e-05, 1.0240e+03, 1.2800e+02, 
 1DIAGNOSTIC,    58, -9.470333456993e-01, 8.253380656242e-06, 1.0240e+03, 0.0000e+00, 
 1DIAGNOSTIC,    59, -9.470834136009e-01, 6.766989827156e-06, 1.0240e+03, 0.0000e+00, 
 1DIAGNOSTIC,    60, -9.470670223236e-01, 5.375593900681e-06, 1.0240e+03, 0.0000e+00, 
 1DIAGNOSTIC,    61, -9.470393061638e-01, 3.989785909653e-06, 1.0240e+03, 0.0000e+00, 
 1DIAGNOSTIC,    62, -9.470081329346e-01, 2.628192305565e-06, 1.0240e+03, 0.0000e+00, 
 1DIAGNOSTIC,    63, -9.469726681709e-01, 1.363456249237e-06, 1.0240e+03, 0.0000e+00, 
 1DIAGNOSTIC,    64, -9.469302892685e-01, 1.881271600723e-07, 1.0240e+03, 0.0000e+00, 
XXDIAGNOSTIC,Iteration,metricValue,convergenceValue,ITERATION_TIME_INDEX,SINCE_LAST
 1DIAGNOSTIC,     1, -8.695143461227e-01, 1.797693134862e+308, 1.2800e+03, 2.5600e+02, 
 1DIAGNOSTIC,     2, -8.720885515213e-01, 1.797693134862e+308, 1.4080e+03, 1.2800e+02, 
 1DIAGNOSTIC,     3, -8.750674128532e-01, 1.797693134862e+308, 1.5360e+03, 1.2800e+02, 
 1DIAGNOSTIC,     4, -8.777018785477e-01, 1.797693134862e+308, 1.7920e+03, 2.5600e+02, 
 1DIAGNOSTIC,     5, -8.798992633820e-01, 1.797693134862e+308, 1.9200e+03, 1.2800e+02, 
 1DIAGNOSTIC,     6, -8.817195892334e-01, 1.797693134862e+308, 2.0480e+03, 1.2800e+02, 
 1DIAGNOSTIC,     7, -8.834245800972e-01, 1.797693134862e+308, 2.1760e+03, 1.2800e+02, 
 1DIAGNOSTIC,     8, -8.848453164101e-01, 1.797693134862e+308, 2.3040e+03, 1.2800e+02, 
 1DIAGNOSTIC,     9, -8.861214518547e-01, 1.797693134862e+308, 2.4320e+03, 1.2800e+02, 
 1DIAGNOSTIC,    10, -8.873055577278e-01, 1.291766762733e-03, 2.6880e+03, 2.5600e+02, 
 1DIAGNOSTIC,    11, -8.884260654449e-01, 1.045443117619e-03, 2.8160e+03, 1.2800e+02, 
 1DIAGNOSTIC,    12, -8.894753456116e-01, 8.429214358330e-04, 2.9440e+03, 1.2800e+02, 
 1DIAGNOSTIC,    13, -8.904430866241e-01, 6.924942135811e-04, 3.0720e+03, 1.2800e+02, 
 1DIAGNOSTIC,    14, -8.911393880844e-01, 5.767196416855e-04, 3.2000e+03, 1.2800e+02, 
 1DIAGNOSTIC,    15, -8.919099569321e-01, 4.871636629105e-04, 3.3280e+03, 1.2800e+02, 
 1DIAGNOSTIC,    16, -8.924297094345e-01, 4.107430577278e-04, 3.5840e+03, 2.5600e+02, 
 1DIAGNOSTIC,    17, -8.928593397141e-01, 3.456398844719e-04, 3.7120e+03, 1.2800e+02, 
 1DIAGNOSTIC,    18, -8.932130336761e-01, 2.873837947845e-04, 3.8400e+03, 1.2800e+02, 
 1DIAGNOSTIC,    19, -8.936365842819e-01, 2.372749149799e-04, 3.9680e+03, 1.2800e+02, 
 1DIAGNOSTIC,    20, -8.939224481583e-01, 1.935623586178e-04, 4.0960e+03, 1.2800e+02, 
 1DIAGNOSTIC,    21, -8.940249681473e-01, 1.545809209347e-04, 4.2240e+03, 1.2800e+02, 
 1DIAGNOSTIC,    22, -8.942284584045e-01, 1.230053603649e-04, 4.4800e+03, 2.5600e+02, 
 1DIAGNOSTIC,    23, -8.942850828171e-01, 9.693950414658e-05, 4.6080e+03, 1.2800e+02, 
 1DIAGNOSTIC,    24, -8.944796323776e-01, 7.579103112221e-05, 4.7360e+03, 1.2800e+02, 
 1DIAGNOSTIC,    25, -8.945386409760e-01, 5.982816219330e-05, 4.8640e+03, 1.2800e+02, 
 1DIAGNOSTIC,    26, -8.946179747581e-01, 4.693120718002e-05, 4.9920e+03, 1.2800e+02, 
 1DIAGNOSTIC,    27, -8.948584794998e-01, 3.860890865326e-05, 5.2480e+03, 2.5600e+02, 
 1DIAGNOSTIC,    28, -8.949809074402e-01, 3.262981772423e-05, 5.3760e+03, 1.2800e+02, 
 1DIAGNOSTIC,    29, -8.951468467712e-01, 3.051385283470e-05, 5.5040e+03, 1.2800e+02, 
 1DIAGNOSTIC,    30, -8.953560590744e-01, 3.104284405708e-05, 5.6320e+03, 1.2800e+02, 
 1DIAGNOSTIC,    31, -8.956152200699e-01, 3.235414624214e-05, 5.7600e+03, 1.2800e+02, 
 1DIAGNOSTIC,    32, -8.959037065506e-01, 3.547966480255e-05, 5.8880e+03, 1.2800e+02, 
 1DIAGNOSTIC,    33, -8.961722254753e-01, 3.819912672043e-05, 6.1440e+03, 2.5600e+02, 
 1DIAGNOSTIC,    34, -8.964285850525e-01, 4.146620631218e-05, 6.2720e+03, 1.2800e+02, 
 1DIAGNOSTIC,    35, -8.966782093048e-01, 4.348531365395e-05, 6.4000e+03, 1.2800e+02, 
 1DIAGNOSTIC,    36, -8.969160318375e-01, 4.407949745655e-05, 6.5280e+03, 1.2800e+02, 
 1DIAGNOSTIC,    37, -8.971564769745e-01, 4.464387893677e-05, 6.6560e+03, 1.2800e+02, 
 1DIAGNOSTIC,    38, -8.973753452301e-01, 4.384294152260e-05, 6.7840e+03, 1.2800e+02, 
 1DIAGNOSTIC,    39, -8.976014852524e-01, 4.215165972710e-05, 7.0400e+03, 2.5600e+02, 
 1DIAGNOSTIC,    40, -8.978247046471e-01, 4.002265632153e-05, 7.1680e+03, 1.2800e+02, 
 1DIAGNOSTIC,    41, -8.980373144150e-01, 3.786385059357e-05, 7.2960e+03, 1.2800e+02, 
 1DIAGNOSTIC,    42, -8.982185721397e-01, 3.579258918762e-05, 7.4240e+03, 1.2800e+02, 
 1DIAGNOSTIC,    43, -8.983770608902e-01, 3.360211849213e-05, 7.5520e+03, 1.2800e+02, 
 1DIAGNOSTIC,    44, -8.985251784325e-01, 3.126636147499e-05, 7.8080e+03, 2.5600e+02, 
 1DIAGNOSTIC,    45, -8.986525535583e-01, 2.875365316868e-05, 7.9360e+03, 1.2800e+02, 
 1DIAGNOSTIC,    46, -8.987648487091e-01, 2.605654299259e-05, 8.0640e+03, 1.2800e+02, 
 1DIAGNOSTIC,    47, -8.988603353500e-01, 2.330727875233e-05, 8.1920e+03, 1.2800e+02, 
 1DIAGNOSTIC,    48, -8.989552259445e-01, 2.055801451206e-05, 8.3200e+03, 1.2800e+02, 
 1DIAGNOSTIC,    49, -8.990443944931e-01, 1.804158091545e-05, 8.4480e+03, 1.2800e+02, 
 1DIAGNOSTIC,    50, -8.991236686707e-01, 1.586042344570e-05, 8.7040e+03, 2.5600e+02, 
 1DIAGNOSTIC,    51, -8.991831541061e-01, 1.398287713528e-05, 8.8320e+03, 1.2800e+02, 
 1DIAGNOSTIC,    52, -8.992516994476e-01, 1.241452991962e-05, 8.9600e+03, 1.2800e+02, 
 1DIAGNOSTIC,    53, -8.993126749992e-01, 1.107156276703e-05, 9.0880e+03, 1.2800e+02, 
 1DIAGNOSTIC,    54, -8.993722796440e-01, 9.981915354729e-06, 9.2160e+03, 1.2800e+02, 
 1DIAGNOSTIC,    55, -8.994283676147e-01, 9.080395102501e-06, 9.3440e+03, 1.2800e+02, 
 1DIAGNOSTIC,    56, -8.994783163071e-01, 8.305534720421e-06, 9.6000e+03, 2.5600e+02, 
 1DIAGNOSTIC,    57, -8.995307087898e-01, 7.636845111847e-06, 9.7280e+03, 1.2800e+02, 
 1DIAGNOSTIC,    58, -8.995789289474e-01, 7.076188921928e-06, 9.8560e+03, 1.2800e+02, 
 1DIAGNOSTIC,    59, -8.996241092682e-01, 6.629154086113e-06, 9.9840e+03, 1.2800e+02, 
 1DIAGNOSTIC,    60, -8.996719717979e-01, 6.277114152908e-06, 1.0112e+04, 1.2800e+02, 
 1DIAGNOSTIC,    61, -8.997206687927e-01, 5.939975380898e-06, 1.0368e+04, 2.5600e+02, 
 1DIAGNOSTIC,    62, -8.997638821602e-01, 5.660578608513e-06, 1.0496e+04, 1.2800e+02, 
 1DIAGNOSTIC,    63, -8.997943401337e-01, 5.349516868591e-06, 1.0624e+04, 1.2800e+02, 
 1DIAGNOSTIC,    64, -8.998232483864e-01, 5.014240741730e-06, 1.0752e+04, 1.2800e+02, 
 1DIAGNOSTIC,    65, -8.998486995697e-01, 4.651024937630e-06, 1.0880e+04, 1.2800e+02, 
 1DIAGNOSTIC,    66, -8.998722434044e-01, 4.248693585396e-06, 1.1008e+04, 1.2800e+02, 
 1DIAGNOSTIC,    67, -8.998993635178e-01, 3.864988684654e-06, 1.1264e+04, 2.5600e+02, 
 1DIAGNOSTIC,    68, -8.999223113060e-01, 3.498047590256e-06, 1.1392e+04, 1.2800e+02, 
 1DIAGNOSTIC,    69, -8.999488949776e-01, 3.175809979439e-06, 1.1520e+04, 1.2800e+02, 
 1DIAGNOSTIC,    70, -8.999730348587e-01, 2.923421561718e-06, 1.1648e+04, 1.2800e+02, 
XXDIAGNOSTIC,Iteration,metricValue,convergenceValue,ITERATION_TIME_INDEX,SINCE_LAST
 1DIAGNOSTIC,     1, -8.483327627182e-01, 1.797693134862e+308, 1.2928e+04, 1.2800e+03, 
 1DIAGNOSTIC,     2, -8.501684665680e-01, 1.797693134862e+308, 1.4208e+04, 1.2800e+03, 
 1DIAGNOSTIC,     3, -8.524528145790e-01, 1.797693134862e+308, 1.5488e+04, 1.2800e+03, 
 1DIAGNOSTIC,     4, -8.546799421310e-01, 1.797693134862e+308, 1.6640e+04, 1.1520e+03, 
 1DIAGNOSTIC,     5, -8.568003177643e-01, 1.797693134862e+308, 1.7920e+04, 1.2800e+03, 
 1DIAGNOSTIC,     6, -8.588201999664e-01, 1.797693134862e+308, 1.9200e+04, 1.2800e+03, 
 1DIAGNOSTIC,     7, -8.605321645737e-01, 1.797693134862e+308, 2.0480e+04, 1.2800e+03, 
 1DIAGNOSTIC,     8, -8.620676994324e-01, 1.797693134862e+308, 2.1760e+04, 1.2800e+03, 
 1DIAGNOSTIC,     9, -8.633381724358e-01, 1.797693134862e+308, 2.2912e+04, 1.1520e+03, 
 1DIAGNOSTIC,    10, -8.644911646843e-01, 1.245908439159e-03, 2.4192e+04, 1.2800e+03, 
 1DIAGNOSTIC,    11, -8.655593991280e-01, 1.048780977726e-03, 2.5472e+04, 1.2800e+03, 
 1DIAGNOSTIC,    12, -8.665381669998e-01, 8.674636483192e-04, 2.6752e+04, 1.2800e+03, 
 1DIAGNOSTIC,    13, -8.674482107162e-01, 7.164776325226e-04, 2.7904e+04, 1.1520e+03, 
 1DIAGNOSTIC,    14, -8.682899475098e-01, 5.939677357674e-04, 2.9184e+04, 1.2800e+03, 
 1DIAGNOSTIC,    15, -8.690934777260e-01, 4.974752664566e-04, 3.0464e+04, 1.2800e+03, 
 1DIAGNOSTIC,    16, -8.698558807373e-01, 4.244521260262e-04, 3.1744e+04, 1.2800e+03, 
 1DIAGNOSTIC,    17, -8.705663084984e-01, 3.675781190395e-04, 3.3024e+04, 1.2800e+03, 
 1DIAGNOSTIC,    18, -8.712416291237e-01, 3.233216702938e-04, 3.4176e+04, 1.1520e+03, 
 1DIAGNOSTIC,    19, -8.718862533569e-01, 2.867951989174e-04, 3.5456e+04, 1.2800e+03, 
 1DIAGNOSTIC,    20, -8.725023269653e-01, 2.562180161476e-04, 3.6736e+04, 1.2800e+03, 
 1DIAGNOSTIC,    21, -8.730868697166e-01, 2.304427325726e-04, 3.8016e+04, 1.2800e+03, 
 1DIAGNOSTIC,    22, -8.736552596092e-01, 2.085156738758e-04, 3.9296e+04, 1.2800e+03, 
 1DIAGNOSTIC,    23, -8.741861581802e-01, 1.894831657410e-04, 4.0448e+04, 1.1520e+03, 
 1DIAGNOSTIC,    24, -8.746949434280e-01, 1.726783812046e-04, 4.1728e+04, 1.2800e+03, 
 1DIAGNOSTIC,    25, -8.751693367958e-01, 1.577325165272e-04, 4.3008e+04, 1.2800e+03, 
 1DIAGNOSTIC,    26, -8.756278157234e-01, 1.444667577744e-04, 4.4288e+04, 1.2800e+03, 
 1DIAGNOSTIC,    27, -8.760778903961e-01, 1.326240599155e-04, 4.5568e+04, 1.2800e+03, 
 1DIAGNOSTIC,    28, -8.765115737915e-01, 1.220740377903e-04, 4.6720e+04, 1.1520e+03, 
 1DIAGNOSTIC,    29, -8.769282102585e-01, 1.126825809479e-04, 4.8000e+04, 1.2800e+03, 
 1DIAGNOSTIC,    30, -8.773295879364e-01, 1.043677330017e-04, 4.9280e+04, 1.2800e+03, 
 1DIAGNOSTIC,    31, -8.777164816856e-01, 9.694695472717e-05, 5.0560e+04, 1.2800e+03, 
 1DIAGNOSTIC,    32, -8.780999779701e-01, 9.053200483322e-05, 5.1712e+04, 1.1520e+03, 
 1DIAGNOSTIC,    33, -8.784601688385e-01, 8.473917841911e-05, 5.2992e+04, 1.2800e+03, 
 1DIAGNOSTIC,    34, -8.788043856621e-01, 7.945299148560e-05, 5.4272e+04, 1.2800e+03, 
 1DIAGNOSTIC,    35, -8.791460394859e-01, 7.455796003342e-05, 5.5552e+04, 1.2800e+03, 
 1DIAGNOSTIC,    36, -8.794785141945e-01, 7.002241909504e-05, 5.6832e+04, 1.2800e+03, 
 1DIAGNOSTIC,    37, -8.797940015793e-01, 6.583146750927e-05, 5.7984e+04, 1.1520e+03, 
 1DIAGNOSTIC,    38, -8.800886869431e-01, 6.186217069626e-05, 5.9264e+04, 1.2800e+03, 
 1DIAGNOSTIC,    39, -8.803613185883e-01, 5.799718201160e-05, 6.0544e+04, 1.2800e+03, 
 1DIAGNOSTIC,    40, -8.806234598160e-01, 5.422160029411e-05, 6.1824e+04, 1.2800e+03, 
 1DIAGNOSTIC,    41, -8.808704614639e-01, 5.051866173744e-05, 6.3104e+04, 1.2800e+03, 
 1DIAGNOSTIC,    42, -8.811084032059e-01, 4.701502621174e-05, 6.4256e+04, 1.1520e+03, 
 1DIAGNOSTIC,    43, -8.813314437866e-01, 4.362687468529e-05, 6.5536e+04, 1.2800e+03, 
 1DIAGNOSTIC,    44, -8.815450668335e-01, 4.038400948048e-05, 6.6816e+04, 1.2800e+03, 
 1DIAGNOSTIC,    45, -8.817550539970e-01, 3.744848072529e-05, 6.8096e+04, 1.2800e+03, 
 1DIAGNOSTIC,    46, -8.819553256035e-01, 3.485195338726e-05, 6.9376e+04, 1.2800e+03, 
 1DIAGNOSTIC,    47, -8.821417093277e-01, 3.252737224102e-05, 7.0528e+04, 1.1520e+03, 
 1DIAGNOSTIC,    48, -8.823215365410e-01, 3.043748438358e-05, 7.1808e+04, 1.2800e+03, 
 1DIAGNOSTIC,    49, -8.824990391731e-01, 2.854317426682e-05, 7.3088e+04, 1.2800e+03, 
 1DIAGNOSTIC,    50, -8.826727867126e-01, 2.685375511646e-05, 7.4368e+04, 1.2800e+03, 
XXDIAGNOSTIC,Iteration,metricValue,convergenceValue,ITERATION_TIME_INDEX,SINCE_LAST
 1DIAGNOSTIC,     1, -8.569386005402e-01, 1.797693134862e+308, 8.4736e+04, 1.0368e+04, 
 1DIAGNOSTIC,     2, -8.576179742813e-01, 1.797693134862e+308, 9.4976e+04, 1.0240e+04, 
 1DIAGNOSTIC,     3, -8.587516546249e-01, 1.797693134862e+308, 1.0534e+05, 1.0368e+04, 
 1DIAGNOSTIC,     4, -8.599743843079e-01, 1.797693134862e+308, 1.1558e+05, 1.0240e+04, 
 1DIAGNOSTIC,     5, -8.612279891968e-01, 1.797693134862e+308, 1.2582e+05, 1.0240e+04, 
 1DIAGNOSTIC,     6, -8.623880743980e-01, 1.797693134862e+308, 1.3606e+05, 1.0240e+04, 
 1DIAGNOSTIC,     7, -8.634902238846e-01, 1.797693134862e+308, 1.4630e+05, 1.0240e+04, 
 1DIAGNOSTIC,     8, -8.645430803299e-01, 1.797693134862e+308, 1.5654e+05, 1.0240e+04, 
 1DIAGNOSTIC,     9, -8.655182123184e-01, 1.797693134862e+308, 1.6666e+05, 1.0112e+04, 
 1DIAGNOSTIC,    10, -8.663929700851e-01, 7.372424006462e-04, 1.7702e+05, 1.0368e+04, 
 1DIAGNOSTIC,    11, -8.672297000885e-01, 6.594508886337e-04, 1.8714e+05, 1.0112e+04, 
 1DIAGNOSTIC,    12, -8.680138587952e-01, 5.753934383392e-04, 1.9750e+05, 1.0368e+04, 
 1DIAGNOSTIC,    13, -8.687995672226e-01, 5.006492137909e-04, 2.0774e+05, 1.0240e+04, 
 1DIAGNOSTIC,    14, -8.694860935211e-01, 4.355981945992e-04, 2.1798e+05, 1.0240e+04, 
 1DIAGNOSTIC,    15, -8.701911568642e-01, 3.822073340416e-04, 2.2822e+05, 1.0240e+04, 
 1DIAGNOSTIC,    16, -8.707143068314e-01, 3.348290920258e-04, 2.3846e+05, 1.0240e+04, 
 1DIAGNOSTIC,    17, -8.711698651314e-01, 2.921409904957e-04, 2.4870e+05, 1.0240e+04, 
 1DIAGNOSTIC,    18, -8.715987801552e-01, 2.541653811932e-04, 2.5894e+05, 1.0240e+04, 
 1DIAGNOSTIC,    19, -8.719793558121e-01, 2.199448645115e-04, 2.6893e+05, 9.9840e+03, 
 1DIAGNOSTIC,    20, -8.723487854004e-01, 1.890286803246e-04, 2.7712e+05, 8.1920e+03, 
  Elapsed time (stage 0): 277120


Total elapsed time: 277120
-i /mnt/lustre/mathdugre/fast-interpolate/datasets/ds004513/derivatives/flint/ants/flint-vprec-single/sub-s032/ses-open/anat/11/1_Affine.nii.gz -o /mnt/lustre/mathdugre/fast-interpolate/datasets/ds004513/derivatives/flint/ants/flint-vprec-single/sub-s032/ses-open/anat/111/1_transformed.nii.gz -t /mnt/lustre/mathdugre/fast-interpolate/datasets/ds004513/derivatives/flint/ants/flint-vprec-single/sub-s032/ses-open/anat/111/1_1Warp.nii.gz -t /mnt/lustre/mathdugre/fast-interpolate/datasets/ds004513/derivatives/flint/ants/flint-vprec-single/sub-s032/ses-open/anat/111/1_0GenericAffine.mat
