---------------------
Experiment information

SIF_IMG: /mnt/lustre/mathdugre/containers/ants-flint-vprec.simg
SIF_IMG_BASE: /mnt/lustre/mathdugre/containers/ants-flint-base.simg
EXPERIMENT_NAME: flint-vprec-single
STAGE: affine
SUBJECT_ID: s038
REPETITION_ID: 1

FIXED_IMG: /templateflow/tpl-MNI152NLin2009cAsym/tpl-MNI152NLin2009cAsym_res-01_desc-brain_T1w.nii.gz
INPUT_IMG: /mnt/lustre/mathdugre/fast-interpolate/datasets/ds004513/derivatives/flint/ants/flint-vprec-single/sub-s038/ses-open/anat/1/1_Rigid.nii.gz

DATA_DIR: /mnt/lustre/mathdugre/fast-interpolate/datasets/ds004513
OUTPUT_DIR: /mnt/lustre/mathdugre/fast-interpolate/datasets/ds004513/derivatives/flint/ants/flint-vprec-single/sub-s038/ses-open/anat
OUTPUT_PREFIX: 11
THREAD: 1
FLOAT: 0
VFC_BACKENDS: libinterflop_vprec.so --precision-binary32=23 --range-binary32=8 --precision-binary64=23 --range-binary64=8
---------------------

--output [/mnt/lustre/mathdugre/fast-interpolate/datasets/ds004513/derivatives/flint/ants/flint-vprec-single/sub-s038/ses-open/anat/11/1_,/mnt/lustre/mathdugre/fast-interpolate/datasets/ds004513/derivatives/flint/ants/flint-vprec-single/sub-s038/ses-open/anat/11/1_Affine.nii.gz,/mnt/lustre/mathdugre/fast-interpolate/datasets/ds004513/derivatives/flint/ants/flint-vprec-single/sub-s038/ses-open/anat/11/1_InverseAffine.nii.gz] --initial-moving-transform [/templateflow/tpl-MNI152NLin2009cAsym/tpl-MNI152NLin2009cAsym_res-01_desc-brain_T1w.nii.gz,/mnt/lustre/mathdugre/fast-interpolate/datasets/ds004513/derivatives/flint/ants/flint-vprec-single/sub-s038/ses-open/anat/1/1_Rigid.nii.gz,1] --transform Affine[0.1] --metric MI[/templateflow/tpl-MNI152NLin2009cAsym/tpl-MNI152NLin2009cAsym_res-01_desc-brain_T1w.nii.gz,/mnt/lustre/mathdugre/fast-interpolate/datasets/ds004513/derivatives/flint/ants/flint-vprec-single/sub-s038/ses-open/anat/1/1_Rigid.nii.gz,1,32,Regular,0.25] --convergence [1000x500x250x100,1e-6,10] --shrink-factors 8x4x2x1 --smoothing-sigmas 3x2x1x0vox
All_Command_lines_OK
Using double precision for computations.
=============================================================================
The composite transform comprises the following transforms (in order): 
  1. Center of mass alignment using fixed image: /templateflow/tpl-MNI152NLin2009cAsym/tpl-MNI152NLin2009cAsym_res-01_desc-brain_T1w.nii.gz and moving image: /mnt/lustre/mathdugre/fast-interpolate/datasets/ds004513/derivatives/flint/ants/flint-vprec-single/sub-s038/ses-open/anat/1/1_Rigid.nii.gz (type = Euler3DTransform)
=============================================================================
  number of levels = 4
  fixed image: /templateflow/tpl-MNI152NLin2009cAsym/tpl-MNI152NLin2009cAsym_res-01_desc-brain_T1w.nii.gz
  moving image: /mnt/lustre/mathdugre/fast-interpolate/datasets/ds004513/derivatives/flint/ants/flint-vprec-single/sub-s038/ses-open/anat/1/1_Rigid.nii.gz
Dimension = 3
Number of stages = 1
Use histogram matching = false
Winsorize image intensities = true
  Lower quantile = 0.005
  Upper quantile = 0.995


Stage 1 State
   Image metric = MattesMI
     Fixed image = Image (0x49ad000)
  RTTI typeinfo:   itk::Image<double, 3u>
  Reference Count: 2
  Modified Time: 1622
  Debug: Off
  Object Name: 
  Observers: 
    none
  Source: (none)
  Source output name: (none)
  Release Data: Off
  Data Released: False
  Global Release Data: Off
  PipelineMTime: 0
  UpdateMTime: 1407
  RealTimeStamp: 0 seconds 
  LargestPossibleRegion: 
    Dimension: 3
    Index: [0, 0, 0]
    Size: [193, 229, 193]
  BufferedRegion: 
    Dimension: 3
    Index: [0, 0, 0]
    Size: [193, 229, 193]
  RequestedRegion: 
    Dimension: 3
    Index: [0, 0, 0]
    Size: [193, 229, 193]
  Spacing: [1, 1, 1]
  Origin: [96, 132, -78]
  Direction: 
-1 0 0
0 -1 0
0 0 1

  IndexToPointMatrix: 
-1 0 0
0 -1 0
0 0 1

  PointToIndexMatrix: 
-1 0 0
0 -1 0
0 0 1

  Inverse Direction: 
-1 0 0
0 -1 0
0 0 1

  PixelContainer: 
    ImportImageContainer (0x4a80e10)
      RTTI typeinfo:   itk::ImportImageContainer<unsigned long, double>
      Reference Count: 1
      Modified Time: 1404
      Debug: Off
      Object Name: 
      Observers: 
        none
      Pointer: 0x7f0ac5983010
      Container manages memory: true
      Size: 8530021
      Capacity: 8530021

     Moving image = Image (0x49ad800)
  RTTI typeinfo:   itk::Image<double, 3u>
  Reference Count: 2
  Modified Time: 1623
  Debug: Off
  Object Name: 
  Observers: 
    none
  Source: (none)
  Source output name: (none)
  Release Data: Off
  Data Released: False
  Global Release Data: Off
  PipelineMTime: 0
  UpdateMTime: 1620
  RealTimeStamp: 0 seconds 
  LargestPossibleRegion: 
    Dimension: 3
    Index: [0, 0, 0]
    Size: [193, 229, 193]
  BufferedRegion: 
    Dimension: 3
    Index: [0, 0, 0]
    Size: [193, 229, 193]
  RequestedRegion: 
    Dimension: 3
    Index: [0, 0, 0]
    Size: [193, 229, 193]
  Spacing: [1, 1, 1]
  Origin: [96, 132, -78]
  Direction: 
-1 0 0
0 -1 0
0 0 1

  IndexToPointMatrix: 
-1 0 0
0 -1 0
0 0 1

  PointToIndexMatrix: 
-1 0 0
0 -1 0
0 0 1

  Inverse Direction: 
-1 0 0
0 -1 0
0 0 1

  PixelContainer: 
    ImportImageContainer (0x4ac0e90)
      RTTI typeinfo:   itk::ImportImageContainer<unsigned long, double>
      Reference Count: 1
      Modified Time: 1617
      Debug: Off
      Object Name: 
      Observers: 
        none
      Pointer: 0x7f0ac186e010
      Container manages memory: true
      Size: 8530021
      Capacity: 8530021

     Weighting = 1
     Sampling strategy = regular
     Number of bins = 32
     Radius = 4
     Sampling percentage  = 0.25
   Transform = Affine
     Gradient step = 0.1
     Update field sigma (voxel space) = 0
     Total field sigma (voxel space) = 0
     Update field time sigma = 0
     Total field time sigma  = 0
     Number of time indices = 0
     Number of time point samples = 0
Registration using 1 total stages.

Stage 0
  iterations = 1000x500x250x100
  convergence threshold = 1e-06
  convergence window size = 10
  number of levels = 4
  using the Mattes MI metric (number of bins = 32, weight = 1, use gradient filter = 0)
  preprocessing:  winsorizing the image intensities
  Shrink factors (level 1 out of 4): [8, 8, 8]
  Shrink factors (level 2 out of 4): [4, 4, 4]
  Shrink factors (level 3 out of 4): [2, 2, 2]
  Shrink factors (level 4 out of 4): [1, 1, 1]
  smoothing sigmas per level: [3, 2, 1, 0]
  regular sampling (percentage = 0.25)

*** Running AffineTransform registration ***

DIAGNOSTIC,Iteration,metricValue,convergenceValue,ITERATION_TIME_INDEX,SINCE_LAST
 2DIAGNOSTIC,     1, -6.174792647362e-01, 1.797693134862e+308, 0.0000e+00, 0.0000e+00, 
 2DIAGNOSTIC,     2, -6.200221180916e-01, 1.797693134862e+308, 0.0000e+00, 0.0000e+00, 
 2DIAGNOSTIC,     3, -6.242260336876e-01, 1.797693134862e+308, 0.0000e+00, 0.0000e+00, 
 2DIAGNOSTIC,     4, -6.310568451881e-01, 1.797693134862e+308, 0.0000e+00, 0.0000e+00, 
 2DIAGNOSTIC,     5, -6.423154473305e-01, 1.797693134862e+308, 0.0000e+00, 0.0000e+00, 
 2DIAGNOSTIC,     6, -6.585750579834e-01, 1.797693134862e+308, 0.0000e+00, 0.0000e+00, 
 2DIAGNOSTIC,     7, -6.851449012756e-01, 1.797693134862e+308, 0.0000e+00, 0.0000e+00, 
 2DIAGNOSTIC,     8, -7.927857637405e-01, 1.797693134862e+308, 0.0000e+00, 0.0000e+00, 
 2DIAGNOSTIC,     9, -8.155480623245e-01, 1.797693134862e+308, 0.0000e+00, 0.0000e+00, 
 2DIAGNOSTIC,    10, -8.193690180779e-01, 2.136037498713e-02, 0.0000e+00, 0.0000e+00, 
 2DIAGNOSTIC,    11, -8.204586505890e-01, 2.115534245968e-02, 0.0000e+00, 0.0000e+00, 
 2DIAGNOSTIC,    12, -8.219316005707e-01, 1.923675090075e-02, 0.0000e+00, 0.0000e+00, 
 2DIAGNOSTIC,    13, -8.224252462387e-01, 1.602655649185e-02, 0.0000e+00, 0.0000e+00, 
 2DIAGNOSTIC,    14, -8.230705857277e-01, 1.208788156509e-02, 0.0000e+00, 0.0000e+00, 
 2DIAGNOSTIC,    15, -8.232614994049e-01, 7.976911962032e-03, 0.0000e+00, 0.0000e+00, 
 2DIAGNOSTIC,    16, -8.235259056091e-01, 4.129424691200e-03, 0.0000e+00, 0.0000e+00, 
 2DIAGNOSTIC,    17, -8.239455819130e-01, 9.482130408287e-04, 0.0000e+00, 0.0000e+00, 
 2DIAGNOSTIC,    18, -8.240538239479e-01, 3.260970115662e-04, 0.0000e+00, 0.0000e+00, 
 2DIAGNOSTIC,    19, -8.242107033730e-01, 1.992434263229e-04, 0.0000e+00, 0.0000e+00, 
 2DIAGNOSTIC,    20, -8.243007659912e-01, 1.412034034729e-04, 0.0000e+00, 0.0000e+00, 
 2DIAGNOSTIC,    21, -8.243078589439e-01, 9.519979357719e-05, 0.0000e+00, 0.0000e+00, 
 2DIAGNOSTIC,    22, -8.243414759636e-01, 7.037445902824e-05, 0.0000e+00, 0.0000e+00, 
 2DIAGNOSTIC,    23, -8.243686556816e-01, 4.961341619492e-05, 0.0000e+00, 0.0000e+00, 
 2DIAGNOSTIC,    24, -8.243916034698e-01, 3.653392195702e-05, 0.0000e+00, 0.0000e+00, 
 2DIAGNOSTIC,    25, -8.244140744209e-01, 2.439692616463e-05, 0.0000e+00, 0.0000e+00, 
 2DIAGNOSTIC,    26, -8.244434595108e-01, 1.512840390205e-05, 0.0000e+00, 0.0000e+00, 
 2DIAGNOSTIC,    27, -8.244880437851e-01, 1.159310340881e-05, 0.0000e+00, 0.0000e+00, 
 2DIAGNOSTIC,    28, -8.244935274124e-01, 8.780509233475e-06, 0.0000e+00, 0.0000e+00, 
 2DIAGNOSTIC,    29, -8.245002031326e-01, 7.502734661102e-06, 0.0000e+00, 0.0000e+00, 
 2DIAGNOSTIC,    30, -8.245051503181e-01, 6.880611181259e-06, 0.0000e+00, 0.0000e+00, 
 2DIAGNOSTIC,    31, -8.245103359222e-01, 5.885958671570e-06, 0.0000e+00, 0.0000e+00, 
 2DIAGNOSTIC,    32, -8.245141506195e-01, 4.913657903671e-06, 0.0000e+00, 0.0000e+00, 
 2DIAGNOSTIC,    33, -8.245189189911e-01, 3.993511199951e-06, 0.0000e+00, 0.0000e+00, 
 2DIAGNOSTIC,    34, -8.245198130608e-01, 3.106892108917e-06, 0.0000e+00, 0.0000e+00, 
 2DIAGNOSTIC,    35, -8.245226144791e-01, 2.317130565643e-06, 0.0000e+00, 0.0000e+00, 
 2DIAGNOSTIC,    36, -8.245224952698e-01, 1.735985279083e-06, 0.0000e+00, 0.0000e+00, 
 2DIAGNOSTIC,    37, -8.245220184326e-01, 1.536682248116e-06, 0.0000e+00, 0.0000e+00, 
 2DIAGNOSTIC,    38, -8.245220780373e-01, 1.339241862297e-06, 0.0000e+00, 0.0000e+00, 
 2DIAGNOSTIC,    39, -8.245217800140e-01, 1.167878508568e-06, 0.0000e+00, 0.0000e+00, 
 2DIAGNOSTIC,    40, -8.245221376419e-01, 1.020729541779e-06, 0.0000e+00, 0.0000e+00, 
DIAGNOSTIC,Iteration,metricValue,convergenceValue,ITERATION_TIME_INDEX,SINCE_LAST
 2DIAGNOSTIC,     1, -6.961045265198e-01, 1.797693134862e+308, 1.2800e+02, 1.2800e+02, 
 2DIAGNOSTIC,     2, -6.965495347977e-01, 1.797693134862e+308, 1.2800e+02, 0.0000e+00, 
 2DIAGNOSTIC,     3, -6.970380544662e-01, 1.797693134862e+308, 1.2800e+02, 0.0000e+00, 
 2DIAGNOSTIC,     4, -6.975477933884e-01, 1.797693134862e+308, 1.2800e+02, 0.0000e+00, 
 2DIAGNOSTIC,     5, -6.980931162834e-01, 1.797693134862e+308, 1.2800e+02, 0.0000e+00, 
 2DIAGNOSTIC,     6, -6.986383795738e-01, 1.797693134862e+308, 1.2800e+02, 0.0000e+00, 
 2DIAGNOSTIC,     7, -6.990464925766e-01, 1.797693134862e+308, 1.2800e+02, 0.0000e+00, 
 2DIAGNOSTIC,     8, -6.991515755653e-01, 1.797693134862e+308, 1.2800e+02, 0.0000e+00, 
 2DIAGNOSTIC,     9, -6.991592049599e-01, 1.797693134862e+308, 1.2800e+02, 0.0000e+00, 
 2DIAGNOSTIC,    10, -6.992101669312e-01, 3.150179982185e-04, 1.2800e+02, 0.0000e+00, 
 2DIAGNOSTIC,    11, -6.992627382278e-01, 2.361685037613e-04, 1.2800e+02, 0.0000e+00, 
 2DIAGNOSTIC,    12, -6.992992162704e-01, 1.656115055084e-04, 1.2800e+02, 0.0000e+00, 
 2DIAGNOSTIC,    13, -6.993359923363e-01, 1.075789332390e-04, 1.2800e+02, 0.0000e+00, 
 2DIAGNOSTIC,    14, -6.994083523750e-01, 6.513297557831e-05, 1.2800e+02, 0.0000e+00, 
 2DIAGNOSTIC,    15, -6.994896531105e-01, 3.931671380997e-05, 1.2800e+02, 0.0000e+00, 
 2DIAGNOSTIC,    16, -6.996535658836e-01, 3.103166818619e-05, 1.2800e+02, 0.0000e+00, 
 2DIAGNOSTIC,    17, -6.996918320656e-01, 3.160908818245e-05, 1.2800e+02, 0.0000e+00, 
 2DIAGNOSTIC,    18, -6.996974349022e-01, 3.192573785782e-05, 1.2800e+02, 0.0000e+00, 
 2DIAGNOSTIC,    19, -6.996985077858e-01, 2.961978316307e-05, 1.2800e+02, 0.0000e+00, 
 2DIAGNOSTIC,    20, -6.997008919716e-01, 2.599507570267e-05, 1.2800e+02, 0.0000e+00, 
 2DIAGNOSTIC,    21, -6.997027397156e-01, 2.145022153854e-05, 1.2800e+02, 0.0000e+00, 
 2DIAGNOSTIC,    22, -6.997027993202e-01, 1.612678170204e-05, 1.2800e+02, 0.0000e+00, 
 2DIAGNOSTIC,    23, -6.997032761574e-01, 1.057982444763e-05, 1.2800e+02, 0.0000e+00, 
 2DIAGNOSTIC,    24, -6.997033357620e-01, 5.856156349182e-06, 1.2800e+02, 0.0000e+00, 
 2DIAGNOSTIC,    25, -6.997030377388e-01, 2.343207597733e-06, 1.2800e+02, 0.0000e+00, 
 2DIAGNOSTIC,    26, -6.997028589249e-01, 1.542270183563e-06, 1.2800e+02, 0.0000e+00, 
 2DIAGNOSTIC,    27, -6.997030377388e-01, 1.348555088043e-06, 1.2800e+02, 0.0000e+00, 
 2DIAGNOSTIC,    28, -6.997027993202e-01, 1.229345798492e-06, 1.2800e+02, 0.0000e+00, 
 2DIAGNOSTIC,    29, -6.997026205063e-01, 1.125037670135e-06, 1.2800e+02, 0.0000e+00, 
 2DIAGNOSTIC,    30, -6.997029185295e-01, 1.054257154465e-06, 1.2800e+02, 0.0000e+00, 
 2DIAGNOSTIC,    31, -6.997029185295e-01, 1.017004251480e-06, 1.2800e+02, 0.0000e+00, 
DIAGNOSTIC,Iteration,metricValue,convergenceValue,ITERATION_TIME_INDEX,SINCE_LAST
 2DIAGNOSTIC,     1, -6.008105278015e-01, 1.797693134862e+308, 2.5600e+02, 1.2800e+02, 
 2DIAGNOSTIC,     2, -6.010059118271e-01, 1.797693134862e+308, 2.5600e+02, 0.0000e+00, 
 2DIAGNOSTIC,     3, -6.011837720871e-01, 1.797693134862e+308, 2.5600e+02, 0.0000e+00, 
 2DIAGNOSTIC,     4, -6.014440059662e-01, 1.797693134862e+308, 2.5600e+02, 0.0000e+00, 
 2DIAGNOSTIC,     5, -6.014776229858e-01, 1.797693134862e+308, 2.5600e+02, 0.0000e+00, 
 2DIAGNOSTIC,     6, -6.014793515205e-01, 1.797693134862e+308, 2.5600e+02, 0.0000e+00, 
 2DIAGNOSTIC,     7, -6.014853715897e-01, 1.797693134862e+308, 3.8400e+02, 1.2800e+02, 
 2DIAGNOSTIC,     8, -6.014933586121e-01, 1.797693134862e+308, 3.8400e+02, 0.0000e+00, 
 2DIAGNOSTIC,     9, -6.015027165413e-01, 1.797693134862e+308, 3.8400e+02, 0.0000e+00, 
 2DIAGNOSTIC,    10, -6.015130281448e-01, 6.810575723648e-05, 3.8400e+02, 0.0000e+00, 
 2DIAGNOSTIC,    11, -6.015227437019e-01, 3.958493471146e-05, 3.8400e+02, 0.0000e+00, 
 2DIAGNOSTIC,    12, -6.015345454216e-01, 2.064555883408e-05, 3.8400e+02, 0.0000e+00, 
 2DIAGNOSTIC,    13, -6.015508770943e-01, 9.760260581970e-06, 3.8400e+02, 0.0000e+00, 
 2DIAGNOSTIC,    14, -6.015631556511e-01, 8.955597877502e-06, 3.8400e+02, 0.0000e+00, 
 2DIAGNOSTIC,    15, -6.015674471855e-01, 8.821487426758e-06, 5.1200e+02, 1.2800e+02, 
 2DIAGNOSTIC,    16, -6.015751361847e-01, 8.374452590942e-06, 5.1200e+02, 0.0000e+00, 
 2DIAGNOSTIC,    17, -6.015812158585e-01, 7.729977369308e-06, 5.1200e+02, 0.0000e+00, 
 2DIAGNOSTIC,    18, -6.015811562538e-01, 6.813555955887e-06, 5.1200e+02, 0.0000e+00, 
 2DIAGNOSTIC,    19, -6.015810370445e-01, 5.748122930527e-06, 5.1200e+02, 0.0000e+00, 
 2DIAGNOSTIC,    20, -6.015812158585e-01, 4.664063453674e-06, 5.1200e+02, 0.0000e+00, 
 2DIAGNOSTIC,    21, -6.015810370445e-01, 3.606081008911e-06, 5.1200e+02, 0.0000e+00, 
 2DIAGNOSTIC,    22, -6.015812158585e-01, 2.693384885788e-06, 6.4000e+02, 1.2800e+02, 
 2DIAGNOSTIC,    23, -6.015809178352e-01, 2.074986696243e-06, 6.4000e+02, 0.0000e+00, 
 2DIAGNOSTIC,    24, -6.015810370445e-01, 1.691281795502e-06, 6.4000e+02, 0.0000e+00, 
 2DIAGNOSTIC,    25, -6.015807986259e-01, 1.378357410431e-06, 6.4000e+02, 0.0000e+00, 
 2DIAGNOSTIC,    26, -6.015810966492e-01, 1.214444637299e-06, 6.4000e+02, 0.0000e+00, 
 2DIAGNOSTIC,    27, -6.015809774399e-01, 1.173466444016e-06, 6.4000e+02, 0.0000e+00, 
 2DIAGNOSTIC,    28, -6.015810966492e-01, 1.139938831329e-06, 7.6800e+02, 1.2800e+02, 
 2DIAGNOSTIC,    29, -6.015810966492e-01, 1.091510057449e-06, 7.6800e+02, 0.0000e+00, 
 2DIAGNOSTIC,    30, -6.015810966492e-01, 1.065433025360e-06, 7.6800e+02, 0.0000e+00, 
 2DIAGNOSTIC,    31, -6.015809774399e-01, 1.031905412674e-06, 7.6800e+02, 0.0000e+00, 
DIAGNOSTIC,Iteration,metricValue,convergenceValue,ITERATION_TIME_INDEX,SINCE_LAST
 2DIAGNOSTIC,     1, -5.393378734589e-01, 1.797693134862e+308, 8.9600e+02, 1.2800e+02, 
 2DIAGNOSTIC,     2, -5.394615530968e-01, 1.797693134862e+308, 1.0240e+03, 1.2800e+02, 
 2DIAGNOSTIC,     3, -5.395299196243e-01, 1.797693134862e+308, 1.1520e+03, 1.2800e+02, 
 2DIAGNOSTIC,     4, -5.395861268044e-01, 1.797693134862e+308, 1.2800e+03, 1.2800e+02, 
 2DIAGNOSTIC,     5, -5.395976901054e-01, 1.797693134862e+308, 1.5360e+03, 2.5600e+02, 
 2DIAGNOSTIC,     6, -5.395984053612e-01, 1.797693134862e+308, 1.6640e+03, 1.2800e+02, 
 2DIAGNOSTIC,     7, -5.395987033844e-01, 1.797693134862e+308, 1.7920e+03, 1.2800e+02, 
 2DIAGNOSTIC,     8, -5.395984649658e-01, 1.797693134862e+308, 1.9200e+03, 1.2800e+02, 
 2DIAGNOSTIC,     9, -5.395982861519e-01, 1.797693134862e+308, 2.0480e+03, 1.2800e+02, 
 2DIAGNOSTIC,    10, -5.395982265472e-01, 2.604722976685e-05, 2.1760e+03, 1.2800e+02, 
 2DIAGNOSTIC,    11, -5.395984053612e-01, 1.272559165955e-05, 2.3040e+03, 1.2800e+02, 
 2DIAGNOSTIC,    12, -5.395983457565e-01, 6.139278411865e-06, 2.4320e+03, 1.2800e+02, 
 2DIAGNOSTIC,    13, -5.395981073380e-01, 2.935528755188e-06, 2.5600e+03, 1.2800e+02, 
 2DIAGNOSTIC,    14, -5.395982265472e-01, 2.272427082062e-06, 2.6880e+03, 1.2800e+02, 
 2DIAGNOSTIC,    15, -5.395981669426e-01, 2.093613147736e-06, 2.8160e+03, 1.2800e+02, 
 2DIAGNOSTIC,    16, -5.395984649658e-01, 1.966953277588e-06, 2.9440e+03, 1.2800e+02, 
 2DIAGNOSTIC,    17, -5.395984649658e-01, 1.873821020126e-06, 3.0720e+03, 1.2800e+02, 
 2DIAGNOSTIC,    18, -5.395982265472e-01, 1.773238182068e-06, 3.3280e+03, 2.5600e+02, 
 2DIAGNOSTIC,    19, -5.395982861519e-01, 1.680105924606e-06, 3.4560e+03, 1.2800e+02, 
 2DIAGNOSTIC,    20, -5.395982265472e-01, 1.590698957443e-06, 3.5840e+03, 1.2800e+02, 
 2DIAGNOSTIC,    21, -5.395981669426e-01, 1.516193151474e-06, 3.7120e+03, 1.2800e+02, 
 2DIAGNOSTIC,    22, -5.395981669426e-01, 1.445412635803e-06, 3.8400e+03, 1.2800e+02, 
 2DIAGNOSTIC,    23, -5.395981669426e-01, 1.367181539536e-06, 3.9680e+03, 1.2800e+02, 
 2DIAGNOSTIC,    24, -5.395981669426e-01, 1.311302185059e-06, 4.0960e+03, 1.2800e+02, 
 2DIAGNOSTIC,    25, -5.395981669426e-01, 1.262873411179e-06, 4.2240e+03, 1.2800e+02, 
 2DIAGNOSTIC,    26, -5.395979881287e-01, 1.210719347000e-06, 4.3520e+03, 1.2800e+02, 
 2DIAGNOSTIC,    27, -5.395979285240e-01, 1.166015863419e-06, 4.4800e+03, 1.2800e+02, 
 2DIAGNOSTIC,    28, -5.395978689194e-01, 1.121312379837e-06, 4.6080e+03, 1.2800e+02, 
 2DIAGNOSTIC,    29, -5.395979285240e-01, 1.084059476852e-06, 4.7360e+03, 1.2800e+02, 
 2DIAGNOSTIC,    30, -5.395979285240e-01, 1.043081283569e-06, 4.8640e+03, 1.2800e+02, 
 2DIAGNOSTIC,    31, -5.395981073380e-01, 1.017004251480e-06, 4.9920e+03, 1.2800e+02, 
  Elapsed time (stage 0): 5.1200e+03


Total elapsed time: 5.1200e+03
-i /mnt/lustre/mathdugre/fast-interpolate/datasets/ds004513/derivatives/flint/ants/flint-vprec-single/sub-s038/ses-open/anat/1/1_Rigid.nii.gz -o /mnt/lustre/mathdugre/fast-interpolate/datasets/ds004513/derivatives/flint/ants/flint-vprec-single/sub-s038/ses-open/anat/11/1_transformed.nii.gz -t /mnt/lustre/mathdugre/fast-interpolate/datasets/ds004513/derivatives/flint/ants/flint-vprec-single/sub-s038/ses-open/anat/11/1_0GenericAffine.mat
