---------------------
Experiment information

SIF_IMG: /mnt/lustre/mathdugre/containers/ants-flint-base.simg
SIF_IMG_BASE: /mnt/lustre/mathdugre/containers/ants-flint-base.simg
EXPERIMENT_NAME: flint-vprec-single
STAGE: rigid
SUBJECT_ID: s034
REPETITION_ID: 1

FIXED_IMG: /templateflow/tpl-MNI152NLin2009cAsym/tpl-MNI152NLin2009cAsym_res-01_desc-brain_T1w.nii.gz
INPUT_IMG: /mnt/lustre/mathdugre/fast-interpolate/datasets/ds004513/derivatives/fsl/fast/sub-s034/ses-open/anat/BrainExtractionBrain_seg.nii.gz

DATA_DIR: /mnt/lustre/mathdugre/fast-interpolate/datasets/ds004513
OUTPUT_DIR: /mnt/lustre/mathdugre/fast-interpolate/datasets/ds004513/derivatives/flint/ants/flint-vprec-single/sub-s034/ses-open/anat
OUTPUT_PREFIX: 0
THREAD: 1
FLOAT: 0
VFC_BACKENDS: ieee
---------------------

--output [/mnt/lustre/mathdugre/fast-interpolate/datasets/ds004513/derivatives/flint/ants/flint-vprec-single/sub-s034/ses-open/anat/0/1_,/mnt/lustre/mathdugre/fast-interpolate/datasets/ds004513/derivatives/flint/ants/flint-vprec-single/sub-s034/ses-open/anat/0/1_Rigid.nii.gz,/mnt/lustre/mathdugre/fast-interpolate/datasets/ds004513/derivatives/flint/ants/flint-vprec-single/sub-s034/ses-open/anat/0/1_InverseRigid.nii.gz] --initial-moving-transform [/templateflow/tpl-MNI152NLin2009cAsym/tpl-MNI152NLin2009cAsym_res-01_desc-brain_T1w.nii.gz,/mnt/lustre/mathdugre/fast-interpolate/datasets/ds004513/derivatives/fsl/fast/sub-s034/ses-open/anat/BrainExtractionBrain_seg.nii.gz,1] --transform Rigid[0.1] --metric MI[/templateflow/tpl-MNI152NLin2009cAsym/tpl-MNI152NLin2009cAsym_res-01_desc-brain_T1w.nii.gz,/mnt/lustre/mathdugre/fast-interpolate/datasets/ds004513/derivatives/fsl/fast/sub-s034/ses-open/anat/BrainExtractionBrain_seg.nii.gz,1,32,Regular,0.25] --convergence [1000x500x250x100,1e-6,10] --shrink-factors 8x4x2x1 --smoothing-sigmas 3x2x1x0vox
All_Command_lines_OK
Using double precision for computations.
=============================================================================
The composite transform comprises the following transforms (in order): 
  1. Center of mass alignment using fixed image: /templateflow/tpl-MNI152NLin2009cAsym/tpl-MNI152NLin2009cAsym_res-01_desc-brain_T1w.nii.gz and moving image: /mnt/lustre/mathdugre/fast-interpolate/datasets/ds004513/derivatives/fsl/fast/sub-s034/ses-open/anat/BrainExtractionBrain_seg.nii.gz (type = Euler3DTransform)
=============================================================================
  number of levels = 4
  fixed image: /templateflow/tpl-MNI152NLin2009cAsym/tpl-MNI152NLin2009cAsym_res-01_desc-brain_T1w.nii.gz
  moving image: /mnt/lustre/mathdugre/fast-interpolate/datasets/ds004513/derivatives/fsl/fast/sub-s034/ses-open/anat/BrainExtractionBrain_seg.nii.gz
Dimension = 3
Number of stages = 1
Use histogram matching = false
Winsorize image intensities = true
  Lower quantile = 0.005
  Upper quantile = 0.995


Stage 1 State
   Image metric = MattesMI
     Fixed image = Image (0x55bfd4c8cf10)
  RTTI typeinfo:   itk::Image<double, 3u>
  Reference Count: 2
  Modified Time: 1622
  Debug: Off
  Object Name: 
  Observers: 
    none
  Source: (none)
  Source output name: (none)
  Release Data: Off
  Data Released: False
  Global Release Data: Off
  PipelineMTime: 0
  UpdateMTime: 1407
  RealTimeStamp: 0 seconds 
  LargestPossibleRegion: 
    Dimension: 3
    Index: [0, 0, 0]
    Size: [193, 229, 193]
  BufferedRegion: 
    Dimension: 3
    Index: [0, 0, 0]
    Size: [193, 229, 193]
  RequestedRegion: 
    Dimension: 3
    Index: [0, 0, 0]
    Size: [193, 229, 193]
  Spacing: [1, 1, 1]
  Origin: [96, 132, -78]
  Direction: 
-1 0 0
0 -1 0
0 0 1

  IndexToPointMatrix: 
-1 0 0
0 -1 0
0 0 1

  PointToIndexMatrix: 
-1 0 0
0 -1 0
0 0 1

  Inverse Direction: 
-1 0 0
0 -1 0
0 0 1

  PixelContainer: 
    ImportImageContainer (0x55bfd4c9f910)
      RTTI typeinfo:   itk::ImportImageContainer<unsigned long, double>
      Reference Count: 1
      Modified Time: 1404
      Debug: Off
      Object Name: 
      Observers: 
        none
      Pointer: 0x7f492d7e2010
      Container manages memory: true
      Size: 8530021
      Capacity: 8530021

     Moving image = Image (0x55bfd4c9f980)
  RTTI typeinfo:   itk::Image<double, 3u>
  Reference Count: 2
  Modified Time: 1623
  Debug: Off
  Object Name: 
  Observers: 
    none
  Source: (none)
  Source output name: (none)
  Release Data: Off
  Data Released: False
  Global Release Data: Off
  PipelineMTime: 0
  UpdateMTime: 1620
  RealTimeStamp: 0 seconds 
  LargestPossibleRegion: 
    Dimension: 3
    Index: [0, 0, 0]
    Size: [160, 240, 256]
  BufferedRegion: 
    Dimension: 3
    Index: [0, 0, 0]
    Size: [160, 240, 256]
  RequestedRegion: 
    Dimension: 3
    Index: [0, 0, 0]
    Size: [160, 240, 256]
  Spacing: [1, 1, 1]
  Origin: [80.0392, 105.5, -130.753]
  Direction: 
-0.999816 0 0.0191974
0 -1 0
0.0191974 0 0.999816

  IndexToPointMatrix: 
-0.999816 0 0.0191974
0 -1 0
0.0191974 0 0.999816

  PointToIndexMatrix: 
-0.999816 0 0.0191974
0 -1 0
0.0191974 0 0.999816

  Inverse Direction: 
-0.999816 0 0.0191974
0 -1 0
0.0191974 0 0.999816

  PixelContainer: 
    ImportImageContainer (0x55bfd4c9dde0)
      RTTI typeinfo:   itk::ImportImageContainer<unsigned long, double>
      Reference Count: 1
      Modified Time: 1617
      Debug: Off
      Object Name: 
      Observers: 
        none
      Pointer: 0x7f4928ce1010
      Container manages memory: true
      Size: 9830400
      Capacity: 9830400

     Weighting = 1
     Sampling strategy = regular
     Number of bins = 32
     Radius = 4
     Sampling percentage  = 0.25
   Transform = Rigid
     Gradient step = 0.1
     Update field sigma (voxel space) = 0
     Total field sigma (voxel space) = 0
     Update field time sigma = 0
     Total field time sigma  = 0
     Number of time indices = 0
     Number of time point samples = 0
Registration using 1 total stages.

Stage 0
  iterations = 1000x500x250x100
  convergence threshold = 1e-06
  convergence window size = 10
  number of levels = 4
  using the Mattes MI metric (number of bins = 32, weight = 1, use gradient filter = 0)
  preprocessing:  winsorizing the image intensities
  Shrink factors (level 1 out of 4): [8, 8, 8]
  Shrink factors (level 2 out of 4): [4, 4, 4]
  Shrink factors (level 3 out of 4): [2, 2, 2]
  Shrink factors (level 4 out of 4): [1, 1, 1]
  smoothing sigmas per level: [3, 2, 1, 0]
  regular sampling (percentage = 0.25)

*** Running Euler3DTransform registration ***

DIAGNOSTIC,Iteration,metricValue,convergenceValue,ITERATION_TIME_INDEX,SINCE_LAST
 2DIAGNOSTIC,     1, -5.024758463794e-01, 1.797693134862e+308, 1.4196e+00, 1.4196e+00, 
 2DIAGNOSTIC,     2, -5.039211730648e-01, 1.797693134862e+308, 1.4278e+00, 8.2269e-03, 
 2DIAGNOSTIC,     3, -5.063629873823e-01, 1.797693134862e+308, 1.4358e+00, 8.0481e-03, 
 2DIAGNOSTIC,     4, -5.108299535549e-01, 1.797693134862e+308, 1.4440e+00, 8.1441e-03, 
 2DIAGNOSTIC,     5, -5.151560139845e-01, 1.797693134862e+308, 1.4523e+00, 8.3499e-03, 
 2DIAGNOSTIC,     6, -5.223547746876e-01, 1.797693134862e+308, 1.4609e+00, 8.5640e-03, 
 2DIAGNOSTIC,     7, -5.281561148819e-01, 1.797693134862e+308, 1.4697e+00, 8.8551e-03, 
 2DIAGNOSTIC,     8, -5.428853208705e-01, 1.797693134862e+308, 1.4853e+00, 1.5609e-02, 
 2DIAGNOSTIC,     9, -5.439547933214e-01, 1.797693134862e+308, 1.4935e+00, 8.1098e-03, 
 2DIAGNOSTIC,    10, -5.464216397889e-01, 6.198469784994e-03, 1.5028e+00, 9.3031e-03, 
 2DIAGNOSTIC,    11, -5.479721614245e-01, 5.726363911921e-03, 1.5110e+00, 8.2769e-03, 
 2DIAGNOSTIC,    12, -5.492618221692e-01, 4.941334501837e-03, 1.5203e+00, 9.3071e-03, 
 2DIAGNOSTIC,    13, -5.497302659195e-01, 3.948832844204e-03, 1.5299e+00, 9.5711e-03, 
 2DIAGNOSTIC,    14, -5.507191221579e-01, 2.954685819303e-03, 1.5398e+00, 9.8851e-03, 
 2DIAGNOSTIC,    15, -5.536349986821e-01, 2.088337281677e-03, 1.5494e+00, 9.6250e-03, 
 2DIAGNOSTIC,    16, -5.571703021924e-01, 1.498286425823e-03, 1.5588e+00, 9.3520e-03, 
 2DIAGNOSTIC,    17, -5.575689282874e-01, 1.023020680280e-03, 1.5680e+00, 9.2521e-03, 
 2DIAGNOSTIC,    18, -5.577085182524e-01, 9.492203322725e-04, 1.5781e+00, 1.0087e-02, 
 2DIAGNOSTIC,    19, -5.578181795526e-01, 8.286606740570e-04, 1.5885e+00, 1.0367e-02, 
 2DIAGNOSTIC,    20, -5.579653886099e-01, 7.107527837540e-04, 1.5978e+00, 9.2781e-03, 
 2DIAGNOSTIC,    21, -5.583451564689e-01, 5.847622388535e-04, 1.6060e+00, 8.2200e-03, 
 2DIAGNOSTIC,    22, -5.584792356689e-01, 4.507464854188e-04, 1.6152e+00, 9.2080e-03, 
 2DIAGNOSTIC,    23, -5.584913217698e-01, 2.992235636234e-04, 1.6233e+00, 8.0910e-03, 
 2DIAGNOSTIC,    24, -5.584953086035e-01, 1.539041091292e-04, 1.6313e+00, 7.9958e-03, 
 2DIAGNOSTIC,    25, -5.584979108229e-01, 6.542789345058e-05, 1.6434e+00, 1.2145e-02, 
 2DIAGNOSTIC,    26, -5.584989675357e-01, 4.884028482034e-05, 1.6514e+00, 7.9970e-03, 
 2DIAGNOSTIC,    27, -5.585018337088e-01, 3.673965850966e-05, 1.6594e+00, 8.0130e-03, 
 2DIAGNOSTIC,    28, -5.585042618994e-01, 2.490500018932e-05, 1.6716e+00, 1.2194e-02, 
 2DIAGNOSTIC,    29, -5.585043331440e-01, 1.368638049543e-05, 1.6797e+00, 8.0531e-03, 
 2DIAGNOSTIC,    30, -5.585047115915e-01, 4.456002184232e-06, 1.6909e+00, 1.1190e-02, 
 2DIAGNOSTIC,    31, -5.585047260212e-01, 1.840421373842e-06, 1.7178e+00, 2.6900e-02, 
 2DIAGNOSTIC,    32, -5.585047260212e-01, 1.494325078524e-06, 1.7346e+00, 1.6798e-02, 
 2DIAGNOSTIC,    33, -5.585047260212e-01, 1.313304345434e-06, 1.7451e+00, 1.0485e-02, 
 2DIAGNOSTIC,    34, -5.585047260212e-01, 1.172665312965e-06, 1.7544e+00, 9.3482e-03, 
 2DIAGNOSTIC,    35, -5.585047260212e-01, 1.058866358924e-06, 1.7647e+00, 1.0316e-02, 
DIAGNOSTIC,Iteration,metricValue,convergenceValue,ITERATION_TIME_INDEX,SINCE_LAST
 2DIAGNOSTIC,     1, -4.598039398704e-01, 1.797693134862e+308, 3.2769e+00, 1.5122e+00, 
 2DIAGNOSTIC,     2, -4.602992612139e-01, 1.797693134862e+308, 3.3694e+00, 9.2476e-02, 
 2DIAGNOSTIC,     3, -4.609952985037e-01, 1.797693134862e+308, 3.4616e+00, 9.2206e-02, 
 2DIAGNOSTIC,     4, -4.618990083337e-01, 1.797693134862e+308, 3.5549e+00, 9.3351e-02, 
 2DIAGNOSTIC,     5, -4.628554554687e-01, 1.797693134862e+308, 3.6484e+00, 9.3463e-02, 
 2DIAGNOSTIC,     6, -4.638001192136e-01, 1.797693134862e+308, 3.7414e+00, 9.3008e-02, 
 2DIAGNOSTIC,     7, -4.655799210696e-01, 1.797693134862e+308, 3.8749e+00, 1.3350e-01, 
 2DIAGNOSTIC,     8, -4.660414505201e-01, 1.797693134862e+308, 3.9668e+00, 9.1881e-02, 
 2DIAGNOSTIC,     9, -4.668763652854e-01, 1.797693134862e+308, 4.0588e+00, 9.1993e-02, 
 2DIAGNOSTIC,    10, -4.690136642364e-01, 1.251823252042e-03, 4.1654e+00, 1.0658e-01, 
 2DIAGNOSTIC,    11, -4.733337557455e-01, 1.410748050577e-03, 4.3259e+00, 1.6055e-01, 
 2DIAGNOSTIC,    12, -4.736980898745e-01, 1.454606026596e-03, 4.4178e+00, 9.1907e-02, 
 2DIAGNOSTIC,    13, -4.751267632081e-01, 1.462832687044e-03, 4.5104e+00, 9.2627e-02, 
 2DIAGNOSTIC,    14, -4.789027172550e-01, 1.541048931755e-03, 4.6019e+00, 9.1438e-02, 
 2DIAGNOSTIC,    15, -4.808624683844e-01, 1.580412221099e-03, 4.6918e+00, 8.9904e-02, 
 2DIAGNOSTIC,    16, -4.825561870138e-01, 1.566031705684e-03, 4.7944e+00, 1.0264e-01, 
 2DIAGNOSTIC,    17, -4.836132043330e-01, 1.511878680124e-03, 4.8965e+00, 1.0208e-01, 
 2DIAGNOSTIC,    18, -4.843916312012e-01, 1.367969185917e-03, 4.9850e+00, 8.8480e-02, 
 2DIAGNOSTIC,    19, -4.855472900517e-01, 1.174302163879e-03, 5.0749e+00, 8.9875e-02, 
 2DIAGNOSTIC,    20, -4.924489121231e-01, 1.158311950025e-03, 5.1947e+00, 1.1985e-01, 
 2DIAGNOSTIC,    21, -4.945076878476e-01, 1.214435218640e-03, 5.2856e+00, 9.0857e-02, 
 2DIAGNOSTIC,    22, -4.988740112147e-01, 1.281937166918e-03, 5.4023e+00, 1.1670e-01, 
 2DIAGNOSTIC,    23, -4.991432313404e-01, 1.266110527401e-03, 5.5163e+00, 1.1406e-01, 
 2DIAGNOSTIC,    24, -4.992430416929e-01, 1.229927108350e-03, 5.6026e+00, 8.6310e-02, 
 2DIAGNOSTIC,    25, -4.992442829194e-01, 1.126401933265e-03, 5.6886e+00, 8.5998e-02, 
 2DIAGNOSTIC,    26, -4.992710001983e-01, 9.631830754570e-04, 5.7747e+00, 8.6079e-02, 
 2DIAGNOSTIC,    27, -4.993553987260e-01, 7.476722812444e-04, 5.8774e+00, 1.0265e-01, 
 2DIAGNOSTIC,    28, -4.996718279899e-01, 5.023002055864e-04, 6.0370e+00, 1.5962e-01, 
 2DIAGNOSTIC,    29, -4.997025597381e-01, 2.491688540952e-04, 6.1289e+00, 9.1932e-02, 
 2DIAGNOSTIC,    30, -4.997235785794e-01, 1.264624390587e-04, 6.2211e+00, 9.2154e-02, 
 2DIAGNOSTIC,    31, -4.997630999734e-01, 3.783093287876e-05, 6.3139e+00, 9.2772e-02, 
 2DIAGNOSTIC,    32, -4.998606348272e-01, 3.347173028229e-05, 6.4344e+00, 1.2058e-01, 
 2DIAGNOSTIC,    33, -4.998632533208e-01, 3.097931803101e-05, 6.5412e+00, 1.0673e-01, 
 2DIAGNOSTIC,    34, -4.998732753501e-01, 2.772227374062e-05, 6.6336e+00, 9.2442e-02, 
 2DIAGNOSTIC,    35, -4.999332837793e-01, 2.324831241325e-05, 6.7531e+00, 1.1953e-01, 
 2DIAGNOSTIC,    36, -4.999351835283e-01, 1.736521764035e-05, 6.9290e+00, 1.7585e-01, 
 2DIAGNOSTIC,    37, -4.999366501171e-01, 1.145831698954e-05, 7.0358e+00, 1.0678e-01, 
 2DIAGNOSTIC,    38, -4.999381540871e-01, 9.775295134219e-06, 7.1286e+00, 9.2876e-02, 
 2DIAGNOSTIC,    39, -4.999312698176e-01, 7.706300523349e-06, 7.2211e+00, 9.2455e-02, 
 2DIAGNOSTIC,    40, -4.999345351419e-01, 5.433779786759e-06, 7.3132e+00, 9.2091e-02, 
 2DIAGNOSTIC,    41, -4.999391474929e-01, 3.421270315163e-06, 7.4195e+00, 1.0635e-01, 
 2DIAGNOSTIC,    42, -4.999331309882e-01, 2.540595726561e-06, 7.5262e+00, 1.0663e-01, 
 2DIAGNOSTIC,    43, -4.999186207969e-01, 1.382368654216e-06, 7.6330e+00, 1.0687e-01, 
DIAGNOSTIC,Iteration,metricValue,convergenceValue,ITERATION_TIME_INDEX,SINCE_LAST
 2DIAGNOSTIC,     1, -4.277588179557e-01, 1.797693134862e+308, 9.7744e+00, 2.1414e+00, 
 2DIAGNOSTIC,     2, -4.278922632932e-01, 1.797693134862e+308, 1.0369e+01, 5.9431e-01, 
 2DIAGNOSTIC,     3, -4.280269483484e-01, 1.797693134862e+308, 1.1048e+01, 6.7881e-01, 
 2DIAGNOSTIC,     4, -4.280378544358e-01, 1.797693134862e+308, 1.1721e+01, 6.7382e-01, 
 2DIAGNOSTIC,     5, -4.280478006226e-01, 1.797693134862e+308, 1.2395e+01, 6.7395e-01, 
 2DIAGNOSTIC,     6, -4.280631072557e-01, 1.797693134862e+308, 1.3067e+01, 6.7165e-01, 
 2DIAGNOSTIC,     7, -4.280722728581e-01, 1.797693134862e+308, 1.3908e+01, 8.4129e-01, 
 2DIAGNOSTIC,     8, -4.280748002232e-01, 1.797693134862e+308, 1.4576e+01, 6.6794e-01, 
 2DIAGNOSTIC,     9, -4.280746193372e-01, 1.797693134862e+308, 1.5594e+01, 1.0181e+00, 
 2DIAGNOSTIC,    10, -4.280749364719e-01, 3.821573411952e-05, 1.6273e+01, 6.7907e-01, 
 2DIAGNOSTIC,    11, -4.280744582684e-01, 1.883144518043e-05, 1.6952e+01, 6.7862e-01, 
 2DIAGNOSTIC,    12, -4.280738751894e-01, 8.391951489162e-06, 1.7800e+01, 8.4788e-01, 
 2DIAGNOSTIC,    13, -4.280722498675e-01, 5.836501411172e-06, 1.8473e+01, 6.7274e-01, 
 2DIAGNOSTIC,    14, -4.280723098462e-01, 3.861864274979e-06, 1.9058e+01, 5.8589e-01, 
 2DIAGNOSTIC,    15, -4.280706944671e-01, 2.359996513809e-06, 1.9642e+01, 5.8378e-01, 
 2DIAGNOSTIC,    16, -4.280700095675e-01, 1.622199148829e-06, 2.0224e+01, 5.8162e-01, 
 2DIAGNOSTIC,    17, -4.280703045556e-01, 1.372444416156e-06, 2.0805e+01, 5.8120e-01, 
 2DIAGNOSTIC,    18, -4.280699439571e-01, 1.275998514121e-06, 2.1476e+01, 6.7068e-01, 
 2DIAGNOSTIC,    19, -4.280702588205e-01, 1.239552412477e-06, 2.2056e+01, 5.8070e-01, 
 2DIAGNOSTIC,    20, -4.280690800755e-01, 1.218590054683e-06, 2.2640e+01, 5.8324e-01, 
 2DIAGNOSTIC,    21, -4.280691211139e-01, 1.221919227253e-06, 2.3319e+01, 6.7885e-01, 
 2DIAGNOSTIC,    22, -4.280688326989e-01, 1.226287730902e-06, 2.3995e+01, 6.7616e-01, 
 2DIAGNOSTIC,    23, -4.280683828542e-01, 1.189798553847e-06, 2.4582e+01, 5.8693e-01, 
 2DIAGNOSTIC,    24, -4.280681973352e-01, 1.172477028931e-06, 2.5166e+01, 5.8456e-01, 
 2DIAGNOSTIC,    25, -4.280693082802e-01, 1.158334795338e-06, 2.5751e+01, 5.8439e-01, 
 2DIAGNOSTIC,    26, -4.280711717310e-01, 1.184980857709e-06, 2.6332e+01, 5.8141e-01, 
 2DIAGNOSTIC,    27, -4.280725099786e-01, 1.252421751106e-06, 2.6999e+01, 6.6736e-01, 
 2DIAGNOSTIC,    28, -4.280745843448e-01, 1.348422281625e-06, 2.7672e+01, 6.7260e-01, 
 2DIAGNOSTIC,    29, -4.280722695867e-01, 1.372364990322e-06, 2.8347e+01, 6.7490e-01, 
 2DIAGNOSTIC,    30, -4.280722580057e-01, 1.344005930992e-06, 2.9015e+01, 6.6849e-01, 
 2DIAGNOSTIC,    31, -4.280717557162e-01, 1.280010064733e-06, 2.9683e+01, 6.6720e-01, 
 2DIAGNOSTIC,    32, -4.280712278141e-01, 1.178357775349e-06, 3.0518e+01, 8.3594e-01, 
 2DIAGNOSTIC,    33, -4.280707611448e-01, 1.047486796461e-06, 3.1184e+01, 6.6541e-01, 
DIAGNOSTIC,Iteration,metricValue,convergenceValue,ITERATION_TIME_INDEX,SINCE_LAST
 2DIAGNOSTIC,     1, -3.883507761109e-01, 1.797693134862e+308, 3.5801e+01, 4.6175e+00, 
 2DIAGNOSTIC,     2, -3.884749521728e-01, 1.797693134862e+308, 3.9435e+01, 3.6335e+00, 
 2DIAGNOSTIC,     3, -3.886052149401e-01, 1.797693134862e+308, 4.3572e+01, 4.1375e+00, 
 2DIAGNOSTIC,     4, -3.886126181621e-01, 1.797693134862e+308, 4.8717e+01, 5.1441e+00, 
 2DIAGNOSTIC,     5, -3.886133432708e-01, 1.797693134862e+308, 5.2859e+01, 4.1422e+00, 
 2DIAGNOSTIC,     6, -3.886132655769e-01, 1.797693134862e+308, 5.7998e+01, 5.1391e+00, 
 2DIAGNOSTIC,     7, -3.886131536986e-01, 1.797693134862e+308, 6.4123e+01, 6.1246e+00, 
 2DIAGNOSTIC,     8, -3.886130163182e-01, 1.797693134862e+308, 6.8254e+01, 4.1317e+00, 
 2DIAGNOSTIC,     9, -3.886129537721e-01, 1.797693134862e+308, 7.1894e+01, 3.6395e+00, 
 2DIAGNOSTIC,    10, -3.886129114978e-01, 3.158951919487e-05, 7.6029e+01, 4.1357e+00, 
 2DIAGNOSTIC,    11, -3.886128697033e-01, 1.251387025368e-05, 7.9665e+01, 3.6357e+00, 
 2DIAGNOSTIC,    12, -3.886127712437e-01, 3.096278598541e-06, 8.3798e+01, 4.1331e+00, 
 2DIAGNOSTIC,    13, -3.886128277902e-01, 2.408213026703e-06, 8.7930e+01, 4.1316e+00, 
 2DIAGNOSTIC,    14, -3.886127726560e-01, 2.204546495577e-06, 9.2559e+01, 4.6293e+00, 
 2DIAGNOSTIC,    15, -3.886127008996e-01, 2.066100357231e-06, 9.6690e+01, 4.1307e+00, 
 2DIAGNOSTIC,    16, -3.886125464188e-01, 1.939551457344e-06, 1.0033e+02, 3.6383e+00, 
 2DIAGNOSTIC,    17, -3.886125015461e-01, 1.825921595228e-06, 1.0446e+02, 4.1327e+00, 
 2DIAGNOSTIC,    18, -3.886126219452e-01, 1.728356799839e-06, 1.0859e+02, 4.1322e+00, 
 2DIAGNOSTIC,    19, -3.886126407204e-01, 1.642741361461e-06, 1.1322e+02, 4.6259e+00, 
 2DIAGNOSTIC,    20, -3.886125582119e-01, 1.564171128975e-06, 1.1686e+02, 3.6365e+00, 
 2DIAGNOSTIC,    21, -3.886124773066e-01, 1.491626151554e-06, 1.2049e+02, 3.6370e+00, 
 2DIAGNOSTIC,    22, -3.886123123428e-01, 1.419054635292e-06, 1.2413e+02, 3.6376e+00, 
 2DIAGNOSTIC,    23, -3.886123413089e-01, 1.357989167519e-06, 1.2776e+02, 3.6347e+00, 
 2DIAGNOSTIC,    24, -3.886124664093e-01, 1.306342430181e-06, 1.3140e+02, 3.6375e+00, 
 2DIAGNOSTIC,    25, -3.886123413777e-01, 1.254912563017e-06, 1.3504e+02, 3.6383e+00, 
 2DIAGNOSTIC,    26, -3.886123463404e-01, 1.205188918121e-06, 1.3869e+02, 3.6462e+00, 
 2DIAGNOSTIC,    27, -3.886123187380e-01, 1.158878260216e-06, 1.4284e+02, 4.1528e+00, 
 2DIAGNOSTIC,    28, -3.886120928836e-01, 1.114828431577e-06, 1.4699e+02, 4.1528e+00, 
 2DIAGNOSTIC,    29, -3.886119990804e-01, 1.074014104971e-06, 1.5106e+02, 4.0717e+00, 
 2DIAGNOSTIC,    30, -3.886120077958e-01, 1.036335993652e-06, 1.5459e+02, 3.5309e+00, 
  Elapsed time (stage 0): 1.5668e+02


Total elapsed time: 1.5668e+02
-i /mnt/lustre/mathdugre/fast-interpolate/datasets/ds004513/derivatives/fsl/fast/sub-s034/ses-open/anat/BrainExtractionBrain_seg.nii.gz -o /mnt/lustre/mathdugre/fast-interpolate/datasets/ds004513/derivatives/flint/ants/flint-vprec-single/sub-s034/ses-open/anat/0/1_transformed.nii.gz -t /mnt/lustre/mathdugre/fast-interpolate/datasets/ds004513/derivatives/flint/ants/flint-vprec-single/sub-s034/ses-open/anat/0/1_0GenericAffine.mat
