---------------------
Experiment information

SIF_IMG: /mnt/lustre/mathdugre/containers/ants-flint-vprec.simg
SIF_IMG_BASE: /mnt/lustre/mathdugre/containers/ants-flint-base.simg
EXPERIMENT_NAME: flint-vprec-single
STAGE: syn
SUBJECT_ID: s028
REPETITION_ID: 1

FIXED_IMG: /templateflow/tpl-MNI152NLin2009cAsym/tpl-MNI152NLin2009cAsym_res-01_desc-brain_T1w.nii.gz
INPUT_IMG: /mnt/lustre/mathdugre/fast-interpolate/datasets/ds004513/derivatives/flint/ants/flint-vprec-single/sub-s028/ses-open/anat/11/1_Affine.nii.gz

DATA_DIR: /mnt/lustre/mathdugre/fast-interpolate/datasets/ds004513
OUTPUT_DIR: /mnt/lustre/mathdugre/fast-interpolate/datasets/ds004513/derivatives/flint/ants/flint-vprec-single/sub-s028/ses-open/anat
OUTPUT_PREFIX: 111
THREAD: 1
FLOAT: 0
VFC_BACKENDS: libinterflop_vprec.so --precision-binary32=23 --range-binary32=8 --precision-binary64=23 --range-binary64=8
---------------------

--output [/mnt/lustre/mathdugre/fast-interpolate/datasets/ds004513/derivatives/flint/ants/flint-vprec-single/sub-s028/ses-open/anat/111/1_,/mnt/lustre/mathdugre/fast-interpolate/datasets/ds004513/derivatives/flint/ants/flint-vprec-single/sub-s028/ses-open/anat/111/1_Warped.nii.gz,/mnt/lustre/mathdugre/fast-interpolate/datasets/ds004513/derivatives/flint/ants/flint-vprec-single/sub-s028/ses-open/anat/111/1_InverseSyN.nii.gz] --initial-moving-transform [/templateflow/tpl-MNI152NLin2009cAsym/tpl-MNI152NLin2009cAsym_res-01_desc-brain_T1w.nii.gz,/mnt/lustre/mathdugre/fast-interpolate/datasets/ds004513/derivatives/flint/ants/flint-vprec-single/sub-s028/ses-open/anat/11/1_Affine.nii.gz,1] --transform SyN[ 0.1,3,0 ] --metric CC[/templateflow/tpl-MNI152NLin2009cAsym/tpl-MNI152NLin2009cAsym_res-01_desc-brain_T1w.nii.gz,/mnt/lustre/mathdugre/fast-interpolate/datasets/ds004513/derivatives/flint/ants/flint-vprec-single/sub-s028/ses-open/anat/11/1_Affine.nii.gz,1,4] --convergence [100x70x50x20,1e-6,10] --shrink-factors 8x4x2x1 --smoothing-sigmas 3x2x1x0vox
All_Command_lines_OK
Using double precision for computations.
=============================================================================
The composite transform comprises the following transforms (in order): 
  1. Center of mass alignment using fixed image: /templateflow/tpl-MNI152NLin2009cAsym/tpl-MNI152NLin2009cAsym_res-01_desc-brain_T1w.nii.gz and moving image: /mnt/lustre/mathdugre/fast-interpolate/datasets/ds004513/derivatives/flint/ants/flint-vprec-single/sub-s028/ses-open/anat/11/1_Affine.nii.gz (type = Euler3DTransform)
=============================================================================
  number of levels = 4
  fixed image: /templateflow/tpl-MNI152NLin2009cAsym/tpl-MNI152NLin2009cAsym_res-01_desc-brain_T1w.nii.gz
  moving image: /mnt/lustre/mathdugre/fast-interpolate/datasets/ds004513/derivatives/flint/ants/flint-vprec-single/sub-s028/ses-open/anat/11/1_Affine.nii.gz
Dimension = 3
Number of stages = 1
Use histogram matching = false
Winsorize image intensities = true
  Lower quantile = 0.005
  Upper quantile = 0.995


Stage 1 State
   Image metric = CC
     Fixed image = Image (0x502eb50)
  RTTI typeinfo:   itk::Image<double, 3u>
  Reference Count: 2
  Modified Time: 1622
  Debug: Off
  Object Name: 
  Observers: 
    none
  Source: (none)
  Source output name: (none)
  Release Data: Off
  Data Released: False
  Global Release Data: Off
  PipelineMTime: 0
  UpdateMTime: 1407
  RealTimeStamp: 0 seconds 
  LargestPossibleRegion: 
    Dimension: 3
    Index: [0, 0, 0]
    Size: [193, 229, 193]
  BufferedRegion: 
    Dimension: 3
    Index: [0, 0, 0]
    Size: [193, 229, 193]
  RequestedRegion: 
    Dimension: 3
    Index: [0, 0, 0]
    Size: [193, 229, 193]
  Spacing: [1, 1, 1]
  Origin: [96, 132, -78]
  Direction: 
-1 0 0
0 -1 0
0 0 1

  IndexToPointMatrix: 
-1 0 0
0 -1 0
0 0 1

  PointToIndexMatrix: 
-1 0 0
0 -1 0
0 0 1

  Inverse Direction: 
-1 0 0
0 -1 0
0 0 1

  PixelContainer: 
    ImportImageContainer (0x50a76d0)
      RTTI typeinfo:   itk::ImportImageContainer<unsigned long, double>
      Reference Count: 1
      Modified Time: 1404
      Debug: Off
      Object Name: 
      Observers: 
        none
      Pointer: 0x7f0b77259010
      Container manages memory: true
      Size: 8530021
      Capacity: 8530021

     Moving image = Image (0x503ad60)
  RTTI typeinfo:   itk::Image<double, 3u>
  Reference Count: 2
  Modified Time: 1623
  Debug: Off
  Object Name: 
  Observers: 
    none
  Source: (none)
  Source output name: (none)
  Release Data: Off
  Data Released: False
  Global Release Data: Off
  PipelineMTime: 0
  UpdateMTime: 1620
  RealTimeStamp: 0 seconds 
  LargestPossibleRegion: 
    Dimension: 3
    Index: [0, 0, 0]
    Size: [193, 229, 193]
  BufferedRegion: 
    Dimension: 3
    Index: [0, 0, 0]
    Size: [193, 229, 193]
  RequestedRegion: 
    Dimension: 3
    Index: [0, 0, 0]
    Size: [193, 229, 193]
  Spacing: [1, 1, 1]
  Origin: [96, 132, -78]
  Direction: 
-1 0 0
0 -1 0
0 0 1

  IndexToPointMatrix: 
-1 0 0
0 -1 0
0 0 1

  PointToIndexMatrix: 
-1 0 0
0 -1 0
0 0 1

  Inverse Direction: 
-1 0 0
0 -1 0
0 0 1

  PixelContainer: 
    ImportImageContainer (0x51077d0)
      RTTI typeinfo:   itk::ImportImageContainer<unsigned long, double>
      Reference Count: 1
      Modified Time: 1617
      Debug: Off
      Object Name: 
      Observers: 
        none
      Pointer: 0x7f0b73144010
      Container manages memory: true
      Size: 8530021
      Capacity: 8530021

     Weighting = 1
     Sampling strategy = none
     Number of bins = 32
     Radius = 4
     Sampling percentage  = 1
   Transform = SyN
     Gradient step = 0.1
     Update field sigma (voxel space) = 3
     Total field sigma (voxel space) = 0
     Update field time sigma = 0
     Total field time sigma  = 0
     Number of time indices = 0
     Number of time point samples = 0
Registration using 1 total stages.

Stage 0
  iterations = 100x70x50x20
  convergence threshold = 1e-06
  convergence window size = 10
  number of levels = 4
  using the CC metric (radius = 4, weight = 1, use gradient filter = 0)
  preprocessing:  winsorizing the image intensities
  Shrink factors (level 1 out of 4): [8, 8, 8]
  Shrink factors (level 2 out of 4): [4, 4, 4]
  Shrink factors (level 3 out of 4): [2, 2, 2]
  Shrink factors (level 4 out of 4): [1, 1, 1]
  smoothing sigmas per level: [3, 2, 1, 0]
  Using default NONE metricSamplingStrategy 

*** Running SyN registration (varianceForUpdateField = 3, varianceForTotalField = 0) ***

XXDIAGNOSTIC,Iteration,metricValue,convergenceValue,ITERATION_TIME_INDEX,SINCE_LAST
 1DIAGNOSTIC,     1, -8.557117581367e-01, 1.797693134862e+308, 0.0000e+00, 0.0000e+00, 
 1DIAGNOSTIC,     2, -8.735433816910e-01, 1.797693134862e+308, 0.0000e+00, 0.0000e+00, 
 1DIAGNOSTIC,     3, -8.902732133865e-01, 1.797693134862e+308, 0.0000e+00, 0.0000e+00, 
 1DIAGNOSTIC,     4, -9.007670879364e-01, 1.797693134862e+308, 1.2800e+02, 1.2800e+02, 
 1DIAGNOSTIC,     5, -9.091103076935e-01, 1.797693134862e+308, 1.2800e+02, 0.0000e+00, 
 1DIAGNOSTIC,     6, -9.145519137383e-01, 1.797693134862e+308, 1.2800e+02, 0.0000e+00, 
 1DIAGNOSTIC,     7, -9.184414148331e-01, 1.797693134862e+308, 1.2800e+02, 0.0000e+00, 
 1DIAGNOSTIC,     8, -9.214773178101e-01, 1.797693134862e+308, 1.2800e+02, 0.0000e+00, 
 1DIAGNOSTIC,     9, -9.236690998077e-01, 1.797693134862e+308, 1.2800e+02, 0.0000e+00, 
 1DIAGNOSTIC,    10, -9.254305362701e-01, 4.551827907562e-03, 1.2800e+02, 0.0000e+00, 
 1DIAGNOSTIC,    11, -9.267144203186e-01, 3.038585186005e-03, 1.2800e+02, 0.0000e+00, 
 1DIAGNOSTIC,    12, -9.278440475464e-01, 1.998469233513e-03, 2.5600e+02, 1.2800e+02, 
 1DIAGNOSTIC,    13, -9.287590980530e-01, 1.361973583698e-03, 2.5600e+02, 0.0000e+00, 
 1DIAGNOSTIC,    14, -9.295322895050e-01, 9.426400065422e-04, 2.5600e+02, 0.0000e+00, 
 1DIAGNOSTIC,    15, -9.302349090576e-01, 6.805807352066e-04, 2.5600e+02, 0.0000e+00, 
 1DIAGNOSTIC,    16, -9.307996034622e-01, 5.053058266640e-04, 2.5600e+02, 0.0000e+00, 
 1DIAGNOSTIC,    17, -9.313403964043e-01, 3.847703337669e-04, 2.5600e+02, 0.0000e+00, 
 1DIAGNOSTIC,    18, -9.317642450333e-01, 3.015398979187e-04, 2.5600e+02, 0.0000e+00, 
 1DIAGNOSTIC,    19, -9.321405887604e-01, 2.408884465694e-04, 3.8400e+02, 1.2800e+02, 
 1DIAGNOSTIC,    20, -9.324693679810e-01, 1.962445676327e-04, 3.8400e+02, 0.0000e+00, 
 1DIAGNOSTIC,    21, -9.327591657639e-01, 1.607090234756e-04, 3.8400e+02, 0.0000e+00, 
 1DIAGNOSTIC,    22, -9.330219030380e-01, 1.329667866230e-04, 3.8400e+02, 0.0000e+00, 
 1DIAGNOSTIC,    23, -9.332554340363e-01, 1.106336712837e-04, 3.8400e+02, 0.0000e+00, 
 1DIAGNOSTIC,    24, -9.334693551064e-01, 9.252130985260e-05, 3.8400e+02, 0.0000e+00, 
 1DIAGNOSTIC,    25, -9.336585998535e-01, 7.820874452591e-05, 3.8400e+02, 0.0000e+00, 
 1DIAGNOSTIC,    26, -9.338353872299e-01, 6.647035479546e-05, 5.1200e+02, 1.2800e+02, 
 1DIAGNOSTIC,    27, -9.339976310730e-01, 5.741417407990e-05, 5.1200e+02, 0.0000e+00, 
 1DIAGNOSTIC,    28, -9.341184496880e-01, 4.963204264641e-05, 5.1200e+02, 0.0000e+00, 
 1DIAGNOSTIC,    29, -9.342542886734e-01, 4.320591688156e-05, 5.1200e+02, 0.0000e+00, 
 1DIAGNOSTIC,    30, -9.343796968460e-01, 3.783404827118e-05, 5.1200e+02, 0.0000e+00, 
 1DIAGNOSTIC,    31, -9.344497323036e-01, 3.285706043243e-05, 5.1200e+02, 0.0000e+00, 
 1DIAGNOSTIC,    32, -9.345620870590e-01, 2.875924110413e-05, 5.1200e+02, 0.0000e+00, 
 1DIAGNOSTIC,    33, -9.346569180489e-01, 2.530962228775e-05, 5.1200e+02, 0.0000e+00, 
 1DIAGNOSTIC,    34, -9.347502589226e-01, 2.249330282211e-05, 6.4000e+02, 1.2800e+02, 
 1DIAGNOSTIC,    35, -9.348365664482e-01, 2.017617225647e-05, 6.4000e+02, 0.0000e+00, 
 1DIAGNOSTIC,    36, -9.349144101143e-01, 1.831538975239e-05, 6.4000e+02, 0.0000e+00, 
 1DIAGNOSTIC,    37, -9.349859952927e-01, 1.682527363300e-05, 6.4000e+02, 0.0000e+00, 
 1DIAGNOSTIC,    38, -9.350869655609e-01, 1.565925776958e-05, 6.4000e+02, 0.0000e+00, 
 1DIAGNOSTIC,    39, -9.351489543915e-01, 1.466833055019e-05, 6.4000e+02, 0.0000e+00, 
 1DIAGNOSTIC,    40, -9.352099895477e-01, 1.383759081364e-05, 6.4000e+02, 0.0000e+00, 
 1DIAGNOSTIC,    41, -9.352647066116e-01, 1.272186636925e-05, 7.6800e+02, 1.2800e+02, 
 1DIAGNOSTIC,    42, -9.353141188622e-01, 1.168996095657e-05, 7.6800e+02, 0.0000e+00, 
 1DIAGNOSTIC,    43, -9.353610277176e-01, 1.065246760845e-05, 7.6800e+02, 0.0000e+00, 
 1DIAGNOSTIC,    44, -9.354026317596e-01, 9.652227163315e-06, 7.6800e+02, 0.0000e+00, 
 1DIAGNOSTIC,    45, -9.354460239410e-01, 8.719041943550e-06, 7.6800e+02, 0.0000e+00, 
 1DIAGNOSTIC,    46, -9.354814887047e-01, 7.810071110725e-06, 7.6800e+02, 0.0000e+00, 
 1DIAGNOSTIC,    47, -9.355185031891e-01, 6.943941116333e-06, 7.6800e+02, 0.0000e+00, 
 1DIAGNOSTIC,    48, -9.355517625809e-01, 6.368383765221e-06, 7.6800e+02, 0.0000e+00, 
 1DIAGNOSTIC,    49, -9.355843067169e-01, 5.858018994331e-06, 8.9600e+02, 1.2800e+02, 
 1DIAGNOSTIC,    50, -9.355878233910e-01, 5.256384611130e-06, 8.9600e+02, 0.0000e+00, 
 1DIAGNOSTIC,    51, -9.356145262718e-01, 4.723668098450e-06, 8.9600e+02, 0.0000e+00, 
 1DIAGNOSTIC,    52, -9.356387257576e-01, 4.244968295097e-06, 8.9600e+02, 0.0000e+00, 
 1DIAGNOSTIC,    53, -9.356608986855e-01, 3.825873136520e-06, 8.9600e+02, 0.0000e+00, 
 1DIAGNOSTIC,    54, -9.356827139854e-01, 3.470107913017e-06, 8.9600e+02, 0.0000e+00, 
 1DIAGNOSTIC,    55, -9.357027411461e-01, 3.205612301826e-06, 8.9600e+02, 0.0000e+00, 
 1DIAGNOSTIC,    56, -9.357206821442e-01, 2.983957529068e-06, 1.0240e+03, 1.2800e+02, 
 1DIAGNOSTIC,    57, -9.357368350029e-01, 2.821907401085e-06, 1.0240e+03, 0.0000e+00, 
 1DIAGNOSTIC,    58, -9.357530474663e-01, 2.698972821236e-06, 1.0240e+03, 0.0000e+00, 
 1DIAGNOSTIC,    59, -9.357699155807e-01, 2.635642886162e-06, 1.0240e+03, 0.0000e+00, 
 1DIAGNOSTIC,    60, -9.357830286026e-01, 2.453103661537e-06, 1.0240e+03, 0.0000e+00, 
 1DIAGNOSTIC,    61, -9.357972741127e-01, 2.292916178703e-06, 1.0240e+03, 0.0000e+00, 
 1DIAGNOSTIC,    62, -9.358102083206e-01, 2.153217792511e-06, 1.0240e+03, 0.0000e+00, 
 1DIAGNOSTIC,    63, -9.358226060867e-01, 2.022832632065e-06, 1.0240e+03, 0.0000e+00, 
 1DIAGNOSTIC,    64, -9.358330965042e-01, 1.905485987663e-06, 1.1520e+03, 1.2800e+02, 
 1DIAGNOSTIC,    65, -9.358438253403e-01, 1.797452569008e-06, 1.1520e+03, 0.0000e+00, 
 1DIAGNOSTIC,    66, -9.358540773392e-01, 1.695007085800e-06, 1.1520e+03, 0.0000e+00, 
 1DIAGNOSTIC,    67, -9.358615875244e-01, 1.588836312294e-06, 1.1520e+03, 0.0000e+00, 
 1DIAGNOSTIC,    68, -9.358696937561e-01, 1.484528183937e-06, 1.1520e+03, 0.0000e+00, 
 1DIAGNOSTIC,    69, -9.358770847321e-01, 1.393258571625e-06, 1.1520e+03, 0.0000e+00, 
 1DIAGNOSTIC,    70, -9.358826279640e-01, 1.296401023865e-06, 1.1520e+03, 0.0000e+00, 
 1DIAGNOSTIC,    71, -9.358906745911e-01, 1.213513314724e-06, 1.2800e+03, 1.2800e+02, 
 1DIAGNOSTIC,    72, -9.358984231949e-01, 1.145526766777e-06, 1.2800e+03, 0.0000e+00, 
 1DIAGNOSTIC,    73, -9.359047412872e-01, 1.092441380024e-06, 1.2800e+03, 0.0000e+00, 
 1DIAGNOSTIC,    74, -9.359099864960e-01, 1.041218638420e-06, 1.2800e+03, 0.0000e+00, 
 1DIAGNOSTIC,    75, -9.358956813812e-01, 9.117648005486e-07, 1.2800e+03, 0.0000e+00, 
XXDIAGNOSTIC,Iteration,metricValue,convergenceValue,ITERATION_TIME_INDEX,SINCE_LAST
 1DIAGNOSTIC,     1, -8.420810103416e-01, 1.797693134862e+308, 1.5360e+03, 2.5600e+02, 
 1DIAGNOSTIC,     2, -8.448007702827e-01, 1.797693134862e+308, 1.6640e+03, 1.2800e+02, 
 1DIAGNOSTIC,     3, -8.482937216759e-01, 1.797693134862e+308, 1.7920e+03, 1.2800e+02, 
 1DIAGNOSTIC,     4, -8.515326976776e-01, 1.797693134862e+308, 1.9200e+03, 1.2800e+02, 
 1DIAGNOSTIC,     5, -8.545104861259e-01, 1.797693134862e+308, 2.0480e+03, 1.2800e+02, 
 1DIAGNOSTIC,     6, -8.572935461998e-01, 1.797693134862e+308, 2.1760e+03, 1.2800e+02, 
 1DIAGNOSTIC,     7, -8.599349856377e-01, 1.797693134862e+308, 2.4320e+03, 2.5600e+02, 
 1DIAGNOSTIC,     8, -8.624401688576e-01, 1.797693134862e+308, 2.5600e+03, 1.2800e+02, 
 1DIAGNOSTIC,     9, -8.648552894592e-01, 1.797693134862e+308, 2.6880e+03, 1.2800e+02, 
 1DIAGNOSTIC,    10, -8.671922087669e-01, 1.895457506180e-03, 2.8160e+03, 1.2800e+02, 
 1DIAGNOSTIC,    11, -8.694579601288e-01, 1.651577651501e-03, 2.9440e+03, 1.2800e+02, 
 1DIAGNOSTIC,    12, -8.711788654327e-01, 1.421645283699e-03, 3.2000e+03, 2.5600e+02, 
 1DIAGNOSTIC,    13, -8.726274371147e-01, 1.223787665367e-03, 3.3280e+03, 1.2800e+02, 
 1DIAGNOSTIC,    14, -8.738428354263e-01, 1.047648489475e-03, 3.4560e+03, 1.2800e+02, 
 1DIAGNOSTIC,    15, -8.748933672905e-01, 8.874237537384e-04, 3.5840e+03, 1.2800e+02, 
 1DIAGNOSTIC,    16, -8.757850527763e-01, 7.410570979118e-04, 3.7120e+03, 1.2800e+02, 
 1DIAGNOSTIC,    17, -8.766000270844e-01, 6.103590130806e-04, 3.9680e+03, 2.5600e+02, 
 1DIAGNOSTIC,    18, -8.773426413536e-01, 4.969649016857e-04, 4.0960e+03, 1.2800e+02, 
 1DIAGNOSTIC,    19, -8.780077695847e-01, 4.024542868137e-04, 4.2240e+03, 1.2800e+02, 
 1DIAGNOSTIC,    20, -8.786088228226e-01, 3.278814256191e-04, 4.3520e+03, 1.2800e+02, 
 1DIAGNOSTIC,    21, -8.790926337242e-01, 2.726279199123e-04, 4.4800e+03, 1.2800e+02, 
 1DIAGNOSTIC,    22, -8.797483444214e-01, 2.322345972061e-04, 4.6080e+03, 1.2800e+02, 
 1DIAGNOSTIC,    23, -8.800120353699e-01, 1.978166401386e-04, 4.8640e+03, 2.5600e+02, 
 1DIAGNOSTIC,    24, -8.802767992020e-01, 1.679174602032e-04, 4.9920e+03, 1.2800e+02, 
 1DIAGNOSTIC,    25, -8.805431723595e-01, 1.419074833393e-04, 5.1200e+03, 1.2800e+02, 
 1DIAGNOSTIC,    26, -8.807944059372e-01, 1.188814640045e-04, 5.2480e+03, 1.2800e+02, 
 1DIAGNOSTIC,    27, -8.810554742813e-01, 9.933114051819e-05, 5.3760e+03, 1.2800e+02, 
 1DIAGNOSTIC,    28, -8.814030885696e-01, 8.453801274300e-05, 5.6320e+03, 2.5600e+02, 
 1DIAGNOSTIC,    29, -8.817680478096e-01, 7.439777255058e-05, 5.7600e+03, 1.2800e+02, 
 1DIAGNOSTIC,    30, -8.819976449013e-01, 6.695091724396e-05, 5.8880e+03, 1.2800e+02, 
 1DIAGNOSTIC,    31, -8.822638988495e-01, 6.149709224701e-05, 6.0160e+03, 1.2800e+02, 
 1DIAGNOSTIC,    32, -8.825861215591e-01, 6.058439612389e-05, 6.1440e+03, 1.2800e+02, 
 1DIAGNOSTIC,    33, -8.827812075615e-01, 5.850940942764e-05, 6.2720e+03, 1.2800e+02, 
 1DIAGNOSTIC,    34, -8.829831480980e-01, 5.550682544708e-05, 6.5280e+03, 2.5600e+02, 
 1DIAGNOSTIC,    35, -8.831897974014e-01, 5.188211798668e-05, 6.6560e+03, 1.2800e+02, 
 1DIAGNOSTIC,    36, -8.833130598068e-01, 4.696473479271e-05, 6.7840e+03, 1.2800e+02, 
 1DIAGNOSTIC,    37, -8.834929466248e-01, 4.174932837486e-05, 6.9120e+03, 1.2800e+02, 
 1DIAGNOSTIC,    38, -8.836356997490e-01, 3.704801201820e-05, 7.0400e+03, 1.2800e+02, 
 1DIAGNOSTIC,    39, -8.837385177612e-01, 3.302656114101e-05, 7.1680e+03, 1.2800e+02, 
 1DIAGNOSTIC,    40, -8.838945627213e-01, 2.924166619778e-05, 7.4240e+03, 2.5600e+02, 
 1DIAGNOSTIC,    41, -8.840556144714e-01, 2.625025808811e-05, 7.5520e+03, 1.2800e+02, 
 1DIAGNOSTIC,    42, -8.841502070427e-01, 2.417154610157e-05, 7.6800e+03, 1.2800e+02, 
 1DIAGNOSTIC,    43, -8.842886686325e-01, 2.245046198368e-05, 7.8080e+03, 1.2800e+02, 
 1DIAGNOSTIC,    44, -8.844133019447e-01, 2.110935747623e-05, 7.9360e+03, 1.2800e+02, 
 1DIAGNOSTIC,    45, -8.845452070236e-01, 2.030655741692e-05, 8.1920e+03, 2.5600e+02, 
 1DIAGNOSTIC,    46, -8.846466541290e-01, 1.920945942402e-05, 8.3200e+03, 1.2800e+02, 
 1DIAGNOSTIC,    47, -8.847618103027e-01, 1.841783523560e-05, 8.4480e+03, 1.2800e+02, 
 1DIAGNOSTIC,    48, -8.848603367805e-01, 1.757591962814e-05, 8.5760e+03, 1.2800e+02, 
 1DIAGNOSTIC,    49, -8.849627971649e-01, 1.648999750614e-05, 8.7040e+03, 1.2800e+02, 
 1DIAGNOSTIC,    50, -8.850585222244e-01, 1.553259789944e-05, 8.8320e+03, 1.2800e+02, 
 1DIAGNOSTIC,    51, -8.851231336594e-01, 1.461058855057e-05, 9.0880e+03, 2.5600e+02, 
 1DIAGNOSTIC,    52, -8.852225542068e-01, 1.358613371849e-05, 9.2160e+03, 1.2800e+02, 
 1DIAGNOSTIC,    53, -8.852864503860e-01, 1.257099211216e-05, 9.3440e+03, 1.2800e+02, 
 1DIAGNOSTIC,    54, -8.853540420532e-01, 1.158006489277e-05, 9.4720e+03, 1.2800e+02, 
 1DIAGNOSTIC,    55, -8.854568600655e-01, 1.095235347748e-05, 9.6000e+03, 1.2800e+02, 
 1DIAGNOSTIC,    56, -8.855125904083e-01, 1.023709774017e-05, 9.8560e+03, 2.5600e+02, 
 1DIAGNOSTIC,    57, -8.855767846107e-01, 9.628012776375e-06, 9.9840e+03, 1.2800e+02, 
 1DIAGNOSTIC,    58, -8.856079578400e-01, 8.892267942429e-06, 1.0112e+04, 1.2800e+02, 
 1DIAGNOSTIC,    59, -8.856642246246e-01, 8.232891559601e-06, 1.0240e+04, 1.2800e+02, 
 1DIAGNOSTIC,    60, -8.857085108757e-01, 7.608905434608e-06, 1.0368e+04, 1.2800e+02, 
 1DIAGNOSTIC,    61, -8.857612013817e-01, 6.929039955139e-06, 1.0496e+04, 1.2800e+02, 
 1DIAGNOSTIC,    62, -8.858449459076e-01, 6.610527634621e-06, 1.0752e+04, 2.5600e+02, 
 1DIAGNOSTIC,    63, -8.858820199966e-01, 6.226822733879e-06, 1.0880e+04, 1.2800e+02, 
 1DIAGNOSTIC,    64, -8.859307765961e-01, 5.882233381271e-06, 1.1008e+04, 1.2800e+02, 
 1DIAGNOSTIC,    65, -8.859422802925e-01, 5.593523383141e-06, 1.1136e+04, 1.2800e+02, 
 1DIAGNOSTIC,    66, -8.859584331512e-01, 5.172565579414e-06, 1.1264e+04, 1.2800e+02, 
 1DIAGNOSTIC,    67, -8.859964013100e-01, 4.801899194717e-06, 1.1520e+04, 2.5600e+02, 
 1DIAGNOSTIC,    68, -8.859879970551e-01, 4.122033715248e-06, 1.1648e+04, 1.2800e+02, 
 1DIAGNOSTIC,    69, -8.859581351280e-01, 3.240071237087e-06, 1.1776e+04, 1.2800e+02, 
 1DIAGNOSTIC,    70, -8.859364390373e-01, 2.223066985607e-06, 1.1904e+04, 1.2800e+02, 
XXDIAGNOSTIC,Iteration,metricValue,convergenceValue,ITERATION_TIME_INDEX,SINCE_LAST
 1DIAGNOSTIC,     1, -8.382394909859e-01, 1.797693134862e+308, 1.3184e+04, 1.2800e+03, 
 1DIAGNOSTIC,     2, -8.414178490639e-01, 1.797693134862e+308, 1.4464e+04, 1.2800e+03, 
 1DIAGNOSTIC,     3, -8.446167707443e-01, 1.797693134862e+308, 1.5744e+04, 1.2800e+03, 
 1DIAGNOSTIC,     4, -8.476309180260e-01, 1.797693134862e+308, 1.7024e+04, 1.2800e+03, 
 1DIAGNOSTIC,     5, -8.502516746521e-01, 1.797693134862e+308, 1.8176e+04, 1.1520e+03, 
 1DIAGNOSTIC,     6, -8.527700901031e-01, 1.797693134862e+308, 1.9456e+04, 1.2800e+03, 
 1DIAGNOSTIC,     7, -8.549629449844e-01, 1.797693134862e+308, 2.0736e+04, 1.2800e+03, 
 1DIAGNOSTIC,     8, -8.570273518562e-01, 1.797693134862e+308, 2.2016e+04, 1.2800e+03, 
 1DIAGNOSTIC,     9, -8.590157032013e-01, 1.797693134862e+308, 2.3168e+04, 1.1520e+03, 
 1DIAGNOSTIC,    10, -8.609629273415e-01, 1.695357263088e-03, 2.4448e+04, 1.2800e+03, 
 1DIAGNOSTIC,    11, -8.627858161926e-01, 1.433603465557e-03, 2.5728e+04, 1.2800e+03, 
 1DIAGNOSTIC,    12, -8.644689917564e-01, 1.220926642418e-03, 2.7008e+04, 1.2800e+03, 
 1DIAGNOSTIC,    13, -8.659943342209e-01, 1.050837337971e-03, 2.8288e+04, 1.2800e+03, 
 1DIAGNOSTIC,    14, -8.673596382141e-01, 9.129121899605e-04, 2.9440e+04, 1.1520e+03, 
 1DIAGNOSTIC,    15, -8.684155941010e-01, 7.907822728157e-04, 3.0720e+04, 1.2800e+03, 
 1DIAGNOSTIC,    16, -8.693492412567e-01, 6.826072931290e-04, 3.2000e+04, 1.2800e+03, 
 1DIAGNOSTIC,    17, -8.702094554901e-01, 5.835443735123e-04, 3.3280e+04, 1.2800e+03, 
 1DIAGNOSTIC,    18, -8.709906339645e-01, 4.935935139656e-04, 3.4560e+04, 1.2800e+03, 
 1DIAGNOSTIC,    19, -8.717238903046e-01, 4.144683480263e-04, 3.5840e+04, 1.2800e+03, 
 1DIAGNOSTIC,    20, -8.724212646484e-01, 3.482326865196e-04, 3.6992e+04, 1.1520e+03, 
 1DIAGNOSTIC,    21, -8.730825781822e-01, 2.947635948658e-04, 3.8272e+04, 1.2800e+03, 
 1DIAGNOSTIC,    22, -8.737052083015e-01, 2.530030906200e-04, 3.9552e+04, 1.2800e+03, 
 1DIAGNOSTIC,    23, -8.743326067924e-01, 2.218708395958e-04, 4.0832e+04, 1.2800e+03, 
 1DIAGNOSTIC,    24, -8.749302029610e-01, 1.993812620640e-04, 4.2112e+04, 1.2800e+03, 
 1DIAGNOSTIC,    25, -8.755273818970e-01, 1.816451549530e-04, 4.3392e+04, 1.2800e+03, 
 1DIAGNOSTIC,    26, -8.761168122292e-01, 1.673810184002e-04, 4.4544e+04, 1.1520e+03, 
 1DIAGNOSTIC,    27, -8.767335414886e-01, 1.563429832458e-04, 4.5824e+04, 1.2800e+03, 
 1DIAGNOSTIC,    28, -8.773387074471e-01, 1.475475728512e-04, 4.7104e+04, 1.2800e+03, 
 1DIAGNOSTIC,    29, -8.779158592224e-01, 1.402199268341e-04, 4.8384e+04, 1.2800e+03, 
 1DIAGNOSTIC,    30, -8.784770965576e-01, 1.338534057140e-04, 4.9664e+04, 1.2800e+03, 
 1DIAGNOSTIC,    31, -8.790109157562e-01, 1.278445124626e-04, 5.0816e+04, 1.1520e+03, 
 1DIAGNOSTIC,    32, -8.795098066330e-01, 1.215673983097e-04, 5.2096e+04, 1.2800e+03, 
 1DIAGNOSTIC,    33, -8.799920082092e-01, 1.151338219643e-04, 5.3376e+04, 1.2800e+03, 
 1DIAGNOSTIC,    34, -8.804518580437e-01, 1.083202660084e-04, 5.4656e+04, 1.2800e+03, 
 1DIAGNOSTIC,    35, -8.808858394623e-01, 1.012422144413e-04, 5.5936e+04, 1.2800e+03, 
 1DIAGNOSTIC,    36, -8.812898397446e-01, 9.395368397236e-05, 5.7216e+04, 1.2800e+03, 
 1DIAGNOSTIC,    37, -8.816590309143e-01, 8.682347834110e-05, 5.8368e+04, 1.1520e+03, 
 1DIAGNOSTIC,    38, -8.819732069969e-01, 7.971748709679e-05, 5.9648e+04, 1.2800e+03, 
 1DIAGNOSTIC,    39, -8.822684288025e-01, 7.269158959389e-05, 6.0928e+04, 1.2800e+03, 
 1DIAGNOSTIC,    40, -8.825451135635e-01, 6.593763828278e-05, 6.2208e+04, 1.2800e+03, 
 1DIAGNOSTIC,    41, -8.828153014183e-01, 5.963444709778e-05, 6.3488e+04, 1.2800e+03, 
 1DIAGNOSTIC,    42, -8.829858899117e-01, 5.315616726875e-05, 6.4640e+04, 1.1520e+03, 
 1DIAGNOSTIC,    43, -8.831291198730e-01, 4.667602479458e-05, 6.5920e+04, 1.2800e+03, 
 1DIAGNOSTIC,    44, -8.832376003265e-01, 4.028528928757e-05, 6.7200e+04, 1.2800e+03, 
 1DIAGNOSTIC,    45, -8.833585977554e-01, 3.437325358391e-05, 6.8480e+04, 1.2800e+03, 
 1DIAGNOSTIC,    46, -8.834679126740e-01, 2.908147871494e-05, 6.9760e+04, 1.2800e+03, 
 1DIAGNOSTIC,    47, -8.835730552673e-01, 2.456270158291e-05, 7.1040e+04, 1.2800e+03, 
 1DIAGNOSTIC,    48, -8.836869001389e-01, 2.083368599415e-05, 7.2192e+04, 1.1520e+03, 
 1DIAGNOSTIC,    49, -8.837883472443e-01, 1.792609691620e-05, 7.3472e+04, 1.2800e+03, 
 1DIAGNOSTIC,    50, -8.838624954224e-01, 1.573562622070e-05, 7.4752e+04, 1.2800e+03, 
XXDIAGNOSTIC,Iteration,metricValue,convergenceValue,ITERATION_TIME_INDEX,SINCE_LAST
 1DIAGNOSTIC,     1, -8.599093556404e-01, 1.797693134862e+308, 8.5248e+04, 1.0496e+04, 
 1DIAGNOSTIC,     2, -8.616330623627e-01, 1.797693134862e+308, 9.5488e+04, 1.0240e+04, 
 1DIAGNOSTIC,     3, -8.635981082916e-01, 1.797693134862e+308, 1.0560e+05, 1.0112e+04, 
 1DIAGNOSTIC,     4, -8.655580282211e-01, 1.797693134862e+308, 1.1584e+05, 1.0240e+04, 
 1DIAGNOSTIC,     5, -8.674421310425e-01, 1.797693134862e+308, 1.2608e+05, 1.0240e+04, 
 1DIAGNOSTIC,     6, -8.691459298134e-01, 1.797693134862e+308, 1.3632e+05, 1.0240e+04, 
 1DIAGNOSTIC,     7, -8.706325292587e-01, 1.797693134862e+308, 1.4656e+05, 1.0240e+04, 
 1DIAGNOSTIC,     8, -8.719805479050e-01, 1.797693134862e+308, 1.5680e+05, 1.0240e+04, 
 1DIAGNOSTIC,     9, -8.731114864349e-01, 1.797693134862e+308, 1.6704e+05, 1.0240e+04, 
 1DIAGNOSTIC,    10, -8.742960691452e-01, 1.082412898540e-03, 1.7741e+05, 1.0368e+04, 
 1DIAGNOSTIC,    11, -8.753966093063e-01, 9.185597300529e-04, 1.8765e+05, 1.0240e+04, 
 1DIAGNOSTIC,    12, -8.763691782951e-01, 7.725879549980e-04, 1.9789e+05, 1.0240e+04, 
 1DIAGNOSTIC,    13, -8.773590326309e-01, 6.531476974487e-04, 2.0813e+05, 1.0240e+04, 
 1DIAGNOSTIC,    14, -8.781994581223e-01, 5.562677979469e-04, 2.1850e+05, 1.0368e+04, 
 1DIAGNOSTIC,    15, -8.790071010590e-01, 4.796832799911e-04, 2.2874e+05, 1.0240e+04, 
 1DIAGNOSTIC,    16, -8.797708749771e-01, 4.186257719994e-04, 2.3898e+05, 1.0240e+04, 
 1DIAGNOSTIC,    17, -8.805111646652e-01, 3.686062991619e-04, 2.4934e+05, 1.0368e+04, 
 1DIAGNOSTIC,    18, -8.811959624290e-01, 3.267191350460e-04, 2.5958e+05, 1.0240e+04, 
 1DIAGNOSTIC,    19, -8.818709254265e-01, 2.896934747696e-04, 2.6982e+05, 1.0240e+04, 
 1DIAGNOSTIC,    20, -8.824965357780e-01, 2.587512135506e-04, 2.7866e+05, 8.8320e+03, 
  Elapsed time (stage 0): 278656


Total elapsed time: 278656
-i /mnt/lustre/mathdugre/fast-interpolate/datasets/ds004513/derivatives/flint/ants/flint-vprec-single/sub-s028/ses-open/anat/11/1_Affine.nii.gz -o /mnt/lustre/mathdugre/fast-interpolate/datasets/ds004513/derivatives/flint/ants/flint-vprec-single/sub-s028/ses-open/anat/111/1_transformed.nii.gz -t /mnt/lustre/mathdugre/fast-interpolate/datasets/ds004513/derivatives/flint/ants/flint-vprec-single/sub-s028/ses-open/anat/111/1_1Warp.nii.gz -t /mnt/lustre/mathdugre/fast-interpolate/datasets/ds004513/derivatives/flint/ants/flint-vprec-single/sub-s028/ses-open/anat/111/1_0GenericAffine.mat
