---------------------
Experiment information

SIF_IMG: /mnt/lustre/mathdugre/containers/ants-flint-base.simg
SIF_IMG_BASE: /mnt/lustre/mathdugre/containers/ants-flint-base.simg
EXPERIMENT_NAME: flint-vprec-single-five-levels
STAGE: affine
SUBJECT_ID: s026
REPETITION_ID: 1

FIXED_IMG: /templateflow/tpl-MNI152NLin2009cAsym/tpl-MNI152NLin2009cAsym_res-01_desc-brain_T1w.nii.gz
INPUT_IMG: /mnt/lustre/mathdugre/fast-interpolate/datasets/ds004513/derivatives/flint/ants/flint-vprec-single-five-levels/sub-s026/ses-open/anat/1/1_Rigid.nii.gz

DATA_DIR: /mnt/lustre/mathdugre/fast-interpolate/datasets/ds004513
OUTPUT_DIR: /mnt/lustre/mathdugre/fast-interpolate/datasets/ds004513/derivatives/flint/ants/flint-vprec-single-five-levels/sub-s026/ses-open/anat
OUTPUT_PREFIX: 10
THREAD: 1
FLOAT: 0
VFC_BACKENDS: ieee
---------------------

--output [/mnt/lustre/mathdugre/fast-interpolate/datasets/ds004513/derivatives/flint/ants/flint-vprec-single-five-levels/sub-s026/ses-open/anat/10/1_,/mnt/lustre/mathdugre/fast-interpolate/datasets/ds004513/derivatives/flint/ants/flint-vprec-single-five-levels/sub-s026/ses-open/anat/10/1_Affine.nii.gz,/mnt/lustre/mathdugre/fast-interpolate/datasets/ds004513/derivatives/flint/ants/flint-vprec-single-five-levels/sub-s026/ses-open/anat/10/1_InverseAffine.nii.gz] --initial-moving-transform [/templateflow/tpl-MNI152NLin2009cAsym/tpl-MNI152NLin2009cAsym_res-01_desc-brain_T1w.nii.gz,/mnt/lustre/mathdugre/fast-interpolate/datasets/ds004513/derivatives/flint/ants/flint-vprec-single-five-levels/sub-s026/ses-open/anat/1/1_Rigid.nii.gz,1] --transform Affine[0.1] --metric MI[/templateflow/tpl-MNI152NLin2009cAsym/tpl-MNI152NLin2009cAsym_res-01_desc-brain_T1w.nii.gz,/mnt/lustre/mathdugre/fast-interpolate/datasets/ds004513/derivatives/flint/ants/flint-vprec-single-five-levels/sub-s026/ses-open/anat/1/1_Rigid.nii.gz,1,32,Regular,0.25] --convergence [1000x1000x500x250x100,1e-6,10] --shrink-factors 16x8x4x2x1 --smoothing-sigmas 4x3x2x1x0vox
All_Command_lines_OK
Using double precision for computations.
=============================================================================
The composite transform comprises the following transforms (in order): 
  1. Center of mass alignment using fixed image: /templateflow/tpl-MNI152NLin2009cAsym/tpl-MNI152NLin2009cAsym_res-01_desc-brain_T1w.nii.gz and moving image: /mnt/lustre/mathdugre/fast-interpolate/datasets/ds004513/derivatives/flint/ants/flint-vprec-single-five-levels/sub-s026/ses-open/anat/1/1_Rigid.nii.gz (type = Euler3DTransform)
=============================================================================
  number of levels = 5
  fixed image: /templateflow/tpl-MNI152NLin2009cAsym/tpl-MNI152NLin2009cAsym_res-01_desc-brain_T1w.nii.gz
  moving image: /mnt/lustre/mathdugre/fast-interpolate/datasets/ds004513/derivatives/flint/ants/flint-vprec-single-five-levels/sub-s026/ses-open/anat/1/1_Rigid.nii.gz
Dimension = 3
Number of stages = 1
Use histogram matching = false
Winsorize image intensities = true
  Lower quantile = 0.005
  Upper quantile = 0.995


Stage 1 State
   Image metric = MattesMI
     Fixed image = Image (0x55d02982c190)
  RTTI typeinfo:   itk::Image<double, 3u>
  Reference Count: 2
  Modified Time: 1622
  Debug: Off
  Object Name: 
  Observers: 
    none
  Source: (none)
  Source output name: (none)
  Release Data: Off
  Data Released: False
  Global Release Data: Off
  PipelineMTime: 0
  UpdateMTime: 1407
  RealTimeStamp: 0 seconds 
  LargestPossibleRegion: 
    Dimension: 3
    Index: [0, 0, 0]
    Size: [193, 229, 193]
  BufferedRegion: 
    Dimension: 3
    Index: [0, 0, 0]
    Size: [193, 229, 193]
  RequestedRegion: 
    Dimension: 3
    Index: [0, 0, 0]
    Size: [193, 229, 193]
  Spacing: [1, 1, 1]
  Origin: [96, 132, -78]
  Direction: 
-1 0 0
0 -1 0
0 0 1

  IndexToPointMatrix: 
-1 0 0
0 -1 0
0 0 1

  PointToIndexMatrix: 
-1 0 0
0 -1 0
0 0 1

  Inverse Direction: 
-1 0 0
0 -1 0
0 0 1

  PixelContainer: 
    ImportImageContainer (0x55d029898010)
      RTTI typeinfo:   itk::ImportImageContainer<unsigned long, double>
      Reference Count: 1
      Modified Time: 1404
      Debug: Off
      Object Name: 
      Observers: 
        none
      Pointer: 0x7f7d1d49b010
      Container manages memory: true
      Size: 8530021
      Capacity: 8530021

     Moving image = Image (0x55d029833120)
  RTTI typeinfo:   itk::Image<double, 3u>
  Reference Count: 2
  Modified Time: 1623
  Debug: Off
  Object Name: 
  Observers: 
    none
  Source: (none)
  Source output name: (none)
  Release Data: Off
  Data Released: False
  Global Release Data: Off
  PipelineMTime: 0
  UpdateMTime: 1620
  RealTimeStamp: 0 seconds 
  LargestPossibleRegion: 
    Dimension: 3
    Index: [0, 0, 0]
    Size: [193, 229, 193]
  BufferedRegion: 
    Dimension: 3
    Index: [0, 0, 0]
    Size: [193, 229, 193]
  RequestedRegion: 
    Dimension: 3
    Index: [0, 0, 0]
    Size: [193, 229, 193]
  Spacing: [1, 1, 1]
  Origin: [96, 132, -78]
  Direction: 
-1 0 0
0 -1 0
0 0 1

  IndexToPointMatrix: 
-1 0 0
0 -1 0
0 0 1

  PointToIndexMatrix: 
-1 0 0
0 -1 0
0 0 1

  Inverse Direction: 
-1 0 0
0 -1 0
0 0 1

  PixelContainer: 
    ImportImageContainer (0x55d0298fa4d0)
      RTTI typeinfo:   itk::ImportImageContainer<unsigned long, double>
      Reference Count: 1
      Modified Time: 1617
      Debug: Off
      Object Name: 
      Observers: 
        none
      Pointer: 0x7f7d19386010
      Container manages memory: true
      Size: 8530021
      Capacity: 8530021

     Weighting = 1
     Sampling strategy = regular
     Number of bins = 32
     Radius = 4
     Sampling percentage  = 0.25
   Transform = Affine
     Gradient step = 0.1
     Update field sigma (voxel space) = 0
     Total field sigma (voxel space) = 0
     Update field time sigma = 0
     Total field time sigma  = 0
     Number of time indices = 0
     Number of time point samples = 0
Registration using 1 total stages.

Stage 0
  iterations = 1000x1000x500x250x100
  convergence threshold = 1e-06
  convergence window size = 10
  number of levels = 5
  using the Mattes MI metric (number of bins = 32, weight = 1, use gradient filter = 0)
  preprocessing:  winsorizing the image intensities
  Shrink factors (level 1 out of 5): [16, 16, 16]
  Shrink factors (level 2 out of 5): [8, 8, 8]
  Shrink factors (level 3 out of 5): [4, 4, 4]
  Shrink factors (level 4 out of 5): [2, 2, 2]
  Shrink factors (level 5 out of 5): [1, 1, 1]
  smoothing sigmas per level: [4, 3, 2, 1, 0]
  regular sampling (percentage = 0.25)

*** Running AffineTransform registration ***

DIAGNOSTIC,Iteration,metricValue,convergenceValue,ITERATION_TIME_INDEX,SINCE_LAST
 2DIAGNOSTIC,     1, -7.684278214808e-01, 1.797693134862e+308, 1.4483e+00, 1.4483e+00, 
 2DIAGNOSTIC,     2, -7.710172495606e-01, 1.797693134862e+308, 1.4496e+00, 1.3199e-03, 
 2DIAGNOSTIC,     3, -7.747213642451e-01, 1.797693134862e+308, 1.4508e+00, 1.2319e-03, 
 2DIAGNOSTIC,     4, -7.798804462253e-01, 1.797693134862e+308, 1.4521e+00, 1.2341e-03, 
 2DIAGNOSTIC,     5, -7.872540352283e-01, 1.797693134862e+308, 1.4533e+00, 1.2491e-03, 
 2DIAGNOSTIC,     6, -8.045530428557e-01, 1.797693134862e+308, 1.4546e+00, 1.3020e-03, 
 2DIAGNOSTIC,     7, -8.415848308987e-01, 1.797693134862e+308, 1.4563e+00, 1.6499e-03, 
 2DIAGNOSTIC,     8, -9.530960325612e-01, 1.797693134862e+308, 1.4592e+00, 2.9502e-03, 
 2DIAGNOSTIC,     9, -9.535677371795e-01, 1.797693134862e+308, 1.4609e+00, 1.6940e-03, 
 2DIAGNOSTIC,    10, -9.536212214519e-01, 1.699893475458e-02, 1.4635e+00, 2.6171e-03, 
 2DIAGNOSTIC,    11, -9.538968782313e-01, 1.657347638978e-02, 1.4650e+00, 1.4529e-03, 
 2DIAGNOSTIC,    12, -9.543528282975e-01, 1.481110033509e-02, 1.4664e+00, 1.3850e-03, 
 2DIAGNOSTIC,    13, -9.551003450904e-01, 1.208813265598e-02, 1.4677e+00, 1.3659e-03, 
 2DIAGNOSTIC,    14, -9.562855700091e-01, 8.852292850626e-03, 1.4691e+00, 1.3721e-03, 
 2DIAGNOSTIC,    15, -9.581232504101e-01, 5.519680576373e-03, 1.4705e+00, 1.3721e-03, 
 2DIAGNOSTIC,    16, -9.608911847514e-01, 2.544645962684e-03, 1.4719e+00, 1.3778e-03, 
 2DIAGNOSTIC,    17, -9.649087619561e-01, 4.278200884158e-04, 1.4732e+00, 1.3890e-03, 
 2DIAGNOSTIC,    18, -9.723279701494e-01, 6.297677820241e-04, 1.4746e+00, 1.3969e-03, 
 2DIAGNOSTIC,    19, -9.893521086170e-01, 1.039265294531e-03, 1.4761e+00, 1.4451e-03, 
 2DIAGNOSTIC,    20, -1.010610181996e+00, 1.635908737774e-03, 1.4779e+00, 1.8120e-03, 
 2DIAGNOSTIC,    21, -1.036553975028e+00, 2.400348977760e-03, 1.4795e+00, 1.5550e-03, 
 2DIAGNOSTIC,    22, -1.039949342111e+00, 2.913287868817e-03, 1.4808e+00, 1.3919e-03, 
 2DIAGNOSTIC,    23, -1.042302677970e+00, 3.151536242028e-03, 1.4822e+00, 1.4021e-03, 
 2DIAGNOSTIC,    24, -1.045215328556e+00, 3.126372244974e-03, 1.4841e+00, 1.8289e-03, 
 2DIAGNOSTIC,    25, -1.045899398219e+00, 2.836998401228e-03, 1.4856e+00, 1.5221e-03, 
 2DIAGNOSTIC,    26, -1.046645883423e+00, 2.345457030671e-03, 1.4875e+00, 1.9410e-03, 
 2DIAGNOSTIC,    27, -1.046716144785e+00, 1.722798254238e-03, 1.4889e+00, 1.3611e-03, 
 2DIAGNOSTIC,    28, -1.046911322099e+00, 1.071267406240e-03, 1.4903e+00, 1.3549e-03, 
 2DIAGNOSTIC,    29, -1.047049695677e+00, 5.433172955589e-04, 1.4916e+00, 1.3590e-03, 
 2DIAGNOSTIC,    30, -1.047227886899e+00, 2.098945409834e-04, 1.4930e+00, 1.3630e-03, 
 2DIAGNOSTIC,    31, -1.047572003566e+00, 1.328385185871e-04, 1.4943e+00, 1.3571e-03, 
 2DIAGNOSTIC,    32, -1.048230419494e+00, 8.596926002342e-05, 1.4959e+00, 1.5168e-03, 
 2DIAGNOSTIC,    33, -1.048690180128e+00, 5.872600787601e-05, 1.4977e+00, 1.8029e-03, 
 2DIAGNOSTIC,    34, -1.048892076559e+00, 5.472680810146e-05, 1.4990e+00, 1.3640e-03, 
 2DIAGNOSTIC,    35, -1.049009067034e+00, 5.253300062732e-05, 1.5004e+00, 1.3549e-03, 
 2DIAGNOSTIC,    36, -1.049457900404e+00, 5.534481414042e-05, 1.5023e+00, 1.9438e-03, 
 2DIAGNOSTIC,    37, -1.049537036040e+00, 5.382760258942e-05, 1.5037e+00, 1.3592e-03, 
 2DIAGNOSTIC,    38, -1.049554025416e+00, 4.898740401851e-05, 1.5055e+00, 1.7960e-03, 
 2DIAGNOSTIC,    39, -1.049558314625e+00, 4.100001476222e-05, 1.5068e+00, 1.3602e-03, 
 2DIAGNOSTIC,    40, -1.049572722026e+00, 3.104574965677e-05, 1.5082e+00, 1.3590e-03, 
 2DIAGNOSTIC,    41, -1.049608244586e+00, 2.130098250736e-05, 1.5097e+00, 1.5061e-03, 
 2DIAGNOSTIC,    42, -1.049614684414e+00, 1.461307962198e-05, 1.5112e+00, 1.5080e-03, 
 2DIAGNOSTIC,    43, -1.049620959747e+00, 1.010362426012e-05, 1.5127e+00, 1.5059e-03, 
 2DIAGNOSTIC,    44, -1.049625622285e+00, 6.307603778507e-06, 1.5141e+00, 1.3552e-03, 
 2DIAGNOSTIC,    45, -1.049636692813e+00, 2.908735799931e-06, 1.5154e+00, 1.3530e-03, 
 2DIAGNOSTIC,    46, -1.049647902068e+00, 2.330358055112e-06, 1.5168e+00, 1.3649e-03, 
 2DIAGNOSTIC,    47, -1.049657159893e+00, 2.164387742049e-06, 1.5186e+00, 1.7891e-03, 
 2DIAGNOSTIC,    48, -1.049663541144e+00, 2.010996862367e-06, 1.5199e+00, 1.3568e-03, 
 2DIAGNOSTIC,    49, -1.049666158830e+00, 1.780261468565e-06, 1.5213e+00, 1.3549e-03, 
 2DIAGNOSTIC,    50, -1.049668708706e+00, 1.546875027320e-06, 1.5226e+00, 1.3609e-03, 
 2DIAGNOSTIC,    51, -1.049673132094e+00, 1.462922536895e-06, 1.5241e+00, 1.4942e-03, 
 2DIAGNOSTIC,    52, -1.049687609686e+00, 1.419521829117e-06, 1.5256e+00, 1.5049e-03, 
 2DIAGNOSTIC,    53, -1.049699393690e+00, 1.399746382861e-06, 1.5272e+00, 1.5090e-03, 
 2DIAGNOSTIC,    54, -1.049765372181e+00, 1.680178064883e-06, 1.5305e+00, 3.3710e-03, 
 2DIAGNOSTIC,    55, -1.049765372278e+00, 1.897055126345e-06, 1.5319e+00, 1.3580e-03, 
 2DIAGNOSTIC,    56, -1.049765421156e+00, 2.043169681731e-06, 1.5332e+00, 1.3530e-03, 
 2DIAGNOSTIC,    57, -1.049765502621e+00, 2.095177976474e-06, 1.5346e+00, 1.3559e-03, 
 2DIAGNOSTIC,    58, -1.049765637042e+00, 2.030148564921e-06, 1.5360e+00, 1.3571e-03, 
 2DIAGNOSTIC,    59, -1.049765855087e+00, 1.836936768376e-06, 1.5373e+00, 1.3571e-03, 
 2DIAGNOSTIC,    60, -1.049766171124e+00, 1.541918592675e-06, 1.5387e+00, 1.3599e-03, 
 2DIAGNOSTIC,    61, -1.049766290352e+00, 1.187192683293e-06, 1.5400e+00, 1.3511e-03, 
DIAGNOSTIC,Iteration,metricValue,convergenceValue,ITERATION_TIME_INDEX,SINCE_LAST
 2DIAGNOSTIC,     1, -8.378642856822e-01, 1.797693134862e+308, 2.9903e+00, 1.4503e+00, 
 2DIAGNOSTIC,     2, -8.407001825320e-01, 1.797693134862e+308, 3.0023e+00, 1.1927e-02, 
 2DIAGNOSTIC,     3, -8.443842557859e-01, 1.797693134862e+308, 3.0131e+00, 1.0869e-02, 
 2DIAGNOSTIC,     4, -8.478157224509e-01, 1.797693134862e+308, 3.0239e+00, 1.0776e-02, 
 2DIAGNOSTIC,     5, -8.508857759604e-01, 1.797693134862e+308, 3.0347e+00, 1.0770e-02, 
 2DIAGNOSTIC,     6, -8.544868623969e-01, 1.797693134862e+308, 3.0456e+00, 1.0937e-02, 
 2DIAGNOSTIC,     7, -8.575837603271e-01, 1.797693134862e+308, 3.0565e+00, 1.0925e-02, 
 2DIAGNOSTIC,     8, -8.597292892027e-01, 1.797693134862e+308, 3.0713e+00, 1.4793e-02, 
 2DIAGNOSTIC,     9, -8.607328432712e-01, 1.797693134862e+308, 3.0821e+00, 1.0817e-02, 
 2DIAGNOSTIC,    10, -8.613042312592e-01, 1.901250703414e-03, 3.0946e+00, 1.2403e-02, 
 2DIAGNOSTIC,    11, -8.621577004037e-01, 1.516695112614e-03, 3.1069e+00, 1.2379e-02, 
 2DIAGNOSTIC,    12, -8.625329533188e-01, 1.147900898999e-03, 3.1193e+00, 1.2360e-02, 
 2DIAGNOSTIC,    13, -8.628634170371e-01, 8.346674078031e-04, 3.1304e+00, 1.1104e-02, 
 2DIAGNOSTIC,    14, -8.630020996975e-01, 5.755755295202e-04, 3.1427e+00, 1.2294e-02, 
 2DIAGNOSTIC,    15, -8.631289626104e-01, 3.689396928268e-04, 3.1550e+00, 1.2292e-02, 
 2DIAGNOSTIC,    16, -8.631717386203e-01, 2.291048972090e-04, 3.1660e+00, 1.1065e-02, 
 2DIAGNOSTIC,    17, -8.632985524014e-01, 1.469595527021e-04, 3.1784e+00, 1.2328e-02, 
 2DIAGNOSTIC,    18, -8.635410177518e-01, 1.043273755401e-04, 3.1959e+00, 1.7490e-02, 
 2DIAGNOSTIC,    19, -8.635767225453e-01, 7.470565930065e-05, 3.2069e+00, 1.1041e-02, 
 2DIAGNOSTIC,    20, -8.637542578529e-01, 5.347584779680e-05, 3.2179e+00, 1.1041e-02, 
 2DIAGNOSTIC,    21, -8.638967303597e-01, 4.505895973245e-05, 3.2290e+00, 1.1068e-02, 
 2DIAGNOSTIC,    22, -8.639608628571e-01, 3.981020754414e-05, 3.2401e+00, 1.1077e-02, 
 2DIAGNOSTIC,    23, -8.641083976940e-01, 3.826288186672e-05, 3.2524e+00, 1.2282e-02, 
 2DIAGNOSTIC,    24, -8.641789245008e-01, 3.621580231392e-05, 3.2635e+00, 1.1083e-02, 
 2DIAGNOSTIC,    25, -8.642987407778e-01, 3.434308507091e-05, 3.2746e+00, 1.1134e-02, 
 2DIAGNOSTIC,    26, -8.647580014095e-01, 3.584891164374e-05, 3.2906e+00, 1.6055e-02, 
 2DIAGNOSTIC,    27, -8.648594792549e-01, 3.657923522404e-05, 3.3017e+00, 1.1019e-02, 
 2DIAGNOSTIC,    28, -8.648703212382e-01, 3.697086563584e-05, 3.3127e+00, 1.1049e-02, 
 2DIAGNOSTIC,    29, -8.648760396272e-01, 3.446889599911e-05, 3.3274e+00, 1.4702e-02, 
 2DIAGNOSTIC,    30, -8.648787916706e-01, 3.093085890552e-05, 3.3409e+00, 1.3486e-02, 
 2DIAGNOSTIC,    31, -8.648801072261e-01, 2.625104905153e-05, 3.3519e+00, 1.1022e-02, 
 2DIAGNOSTIC,    32, -8.648859139972e-01, 2.014861345593e-05, 3.3629e+00, 1.1008e-02, 
 2DIAGNOSTIC,    33, -8.648910858240e-01, 1.419330730652e-05, 3.3739e+00, 1.0990e-02, 
 2DIAGNOSTIC,    34, -8.648956467381e-01, 8.098998936897e-06, 3.3849e+00, 1.0967e-02, 
 2DIAGNOSTIC,    35, -8.649026854293e-01, 2.760279880571e-06, 3.3959e+00, 1.0963e-02, 
 2DIAGNOSTIC,    36, -8.649113311485e-01, 1.810832494033e-06, 3.4095e+00, 1.3609e-02, 
 2DIAGNOSTIC,    37, -8.649165264015e-01, 1.773531006260e-06, 3.4279e+00, 1.8432e-02, 
 2DIAGNOSTIC,    38, -8.649165586028e-01, 1.744629158279e-06, 3.4390e+00, 1.1088e-02, 
 2DIAGNOSTIC,    39, -8.649169120082e-01, 1.683453543025e-06, 3.4500e+00, 1.1062e-02, 
 2DIAGNOSTIC,    40, -8.649173682214e-01, 1.569625673572e-06, 3.4611e+00, 1.1046e-02, 
 2DIAGNOSTIC,    41, -8.649177997252e-01, 1.400042547121e-06, 3.4733e+00, 1.2228e-02, 
 2DIAGNOSTIC,    42, -8.649179037219e-01, 1.224962494009e-06, 3.5064e+00, 3.3087e-02, 
 2DIAGNOSTIC,    43, -8.649179037216e-01, 1.054033108815e-06, 3.5341e+00, 2.7721e-02, 
DIAGNOSTIC,Iteration,metricValue,convergenceValue,ITERATION_TIME_INDEX,SINCE_LAST
 2DIAGNOSTIC,     1, -7.256328167950e-01, 1.797693134862e+308, 5.1034e+00, 1.5692e+00, 
 2DIAGNOSTIC,     2, -7.263105129895e-01, 1.797693134862e+308, 5.2171e+00, 1.1370e-01, 
 2DIAGNOSTIC,     3, -7.269916986526e-01, 1.797693134862e+308, 5.3306e+00, 1.1353e-01, 
 2DIAGNOSTIC,     4, -7.277718383314e-01, 1.797693134862e+308, 5.4440e+00, 1.1342e-01, 
 2DIAGNOSTIC,     5, -7.292511480583e-01, 1.797693134862e+308, 5.5575e+00, 1.1353e-01, 
 2DIAGNOSTIC,     6, -7.298384826277e-01, 1.797693134862e+308, 5.7016e+00, 1.4405e-01, 
 2DIAGNOSTIC,     7, -7.300476971627e-01, 1.797693134862e+308, 5.8152e+00, 1.1365e-01, 
 2DIAGNOSTIC,     8, -7.303112460333e-01, 1.797693134862e+308, 5.9598e+00, 1.4453e-01, 
 2DIAGNOSTIC,     9, -7.306842864908e-01, 1.797693134862e+308, 6.0906e+00, 1.3080e-01, 
 2DIAGNOSTIC,    10, -7.308898994825e-01, 4.933226015304e-04, 6.2047e+00, 1.1417e-01, 
 2DIAGNOSTIC,    11, -7.309825894596e-01, 3.804367520587e-04, 6.3343e+00, 1.2960e-01, 
 2DIAGNOSTIC,    12, -7.310314965135e-01, 2.765970793489e-04, 6.4943e+00, 1.5999e-01, 
 2DIAGNOSTIC,    13, -7.310591720781e-01, 1.853350835344e-04, 6.6084e+00, 1.1408e-01, 
 2DIAGNOSTIC,    14, -7.311335853636e-01, 1.132377348059e-04, 6.7225e+00, 1.1414e-01, 
 2DIAGNOSTIC,    15, -7.311589173706e-01, 7.930207107452e-05, 6.8366e+00, 1.1407e-01, 
 2DIAGNOSTIC,    16, -7.311698512747e-01, 5.713895844371e-05, 6.9508e+00, 1.1419e-01, 
 2DIAGNOSTIC,    17, -7.311984881317e-01, 3.796630737914e-05, 7.0955e+00, 1.4470e-01, 
 2DIAGNOSTIC,    18, -7.312068895362e-01, 2.330659220562e-05, 7.2401e+00, 1.4463e-01, 
 2DIAGNOSTIC,    19, -7.312097725259e-01, 1.579592927626e-05, 7.3696e+00, 1.2945e-01, 
 2DIAGNOSTIC,    20, -7.312148199243e-01, 1.179023196147e-05, 7.4989e+00, 1.2931e-01, 
 2DIAGNOSTIC,    21, -7.312186231506e-01, 9.001708610075e-06, 7.6131e+00, 1.1417e-01, 
 2DIAGNOSTIC,    22, -7.312207821813e-01, 6.671231660371e-06, 7.7273e+00, 1.1421e-01, 
 2DIAGNOSTIC,    23, -7.312273817808e-01, 4.603934715589e-06, 7.8719e+00, 1.4459e-01, 
 2DIAGNOSTIC,    24, -7.312286403270e-01, 3.629412240955e-06, 7.9859e+00, 1.1408e-01, 
 2DIAGNOSTIC,    25, -7.312324212980e-01, 2.972186053905e-06, 8.1770e+00, 1.9103e-01, 
 2DIAGNOSTIC,    26, -7.312327386769e-01, 2.363089197807e-06, 8.2908e+00, 1.1388e-01, 
 2DIAGNOSTIC,    27, -7.312333743947e-01, 2.111865475531e-06, 8.4206e+00, 1.2980e-01, 
 2DIAGNOSTIC,    28, -7.312334907460e-01, 1.908561536583e-06, 8.8097e+00, 3.8903e-01, 
 2DIAGNOSTIC,    29, -7.312334907459e-01, 1.683626900700e-06, 9.1209e+00, 3.1120e-01, 
 2DIAGNOSTIC,    30, -7.312334907459e-01, 1.483391752051e-06, 9.2501e+00, 1.2920e-01, 
 2DIAGNOSTIC,    31, -7.312334907459e-01, 1.304127066955e-06, 9.3791e+00, 1.2899e-01, 
 2DIAGNOSTIC,    32, -7.312334907459e-01, 1.134581778001e-06, 9.5083e+00, 1.2919e-01, 
 2DIAGNOSTIC,    33, -7.312334907459e-01, 1.040032115318e-06, 9.6684e+00, 1.6011e-01, 
DIAGNOSTIC,Iteration,metricValue,convergenceValue,ITERATION_TIME_INDEX,SINCE_LAST
 2DIAGNOSTIC,     1, -6.221634943270e-01, 1.797693134862e+308, 1.2027e+01, 2.3585e+00, 
 2DIAGNOSTIC,     2, -6.224001069467e-01, 1.797693134862e+308, 1.2797e+01, 7.7062e-01, 
 2DIAGNOSTIC,     3, -6.226794332355e-01, 1.797693134862e+308, 1.3666e+01, 8.6802e-01, 
 2DIAGNOSTIC,     4, -6.229308485140e-01, 1.797693134862e+308, 1.5640e+01, 1.9749e+00, 
 2DIAGNOSTIC,     5, -6.229308749234e-01, 1.797693134862e+308, 1.6398e+01, 7.5746e-01, 
 2DIAGNOSTIC,     6, -6.229311611263e-01, 1.797693134862e+308, 1.7153e+01, 7.5523e-01, 
 2DIAGNOSTIC,     7, -6.229316395723e-01, 1.797693134862e+308, 1.7906e+01, 7.5314e-01, 
 2DIAGNOSTIC,     8, -6.229324344273e-01, 1.797693134862e+308, 1.8673e+01, 7.6715e-01, 
 2DIAGNOSTIC,     9, -6.229337556267e-01, 1.797693134862e+308, 1.9431e+01, 7.5722e-01, 
 2DIAGNOSTIC,    10, -6.229359224977e-01, 6.783307879614e-05, 2.0187e+01, 7.5660e-01, 
 2DIAGNOSTIC,    11, -6.229393309709e-01, 3.467581623993e-05, 2.0943e+01, 7.5560e-01, 
 2DIAGNOSTIC,    12, -6.229445716488e-01, 1.320175903140e-05, 2.1696e+01, 7.5316e-01, 
 2DIAGNOSTIC,    13, -6.229522108533e-01, 3.896455746596e-06, 2.2448e+01, 7.5232e-01, 
 2DIAGNOSTIC,    14, -6.229628667629e-01, 4.327226847969e-06, 2.3203e+01, 7.5421e-01, 
 2DIAGNOSTIC,    15, -6.229760506836e-01, 4.909620492294e-06, 2.3956e+01, 7.5303e-01, 
 2DIAGNOSTIC,    16, -6.229938984944e-01, 5.675149740536e-06, 2.4720e+01, 7.6446e-01, 
 2DIAGNOSTIC,    17, -6.230055389747e-01, 6.328974528846e-06, 2.5791e+01, 1.0708e+00, 
 2DIAGNOSTIC,    18, -6.230130056896e-01, 6.706564312682e-06, 2.6750e+01, 9.5941e-01, 
 2DIAGNOSTIC,    19, -6.230137124604e-01, 6.636000949495e-06, 2.7505e+01, 7.5515e-01, 
 2DIAGNOSTIC,    20, -6.230154557189e-01, 6.201118867073e-06, 2.8276e+01, 7.7030e-01, 
 2DIAGNOSTIC,    21, -6.230171856897e-01, 5.485517518541e-06, 2.9036e+01, 7.6063e-01, 
 2DIAGNOSTIC,    22, -6.230188286099e-01, 4.603215426890e-06, 2.9803e+01, 7.6666e-01, 
 2DIAGNOSTIC,    23, -6.230192753801e-01, 3.662174600259e-06, 3.0776e+01, 9.7308e-01, 
 2DIAGNOSTIC,    24, -6.230197628032e-01, 2.798094058405e-06, 3.3355e+01, 2.5794e+00, 
 2DIAGNOSTIC,    25, -6.230197628027e-01, 2.100573179266e-06, 3.5430e+01, 2.0749e+00, 
 2DIAGNOSTIC,    26, -6.230197628027e-01, 1.687468006287e-06, 3.6484e+01, 1.0531e+00, 
 2DIAGNOSTIC,    27, -6.230197628027e-01, 1.454522040437e-06, 3.7336e+01, 8.5211e-01, 
 2DIAGNOSTIC,    28, -6.230197628027e-01, 1.334055769187e-06, 3.8186e+01, 8.5060e-01, 
 2DIAGNOSTIC,    29, -6.230197628027e-01, 1.214144831854e-06, 3.9047e+01, 8.6026e-01, 
 2DIAGNOSTIC,    30, -6.230197628027e-01, 1.117300497601e-06, 3.9901e+01, 8.5406e-01, 
 2DIAGNOSTIC,    31, -6.230197628027e-01, 1.046291470637e-06, 4.0747e+01, 8.4666e-01, 
 2DIAGNOSTIC,    32, -6.230197628027e-01, 1.001149887950e-06, 4.1588e+01, 8.4082e-01, 
DIAGNOSTIC,Iteration,metricValue,convergenceValue,ITERATION_TIME_INDEX,SINCE_LAST
 2DIAGNOSTIC,     1, -5.527406964875e-01, 1.797693134862e+308, 4.7675e+01, 6.0872e+00, 
 2DIAGNOSTIC,     2, -5.529033437765e-01, 1.797693134862e+308, 5.2572e+01, 4.8972e+00, 
 2DIAGNOSTIC,     3, -5.530664241508e-01, 1.797693134862e+308, 5.8056e+01, 5.4837e+00, 
 2DIAGNOSTIC,     4, -5.531878581193e-01, 1.797693134862e+308, 6.7730e+01, 9.6738e+00, 
 2DIAGNOSTIC,     5, -5.531888504965e-01, 1.797693134862e+308, 7.2655e+01, 4.9246e+00, 
 2DIAGNOSTIC,     6, -5.531899608875e-01, 1.797693134862e+308, 7.7571e+01, 4.9160e+00, 
 2DIAGNOSTIC,     7, -5.531916898376e-01, 1.797693134862e+308, 8.2481e+01, 4.9107e+00, 
 2DIAGNOSTIC,     8, -5.531942454017e-01, 1.797693134862e+308, 8.7390e+01, 4.9086e+00, 
 2DIAGNOSTIC,     9, -5.531976811149e-01, 1.797693134862e+308, 9.2301e+01, 4.9106e+00, 
 2DIAGNOSTIC,    10, -5.532016724967e-01, 4.479373330107e-05, 9.7219e+01, 4.9185e+00, 
 2DIAGNOSTIC,    11, -5.532057513495e-01, 2.299020112800e-05, 1.0213e+02, 4.9081e+00, 
 2DIAGNOSTIC,    12, -5.532094385625e-01, 1.000211685005e-05, 1.0703e+02, 4.9052e+00, 
 2DIAGNOSTIC,    13, -5.532133422607e-01, 4.810184954809e-06, 1.1193e+02, 4.8991e+00, 
 2DIAGNOSTIC,    14, -5.532163498977e-01, 4.710015674148e-06, 1.1742e+02, 5.4865e+00, 
 2DIAGNOSTIC,    15, -5.532166060730e-01, 4.441937502056e-06, 1.2292e+02, 5.4977e+00, 
 2DIAGNOSTIC,    16, -5.532177633893e-01, 4.068387230147e-06, 1.3372e+02, 1.0808e+01, 
 2DIAGNOSTIC,    17, -5.532177662377e-01, 3.598434709859e-06, 1.4924e+02, 1.5516e+01, 
 2DIAGNOSTIC,    18, -5.532177662377e-01, 3.092484248686e-06, 1.5532e+02, 6.0837e+00, 
 2DIAGNOSTIC,    19, -5.532177662377e-01, 2.608493874401e-06, 1.6082e+02, 5.4938e+00, 
 2DIAGNOSTIC,    20, -5.532177662377e-01, 2.187904373993e-06, 1.6690e+02, 6.0850e+00, 
 2DIAGNOSTIC,    21, -5.532177662377e-01, 1.850795051023e-06, 1.7241e+02, 5.5119e+00, 
 2DIAGNOSTIC,    22, -5.532177662377e-01, 1.597311919926e-06, 1.7794e+02, 5.5281e+00, 
 2DIAGNOSTIC,    23, -5.532177662377e-01, 1.437486111519e-06, 1.8348e+02, 5.5335e+00, 
 2DIAGNOSTIC,    24, -5.532177662377e-01, 1.350417255852e-06, 1.8901e+02, 5.5325e+00, 
 2DIAGNOSTIC,    25, -5.532177662377e-01, 1.272560579982e-06, 1.9454e+02, 5.5344e+00, 
 2DIAGNOSTIC,    26, -5.532177662377e-01, 1.223555768010e-06, 2.0007e+02, 5.5318e+00, 
 2DIAGNOSTIC,    27, -5.532177662377e-01, 1.178235421034e-06, 2.0620e+02, 6.1265e+00, 
 2DIAGNOSTIC,    28, -5.532177662377e-01, 1.136152480471e-06, 2.1173e+02, 5.5283e+00, 
 2DIAGNOSTIC,    29, -5.532177662377e-01, 1.096972018375e-06, 2.1726e+02, 5.5278e+00, 
 2DIAGNOSTIC,    30, -5.532177662377e-01, 1.060403766934e-06, 2.2277e+02, 5.5179e+00, 
 2DIAGNOSTIC,    31, -5.532177662377e-01, 1.026194914766e-06, 2.2829e+02, 5.5162e+00, 
  Elapsed time (stage 0): 2.3145e+02


Total elapsed time: 2.3145e+02
-i /mnt/lustre/mathdugre/fast-interpolate/datasets/ds004513/derivatives/flint/ants/flint-vprec-single-five-levels/sub-s026/ses-open/anat/1/1_Rigid.nii.gz -o /mnt/lustre/mathdugre/fast-interpolate/datasets/ds004513/derivatives/flint/ants/flint-vprec-single-five-levels/sub-s026/ses-open/anat/10/1_transformed.nii.gz -t /mnt/lustre/mathdugre/fast-interpolate/datasets/ds004513/derivatives/flint/ants/flint-vprec-single-five-levels/sub-s026/ses-open/anat/10/1_0GenericAffine.mat
