---------------------
Experiment information

SIF_IMG: /mnt/lustre/mathdugre/containers/ants-flint-vprec.simg
SIF_IMG_BASE: /mnt/lustre/mathdugre/containers/ants-flint-base.simg
EXPERIMENT_NAME: flint-vprec-single
STAGE: syn
SUBJECT_ID: s037
REPETITION_ID: 1

FIXED_IMG: /templateflow/tpl-MNI152NLin2009cAsym/tpl-MNI152NLin2009cAsym_res-01_desc-brain_T1w.nii.gz
INPUT_IMG: /mnt/lustre/mathdugre/fast-interpolate/datasets/ds004513/derivatives/flint/ants/flint-vprec-single/sub-s037/ses-open/anat/01/1_Affine.nii.gz

DATA_DIR: /mnt/lustre/mathdugre/fast-interpolate/datasets/ds004513
OUTPUT_DIR: /mnt/lustre/mathdugre/fast-interpolate/datasets/ds004513/derivatives/flint/ants/flint-vprec-single/sub-s037/ses-open/anat
OUTPUT_PREFIX: 011
THREAD: 1
FLOAT: 0
VFC_BACKENDS: libinterflop_vprec.so --precision-binary32=23 --range-binary32=8 --precision-binary64=23 --range-binary64=8
---------------------

--output [/mnt/lustre/mathdugre/fast-interpolate/datasets/ds004513/derivatives/flint/ants/flint-vprec-single/sub-s037/ses-open/anat/011/1_,/mnt/lustre/mathdugre/fast-interpolate/datasets/ds004513/derivatives/flint/ants/flint-vprec-single/sub-s037/ses-open/anat/011/1_Warped.nii.gz,/mnt/lustre/mathdugre/fast-interpolate/datasets/ds004513/derivatives/flint/ants/flint-vprec-single/sub-s037/ses-open/anat/011/1_InverseSyN.nii.gz] --initial-moving-transform [/templateflow/tpl-MNI152NLin2009cAsym/tpl-MNI152NLin2009cAsym_res-01_desc-brain_T1w.nii.gz,/mnt/lustre/mathdugre/fast-interpolate/datasets/ds004513/derivatives/flint/ants/flint-vprec-single/sub-s037/ses-open/anat/01/1_Affine.nii.gz,1] --transform SyN[ 0.1,3,0 ] --metric CC[/templateflow/tpl-MNI152NLin2009cAsym/tpl-MNI152NLin2009cAsym_res-01_desc-brain_T1w.nii.gz,/mnt/lustre/mathdugre/fast-interpolate/datasets/ds004513/derivatives/flint/ants/flint-vprec-single/sub-s037/ses-open/anat/01/1_Affine.nii.gz,1,4] --convergence [100x70x50x20,1e-6,10] --shrink-factors 8x4x2x1 --smoothing-sigmas 3x2x1x0vox
All_Command_lines_OK
Using double precision for computations.
=============================================================================
The composite transform comprises the following transforms (in order): 
  1. Center of mass alignment using fixed image: /templateflow/tpl-MNI152NLin2009cAsym/tpl-MNI152NLin2009cAsym_res-01_desc-brain_T1w.nii.gz and moving image: /mnt/lustre/mathdugre/fast-interpolate/datasets/ds004513/derivatives/flint/ants/flint-vprec-single/sub-s037/ses-open/anat/01/1_Affine.nii.gz (type = Euler3DTransform)
=============================================================================
  number of levels = 4
  fixed image: /templateflow/tpl-MNI152NLin2009cAsym/tpl-MNI152NLin2009cAsym_res-01_desc-brain_T1w.nii.gz
  moving image: /mnt/lustre/mathdugre/fast-interpolate/datasets/ds004513/derivatives/flint/ants/flint-vprec-single/sub-s037/ses-open/anat/01/1_Affine.nii.gz
Dimension = 3
Number of stages = 1
Use histogram matching = false
Winsorize image intensities = true
  Lower quantile = 0.005
  Upper quantile = 0.995


Stage 1 State
   Image metric = CC
     Fixed image = Image (0x4917b50)
  RTTI typeinfo:   itk::Image<double, 3u>
  Reference Count: 2
  Modified Time: 1622
  Debug: Off
  Object Name: 
  Observers: 
    none
  Source: (none)
  Source output name: (none)
  Release Data: Off
  Data Released: False
  Global Release Data: Off
  PipelineMTime: 0
  UpdateMTime: 1407
  RealTimeStamp: 0 seconds 
  LargestPossibleRegion: 
    Dimension: 3
    Index: [0, 0, 0]
    Size: [193, 229, 193]
  BufferedRegion: 
    Dimension: 3
    Index: [0, 0, 0]
    Size: [193, 229, 193]
  RequestedRegion: 
    Dimension: 3
    Index: [0, 0, 0]
    Size: [193, 229, 193]
  Spacing: [1, 1, 1]
  Origin: [96, 132, -78]
  Direction: 
-1 0 0
0 -1 0
0 0 1

  IndexToPointMatrix: 
-1 0 0
0 -1 0
0 0 1

  PointToIndexMatrix: 
-1 0 0
0 -1 0
0 0 1

  Inverse Direction: 
-1 0 0
0 -1 0
0 0 1

  PixelContainer: 
    ImportImageContainer (0x49906d0)
      RTTI typeinfo:   itk::ImportImageContainer<unsigned long, double>
      Reference Count: 1
      Modified Time: 1404
      Debug: Off
      Object Name: 
      Observers: 
        none
      Pointer: 0x7fc127593010
      Container manages memory: true
      Size: 8530021
      Capacity: 8530021

     Moving image = Image (0x4923d60)
  RTTI typeinfo:   itk::Image<double, 3u>
  Reference Count: 2
  Modified Time: 1623
  Debug: Off
  Object Name: 
  Observers: 
    none
  Source: (none)
  Source output name: (none)
  Release Data: Off
  Data Released: False
  Global Release Data: Off
  PipelineMTime: 0
  UpdateMTime: 1620
  RealTimeStamp: 0 seconds 
  LargestPossibleRegion: 
    Dimension: 3
    Index: [0, 0, 0]
    Size: [193, 229, 193]
  BufferedRegion: 
    Dimension: 3
    Index: [0, 0, 0]
    Size: [193, 229, 193]
  RequestedRegion: 
    Dimension: 3
    Index: [0, 0, 0]
    Size: [193, 229, 193]
  Spacing: [1, 1, 1]
  Origin: [96, 132, -78]
  Direction: 
-1 0 0
0 -1 0
0 0 1

  IndexToPointMatrix: 
-1 0 0
0 -1 0
0 0 1

  PointToIndexMatrix: 
-1 0 0
0 -1 0
0 0 1

  Inverse Direction: 
-1 0 0
0 -1 0
0 0 1

  PixelContainer: 
    ImportImageContainer (0x49f07d0)
      RTTI typeinfo:   itk::ImportImageContainer<unsigned long, double>
      Reference Count: 1
      Modified Time: 1617
      Debug: Off
      Object Name: 
      Observers: 
        none
      Pointer: 0x7fc12347e010
      Container manages memory: true
      Size: 8530021
      Capacity: 8530021

     Weighting = 1
     Sampling strategy = none
     Number of bins = 32
     Radius = 4
     Sampling percentage  = 1
   Transform = SyN
     Gradient step = 0.1
     Update field sigma (voxel space) = 3
     Total field sigma (voxel space) = 0
     Update field time sigma = 0
     Total field time sigma  = 0
     Number of time indices = 0
     Number of time point samples = 0
Registration using 1 total stages.

Stage 0
  iterations = 100x70x50x20
  convergence threshold = 1e-06
  convergence window size = 10
  number of levels = 4
  using the CC metric (radius = 4, weight = 1, use gradient filter = 0)
  preprocessing:  winsorizing the image intensities
  Shrink factors (level 1 out of 4): [8, 8, 8]
  Shrink factors (level 2 out of 4): [4, 4, 4]
  Shrink factors (level 3 out of 4): [2, 2, 2]
  Shrink factors (level 4 out of 4): [1, 1, 1]
  smoothing sigmas per level: [3, 2, 1, 0]
  Using default NONE metricSamplingStrategy 

*** Running SyN registration (varianceForUpdateField = 3, varianceForTotalField = 0) ***

XXDIAGNOSTIC,Iteration,metricValue,convergenceValue,ITERATION_TIME_INDEX,SINCE_LAST
 1DIAGNOSTIC,     1, -8.014724850655e-01, 1.797693134862e+308, 0.0000e+00, 0.0000e+00, 
 1DIAGNOSTIC,     2, -8.229008316994e-01, 1.797693134862e+308, 0.0000e+00, 0.0000e+00, 
 1DIAGNOSTIC,     3, -8.436173200607e-01, 1.797693134862e+308, 0.0000e+00, 0.0000e+00, 
 1DIAGNOSTIC,     4, -8.599914312363e-01, 1.797693134862e+308, 1.2800e+02, 1.2800e+02, 
 1DIAGNOSTIC,     5, -8.733590841293e-01, 1.797693134862e+308, 1.2800e+02, 0.0000e+00, 
 1DIAGNOSTIC,     6, -8.827210068703e-01, 1.797693134862e+308, 1.2800e+02, 0.0000e+00, 
 1DIAGNOSTIC,     7, -8.905665874481e-01, 1.797693134862e+308, 1.2800e+02, 0.0000e+00, 
 1DIAGNOSTIC,     8, -8.965843915939e-01, 1.797693134862e+308, 1.2800e+02, 0.0000e+00, 
 1DIAGNOSTIC,     9, -9.007757902145e-01, 1.797693134862e+308, 1.2800e+02, 0.0000e+00, 
 1DIAGNOSTIC,    10, -9.040319919586e-01, 7.327951490879e-03, 1.2800e+02, 0.0000e+00, 
 1DIAGNOSTIC,    11, -9.066733717918e-01, 5.262158811092e-03, 1.2800e+02, 0.0000e+00, 
 1DIAGNOSTIC,    12, -9.088126420975e-01, 3.712221980095e-03, 2.5600e+02, 1.2800e+02, 
 1DIAGNOSTIC,    13, -9.106262922287e-01, 2.629786729813e-03, 2.5600e+02, 0.0000e+00, 
 1DIAGNOSTIC,    14, -9.121800661087e-01, 1.877732574940e-03, 2.5600e+02, 0.0000e+00, 
 1DIAGNOSTIC,    15, -9.134811758995e-01, 1.370593905449e-03, 2.5600e+02, 0.0000e+00, 
 1DIAGNOSTIC,    16, -9.146093726158e-01, 1.011729240417e-03, 2.5600e+02, 0.0000e+00, 
 1DIAGNOSTIC,    17, -9.156569242477e-01, 7.693916559219e-04, 2.5600e+02, 0.0000e+00, 
 1DIAGNOSTIC,    18, -9.165238738060e-01, 6.051547825336e-04, 2.5600e+02, 0.0000e+00, 
 1DIAGNOSTIC,    19, -9.172883033752e-01, 4.853047430515e-04, 2.5600e+02, 0.0000e+00, 
 1DIAGNOSTIC,    20, -9.179642200470e-01, 3.949217498302e-04, 3.8400e+02, 1.2800e+02, 
 1DIAGNOSTIC,    21, -9.185999631882e-01, 3.259666264057e-04, 3.8400e+02, 0.0000e+00, 
 1DIAGNOSTIC,    22, -9.191350340843e-01, 2.713762223721e-04, 3.8400e+02, 0.0000e+00, 
 1DIAGNOSTIC,    23, -9.196236133575e-01, 2.278797328472e-04, 3.8400e+02, 0.0000e+00, 
 1DIAGNOSTIC,    24, -9.200716018677e-01, 1.930631697178e-04, 3.8400e+02, 0.0000e+00, 
 1DIAGNOSTIC,    25, -9.204754829407e-01, 1.644901931286e-04, 3.8400e+02, 0.0000e+00, 
 1DIAGNOSTIC,    26, -9.208400845528e-01, 1.407787203789e-04, 3.8400e+02, 0.0000e+00, 
 1DIAGNOSTIC,    27, -9.211854338646e-01, 1.218728721142e-04, 5.1200e+02, 1.2800e+02, 
 1DIAGNOSTIC,    28, -9.214982986450e-01, 1.061297953129e-04, 5.1200e+02, 0.0000e+00, 
 1DIAGNOSTIC,    29, -9.217947721481e-01, 9.302422404289e-05, 5.1200e+02, 0.0000e+00, 
 1DIAGNOSTIC,    30, -9.220396280289e-01, 8.166953921318e-05, 5.1200e+02, 0.0000e+00, 
 1DIAGNOSTIC,    31, -9.222940206528e-01, 7.240474224091e-05, 5.1200e+02, 0.0000e+00, 
 1DIAGNOSTIC,    32, -9.225090146065e-01, 6.426498293877e-05, 5.1200e+02, 0.0000e+00, 
 1DIAGNOSTIC,    33, -9.227369427681e-01, 5.738437175751e-05, 5.1200e+02, 0.0000e+00, 
 1DIAGNOSTIC,    34, -9.229453206062e-01, 5.156546831131e-05, 5.1200e+02, 0.0000e+00, 
 1DIAGNOSTIC,    35, -9.231427907944e-01, 4.662387073040e-05, 6.4000e+02, 1.2800e+02, 
 1DIAGNOSTIC,    36, -9.233251810074e-01, 4.233419895172e-05, 6.4000e+02, 0.0000e+00, 
 1DIAGNOSTIC,    37, -9.235013723373e-01, 3.871321678162e-05, 6.4000e+02, 0.0000e+00, 
 1DIAGNOSTIC,    38, -9.236702919006e-01, 3.561377525330e-05, 6.4000e+02, 0.0000e+00, 
 1DIAGNOSTIC,    39, -9.238272309303e-01, 3.296881914139e-05, 6.4000e+02, 0.0000e+00, 
 1DIAGNOSTIC,    40, -9.240005612373e-01, 3.063119947910e-05, 6.4000e+02, 0.0000e+00, 
 1DIAGNOSTIC,    41, -9.241416454315e-01, 2.855435013771e-05, 6.4000e+02, 0.0000e+00, 
 1DIAGNOSTIC,    42, -9.242717623711e-01, 2.646818757057e-05, 6.4000e+02, 0.0000e+00, 
 1DIAGNOSTIC,    43, -9.243942499161e-01, 2.455525100231e-05, 7.6800e+02, 1.2800e+02, 
 1DIAGNOSTIC,    44, -9.245119094849e-01, 2.273730933666e-05, 7.6800e+02, 0.0000e+00, 
 1DIAGNOSTIC,    45, -9.246215820312e-01, 2.101249992847e-05, 7.6800e+02, 0.0000e+00, 
 1DIAGNOSTIC,    46, -9.247277975082e-01, 1.936033368111e-05, 7.6800e+02, 0.0000e+00, 
 1DIAGNOSTIC,    47, -9.248239398003e-01, 1.778453588486e-05, 7.6800e+02, 0.0000e+00, 
 1DIAGNOSTIC,    48, -9.249198436737e-01, 1.634284853935e-05, 7.6800e+02, 0.0000e+00, 
 1DIAGNOSTIC,    49, -9.250076413155e-01, 1.499988138676e-05, 7.6800e+02, 0.0000e+00, 
 1DIAGNOSTIC,    50, -9.250922203064e-01, 1.392699778080e-05, 7.6800e+02, 0.0000e+00, 
 1DIAGNOSTIC,    51, -9.251731634140e-01, 1.297146081924e-05, 8.9600e+02, 1.2800e+02, 
 1DIAGNOSTIC,    52, -9.252471923828e-01, 1.207739114761e-05, 8.9600e+02, 0.0000e+00, 
 1DIAGNOSTIC,    53, -9.253178834915e-01, 1.123547554016e-05, 8.9600e+02, 0.0000e+00, 
 1DIAGNOSTIC,    54, -9.253827333450e-01, 1.045502722263e-05, 8.9600e+02, 0.0000e+00, 
 1DIAGNOSTIC,    55, -9.254460930824e-01, 9.723007678986e-06, 8.9600e+02, 0.0000e+00, 
 1DIAGNOSTIC,    56, -9.255061149597e-01, 9.056180715561e-06, 8.9600e+02, 0.0000e+00, 
 1DIAGNOSTIC,    57, -9.255619645119e-01, 8.415430784225e-06, 8.9600e+02, 0.0000e+00, 
 1DIAGNOSTIC,    58, -9.256170988083e-01, 7.851049304008e-06, 8.9600e+02, 0.0000e+00, 
 1DIAGNOSTIC,    59, -9.256686568260e-01, 7.322058081627e-06, 1.0240e+03, 1.2800e+02, 
 1DIAGNOSTIC,    60, -9.257150292397e-01, 6.839632987976e-06, 1.0240e+03, 0.0000e+00, 
 1DIAGNOSTIC,    61, -9.257635474205e-01, 6.416812539101e-06, 1.0240e+03, 0.0000e+00, 
 1DIAGNOSTIC,    62, -9.258066415787e-01, 6.018206477165e-06, 1.0240e+03, 0.0000e+00, 
 1DIAGNOSTIC,    63, -9.258496761322e-01, 5.664303898811e-06, 1.0240e+03, 0.0000e+00, 
 1DIAGNOSTIC,    64, -9.258897304535e-01, 5.323439836502e-06, 1.0240e+03, 0.0000e+00, 
 1DIAGNOSTIC,    65, -9.259256124496e-01, 5.001202225685e-06, 1.0240e+03, 0.0000e+00, 
 1DIAGNOSTIC,    66, -9.259618520737e-01, 4.705041646957e-06, 1.1520e+03, 1.2800e+02, 
 1DIAGNOSTIC,    67, -9.259976148605e-01, 4.431232810020e-06, 1.1520e+03, 0.0000e+00, 
 1DIAGNOSTIC,    68, -9.260277152061e-01, 4.166737198830e-06, 1.1520e+03, 0.0000e+00, 
 1DIAGNOSTIC,    69, -9.260580539703e-01, 3.919005393982e-06, 1.1520e+03, 0.0000e+00, 
 1DIAGNOSTIC,    70, -9.260842204094e-01, 3.664754331112e-06, 1.1520e+03, 0.0000e+00, 
 1DIAGNOSTIC,    71, -9.261113405228e-01, 3.434717655182e-06, 1.1520e+03, 0.0000e+00, 
 1DIAGNOSTIC,    72, -9.261379241943e-01, 3.222376108170e-06, 1.1520e+03, 0.0000e+00, 
 1DIAGNOSTIC,    73, -9.261629581451e-01, 3.032386302948e-06, 1.1520e+03, 0.0000e+00, 
 1DIAGNOSTIC,    74, -9.261865615845e-01, 2.863816916943e-06, 1.2800e+03, 1.2800e+02, 
 1DIAGNOSTIC,    75, -9.262095689774e-01, 2.704560756683e-06, 1.2800e+03, 0.0000e+00, 
 1DIAGNOSTIC,    76, -9.262305498123e-01, 2.562068402767e-06, 1.2800e+03, 0.0000e+00, 
 1DIAGNOSTIC,    77, -9.262493252754e-01, 2.430751919746e-06, 1.2800e+03, 0.0000e+00, 
 1DIAGNOSTIC,    78, -9.262712001801e-01, 2.317130565643e-06, 1.2800e+03, 0.0000e+00, 
 1DIAGNOSTIC,    79, -9.262929558754e-01, 2.223066985607e-06, 1.2800e+03, 0.0000e+00, 
 1DIAGNOSTIC,    80, -9.263105392456e-01, 2.122484147549e-06, 1.2800e+03, 0.0000e+00, 
 1DIAGNOSTIC,    81, -9.263294935226e-01, 2.031214535236e-06, 1.2800e+03, 0.0000e+00, 
 1DIAGNOSTIC,    82, -9.263426661491e-01, 1.938082277775e-06, 1.4080e+03, 1.2800e+02, 
 1DIAGNOSTIC,    83, -9.263623952866e-01, 1.860782504082e-06, 1.4080e+03, 0.0000e+00, 
 1DIAGNOSTIC,    84, -9.263828396797e-01, 1.800246536732e-06, 1.4080e+03, 0.0000e+00, 
 1DIAGNOSTIC,    85, -9.264016747475e-01, 1.758337020874e-06, 1.4080e+03, 0.0000e+00, 
 1DIAGNOSTIC,    86, -9.264224767685e-01, 1.731328666210e-06, 1.4080e+03, 0.0000e+00, 
 1DIAGNOSTIC,    87, -9.264404773712e-01, 1.705251634121e-06, 1.4080e+03, 0.0000e+00, 
 1DIAGNOSTIC,    88, -9.264595508575e-01, 1.690350472927e-06, 1.4080e+03, 0.0000e+00, 
 1DIAGNOSTIC,    89, -9.264780879021e-01, 1.688487827778e-06, 1.4080e+03, 0.0000e+00, 
 1DIAGNOSTIC,    90, -9.264949560165e-01, 1.673586666584e-06, 1.5360e+03, 1.2800e+02, 
 1DIAGNOSTIC,    91, -9.265133738518e-01, 1.656822860241e-06, 1.5360e+03, 0.0000e+00, 
 1DIAGNOSTIC,    92, -9.265305399895e-01, 1.618638634682e-06, 1.5360e+03, 0.0000e+00, 
 1DIAGNOSTIC,    93, -9.265451431274e-01, 1.568347215652e-06, 1.5360e+03, 0.0000e+00, 
 1DIAGNOSTIC,    94, -9.265623688698e-01, 1.525506377220e-06, 1.5360e+03, 0.0000e+00, 
 1DIAGNOSTIC,    95, -9.265778064728e-01, 1.476146280766e-06, 1.5360e+03, 0.0000e+00, 
 1DIAGNOSTIC,    96, -9.265928268433e-01, 1.435168087482e-06, 1.5360e+03, 0.0000e+00, 
 1DIAGNOSTIC,    97, -9.266099929810e-01, 1.398846507072e-06, 1.6640e+03, 1.2800e+02, 
 1DIAGNOSTIC,    98, -9.266269803047e-01, 1.370906829834e-06, 1.6640e+03, 0.0000e+00, 
 1DIAGNOSTIC,    99, -9.266420602798e-01, 1.345761120319e-06, 1.6640e+03, 0.0000e+00, 
 1DIAGNOSTIC,   100, -9.266588687897e-01, 1.327134668827e-06, 1.6640e+03, 0.0000e+00, 
XXDIAGNOSTIC,Iteration,metricValue,convergenceValue,ITERATION_TIME_INDEX,SINCE_LAST
 1DIAGNOSTIC,     1, -8.333146572113e-01, 1.797693134862e+308, 1.7920e+03, 1.2800e+02, 
 1DIAGNOSTIC,     2, -8.369489908218e-01, 1.797693134862e+308, 2.0480e+03, 2.5600e+02, 
 1DIAGNOSTIC,     3, -8.413931131363e-01, 1.797693134862e+308, 2.1760e+03, 1.2800e+02, 
 1DIAGNOSTIC,     4, -8.455085158348e-01, 1.797693134862e+308, 2.3040e+03, 1.2800e+02, 
 1DIAGNOSTIC,     5, -8.492045402527e-01, 1.797693134862e+308, 2.4320e+03, 1.2800e+02, 
 1DIAGNOSTIC,     6, -8.524818420410e-01, 1.797693134862e+308, 2.5600e+03, 1.2800e+02, 
 1DIAGNOSTIC,     7, -8.550782203674e-01, 1.797693134862e+308, 2.6880e+03, 1.2800e+02, 
 1DIAGNOSTIC,     8, -8.573071360588e-01, 1.797693134862e+308, 2.8160e+03, 1.2800e+02, 
 1DIAGNOSTIC,     9, -8.592807054520e-01, 1.797693134862e+308, 2.9440e+03, 1.2800e+02, 
 1DIAGNOSTIC,    10, -8.609657287598e-01, 2.123266458511e-03, 3.2000e+03, 2.5600e+02, 
 1DIAGNOSTIC,    11, -8.624725341797e-01, 1.719698309898e-03, 3.3280e+03, 1.2800e+02, 
 1DIAGNOSTIC,    12, -8.636327981949e-01, 1.361712813377e-03, 3.4560e+03, 1.2800e+02, 
 1DIAGNOSTIC,    13, -8.646751046181e-01, 1.076005399227e-03, 3.5840e+03, 1.2800e+02, 
 1DIAGNOSTIC,    14, -8.656332492828e-01, 8.533298969269e-04, 3.7120e+03, 1.2800e+02, 
 1DIAGNOSTIC,    15, -8.666296005249e-01, 6.857365369797e-04, 3.8400e+03, 1.2800e+02, 
 1DIAGNOSTIC,    16, -8.675601482391e-01, 5.630627274513e-04, 3.9680e+03, 1.2800e+02, 
 1DIAGNOSTIC,    17, -8.686172962189e-01, 4.739388823509e-04, 4.2240e+03, 2.5600e+02, 
 1DIAGNOSTIC,    18, -8.696500062943e-01, 4.106387495995e-04, 4.3520e+03, 1.2800e+02, 
 1DIAGNOSTIC,    19, -8.705757856369e-01, 3.661662340164e-04, 4.4800e+03, 1.2800e+02, 
 1DIAGNOSTIC,    20, -8.714752197266e-01, 3.345943987370e-04, 4.6080e+03, 1.2800e+02, 
 1DIAGNOSTIC,    21, -8.723236918449e-01, 3.117732703686e-04, 4.7360e+03, 1.2800e+02, 
 1DIAGNOSTIC,    22, -8.731155991554e-01, 2.910569310188e-04, 4.8640e+03, 1.2800e+02, 
 1DIAGNOSTIC,    23, -8.738321065903e-01, 2.700276672840e-04, 4.9920e+03, 1.2800e+02, 
 1DIAGNOSTIC,    24, -8.743646144867e-01, 2.458319067955e-04, 5.2480e+03, 2.5600e+02, 
 1DIAGNOSTIC,    25, -8.748558759689e-01, 2.201311290264e-04, 5.3760e+03, 1.2800e+02, 
 1DIAGNOSTIC,    26, -8.755086660385e-01, 1.957006752491e-04, 5.5040e+03, 1.2800e+02, 
 1DIAGNOSTIC,    27, -8.762938976288e-01, 1.769475638866e-04, 5.6320e+03, 1.2800e+02, 
 1DIAGNOSTIC,    28, -8.767195940018e-01, 1.598447561264e-04, 5.7600e+03, 1.2800e+02, 
 1DIAGNOSTIC,    29, -8.770136833191e-01, 1.427195966244e-04, 5.8880e+03, 1.2800e+02, 
 1DIAGNOSTIC,    30, -8.773162961006e-01, 1.264810562134e-04, 6.0160e+03, 1.2800e+02, 
 1DIAGNOSTIC,    31, -8.776158690453e-01, 1.114048063755e-04, 6.2720e+03, 2.5600e+02, 
 1DIAGNOSTIC,    32, -8.778527379036e-01, 9.716674685478e-05, 6.4000e+03, 1.2800e+02, 
 1DIAGNOSTIC,    33, -8.780773878098e-01, 8.397176861763e-05, 6.5280e+03, 1.2800e+02, 
 1DIAGNOSTIC,    34, -8.781256675720e-01, 6.930530071259e-05, 6.6560e+03, 1.2800e+02, 
 1DIAGNOSTIC,    35, -8.784933686256e-01, 5.700439214706e-05, 6.7840e+03, 1.2800e+02, 
 1DIAGNOSTIC,    36, -8.785421848297e-01, 4.621967673302e-05, 6.9120e+03, 1.2800e+02, 
 1DIAGNOSTIC,    37, -8.789957761765e-01, 4.265084862709e-05, 7.0400e+03, 1.2800e+02, 
 1DIAGNOSTIC,    38, -8.788794279099e-01, 3.786571323872e-05, 7.2960e+03, 2.5600e+02, 
 1DIAGNOSTIC,    39, -8.794015049934e-01, 3.670528531075e-05, 7.4240e+03, 1.2800e+02, 
 1DIAGNOSTIC,    40, -8.792282342911e-01, 3.309920430183e-05, 7.5520e+03, 1.2800e+02, 
 1DIAGNOSTIC,    41, -8.797471523285e-01, 3.314577043056e-05, 7.6800e+03, 1.2800e+02, 
 1DIAGNOSTIC,    42, -8.795785903931e-01, 3.050826489925e-05, 7.8080e+03, 1.2800e+02, 
 1DIAGNOSTIC,    43, -8.801720142365e-01, 3.146380186081e-05, 7.9360e+03, 1.2800e+02, 
 1DIAGNOSTIC,    44, -8.799437284470e-01, 2.794899046421e-05, 8.0640e+03, 1.2800e+02, 
 1DIAGNOSTIC,    45, -8.804749250412e-01, 2.860464155674e-05, 8.3200e+03, 2.5600e+02, 
 1DIAGNOSTIC,    46, -8.802416324615e-01, 2.510473132133e-05, 8.4480e+03, 1.2800e+02, 
 1DIAGNOSTIC,    47, -8.807444572449e-01, 2.617202699184e-05, 8.5760e+03, 1.2800e+02, 
 1DIAGNOSTIC,    48, -8.804699182510e-01, 2.191774547100e-05, 8.7040e+03, 1.2800e+02, 
 1DIAGNOSTIC,    49, -8.809625506401e-01, 2.269260585308e-05, 8.8320e+03, 1.2800e+02, 
 1DIAGNOSTIC,    50, -8.807061910629e-01, 1.836381852627e-05, 8.9600e+03, 1.2800e+02, 
 1DIAGNOSTIC,    51, -8.811447620392e-01, 1.874752342701e-05, 9.0880e+03, 1.2800e+02, 
 1DIAGNOSTIC,    52, -8.809572458267e-01, 1.498684287071e-05, 9.3440e+03, 2.5600e+02, 
 1DIAGNOSTIC,    53, -8.813186883926e-01, 1.596659421921e-05, 9.4720e+03, 1.2800e+02, 
 1DIAGNOSTIC,    54, -8.810838460922e-01, 1.250766217709e-05, 9.6000e+03, 1.2800e+02, 
 1DIAGNOSTIC,    55, -8.814819455147e-01, 1.365132629871e-05, 9.7280e+03, 1.2800e+02, 
 1DIAGNOSTIC,    56, -8.812927007675e-01, 1.090019941330e-05, 9.8560e+03, 1.2800e+02, 
 1DIAGNOSTIC,    57, -8.815941810608e-01, 1.194328069687e-05, 9.9840e+03, 1.2800e+02, 
 1DIAGNOSTIC,    58, -8.814281225204e-01, 9.275972843170e-06, 1.0112e+04, 1.2800e+02, 
 1DIAGNOSTIC,    59, -8.817079663277e-01, 1.021847128868e-05, 1.0368e+04, 2.5600e+02, 
 1DIAGNOSTIC,    60, -8.815503120422e-01, 7.839873433113e-06, 1.0496e+04, 1.2800e+02, 
 1DIAGNOSTIC,    61, -8.818580508232e-01, 8.894130587578e-06, 1.0624e+04, 1.2800e+02, 
 1DIAGNOSTIC,    62, -8.816496729851e-01, 6.940215826035e-06, 1.0752e+04, 1.2800e+02, 
 1DIAGNOSTIC,    63, -8.819687366486e-01, 8.029863238335e-06, 1.0880e+04, 1.2800e+02, 
 1DIAGNOSTIC,    64, -8.817554712296e-01, 5.986541509628e-06, 1.1008e+04, 1.2800e+02, 
 1DIAGNOSTIC,    65, -8.820605278015e-01, 7.070600986481e-06, 1.1136e+04, 1.2800e+02, 
 1DIAGNOSTIC,    66, -8.818354010582e-01, 5.360692739487e-06, 1.1392e+04, 2.5600e+02, 
 1DIAGNOSTIC,    67, -8.821541070938e-01, 6.314367055893e-06, 1.1520e+04, 1.2800e+02, 
 1DIAGNOSTIC,    68, -8.819219470024e-01, 4.693865776062e-06, 1.1648e+04, 1.2800e+02, 
 1DIAGNOSTIC,    69, -8.822187185287e-01, 5.498528480530e-06, 1.1776e+04, 1.2800e+02, 
 1DIAGNOSTIC,    70, -8.820116519928e-01, 4.020519554615e-06, 1.1904e+04, 1.2800e+02, 
XXDIAGNOSTIC,Iteration,metricValue,convergenceValue,ITERATION_TIME_INDEX,SINCE_LAST
 1DIAGNOSTIC,     1, -8.317545652390e-01, 1.797693134862e+308, 1.3184e+04, 1.2800e+03, 
 1DIAGNOSTIC,     2, -8.352096080780e-01, 1.797693134862e+308, 1.4336e+04, 1.1520e+03, 
 1DIAGNOSTIC,     3, -8.389880657196e-01, 1.797693134862e+308, 1.5616e+04, 1.2800e+03, 
 1DIAGNOSTIC,     4, -8.429520726204e-01, 1.797693134862e+308, 1.6768e+04, 1.1520e+03, 
 1DIAGNOSTIC,     5, -8.466644883156e-01, 1.797693134862e+308, 1.8048e+04, 1.2800e+03, 
 1DIAGNOSTIC,     6, -8.500629663467e-01, 1.797693134862e+308, 1.9200e+04, 1.1520e+03, 
 1DIAGNOSTIC,     7, -8.528501987457e-01, 1.797693134862e+308, 2.0480e+04, 1.2800e+03, 
 1DIAGNOSTIC,     8, -8.554211854935e-01, 1.797693134862e+308, 2.1632e+04, 1.1520e+03, 
 1DIAGNOSTIC,     9, -8.576984405518e-01, 1.797693134862e+308, 2.2912e+04, 1.2800e+03, 
 1DIAGNOSTIC,    10, -8.595649003983e-01, 2.156347036362e-03, 2.4064e+04, 1.1520e+03, 
 1DIAGNOSTIC,    11, -8.612736463547e-01, 1.797944307327e-03, 2.5216e+04, 1.1520e+03, 
 1DIAGNOSTIC,    12, -8.627669811249e-01, 1.475445926189e-03, 2.6496e+04, 1.2800e+03, 
 1DIAGNOSTIC,    13, -8.641699552536e-01, 1.201733946800e-03, 2.7648e+04, 1.1520e+03, 
 1DIAGNOSTIC,    14, -8.654657602310e-01, 9.825155138969e-04, 2.8928e+04, 1.2800e+03, 
 1DIAGNOSTIC,    15, -8.666236400604e-01, 8.102953433990e-04, 3.0080e+04, 1.1520e+03, 
 1DIAGNOSTIC,    16, -8.677094578743e-01, 6.781592965126e-04, 3.1360e+04, 1.2800e+03, 
 1DIAGNOSTIC,    17, -8.687189221382e-01, 5.728974938393e-04, 3.2512e+04, 1.1520e+03, 
 1DIAGNOSTIC,    18, -8.696574568748e-01, 4.907287657261e-04, 3.3792e+04, 1.2800e+03, 
 1DIAGNOSTIC,    19, -8.705344796181e-01, 4.265084862709e-04, 3.4944e+04, 1.1520e+03, 
 1DIAGNOSTIC,    20, -8.713684082031e-01, 3.735758364201e-04, 3.6224e+04, 1.2800e+03, 
 1DIAGNOSTIC,    21, -8.721432089806e-01, 3.298483788967e-04, 3.7376e+04, 1.1520e+03, 
 1DIAGNOSTIC,    22, -8.728682398796e-01, 2.924837172031e-04, 3.8656e+04, 1.2800e+03, 
 1DIAGNOSTIC,    23, -8.735796213150e-01, 2.612359821796e-04, 3.9808e+04, 1.1520e+03, 
 1DIAGNOSTIC,    24, -8.741977214813e-01, 2.343282103539e-04, 4.0960e+04, 1.1520e+03, 
 1DIAGNOSTIC,    25, -8.747907876968e-01, 2.105869352818e-04, 4.2240e+04, 1.2800e+03, 
 1DIAGNOSTIC,    26, -8.753612041473e-01, 1.898184418678e-04, 4.3392e+04, 1.1520e+03, 
 1DIAGNOSTIC,    27, -8.759094476700e-01, 1.716390252113e-04, 4.4672e+04, 1.2800e+03, 
 1DIAGNOSTIC,    28, -8.764299750328e-01, 1.556761562824e-04, 4.5824e+04, 1.1520e+03, 
 1DIAGNOSTIC,    29, -8.769184947014e-01, 1.415610313416e-04, 4.7104e+04, 1.2800e+03, 
 1DIAGNOSTIC,    30, -8.773739337921e-01, 1.291185617447e-04, 4.8256e+04, 1.1520e+03, 
 1DIAGNOSTIC,    31, -8.777903318405e-01, 1.178681850433e-04, 4.9536e+04, 1.2800e+03, 
 1DIAGNOSTIC,    32, -8.781826496124e-01, 1.076012849808e-04, 5.0688e+04, 1.1520e+03, 
 1DIAGNOSTIC,    33, -8.785355091095e-01, 9.832903742790e-05, 5.1968e+04, 1.2800e+03, 
 1DIAGNOSTIC,    34, -8.788647055626e-01, 8.942931890488e-05, 5.3120e+04, 1.1520e+03, 
 1DIAGNOSTIC,    35, -8.791562914848e-01, 8.082948625088e-05, 5.4400e+04, 1.2800e+03, 
 1DIAGNOSTIC,    36, -8.794173002243e-01, 7.261708378792e-05, 5.5552e+04, 1.1520e+03, 
 1DIAGNOSTIC,    37, -8.796430826187e-01, 6.480328738689e-05, 5.6832e+04, 1.2800e+03, 
 1DIAGNOSTIC,    38, -8.798520565033e-01, 5.754455924034e-05, 5.7984e+04, 1.1520e+03, 
 1DIAGNOSTIC,    39, -8.800795674324e-01, 5.120784044266e-05, 5.9136e+04, 1.1520e+03, 
 1DIAGNOSTIC,    40, -8.803034424782e-01, 4.588626325130e-05, 6.0416e+04, 1.2800e+03, 
 1DIAGNOSTIC,    41, -8.804707527161e-01, 4.112720489502e-05, 6.1568e+04, 1.1520e+03, 
 1DIAGNOSTIC,    42, -8.806738257408e-01, 3.734789788723e-05, 6.2848e+04, 1.2800e+03, 
 1DIAGNOSTIC,    43, -8.808072805405e-01, 3.390014171600e-05, 6.4000e+04, 1.1520e+03, 
 1DIAGNOSTIC,    44, -8.809844255447e-01, 3.117322921753e-05, 6.5280e+04, 1.2800e+03, 
 1DIAGNOSTIC,    45, -8.811200261116e-01, 2.871267497540e-05, 6.6432e+04, 1.1520e+03, 
 1DIAGNOSTIC,    46, -8.812962770462e-01, 2.676434814930e-05, 6.7712e+04, 1.2800e+03, 
 1DIAGNOSTIC,    47, -8.814284801483e-01, 2.485886216164e-05, 6.8864e+04, 1.1520e+03, 
 1DIAGNOSTIC,    48, -8.816175460815e-01, 2.341158688068e-05, 7.0144e+04, 1.2800e+03, 
 1DIAGNOSTIC,    49, -8.817956447601e-01, 2.250075340271e-05, 7.1296e+04, 1.1520e+03, 
 1DIAGNOSTIC,    50, -8.819499015808e-01, 2.197548747063e-05, 7.2576e+04, 1.2800e+03, 
XXDIAGNOSTIC,Iteration,metricValue,convergenceValue,ITERATION_TIME_INDEX,SINCE_LAST
 1DIAGNOSTIC,     1, -8.581165075302e-01, 1.797693134862e+308, 8.2560e+04, 9.9840e+03, 
 1DIAGNOSTIC,     2, -8.592339754105e-01, 1.797693134862e+308, 9.2416e+04, 9.8560e+03, 
 1DIAGNOSTIC,     3, -8.608952760696e-01, 1.797693134862e+308, 1.0227e+05, 9.8560e+03, 
 1DIAGNOSTIC,     4, -8.626416921616e-01, 1.797693134862e+308, 1.1213e+05, 9.8560e+03, 
 1DIAGNOSTIC,     5, -8.644456863403e-01, 1.797693134862e+308, 1.2198e+05, 9.8560e+03, 
 1DIAGNOSTIC,     6, -8.662039041519e-01, 1.797693134862e+308, 1.3171e+05, 9.7280e+03, 
 1DIAGNOSTIC,     7, -8.677855730057e-01, 1.797693134862e+308, 1.4157e+05, 9.8560e+03, 
 1DIAGNOSTIC,     8, -8.692919015884e-01, 1.797693134862e+308, 1.5142e+05, 9.8560e+03, 
 1DIAGNOSTIC,     9, -8.707258105278e-01, 1.797693134862e+308, 1.6128e+05, 9.8560e+03, 
 1DIAGNOSTIC,    10, -8.719928264618e-01, 1.070946455002e-03, 1.7114e+05, 9.8560e+03, 
 1DIAGNOSTIC,    11, -8.731748461723e-01, 9.528547525406e-04, 1.8099e+05, 9.8560e+03, 
 1DIAGNOSTIC,    12, -8.742963075638e-01, 8.297413587570e-04, 1.9098e+05, 9.9840e+03, 
 1DIAGNOSTIC,    13, -8.752881288528e-01, 7.170662283897e-04, 2.0083e+05, 9.8560e+03, 
 1DIAGNOSTIC,    14, -8.762172460556e-01, 6.174966692924e-04, 2.1069e+05, 9.8560e+03, 
 1DIAGNOSTIC,    15, -8.770453929901e-01, 5.318298935890e-04, 2.2067e+05, 9.9840e+03, 
 1DIAGNOSTIC,    16, -8.778115510941e-01, 4.593953490257e-04, 2.3053e+05, 9.8560e+03, 
 1DIAGNOSTIC,    17, -8.784824609756e-01, 3.962144255638e-04, 2.4038e+05, 9.8560e+03, 
 1DIAGNOSTIC,    18, -8.791334629059e-01, 3.423579037189e-04, 2.5024e+05, 9.8560e+03, 
 1DIAGNOSTIC,    19, -8.797798156738e-01, 2.979896962643e-04, 2.6022e+05, 9.9840e+03, 
 1DIAGNOSTIC,    20, -8.804522752762e-01, 2.618096768856e-04, 2.6957e+05, 9.3440e+03, 
  Elapsed time (stage 0): 269568


Total elapsed time: 269568
-i /mnt/lustre/mathdugre/fast-interpolate/datasets/ds004513/derivatives/flint/ants/flint-vprec-single/sub-s037/ses-open/anat/01/1_Affine.nii.gz -o /mnt/lustre/mathdugre/fast-interpolate/datasets/ds004513/derivatives/flint/ants/flint-vprec-single/sub-s037/ses-open/anat/011/1_transformed.nii.gz -t /mnt/lustre/mathdugre/fast-interpolate/datasets/ds004513/derivatives/flint/ants/flint-vprec-single/sub-s037/ses-open/anat/011/1_1Warp.nii.gz -t /mnt/lustre/mathdugre/fast-interpolate/datasets/ds004513/derivatives/flint/ants/flint-vprec-single/sub-s037/ses-open/anat/011/1_0GenericAffine.mat
