---------------------
Experiment information

SIF_IMG: /mnt/lustre/mathdugre/containers/ants-flint-vprec.simg
SIF_IMG_BASE: /mnt/lustre/mathdugre/containers/ants-flint-base.simg
EXPERIMENT_NAME: flint-vprec-single
STAGE: affine
SUBJECT_ID: s030
REPETITION_ID: 1

FIXED_IMG: /templateflow/tpl-MNI152NLin2009cAsym/tpl-MNI152NLin2009cAsym_res-01_desc-brain_T1w.nii.gz
INPUT_IMG: /mnt/lustre/mathdugre/fast-interpolate/datasets/ds004513/derivatives/flint/ants/flint-vprec-single/sub-s030/ses-open/anat/0/1_Rigid.nii.gz

DATA_DIR: /mnt/lustre/mathdugre/fast-interpolate/datasets/ds004513
OUTPUT_DIR: /mnt/lustre/mathdugre/fast-interpolate/datasets/ds004513/derivatives/flint/ants/flint-vprec-single/sub-s030/ses-open/anat
OUTPUT_PREFIX: 01
THREAD: 1
FLOAT: 0
VFC_BACKENDS: libinterflop_vprec.so --precision-binary32=23 --range-binary32=8 --precision-binary64=23 --range-binary64=8
---------------------

--output [/mnt/lustre/mathdugre/fast-interpolate/datasets/ds004513/derivatives/flint/ants/flint-vprec-single/sub-s030/ses-open/anat/01/1_,/mnt/lustre/mathdugre/fast-interpolate/datasets/ds004513/derivatives/flint/ants/flint-vprec-single/sub-s030/ses-open/anat/01/1_Affine.nii.gz,/mnt/lustre/mathdugre/fast-interpolate/datasets/ds004513/derivatives/flint/ants/flint-vprec-single/sub-s030/ses-open/anat/01/1_InverseAffine.nii.gz] --initial-moving-transform [/templateflow/tpl-MNI152NLin2009cAsym/tpl-MNI152NLin2009cAsym_res-01_desc-brain_T1w.nii.gz,/mnt/lustre/mathdugre/fast-interpolate/datasets/ds004513/derivatives/flint/ants/flint-vprec-single/sub-s030/ses-open/anat/0/1_Rigid.nii.gz,1] --transform Affine[0.1] --metric MI[/templateflow/tpl-MNI152NLin2009cAsym/tpl-MNI152NLin2009cAsym_res-01_desc-brain_T1w.nii.gz,/mnt/lustre/mathdugre/fast-interpolate/datasets/ds004513/derivatives/flint/ants/flint-vprec-single/sub-s030/ses-open/anat/0/1_Rigid.nii.gz,1,32,Regular,0.25] --convergence [1000x500x250x100,1e-6,10] --shrink-factors 8x4x2x1 --smoothing-sigmas 3x2x1x0vox
All_Command_lines_OK
Using double precision for computations.
=============================================================================
The composite transform comprises the following transforms (in order): 
  1. Center of mass alignment using fixed image: /templateflow/tpl-MNI152NLin2009cAsym/tpl-MNI152NLin2009cAsym_res-01_desc-brain_T1w.nii.gz and moving image: /mnt/lustre/mathdugre/fast-interpolate/datasets/ds004513/derivatives/flint/ants/flint-vprec-single/sub-s030/ses-open/anat/0/1_Rigid.nii.gz (type = Euler3DTransform)
=============================================================================
  number of levels = 4
  fixed image: /templateflow/tpl-MNI152NLin2009cAsym/tpl-MNI152NLin2009cAsym_res-01_desc-brain_T1w.nii.gz
  moving image: /mnt/lustre/mathdugre/fast-interpolate/datasets/ds004513/derivatives/flint/ants/flint-vprec-single/sub-s030/ses-open/anat/0/1_Rigid.nii.gz
Dimension = 3
Number of stages = 1
Use histogram matching = false
Winsorize image intensities = true
  Lower quantile = 0.005
  Upper quantile = 0.995


Stage 1 State
   Image metric = MattesMI
     Fixed image = Image (0x4603000)
  RTTI typeinfo:   itk::Image<double, 3u>
  Reference Count: 2
  Modified Time: 1622
  Debug: Off
  Object Name: 
  Observers: 
    none
  Source: (none)
  Source output name: (none)
  Release Data: Off
  Data Released: False
  Global Release Data: Off
  PipelineMTime: 0
  UpdateMTime: 1407
  RealTimeStamp: 0 seconds 
  LargestPossibleRegion: 
    Dimension: 3
    Index: [0, 0, 0]
    Size: [193, 229, 193]
  BufferedRegion: 
    Dimension: 3
    Index: [0, 0, 0]
    Size: [193, 229, 193]
  RequestedRegion: 
    Dimension: 3
    Index: [0, 0, 0]
    Size: [193, 229, 193]
  Spacing: [1, 1, 1]
  Origin: [96, 132, -78]
  Direction: 
-1 0 0
0 -1 0
0 0 1

  IndexToPointMatrix: 
-1 0 0
0 -1 0
0 0 1

  PointToIndexMatrix: 
-1 0 0
0 -1 0
0 0 1

  Inverse Direction: 
-1 0 0
0 -1 0
0 0 1

  PixelContainer: 
    ImportImageContainer (0x46d6e10)
      RTTI typeinfo:   itk::ImportImageContainer<unsigned long, double>
      Reference Count: 1
      Modified Time: 1404
      Debug: Off
      Object Name: 
      Observers: 
        none
      Pointer: 0x7fbc863cb010
      Container manages memory: true
      Size: 8530021
      Capacity: 8530021

     Moving image = Image (0x4603800)
  RTTI typeinfo:   itk::Image<double, 3u>
  Reference Count: 2
  Modified Time: 1623
  Debug: Off
  Object Name: 
  Observers: 
    none
  Source: (none)
  Source output name: (none)
  Release Data: Off
  Data Released: False
  Global Release Data: Off
  PipelineMTime: 0
  UpdateMTime: 1620
  RealTimeStamp: 0 seconds 
  LargestPossibleRegion: 
    Dimension: 3
    Index: [0, 0, 0]
    Size: [193, 229, 193]
  BufferedRegion: 
    Dimension: 3
    Index: [0, 0, 0]
    Size: [193, 229, 193]
  RequestedRegion: 
    Dimension: 3
    Index: [0, 0, 0]
    Size: [193, 229, 193]
  Spacing: [1, 1, 1]
  Origin: [96, 132, -78]
  Direction: 
-1 0 0
0 -1 0
0 0 1

  IndexToPointMatrix: 
-1 0 0
0 -1 0
0 0 1

  PointToIndexMatrix: 
-1 0 0
0 -1 0
0 0 1

  Inverse Direction: 
-1 0 0
0 -1 0
0 0 1

  PixelContainer: 
    ImportImageContainer (0x4716e90)
      RTTI typeinfo:   itk::ImportImageContainer<unsigned long, double>
      Reference Count: 1
      Modified Time: 1617
      Debug: Off
      Object Name: 
      Observers: 
        none
      Pointer: 0x7fbc822b6010
      Container manages memory: true
      Size: 8530021
      Capacity: 8530021

     Weighting = 1
     Sampling strategy = regular
     Number of bins = 32
     Radius = 4
     Sampling percentage  = 0.25
   Transform = Affine
     Gradient step = 0.1
     Update field sigma (voxel space) = 0
     Total field sigma (voxel space) = 0
     Update field time sigma = 0
     Total field time sigma  = 0
     Number of time indices = 0
     Number of time point samples = 0
Registration using 1 total stages.

Stage 0
  iterations = 1000x500x250x100
  convergence threshold = 1e-06
  convergence window size = 10
  number of levels = 4
  using the Mattes MI metric (number of bins = 32, weight = 1, use gradient filter = 0)
  preprocessing:  winsorizing the image intensities
  Shrink factors (level 1 out of 4): [8, 8, 8]
  Shrink factors (level 2 out of 4): [4, 4, 4]
  Shrink factors (level 3 out of 4): [2, 2, 2]
  Shrink factors (level 4 out of 4): [1, 1, 1]
  smoothing sigmas per level: [3, 2, 1, 0]
  regular sampling (percentage = 0.25)

*** Running AffineTransform registration ***

DIAGNOSTIC,Iteration,metricValue,convergenceValue,ITERATION_TIME_INDEX,SINCE_LAST
 2DIAGNOSTIC,     1, -5.440515875816e-01, 1.797693134862e+308, 0.0000e+00, 0.0000e+00, 
 2DIAGNOSTIC,     2, -5.461664795876e-01, 1.797693134862e+308, 0.0000e+00, 0.0000e+00, 
 2DIAGNOSTIC,     3, -5.501869320869e-01, 1.797693134862e+308, 0.0000e+00, 0.0000e+00, 
 2DIAGNOSTIC,     4, -5.568271875381e-01, 1.797693134862e+308, 0.0000e+00, 0.0000e+00, 
 2DIAGNOSTIC,     5, -5.675248503685e-01, 1.797693134862e+308, 0.0000e+00, 0.0000e+00, 
 2DIAGNOSTIC,     6, -5.835712552071e-01, 1.797693134862e+308, 0.0000e+00, 0.0000e+00, 
 2DIAGNOSTIC,     7, -6.120987534523e-01, 1.797693134862e+308, 0.0000e+00, 0.0000e+00, 
 2DIAGNOSTIC,     8, -6.907387375832e-01, 1.797693134862e+308, 0.0000e+00, 0.0000e+00, 
 2DIAGNOSTIC,     9, -7.353706955910e-01, 1.797693134862e+308, 0.0000e+00, 0.0000e+00, 
 2DIAGNOSTIC,    10, -7.752603292465e-01, 2.415570616722e-02, 0.0000e+00, 0.0000e+00, 
 2DIAGNOSTIC,    11, -8.129439353943e-01, 2.652986347675e-02, 0.0000e+00, 0.0000e+00, 
 2DIAGNOSTIC,    12, -8.400502204895e-01, 2.703604102135e-02, 0.0000e+00, 0.0000e+00, 
 2DIAGNOSTIC,    13, -8.451341390610e-01, 2.530530095100e-02, 0.0000e+00, 0.0000e+00, 
 2DIAGNOSTIC,    14, -8.520491719246e-01, 2.201519161463e-02, 0.0000e+00, 0.0000e+00, 
 2DIAGNOSTIC,    15, -8.528923392296e-01, 1.761838048697e-02, 0.0000e+00, 0.0000e+00, 
 2DIAGNOSTIC,    16, -8.533184528351e-01, 1.271777600050e-02, 0.0000e+00, 0.0000e+00, 
 2DIAGNOSTIC,    17, -8.546662330627e-01, 8.019603788853e-03, 0.0000e+00, 0.0000e+00, 
 2DIAGNOSTIC,    18, -8.548656702042e-01, 4.934288561344e-03, 0.0000e+00, 0.0000e+00, 
 2DIAGNOSTIC,    19, -8.551260828972e-01, 2.697251737118e-03, 0.0000e+00, 0.0000e+00, 
 2DIAGNOSTIC,    20, -8.552835583687e-01, 1.237373799086e-03, 0.0000e+00, 0.0000e+00, 
 2DIAGNOSTIC,    21, -8.554590344429e-01, 5.076564848423e-04, 0.0000e+00, 0.0000e+00, 
 2DIAGNOSTIC,    22, -8.557189702988e-01, 2.818778157234e-04, 0.0000e+00, 0.0000e+00, 
 2DIAGNOSTIC,    23, -8.559150099754e-01, 1.365281641483e-04, 0.0000e+00, 0.0000e+00, 
 2DIAGNOSTIC,    24, -8.559894561768e-01, 1.023337244987e-04, 0.0000e+00, 0.0000e+00, 
 2DIAGNOSTIC,    25, -8.560203909874e-01, 7.506087422371e-05, 0.0000e+00, 0.0000e+00, 
 2DIAGNOSTIC,    26, -8.560513854027e-01, 4.934892058372e-05, 0.0000e+00, 0.0000e+00, 
 2DIAGNOSTIC,    27, -8.560843467712e-01, 4.023313522339e-05, 0.0000e+00, 0.0000e+00, 
 2DIAGNOSTIC,    28, -8.561031222343e-01, 3.097206354141e-05, 0.0000e+00, 0.0000e+00, 
 2DIAGNOSTIC,    29, -8.561039566994e-01, 2.295523881912e-05, 0.0000e+00, 0.0000e+00, 
 2DIAGNOSTIC,    30, -8.561094999313e-01, 1.547858119011e-05, 0.0000e+00, 0.0000e+00, 
 2DIAGNOSTIC,    31, -8.561150431633e-01, 9.287148714066e-06, 0.0000e+00, 0.0000e+00, 
 2DIAGNOSTIC,    32, -8.561201095581e-01, 5.714595317841e-06, 0.0000e+00, 0.0000e+00, 
 2DIAGNOSTIC,    33, -8.561234474182e-01, 4.116445779800e-06, 0.0000e+00, 0.0000e+00, 
 2DIAGNOSTIC,    34, -8.561253547668e-01, 3.151595592499e-06, 0.0000e+00, 0.0000e+00, 
 2DIAGNOSTIC,    35, -8.561336398125e-01, 2.447515726089e-06, 0.0000e+00, 0.0000e+00, 
 2DIAGNOSTIC,    36, -8.561452031136e-01, 2.063810825348e-06, 0.0000e+00, 0.0000e+00, 
 2DIAGNOSTIC,    37, -8.561447262764e-01, 1.909211277962e-06, 0.0000e+00, 0.0000e+00, 
 2DIAGNOSTIC,    38, -8.561444878578e-01, 1.844018697739e-06, 0.0000e+00, 0.0000e+00, 
 2DIAGNOSTIC,    39, -8.561443686485e-01, 1.706182956696e-06, 0.0000e+00, 0.0000e+00, 
 2DIAGNOSTIC,    40, -8.561446070671e-01, 1.544132828712e-06, 0.0000e+00, 0.0000e+00, 
 2DIAGNOSTIC,    41, -8.561446070671e-01, 1.367181539536e-06, 0.0000e+00, 0.0000e+00, 
 2DIAGNOSTIC,    42, -8.561443090439e-01, 1.193955540657e-06, 0.0000e+00, 0.0000e+00, 
 2DIAGNOSTIC,    43, -8.561441898346e-01, 1.024454832077e-06, 0.0000e+00, 0.0000e+00, 
DIAGNOSTIC,Iteration,metricValue,convergenceValue,ITERATION_TIME_INDEX,SINCE_LAST
 2DIAGNOSTIC,     1, -7.167828679085e-01, 1.797693134862e+308, 1.2800e+02, 1.2800e+02, 
 2DIAGNOSTIC,     2, -7.178484201431e-01, 1.797693134862e+308, 1.2800e+02, 0.0000e+00, 
 2DIAGNOSTIC,     3, -7.187921404839e-01, 1.797693134862e+308, 1.2800e+02, 0.0000e+00, 
 2DIAGNOSTIC,     4, -7.196496129036e-01, 1.797693134862e+308, 1.2800e+02, 0.0000e+00, 
 2DIAGNOSTIC,     5, -7.205443978310e-01, 1.797693134862e+308, 1.2800e+02, 0.0000e+00, 
 2DIAGNOSTIC,     6, -7.213394641876e-01, 1.797693134862e+308, 1.2800e+02, 0.0000e+00, 
 2DIAGNOSTIC,     7, -7.219215631485e-01, 1.797693134862e+308, 1.2800e+02, 0.0000e+00, 
 2DIAGNOSTIC,     8, -7.219796180725e-01, 1.797693134862e+308, 1.2800e+02, 0.0000e+00, 
 2DIAGNOSTIC,     9, -7.220093607903e-01, 1.797693134862e+308, 1.2800e+02, 0.0000e+00, 
 2DIAGNOSTIC,    10, -7.220414876938e-01, 4.894435405731e-04, 1.2800e+02, 0.0000e+00, 
 2DIAGNOSTIC,    11, -7.220555543900e-01, 3.424659371376e-04, 1.2800e+02, 0.0000e+00, 
 2DIAGNOSTIC,    12, -7.220619320869e-01, 2.243518829346e-04, 1.2800e+02, 0.0000e+00, 
 2DIAGNOSTIC,    13, -7.220653891563e-01, 1.330450177193e-04, 1.2800e+02, 0.0000e+00, 
 2DIAGNOSTIC,    14, -7.220654487610e-01, 6.689876317978e-05, 1.2800e+02, 0.0000e+00, 
 2DIAGNOSTIC,    15, -7.220663428307e-01, 2.681463956833e-05, 1.2800e+02, 0.0000e+00, 
 2DIAGNOSTIC,    16, -7.220700979233e-01, 8.791685104370e-06, 1.2800e+02, 0.0000e+00, 
 2DIAGNOSTIC,    17, -7.220715284348e-01, 5.755573511124e-06, 1.2800e+02, 0.0000e+00, 
 2DIAGNOSTIC,    18, -7.220725417137e-01, 3.993511199951e-06, 1.2800e+02, 0.0000e+00, 
 2DIAGNOSTIC,    19, -7.220726013184e-01, 2.816319465637e-06, 1.2800e+02, 0.0000e+00, 
 2DIAGNOSTIC,    20, -7.220728993416e-01, 2.283602952957e-06, 1.2800e+02, 0.0000e+00, 
 2DIAGNOSTIC,    21, -7.220725417137e-01, 1.993030309677e-06, 1.2800e+02, 0.0000e+00, 
 2DIAGNOSTIC,    22, -7.220732569695e-01, 1.806765794754e-06, 1.2800e+02, 0.0000e+00, 
 2DIAGNOSTIC,    23, -7.220733761787e-01, 1.672655344009e-06, 1.2800e+02, 0.0000e+00, 
 2DIAGNOSTIC,    24, -7.220731377602e-01, 1.505017280579e-06, 1.2800e+02, 0.0000e+00, 
 2DIAGNOSTIC,    25, -7.220732569695e-01, 1.363456249237e-06, 1.2800e+02, 0.0000e+00, 
 2DIAGNOSTIC,    26, -7.220731973648e-01, 1.274049282074e-06, 1.2800e+02, 0.0000e+00, 
 2DIAGNOSTIC,    27, -7.220730781555e-01, 1.199543476105e-06, 1.2800e+02, 0.0000e+00, 
 2DIAGNOSTIC,    28, -7.220734357834e-01, 1.151114702225e-06, 1.2800e+02, 0.0000e+00, 
 2DIAGNOSTIC,    29, -7.220729589462e-01, 1.110136508942e-06, 1.2800e+02, 0.0000e+00, 
 2DIAGNOSTIC,    30, -7.220729589462e-01, 1.065433025360e-06, 1.2800e+02, 0.0000e+00, 
 2DIAGNOSTIC,    31, -7.220732569695e-01, 1.024454832077e-06, 1.2800e+02, 0.0000e+00, 
DIAGNOSTIC,Iteration,metricValue,convergenceValue,ITERATION_TIME_INDEX,SINCE_LAST
 2DIAGNOSTIC,     1, -6.143791079521e-01, 1.797693134862e+308, 2.5600e+02, 1.2800e+02, 
 2DIAGNOSTIC,     2, -6.146531105042e-01, 1.797693134862e+308, 2.5600e+02, 0.0000e+00, 
 2DIAGNOSTIC,     3, -6.149478554726e-01, 1.797693134862e+308, 2.5600e+02, 0.0000e+00, 
 2DIAGNOSTIC,     4, -6.152215003967e-01, 1.797693134862e+308, 2.5600e+02, 0.0000e+00, 
 2DIAGNOSTIC,     5, -6.153904199600e-01, 1.797693134862e+308, 2.5600e+02, 0.0000e+00, 
 2DIAGNOSTIC,     6, -6.154126524925e-01, 1.797693134862e+308, 2.5600e+02, 0.0000e+00, 
 2DIAGNOSTIC,     7, -6.154246926308e-01, 1.797693134862e+308, 3.8400e+02, 1.2800e+02, 
 2DIAGNOSTIC,     8, -6.154325604439e-01, 1.797693134862e+308, 3.8400e+02, 0.0000e+00, 
 2DIAGNOSTIC,     9, -6.154482364655e-01, 1.797693134862e+308, 3.8400e+02, 0.0000e+00, 
 2DIAGNOSTIC,    10, -6.154496669769e-01, 1.050084829330e-04, 3.8400e+02, 0.0000e+00, 
 2DIAGNOSTIC,    11, -6.154505610466e-01, 6.239861249924e-05, 3.8400e+02, 0.0000e+00, 
 2DIAGNOSTIC,    12, -6.154511570930e-01, 3.202259540558e-05, 3.8400e+02, 0.0000e+00, 
 2DIAGNOSTIC,    13, -6.154506802559e-01, 1.394003629684e-05, 3.8400e+02, 0.0000e+00, 
 2DIAGNOSTIC,    14, -6.154512763023e-01, 6.280839443207e-06, 5.1200e+02, 1.2800e+02, 
 2DIAGNOSTIC,    15, -6.154513359070e-01, 4.462897777557e-06, 5.1200e+02, 0.0000e+00, 
 2DIAGNOSTIC,    16, -6.154515147209e-01, 3.315508365631e-06, 5.1200e+02, 0.0000e+00, 
 2DIAGNOSTIC,    17, -6.154513955116e-01, 2.503395080566e-06, 5.1200e+02, 0.0000e+00, 
 2DIAGNOSTIC,    18, -6.154513955116e-01, 1.914799213409e-06, 5.1200e+02, 0.0000e+00, 
 2DIAGNOSTIC,    19, -6.154510974884e-01, 1.747161149979e-06, 5.1200e+02, 0.0000e+00, 
 2DIAGNOSTIC,    20, -6.154514551163e-01, 1.620501279831e-06, 5.1200e+02, 0.0000e+00, 
 2DIAGNOSTIC,    21, -6.154511570930e-01, 1.531094312668e-06, 6.4000e+02, 1.2800e+02, 
 2DIAGNOSTIC,    22, -6.154512166977e-01, 1.456588506699e-06, 6.4000e+02, 0.0000e+00, 
 2DIAGNOSTIC,    23, -6.154512166977e-01, 1.374632120132e-06, 6.4000e+02, 0.0000e+00, 
 2DIAGNOSTIC,    24, -6.154511570930e-01, 1.311302185059e-06, 6.4000e+02, 0.0000e+00, 
 2DIAGNOSTIC,    25, -6.154511570930e-01, 1.262873411179e-06, 6.4000e+02, 0.0000e+00, 
 2DIAGNOSTIC,    26, -6.154512166977e-01, 1.214444637299e-06, 6.4000e+02, 0.0000e+00, 
 2DIAGNOSTIC,    27, -6.154510974884e-01, 1.173466444016e-06, 7.6800e+02, 1.2800e+02, 
 2DIAGNOSTIC,    28, -6.154512166977e-01, 1.132488250732e-06, 7.6800e+02, 0.0000e+00, 
 2DIAGNOSTIC,    29, -6.154511570930e-01, 1.095235347748e-06, 7.6800e+02, 0.0000e+00, 
 2DIAGNOSTIC,    30, -6.154511570930e-01, 1.054257154465e-06, 7.6800e+02, 0.0000e+00, 
 2DIAGNOSTIC,    31, -6.154510974884e-01, 1.020729541779e-06, 7.6800e+02, 0.0000e+00, 
DIAGNOSTIC,Iteration,metricValue,convergenceValue,ITERATION_TIME_INDEX,SINCE_LAST
 2DIAGNOSTIC,     1, -5.510394573212e-01, 1.797693134862e+308, 8.9600e+02, 1.2800e+02, 
 2DIAGNOSTIC,     2, -5.512502789497e-01, 1.797693134862e+308, 1.0240e+03, 1.2800e+02, 
 2DIAGNOSTIC,     3, -5.514181256294e-01, 1.797693134862e+308, 1.1520e+03, 1.2800e+02, 
 2DIAGNOSTIC,     4, -5.515912175179e-01, 1.797693134862e+308, 1.4080e+03, 2.5600e+02, 
 2DIAGNOSTIC,     5, -5.516024231911e-01, 1.797693134862e+308, 1.5360e+03, 1.2800e+02, 
 2DIAGNOSTIC,     6, -5.516080260277e-01, 1.797693134862e+308, 1.6640e+03, 1.2800e+02, 
 2DIAGNOSTIC,     7, -5.516146421432e-01, 1.797693134862e+308, 1.6640e+03, 0.0000e+00, 
 2DIAGNOSTIC,     8, -5.516225099564e-01, 1.797693134862e+308, 1.7920e+03, 1.2800e+02, 
 2DIAGNOSTIC,     9, -5.516357421875e-01, 1.797693134862e+308, 1.9200e+03, 1.2800e+02, 
 2DIAGNOSTIC,    10, -5.516435503960e-01, 5.966424942017e-05, 2.1760e+03, 2.5600e+02, 
 2DIAGNOSTIC,    11, -5.516440272331e-01, 3.251433372498e-05, 2.3040e+03, 1.2800e+02, 
 2DIAGNOSTIC,    12, -5.516440868378e-01, 1.618266105652e-05, 2.4320e+03, 1.2800e+02, 
 2DIAGNOSTIC,    13, -5.516442060471e-01, 7.614493370056e-06, 2.5600e+03, 1.2800e+02, 
 2DIAGNOSTIC,    14, -5.516440868378e-01, 6.154179573059e-06, 2.6880e+03, 1.2800e+02, 
 2DIAGNOSTIC,    15, -5.516441464424e-01, 4.902482032776e-06, 2.8160e+03, 1.2800e+02, 
 2DIAGNOSTIC,    16, -5.516439676285e-01, 3.740191459656e-06, 3.0720e+03, 2.5600e+02, 
 2DIAGNOSTIC,    17, -5.516440272331e-01, 2.752989530563e-06, 3.2000e+03, 1.2800e+02, 
 2DIAGNOSTIC,    18, -5.516442656517e-01, 2.022832632065e-06, 3.3280e+03, 1.2800e+02, 
 2DIAGNOSTIC,    19, -5.516442060471e-01, 1.695007085800e-06, 3.4560e+03, 1.2800e+02, 
 2DIAGNOSTIC,    20, -5.516442060471e-01, 1.590698957443e-06, 3.5840e+03, 1.2800e+02, 
 2DIAGNOSTIC,    21, -5.516440272331e-01, 1.516193151474e-06, 3.7120e+03, 1.2800e+02, 
 2DIAGNOSTIC,    22, -5.516442060471e-01, 1.441687345505e-06, 3.8400e+03, 1.2800e+02, 
 2DIAGNOSTIC,    23, -5.516444444656e-01, 1.400709152222e-06, 3.9680e+03, 1.2800e+02, 
 2DIAGNOSTIC,    24, -5.516443848610e-01, 1.344829797745e-06, 4.0960e+03, 1.2800e+02, 
 2DIAGNOSTIC,    25, -5.516439676285e-01, 1.285225152969e-06, 4.2240e+03, 1.2800e+02, 
 2DIAGNOSTIC,    26, -5.516439676285e-01, 1.221895217896e-06, 4.3520e+03, 1.2800e+02, 
 2DIAGNOSTIC,    27, -5.516440868378e-01, 1.166015863419e-06, 4.4800e+03, 1.2800e+02, 
 2DIAGNOSTIC,    28, -5.516442656517e-01, 1.132488250732e-06, 4.6080e+03, 1.2800e+02, 
 2DIAGNOSTIC,    29, -5.516442060471e-01, 1.091510057449e-06, 4.8640e+03, 2.5600e+02, 
 2DIAGNOSTIC,    30, -5.516442060471e-01, 1.061707735062e-06, 4.9920e+03, 1.2800e+02, 
 2DIAGNOSTIC,    31, -5.516440868378e-01, 1.020729541779e-06, 5.1200e+03, 1.2800e+02, 
  Elapsed time (stage 0): 5.1200e+03


Total elapsed time: 5.1200e+03
-i /mnt/lustre/mathdugre/fast-interpolate/datasets/ds004513/derivatives/flint/ants/flint-vprec-single/sub-s030/ses-open/anat/0/1_Rigid.nii.gz -o /mnt/lustre/mathdugre/fast-interpolate/datasets/ds004513/derivatives/flint/ants/flint-vprec-single/sub-s030/ses-open/anat/01/1_transformed.nii.gz -t /mnt/lustre/mathdugre/fast-interpolate/datasets/ds004513/derivatives/flint/ants/flint-vprec-single/sub-s030/ses-open/anat/01/1_0GenericAffine.mat
