---------------------
Experiment information

SIF_IMG: /mnt/lustre/mathdugre/containers/ants-flint-vprec.simg
SIF_IMG_BASE: /mnt/lustre/mathdugre/containers/ants-flint-base.simg
EXPERIMENT_NAME: flint-vprec-single
STAGE: syn
SUBJECT_ID: s014
REPETITION_ID: 1

FIXED_IMG: /templateflow/tpl-MNI152NLin2009cAsym/tpl-MNI152NLin2009cAsym_res-01_desc-brain_T1w.nii.gz
INPUT_IMG: /mnt/lustre/mathdugre/fast-interpolate/datasets/ds004513/derivatives/flint/ants/flint-vprec-single/sub-s014/ses-open/anat/10/1_Affine.nii.gz

DATA_DIR: /mnt/lustre/mathdugre/fast-interpolate/datasets/ds004513
OUTPUT_DIR: /mnt/lustre/mathdugre/fast-interpolate/datasets/ds004513/derivatives/flint/ants/flint-vprec-single/sub-s014/ses-open/anat
OUTPUT_PREFIX: 101
THREAD: 1
FLOAT: 0
VFC_BACKENDS: libinterflop_vprec.so --precision-binary32=23 --range-binary32=8 --precision-binary64=23 --range-binary64=8
---------------------

--output [/mnt/lustre/mathdugre/fast-interpolate/datasets/ds004513/derivatives/flint/ants/flint-vprec-single/sub-s014/ses-open/anat/101/1_,/mnt/lustre/mathdugre/fast-interpolate/datasets/ds004513/derivatives/flint/ants/flint-vprec-single/sub-s014/ses-open/anat/101/1_Warped.nii.gz,/mnt/lustre/mathdugre/fast-interpolate/datasets/ds004513/derivatives/flint/ants/flint-vprec-single/sub-s014/ses-open/anat/101/1_InverseSyN.nii.gz] --initial-moving-transform [/templateflow/tpl-MNI152NLin2009cAsym/tpl-MNI152NLin2009cAsym_res-01_desc-brain_T1w.nii.gz,/mnt/lustre/mathdugre/fast-interpolate/datasets/ds004513/derivatives/flint/ants/flint-vprec-single/sub-s014/ses-open/anat/10/1_Affine.nii.gz,1] --transform SyN[ 0.1,3,0 ] --metric CC[/templateflow/tpl-MNI152NLin2009cAsym/tpl-MNI152NLin2009cAsym_res-01_desc-brain_T1w.nii.gz,/mnt/lustre/mathdugre/fast-interpolate/datasets/ds004513/derivatives/flint/ants/flint-vprec-single/sub-s014/ses-open/anat/10/1_Affine.nii.gz,1,4] --convergence [100x70x50x20,1e-6,10] --shrink-factors 8x4x2x1 --smoothing-sigmas 3x2x1x0vox
All_Command_lines_OK
Using double precision for computations.
=============================================================================
The composite transform comprises the following transforms (in order): 
  1. Center of mass alignment using fixed image: /templateflow/tpl-MNI152NLin2009cAsym/tpl-MNI152NLin2009cAsym_res-01_desc-brain_T1w.nii.gz and moving image: /mnt/lustre/mathdugre/fast-interpolate/datasets/ds004513/derivatives/flint/ants/flint-vprec-single/sub-s014/ses-open/anat/10/1_Affine.nii.gz (type = Euler3DTransform)
=============================================================================
  number of levels = 4
  fixed image: /templateflow/tpl-MNI152NLin2009cAsym/tpl-MNI152NLin2009cAsym_res-01_desc-brain_T1w.nii.gz
  moving image: /mnt/lustre/mathdugre/fast-interpolate/datasets/ds004513/derivatives/flint/ants/flint-vprec-single/sub-s014/ses-open/anat/10/1_Affine.nii.gz
Dimension = 3
Number of stages = 1
Use histogram matching = false
Winsorize image intensities = true
  Lower quantile = 0.005
  Upper quantile = 0.995


Stage 1 State
   Image metric = CC
     Fixed image = Image (0x4c02b50)
  RTTI typeinfo:   itk::Image<double, 3u>
  Reference Count: 2
  Modified Time: 1622
  Debug: Off
  Object Name: 
  Observers: 
    none
  Source: (none)
  Source output name: (none)
  Release Data: Off
  Data Released: False
  Global Release Data: Off
  PipelineMTime: 0
  UpdateMTime: 1407
  RealTimeStamp: 0 seconds 
  LargestPossibleRegion: 
    Dimension: 3
    Index: [0, 0, 0]
    Size: [193, 229, 193]
  BufferedRegion: 
    Dimension: 3
    Index: [0, 0, 0]
    Size: [193, 229, 193]
  RequestedRegion: 
    Dimension: 3
    Index: [0, 0, 0]
    Size: [193, 229, 193]
  Spacing: [1, 1, 1]
  Origin: [96, 132, -78]
  Direction: 
-1 0 0
0 -1 0
0 0 1

  IndexToPointMatrix: 
-1 0 0
0 -1 0
0 0 1

  PointToIndexMatrix: 
-1 0 0
0 -1 0
0 0 1

  Inverse Direction: 
-1 0 0
0 -1 0
0 0 1

  PixelContainer: 
    ImportImageContainer (0x4c7b6d0)
      RTTI typeinfo:   itk::ImportImageContainer<unsigned long, double>
      Reference Count: 1
      Modified Time: 1404
      Debug: Off
      Object Name: 
      Observers: 
        none
      Pointer: 0x7fec814c1010
      Container manages memory: true
      Size: 8530021
      Capacity: 8530021

     Moving image = Image (0x4c0ed60)
  RTTI typeinfo:   itk::Image<double, 3u>
  Reference Count: 2
  Modified Time: 1623
  Debug: Off
  Object Name: 
  Observers: 
    none
  Source: (none)
  Source output name: (none)
  Release Data: Off
  Data Released: False
  Global Release Data: Off
  PipelineMTime: 0
  UpdateMTime: 1620
  RealTimeStamp: 0 seconds 
  LargestPossibleRegion: 
    Dimension: 3
    Index: [0, 0, 0]
    Size: [193, 229, 193]
  BufferedRegion: 
    Dimension: 3
    Index: [0, 0, 0]
    Size: [193, 229, 193]
  RequestedRegion: 
    Dimension: 3
    Index: [0, 0, 0]
    Size: [193, 229, 193]
  Spacing: [1, 1, 1]
  Origin: [96, 132, -78]
  Direction: 
-1 0 0
0 -1 0
0 0 1

  IndexToPointMatrix: 
-1 0 0
0 -1 0
0 0 1

  PointToIndexMatrix: 
-1 0 0
0 -1 0
0 0 1

  Inverse Direction: 
-1 0 0
0 -1 0
0 0 1

  PixelContainer: 
    ImportImageContainer (0x4cdb7d0)
      RTTI typeinfo:   itk::ImportImageContainer<unsigned long, double>
      Reference Count: 1
      Modified Time: 1617
      Debug: Off
      Object Name: 
      Observers: 
        none
      Pointer: 0x7fec7d3ac010
      Container manages memory: true
      Size: 8530021
      Capacity: 8530021

     Weighting = 1
     Sampling strategy = none
     Number of bins = 32
     Radius = 4
     Sampling percentage  = 1
   Transform = SyN
     Gradient step = 0.1
     Update field sigma (voxel space) = 3
     Total field sigma (voxel space) = 0
     Update field time sigma = 0
     Total field time sigma  = 0
     Number of time indices = 0
     Number of time point samples = 0
Registration using 1 total stages.

Stage 0
  iterations = 100x70x50x20
  convergence threshold = 1e-06
  convergence window size = 10
  number of levels = 4
  using the CC metric (radius = 4, weight = 1, use gradient filter = 0)
  preprocessing:  winsorizing the image intensities
  Shrink factors (level 1 out of 4): [8, 8, 8]
  Shrink factors (level 2 out of 4): [4, 4, 4]
  Shrink factors (level 3 out of 4): [2, 2, 2]
  Shrink factors (level 4 out of 4): [1, 1, 1]
  smoothing sigmas per level: [3, 2, 1, 0]
  Using default NONE metricSamplingStrategy 

*** Running SyN registration (varianceForUpdateField = 3, varianceForTotalField = 0) ***

XXDIAGNOSTIC,Iteration,metricValue,convergenceValue,ITERATION_TIME_INDEX,SINCE_LAST
 1DIAGNOSTIC,     1, -9.308815002441e-01, 1.797693134862e+308, 0.0000e+00, 0.0000e+00, 
 1DIAGNOSTIC,     2, -9.360268712044e-01, 1.797693134862e+308, 0.0000e+00, 0.0000e+00, 
 1DIAGNOSTIC,     3, -9.416328668594e-01, 1.797693134862e+308, 0.0000e+00, 0.0000e+00, 
 1DIAGNOSTIC,     4, -9.462904334068e-01, 1.797693134862e+308, 1.2800e+02, 1.2800e+02, 
 1DIAGNOSTIC,     5, -9.501349925995e-01, 1.797693134862e+308, 1.2800e+02, 0.0000e+00, 
 1DIAGNOSTIC,     6, -9.535627961159e-01, 1.797693134862e+308, 1.2800e+02, 0.0000e+00, 
 1DIAGNOSTIC,     7, -9.576286673546e-01, 1.797693134862e+308, 1.2800e+02, 0.0000e+00, 
 1DIAGNOSTIC,     8, -9.622884988785e-01, 1.797693134862e+308, 1.2800e+02, 0.0000e+00, 
 1DIAGNOSTIC,     9, -9.662894606590e-01, 1.797693134862e+308, 1.2800e+02, 0.0000e+00, 
 1DIAGNOSTIC,    10, -9.688177108765e-01, 2.534590661526e-03, 1.2800e+02, 0.0000e+00, 
 1DIAGNOSTIC,    11, -9.690784811974e-01, 2.095654606819e-03, 1.2800e+02, 0.0000e+00, 
 1DIAGNOSTIC,    12, -9.695419669151e-01, 1.681424677372e-03, 2.5600e+02, 1.2800e+02, 
 1DIAGNOSTIC,    13, -9.700308442116e-01, 1.317381858826e-03, 2.5600e+02, 0.0000e+00, 
 1DIAGNOSTIC,    14, -9.701253771782e-01, 9.854733943939e-04, 2.5600e+02, 0.0000e+00, 
 1DIAGNOSTIC,    15, -9.708042740822e-01, 6.977990269661e-04, 2.5600e+02, 0.0000e+00, 
 1DIAGNOSTIC,    16, -9.707975387573e-01, 4.458129405975e-04, 2.5600e+02, 0.0000e+00, 
 1DIAGNOSTIC,    17, -9.716538786888e-01, 2.680122852325e-04, 2.5600e+02, 0.0000e+00, 
 1DIAGNOSTIC,    18, -9.715679883957e-01, 1.591779291630e-04, 2.5600e+02, 0.0000e+00, 
 1DIAGNOSTIC,    19, -9.722409844398e-01, 1.192800700665e-04, 3.8400e+02, 1.2800e+02, 
 1DIAGNOSTIC,    20, -9.720754623413e-01, 1.072734594345e-04, 3.8400e+02, 0.0000e+00, 
 1DIAGNOSTIC,    21, -9.726130366325e-01, 9.780749678612e-05, 3.8400e+02, 0.0000e+00, 
 1DIAGNOSTIC,    22, -9.724038839340e-01, 8.334219455719e-05, 3.8400e+02, 0.0000e+00, 
 1DIAGNOSTIC,    23, -9.727993011475e-01, 7.397308945656e-05, 3.8400e+02, 0.0000e+00, 
 1DIAGNOSTIC,    24, -9.725593924522e-01, 5.655735731125e-05, 3.8400e+02, 0.0000e+00, 
 1DIAGNOSTIC,    25, -9.729441404343e-01, 4.810094833374e-05, 3.8400e+02, 0.0000e+00, 
 1DIAGNOSTIC,    26, -9.726935625076e-01, 3.264099359512e-05, 3.8400e+02, 0.0000e+00, 
 1DIAGNOSTIC,    27, -9.729771018028e-01, 2.799183130264e-05, 5.1200e+02, 1.2800e+02, 
 1DIAGNOSTIC,    28, -9.727119207382e-01, 1.722574234009e-05, 5.1200e+02, 0.0000e+00, 
 1DIAGNOSTIC,    29, -9.730074405670e-01, 1.568347215652e-05, 5.1200e+02, 0.0000e+00, 
 1DIAGNOSTIC,    30, -9.727645516396e-01, 8.635222911835e-06, 5.1200e+02, 0.0000e+00, 
 1DIAGNOSTIC,    31, -9.729943871498e-01, 8.758157491684e-06, 5.1200e+02, 0.0000e+00, 
 1DIAGNOSTIC,    32, -9.727470874786e-01, 3.803521394730e-06, 5.1200e+02, 0.0000e+00, 
 1DIAGNOSTIC,    33, -9.729751348495e-01, 4.582107067108e-06, 5.1200e+02, 0.0000e+00, 
 1DIAGNOSTIC,    34, -9.727331995964e-01, 6.407499313354e-07, 5.1200e+02, 0.0000e+00, 
XXDIAGNOSTIC,Iteration,metricValue,convergenceValue,ITERATION_TIME_INDEX,SINCE_LAST
 1DIAGNOSTIC,     1, -9.155383110046e-01, 1.797693134862e+308, 7.6800e+02, 2.5600e+02, 
 1DIAGNOSTIC,     2, -9.178639650345e-01, 1.797693134862e+308, 8.9600e+02, 1.2800e+02, 
 1DIAGNOSTIC,     3, -9.206284284592e-01, 1.797693134862e+308, 1.0240e+03, 1.2800e+02, 
 1DIAGNOSTIC,     4, -9.240087270737e-01, 1.797693134862e+308, 1.1520e+03, 1.2800e+02, 
 1DIAGNOSTIC,     5, -9.271165728569e-01, 1.797693134862e+308, 1.4080e+03, 2.5600e+02, 
 1DIAGNOSTIC,     6, -9.298843145370e-01, 1.797693134862e+308, 1.5360e+03, 1.2800e+02, 
 1DIAGNOSTIC,     7, -9.319434165955e-01, 1.797693134862e+308, 1.6640e+03, 1.2800e+02, 
 1DIAGNOSTIC,     8, -9.337267875671e-01, 1.797693134862e+308, 1.7920e+03, 1.2800e+02, 
 1DIAGNOSTIC,     9, -9.353359341621e-01, 1.797693134862e+308, 1.9200e+03, 1.2800e+02, 
 1DIAGNOSTIC,    10, -9.367520213127e-01, 1.530632376671e-03, 2.0480e+03, 1.2800e+02, 
 1DIAGNOSTIC,    11, -9.378320574760e-01, 1.267507672310e-03, 2.3040e+03, 2.5600e+02, 
 1DIAGNOSTIC,    12, -9.389861822128e-01, 1.023255288601e-03, 2.4320e+03, 1.2800e+02, 
 1DIAGNOSTIC,    13, -9.399082660675e-01, 8.102059364319e-04, 2.5600e+03, 1.2800e+02, 
 1DIAGNOSTIC,    14, -9.408605694771e-01, 6.478205323219e-04, 2.6880e+03, 1.2800e+02, 
 1DIAGNOSTIC,    15, -9.415894150734e-01, 5.252659320831e-04, 2.8160e+03, 1.2800e+02, 
 1DIAGNOSTIC,    16, -9.422507882118e-01, 4.349499940872e-04, 2.9440e+03, 1.2800e+02, 
 1DIAGNOSTIC,    17, -9.429775476456e-01, 3.648996353149e-04, 3.2000e+03, 2.5600e+02, 
 1DIAGNOSTIC,    18, -9.435060620308e-01, 3.076978027821e-04, 3.3280e+03, 1.2800e+02, 
 1DIAGNOSTIC,    19, -9.438033103943e-01, 2.583488821983e-04, 3.4560e+03, 1.2800e+02, 
 1DIAGNOSTIC,    20, -9.442216157913e-01, 2.178810536861e-04, 3.5840e+03, 1.2800e+02, 
 1DIAGNOSTIC,    21, -9.444875717163e-01, 1.803040504456e-04, 3.7120e+03, 1.2800e+02, 
 1DIAGNOSTIC,    22, -9.447368383408e-01, 1.486539840698e-04, 3.8400e+03, 1.2800e+02, 
 1DIAGNOSTIC,    23, -9.449666142464e-01, 1.209825277328e-04, 4.0960e+03, 2.5600e+02, 
 1DIAGNOSTIC,    24, -9.451794624329e-01, 9.905546903610e-05, 4.2240e+03, 1.2800e+02, 
 1DIAGNOSTIC,    25, -9.453721046448e-01, 8.078664541245e-05, 4.3520e+03, 1.2800e+02, 
 1DIAGNOSTIC,    26, -9.455538988113e-01, 6.612762808800e-05, 4.4800e+03, 1.2800e+02, 
 1DIAGNOSTIC,    27, -9.457162618637e-01, 5.631148815155e-05, 4.6080e+03, 1.2800e+02, 
 1DIAGNOSTIC,    28, -9.458503723145e-01, 4.914030432701e-05, 4.7360e+03, 1.2800e+02, 
 1DIAGNOSTIC,    29, -9.459904432297e-01, 4.241243004799e-05, 4.9920e+03, 2.5600e+02, 
 1DIAGNOSTIC,    30, -9.461084604263e-01, 3.759935498238e-05, 5.1200e+03, 1.2800e+02, 
 1DIAGNOSTIC,    31, -9.462180137634e-01, 3.326311707497e-05, 5.2480e+03, 1.2800e+02, 
 1DIAGNOSTIC,    32, -9.463092088699e-01, 2.932548522949e-05, 5.3760e+03, 1.2800e+02, 
 1DIAGNOSTIC,    33, -9.463939666748e-01, 2.579018473625e-05, 5.5040e+03, 1.2800e+02, 
 1DIAGNOSTIC,    34, -9.464774131775e-01, 2.272054553032e-05, 5.6320e+03, 1.2800e+02, 
 1DIAGNOSTIC,    35, -9.465445280075e-01, 1.997314393520e-05, 5.8880e+03, 2.5600e+02, 
 1DIAGNOSTIC,    36, -9.466074705124e-01, 1.759454607964e-05, 6.0160e+03, 1.2800e+02, 
 1DIAGNOSTIC,    37, -9.466638565063e-01, 1.553073525429e-05, 6.1440e+03, 1.2800e+02, 
 1DIAGNOSTIC,    38, -9.467092752457e-01, 1.358240842819e-05, 6.2720e+03, 1.2800e+02, 
 1DIAGNOSTIC,    39, -9.467594623566e-01, 1.198053359985e-05, 6.4000e+03, 1.2800e+02, 
 1DIAGNOSTIC,    40, -9.467972517014e-01, 1.056119799614e-05, 6.5280e+03, 1.2800e+02, 
 1DIAGNOSTIC,    41, -9.468193054199e-01, 9.236857295036e-06, 6.7840e+03, 2.5600e+02, 
 1DIAGNOSTIC,    42, -9.468496441841e-01, 8.033588528633e-06, 6.9120e+03, 1.2800e+02, 
 1DIAGNOSTIC,    43, -9.468740224838e-01, 6.945803761482e-06, 7.0400e+03, 1.2800e+02, 
 1DIAGNOSTIC,    44, -9.468921422958e-01, 6.005167961121e-06, 7.1680e+03, 1.2800e+02, 
 1DIAGNOSTIC,    45, -9.469067454338e-01, 5.140900611877e-06, 7.2960e+03, 1.2800e+02, 
 1DIAGNOSTIC,    46, -9.469138383865e-01, 4.347413778305e-06, 7.5520e+03, 2.5600e+02, 
 1DIAGNOSTIC,    47, -9.469141960144e-01, 3.602355718613e-06, 7.6800e+03, 1.2800e+02, 
 1DIAGNOSTIC,    48, -9.469130039215e-01, 2.881512045860e-06, 7.8080e+03, 1.2800e+02, 
 1DIAGNOSTIC,    49, -9.469017982483e-01, 2.207234501839e-06, 7.9360e+03, 1.2800e+02, 
 1DIAGNOSTIC,    50, -9.468852281570e-01, 1.549720764160e-06, 8.0640e+03, 1.2800e+02, 
 1DIAGNOSTIC,    51, -9.468674063683e-01, 8.493661880493e-07, 8.1920e+03, 1.2800e+02, 
XXDIAGNOSTIC,Iteration,metricValue,convergenceValue,ITERATION_TIME_INDEX,SINCE_LAST
 1DIAGNOSTIC,     1, -8.950229883194e-01, 1.797693134862e+308, 9.6000e+03, 1.4080e+03, 
 1DIAGNOSTIC,     2, -8.969665169716e-01, 1.797693134862e+308, 1.0752e+04, 1.1520e+03, 
 1DIAGNOSTIC,     3, -8.995246887207e-01, 1.797693134862e+308, 1.2032e+04, 1.2800e+03, 
 1DIAGNOSTIC,     4, -9.019955396652e-01, 1.797693134862e+308, 1.3184e+04, 1.1520e+03, 
 1DIAGNOSTIC,     5, -9.043197035789e-01, 1.797693134862e+308, 1.4464e+04, 1.2800e+03, 
 1DIAGNOSTIC,     6, -9.065644145012e-01, 1.797693134862e+308, 1.5744e+04, 1.2800e+03, 
 1DIAGNOSTIC,     7, -9.083851575851e-01, 1.797693134862e+308, 1.7024e+04, 1.2800e+03, 
 1DIAGNOSTIC,     8, -9.099385738373e-01, 1.797693134862e+308, 1.8176e+04, 1.1520e+03, 
 1DIAGNOSTIC,     9, -9.111821055412e-01, 1.797693134862e+308, 1.9456e+04, 1.2800e+03, 
 1DIAGNOSTIC,    10, -9.124342203140e-01, 1.275435090065e-03, 2.0736e+04, 1.2800e+03, 
 1DIAGNOSTIC,    11, -9.134442806244e-01, 1.062408089638e-03, 2.1888e+04, 1.1520e+03, 
 1DIAGNOSTIC,    12, -9.145032167435e-01, 8.675009012222e-04, 2.3168e+04, 1.2800e+03, 
 1DIAGNOSTIC,    13, -9.152943491936e-01, 7.044821977615e-04, 2.4448e+04, 1.2800e+03, 
 1DIAGNOSTIC,    14, -9.160197377205e-01, 5.719214677811e-04, 2.5600e+04, 1.1520e+03, 
 1DIAGNOSTIC,    15, -9.167088270187e-01, 4.672184586525e-04, 2.6880e+04, 1.2800e+03, 
 1DIAGNOSTIC,    16, -9.173778891563e-01, 3.893002867699e-04, 2.8160e+04, 1.2800e+03, 
 1DIAGNOSTIC,    17, -9.180299639702e-01, 3.298670053482e-04, 2.9440e+04, 1.2800e+03, 
 1DIAGNOSTIC,    18, -9.186674356461e-01, 2.844035625458e-04, 3.0592e+04, 1.1520e+03, 
 1DIAGNOSTIC,    19, -9.193078279495e-01, 2.481639385223e-04, 3.1872e+04, 1.2800e+03, 
 1DIAGNOSTIC,    20, -9.199440479279e-01, 2.218224108219e-04, 3.3152e+04, 1.2800e+03, 
 1DIAGNOSTIC,    21, -9.205509424210e-01, 2.011395990849e-04, 3.4432e+04, 1.2800e+03, 
 1DIAGNOSTIC,    22, -9.211268424988e-01, 1.866370439529e-04, 3.5584e+04, 1.1520e+03, 
 1DIAGNOSTIC,    23, -9.216756820679e-01, 1.740269362926e-04, 3.6864e+04, 1.2800e+03, 
 1DIAGNOSTIC,    24, -9.221957325935e-01, 1.622512936592e-04, 3.8144e+04, 1.2800e+03, 
 1DIAGNOSTIC,    25, -9.226585030556e-01, 1.504793763161e-04, 3.9296e+04, 1.1520e+03, 
 1DIAGNOSTIC,    26, -9.230678081512e-01, 1.383349299431e-04, 4.0576e+04, 1.2800e+03, 
 1DIAGNOSTIC,    27, -9.234437346458e-01, 1.258924603462e-04, 4.1856e+04, 1.2800e+03, 
 1DIAGNOSTIC,    28, -9.237955212593e-01, 1.134462654591e-04, 4.3136e+04, 1.2800e+03, 
 1DIAGNOSTIC,    29, -9.241221547127e-01, 1.014806330204e-04, 4.4288e+04, 1.1520e+03, 
 1DIAGNOSTIC,    30, -9.244262576103e-01, 9.045749902725e-05, 4.5568e+04, 1.2800e+03, 
 1DIAGNOSTIC,    31, -9.247067570686e-01, 8.046627044678e-05, 4.6848e+04, 1.2800e+03, 
 1DIAGNOSTIC,    32, -9.249761104584e-01, 7.168948650360e-05, 4.8000e+04, 1.1520e+03, 
 1DIAGNOSTIC,    33, -9.252313375473e-01, 6.421655416489e-05, 4.9280e+04, 1.2800e+03, 
 1DIAGNOSTIC,    34, -9.254634976387e-01, 5.795061588287e-05, 5.0560e+04, 1.2800e+03, 
 1DIAGNOSTIC,    35, -9.256595373154e-01, 5.239993333817e-05, 5.1840e+04, 1.2800e+03, 
 1DIAGNOSTIC,    36, -9.258375763893e-01, 4.727393388748e-05, 5.2992e+04, 1.1520e+03, 
 1DIAGNOSTIC,    37, -9.259945154190e-01, 4.241615533829e-05, 5.4272e+04, 1.2800e+03, 
 1DIAGNOSTIC,    38, -9.261288642883e-01, 3.777630627155e-05, 5.5552e+04, 1.2800e+03, 
 1DIAGNOSTIC,    39, -9.262485504150e-01, 3.335624933243e-05, 5.6832e+04, 1.2800e+03, 
 1DIAGNOSTIC,    40, -9.263588190079e-01, 2.923049032688e-05, 5.7984e+04, 1.1520e+03, 
 1DIAGNOSTIC,    41, -9.264620542526e-01, 2.546049654484e-05, 5.9264e+04, 1.2800e+03, 
 1DIAGNOSTIC,    42, -9.265638589859e-01, 2.221576869488e-05, 6.0544e+04, 1.2800e+03, 
 1DIAGNOSTIC,    43, -9.266595840454e-01, 1.956894993782e-05, 6.1696e+04, 1.1520e+03, 
 1DIAGNOSTIC,    44, -9.267526865005e-01, 1.750327646732e-05, 6.2976e+04, 1.2800e+03, 
 1DIAGNOSTIC,    45, -9.268447160721e-01, 1.588650047779e-05, 6.4256e+04, 1.2800e+03, 
 1DIAGNOSTIC,    46, -9.269298315048e-01, 1.463294029236e-05, 6.5536e+04, 1.2800e+03, 
 1DIAGNOSTIC,    47, -9.270182847977e-01, 1.369602978230e-05, 6.6688e+04, 1.1520e+03, 
 1DIAGNOSTIC,    48, -9.271064996719e-01, 1.296959817410e-05, 6.7968e+04, 1.2800e+03, 
 1DIAGNOSTIC,    49, -9.271977543831e-01, 1.240521669388e-05, 6.9248e+04, 1.2800e+03, 
 1DIAGNOSTIC,    50, -9.272921085358e-01, 1.199357211590e-05, 7.0400e+04, 1.1520e+03, 
XXDIAGNOSTIC,Iteration,metricValue,convergenceValue,ITERATION_TIME_INDEX,SINCE_LAST
 1DIAGNOSTIC,     1, -8.947013020515e-01, 1.797693134862e+308, 8.0768e+04, 1.0368e+04, 
 1DIAGNOSTIC,     2, -8.958874940872e-01, 1.797693134862e+308, 9.1008e+04, 1.0240e+04, 
 1DIAGNOSTIC,     3, -8.976597785950e-01, 1.797693134862e+308, 1.0112e+05, 1.0112e+04, 
 1DIAGNOSTIC,     4, -8.994223475456e-01, 1.797693134862e+308, 1.1136e+05, 1.0240e+04, 
 1DIAGNOSTIC,     5, -9.011049270630e-01, 1.797693134862e+308, 1.2147e+05, 1.0112e+04, 
 1DIAGNOSTIC,     6, -9.027751088142e-01, 1.797693134862e+308, 1.3171e+05, 1.0240e+04, 
 1DIAGNOSTIC,     7, -9.041739702225e-01, 1.797693134862e+308, 1.4195e+05, 1.0240e+04, 
 1DIAGNOSTIC,     8, -9.055831432343e-01, 1.797693134862e+308, 1.5206e+05, 1.0112e+04, 
 1DIAGNOSTIC,     9, -9.067695140839e-01, 1.797693134862e+308, 1.6230e+05, 1.0240e+04, 
 1DIAGNOSTIC,    10, -9.079248309135e-01, 9.736865758896e-04, 1.7254e+05, 1.0240e+04, 
 1DIAGNOSTIC,    11, -9.088943004608e-01, 8.463785052299e-04, 1.8278e+05, 1.0240e+04, 
 1DIAGNOSTIC,    12, -9.098988175392e-01, 7.213875651360e-04, 1.9290e+05, 1.0112e+04, 
 1DIAGNOSTIC,    13, -9.106987714767e-01, 6.122812628746e-04, 2.0301e+05, 1.0112e+04, 
 1DIAGNOSTIC,    14, -9.115267992020e-01, 5.209967494011e-04, 2.1325e+05, 1.0240e+04, 
 1DIAGNOSTIC,    15, -9.122198820114e-01, 4.436746239662e-04, 2.2336e+05, 1.0112e+04, 
 1DIAGNOSTIC,    16, -9.128570556641e-01, 3.804042935371e-04, 2.3360e+05, 1.0240e+04, 
 1DIAGNOSTIC,    17, -9.134393930435e-01, 3.258809447289e-04, 2.4384e+05, 1.0240e+04, 
 1DIAGNOSTIC,    18, -9.139902591705e-01, 2.813078463078e-04, 2.5395e+05, 1.0112e+04, 
 1DIAGNOSTIC,    19, -9.145073890686e-01, 2.432912588120e-04, 2.6406e+05, 1.0112e+04, 
 1DIAGNOSTIC,    20, -9.150097370148e-01, 2.123489975929e-04, 2.7354e+05, 9.4720e+03, 
  Elapsed time (stage 0): 273664


Total elapsed time: 273664
-i /mnt/lustre/mathdugre/fast-interpolate/datasets/ds004513/derivatives/flint/ants/flint-vprec-single/sub-s014/ses-open/anat/10/1_Affine.nii.gz -o /mnt/lustre/mathdugre/fast-interpolate/datasets/ds004513/derivatives/flint/ants/flint-vprec-single/sub-s014/ses-open/anat/101/1_transformed.nii.gz -t /mnt/lustre/mathdugre/fast-interpolate/datasets/ds004513/derivatives/flint/ants/flint-vprec-single/sub-s014/ses-open/anat/101/1_1Warp.nii.gz -t /mnt/lustre/mathdugre/fast-interpolate/datasets/ds004513/derivatives/flint/ants/flint-vprec-single/sub-s014/ses-open/anat/101/1_0GenericAffine.mat
