---------------------
Experiment information

SIF_IMG: /mnt/lustre/mathdugre/containers/ants-flint-base.simg
SIF_IMG_BASE: /mnt/lustre/mathdugre/containers/ants-flint-base.simg
EXPERIMENT_NAME: flint-vprec-single
STAGE: affine
SUBJECT_ID: s025
REPETITION_ID: 1

FIXED_IMG: /templateflow/tpl-MNI152NLin2009cAsym/tpl-MNI152NLin2009cAsym_res-01_desc-brain_T1w.nii.gz
INPUT_IMG: /mnt/lustre/mathdugre/fast-interpolate/datasets/ds004513/derivatives/flint/ants/flint-vprec-single/sub-s025/ses-open/anat/0/1_Rigid.nii.gz

DATA_DIR: /mnt/lustre/mathdugre/fast-interpolate/datasets/ds004513
OUTPUT_DIR: /mnt/lustre/mathdugre/fast-interpolate/datasets/ds004513/derivatives/flint/ants/flint-vprec-single/sub-s025/ses-open/anat
OUTPUT_PREFIX: 00
THREAD: 1
FLOAT: 0
VFC_BACKENDS: ieee
---------------------

--output [/mnt/lustre/mathdugre/fast-interpolate/datasets/ds004513/derivatives/flint/ants/flint-vprec-single/sub-s025/ses-open/anat/00/1_,/mnt/lustre/mathdugre/fast-interpolate/datasets/ds004513/derivatives/flint/ants/flint-vprec-single/sub-s025/ses-open/anat/00/1_Affine.nii.gz,/mnt/lustre/mathdugre/fast-interpolate/datasets/ds004513/derivatives/flint/ants/flint-vprec-single/sub-s025/ses-open/anat/00/1_InverseAffine.nii.gz] --initial-moving-transform [/templateflow/tpl-MNI152NLin2009cAsym/tpl-MNI152NLin2009cAsym_res-01_desc-brain_T1w.nii.gz,/mnt/lustre/mathdugre/fast-interpolate/datasets/ds004513/derivatives/flint/ants/flint-vprec-single/sub-s025/ses-open/anat/0/1_Rigid.nii.gz,1] --transform Affine[0.1] --metric MI[/templateflow/tpl-MNI152NLin2009cAsym/tpl-MNI152NLin2009cAsym_res-01_desc-brain_T1w.nii.gz,/mnt/lustre/mathdugre/fast-interpolate/datasets/ds004513/derivatives/flint/ants/flint-vprec-single/sub-s025/ses-open/anat/0/1_Rigid.nii.gz,1,32,Regular,0.25] --convergence [1000x500x250x100,1e-6,10] --shrink-factors 8x4x2x1 --smoothing-sigmas 3x2x1x0vox
All_Command_lines_OK
Using double precision for computations.
=============================================================================
The composite transform comprises the following transforms (in order): 
  1. Center of mass alignment using fixed image: /templateflow/tpl-MNI152NLin2009cAsym/tpl-MNI152NLin2009cAsym_res-01_desc-brain_T1w.nii.gz and moving image: /mnt/lustre/mathdugre/fast-interpolate/datasets/ds004513/derivatives/flint/ants/flint-vprec-single/sub-s025/ses-open/anat/0/1_Rigid.nii.gz (type = Euler3DTransform)
=============================================================================
  number of levels = 4
  fixed image: /templateflow/tpl-MNI152NLin2009cAsym/tpl-MNI152NLin2009cAsym_res-01_desc-brain_T1w.nii.gz
  moving image: /mnt/lustre/mathdugre/fast-interpolate/datasets/ds004513/derivatives/flint/ants/flint-vprec-single/sub-s025/ses-open/anat/0/1_Rigid.nii.gz
Dimension = 3
Number of stages = 1
Use histogram matching = false
Winsorize image intensities = true
  Lower quantile = 0.005
  Upper quantile = 0.995


Stage 1 State
   Image metric = MattesMI
     Fixed image = Image (0x55df7aea7e90)
  RTTI typeinfo:   itk::Image<double, 3u>
  Reference Count: 2
  Modified Time: 1622
  Debug: Off
  Object Name: 
  Observers: 
    none
  Source: (none)
  Source output name: (none)
  Release Data: Off
  Data Released: False
  Global Release Data: Off
  PipelineMTime: 0
  UpdateMTime: 1407
  RealTimeStamp: 0 seconds 
  LargestPossibleRegion: 
    Dimension: 3
    Index: [0, 0, 0]
    Size: [193, 229, 193]
  BufferedRegion: 
    Dimension: 3
    Index: [0, 0, 0]
    Size: [193, 229, 193]
  RequestedRegion: 
    Dimension: 3
    Index: [0, 0, 0]
    Size: [193, 229, 193]
  Spacing: [1, 1, 1]
  Origin: [96, 132, -78]
  Direction: 
-1 0 0
0 -1 0
0 0 1

  IndexToPointMatrix: 
-1 0 0
0 -1 0
0 0 1

  PointToIndexMatrix: 
-1 0 0
0 -1 0
0 0 1

  Inverse Direction: 
-1 0 0
0 -1 0
0 0 1

  PixelContainer: 
    ImportImageContainer (0x55df7af7e0d0)
      RTTI typeinfo:   itk::ImportImageContainer<unsigned long, double>
      Reference Count: 1
      Modified Time: 1404
      Debug: Off
      Object Name: 
      Observers: 
        none
      Pointer: 0x7f10e044c010
      Container manages memory: true
      Size: 8530021
      Capacity: 8530021

     Moving image = Image (0x55df7aeaeb20)
  RTTI typeinfo:   itk::Image<double, 3u>
  Reference Count: 2
  Modified Time: 1623
  Debug: Off
  Object Name: 
  Observers: 
    none
  Source: (none)
  Source output name: (none)
  Release Data: Off
  Data Released: False
  Global Release Data: Off
  PipelineMTime: 0
  UpdateMTime: 1620
  RealTimeStamp: 0 seconds 
  LargestPossibleRegion: 
    Dimension: 3
    Index: [0, 0, 0]
    Size: [193, 229, 193]
  BufferedRegion: 
    Dimension: 3
    Index: [0, 0, 0]
    Size: [193, 229, 193]
  RequestedRegion: 
    Dimension: 3
    Index: [0, 0, 0]
    Size: [193, 229, 193]
  Spacing: [1, 1, 1]
  Origin: [96, 132, -78]
  Direction: 
-1 0 0
0 -1 0
0 0 1

  IndexToPointMatrix: 
-1 0 0
0 -1 0
0 0 1

  PointToIndexMatrix: 
-1 0 0
0 -1 0
0 0 1

  Inverse Direction: 
-1 0 0
0 -1 0
0 0 1

  PixelContainer: 
    ImportImageContainer (0x55df7aea9480)
      RTTI typeinfo:   itk::ImportImageContainer<unsigned long, double>
      Reference Count: 1
      Modified Time: 1617
      Debug: Off
      Object Name: 
      Observers: 
        none
      Pointer: 0x7f10dc337010
      Container manages memory: true
      Size: 8530021
      Capacity: 8530021

     Weighting = 1
     Sampling strategy = regular
     Number of bins = 32
     Radius = 4
     Sampling percentage  = 0.25
   Transform = Affine
     Gradient step = 0.1
     Update field sigma (voxel space) = 0
     Total field sigma (voxel space) = 0
     Update field time sigma = 0
     Total field time sigma  = 0
     Number of time indices = 0
     Number of time point samples = 0
Registration using 1 total stages.

Stage 0
  iterations = 1000x500x250x100
  convergence threshold = 1e-06
  convergence window size = 10
  number of levels = 4
  using the Mattes MI metric (number of bins = 32, weight = 1, use gradient filter = 0)
  preprocessing:  winsorizing the image intensities
  Shrink factors (level 1 out of 4): [8, 8, 8]
  Shrink factors (level 2 out of 4): [4, 4, 4]
  Shrink factors (level 3 out of 4): [2, 2, 2]
  Shrink factors (level 4 out of 4): [1, 1, 1]
  smoothing sigmas per level: [3, 2, 1, 0]
  regular sampling (percentage = 0.25)

*** Running AffineTransform registration ***

DIAGNOSTIC,Iteration,metricValue,convergenceValue,ITERATION_TIME_INDEX,SINCE_LAST
 2DIAGNOSTIC,     1, -6.571001769175e-01, 1.797693134862e+308, 1.4546e+00, 1.4546e+00, 
 2DIAGNOSTIC,     2, -6.587433699784e-01, 1.797693134862e+308, 1.4654e+00, 1.0853e-02, 
 2DIAGNOSTIC,     3, -6.614991337154e-01, 1.797693134862e+308, 1.4762e+00, 1.0713e-02, 
 2DIAGNOSTIC,     4, -6.662908222884e-01, 1.797693134862e+308, 1.4869e+00, 1.0756e-02, 
 2DIAGNOSTIC,     5, -6.763956958607e-01, 1.797693134862e+308, 1.4977e+00, 1.0824e-02, 
 2DIAGNOSTIC,     6, -6.907814436327e-01, 1.797693134862e+308, 1.5090e+00, 1.1237e-02, 
 2DIAGNOSTIC,     7, -7.389582519806e-01, 1.797693134862e+308, 1.5215e+00, 1.2564e-02, 
 2DIAGNOSTIC,     8, -7.710472182981e-01, 1.797693134862e+308, 1.5351e+00, 1.3588e-02, 
 2DIAGNOSTIC,     9, -7.786542326292e-01, 1.797693134862e+308, 1.5459e+00, 1.0801e-02, 
 2DIAGNOSTIC,    10, -8.241289694261e-01, 1.536346252624e-02, 1.5608e+00, 1.4865e-02, 
 2DIAGNOSTIC,    11, -8.322936658849e-01, 1.595906071053e-02, 1.5726e+00, 1.1829e-02, 
 2DIAGNOSTIC,    12, -8.329489542969e-01, 1.508901892099e-02, 1.5833e+00, 1.0648e-02, 
 2DIAGNOSTIC,    13, -8.335414636300e-01, 1.312834003568e-02, 1.5939e+00, 1.0615e-02, 
 2DIAGNOSTIC,    14, -8.357329018374e-01, 1.049649165949e-02, 1.6046e+00, 1.0713e-02, 
 2DIAGNOSTIC,    15, -8.392527205408e-01, 7.639608194067e-03, 1.6189e+00, 1.4301e-02, 
 2DIAGNOSTIC,    16, -8.397912348598e-01, 4.802539236092e-03, 1.6294e+00, 1.0508e-02, 
 2DIAGNOSTIC,    17, -8.404736550162e-01, 2.961932188940e-03, 1.6412e+00, 1.1811e-02, 
 2DIAGNOSTIC,    18, -8.421792868206e-01, 1.778202156747e-03, 1.6543e+00, 1.3071e-02, 
 2DIAGNOSTIC,    19, -8.418649016962e-01, 6.832698192230e-04, 1.6696e+00, 1.5298e-02, 
 2DIAGNOSTIC,    20, -8.420211568242e-01, 4.762134783954e-04, 1.6837e+00, 1.4082e-02, 
 2DIAGNOSTIC,    21, -8.419676579829e-01, 3.878286963079e-04, 1.6953e+00, 1.1675e-02, 
 2DIAGNOSTIC,    22, -8.418106603111e-01, 2.811677098643e-04, 1.7070e+00, 1.1641e-02, 
 2DIAGNOSTIC,    23, -8.417936463661e-01, 1.669084226415e-04, 1.7187e+00, 1.1668e-02, 
 2DIAGNOSTIC,    24, -8.416543675062e-01, 7.697636535803e-05, 1.7291e+00, 1.0444e-02, 
 2DIAGNOSTIC,    25, -8.416988059594e-01, 3.933369287533e-05, 1.7395e+00, 1.0420e-02, 
 2DIAGNOSTIC,    26, -8.416618623810e-01, 8.057669412920e-06, 1.7511e+00, 1.1622e-02, 
DIAGNOSTIC,Iteration,metricValue,convergenceValue,ITERATION_TIME_INDEX,SINCE_LAST
 2DIAGNOSTIC,     1, -6.973244885614e-01, 1.797693134862e+308, 3.3055e+00, 1.5544e+00, 
 2DIAGNOSTIC,     2, -6.979679096891e-01, 1.797693134862e+308, 3.4179e+00, 1.1231e-01, 
 2DIAGNOSTIC,     3, -6.987438967189e-01, 1.797693134862e+308, 3.5287e+00, 1.1082e-01, 
 2DIAGNOSTIC,     4, -6.997908413866e-01, 1.797693134862e+308, 3.6390e+00, 1.1031e-01, 
 2DIAGNOSTIC,     5, -7.011539378192e-01, 1.797693134862e+308, 3.7493e+00, 1.1027e-01, 
 2DIAGNOSTIC,     6, -7.026668050730e-01, 1.797693134862e+308, 3.8594e+00, 1.1019e-01, 
 2DIAGNOSTIC,     7, -7.046885376009e-01, 1.797693134862e+308, 3.9697e+00, 1.1022e-01, 
 2DIAGNOSTIC,     8, -7.052084921823e-01, 1.797693134862e+308, 4.1097e+00, 1.4001e-01, 
 2DIAGNOSTIC,     9, -7.069791460871e-01, 1.797693134862e+308, 4.2792e+00, 1.6955e-01, 
 2DIAGNOSTIC,    10, -7.070476940486e-01, 1.001766664211e-03, 4.5085e+00, 2.2926e-01, 
 2DIAGNOSTIC,    11, -7.070485483197e-01, 8.710872412522e-04, 4.6335e+00, 1.2498e-01, 
 2DIAGNOSTIC,    12, -7.070257119068e-01, 7.054386332258e-04, 4.7582e+00, 1.2478e-01, 
 2DIAGNOSTIC,    13, -7.070133999953e-01, 5.254082359050e-04, 4.8829e+00, 1.2470e-01, 
 2DIAGNOSTIC,    14, -7.069961090087e-01, 3.528806818500e-04, 5.0377e+00, 1.5475e-01, 
 2DIAGNOSTIC,    15, -7.069852797117e-01, 2.073768069515e-04, 5.1625e+00, 1.2480e-01, 
 2DIAGNOSTIC,    16, -7.069877104639e-01, 9.897407293356e-05, 5.2871e+00, 1.2466e-01, 
 2DIAGNOSTIC,    17, -7.069772473887e-01, 4.238074002414e-05, 5.3971e+00, 1.0993e-01, 
DIAGNOSTIC,Iteration,metricValue,convergenceValue,ITERATION_TIME_INDEX,SINCE_LAST
 2DIAGNOSTIC,     1, -5.996451820649e-01, 1.797693134862e+308, 7.7214e+00, 2.3243e+00, 
 2DIAGNOSTIC,     2, -5.998287508259e-01, 1.797693134862e+308, 8.5519e+00, 8.3051e-01, 
 2DIAGNOSTIC,     3, -5.999433019340e-01, 1.797693134862e+308, 9.2924e+00, 7.4053e-01, 
 2DIAGNOSTIC,     4, -6.001829597258e-01, 1.797693134862e+308, 1.0037e+01, 7.4459e-01, 
 2DIAGNOSTIC,     5, -6.007608599799e-01, 1.797693134862e+308, 1.0783e+01, 7.4649e-01, 
 2DIAGNOSTIC,     6, -6.022660963273e-01, 1.797693134862e+308, 1.1931e+01, 1.1473e+00, 
 2DIAGNOSTIC,     7, -6.026353173947e-01, 1.797693134862e+308, 1.3657e+01, 1.7263e+00, 
 2DIAGNOSTIC,     8, -6.026360156972e-01, 1.797693134862e+308, 1.4496e+01, 8.3892e-01, 
 2DIAGNOSTIC,     9, -6.026363402730e-01, 1.797693134862e+308, 1.5334e+01, 8.3771e-01, 
 2DIAGNOSTIC,    10, -6.026355250578e-01, 4.156725696240e-04, 1.6071e+01, 7.3687e-01, 
 2DIAGNOSTIC,    11, -6.026350244934e-01, 3.387132845966e-04, 1.6810e+01, 7.3957e-01, 
 2DIAGNOSTIC,    12, -6.026363308276e-01, 2.516652123795e-04, 1.7646e+01, 8.3628e-01, 
 2DIAGNOSTIC,    13, -6.026378694672e-01, 1.606127949086e-04, 1.8381e+01, 7.3464e-01, 
 2DIAGNOSTIC,    14, -6.026391451353e-01, 7.660830206171e-05, 1.9216e+01, 8.3524e-01, 
 2DIAGNOSTIC,    15, -6.026416281813e-01, 1.409155183014e-05, 1.9951e+01, 7.3490e-01, 
 2DIAGNOSTIC,    16, -6.026443987828e-01, 2.500402354361e-06, 2.0685e+01, 7.3396e-01, 
 2DIAGNOSTIC,    17, -6.026483729888e-01, 2.591913845669e-06, 2.1519e+01, 8.3400e-01, 
 2DIAGNOSTIC,    18, -6.026532365448e-01, 2.750089978985e-06, 2.2271e+01, 7.5148e-01, 
 2DIAGNOSTIC,    19, -6.026617762633e-01, 3.019897506049e-06, 2.3026e+01, 7.5522e-01, 
 2DIAGNOSTIC,    20, -6.026778909753e-01, 3.496081513094e-06, 2.3882e+01, 8.5628e-01, 
 2DIAGNOSTIC,    21, -6.026926967652e-01, 4.063278204035e-06, 2.4732e+01, 8.4945e-01, 
 2DIAGNOSTIC,    22, -6.026992593331e-01, 4.506175880784e-06, 2.5581e+01, 8.4895e-01, 
 2DIAGNOSTIC,    23, -6.026997699166e-01, 4.669748864934e-06, 2.6321e+01, 7.4065e-01, 
 2DIAGNOSTIC,    24, -6.026999835612e-01, 4.543178918300e-06, 2.7059e+01, 7.3779e-01, 
 2DIAGNOSTIC,    25, -6.026999067574e-01, 4.166285948702e-06, 2.8199e+01, 1.1400e+00, 
 2DIAGNOSTIC,    26, -6.026987469214e-01, 3.571278599866e-06, 2.9145e+01, 9.4613e-01, 
 2DIAGNOSTIC,    27, -6.026954375264e-01, 2.812614695355e-06, 2.9978e+01, 8.3248e-01, 
 2DIAGNOSTIC,    28, -6.026948746684e-01, 2.030597262496e-06, 3.0811e+01, 8.3386e-01, 
 2DIAGNOSTIC,    29, -6.026916469995e-01, 1.300965968273e-06, 3.1548e+01, 7.3697e-01, 
DIAGNOSTIC,Iteration,metricValue,convergenceValue,ITERATION_TIME_INDEX,SINCE_LAST
 2DIAGNOSTIC,     1, -5.362119394997e-01, 1.797693134862e+308, 3.7622e+01, 6.0738e+00, 
 2DIAGNOSTIC,     2, -5.365934931555e-01, 1.797693134862e+308, 4.2474e+01, 4.8519e+00, 
 2DIAGNOSTIC,     3, -5.370323629611e-01, 1.797693134862e+308, 4.7304e+01, 4.8300e+00, 
 2DIAGNOSTIC,     4, -5.375444762566e-01, 1.797693134862e+308, 5.2112e+01, 4.8081e+00, 
 2DIAGNOSTIC,     5, -5.390132588193e-01, 1.797693134862e+308, 5.8647e+01, 6.5345e+00, 
 2DIAGNOSTIC,     6, -5.392523915296e-01, 1.797693134862e+308, 6.7489e+01, 8.8422e+00, 
 2DIAGNOSTIC,     7, -5.392520120694e-01, 1.797693134862e+308, 7.4009e+01, 6.5202e+00, 
 2DIAGNOSTIC,     8, -5.392511772038e-01, 1.797693134862e+308, 8.1685e+01, 7.6755e+00, 
 2DIAGNOSTIC,     9, -5.392510676335e-01, 1.797693134862e+308, 8.8206e+01, 6.5213e+00, 
 2DIAGNOSTIC,    10, -5.392511750342e-01, 4.126756800779e-04, 9.4133e+01, 5.9276e+00, 
 2DIAGNOSTIC,    11, -5.392509610572e-01, 2.863017458741e-04, 9.9481e+01, 5.3477e+00, 
 2DIAGNOSTIC,    12, -5.392507720690e-01, 1.731227601402e-04, 1.0426e+02, 4.7741e+00, 
 2DIAGNOSTIC,    13, -5.392507770305e-01, 8.009040170998e-05, 1.0961e+02, 5.3520e+00, 
 2DIAGNOSTIC,    14, -5.392508089021e-01, 1.114053678479e-05, 1.1554e+02, 5.9323e+00, 
 2DIAGNOSTIC,    15, -5.392507397435e-01, 2.012183796418e-06, 1.2090e+02, 5.3559e+00, 
 2DIAGNOSTIC,    16, -5.392506528840e-01, 1.919820793020e-06, 1.2567e+02, 4.7700e+00, 
 2DIAGNOSTIC,    17, -5.392506001580e-01, 1.832366152726e-06, 1.3105e+02, 5.3840e+00, 
 2DIAGNOSTIC,    18, -5.392506738215e-01, 1.736121311192e-06, 1.3585e+02, 4.7986e+00, 
 2DIAGNOSTIC,    19, -5.392506621126e-01, 1.649331302853e-06, 1.4124e+02, 5.3879e+00, 
 2DIAGNOSTIC,    20, -5.392506503993e-01, 1.576362980524e-06, 1.4662e+02, 5.3883e+00, 
 2DIAGNOSTIC,    21, -5.392505024112e-01, 1.502944017073e-06, 1.5201e+02, 5.3874e+00, 
 2DIAGNOSTIC,    22, -5.392504578330e-01, 1.431925910136e-06, 1.5739e+02, 5.3768e+00, 
 2DIAGNOSTIC,    23, -5.392504524523e-01, 1.368387401661e-06, 1.6277e+02, 5.3838e+00, 
 2DIAGNOSTIC,    24, -5.392501745242e-01, 1.306156495427e-06, 1.6758e+02, 4.8052e+00, 
 2DIAGNOSTIC,    25, -5.392502594168e-01, 1.251374874785e-06, 1.7296e+02, 5.3821e+00, 
 2DIAGNOSTIC,    26, -5.392504804750e-01, 1.205577646698e-06, 1.7834e+02, 5.3804e+00, 
 2DIAGNOSTIC,    27, -5.392504288943e-01, 1.162689067670e-06, 1.8372e+02, 5.3784e+00, 
 2DIAGNOSTIC,    28, -5.392500265236e-01, 1.118294792803e-06, 1.8909e+02, 5.3722e+00, 
 2DIAGNOSTIC,    29, -5.392501691428e-01, 1.081396917964e-06, 1.9447e+02, 5.3770e+00, 
 2DIAGNOSTIC,    30, -5.392501000634e-01, 1.046941329366e-06, 1.9926e+02, 4.7893e+00, 
 2DIAGNOSTIC,    31, -5.392500352795e-01, 1.012248218676e-06, 2.0464e+02, 5.3839e+00, 
  Elapsed time (stage 0): 2.0771e+02


Total elapsed time: 2.0771e+02
-i /mnt/lustre/mathdugre/fast-interpolate/datasets/ds004513/derivatives/flint/ants/flint-vprec-single/sub-s025/ses-open/anat/0/1_Rigid.nii.gz -o /mnt/lustre/mathdugre/fast-interpolate/datasets/ds004513/derivatives/flint/ants/flint-vprec-single/sub-s025/ses-open/anat/00/1_transformed.nii.gz -t /mnt/lustre/mathdugre/fast-interpolate/datasets/ds004513/derivatives/flint/ants/flint-vprec-single/sub-s025/ses-open/anat/00/1_0GenericAffine.mat
