---------------------
Experiment information

SIF_IMG: /mnt/lustre/mathdugre/containers/ants-flint-base.simg
SIF_IMG_BASE: /mnt/lustre/mathdugre/containers/ants-flint-base.simg
EXPERIMENT_NAME: flint-vprec-single
STAGE: syn
SUBJECT_ID: s007
REPETITION_ID: 1

FIXED_IMG: /templateflow/tpl-MNI152NLin2009cAsym/tpl-MNI152NLin2009cAsym_res-01_desc-brain_T1w.nii.gz
INPUT_IMG: /mnt/lustre/mathdugre/fast-interpolate/datasets/ds004513/derivatives/flint/ants/flint-vprec-single/sub-s007/ses-open/anat/01/1_Affine.nii.gz

DATA_DIR: /mnt/lustre/mathdugre/fast-interpolate/datasets/ds004513
OUTPUT_DIR: /mnt/lustre/mathdugre/fast-interpolate/datasets/ds004513/derivatives/flint/ants/flint-vprec-single/sub-s007/ses-open/anat
OUTPUT_PREFIX: 010
THREAD: 1
FLOAT: 0
VFC_BACKENDS: ieee
---------------------

--output [/mnt/lustre/mathdugre/fast-interpolate/datasets/ds004513/derivatives/flint/ants/flint-vprec-single/sub-s007/ses-open/anat/010/1_,/mnt/lustre/mathdugre/fast-interpolate/datasets/ds004513/derivatives/flint/ants/flint-vprec-single/sub-s007/ses-open/anat/010/1_Warped.nii.gz,/mnt/lustre/mathdugre/fast-interpolate/datasets/ds004513/derivatives/flint/ants/flint-vprec-single/sub-s007/ses-open/anat/010/1_InverseSyN.nii.gz] --initial-moving-transform [/templateflow/tpl-MNI152NLin2009cAsym/tpl-MNI152NLin2009cAsym_res-01_desc-brain_T1w.nii.gz,/mnt/lustre/mathdugre/fast-interpolate/datasets/ds004513/derivatives/flint/ants/flint-vprec-single/sub-s007/ses-open/anat/01/1_Affine.nii.gz,1] --transform SyN[ 0.1,3,0 ] --metric CC[/templateflow/tpl-MNI152NLin2009cAsym/tpl-MNI152NLin2009cAsym_res-01_desc-brain_T1w.nii.gz,/mnt/lustre/mathdugre/fast-interpolate/datasets/ds004513/derivatives/flint/ants/flint-vprec-single/sub-s007/ses-open/anat/01/1_Affine.nii.gz,1,4] --convergence [100x70x50x20,1e-6,10] --shrink-factors 8x4x2x1 --smoothing-sigmas 3x2x1x0vox
All_Command_lines_OK
Using double precision for computations.
=============================================================================
The composite transform comprises the following transforms (in order): 
  1. Center of mass alignment using fixed image: /templateflow/tpl-MNI152NLin2009cAsym/tpl-MNI152NLin2009cAsym_res-01_desc-brain_T1w.nii.gz and moving image: /mnt/lustre/mathdugre/fast-interpolate/datasets/ds004513/derivatives/flint/ants/flint-vprec-single/sub-s007/ses-open/anat/01/1_Affine.nii.gz (type = Euler3DTransform)
=============================================================================
  number of levels = 4
  fixed image: /templateflow/tpl-MNI152NLin2009cAsym/tpl-MNI152NLin2009cAsym_res-01_desc-brain_T1w.nii.gz
  moving image: /mnt/lustre/mathdugre/fast-interpolate/datasets/ds004513/derivatives/flint/ants/flint-vprec-single/sub-s007/ses-open/anat/01/1_Affine.nii.gz
Dimension = 3
Number of stages = 1
Use histogram matching = false
Winsorize image intensities = true
  Lower quantile = 0.005
  Upper quantile = 0.995


Stage 1 State
   Image metric = CC
     Fixed image = Image (0x559e78c07a00)
  RTTI typeinfo:   itk::Image<double, 3u>
  Reference Count: 2
  Modified Time: 1622
  Debug: Off
  Object Name: 
  Observers: 
    none
  Source: (none)
  Source output name: (none)
  Release Data: Off
  Data Released: False
  Global Release Data: Off
  PipelineMTime: 0
  UpdateMTime: 1407
  RealTimeStamp: 0 seconds 
  LargestPossibleRegion: 
    Dimension: 3
    Index: [0, 0, 0]
    Size: [193, 229, 193]
  BufferedRegion: 
    Dimension: 3
    Index: [0, 0, 0]
    Size: [193, 229, 193]
  RequestedRegion: 
    Dimension: 3
    Index: [0, 0, 0]
    Size: [193, 229, 193]
  Spacing: [1, 1, 1]
  Origin: [96, 132, -78]
  Direction: 
-1 0 0
0 -1 0
0 0 1

  IndexToPointMatrix: 
-1 0 0
0 -1 0
0 0 1

  PointToIndexMatrix: 
-1 0 0
0 -1 0
0 0 1

  Inverse Direction: 
-1 0 0
0 -1 0
0 0 1

  PixelContainer: 
    ImportImageContainer (0x559e78c9bd50)
      RTTI typeinfo:   itk::ImportImageContainer<unsigned long, double>
      Reference Count: 1
      Modified Time: 1404
      Debug: Off
      Object Name: 
      Observers: 
        none
      Pointer: 0x7ff80a291010
      Container manages memory: true
      Size: 8530021
      Capacity: 8530021

     Moving image = Image (0x559e78c0e870)
  RTTI typeinfo:   itk::Image<double, 3u>
  Reference Count: 2
  Modified Time: 1623
  Debug: Off
  Object Name: 
  Observers: 
    none
  Source: (none)
  Source output name: (none)
  Release Data: Off
  Data Released: False
  Global Release Data: Off
  PipelineMTime: 0
  UpdateMTime: 1620
  RealTimeStamp: 0 seconds 
  LargestPossibleRegion: 
    Dimension: 3
    Index: [0, 0, 0]
    Size: [193, 229, 193]
  BufferedRegion: 
    Dimension: 3
    Index: [0, 0, 0]
    Size: [193, 229, 193]
  RequestedRegion: 
    Dimension: 3
    Index: [0, 0, 0]
    Size: [193, 229, 193]
  Spacing: [1, 1, 1]
  Origin: [96, 132, -78]
  Direction: 
-1 0 0
0 -1 0
0 0 1

  IndexToPointMatrix: 
-1 0 0
0 -1 0
0 0 1

  PointToIndexMatrix: 
-1 0 0
0 -1 0
0 0 1

  Inverse Direction: 
-1 0 0
0 -1 0
0 0 1

  PixelContainer: 
    ImportImageContainer (0x559e78cb2d90)
      RTTI typeinfo:   itk::ImportImageContainer<unsigned long, double>
      Reference Count: 1
      Modified Time: 1617
      Debug: Off
      Object Name: 
      Observers: 
        none
      Pointer: 0x7ff80617c010
      Container manages memory: true
      Size: 8530021
      Capacity: 8530021

     Weighting = 1
     Sampling strategy = none
     Number of bins = 32
     Radius = 4
     Sampling percentage  = 1
   Transform = SyN
     Gradient step = 0.1
     Update field sigma (voxel space) = 3
     Total field sigma (voxel space) = 0
     Update field time sigma = 0
     Total field time sigma  = 0
     Number of time indices = 0
     Number of time point samples = 0
Registration using 1 total stages.

Stage 0
  iterations = 100x70x50x20
  convergence threshold = 1e-06
  convergence window size = 10
  number of levels = 4
  using the CC metric (radius = 4, weight = 1, use gradient filter = 0)
  preprocessing:  winsorizing the image intensities
  Shrink factors (level 1 out of 4): [8, 8, 8]
  Shrink factors (level 2 out of 4): [4, 4, 4]
  Shrink factors (level 3 out of 4): [2, 2, 2]
  Shrink factors (level 4 out of 4): [1, 1, 1]
  smoothing sigmas per level: [3, 2, 1, 0]
  Using default NONE metricSamplingStrategy 

*** Running SyN registration (varianceForUpdateField = 3, varianceForTotalField = 0) ***

XXDIAGNOSTIC,Iteration,metricValue,convergenceValue,ITERATION_TIME_INDEX,SINCE_LAST
 1DIAGNOSTIC,     1, -9.339167974843e-01, 1.797693134862e+308, 2.1611e+00, 2.1611e+00, 
 1DIAGNOSTIC,     2, -9.426657558007e-01, 1.797693134862e+308, 2.9012e+00, 7.4011e-01, 
 1DIAGNOSTIC,     3, -9.492729022118e-01, 1.797693134862e+308, 3.6424e+00, 7.4117e-01, 
 1DIAGNOSTIC,     4, -9.538523672075e-01, 1.797693134862e+308, 4.3773e+00, 7.3487e-01, 
 1DIAGNOSTIC,     5, -9.568401761912e-01, 1.797693134862e+308, 5.1119e+00, 7.3466e-01, 
 1DIAGNOSTIC,     6, -9.594976740569e-01, 1.797693134862e+308, 5.8489e+00, 7.3695e-01, 
 1DIAGNOSTIC,     7, -9.620766893905e-01, 1.797693134862e+308, 6.5891e+00, 7.4026e-01, 
 1DIAGNOSTIC,     8, -9.646229641708e-01, 1.797693134862e+308, 7.3251e+00, 7.3594e-01, 
 1DIAGNOSTIC,     9, -9.670938780172e-01, 1.797693134862e+308, 8.0614e+00, 7.3630e-01, 
 1DIAGNOSTIC,    10, -9.696256459267e-01, 2.146928011307e-03, 8.7970e+00, 7.3565e-01, 
 1DIAGNOSTIC,    11, -9.720645829964e-01, 1.636544815736e-03, 9.5327e+00, 7.3565e-01, 
 1DIAGNOSTIC,    12, -9.737643714755e-01, 1.320432918679e-03, 1.0270e+01, 7.3701e-01, 
 1DIAGNOSTIC,    13, -9.737235888056e-01, 1.082276662930e-03, 1.1007e+01, 7.3708e-01, 
 1DIAGNOSTIC,    14, -9.737070410339e-01, 8.767888024595e-04, 1.1743e+01, 7.3582e-01, 
 1DIAGNOSTIC,    15, -9.736961229817e-01, 6.771916176773e-04, 1.2483e+01, 7.4061e-01, 
 1DIAGNOSTIC,    16, -9.736923103884e-01, 4.888355953577e-04, 1.3219e+01, 7.3625e-01, 
 1DIAGNOSTIC,    17, -9.737394904053e-01, 3.229849608503e-04, 1.3955e+01, 7.3564e-01, 
 1DIAGNOSTIC,    18, -9.737243823796e-01, 1.874498829322e-04, 1.4692e+01, 7.3652e-01, 
 1DIAGNOSTIC,    19, -9.738120981105e-01, 8.859803272532e-05, 1.5428e+01, 7.3615e-01, 
 1DIAGNOSTIC,    20, -9.737946716720e-01, 2.792486583727e-05, 1.6163e+01, 7.3559e-01, 
 1DIAGNOSTIC,    21, -9.739056944803e-01, 5.709222964667e-06, 1.6900e+01, 7.3666e-01, 
 1DIAGNOSTIC,    22, -9.738820973080e-01, 7.540942210359e-06, 1.7637e+01, 7.3695e-01, 
 1DIAGNOSTIC,    23, -9.740026389920e-01, 9.685837971639e-06, 1.8373e+01, 7.3612e-01, 
 1DIAGNOSTIC,    24, -9.739724315249e-01, 1.027316508276e-05, 1.9111e+01, 7.3766e-01, 
 1DIAGNOSTIC,    25, -9.740974686080e-01, 1.133869354579e-05, 1.9847e+01, 7.3594e-01, 
 1DIAGNOSTIC,    26, -9.740581084787e-01, 1.084509968675e-05, 2.0582e+01, 7.3575e-01, 
 1DIAGNOSTIC,    27, -9.741846663755e-01, 1.140521769313e-05, 2.1322e+01, 7.3964e-01, 
 1DIAGNOSTIC,    28, -9.741392568459e-01, 1.027616022102e-05, 2.2058e+01, 7.3585e-01, 
 1DIAGNOSTIC,    29, -9.742188009247e-01, 1.008980450883e-05, 2.2793e+01, 7.3548e-01, 
 1DIAGNOSTIC,    30, -9.741675912026e-01, 8.354521004776e-06, 2.3531e+01, 7.3790e-01, 
 1DIAGNOSTIC,    31, -9.742955922777e-01, 8.334582459329e-06, 2.4268e+01, 7.3663e-01, 
 1DIAGNOSTIC,    32, -9.742373678573e-01, 6.813293133796e-06, 2.5004e+01, 7.3573e-01, 
 1DIAGNOSTIC,    33, -9.743623671270e-01, 7.053430080173e-06, 2.5743e+01, 7.3971e-01, 
 1DIAGNOSTIC,    34, -9.742979466620e-01, 5.840727588143e-06, 2.6479e+01, 7.3583e-01, 
 1DIAGNOSTIC,    35, -9.744180718762e-01, 6.323947065609e-06, 2.7218e+01, 7.3842e-01, 
 1DIAGNOSTIC,    36, -9.743475561381e-01, 5.315166229782e-06, 2.7955e+01, 7.3691e-01, 
 1DIAGNOSTIC,    37, -9.744622482964e-01, 5.882842898635e-06, 2.8691e+01, 7.3610e-01, 
 1DIAGNOSTIC,    38, -9.743886959006e-01, 4.988920086491e-06, 2.9427e+01, 7.3606e-01, 
 1DIAGNOSTIC,    39, -9.744985433575e-01, 5.203908033123e-06, 3.0164e+01, 7.3707e-01, 
 1DIAGNOSTIC,    40, -9.744218281821e-01, 4.008488422042e-06, 3.0901e+01, 7.3696e-01, 
 1DIAGNOSTIC,    41, -9.745237348552e-01, 4.243037137100e-06, 3.1637e+01, 7.3619e-01, 
 1DIAGNOSTIC,    42, -9.744445442862e-01, 3.136064840696e-06, 3.2374e+01, 7.3732e-01, 
 1DIAGNOSTIC,    43, -9.745408851759e-01, 3.394959313618e-06, 3.3111e+01, 7.3651e-01, 
 1DIAGNOSTIC,    44, -9.744606339638e-01, 2.386817580236e-06, 3.3847e+01, 7.3626e-01, 
 1DIAGNOSTIC,    45, -9.745528805099e-01, 2.679262804759e-06, 3.4584e+01, 7.3720e-01, 
 1DIAGNOSTIC,    46, -9.744721901872e-01, 1.772232554983e-06, 3.5321e+01, 7.3631e-01, 
 1DIAGNOSTIC,    47, -9.745604385570e-01, 2.096052562593e-06, 3.6057e+01, 7.3599e-01, 
 1DIAGNOSTIC,    48, -9.744790440282e-01, 1.292074305572e-06, 3.6793e+01, 7.3679e-01, 
 1DIAGNOSTIC,    49, -9.745633522938e-01, 1.650507301124e-06, 3.7531e+01, 7.3761e-01, 
 1DIAGNOSTIC,    50, -9.744817127062e-01, 9.408550983477e-07, 3.8267e+01, 7.3618e-01, 
XXDIAGNOSTIC,Iteration,metricValue,convergenceValue,ITERATION_TIME_INDEX,SINCE_LAST
 1DIAGNOSTIC,     1, -9.170526654236e-01, 1.797693134862e+308, 4.5838e+01, 7.5712e+00, 
 1DIAGNOSTIC,     2, -9.197261363049e-01, 1.797693134862e+308, 5.1972e+01, 6.1342e+00, 
 1DIAGNOSTIC,     3, -9.238637293406e-01, 1.797693134862e+308, 5.8071e+01, 6.0988e+00, 
 1DIAGNOSTIC,     4, -9.268187090391e-01, 1.797693134862e+308, 6.4172e+01, 6.1004e+00, 
 1DIAGNOSTIC,     5, -9.293506585602e-01, 1.797693134862e+308, 7.0268e+01, 6.0959e+00, 
 1DIAGNOSTIC,     6, -9.314476974340e-01, 1.797693134862e+308, 7.6367e+01, 6.0995e+00, 
 1DIAGNOSTIC,     7, -9.332169561771e-01, 1.797693134862e+308, 8.2493e+01, 6.1260e+00, 
 1DIAGNOSTIC,     8, -9.347260883912e-01, 1.797693134862e+308, 8.8609e+01, 6.1161e+00, 
 1DIAGNOSTIC,     9, -9.360545533808e-01, 1.797693134862e+308, 9.4719e+01, 6.1094e+00, 
 1DIAGNOSTIC,    10, -9.372272848830e-01, 1.392162732295e-03, 1.0081e+02, 6.0958e+00, 
 1DIAGNOSTIC,    11, -9.382948925911e-01, 1.101348866434e-03, 1.0691e+02, 6.0966e+00, 
 1DIAGNOSTIC,    12, -9.392827721922e-01, 8.520769325005e-04, 1.1301e+02, 6.1041e+00, 
 1DIAGNOSTIC,    13, -9.402194811859e-01, 6.826642137490e-04, 1.1912e+02, 6.1053e+00, 
 1DIAGNOSTIC,    14, -9.410166894287e-01, 5.565712537411e-04, 1.2522e+02, 6.1014e+00, 
 1DIAGNOSTIC,    15, -9.416924673593e-01, 4.612379562285e-04, 1.3137e+02, 6.1441e+00, 
 1DIAGNOSTIC,    16, -9.422751945713e-01, 3.862469232463e-04, 1.3751e+02, 6.1408e+00, 
 1DIAGNOSTIC,    17, -9.425081718233e-01, 3.201480165910e-04, 1.4366e+02, 6.1505e+00, 
 1DIAGNOSTIC,    18, -9.427420279076e-01, 2.612255372708e-04, 1.4982e+02, 6.1609e+00, 
 1DIAGNOSTIC,    19, -9.429735617518e-01, 2.091924550718e-04, 1.5597e+02, 6.1561e+00, 
 1DIAGNOSTIC,    20, -9.431951509738e-01, 1.640134986694e-04, 1.6212e+02, 6.1422e+00, 
 1DIAGNOSTIC,    21, -9.434113225761e-01, 1.263722591427e-04, 1.6826e+02, 6.1471e+00, 
 1DIAGNOSTIC,    22, -9.436145486249e-01, 9.678875467880e-05, 1.7440e+02, 6.1384e+00, 
 1DIAGNOSTIC,    23, -9.437913001280e-01, 7.543782695026e-05, 1.8056e+02, 6.1538e+00, 
 1DIAGNOSTIC,    24, -9.440699822834e-01, 6.237604405916e-05, 1.8671e+02, 6.1497e+00, 
 1DIAGNOSTIC,    25, -9.442025066070e-01, 5.422584024474e-05, 1.9285e+02, 6.1455e+00, 
 1DIAGNOSTIC,    26, -9.443368591107e-01, 5.005910304251e-05, 1.9900e+02, 6.1446e+00, 
 1DIAGNOSTIC,    27, -9.444591804448e-01, 4.556200208479e-05, 2.0514e+02, 6.1424e+00, 
 1DIAGNOSTIC,    28, -9.445757530026e-01, 4.094333592073e-05, 2.1128e+02, 6.1440e+00, 
 1DIAGNOSTIC,    29, -9.446873469059e-01, 3.641033284994e-05, 2.1743e+02, 6.1489e+00, 
 1DIAGNOSTIC,    30, -9.447889163073e-01, 3.206223539064e-05, 2.2357e+02, 6.1439e+00, 
 1DIAGNOSTIC,    31, -9.448777396139e-01, 2.802303596454e-05, 2.2972e+02, 6.1491e+00, 
 1DIAGNOSTIC,    32, -9.449640793921e-01, 2.440149389198e-05, 2.3586e+02, 6.1403e+00, 
 1DIAGNOSTIC,    33, -9.450359882529e-01, 2.100052099015e-05, 2.4202e+02, 6.1524e+00, 
 1DIAGNOSTIC,    34, -9.451045905541e-01, 1.896930951037e-05, 2.4817e+02, 6.1489e+00, 
 1DIAGNOSTIC,    35, -9.451632356167e-01, 1.697231412740e-05, 2.5431e+02, 6.1433e+00, 
 1DIAGNOSTIC,    36, -9.452174708863e-01, 1.512692249705e-05, 2.6045e+02, 6.1461e+00, 
 1DIAGNOSTIC,    37, -9.452681056557e-01, 1.342374440616e-05, 2.6660e+02, 6.1433e+00, 
 1DIAGNOSTIC,    38, -9.453144076435e-01, 1.189400546114e-05, 2.7274e+02, 6.1415e+00, 
 1DIAGNOSTIC,    39, -9.453547417218e-01, 1.055325811571e-05, 2.7889e+02, 6.1511e+00, 
 1DIAGNOSTIC,    40, -9.453938829403e-01, 9.403752658579e-06, 2.8503e+02, 6.1419e+00, 
 1DIAGNOSTIC,    41, -9.454233736570e-01, 8.349609075812e-06, 2.9118e+02, 6.1518e+00, 
 1DIAGNOSTIC,    42, -9.454558524308e-01, 7.469612614473e-06, 2.9734e+02, 6.1535e+00, 
 1DIAGNOSTIC,    43, -9.454814423772e-01, 6.665194133254e-06, 3.0349e+02, 6.1535e+00, 
 1DIAGNOSTIC,    44, -9.455038334208e-01, 5.949234393565e-06, 3.0963e+02, 6.1434e+00, 
 1DIAGNOSTIC,    45, -9.455294165119e-01, 5.325278920321e-06, 3.1578e+02, 6.1460e+00, 
 1DIAGNOSTIC,    46, -9.455518500048e-01, 4.783761146661e-06, 3.2193e+02, 6.1513e+00, 
 1DIAGNOSTIC,    47, -9.455634457920e-01, 4.268067940936e-06, 3.2808e+02, 6.1453e+00, 
 1DIAGNOSTIC,    48, -9.455783473615e-01, 3.812475289688e-06, 3.3423e+02, 6.1486e+00, 
 1DIAGNOSTIC,    49, -9.455943391537e-01, 3.416816355007e-06, 3.4037e+02, 6.1460e+00, 
 1DIAGNOSTIC,    50, -9.456040903945e-01, 3.063025946236e-06, 3.4652e+02, 6.1440e+00, 
 1DIAGNOSTIC,    51, -9.456145864130e-01, 2.723867565033e-06, 3.5267e+02, 6.1511e+00, 
 1DIAGNOSTIC,    52, -9.456208253293e-01, 2.419697935421e-06, 3.5881e+02, 6.1443e+00, 
 1DIAGNOSTIC,    53, -9.456266834537e-01, 2.131758723753e-06, 3.6496e+02, 6.1457e+00, 
 1DIAGNOSTIC,    54, -9.456220975414e-01, 1.804199220207e-06, 3.7111e+02, 6.1484e+00, 
 1DIAGNOSTIC,    55, -9.456281576311e-01, 1.544635322235e-06, 3.7725e+02, 6.1448e+00, 
 1DIAGNOSTIC,    56, -9.456326708827e-01, 1.345642008703e-06, 3.8340e+02, 6.1480e+00, 
 1DIAGNOSTIC,    57, -9.456366394400e-01, 1.159617528133e-06, 3.8954e+02, 6.1426e+00, 
 1DIAGNOSTIC,    58, -9.456395087939e-01, 1.013690584070e-06, 3.9569e+02, 6.1494e+00, 
 1DIAGNOSTIC,    59, -9.456406072271e-01, 9.157407588334e-07, 4.0184e+02, 6.1447e+00, 
XXDIAGNOSTIC,Iteration,metricValue,convergenceValue,ITERATION_TIME_INDEX,SINCE_LAST
 1DIAGNOSTIC,     1, -8.940024492150e-01, 1.797693134862e+308, 4.5294e+02, 5.1101e+01, 
 1DIAGNOSTIC,     2, -8.958607041236e-01, 1.797693134862e+308, 5.0214e+02, 4.9205e+01, 
 1DIAGNOSTIC,     3, -8.983017507442e-01, 1.797693134862e+308, 5.5137e+02, 4.9230e+01, 
 1DIAGNOSTIC,     4, -9.006312243435e-01, 1.797693134862e+308, 6.0080e+02, 4.9433e+01, 
 1DIAGNOSTIC,     5, -9.029820933147e-01, 1.797693134862e+308, 6.4997e+02, 4.9169e+01, 
 1DIAGNOSTIC,     6, -9.049814769572e-01, 1.797693134862e+308, 6.9922e+02, 4.9245e+01, 
 1DIAGNOSTIC,     7, -9.068781878958e-01, 1.797693134862e+308, 7.4861e+02, 4.9391e+01, 
 1DIAGNOSTIC,     8, -9.087031338010e-01, 1.797693134862e+308, 7.9798e+02, 4.9376e+01, 
 1DIAGNOSTIC,     9, -9.102463112511e-01, 1.797693134862e+308, 8.4740e+02, 4.9413e+01, 
 1DIAGNOSTIC,    10, -9.116393372501e-01, 1.285267990290e-03, 8.9684e+02, 4.9444e+01, 
 1DIAGNOSTIC,    11, -9.129252203865e-01, 1.101529340893e-03, 9.4619e+02, 4.9344e+01, 
 1DIAGNOSTIC,    12, -9.141051007836e-01, 9.284879540821e-04, 9.9564e+02, 4.9455e+01, 
 1DIAGNOSTIC,    13, -9.151856433178e-01, 7.826187950439e-04, 1.0450e+03, 4.9408e+01, 
 1DIAGNOSTIC,    14, -9.161559499371e-01, 6.597856401002e-04, 1.0946e+03, 4.9529e+01, 
 1DIAGNOSTIC,    15, -9.170235352876e-01, 5.599694340106e-04, 1.1442e+03, 4.9598e+01, 
 1DIAGNOSTIC,    16, -9.176116405729e-01, 4.715725707185e-04, 1.1938e+03, 4.9607e+01, 
 1DIAGNOSTIC,    17, -9.181063686212e-01, 3.939121657434e-04, 1.2433e+03, 4.9544e+01, 
 1DIAGNOSTIC,    18, -9.185354930674e-01, 3.274663953521e-04, 1.2929e+03, 4.9614e+01, 
 1DIAGNOSTIC,    19, -9.189079538784e-01, 2.689954375217e-04, 1.3425e+03, 4.9588e+01, 
 1DIAGNOSTIC,    20, -9.192359402285e-01, 2.181121346922e-04, 1.3921e+03, 4.9597e+01, 
 1DIAGNOSTIC,    21, -9.195316675861e-01, 1.752006820300e-04, 1.4417e+03, 4.9605e+01, 
 1DIAGNOSTIC,    22, -9.198012963328e-01, 1.403493927228e-04, 1.4913e+03, 4.9607e+01, 
 1DIAGNOSTIC,    23, -9.200585316402e-01, 1.134730422100e-04, 1.5409e+03, 4.9532e+01, 
 1DIAGNOSTIC,    24, -9.203047188539e-01, 9.391872235015e-05, 1.5905e+03, 4.9618e+01, 
 1DIAGNOSTIC,    25, -9.205478425979e-01, 8.095239275099e-05, 1.6401e+03, 4.9578e+01, 
 1DIAGNOSTIC,    26, -9.207905857906e-01, 7.133560463838e-05, 1.6896e+03, 4.9581e+01, 
 1DIAGNOSTIC,    27, -9.210348997574e-01, 6.425419223575e-05, 1.7392e+03, 4.9597e+01, 
 1DIAGNOSTIC,    28, -9.212832704915e-01, 5.917548929133e-05, 1.7889e+03, 4.9627e+01, 
 1DIAGNOSTIC,    29, -9.215368338587e-01, 5.560572116665e-05, 1.8384e+03, 4.9543e+01, 
 1DIAGNOSTIC,    30, -9.217937798690e-01, 5.311398019052e-05, 1.8880e+03, 4.9632e+01, 
 1DIAGNOSTIC,    31, -9.220686038714e-01, 5.151429638293e-05, 1.9376e+03, 4.9582e+01, 
 1DIAGNOSTIC,    32, -9.223467197986e-01, 5.048611503038e-05, 1.9872e+03, 4.9600e+01, 
 1DIAGNOSTIC,    33, -9.226341911483e-01, 4.989528763866e-05, 2.0368e+03, 4.9613e+01, 
 1DIAGNOSTIC,    34, -9.229345090813e-01, 4.962942960284e-05, 2.0865e+03, 4.9639e+01, 
 1DIAGNOSTIC,    35, -9.232458682478e-01, 4.961364245539e-05, 2.1360e+03, 4.9515e+01, 
 1DIAGNOSTIC,    36, -9.235610902566e-01, 4.972029824554e-05, 2.1856e+03, 4.9622e+01, 
 1DIAGNOSTIC,    37, -9.238697817233e-01, 4.975595022476e-05, 2.2352e+03, 4.9608e+01, 
 1DIAGNOSTIC,    38, -9.241730848654e-01, 4.958597060829e-05, 2.2848e+03, 4.9562e+01, 
 1DIAGNOSTIC,    39, -9.244734047972e-01, 4.913434444865e-05, 2.3344e+03, 4.9609e+01, 
 1DIAGNOSTIC,    40, -9.247452655619e-01, 4.814358060815e-05, 2.3840e+03, 4.9630e+01, 
 1DIAGNOSTIC,    41, -9.249847316310e-01, 4.652631185969e-05, 2.4336e+03, 4.9573e+01, 
 1DIAGNOSTIC,    42, -9.251946434305e-01, 4.418041968768e-05, 2.4833e+03, 4.9652e+01, 
 1DIAGNOSTIC,    43, -9.253811975237e-01, 4.117320652383e-05, 2.5329e+03, 4.9615e+01, 
 1DIAGNOSTIC,    44, -9.255311799619e-01, 3.756850346314e-05, 2.5824e+03, 4.9579e+01, 
 1DIAGNOSTIC,    45, -9.255963660591e-01, 3.315735367126e-05, 2.6320e+03, 4.9601e+01, 
 1DIAGNOSTIC,    46, -9.255911824329e-01, 2.790281028182e-05, 2.6816e+03, 4.9543e+01, 
 1DIAGNOSTIC,    47, -9.255412263986e-01, 2.195939949506e-05, 2.7311e+03, 4.9553e+01, 
 1DIAGNOSTIC,    48, -9.254598398458e-01, 1.563771188565e-05, 2.7807e+03, 4.9545e+01, 
 1DIAGNOSTIC,    49, -9.253601025413e-01, 9.388816829159e-06, 2.8302e+03, 4.9515e+01, 
 1DIAGNOSTIC,    50, -9.252516450030e-01, 3.555037161117e-06, 2.8798e+03, 4.9561e+01, 
XXDIAGNOSTIC,Iteration,metricValue,convergenceValue,ITERATION_TIME_INDEX,SINCE_LAST
 1DIAGNOSTIC,     1, -8.898388029533e-01, 1.797693134862e+308, 3.2888e+03, 4.0899e+02, 
 1DIAGNOSTIC,     2, -8.909479591787e-01, 1.797693134862e+308, 3.6888e+03, 4.0006e+02, 
 1DIAGNOSTIC,     3, -8.923674714091e-01, 1.797693134862e+308, 4.0917e+03, 4.0286e+02, 
 1DIAGNOSTIC,     4, -8.939680947604e-01, 1.797693134862e+308, 4.4941e+03, 4.0241e+02, 
 1DIAGNOSTIC,     5, -8.955388665120e-01, 1.797693134862e+308, 4.8972e+03, 4.0307e+02, 
 1DIAGNOSTIC,     6, -8.971656908504e-01, 1.797693134862e+308, 5.2999e+03, 4.0272e+02, 
 1DIAGNOSTIC,     7, -8.985915735501e-01, 1.797693134862e+308, 5.7007e+03, 4.0080e+02, 
 1DIAGNOSTIC,     8, -8.999383503572e-01, 1.797693134862e+308, 6.1021e+03, 4.0144e+02, 
 1DIAGNOSTIC,     9, -9.012725607393e-01, 1.797693134862e+308, 6.5064e+03, 4.0427e+02, 
 1DIAGNOSTIC,    10, -9.024794793388e-01, 9.356255532329e-04, 6.9103e+03, 4.0396e+02, 
 1DIAGNOSTIC,    11, -9.035096553188e-01, 8.329606878897e-04, 7.3133e+03, 4.0300e+02, 
 1DIAGNOSTIC,    12, -9.044927734618e-01, 7.276540314650e-04, 7.7176e+03, 4.0421e+02, 
 1DIAGNOSTIC,    13, -9.054044306563e-01, 6.292250267194e-04, 8.1214e+03, 4.0386e+02, 
 1DIAGNOSTIC,    14, -9.062273990356e-01, 5.420658125424e-04, 8.5244e+03, 4.0296e+02, 
 1DIAGNOSTIC,    15, -9.070045705519e-01, 4.661132976183e-04, 8.9287e+03, 4.0428e+02, 
 1DIAGNOSTIC,    16, -9.077328427355e-01, 4.031692971854e-04, 9.3325e+03, 4.0381e+02, 
 1DIAGNOSTIC,    17, -9.084031800121e-01, 3.492314682062e-04, 9.7354e+03, 4.0299e+02, 
 1DIAGNOSTIC,    18, -9.090487340772e-01, 3.037076210734e-04, 1.0140e+04, 4.0412e+02, 
 1DIAGNOSTIC,    19, -9.096256380589e-01, 2.663505951429e-04, 1.0543e+04, 4.0390e+02, 
 1DIAGNOSTIC,    20, -9.101503477143e-01, 2.351557890261e-04, 1.0939e+04, 3.9540e+02, 
  Elapsed time (stage 0): 10942


Total elapsed time: 10942
-i /mnt/lustre/mathdugre/fast-interpolate/datasets/ds004513/derivatives/flint/ants/flint-vprec-single/sub-s007/ses-open/anat/01/1_Affine.nii.gz -o /mnt/lustre/mathdugre/fast-interpolate/datasets/ds004513/derivatives/flint/ants/flint-vprec-single/sub-s007/ses-open/anat/010/1_transformed.nii.gz -t /mnt/lustre/mathdugre/fast-interpolate/datasets/ds004513/derivatives/flint/ants/flint-vprec-single/sub-s007/ses-open/anat/010/1_1Warp.nii.gz -t /mnt/lustre/mathdugre/fast-interpolate/datasets/ds004513/derivatives/flint/ants/flint-vprec-single/sub-s007/ses-open/anat/010/1_0GenericAffine.mat
