---------------------
Experiment information

SIF_IMG: /mnt/lustre/mathdugre/containers/ants-flint-vprec.simg
SIF_IMG_BASE: /mnt/lustre/mathdugre/containers/ants-flint-base.simg
EXPERIMENT_NAME: flint-vprec-single-five-levels
STAGE: syn
SUBJECT_ID: s029
REPETITION_ID: 1

FIXED_IMG: /templateflow/tpl-MNI152NLin2009cAsym/tpl-MNI152NLin2009cAsym_res-01_desc-brain_T1w.nii.gz
INPUT_IMG: /mnt/lustre/mathdugre/fast-interpolate/datasets/ds004513/derivatives/flint/ants/flint-vprec-single-five-levels/sub-s029/ses-open/anat/01/1_Affine.nii.gz

DATA_DIR: /mnt/lustre/mathdugre/fast-interpolate/datasets/ds004513
OUTPUT_DIR: /mnt/lustre/mathdugre/fast-interpolate/datasets/ds004513/derivatives/flint/ants/flint-vprec-single-five-levels/sub-s029/ses-open/anat
OUTPUT_PREFIX: 011
THREAD: 1
FLOAT: 0
VFC_BACKENDS: libinterflop_vprec.so --precision-binary32=23 --range-binary32=8 --precision-binary64=23 --range-binary64=8
---------------------

--output [/mnt/lustre/mathdugre/fast-interpolate/datasets/ds004513/derivatives/flint/ants/flint-vprec-single-five-levels/sub-s029/ses-open/anat/011/1_,/mnt/lustre/mathdugre/fast-interpolate/datasets/ds004513/derivatives/flint/ants/flint-vprec-single-five-levels/sub-s029/ses-open/anat/011/1_Warped.nii.gz,/mnt/lustre/mathdugre/fast-interpolate/datasets/ds004513/derivatives/flint/ants/flint-vprec-single-five-levels/sub-s029/ses-open/anat/011/1_InverseSyN.nii.gz] --initial-moving-transform [/templateflow/tpl-MNI152NLin2009cAsym/tpl-MNI152NLin2009cAsym_res-01_desc-brain_T1w.nii.gz,/mnt/lustre/mathdugre/fast-interpolate/datasets/ds004513/derivatives/flint/ants/flint-vprec-single-five-levels/sub-s029/ses-open/anat/01/1_Affine.nii.gz,1] --transform SyN[ 0.1,3,0 ] --metric CC[/templateflow/tpl-MNI152NLin2009cAsym/tpl-MNI152NLin2009cAsym_res-01_desc-brain_T1w.nii.gz,/mnt/lustre/mathdugre/fast-interpolate/datasets/ds004513/derivatives/flint/ants/flint-vprec-single-five-levels/sub-s029/ses-open/anat/01/1_Affine.nii.gz,1,4] --convergence [100x100x70x50x20,1e-6,10] --shrink-factors 16x8x4x2x1 --smoothing-sigmas 4x3x2x1x0vox
All_Command_lines_OK
Using double precision for computations.
=============================================================================
The composite transform comprises the following transforms (in order): 
  1. Center of mass alignment using fixed image: /templateflow/tpl-MNI152NLin2009cAsym/tpl-MNI152NLin2009cAsym_res-01_desc-brain_T1w.nii.gz and moving image: /mnt/lustre/mathdugre/fast-interpolate/datasets/ds004513/derivatives/flint/ants/flint-vprec-single-five-levels/sub-s029/ses-open/anat/01/1_Affine.nii.gz (type = Euler3DTransform)
=============================================================================
  number of levels = 5
  fixed image: /templateflow/tpl-MNI152NLin2009cAsym/tpl-MNI152NLin2009cAsym_res-01_desc-brain_T1w.nii.gz
  moving image: /mnt/lustre/mathdugre/fast-interpolate/datasets/ds004513/derivatives/flint/ants/flint-vprec-single-five-levels/sub-s029/ses-open/anat/01/1_Affine.nii.gz
Dimension = 3
Number of stages = 1
Use histogram matching = false
Winsorize image intensities = true
  Lower quantile = 0.005
  Upper quantile = 0.995


Stage 1 State
   Image metric = CC
     Fixed image = Image (0x4d2df00)
  RTTI typeinfo:   itk::Image<double, 3u>
  Reference Count: 2
  Modified Time: 1622
  Debug: Off
  Object Name: 
  Observers: 
    none
  Source: (none)
  Source output name: (none)
  Release Data: Off
  Data Released: False
  Global Release Data: Off
  PipelineMTime: 0
  UpdateMTime: 1407
  RealTimeStamp: 0 seconds 
  LargestPossibleRegion: 
    Dimension: 3
    Index: [0, 0, 0]
    Size: [193, 229, 193]
  BufferedRegion: 
    Dimension: 3
    Index: [0, 0, 0]
    Size: [193, 229, 193]
  RequestedRegion: 
    Dimension: 3
    Index: [0, 0, 0]
    Size: [193, 229, 193]
  Spacing: [1, 1, 1]
  Origin: [96, 132, -78]
  Direction: 
-1 0 0
0 -1 0
0 0 1

  IndexToPointMatrix: 
-1 0 0
0 -1 0
0 0 1

  PointToIndexMatrix: 
-1 0 0
0 -1 0
0 0 1

  Inverse Direction: 
-1 0 0
0 -1 0
0 0 1

  PixelContainer: 
    ImportImageContainer (0x4e1a1d0)
      RTTI typeinfo:   itk::ImportImageContainer<unsigned long, double>
      Reference Count: 1
      Modified Time: 1404
      Debug: Off
      Object Name: 
      Observers: 
        none
      Pointer: 0x7f5493f47010
      Container manages memory: true
      Size: 8530021
      Capacity: 8530021

     Moving image = Image (0x4d34ff0)
  RTTI typeinfo:   itk::Image<double, 3u>
  Reference Count: 2
  Modified Time: 1623
  Debug: Off
  Object Name: 
  Observers: 
    none
  Source: (none)
  Source output name: (none)
  Release Data: Off
  Data Released: False
  Global Release Data: Off
  PipelineMTime: 0
  UpdateMTime: 1620
  RealTimeStamp: 0 seconds 
  LargestPossibleRegion: 
    Dimension: 3
    Index: [0, 0, 0]
    Size: [193, 229, 193]
  BufferedRegion: 
    Dimension: 3
    Index: [0, 0, 0]
    Size: [193, 229, 193]
  RequestedRegion: 
    Dimension: 3
    Index: [0, 0, 0]
    Size: [193, 229, 193]
  Spacing: [1, 1, 1]
  Origin: [96, 132, -78]
  Direction: 
-1 0 0
0 -1 0
0 0 1

  IndexToPointMatrix: 
-1 0 0
0 -1 0
0 0 1

  PointToIndexMatrix: 
-1 0 0
0 -1 0
0 0 1

  Inverse Direction: 
-1 0 0
0 -1 0
0 0 1

  PixelContainer: 
    ImportImageContainer (0x4dbb940)
      RTTI typeinfo:   itk::ImportImageContainer<unsigned long, double>
      Reference Count: 1
      Modified Time: 1617
      Debug: Off
      Object Name: 
      Observers: 
        none
      Pointer: 0x7f548fe32010
      Container manages memory: true
      Size: 8530021
      Capacity: 8530021

     Weighting = 1
     Sampling strategy = none
     Number of bins = 32
     Radius = 4
     Sampling percentage  = 1
   Transform = SyN
     Gradient step = 0.1
     Update field sigma (voxel space) = 3
     Total field sigma (voxel space) = 0
     Update field time sigma = 0
     Total field time sigma  = 0
     Number of time indices = 0
     Number of time point samples = 0
Registration using 1 total stages.

Stage 0
  iterations = 100x100x70x50x20
  convergence threshold = 1e-06
  convergence window size = 10
  number of levels = 5
  using the CC metric (radius = 4, weight = 1, use gradient filter = 0)
  preprocessing:  winsorizing the image intensities
  Shrink factors (level 1 out of 5): [16, 16, 16]
  Shrink factors (level 2 out of 5): [8, 8, 8]
  Shrink factors (level 3 out of 5): [4, 4, 4]
  Shrink factors (level 4 out of 5): [2, 2, 2]
  Shrink factors (level 5 out of 5): [1, 1, 1]
  smoothing sigmas per level: [4, 3, 2, 1, 0]
  Using default NONE metricSamplingStrategy 

*** Running SyN registration (varianceForUpdateField = 3, varianceForTotalField = 0) ***

XXDIAGNOSTIC,Iteration,metricValue,convergenceValue,ITERATION_TIME_INDEX,SINCE_LAST
 1DIAGNOSTIC,     1, -9.806120395660e-01, 1.797693134862e+308, 0.0000e+00, 0.0000e+00, 
 1DIAGNOSTIC,     2, -9.855437278748e-01, 1.797693134862e+308, 0.0000e+00, 0.0000e+00, 
 1DIAGNOSTIC,     3, -9.878739118576e-01, 1.797693134862e+308, 0.0000e+00, 0.0000e+00, 
 1DIAGNOSTIC,     4, -9.897207617760e-01, 1.797693134862e+308, 0.0000e+00, 0.0000e+00, 
 1DIAGNOSTIC,     5, -9.896733760834e-01, 1.797693134862e+308, 0.0000e+00, 0.0000e+00, 
 1DIAGNOSTIC,     6, -9.905505776405e-01, 1.797693134862e+308, 0.0000e+00, 0.0000e+00, 
 1DIAGNOSTIC,     7, -9.901878237724e-01, 1.797693134862e+308, 0.0000e+00, 0.0000e+00, 
 1DIAGNOSTIC,     8, -9.906215071678e-01, 1.797693134862e+308, 0.0000e+00, 0.0000e+00, 
 1DIAGNOSTIC,     9, -9.904125928879e-01, 1.797693134862e+308, 0.0000e+00, 0.0000e+00, 
 1DIAGNOSTIC,    10, -9.902620911598e-01, 4.688128829002e-04, 0.0000e+00, 0.0000e+00, 
 1DIAGNOSTIC,    11, -9.904789924622e-01, 2.090707421303e-04, 0.0000e+00, 0.0000e+00, 
 1DIAGNOSTIC,    12, -9.892290234566e-01, 6.106495857239e-05, 0.0000e+00, 0.0000e+00, 
 1DIAGNOSTIC,    13, -9.905657172203e-01, 1.142919063568e-05, 0.0000e+00, 0.0000e+00, 
 1DIAGNOSTIC,    14, -9.892176389694e-01, -2.250075340271e-05, 0.0000e+00, 0.0000e+00, 
XXDIAGNOSTIC,Iteration,metricValue,convergenceValue,ITERATION_TIME_INDEX,SINCE_LAST
 1DIAGNOSTIC,     1, -9.493075013161e-01, 1.797693134862e+308, 1.2800e+02, 1.2800e+02, 
 1DIAGNOSTIC,     2, -9.539909958839e-01, 1.797693134862e+308, 1.2800e+02, 0.0000e+00, 
 1DIAGNOSTIC,     3, -9.589197039604e-01, 1.797693134862e+308, 1.2800e+02, 0.0000e+00, 
 1DIAGNOSTIC,     4, -9.622145295143e-01, 1.797693134862e+308, 1.2800e+02, 0.0000e+00, 
 1DIAGNOSTIC,     5, -9.648864269257e-01, 1.797693134862e+308, 1.2800e+02, 0.0000e+00, 
 1DIAGNOSTIC,     6, -9.669924378395e-01, 1.797693134862e+308, 2.5600e+02, 1.2800e+02, 
 1DIAGNOSTIC,     7, -9.684630632401e-01, 1.797693134862e+308, 2.5600e+02, 0.0000e+00, 
 1DIAGNOSTIC,     8, -9.696080088615e-01, 1.797693134862e+308, 2.5600e+02, 0.0000e+00, 
 1DIAGNOSTIC,     9, -9.704937934875e-01, 1.797693134862e+308, 2.5600e+02, 0.0000e+00, 
 1DIAGNOSTIC,    10, -9.711979627609e-01, 1.391671597958e-03, 2.5600e+02, 0.0000e+00, 
 1DIAGNOSTIC,    11, -9.717123508453e-01, 9.864047169685e-04, 2.5600e+02, 0.0000e+00, 
 1DIAGNOSTIC,    12, -9.720790386200e-01, 6.828010082245e-04, 2.5600e+02, 0.0000e+00, 
 1DIAGNOSTIC,    13, -9.724005460739e-01, 4.826113581657e-04, 2.5600e+02, 0.0000e+00, 
 1DIAGNOSTIC,    14, -9.726679921150e-01, 3.415197134018e-04, 3.8400e+02, 1.2800e+02, 
 1DIAGNOSTIC,    15, -9.729141592979e-01, 2.448409795761e-04, 3.8400e+02, 0.0000e+00, 
 1DIAGNOSTIC,    16, -9.731180071831e-01, 1.800358295441e-04, 3.8400e+02, 0.0000e+00, 
 1DIAGNOSTIC,    17, -9.733168482780e-01, 1.350641250610e-04, 3.8400e+02, 0.0000e+00, 
 1DIAGNOSTIC,    18, -9.734411835670e-01, 1.032613217831e-04, 3.8400e+02, 0.0000e+00, 
 1DIAGNOSTIC,    19, -9.736124873161e-01, 8.156523108482e-05, 3.8400e+02, 0.0000e+00, 
 1DIAGNOSTIC,    20, -9.736986160278e-01, 6.607547402382e-05, 3.8400e+02, 0.0000e+00, 
 1DIAGNOSTIC,    21, -9.739346504211e-01, 5.645304918289e-05, 3.8400e+02, 0.0000e+00, 
 1DIAGNOSTIC,    22, -9.739525318146e-01, 4.760175943375e-05, 5.1200e+02, 1.2800e+02, 
 1DIAGNOSTIC,    23, -9.740679264069e-01, 4.076212644577e-05, 5.1200e+02, 0.0000e+00, 
 1DIAGNOSTIC,    24, -9.739804863930e-01, 3.293901681900e-05, 5.1200e+02, 0.0000e+00, 
 1DIAGNOSTIC,    25, -9.740796089172e-01, 2.683326601982e-05, 5.1200e+02, 0.0000e+00, 
 1DIAGNOSTIC,    26, -9.739759564400e-01, 1.983344554901e-05, 5.1200e+02, 0.0000e+00, 
 1DIAGNOSTIC,    27, -9.741307497025e-01, 1.545622944832e-05, 5.1200e+02, 0.0000e+00, 
 1DIAGNOSTIC,    28, -9.740296602249e-01, 1.022592186928e-05, 5.1200e+02, 0.0000e+00, 
 1DIAGNOSTIC,    29, -9.741752743721e-01, 7.756054401398e-06, 6.4000e+02, 1.2800e+02, 
 1DIAGNOSTIC,    30, -9.740717411041e-01, 4.556030035019e-06, 6.4000e+02, 0.0000e+00, 
 1DIAGNOSTIC,    31, -9.742107987404e-01, 4.813075065613e-06, 6.4000e+02, 0.0000e+00, 
 1DIAGNOSTIC,    32, -9.741050601006e-01, 3.822147846222e-06, 6.4000e+02, 0.0000e+00, 
 1DIAGNOSTIC,    33, -9.742453098297e-01, 4.947185516357e-06, 6.4000e+02, 0.0000e+00, 
 1DIAGNOSTIC,    34, -9.741405248642e-01, 3.917142748833e-06, 6.4000e+02, 0.0000e+00, 
 1DIAGNOSTIC,    35, -9.742871522903e-01, 4.766508936882e-06, 6.4000e+02, 0.0000e+00, 
 1DIAGNOSTIC,    36, -9.741785526276e-01, 3.417953848839e-06, 6.4000e+02, 0.0000e+00, 
 1DIAGNOSTIC,    37, -9.743221998215e-01, 4.319474101067e-06, 7.6800e+02, 1.2800e+02, 
 1DIAGNOSTIC,    38, -9.742605686188e-01, 3.529712557793e-06, 7.6800e+02, 0.0000e+00, 
 1DIAGNOSTIC,    39, -9.744052290916e-01, 4.738569259644e-06, 7.6800e+02, 0.0000e+00, 
 1DIAGNOSTIC,    40, -9.742971062660e-01, 3.915280103683e-06, 7.6800e+02, 0.0000e+00, 
 1DIAGNOSTIC,    41, -9.744239449501e-01, 4.786998033524e-06, 7.6800e+02, 0.0000e+00, 
 1DIAGNOSTIC,    42, -9.743523001671e-01, 3.946945071220e-06, 7.6800e+02, 0.0000e+00, 
 1DIAGNOSTIC,    43, -9.744871854782e-01, 4.744157195091e-06, 7.6800e+02, 0.0000e+00, 
 1DIAGNOSTIC,    44, -9.743722677231e-01, 3.613531589508e-06, 7.6800e+02, 0.0000e+00, 
 1DIAGNOSTIC,    45, -9.744927883148e-01, 4.047527909279e-06, 8.9600e+02, 1.2800e+02, 
 1DIAGNOSTIC,    46, -9.744161367416e-01, 2.920627593994e-06, 8.9600e+02, 0.0000e+00, 
 1DIAGNOSTIC,    47, -9.745472669601e-01, 3.365799784660e-06, 8.9600e+02, 0.0000e+00, 
 1DIAGNOSTIC,    48, -9.744272232056e-01, 2.380460500717e-06, 8.9600e+02, 0.0000e+00, 
 1DIAGNOSTIC,    49, -9.745408296585e-01, 2.857297658920e-06, 8.9600e+02, 0.0000e+00, 
 1DIAGNOSTIC,    50, -9.744566679001e-01, 1.950189471245e-06, 8.9600e+02, 0.0000e+00, 
 1DIAGNOSTIC,    51, -9.745857715607e-01, 2.434477210045e-06, 8.9600e+02, 0.0000e+00, 
 1DIAGNOSTIC,    52, -9.744547605515e-01, 1.551583409309e-06, 8.9600e+02, 0.0000e+00, 
 1DIAGNOSTIC,    53, -9.745697379112e-01, 2.034008502960e-06, 1.0240e+03, 1.2800e+02, 
 1DIAGNOSTIC,    54, -9.744809269905e-01, 1.223757863045e-06, 1.0240e+03, 0.0000e+00, 
 1DIAGNOSTIC,    55, -9.746132493019e-01, 1.752749085426e-06, 1.0240e+03, 0.0000e+00, 
 1DIAGNOSTIC,    56, -9.744762182236e-01, 9.927898645401e-07, 1.0240e+03, 0.0000e+00, 
XXDIAGNOSTIC,Iteration,metricValue,convergenceValue,ITERATION_TIME_INDEX,SINCE_LAST
 1DIAGNOSTIC,     1, -9.176612496376e-01, 1.797693134862e+308, 1.1520e+03, 1.2800e+02, 
 1DIAGNOSTIC,     2, -9.203189015388e-01, 1.797693134862e+308, 1.4080e+03, 2.5600e+02, 
 1DIAGNOSTIC,     3, -9.236811995506e-01, 1.797693134862e+308, 1.5360e+03, 1.2800e+02, 
 1DIAGNOSTIC,     4, -9.266940951347e-01, 1.797693134862e+308, 1.6640e+03, 1.2800e+02, 
 1DIAGNOSTIC,     5, -9.288754463196e-01, 1.797693134862e+308, 1.7920e+03, 1.2800e+02, 
 1DIAGNOSTIC,     6, -9.308209419250e-01, 1.797693134862e+308, 1.9200e+03, 1.2800e+02, 
 1DIAGNOSTIC,     7, -9.325299859047e-01, 1.797693134862e+308, 2.0480e+03, 1.2800e+02, 
 1DIAGNOSTIC,     8, -9.340518116951e-01, 1.797693134862e+308, 2.1760e+03, 1.2800e+02, 
 1DIAGNOSTIC,     9, -9.354150295258e-01, 1.797693134862e+308, 2.4320e+03, 2.5600e+02, 
 1DIAGNOSTIC,    10, -9.366523623466e-01, 1.304060220718e-03, 2.5600e+03, 1.2800e+02, 
 1DIAGNOSTIC,    11, -9.378023147583e-01, 1.049086451530e-03, 2.6880e+03, 1.2800e+02, 
 1DIAGNOSTIC,    12, -9.388934373856e-01, 8.370354771614e-04, 2.8160e+03, 1.2800e+02, 
 1DIAGNOSTIC,    13, -9.399488568306e-01, 6.847977638245e-04, 2.9440e+03, 1.2800e+02, 
 1DIAGNOSTIC,    14, -9.407022595406e-01, 5.736649036407e-04, 3.0720e+03, 1.2800e+02, 
 1DIAGNOSTIC,    15, -9.415254592896e-01, 4.857480525970e-04, 3.2000e+03, 1.2800e+02, 
 1DIAGNOSTIC,    16, -9.422416687012e-01, 4.146173596382e-04, 3.3280e+03, 1.2800e+02, 
 1DIAGNOSTIC,    17, -9.428731799126e-01, 3.552846610546e-04, 3.5840e+03, 2.5600e+02, 
 1DIAGNOSTIC,    18, -9.434479475021e-01, 3.049783408642e-04, 3.7120e+03, 1.2800e+02, 
 1DIAGNOSTIC,    19, -9.437665939331e-01, 2.585090696812e-04, 3.8400e+03, 1.2800e+02, 
 1DIAGNOSTIC,    20, -9.440746903419e-01, 2.161525189877e-04, 3.9680e+03, 1.2800e+02, 
 1DIAGNOSTIC,    21, -9.443763494492e-01, 1.786053180695e-04, 4.0960e+03, 1.2800e+02, 
 1DIAGNOSTIC,    22, -9.446812868118e-01, 1.469142735004e-04, 4.2240e+03, 1.2800e+02, 
 1DIAGNOSTIC,    23, -9.449841976166e-01, 1.221597194672e-04, 4.3520e+03, 1.2800e+02, 
 1DIAGNOSTIC,    24, -9.451620578766e-01, 9.977445006371e-05, 4.4800e+03, 1.2800e+02, 
 1DIAGNOSTIC,    25, -9.453420639038e-01, 8.203461766243e-05, 4.7360e+03, 2.5600e+02, 
 1DIAGNOSTIC,    26, -9.455001950264e-01, 6.812438368797e-05, 4.8640e+03, 1.2800e+02, 
 1DIAGNOSTIC,    27, -9.456273317337e-01, 5.732476711273e-05, 4.9920e+03, 1.2800e+02, 
 1DIAGNOSTIC,    28, -9.457244873047e-01, 4.921481013298e-05, 5.1200e+03, 1.2800e+02, 
 1DIAGNOSTIC,    29, -9.457974433899e-01, 4.117190837860e-05, 5.2480e+03, 1.2800e+02, 
 1DIAGNOSTIC,    30, -9.458633661270e-01, 3.362819552422e-05, 5.3760e+03, 1.2800e+02, 
 1DIAGNOSTIC,    31, -9.459192752838e-01, 2.693384885788e-05, 5.5040e+03, 1.2800e+02, 
 1DIAGNOSTIC,    32, -9.459622502327e-01, 2.143532037735e-05, 5.7600e+03, 2.5600e+02, 
 1DIAGNOSTIC,    33, -9.459935426712e-01, 1.737847924232e-05, 5.8880e+03, 1.2800e+02, 
 1DIAGNOSTIC,    34, -9.460097551346e-01, 1.371651887894e-05, 6.0160e+03, 1.2800e+02, 
 1DIAGNOSTIC,    35, -9.460205435753e-01, 1.067668199539e-05, 6.1440e+03, 1.2800e+02, 
 1DIAGNOSTIC,    36, -9.460195302963e-01, 8.178874850273e-06, 6.2720e+03, 1.2800e+02, 
 1DIAGNOSTIC,    37, -9.460211992264e-01, 6.167218089104e-06, 6.4000e+03, 1.2800e+02, 
 1DIAGNOSTIC,    38, -9.460136890411e-01, 4.459172487259e-06, 6.5280e+03, 1.2800e+02, 
 1DIAGNOSTIC,    39, -9.460006952286e-01, 2.948567271233e-06, 6.7840e+03, 2.5600e+02, 
 1DIAGNOSTIC,    40, -9.459773302078e-01, 1.639127731323e-06, 6.9120e+03, 1.2800e+02, 
 1DIAGNOSTIC,    41, -9.459410905838e-01, 4.507601261139e-07, 7.0400e+03, 1.2800e+02, 
XXDIAGNOSTIC,Iteration,metricValue,convergenceValue,ITERATION_TIME_INDEX,SINCE_LAST
 1DIAGNOSTIC,     1, -8.972945213318e-01, 1.797693134862e+308, 8.3200e+03, 1.2800e+03, 
 1DIAGNOSTIC,     2, -8.991627097130e-01, 1.797693134862e+308, 9.4720e+03, 1.1520e+03, 
 1DIAGNOSTIC,     3, -9.016075730324e-01, 1.797693134862e+308, 1.0624e+04, 1.1520e+03, 
 1DIAGNOSTIC,     4, -9.038775563240e-01, 1.797693134862e+308, 1.1904e+04, 1.2800e+03, 
 1DIAGNOSTIC,     5, -9.059704542160e-01, 1.797693134862e+308, 1.3056e+04, 1.1520e+03, 
 1DIAGNOSTIC,     6, -9.081094861031e-01, 1.797693134862e+308, 1.4208e+04, 1.1520e+03, 
 1DIAGNOSTIC,     7, -9.099786281586e-01, 1.797693134862e+308, 1.5488e+04, 1.2800e+03, 
 1DIAGNOSTIC,     8, -9.119436740875e-01, 1.797693134862e+308, 1.6640e+04, 1.1520e+03, 
 1DIAGNOSTIC,     9, -9.136922955513e-01, 1.797693134862e+308, 1.7792e+04, 1.1520e+03, 
 1DIAGNOSTIC,    10, -9.153162240982e-01, 1.293808221817e-03, 1.9072e+04, 1.2800e+03, 
 1DIAGNOSTIC,    11, -9.168009757996e-01, 1.130282878876e-03, 2.0224e+04, 1.1520e+03, 
 1DIAGNOSTIC,    12, -9.181296825409e-01, 9.751841425896e-04, 2.1504e+04, 1.2800e+03, 
 1DIAGNOSTIC,    13, -9.190796613693e-01, 8.369162678719e-04, 2.2656e+04, 1.1520e+03, 
 1DIAGNOSTIC,    14, -9.199794530869e-01, 7.127821445465e-04, 2.3680e+04, 1.0240e+03, 
 1DIAGNOSTIC,    15, -9.208160042763e-01, 6.006658077240e-04, 2.4832e+04, 1.1520e+03, 
 1DIAGNOSTIC,    16, -9.216020107269e-01, 5.041286349297e-04, 2.5856e+04, 1.0240e+03, 
 1DIAGNOSTIC,    17, -9.223700761795e-01, 4.205033183098e-04, 2.7008e+04, 1.1520e+03, 
 1DIAGNOSTIC,    18, -9.231321215630e-01, 3.542751073837e-04, 2.8032e+04, 1.0240e+03, 
 1DIAGNOSTIC,    19, -9.238604307175e-01, 3.025270998478e-04, 2.9184e+04, 1.1520e+03, 
 1DIAGNOSTIC,    20, -9.245792031288e-01, 2.640187740326e-04, 3.0208e+04, 1.0240e+03, 
 1DIAGNOSTIC,    21, -9.252425432205e-01, 2.361200749874e-04, 3.1360e+04, 1.1520e+03, 
 1DIAGNOSTIC,    22, -9.258362054825e-01, 2.157501876354e-04, 3.2384e+04, 1.0240e+03, 
 1DIAGNOSTIC,    23, -9.263620376587e-01, 1.968070864677e-04, 3.3536e+04, 1.1520e+03, 
 1DIAGNOSTIC,    24, -9.268351197243e-01, 1.786649227142e-04, 3.4560e+04, 1.0240e+03, 
 1DIAGNOSTIC,    25, -9.272452592850e-01, 1.606233417988e-04, 3.5712e+04, 1.1520e+03, 
 1DIAGNOSTIC,    26, -9.276254773140e-01, 1.427382230759e-04, 3.6864e+04, 1.1520e+03, 
 1DIAGNOSTIC,    27, -9.279720783234e-01, 1.255013048649e-04, 3.7888e+04, 1.0240e+03, 
 1DIAGNOSTIC,    28, -9.282844662666e-01, 1.095272600651e-04, 3.9040e+04, 1.1520e+03, 
 1DIAGNOSTIC,    29, -9.285660386086e-01, 9.507685899734e-05, 4.0064e+04, 1.0240e+03, 
 1DIAGNOSTIC,    30, -9.288222789764e-01, 8.264929056168e-05, 4.1216e+04, 1.1520e+03, 
 1DIAGNOSTIC,    31, -9.290587902069e-01, 7.218495011330e-05, 4.2240e+04, 1.0240e+03, 
 1DIAGNOSTIC,    32, -9.292774200439e-01, 6.339699029922e-05, 4.3392e+04, 1.1520e+03, 
 1DIAGNOSTIC,    33, -9.294841885567e-01, 5.600228905678e-05, 4.4416e+04, 1.0240e+03, 
 1DIAGNOSTIC,    34, -9.296756982803e-01, 4.979595541954e-05, 4.5568e+04, 1.1520e+03, 
 1DIAGNOSTIC,    35, -9.298574924469e-01, 4.447065293789e-05, 4.6592e+04, 1.0240e+03, 
 1DIAGNOSTIC,    36, -9.300311803818e-01, 3.999099135399e-05, 4.7744e+04, 1.1520e+03, 
 1DIAGNOSTIC,    37, -9.301965236664e-01, 3.626011312008e-05, 4.8768e+04, 1.0240e+03, 
 1DIAGNOSTIC,    38, -9.303531646729e-01, 3.311596810818e-05, 4.9920e+04, 1.1520e+03, 
 1DIAGNOSTIC,    39, -9.304953813553e-01, 3.037229180336e-05, 5.1072e+04, 1.1520e+03, 
 1DIAGNOSTIC,    40, -9.306393265724e-01, 2.800486981869e-05, 5.2096e+04, 1.0240e+03, 
 1DIAGNOSTIC,    41, -9.307742118835e-01, 2.590753138065e-05, 5.3248e+04, 1.1520e+03, 
 1DIAGNOSTIC,    42, -9.309084415436e-01, 2.407468855381e-05, 5.4272e+04, 1.0240e+03, 
 1DIAGNOSTIC,    43, -9.310402870178e-01, 2.250261604786e-05, 5.5424e+04, 1.1520e+03, 
 1DIAGNOSTIC,    44, -9.311695098877e-01, 2.113915979862e-05, 5.6448e+04, 1.0240e+03, 
 1DIAGNOSTIC,    45, -9.312978386879e-01, 1.998618245125e-05, 5.7600e+04, 1.1520e+03, 
 1DIAGNOSTIC,    46, -9.314309358597e-01, 1.906603574753e-05, 5.8624e+04, 1.0240e+03, 
 1DIAGNOSTIC,    47, -9.315586090088e-01, 1.831725239754e-05, 5.9776e+04, 1.1520e+03, 
 1DIAGNOSTIC,    48, -9.316813945770e-01, 1.769140362740e-05, 6.0928e+04, 1.1520e+03, 
 1DIAGNOSTIC,    49, -9.318033456802e-01, 1.709721982479e-05, 6.1952e+04, 1.0240e+03, 
 1DIAGNOSTIC,    50, -9.319223165512e-01, 1.654773950577e-05, 6.3104e+04, 1.1520e+03, 
XXDIAGNOSTIC,Iteration,metricValue,convergenceValue,ITERATION_TIME_INDEX,SINCE_LAST
 1DIAGNOSTIC,     1, -8.991253972054e-01, 1.797693134862e+308, 7.2192e+04, 9.0880e+03, 
 1DIAGNOSTIC,     2, -8.997865915298e-01, 1.797693134862e+308, 8.1024e+04, 8.8320e+03, 
 1DIAGNOSTIC,     3, -9.010450839996e-01, 1.797693134862e+308, 8.9984e+04, 8.9600e+03, 
 1DIAGNOSTIC,     4, -9.025102257729e-01, 1.797693134862e+308, 9.8944e+04, 8.9600e+03, 
 1DIAGNOSTIC,     5, -9.042687416077e-01, 1.797693134862e+308, 1.0790e+05, 8.9600e+03, 
 1DIAGNOSTIC,     6, -9.059959053993e-01, 1.797693134862e+308, 1.1686e+05, 8.9600e+03, 
 1DIAGNOSTIC,     7, -9.079463481903e-01, 1.797693134862e+308, 1.2570e+05, 8.8320e+03, 
 1DIAGNOSTIC,     8, -9.097493886948e-01, 1.797693134862e+308, 1.3466e+05, 8.9600e+03, 
 1DIAGNOSTIC,     9, -9.114287495613e-01, 1.797693134862e+308, 1.4349e+05, 8.8320e+03, 
 1DIAGNOSTIC,    10, -9.129981994629e-01, 1.038268208504e-03, 1.5245e+05, 8.9600e+03, 
 1DIAGNOSTIC,    11, -9.144133329391e-01, 9.782239794731e-04, 1.6141e+05, 8.9600e+03, 
 1DIAGNOSTIC,    12, -9.158039093018e-01, 8.935630321503e-04, 1.7037e+05, 8.9600e+03, 
