---------------------
Experiment information

SIF_IMG: /mnt/lustre/mathdugre/containers/ants-flint-base.simg
SIF_IMG_BASE: /mnt/lustre/mathdugre/containers/ants-flint-base.simg
EXPERIMENT_NAME: flint-vprec-single
STAGE: affine
SUBJECT_ID: s032
REPETITION_ID: 1

FIXED_IMG: /templateflow/tpl-MNI152NLin2009cAsym/tpl-MNI152NLin2009cAsym_res-01_desc-brain_T1w.nii.gz
INPUT_IMG: /mnt/lustre/mathdugre/fast-interpolate/datasets/ds004513/derivatives/flint/ants/flint-vprec-single/sub-s032/ses-open/anat/0/1_Rigid.nii.gz

DATA_DIR: /mnt/lustre/mathdugre/fast-interpolate/datasets/ds004513
OUTPUT_DIR: /mnt/lustre/mathdugre/fast-interpolate/datasets/ds004513/derivatives/flint/ants/flint-vprec-single/sub-s032/ses-open/anat
OUTPUT_PREFIX: 00
THREAD: 1
FLOAT: 0
VFC_BACKENDS: ieee
---------------------

--output [/mnt/lustre/mathdugre/fast-interpolate/datasets/ds004513/derivatives/flint/ants/flint-vprec-single/sub-s032/ses-open/anat/00/1_,/mnt/lustre/mathdugre/fast-interpolate/datasets/ds004513/derivatives/flint/ants/flint-vprec-single/sub-s032/ses-open/anat/00/1_Affine.nii.gz,/mnt/lustre/mathdugre/fast-interpolate/datasets/ds004513/derivatives/flint/ants/flint-vprec-single/sub-s032/ses-open/anat/00/1_InverseAffine.nii.gz] --initial-moving-transform [/templateflow/tpl-MNI152NLin2009cAsym/tpl-MNI152NLin2009cAsym_res-01_desc-brain_T1w.nii.gz,/mnt/lustre/mathdugre/fast-interpolate/datasets/ds004513/derivatives/flint/ants/flint-vprec-single/sub-s032/ses-open/anat/0/1_Rigid.nii.gz,1] --transform Affine[0.1] --metric MI[/templateflow/tpl-MNI152NLin2009cAsym/tpl-MNI152NLin2009cAsym_res-01_desc-brain_T1w.nii.gz,/mnt/lustre/mathdugre/fast-interpolate/datasets/ds004513/derivatives/flint/ants/flint-vprec-single/sub-s032/ses-open/anat/0/1_Rigid.nii.gz,1,32,Regular,0.25] --convergence [1000x500x250x100,1e-6,10] --shrink-factors 8x4x2x1 --smoothing-sigmas 3x2x1x0vox
All_Command_lines_OK
Using double precision for computations.
=============================================================================
The composite transform comprises the following transforms (in order): 
  1. Center of mass alignment using fixed image: /templateflow/tpl-MNI152NLin2009cAsym/tpl-MNI152NLin2009cAsym_res-01_desc-brain_T1w.nii.gz and moving image: /mnt/lustre/mathdugre/fast-interpolate/datasets/ds004513/derivatives/flint/ants/flint-vprec-single/sub-s032/ses-open/anat/0/1_Rigid.nii.gz (type = Euler3DTransform)
=============================================================================
  number of levels = 4
  fixed image: /templateflow/tpl-MNI152NLin2009cAsym/tpl-MNI152NLin2009cAsym_res-01_desc-brain_T1w.nii.gz
  moving image: /mnt/lustre/mathdugre/fast-interpolate/datasets/ds004513/derivatives/flint/ants/flint-vprec-single/sub-s032/ses-open/anat/0/1_Rigid.nii.gz
Dimension = 3
Number of stages = 1
Use histogram matching = false
Winsorize image intensities = true
  Lower quantile = 0.005
  Upper quantile = 0.995


Stage 1 State
   Image metric = MattesMI
     Fixed image = Image (0x5619a16ece90)
  RTTI typeinfo:   itk::Image<double, 3u>
  Reference Count: 2
  Modified Time: 1622
  Debug: Off
  Object Name: 
  Observers: 
    none
  Source: (none)
  Source output name: (none)
  Release Data: Off
  Data Released: False
  Global Release Data: Off
  PipelineMTime: 0
  UpdateMTime: 1407
  RealTimeStamp: 0 seconds 
  LargestPossibleRegion: 
    Dimension: 3
    Index: [0, 0, 0]
    Size: [193, 229, 193]
  BufferedRegion: 
    Dimension: 3
    Index: [0, 0, 0]
    Size: [193, 229, 193]
  RequestedRegion: 
    Dimension: 3
    Index: [0, 0, 0]
    Size: [193, 229, 193]
  Spacing: [1, 1, 1]
  Origin: [96, 132, -78]
  Direction: 
-1 0 0
0 -1 0
0 0 1

  IndexToPointMatrix: 
-1 0 0
0 -1 0
0 0 1

  PointToIndexMatrix: 
-1 0 0
0 -1 0
0 0 1

  Inverse Direction: 
-1 0 0
0 -1 0
0 0 1

  PixelContainer: 
    ImportImageContainer (0x5619a17c30d0)
      RTTI typeinfo:   itk::ImportImageContainer<unsigned long, double>
      Reference Count: 1
      Modified Time: 1404
      Debug: Off
      Object Name: 
      Observers: 
        none
      Pointer: 0x7f7729318010
      Container manages memory: true
      Size: 8530021
      Capacity: 8530021

     Moving image = Image (0x5619a16f3b20)
  RTTI typeinfo:   itk::Image<double, 3u>
  Reference Count: 2
  Modified Time: 1623
  Debug: Off
  Object Name: 
  Observers: 
    none
  Source: (none)
  Source output name: (none)
  Release Data: Off
  Data Released: False
  Global Release Data: Off
  PipelineMTime: 0
  UpdateMTime: 1620
  RealTimeStamp: 0 seconds 
  LargestPossibleRegion: 
    Dimension: 3
    Index: [0, 0, 0]
    Size: [193, 229, 193]
  BufferedRegion: 
    Dimension: 3
    Index: [0, 0, 0]
    Size: [193, 229, 193]
  RequestedRegion: 
    Dimension: 3
    Index: [0, 0, 0]
    Size: [193, 229, 193]
  Spacing: [1, 1, 1]
  Origin: [96, 132, -78]
  Direction: 
-1 0 0
0 -1 0
0 0 1

  IndexToPointMatrix: 
-1 0 0
0 -1 0
0 0 1

  PointToIndexMatrix: 
-1 0 0
0 -1 0
0 0 1

  Inverse Direction: 
-1 0 0
0 -1 0
0 0 1

  PixelContainer: 
    ImportImageContainer (0x5619a16ee480)
      RTTI typeinfo:   itk::ImportImageContainer<unsigned long, double>
      Reference Count: 1
      Modified Time: 1617
      Debug: Off
      Object Name: 
      Observers: 
        none
      Pointer: 0x7f7725203010
      Container manages memory: true
      Size: 8530021
      Capacity: 8530021

     Weighting = 1
     Sampling strategy = regular
     Number of bins = 32
     Radius = 4
     Sampling percentage  = 0.25
   Transform = Affine
     Gradient step = 0.1
     Update field sigma (voxel space) = 0
     Total field sigma (voxel space) = 0
     Update field time sigma = 0
     Total field time sigma  = 0
     Number of time indices = 0
     Number of time point samples = 0
Registration using 1 total stages.

Stage 0
  iterations = 1000x500x250x100
  convergence threshold = 1e-06
  convergence window size = 10
  number of levels = 4
  using the Mattes MI metric (number of bins = 32, weight = 1, use gradient filter = 0)
  preprocessing:  winsorizing the image intensities
  Shrink factors (level 1 out of 4): [8, 8, 8]
  Shrink factors (level 2 out of 4): [4, 4, 4]
  Shrink factors (level 3 out of 4): [2, 2, 2]
  Shrink factors (level 4 out of 4): [1, 1, 1]
  smoothing sigmas per level: [3, 2, 1, 0]
  regular sampling (percentage = 0.25)

*** Running AffineTransform registration ***

DIAGNOSTIC,Iteration,metricValue,convergenceValue,ITERATION_TIME_INDEX,SINCE_LAST
 2DIAGNOSTIC,     1, -6.206690299000e-01, 1.797693134862e+308, 1.4547e+00, 1.4547e+00, 
 2DIAGNOSTIC,     2, -6.221681241243e-01, 1.797693134862e+308, 1.4660e+00, 1.1319e-02, 
 2DIAGNOSTIC,     3, -6.247619993129e-01, 1.797693134862e+308, 1.4772e+00, 1.1161e-02, 
 2DIAGNOSTIC,     4, -6.283576992628e-01, 1.797693134862e+308, 1.4884e+00, 1.1190e-02, 
 2DIAGNOSTIC,     5, -6.347337974420e-01, 1.797693134862e+308, 1.4998e+00, 1.1416e-02, 
 2DIAGNOSTIC,     6, -6.479658231314e-01, 1.797693134862e+308, 1.5127e+00, 1.2913e-02, 
 2DIAGNOSTIC,     7, -6.574529396118e-01, 1.797693134862e+308, 1.5298e+00, 1.7101e-02, 
 2DIAGNOSTIC,     8, -6.594830883674e-01, 1.797693134862e+308, 1.5410e+00, 1.1204e-02, 
 2DIAGNOSTIC,     9, -6.637815860351e-01, 1.797693134862e+308, 1.5523e+00, 1.1327e-02, 
 2DIAGNOSTIC,    10, -6.663476550992e-01, 5.407188183070e-03, 1.5652e+00, 1.2820e-02, 
 2DIAGNOSTIC,    11, -6.681955347542e-01, 4.824613943217e-03, 1.5771e+00, 1.1929e-02, 
 2DIAGNOSTIC,    12, -6.732417821016e-01, 4.144740868844e-03, 1.5886e+00, 1.1493e-02, 
 2DIAGNOSTIC,    13, -6.770186283452e-01, 3.414261107296e-03, 1.6012e+00, 1.2644e-02, 
 2DIAGNOSTIC,    14, -6.782834855516e-01, 2.635120928556e-03, 1.6140e+00, 1.2789e-02, 
 2DIAGNOSTIC,    15, -6.799158733706e-01, 1.950035629078e-03, 1.6268e+00, 1.2793e-02, 
 2DIAGNOSTIC,    16, -6.823863202392e-01, 1.595404281520e-03, 1.6394e+00, 1.2582e-02, 
 2DIAGNOSTIC,    17, -6.832394266963e-01, 1.398265859820e-03, 1.6507e+00, 1.1321e-02, 
 2DIAGNOSTIC,    18, -6.837581516359e-01, 1.153403146410e-03, 1.6647e+00, 1.3951e-02, 
 2DIAGNOSTIC,    19, -6.838656293991e-01, 9.292089731803e-04, 1.6772e+00, 1.2565e-02, 
 2DIAGNOSTIC,    20, -6.849885265664e-01, 7.223967785480e-04, 1.6897e+00, 1.2444e-02, 
 2DIAGNOSTIC,    21, -6.852415141523e-01, 5.087560768692e-04, 1.7009e+00, 1.1204e-02, 
 2DIAGNOSTIC,    22, -6.854684719066e-01, 3.689713057525e-04, 1.7121e+00, 1.1273e-02, 
 2DIAGNOSTIC,    23, -6.857452337595e-01, 2.832943950518e-04, 1.7259e+00, 1.3703e-02, 
 2DIAGNOSTIC,    24, -6.860513951151e-01, 2.063426255836e-04, 1.7370e+00, 1.1162e-02, 
 2DIAGNOSTIC,    25, -6.861654520263e-01, 1.450554278801e-04, 1.7494e+00, 1.2371e-02, 
 2DIAGNOSTIC,    26, -6.863891341053e-01, 1.189417995569e-04, 1.7605e+00, 1.1098e-02, 
 2DIAGNOSTIC,    27, -6.867104298427e-01, 1.022453324481e-04, 1.7754e+00, 1.4877e-02, 
 2DIAGNOSTIC,    28, -6.869779832028e-01, 8.924731074027e-05, 1.7903e+00, 1.4896e-02, 
 2DIAGNOSTIC,    29, -6.869205617326e-01, 6.912117144953e-05, 1.8014e+00, 1.1119e-02, 
 2DIAGNOSTIC,    30, -6.868749626890e-01, 5.928151508415e-05, 1.8124e+00, 1.1017e-02, 
 2DIAGNOSTIC,    31, -6.869246815876e-01, 4.874960881589e-05, 1.8233e+00, 1.0957e-02, 
 2DIAGNOSTIC,    32, -6.870522879999e-01, 3.890558957878e-05, 1.8343e+00, 1.0950e-02, 
 2DIAGNOSTIC,    33, -6.870789712517e-01, 2.980843745288e-05, 1.8452e+00, 1.0908e-02, 
 2DIAGNOSTIC,    34, -6.872059591437e-01, 2.399571746402e-05, 1.8562e+00, 1.1017e-02, 
 2DIAGNOSTIC,    35, -6.883095992467e-01, 3.106503857146e-05, 1.8687e+00, 1.2467e-02, 
 2DIAGNOSTIC,    36, -6.905489806925e-01, 6.333645125754e-05, 1.8847e+00, 1.5993e-02, 
 2DIAGNOSTIC,    37, -6.909885104112e-01, 9.587510189320e-05, 1.8980e+00, 1.3287e-02, 
 2DIAGNOSTIC,    38, -6.909402810571e-01, 1.204168583217e-04, 1.9089e+00, 1.0898e-02, 
 2DIAGNOSTIC,    39, -6.909082353073e-01, 1.317545489359e-04, 1.9210e+00, 1.2122e-02, 
 2DIAGNOSTIC,    40, -6.908709581660e-01, 1.289553380559e-04, 1.9319e+00, 1.0864e-02, 
 2DIAGNOSTIC,    41, -6.909448023838e-01, 1.148821903861e-04, 1.9434e+00, 1.1517e-02, 
 2DIAGNOSTIC,    42, -6.910322908090e-01, 9.276317551764e-05, 1.9567e+00, 1.3292e-02, 
 2DIAGNOSTIC,    43, -6.910632435880e-01, 6.389988907698e-05, 1.9687e+00, 1.2012e-02, 
 2DIAGNOSTIC,    44, -6.909882227299e-01, 3.088743122499e-05, 1.9794e+00, 1.0741e-02, 
 2DIAGNOSTIC,    45, -6.909201747812e-01, 5.648384614480e-06, 1.9904e+00, 1.0991e-02, 
 2DIAGNOSTIC,    46, -6.909536038120e-01, 1.691757222772e-06, 2.0012e+00, 1.0765e-02, 
 2DIAGNOSTIC,    47, -6.909029630993e-01, 1.247200447786e-06, 2.0131e+00, 1.1886e-02, 
DIAGNOSTIC,Iteration,metricValue,convergenceValue,ITERATION_TIME_INDEX,SINCE_LAST
 2DIAGNOSTIC,     1, -5.667523028629e-01, 1.797693134862e+308, 3.5797e+00, 1.5666e+00, 
 2DIAGNOSTIC,     2, -5.676566718936e-01, 1.797693134862e+308, 3.6914e+00, 1.1177e-01, 
 2DIAGNOSTIC,     3, -5.688151809954e-01, 1.797693134862e+308, 3.8031e+00, 1.1165e-01, 
 2DIAGNOSTIC,     4, -5.698286940224e-01, 1.797693134862e+308, 3.9147e+00, 1.1162e-01, 
 2DIAGNOSTIC,     5, -5.707202817902e-01, 1.797693134862e+308, 4.0265e+00, 1.1175e-01, 
 2DIAGNOSTIC,     6, -5.714594189037e-01, 1.797693134862e+308, 4.1381e+00, 1.1168e-01, 
 2DIAGNOSTIC,     7, -5.717399543543e-01, 1.797693134862e+308, 4.2499e+00, 1.1177e-01, 
 2DIAGNOSTIC,     8, -5.719045111678e-01, 1.797693134862e+308, 4.4074e+00, 1.5743e-01, 
 2DIAGNOSTIC,     9, -5.719803425779e-01, 1.797693134862e+308, 4.5341e+00, 1.2679e-01, 
 2DIAGNOSTIC,    10, -5.720735771902e-01, 6.152613970222e-04, 4.6462e+00, 1.1210e-01, 
 2DIAGNOSTIC,    11, -5.721856889392e-01, 4.325068066467e-04, 4.7742e+00, 1.2796e-01, 
 2DIAGNOSTIC,    12, -5.722941567437e-01, 2.831791059826e-04, 4.8865e+00, 1.1227e-01, 
 2DIAGNOSTIC,    13, -5.724863900198e-01, 1.828929239589e-04, 5.0437e+00, 1.5718e-01, 
 2DIAGNOSTIC,    14, -5.727446047167e-01, 1.252127819957e-04, 5.1555e+00, 1.1182e-01, 
 2DIAGNOSTIC,    15, -5.734150095802e-01, 1.151573719664e-04, 5.2675e+00, 1.1200e-01, 
 2DIAGNOSTIC,    16, -5.738822195422e-01, 1.328732768320e-04, 5.4094e+00, 1.4197e-01, 
 2DIAGNOSTIC,    17, -5.741233075877e-01, 1.515227408227e-04, 5.5662e+00, 1.5675e-01, 
 2DIAGNOSTIC,    18, -5.742891807660e-01, 1.635560422134e-04, 5.6775e+00, 1.1136e-01, 
 2DIAGNOSTIC,    19, -5.748901541085e-01, 1.769902624012e-04, 5.8038e+00, 1.2625e-01, 
 2DIAGNOSTIC,    20, -5.753374348977e-01, 1.856128698602e-04, 5.9149e+00, 1.1108e-01, 
 2DIAGNOSTIC,    21, -5.754959714050e-01, 1.824182418644e-04, 6.0275e+00, 1.1266e-01, 
 2DIAGNOSTIC,    22, -5.757675213413e-01, 1.714926811032e-04, 6.2151e+00, 1.8762e-01, 
 2DIAGNOSTIC,    23, -5.759108928845e-01, 1.529420132311e-04, 6.3417e+00, 1.2660e-01, 
 2DIAGNOSTIC,    24, -5.759095412903e-01, 1.266351764748e-04, 6.4530e+00, 1.1130e-01, 
 2DIAGNOSTIC,    25, -5.759433209640e-01, 1.044211925532e-04, 6.5645e+00, 1.1142e-01, 
 2DIAGNOSTIC,    26, -5.760152028036e-01, 8.452996941274e-05, 6.6760e+00, 1.1152e-01, 
 2DIAGNOSTIC,    27, -5.761548407808e-01, 6.531357268092e-05, 6.7874e+00, 1.1141e-01, 
 2DIAGNOSTIC,    28, -5.762533390612e-01, 4.584144784867e-05, 6.8992e+00, 1.1181e-01, 
 2DIAGNOSTIC,    29, -5.764529800262e-01, 3.706586804210e-05, 7.0558e+00, 1.5658e-01, 
 2DIAGNOSTIC,    30, -5.765892584885e-01, 3.508827480797e-05, 7.1672e+00, 1.1139e-01, 
 2DIAGNOSTIC,    31, -5.769026461945e-01, 3.743837790339e-05, 7.3239e+00, 1.5673e-01, 
 2DIAGNOSTIC,    32, -5.771387179157e-01, 4.388704144451e-05, 7.4360e+00, 1.1205e-01, 
 2DIAGNOSTIC,    33, -5.772494335389e-01, 4.965860504291e-05, 7.5479e+00, 1.1191e-01, 
 2DIAGNOSTIC,    34, -5.775412810946e-01, 5.473777874672e-05, 7.6594e+00, 1.1157e-01, 
 2DIAGNOSTIC,    35, -5.779167042570e-01, 6.011570397717e-05, 7.7708e+00, 1.1137e-01, 
 2DIAGNOSTIC,    36, -5.784421732899e-01, 6.761755382665e-05, 7.9268e+00, 1.5605e-01, 
 2DIAGNOSTIC,    37, -5.784679077749e-01, 7.044666388335e-05, 8.0686e+00, 1.4180e-01, 
 2DIAGNOSTIC,    38, -5.784808376975e-01, 6.806712517613e-05, 8.1956e+00, 1.2692e-01, 
 2DIAGNOSTIC,    39, -5.785345103647e-01, 6.268811707779e-05, 8.3218e+00, 1.2624e-01, 
 2DIAGNOSTIC,    40, -5.785333043909e-01, 5.316963087683e-05, 8.4477e+00, 1.2590e-01, 
 2DIAGNOSTIC,    41, -5.785704745929e-01, 4.322886670104e-05, 8.5579e+00, 1.1016e-01, 
 2DIAGNOSTIC,    42, -5.786113911068e-01, 3.301866391761e-05, 8.6686e+00, 1.1077e-01, 
 2DIAGNOSTIC,    43, -5.786465204866e-01, 2.192232437986e-05, 8.7801e+00, 1.1150e-01, 
 2DIAGNOSTIC,    44, -5.787542933371e-01, 1.374528243196e-05, 8.9524e+00, 1.7223e-01, 
 2DIAGNOSTIC,    45, -5.788126478443e-01, 9.269191856943e-06, 9.0633e+00, 1.1089e-01, 
 2DIAGNOSTIC,    46, -5.788299625214e-01, 9.999426364173e-06, 9.1740e+00, 1.1074e-01, 
 2DIAGNOSTIC,    47, -5.788775485381e-01, 1.059201412207e-05, 9.2842e+00, 1.1022e-01, 
 2DIAGNOSTIC,    48, -5.789746585793e-01, 1.131967352791e-05, 9.3952e+00, 1.1098e-01, 
 2DIAGNOSTIC,    49, -5.789524382288e-01, 1.128434534275e-05, 9.5217e+00, 1.2653e-01, 
 2DIAGNOSTIC,    50, -5.791394326457e-01, 1.207805049562e-05, 9.6641e+00, 1.4239e-01, 
 2DIAGNOSTIC,    51, -5.792142626236e-01, 1.279239193567e-05, 9.7754e+00, 1.1129e-01, 
 2DIAGNOSTIC,    52, -5.792406390136e-01, 1.294903680441e-05, 9.8865e+00, 1.1109e-01, 
 2DIAGNOSTIC,    53, -5.792950590410e-01, 1.274455428944e-05, 1.0028e+01, 1.4182e-01, 
 2DIAGNOSTIC,    54, -5.793126188412e-01, 1.251543056382e-05, 1.0156e+01, 1.2726e-01, 
 2DIAGNOSTIC,    55, -5.793773560640e-01, 1.224471475223e-05, 1.0268e+01, 1.1251e-01, 
 2DIAGNOSTIC,    56, -5.795676377443e-01, 1.266348258944e-05, 1.0425e+01, 1.5725e-01, 
 2DIAGNOSTIC,    57, -5.796126258844e-01, 1.266118159958e-05, 1.0537e+01, 1.1120e-01, 
 2DIAGNOSTIC,    58, -5.796513362424e-01, 1.269493690776e-05, 1.0648e+01, 1.1107e-01, 
 2DIAGNOSTIC,    59, -5.796927188217e-01, 1.170154469497e-05, 1.0760e+01, 1.1200e-01, 
 2DIAGNOSTIC,    60, -5.797667419954e-01, 1.179165720906e-05, 1.0887e+01, 1.2751e-01, 
 2DIAGNOSTIC,    61, -5.797769597258e-01, 1.144781330168e-05, 1.1015e+01, 1.2796e-01, 
 2DIAGNOSTIC,    62, -5.797136617673e-01, 9.765220366185e-06, 1.1157e+01, 1.4195e-01, 
 2DIAGNOSTIC,    63, -5.797585587809e-01, 8.067090164997e-06, 1.1541e+01, 3.8377e-01, 
 2DIAGNOSTIC,    64, -5.797585584195e-01, 5.815793721494e-06, 1.1654e+01, 1.1291e-01, 
 2DIAGNOSTIC,    65, -5.797585595020e-01, 3.566274222759e-06, 1.1767e+01, 1.1308e-01, 
 2DIAGNOSTIC,    66, -5.797585613319e-01, 2.513686149452e-06, 1.1879e+01, 1.1178e-01, 
 2DIAGNOSTIC,    67, -5.797585644246e-01, 1.639041953175e-06, 1.1991e+01, 1.1247e-01, 
DIAGNOSTIC,Iteration,metricValue,convergenceValue,ITERATION_TIME_INDEX,SINCE_LAST
 2DIAGNOSTIC,     1, -5.131993034084e-01, 1.797693134862e+308, 1.4356e+01, 2.3649e+00, 
 2DIAGNOSTIC,     2, -5.134416895224e-01, 1.797693134862e+308, 1.5105e+01, 7.4898e-01, 
 2DIAGNOSTIC,     3, -5.136723652088e-01, 1.797693134862e+308, 1.5854e+01, 7.4892e-01, 
 2DIAGNOSTIC,     4, -5.138786026767e-01, 1.797693134862e+308, 1.6607e+01, 7.5307e-01, 
 2DIAGNOSTIC,     5, -5.141365619800e-01, 1.797693134862e+308, 1.7465e+01, 8.5785e-01, 
 2DIAGNOSTIC,     6, -5.143301473325e-01, 1.797693134862e+308, 1.8819e+01, 1.3542e+00, 
 2DIAGNOSTIC,     7, -5.143280533181e-01, 1.797693134862e+308, 1.9675e+01, 8.5650e-01, 
 2DIAGNOSTIC,     8, -5.143297744677e-01, 1.797693134862e+308, 2.0429e+01, 7.5357e-01, 
 2DIAGNOSTIC,     9, -5.143488908558e-01, 1.797693134862e+308, 2.1177e+01, 7.4769e-01, 
 2DIAGNOSTIC,    10, -5.143902356227e-01, 1.517460054960e-04, 2.1925e+01, 7.4789e-01, 
 2DIAGNOSTIC,    11, -5.144534480673e-01, 1.063803812571e-04, 2.2690e+01, 7.6578e-01, 
 2DIAGNOSTIC,    12, -5.145342737157e-01, 7.411776949143e-05, 2.3451e+01, 7.6115e-01, 
 2DIAGNOSTIC,    13, -5.146708736835e-01, 5.596073262952e-05, 2.4200e+01, 7.4869e-01, 
 2DIAGNOSTIC,    14, -5.148894588515e-01, 5.201563329649e-05, 2.4947e+01, 7.4663e-01, 
 2DIAGNOSTIC,    15, -5.156667229963e-01, 8.182805410403e-05, 2.5892e+01, 9.4495e-01, 
 2DIAGNOSTIC,    16, -5.159467674500e-01, 1.163096803744e-04, 2.7163e+01, 1.2710e+00, 
 2DIAGNOSTIC,    17, -5.159836034504e-01, 1.374478577877e-04, 2.7928e+01, 7.6518e-01, 
 2DIAGNOSTIC,    18, -5.161365100648e-01, 1.488354415305e-04, 2.8686e+01, 7.5765e-01, 
 2DIAGNOSTIC,    19, -5.163064085052e-01, 1.507232686698e-04, 2.9531e+01, 8.4554e-01, 
 2DIAGNOSTIC,    20, -5.163504323298e-01, 1.404881569414e-04, 3.0391e+01, 8.6029e-01, 
 2DIAGNOSTIC,    21, -5.163454681649e-01, 1.197826699669e-04, 3.1143e+01, 7.5114e-01, 
 2DIAGNOSTIC,    22, -5.163524017208e-01, 9.244172700522e-05, 3.2092e+01, 9.4986e-01, 
 2DIAGNOSTIC,    23, -5.163562220236e-01, 6.245638183420e-05, 3.2938e+01, 8.4530e-01, 
 2DIAGNOSTIC,    24, -5.163344351044e-01, 3.327101671921e-05, 3.4489e+01, 1.5515e+00, 
 2DIAGNOSTIC,    25, -5.163356941087e-01, 2.048512733530e-05, 3.5349e+01, 8.6015e-01, 
 2DIAGNOSTIC,    26, -5.163358673911e-01, 1.289318333053e-05, 3.6093e+01, 7.4320e-01, 
 2DIAGNOSTIC,    27, -5.163362209436e-01, 5.483525496168e-06, 3.6837e+01, 7.4413e-01, 
 2DIAGNOSTIC,    28, -5.163367584453e-01, 1.134529511441e-06, 3.7578e+01, 7.4165e-01, 
DIAGNOSTIC,Iteration,metricValue,convergenceValue,ITERATION_TIME_INDEX,SINCE_LAST
 2DIAGNOSTIC,     1, -4.739470906666e-01, 1.797693134862e+308, 4.3525e+01, 5.9467e+00, 
 2DIAGNOSTIC,     2, -4.741118627412e-01, 1.797693134862e+308, 4.8318e+01, 4.7934e+00, 
 2DIAGNOSTIC,     3, -4.743062722773e-01, 1.797693134862e+308, 5.3105e+01, 4.7863e+00, 
 2DIAGNOSTIC,     4, -4.749289439985e-01, 1.797693134862e+308, 5.9043e+01, 5.9386e+00, 
 2DIAGNOSTIC,     5, -4.750496161032e-01, 1.797693134862e+308, 6.3815e+01, 4.7712e+00, 
 2DIAGNOSTIC,     6, -4.751665014824e-01, 1.797693134862e+308, 6.9185e+01, 5.3703e+00, 
 2DIAGNOSTIC,     7, -4.753075156848e-01, 1.797693134862e+308, 7.5753e+01, 6.5682e+00, 
 2DIAGNOSTIC,     8, -4.753539515096e-01, 1.797693134862e+308, 8.0550e+01, 4.7971e+00, 
 2DIAGNOSTIC,     9, -4.755199812582e-01, 1.797693134862e+308, 8.5339e+01, 4.7890e+00, 
 2DIAGNOSTIC,    10, -4.756199654215e-01, 2.326580948876e-04, 9.1894e+01, 6.5549e+00, 
 2DIAGNOSTIC,    11, -4.756225016734e-01, 1.790568770786e-04, 9.7276e+01, 5.3820e+00, 
 2DIAGNOSTIC,    12, -4.756234674196e-01, 1.271061467710e-04, 1.0264e+02, 5.3593e+00, 
 2DIAGNOSTIC,    13, -4.756202885359e-01, 8.003966304601e-05, 1.0741e+02, 4.7711e+00, 
 2DIAGNOSTIC,    14, -4.756206232465e-01, 5.914979360110e-05, 1.1334e+02, 5.9374e+00, 
 2DIAGNOSTIC,    15, -4.756207476358e-01, 4.054327906132e-05, 1.1927e+02, 5.9306e+00, 
 2DIAGNOSTIC,    16, -4.756205190308e-01, 2.505570343125e-05, 1.2639e+02, 7.1162e+00, 
 2DIAGNOSTIC,    17, -4.756202409992e-01, 1.430049030614e-05, 1.3408e+02, 7.6923e+00, 
 2DIAGNOSTIC,    18, -4.756202648245e-01, 5.021903786318e-06, 1.3886e+02, 4.7812e+00, 
 2DIAGNOSTIC,    19, -4.756201867932e-01, 1.553667394079e-06, 1.4423e+02, 5.3645e+00, 
 2DIAGNOSTIC,    20, -4.756201087241e-01, 1.427457785752e-06, 1.4961e+02, 5.3857e+00, 
 2DIAGNOSTIC,    21, -4.756200426536e-01, 1.397358734286e-06, 1.5443e+02, 4.8152e+00, 
 2DIAGNOSTIC,    22, -4.756200042050e-01, 1.409042495959e-06, 1.5924e+02, 4.8115e+00, 
 2DIAGNOSTIC,    23, -4.756199062690e-01, 1.337751457213e-06, 1.6465e+02, 5.4047e+00, 
 2DIAGNOSTIC,    24, -4.756195545607e-01, 1.276107430025e-06, 1.6947e+02, 4.8202e+00, 
 2DIAGNOSTIC,    25, -4.756194662873e-01, 1.225294207645e-06, 1.7427e+02, 4.8022e+00, 
 2DIAGNOSTIC,    26, -4.756194018087e-01, 1.176271850659e-06, 1.7966e+02, 5.3933e+00, 
 2DIAGNOSTIC,    27, -4.756191885591e-01, 1.124366994371e-06, 1.8506e+02, 5.3955e+00, 
 2DIAGNOSTIC,    28, -4.756193250221e-01, 1.084879976999e-06, 1.9045e+02, 5.3973e+00, 
 2DIAGNOSTIC,    29, -4.756191677495e-01, 1.048154834898e-06, 1.9642e+02, 5.9706e+00, 
 2DIAGNOSTIC,    30, -4.756189099504e-01, 1.011956920489e-06, 2.0239e+02, 5.9650e+00, 
  Elapsed time (stage 0): 2.0545e+02


Total elapsed time: 2.0545e+02
-i /mnt/lustre/mathdugre/fast-interpolate/datasets/ds004513/derivatives/flint/ants/flint-vprec-single/sub-s032/ses-open/anat/0/1_Rigid.nii.gz -o /mnt/lustre/mathdugre/fast-interpolate/datasets/ds004513/derivatives/flint/ants/flint-vprec-single/sub-s032/ses-open/anat/00/1_transformed.nii.gz -t /mnt/lustre/mathdugre/fast-interpolate/datasets/ds004513/derivatives/flint/ants/flint-vprec-single/sub-s032/ses-open/anat/00/1_0GenericAffine.mat
