---------------------
Experiment information

SIF_IMG: /mnt/lustre/mathdugre/containers/ants-flint-base.simg
SIF_IMG_BASE: /mnt/lustre/mathdugre/containers/ants-flint-base.simg
EXPERIMENT_NAME: flint-vprec-single
STAGE: affine
SUBJECT_ID: s023
REPETITION_ID: 1

FIXED_IMG: /templateflow/tpl-MNI152NLin2009cAsym/tpl-MNI152NLin2009cAsym_res-01_desc-brain_T1w.nii.gz
INPUT_IMG: /mnt/lustre/mathdugre/fast-interpolate/datasets/ds004513/derivatives/flint/ants/flint-vprec-single/sub-s023/ses-open/anat/0/1_Rigid.nii.gz

DATA_DIR: /mnt/lustre/mathdugre/fast-interpolate/datasets/ds004513
OUTPUT_DIR: /mnt/lustre/mathdugre/fast-interpolate/datasets/ds004513/derivatives/flint/ants/flint-vprec-single/sub-s023/ses-open/anat
OUTPUT_PREFIX: 00
THREAD: 1
FLOAT: 0
VFC_BACKENDS: ieee
---------------------

--output [/mnt/lustre/mathdugre/fast-interpolate/datasets/ds004513/derivatives/flint/ants/flint-vprec-single/sub-s023/ses-open/anat/00/1_,/mnt/lustre/mathdugre/fast-interpolate/datasets/ds004513/derivatives/flint/ants/flint-vprec-single/sub-s023/ses-open/anat/00/1_Affine.nii.gz,/mnt/lustre/mathdugre/fast-interpolate/datasets/ds004513/derivatives/flint/ants/flint-vprec-single/sub-s023/ses-open/anat/00/1_InverseAffine.nii.gz] --initial-moving-transform [/templateflow/tpl-MNI152NLin2009cAsym/tpl-MNI152NLin2009cAsym_res-01_desc-brain_T1w.nii.gz,/mnt/lustre/mathdugre/fast-interpolate/datasets/ds004513/derivatives/flint/ants/flint-vprec-single/sub-s023/ses-open/anat/0/1_Rigid.nii.gz,1] --transform Affine[0.1] --metric MI[/templateflow/tpl-MNI152NLin2009cAsym/tpl-MNI152NLin2009cAsym_res-01_desc-brain_T1w.nii.gz,/mnt/lustre/mathdugre/fast-interpolate/datasets/ds004513/derivatives/flint/ants/flint-vprec-single/sub-s023/ses-open/anat/0/1_Rigid.nii.gz,1,32,Regular,0.25] --convergence [1000x500x250x100,1e-6,10] --shrink-factors 8x4x2x1 --smoothing-sigmas 3x2x1x0vox
All_Command_lines_OK
Using double precision for computations.
=============================================================================
The composite transform comprises the following transforms (in order): 
  1. Center of mass alignment using fixed image: /templateflow/tpl-MNI152NLin2009cAsym/tpl-MNI152NLin2009cAsym_res-01_desc-brain_T1w.nii.gz and moving image: /mnt/lustre/mathdugre/fast-interpolate/datasets/ds004513/derivatives/flint/ants/flint-vprec-single/sub-s023/ses-open/anat/0/1_Rigid.nii.gz (type = Euler3DTransform)
=============================================================================
  number of levels = 4
  fixed image: /templateflow/tpl-MNI152NLin2009cAsym/tpl-MNI152NLin2009cAsym_res-01_desc-brain_T1w.nii.gz
  moving image: /mnt/lustre/mathdugre/fast-interpolate/datasets/ds004513/derivatives/flint/ants/flint-vprec-single/sub-s023/ses-open/anat/0/1_Rigid.nii.gz
Dimension = 3
Number of stages = 1
Use histogram matching = false
Winsorize image intensities = true
  Lower quantile = 0.005
  Upper quantile = 0.995


Stage 1 State
   Image metric = MattesMI
     Fixed image = Image (0x56403c8c0e90)
  RTTI typeinfo:   itk::Image<double, 3u>
  Reference Count: 2
  Modified Time: 1622
  Debug: Off
  Object Name: 
  Observers: 
    none
  Source: (none)
  Source output name: (none)
  Release Data: Off
  Data Released: False
  Global Release Data: Off
  PipelineMTime: 0
  UpdateMTime: 1407
  RealTimeStamp: 0 seconds 
  LargestPossibleRegion: 
    Dimension: 3
    Index: [0, 0, 0]
    Size: [193, 229, 193]
  BufferedRegion: 
    Dimension: 3
    Index: [0, 0, 0]
    Size: [193, 229, 193]
  RequestedRegion: 
    Dimension: 3
    Index: [0, 0, 0]
    Size: [193, 229, 193]
  Spacing: [1, 1, 1]
  Origin: [96, 132, -78]
  Direction: 
-1 0 0
0 -1 0
0 0 1

  IndexToPointMatrix: 
-1 0 0
0 -1 0
0 0 1

  PointToIndexMatrix: 
-1 0 0
0 -1 0
0 0 1

  Inverse Direction: 
-1 0 0
0 -1 0
0 0 1

  PixelContainer: 
    ImportImageContainer (0x56403c9970d0)
      RTTI typeinfo:   itk::ImportImageContainer<unsigned long, double>
      Reference Count: 1
      Modified Time: 1404
      Debug: Off
      Object Name: 
      Observers: 
        none
      Pointer: 0x7fb9eadc5010
      Container manages memory: true
      Size: 8530021
      Capacity: 8530021

     Moving image = Image (0x56403c8c7b20)
  RTTI typeinfo:   itk::Image<double, 3u>
  Reference Count: 2
  Modified Time: 1623
  Debug: Off
  Object Name: 
  Observers: 
    none
  Source: (none)
  Source output name: (none)
  Release Data: Off
  Data Released: False
  Global Release Data: Off
  PipelineMTime: 0
  UpdateMTime: 1620
  RealTimeStamp: 0 seconds 
  LargestPossibleRegion: 
    Dimension: 3
    Index: [0, 0, 0]
    Size: [193, 229, 193]
  BufferedRegion: 
    Dimension: 3
    Index: [0, 0, 0]
    Size: [193, 229, 193]
  RequestedRegion: 
    Dimension: 3
    Index: [0, 0, 0]
    Size: [193, 229, 193]
  Spacing: [1, 1, 1]
  Origin: [96, 132, -78]
  Direction: 
-1 0 0
0 -1 0
0 0 1

  IndexToPointMatrix: 
-1 0 0
0 -1 0
0 0 1

  PointToIndexMatrix: 
-1 0 0
0 -1 0
0 0 1

  Inverse Direction: 
-1 0 0
0 -1 0
0 0 1

  PixelContainer: 
    ImportImageContainer (0x56403c8c2480)
      RTTI typeinfo:   itk::ImportImageContainer<unsigned long, double>
      Reference Count: 1
      Modified Time: 1617
      Debug: Off
      Object Name: 
      Observers: 
        none
      Pointer: 0x7fb9e6cb0010
      Container manages memory: true
      Size: 8530021
      Capacity: 8530021

     Weighting = 1
     Sampling strategy = regular
     Number of bins = 32
     Radius = 4
     Sampling percentage  = 0.25
   Transform = Affine
     Gradient step = 0.1
     Update field sigma (voxel space) = 0
     Total field sigma (voxel space) = 0
     Update field time sigma = 0
     Total field time sigma  = 0
     Number of time indices = 0
     Number of time point samples = 0
Registration using 1 total stages.

Stage 0
  iterations = 1000x500x250x100
  convergence threshold = 1e-06
  convergence window size = 10
  number of levels = 4
  using the Mattes MI metric (number of bins = 32, weight = 1, use gradient filter = 0)
  preprocessing:  winsorizing the image intensities
  Shrink factors (level 1 out of 4): [8, 8, 8]
  Shrink factors (level 2 out of 4): [4, 4, 4]
  Shrink factors (level 3 out of 4): [2, 2, 2]
  Shrink factors (level 4 out of 4): [1, 1, 1]
  smoothing sigmas per level: [3, 2, 1, 0]
  regular sampling (percentage = 0.25)

*** Running AffineTransform registration ***

DIAGNOSTIC,Iteration,metricValue,convergenceValue,ITERATION_TIME_INDEX,SINCE_LAST
 2DIAGNOSTIC,     1, -4.600119113100e-01, 1.797693134862e+308, 1.4634e+00, 1.4634e+00, 
 2DIAGNOSTIC,     2, -4.618599884438e-01, 1.797693134862e+308, 1.4746e+00, 1.1116e-02, 
 2DIAGNOSTIC,     3, -4.651683188972e-01, 1.797693134862e+308, 1.4858e+00, 1.1266e-02, 
 2DIAGNOSTIC,     4, -4.706595414559e-01, 1.797693134862e+308, 1.4971e+00, 1.1243e-02, 
 2DIAGNOSTIC,     5, -4.793321654988e-01, 1.797693134862e+308, 1.5084e+00, 1.1321e-02, 
 2DIAGNOSTIC,     6, -4.937500834224e-01, 1.797693134862e+308, 1.5199e+00, 1.1482e-02, 
 2DIAGNOSTIC,     7, -5.201758731245e-01, 1.797693134862e+308, 1.5316e+00, 1.1705e-02, 
 2DIAGNOSTIC,     8, -5.586029543922e-01, 1.797693134862e+308, 1.5437e+00, 1.2127e-02, 
 2DIAGNOSTIC,     9, -6.952152171778e-01, 1.797693134862e+308, 1.5589e+00, 1.5214e-02, 
 2DIAGNOSTIC,    10, -7.451726473377e-01, 3.082072017963e-02, 1.5739e+00, 1.4990e-02, 
 2DIAGNOSTIC,    11, -7.799570167792e-01, 3.532130193623e-02, 1.5921e+00, 1.8178e-02, 
 2DIAGNOSTIC,    12, -7.919549568777e-01, 3.630120457883e-02, 1.6040e+00, 1.1860e-02, 
 2DIAGNOSTIC,    13, -8.229493838687e-01, 3.501009297035e-02, 1.6169e+00, 1.2967e-02, 
 2DIAGNOSTIC,    14, -8.337350477525e-01, 3.129079301552e-02, 1.6297e+00, 1.2826e-02, 
 2DIAGNOSTIC,    15, -8.374968879714e-01, 2.578524130697e-02, 1.6425e+00, 1.2796e-02, 
 2DIAGNOSTIC,    16, -8.408730825593e-01, 1.939546707009e-02, 1.6554e+00, 1.2858e-02, 
 2DIAGNOSTIC,    17, -8.427547128479e-01, 1.297004090534e-02, 1.6669e+00, 1.1473e-02, 
 2DIAGNOSTIC,    18, -8.439030024529e-01, 7.134957150331e-03, 1.6836e+00, 1.6694e-02, 
 2DIAGNOSTIC,    19, -8.442736934299e-01, 4.438683165925e-03, 1.6950e+00, 1.1435e-02, 
 2DIAGNOSTIC,    20, -8.451555364586e-01, 2.720075823910e-03, 1.7064e+00, 1.1381e-02, 
 2DIAGNOSTIC,    21, -8.455845966639e-01, 1.645423768426e-03, 1.7203e+00, 1.3904e-02, 
 2DIAGNOSTIC,    22, -8.459712294574e-01, 7.533873604891e-04, 1.7341e+00, 1.3847e-02, 
 2DIAGNOSTIC,    23, -8.460794884750e-01, 4.276518214658e-04, 1.7455e+00, 1.1359e-02, 
 2DIAGNOSTIC,    24, -8.463734032204e-01, 2.790571214122e-04, 1.7569e+00, 1.1366e-02, 
 2DIAGNOSTIC,    25, -8.466555983585e-01, 1.818476053148e-04, 1.7732e+00, 1.6387e-02, 
 2DIAGNOSTIC,    26, -8.467423270174e-01, 1.284531566216e-04, 1.7845e+00, 1.1303e-02, 
 2DIAGNOSTIC,    27, -8.467853491928e-01, 9.551984834479e-05, 1.7959e+00, 1.1338e-02, 
 2DIAGNOSTIC,    28, -8.469002417799e-01, 7.418611417260e-05, 1.8072e+00, 1.1294e-02, 
 2DIAGNOSTIC,    29, -8.470108116276e-01, 5.385667108542e-05, 1.8191e+00, 1.1958e-02, 
 2DIAGNOSTIC,    30, -8.471338521427e-01, 4.289356015350e-05, 1.8329e+00, 1.3719e-02, 
 2DIAGNOSTIC,    31, -8.471808658756e-01, 3.461185522750e-05, 1.8441e+00, 1.1239e-02, 
 2DIAGNOSTIC,    32, -8.474852957511e-01, 3.208575340491e-05, 1.8580e+00, 1.3944e-02, 
 2DIAGNOSTIC,    33, -8.479988235794e-01, 3.383937890460e-05, 1.8704e+00, 1.2390e-02, 
 2DIAGNOSTIC,    34, -8.485160924691e-01, 4.120795348152e-05, 1.8829e+00, 1.2437e-02, 
 2DIAGNOSTIC,    35, -8.489780966473e-01, 5.226133482795e-05, 1.8965e+00, 1.3586e-02, 
 2DIAGNOSTIC,    36, -8.491014262566e-01, 5.997457015809e-05, 1.9076e+00, 1.1124e-02, 
 2DIAGNOSTIC,    37, -8.492223224874e-01, 6.332050453885e-05, 1.9200e+00, 1.2389e-02, 
 2DIAGNOSTIC,    38, -8.493724625386e-01, 6.308679729777e-05, 1.9336e+00, 1.3618e-02, 
 2DIAGNOSTIC,    39, -8.494444689007e-01, 5.859837207310e-05, 1.9447e+00, 1.1144e-02, 
 2DIAGNOSTIC,    40, -8.497130804972e-01, 5.253250006436e-05, 1.9559e+00, 1.1171e-02, 
 2DIAGNOSTIC,    41, -8.500353684227e-01, 4.519262491358e-05, 1.9702e+00, 1.4280e-02, 
 2DIAGNOSTIC,    42, -8.501785294188e-01, 3.787922296765e-05, 1.9837e+00, 1.3502e-02, 
 2DIAGNOSTIC,    43, -8.503039551731e-01, 3.283664804497e-05, 1.9946e+00, 1.0955e-02, 
 2DIAGNOSTIC,    44, -8.504859912369e-01, 3.076353869779e-05, 2.0056e+00, 1.0921e-02, 
 2DIAGNOSTIC,    45, -8.505588551095e-01, 3.023830820364e-05, 2.0194e+00, 1.3869e-02, 
 2DIAGNOSTIC,    46, -8.506037326511e-01, 2.822220083959e-05, 2.0316e+00, 1.2153e-02, 
 2DIAGNOSTIC,    47, -8.506502907552e-01, 2.497396781118e-05, 2.0424e+00, 1.0842e-02, 
 2DIAGNOSTIC,    48, -8.507281345576e-01, 2.131653230700e-05, 2.0557e+00, 1.3279e-02, 
 2DIAGNOSTIC,    49, -8.507413528894e-01, 1.643944544074e-05, 2.0666e+00, 1.0908e-02, 
 2DIAGNOSTIC,    50, -8.507455331861e-01, 1.220735333501e-05, 2.0790e+00, 1.2385e-02, 
 2DIAGNOSTIC,    51, -8.507471772605e-01, 9.361610020714e-06, 2.0911e+00, 1.2088e-02, 
 2DIAGNOSTIC,    52, -8.507483112556e-01, 6.799547388109e-06, 2.1030e+00, 1.1953e-02, 
 2DIAGNOSTIC,    53, -8.507504885792e-01, 4.590360299182e-06, 2.1139e+00, 1.0852e-02, 
 2DIAGNOSTIC,    54, -8.507532276922e-01, 3.318773444741e-06, 2.1259e+00, 1.1972e-02, 
 2DIAGNOSTIC,    55, -8.507539609532e-01, 2.325021126640e-06, 2.1364e+00, 1.0589e-02, 
 2DIAGNOSTIC,    56, -8.507586577474e-01, 1.524018854639e-06, 2.1506e+00, 1.4163e-02, 
DIAGNOSTIC,Iteration,metricValue,convergenceValue,ITERATION_TIME_INDEX,SINCE_LAST
 2DIAGNOSTIC,     1, -7.181536964733e-01, 1.797693134862e+308, 3.7149e+00, 1.5643e+00, 
 2DIAGNOSTIC,     2, -7.189206726215e-01, 1.797693134862e+308, 3.8279e+00, 1.1297e-01, 
 2DIAGNOSTIC,     3, -7.196189234911e-01, 1.797693134862e+308, 3.9408e+00, 1.1286e-01, 
 2DIAGNOSTIC,     4, -7.202205061124e-01, 1.797693134862e+308, 4.0538e+00, 1.1298e-01, 
 2DIAGNOSTIC,     5, -7.208813989995e-01, 1.797693134862e+308, 4.1668e+00, 1.1303e-01, 
 2DIAGNOSTIC,     6, -7.215214062953e-01, 1.797693134862e+308, 4.3106e+00, 1.4385e-01, 
 2DIAGNOSTIC,     7, -7.219905838361e-01, 1.797693134862e+308, 4.4546e+00, 1.4400e-01, 
 2DIAGNOSTIC,     8, -7.220325916769e-01, 1.797693134862e+308, 4.5677e+00, 1.1303e-01, 
 2DIAGNOSTIC,     9, -7.221763973177e-01, 1.797693134862e+308, 4.6807e+00, 1.1306e-01, 
 2DIAGNOSTIC,    10, -7.223505025133e-01, 3.843868876492e-04, 4.7940e+00, 1.1331e-01, 
 2DIAGNOSTIC,    11, -7.225593553848e-01, 2.900707681114e-04, 4.9076e+00, 1.1358e-01, 
 2DIAGNOSTIC,    12, -7.227181776578e-01, 2.157060324636e-04, 5.0516e+00, 1.4404e-01, 
 2DIAGNOSTIC,    13, -7.228313116037e-01, 1.581342866538e-04, 5.3936e+00, 3.4197e-01, 
 2DIAGNOSTIC,    14, -7.228313137115e-01, 1.114628187316e-04, 5.5071e+00, 1.1347e-01, 
 2DIAGNOSTIC,    15, -7.228314166829e-01, 7.809562102011e-05, 5.6204e+00, 1.1330e-01, 
 2DIAGNOSTIC,    16, -7.228315903425e-01, 5.736817869760e-05, 5.7336e+00, 1.1318e-01, 
 2DIAGNOSTIC,    17, -7.228318847904e-01, 4.485053884586e-05, 5.8467e+00, 1.1312e-01, 
 2DIAGNOSTIC,    18, -7.228323848980e-01, 3.066151135587e-05, 5.9598e+00, 1.1314e-01, 
 2DIAGNOSTIC,    19, -7.228332273226e-01, 1.828260625097e-05, 6.0740e+00, 1.1415e-01, 
 2DIAGNOSTIC,    20, -7.228346543116e-01, 9.012060977656e-06, 6.1882e+00, 1.1421e-01, 
 2DIAGNOSTIC,    21, -7.228369974987e-01, 3.833928726514e-06, 6.3018e+00, 1.1359e-01, 
 2DIAGNOSTIC,    22, -7.228406998079e-01, 1.760501385256e-06, 6.4153e+00, 1.1350e-01, 
 2DIAGNOSTIC,    23, -7.228462364535e-01, 1.868505687952e-06, 6.5285e+00, 1.1324e-01, 
 2DIAGNOSTIC,    24, -7.228541407943e-01, 2.050311025945e-06, 6.6420e+00, 1.1348e-01, 
 2DIAGNOSTIC,    25, -7.228648172964e-01, 2.317341120946e-06, 6.7553e+00, 1.1335e-01, 
 2DIAGNOSTIC,    26, -7.228788970822e-01, 2.678915864314e-06, 6.8692e+00, 1.1386e-01, 
 2DIAGNOSTIC,    27, -7.228966529021e-01, 3.136664506166e-06, 6.9828e+00, 1.1361e-01, 
 2DIAGNOSTIC,    28, -7.229234207219e-01, 3.756565715836e-06, 7.1119e+00, 1.2904e-01, 
 2DIAGNOSTIC,    29, -7.229460086686e-01, 4.397917178878e-06, 7.2254e+00, 1.1350e-01, 
 2DIAGNOSTIC,    30, -7.229589179877e-01, 4.869518814468e-06, 7.3546e+00, 1.2925e-01, 
 2DIAGNOSTIC,    31, -7.229648489966e-01, 5.056311153724e-06, 7.5309e+00, 1.7632e-01, 
 2DIAGNOSTIC,    32, -7.229662977413e-01, 4.913125763853e-06, 7.6450e+00, 1.1410e-01, 
 2DIAGNOSTIC,    33, -7.229725827922e-01, 4.545219833826e-06, 7.7743e+00, 1.2932e-01, 
 2DIAGNOSTIC,    34, -7.229759465393e-01, 3.984368268602e-06, 7.9032e+00, 1.2885e-01, 
 2DIAGNOSTIC,    35, -7.229761477183e-01, 3.287448407018e-06, 8.0168e+00, 1.1357e-01, 
 2DIAGNOSTIC,    36, -7.229769897810e-01, 2.568075539555e-06, 8.1305e+00, 1.1371e-01, 
 2DIAGNOSTIC,    37, -7.229786452774e-01, 1.930397202428e-06, 8.2449e+00, 1.1443e-01, 
 2DIAGNOSTIC,    38, -7.229815808380e-01, 1.526244226762e-06, 8.4197e+00, 1.7483e-01, 
 2DIAGNOSTIC,    39, -7.229819997640e-01, 1.305234925957e-06, 8.5325e+00, 1.1275e-01, 
 2DIAGNOSTIC,    40, -7.229820550666e-01, 1.175998095185e-06, 8.6600e+00, 1.2748e-01, 
 2DIAGNOSTIC,    41, -7.229822095689e-01, 1.076342973718e-06, 8.7898e+00, 1.2983e-01, 
DIAGNOSTIC,Iteration,metricValue,convergenceValue,ITERATION_TIME_INDEX,SINCE_LAST
 2DIAGNOSTIC,     1, -6.185795380261e-01, 1.797693134862e+308, 1.1144e+01, 2.3544e+00, 
 2DIAGNOSTIC,     2, -6.189323922527e-01, 1.797693134862e+308, 1.1888e+01, 7.4406e-01, 
 2DIAGNOSTIC,     3, -6.192335042105e-01, 1.797693134862e+308, 1.2631e+01, 7.4261e-01, 
 2DIAGNOSTIC,     4, -6.195308679720e-01, 1.797693134862e+308, 1.3373e+01, 7.4187e-01, 
 2DIAGNOSTIC,     5, -6.198003492339e-01, 1.797693134862e+308, 1.4228e+01, 8.5558e-01, 
 2DIAGNOSTIC,     6, -6.199029280975e-01, 1.797693134862e+308, 1.5668e+01, 1.4398e+00, 
 2DIAGNOSTIC,     7, -6.199036341474e-01, 1.797693134862e+308, 1.6413e+01, 7.4489e-01, 
 2DIAGNOSTIC,     8, -6.199060792320e-01, 1.797693134862e+308, 1.7168e+01, 7.5457e-01, 
 2DIAGNOSTIC,     9, -6.199100363865e-01, 1.797693134862e+308, 1.7916e+01, 7.4799e-01, 
 2DIAGNOSTIC,    10, -6.199162808873e-01, 1.341031436916e-04, 1.8662e+01, 7.4676e-01, 
 2DIAGNOSTIC,    11, -6.199254515135e-01, 8.234147181070e-05, 1.9408e+01, 7.4555e-01, 
 2DIAGNOSTIC,    12, -6.199379863266e-01, 4.600877656695e-05, 2.0160e+01, 7.5246e-01, 
 2DIAGNOSTIC,    13, -6.199539106495e-01, 2.240490613169e-05, 2.0910e+01, 7.4965e-01, 
 2DIAGNOSTIC,    14, -6.199716498331e-01, 1.046423973812e-05, 2.1657e+01, 7.4713e-01, 
 2DIAGNOSTIC,    15, -6.199883273081e-01, 8.021405779643e-06, 2.2406e+01, 7.4912e-01, 
 2DIAGNOSTIC,    16, -6.199985627344e-01, 8.572247219105e-06, 2.3762e+01, 1.3557e+00, 
 2DIAGNOSTIC,    17, -6.200006762820e-01, 8.527481496934e-06, 2.4514e+01, 7.5200e-01, 
 2DIAGNOSTIC,    18, -6.200009814848e-01, 7.944551223334e-06, 2.5262e+01, 7.4857e-01, 
 2DIAGNOSTIC,    19, -6.200024417655e-01, 6.978931753700e-06, 2.6108e+01, 8.4591e-01, 
 2DIAGNOSTIC,    20, -6.200051667939e-01, 5.817142777108e-06, 2.7465e+01, 1.3565e+00, 
 2DIAGNOSTIC,    21, -6.200052243859e-01, 4.570010855035e-06, 2.8237e+01, 7.7198e-01, 
 2DIAGNOSTIC,    22, -6.200054044850e-01, 3.416292374159e-06, 2.8998e+01, 7.6091e-01, 
 2DIAGNOSTIC,    23, -6.200056331614e-01, 2.498288369533e-06, 2.9749e+01, 7.5085e-01, 
 2DIAGNOSTIC,    24, -6.200058707051e-01, 1.888897993019e-06, 3.0493e+01, 7.4405e-01, 
 2DIAGNOSTIC,    25, -6.200060619102e-01, 1.579005686321e-06, 3.1235e+01, 7.4238e-01, 
 2DIAGNOSTIC,    26, -6.200061832330e-01, 1.446034033049e-06, 3.1990e+01, 7.5497e-01, 
 2DIAGNOSTIC,    27, -6.200062920298e-01, 1.340606233802e-06, 3.2844e+01, 8.5414e-01, 
 2DIAGNOSTIC,    28, -6.200065274498e-01, 1.236074685662e-06, 3.5386e+01, 2.5420e+00, 
 2DIAGNOSTIC,    29, -6.200065274486e-01, 1.151106088018e-06, 3.7895e+01, 2.5093e+00, 
 2DIAGNOSTIC,    30, -6.200065274486e-01, 1.108419271048e-06, 3.8819e+01, 9.2361e-01, 
 2DIAGNOSTIC,    31, -6.200065274486e-01, 1.064843966600e-06, 3.9656e+01, 8.3714e-01, 
 2DIAGNOSTIC,    32, -6.200065274486e-01, 1.022874698324e-06, 4.0487e+01, 8.3134e-01, 
DIAGNOSTIC,Iteration,metricValue,convergenceValue,ITERATION_TIME_INDEX,SINCE_LAST
 2DIAGNOSTIC,     1, -5.514731729647e-01, 1.797693134862e+308, 4.6606e+01, 6.1185e+00, 
 2DIAGNOSTIC,     2, -5.517144265713e-01, 1.797693134862e+308, 5.1557e+01, 4.9510e+00, 
 2DIAGNOSTIC,     3, -5.518971439553e-01, 1.797693134862e+308, 5.7076e+01, 5.5193e+00, 
 2DIAGNOSTIC,     4, -5.520782736494e-01, 1.797693134862e+308, 6.2587e+01, 5.5105e+00, 
 2DIAGNOSTIC,     5, -5.521017614228e-01, 1.797693134862e+308, 6.7500e+01, 4.9132e+00, 
 2DIAGNOSTIC,     6, -5.521089126926e-01, 1.797693134862e+308, 7.2407e+01, 4.9069e+00, 
 2DIAGNOSTIC,     7, -5.521224717193e-01, 1.797693134862e+308, 7.8498e+01, 6.0912e+00, 
 2DIAGNOSTIC,     8, -5.521283032076e-01, 1.797693134862e+308, 8.5178e+01, 6.6801e+00, 
 2DIAGNOSTIC,     9, -5.521285310338e-01, 1.797693134862e+308, 9.0095e+01, 4.9163e+00, 
 2DIAGNOSTIC,    10, -5.521296514743e-01, 6.508909852729e-05, 9.5014e+01, 4.9193e+00, 
 2DIAGNOSTIC,    11, -5.521314615050e-01, 3.425546714568e-05, 9.9930e+01, 4.9161e+00, 
 2DIAGNOSTIC,    12, -5.521344519190e-01, 1.610106080419e-05, 1.0485e+02, 4.9178e+00, 
 2DIAGNOSTIC,    13, -5.521375547783e-01, 6.687439154204e-06, 1.0978e+02, 4.9302e+00, 
 2DIAGNOSTIC,    14, -5.521452286043e-01, 5.161524755576e-06, 1.1650e+02, 6.7212e+00, 
 2DIAGNOSTIC,    15, -5.521473466001e-01, 4.450564405303e-06, 1.2203e+02, 5.5342e+00, 
 2DIAGNOSTIC,    16, -5.521478184049e-01, 3.851201465663e-06, 1.3759e+02, 1.5560e+01, 
 2DIAGNOSTIC,    17, -5.521478184027e-01, 3.559137241982e-06, 1.5139e+02, 1.3793e+01, 
 2DIAGNOSTIC,    18, -5.521478184027e-01, 3.309961298478e-06, 1.5749e+02, 6.1052e+00, 
 2DIAGNOSTIC,    19, -5.521478184027e-01, 2.947470096125e-06, 1.6301e+02, 5.5173e+00, 
 2DIAGNOSTIC,    20, -5.521478184027e-01, 2.530968773957e-06, 1.7089e+02, 7.8780e+00, 
 2DIAGNOSTIC,    21, -5.521478184027e-01, 2.112415695678e-06, 1.7638e+02, 5.4976e+00, 
 2DIAGNOSTIC,    22, -5.521478184027e-01, 1.746961861719e-06, 1.8368e+02, 7.2970e+00, 
 2DIAGNOSTIC,    23, -5.521478184027e-01, 1.450409726399e-06, 1.8923e+02, 5.5463e+00, 
 2DIAGNOSTIC,    24, -5.521478184027e-01, 1.335697491840e-06, 1.9477e+02, 5.5441e+00, 
 2DIAGNOSTIC,    25, -5.521478184027e-01, 1.272547931697e-06, 2.0030e+02, 5.5271e+00, 
 2DIAGNOSTIC,    26, -5.521478184027e-01, 1.223598236059e-06, 2.0582e+02, 5.5175e+00, 
 2DIAGNOSTIC,    27, -5.521478184027e-01, 1.178274801290e-06, 2.1189e+02, 6.0735e+00, 
 2DIAGNOSTIC,    28, -5.521478184027e-01, 1.136189097792e-06, 2.1736e+02, 5.4721e+00, 
 2DIAGNOSTIC,    29, -5.521478184027e-01, 1.097006153666e-06, 2.2255e+02, 5.1847e+00, 
 2DIAGNOSTIC,    30, -5.521478184027e-01, 1.060435664266e-06, 2.2751e+02, 4.9649e+00, 
 2DIAGNOSTIC,    31, -5.521478184027e-01, 1.026224787155e-06, 2.3311e+02, 5.5962e+00, 
  Elapsed time (stage 0): 2.3604e+02


Total elapsed time: 2.3605e+02
-i /mnt/lustre/mathdugre/fast-interpolate/datasets/ds004513/derivatives/flint/ants/flint-vprec-single/sub-s023/ses-open/anat/0/1_Rigid.nii.gz -o /mnt/lustre/mathdugre/fast-interpolate/datasets/ds004513/derivatives/flint/ants/flint-vprec-single/sub-s023/ses-open/anat/00/1_transformed.nii.gz -t /mnt/lustre/mathdugre/fast-interpolate/datasets/ds004513/derivatives/flint/ants/flint-vprec-single/sub-s023/ses-open/anat/00/1_0GenericAffine.mat
