---------------------
Experiment information

SIF_IMG: /mnt/lustre/mathdugre/containers/ants-flint-vprec.simg
SIF_IMG_BASE: /mnt/lustre/mathdugre/containers/ants-flint-base.simg
EXPERIMENT_NAME: flint-vprec-single-five-levels
STAGE: syn
SUBJECT_ID: s003
REPETITION_ID: 1

FIXED_IMG: /templateflow/tpl-MNI152NLin2009cAsym/tpl-MNI152NLin2009cAsym_res-01_desc-brain_T1w.nii.gz
INPUT_IMG: /mnt/lustre/mathdugre/fast-interpolate/datasets/ds004513/derivatives/flint/ants/flint-vprec-single-five-levels/sub-s003/ses-open/anat/11/1_Affine.nii.gz

DATA_DIR: /mnt/lustre/mathdugre/fast-interpolate/datasets/ds004513
OUTPUT_DIR: /mnt/lustre/mathdugre/fast-interpolate/datasets/ds004513/derivatives/flint/ants/flint-vprec-single-five-levels/sub-s003/ses-open/anat
OUTPUT_PREFIX: 111
THREAD: 1
FLOAT: 0
VFC_BACKENDS: libinterflop_vprec.so --precision-binary32=23 --range-binary32=8 --precision-binary64=23 --range-binary64=8
---------------------

--output [/mnt/lustre/mathdugre/fast-interpolate/datasets/ds004513/derivatives/flint/ants/flint-vprec-single-five-levels/sub-s003/ses-open/anat/111/1_,/mnt/lustre/mathdugre/fast-interpolate/datasets/ds004513/derivatives/flint/ants/flint-vprec-single-five-levels/sub-s003/ses-open/anat/111/1_Warped.nii.gz,/mnt/lustre/mathdugre/fast-interpolate/datasets/ds004513/derivatives/flint/ants/flint-vprec-single-five-levels/sub-s003/ses-open/anat/111/1_InverseSyN.nii.gz] --initial-moving-transform [/templateflow/tpl-MNI152NLin2009cAsym/tpl-MNI152NLin2009cAsym_res-01_desc-brain_T1w.nii.gz,/mnt/lustre/mathdugre/fast-interpolate/datasets/ds004513/derivatives/flint/ants/flint-vprec-single-five-levels/sub-s003/ses-open/anat/11/1_Affine.nii.gz,1] --transform SyN[ 0.1,3,0 ] --metric CC[/templateflow/tpl-MNI152NLin2009cAsym/tpl-MNI152NLin2009cAsym_res-01_desc-brain_T1w.nii.gz,/mnt/lustre/mathdugre/fast-interpolate/datasets/ds004513/derivatives/flint/ants/flint-vprec-single-five-levels/sub-s003/ses-open/anat/11/1_Affine.nii.gz,1,4] --convergence [100x100x70x50x20,1e-6,10] --shrink-factors 16x8x4x2x1 --smoothing-sigmas 4x3x2x1x0vox
All_Command_lines_OK
Using double precision for computations.
=============================================================================
The composite transform comprises the following transforms (in order): 
  1. Center of mass alignment using fixed image: /templateflow/tpl-MNI152NLin2009cAsym/tpl-MNI152NLin2009cAsym_res-01_desc-brain_T1w.nii.gz and moving image: /mnt/lustre/mathdugre/fast-interpolate/datasets/ds004513/derivatives/flint/ants/flint-vprec-single-five-levels/sub-s003/ses-open/anat/11/1_Affine.nii.gz (type = Euler3DTransform)
=============================================================================
  number of levels = 5
  fixed image: /templateflow/tpl-MNI152NLin2009cAsym/tpl-MNI152NLin2009cAsym_res-01_desc-brain_T1w.nii.gz
  moving image: /mnt/lustre/mathdugre/fast-interpolate/datasets/ds004513/derivatives/flint/ants/flint-vprec-single-five-levels/sub-s003/ses-open/anat/11/1_Affine.nii.gz
Dimension = 3
Number of stages = 1
Use histogram matching = false
Winsorize image intensities = true
  Lower quantile = 0.005
  Upper quantile = 0.995


Stage 1 State
   Image metric = CC
     Fixed image = Image (0x4189f00)
  RTTI typeinfo:   itk::Image<double, 3u>
  Reference Count: 2
  Modified Time: 1622
  Debug: Off
  Object Name: 
  Observers: 
    none
  Source: (none)
  Source output name: (none)
  Release Data: Off
  Data Released: False
  Global Release Data: Off
  PipelineMTime: 0
  UpdateMTime: 1407
  RealTimeStamp: 0 seconds 
  LargestPossibleRegion: 
    Dimension: 3
    Index: [0, 0, 0]
    Size: [193, 229, 193]
  BufferedRegion: 
    Dimension: 3
    Index: [0, 0, 0]
    Size: [193, 229, 193]
  RequestedRegion: 
    Dimension: 3
    Index: [0, 0, 0]
    Size: [193, 229, 193]
  Spacing: [1, 1, 1]
  Origin: [96, 132, -78]
  Direction: 
-1 0 0
0 -1 0
0 0 1

  IndexToPointMatrix: 
-1 0 0
0 -1 0
0 0 1

  PointToIndexMatrix: 
-1 0 0
0 -1 0
0 0 1

  Inverse Direction: 
-1 0 0
0 -1 0
0 0 1

  PixelContainer: 
    ImportImageContainer (0x42761d0)
      RTTI typeinfo:   itk::ImportImageContainer<unsigned long, double>
      Reference Count: 1
      Modified Time: 1404
      Debug: Off
      Object Name: 
      Observers: 
        none
      Pointer: 0x7f17222bb010
      Container manages memory: true
      Size: 8530021
      Capacity: 8530021

     Moving image = Image (0x4190ff0)
  RTTI typeinfo:   itk::Image<double, 3u>
  Reference Count: 2
  Modified Time: 1623
  Debug: Off
  Object Name: 
  Observers: 
    none
  Source: (none)
  Source output name: (none)
  Release Data: Off
  Data Released: False
  Global Release Data: Off
  PipelineMTime: 0
  UpdateMTime: 1620
  RealTimeStamp: 0 seconds 
  LargestPossibleRegion: 
    Dimension: 3
    Index: [0, 0, 0]
    Size: [193, 229, 193]
  BufferedRegion: 
    Dimension: 3
    Index: [0, 0, 0]
    Size: [193, 229, 193]
  RequestedRegion: 
    Dimension: 3
    Index: [0, 0, 0]
    Size: [193, 229, 193]
  Spacing: [1, 1, 1]
  Origin: [96, 132, -78]
  Direction: 
-1 0 0
0 -1 0
0 0 1

  IndexToPointMatrix: 
-1 0 0
0 -1 0
0 0 1

  PointToIndexMatrix: 
-1 0 0
0 -1 0
0 0 1

  Inverse Direction: 
-1 0 0
0 -1 0
0 0 1

  PixelContainer: 
    ImportImageContainer (0x4217940)
      RTTI typeinfo:   itk::ImportImageContainer<unsigned long, double>
      Reference Count: 1
      Modified Time: 1617
      Debug: Off
      Object Name: 
      Observers: 
        none
      Pointer: 0x7f171e1a6010
      Container manages memory: true
      Size: 8530021
      Capacity: 8530021

     Weighting = 1
     Sampling strategy = none
     Number of bins = 32
     Radius = 4
     Sampling percentage  = 1
   Transform = SyN
     Gradient step = 0.1
     Update field sigma (voxel space) = 3
     Total field sigma (voxel space) = 0
     Update field time sigma = 0
     Total field time sigma  = 0
     Number of time indices = 0
     Number of time point samples = 0
Registration using 1 total stages.

Stage 0
  iterations = 100x100x70x50x20
  convergence threshold = 1e-06
  convergence window size = 10
  number of levels = 5
  using the CC metric (radius = 4, weight = 1, use gradient filter = 0)
  preprocessing:  winsorizing the image intensities
  Shrink factors (level 1 out of 5): [16, 16, 16]
  Shrink factors (level 2 out of 5): [8, 8, 8]
  Shrink factors (level 3 out of 5): [4, 4, 4]
  Shrink factors (level 4 out of 5): [2, 2, 2]
  Shrink factors (level 5 out of 5): [1, 1, 1]
  smoothing sigmas per level: [4, 3, 2, 1, 0]
  Using default NONE metricSamplingStrategy 

*** Running SyN registration (varianceForUpdateField = 3, varianceForTotalField = 0) ***

XXDIAGNOSTIC,Iteration,metricValue,convergenceValue,ITERATION_TIME_INDEX,SINCE_LAST
 1DIAGNOSTIC,     1, -8.976177573204e-01, 1.797693134862e+308, 0.0000e+00, 0.0000e+00, 
 1DIAGNOSTIC,     2, -9.116389751434e-01, 1.797693134862e+308, 0.0000e+00, 0.0000e+00, 
 1DIAGNOSTIC,     3, -9.240520000458e-01, 1.797693134862e+308, 0.0000e+00, 0.0000e+00, 
 1DIAGNOSTIC,     4, -9.315205216408e-01, 1.797693134862e+308, 0.0000e+00, 0.0000e+00, 
 1DIAGNOSTIC,     5, -9.351955652237e-01, 1.797693134862e+308, 0.0000e+00, 0.0000e+00, 
 1DIAGNOSTIC,     6, -9.373130798340e-01, 1.797693134862e+308, 0.0000e+00, 0.0000e+00, 
 1DIAGNOSTIC,     7, -9.385148882866e-01, 1.797693134862e+308, 0.0000e+00, 0.0000e+00, 
 1DIAGNOSTIC,     8, -9.392192363739e-01, 1.797693134862e+308, 0.0000e+00, 0.0000e+00, 
 1DIAGNOSTIC,     9, -9.396684169769e-01, 1.797693134862e+308, 0.0000e+00, 0.0000e+00, 
 1DIAGNOSTIC,    10, -9.400130510330e-01, 2.484433352947e-03, 0.0000e+00, 0.0000e+00, 
 1DIAGNOSTIC,    11, -9.403087496758e-01, 1.402720808983e-03, 0.0000e+00, 0.0000e+00, 
 1DIAGNOSTIC,    12, -9.405720233917e-01, 7.349774241447e-04, 0.0000e+00, 0.0000e+00, 
 1DIAGNOSTIC,    13, -9.408051371574e-01, 3.979057073593e-04, 0.0000e+00, 0.0000e+00, 
 1DIAGNOSTIC,    14, -9.410003423691e-01, 2.387836575508e-04, 0.0000e+00, 0.0000e+00, 
 1DIAGNOSTIC,    15, -9.411711692810e-01, 1.567080616951e-04, 0.0000e+00, 0.0000e+00, 
 1DIAGNOSTIC,    16, -9.413293004036e-01, 1.136362552643e-04, 0.0000e+00, 0.0000e+00, 
 1DIAGNOSTIC,    17, -9.414877295494e-01, 8.946657180786e-05, 0.0000e+00, 0.0000e+00, 
 1DIAGNOSTIC,    18, -9.416404962540e-01, 7.423758506775e-05, 0.0000e+00, 0.0000e+00, 
 1DIAGNOSTIC,    19, -9.417856931686e-01, 6.330758333206e-05, 0.0000e+00, 0.0000e+00, 
 1DIAGNOSTIC,    20, -9.419192075729e-01, 5.494058132172e-05, 0.0000e+00, 0.0000e+00, 
 1DIAGNOSTIC,    21, -9.420405626297e-01, 4.836544394493e-05, 1.2800e+02, 1.2800e+02, 
 1DIAGNOSTIC,    22, -9.421496391296e-01, 4.309415817261e-05, 1.2800e+02, 0.0000e+00, 
 1DIAGNOSTIC,    23, -9.422529935837e-01, 3.877654671669e-05, 1.2800e+02, 0.0000e+00, 
 1DIAGNOSTIC,    24, -9.423478841782e-01, 3.493204712868e-05, 1.2800e+02, 0.0000e+00, 
 1DIAGNOSTIC,    25, -9.424341917038e-01, 3.132969141006e-05, 1.2800e+02, 0.0000e+00, 
 1DIAGNOSTIC,    26, -9.425150752068e-01, 2.793222665787e-05, 1.2800e+02, 0.0000e+00, 
 1DIAGNOSTIC,    27, -9.425860643387e-01, 2.482905983925e-05, 1.2800e+02, 0.0000e+00, 
 1DIAGNOSTIC,    28, -9.426518678665e-01, 2.204254269600e-05, 1.2800e+02, 0.0000e+00, 
 1DIAGNOSTIC,    29, -9.427130222321e-01, 1.961365342140e-05, 1.2800e+02, 0.0000e+00, 
 1DIAGNOSTIC,    30, -9.427701234818e-01, 1.749396324158e-05, 1.2800e+02, 0.0000e+00, 
 1DIAGNOSTIC,    31, -9.428207278252e-01, 1.562014222145e-05, 1.2800e+02, 0.0000e+00, 
 1DIAGNOSTIC,    32, -9.428673386574e-01, 1.394003629684e-05, 1.2800e+02, 0.0000e+00, 
 1DIAGNOSTIC,    33, -9.429078698158e-01, 1.243501901627e-05, 1.2800e+02, 0.0000e+00, 
 1DIAGNOSTIC,    34, -9.429450631142e-01, 1.109391450882e-05, 1.2800e+02, 0.0000e+00, 
 1DIAGNOSTIC,    35, -9.429782629013e-01, 9.886920452118e-06, 1.2800e+02, 0.0000e+00, 
 1DIAGNOSTIC,    36, -9.430088400841e-01, 8.817762136459e-06, 1.2800e+02, 0.0000e+00, 
 1DIAGNOSTIC,    37, -9.430364966393e-01, 7.852911949158e-06, 1.2800e+02, 0.0000e+00, 
 1DIAGNOSTIC,    38, -9.430618882179e-01, 6.988644599915e-06, 1.2800e+02, 0.0000e+00, 
 1DIAGNOSTIC,    39, -9.430831074715e-01, 6.213784217834e-06, 1.2800e+02, 0.0000e+00, 
 1DIAGNOSTIC,    40, -9.431009292603e-01, 5.526468157768e-06, 1.2800e+02, 0.0000e+00, 
 1DIAGNOSTIC,    41, -9.431188106537e-01, 4.913657903671e-06, 1.2800e+02, 0.0000e+00, 
 1DIAGNOSTIC,    42, -9.431345462799e-01, 4.390254616737e-06, 1.2800e+02, 0.0000e+00, 
 1DIAGNOSTIC,    43, -9.431493282318e-01, 3.922730684280e-06, 1.2800e+02, 0.0000e+00, 
 1DIAGNOSTIC,    44, -9.431616067886e-01, 3.505498170853e-06, 1.2800e+02, 0.0000e+00, 
 1DIAGNOSTIC,    45, -9.431728124619e-01, 3.142282366753e-06, 1.2800e+02, 0.0000e+00, 
 1DIAGNOSTIC,    46, -9.431841969490e-01, 2.829357981682e-06, 1.2800e+02, 0.0000e+00, 
 1DIAGNOSTIC,    47, -9.431940913200e-01, 2.564862370491e-06, 1.2800e+02, 0.0000e+00, 
 1DIAGNOSTIC,    48, -9.432017207146e-01, 2.341344952583e-06, 1.2800e+02, 0.0000e+00, 
 1DIAGNOSTIC,    49, -9.432094097137e-01, 2.136453986168e-06, 1.2800e+02, 0.0000e+00, 
 1DIAGNOSTIC,    50, -9.432164430618e-01, 1.948326826096e-06, 1.2800e+02, 0.0000e+00, 
 1DIAGNOSTIC,    51, -9.432222843170e-01, 1.784414052963e-06, 1.2800e+02, 0.0000e+00, 
 1DIAGNOSTIC,    52, -9.432288408279e-01, 1.639127731323e-06, 1.2800e+02, 0.0000e+00, 
 1DIAGNOSTIC,    53, -9.432338476181e-01, 1.510605216026e-06, 1.2800e+02, 0.0000e+00, 
 1DIAGNOSTIC,    54, -9.432394504547e-01, 1.404434442520e-06, 1.2800e+02, 0.0000e+00, 
 1DIAGNOSTIC,    55, -9.432439804077e-01, 1.301988959312e-06, 1.2800e+02, 0.0000e+00, 
 1DIAGNOSTIC,    56, -9.432480335236e-01, 1.223757863045e-06, 1.2800e+02, 0.0000e+00, 
 1DIAGNOSTIC,    57, -9.432512521744e-01, 1.151114702225e-06, 1.2800e+02, 0.0000e+00, 
 1DIAGNOSTIC,    58, -9.432541728020e-01, 1.078471541405e-06, 1.2800e+02, 0.0000e+00, 
 1DIAGNOSTIC,    59, -9.432565569878e-01, 1.005828380585e-06, 1.2800e+02, 0.0000e+00, 
 1DIAGNOSTIC,    60, -9.432592391968e-01, 9.424984455109e-07, 1.2800e+02, 0.0000e+00, 
XXDIAGNOSTIC,Iteration,metricValue,convergenceValue,ITERATION_TIME_INDEX,SINCE_LAST
 1DIAGNOSTIC,     1, -8.738436102867e-01, 1.797693134862e+308, 2.5600e+02, 1.2800e+02, 
 1DIAGNOSTIC,     2, -8.774930238724e-01, 1.797693134862e+308, 2.5600e+02, 0.0000e+00, 
 1DIAGNOSTIC,     3, -8.820503950119e-01, 1.797693134862e+308, 2.5600e+02, 0.0000e+00, 
 1DIAGNOSTIC,     4, -8.857632875443e-01, 1.797693134862e+308, 2.5600e+02, 0.0000e+00, 
 1DIAGNOSTIC,     5, -8.890102505684e-01, 1.797693134862e+308, 2.5600e+02, 0.0000e+00, 
 1DIAGNOSTIC,     6, -8.916357159615e-01, 1.797693134862e+308, 2.5600e+02, 0.0000e+00, 
 1DIAGNOSTIC,     7, -8.939356803894e-01, 1.797693134862e+308, 2.5600e+02, 0.0000e+00, 
 1DIAGNOSTIC,     8, -8.959602117538e-01, 1.797693134862e+308, 2.5600e+02, 0.0000e+00, 
 1DIAGNOSTIC,     9, -8.977955579758e-01, 1.797693134862e+308, 3.8400e+02, 1.2800e+02, 
 1DIAGNOSTIC,    10, -8.993936777115e-01, 1.835756003857e-03, 3.8400e+02, 0.0000e+00, 
 1DIAGNOSTIC,    11, -9.008220434189e-01, 1.470811665058e-03, 3.8400e+02, 0.0000e+00, 
 1DIAGNOSTIC,    12, -9.020885229111e-01, 1.164346933365e-03, 3.8400e+02, 0.0000e+00, 
 1DIAGNOSTIC,    13, -9.033263921738e-01, 9.411498904228e-04, 3.8400e+02, 0.0000e+00, 
 1DIAGNOSTIC,    14, -9.043895006180e-01, 7.720813155174e-04, 3.8400e+02, 0.0000e+00, 
 1DIAGNOSTIC,    15, -9.053581953049e-01, 6.439536809921e-04, 3.8400e+02, 0.0000e+00, 
 1DIAGNOSTIC,    16, -9.062451124191e-01, 5.421489477158e-04, 3.8400e+02, 0.0000e+00, 
 1DIAGNOSTIC,    17, -9.070665836334e-01, 4.603564739227e-04, 5.1200e+02, 1.2800e+02, 
 1DIAGNOSTIC,    18, -9.078407287598e-01, 3.941170871258e-04, 5.1200e+02, 0.0000e+00, 
 1DIAGNOSTIC,    19, -9.085727334023e-01, 3.408938646317e-04, 5.1200e+02, 0.0000e+00, 
 1DIAGNOSTIC,    20, -9.092636108398e-01, 2.973899245262e-04, 5.1200e+02, 0.0000e+00, 
 1DIAGNOSTIC,    21, -9.099283218384e-01, 2.617165446281e-04, 5.1200e+02, 0.0000e+00, 
 1DIAGNOSTIC,    22, -9.103322625160e-01, 2.287104725838e-04, 5.1200e+02, 0.0000e+00, 
 1DIAGNOSTIC,    23, -9.107193350792e-01, 1.994781196117e-04, 5.1200e+02, 0.0000e+00, 
 1DIAGNOSTIC,    24, -9.111277461052e-01, 1.733079552650e-04, 5.1200e+02, 0.0000e+00, 
 1DIAGNOSTIC,    25, -9.114578962326e-01, 1.492723822594e-04, 6.4000e+02, 1.2800e+02, 
 1DIAGNOSTIC,    26, -9.117516279221e-01, 1.273341476917e-04, 6.4000e+02, 0.0000e+00, 
 1DIAGNOSTIC,    27, -9.120251536369e-01, 1.078471541405e-04, 6.4000e+02, 0.0000e+00, 
 1DIAGNOSTIC,    28, -9.122966527939e-01, 9.137019515038e-05, 6.4000e+02, 0.0000e+00, 
 1DIAGNOSTIC,    29, -9.124886393547e-01, 7.741525769234e-05, 6.4000e+02, 0.0000e+00, 
 1DIAGNOSTIC,    30, -9.127166271210e-01, 6.669014692307e-05, 6.4000e+02, 0.0000e+00, 
 1DIAGNOSTIC,    31, -9.129289984703e-01, 5.930289626122e-05, 6.4000e+02, 0.0000e+00, 
 1DIAGNOSTIC,    32, -9.131328463554e-01, 5.275756120682e-05, 7.6800e+02, 1.2800e+02, 
 1DIAGNOSTIC,    33, -9.133248329163e-01, 4.715472459793e-05, 7.6800e+02, 0.0000e+00, 
 1DIAGNOSTIC,    34, -9.135078191757e-01, 4.291534423828e-05, 7.6800e+02, 0.0000e+00, 
 1DIAGNOSTIC,    35, -9.136818647385e-01, 3.941170871258e-05, 7.6800e+02, 0.0000e+00, 
 1DIAGNOSTIC,    36, -9.138486981392e-01, 3.641471266747e-05, 7.6800e+02, 0.0000e+00, 
 1DIAGNOSTIC,    37, -9.140038490295e-01, 3.379024565220e-05, 7.6800e+02, 0.0000e+00, 
 1DIAGNOSTIC,    38, -9.141492843628e-01, 3.159232437611e-05, 7.6800e+02, 0.0000e+00, 
 1DIAGNOSTIC,    39, -9.142924547195e-01, 2.923235297203e-05, 7.6800e+02, 0.0000e+00, 
 1DIAGNOSTIC,    40, -9.144289493561e-01, 2.711452543736e-05, 8.9600e+02, 1.2800e+02, 
 1DIAGNOSTIC,    41, -9.145601987839e-01, 2.518668770790e-05, 8.9600e+02, 0.0000e+00, 
 1DIAGNOSTIC,    42, -9.146862030029e-01, 2.346374094486e-05, 8.9600e+02, 0.0000e+00, 
 1DIAGNOSTIC,    43, -9.148100018501e-01, 2.192333340645e-05, 8.9600e+02, 0.0000e+00, 
 1DIAGNOSTIC,    44, -9.149279594421e-01, 2.055056393147e-05, 8.9600e+02, 0.0000e+00, 
 1DIAGNOSTIC,    45, -9.150342941284e-01, 1.927465200424e-05, 8.9600e+02, 0.0000e+00, 
 1DIAGNOSTIC,    46, -9.151474237442e-01, 1.816265285015e-05, 8.9600e+02, 0.0000e+00, 
 1DIAGNOSTIC,    47, -9.152570962906e-01, 1.717358827591e-05, 8.9600e+02, 0.0000e+00, 
 1DIAGNOSTIC,    48, -9.153615236282e-01, 1.625902950764e-05, 1.0240e+03, 1.2800e+02, 
 1DIAGNOSTIC,    49, -9.154664278030e-01, 1.545622944832e-05, 1.0240e+03, 0.0000e+00, 
 1DIAGNOSTIC,    50, -9.155669212341e-01, 1.472979784012e-05, 1.0240e+03, 0.0000e+00, 
 1DIAGNOSTIC,    51, -9.156675934792e-01, 1.409091055393e-05, 1.0240e+03, 0.0000e+00, 
 1DIAGNOSTIC,    52, -9.157651662827e-01, 1.351907849312e-05, 1.0240e+03, 0.0000e+00, 
 1DIAGNOSTIC,    53, -9.158598184586e-01, 1.300498843193e-05, 1.0240e+03, 0.0000e+00, 
 1DIAGNOSTIC,    54, -9.160125255585e-01, 1.286901533604e-05, 1.0240e+03, 0.0000e+00, 
 1DIAGNOSTIC,    55, -9.161027669907e-01, 1.265667378902e-05, 1.1520e+03, 1.2800e+02, 
 1DIAGNOSTIC,    56, -9.161928892136e-01, 1.242384314537e-05, 1.1520e+03, 0.0000e+00, 
 1DIAGNOSTIC,    57, -9.162784218788e-01, 1.211836934090e-05, 1.1520e+03, 0.0000e+00, 
 1DIAGNOSTIC,    58, -9.163651466370e-01, 1.173466444016e-05, 1.1520e+03, 0.0000e+00, 
 1DIAGNOSTIC,    59, -9.164474010468e-01, 1.126341521740e-05, 1.1520e+03, 0.0000e+00, 
 1DIAGNOSTIC,    60, -9.165289402008e-01, 1.070834696293e-05, 1.1520e+03, 0.0000e+00, 
 1DIAGNOSTIC,    61, -9.166638255119e-01, 1.039914786816e-05, 1.1520e+03, 0.0000e+00, 
 1DIAGNOSTIC,    62, -9.167413711548e-01, 1.001544296741e-05, 1.1520e+03, 0.0000e+00, 
 1DIAGNOSTIC,    63, -9.168171286583e-01, 9.560957551003e-06, 1.2800e+03, 1.2800e+02, 
 1DIAGNOSTIC,    64, -9.168886542320e-01, 9.337440133095e-06, 1.2800e+03, 0.0000e+00, 
 1DIAGNOSTIC,    65, -9.169580936432e-01, 9.030103683472e-06, 1.2800e+03, 0.0000e+00, 
 1DIAGNOSTIC,    66, -9.170852899551e-01, 8.925795555115e-06, 1.2800e+03, 0.0000e+00, 
 1DIAGNOSTIC,    67, -9.171527624130e-01, 8.706003427505e-06, 1.2800e+03, 0.0000e+00, 
 1DIAGNOSTIC,    68, -9.172179102898e-01, 8.396804332733e-06, 1.2800e+03, 0.0000e+00, 
 1DIAGNOSTIC,    69, -9.172797203064e-01, 7.982365787029e-06, 1.2800e+03, 0.0000e+00, 
 1DIAGNOSTIC,    70, -9.173448681831e-01, 7.496215403080e-06, 1.2800e+03, 0.0000e+00, 
 1DIAGNOSTIC,    71, -9.174061417580e-01, 7.194466888905e-06, 1.4080e+03, 1.2800e+02, 
 1DIAGNOSTIC,    72, -9.174646735191e-01, 6.834976375103e-06, 1.4080e+03, 0.0000e+00, 
 1DIAGNOSTIC,    73, -9.175251126289e-01, 6.446614861488e-06, 1.4080e+03, 0.0000e+00, 
 1DIAGNOSTIC,    74, -9.175814390182e-01, 6.025657057762e-06, 1.4080e+03, 0.0000e+00, 
 1DIAGNOSTIC,    75, -9.176386594772e-01, 5.588866770267e-06, 1.4080e+03, 0.0000e+00, 
 1DIAGNOSTIC,    76, -9.176933765411e-01, 5.409121513367e-06, 1.4080e+03, 0.0000e+00, 
 1DIAGNOSTIC,    77, -9.177465438843e-01, 5.233101546764e-06, 1.4080e+03, 0.0000e+00, 
 1DIAGNOSTIC,    78, -9.177985191345e-01, 5.061738193035e-06, 1.4080e+03, 0.0000e+00, 
 1DIAGNOSTIC,    79, -9.178489446640e-01, 4.881061613560e-06, 1.5360e+03, 1.2800e+02, 
 1DIAGNOSTIC,    80, -9.178980588913e-01, 4.713423550129e-06, 1.5360e+03, 0.0000e+00, 
 1DIAGNOSTIC,    81, -9.179474115372e-01, 4.556030035019e-06, 1.5360e+03, 0.0000e+00, 
 1DIAGNOSTIC,    82, -9.179948568344e-01, 4.396773874760e-06, 1.5360e+03, 0.0000e+00, 
 1DIAGNOSTIC,    83, -9.180434942245e-01, 4.261732101440e-06, 1.5360e+03, 0.0000e+00, 
 1DIAGNOSTIC,    84, -9.180900454521e-01, 4.129484295845e-06, 1.5360e+03, 0.0000e+00, 
 1DIAGNOSTIC,    85, -9.181349873543e-01, 4.012137651443e-06, 1.5360e+03, 0.0000e+00, 
 1DIAGNOSTIC,    86, -9.181778430939e-01, 3.890134394169e-06, 1.6640e+03, 1.2800e+02, 
 1DIAGNOSTIC,    87, -9.182204008102e-01, 3.774650394917e-06, 1.6640e+03, 0.0000e+00, 
 1DIAGNOSTIC,    88, -9.182629585266e-01, 3.662891685963e-06, 1.6640e+03, 0.0000e+00, 
 1DIAGNOSTIC,    89, -9.183038473129e-01, 3.547407686710e-06, 1.6640e+03, 0.0000e+00, 
 1DIAGNOSTIC,    90, -9.183455109596e-01, 3.439374268055e-06, 1.6640e+03, 0.0000e+00, 
 1DIAGNOSTIC,    91, -9.183861613274e-01, 3.340654075146e-06, 1.6640e+03, 0.0000e+00, 
 1DIAGNOSTIC,    92, -9.184243679047e-01, 3.238208591938e-06, 1.6640e+03, 0.0000e+00, 
 1DIAGNOSTIC,    93, -9.184625744820e-01, 3.149732947350e-06, 1.6640e+03, 0.0000e+00, 
 1DIAGNOSTIC,    94, -9.185004234314e-01, 3.065913915634e-06, 1.7920e+03, 1.2800e+02, 
 1DIAGNOSTIC,    95, -9.185367822647e-01, 2.983026206493e-06, 1.7920e+03, 0.0000e+00, 
 1DIAGNOSTIC,    96, -9.185711145401e-01, 2.896413207054e-06, 1.7920e+03, 0.0000e+00, 
 1DIAGNOSTIC,    97, -9.186069965363e-01, 2.808868885040e-06, 1.7920e+03, 0.0000e+00, 
 1DIAGNOSTIC,    98, -9.186406731606e-01, 2.723187208176e-06, 1.7920e+03, 0.0000e+00, 
 1DIAGNOSTIC,    99, -9.186719655991e-01, 2.633780241013e-06, 1.7920e+03, 0.0000e+00, 
 1DIAGNOSTIC,   100, -9.187024831772e-01, 2.541579306126e-06, 1.7920e+03, 0.0000e+00, 
XXDIAGNOSTIC,Iteration,metricValue,convergenceValue,ITERATION_TIME_INDEX,SINCE_LAST
 1DIAGNOSTIC,     1, -8.201793432236e-01, 1.797693134862e+308, 2.0480e+03, 2.5600e+02, 
 1DIAGNOSTIC,     2, -8.238437175751e-01, 1.797693134862e+308, 2.1760e+03, 1.2800e+02, 
 1DIAGNOSTIC,     3, -8.281569480896e-01, 1.797693134862e+308, 2.3040e+03, 1.2800e+02, 
 1DIAGNOSTIC,     4, -8.320122957230e-01, 1.797693134862e+308, 2.4320e+03, 1.2800e+02, 
 1DIAGNOSTIC,     5, -8.353984355927e-01, 1.797693134862e+308, 2.5600e+03, 1.2800e+02, 
 1DIAGNOSTIC,     6, -8.382220268250e-01, 1.797693134862e+308, 2.8160e+03, 2.5600e+02, 
 1DIAGNOSTIC,     7, -8.409060239792e-01, 1.797693134862e+308, 2.9440e+03, 1.2800e+02, 
 1DIAGNOSTIC,     8, -8.432520031929e-01, 1.797693134862e+308, 3.0720e+03, 1.2800e+02, 
 1DIAGNOSTIC,     9, -8.453015089035e-01, 1.797693134862e+308, 3.2000e+03, 1.2800e+02, 
 1DIAGNOSTIC,    10, -8.471761941910e-01, 2.076961100101e-03, 3.3280e+03, 1.2800e+02, 
 1DIAGNOSTIC,    11, -8.489527106285e-01, 1.706451177597e-03, 3.4560e+03, 1.2800e+02, 
 1DIAGNOSTIC,    12, -8.504229784012e-01, 1.388616859913e-03, 3.5840e+03, 1.2800e+02, 
 1DIAGNOSTIC,    13, -8.518422842026e-01, 1.142762601376e-03, 3.8400e+03, 2.5600e+02, 
 1DIAGNOSTIC,    14, -8.532344698906e-01, 9.542778134346e-04, 3.9680e+03, 1.2800e+02, 
 1DIAGNOSTIC,    15, -8.543803095818e-01, 8.053034543991e-04, 4.0960e+03, 1.2800e+02, 
 1DIAGNOSTIC,    16, -8.554837703705e-01, 6.833896040916e-04, 4.2240e+03, 1.2800e+02, 
 1DIAGNOSTIC,    17, -8.564965128899e-01, 5.858018994331e-04, 4.3520e+03, 1.2800e+02, 
 1DIAGNOSTIC,    18, -8.574527502060e-01, 5.063973367214e-04, 4.4800e+03, 1.2800e+02, 
 1DIAGNOSTIC,    19, -8.584625720978e-01, 4.422590136528e-04, 4.6080e+03, 1.2800e+02, 
 1DIAGNOSTIC,    20, -8.593567609787e-01, 3.895983099937e-04, 4.8640e+03, 2.5600e+02, 
 1DIAGNOSTIC,    21, -8.602419495583e-01, 3.480799496174e-04, 4.9920e+03, 1.2800e+02, 
 1DIAGNOSTIC,    22, -8.610501289368e-01, 3.123953938484e-04, 5.1200e+03, 1.2800e+02, 
 1DIAGNOSTIC,    23, -8.617862462997e-01, 2.817846834660e-04, 5.2480e+03, 1.2800e+02, 
 1DIAGNOSTIC,    24, -8.624989986420e-01, 2.565719187260e-04, 5.3760e+03, 1.2800e+02, 
 1DIAGNOSTIC,    25, -8.632372617722e-01, 2.343729138374e-04, 5.5040e+03, 1.2800e+02, 
 1DIAGNOSTIC,    26, -8.638235330582e-01, 2.134665846825e-04, 5.6320e+03, 1.2800e+02, 
 1DIAGNOSTIC,    27, -8.644945621490e-01, 1.947954297066e-04, 5.8880e+03, 2.5600e+02, 
 1DIAGNOSTIC,    28, -8.651607036591e-01, 1.783482730389e-04, 6.0160e+03, 1.2800e+02, 
 1DIAGNOSTIC,    29, -8.659021854401e-01, 1.662559807301e-04, 6.1440e+03, 1.2800e+02, 
 1DIAGNOSTIC,    30, -8.664615154266e-01, 1.552924513817e-04, 6.2720e+03, 1.2800e+02, 
 1DIAGNOSTIC,    31, -8.670760989189e-01, 1.464560627937e-04, 6.4000e+03, 1.2800e+02, 
 1DIAGNOSTIC,    32, -8.675957918167e-01, 1.380816102028e-04, 6.5280e+03, 1.2800e+02, 
 1DIAGNOSTIC,    33, -8.681219220161e-01, 1.298114657402e-04, 6.6560e+03, 1.2800e+02, 
 1DIAGNOSTIC,    34, -8.685858249664e-01, 1.211501657963e-04, 6.9120e+03, 2.5600e+02, 
 1DIAGNOSTIC,    35, -8.691366314888e-01, 1.137349754572e-04, 7.0400e+03, 1.2800e+02, 
 1DIAGNOSTIC,    36, -8.696036338806e-01, 1.056082546711e-04, 7.1680e+03, 1.2800e+02, 
 1DIAGNOSTIC,    37, -8.701288104057e-01, 9.860284626484e-05, 7.2960e+03, 1.2800e+02, 
 1DIAGNOSTIC,    38, -8.704770207405e-01, 9.139254689217e-05, 7.4240e+03, 1.2800e+02, 
 1DIAGNOSTIC,    39, -8.711561560631e-01, 8.796714246273e-05, 7.5520e+03, 1.2800e+02, 
 1DIAGNOSTIC,    40, -8.713958263397e-01, 8.285231888294e-05, 7.6800e+03, 1.2800e+02, 
 1DIAGNOSTIC,    41, -8.719413280487e-01, 7.951259613037e-05, 7.9360e+03, 2.5600e+02, 
 1DIAGNOSTIC,    42, -8.723331689835e-01, 7.591582834721e-05, 8.0640e+03, 1.2800e+02, 
 1DIAGNOSTIC,    43, -8.728272914886e-01, 7.309578359127e-05, 8.1920e+03, 1.2800e+02, 
 1DIAGNOSTIC,    44, -8.732435703278e-01, 7.001496851444e-05, 8.3200e+03, 1.2800e+02, 
 1DIAGNOSTIC,    45, -8.738977909088e-01, 6.924755871296e-05, 8.4480e+03, 1.2800e+02, 
 1DIAGNOSTIC,    46, -8.741184473038e-01, 6.678700447083e-05, 8.5760e+03, 1.2800e+02, 
 1DIAGNOSTIC,    47, -8.748420476913e-01, 6.690621376038e-05, 8.7040e+03, 1.2800e+02, 
 1DIAGNOSTIC,    48, -8.750128746033e-01, 6.407871842384e-05, 8.9600e+03, 2.5600e+02, 
 1DIAGNOSTIC,    49, -8.754910826683e-01, 6.312504410744e-05, 9.0880e+03, 1.2800e+02, 
 1DIAGNOSTIC,    50, -8.757661581039e-01, 5.951896309853e-05, 9.2160e+03, 1.2800e+02, 
 1DIAGNOSTIC,    51, -8.761394619942e-01, 5.633011460304e-05, 9.3440e+03, 1.2800e+02, 
 1DIAGNOSTIC,    52, -8.762800693512e-01, 5.123019218445e-05, 9.4720e+03, 1.2800e+02, 
 1DIAGNOSTIC,    53, -8.766969442368e-01, 4.713423550129e-05, 9.6000e+03, 1.2800e+02, 
 1DIAGNOSTIC,    54, -8.768236637115e-01, 4.193745553493e-05, 9.8560e+03, 2.5600e+02, 
 1DIAGNOSTIC,    55, -8.771675825119e-01, 3.895908594131e-05, 9.9840e+03, 1.2800e+02, 
 1DIAGNOSTIC,    56, -8.772922754288e-01, 3.432109951973e-05, 1.0112e+04, 1.2800e+02, 
 1DIAGNOSTIC,    57, -8.775768876076e-01, 3.245659172535e-05, 1.0240e+04, 1.2800e+02, 
 1DIAGNOSTIC,    58, -8.777015805244e-01, 2.919696271420e-05, 1.0368e+04, 1.2800e+02, 
 1DIAGNOSTIC,    59, -8.780052661896e-01, 2.764537930489e-05, 1.0496e+04, 1.2800e+02, 
 1DIAGNOSTIC,    60, -8.780751824379e-01, 2.537295222282e-05, 1.0624e+04, 1.2800e+02, 
 1DIAGNOSTIC,    61, -8.783662319183e-01, 2.438575029373e-05, 1.0880e+04, 2.5600e+02, 
 1DIAGNOSTIC,    62, -8.784752488136e-01, 2.238899469376e-05, 1.1008e+04, 1.2800e+02, 
 1DIAGNOSTIC,    63, -8.786900043488e-01, 2.166070044041e-05, 1.1136e+04, 1.2800e+02, 
 1DIAGNOSTIC,    64, -8.787621259689e-01, 1.988932490349e-05, 1.1264e+04, 1.2800e+02, 
 1DIAGNOSTIC,    65, -8.789641857147e-01, 1.907348632812e-05, 1.1392e+04, 1.2800e+02, 
 1DIAGNOSTIC,    66, -8.790449500084e-01, 1.747906208038e-05, 1.1520e+04, 1.2800e+02, 
 1DIAGNOSTIC,    67, -8.793206810951e-01, 1.703388988972e-05, 1.1648e+04, 1.2800e+02, 
 1DIAGNOSTIC,    68, -8.793507814407e-01, 1.571141183376e-05, 1.1648e+04, 0.0000e+00, 
 1DIAGNOSTIC,    69, -8.797492980957e-01, 1.632049679756e-05, 1.1776e+04, 1.2800e+02, 
 1DIAGNOSTIC,    70, -8.796855807304e-01, 1.534912735224e-05, 1.1904e+04, 1.2800e+02, 
XXDIAGNOSTIC,Iteration,metricValue,convergenceValue,ITERATION_TIME_INDEX,SINCE_LAST
 1DIAGNOSTIC,     1, -8.265600204468e-01, 1.797693134862e+308, 1.3056e+04, 1.1520e+03, 
 1DIAGNOSTIC,     2, -8.300885558128e-01, 1.797693134862e+308, 1.4080e+04, 1.0240e+03, 
 1DIAGNOSTIC,     3, -8.336592912674e-01, 1.797693134862e+308, 1.4976e+04, 8.9600e+02, 
 1DIAGNOSTIC,     4, -8.371761441231e-01, 1.797693134862e+308, 1.6000e+04, 1.0240e+03, 
 1DIAGNOSTIC,     5, -8.404052257538e-01, 1.797693134862e+308, 1.7024e+04, 1.0240e+03, 
 1DIAGNOSTIC,     6, -8.435665369034e-01, 1.797693134862e+308, 1.8048e+04, 1.0240e+03, 
 1DIAGNOSTIC,     7, -8.461498618126e-01, 1.797693134862e+308, 1.9072e+04, 1.0240e+03, 
 1DIAGNOSTIC,     8, -8.483753204346e-01, 1.797693134862e+308, 2.0096e+04, 1.0240e+03, 
 1DIAGNOSTIC,     9, -8.501964807510e-01, 1.797693134862e+308, 2.1120e+04, 1.0240e+03, 
 1DIAGNOSTIC,    10, -8.519077301025e-01, 1.962289214134e-03, 2.2016e+04, 8.9600e+02, 
 1DIAGNOSTIC,    11, -8.535001277924e-01, 1.618348062038e-03, 2.3040e+04, 1.0240e+03, 
 1DIAGNOSTIC,    12, -8.549396395683e-01, 1.325316727161e-03, 2.4064e+04, 1.0240e+03, 
 1DIAGNOSTIC,    13, -8.562504053116e-01, 1.083448529243e-03, 2.5088e+04, 1.0240e+03, 
 1DIAGNOSTIC,    14, -8.575361371040e-01, 8.925721049309e-04, 2.6112e+04, 1.0240e+03, 
 1DIAGNOSTIC,    15, -8.586348891258e-01, 7.417798042297e-04, 2.7136e+04, 1.0240e+03, 
 1DIAGNOSTIC,    16, -8.596505522728e-01, 6.288439035416e-04, 2.8160e+04, 1.0240e+03, 
 1DIAGNOSTIC,    17, -8.605761528015e-01, 5.400478839874e-04, 2.9184e+04, 1.0240e+03, 
 1DIAGNOSTIC,    18, -8.614621162415e-01, 4.688240587711e-04, 3.0080e+04, 8.9600e+02, 
 1DIAGNOSTIC,    19, -8.622872829437e-01, 4.079677164555e-04, 3.1104e+04, 1.0240e+03, 
 1DIAGNOSTIC,    20, -8.632935285568e-01, 3.604367375374e-04, 3.2128e+04, 1.0240e+03, 
 1DIAGNOSTIC,    21, -8.641904592514e-01, 3.231652081013e-04, 3.3152e+04, 1.0240e+03, 
 1DIAGNOSTIC,    22, -8.651994466782e-01, 2.960674464703e-04, 3.4176e+04, 1.0240e+03, 
 1DIAGNOSTIC,    23, -8.661354780197e-01, 2.759620547295e-04, 3.5200e+04, 1.0240e+03, 
 1DIAGNOSTIC,    24, -8.670075535774e-01, 2.614520490170e-04, 3.6224e+04, 1.0240e+03, 
 1DIAGNOSTIC,    25, -8.677142262459e-01, 2.474375069141e-04, 3.7248e+04, 1.0240e+03, 
 1DIAGNOSTIC,    26, -8.684141635895e-01, 2.331137657166e-04, 3.8144e+04, 8.9600e+02, 
 1DIAGNOSTIC,    27, -8.690316677094e-01, 2.167858183384e-04, 3.9168e+04, 1.0240e+03, 
 1DIAGNOSTIC,    28, -8.695952892303e-01, 1.983307301998e-04, 4.0192e+04, 1.0240e+03, 
 1DIAGNOSTIC,    29, -8.701292276382e-01, 1.779012382030e-04, 4.1216e+04, 1.0240e+03, 
 1DIAGNOSTIC,    30, -8.705889582634e-01, 1.582130789757e-04, 4.2240e+04, 1.0240e+03, 
 1DIAGNOSTIC,    31, -8.710082769394e-01, 1.388452947140e-04, 4.3264e+04, 1.0240e+03, 
 1DIAGNOSTIC,    32, -8.714233636856e-01, 1.222454011440e-04, 4.4288e+04, 1.0240e+03, 
 1DIAGNOSTIC,    33, -8.717896938324e-01, 1.080669462681e-04, 4.5312e+04, 1.0240e+03, 
 1DIAGNOSTIC,    34, -8.721753358841e-01, 9.670481085777e-05, 4.6208e+04, 8.9600e+02, 
 1DIAGNOSTIC,    35, -8.725205063820e-01, 8.672475814819e-05, 4.7232e+04, 1.0240e+03, 
 1DIAGNOSTIC,    36, -8.729000091553e-01, 7.896311581135e-05, 4.8256e+04, 1.0240e+03, 
 1DIAGNOSTIC,    37, -8.732755780220e-01, 7.297657430172e-05, 4.9280e+04, 1.0240e+03, 
 1DIAGNOSTIC,    38, -8.736481666565e-01, 6.847642362118e-05, 5.0304e+04, 1.0240e+03, 
 1DIAGNOSTIC,    39, -8.740430474281e-01, 6.555765867233e-05, 5.1328e+04, 1.0240e+03, 
 1DIAGNOSTIC,    40, -8.743982911110e-01, 6.326474249363e-05, 5.2352e+04, 1.0240e+03, 
 1DIAGNOSTIC,    41, -8.748192787170e-01, 6.181001663208e-05, 5.3376e+04, 1.0240e+03, 
 1DIAGNOSTIC,    42, -8.751972913742e-01, 6.076134741306e-05, 5.4400e+04, 1.0240e+03, 
 1DIAGNOSTIC,    43, -8.755381107330e-01, 5.937740206718e-05, 5.5296e+04, 8.9600e+02, 
 1DIAGNOSTIC,    44, -8.758566379547e-01, 5.768425762653e-05, 5.6320e+04, 1.0240e+03, 
 1DIAGNOSTIC,    45, -8.761469125748e-01, 5.522556602955e-05, 5.7344e+04, 1.0240e+03, 
 1DIAGNOSTIC,    46, -8.764227628708e-01, 5.229003727436e-05, 5.8368e+04, 1.0240e+03, 
 1DIAGNOSTIC,    47, -8.766967058182e-01, 4.903972148895e-05, 5.9392e+04, 1.0240e+03, 
 1DIAGNOSTIC,    48, -8.769491910934e-01, 4.553049802780e-05, 6.0416e+04, 1.0240e+03, 
 1DIAGNOSTIC,    49, -8.771779537201e-01, 4.202127456665e-05, 6.1440e+04, 1.0240e+03, 
 1DIAGNOSTIC,    50, -8.773879408836e-01, 3.835931420326e-05, 6.2464e+04, 1.0240e+03, 
XXDIAGNOSTIC,Iteration,metricValue,convergenceValue,ITERATION_TIME_INDEX,SINCE_LAST
 1DIAGNOSTIC,     1, -8.504114151001e-01, 1.797693134862e+308, 7.0784e+04, 8.3200e+03, 
 1DIAGNOSTIC,     2, -8.516937494278e-01, 1.797693134862e+308, 7.9104e+04, 8.3200e+03, 
 1DIAGNOSTIC,     3, -8.534101247787e-01, 1.797693134862e+308, 8.7296e+04, 8.1920e+03, 
 1DIAGNOSTIC,     4, -8.551340103149e-01, 1.797693134862e+308, 9.5616e+04, 8.3200e+03, 
 1DIAGNOSTIC,     5, -8.567585945129e-01, 1.797693134862e+308, 1.0381e+05, 8.1920e+03, 
 1DIAGNOSTIC,     6, -8.583142757416e-01, 1.797693134862e+308, 1.1200e+05, 8.1920e+03, 
 1DIAGNOSTIC,     7, -8.597869277000e-01, 1.797693134862e+308, 1.2032e+05, 8.3200e+03, 
 1DIAGNOSTIC,     8, -8.611780405045e-01, 1.797693134862e+308, 1.2851e+05, 8.1920e+03, 
 1DIAGNOSTIC,     9, -8.624672889709e-01, 1.797693134862e+308, 1.3670e+05, 8.1920e+03, 
 1DIAGNOSTIC,    10, -8.636800050735e-01, 1.016445457935e-03, 1.4502e+05, 8.3200e+03, 
 1DIAGNOSTIC,    11, -8.647942543030e-01, 8.921101689339e-04, 1.5322e+05, 8.1920e+03, 
 1DIAGNOSTIC,    12, -8.658988475800e-01, 7.737949490547e-04, 1.6154e+05, 8.3200e+03, 
 1DIAGNOSTIC,    13, -8.669127225876e-01, 6.727203726768e-04, 1.6973e+05, 8.1920e+03, 
