---------------------
Experiment information

SIF_IMG: /mnt/lustre/mathdugre/containers/ants-flint-base.simg
SIF_IMG_BASE: /mnt/lustre/mathdugre/containers/ants-flint-base.simg
EXPERIMENT_NAME: flint-vprec-single-five-levels
STAGE: syn
SUBJECT_ID: s020
REPETITION_ID: 1

FIXED_IMG: /templateflow/tpl-MNI152NLin2009cAsym/tpl-MNI152NLin2009cAsym_res-01_desc-brain_T1w.nii.gz
INPUT_IMG: /mnt/lustre/mathdugre/fast-interpolate/datasets/ds004513/derivatives/flint/ants/flint-vprec-single-five-levels/sub-s020/ses-open/anat/10/1_Affine.nii.gz

DATA_DIR: /mnt/lustre/mathdugre/fast-interpolate/datasets/ds004513
OUTPUT_DIR: /mnt/lustre/mathdugre/fast-interpolate/datasets/ds004513/derivatives/flint/ants/flint-vprec-single-five-levels/sub-s020/ses-open/anat
OUTPUT_PREFIX: 100
THREAD: 1
FLOAT: 0
VFC_BACKENDS: ieee
---------------------

--output [/mnt/lustre/mathdugre/fast-interpolate/datasets/ds004513/derivatives/flint/ants/flint-vprec-single-five-levels/sub-s020/ses-open/anat/100/1_,/mnt/lustre/mathdugre/fast-interpolate/datasets/ds004513/derivatives/flint/ants/flint-vprec-single-five-levels/sub-s020/ses-open/anat/100/1_Warped.nii.gz,/mnt/lustre/mathdugre/fast-interpolate/datasets/ds004513/derivatives/flint/ants/flint-vprec-single-five-levels/sub-s020/ses-open/anat/100/1_InverseSyN.nii.gz] --initial-moving-transform [/templateflow/tpl-MNI152NLin2009cAsym/tpl-MNI152NLin2009cAsym_res-01_desc-brain_T1w.nii.gz,/mnt/lustre/mathdugre/fast-interpolate/datasets/ds004513/derivatives/flint/ants/flint-vprec-single-five-levels/sub-s020/ses-open/anat/10/1_Affine.nii.gz,1] --transform SyN[ 0.1,3,0 ] --metric CC[/templateflow/tpl-MNI152NLin2009cAsym/tpl-MNI152NLin2009cAsym_res-01_desc-brain_T1w.nii.gz,/mnt/lustre/mathdugre/fast-interpolate/datasets/ds004513/derivatives/flint/ants/flint-vprec-single-five-levels/sub-s020/ses-open/anat/10/1_Affine.nii.gz,1,4] --convergence [100x100x70x50x20,1e-6,10] --shrink-factors 16x8x4x2x1 --smoothing-sigmas 4x3x2x1x0vox
All_Command_lines_OK
Using double precision for computations.
=============================================================================
The composite transform comprises the following transforms (in order): 
  1. Center of mass alignment using fixed image: /templateflow/tpl-MNI152NLin2009cAsym/tpl-MNI152NLin2009cAsym_res-01_desc-brain_T1w.nii.gz and moving image: /mnt/lustre/mathdugre/fast-interpolate/datasets/ds004513/derivatives/flint/ants/flint-vprec-single-five-levels/sub-s020/ses-open/anat/10/1_Affine.nii.gz (type = Euler3DTransform)
=============================================================================
  number of levels = 5
  fixed image: /templateflow/tpl-MNI152NLin2009cAsym/tpl-MNI152NLin2009cAsym_res-01_desc-brain_T1w.nii.gz
  moving image: /mnt/lustre/mathdugre/fast-interpolate/datasets/ds004513/derivatives/flint/ants/flint-vprec-single-five-levels/sub-s020/ses-open/anat/10/1_Affine.nii.gz
Dimension = 3
Number of stages = 1
Use histogram matching = false
Winsorize image intensities = true
  Lower quantile = 0.005
  Upper quantile = 0.995


Stage 1 State
   Image metric = CC
     Fixed image = Image (0x557bf3be3d90)
  RTTI typeinfo:   itk::Image<double, 3u>
  Reference Count: 2
  Modified Time: 1622
  Debug: Off
  Object Name: 
  Observers: 
    none
  Source: (none)
  Source output name: (none)
  Release Data: Off
  Data Released: False
  Global Release Data: Off
  PipelineMTime: 0
  UpdateMTime: 1407
  RealTimeStamp: 0 seconds 
  LargestPossibleRegion: 
    Dimension: 3
    Index: [0, 0, 0]
    Size: [193, 229, 193]
  BufferedRegion: 
    Dimension: 3
    Index: [0, 0, 0]
    Size: [193, 229, 193]
  RequestedRegion: 
    Dimension: 3
    Index: [0, 0, 0]
    Size: [193, 229, 193]
  Spacing: [1, 1, 1]
  Origin: [96, 132, -78]
  Direction: 
-1 0 0
0 -1 0
0 0 1

  IndexToPointMatrix: 
-1 0 0
0 -1 0
0 0 1

  PointToIndexMatrix: 
-1 0 0
0 -1 0
0 0 1

  Inverse Direction: 
-1 0 0
0 -1 0
0 0 1

  PixelContainer: 
    ImportImageContainer (0x557bf3bf2250)
      RTTI typeinfo:   itk::ImportImageContainer<unsigned long, double>
      Reference Count: 1
      Modified Time: 1404
      Debug: Off
      Object Name: 
      Observers: 
        none
      Pointer: 0x7f811c14a010
      Container manages memory: true
      Size: 8530021
      Capacity: 8530021

     Moving image = Image (0x557bf3bea1f0)
  RTTI typeinfo:   itk::Image<double, 3u>
  Reference Count: 2
  Modified Time: 1623
  Debug: Off
  Object Name: 
  Observers: 
    none
  Source: (none)
  Source output name: (none)
  Release Data: Off
  Data Released: False
  Global Release Data: Off
  PipelineMTime: 0
  UpdateMTime: 1620
  RealTimeStamp: 0 seconds 
  LargestPossibleRegion: 
    Dimension: 3
    Index: [0, 0, 0]
    Size: [193, 229, 193]
  BufferedRegion: 
    Dimension: 3
    Index: [0, 0, 0]
    Size: [193, 229, 193]
  RequestedRegion: 
    Dimension: 3
    Index: [0, 0, 0]
    Size: [193, 229, 193]
  Spacing: [1, 1, 1]
  Origin: [96, 132, -78]
  Direction: 
-1 0 0
0 -1 0
0 0 1

  IndexToPointMatrix: 
-1 0 0
0 -1 0
0 0 1

  PointToIndexMatrix: 
-1 0 0
0 -1 0
0 0 1

  Inverse Direction: 
-1 0 0
0 -1 0
0 0 1

  PixelContainer: 
    ImportImageContainer (0x557bf3bf6a60)
      RTTI typeinfo:   itk::ImportImageContainer<unsigned long, double>
      Reference Count: 1
      Modified Time: 1617
      Debug: Off
      Object Name: 
      Observers: 
        none
      Pointer: 0x7f8118035010
      Container manages memory: true
      Size: 8530021
      Capacity: 8530021

     Weighting = 1
     Sampling strategy = none
     Number of bins = 32
     Radius = 4
     Sampling percentage  = 1
   Transform = SyN
     Gradient step = 0.1
     Update field sigma (voxel space) = 3
     Total field sigma (voxel space) = 0
     Update field time sigma = 0
     Total field time sigma  = 0
     Number of time indices = 0
     Number of time point samples = 0
Registration using 1 total stages.

Stage 0
  iterations = 100x100x70x50x20
  convergence threshold = 1e-06
  convergence window size = 10
  number of levels = 5
  using the CC metric (radius = 4, weight = 1, use gradient filter = 0)
  preprocessing:  winsorizing the image intensities
  Shrink factors (level 1 out of 5): [16, 16, 16]
  Shrink factors (level 2 out of 5): [8, 8, 8]
  Shrink factors (level 3 out of 5): [4, 4, 4]
  Shrink factors (level 4 out of 5): [2, 2, 2]
  Shrink factors (level 5 out of 5): [1, 1, 1]
  smoothing sigmas per level: [4, 3, 2, 1, 0]
  Using default NONE metricSamplingStrategy 

*** Running SyN registration (varianceForUpdateField = 3, varianceForTotalField = 0) ***

XXDIAGNOSTIC,Iteration,metricValue,convergenceValue,ITERATION_TIME_INDEX,SINCE_LAST
 1DIAGNOSTIC,     1, -9.386577953107e-01, 1.797693134862e+308, 1.5129e+00, 1.5129e+00, 
 1DIAGNOSTIC,     2, -9.508368916113e-01, 1.797693134862e+308, 1.6038e+00, 9.0906e-02, 
 1DIAGNOSTIC,     3, -9.567818254889e-01, 1.797693134862e+308, 1.6920e+00, 8.8213e-02, 
 1DIAGNOSTIC,     4, -9.593741624970e-01, 1.797693134862e+308, 1.7804e+00, 8.8380e-02, 
 1DIAGNOSTIC,     5, -9.609162066723e-01, 1.797693134862e+308, 1.8690e+00, 8.8649e-02, 
 1DIAGNOSTIC,     6, -9.618950113638e-01, 1.797693134862e+308, 1.9577e+00, 8.8722e-02, 
 1DIAGNOSTIC,     7, -9.625744934434e-01, 1.797693134862e+308, 2.0468e+00, 8.9071e-02, 
 1DIAGNOSTIC,     8, -9.630174950561e-01, 1.797693134862e+308, 2.1358e+00, 8.9033e-02, 
 1DIAGNOSTIC,     9, -9.633851160450e-01, 1.797693134862e+308, 2.2249e+00, 8.9069e-02, 
 1DIAGNOSTIC,    10, -9.636618639799e-01, 1.249057851981e-03, 2.3143e+00, 8.9397e-02, 
 1DIAGNOSTIC,    11, -9.638715886841e-01, 6.215736433653e-04, 2.4036e+00, 8.9329e-02, 
 1DIAGNOSTIC,    12, -9.640354399858e-01, 3.453999570964e-04, 2.4930e+00, 8.9353e-02, 
 1DIAGNOSTIC,    13, -9.641627377963e-01, 2.182295375234e-04, 2.5821e+00, 8.9087e-02, 
 1DIAGNOSTIC,    14, -9.642630425120e-01, 1.460650298045e-04, 2.6711e+00, 8.9029e-02, 
 1DIAGNOSTIC,    15, -9.643443176220e-01, 1.021180079148e-04, 2.7601e+00, 8.8961e-02, 
 1DIAGNOSTIC,    16, -9.644108430102e-01, 7.362531937220e-05, 2.8493e+00, 8.9247e-02, 
 1DIAGNOSTIC,    17, -9.644656618208e-01, 5.456130793269e-05, 2.9386e+00, 8.9325e-02, 
 1DIAGNOSTIC,    18, -9.645109909570e-01, 4.067764635318e-05, 3.0278e+00, 8.9155e-02, 
 1DIAGNOSTIC,    19, -9.645478342681e-01, 3.087755025258e-05, 3.1169e+00, 8.9148e-02, 
 1DIAGNOSTIC,    20, -9.645774649973e-01, 2.382478440085e-05, 3.2061e+00, 8.9120e-02, 
 1DIAGNOSTIC,    21, -9.646013953456e-01, 1.862498052205e-05, 3.2952e+00, 8.9158e-02, 
 1DIAGNOSTIC,    22, -9.646203226237e-01, 1.472886888693e-05, 3.3843e+00, 8.9083e-02, 
 1DIAGNOSTIC,    23, -9.646349609016e-01, 1.173249730032e-05, 3.4734e+00, 8.9120e-02, 
 1DIAGNOSTIC,    24, -9.646461548841e-01, 9.373285489028e-06, 3.5626e+00, 8.9143e-02, 
 1DIAGNOSTIC,    25, -9.646544091804e-01, 7.493548505565e-06, 3.6517e+00, 8.9091e-02, 
 1DIAGNOSTIC,    26, -9.646602696266e-01, 5.986675384977e-06, 3.7408e+00, 8.9182e-02, 
 1DIAGNOSTIC,    27, -9.646642390921e-01, 4.778714671187e-06, 3.8299e+00, 8.9025e-02, 
 1DIAGNOSTIC,    28, -9.646672674157e-01, 3.822010009515e-06, 3.9189e+00, 8.8996e-02, 
 1DIAGNOSTIC,    29, -9.646692692785e-01, 3.068904289340e-06, 4.0079e+00, 8.9019e-02, 
 1DIAGNOSTIC,    30, -9.646704504777e-01, 2.479525954932e-06, 4.0972e+00, 8.9287e-02, 
 1DIAGNOSTIC,    31, -9.646709190659e-01, 2.023841246597e-06, 4.1860e+00, 8.8794e-02, 
 1DIAGNOSTIC,    32, -9.646709746558e-01, 1.675553798972e-06, 4.2746e+00, 8.8666e-02, 
 1DIAGNOSTIC,    33, -9.646709866765e-01, 1.413502036883e-06, 4.3634e+00, 8.8805e-02, 
 1DIAGNOSTIC,    34, -9.646716566849e-01, 1.226200121607e-06, 4.4527e+00, 8.9220e-02, 
 1DIAGNOSTIC,    35, -9.646719933200e-01, 1.093666907127e-06, 4.5418e+00, 8.9165e-02, 
 1DIAGNOSTIC,    36, -9.646718548986e-01, 9.975566012677e-07, 4.6309e+00, 8.9055e-02, 
XXDIAGNOSTIC,Iteration,metricValue,convergenceValue,ITERATION_TIME_INDEX,SINCE_LAST
 1DIAGNOSTIC,     1, -9.035620827381e-01, 1.797693134862e+308, 6.7694e+00, 2.1385e+00, 
 1DIAGNOSTIC,     2, -9.071963609347e-01, 1.797693134862e+308, 7.5068e+00, 7.3743e-01, 
 1DIAGNOSTIC,     3, -9.104871713438e-01, 1.797693134862e+308, 8.2457e+00, 7.3890e-01, 
 1DIAGNOSTIC,     4, -9.132422215005e-01, 1.797693134862e+308, 8.9870e+00, 7.4128e-01, 
 1DIAGNOSTIC,     5, -9.155637057568e-01, 1.797693134862e+308, 9.7279e+00, 7.4093e-01, 
 1DIAGNOSTIC,     6, -9.174543062520e-01, 1.797693134862e+308, 1.0470e+01, 7.4203e-01, 
 1DIAGNOSTIC,     7, -9.190800149561e-01, 1.797693134862e+308, 1.1211e+01, 7.4080e-01, 
 1DIAGNOSTIC,     8, -9.205324013620e-01, 1.797693134862e+308, 1.1951e+01, 7.4050e-01, 
 1DIAGNOSTIC,     9, -9.218093889118e-01, 1.797693134862e+308, 1.2693e+01, 7.4163e-01, 
 1DIAGNOSTIC,    10, -9.229704287039e-01, 1.315710463702e-03, 1.3434e+01, 7.4072e-01, 
 1DIAGNOSTIC,    11, -9.239700021127e-01, 1.026314610042e-03, 1.4174e+01, 7.4075e-01, 
 1DIAGNOSTIC,    12, -9.248062030557e-01, 8.078104519908e-04, 1.4916e+01, 7.4180e-01, 
 1DIAGNOSTIC,    13, -9.255277864549e-01, 6.449754729906e-04, 1.5661e+01, 7.4437e-01, 
 1DIAGNOSTIC,    14, -9.260760834038e-01, 5.193531498737e-04, 1.6406e+01, 7.4511e-01, 
 1DIAGNOSTIC,    15, -9.264041804861e-01, 4.174147362971e-04, 1.7150e+01, 7.4466e-01, 
 1DIAGNOSTIC,    16, -9.266742492354e-01, 3.315550703911e-04, 1.7895e+01, 7.4430e-01, 
 1DIAGNOSTIC,    17, -9.268997322304e-01, 2.587905952726e-04, 1.8640e+01, 7.4559e-01, 
 1DIAGNOSTIC,    18, -9.270898399371e-01, 1.982679384932e-04, 1.9385e+01, 7.4507e-01, 
 1DIAGNOSTIC,    19, -9.272503566671e-01, 1.490140867143e-04, 2.0131e+01, 7.4593e-01, 
 1DIAGNOSTIC,    20, -9.273992077855e-01, 1.110352328735e-04, 2.0876e+01, 7.4481e-01, 
 1DIAGNOSTIC,    21, -9.275168863983e-01, 8.274496655479e-05, 2.1622e+01, 7.4640e-01, 
 1DIAGNOSTIC,    22, -9.276180470924e-01, 6.242067068409e-05, 2.2367e+01, 7.4418e-01, 
 1DIAGNOSTIC,    23, -9.277053020959e-01, 4.886926971212e-05, 2.3112e+01, 7.4508e-01, 
 1DIAGNOSTIC,    24, -9.277810892898e-01, 3.994709014555e-05, 2.3857e+01, 7.4503e-01, 
 1DIAGNOSTIC,    25, -9.278472538655e-01, 3.291776894864e-05, 2.4602e+01, 7.4493e-01, 
 1DIAGNOSTIC,    26, -9.279061081371e-01, 2.730788001757e-05, 2.5348e+01, 7.4600e-01, 
 1DIAGNOSTIC,    27, -9.279579971462e-01, 2.278835638087e-05, 2.6093e+01, 7.4585e-01, 
 1DIAGNOSTIC,    28, -9.280052080342e-01, 1.913683876104e-05, 2.6839e+01, 7.4547e-01, 
 1DIAGNOSTIC,    29, -9.280474026460e-01, 1.616203462366e-05, 2.7581e+01, 7.4208e-01, 
 1DIAGNOSTIC,    30, -9.280853684916e-01, 1.385822710945e-05, 2.8326e+01, 7.4505e-01, 
 1DIAGNOSTIC,    31, -9.282354251112e-01, 1.313324186366e-05, 2.9068e+01, 7.4148e-01, 
 1DIAGNOSTIC,    32, -9.282437069169e-01, 1.231248760118e-05, 2.9809e+01, 7.4164e-01, 
 1DIAGNOSTIC,    33, -9.283684964217e-01, 1.245192016742e-05, 3.0551e+01, 7.4144e-01, 
 1DIAGNOSTIC,    34, -9.284798063448e-01, 1.316447737077e-05, 3.1292e+01, 7.4144e-01, 
 1DIAGNOSTIC,    35, -9.285591204761e-01, 1.392525356296e-05, 3.2033e+01, 7.4101e-01, 
 1DIAGNOSTIC,    36, -9.286358911211e-01, 1.454946814565e-05, 3.2774e+01, 7.4118e-01, 
 1DIAGNOSTIC,    37, -9.286994944844e-01, 1.479285584167e-05, 3.3515e+01, 7.4082e-01, 
 1DIAGNOSTIC,    38, -9.287528496695e-01, 1.450699246594e-05, 3.4255e+01, 7.4022e-01, 
 1DIAGNOSTIC,    39, -9.287993164435e-01, 1.362230490003e-05, 3.4996e+01, 7.4100e-01, 
 1DIAGNOSTIC,    40, -9.288388235404e-01, 1.212693937535e-05, 3.5741e+01, 7.4456e-01, 
 1DIAGNOSTIC,    41, -9.288688857504e-01, 1.098601741297e-05, 3.6485e+01, 7.4397e-01, 
 1DIAGNOSTIC,    42, -9.287688195506e-01, 8.237939866169e-06, 3.7229e+01, 7.4455e-01, 
 1DIAGNOSTIC,    43, -9.286914418913e-01, 5.254058330923e-06, 3.7974e+01, 7.4443e-01, 
 1DIAGNOSTIC,    44, -9.286358723066e-01, 2.364882271125e-06, 3.8718e+01, 7.4387e-01, 
 1DIAGNOSTIC,    45, -9.285971561923e-01, -2.918935971923e-07, 3.9462e+01, 7.4424e-01, 
XXDIAGNOSTIC,Iteration,metricValue,convergenceValue,ITERATION_TIME_INDEX,SINCE_LAST
 1DIAGNOSTIC,     1, -8.545839605842e-01, 1.797693134862e+308, 4.7119e+01, 7.6575e+00, 
 1DIAGNOSTIC,     2, -8.579751469573e-01, 1.797693134862e+308, 5.3271e+01, 6.1512e+00, 
 1DIAGNOSTIC,     3, -8.610559158240e-01, 1.797693134862e+308, 5.9429e+01, 6.1588e+00, 
 1DIAGNOSTIC,     4, -8.639518082814e-01, 1.797693134862e+308, 6.5550e+01, 6.1204e+00, 
 1DIAGNOSTIC,     5, -8.663198670034e-01, 1.797693134862e+308, 7.1670e+01, 6.1199e+00, 
 1DIAGNOSTIC,     6, -8.685305293141e-01, 1.797693134862e+308, 7.7796e+01, 6.1268e+00, 
 1DIAGNOSTIC,     7, -8.704945987978e-01, 1.797693134862e+308, 8.3943e+01, 6.1467e+00, 
 1DIAGNOSTIC,     8, -8.722847487021e-01, 1.797693134862e+308, 9.0089e+01, 6.1458e+00, 
 1DIAGNOSTIC,     9, -8.738891482065e-01, 1.797693134862e+308, 9.6280e+01, 6.1911e+00, 
 1DIAGNOSTIC,    10, -8.752251148362e-01, 1.507084589469e-03, 1.0243e+02, 6.1538e+00, 
 1DIAGNOSTIC,    11, -8.764491293996e-01, 1.222417433313e-03, 1.0859e+02, 6.1528e+00, 
 1DIAGNOSTIC,    12, -8.776162627942e-01, 9.991305980707e-04, 1.1465e+02, 6.0672e+00, 
 1DIAGNOSTIC,    13, -8.787048994417e-01, 8.239837362438e-04, 1.2058e+02, 5.9248e+00, 
 1DIAGNOSTIC,    14, -8.797242288326e-01, 6.898366295049e-04, 1.2615e+02, 5.5748e+00, 
 1DIAGNOSTIC,    15, -8.807013297856e-01, 5.829316271344e-04, 1.3173e+02, 5.5758e+00, 
 1DIAGNOSTIC,    16, -8.816325126930e-01, 4.996009446925e-04, 1.3728e+02, 5.5539e+00, 
 1DIAGNOSTIC,    17, -8.825067282537e-01, 4.341032052907e-04, 1.4285e+02, 5.5632e+00, 
 1DIAGNOSTIC,    18, -8.833780363966e-01, 3.835879800653e-04, 1.4845e+02, 5.5999e+00, 
 1DIAGNOSTIC,    19, -8.842291641386e-01, 3.446565507677e-04, 1.5400e+02, 5.5508e+00, 
 1DIAGNOSTIC,    20, -8.850687926348e-01, 3.127527463434e-04, 1.5956e+02, 5.5591e+00, 
 1DIAGNOSTIC,    21, -8.859083209615e-01, 2.864866624092e-04, 1.6512e+02, 5.5590e+00, 
 1DIAGNOSTIC,    22, -8.867683397886e-01, 2.656092509389e-04, 1.7068e+02, 5.5601e+00, 
 1DIAGNOSTIC,    23, -8.876152763680e-01, 2.488409009117e-04, 1.7623e+02, 5.5536e+00, 
 1DIAGNOSTIC,    24, -8.884814953680e-01, 2.354707736369e-04, 1.8179e+02, 5.5587e+00, 
 1DIAGNOSTIC,    25, -8.893240299879e-01, 2.245065538624e-04, 1.8736e+02, 5.5766e+00, 
 1DIAGNOSTIC,    26, -8.901019834558e-01, 2.144478647625e-04, 1.9292e+02, 5.5566e+00, 
 1DIAGNOSTIC,    27, -8.908385243431e-01, 2.041507197473e-04, 1.9847e+02, 5.5478e+00, 
 1DIAGNOSTIC,    28, -8.915329891723e-01, 1.933391297654e-04, 2.0404e+02, 5.5762e+00, 
 1DIAGNOSTIC,    29, -8.921751398627e-01, 1.815829035641e-04, 2.0961e+02, 5.5626e+00, 
 1DIAGNOSTIC,    30, -8.928074965944e-01, 1.692305307496e-04, 2.1516e+02, 5.5517e+00, 
 1DIAGNOSTIC,    31, -8.933694725564e-01, 1.561928347440e-04, 2.2073e+02, 5.5747e+00, 
 1DIAGNOSTIC,    32, -8.939014226942e-01, 1.431732631716e-04, 2.2638e+02, 5.6483e+00, 
 1DIAGNOSTIC,    33, -8.943978864348e-01, 1.304505860770e-04, 2.3197e+02, 5.5931e+00, 
 1DIAGNOSTIC,    34, -8.948422692269e-01, 1.184750368349e-04, 2.3756e+02, 5.5815e+00, 
 1DIAGNOSTIC,    35, -8.952308251177e-01, 1.072340235650e-04, 2.4313e+02, 5.5705e+00, 
 1DIAGNOSTIC,    36, -8.955751398621e-01, 9.644702813219e-05, 2.4871e+02, 5.5831e+00, 
 1DIAGNOSTIC,    37, -8.958702419941e-01, 8.603549713326e-05, 2.5429e+02, 5.5794e+00, 
 1DIAGNOSTIC,    38, -8.961276354492e-01, 7.604194381305e-05, 2.5986e+02, 5.5681e+00, 
 1DIAGNOSTIC,    39, -8.963702696633e-01, 6.661268733218e-05, 2.6544e+02, 5.5783e+00, 
 1DIAGNOSTIC,    40, -8.965861919390e-01, 5.813391267594e-05, 2.7102e+02, 5.5806e+00, 
 1DIAGNOSTIC,    41, -8.967926424019e-01, 5.056160907913e-05, 2.7660e+02, 5.5847e+00, 
 1DIAGNOSTIC,    42, -8.969629133610e-01, 4.391120105432e-05, 2.8218e+02, 5.5747e+00, 
 1DIAGNOSTIC,    43, -8.971336561293e-01, 3.838512191032e-05, 2.8775e+02, 5.5705e+00, 
 1DIAGNOSTIC,    44, -8.972950107939e-01, 3.388687001597e-05, 2.9335e+02, 5.6015e+00, 
 1DIAGNOSTIC,    45, -8.974387591549e-01, 3.017023796402e-05, 2.9892e+02, 5.5711e+00, 
 1DIAGNOSTIC,    46, -8.975705501692e-01, 2.708420090547e-05, 3.0449e+02, 5.5691e+00, 
 1DIAGNOSTIC,    47, -8.976911837267e-01, 2.441469329886e-05, 3.1006e+02, 5.5756e+00, 
 1DIAGNOSTIC,    48, -8.977941032739e-01, 2.196438169439e-05, 3.1564e+02, 5.5718e+00, 
 1DIAGNOSTIC,    49, -8.979046448756e-01, 1.986128347174e-05, 3.2121e+02, 5.5755e+00, 
 1DIAGNOSTIC,    50, -8.980074221106e-01, 1.801858630774e-05, 3.2678e+02, 5.5660e+00, 
 1DIAGNOSTIC,    51, -8.980969507745e-01, 1.642368324294e-05, 3.3235e+02, 5.5729e+00, 
 1DIAGNOSTIC,    52, -8.981802063261e-01, 1.492079285565e-05, 3.3792e+02, 5.5723e+00, 
 1DIAGNOSTIC,    53, -8.982645389779e-01, 1.362791622555e-05, 3.4352e+02, 5.5975e+00, 
 1DIAGNOSTIC,    54, -8.983369237226e-01, 1.250230144844e-05, 3.4913e+02, 5.6094e+00, 
 1DIAGNOSTIC,    55, -8.984129119472e-01, 1.153856287524e-05, 3.5479e+02, 5.6647e+00, 
 1DIAGNOSTIC,    56, -8.984815856818e-01, 1.068973513729e-05, 3.6049e+02, 5.6934e+00, 
 1DIAGNOSTIC,    57, -8.985423833913e-01, 9.908109936167e-06, 3.6613e+02, 5.6403e+00, 
 1DIAGNOSTIC,    58, -8.985977871319e-01, 9.117926809306e-06, 3.7174e+02, 5.6164e+00, 
 1DIAGNOSTIC,    59, -8.986465748463e-01, 8.384892955241e-06, 3.7735e+02, 5.6107e+00, 
 1DIAGNOSTIC,    60, -8.986865774482e-01, 7.675054909843e-06, 3.8293e+02, 5.5748e+00, 
 1DIAGNOSTIC,    61, -8.987433928381e-01, 7.061790492643e-06, 3.8850e+02, 5.5706e+00, 
 1DIAGNOSTIC,    62, -8.987872431977e-01, 6.484617638688e-06, 3.9406e+02, 5.5611e+00, 
 1DIAGNOSTIC,    63, -8.988296306704e-01, 5.988579480067e-06, 3.9963e+02, 5.5731e+00, 
 1DIAGNOSTIC,    64, -8.988680345979e-01, 5.527977443461e-06, 4.0520e+02, 5.5645e+00, 
 1DIAGNOSTIC,    65, -8.989052954105e-01, 5.148609406626e-06, 4.1076e+02, 5.5594e+00, 
 1DIAGNOSTIC,    66, -8.989398528996e-01, 4.825565869223e-06, 4.1633e+02, 5.5742e+00, 
 1DIAGNOSTIC,    67, -8.989727201488e-01, 4.534618694648e-06, 4.2190e+02, 5.5705e+00, 
 1DIAGNOSTIC,    68, -8.990046804150e-01, 4.267829434426e-06, 4.2748e+02, 5.5738e+00, 
 1DIAGNOSTIC,    69, -8.990385250916e-01, 4.022746832050e-06, 4.3305e+02, 5.5751e+00, 
 1DIAGNOSTIC,    70, -8.990660504267e-01, 3.743852909811e-06, 4.3862e+02, 5.5637e+00, 
XXDIAGNOSTIC,Iteration,metricValue,convergenceValue,ITERATION_TIME_INDEX,SINCE_LAST
 1DIAGNOSTIC,     1, -8.529283156198e-01, 1.797693134862e+308, 4.8510e+02, 4.6484e+01, 
 1DIAGNOSTIC,     2, -8.558885649296e-01, 1.797693134862e+308, 5.2965e+02, 4.4550e+01, 
 1DIAGNOSTIC,     3, -8.589964218748e-01, 1.797693134862e+308, 5.7415e+02, 4.4503e+01, 
 1DIAGNOSTIC,     4, -8.619276158791e-01, 1.797693134862e+308, 6.1866e+02, 4.4506e+01, 
 1DIAGNOSTIC,     5, -8.646100639133e-01, 1.797693134862e+308, 6.6336e+02, 4.4698e+01, 
 1DIAGNOSTIC,     6, -8.672610323942e-01, 1.797693134862e+308, 7.0791e+02, 4.4558e+01, 
 1DIAGNOSTIC,     7, -8.695454786263e-01, 1.797693134862e+308, 7.5257e+02, 4.4655e+01, 
 1DIAGNOSTIC,     8, -8.718454756753e-01, 1.797693134862e+308, 7.9708e+02, 4.4515e+01, 
 1DIAGNOSTIC,     9, -8.738408654582e-01, 1.797693134862e+308, 8.4178e+02, 4.4695e+01, 
 1DIAGNOSTIC,    10, -8.757018759329e-01, 1.693902611677e-03, 8.8632e+02, 4.4541e+01, 
 1DIAGNOSTIC,    11, -8.772273872995e-01, 1.435983917625e-03, 9.3111e+02, 4.4794e+01, 
 1DIAGNOSTIC,    12, -8.787408651239e-01, 1.213657552582e-03, 9.7560e+02, 4.4489e+01, 
 1DIAGNOSTIC,    13, -8.798152172374e-01, 1.020467755330e-03, 1.0205e+03, 4.4869e+01, 
 1DIAGNOSTIC,    14, -8.810851672874e-01, 8.598315855927e-04, 1.0650e+03, 4.4526e+01, 
 1DIAGNOSTIC,    15, -8.819503434366e-01, 7.186969118086e-04, 1.1096e+03, 4.4601e+01, 
 1DIAGNOSTIC,    16, -8.830482907143e-01, 6.054714856410e-04, 1.1542e+03, 4.4641e+01, 
 1DIAGNOSTIC,    17, -8.839622911311e-01, 5.106440991240e-04, 1.1990e+03, 4.4797e+01, 
 1DIAGNOSTIC,    18, -8.847809997471e-01, 4.352808760781e-04, 1.2437e+03, 4.4645e+01, 
 1DIAGNOSTIC,    19, -8.854531937802e-01, 3.729322270402e-04, 1.2884e+03, 4.4737e+01, 
 1DIAGNOSTIC,    20, -8.862284751041e-01, 3.248713410610e-04, 1.3332e+03, 4.4807e+01, 
 1DIAGNOSTIC,    21, -8.868497186056e-01, 2.840236174275e-04, 1.3780e+03, 4.4812e+01, 
 1DIAGNOSTIC,    22, -8.874753828052e-01, 2.518405363848e-04, 1.4228e+03, 4.4805e+01, 
 1DIAGNOSTIC,    23, -8.880797057197e-01, 2.224072729687e-04, 1.4676e+03, 4.4764e+01, 
 1DIAGNOSTIC,    24, -8.886977528260e-01, 2.000865210202e-04, 1.5124e+03, 4.4824e+01, 
 1DIAGNOSTIC,    25, -8.892818889666e-01, 1.793878068687e-04, 1.5572e+03, 4.4813e+01, 
 1DIAGNOSTIC,    26, -8.898380449795e-01, 1.639167408229e-04, 1.6021e+03, 4.4819e+01, 
 1DIAGNOSTIC,    27, -8.903692046601e-01, 1.514232495785e-04, 1.6469e+03, 4.4795e+01, 
 1DIAGNOSTIC,    28, -8.908839493501e-01, 1.409259119411e-04, 1.6917e+03, 4.4829e+01, 
 1DIAGNOSTIC,    29, -8.913759633142e-01, 1.307447726791e-04, 1.7365e+03, 4.4803e+01, 
 1DIAGNOSTIC,    30, -8.918563591609e-01, 1.223821965257e-04, 1.7813e+03, 4.4819e+01, 
 1DIAGNOSTIC,    31, -8.923138165084e-01, 1.141915100552e-04, 1.8261e+03, 4.4784e+01, 
 1DIAGNOSTIC,    32, -8.927561728503e-01, 1.064551221863e-04, 1.8709e+03, 4.4843e+01, 
 1DIAGNOSTIC,    33, -8.931706186357e-01, 9.903176094476e-05, 1.9157e+03, 4.4815e+01, 
 1DIAGNOSTIC,    34, -8.935694537840e-01, 9.227883783798e-05, 1.9605e+03, 4.4800e+01, 
 1DIAGNOSTIC,    35, -8.939530110949e-01, 8.605001084276e-05, 2.0053e+03, 4.4800e+01, 
 1DIAGNOSTIC,    36, -8.943147390058e-01, 8.019679688081e-05, 2.0502e+03, 4.4825e+01, 
 1DIAGNOSTIC,    37, -8.946814342960e-01, 7.484570857301e-05, 2.0950e+03, 4.4813e+01, 
 1DIAGNOSTIC,    38, -8.950283905015e-01, 6.995090143809e-05, 2.1398e+03, 4.4805e+01, 
 1DIAGNOSTIC,    39, -8.953692578604e-01, 6.551906401866e-05, 2.1846e+03, 4.4798e+01, 
 1DIAGNOSTIC,    40, -8.956980110207e-01, 6.157666108787e-05, 2.2294e+03, 4.4836e+01, 
 1DIAGNOSTIC,    41, -8.960203517235e-01, 5.807623168981e-05, 2.2742e+03, 4.4807e+01, 
 1DIAGNOSTIC,    42, -8.963090671259e-01, 5.480421879432e-05, 2.3190e+03, 4.4795e+01, 
 1DIAGNOSTIC,    43, -8.966064915014e-01, 5.178640239297e-05, 2.3638e+03, 4.4789e+01, 
 1DIAGNOSTIC,    44, -8.966274470479e-01, 4.703429197811e-05, 2.4087e+03, 4.4859e+01, 
 1DIAGNOSTIC,    45, -8.969070748750e-01, 4.280109338934e-05, 2.4535e+03, 4.4796e+01, 
 1DIAGNOSTIC,    46, -8.971580850565e-01, 3.892847805847e-05, 2.4983e+03, 4.4804e+01, 
 1DIAGNOSTIC,    47, -8.974159651715e-01, 3.575631584916e-05, 2.5431e+03, 4.4784e+01, 
 1DIAGNOSTIC,    48, -8.976491744202e-01, 3.319743973869e-05, 2.5879e+03, 4.4845e+01, 
 1DIAGNOSTIC,    49, -8.978659466210e-01, 3.126326056870e-05, 2.6327e+03, 4.4796e+01, 
 1DIAGNOSTIC,    50, -8.980758898349e-01, 2.989444474881e-05, 2.6775e+03, 4.4812e+01, 
XXDIAGNOSTIC,Iteration,metricValue,convergenceValue,ITERATION_TIME_INDEX,SINCE_LAST
 1DIAGNOSTIC,     1, -8.742038740253e-01, 1.797693134862e+308, 3.0481e+03, 3.7059e+02, 
 1DIAGNOSTIC,     2, -8.752610474426e-01, 1.797693134862e+308, 3.4123e+03, 3.6420e+02, 
 1DIAGNOSTIC,     3, -8.766797364117e-01, 1.797693134862e+308, 3.7764e+03, 3.6414e+02, 
 1DIAGNOSTIC,     4, -8.780964269096e-01, 1.797693134862e+308, 4.1408e+03, 3.6441e+02, 
 1DIAGNOSTIC,     5, -8.794183557653e-01, 1.797693134862e+308, 4.5063e+03, 3.6547e+02, 
 1DIAGNOSTIC,     6, -8.807275027433e-01, 1.797693134862e+308, 4.8704e+03, 3.6409e+02, 
 1DIAGNOSTIC,     7, -8.818644281484e-01, 1.797693134862e+308, 5.2346e+03, 3.6419e+02, 
 1DIAGNOSTIC,     8, -8.828936084188e-01, 1.797693134862e+308, 5.5986e+03, 3.6403e+02, 
 1DIAGNOSTIC,     9, -8.838800765131e-01, 1.797693134862e+308, 5.9612e+03, 3.6260e+02, 
 1DIAGNOSTIC,    10, -8.847827447796e-01, 7.929233492233e-04, 6.3255e+03, 3.6424e+02, 
 1DIAGNOSTIC,    11, -8.857097160034e-01, 6.896374388968e-04, 6.6882e+03, 3.6268e+02, 
 1DIAGNOSTIC,    12, -8.864856530722e-01, 5.905722091644e-04, 7.0522e+03, 3.6404e+02, 
 1DIAGNOSTIC,    13, -8.873246964066e-01, 5.091325408235e-04, 7.4178e+03, 3.6560e+02, 
 1DIAGNOSTIC,    14, -8.879932589071e-01, 4.407645231027e-04, 7.7833e+03, 3.6555e+02, 
 1DIAGNOSTIC,    15, -8.885282126595e-01, 3.808691993613e-04, 8.1490e+03, 3.6565e+02, 
 1DIAGNOSTIC,    16, -8.890204471866e-01, 3.296409698795e-04, 8.5145e+03, 3.6553e+02, 
 1DIAGNOSTIC,    17, -8.894690545552e-01, 2.839724086449e-04, 8.8799e+03, 3.6539e+02, 
 1DIAGNOSTIC,    18, -8.899208510896e-01, 2.434671496317e-04, 9.2454e+03, 3.6547e+02, 
 1DIAGNOSTIC,    19, -8.903283664246e-01, 2.081507275431e-04, 9.6110e+03, 3.6558e+02, 
 1DIAGNOSTIC,    20, -8.907103580523e-01, 1.776012652613e-04, 9.9764e+03, 3.6549e+02, 
  Elapsed time (stage 0): 9979.47


Total elapsed time: 9979.48
-i /mnt/lustre/mathdugre/fast-interpolate/datasets/ds004513/derivatives/flint/ants/flint-vprec-single-five-levels/sub-s020/ses-open/anat/10/1_Affine.nii.gz -o /mnt/lustre/mathdugre/fast-interpolate/datasets/ds004513/derivatives/flint/ants/flint-vprec-single-five-levels/sub-s020/ses-open/anat/100/1_transformed.nii.gz -t /mnt/lustre/mathdugre/fast-interpolate/datasets/ds004513/derivatives/flint/ants/flint-vprec-single-five-levels/sub-s020/ses-open/anat/100/1_1Warp.nii.gz -t /mnt/lustre/mathdugre/fast-interpolate/datasets/ds004513/derivatives/flint/ants/flint-vprec-single-five-levels/sub-s020/ses-open/anat/100/1_0GenericAffine.mat
