---------------------
Experiment information

SIF_IMG: /mnt/lustre/mathdugre/containers/ants-flint-base.simg
SIF_IMG_BASE: /mnt/lustre/mathdugre/containers/ants-flint-base.simg
EXPERIMENT_NAME: flint-vprec-single-five-levels
STAGE: affine
SUBJECT_ID: s037
REPETITION_ID: 1

FIXED_IMG: /templateflow/tpl-MNI152NLin2009cAsym/tpl-MNI152NLin2009cAsym_res-01_desc-brain_T1w.nii.gz
INPUT_IMG: /mnt/lustre/mathdugre/fast-interpolate/datasets/ds004513/derivatives/flint/ants/flint-vprec-single-five-levels/sub-s037/ses-open/anat/0/1_Rigid.nii.gz

DATA_DIR: /mnt/lustre/mathdugre/fast-interpolate/datasets/ds004513
OUTPUT_DIR: /mnt/lustre/mathdugre/fast-interpolate/datasets/ds004513/derivatives/flint/ants/flint-vprec-single-five-levels/sub-s037/ses-open/anat
OUTPUT_PREFIX: 00
THREAD: 1
FLOAT: 0
VFC_BACKENDS: ieee
---------------------

--output [/mnt/lustre/mathdugre/fast-interpolate/datasets/ds004513/derivatives/flint/ants/flint-vprec-single-five-levels/sub-s037/ses-open/anat/00/1_,/mnt/lustre/mathdugre/fast-interpolate/datasets/ds004513/derivatives/flint/ants/flint-vprec-single-five-levels/sub-s037/ses-open/anat/00/1_Affine.nii.gz,/mnt/lustre/mathdugre/fast-interpolate/datasets/ds004513/derivatives/flint/ants/flint-vprec-single-five-levels/sub-s037/ses-open/anat/00/1_InverseAffine.nii.gz] --initial-moving-transform [/templateflow/tpl-MNI152NLin2009cAsym/tpl-MNI152NLin2009cAsym_res-01_desc-brain_T1w.nii.gz,/mnt/lustre/mathdugre/fast-interpolate/datasets/ds004513/derivatives/flint/ants/flint-vprec-single-five-levels/sub-s037/ses-open/anat/0/1_Rigid.nii.gz,1] --transform Affine[0.1] --metric MI[/templateflow/tpl-MNI152NLin2009cAsym/tpl-MNI152NLin2009cAsym_res-01_desc-brain_T1w.nii.gz,/mnt/lustre/mathdugre/fast-interpolate/datasets/ds004513/derivatives/flint/ants/flint-vprec-single-five-levels/sub-s037/ses-open/anat/0/1_Rigid.nii.gz,1,32,Regular,0.25] --convergence [1000x1000x500x250x100,1e-6,10] --shrink-factors 16x8x4x2x1 --smoothing-sigmas 4x3x2x1x0vox
All_Command_lines_OK
Using double precision for computations.
=============================================================================
The composite transform comprises the following transforms (in order): 
  1. Center of mass alignment using fixed image: /templateflow/tpl-MNI152NLin2009cAsym/tpl-MNI152NLin2009cAsym_res-01_desc-brain_T1w.nii.gz and moving image: /mnt/lustre/mathdugre/fast-interpolate/datasets/ds004513/derivatives/flint/ants/flint-vprec-single-five-levels/sub-s037/ses-open/anat/0/1_Rigid.nii.gz (type = Euler3DTransform)
=============================================================================
  number of levels = 5
  fixed image: /templateflow/tpl-MNI152NLin2009cAsym/tpl-MNI152NLin2009cAsym_res-01_desc-brain_T1w.nii.gz
  moving image: /mnt/lustre/mathdugre/fast-interpolate/datasets/ds004513/derivatives/flint/ants/flint-vprec-single-five-levels/sub-s037/ses-open/anat/0/1_Rigid.nii.gz
Dimension = 3
Number of stages = 1
Use histogram matching = false
Winsorize image intensities = true
  Lower quantile = 0.005
  Upper quantile = 0.995


Stage 1 State
   Image metric = MattesMI
     Fixed image = Image (0x55cc67512190)
  RTTI typeinfo:   itk::Image<double, 3u>
  Reference Count: 2
  Modified Time: 1622
  Debug: Off
  Object Name: 
  Observers: 
    none
  Source: (none)
  Source output name: (none)
  Release Data: Off
  Data Released: False
  Global Release Data: Off
  PipelineMTime: 0
  UpdateMTime: 1407
  RealTimeStamp: 0 seconds 
  LargestPossibleRegion: 
    Dimension: 3
    Index: [0, 0, 0]
    Size: [193, 229, 193]
  BufferedRegion: 
    Dimension: 3
    Index: [0, 0, 0]
    Size: [193, 229, 193]
  RequestedRegion: 
    Dimension: 3
    Index: [0, 0, 0]
    Size: [193, 229, 193]
  Spacing: [1, 1, 1]
  Origin: [96, 132, -78]
  Direction: 
-1 0 0
0 -1 0
0 0 1

  IndexToPointMatrix: 
-1 0 0
0 -1 0
0 0 1

  PointToIndexMatrix: 
-1 0 0
0 -1 0
0 0 1

  Inverse Direction: 
-1 0 0
0 -1 0
0 0 1

  PixelContainer: 
    ImportImageContainer (0x55cc6757e010)
      RTTI typeinfo:   itk::ImportImageContainer<unsigned long, double>
      Reference Count: 1
      Modified Time: 1404
      Debug: Off
      Object Name: 
      Observers: 
        none
      Pointer: 0x7f46ecfe4010
      Container manages memory: true
      Size: 8530021
      Capacity: 8530021

     Moving image = Image (0x55cc67519120)
  RTTI typeinfo:   itk::Image<double, 3u>
  Reference Count: 2
  Modified Time: 1623
  Debug: Off
  Object Name: 
  Observers: 
    none
  Source: (none)
  Source output name: (none)
  Release Data: Off
  Data Released: False
  Global Release Data: Off
  PipelineMTime: 0
  UpdateMTime: 1620
  RealTimeStamp: 0 seconds 
  LargestPossibleRegion: 
    Dimension: 3
    Index: [0, 0, 0]
    Size: [193, 229, 193]
  BufferedRegion: 
    Dimension: 3
    Index: [0, 0, 0]
    Size: [193, 229, 193]
  RequestedRegion: 
    Dimension: 3
    Index: [0, 0, 0]
    Size: [193, 229, 193]
  Spacing: [1, 1, 1]
  Origin: [96, 132, -78]
  Direction: 
-1 0 0
0 -1 0
0 0 1

  IndexToPointMatrix: 
-1 0 0
0 -1 0
0 0 1

  PointToIndexMatrix: 
-1 0 0
0 -1 0
0 0 1

  Inverse Direction: 
-1 0 0
0 -1 0
0 0 1

  PixelContainer: 
    ImportImageContainer (0x55cc675e04d0)
      RTTI typeinfo:   itk::ImportImageContainer<unsigned long, double>
      Reference Count: 1
      Modified Time: 1617
      Debug: Off
      Object Name: 
      Observers: 
        none
      Pointer: 0x7f46e8ecf010
      Container manages memory: true
      Size: 8530021
      Capacity: 8530021

     Weighting = 1
     Sampling strategy = regular
     Number of bins = 32
     Radius = 4
     Sampling percentage  = 0.25
   Transform = Affine
     Gradient step = 0.1
     Update field sigma (voxel space) = 0
     Total field sigma (voxel space) = 0
     Update field time sigma = 0
     Total field time sigma  = 0
     Number of time indices = 0
     Number of time point samples = 0
Registration using 1 total stages.

Stage 0
  iterations = 1000x1000x500x250x100
  convergence threshold = 1e-06
  convergence window size = 10
  number of levels = 5
  using the Mattes MI metric (number of bins = 32, weight = 1, use gradient filter = 0)
  preprocessing:  winsorizing the image intensities
  Shrink factors (level 1 out of 5): [16, 16, 16]
  Shrink factors (level 2 out of 5): [8, 8, 8]
  Shrink factors (level 3 out of 5): [4, 4, 4]
  Shrink factors (level 4 out of 5): [2, 2, 2]
  Shrink factors (level 5 out of 5): [1, 1, 1]
  smoothing sigmas per level: [4, 3, 2, 1, 0]
  regular sampling (percentage = 0.25)

*** Running AffineTransform registration ***

DIAGNOSTIC,Iteration,metricValue,convergenceValue,ITERATION_TIME_INDEX,SINCE_LAST
 2DIAGNOSTIC,     1, -7.213720430605e-01, 1.797693134862e+308, 1.4488e+00, 1.4488e+00, 
 2DIAGNOSTIC,     2, -7.232263650495e-01, 1.797693134862e+308, 1.4503e+00, 1.4780e-03, 
 2DIAGNOSTIC,     3, -7.243528797196e-01, 1.797693134862e+308, 1.4515e+00, 1.2231e-03, 
 2DIAGNOSTIC,     4, -7.251744574246e-01, 1.797693134862e+308, 1.4527e+00, 1.2250e-03, 
 2DIAGNOSTIC,     5, -7.275211783096e-01, 1.797693134862e+308, 1.4540e+00, 1.2460e-03, 
 2DIAGNOSTIC,     6, -7.295200080511e-01, 1.797693134862e+308, 1.4552e+00, 1.2419e-03, 
 2DIAGNOSTIC,     7, -7.363635728127e-01, 1.797693134862e+308, 1.4566e+00, 1.3392e-03, 
 2DIAGNOSTIC,     8, -7.712616174304e-01, 1.797693134862e+308, 1.4580e+00, 1.4050e-03, 
 2DIAGNOSTIC,     9, -7.939880086064e-01, 1.797693134862e+308, 1.4593e+00, 1.3440e-03, 
 2DIAGNOSTIC,    10, -8.206124371294e-01, 7.591863734635e-03, 1.4622e+00, 2.8381e-03, 
 2DIAGNOSTIC,    11, -8.515563631547e-01, 9.639994886776e-03, 1.4640e+00, 1.8580e-03, 
 2DIAGNOSTIC,    12, -8.783213218308e-01, 1.129286376977e-02, 1.4658e+00, 1.7800e-03, 
 2DIAGNOSTIC,    13, -8.969014987438e-01, 1.216520931577e-02, 1.4678e+00, 2.0180e-03, 
 2DIAGNOSTIC,    14, -8.999174080558e-01, 1.189203873376e-02, 1.4692e+00, 1.3840e-03, 
 2DIAGNOSTIC,    15, -9.056734151841e-01, 1.078580697192e-02, 1.4707e+00, 1.5471e-03, 
 2DIAGNOSTIC,    16, -9.138402876425e-01, 9.076528745202e-03, 1.4723e+00, 1.5399e-03, 
 2DIAGNOSTIC,    17, -9.208793491661e-01, 7.028239828505e-03, 1.4738e+00, 1.5349e-03, 
 2DIAGNOSTIC,    18, -9.221146400989e-01, 5.288109814432e-03, 1.4752e+00, 1.3721e-03, 
 2DIAGNOSTIC,    19, -9.236538106498e-01, 3.711153538980e-03, 1.4767e+00, 1.5309e-03, 
 2DIAGNOSTIC,    20, -9.259004409414e-01, 2.459357497015e-03, 1.4788e+00, 2.1129e-03, 
 2DIAGNOSTIC,    21, -9.259931027299e-01, 1.607199240910e-03, 1.4802e+00, 1.3671e-03, 
 2DIAGNOSTIC,    22, -9.263162589396e-01, 1.103211343997e-03, 1.4816e+00, 1.3680e-03, 
 2DIAGNOSTIC,    23, -9.267089547135e-01, 8.259031789009e-04, 1.4829e+00, 1.3721e-03, 
 2DIAGNOSTIC,    24, -9.270142594671e-01, 5.438017625486e-04, 1.4843e+00, 1.3711e-03, 
 2DIAGNOSTIC,    25, -9.273634144310e-01, 3.154536167852e-04, 1.4857e+00, 1.3778e-03, 
 2DIAGNOSTIC,    26, -9.279015121117e-01, 1.867162652029e-04, 1.4871e+00, 1.3759e-03, 
 2DIAGNOSTIC,    27, -9.288206632164e-01, 1.493692606573e-04, 1.4885e+00, 1.3881e-03, 
 2DIAGNOSTIC,    28, -9.295865409810e-01, 1.243014285672e-04, 1.4907e+00, 2.2969e-03, 
 2DIAGNOSTIC,    29, -9.301261719755e-01, 1.125042600813e-04, 1.4921e+00, 1.3738e-03, 
 2DIAGNOSTIC,    30, -9.302708288186e-01, 1.174928805966e-04, 1.4935e+00, 1.3690e-03, 
 2DIAGNOSTIC,    31, -9.304408599942e-01, 1.139583548279e-04, 1.4949e+00, 1.3740e-03, 
 2DIAGNOSTIC,    32, -9.308449192620e-01, 1.072960645721e-04, 1.4965e+00, 1.6601e-03, 
 2DIAGNOSTIC,    33, -9.309211759939e-01, 9.546597920443e-05, 1.4980e+00, 1.5190e-03, 
 2DIAGNOSTIC,    34, -9.310347258751e-01, 7.951199945470e-05, 1.4997e+00, 1.6730e-03, 
 2DIAGNOSTIC,    35, -9.313374559481e-01, 6.324169955914e-05, 1.5011e+00, 1.3750e-03, 
 2DIAGNOSTIC,    36, -9.313998421879e-01, 4.729113169626e-05, 1.5025e+00, 1.3661e-03, 
 2DIAGNOSTIC,    37, -9.316356814815e-01, 3.786623070044e-05, 1.5038e+00, 1.3769e-03, 
 2DIAGNOSTIC,    38, -9.324380158295e-01, 3.873309773520e-05, 1.5054e+00, 1.5309e-03, 
 2DIAGNOSTIC,    39, -9.325726600199e-01, 4.141034260238e-05, 1.5070e+00, 1.6668e-03, 
 2DIAGNOSTIC,    40, -9.326948909258e-01, 4.228691191077e-05, 1.5086e+00, 1.5271e-03, 
 2DIAGNOSTIC,    41, -9.331012203002e-01, 4.370838881394e-05, 1.5099e+00, 1.3840e-03, 
 2DIAGNOSTIC,    42, -9.340048371418e-01, 5.093440447381e-05, 1.5113e+00, 1.3840e-03, 
 2DIAGNOSTIC,    43, -9.346801656014e-01, 5.841168248633e-05, 1.5133e+00, 1.9851e-03, 
 2DIAGNOSTIC,    44, -9.349237154336e-01, 6.255502686177e-05, 1.5147e+00, 1.3809e-03, 
 2DIAGNOSTIC,    45, -9.350399085880e-01, 6.377986123508e-05, 1.5162e+00, 1.5161e-03, 
 2DIAGNOSTIC,    46, -9.351615583382e-01, 6.024392637262e-05, 1.5180e+00, 1.8079e-03, 
 2DIAGNOSTIC,    47, -9.352219260877e-01, 5.294611715749e-05, 1.5194e+00, 1.3759e-03, 
 2DIAGNOSTIC,    48, -9.353448345814e-01, 4.708122404189e-05, 1.5208e+00, 1.3711e-03, 
 2DIAGNOSTIC,    49, -9.353890142578e-01, 3.825060112524e-05, 1.5221e+00, 1.3669e-03, 
 2DIAGNOSTIC,    50, -9.354548423059e-01, 2.744844352787e-05, 1.5237e+00, 1.5190e-03, 
 2DIAGNOSTIC,    51, -9.355869656284e-01, 1.779811611422e-05, 1.5256e+00, 1.9579e-03, 
 2DIAGNOSTIC,    52, -9.356210003300e-01, 1.253201112942e-05, 1.5270e+00, 1.3721e-03, 
 2DIAGNOSTIC,    53, -9.357223253608e-01, 1.097842219135e-05, 1.5284e+00, 1.3840e-03, 
 2DIAGNOSTIC,    54, -9.358358812362e-01, 1.058247789414e-05, 1.5297e+00, 1.3628e-03, 
 2DIAGNOSTIC,    55, -9.359372729158e-01, 1.048084438990e-05, 1.5314e+00, 1.6630e-03, 
 2DIAGNOSTIC,    56, -9.360043529226e-01, 1.049495362076e-05, 1.5329e+00, 1.5121e-03, 
 2DIAGNOSTIC,    57, -9.360235948794e-01, 9.989132114870e-06, 1.5343e+00, 1.3700e-03, 
 2DIAGNOSTIC,    58, -9.360800630380e-01, 9.586845830373e-06, 1.5356e+00, 1.3661e-03, 
 2DIAGNOSTIC,    59, -9.361321655076e-01, 8.835660804198e-06, 1.5372e+00, 1.5130e-03, 
 2DIAGNOSTIC,    60, -9.361730541068e-01, 7.854728861677e-06, 1.5387e+00, 1.5211e-03, 
 2DIAGNOSTIC,    61, -9.361868375091e-01, 6.967383520417e-06, 1.5400e+00, 1.3700e-03, 
 2DIAGNOSTIC,    62, -9.362253572988e-01, 5.863807045866e-06, 1.5416e+00, 1.5199e-03, 
 2DIAGNOSTIC,    63, -9.363077595649e-01, 5.194039511536e-06, 1.5429e+00, 1.3680e-03, 
 2DIAGNOSTIC,    64, -9.363606498619e-01, 4.895516936977e-06, 1.5445e+00, 1.5321e-03, 
 2DIAGNOSTIC,    65, -9.365053788744e-01, 5.373143969794e-06, 1.5460e+00, 1.5290e-03, 
 2DIAGNOSTIC,    66, -9.366388649167e-01, 6.318334925603e-06, 1.5474e+00, 1.3940e-03, 
 2DIAGNOSTIC,    67, -9.366951498131e-01, 7.017575234879e-06, 1.5493e+00, 1.9529e-03, 
 2DIAGNOSTIC,    68, -9.367037576176e-01, 7.368017046080e-06, 1.5507e+00, 1.3669e-03, 
 2DIAGNOSTIC,    69, -9.367128668835e-01, 7.326573390996e-06, 1.5521e+00, 1.3680e-03, 
 2DIAGNOSTIC,    70, -9.367213462475e-01, 6.844180670637e-06, 1.5534e+00, 1.3700e-03, 
 2DIAGNOSTIC,    71, -9.367423155116e-01, 5.905731565357e-06, 1.5554e+00, 1.9560e-03, 
 2DIAGNOSTIC,    72, -9.367455117323e-01, 4.646778915891e-06, 1.5568e+00, 1.3649e-03, 
 2DIAGNOSTIC,    73, -9.367518403287e-01, 3.411776718979e-06, 1.5581e+00, 1.3680e-03, 
 2DIAGNOSTIC,    74, -9.367581934512e-01, 2.170451095990e-06, 1.5595e+00, 1.3671e-03, 
 2DIAGNOSTIC,    75, -9.367622908159e-01, 1.406348594074e-06, 1.5609e+00, 1.3618e-03, 
 2DIAGNOSTIC,    76, -9.367653219047e-01, 1.126661154989e-06, 1.5622e+00, 1.3700e-03, 
 2DIAGNOSTIC,    77, -9.367704030920e-01, 1.037288881227e-06, 1.5643e+00, 2.0990e-03, 
DIAGNOSTIC,Iteration,metricValue,convergenceValue,ITERATION_TIME_INDEX,SINCE_LAST
 2DIAGNOSTIC,     1, -6.570187962026e-01, 1.797693134862e+308, 3.0143e+00, 1.4499e+00, 
 2DIAGNOSTIC,     2, -6.594637446539e-01, 1.797693134862e+308, 3.0255e+00, 1.1273e-02, 
 2DIAGNOSTIC,     3, -6.636235063849e-01, 1.797693134862e+308, 3.0368e+00, 1.1269e-02, 
 2DIAGNOSTIC,     4, -6.693888084944e-01, 1.797693134862e+308, 3.0481e+00, 1.1296e-02, 
 2DIAGNOSTIC,     5, -6.773773692468e-01, 1.797693134862e+308, 3.0594e+00, 1.1291e-02, 
 2DIAGNOSTIC,     6, -6.854522063884e-01, 1.797693134862e+308, 3.0706e+00, 1.1255e-02, 
 2DIAGNOSTIC,     7, -6.914460591833e-01, 1.797693134862e+308, 3.0820e+00, 1.1377e-02, 
 2DIAGNOSTIC,     8, -7.043603877760e-01, 1.797693134862e+308, 3.0976e+00, 1.5614e-02, 
 2DIAGNOSTIC,     9, -7.089967587879e-01, 1.797693134862e+308, 3.1088e+00, 1.1182e-02, 
 2DIAGNOSTIC,    10, -7.104037116652e-01, 5.701577574111e-03, 3.1215e+00, 1.2682e-02, 
 2DIAGNOSTIC,    11, -7.110014346477e-01, 5.047366213653e-03, 3.1356e+00, 1.4068e-02, 
 2DIAGNOSTIC,    12, -7.116883377009e-01, 4.161750225421e-03, 3.1470e+00, 1.1413e-02, 
 2DIAGNOSTIC,    13, -7.128404408274e-01, 3.204471495001e-03, 3.1597e+00, 1.2749e-02, 
 2DIAGNOSTIC,    14, -7.138041816824e-01, 2.290223813853e-03, 3.1789e+00, 1.9124e-02, 
 2DIAGNOSTIC,    15, -7.138563648573e-01, 1.513246617075e-03, 3.1902e+00, 1.1349e-02, 
 2DIAGNOSTIC,    16, -7.140689184105e-01, 9.117527298155e-04, 3.2015e+00, 1.1333e-02, 
 2DIAGNOSTIC,    17, -7.143027446815e-01, 4.418818496882e-04, 3.2129e+00, 1.1340e-02, 
 2DIAGNOSTIC,    18, -7.145257729775e-01, 2.798220752881e-04, 3.2242e+00, 1.1334e-02, 
 2DIAGNOSTIC,    19, -7.147726228702e-01, 2.133527089188e-04, 3.2355e+00, 1.1320e-02, 
 2DIAGNOSTIC,    20, -7.150475456207e-01, 1.683594067852e-04, 3.2469e+00, 1.1349e-02, 
 2DIAGNOSTIC,    21, -7.154078806172e-01, 1.308594743763e-04, 3.2582e+00, 1.1367e-02, 
 2DIAGNOSTIC,    22, -7.158911104569e-01, 1.058460306993e-04, 3.2711e+00, 1.2883e-02, 
 2DIAGNOSTIC,    23, -7.170415904909e-01, 1.133099838583e-04, 3.2850e+00, 1.3847e-02, 
 2DIAGNOSTIC,    24, -7.173549884220e-01, 1.308474731655e-04, 3.2976e+00, 1.2604e-02, 
 2DIAGNOSTIC,    25, -7.175630965197e-01, 1.391173193948e-04, 3.3115e+00, 1.3970e-02, 
 2DIAGNOSTIC,    26, -7.177661360448e-01, 1.403707969052e-04, 3.3229e+00, 1.1381e-02, 
 2DIAGNOSTIC,    27, -7.181467087847e-01, 1.374677194120e-04, 3.3343e+00, 1.1335e-02, 
 2DIAGNOSTIC,    28, -7.183343447422e-01, 1.274909914495e-04, 3.3468e+00, 1.2571e-02, 
 2DIAGNOSTIC,    29, -7.185343963557e-01, 1.124637637422e-04, 3.3646e+00, 1.7726e-02, 
 2DIAGNOSTIC,    30, -7.185561447111e-01, 9.208118823284e-05, 3.3760e+00, 1.1411e-02, 
 2DIAGNOSTIC,    31, -7.186563792524e-01, 7.047515923862e-05, 3.3876e+00, 1.1654e-02, 
 2DIAGNOSTIC,    32, -7.188669886077e-01, 5.198795402105e-05, 3.3990e+00, 1.1377e-02, 
 2DIAGNOSTIC,    33, -7.189411887611e-01, 4.459304966870e-05, 3.4104e+00, 1.1382e-02, 
 2DIAGNOSTIC,    34, -7.190256063404e-01, 3.821774456600e-05, 3.4218e+00, 1.1410e-02, 
 2DIAGNOSTIC,    35, -7.193713139110e-01, 3.506316257562e-05, 3.4357e+00, 1.3886e-02, 
 2DIAGNOSTIC,    36, -7.194678586135e-01, 3.201278392512e-05, 3.4483e+00, 1.2625e-02, 
 2DIAGNOSTIC,    37, -7.195136738150e-01, 3.075670012531e-05, 3.4597e+00, 1.1369e-02, 
 2DIAGNOSTIC,    38, -7.196687263880e-01, 3.033711092869e-05, 3.4723e+00, 1.2596e-02, 
 2DIAGNOSTIC,    39, -7.198867985184e-01, 3.142060120534e-05, 3.4848e+00, 1.2557e-02, 
 2DIAGNOSTIC,    40, -7.201613806549e-01, 3.241213461866e-05, 3.4999e+00, 1.5095e-02, 
 2DIAGNOSTIC,    41, -7.203017965225e-01, 3.260024206975e-05, 3.5112e+00, 1.1237e-02, 
 2DIAGNOSTIC,    42, -7.204116995542e-01, 3.285633200442e-05, 3.5225e+00, 1.1353e-02, 
 2DIAGNOSTIC,    43, -7.209347546042e-01, 3.562736353125e-05, 3.5350e+00, 1.2474e-02, 
 2DIAGNOSTIC,    44, -7.211066569042e-01, 3.704698597462e-05, 3.5472e+00, 1.2251e-02, 
 2DIAGNOSTIC,    45, -7.212133954289e-01, 3.893499903726e-05, 3.5619e+00, 1.4615e-02, 
 2DIAGNOSTIC,    46, -7.212536282906e-01, 3.834253630339e-05, 3.5728e+00, 1.0942e-02, 
 2DIAGNOSTIC,    47, -7.213491899426e-01, 3.538773962348e-05, 3.5836e+00, 1.0813e-02, 
 2DIAGNOSTIC,    48, -7.214348326127e-01, 3.114951279235e-05, 3.5956e+00, 1.1954e-02, 
 2DIAGNOSTIC,    49, -7.214935033918e-01, 2.634224213996e-05, 3.6074e+00, 1.1861e-02, 
 2DIAGNOSTIC,    50, -7.215437409725e-01, 2.189937393008e-05, 3.6192e+00, 1.1801e-02, 
 2DIAGNOSTIC,    51, -7.215625821298e-01, 1.688448844700e-05, 3.6350e+00, 1.5733e-02, 
 2DIAGNOSTIC,    52, -7.215644293769e-01, 1.127122114816e-05, 3.6457e+00, 1.0700e-02, 
 2DIAGNOSTIC,    53, -7.215717343511e-01, 8.818098873441e-06, 3.6575e+00, 1.1853e-02, 
 2DIAGNOSTIC,    54, -7.215767307679e-01, 6.959736670573e-06, 3.6681e+00, 1.0546e-02, 
 2DIAGNOSTIC,    55, -7.215775668697e-01, 5.341615493700e-06, 3.6785e+00, 1.0472e-02, 
 2DIAGNOSTIC,    56, -7.215809630416e-01, 3.628416716389e-06, 3.6902e+00, 1.1653e-02, 
 2DIAGNOSTIC,    57, -7.215907980393e-01, 2.413290235273e-06, 3.7080e+00, 1.7770e-02, 
 2DIAGNOSTIC,    58, -7.215909491510e-01, 1.645321612877e-06, 3.7208e+00, 1.2891e-02, 
 2DIAGNOSTIC,    59, -7.215909579068e-01, 1.188053011091e-06, 3.7349e+00, 1.4089e-02, 
 2DIAGNOSTIC,    60, -7.215909586108e-01, 1.016527744119e-06, 3.7478e+00, 1.2880e-02, 
DIAGNOSTIC,Iteration,metricValue,convergenceValue,ITERATION_TIME_INDEX,SINCE_LAST
 2DIAGNOSTIC,     1, -5.928397395195e-01, 1.797693134862e+308, 5.3107e+00, 1.5629e+00, 
 2DIAGNOSTIC,     2, -5.933613328241e-01, 1.797693134862e+308, 5.4238e+00, 1.1313e-01, 
 2DIAGNOSTIC,     3, -5.938983469370e-01, 1.797693134862e+308, 5.5370e+00, 1.1317e-01, 
 2DIAGNOSTIC,     4, -5.943171331028e-01, 1.797693134862e+308, 5.6503e+00, 1.1329e-01, 
 2DIAGNOSTIC,     5, -5.947315669839e-01, 1.797693134862e+308, 5.7637e+00, 1.1344e-01, 
 2DIAGNOSTIC,     6, -5.956640290215e-01, 1.797693134862e+308, 5.9080e+00, 1.4423e-01, 
 2DIAGNOSTIC,     7, -5.958890871941e-01, 1.797693134862e+308, 6.0226e+00, 1.1469e-01, 
 2DIAGNOSTIC,     8, -5.959916330572e-01, 1.797693134862e+308, 6.1516e+00, 1.2894e-01, 
 2DIAGNOSTIC,     9, -5.960982096602e-01, 1.797693134862e+308, 6.2806e+00, 1.2899e-01, 
 2DIAGNOSTIC,    10, -5.961592880139e-01, 3.886368239554e-04, 6.4097e+00, 1.2911e-01, 
 2DIAGNOSTIC,    11, -5.961800054207e-01, 2.925164725758e-04, 6.5384e+00, 1.2877e-01, 
 2DIAGNOSTIC,    12, -5.962063295878e-01, 2.079119805023e-04, 6.6674e+00, 1.2891e-01, 
 2DIAGNOSTIC,    13, -5.962167118426e-01, 1.381316569826e-04, 6.7809e+00, 1.1354e-01, 
 2DIAGNOSTIC,    14, -5.962197749085e-01, 8.043335155902e-05, 6.9253e+00, 1.4445e-01, 
 2DIAGNOSTIC,    15, -5.962222926446e-01, 3.583041206884e-05, 7.1003e+00, 1.7496e-01, 
 2DIAGNOSTIC,    16, -5.962226557339e-01, 2.143035119342e-05, 7.2140e+00, 1.1373e-01, 
 2DIAGNOSTIC,    17, -5.962241270678e-01, 1.326518865765e-05, 7.3279e+00, 1.1385e-01, 
 2DIAGNOSTIC,    18, -5.962262319081e-01, 7.670925257476e-06, 7.4418e+00, 1.1387e-01, 
 2DIAGNOSTIC,    19, -5.962283230051e-01, 4.818555423808e-06, 7.5557e+00, 1.1391e-01, 
 2DIAGNOSTIC,    20, -5.962302884539e-01, 3.459906819339e-06, 7.6695e+00, 1.1385e-01, 
 2DIAGNOSTIC,    21, -5.962323437370e-01, 2.560710362663e-06, 7.7834e+00, 1.1389e-01, 
 2DIAGNOSTIC,    22, -5.962357926679e-01, 2.286072518891e-06, 7.8973e+00, 1.1390e-01, 
 2DIAGNOSTIC,    23, -5.962397817808e-01, 2.252060323157e-06, 8.0111e+00, 1.1379e-01, 
 2DIAGNOSTIC,    24, -5.962427646828e-01, 2.257095163417e-06, 8.2321e+00, 2.2099e-01, 
 2DIAGNOSTIC,    25, -5.962429096586e-01, 2.225404206635e-06, 8.3920e+00, 1.5996e-01, 
 2DIAGNOSTIC,    26, -5.962429130790e-01, 2.114441892340e-06, 8.5209e+00, 1.2883e-01, 
 2DIAGNOSTIC,    27, -5.962429153639e-01, 1.953328813531e-06, 8.6502e+00, 1.2933e-01, 
 2DIAGNOSTIC,    28, -5.962429172887e-01, 1.765043010124e-06, 8.7943e+00, 1.4406e-01, 
 2DIAGNOSTIC,    29, -5.962429180181e-01, 1.564174570125e-06, 9.1829e+00, 3.8860e-01, 
 2DIAGNOSTIC,    30, -5.962429180181e-01, 1.364402550455e-06, 9.3132e+00, 1.3030e-01, 
 2DIAGNOSTIC,    31, -5.962429180181e-01, 1.180407551690e-06, 9.4725e+00, 1.5938e-01, 
 2DIAGNOSTIC,    32, -5.962429180181e-01, 1.043651098126e-06, 9.6008e+00, 1.2827e-01, 
DIAGNOSTIC,Iteration,metricValue,convergenceValue,ITERATION_TIME_INDEX,SINCE_LAST
 2DIAGNOSTIC,     1, -5.174938803801e-01, 1.797693134862e+308, 1.1976e+01, 2.3749e+00, 
 2DIAGNOSTIC,     2, -5.176753411176e-01, 1.797693134862e+308, 1.2747e+01, 7.7177e-01, 
 2DIAGNOSTIC,     3, -5.178619964080e-01, 1.797693134862e+308, 1.3514e+01, 7.6613e-01, 
 2DIAGNOSTIC,     4, -5.180463514134e-01, 1.797693134862e+308, 1.4280e+01, 7.6662e-01, 
 2DIAGNOSTIC,     5, -5.181899128035e-01, 1.797693134862e+308, 1.5142e+01, 8.6203e-01, 
 2DIAGNOSTIC,     6, -5.183461630565e-01, 1.797693134862e+308, 1.6002e+01, 8.5969e-01, 
 2DIAGNOSTIC,     7, -5.184136869313e-01, 1.797693134862e+308, 1.6759e+01, 7.5726e-01, 
 2DIAGNOSTIC,     8, -5.185722486626e-01, 1.797693134862e+308, 1.7716e+01, 9.5635e-01, 
 2DIAGNOSTIC,     9, -5.185953145791e-01, 1.797693134862e+308, 1.8572e+01, 8.5635e-01, 
 2DIAGNOSTIC,    10, -5.186197378242e-01, 1.471864966774e-04, 1.9528e+01, 9.5590e-01, 
 2DIAGNOSTIC,    11, -5.186365247668e-01, 1.124902949963e-04, 2.0386e+01, 8.5807e-01, 
 2DIAGNOSTIC,    12, -5.186593158282e-01, 8.295517751118e-05, 2.1147e+01, 7.6089e-01, 
 2DIAGNOSTIC,    13, -5.186729744393e-01, 5.899459411279e-05, 2.2216e+01, 1.0696e+00, 
 2DIAGNOSTIC,    14, -5.186795675457e-01, 4.072195731274e-05, 2.2984e+01, 7.6769e-01, 
 2DIAGNOSTIC,    15, -5.186970753521e-01, 2.721755604010e-05, 2.3745e+01, 7.6122e-01, 
 2DIAGNOSTIC,    16, -5.187104382897e-01, 1.890271315642e-05, 2.4709e+01, 9.6321e-01, 
 2DIAGNOSTIC,    17, -5.187121613278e-01, 1.209994300857e-05, 2.5567e+01, 8.5861e-01, 
 2DIAGNOSTIC,    18, -5.187150932872e-01, 1.002627991450e-05, 2.6425e+01, 8.5780e-01, 
 2DIAGNOSTIC,    19, -5.187153551593e-01, 8.073118921745e-06, 2.7499e+01, 1.0740e+00, 
 2DIAGNOSTIC,    20, -5.187153719805e-01, 6.382601058806e-06, 2.8278e+01, 7.7925e-01, 
 2DIAGNOSTIC,    21, -5.187153801920e-01, 4.828856013210e-06, 2.9151e+01, 8.7263e-01, 
 2DIAGNOSTIC,    22, -5.187154075138e-01, 3.672836655609e-06, 2.9912e+01, 7.6161e-01, 
 2DIAGNOSTIC,    23, -5.187154640594e-01, 2.740333838132e-06, 3.0672e+01, 7.5936e-01, 
 2DIAGNOSTIC,    24, -5.187156650420e-01, 1.906054570039e-06, 3.1438e+01, 7.6598e-01, 
 2DIAGNOSTIC,    25, -5.187159994447e-01, 1.468257092130e-06, 3.2196e+01, 7.5871e-01, 
 2DIAGNOSTIC,    26, -5.187162458003e-01, 1.332351459250e-06, 3.3077e+01, 8.8031e-01, 
 2DIAGNOSTIC,    27, -5.187164659251e-01, 1.234109688705e-06, 3.5651e+01, 2.5742e+00, 
 2DIAGNOSTIC,    28, -5.187164659246e-01, 1.194914828063e-06, 3.7504e+01, 1.8534e+00, 
 2DIAGNOSTIC,    29, -5.187164659246e-01, 1.157892775522e-06, 3.8655e+01, 1.1503e+00, 
 2DIAGNOSTIC,    30, -5.187164659246e-01, 1.117868385005e-06, 3.9617e+01, 9.6248e-01, 
 2DIAGNOSTIC,    31, -5.187164659246e-01, 1.075107829034e-06, 4.0378e+01, 7.6085e-01, 
 2DIAGNOSTIC,    32, -5.187164659246e-01, 1.030908947437e-06, 4.1234e+01, 8.5627e-01, 
DIAGNOSTIC,Iteration,metricValue,convergenceValue,ITERATION_TIME_INDEX,SINCE_LAST
 2DIAGNOSTIC,     1, -4.713186559679e-01, 1.797693134862e+308, 4.7349e+01, 6.1143e+00, 
 2DIAGNOSTIC,     2, -4.713846886779e-01, 1.797693134862e+308, 5.2309e+01, 4.9604e+00, 
 2DIAGNOSTIC,     3, -4.714783000419e-01, 1.797693134862e+308, 5.7240e+01, 4.9306e+00, 
 2DIAGNOSTIC,     4, -4.715718657178e-01, 1.797693134862e+308, 6.2760e+01, 5.5208e+00, 
 2DIAGNOSTIC,     5, -4.716743975474e-01, 1.797693134862e+308, 6.8278e+01, 5.5174e+00, 
 2DIAGNOSTIC,     6, -4.717184068393e-01, 1.797693134862e+308, 7.3229e+01, 4.9511e+00, 
 2DIAGNOSTIC,     7, -4.717376359449e-01, 1.797693134862e+308, 7.8171e+01, 4.9425e+00, 
 2DIAGNOSTIC,     8, -4.717779630468e-01, 1.797693134862e+308, 8.3707e+01, 5.5352e+00, 
 2DIAGNOSTIC,     9, -4.718030874877e-01, 1.797693134862e+308, 8.9789e+01, 6.0826e+00, 
 2DIAGNOSTIC,    10, -4.718429700524e-01, 7.458377332341e-05, 9.5289e+01, 5.5002e+00, 
 2DIAGNOSTIC,    11, -4.718688919519e-01, 5.858456645259e-05, 1.0260e+02, 7.3151e+00, 
 2DIAGNOSTIC,    12, -4.718749298729e-01, 4.385958049664e-05, 1.0754e+02, 4.9376e+00, 
 2DIAGNOSTIC,    13, -4.718932482314e-01, 3.283158132818e-05, 1.1245e+02, 4.9102e+00, 
 2DIAGNOSTIC,    14, -4.719013568806e-01, 2.487307678530e-05, 1.1736e+02, 4.9117e+00, 
 2DIAGNOSTIC,    15, -4.719084544844e-01, 2.027016495683e-05, 1.2586e+02, 8.4929e+00, 
 2DIAGNOSTIC,    16, -4.719086219369e-01, 1.623939229076e-05, 1.3078e+02, 4.9253e+00, 
 2DIAGNOSTIC,    17, -4.719089986503e-01, 1.205676001759e-05, 1.3573e+02, 4.9451e+00, 
 2DIAGNOSTIC,    18, -4.719091920233e-01, 8.751956594118e-06, 1.4127e+02, 5.5449e+00, 
 2DIAGNOSTIC,    19, -4.719092092472e-01, 5.914592228685e-06, 1.5697e+02, 1.5700e+01, 
 2DIAGNOSTIC,    20, -4.719092092465e-01, 4.152912350577e-06, 1.7027e+02, 1.3302e+01, 
 2DIAGNOSTIC,    21, -4.719092092465e-01, 3.068400945938e-06, 1.7581e+02, 5.5386e+00, 
 2DIAGNOSTIC,    22, -4.719092092465e-01, 2.094083199899e-06, 1.8136e+02, 5.5447e+00, 
 2DIAGNOSTIC,    23, -4.719092092465e-01, 1.619797391793e-06, 1.8748e+02, 6.1231e+00, 
 2DIAGNOSTIC,    24, -4.719092092465e-01, 1.361487025675e-06, 1.9301e+02, 5.5275e+00, 
 2DIAGNOSTIC,    25, -4.719092092465e-01, 1.291584063853e-06, 1.9971e+02, 6.7003e+00, 
 2DIAGNOSTIC,    26, -4.719092092465e-01, 1.228974127292e-06, 2.0523e+02, 5.5260e+00, 
 2DIAGNOSTIC,    27, -4.719092092465e-01, 1.178796284106e-06, 2.1079e+02, 5.5514e+00, 
 2DIAGNOSTIC,    28, -4.719092092465e-01, 1.136316685475e-06, 2.1629e+02, 5.5010e+00, 
 2DIAGNOSTIC,    29, -4.719092092465e-01, 1.097125105536e-06, 2.2155e+02, 5.2624e+00, 
 2DIAGNOSTIC,    30, -4.719092092465e-01, 1.060546816985e-06, 2.2659e+02, 5.0441e+00, 
 2DIAGNOSTIC,    31, -4.719092092465e-01, 1.026328883436e-06, 2.3165e+02, 5.0605e+00, 
  Elapsed time (stage 0): 2.3462e+02


Total elapsed time: 2.3462e+02
-i /mnt/lustre/mathdugre/fast-interpolate/datasets/ds004513/derivatives/flint/ants/flint-vprec-single-five-levels/sub-s037/ses-open/anat/0/1_Rigid.nii.gz -o /mnt/lustre/mathdugre/fast-interpolate/datasets/ds004513/derivatives/flint/ants/flint-vprec-single-five-levels/sub-s037/ses-open/anat/00/1_transformed.nii.gz -t /mnt/lustre/mathdugre/fast-interpolate/datasets/ds004513/derivatives/flint/ants/flint-vprec-single-five-levels/sub-s037/ses-open/anat/00/1_0GenericAffine.mat
