---------------------
Experiment information

SIF_IMG: /mnt/lustre/mathdugre/containers/ants-flint-vprec.simg
SIF_IMG_BASE: /mnt/lustre/mathdugre/containers/ants-flint-base.simg
EXPERIMENT_NAME: flint-vprec-single
STAGE: syn
SUBJECT_ID: s034
REPETITION_ID: 1

FIXED_IMG: /templateflow/tpl-MNI152NLin2009cAsym/tpl-MNI152NLin2009cAsym_res-01_desc-brain_T1w.nii.gz
INPUT_IMG: /mnt/lustre/mathdugre/fast-interpolate/datasets/ds004513/derivatives/flint/ants/flint-vprec-single/sub-s034/ses-open/anat/00/1_Affine.nii.gz

DATA_DIR: /mnt/lustre/mathdugre/fast-interpolate/datasets/ds004513
OUTPUT_DIR: /mnt/lustre/mathdugre/fast-interpolate/datasets/ds004513/derivatives/flint/ants/flint-vprec-single/sub-s034/ses-open/anat
OUTPUT_PREFIX: 001
THREAD: 1
FLOAT: 0
VFC_BACKENDS: libinterflop_vprec.so --precision-binary32=23 --range-binary32=8 --precision-binary64=23 --range-binary64=8
---------------------

--output [/mnt/lustre/mathdugre/fast-interpolate/datasets/ds004513/derivatives/flint/ants/flint-vprec-single/sub-s034/ses-open/anat/001/1_,/mnt/lustre/mathdugre/fast-interpolate/datasets/ds004513/derivatives/flint/ants/flint-vprec-single/sub-s034/ses-open/anat/001/1_Warped.nii.gz,/mnt/lustre/mathdugre/fast-interpolate/datasets/ds004513/derivatives/flint/ants/flint-vprec-single/sub-s034/ses-open/anat/001/1_InverseSyN.nii.gz] --initial-moving-transform [/templateflow/tpl-MNI152NLin2009cAsym/tpl-MNI152NLin2009cAsym_res-01_desc-brain_T1w.nii.gz,/mnt/lustre/mathdugre/fast-interpolate/datasets/ds004513/derivatives/flint/ants/flint-vprec-single/sub-s034/ses-open/anat/00/1_Affine.nii.gz,1] --transform SyN[ 0.1,3,0 ] --metric CC[/templateflow/tpl-MNI152NLin2009cAsym/tpl-MNI152NLin2009cAsym_res-01_desc-brain_T1w.nii.gz,/mnt/lustre/mathdugre/fast-interpolate/datasets/ds004513/derivatives/flint/ants/flint-vprec-single/sub-s034/ses-open/anat/00/1_Affine.nii.gz,1,4] --convergence [100x70x50x20,1e-6,10] --shrink-factors 8x4x2x1 --smoothing-sigmas 3x2x1x0vox
All_Command_lines_OK
Using double precision for computations.
=============================================================================
The composite transform comprises the following transforms (in order): 
  1. Center of mass alignment using fixed image: /templateflow/tpl-MNI152NLin2009cAsym/tpl-MNI152NLin2009cAsym_res-01_desc-brain_T1w.nii.gz and moving image: /mnt/lustre/mathdugre/fast-interpolate/datasets/ds004513/derivatives/flint/ants/flint-vprec-single/sub-s034/ses-open/anat/00/1_Affine.nii.gz (type = Euler3DTransform)
=============================================================================
  number of levels = 4
  fixed image: /templateflow/tpl-MNI152NLin2009cAsym/tpl-MNI152NLin2009cAsym_res-01_desc-brain_T1w.nii.gz
  moving image: /mnt/lustre/mathdugre/fast-interpolate/datasets/ds004513/derivatives/flint/ants/flint-vprec-single/sub-s034/ses-open/anat/00/1_Affine.nii.gz
Dimension = 3
Number of stages = 1
Use histogram matching = false
Winsorize image intensities = true
  Lower quantile = 0.005
  Upper quantile = 0.995


Stage 1 State
   Image metric = CC
     Fixed image = Image (0x48b3b50)
  RTTI typeinfo:   itk::Image<double, 3u>
  Reference Count: 2
  Modified Time: 1622
  Debug: Off
  Object Name: 
  Observers: 
    none
  Source: (none)
  Source output name: (none)
  Release Data: Off
  Data Released: False
  Global Release Data: Off
  PipelineMTime: 0
  UpdateMTime: 1407
  RealTimeStamp: 0 seconds 
  LargestPossibleRegion: 
    Dimension: 3
    Index: [0, 0, 0]
    Size: [193, 229, 193]
  BufferedRegion: 
    Dimension: 3
    Index: [0, 0, 0]
    Size: [193, 229, 193]
  RequestedRegion: 
    Dimension: 3
    Index: [0, 0, 0]
    Size: [193, 229, 193]
  Spacing: [1, 1, 1]
  Origin: [96, 132, -78]
  Direction: 
-1 0 0
0 -1 0
0 0 1

  IndexToPointMatrix: 
-1 0 0
0 -1 0
0 0 1

  PointToIndexMatrix: 
-1 0 0
0 -1 0
0 0 1

  Inverse Direction: 
-1 0 0
0 -1 0
0 0 1

  PixelContainer: 
    ImportImageContainer (0x492c6d0)
      RTTI typeinfo:   itk::ImportImageContainer<unsigned long, double>
      Reference Count: 1
      Modified Time: 1404
      Debug: Off
      Object Name: 
      Observers: 
        none
      Pointer: 0x7f4abaf06010
      Container manages memory: true
      Size: 8530021
      Capacity: 8530021

     Moving image = Image (0x48bfd60)
  RTTI typeinfo:   itk::Image<double, 3u>
  Reference Count: 2
  Modified Time: 1623
  Debug: Off
  Object Name: 
  Observers: 
    none
  Source: (none)
  Source output name: (none)
  Release Data: Off
  Data Released: False
  Global Release Data: Off
  PipelineMTime: 0
  UpdateMTime: 1620
  RealTimeStamp: 0 seconds 
  LargestPossibleRegion: 
    Dimension: 3
    Index: [0, 0, 0]
    Size: [193, 229, 193]
  BufferedRegion: 
    Dimension: 3
    Index: [0, 0, 0]
    Size: [193, 229, 193]
  RequestedRegion: 
    Dimension: 3
    Index: [0, 0, 0]
    Size: [193, 229, 193]
  Spacing: [1, 1, 1]
  Origin: [96, 132, -78]
  Direction: 
-1 0 0
0 -1 0
0 0 1

  IndexToPointMatrix: 
-1 0 0
0 -1 0
0 0 1

  PointToIndexMatrix: 
-1 0 0
0 -1 0
0 0 1

  Inverse Direction: 
-1 0 0
0 -1 0
0 0 1

  PixelContainer: 
    ImportImageContainer (0x498c7d0)
      RTTI typeinfo:   itk::ImportImageContainer<unsigned long, double>
      Reference Count: 1
      Modified Time: 1617
      Debug: Off
      Object Name: 
      Observers: 
        none
      Pointer: 0x7f4ab6df1010
      Container manages memory: true
      Size: 8530021
      Capacity: 8530021

     Weighting = 1
     Sampling strategy = none
     Number of bins = 32
     Radius = 4
     Sampling percentage  = 1
   Transform = SyN
     Gradient step = 0.1
     Update field sigma (voxel space) = 3
     Total field sigma (voxel space) = 0
     Update field time sigma = 0
     Total field time sigma  = 0
     Number of time indices = 0
     Number of time point samples = 0
Registration using 1 total stages.

Stage 0
  iterations = 100x70x50x20
  convergence threshold = 1e-06
  convergence window size = 10
  number of levels = 4
  using the CC metric (radius = 4, weight = 1, use gradient filter = 0)
  preprocessing:  winsorizing the image intensities
  Shrink factors (level 1 out of 4): [8, 8, 8]
  Shrink factors (level 2 out of 4): [4, 4, 4]
  Shrink factors (level 3 out of 4): [2, 2, 2]
  Shrink factors (level 4 out of 4): [1, 1, 1]
  smoothing sigmas per level: [3, 2, 1, 0]
  Using default NONE metricSamplingStrategy 

*** Running SyN registration (varianceForUpdateField = 3, varianceForTotalField = 0) ***

XXDIAGNOSTIC,Iteration,metricValue,convergenceValue,ITERATION_TIME_INDEX,SINCE_LAST
 1DIAGNOSTIC,     1, -9.438828229904e-01, 1.797693134862e+308, 0.0000e+00, 0.0000e+00, 
 1DIAGNOSTIC,     2, -9.496017694473e-01, 1.797693134862e+308, 0.0000e+00, 0.0000e+00, 
 1DIAGNOSTIC,     3, -9.546648263931e-01, 1.797693134862e+308, 0.0000e+00, 0.0000e+00, 
 1DIAGNOSTIC,     4, -9.583258628845e-01, 1.797693134862e+308, 1.2800e+02, 1.2800e+02, 
 1DIAGNOSTIC,     5, -9.610219001770e-01, 1.797693134862e+308, 1.2800e+02, 0.0000e+00, 
 1DIAGNOSTIC,     6, -9.634156823158e-01, 1.797693134862e+308, 1.2800e+02, 0.0000e+00, 
 1DIAGNOSTIC,     7, -9.659011363983e-01, 1.797693134862e+308, 1.2800e+02, 0.0000e+00, 
 1DIAGNOSTIC,     8, -9.682922363281e-01, 1.797693134862e+308, 1.2800e+02, 0.0000e+00, 
 1DIAGNOSTIC,     9, -9.703781008720e-01, 1.797693134862e+308, 1.2800e+02, 0.0000e+00, 
 1DIAGNOSTIC,    10, -9.721167087555e-01, 1.774676144123e-03, 1.2800e+02, 0.0000e+00, 
 1DIAGNOSTIC,    11, -9.732310771942e-01, 1.376613974571e-03, 2.5600e+02, 1.2800e+02, 
 1DIAGNOSTIC,    12, -9.733431339264e-01, 1.063711941242e-03, 2.5600e+02, 0.0000e+00, 
 1DIAGNOSTIC,    13, -9.740638732910e-01, 8.336603641510e-04, 2.5600e+02, 0.0000e+00, 
 1DIAGNOSTIC,    14, -9.744952321053e-01, 6.462335586548e-04, 2.5600e+02, 0.0000e+00, 
 1DIAGNOSTIC,    15, -9.745789170265e-01, 4.790201783180e-04, 2.5600e+02, 0.0000e+00, 
 1DIAGNOSTIC,    16, -9.747011661530e-01, 3.351047635078e-04, 2.5600e+02, 0.0000e+00, 
 1DIAGNOSTIC,    17, -9.749069809914e-01, 2.238452434540e-04, 2.5600e+02, 0.0000e+00, 
 1DIAGNOSTIC,    18, -9.748969674110e-01, 1.428313553333e-04, 2.5600e+02, 0.0000e+00, 
 1DIAGNOSTIC,    19, -9.752469062805e-01, 9.439885616302e-05, 3.8400e+02, 1.2800e+02, 
 1DIAGNOSTIC,    20, -9.751647710800e-01, 6.613507866859e-05, 3.8400e+02, 0.0000e+00, 
 1DIAGNOSTIC,    21, -9.755067825317e-01, 5.514919757843e-05, 3.8400e+02, 0.0000e+00, 
 1DIAGNOSTIC,    22, -9.754310846329e-01, 4.035979509354e-05, 3.8400e+02, 0.0000e+00, 
 1DIAGNOSTIC,    23, -9.756838083267e-01, 3.553554415703e-05, 3.8400e+02, 0.0000e+00, 
 1DIAGNOSTIC,    24, -9.755291938782e-01, 3.125146031380e-05, 3.8400e+02, 0.0000e+00, 
 1DIAGNOSTIC,    25, -9.757772684097e-01, 2.843141555786e-05, 3.8400e+02, 0.0000e+00, 
 1DIAGNOSTIC,    26, -9.756679534912e-01, 2.330169081688e-05, 5.1200e+02, 1.2800e+02, 
 1DIAGNOSTIC,    27, -9.758078455925e-01, 2.029910683632e-05, 5.1200e+02, 0.0000e+00, 
 1DIAGNOSTIC,    28, -9.757158160210e-01, 1.453235745430e-05, 5.1200e+02, 0.0000e+00, 
 1DIAGNOSTIC,    29, -9.759668111801e-01, 1.405552029610e-05, 5.1200e+02, 0.0000e+00, 
 1DIAGNOSTIC,    30, -9.757859706879e-01, 9.674578905106e-06, 5.1200e+02, 0.0000e+00, 
 1DIAGNOSTIC,    31, -9.759412407875e-01, 9.544193744659e-06, 5.1200e+02, 0.0000e+00, 
 1DIAGNOSTIC,    32, -9.757489562035e-01, 6.083399057388e-06, 5.1200e+02, 0.0000e+00, 
 1DIAGNOSTIC,    33, -9.759837388992e-01, 6.761401891708e-06, 5.1200e+02, 0.0000e+00, 
 1DIAGNOSTIC,    34, -9.758353829384e-01, 4.108995199203e-06, 6.4000e+02, 1.2800e+02, 
 1DIAGNOSTIC,    35, -9.759815931320e-01, 4.677101969719e-06, 6.4000e+02, 0.0000e+00, 
 1DIAGNOSTIC,    36, -9.757686853409e-01, 2.199783921242e-06, 6.4000e+02, 0.0000e+00, 
 1DIAGNOSTIC,    37, -9.759986996651e-01, 2.734363079071e-06, 6.4000e+02, 0.0000e+00, 
 1DIAGNOSTIC,    38, -9.758330583572e-01, 9.592622518539e-07, 6.4000e+02, 0.0000e+00, 
XXDIAGNOSTIC,Iteration,metricValue,convergenceValue,ITERATION_TIME_INDEX,SINCE_LAST
 1DIAGNOSTIC,     1, -9.242103099823e-01, 1.797693134862e+308, 8.9600e+02, 2.5600e+02, 
 1DIAGNOSTIC,     2, -9.268031120300e-01, 1.797693134862e+308, 1.0240e+03, 1.2800e+02, 
 1DIAGNOSTIC,     3, -9.301692247391e-01, 1.797693134862e+308, 1.1520e+03, 1.2800e+02, 
 1DIAGNOSTIC,     4, -9.331865310669e-01, 1.797693134862e+308, 1.2800e+03, 1.2800e+02, 
 1DIAGNOSTIC,     5, -9.358399510384e-01, 1.797693134862e+308, 1.4080e+03, 1.2800e+02, 
 1DIAGNOSTIC,     6, -9.380675554276e-01, 1.797693134862e+308, 1.6640e+03, 2.5600e+02, 
 1DIAGNOSTIC,     7, -9.399726390839e-01, 1.797693134862e+308, 1.7920e+03, 1.2800e+02, 
 1DIAGNOSTIC,     8, -9.414442777634e-01, 1.797693134862e+308, 1.9200e+03, 1.2800e+02, 
 1DIAGNOSTIC,     9, -9.427443742752e-01, 1.797693134862e+308, 2.0480e+03, 1.2800e+02, 
 1DIAGNOSTIC,    10, -9.437222480774e-01, 1.366816461086e-03, 2.1760e+03, 1.2800e+02, 
 1DIAGNOSTIC,    11, -9.446332454681e-01, 1.087568700314e-03, 2.3040e+03, 1.2800e+02, 
 1DIAGNOSTIC,    12, -9.451699256897e-01, 8.356571197510e-04, 2.5600e+03, 2.5600e+02, 
 1DIAGNOSTIC,    13, -9.457545280457e-01, 6.387233734131e-04, 2.6880e+03, 1.2800e+02, 
 1DIAGNOSTIC,    14, -9.461575746536e-01, 4.853978753090e-04, 2.8160e+03, 1.2800e+02, 
 1DIAGNOSTIC,    15, -9.465204477310e-01, 3.686919808388e-04, 2.9440e+03, 1.2800e+02, 
 1DIAGNOSTIC,    16, -9.468531608582e-01, 2.808645367622e-04, 3.0720e+03, 1.2800e+02, 
 1DIAGNOSTIC,    17, -9.471567869186e-01, 2.166666090488e-04, 3.2000e+03, 1.2800e+02, 
 1DIAGNOSTIC,    18, -9.474382996559e-01, 1.688525080681e-04, 3.4560e+03, 2.5600e+02, 
 1DIAGNOSTIC,    19, -9.476885199547e-01, 1.350194215775e-04, 3.5840e+03, 1.2800e+02, 
 1DIAGNOSTIC,    20, -9.479176998138e-01, 1.101493835449e-04, 3.7120e+03, 1.2800e+02, 
 1DIAGNOSTIC,    21, -9.481309652328e-01, 9.359419345856e-05, 3.8400e+03, 1.2800e+02, 
 1DIAGNOSTIC,    22, -9.483294487000e-01, 7.987767457962e-05, 3.9680e+03, 1.2800e+02, 
 1DIAGNOSTIC,    23, -9.485186934471e-01, 7.006525993347e-05, 4.2240e+03, 2.5600e+02, 
 1DIAGNOSTIC,    24, -9.486929774284e-01, 6.180629134178e-05, 4.3520e+03, 1.2800e+02, 
 1DIAGNOSTIC,    25, -9.488515853882e-01, 5.475059151649e-05, 4.4800e+03, 1.2800e+02, 
 1DIAGNOSTIC,    26, -9.490000605583e-01, 4.873424768448e-05, 4.6080e+03, 1.2800e+02, 
 1DIAGNOSTIC,    27, -9.491398930550e-01, 4.355609416962e-05, 4.7360e+03, 1.2800e+02, 
 1DIAGNOSTIC,    28, -9.492710828781e-01, 3.915652632713e-05, 4.8640e+03, 1.2800e+02, 
 1DIAGNOSTIC,    29, -9.493979215622e-01, 3.534182906151e-05, 5.1200e+03, 2.5600e+02, 
 1DIAGNOSTIC,    30, -9.495184421539e-01, 3.201514482498e-05, 5.2480e+03, 1.2800e+02, 
 1DIAGNOSTIC,    31, -9.496314525604e-01, 2.909451723099e-05, 5.3760e+03, 1.2800e+02, 
 1DIAGNOSTIC,    32, -9.497377872467e-01, 2.653524279594e-05, 5.5040e+03, 1.2800e+02, 
 1DIAGNOSTIC,    33, -9.498400688171e-01, 2.434477210045e-05, 5.6320e+03, 1.2800e+02, 
 1DIAGNOSTIC,    34, -9.499366283417e-01, 2.241879701614e-05, 5.8880e+03, 2.5600e+02, 
 1DIAGNOSTIC,    35, -9.500319957733e-01, 2.072751522064e-05, 6.0160e+03, 1.2800e+02, 
 1DIAGNOSTIC,    36, -9.501186609268e-01, 1.918524503708e-05, 6.1440e+03, 1.2800e+02, 
 1DIAGNOSTIC,    37, -9.502049684525e-01, 1.780316233635e-05, 6.2720e+03, 1.2800e+02, 
 1DIAGNOSTIC,    38, -9.502905607224e-01, 1.657009124756e-05, 6.4000e+03, 1.2800e+02, 
 1DIAGNOSTIC,    39, -9.503678083420e-01, 1.546181738377e-05, 6.5280e+03, 1.2800e+02, 
 1DIAGNOSTIC,    40, -9.504460692406e-01, 1.448579132557e-05, 6.7840e+03, 2.5600e+02, 
 1DIAGNOSTIC,    41, -9.505153298378e-01, 1.357495784760e-05, 6.9120e+03, 1.2800e+02, 
 1DIAGNOSTIC,    42, -9.505827426910e-01, 1.270696520805e-05, 7.0400e+03, 1.2800e+02, 
 1DIAGNOSTIC,    43, -9.506434202194e-01, 1.187250018120e-05, 7.1680e+03, 1.2800e+02, 
 1DIAGNOSTIC,    44, -9.507029056549e-01, 1.105479896069e-05, 7.2960e+03, 1.2800e+02, 
 1DIAGNOSTIC,    45, -9.507551193237e-01, 1.026503741741e-05, 7.5520e+03, 2.5600e+02, 
 1DIAGNOSTIC,    46, -9.508056044579e-01, 9.482726454735e-06, 7.6800e+03, 1.2800e+02, 
 1DIAGNOSTIC,    47, -9.508503675461e-01, 8.711591362953e-06, 7.8080e+03, 1.2800e+02, 
 1DIAGNOSTIC,    48, -9.508932828903e-01, 8.005648851395e-06, 7.9360e+03, 1.2800e+02, 
 1DIAGNOSTIC,    49, -9.509330391884e-01, 7.329508662224e-06, 8.0640e+03, 1.2800e+02, 
 1DIAGNOSTIC,    50, -9.509713649750e-01, 6.733462214470e-06, 8.3200e+03, 2.5600e+02, 
 1DIAGNOSTIC,    51, -9.510056972504e-01, 6.182119250298e-06, 8.4480e+03, 1.2800e+02, 
 1DIAGNOSTIC,    52, -9.510331153870e-01, 5.653128027916e-06, 8.5760e+03, 1.2800e+02, 
 1DIAGNOSTIC,    53, -9.510611891747e-01, 5.159527063370e-06, 8.7040e+03, 1.2800e+02, 
 1DIAGNOSTIC,    54, -9.510864019394e-01, 4.716217517853e-06, 8.8320e+03, 1.2800e+02, 
 1DIAGNOSTIC,    55, -9.511147141457e-01, 4.323199391365e-06, 8.9600e+03, 1.2800e+02, 
 1DIAGNOSTIC,    56, -9.511361122131e-01, 3.967434167862e-06, 9.2160e+03, 2.5600e+02, 
 1DIAGNOSTIC,    57, -9.511555433273e-01, 3.632158041000e-06, 9.3440e+03, 1.2800e+02, 
 1DIAGNOSTIC,    58, -9.511736631393e-01, 3.319233655930e-06, 9.4720e+03, 1.2800e+02, 
 1DIAGNOSTIC,    59, -9.511915445328e-01, 3.049150109291e-06, 9.6000e+03, 1.2800e+02, 
 1DIAGNOSTIC,    60, -9.512068629265e-01, 2.805143594742e-06, 9.7280e+03, 1.2800e+02, 
 1DIAGNOSTIC,    61, -9.512225389481e-01, 2.596527338028e-06, 9.9840e+03, 2.5600e+02, 
 1DIAGNOSTIC,    62, -9.512369632721e-01, 2.391636371613e-06, 1.0112e+04, 1.2800e+02, 
 1DIAGNOSTIC,    63, -9.512436389923e-01, 2.184882760048e-06, 1.0240e+04, 1.2800e+02, 
 1DIAGNOSTIC,    64, -9.512567520142e-01, 1.991167664528e-06, 1.0368e+04, 1.2800e+02, 
 1DIAGNOSTIC,    65, -9.512642621994e-01, 1.825392246246e-06, 1.0496e+04, 1.2800e+02, 
 1DIAGNOSTIC,    66, -9.512740373611e-01, 1.678243279457e-06, 1.0624e+04, 1.2800e+02, 
 1DIAGNOSTIC,    67, -9.512822628021e-01, 1.542270183563e-06, 1.0880e+04, 2.5600e+02, 
 1DIAGNOSTIC,    68, -9.512888193130e-01, 1.415610313416e-06, 1.1008e+04, 1.2800e+02, 
 1DIAGNOSTIC,    69, -9.512966871262e-01, 1.310370862484e-06, 1.1136e+04, 1.2800e+02, 
 1DIAGNOSTIC,    70, -9.513007998466e-01, 1.209788024426e-06, 1.1264e+04, 1.2800e+02, 
XXDIAGNOSTIC,Iteration,metricValue,convergenceValue,ITERATION_TIME_INDEX,SINCE_LAST
 1DIAGNOSTIC,     1, -9.015787839890e-01, 1.797693134862e+308, 1.2544e+04, 1.2800e+03, 
 1DIAGNOSTIC,     2, -9.036859273911e-01, 1.797693134862e+308, 1.3824e+04, 1.2800e+03, 
 1DIAGNOSTIC,     3, -9.062014818192e-01, 1.797693134862e+308, 1.5104e+04, 1.2800e+03, 
 1DIAGNOSTIC,     4, -9.088657498360e-01, 1.797693134862e+308, 1.6384e+04, 1.2800e+03, 
 1DIAGNOSTIC,     5, -9.109495282173e-01, 1.797693134862e+308, 1.7536e+04, 1.1520e+03, 
 1DIAGNOSTIC,     6, -9.128440618515e-01, 1.797693134862e+308, 1.8816e+04, 1.2800e+03, 
 1DIAGNOSTIC,     7, -9.145697355270e-01, 1.797693134862e+308, 2.0096e+04, 1.2800e+03, 
 1DIAGNOSTIC,     8, -9.161682128906e-01, 1.797693134862e+308, 2.1376e+04, 1.2800e+03, 
 1DIAGNOSTIC,     9, -9.176673889160e-01, 1.797693134862e+308, 2.2528e+04, 1.1520e+03, 
 1DIAGNOSTIC,    10, -9.190725684166e-01, 1.240931451321e-03, 2.3808e+04, 1.2800e+03, 
 1DIAGNOSTIC,    11, -9.203948974609e-01, 1.046985387802e-03, 2.5088e+04, 1.2800e+03, 
 1DIAGNOSTIC,    12, -9.216333627701e-01, 8.776560425758e-04, 2.6368e+04, 1.2800e+03, 
 1DIAGNOSTIC,    13, -9.226135015488e-01, 7.379204034805e-04, 2.7520e+04, 1.1520e+03, 
 1DIAGNOSTIC,    14, -9.233548045158e-01, 6.263405084610e-04, 2.8800e+04, 1.2800e+03, 
 1DIAGNOSTIC,    15, -9.241560697556e-01, 5.319193005562e-04, 3.0080e+04, 1.2800e+03, 
 1DIAGNOSTIC,    16, -9.247548580170e-01, 4.485249519348e-04, 3.1360e+04, 1.2800e+03, 
 1DIAGNOSTIC,    17, -9.253152608871e-01, 3.751143813133e-04, 3.2640e+04, 1.2800e+03, 
 1DIAGNOSTIC,    18, -9.258453249931e-01, 3.117062151432e-04, 3.3792e+04, 1.1520e+03, 
 1DIAGNOSTIC,    19, -9.263333082199e-01, 2.583861351013e-04, 3.5072e+04, 1.2800e+03, 
 1DIAGNOSTIC,    20, -9.267870187759e-01, 2.150163054466e-04, 3.6352e+04, 1.2800e+03, 
 1DIAGNOSTIC,    21, -9.272197484970e-01, 1.814439892769e-04, 3.7632e+04, 1.2800e+03, 
 1DIAGNOSTIC,    22, -9.276294708252e-01, 1.570656895638e-04, 3.8912e+04, 1.2800e+03, 
 1DIAGNOSTIC,    23, -9.280174970627e-01, 1.384913921356e-04, 4.0192e+04, 1.2800e+03, 
 1DIAGNOSTIC,    24, -9.283827543259e-01, 1.226514577866e-04, 4.1344e+04, 1.1520e+03, 
 1DIAGNOSTIC,    25, -9.287198781967e-01, 1.106411218643e-04, 4.2624e+04, 1.2800e+03, 
 1DIAGNOSTIC,    26, -9.289969205856e-01, 9.953230619431e-05, 4.3904e+04, 1.2800e+03, 
 1DIAGNOSTIC,    27, -9.292241334915e-01, 8.890777826309e-05, 4.5184e+04, 1.2800e+03, 
 1DIAGNOSTIC,    28, -9.294186830521e-01, 7.865950465202e-05, 4.6464e+04, 1.2800e+03, 
 1DIAGNOSTIC,    29, -9.295850992203e-01, 6.869062781334e-05, 4.7616e+04, 1.1520e+03, 
 1DIAGNOSTIC,    30, -9.297447204590e-01, 5.922093987465e-05, 4.8896e+04, 1.2800e+03, 
 1DIAGNOSTIC,    31, -9.298987388611e-01, 5.063414573669e-05, 5.0176e+04, 1.2800e+03, 
 1DIAGNOSTIC,    32, -9.300522804260e-01, 4.325434565544e-05, 5.1456e+04, 1.2800e+03, 
 1DIAGNOSTIC,    33, -9.302191138268e-01, 3.743544220924e-05, 5.2736e+04, 1.2800e+03, 
 1DIAGNOSTIC,    34, -9.303893446922e-01, 3.328919410706e-05, 5.3888e+04, 1.1520e+03, 
 1DIAGNOSTIC,    35, -9.305835962296e-01, 3.093108534813e-05, 5.5168e+04, 1.2800e+03, 
 1DIAGNOSTIC,    36, -9.307926893234e-01, 2.995692193508e-05, 5.6448e+04, 1.2800e+03, 
 1DIAGNOSTIC,    37, -9.310050010681e-01, 2.988055348396e-05, 5.7728e+04, 1.2800e+03, 
 1DIAGNOSTIC,    38, -9.312140941620e-01, 3.028102219105e-05, 5.9008e+04, 1.2800e+03, 
 1DIAGNOSTIC,    39, -9.314233660698e-01, 3.078207373619e-05, 6.0160e+04, 1.1520e+03, 
 1DIAGNOSTIC,    40, -9.316381216049e-01, 3.124773502350e-05, 6.1440e+04, 1.2800e+03, 
 1DIAGNOSTIC,    41, -9.318444728851e-01, 3.144890069962e-05, 6.2720e+04, 1.2800e+03, 
 1DIAGNOSTIC,    42, -9.320363998413e-01, 3.120675683022e-05, 6.4000e+04, 1.2800e+03, 
 1DIAGNOSTIC,    43, -9.322111606598e-01, 3.049336373806e-05, 6.5280e+04, 1.2800e+03, 
 1DIAGNOSTIC,    44, -9.323787689209e-01, 2.929382026196e-05, 6.6560e+04, 1.2800e+03, 
 1DIAGNOSTIC,    45, -9.325292110443e-01, 2.774037420750e-05, 6.7712e+04, 1.1520e+03, 
 1DIAGNOSTIC,    46, -9.326735734940e-01, 2.600252628326e-05, 6.8992e+04, 1.2800e+03, 
 1DIAGNOSTIC,    47, -9.328027963638e-01, 2.412125468254e-05, 7.0272e+04, 1.2800e+03, 
 1DIAGNOSTIC,    48, -9.329212307930e-01, 2.214312553406e-05, 7.1552e+04, 1.2800e+03, 
 1DIAGNOSTIC,    49, -9.330306053162e-01, 2.016127109528e-05, 7.2832e+04, 1.2800e+03, 
 1DIAGNOSTIC,    50, -9.331338405609e-01, 1.832097768784e-05, 7.3984e+04, 1.1520e+03, 
XXDIAGNOSTIC,Iteration,metricValue,convergenceValue,ITERATION_TIME_INDEX,SINCE_LAST
 1DIAGNOSTIC,     1, -9.021699428558e-01, 1.797693134862e+308, 8.4480e+04, 1.0496e+04, 
 1DIAGNOSTIC,     2, -9.036079645157e-01, 1.797693134862e+308, 9.4720e+04, 1.0240e+04, 
 1DIAGNOSTIC,     3, -9.055606126785e-01, 1.797693134862e+308, 1.0496e+05, 1.0240e+04, 
 1DIAGNOSTIC,     4, -9.077930450439e-01, 1.797693134862e+308, 1.1520e+05, 1.0240e+04, 
 1DIAGNOSTIC,     5, -9.099419713020e-01, 1.797693134862e+308, 1.2544e+05, 1.0240e+04, 
 1DIAGNOSTIC,     6, -9.120414257050e-01, 1.797693134862e+308, 1.3568e+05, 1.0240e+04, 
 1DIAGNOSTIC,     7, -9.137614369392e-01, 1.797693134862e+308, 1.4579e+05, 1.0112e+04, 
 1DIAGNOSTIC,     8, -9.152867794037e-01, 1.797693134862e+308, 1.5603e+05, 1.0240e+04, 
 1DIAGNOSTIC,     9, -9.166869521141e-01, 1.797693134862e+308, 1.6640e+05, 1.0368e+04, 
 1DIAGNOSTIC,    10, -9.179161787033e-01, 1.162342727184e-03, 1.7664e+05, 1.0240e+04, 
 1DIAGNOSTIC,    11, -9.187977313995e-01, 9.955018758774e-04, 1.8701e+05, 1.0368e+04, 
 1DIAGNOSTIC,    12, -9.198189973831e-01, 8.309334516525e-04, 1.9725e+05, 1.0240e+04, 
 1DIAGNOSTIC,    13, -9.205198287964e-01, 6.797015666962e-04, 2.0762e+05, 1.0368e+04, 
 1DIAGNOSTIC,    14, -9.211785793304e-01, 5.522146821022e-04, 2.1773e+05, 1.0112e+04, 
 1DIAGNOSTIC,    15, -9.217931032181e-01, 4.481971263885e-04, 2.2784e+05, 1.0112e+04, 
 1DIAGNOSTIC,    16, -9.223821759224e-01, 3.680586814880e-04, 2.3795e+05, 1.0112e+04, 
 1DIAGNOSTIC,    17, -9.229303598404e-01, 3.046654164791e-04, 2.4806e+05, 1.0112e+04, 
 1DIAGNOSTIC,    18, -9.234564304352e-01, 2.552978694439e-04, 2.5830e+05, 1.0240e+04, 
 1DIAGNOSTIC,    19, -9.239733815193e-01, 2.186372876167e-04, 2.6867e+05, 1.0368e+04, 
 1DIAGNOSTIC,    20, -9.244700670242e-01, 1.920498907566e-04, 2.7814e+05, 9.4720e+03, 
  Elapsed time (stage 0): 278272


Total elapsed time: 278272
-i /mnt/lustre/mathdugre/fast-interpolate/datasets/ds004513/derivatives/flint/ants/flint-vprec-single/sub-s034/ses-open/anat/00/1_Affine.nii.gz -o /mnt/lustre/mathdugre/fast-interpolate/datasets/ds004513/derivatives/flint/ants/flint-vprec-single/sub-s034/ses-open/anat/001/1_transformed.nii.gz -t /mnt/lustre/mathdugre/fast-interpolate/datasets/ds004513/derivatives/flint/ants/flint-vprec-single/sub-s034/ses-open/anat/001/1_1Warp.nii.gz -t /mnt/lustre/mathdugre/fast-interpolate/datasets/ds004513/derivatives/flint/ants/flint-vprec-single/sub-s034/ses-open/anat/001/1_0GenericAffine.mat
