---------------------
Experiment information

SIF_IMG: /mnt/lustre/mathdugre/containers/ants-flint-vprec.simg
SIF_IMG_BASE: /mnt/lustre/mathdugre/containers/ants-flint-base.simg
EXPERIMENT_NAME: flint-vprec-single-five-levels
STAGE: affine
SUBJECT_ID: s029
REPETITION_ID: 1

FIXED_IMG: /templateflow/tpl-MNI152NLin2009cAsym/tpl-MNI152NLin2009cAsym_res-01_desc-brain_T1w.nii.gz
INPUT_IMG: /mnt/lustre/mathdugre/fast-interpolate/datasets/ds004513/derivatives/flint/ants/flint-vprec-single-five-levels/sub-s029/ses-open/anat/1/1_Rigid.nii.gz

DATA_DIR: /mnt/lustre/mathdugre/fast-interpolate/datasets/ds004513
OUTPUT_DIR: /mnt/lustre/mathdugre/fast-interpolate/datasets/ds004513/derivatives/flint/ants/flint-vprec-single-five-levels/sub-s029/ses-open/anat
OUTPUT_PREFIX: 11
THREAD: 1
FLOAT: 0
VFC_BACKENDS: libinterflop_vprec.so --precision-binary32=23 --range-binary32=8 --precision-binary64=23 --range-binary64=8
---------------------

--output [/mnt/lustre/mathdugre/fast-interpolate/datasets/ds004513/derivatives/flint/ants/flint-vprec-single-five-levels/sub-s029/ses-open/anat/11/1_,/mnt/lustre/mathdugre/fast-interpolate/datasets/ds004513/derivatives/flint/ants/flint-vprec-single-five-levels/sub-s029/ses-open/anat/11/1_Affine.nii.gz,/mnt/lustre/mathdugre/fast-interpolate/datasets/ds004513/derivatives/flint/ants/flint-vprec-single-five-levels/sub-s029/ses-open/anat/11/1_InverseAffine.nii.gz] --initial-moving-transform [/templateflow/tpl-MNI152NLin2009cAsym/tpl-MNI152NLin2009cAsym_res-01_desc-brain_T1w.nii.gz,/mnt/lustre/mathdugre/fast-interpolate/datasets/ds004513/derivatives/flint/ants/flint-vprec-single-five-levels/sub-s029/ses-open/anat/1/1_Rigid.nii.gz,1] --transform Affine[0.1] --metric MI[/templateflow/tpl-MNI152NLin2009cAsym/tpl-MNI152NLin2009cAsym_res-01_desc-brain_T1w.nii.gz,/mnt/lustre/mathdugre/fast-interpolate/datasets/ds004513/derivatives/flint/ants/flint-vprec-single-five-levels/sub-s029/ses-open/anat/1/1_Rigid.nii.gz,1,32,Regular,0.25] --convergence [1000x1000x500x250x100,1e-6,10] --shrink-factors 16x8x4x2x1 --smoothing-sigmas 4x3x2x1x0vox
All_Command_lines_OK
Using double precision for computations.
=============================================================================
The composite transform comprises the following transforms (in order): 
  1. Center of mass alignment using fixed image: /templateflow/tpl-MNI152NLin2009cAsym/tpl-MNI152NLin2009cAsym_res-01_desc-brain_T1w.nii.gz and moving image: /mnt/lustre/mathdugre/fast-interpolate/datasets/ds004513/derivatives/flint/ants/flint-vprec-single-five-levels/sub-s029/ses-open/anat/1/1_Rigid.nii.gz (type = Euler3DTransform)
=============================================================================
  number of levels = 5
  fixed image: /templateflow/tpl-MNI152NLin2009cAsym/tpl-MNI152NLin2009cAsym_res-01_desc-brain_T1w.nii.gz
  moving image: /mnt/lustre/mathdugre/fast-interpolate/datasets/ds004513/derivatives/flint/ants/flint-vprec-single-five-levels/sub-s029/ses-open/anat/1/1_Rigid.nii.gz
Dimension = 3
Number of stages = 1
Use histogram matching = false
Winsorize image intensities = true
  Lower quantile = 0.005
  Upper quantile = 0.995


Stage 1 State
   Image metric = MattesMI
     Fixed image = Image (0x4159300)
  RTTI typeinfo:   itk::Image<double, 3u>
  Reference Count: 2
  Modified Time: 1622
  Debug: Off
  Object Name: 
  Observers: 
    none
  Source: (none)
  Source output name: (none)
  Release Data: Off
  Data Released: False
  Global Release Data: Off
  PipelineMTime: 0
  UpdateMTime: 1407
  RealTimeStamp: 0 seconds 
  LargestPossibleRegion: 
    Dimension: 3
    Index: [0, 0, 0]
    Size: [193, 229, 193]
  BufferedRegion: 
    Dimension: 3
    Index: [0, 0, 0]
    Size: [193, 229, 193]
  RequestedRegion: 
    Dimension: 3
    Index: [0, 0, 0]
    Size: [193, 229, 193]
  Spacing: [1, 1, 1]
  Origin: [96, 132, -78]
  Direction: 
-1 0 0
0 -1 0
0 0 1

  IndexToPointMatrix: 
-1 0 0
0 -1 0
0 0 1

  PointToIndexMatrix: 
-1 0 0
0 -1 0
0 0 1

  Inverse Direction: 
-1 0 0
0 -1 0
0 0 1

  PixelContainer: 
    ImportImageContainer (0x41d1a50)
      RTTI typeinfo:   itk::ImportImageContainer<unsigned long, double>
      Reference Count: 1
      Modified Time: 1404
      Debug: Off
      Object Name: 
      Observers: 
        none
      Pointer: 0x7f914b8f9010
      Container manages memory: true
      Size: 8530021
      Capacity: 8530021

     Moving image = Image (0x4159b00)
  RTTI typeinfo:   itk::Image<double, 3u>
  Reference Count: 2
  Modified Time: 1623
  Debug: Off
  Object Name: 
  Observers: 
    none
  Source: (none)
  Source output name: (none)
  Release Data: Off
  Data Released: False
  Global Release Data: Off
  PipelineMTime: 0
  UpdateMTime: 1620
  RealTimeStamp: 0 seconds 
  LargestPossibleRegion: 
    Dimension: 3
    Index: [0, 0, 0]
    Size: [193, 229, 193]
  BufferedRegion: 
    Dimension: 3
    Index: [0, 0, 0]
    Size: [193, 229, 193]
  RequestedRegion: 
    Dimension: 3
    Index: [0, 0, 0]
    Size: [193, 229, 193]
  Spacing: [1, 1, 1]
  Origin: [96, 132, -78]
  Direction: 
-1 0 0
0 -1 0
0 0 1

  IndexToPointMatrix: 
-1 0 0
0 -1 0
0 0 1

  PointToIndexMatrix: 
-1 0 0
0 -1 0
0 0 1

  Inverse Direction: 
-1 0 0
0 -1 0
0 0 1

  PixelContainer: 
    ImportImageContainer (0x4162810)
      RTTI typeinfo:   itk::ImportImageContainer<unsigned long, double>
      Reference Count: 1
      Modified Time: 1617
      Debug: Off
      Object Name: 
      Observers: 
        none
      Pointer: 0x7f91477e4010
      Container manages memory: true
      Size: 8530021
      Capacity: 8530021

     Weighting = 1
     Sampling strategy = regular
     Number of bins = 32
     Radius = 4
     Sampling percentage  = 0.25
   Transform = Affine
     Gradient step = 0.1
     Update field sigma (voxel space) = 0
     Total field sigma (voxel space) = 0
     Update field time sigma = 0
     Total field time sigma  = 0
     Number of time indices = 0
     Number of time point samples = 0
Registration using 1 total stages.

Stage 0
  iterations = 1000x1000x500x250x100
  convergence threshold = 1e-06
  convergence window size = 10
  number of levels = 5
  using the Mattes MI metric (number of bins = 32, weight = 1, use gradient filter = 0)
  preprocessing:  winsorizing the image intensities
  Shrink factors (level 1 out of 5): [16, 16, 16]
  Shrink factors (level 2 out of 5): [8, 8, 8]
  Shrink factors (level 3 out of 5): [4, 4, 4]
  Shrink factors (level 4 out of 5): [2, 2, 2]
  Shrink factors (level 5 out of 5): [1, 1, 1]
  smoothing sigmas per level: [4, 3, 2, 1, 0]
  regular sampling (percentage = 0.25)

*** Running AffineTransform registration ***

DIAGNOSTIC,Iteration,metricValue,convergenceValue,ITERATION_TIME_INDEX,SINCE_LAST
 2DIAGNOSTIC,     1, -7.006825804710e-01, 1.797693134862e+308, 0.0000e+00, 0.0000e+00, 
 2DIAGNOSTIC,     2, -7.029033899307e-01, 1.797693134862e+308, 0.0000e+00, 0.0000e+00, 
 2DIAGNOSTIC,     3, -7.059301137924e-01, 1.797693134862e+308, 0.0000e+00, 0.0000e+00, 
 2DIAGNOSTIC,     4, -7.081196308136e-01, 1.797693134862e+308, 0.0000e+00, 0.0000e+00, 
 2DIAGNOSTIC,     5, -7.142047882080e-01, 1.797693134862e+308, 0.0000e+00, 0.0000e+00, 
 2DIAGNOSTIC,     6, -7.321612238884e-01, 1.797693134862e+308, 0.0000e+00, 0.0000e+00, 
 2DIAGNOSTIC,     7, -7.448624372482e-01, 1.797693134862e+308, 0.0000e+00, 0.0000e+00, 
 2DIAGNOSTIC,     8, -7.970601916313e-01, 1.797693134862e+308, 0.0000e+00, 0.0000e+00, 
 2DIAGNOSTIC,     9, -8.750488162041e-01, 1.797693134862e+308, 0.0000e+00, 0.0000e+00, 
 2DIAGNOSTIC,    10, -9.091160297394e-01, 1.658824086189e-02, 0.0000e+00, 0.0000e+00, 
 2DIAGNOSTIC,    11, -9.297806024551e-01, 1.876259595156e-02, 0.0000e+00, 0.0000e+00, 
 2DIAGNOSTIC,    12, -9.335611462593e-01, 1.904710382223e-02, 0.0000e+00, 0.0000e+00, 
 2DIAGNOSTIC,    13, -9.374869465828e-01, 1.776251941919e-02, 0.0000e+00, 0.0000e+00, 
 2DIAGNOSTIC,    14, -9.549579620361e-01, 1.553831994534e-02, 0.0000e+00, 0.0000e+00, 
 2DIAGNOSTIC,    15, -9.711945056915e-01, 1.273715496063e-02, 0.0000e+00, 0.0000e+00, 
 2DIAGNOSTIC,    16, -9.797660708427e-01, 9.770207107067e-03, 0.0000e+00, 0.0000e+00, 
 2DIAGNOSTIC,    17, -9.813432693481e-01, 6.605699658394e-03, 0.0000e+00, 0.0000e+00, 
 2DIAGNOSTIC,    18, -9.842669367790e-01, 4.245206713676e-03, 0.0000e+00, 0.0000e+00, 
 2DIAGNOSTIC,    19, -9.861946105957e-01, 3.161620348692e-03, 0.0000e+00, 0.0000e+00, 
 2DIAGNOSTIC,    20, -9.890239238739e-01, 2.504695206881e-03, 0.0000e+00, 0.0000e+00, 
 2DIAGNOSTIC,    21, -9.931278824806e-01, 2.073314040899e-03, 0.0000e+00, 0.0000e+00, 
 2DIAGNOSTIC,    22, -9.945883154869e-01, 1.575257629156e-03, 0.0000e+00, 0.0000e+00, 
 2DIAGNOSTIC,    23, -9.968851208687e-01, 1.064747571945e-03, 0.0000e+00, 0.0000e+00, 
 2DIAGNOSTIC,    24, -9.992144703865e-01, 7.632300257683e-04, 0.0000e+00, 0.0000e+00, 
 2DIAGNOSTIC,    25, -9.995999336243e-01, 6.268844008446e-04, 0.0000e+00, 0.0000e+00, 
 2DIAGNOSTIC,    26, -1.002724051476e+00, 5.866736173630e-04, 0.0000e+00, 0.0000e+00, 
 2DIAGNOSTIC,    27, -1.004894256592e+00, 5.375444889069e-04, 0.0000e+00, 0.0000e+00, 
 2DIAGNOSTIC,    28, -1.006309986115e+00, 4.905238747597e-04, 0.0000e+00, 0.0000e+00, 
 2DIAGNOSTIC,    29, -1.010090112686e+00, 4.626139998436e-04, 0.0000e+00, 0.0000e+00, 
 2DIAGNOSTIC,    30, -1.011863350868e+00, 4.397667944431e-04, 0.0000e+00, 0.0000e+00, 
 2DIAGNOSTIC,    31, -1.013955831528e+00, 4.392378032207e-04, 0.0000e+00, 0.0000e+00, 
 2DIAGNOSTIC,    32, -1.020002126694e+00, 4.695393145084e-04, 0.0000e+00, 0.0000e+00, 
 2DIAGNOSTIC,    33, -1.020853161812e+00, 4.813633859158e-04, 0.0000e+00, 0.0000e+00, 
 2DIAGNOSTIC,    34, -1.022284507751e+00, 4.816800355911e-04, 0.0000e+00, 0.0000e+00, 
 2DIAGNOSTIC,    35, -1.023887991905e+00, 4.536919295788e-04, 0.0000e+00, 0.0000e+00, 
 2DIAGNOSTIC,    36, -1.024500131607e+00, 4.157572984695e-04, 0.0000e+00, 0.0000e+00, 
 2DIAGNOSTIC,    37, -1.024901509285e+00, 3.615114837885e-04, 0.0000e+00, 0.0000e+00, 
 2DIAGNOSTIC,    38, -1.025169014931e+00, 2.890639007092e-04, 0.0000e+00, 0.0000e+00, 
 2DIAGNOSTIC,    39, -1.025411009789e+00, 2.250205725431e-04, 0.0000e+00, 0.0000e+00, 
 2DIAGNOSTIC,    40, -1.025542020798e+00, 1.575537025928e-04, 0.0000e+00, 0.0000e+00, 
 2DIAGNOSTIC,    41, -1.025787115097e+00, 9.487569332123e-05, 0.0000e+00, 0.0000e+00, 
 2DIAGNOSTIC,    42, -1.026539802551e+00, 7.542036473751e-05, 0.0000e+00, 0.0000e+00, 
 2DIAGNOSTIC,    43, -1.026727676392e+00, 5.687586963177e-05, 0.0000e+00, 0.0000e+00, 
 2DIAGNOSTIC,    44, -1.026892423630e+00, 4.459731280804e-05, 0.0000e+00, 0.0000e+00, 
 2DIAGNOSTIC,    45, -1.027149915695e+00, 4.112161695957e-05, 0.0000e+00, 0.0000e+00, 
 2DIAGNOSTIC,    46, -1.027334928513e+00, 3.905035555363e-05, 0.0000e+00, 0.0000e+00, 
 2DIAGNOSTIC,    47, -1.027423620224e+00, 3.643333911896e-05, 0.0000e+00, 0.0000e+00, 
 2DIAGNOSTIC,    48, -1.027599453926e+00, 3.324821591377e-05, 0.0000e+00, 0.0000e+00, 
 2DIAGNOSTIC,    49, -1.027741670609e+00, 2.946518361568e-05, 0.0000e+00, 0.0000e+00, 
 2DIAGNOSTIC,    50, -1.027985453606e+00, 2.531707286835e-05, 0.0000e+00, 0.0000e+00, 
 2DIAGNOSTIC,    51, -1.028218030930e+00, 2.163089811802e-05, 0.0000e+00, 0.0000e+00, 
 2DIAGNOSTIC,    52, -1.028269171715e+00, 2.065487205982e-05, 0.0000e+00, 0.0000e+00, 
 2DIAGNOSTIC,    53, -1.028285026550e+00, 1.895986497402e-05, 0.0000e+00, 0.0000e+00, 
 2DIAGNOSTIC,    54, -1.028322219849e+00, 1.665577292442e-05, 0.0000e+00, 0.0000e+00, 
 2DIAGNOSTIC,    55, -1.028362751007e+00, 1.447647809982e-05, 0.0000e+00, 0.0000e+00, 
 2DIAGNOSTIC,    56, -1.028404712677e+00, 1.222454011440e-05, 0.0000e+00, 0.0000e+00, 
 2DIAGNOSTIC,    57, -1.028444290161e+00, 9.594485163689e-06, 0.0000e+00, 0.0000e+00, 
 2DIAGNOSTIC,    58, -1.028487324715e+00, 7.323920726776e-06, 0.0000e+00, 0.0000e+00, 
 2DIAGNOSTIC,    59, -1.028511285782e+00, 5.291774868965e-06, 0.0000e+00, 0.0000e+00, 
 2DIAGNOSTIC,    60, -1.028524518013e+00, 4.110857844353e-06, 0.0000e+00, 0.0000e+00, 
 2DIAGNOSTIC,    61, -1.028565645218e+00, 3.933906555176e-06, 0.0000e+00, 0.0000e+00, 
 2DIAGNOSTIC,    62, -1.028594493866e+00, 3.816559910774e-06, 0.0000e+00, 0.0000e+00, 
 2DIAGNOSTIC,    63, -1.028616666794e+00, 3.563240170479e-06, 0.0000e+00, 0.0000e+00, 
 2DIAGNOSTIC,    64, -1.028648257256e+00, 3.335997462273e-06, 0.0000e+00, 0.0000e+00, 
 2DIAGNOSTIC,    65, -1.028673768044e+00, 3.142282366753e-06, 0.0000e+00, 0.0000e+00, 
 2DIAGNOSTIC,    66, -1.028718352318e+00, 3.082677721977e-06, 0.0000e+00, 0.0000e+00, 
 2DIAGNOSTIC,    67, -1.028736352921e+00, 3.017485141754e-06, 0.0000e+00, 0.0000e+00, 
 2DIAGNOSTIC,    68, -1.028966903687e+00, 3.883615136147e-06, 0.0000e+00, 0.0000e+00, 
 2DIAGNOSTIC,    69, -1.028993010521e+00, 4.580244421959e-06, 0.0000e+00, 0.0000e+00, 
 2DIAGNOSTIC,    70, -1.029015302658e+00, 5.019828677177e-06, 0.0000e+00, 0.0000e+00, 
 2DIAGNOSTIC,    71, -1.029112339020e+00, 5.587935447693e-06, 0.0000e+00, 0.0000e+00, 
 2DIAGNOSTIC,    72, -1.029195547104e+00, 6.080605089664e-06, 0.0000e+00, 0.0000e+00, 
 2DIAGNOSTIC,    73, -1.029212832451e+00, 6.156973540783e-06, 0.0000e+00, 0.0000e+00, 
 2DIAGNOSTIC,    74, -1.029215216637e+00, 5.816109478474e-06, 0.0000e+00, 0.0000e+00, 
 2DIAGNOSTIC,    75, -1.029225468636e+00, 5.121342837811e-06, 0.0000e+00, 0.0000e+00, 
 2DIAGNOSTIC,    76, -1.029229640961e+00, 4.182569682598e-06, 0.0000e+00, 0.0000e+00, 
 2DIAGNOSTIC,    77, -1.029233336449e+00, 2.960674464703e-06, 0.0000e+00, 0.0000e+00, 
 2DIAGNOSTIC,    78, -1.029241800308e+00, 2.416782081127e-06, 0.0000e+00, 0.0000e+00, 
 2DIAGNOSTIC,    79, -1.029254555702e+00, 1.844018697739e-06, 0.0000e+00, 0.0000e+00, 
 2DIAGNOSTIC,    80, -1.029270768166e+00, 1.284293830395e-06, 0.0000e+00, 0.0000e+00, 
DIAGNOSTIC,Iteration,metricValue,convergenceValue,ITERATION_TIME_INDEX,SINCE_LAST
 2DIAGNOSTIC,     1, -8.087393045425e-01, 1.797693134862e+308, 1.2800e+02, 1.2800e+02, 
 2DIAGNOSTIC,     2, -8.113819956779e-01, 1.797693134862e+308, 1.2800e+02, 0.0000e+00, 
 2DIAGNOSTIC,     3, -8.151075243950e-01, 1.797693134862e+308, 1.2800e+02, 0.0000e+00, 
 2DIAGNOSTIC,     4, -8.211661577225e-01, 1.797693134862e+308, 1.2800e+02, 0.0000e+00, 
 2DIAGNOSTIC,     5, -8.289768695831e-01, 1.797693134862e+308, 1.2800e+02, 0.0000e+00, 
 2DIAGNOSTIC,     6, -8.362771868706e-01, 1.797693134862e+308, 1.2800e+02, 0.0000e+00, 
 2DIAGNOSTIC,     7, -8.412324190140e-01, 1.797693134862e+308, 1.2800e+02, 0.0000e+00, 
 2DIAGNOSTIC,     8, -8.428694605827e-01, 1.797693134862e+308, 1.2800e+02, 0.0000e+00, 
 2DIAGNOSTIC,     9, -8.432211875916e-01, 1.797693134862e+308, 1.2800e+02, 0.0000e+00, 
 2DIAGNOSTIC,    10, -8.436065912247e-01, 3.181941807270e-03, 1.2800e+02, 0.0000e+00, 
 2DIAGNOSTIC,    11, -8.437566757202e-01, 2.493433654308e-03, 1.2800e+02, 0.0000e+00, 
 2DIAGNOSTIC,    12, -8.440877199173e-01, 1.782447099686e-03, 1.2800e+02, 0.0000e+00, 
 2DIAGNOSTIC,    13, -8.443065285683e-01, 1.125134527683e-03, 1.2800e+02, 0.0000e+00, 
 2DIAGNOSTIC,    14, -8.447564244270e-01, 6.178990006447e-04, 1.2800e+02, 0.0000e+00, 
 2DIAGNOSTIC,    15, -8.448473811150e-01, 2.993643283844e-04, 1.2800e+02, 0.0000e+00, 
 2DIAGNOSTIC,    16, -8.448921442032e-01, 1.476705074310e-04, 1.2800e+02, 0.0000e+00, 
 2DIAGNOSTIC,    17, -8.449487686157e-01, 1.002028584480e-04, 1.2800e+02, 0.0000e+00, 
 2DIAGNOSTIC,    18, -8.449900150299e-01, 8.049234747887e-05, 1.2800e+02, 0.0000e+00, 
 2DIAGNOSTIC,    19, -8.450000286102e-01, 6.184354424477e-05, 1.2800e+02, 0.0000e+00, 
 2DIAGNOSTIC,    20, -8.450057506561e-01, 4.614144563675e-05, 1.2800e+02, 0.0000e+00, 
 2DIAGNOSTIC,    21, -8.450202345848e-01, 3.046169877052e-05, 1.2800e+02, 0.0000e+00, 
 2DIAGNOSTIC,    22, -8.450474143028e-01, 1.903995871544e-05, 1.2800e+02, 0.0000e+00, 
 2DIAGNOSTIC,    23, -8.450613617897e-01, 1.020357012749e-05, 1.2800e+02, 0.0000e+00, 
 2DIAGNOSTIC,    24, -8.450763821602e-01, 7.845461368561e-06, 1.2800e+02, 0.0000e+00, 
 2DIAGNOSTIC,    25, -8.451048731804e-01, 6.686896085739e-06, 1.2800e+02, 0.0000e+00, 
 2DIAGNOSTIC,    26, -8.451126813889e-01, 5.774199962616e-06, 1.2800e+02, 0.0000e+00, 
 2DIAGNOSTIC,    27, -8.451387882233e-01, 5.520880222321e-06, 1.2800e+02, 0.0000e+00, 
 2DIAGNOSTIC,    28, -8.451688289642e-01, 5.733221769333e-06, 1.2800e+02, 0.0000e+00, 
 2DIAGNOSTIC,    29, -8.451727628708e-01, 5.651265382767e-06, 1.2800e+02, 0.0000e+00, 
 2DIAGNOSTIC,    30, -8.451789021492e-01, 5.286186933517e-06, 1.2800e+02, 0.0000e+00, 
 2DIAGNOSTIC,    31, -8.451852798462e-01, 4.772096872330e-06, 1.2800e+02, 0.0000e+00, 
 2DIAGNOSTIC,    32, -8.451932668686e-01, 4.295259714127e-06, 1.2800e+02, 0.0000e+00, 
 2DIAGNOSTIC,    33, -8.452038168907e-01, 3.788620233536e-06, 1.2800e+02, 0.0000e+00, 
 2DIAGNOSTIC,    34, -8.452217578888e-01, 3.363937139511e-06, 1.2800e+02, 0.0000e+00, 
 2DIAGNOSTIC,    35, -8.452854156494e-01, 3.624707460403e-06, 1.2800e+02, 0.0000e+00, 
 2DIAGNOSTIC,    36, -8.453078866005e-01, 3.878027200699e-06, 1.2800e+02, 0.0000e+00, 
 2DIAGNOSTIC,    37, -8.453090190887e-01, 4.079192876816e-06, 1.2800e+02, 0.0000e+00, 
 2DIAGNOSTIC,    38, -8.453132510185e-01, 4.274770617485e-06, 1.2800e+02, 0.0000e+00, 
 2DIAGNOSTIC,    39, -8.453134298325e-01, 4.168599843979e-06, 1.2800e+02, 0.0000e+00, 
 2DIAGNOSTIC,    40, -8.453145623207e-01, 3.801658749580e-06, 1.2800e+02, 0.0000e+00, 
 2DIAGNOSTIC,    41, -8.453168272972e-01, 3.237277269363e-06, 1.2800e+02, 0.0000e+00, 
 2DIAGNOSTIC,    42, -8.453194499016e-01, 2.548098564148e-06, 1.2800e+02, 0.0000e+00, 
 2DIAGNOSTIC,    43, -8.453233242035e-01, 1.844018697739e-06, 1.2800e+02, 0.0000e+00, 
 2DIAGNOSTIC,    44, -8.453250527382e-01, 1.199543476105e-06, 1.2800e+02, 0.0000e+00, 
 2DIAGNOSTIC,    45, -8.453251123428e-01, 1.022592186928e-06, 1.2800e+02, 0.0000e+00, 
DIAGNOSTIC,Iteration,metricValue,convergenceValue,ITERATION_TIME_INDEX,SINCE_LAST
 2DIAGNOSTIC,     1, -7.073165774345e-01, 1.797693134862e+308, 1.2800e+02, 0.0000e+00, 
 2DIAGNOSTIC,     2, -7.085025906563e-01, 1.797693134862e+308, 1.2800e+02, 0.0000e+00, 
 2DIAGNOSTIC,     3, -7.096441984177e-01, 1.797693134862e+308, 1.2800e+02, 0.0000e+00, 
 2DIAGNOSTIC,     4, -7.105652093887e-01, 1.797693134862e+308, 1.2800e+02, 0.0000e+00, 
 2DIAGNOSTIC,     5, -7.113971114159e-01, 1.797693134862e+308, 1.2800e+02, 0.0000e+00, 
 2DIAGNOSTIC,     6, -7.124950289726e-01, 1.797693134862e+308, 1.2800e+02, 0.0000e+00, 
 2DIAGNOSTIC,     7, -7.135146856308e-01, 1.797693134862e+308, 1.2800e+02, 0.0000e+00, 
 2DIAGNOSTIC,     8, -7.136613130569e-01, 1.797693134862e+308, 1.2800e+02, 0.0000e+00, 
 2DIAGNOSTIC,     9, -7.137070298195e-01, 1.797693134862e+308, 1.2800e+02, 0.0000e+00, 
 2DIAGNOSTIC,    10, -7.138665914536e-01, 6.213784217834e-04, 1.2800e+02, 0.0000e+00, 
 2DIAGNOSTIC,    11, -7.139317393303e-01, 4.584789276123e-04, 1.2800e+02, 0.0000e+00, 
 2DIAGNOSTIC,    12, -7.139497399330e-01, 3.210678696632e-04, 1.2800e+02, 0.0000e+00, 
 2DIAGNOSTIC,    13, -7.140091061592e-01, 2.129077911377e-04, 1.2800e+02, 0.0000e+00, 
 2DIAGNOSTIC,    14, -7.140459418297e-01, 1.285374164581e-04, 1.2800e+02, 0.0000e+00, 
 2DIAGNOSTIC,    15, -7.140647172928e-01, 6.601214408875e-05, 1.2800e+02, 0.0000e+00, 
 2DIAGNOSTIC,    16, -7.140800356865e-01, 3.255158662796e-05, 1.2800e+02, 0.0000e+00, 
 2DIAGNOSTIC,    17, -7.140977978706e-01, 2.450868487358e-05, 1.2800e+02, 0.0000e+00, 
 2DIAGNOSTIC,    18, -7.141121625900e-01, 1.885741949081e-05, 1.2800e+02, 0.0000e+00, 
 2DIAGNOSTIC,    19, -7.141198515892e-01, 1.323968172073e-05, 1.2800e+02, 0.0000e+00, 
 2DIAGNOSTIC,    20, -7.141230702400e-01, 1.034885644913e-05, 1.2800e+02, 0.0000e+00, 
 2DIAGNOSTIC,    21, -7.141261100769e-01, 8.217990398407e-06, 2.5600e+02, 1.2800e+02, 
 2DIAGNOSTIC,    22, -7.141269445419e-01, 5.979090929031e-06, 2.5600e+02, 0.0000e+00, 
 2DIAGNOSTIC,    23, -7.141294479370e-01, 4.556030035019e-06, 2.5600e+02, 0.0000e+00, 
 2DIAGNOSTIC,    24, -7.141320705414e-01, 3.624707460403e-06, 2.5600e+02, 0.0000e+00, 
 2DIAGNOSTIC,    25, -7.141349315643e-01, 2.883374691010e-06, 2.5600e+02, 0.0000e+00, 
 2DIAGNOSTIC,    26, -7.141368389130e-01, 2.305954694748e-06, 2.5600e+02, 0.0000e+00, 
 2DIAGNOSTIC,    27, -7.141401171684e-01, 1.981854438782e-06, 2.5600e+02, 0.0000e+00, 
 2DIAGNOSTIC,    28, -7.141406536102e-01, 1.814216375351e-06, 2.5600e+02, 0.0000e+00, 
 2DIAGNOSTIC,    29, -7.141402959824e-01, 1.687556505203e-06, 2.5600e+02, 0.0000e+00, 
 2DIAGNOSTIC,    30, -7.141404151917e-01, 1.568347215652e-06, 2.5600e+02, 0.0000e+00, 
 2DIAGNOSTIC,    31, -7.141404747963e-01, 1.437962055206e-06, 2.5600e+02, 0.0000e+00, 
 2DIAGNOSTIC,    32, -7.141407132149e-01, 1.300126314163e-06, 2.5600e+02, 0.0000e+00, 
 2DIAGNOSTIC,    33, -7.141414880753e-01, 1.169741153717e-06, 2.5600e+02, 0.0000e+00, 
 2DIAGNOSTIC,    34, -7.141454219818e-01, 1.113861799240e-06, 2.5600e+02, 0.0000e+00, 
 2DIAGNOSTIC,    35, -7.141467332840e-01, 1.082196831703e-06, 2.5600e+02, 0.0000e+00, 
 2DIAGNOSTIC,    36, -7.141472101212e-01, 1.065433025360e-06, 2.5600e+02, 0.0000e+00, 
 2DIAGNOSTIC,    37, -7.141475677490e-01, 1.074746251106e-06, 2.5600e+02, 0.0000e+00, 
 2DIAGNOSTIC,    38, -7.141473889351e-01, 1.059845089912e-06, 2.5600e+02, 0.0000e+00, 
 2DIAGNOSTIC,    39, -7.141472697258e-01, 1.022592186928e-06, 2.5600e+02, 0.0000e+00, 
DIAGNOSTIC,Iteration,metricValue,convergenceValue,ITERATION_TIME_INDEX,SINCE_LAST
 2DIAGNOSTIC,     1, -6.054548621178e-01, 1.797693134862e+308, 2.5600e+02, 0.0000e+00, 
 2DIAGNOSTIC,     2, -6.059012413025e-01, 1.797693134862e+308, 2.5600e+02, 0.0000e+00, 
 2DIAGNOSTIC,     3, -6.063039302826e-01, 1.797693134862e+308, 3.8400e+02, 1.2800e+02, 
 2DIAGNOSTIC,     4, -6.066780090332e-01, 1.797693134862e+308, 3.8400e+02, 0.0000e+00, 
 2DIAGNOSTIC,     5, -6.069893836975e-01, 1.797693134862e+308, 3.8400e+02, 0.0000e+00, 
 2DIAGNOSTIC,     6, -6.071573495865e-01, 1.797693134862e+308, 3.8400e+02, 0.0000e+00, 
 2DIAGNOSTIC,     7, -6.072139739990e-01, 1.797693134862e+308, 3.8400e+02, 0.0000e+00, 
 2DIAGNOSTIC,     8, -6.072608232498e-01, 1.797693134862e+308, 3.8400e+02, 0.0000e+00, 
 2DIAGNOSTIC,     9, -6.072739362717e-01, 1.797693134862e+308, 3.8400e+02, 0.0000e+00, 
 2DIAGNOSTIC,    10, -6.072822809219e-01, 1.894459128380e-04, 5.1200e+02, 1.2800e+02, 
 2DIAGNOSTIC,    11, -6.072962284088e-01, 1.223012804985e-04, 5.1200e+02, 0.0000e+00, 
 2DIAGNOSTIC,    12, -6.073008775711e-01, 7.310509681702e-05, 5.1200e+02, 0.0000e+00, 
 2DIAGNOSTIC,    13, -6.073038578033e-01, 3.953278064728e-05, 5.1200e+02, 0.0000e+00, 
 2DIAGNOSTIC,    14, -6.073039770126e-01, 1.970678567886e-05, 5.1200e+02, 0.0000e+00, 
 2DIAGNOSTIC,    15, -6.073046922684e-01, 1.058727502823e-05, 5.1200e+02, 0.0000e+00, 
 2DIAGNOSTIC,    16, -6.073046922684e-01, 6.698071956635e-06, 5.1200e+02, 0.0000e+00, 
 2DIAGNOSTIC,    17, -6.073044538498e-01, 4.354864358902e-06, 6.4000e+02, 1.2800e+02, 
 2DIAGNOSTIC,    18, -6.073045134544e-01, 3.274530172348e-06, 6.4000e+02, 0.0000e+00, 
 2DIAGNOSTIC,    19, -6.073042154312e-01, 2.473592758179e-06, 6.4000e+02, 0.0000e+00, 
 2DIAGNOSTIC,    20, -6.073042750359e-01, 1.866370439529e-06, 6.4000e+02, 0.0000e+00, 
 2DIAGNOSTIC,    21, -6.073043346405e-01, 1.594424247742e-06, 6.4000e+02, 0.0000e+00, 
 2DIAGNOSTIC,    22, -6.073043346405e-01, 1.449137926102e-06, 6.4000e+02, 0.0000e+00, 
 2DIAGNOSTIC,    23, -6.073041558266e-01, 1.367181539536e-06, 6.4000e+02, 0.0000e+00, 
 2DIAGNOSTIC,    24, -6.073042154312e-01, 1.307576894760e-06, 7.6800e+02, 1.2800e+02, 
 2DIAGNOSTIC,    25, -6.073040366173e-01, 1.251697540283e-06, 7.6800e+02, 0.0000e+00, 
 2DIAGNOSTIC,    26, -6.073042750359e-01, 1.210719347000e-06, 7.6800e+02, 0.0000e+00, 
 2DIAGNOSTIC,    27, -6.073045134544e-01, 1.177191734314e-06, 7.6800e+02, 0.0000e+00, 
 2DIAGNOSTIC,    28, -6.073043942451e-01, 1.139938831329e-06, 7.6800e+02, 0.0000e+00, 
 2DIAGNOSTIC,    29, -6.073045730591e-01, 1.106411218643e-06, 7.6800e+02, 0.0000e+00, 
 2DIAGNOSTIC,    30, -6.073043942451e-01, 1.069158315659e-06, 8.9600e+02, 1.2800e+02, 
 2DIAGNOSTIC,    31, -6.073044538498e-01, 1.039355993271e-06, 8.9600e+02, 0.0000e+00, 
 2DIAGNOSTIC,    32, -6.073044538498e-01, 1.005828380585e-06, 8.9600e+02, 0.0000e+00, 
DIAGNOSTIC,Iteration,metricValue,convergenceValue,ITERATION_TIME_INDEX,SINCE_LAST
 2DIAGNOSTIC,     1, -5.466700792313e-01, 1.797693134862e+308, 1.0240e+03, 1.2800e+02, 
 2DIAGNOSTIC,     2, -5.468480587006e-01, 1.797693134862e+308, 1.1520e+03, 1.2800e+02, 
 2DIAGNOSTIC,     3, -5.469228029251e-01, 1.797693134862e+308, 1.2800e+03, 1.2800e+02, 
 2DIAGNOSTIC,     4, -5.469874739647e-01, 1.797693134862e+308, 1.4080e+03, 1.2800e+02, 
 2DIAGNOSTIC,     5, -5.470028519630e-01, 1.797693134862e+308, 1.5360e+03, 1.2800e+02, 
 2DIAGNOSTIC,     6, -5.470079779625e-01, 1.797693134862e+308, 1.6640e+03, 1.2800e+02, 
 2DIAGNOSTIC,     7, -5.470123887062e-01, 1.797693134862e+308, 1.7920e+03, 1.2800e+02, 
 2DIAGNOSTIC,     8, -5.470124483109e-01, 1.797693134862e+308, 1.9200e+03, 1.2800e+02, 
 2DIAGNOSTIC,     9, -5.470128655434e-01, 1.797693134862e+308, 2.0480e+03, 1.2800e+02, 
 2DIAGNOSTIC,    10, -5.470135807991e-01, 3.241747617722e-05, 2.1760e+03, 1.2800e+02, 
 2DIAGNOSTIC,    11, -5.470141768456e-01, 1.555681228638e-05, 2.3040e+03, 1.2800e+02, 
 2DIAGNOSTIC,    12, -5.470146536827e-01, 8.076429367065e-06, 2.4320e+03, 1.2800e+02, 
 2DIAGNOSTIC,    13, -5.470150709152e-01, 4.149973392487e-06, 2.5600e+03, 1.2800e+02, 
 2DIAGNOSTIC,    14, -5.470166206360e-01, 3.121793270111e-06, 2.6880e+03, 1.2800e+02, 
 2DIAGNOSTIC,    15, -5.470178127289e-01, 2.682209014893e-06, 2.8160e+03, 1.2800e+02, 
 2DIAGNOSTIC,    16, -5.470182895660e-01, 2.443790435791e-06, 2.9440e+03, 1.2800e+02, 
 2DIAGNOSTIC,    17, -5.470188856125e-01, 2.335757017136e-06, 3.0720e+03, 1.2800e+02, 
 2DIAGNOSTIC,    18, -5.470182299614e-01, 2.183020114899e-06, 3.2000e+03, 1.2800e+02, 
 2DIAGNOSTIC,    19, -5.470182895660e-01, 2.026557922363e-06, 3.3280e+03, 1.2800e+02, 
 2DIAGNOSTIC,    20, -5.470187664032e-01, 1.884996891022e-06, 3.4560e+03, 1.2800e+02, 
 2DIAGNOSTIC,    21, -5.470183491707e-01, 1.728534698486e-06, 3.5840e+03, 1.2800e+02, 
 2DIAGNOSTIC,    22, -5.470185875893e-01, 1.575797796249e-06, 3.7120e+03, 1.2800e+02, 
 2DIAGNOSTIC,    23, -5.470185875893e-01, 1.449137926102e-06, 3.8400e+03, 1.2800e+02, 
 2DIAGNOSTIC,    24, -5.470181107521e-01, 1.333653926849e-06, 3.9680e+03, 1.2800e+02, 
 2DIAGNOSTIC,    25, -5.470184683800e-01, 1.266598701477e-06, 4.2240e+03, 2.5600e+02, 
 2DIAGNOSTIC,    26, -5.470185875893e-01, 1.218169927597e-06, 4.3520e+03, 1.2800e+02, 
 2DIAGNOSTIC,    27, -5.470184087753e-01, 1.177191734314e-06, 4.4800e+03, 1.2800e+02, 
 2DIAGNOSTIC,    28, -5.470183491707e-01, 1.132488250732e-06, 4.6080e+03, 1.2800e+02, 
 2DIAGNOSTIC,    29, -5.470182299614e-01, 1.084059476852e-06, 4.7360e+03, 1.2800e+02, 
 2DIAGNOSTIC,    30, -5.470179915428e-01, 1.050531864166e-06, 4.8640e+03, 1.2800e+02, 
 2DIAGNOSTIC,    31, -5.470181703568e-01, 1.009553670883e-06, 4.9920e+03, 1.2800e+02, 
  Elapsed time (stage 0): 4.9920e+03


Total elapsed time: 4.9920e+03
-i /mnt/lustre/mathdugre/fast-interpolate/datasets/ds004513/derivatives/flint/ants/flint-vprec-single-five-levels/sub-s029/ses-open/anat/1/1_Rigid.nii.gz -o /mnt/lustre/mathdugre/fast-interpolate/datasets/ds004513/derivatives/flint/ants/flint-vprec-single-five-levels/sub-s029/ses-open/anat/11/1_transformed.nii.gz -t /mnt/lustre/mathdugre/fast-interpolate/datasets/ds004513/derivatives/flint/ants/flint-vprec-single-five-levels/sub-s029/ses-open/anat/11/1_0GenericAffine.mat
