---------------------
Experiment information

SIF_IMG: /mnt/lustre/mathdugre/containers/ants-flint-vprec.simg
SIF_IMG_BASE: /mnt/lustre/mathdugre/containers/ants-flint-base.simg
EXPERIMENT_NAME: flint-vprec-single-five-levels
STAGE: affine
SUBJECT_ID: s020
REPETITION_ID: 1

FIXED_IMG: /templateflow/tpl-MNI152NLin2009cAsym/tpl-MNI152NLin2009cAsym_res-01_desc-brain_T1w.nii.gz
INPUT_IMG: /mnt/lustre/mathdugre/fast-interpolate/datasets/ds004513/derivatives/flint/ants/flint-vprec-single-five-levels/sub-s020/ses-open/anat/1/1_Rigid.nii.gz

DATA_DIR: /mnt/lustre/mathdugre/fast-interpolate/datasets/ds004513
OUTPUT_DIR: /mnt/lustre/mathdugre/fast-interpolate/datasets/ds004513/derivatives/flint/ants/flint-vprec-single-five-levels/sub-s020/ses-open/anat
OUTPUT_PREFIX: 11
THREAD: 1
FLOAT: 0
VFC_BACKENDS: libinterflop_vprec.so --precision-binary32=23 --range-binary32=8 --precision-binary64=23 --range-binary64=8
---------------------

--output [/mnt/lustre/mathdugre/fast-interpolate/datasets/ds004513/derivatives/flint/ants/flint-vprec-single-five-levels/sub-s020/ses-open/anat/11/1_,/mnt/lustre/mathdugre/fast-interpolate/datasets/ds004513/derivatives/flint/ants/flint-vprec-single-five-levels/sub-s020/ses-open/anat/11/1_Affine.nii.gz,/mnt/lustre/mathdugre/fast-interpolate/datasets/ds004513/derivatives/flint/ants/flint-vprec-single-five-levels/sub-s020/ses-open/anat/11/1_InverseAffine.nii.gz] --initial-moving-transform [/templateflow/tpl-MNI152NLin2009cAsym/tpl-MNI152NLin2009cAsym_res-01_desc-brain_T1w.nii.gz,/mnt/lustre/mathdugre/fast-interpolate/datasets/ds004513/derivatives/flint/ants/flint-vprec-single-five-levels/sub-s020/ses-open/anat/1/1_Rigid.nii.gz,1] --transform Affine[0.1] --metric MI[/templateflow/tpl-MNI152NLin2009cAsym/tpl-MNI152NLin2009cAsym_res-01_desc-brain_T1w.nii.gz,/mnt/lustre/mathdugre/fast-interpolate/datasets/ds004513/derivatives/flint/ants/flint-vprec-single-five-levels/sub-s020/ses-open/anat/1/1_Rigid.nii.gz,1,32,Regular,0.25] --convergence [1000x1000x500x250x100,1e-6,10] --shrink-factors 16x8x4x2x1 --smoothing-sigmas 4x3x2x1x0vox
All_Command_lines_OK
Using double precision for computations.
=============================================================================
The composite transform comprises the following transforms (in order): 
  1. Center of mass alignment using fixed image: /templateflow/tpl-MNI152NLin2009cAsym/tpl-MNI152NLin2009cAsym_res-01_desc-brain_T1w.nii.gz and moving image: /mnt/lustre/mathdugre/fast-interpolate/datasets/ds004513/derivatives/flint/ants/flint-vprec-single-five-levels/sub-s020/ses-open/anat/1/1_Rigid.nii.gz (type = Euler3DTransform)
=============================================================================
  number of levels = 5
  fixed image: /templateflow/tpl-MNI152NLin2009cAsym/tpl-MNI152NLin2009cAsym_res-01_desc-brain_T1w.nii.gz
  moving image: /mnt/lustre/mathdugre/fast-interpolate/datasets/ds004513/derivatives/flint/ants/flint-vprec-single-five-levels/sub-s020/ses-open/anat/1/1_Rigid.nii.gz
Dimension = 3
Number of stages = 1
Use histogram matching = false
Winsorize image intensities = true
  Lower quantile = 0.005
  Upper quantile = 0.995


Stage 1 State
   Image metric = MattesMI
     Fixed image = Image (0x4187300)
  RTTI typeinfo:   itk::Image<double, 3u>
  Reference Count: 2
  Modified Time: 1622
  Debug: Off
  Object Name: 
  Observers: 
    none
  Source: (none)
  Source output name: (none)
  Release Data: Off
  Data Released: False
  Global Release Data: Off
  PipelineMTime: 0
  UpdateMTime: 1407
  RealTimeStamp: 0 seconds 
  LargestPossibleRegion: 
    Dimension: 3
    Index: [0, 0, 0]
    Size: [193, 229, 193]
  BufferedRegion: 
    Dimension: 3
    Index: [0, 0, 0]
    Size: [193, 229, 193]
  RequestedRegion: 
    Dimension: 3
    Index: [0, 0, 0]
    Size: [193, 229, 193]
  Spacing: [1, 1, 1]
  Origin: [96, 132, -78]
  Direction: 
-1 0 0
0 -1 0
0 0 1

  IndexToPointMatrix: 
-1 0 0
0 -1 0
0 0 1

  PointToIndexMatrix: 
-1 0 0
0 -1 0
0 0 1

  Inverse Direction: 
-1 0 0
0 -1 0
0 0 1

  PixelContainer: 
    ImportImageContainer (0x41ffa50)
      RTTI typeinfo:   itk::ImportImageContainer<unsigned long, double>
      Reference Count: 1
      Modified Time: 1404
      Debug: Off
      Object Name: 
      Observers: 
        none
      Pointer: 0x7f1507e02010
      Container manages memory: true
      Size: 8530021
      Capacity: 8530021

     Moving image = Image (0x4187b00)
  RTTI typeinfo:   itk::Image<double, 3u>
  Reference Count: 2
  Modified Time: 1623
  Debug: Off
  Object Name: 
  Observers: 
    none
  Source: (none)
  Source output name: (none)
  Release Data: Off
  Data Released: False
  Global Release Data: Off
  PipelineMTime: 0
  UpdateMTime: 1620
  RealTimeStamp: 0 seconds 
  LargestPossibleRegion: 
    Dimension: 3
    Index: [0, 0, 0]
    Size: [193, 229, 193]
  BufferedRegion: 
    Dimension: 3
    Index: [0, 0, 0]
    Size: [193, 229, 193]
  RequestedRegion: 
    Dimension: 3
    Index: [0, 0, 0]
    Size: [193, 229, 193]
  Spacing: [1, 1, 1]
  Origin: [96, 132, -78]
  Direction: 
-1 0 0
0 -1 0
0 0 1

  IndexToPointMatrix: 
-1 0 0
0 -1 0
0 0 1

  PointToIndexMatrix: 
-1 0 0
0 -1 0
0 0 1

  Inverse Direction: 
-1 0 0
0 -1 0
0 0 1

  PixelContainer: 
    ImportImageContainer (0x4190810)
      RTTI typeinfo:   itk::ImportImageContainer<unsigned long, double>
      Reference Count: 1
      Modified Time: 1617
      Debug: Off
      Object Name: 
      Observers: 
        none
      Pointer: 0x7f1503ced010
      Container manages memory: true
      Size: 8530021
      Capacity: 8530021

     Weighting = 1
     Sampling strategy = regular
     Number of bins = 32
     Radius = 4
     Sampling percentage  = 0.25
   Transform = Affine
     Gradient step = 0.1
     Update field sigma (voxel space) = 0
     Total field sigma (voxel space) = 0
     Update field time sigma = 0
     Total field time sigma  = 0
     Number of time indices = 0
     Number of time point samples = 0
Registration using 1 total stages.

Stage 0
  iterations = 1000x1000x500x250x100
  convergence threshold = 1e-06
  convergence window size = 10
  number of levels = 5
  using the Mattes MI metric (number of bins = 32, weight = 1, use gradient filter = 0)
  preprocessing:  winsorizing the image intensities
  Shrink factors (level 1 out of 5): [16, 16, 16]
  Shrink factors (level 2 out of 5): [8, 8, 8]
  Shrink factors (level 3 out of 5): [4, 4, 4]
  Shrink factors (level 4 out of 5): [2, 2, 2]
  Shrink factors (level 5 out of 5): [1, 1, 1]
  smoothing sigmas per level: [4, 3, 2, 1, 0]
  regular sampling (percentage = 0.25)

*** Running AffineTransform registration ***

DIAGNOSTIC,Iteration,metricValue,convergenceValue,ITERATION_TIME_INDEX,SINCE_LAST
 2DIAGNOSTIC,     1, -6.987879276276e-01, 1.797693134862e+308, 0.0000e+00, 0.0000e+00, 
 2DIAGNOSTIC,     2, -7.004594206810e-01, 1.797693134862e+308, 0.0000e+00, 0.0000e+00, 
 2DIAGNOSTIC,     3, -7.039595842361e-01, 1.797693134862e+308, 0.0000e+00, 0.0000e+00, 
 2DIAGNOSTIC,     4, -7.209960818291e-01, 1.797693134862e+308, 0.0000e+00, 0.0000e+00, 
 2DIAGNOSTIC,     5, -7.362816333771e-01, 1.797693134862e+308, 0.0000e+00, 0.0000e+00, 
 2DIAGNOSTIC,     6, -7.534456849098e-01, 1.797693134862e+308, 0.0000e+00, 0.0000e+00, 
 2DIAGNOSTIC,     7, -7.833828926086e-01, 1.797693134862e+308, 0.0000e+00, 0.0000e+00, 
 2DIAGNOSTIC,     8, -8.031452894211e-01, 1.797693134862e+308, 0.0000e+00, 0.0000e+00, 
 2DIAGNOSTIC,     9, -8.107179403305e-01, 1.797693134862e+308, 0.0000e+00, 0.0000e+00, 
 2DIAGNOSTIC,    10, -8.153895735741e-01, 1.187998801470e-02, 0.0000e+00, 0.0000e+00, 
 2DIAGNOSTIC,    11, -8.187881708145e-01, 1.072483509779e-02, 0.0000e+00, 0.0000e+00, 
 2DIAGNOSTIC,    12, -8.200865983963e-01, 8.905485272408e-03, 0.0000e+00, 0.0000e+00, 
 2DIAGNOSTIC,    13, -8.227970004082e-01, 6.748691201210e-03, 0.0000e+00, 0.0000e+00, 
 2DIAGNOSTIC,    14, -8.262132406235e-01, 4.847496747971e-03, 0.0000e+00, 0.0000e+00, 
 2DIAGNOSTIC,    15, -8.463428616524e-01, 3.634914755821e-03, 0.0000e+00, 0.0000e+00, 
 2DIAGNOSTIC,    16, -8.475850224495e-01, 2.648919820786e-03, 0.0000e+00, 0.0000e+00, 
 2DIAGNOSTIC,    17, -8.497215509415e-01, 2.223901450634e-03, 0.0000e+00, 0.0000e+00, 
 2DIAGNOSTIC,    18, -8.510676026344e-01, 2.069693058729e-03, 0.0000e+00, 0.0000e+00, 
 2DIAGNOSTIC,    19, -8.526476025581e-01, 1.910686492920e-03, 0.0000e+00, 0.0000e+00, 
 2DIAGNOSTIC,    20, -8.532058596611e-01, 1.678388565779e-03, 0.0000e+00, 0.0000e+00, 
 2DIAGNOSTIC,    21, -8.545167446136e-01, 1.393303275108e-03, 0.0000e+00, 0.0000e+00, 
 2DIAGNOSTIC,    22, -8.622177243233e-01, 1.154843717813e-03, 0.0000e+00, 0.0000e+00, 
 2DIAGNOSTIC,    23, -8.868032693863e-01, 1.247841864824e-03, 0.0000e+00, 0.0000e+00, 
 2DIAGNOSTIC,    24, -9.083277583122e-01, 1.562681049109e-03, 0.0000e+00, 0.0000e+00, 
 2DIAGNOSTIC,    25, -9.164273738861e-01, 2.094380557537e-03, 0.0000e+00, 0.0000e+00, 
 2DIAGNOSTIC,    26, -9.172751903534e-01, 2.416945993900e-03, 0.0000e+00, 0.0000e+00, 
 2DIAGNOSTIC,    27, -9.200479984283e-01, 2.551298588514e-03, 0.0000e+00, 0.0000e+00, 
 2DIAGNOSTIC,    28, -9.236519932747e-01, 2.490062266588e-03, 0.0000e+00, 0.0000e+00, 
 2DIAGNOSTIC,    29, -9.258518815041e-01, 2.239041030407e-03, 0.0000e+00, 0.0000e+00, 
 2DIAGNOSTIC,    30, -9.282146692276e-01, 1.831937581301e-03, 0.0000e+00, 0.0000e+00, 
 2DIAGNOSTIC,    31, -9.288511276245e-01, 1.306995749474e-03, 0.0000e+00, 0.0000e+00, 
 2DIAGNOSTIC,    32, -9.291164875031e-01, 7.760226726532e-04, 0.0000e+00, 0.0000e+00, 
 2DIAGNOSTIC,    33, -9.303885698318e-01, 4.666000604630e-04, 0.0000e+00, 0.0000e+00, 
 2DIAGNOSTIC,    34, -9.314299225807e-01, 3.542639315128e-04, 0.0000e+00, 0.0000e+00, 
 2DIAGNOSTIC,    35, -9.321988224983e-01, 3.007128834724e-04, 0.0000e+00, 0.0000e+00, 
 2DIAGNOSTIC,    36, -9.329078197479e-01, 2.363994717598e-04, 0.0000e+00, 0.0000e+00, 
 2DIAGNOSTIC,    37, -9.342137575150e-01, 1.899786293507e-04, 0.0000e+00, 0.0000e+00, 
 2DIAGNOSTIC,    38, -9.354780912399e-01, 1.703742891550e-04, 0.0000e+00, 0.0000e+00, 
 2DIAGNOSTIC,    39, -9.355161786079e-01, 1.540612429380e-04, 0.0000e+00, 0.0000e+00, 
 2DIAGNOSTIC,    40, -9.357671737671e-01, 1.459121704102e-04, 0.0000e+00, 0.0000e+00, 
 2DIAGNOSTIC,    41, -9.360448718071e-01, 1.319106668234e-04, 0.0000e+00, 0.0000e+00, 
 2DIAGNOSTIC,    42, -9.362678527832e-01, 1.096390187740e-04, 0.0000e+00, 0.0000e+00, 
 2DIAGNOSTIC,    43, -9.363633990288e-01, 8.832290768623e-05, 0.0000e+00, 0.0000e+00, 
 2DIAGNOSTIC,    44, -9.364034533501e-01, 6.783194839954e-05, 0.0000e+00, 0.0000e+00, 
 2DIAGNOSTIC,    45, -9.364332556725e-01, 4.785880446434e-05, 0.0000e+00, 0.0000e+00, 
 2DIAGNOSTIC,    46, -9.364743828773e-01, 2.947263419628e-05, 0.0000e+00, 0.0000e+00, 
 2DIAGNOSTIC,    47, -9.364928007126e-01, 1.814588904381e-05, 0.0000e+00, 0.0000e+00, 
 2DIAGNOSTIC,    48, -9.364951848984e-01, 1.431070268154e-05, 0.0000e+00, 0.0000e+00, 
 2DIAGNOSTIC,    49, -9.365086555481e-01, 9.674578905106e-06, 0.0000e+00, 0.0000e+00, 
 2DIAGNOSTIC,    50, -9.365115165710e-01, 6.007030606270e-06, 0.0000e+00, 0.0000e+00, 
 2DIAGNOSTIC,    51, -9.365177750587e-01, 3.760680556297e-06, 0.0000e+00, 0.0000e+00, 
 2DIAGNOSTIC,    52, -9.365237951279e-01, 2.723187208176e-06, 0.0000e+00, 0.0000e+00, 
 2DIAGNOSTIC,    53, -9.365285634995e-01, 2.145767211914e-06, 0.0000e+00, 0.0000e+00, 
 2DIAGNOSTIC,    54, -9.365356564522e-01, 1.722946763039e-06, 0.0000e+00, 0.0000e+00, 
 2DIAGNOSTIC,    55, -9.365412592888e-01, 1.417472958565e-06, 0.0000e+00, 0.0000e+00, 
 2DIAGNOSTIC,    56, -9.365488290787e-01, 1.322478055954e-06, 0.0000e+00, 0.0000e+00, 
 2DIAGNOSTIC,    57, -9.365850687027e-01, 1.471489667892e-06, 0.0000e+00, 0.0000e+00, 
 2DIAGNOSTIC,    58, -9.365862011909e-01, 1.540407538414e-06, 0.0000e+00, 0.0000e+00, 
 2DIAGNOSTIC,    59, -9.365866780281e-01, 1.598149538040e-06, 0.0000e+00, 0.0000e+00, 
 2DIAGNOSTIC,    60, -9.365864992142e-01, 1.573935151100e-06, 0.0000e+00, 0.0000e+00, 
 2DIAGNOSTIC,    61, -9.365864396095e-01, 1.478940248489e-06, 0.0000e+00, 0.0000e+00, 
 2DIAGNOSTIC,    62, -9.365861415863e-01, 1.328065991402e-06, 0.0000e+00, 0.0000e+00, 
 2DIAGNOSTIC,    63, -9.365866184235e-01, 1.132488250732e-06, 0.0000e+00, 0.0000e+00, 
DIAGNOSTIC,Iteration,metricValue,convergenceValue,ITERATION_TIME_INDEX,SINCE_LAST
 2DIAGNOSTIC,     1, -6.783199310303e-01, 1.797693134862e+308, 0.0000e+00, 0.0000e+00, 
 2DIAGNOSTIC,     2, -6.808037161827e-01, 1.797693134862e+308, 0.0000e+00, 0.0000e+00, 
 2DIAGNOSTIC,     3, -6.840883493423e-01, 1.797693134862e+308, 0.0000e+00, 0.0000e+00, 
 2DIAGNOSTIC,     4, -6.885494589806e-01, 1.797693134862e+308, 0.0000e+00, 0.0000e+00, 
 2DIAGNOSTIC,     5, -6.940360069275e-01, 1.797693134862e+308, 0.0000e+00, 0.0000e+00, 
 2DIAGNOSTIC,     6, -6.976770758629e-01, 1.797693134862e+308, 0.0000e+00, 0.0000e+00, 
 2DIAGNOSTIC,     7, -7.026878595352e-01, 1.797693134862e+308, 0.0000e+00, 0.0000e+00, 
 2DIAGNOSTIC,     8, -7.106184363365e-01, 1.797693134862e+308, 0.0000e+00, 0.0000e+00, 
 2DIAGNOSTIC,     9, -7.164154052734e-01, 1.797693134862e+308, 0.0000e+00, 0.0000e+00, 
 2DIAGNOSTIC,    10, -7.204818725586e-01, 4.042044281960e-03, 0.0000e+00, 0.0000e+00, 
 2DIAGNOSTIC,    11, -7.300690412521e-01, 4.031307995319e-03, 0.0000e+00, 0.0000e+00, 
 2DIAGNOSTIC,    12, -7.413532137871e-01, 4.113882780075e-03, 0.0000e+00, 0.0000e+00, 
 2DIAGNOSTIC,    13, -7.441959381104e-01, 3.991946578026e-03, 0.0000e+00, 0.0000e+00, 
 2DIAGNOSTIC,    14, -7.579599618912e-01, 4.044152796268e-03, 0.0000e+00, 0.0000e+00, 
 2DIAGNOSTIC,    15, -7.865183949471e-01, 4.607394337654e-03, 0.0000e+00, 0.0000e+00, 
 2DIAGNOSTIC,    16, -7.911732196808e-01, 4.857547581196e-03, 0.0000e+00, 0.0000e+00, 
 2DIAGNOSTIC,    17, -7.979401350021e-01, 4.902686923742e-03, 0.0000e+00, 0.0000e+00, 
 2DIAGNOSTIC,    18, -8.007136583328e-01, 4.727855324745e-03, 0.0000e+00, 0.0000e+00, 
 2DIAGNOSTIC,    19, -8.018495440483e-01, 4.276782274246e-03, 0.0000e+00, 0.0000e+00, 
 2DIAGNOSTIC,    20, -8.029199242592e-01, 3.568045794964e-03, 0.0000e+00, 0.0000e+00, 
 2DIAGNOSTIC,    21, -8.042918443680e-01, 2.797536551952e-03, 0.0000e+00, 0.0000e+00, 
 2DIAGNOSTIC,    22, -8.048337101936e-01, 2.055503427982e-03, 0.0000e+00, 0.0000e+00, 
 2DIAGNOSTIC,    23, -8.053444623947e-01, 1.246705651283e-03, 0.0000e+00, 0.0000e+00, 
 2DIAGNOSTIC,    24, -8.056482672691e-01, 6.062537431717e-04, 0.0000e+00, 0.0000e+00, 
 2DIAGNOSTIC,    25, -8.060796856880e-01, 4.031211137772e-04, 0.0000e+00, 0.0000e+00, 
 2DIAGNOSTIC,    26, -8.062959909439e-01, 2.473294734955e-04, 0.0000e+00, 0.0000e+00, 
 2DIAGNOSTIC,    27, -8.066645860672e-01, 1.794807612896e-04, 0.0000e+00, 0.0000e+00, 
 2DIAGNOSTIC,    28, -8.070281147957e-01, 1.419931650162e-04, 1.2800e+02, 1.2800e+02, 
 2DIAGNOSTIC,    29, -8.072082400322e-01, 1.108087599277e-04, 1.2800e+02, 0.0000e+00, 
 2DIAGNOSTIC,    30, -8.072642087936e-01, 8.517503738403e-05, 1.2800e+02, 0.0000e+00, 
 2DIAGNOSTIC,    31, -8.074057102203e-01, 7.151812314987e-05, 1.2800e+02, 0.0000e+00, 
 2DIAGNOSTIC,    32, -8.075352907181e-01, 5.979463458061e-05, 1.2800e+02, 0.0000e+00, 
 2DIAGNOSTIC,    33, -8.076348304749e-01, 5.001947283745e-05, 1.2800e+02, 0.0000e+00, 
 2DIAGNOSTIC,    34, -8.076978325844e-01, 4.014372825623e-05, 1.2800e+02, 0.0000e+00, 
 2DIAGNOSTIC,    35, -8.077114820480e-01, 3.189593553543e-05, 1.2800e+02, 0.0000e+00, 
 2DIAGNOSTIC,    36, -8.077739477158e-01, 2.401508390903e-05, 1.2800e+02, 0.0000e+00, 
 2DIAGNOSTIC,    37, -8.078137040138e-01, 1.835636794567e-05, 1.2800e+02, 0.0000e+00, 
 2DIAGNOSTIC,    38, -8.078339099884e-01, 1.503154635429e-05, 1.2800e+02, 0.0000e+00, 
 2DIAGNOSTIC,    39, -8.078473210335e-01, 1.238845288754e-05, 1.2800e+02, 0.0000e+00, 
 2DIAGNOSTIC,    40, -8.078656792641e-01, 9.458512067795e-06, 1.2800e+02, 0.0000e+00, 
 2DIAGNOSTIC,    41, -8.078731298447e-01, 7.161870598793e-06, 1.2800e+02, 0.0000e+00, 
 2DIAGNOSTIC,    42, -8.078795075417e-01, 5.548819899559e-06, 1.2800e+02, 0.0000e+00, 
 2DIAGNOSTIC,    43, -8.078800439835e-01, 4.399567842484e-06, 1.2800e+02, 0.0000e+00, 
 2DIAGNOSTIC,    44, -8.078818321228e-01, 3.509223461151e-06, 1.2800e+02, 0.0000e+00, 
 2DIAGNOSTIC,    45, -8.078839182854e-01, 2.510845661163e-06, 1.2800e+02, 0.0000e+00, 
 2DIAGNOSTIC,    46, -8.078854084015e-01, 1.892447471619e-06, 1.2800e+02, 0.0000e+00, 
 2DIAGNOSTIC,    47, -8.078873753548e-01, 1.508742570877e-06, 1.2800e+02, 0.0000e+00, 
 2DIAGNOSTIC,    48, -8.078889846802e-01, 1.234933733940e-06, 1.2800e+02, 0.0000e+00, 
 2DIAGNOSTIC,    49, -8.078904747963e-01, 1.020729541779e-06, 1.2800e+02, 0.0000e+00, 
DIAGNOSTIC,Iteration,metricValue,convergenceValue,ITERATION_TIME_INDEX,SINCE_LAST
 2DIAGNOSTIC,     1, -6.676529049873e-01, 1.797693134862e+308, 1.2800e+02, 0.0000e+00, 
 2DIAGNOSTIC,     2, -6.684350371361e-01, 1.797693134862e+308, 1.2800e+02, 0.0000e+00, 
 2DIAGNOSTIC,     3, -6.692012548447e-01, 1.797693134862e+308, 1.2800e+02, 0.0000e+00, 
 2DIAGNOSTIC,     4, -6.699869632721e-01, 1.797693134862e+308, 1.2800e+02, 0.0000e+00, 
 2DIAGNOSTIC,     5, -6.711334586143e-01, 1.797693134862e+308, 1.2800e+02, 0.0000e+00, 
 2DIAGNOSTIC,     6, -6.718463301659e-01, 1.797693134862e+308, 1.2800e+02, 0.0000e+00, 
 2DIAGNOSTIC,     7, -6.721037626266e-01, 1.797693134862e+308, 1.2800e+02, 0.0000e+00, 
 2DIAGNOSTIC,     8, -6.722744703293e-01, 1.797693134862e+308, 1.2800e+02, 0.0000e+00, 
 2DIAGNOSTIC,     9, -6.723671555519e-01, 1.797693134862e+308, 1.2800e+02, 0.0000e+00, 
 2DIAGNOSTIC,    10, -6.724845170975e-01, 4.917606711388e-04, 1.2800e+02, 0.0000e+00, 
 2DIAGNOSTIC,    11, -6.725272536278e-01, 3.574639558792e-04, 1.2800e+02, 0.0000e+00, 
 2DIAGNOSTIC,    12, -6.725376248360e-01, 2.417936921120e-04, 1.2800e+02, 0.0000e+00, 
 2DIAGNOSTIC,    13, -6.725449562073e-01, 1.475960016251e-04, 1.2800e+02, 0.0000e+00, 
 2DIAGNOSTIC,    14, -6.725462675095e-01, 7.683038711548e-05, 1.2800e+02, 0.0000e+00, 
 2DIAGNOSTIC,    15, -6.725546717644e-01, 4.082918167114e-05, 1.2800e+02, 0.0000e+00, 
 2DIAGNOSTIC,    16, -6.725548505783e-01, 2.451986074448e-05, 1.2800e+02, 0.0000e+00, 
 2DIAGNOSTIC,    17, -6.725547313690e-01, 1.441687345505e-05, 1.2800e+02, 0.0000e+00, 
 2DIAGNOSTIC,    18, -6.725544929504e-01, 8.266419172287e-06, 1.2800e+02, 0.0000e+00, 
 2DIAGNOSTIC,    19, -6.725544333458e-01, 4.164874553680e-06, 1.2800e+02, 0.0000e+00, 
 2DIAGNOSTIC,    20, -6.725543737411e-01, 2.700835466385e-06, 1.2800e+02, 0.0000e+00, 
 2DIAGNOSTIC,    21, -6.725541353226e-01, 2.130866050720e-06, 1.2800e+02, 0.0000e+00, 
 2DIAGNOSTIC,    22, -6.725541353226e-01, 1.747161149979e-06, 1.2800e+02, 0.0000e+00, 
 2DIAGNOSTIC,    23, -6.725543737411e-01, 1.516193151474e-06, 1.2800e+02, 0.0000e+00, 
 2DIAGNOSTIC,    24, -6.725542545319e-01, 1.311302185059e-06, 1.2800e+02, 0.0000e+00, 
 2DIAGNOSTIC,    25, -6.725544333458e-01, 1.259148120880e-06, 1.2800e+02, 0.0000e+00, 
 2DIAGNOSTIC,    26, -6.725543141365e-01, 1.218169927597e-06, 1.2800e+02, 0.0000e+00, 
 2DIAGNOSTIC,    27, -6.725542545319e-01, 1.180917024612e-06, 1.2800e+02, 0.0000e+00, 
 2DIAGNOSTIC,    28, -6.725542545319e-01, 1.136213541031e-06, 1.2800e+02, 0.0000e+00, 
 2DIAGNOSTIC,    29, -6.725540757179e-01, 1.095235347748e-06, 1.2800e+02, 0.0000e+00, 
 2DIAGNOSTIC,    30, -6.725541949272e-01, 1.054257154465e-06, 1.2800e+02, 0.0000e+00, 
 2DIAGNOSTIC,    31, -6.725541949272e-01, 1.024454832077e-06, 1.2800e+02, 0.0000e+00, 
DIAGNOSTIC,Iteration,metricValue,convergenceValue,ITERATION_TIME_INDEX,SINCE_LAST
 2DIAGNOSTIC,     1, -5.684404373169e-01, 1.797693134862e+308, 2.5600e+02, 1.2800e+02, 
 2DIAGNOSTIC,     2, -5.686797499657e-01, 1.797693134862e+308, 2.5600e+02, 0.0000e+00, 
 2DIAGNOSTIC,     3, -5.688346028328e-01, 1.797693134862e+308, 2.5600e+02, 0.0000e+00, 
 2DIAGNOSTIC,     4, -5.690198540688e-01, 1.797693134862e+308, 2.5600e+02, 0.0000e+00, 
 2DIAGNOSTIC,     5, -5.693448185921e-01, 1.797693134862e+308, 2.5600e+02, 0.0000e+00, 
 2DIAGNOSTIC,     6, -5.693547725677e-01, 1.797693134862e+308, 2.5600e+02, 0.0000e+00, 
 2DIAGNOSTIC,     7, -5.693818330765e-01, 1.797693134862e+308, 3.8400e+02, 1.2800e+02, 
 2DIAGNOSTIC,     8, -5.694175958633e-01, 1.797693134862e+308, 3.8400e+02, 0.0000e+00, 
 2DIAGNOSTIC,     9, -5.694600343704e-01, 1.797693134862e+308, 3.8400e+02, 0.0000e+00, 
 2DIAGNOSTIC,    10, -5.695076584816e-01, 1.194700598717e-04, 3.8400e+02, 0.0000e+00, 
 2DIAGNOSTIC,    11, -5.695570111275e-01, 8.518248796463e-05, 3.8400e+02, 0.0000e+00, 
 2DIAGNOSTIC,    12, -5.696067810059e-01, 6.134808063507e-05, 3.8400e+02, 0.0000e+00, 
 2DIAGNOSTIC,    13, -5.696516633034e-01, 4.348158836365e-05, 3.8400e+02, 0.0000e+00, 
 2DIAGNOSTIC,    14, -5.696600079536e-01, 3.100186586380e-05, 3.8400e+02, 0.0000e+00, 
 2DIAGNOSTIC,    15, -5.696638226509e-01, 2.852827310562e-05, 5.1200e+02, 1.2800e+02, 
 2DIAGNOSTIC,    16, -5.696725845337e-01, 2.449750900269e-05, 5.1200e+02, 0.0000e+00, 
 2DIAGNOSTIC,    17, -5.697223544121e-01, 2.112239599228e-05, 5.1200e+02, 0.0000e+00, 
 2DIAGNOSTIC,    18, -5.697352290154e-01, 1.762434840202e-05, 5.1200e+02, 0.0000e+00, 
 2DIAGNOSTIC,    19, -5.697444677353e-01, 1.439079642296e-05, 5.1200e+02, 0.0000e+00, 
 2DIAGNOSTIC,    20, -5.697530508041e-01, 1.171231269836e-05, 5.1200e+02, 0.0000e+00, 
 2DIAGNOSTIC,    21, -5.697574019432e-01, 9.600073099136e-06, 5.1200e+02, 0.0000e+00, 
 2DIAGNOSTIC,    22, -5.697592496872e-01, 8.046627044678e-06, 5.1200e+02, 0.0000e+00, 
 2DIAGNOSTIC,    23, -5.697640180588e-01, 7.089227437973e-06, 5.1200e+02, 0.0000e+00, 
 2DIAGNOSTIC,    24, -5.697674751282e-01, 5.923211574554e-06, 6.4000e+02, 1.2800e+02, 
 2DIAGNOSTIC,    25, -5.697686076164e-01, 4.533678293228e-06, 6.4000e+02, 0.0000e+00, 
 2DIAGNOSTIC,    26, -5.697705745697e-01, 3.125518560410e-06, 6.4000e+02, 0.0000e+00, 
 2DIAGNOSTIC,    27, -5.697720050812e-01, 2.581626176834e-06, 6.4000e+02, 0.0000e+00, 
 2DIAGNOSTIC,    28, -5.697753429413e-01, 2.235174179077e-06, 6.4000e+02, 0.0000e+00, 
 2DIAGNOSTIC,    29, -5.697893500328e-01, 2.205371856689e-06, 6.4000e+02, 0.0000e+00, 
 2DIAGNOSTIC,    30, -5.698040127754e-01, 2.447515726089e-06, 6.4000e+02, 0.0000e+00, 
 2DIAGNOSTIC,    31, -5.698032975197e-01, 2.600252628326e-06, 6.4000e+02, 0.0000e+00, 
 2DIAGNOSTIC,    32, -5.698031187057e-01, 2.630054950714e-06, 7.6800e+02, 1.2800e+02, 
 2DIAGNOSTIC,    33, -5.698040723801e-01, 2.581626176834e-06, 7.6800e+02, 0.0000e+00, 
 2DIAGNOSTIC,    34, -5.698038935661e-01, 2.430751919746e-06, 7.6800e+02, 0.0000e+00, 
 2DIAGNOSTIC,    35, -5.698043107986e-01, 2.164393663406e-06, 7.6800e+02, 0.0000e+00, 
 2DIAGNOSTIC,    36, -5.698041915894e-01, 1.821666955948e-06, 7.6800e+02, 0.0000e+00, 
 2DIAGNOSTIC,    37, -5.698042511940e-01, 1.432374119759e-06, 7.6800e+02, 0.0000e+00, 
 2DIAGNOSTIC,    38, -5.698041915894e-01, 1.048669219017e-06, 7.6800e+02, 0.0000e+00, 
DIAGNOSTIC,Iteration,metricValue,convergenceValue,ITERATION_TIME_INDEX,SINCE_LAST
 2DIAGNOSTIC,     1, -5.119515061378e-01, 1.797693134862e+308, 8.9600e+02, 1.2800e+02, 
 2DIAGNOSTIC,     2, -5.121014118195e-01, 1.797693134862e+308, 1.0240e+03, 1.2800e+02, 
 2DIAGNOSTIC,     3, -5.121676921844e-01, 1.797693134862e+308, 1.1520e+03, 1.2800e+02, 
 2DIAGNOSTIC,     4, -5.122153759003e-01, 1.797693134862e+308, 1.2800e+03, 1.2800e+02, 
 2DIAGNOSTIC,     5, -5.122622251511e-01, 1.797693134862e+308, 1.4080e+03, 1.2800e+02, 
 2DIAGNOSTIC,     6, -5.122947692871e-01, 1.797693134862e+308, 1.5360e+03, 1.2800e+02, 
 2DIAGNOSTIC,     7, -5.123175978661e-01, 1.797693134862e+308, 1.6640e+03, 1.2800e+02, 
 2DIAGNOSTIC,     8, -5.123240947723e-01, 1.797693134862e+308, 1.7920e+03, 1.2800e+02, 
 2DIAGNOSTIC,     9, -5.123338699341e-01, 1.797693134862e+308, 1.7920e+03, 0.0000e+00, 
 2DIAGNOSTIC,    10, -5.123584866524e-01, 4.608184099197e-05, 2.0480e+03, 2.5600e+02, 
 2DIAGNOSTIC,    11, -5.123580098152e-01, 3.007799386978e-05, 2.1760e+03, 1.2800e+02, 
 2DIAGNOSTIC,    12, -5.123583674431e-01, 2.122670412064e-05, 2.3040e+03, 1.2800e+02, 
 2DIAGNOSTIC,    13, -5.123584270477e-01, 1.491606235504e-05, 2.4320e+03, 1.2800e+02, 
 2DIAGNOSTIC,    14, -5.123588442802e-01, 1.022964715958e-05, 2.5600e+03, 1.2800e+02, 
 2DIAGNOSTIC,    15, -5.123588442802e-01, 7.130205631256e-06, 2.6880e+03, 1.2800e+02, 
 2DIAGNOSTIC,    16, -5.123589038849e-01, 5.073845386505e-06, 2.8160e+03, 1.2800e+02, 
 2DIAGNOSTIC,    17, -5.123589038849e-01, 3.740191459656e-06, 2.9440e+03, 1.2800e+02, 
 2DIAGNOSTIC,    18, -5.123587250710e-01, 2.570450305939e-06, 3.0720e+03, 1.2800e+02, 
 2DIAGNOSTIC,    19, -5.123585462570e-01, 1.713633537292e-06, 3.2000e+03, 1.2800e+02, 
 2DIAGNOSTIC,    20, -5.123587250710e-01, 1.620501279831e-06, 3.3280e+03, 1.2800e+02, 
 2DIAGNOSTIC,    21, -5.123586654663e-01, 1.523643732071e-06, 3.3280e+03, 0.0000e+00, 
 2DIAGNOSTIC,    22, -5.123587250710e-01, 1.437962055206e-06, 3.4560e+03, 1.2800e+02, 
 2DIAGNOSTIC,    23, -5.123587250710e-01, 1.378357410431e-06, 3.5840e+03, 1.2800e+02, 
 2DIAGNOSTIC,    24, -5.123586058617e-01, 1.311302185059e-06, 3.7120e+03, 1.2800e+02, 
 2DIAGNOSTIC,    25, -5.123587250710e-01, 1.262873411179e-06, 3.8400e+03, 1.2800e+02, 
 2DIAGNOSTIC,    26, -5.123586654663e-01, 1.214444637299e-06, 3.9680e+03, 1.2800e+02, 
 2DIAGNOSTIC,    27, -5.123585462570e-01, 1.177191734314e-06, 4.0960e+03, 1.2800e+02, 
 2DIAGNOSTIC,    28, -5.123585462570e-01, 1.132488250732e-06, 4.2240e+03, 1.2800e+02, 
 2DIAGNOSTIC,    29, -5.123586058617e-01, 1.091510057449e-06, 4.3520e+03, 1.2800e+02, 
 2DIAGNOSTIC,    30, -5.123585462570e-01, 1.054257154465e-06, 4.4800e+03, 1.2800e+02, 
 2DIAGNOSTIC,    31, -5.123586654663e-01, 1.017004251480e-06, 4.4800e+03, 0.0000e+00, 
  Elapsed time (stage 0): 4.6080e+03


Total elapsed time: 4.6080e+03
-i /mnt/lustre/mathdugre/fast-interpolate/datasets/ds004513/derivatives/flint/ants/flint-vprec-single-five-levels/sub-s020/ses-open/anat/1/1_Rigid.nii.gz -o /mnt/lustre/mathdugre/fast-interpolate/datasets/ds004513/derivatives/flint/ants/flint-vprec-single-five-levels/sub-s020/ses-open/anat/11/1_transformed.nii.gz -t /mnt/lustre/mathdugre/fast-interpolate/datasets/ds004513/derivatives/flint/ants/flint-vprec-single-five-levels/sub-s020/ses-open/anat/11/1_0GenericAffine.mat
