---------------------
Experiment information

SIF_IMG: /mnt/lustre/mathdugre/containers/ants-flint-vprec.simg
SIF_IMG_BASE: /mnt/lustre/mathdugre/containers/ants-flint-base.simg
EXPERIMENT_NAME: flint-vprec-single-five-levels
STAGE: syn
SUBJECT_ID: s025
REPETITION_ID: 1

FIXED_IMG: /templateflow/tpl-MNI152NLin2009cAsym/tpl-MNI152NLin2009cAsym_res-01_desc-brain_T1w.nii.gz
INPUT_IMG: /mnt/lustre/mathdugre/fast-interpolate/datasets/ds004513/derivatives/flint/ants/flint-vprec-single-five-levels/sub-s025/ses-open/anat/11/1_Affine.nii.gz

DATA_DIR: /mnt/lustre/mathdugre/fast-interpolate/datasets/ds004513
OUTPUT_DIR: /mnt/lustre/mathdugre/fast-interpolate/datasets/ds004513/derivatives/flint/ants/flint-vprec-single-five-levels/sub-s025/ses-open/anat
OUTPUT_PREFIX: 111
THREAD: 1
FLOAT: 0
VFC_BACKENDS: libinterflop_vprec.so --precision-binary32=23 --range-binary32=8 --precision-binary64=23 --range-binary64=8
---------------------

--output [/mnt/lustre/mathdugre/fast-interpolate/datasets/ds004513/derivatives/flint/ants/flint-vprec-single-five-levels/sub-s025/ses-open/anat/111/1_,/mnt/lustre/mathdugre/fast-interpolate/datasets/ds004513/derivatives/flint/ants/flint-vprec-single-five-levels/sub-s025/ses-open/anat/111/1_Warped.nii.gz,/mnt/lustre/mathdugre/fast-interpolate/datasets/ds004513/derivatives/flint/ants/flint-vprec-single-five-levels/sub-s025/ses-open/anat/111/1_InverseSyN.nii.gz] --initial-moving-transform [/templateflow/tpl-MNI152NLin2009cAsym/tpl-MNI152NLin2009cAsym_res-01_desc-brain_T1w.nii.gz,/mnt/lustre/mathdugre/fast-interpolate/datasets/ds004513/derivatives/flint/ants/flint-vprec-single-five-levels/sub-s025/ses-open/anat/11/1_Affine.nii.gz,1] --transform SyN[ 0.1,3,0 ] --metric CC[/templateflow/tpl-MNI152NLin2009cAsym/tpl-MNI152NLin2009cAsym_res-01_desc-brain_T1w.nii.gz,/mnt/lustre/mathdugre/fast-interpolate/datasets/ds004513/derivatives/flint/ants/flint-vprec-single-five-levels/sub-s025/ses-open/anat/11/1_Affine.nii.gz,1,4] --convergence [100x100x70x50x20,1e-6,10] --shrink-factors 16x8x4x2x1 --smoothing-sigmas 4x3x2x1x0vox
All_Command_lines_OK
Using double precision for computations.
=============================================================================
The composite transform comprises the following transforms (in order): 
  1. Center of mass alignment using fixed image: /templateflow/tpl-MNI152NLin2009cAsym/tpl-MNI152NLin2009cAsym_res-01_desc-brain_T1w.nii.gz and moving image: /mnt/lustre/mathdugre/fast-interpolate/datasets/ds004513/derivatives/flint/ants/flint-vprec-single-five-levels/sub-s025/ses-open/anat/11/1_Affine.nii.gz (type = Euler3DTransform)
=============================================================================
  number of levels = 5
  fixed image: /templateflow/tpl-MNI152NLin2009cAsym/tpl-MNI152NLin2009cAsym_res-01_desc-brain_T1w.nii.gz
  moving image: /mnt/lustre/mathdugre/fast-interpolate/datasets/ds004513/derivatives/flint/ants/flint-vprec-single-five-levels/sub-s025/ses-open/anat/11/1_Affine.nii.gz
Dimension = 3
Number of stages = 1
Use histogram matching = false
Winsorize image intensities = true
  Lower quantile = 0.005
  Upper quantile = 0.995


Stage 1 State
   Image metric = CC
     Fixed image = Image (0x4821f00)
  RTTI typeinfo:   itk::Image<double, 3u>
  Reference Count: 2
  Modified Time: 1622
  Debug: Off
  Object Name: 
  Observers: 
    none
  Source: (none)
  Source output name: (none)
  Release Data: Off
  Data Released: False
  Global Release Data: Off
  PipelineMTime: 0
  UpdateMTime: 1407
  RealTimeStamp: 0 seconds 
  LargestPossibleRegion: 
    Dimension: 3
    Index: [0, 0, 0]
    Size: [193, 229, 193]
  BufferedRegion: 
    Dimension: 3
    Index: [0, 0, 0]
    Size: [193, 229, 193]
  RequestedRegion: 
    Dimension: 3
    Index: [0, 0, 0]
    Size: [193, 229, 193]
  Spacing: [1, 1, 1]
  Origin: [96, 132, -78]
  Direction: 
-1 0 0
0 -1 0
0 0 1

  IndexToPointMatrix: 
-1 0 0
0 -1 0
0 0 1

  PointToIndexMatrix: 
-1 0 0
0 -1 0
0 0 1

  Inverse Direction: 
-1 0 0
0 -1 0
0 0 1

  PixelContainer: 
    ImportImageContainer (0x490e1d0)
      RTTI typeinfo:   itk::ImportImageContainer<unsigned long, double>
      Reference Count: 1
      Modified Time: 1404
      Debug: Off
      Object Name: 
      Observers: 
        none
      Pointer: 0x7f1980361010
      Container manages memory: true
      Size: 8530021
      Capacity: 8530021

     Moving image = Image (0x4828ff0)
  RTTI typeinfo:   itk::Image<double, 3u>
  Reference Count: 2
  Modified Time: 1623
  Debug: Off
  Object Name: 
  Observers: 
    none
  Source: (none)
  Source output name: (none)
  Release Data: Off
  Data Released: False
  Global Release Data: Off
  PipelineMTime: 0
  UpdateMTime: 1620
  RealTimeStamp: 0 seconds 
  LargestPossibleRegion: 
    Dimension: 3
    Index: [0, 0, 0]
    Size: [193, 229, 193]
  BufferedRegion: 
    Dimension: 3
    Index: [0, 0, 0]
    Size: [193, 229, 193]
  RequestedRegion: 
    Dimension: 3
    Index: [0, 0, 0]
    Size: [193, 229, 193]
  Spacing: [1, 1, 1]
  Origin: [96, 132, -78]
  Direction: 
-1 0 0
0 -1 0
0 0 1

  IndexToPointMatrix: 
-1 0 0
0 -1 0
0 0 1

  PointToIndexMatrix: 
-1 0 0
0 -1 0
0 0 1

  Inverse Direction: 
-1 0 0
0 -1 0
0 0 1

  PixelContainer: 
    ImportImageContainer (0x48af940)
      RTTI typeinfo:   itk::ImportImageContainer<unsigned long, double>
      Reference Count: 1
      Modified Time: 1617
      Debug: Off
      Object Name: 
      Observers: 
        none
      Pointer: 0x7f197c24c010
      Container manages memory: true
      Size: 8530021
      Capacity: 8530021

     Weighting = 1
     Sampling strategy = none
     Number of bins = 32
     Radius = 4
     Sampling percentage  = 1
   Transform = SyN
     Gradient step = 0.1
     Update field sigma (voxel space) = 3
     Total field sigma (voxel space) = 0
     Update field time sigma = 0
     Total field time sigma  = 0
     Number of time indices = 0
     Number of time point samples = 0
Registration using 1 total stages.

Stage 0
  iterations = 100x100x70x50x20
  convergence threshold = 1e-06
  convergence window size = 10
  number of levels = 5
  using the CC metric (radius = 4, weight = 1, use gradient filter = 0)
  preprocessing:  winsorizing the image intensities
  Shrink factors (level 1 out of 5): [16, 16, 16]
  Shrink factors (level 2 out of 5): [8, 8, 8]
  Shrink factors (level 3 out of 5): [4, 4, 4]
  Shrink factors (level 4 out of 5): [2, 2, 2]
  Shrink factors (level 5 out of 5): [1, 1, 1]
  smoothing sigmas per level: [4, 3, 2, 1, 0]
  Using default NONE metricSamplingStrategy 

*** Running SyN registration (varianceForUpdateField = 3, varianceForTotalField = 0) ***

XXDIAGNOSTIC,Iteration,metricValue,convergenceValue,ITERATION_TIME_INDEX,SINCE_LAST
 1DIAGNOSTIC,     1, -9.760975837708e-01, 1.797693134862e+308, 0.0000e+00, 0.0000e+00, 
 1DIAGNOSTIC,     2, -9.815613627434e-01, 1.797693134862e+308, 0.0000e+00, 0.0000e+00, 
 1DIAGNOSTIC,     3, -9.842200279236e-01, 1.797693134862e+308, 0.0000e+00, 0.0000e+00, 
 1DIAGNOSTIC,     4, -9.870840311050e-01, 1.797693134862e+308, 0.0000e+00, 0.0000e+00, 
 1DIAGNOSTIC,     5, -9.855037927628e-01, 1.797693134862e+308, 0.0000e+00, 0.0000e+00, 
 1DIAGNOSTIC,     6, -9.880502820015e-01, 1.797693134862e+308, 0.0000e+00, 0.0000e+00, 
 1DIAGNOSTIC,     7, -9.853280782700e-01, 1.797693134862e+308, 0.0000e+00, 0.0000e+00, 
 1DIAGNOSTIC,     8, -9.880474805832e-01, 1.797693134862e+308, 0.0000e+00, 0.0000e+00, 
 1DIAGNOSTIC,     9, -9.855136275291e-01, 1.797693134862e+308, 0.0000e+00, 0.0000e+00, 
 1DIAGNOSTIC,    10, -9.878798127174e-01, 5.088597536087e-04, 0.0000e+00, 0.0000e+00, 
 1DIAGNOSTIC,    11, -9.856031537056e-01, 1.831874251366e-04, 0.0000e+00, 0.0000e+00, 
 1DIAGNOSTIC,    12, -9.876755475998e-01, 7.709860801697e-05, 0.0000e+00, 0.0000e+00, 
 1DIAGNOSTIC,    13, -9.857510924339e-01, -6.034970283508e-06, 0.0000e+00, 0.0000e+00, 
XXDIAGNOSTIC,Iteration,metricValue,convergenceValue,ITERATION_TIME_INDEX,SINCE_LAST
 1DIAGNOSTIC,     1, -9.460208415985e-01, 1.797693134862e+308, 1.2800e+02, 1.2800e+02, 
 1DIAGNOSTIC,     2, -9.495871067047e-01, 1.797693134862e+308, 1.2800e+02, 0.0000e+00, 
 1DIAGNOSTIC,     3, -9.528614282608e-01, 1.797693134862e+308, 1.2800e+02, 0.0000e+00, 
 1DIAGNOSTIC,     4, -9.554091691971e-01, 1.797693134862e+308, 1.2800e+02, 0.0000e+00, 
 1DIAGNOSTIC,     5, -9.577542543411e-01, 1.797693134862e+308, 1.2800e+02, 0.0000e+00, 
 1DIAGNOSTIC,     6, -9.600980281830e-01, 1.797693134862e+308, 2.5600e+02, 1.2800e+02, 
 1DIAGNOSTIC,     7, -9.625828266144e-01, 1.797693134862e+308, 2.5600e+02, 0.0000e+00, 
 1DIAGNOSTIC,     8, -9.646906256676e-01, 1.797693134862e+308, 2.5600e+02, 0.0000e+00, 
 1DIAGNOSTIC,     9, -9.665919542313e-01, 1.797693134862e+308, 2.5600e+02, 0.0000e+00, 
 1DIAGNOSTIC,    10, -9.682031273842e-01, 1.458644866943e-03, 2.5600e+02, 0.0000e+00, 
 1DIAGNOSTIC,    11, -9.694151878357e-01, 1.207560300827e-03, 2.5600e+02, 0.0000e+00, 
 1DIAGNOSTIC,    12, -9.697240591049e-01, 9.846612811089e-04, 2.5600e+02, 0.0000e+00, 
 1DIAGNOSTIC,    13, -9.694069623947e-01, 7.745027542114e-04, 2.5600e+02, 0.0000e+00, 
 1DIAGNOSTIC,    14, -9.700064063072e-01, 5.906745791435e-04, 3.8400e+02, 1.2800e+02, 
 1DIAGNOSTIC,    15, -9.700075387955e-01, 4.229322075844e-04, 3.8400e+02, 0.0000e+00, 
 1DIAGNOSTIC,    16, -9.699846506119e-01, 2.798438072205e-04, 3.8400e+02, 0.0000e+00, 
 1DIAGNOSTIC,    17, -9.698827862740e-01, 1.693367958069e-04, 3.8400e+02, 0.0000e+00, 
 1DIAGNOSTIC,    18, -9.700407981873e-01, 9.268894791603e-05, 3.8400e+02, 0.0000e+00, 
 1DIAGNOSTIC,    19, -9.698703289032e-01, 4.195421934128e-05, 3.8400e+02, 0.0000e+00, 
 1DIAGNOSTIC,    20, -9.700200557709e-01, 1.806020736694e-05, 3.8400e+02, 0.0000e+00, 
 1DIAGNOSTIC,    21, -9.698888063431e-01, 9.983777999878e-06, 5.1200e+02, 1.2800e+02, 
 1DIAGNOSTIC,    22, -9.699825644493e-01, 7.539987564087e-06, 5.1200e+02, 0.0000e+00, 
 1DIAGNOSTIC,    23, -9.698280096054e-01, -1.572072505951e-06, 5.1200e+02, 0.0000e+00, 
XXDIAGNOSTIC,Iteration,metricValue,convergenceValue,ITERATION_TIME_INDEX,SINCE_LAST
 1DIAGNOSTIC,     1, -9.081528186798e-01, 1.797693134862e+308, 6.4000e+02, 1.2800e+02, 
 1DIAGNOSTIC,     2, -9.112737178802e-01, 1.797693134862e+308, 8.9600e+02, 2.5600e+02, 
 1DIAGNOSTIC,     3, -9.153952598572e-01, 1.797693134862e+308, 1.0240e+03, 1.2800e+02, 
 1DIAGNOSTIC,     4, -9.188178777695e-01, 1.797693134862e+308, 1.1520e+03, 1.2800e+02, 
 1DIAGNOSTIC,     5, -9.217168688774e-01, 1.797693134862e+308, 1.2800e+03, 1.2800e+02, 
 1DIAGNOSTIC,     6, -9.242262840271e-01, 1.797693134862e+308, 1.4080e+03, 1.2800e+02, 
 1DIAGNOSTIC,     7, -9.264873266220e-01, 1.797693134862e+308, 1.5360e+03, 1.2800e+02, 
 1DIAGNOSTIC,     8, -9.285739660263e-01, 1.797693134862e+308, 1.7920e+03, 2.5600e+02, 
 1DIAGNOSTIC,     9, -9.303137063980e-01, 1.797693134862e+308, 1.9200e+03, 1.2800e+02, 
 1DIAGNOSTIC,    10, -9.318996071815e-01, 1.656852662563e-03, 2.0480e+03, 1.2800e+02, 
 1DIAGNOSTIC,    11, -9.329064488411e-01, 1.338504254818e-03, 2.1760e+03, 1.2800e+02, 
 1DIAGNOSTIC,    12, -9.340158700943e-01, 1.060768961906e-03, 2.3040e+03, 1.2800e+02, 
 1DIAGNOSTIC,    13, -9.349771738052e-01, 8.493140339851e-04, 2.5600e+03, 2.5600e+02, 
 1DIAGNOSTIC,    14, -9.358264207840e-01, 6.839707493782e-04, 2.6880e+03, 1.2800e+02, 
 1DIAGNOSTIC,    15, -9.363479614258e-01, 5.478262901306e-04, 2.8160e+03, 1.2800e+02, 
 1DIAGNOSTIC,    16, -9.370422959328e-01, 4.397258162498e-04, 2.9440e+03, 1.2800e+02, 
 1DIAGNOSTIC,    17, -9.374493360519e-01, 3.515928983688e-04, 3.0720e+03, 1.2800e+02, 
 1DIAGNOSTIC,    18, -9.380646944046e-01, 2.864748239517e-04, 3.2000e+03, 1.2800e+02, 
 1DIAGNOSTIC,    19, -9.383904933929e-01, 2.346001565456e-04, 3.4560e+03, 2.5600e+02, 
 1DIAGNOSTIC,    20, -9.387162923813e-01, 1.954361796379e-04, 3.5840e+03, 1.2800e+02, 
 1DIAGNOSTIC,    21, -9.392534494400e-01, 1.642033457756e-04, 3.7120e+03, 1.2800e+02, 
 1DIAGNOSTIC,    22, -9.394983053207e-01, 1.391097903252e-04, 3.8400e+03, 1.2800e+02, 
 1DIAGNOSTIC,    23, -9.397424459457e-01, 1.191459596157e-04, 3.9680e+03, 1.2800e+02, 
 1DIAGNOSTIC,    24, -9.399867057800e-01, 1.036897301674e-04, 4.2240e+03, 2.5600e+02, 
 1DIAGNOSTIC,    25, -9.402251243591e-01, 8.898228406906e-05, 4.3520e+03, 1.2800e+02, 
 1DIAGNOSTIC,    26, -9.404475092888e-01, 7.781758904457e-05, 4.4800e+03, 1.2800e+02, 
 1DIAGNOSTIC,    27, -9.406568408012e-01, 6.704777479172e-05, 4.6080e+03, 1.2800e+02, 
 1DIAGNOSTIC,    28, -9.408489465714e-01, 5.964189767838e-05, 4.7360e+03, 1.2800e+02, 
 1DIAGNOSTIC,    29, -9.410282373428e-01, 5.247816443443e-05, 4.9920e+03, 2.5600e+02, 
 1DIAGNOSTIC,    30, -9.412033557892e-01, 4.588812589645e-05, 5.1200e+03, 1.2800e+02, 
 1DIAGNOSTIC,    31, -9.413594007492e-01, 4.224479198456e-05, 5.2480e+03, 1.2800e+02, 
 1DIAGNOSTIC,    32, -9.415116310120e-01, 3.866478800774e-05, 5.3760e+03, 1.2800e+02, 
 1DIAGNOSTIC,    33, -9.416509270668e-01, 3.522634506226e-05, 5.5040e+03, 1.2800e+02, 
 1DIAGNOSTIC,    34, -9.417731761932e-01, 3.197044134140e-05, 5.7600e+03, 2.5600e+02, 
 1DIAGNOSTIC,    35, -9.418885111809e-01, 2.900697290897e-05, 5.8880e+03, 1.2800e+02, 
 1DIAGNOSTIC,    36, -9.419983625412e-01, 2.630054950714e-05, 6.0160e+03, 1.2800e+02, 
 1DIAGNOSTIC,    37, -9.420961141586e-01, 2.381391823292e-05, 6.1440e+03, 1.2800e+02, 
 1DIAGNOSTIC,    38, -9.421862363815e-01, 2.150982618332e-05, 6.2720e+03, 1.2800e+02, 
 1DIAGNOSTIC,    39, -9.422681331635e-01, 1.936405897141e-05, 6.4000e+03, 1.2800e+02, 
 1DIAGNOSTIC,    40, -9.423381090164e-01, 1.740083098412e-05, 6.6560e+03, 2.5600e+02, 
 1DIAGNOSTIC,    41, -9.424037933350e-01, 1.557357609272e-05, 6.7840e+03, 1.2800e+02, 
 1DIAGNOSTIC,    42, -9.424643516541e-01, 1.393631100655e-05, 6.9120e+03, 1.2800e+02, 
 1DIAGNOSTIC,    43, -9.425058364868e-01, 1.237727701664e-05, 7.0400e+03, 1.2800e+02, 
 1DIAGNOSTIC,    44, -9.425498247147e-01, 1.091696321964e-05, 7.1680e+03, 1.2800e+02, 
 1DIAGNOSTIC,    45, -9.425870180130e-01, 9.566545486450e-06, 7.4240e+03, 2.5600e+02, 
 1DIAGNOSTIC,    46, -9.426217079163e-01, 8.365139365196e-06, 7.5520e+03, 1.2800e+02, 
 1DIAGNOSTIC,    47, -9.426448941231e-01, 7.253140211105e-06, 7.6800e+03, 1.2800e+02, 
 1DIAGNOSTIC,    48, -9.426729083061e-01, 6.295740604401e-06, 7.8080e+03, 1.2800e+02, 
 1DIAGNOSTIC,    49, -9.426971673965e-01, 5.492940545082e-06, 7.9360e+03, 1.2800e+02, 
 1DIAGNOSTIC,    50, -9.427164793015e-01, 4.786998033524e-06, 8.1920e+03, 2.5600e+02, 
 1DIAGNOSTIC,    51, -9.427342414856e-01, 4.205852746964e-06, 8.3200e+03, 1.2800e+02, 
 1DIAGNOSTIC,    52, -9.427453279495e-01, 3.715977072716e-06, 8.4480e+03, 1.2800e+02, 
 1DIAGNOSTIC,    53, -9.427535533905e-01, 3.224238753319e-06, 8.5760e+03, 1.2800e+02, 
 1DIAGNOSTIC,    54, -9.427642822266e-01, 2.808868885040e-06, 8.7040e+03, 1.2800e+02, 
 1DIAGNOSTIC,    55, -9.427601099014e-01, 2.374872565269e-06, 8.9600e+03, 2.5600e+02, 
 1DIAGNOSTIC,    56, -9.427666068077e-01, 2.004206180573e-06, 9.0880e+03, 1.2800e+02, 
 1DIAGNOSTIC,    57, -9.427679777145e-01, 1.635402441025e-06, 9.2160e+03, 1.2800e+02, 
 1DIAGNOSTIC,    58, -9.427720308304e-01, 1.339241862297e-06, 9.3440e+03, 1.2800e+02, 
 1DIAGNOSTIC,    59, -9.427793025970e-01, 1.143664121628e-06, 9.4720e+03, 1.2800e+02, 
 1DIAGNOSTIC,    60, -9.427826404572e-01, 1.009553670883e-06, 9.6000e+03, 1.2800e+02, 
 1DIAGNOSTIC,    61, -9.427853822708e-01, 9.313225746155e-07, 9.8560e+03, 2.5600e+02, 
XXDIAGNOSTIC,Iteration,metricValue,convergenceValue,ITERATION_TIME_INDEX,SINCE_LAST
 1DIAGNOSTIC,     1, -8.951330780983e-01, 1.797693134862e+308, 1.1136e+04, 1.2800e+03, 
 1DIAGNOSTIC,     2, -8.970248699188e-01, 1.797693134862e+308, 1.2160e+04, 1.0240e+03, 
 1DIAGNOSTIC,     3, -8.999421596527e-01, 1.797693134862e+308, 1.3312e+04, 1.1520e+03, 
 1DIAGNOSTIC,     4, -9.024555087090e-01, 1.797693134862e+308, 1.4336e+04, 1.0240e+03, 
 1DIAGNOSTIC,     5, -9.048243761063e-01, 1.797693134862e+308, 1.5360e+04, 1.0240e+03, 
 1DIAGNOSTIC,     6, -9.070572853088e-01, 1.797693134862e+308, 1.6512e+04, 1.1520e+03, 
 1DIAGNOSTIC,     7, -9.091465473175e-01, 1.797693134862e+308, 1.7536e+04, 1.0240e+03, 
 1DIAGNOSTIC,     8, -9.110653400421e-01, 1.797693134862e+308, 1.8688e+04, 1.1520e+03, 
 1DIAGNOSTIC,     9, -9.128012657166e-01, 1.797693134862e+308, 1.9712e+04, 1.0240e+03, 
 1DIAGNOSTIC,    10, -9.142085313797e-01, 1.389436423779e-03, 2.0736e+04, 1.0240e+03, 
 1DIAGNOSTIC,    11, -9.154471755028e-01, 1.183405518532e-03, 2.1888e+04, 1.1520e+03, 
 1DIAGNOSTIC,    12, -9.164878129959e-01, 9.812787175179e-04, 2.2912e+04, 1.0240e+03, 
 1DIAGNOSTIC,    13, -9.173556566238e-01, 8.122548460960e-04, 2.4064e+04, 1.1520e+03, 
 1DIAGNOSTIC,    14, -9.179590940475e-01, 6.627961993217e-04, 2.5088e+04, 1.0240e+03, 
 1DIAGNOSTIC,    15, -9.184796810150e-01, 5.327165126801e-04, 2.6240e+04, 1.1520e+03, 
 1DIAGNOSTIC,    16, -9.189300537109e-01, 4.221796989441e-04, 2.7392e+04, 1.1520e+03, 
 1DIAGNOSTIC,    17, -9.193296432495e-01, 3.311820328236e-04, 2.8416e+04, 1.0240e+03, 
 1DIAGNOSTIC,    18, -9.196826219559e-01, 2.588331699371e-04, 2.9568e+04, 1.1520e+03, 
 1DIAGNOSTIC,    19, -9.200041294098e-01, 2.037510275841e-04, 3.0592e+04, 1.0240e+03, 
 1DIAGNOSTIC,    20, -9.202857017517e-01, 1.614689826965e-04, 3.1744e+04, 1.1520e+03, 
 1DIAGNOSTIC,    21, -9.205626249313e-01, 1.305565237999e-04, 3.2768e+04, 1.0240e+03, 
 1DIAGNOSTIC,    22, -9.208295941353e-01, 1.086965203285e-04, 3.3920e+04, 1.1520e+03, 
 1DIAGNOSTIC,    23, -9.210842847824e-01, 9.374693036079e-05, 3.4944e+04, 1.0240e+03, 
 1DIAGNOSTIC,    24, -9.213161468506e-01, 8.209794759750e-05, 3.6096e+04, 1.1520e+03, 
 1DIAGNOSTIC,    25, -9.215446710587e-01, 7.300823926926e-05, 3.7120e+04, 1.0240e+03, 
 1DIAGNOSTIC,    26, -9.217610359192e-01, 6.577000021935e-05, 3.8272e+04, 1.1520e+03, 
 1DIAGNOSTIC,    27, -9.219689369202e-01, 5.989894270897e-05, 3.9296e+04, 1.0240e+03, 
 1DIAGNOSTIC,    28, -9.221733808517e-01, 5.500391125679e-05, 4.0448e+04, 1.1520e+03, 
 1DIAGNOSTIC,    29, -9.223651885986e-01, 5.081668496132e-05, 4.1472e+04, 1.0240e+03, 
 1DIAGNOSTIC,    30, -9.225406050682e-01, 4.687160253525e-05, 4.2624e+04, 1.1520e+03, 
 1DIAGNOSTIC,    31, -9.227078557014e-01, 4.324689507484e-05, 4.3648e+04, 1.0240e+03, 
 1DIAGNOSTIC,    32, -9.228681921959e-01, 3.994628787041e-05, 4.4800e+04, 1.1520e+03, 
 1DIAGNOSTIC,    33, -9.230164289474e-01, 3.689154982567e-05, 4.5824e+04, 1.0240e+03, 
 1DIAGNOSTIC,    34, -9.231654405594e-01, 3.404542803764e-05, 4.6848e+04, 1.0240e+03, 
 1DIAGNOSTIC,    35, -9.233009815216e-01, 3.139488399029e-05, 4.8000e+04, 1.1520e+03, 
 1DIAGNOSTIC,    36, -9.234325885773e-01, 2.896413207054e-05, 4.9152e+04, 1.1520e+03, 
 1DIAGNOSTIC,    37, -9.235556125641e-01, 2.672709524632e-05, 5.0176e+04, 1.0240e+03, 
 1DIAGNOSTIC,    38, -9.236665964127e-01, 2.469308674335e-05, 5.1200e+04, 1.0240e+03, 
 1DIAGNOSTIC,    39, -9.237782359123e-01, 2.286769449711e-05, 5.2352e+04, 1.1520e+03, 
 1DIAGNOSTIC,    40, -9.238823056221e-01, 2.117455005646e-05, 5.3504e+04, 1.1520e+03, 
 1DIAGNOSTIC,    41, -9.239775538445e-01, 1.957640051842e-05, 5.4528e+04, 1.0240e+03, 
 1DIAGNOSTIC,    42, -9.240673780441e-01, 1.808255910873e-05, 5.5680e+04, 1.1520e+03, 
 1DIAGNOSTIC,    43, -9.241549968719e-01, 1.667812466621e-05, 5.6704e+04, 1.0240e+03, 
 1DIAGNOSTIC,    44, -9.242359399796e-01, 1.542083919048e-05, 5.7856e+04, 1.1520e+03, 
 1DIAGNOSTIC,    45, -9.243214726448e-01, 1.431442797184e-05, 5.8880e+04, 1.0240e+03, 
 1DIAGNOSTIC,    46, -9.244000911713e-01, 1.334771513939e-05, 6.0032e+04, 1.1520e+03, 
 1DIAGNOSTIC,    47, -9.244802594185e-01, 1.253932714462e-05, 6.1056e+04, 1.0240e+03, 
 1DIAGNOSTIC,    48, -9.245551824570e-01, 1.180544495583e-05, 6.2208e+04, 1.1520e+03, 
 1DIAGNOSTIC,    49, -9.246200323105e-01, 1.114048063755e-05, 6.3232e+04, 1.0240e+03, 
 1DIAGNOSTIC,    50, -9.246864318848e-01, 1.053698360920e-05, 6.4384e+04, 1.1520e+03, 
XXDIAGNOSTIC,Iteration,metricValue,convergenceValue,ITERATION_TIME_INDEX,SINCE_LAST
 1DIAGNOSTIC,     1, -8.944674134254e-01, 1.797693134862e+308, 7.3344e+04, 8.9600e+03, 
 1DIAGNOSTIC,     2, -8.961884975433e-01, 1.797693134862e+308, 8.2304e+04, 8.9600e+03, 
 1DIAGNOSTIC,     3, -8.983175158501e-01, 1.797693134862e+308, 9.1136e+04, 8.8320e+03, 
 1DIAGNOSTIC,     4, -9.003779292107e-01, 1.797693134862e+308, 1.0010e+05, 8.9600e+03, 
 1DIAGNOSTIC,     5, -9.023731946945e-01, 1.797693134862e+308, 1.0893e+05, 8.8320e+03, 
 1DIAGNOSTIC,     6, -9.040680527687e-01, 1.797693134862e+308, 1.1789e+05, 8.9600e+03, 
 1DIAGNOSTIC,     7, -9.059817194939e-01, 1.797693134862e+308, 1.2672e+05, 8.8320e+03, 
 1DIAGNOSTIC,     8, -9.074875116348e-01, 1.797693134862e+308, 1.3555e+05, 8.8320e+03, 
 1DIAGNOSTIC,     9, -9.089689850807e-01, 1.797693134862e+308, 1.4438e+05, 8.8320e+03, 
 1DIAGNOSTIC,    10, -9.103968739510e-01, 1.149922609329e-03, 1.5322e+05, 8.8320e+03, 
 1DIAGNOSTIC,    11, -9.117558598518e-01, 9.994655847549e-04, 1.6205e+05, 8.8320e+03, 
 1DIAGNOSTIC,    12, -9.130268692970e-01, 8.620843291283e-04, 1.7088e+05, 8.8320e+03, 
