---------------------
Experiment information

SIF_IMG: /mnt/lustre/mathdugre/containers/ants-flint-vprec.simg
SIF_IMG_BASE: /mnt/lustre/mathdugre/containers/ants-flint-base.simg
EXPERIMENT_NAME: flint-vprec-single-five-levels
STAGE: affine
SUBJECT_ID: s017
REPETITION_ID: 1

FIXED_IMG: /templateflow/tpl-MNI152NLin2009cAsym/tpl-MNI152NLin2009cAsym_res-01_desc-brain_T1w.nii.gz
INPUT_IMG: /mnt/lustre/mathdugre/fast-interpolate/datasets/ds004513/derivatives/flint/ants/flint-vprec-single-five-levels/sub-s017/ses-open/anat/1/1_Rigid.nii.gz

DATA_DIR: /mnt/lustre/mathdugre/fast-interpolate/datasets/ds004513
OUTPUT_DIR: /mnt/lustre/mathdugre/fast-interpolate/datasets/ds004513/derivatives/flint/ants/flint-vprec-single-five-levels/sub-s017/ses-open/anat
OUTPUT_PREFIX: 11
THREAD: 1
FLOAT: 0
VFC_BACKENDS: libinterflop_vprec.so --precision-binary32=23 --range-binary32=8 --precision-binary64=23 --range-binary64=8
---------------------

--output [/mnt/lustre/mathdugre/fast-interpolate/datasets/ds004513/derivatives/flint/ants/flint-vprec-single-five-levels/sub-s017/ses-open/anat/11/1_,/mnt/lustre/mathdugre/fast-interpolate/datasets/ds004513/derivatives/flint/ants/flint-vprec-single-five-levels/sub-s017/ses-open/anat/11/1_Affine.nii.gz,/mnt/lustre/mathdugre/fast-interpolate/datasets/ds004513/derivatives/flint/ants/flint-vprec-single-five-levels/sub-s017/ses-open/anat/11/1_InverseAffine.nii.gz] --initial-moving-transform [/templateflow/tpl-MNI152NLin2009cAsym/tpl-MNI152NLin2009cAsym_res-01_desc-brain_T1w.nii.gz,/mnt/lustre/mathdugre/fast-interpolate/datasets/ds004513/derivatives/flint/ants/flint-vprec-single-five-levels/sub-s017/ses-open/anat/1/1_Rigid.nii.gz,1] --transform Affine[0.1] --metric MI[/templateflow/tpl-MNI152NLin2009cAsym/tpl-MNI152NLin2009cAsym_res-01_desc-brain_T1w.nii.gz,/mnt/lustre/mathdugre/fast-interpolate/datasets/ds004513/derivatives/flint/ants/flint-vprec-single-five-levels/sub-s017/ses-open/anat/1/1_Rigid.nii.gz,1,32,Regular,0.25] --convergence [1000x1000x500x250x100,1e-6,10] --shrink-factors 16x8x4x2x1 --smoothing-sigmas 4x3x2x1x0vox
All_Command_lines_OK
Using double precision for computations.
=============================================================================
The composite transform comprises the following transforms (in order): 
  1. Center of mass alignment using fixed image: /templateflow/tpl-MNI152NLin2009cAsym/tpl-MNI152NLin2009cAsym_res-01_desc-brain_T1w.nii.gz and moving image: /mnt/lustre/mathdugre/fast-interpolate/datasets/ds004513/derivatives/flint/ants/flint-vprec-single-five-levels/sub-s017/ses-open/anat/1/1_Rigid.nii.gz (type = Euler3DTransform)
=============================================================================
  number of levels = 5
  fixed image: /templateflow/tpl-MNI152NLin2009cAsym/tpl-MNI152NLin2009cAsym_res-01_desc-brain_T1w.nii.gz
  moving image: /mnt/lustre/mathdugre/fast-interpolate/datasets/ds004513/derivatives/flint/ants/flint-vprec-single-five-levels/sub-s017/ses-open/anat/1/1_Rigid.nii.gz
Dimension = 3
Number of stages = 1
Use histogram matching = false
Winsorize image intensities = true
  Lower quantile = 0.005
  Upper quantile = 0.995


Stage 1 State
   Image metric = MattesMI
     Fixed image = Image (0x35e4300)
  RTTI typeinfo:   itk::Image<double, 3u>
  Reference Count: 2
  Modified Time: 1622
  Debug: Off
  Object Name: 
  Observers: 
    none
  Source: (none)
  Source output name: (none)
  Release Data: Off
  Data Released: False
  Global Release Data: Off
  PipelineMTime: 0
  UpdateMTime: 1407
  RealTimeStamp: 0 seconds 
  LargestPossibleRegion: 
    Dimension: 3
    Index: [0, 0, 0]
    Size: [193, 229, 193]
  BufferedRegion: 
    Dimension: 3
    Index: [0, 0, 0]
    Size: [193, 229, 193]
  RequestedRegion: 
    Dimension: 3
    Index: [0, 0, 0]
    Size: [193, 229, 193]
  Spacing: [1, 1, 1]
  Origin: [96, 132, -78]
  Direction: 
-1 0 0
0 -1 0
0 0 1

  IndexToPointMatrix: 
-1 0 0
0 -1 0
0 0 1

  PointToIndexMatrix: 
-1 0 0
0 -1 0
0 0 1

  Inverse Direction: 
-1 0 0
0 -1 0
0 0 1

  PixelContainer: 
    ImportImageContainer (0x365ca50)
      RTTI typeinfo:   itk::ImportImageContainer<unsigned long, double>
      Reference Count: 1
      Modified Time: 1404
      Debug: Off
      Object Name: 
      Observers: 
        none
      Pointer: 0x7f586e728010
      Container manages memory: true
      Size: 8530021
      Capacity: 8530021

     Moving image = Image (0x35e4b00)
  RTTI typeinfo:   itk::Image<double, 3u>
  Reference Count: 2
  Modified Time: 1623
  Debug: Off
  Object Name: 
  Observers: 
    none
  Source: (none)
  Source output name: (none)
  Release Data: Off
  Data Released: False
  Global Release Data: Off
  PipelineMTime: 0
  UpdateMTime: 1620
  RealTimeStamp: 0 seconds 
  LargestPossibleRegion: 
    Dimension: 3
    Index: [0, 0, 0]
    Size: [193, 229, 193]
  BufferedRegion: 
    Dimension: 3
    Index: [0, 0, 0]
    Size: [193, 229, 193]
  RequestedRegion: 
    Dimension: 3
    Index: [0, 0, 0]
    Size: [193, 229, 193]
  Spacing: [1, 1, 1]
  Origin: [96, 132, -78]
  Direction: 
-1 0 0
0 -1 0
0 0 1

  IndexToPointMatrix: 
-1 0 0
0 -1 0
0 0 1

  PointToIndexMatrix: 
-1 0 0
0 -1 0
0 0 1

  Inverse Direction: 
-1 0 0
0 -1 0
0 0 1

  PixelContainer: 
    ImportImageContainer (0x35ed810)
      RTTI typeinfo:   itk::ImportImageContainer<unsigned long, double>
      Reference Count: 1
      Modified Time: 1617
      Debug: Off
      Object Name: 
      Observers: 
        none
      Pointer: 0x7f586a613010
      Container manages memory: true
      Size: 8530021
      Capacity: 8530021

     Weighting = 1
     Sampling strategy = regular
     Number of bins = 32
     Radius = 4
     Sampling percentage  = 0.25
   Transform = Affine
     Gradient step = 0.1
     Update field sigma (voxel space) = 0
     Total field sigma (voxel space) = 0
     Update field time sigma = 0
     Total field time sigma  = 0
     Number of time indices = 0
     Number of time point samples = 0
Registration using 1 total stages.

Stage 0
  iterations = 1000x1000x500x250x100
  convergence threshold = 1e-06
  convergence window size = 10
  number of levels = 5
  using the Mattes MI metric (number of bins = 32, weight = 1, use gradient filter = 0)
  preprocessing:  winsorizing the image intensities
  Shrink factors (level 1 out of 5): [16, 16, 16]
  Shrink factors (level 2 out of 5): [8, 8, 8]
  Shrink factors (level 3 out of 5): [4, 4, 4]
  Shrink factors (level 4 out of 5): [2, 2, 2]
  Shrink factors (level 5 out of 5): [1, 1, 1]
  smoothing sigmas per level: [4, 3, 2, 1, 0]
  regular sampling (percentage = 0.25)

*** Running AffineTransform registration ***

DIAGNOSTIC,Iteration,metricValue,convergenceValue,ITERATION_TIME_INDEX,SINCE_LAST
 2DIAGNOSTIC,     1, -7.237294912338e-01, 1.797693134862e+308, 0.0000e+00, 0.0000e+00, 
 2DIAGNOSTIC,     2, -7.255852222443e-01, 1.797693134862e+308, 0.0000e+00, 0.0000e+00, 
 2DIAGNOSTIC,     3, -7.284727096558e-01, 1.797693134862e+308, 0.0000e+00, 0.0000e+00, 
 2DIAGNOSTIC,     4, -7.334572076797e-01, 1.797693134862e+308, 0.0000e+00, 0.0000e+00, 
 2DIAGNOSTIC,     5, -7.466434836388e-01, 1.797693134862e+308, 0.0000e+00, 0.0000e+00, 
 2DIAGNOSTIC,     6, -7.645887136459e-01, 1.797693134862e+308, 0.0000e+00, 0.0000e+00, 
 2DIAGNOSTIC,     7, -8.612513542175e-01, 1.797693134862e+308, 0.0000e+00, 0.0000e+00, 
 2DIAGNOSTIC,     8, -9.465409517288e-01, 1.797693134862e+308, 0.0000e+00, 0.0000e+00, 
 2DIAGNOSTIC,     9, -9.598711133003e-01, 1.797693134862e+308, 0.0000e+00, 0.0000e+00, 
 2DIAGNOSTIC,    10, -1.001017808914e+00, 2.421130239964e-02, 0.0000e+00, 0.0000e+00, 
 2DIAGNOSTIC,    11, -1.016212224960e+00, 2.460388839245e-02, 0.0000e+00, 0.0000e+00, 
 2DIAGNOSTIC,    12, -1.016970276833e+00, 2.277923375368e-02, 0.0000e+00, 0.0000e+00, 
 2DIAGNOSTIC,    13, -1.021366715431e+00, 1.941700279713e-02, 0.0000e+00, 0.0000e+00, 
 2DIAGNOSTIC,    14, -1.024314999580e+00, 1.507352292538e-02, 0.0000e+00, 0.0000e+00, 
 2DIAGNOSTIC,    15, -1.028464317322e+00, 1.043222844601e-02, 0.0000e+00, 0.0000e+00, 
 2DIAGNOSTIC,    16, -1.034819602966e+00, 5.951061844826e-03, 0.0000e+00, 0.0000e+00, 
 2DIAGNOSTIC,    17, -1.048618555069e+00, 3.537282347679e-03, 0.0000e+00, 0.0000e+00, 
 2DIAGNOSTIC,    18, -1.048618197441e+00, 2.583593130112e-03, 0.0000e+00, 0.0000e+00, 
 2DIAGNOSTIC,    19, -1.048624992371e+00, 1.710884273052e-03, 0.0000e+00, 0.0000e+00, 
 2DIAGNOSTIC,    20, -1.048637390137e+00, 1.407008618116e-03, 0.0000e+00, 0.0000e+00, 
 2DIAGNOSTIC,    21, -1.048658251762e+00, 1.225098967552e-03, 0.0000e+00, 0.0000e+00, 
 2DIAGNOSTIC,    22, -1.048692345619e+00, 9.551793336868e-04, 0.0000e+00, 0.0000e+00, 
 2DIAGNOSTIC,    23, -1.048749089241e+00, 6.812140345573e-04, 0.0000e+00, 0.0000e+00, 
 2DIAGNOSTIC,    24, -1.048840641975e+00, 4.094205796719e-04, 0.0000e+00, 0.0000e+00, 
 2DIAGNOSTIC,    25, -1.048985242844e+00, 1.745969057083e-04, 0.0000e+00, 0.0000e+00, 
 2DIAGNOSTIC,    26, -1.049206614494e+00, 1.415237784386e-05, 0.0000e+00, 0.0000e+00, 
 2DIAGNOSTIC,    27, -1.049529671669e+00, 2.060458064079e-05, 0.0000e+00, 0.0000e+00, 
 2DIAGNOSTIC,    28, -1.049976229668e+00, 2.940744161606e-05, 0.0000e+00, 0.0000e+00, 
 2DIAGNOSTIC,    29, -1.050578951836e+00, 4.100799560547e-05, 0.0000e+00, 0.0000e+00, 
 2DIAGNOSTIC,    30, -1.051395058632e+00, 5.603209137917e-05, 0.0000e+00, 0.0000e+00, 
 2DIAGNOSTIC,    31, -1.052482604980e+00, 7.518380880356e-05, 0.0000e+00, 0.0000e+00, 
 2DIAGNOSTIC,    32, -1.054072737694e+00, 1.006945967674e-04, 0.0000e+00, 0.0000e+00, 
 2DIAGNOSTIC,    33, -1.056021809578e+00, 1.325793564320e-04, 0.0000e+00, 0.0000e+00, 
 2DIAGNOSTIC,    34, -1.058637142181e+00, 1.728460192680e-04, 0.0000e+00, 0.0000e+00, 
 2DIAGNOSTIC,    35, -1.059048175812e+00, 1.986101269722e-04, 0.0000e+00, 0.0000e+00, 
 2DIAGNOSTIC,    36, -1.059233069420e+00, 2.075769007206e-04, 0.0000e+00, 0.0000e+00, 
 2DIAGNOSTIC,    37, -1.059608578682e+00, 2.019498497248e-04, 0.0000e+00, 0.0000e+00, 
 2DIAGNOSTIC,    38, -1.059816241264e+00, 1.821778714657e-04, 0.0000e+00, 0.0000e+00, 
 2DIAGNOSTIC,    39, -1.059929251671e+00, 1.512672752142e-04, 0.0000e+00, 0.0000e+00, 
 2DIAGNOSTIC,    40, -1.060220003128e+00, 1.156907528639e-04, 0.0000e+00, 0.0000e+00, 
 2DIAGNOSTIC,    41, -1.060536146164e+00, 8.092261850834e-05, 0.0000e+00, 0.0000e+00, 
 2DIAGNOSTIC,    42, -1.060611367226e+00, 5.142576992512e-05, 0.0000e+00, 0.0000e+00, 
 2DIAGNOSTIC,    43, -1.061085343361e+00, 3.422051668167e-05, 0.0000e+00, 0.0000e+00, 
 2DIAGNOSTIC,    44, -1.061496615410e+00, 3.418326377869e-05, 0.0000e+00, 0.0000e+00, 
 2DIAGNOSTIC,    45, -1.061636090279e+00, 3.438815474510e-05, 0.0000e+00, 0.0000e+00, 
 2DIAGNOSTIC,    46, -1.062037825584e+00, 3.495998680592e-05, 0.0000e+00, 0.0000e+00, 
 2DIAGNOSTIC,    47, -1.062631011009e+00, 3.805197775364e-05, 0.0000e+00, 0.0000e+00, 
 2DIAGNOSTIC,    48, -1.062822818756e+00, 3.970786929131e-05, 0.0000e+00, 0.0000e+00, 
 2DIAGNOSTIC,    49, -1.062937140465e+00, 3.884918987751e-05, 0.0000e+00, 0.0000e+00, 
 2DIAGNOSTIC,    50, -1.063013792038e+00, 3.646686673164e-05, 0.0000e+00, 0.0000e+00, 
 2DIAGNOSTIC,    51, -1.063060641289e+00, 3.278627991676e-05, 0.0000e+00, 0.0000e+00, 
 2DIAGNOSTIC,    52, -1.063099741936e+00, 2.670474350452e-05, 0.0000e+00, 0.0000e+00, 
 2DIAGNOSTIC,    53, -1.063100814819e+00, 2.084672451019e-05, 0.0000e+00, 0.0000e+00, 
 2DIAGNOSTIC,    54, -1.063106894493e+00, 1.549907028675e-05, 0.0000e+00, 0.0000e+00, 
 2DIAGNOSTIC,    55, -1.063115358353e+00, 9.674578905106e-06, 0.0000e+00, 0.0000e+00, 
 2DIAGNOSTIC,    56, -1.063124060631e+00, 5.194917321205e-06, 0.0000e+00, 0.0000e+00, 
 2DIAGNOSTIC,    57, -1.063134074211e+00, 3.386288881302e-06, 0.0000e+00, 0.0000e+00, 
 2DIAGNOSTIC,    58, -1.063144564629e+00, 2.343207597733e-06, 0.0000e+00, 0.0000e+00, 
 2DIAGNOSTIC,    59, -1.063154816628e+00, 1.754611730576e-06, 0.0000e+00, 0.0000e+00, 
 2DIAGNOSTIC,    60, -1.063167810440e+00, 1.495704054832e-06, 0.0000e+00, 0.0000e+00, 
 2DIAGNOSTIC,    61, -1.063168048859e+00, 1.350417733192e-06, 0.0000e+00, 0.0000e+00, 
 2DIAGNOSTIC,    62, -1.063168764114e+00, 1.326203346252e-06, 0.0000e+00, 0.0000e+00, 
 2DIAGNOSTIC,    63, -1.063169956207e+00, 1.231208443642e-06, 0.0000e+00, 0.0000e+00, 
 2DIAGNOSTIC,    64, -1.063172698021e+00, 1.110136508942e-06, 0.0000e+00, 0.0000e+00, 
DIAGNOSTIC,Iteration,metricValue,convergenceValue,ITERATION_TIME_INDEX,SINCE_LAST
 2DIAGNOSTIC,     1, -7.949154376984e-01, 1.797693134862e+308, 1.2800e+02, 1.2800e+02, 
 2DIAGNOSTIC,     2, -8.010095357895e-01, 1.797693134862e+308, 1.2800e+02, 0.0000e+00, 
 2DIAGNOSTIC,     3, -8.102749586105e-01, 1.797693134862e+308, 1.2800e+02, 0.0000e+00, 
 2DIAGNOSTIC,     4, -8.220862746239e-01, 1.797693134862e+308, 1.2800e+02, 0.0000e+00, 
 2DIAGNOSTIC,     5, -8.341448307037e-01, 1.797693134862e+308, 1.2800e+02, 0.0000e+00, 
 2DIAGNOSTIC,     6, -8.434878587723e-01, 1.797693134862e+308, 1.2800e+02, 0.0000e+00, 
 2DIAGNOSTIC,     7, -8.483806848526e-01, 1.797693134862e+308, 1.2800e+02, 0.0000e+00, 
 2DIAGNOSTIC,     8, -8.539956212044e-01, 1.797693134862e+308, 1.2800e+02, 0.0000e+00, 
 2DIAGNOSTIC,     9, -8.550378680229e-01, 1.797693134862e+308, 1.2800e+02, 0.0000e+00, 
 2DIAGNOSTIC,    10, -8.557265400887e-01, 5.214087665081e-03, 1.2800e+02, 0.0000e+00, 
 2DIAGNOSTIC,    11, -8.562636375427e-01, 3.973111510277e-03, 1.2800e+02, 0.0000e+00, 
 2DIAGNOSTIC,    12, -8.569847941399e-01, 2.780109643936e-03, 1.2800e+02, 0.0000e+00, 
 2DIAGNOSTIC,    13, -8.572641611099e-01, 1.769460737705e-03, 1.2800e+02, 0.0000e+00, 
 2DIAGNOSTIC,    14, -8.575000762939e-01, 1.033082604408e-03, 1.2800e+02, 0.0000e+00, 
 2DIAGNOSTIC,    15, -8.576102256775e-01, 5.744621157646e-04, 1.2800e+02, 0.0000e+00, 
 2DIAGNOSTIC,    16, -8.580441474915e-01, 3.268644213676e-04, 1.2800e+02, 0.0000e+00, 
 2DIAGNOSTIC,    17, -8.581773638725e-01, 1.756250858307e-04, 1.2800e+02, 0.0000e+00, 
 2DIAGNOSTIC,    18, -8.583493232727e-01, 1.334995031357e-04, 1.2800e+02, 0.0000e+00, 
 2DIAGNOSTIC,    19, -8.583999872208e-01, 1.029744744301e-04, 1.2800e+02, 0.0000e+00, 
 2DIAGNOSTIC,    20, -8.584338426590e-01, 7.826089859009e-05, 1.2800e+02, 0.0000e+00, 
 2DIAGNOSTIC,    21, -8.584448099136e-01, 5.725398659706e-05, 1.2800e+02, 0.0000e+00, 
 2DIAGNOSTIC,    22, -8.584498167038e-01, 4.396587610245e-05, 1.2800e+02, 0.0000e+00, 
 2DIAGNOSTIC,    23, -8.584541082382e-01, 3.201141953468e-05, 1.2800e+02, 0.0000e+00, 
 2DIAGNOSTIC,    24, -8.584550023079e-01, 2.153590321541e-05, 1.2800e+02, 0.0000e+00, 
 2DIAGNOSTIC,    25, -8.584545850754e-01, 1.137331128120e-05, 1.2800e+02, 0.0000e+00, 
 2DIAGNOSTIC,    26, -8.584545850754e-01, 6.631016731262e-06, 1.2800e+02, 0.0000e+00, 
 2DIAGNOSTIC,    27, -8.584546446800e-01, 3.345310688019e-06, 1.2800e+02, 0.0000e+00, 
 2DIAGNOSTIC,    28, -8.584548830986e-01, 2.130866050720e-06, 1.2800e+02, 0.0000e+00, 
 2DIAGNOSTIC,    29, -8.584558963776e-01, 1.501291990280e-06, 1.2800e+02, 0.0000e+00, 
 2DIAGNOSTIC,    30, -8.584558367729e-01, 1.259148120880e-06, 1.2800e+02, 0.0000e+00, 
 2DIAGNOSTIC,    31, -8.584573268890e-01, 1.136213541031e-06, 1.2800e+02, 0.0000e+00, 
 2DIAGNOSTIC,    32, -8.584570288658e-01, 1.069158315659e-06, 1.2800e+02, 0.0000e+00, 
 2DIAGNOSTIC,    33, -8.584584593773e-01, 1.057982444763e-06, 1.2800e+02, 0.0000e+00, 
 2DIAGNOSTIC,    34, -8.584581017494e-01, 1.035630702972e-06, 1.2800e+02, 0.0000e+00, 
 2DIAGNOSTIC,    35, -8.584586381912e-01, 1.015141606331e-06, 1.2800e+02, 0.0000e+00, 
DIAGNOSTIC,Iteration,metricValue,convergenceValue,ITERATION_TIME_INDEX,SINCE_LAST
 2DIAGNOSTIC,     1, -7.267357110977e-01, 1.797693134862e+308, 1.2800e+02, 0.0000e+00, 
 2DIAGNOSTIC,     2, -7.271066904068e-01, 1.797693134862e+308, 1.2800e+02, 0.0000e+00, 
 2DIAGNOSTIC,     3, -7.274235486984e-01, 1.797693134862e+308, 1.2800e+02, 0.0000e+00, 
 2DIAGNOSTIC,     4, -7.278957366943e-01, 1.797693134862e+308, 1.2800e+02, 0.0000e+00, 
 2DIAGNOSTIC,     5, -7.282170653343e-01, 1.797693134862e+308, 1.2800e+02, 0.0000e+00, 
 2DIAGNOSTIC,     6, -7.282630801201e-01, 1.797693134862e+308, 1.2800e+02, 0.0000e+00, 
 2DIAGNOSTIC,     7, -7.282744050026e-01, 1.797693134862e+308, 1.2800e+02, 0.0000e+00, 
 2DIAGNOSTIC,     8, -7.283433675766e-01, 1.797693134862e+308, 1.2800e+02, 0.0000e+00, 
 2DIAGNOSTIC,     9, -7.283827662468e-01, 1.797693134862e+308, 1.2800e+02, 0.0000e+00, 
 2DIAGNOSTIC,    10, -7.283939123154e-01, 1.438781619072e-04, 1.2800e+02, 0.0000e+00, 
 2DIAGNOSTIC,    11, -7.284181714058e-01, 9.381771087646e-05, 1.2800e+02, 0.0000e+00, 
 2DIAGNOSTIC,    12, -7.284298539162e-01, 5.646795034409e-05, 1.2800e+02, 0.0000e+00, 
 2DIAGNOSTIC,    13, -7.284298539162e-01, 2.920627593994e-05, 1.2800e+02, 0.0000e+00, 
 2DIAGNOSTIC,    14, -7.284305691719e-01, 1.635402441025e-05, 1.2800e+02, 0.0000e+00, 
 2DIAGNOSTIC,    15, -7.284306883812e-01, 1.229345798492e-05, 1.2800e+02, 0.0000e+00, 
 2DIAGNOSTIC,    16, -7.284309267998e-01, 8.940696716309e-06, 1.2800e+02, 0.0000e+00, 
 2DIAGNOSTIC,    17, -7.284307479858e-01, 5.565583705902e-06, 1.2800e+02, 0.0000e+00, 
 2DIAGNOSTIC,    18, -7.284315228462e-01, 3.736466169357e-06, 1.2800e+02, 0.0000e+00, 
 2DIAGNOSTIC,    19, -7.284315824509e-01, 2.712011337280e-06, 1.2800e+02, 0.0000e+00, 
 2DIAGNOSTIC,    20, -7.284315824509e-01, 1.903623342514e-06, 1.2800e+02, 0.0000e+00, 
 2DIAGNOSTIC,    21, -7.284314632416e-01, 1.594424247742e-06, 1.2800e+02, 0.0000e+00, 
 2DIAGNOSTIC,    22, -7.284315824509e-01, 1.516193151474e-06, 1.2800e+02, 0.0000e+00, 
 2DIAGNOSTIC,    23, -7.284314632416e-01, 1.426786184311e-06, 2.5600e+02, 1.2800e+02, 
 2DIAGNOSTIC,    24, -7.284316420555e-01, 1.363456249237e-06, 2.5600e+02, 0.0000e+00, 
 2DIAGNOSTIC,    25, -7.284315228462e-01, 1.292675733566e-06, 2.5600e+02, 0.0000e+00, 
 2DIAGNOSTIC,    26, -7.284314036369e-01, 1.240521669388e-06, 2.5600e+02, 0.0000e+00, 
 2DIAGNOSTIC,    27, -7.284315228462e-01, 1.173466444016e-06, 2.5600e+02, 0.0000e+00, 
 2DIAGNOSTIC,    28, -7.284315228462e-01, 1.139938831329e-06, 2.5600e+02, 0.0000e+00, 
 2DIAGNOSTIC,    29, -7.284312844276e-01, 1.095235347748e-06, 2.5600e+02, 0.0000e+00, 
 2DIAGNOSTIC,    30, -7.284311652184e-01, 1.054257154465e-06, 2.5600e+02, 0.0000e+00, 
 2DIAGNOSTIC,    31, -7.284312844276e-01, 1.013278961182e-06, 2.5600e+02, 0.0000e+00, 
DIAGNOSTIC,Iteration,metricValue,convergenceValue,ITERATION_TIME_INDEX,SINCE_LAST
 2DIAGNOSTIC,     1, -6.183461546898e-01, 1.797693134862e+308, 2.5600e+02, 0.0000e+00, 
 2DIAGNOSTIC,     2, -6.186522245407e-01, 1.797693134862e+308, 2.5600e+02, 0.0000e+00, 
 2DIAGNOSTIC,     3, -6.189723610878e-01, 1.797693134862e+308, 2.5600e+02, 0.0000e+00, 
 2DIAGNOSTIC,     4, -6.193859577179e-01, 1.797693134862e+308, 2.5600e+02, 0.0000e+00, 
 2DIAGNOSTIC,     5, -6.197211146355e-01, 1.797693134862e+308, 3.8400e+02, 1.2800e+02, 
 2DIAGNOSTIC,     6, -6.197208166122e-01, 1.797693134862e+308, 3.8400e+02, 0.0000e+00, 
 2DIAGNOSTIC,     7, -6.197225451469e-01, 1.797693134862e+308, 3.8400e+02, 0.0000e+00, 
 2DIAGNOSTIC,     8, -6.197242736816e-01, 1.797693134862e+308, 3.8400e+02, 0.0000e+00, 
 2DIAGNOSTIC,     9, -6.197261810303e-01, 1.797693134862e+308, 3.8400e+02, 0.0000e+00, 
 2DIAGNOSTIC,    10, -6.197298765182e-01, 1.411736011505e-04, 3.8400e+02, 0.0000e+00, 
 2DIAGNOSTIC,    11, -6.197367906570e-01, 8.577853441238e-05, 5.1200e+02, 1.2800e+02, 
 2DIAGNOSTIC,    12, -6.197462677956e-01, 4.429370164871e-05, 5.1200e+02, 0.0000e+00, 
 2DIAGNOSTIC,    13, -6.197589039803e-01, 1.690536737442e-05, 5.1200e+02, 0.0000e+00, 
 2DIAGNOSTIC,    14, -6.197762489319e-01, 5.938112735748e-06, 5.1200e+02, 0.0000e+00, 
 2DIAGNOSTIC,    15, -6.197978854179e-01, 6.973743438721e-06, 5.1200e+02, 0.0000e+00, 
 2DIAGNOSTIC,    16, -6.198614835739e-01, 9.268522262573e-06, 5.1200e+02, 0.0000e+00, 
 2DIAGNOSTIC,    17, -6.198763847351e-01, 1.100823283195e-05, 5.1200e+02, 0.0000e+00, 
 2DIAGNOSTIC,    18, -6.198790073395e-01, 1.184269785881e-05, 5.1200e+02, 0.0000e+00, 
 2DIAGNOSTIC,    19, -6.198920011520e-01, 1.204386353493e-05, 6.4000e+02, 1.2800e+02, 
 2DIAGNOSTIC,    20, -6.199007034302e-01, 1.151859760284e-05, 6.4000e+02, 0.0000e+00, 
 2DIAGNOSTIC,    21, -6.198998689651e-01, 1.023337244987e-05, 6.4000e+02, 0.0000e+00, 
 2DIAGNOSTIC,    22, -6.199024915695e-01, 8.497387170792e-06, 6.4000e+02, 0.0000e+00, 
 2DIAGNOSTIC,    23, -6.199038028717e-01, 6.556510925293e-06, 6.4000e+02, 0.0000e+00, 
 2DIAGNOSTIC,    24, -6.199036836624e-01, 4.623085260391e-06, 6.4000e+02, 0.0000e+00, 
 2DIAGNOSTIC,    25, -6.199039220810e-01, 2.894550561905e-06, 6.4000e+02, 0.0000e+00, 
 2DIAGNOSTIC,    26, -6.199038028717e-01, 2.268701791763e-06, 7.6800e+02, 1.2800e+02, 
 2DIAGNOSTIC,    27, -6.199043393135e-01, 1.858919858932e-06, 7.6800e+02, 0.0000e+00, 
 2DIAGNOSTIC,    28, -6.199044585228e-01, 1.449137926102e-06, 7.6800e+02, 0.0000e+00, 
 2DIAGNOSTIC,    29, -6.199039816856e-01, 1.236796379089e-06, 7.6800e+02, 0.0000e+00, 
 2DIAGNOSTIC,    30, -6.199038624763e-01, 1.151114702225e-06, 7.6800e+02, 0.0000e+00, 
 2DIAGNOSTIC,    31, -6.199042201042e-01, 1.065433025360e-06, 7.6800e+02, 0.0000e+00, 
 2DIAGNOSTIC,    32, -6.199041604996e-01, 1.009553670883e-06, 7.6800e+02, 0.0000e+00, 
DIAGNOSTIC,Iteration,metricValue,convergenceValue,ITERATION_TIME_INDEX,SINCE_LAST
 2DIAGNOSTIC,     1, -5.576061606407e-01, 1.797693134862e+308, 8.9600e+02, 1.2800e+02, 
 2DIAGNOSTIC,     2, -5.577438473701e-01, 1.797693134862e+308, 1.0240e+03, 1.2800e+02, 
 2DIAGNOSTIC,     3, -5.578597784042e-01, 1.797693134862e+308, 1.1520e+03, 1.2800e+02, 
 2DIAGNOSTIC,     4, -5.579117536545e-01, 1.797693134862e+308, 1.4080e+03, 2.5600e+02, 
 2DIAGNOSTIC,     5, -5.579122900963e-01, 1.797693134862e+308, 1.5360e+03, 1.2800e+02, 
 2DIAGNOSTIC,     6, -5.579127669334e-01, 1.797693134862e+308, 1.6640e+03, 1.2800e+02, 
 2DIAGNOSTIC,     7, -5.579127669334e-01, 1.797693134862e+308, 1.7920e+03, 1.2800e+02, 
 2DIAGNOSTIC,     8, -5.579128265381e-01, 1.797693134862e+308, 1.9200e+03, 1.2800e+02, 
 2DIAGNOSTIC,     9, -5.579128265381e-01, 1.797693134862e+308, 2.0480e+03, 1.2800e+02, 
 2DIAGNOSTIC,    10, -5.579131245613e-01, 2.827495336533e-05, 2.1760e+03, 1.2800e+02, 
 2DIAGNOSTIC,    11, -5.579127073288e-01, 1.291185617447e-05, 2.3040e+03, 1.2800e+02, 
 2DIAGNOSTIC,    12, -5.579128861427e-01, 4.969537258148e-06, 2.4320e+03, 1.2800e+02, 
 2DIAGNOSTIC,    13, -5.579131841660e-01, 2.525746822357e-06, 2.5600e+03, 1.2800e+02, 
 2DIAGNOSTIC,    14, -5.579132437706e-01, 2.324581146240e-06, 2.6880e+03, 1.2800e+02, 
 2DIAGNOSTIC,    15, -5.579134225845e-01, 2.160668373108e-06, 2.8160e+03, 1.2800e+02, 
 2DIAGNOSTIC,    16, -5.579133629799e-01, 2.034008502960e-06, 2.9440e+03, 1.2800e+02, 
 2DIAGNOSTIC,    17, -5.579130649567e-01, 1.907348632812e-06, 3.2000e+03, 2.5600e+02, 
 2DIAGNOSTIC,    18, -5.579131841660e-01, 1.803040504456e-06, 3.3280e+03, 1.2800e+02, 
 2DIAGNOSTIC,    19, -5.579130053520e-01, 1.687556505203e-06, 3.4560e+03, 1.2800e+02, 
 2DIAGNOSTIC,    20, -5.579129457474e-01, 1.594424247742e-06, 3.5840e+03, 1.2800e+02, 
 2DIAGNOSTIC,    21, -5.579130053520e-01, 1.501291990280e-06, 3.7120e+03, 1.2800e+02, 
 2DIAGNOSTIC,    22, -5.579130649567e-01, 1.430511474609e-06, 3.8400e+03, 1.2800e+02, 
 2DIAGNOSTIC,    23, -5.579128861427e-01, 1.363456249237e-06, 3.9680e+03, 1.2800e+02, 
 2DIAGNOSTIC,    24, -5.579131245613e-01, 1.311302185059e-06, 4.0960e+03, 1.2800e+02, 
 2DIAGNOSTIC,    25, -5.579130649567e-01, 1.266598701477e-06, 4.2240e+03, 1.2800e+02, 
 2DIAGNOSTIC,    26, -5.579131245613e-01, 1.225620508194e-06, 4.3520e+03, 1.2800e+02, 
 2DIAGNOSTIC,    27, -5.579129457474e-01, 1.177191734314e-06, 4.4800e+03, 1.2800e+02, 
 2DIAGNOSTIC,    28, -5.579131245613e-01, 1.143664121628e-06, 4.6080e+03, 1.2800e+02, 
 2DIAGNOSTIC,    29, -5.579131841660e-01, 1.106411218643e-06, 4.7360e+03, 1.2800e+02, 
 2DIAGNOSTIC,    30, -5.579131245613e-01, 1.069158315659e-06, 4.8640e+03, 1.2800e+02, 
 2DIAGNOSTIC,    31, -5.579131841660e-01, 1.031905412674e-06, 4.9920e+03, 1.2800e+02, 
 2DIAGNOSTIC,    32, -5.579131245613e-01, 1.002103090286e-06, 5.1200e+03, 1.2800e+02, 
  Elapsed time (stage 0): 5.1200e+03


Total elapsed time: 5.1200e+03
-i /mnt/lustre/mathdugre/fast-interpolate/datasets/ds004513/derivatives/flint/ants/flint-vprec-single-five-levels/sub-s017/ses-open/anat/1/1_Rigid.nii.gz -o /mnt/lustre/mathdugre/fast-interpolate/datasets/ds004513/derivatives/flint/ants/flint-vprec-single-five-levels/sub-s017/ses-open/anat/11/1_transformed.nii.gz -t /mnt/lustre/mathdugre/fast-interpolate/datasets/ds004513/derivatives/flint/ants/flint-vprec-single-five-levels/sub-s017/ses-open/anat/11/1_0GenericAffine.mat
