---------------------
Experiment information

SIF_IMG: /mnt/lustre/mathdugre/containers/ants-flint-base.simg
SIF_IMG_BASE: /mnt/lustre/mathdugre/containers/ants-flint-base.simg
EXPERIMENT_NAME: flint-vprec-single-five-levels
STAGE: syn
SUBJECT_ID: s007
REPETITION_ID: 1

FIXED_IMG: /templateflow/tpl-MNI152NLin2009cAsym/tpl-MNI152NLin2009cAsym_res-01_desc-brain_T1w.nii.gz
INPUT_IMG: /mnt/lustre/mathdugre/fast-interpolate/datasets/ds004513/derivatives/flint/ants/flint-vprec-single-five-levels/sub-s007/ses-open/anat/00/1_Affine.nii.gz

DATA_DIR: /mnt/lustre/mathdugre/fast-interpolate/datasets/ds004513
OUTPUT_DIR: /mnt/lustre/mathdugre/fast-interpolate/datasets/ds004513/derivatives/flint/ants/flint-vprec-single-five-levels/sub-s007/ses-open/anat
OUTPUT_PREFIX: 000
THREAD: 1
FLOAT: 0
VFC_BACKENDS: ieee
---------------------

--output [/mnt/lustre/mathdugre/fast-interpolate/datasets/ds004513/derivatives/flint/ants/flint-vprec-single-five-levels/sub-s007/ses-open/anat/000/1_,/mnt/lustre/mathdugre/fast-interpolate/datasets/ds004513/derivatives/flint/ants/flint-vprec-single-five-levels/sub-s007/ses-open/anat/000/1_Warped.nii.gz,/mnt/lustre/mathdugre/fast-interpolate/datasets/ds004513/derivatives/flint/ants/flint-vprec-single-five-levels/sub-s007/ses-open/anat/000/1_InverseSyN.nii.gz] --initial-moving-transform [/templateflow/tpl-MNI152NLin2009cAsym/tpl-MNI152NLin2009cAsym_res-01_desc-brain_T1w.nii.gz,/mnt/lustre/mathdugre/fast-interpolate/datasets/ds004513/derivatives/flint/ants/flint-vprec-single-five-levels/sub-s007/ses-open/anat/00/1_Affine.nii.gz,1] --transform SyN[ 0.1,3,0 ] --metric CC[/templateflow/tpl-MNI152NLin2009cAsym/tpl-MNI152NLin2009cAsym_res-01_desc-brain_T1w.nii.gz,/mnt/lustre/mathdugre/fast-interpolate/datasets/ds004513/derivatives/flint/ants/flint-vprec-single-five-levels/sub-s007/ses-open/anat/00/1_Affine.nii.gz,1,4] --convergence [100x100x70x50x20,1e-6,10] --shrink-factors 16x8x4x2x1 --smoothing-sigmas 4x3x2x1x0vox
All_Command_lines_OK
Using double precision for computations.
=============================================================================
The composite transform comprises the following transforms (in order): 
  1. Center of mass alignment using fixed image: /templateflow/tpl-MNI152NLin2009cAsym/tpl-MNI152NLin2009cAsym_res-01_desc-brain_T1w.nii.gz and moving image: /mnt/lustre/mathdugre/fast-interpolate/datasets/ds004513/derivatives/flint/ants/flint-vprec-single-five-levels/sub-s007/ses-open/anat/00/1_Affine.nii.gz (type = Euler3DTransform)
=============================================================================
  number of levels = 5
  fixed image: /templateflow/tpl-MNI152NLin2009cAsym/tpl-MNI152NLin2009cAsym_res-01_desc-brain_T1w.nii.gz
  moving image: /mnt/lustre/mathdugre/fast-interpolate/datasets/ds004513/derivatives/flint/ants/flint-vprec-single-five-levels/sub-s007/ses-open/anat/00/1_Affine.nii.gz
Dimension = 3
Number of stages = 1
Use histogram matching = false
Winsorize image intensities = true
  Lower quantile = 0.005
  Upper quantile = 0.995


Stage 1 State
   Image metric = CC
     Fixed image = Image (0x5598bbd01d90)
  RTTI typeinfo:   itk::Image<double, 3u>
  Reference Count: 2
  Modified Time: 1622
  Debug: Off
  Object Name: 
  Observers: 
    none
  Source: (none)
  Source output name: (none)
  Release Data: Off
  Data Released: False
  Global Release Data: Off
  PipelineMTime: 0
  UpdateMTime: 1407
  RealTimeStamp: 0 seconds 
  LargestPossibleRegion: 
    Dimension: 3
    Index: [0, 0, 0]
    Size: [193, 229, 193]
  BufferedRegion: 
    Dimension: 3
    Index: [0, 0, 0]
    Size: [193, 229, 193]
  RequestedRegion: 
    Dimension: 3
    Index: [0, 0, 0]
    Size: [193, 229, 193]
  Spacing: [1, 1, 1]
  Origin: [96, 132, -78]
  Direction: 
-1 0 0
0 -1 0
0 0 1

  IndexToPointMatrix: 
-1 0 0
0 -1 0
0 0 1

  PointToIndexMatrix: 
-1 0 0
0 -1 0
0 0 1

  Inverse Direction: 
-1 0 0
0 -1 0
0 0 1

  PixelContainer: 
    ImportImageContainer (0x5598bbd10250)
      RTTI typeinfo:   itk::ImportImageContainer<unsigned long, double>
      Reference Count: 1
      Modified Time: 1404
      Debug: Off
      Object Name: 
      Observers: 
        none
      Pointer: 0x7ff424e83010
      Container manages memory: true
      Size: 8530021
      Capacity: 8530021

     Moving image = Image (0x5598bbd081f0)
  RTTI typeinfo:   itk::Image<double, 3u>
  Reference Count: 2
  Modified Time: 1623
  Debug: Off
  Object Name: 
  Observers: 
    none
  Source: (none)
  Source output name: (none)
  Release Data: Off
  Data Released: False
  Global Release Data: Off
  PipelineMTime: 0
  UpdateMTime: 1620
  RealTimeStamp: 0 seconds 
  LargestPossibleRegion: 
    Dimension: 3
    Index: [0, 0, 0]
    Size: [193, 229, 193]
  BufferedRegion: 
    Dimension: 3
    Index: [0, 0, 0]
    Size: [193, 229, 193]
  RequestedRegion: 
    Dimension: 3
    Index: [0, 0, 0]
    Size: [193, 229, 193]
  Spacing: [1, 1, 1]
  Origin: [96, 132, -78]
  Direction: 
-1 0 0
0 -1 0
0 0 1

  IndexToPointMatrix: 
-1 0 0
0 -1 0
0 0 1

  PointToIndexMatrix: 
-1 0 0
0 -1 0
0 0 1

  Inverse Direction: 
-1 0 0
0 -1 0
0 0 1

  PixelContainer: 
    ImportImageContainer (0x5598bbd14a60)
      RTTI typeinfo:   itk::ImportImageContainer<unsigned long, double>
      Reference Count: 1
      Modified Time: 1617
      Debug: Off
      Object Name: 
      Observers: 
        none
      Pointer: 0x7ff420d6e010
      Container manages memory: true
      Size: 8530021
      Capacity: 8530021

     Weighting = 1
     Sampling strategy = none
     Number of bins = 32
     Radius = 4
     Sampling percentage  = 1
   Transform = SyN
     Gradient step = 0.1
     Update field sigma (voxel space) = 3
     Total field sigma (voxel space) = 0
     Update field time sigma = 0
     Total field time sigma  = 0
     Number of time indices = 0
     Number of time point samples = 0
Registration using 1 total stages.

Stage 0
  iterations = 100x100x70x50x20
  convergence threshold = 1e-06
  convergence window size = 10
  number of levels = 5
  using the CC metric (radius = 4, weight = 1, use gradient filter = 0)
  preprocessing:  winsorizing the image intensities
  Shrink factors (level 1 out of 5): [16, 16, 16]
  Shrink factors (level 2 out of 5): [8, 8, 8]
  Shrink factors (level 3 out of 5): [4, 4, 4]
  Shrink factors (level 4 out of 5): [2, 2, 2]
  Shrink factors (level 5 out of 5): [1, 1, 1]
  smoothing sigmas per level: [4, 3, 2, 1, 0]
  Using default NONE metricSamplingStrategy 

*** Running SyN registration (varianceForUpdateField = 3, varianceForTotalField = 0) ***

XXDIAGNOSTIC,Iteration,metricValue,convergenceValue,ITERATION_TIME_INDEX,SINCE_LAST
 1DIAGNOSTIC,     1, -9.803100355584e-01, 1.797693134862e+308, 1.5175e+00, 1.5175e+00, 
 1DIAGNOSTIC,     2, -9.861200189557e-01, 1.797693134862e+308, 1.6079e+00, 9.0403e-02, 
 1DIAGNOSTIC,     3, -9.878169543209e-01, 1.797693134862e+308, 1.6967e+00, 8.8768e-02, 
 1DIAGNOSTIC,     4, -9.890424337258e-01, 1.797693134862e+308, 1.7851e+00, 8.8410e-02, 
 1DIAGNOSTIC,     5, -9.884810602231e-01, 1.797693134862e+308, 1.8735e+00, 8.8346e-02, 
 1DIAGNOSTIC,     6, -9.893989669340e-01, 1.797693134862e+308, 1.9618e+00, 8.8345e-02, 
 1DIAGNOSTIC,     7, -9.879345342381e-01, 1.797693134862e+308, 2.0500e+00, 8.8177e-02, 
 1DIAGNOSTIC,     8, -9.893695457308e-01, 1.797693134862e+308, 2.1404e+00, 9.0395e-02, 
 1DIAGNOSTIC,     9, -9.881223317072e-01, 1.797693134862e+308, 2.2288e+00, 8.8418e-02, 
 1DIAGNOSTIC,    10, -9.892189831302e-01, 3.307711836736e-04, 2.3172e+00, 8.8386e-02, 
 1DIAGNOSTIC,    11, -9.884907414405e-01, 8.456040976798e-05, 2.4057e+00, 8.8460e-02, 
 1DIAGNOSTIC,    12, -9.890254139420e-01, 2.390316097069e-05, 2.4940e+00, 8.8340e-02, 
 1DIAGNOSTIC,    13, -9.888455245189e-01, 3.200886063329e-06, 2.5825e+00, 8.8480e-02, 
 1DIAGNOSTIC,    14, -9.887816563070e-01, 9.558304850457e-06, 2.6708e+00, 8.8359e-02, 
 1DIAGNOSTIC,    15, -9.891301341307e-01, 9.872899075475e-06, 2.7593e+00, 8.8449e-02, 
 1DIAGNOSTIC,    16, -9.885592635103e-01, 1.624250110788e-05, 2.8480e+00, 8.8678e-02, 
 1DIAGNOSTIC,    17, -9.893140708709e-01, 8.129093355527e-06, 2.9365e+00, 8.8525e-02, 
 1DIAGNOSTIC,    18, -9.884312817075e-01, 9.414196930783e-06, 3.0248e+00, 8.8354e-02, 
 1DIAGNOSTIC,    19, -9.893659433962e-01, 5.031786779540e-06, 3.1134e+00, 8.8523e-02, 
 1DIAGNOSTIC,    20, -9.883426447559e-01, 1.772176796512e-06, 3.2015e+00, 8.8147e-02, 
 1DIAGNOSTIC,    21, -9.893955337011e-01, 3.430362962305e-06, 3.2898e+00, 8.8330e-02, 
 1DIAGNOSTIC,    22, -9.882590424464e-01, -3.425962221457e-06, 3.3783e+00, 8.8415e-02, 
XXDIAGNOSTIC,Iteration,metricValue,convergenceValue,ITERATION_TIME_INDEX,SINCE_LAST
 1DIAGNOSTIC,     1, -9.498581662539e-01, 1.797693134862e+308, 5.5305e+00, 2.1522e+00, 
 1DIAGNOSTIC,     2, -9.531688868818e-01, 1.797693134862e+308, 6.2765e+00, 7.4604e-01, 
 1DIAGNOSTIC,     3, -9.576367820985e-01, 1.797693134862e+308, 7.0209e+00, 7.4435e-01, 
 1DIAGNOSTIC,     4, -9.611903569533e-01, 1.797693134862e+308, 7.7637e+00, 7.4281e-01, 
 1DIAGNOSTIC,     5, -9.640969434996e-01, 1.797693134862e+308, 8.5021e+00, 7.3846e-01, 
 1DIAGNOSTIC,     6, -9.664700485026e-01, 1.797693134862e+308, 9.2489e+00, 7.4680e-01, 
 1DIAGNOSTIC,     7, -9.689019302002e-01, 1.797693134862e+308, 1.0000e+01, 7.5148e-01, 
 1DIAGNOSTIC,     8, -9.710381808293e-01, 1.797693134862e+308, 1.0747e+01, 7.4625e-01, 
 1DIAGNOSTIC,     9, -9.722034342057e-01, 1.797693134862e+308, 1.1494e+01, 7.4693e-01, 
 1DIAGNOSTIC,    10, -9.723457137539e-01, 1.552028558125e-03, 1.2242e+01, 7.4839e-01, 
 1DIAGNOSTIC,    11, -9.726248756658e-01, 1.173021742220e-03, 1.2990e+01, 7.4833e-01, 
 1DIAGNOSTIC,    12, -9.726607215272e-01, 8.329044343424e-04, 1.3738e+01, 7.4725e-01, 
 1DIAGNOSTIC,    13, -9.727783197037e-01, 5.727134196658e-04, 1.4484e+01, 7.4655e-01, 
 1DIAGNOSTIC,    14, -9.728624613376e-01, 3.737232677198e-04, 1.5230e+01, 7.4606e-01, 
 1DIAGNOSTIC,    15, -9.729911813581e-01, 2.267907873062e-04, 1.5975e+01, 7.4524e-01, 
 1DIAGNOSTIC,    16, -9.730797042084e-01, 1.223844142129e-04, 1.6721e+01, 7.4601e-01, 
 1DIAGNOSTIC,    17, -9.731695758257e-01, 6.202479629965e-05, 1.7465e+01, 7.4336e-01, 
 1DIAGNOSTIC,    18, -9.732572766301e-01, 3.866523794154e-05, 1.8209e+01, 7.4408e-01, 
 1DIAGNOSTIC,    19, -9.733222424059e-01, 3.333112065970e-05, 1.8952e+01, 7.4321e-01, 
 1DIAGNOSTIC,    20, -9.734002432886e-01, 2.871086208449e-05, 1.9695e+01, 7.4319e-01, 
 1DIAGNOSTIC,    21, -9.734495433432e-01, 2.658914249594e-05, 2.0438e+01, 7.4265e-01, 
 1DIAGNOSTIC,    22, -9.735236355611e-01, 2.376247325306e-05, 2.1181e+01, 7.4354e-01, 
 1DIAGNOSTIC,    23, -9.735587703826e-01, 2.102133975727e-05, 2.1924e+01, 7.4259e-01, 
 1DIAGNOSTIC,    24, -9.736278673524e-01, 1.851522886088e-05, 2.2669e+01, 7.4513e-01, 
 1DIAGNOSTIC,    25, -9.736536824130e-01, 1.638461465469e-05, 2.3414e+01, 7.4513e-01, 
 1DIAGNOSTIC,    26, -9.737186207192e-01, 1.471460186512e-05, 2.4159e+01, 7.4462e-01, 
 1DIAGNOSTIC,    27, -9.737367046370e-01, 1.304401544192e-05, 2.4905e+01, 7.4623e-01, 
 1DIAGNOSTIC,    28, -9.737959888394e-01, 1.190700451408e-05, 2.5652e+01, 7.4695e-01, 
 1DIAGNOSTIC,    29, -9.738104313986e-01, 1.061163395434e-05, 2.6400e+01, 7.4752e-01, 
 1DIAGNOSTIC,    30, -9.738648986279e-01, 9.794526696659e-06, 2.7147e+01, 7.4693e-01, 
 1DIAGNOSTIC,    31, -9.738710358315e-01, 8.706594283155e-06, 2.7896e+01, 7.4915e-01, 
 1DIAGNOSTIC,    32, -9.739228966271e-01, 8.114094018276e-06, 2.8637e+01, 7.4160e-01, 
 1DIAGNOSTIC,    33, -9.739275890633e-01, 7.216138427066e-06, 2.9380e+01, 7.4223e-01, 
 1DIAGNOSTIC,    34, -9.739738447156e-01, 6.773663805592e-06, 3.0128e+01, 7.4837e-01, 
 1DIAGNOSTIC,    35, -9.739769505287e-01, 6.026605962658e-06, 3.0876e+01, 7.4856e-01, 
 1DIAGNOSTIC,    36, -9.740206661960e-01, 5.722290823962e-06, 3.1621e+01, 7.4434e-01, 
 1DIAGNOSTIC,    37, -9.740221328826e-01, 5.113060443516e-06, 3.2365e+01, 7.4371e-01, 
 1DIAGNOSTIC,    38, -9.740630938744e-01, 4.906693729941e-06, 3.3111e+01, 7.4614e-01, 
 1DIAGNOSTIC,    39, -9.740636828679e-01, 4.421974166943e-06, 3.3854e+01, 7.4318e-01, 
 1DIAGNOSTIC,    40, -9.741056657434e-01, 4.328231904976e-06, 3.4598e+01, 7.4369e-01, 
 1DIAGNOSTIC,    41, -9.741051220840e-01, 3.928143728925e-06, 3.5344e+01, 7.4616e-01, 
 1DIAGNOSTIC,    42, -9.741434742802e-01, 3.879541214814e-06, 3.6091e+01, 7.4763e-01, 
 1DIAGNOSTIC,    43, -9.741424722269e-01, 3.548735989279e-06, 3.6835e+01, 7.4335e-01, 
 1DIAGNOSTIC,    44, -9.741803308994e-01, 3.528172856190e-06, 3.7577e+01, 7.4203e-01, 
 1DIAGNOSTIC,    45, -9.741785426354e-01, 3.237662624018e-06, 3.8319e+01, 7.4272e-01, 
 1DIAGNOSTIC,    46, -9.742152461834e-01, 3.233483866757e-06, 3.9062e+01, 7.4269e-01, 
 1DIAGNOSTIC,    47, -9.742127090639e-01, 2.969846335795e-06, 3.9803e+01, 7.4134e-01, 
 1DIAGNOSTIC,    48, -9.742482182093e-01, 2.968035789468e-06, 4.0544e+01, 7.4028e-01, 
 1DIAGNOSTIC,    49, -9.742450504044e-01, 2.720281435782e-06, 4.1285e+01, 7.4096e-01, 
 1DIAGNOSTIC,    50, -9.742791709139e-01, 2.733299859448e-06, 4.2029e+01, 7.4412e-01, 
 1DIAGNOSTIC,    51, -9.742752328572e-01, 2.510382646089e-06, 4.2771e+01, 7.4180e-01, 
 1DIAGNOSTIC,    52, -9.743082296267e-01, 2.520425075314e-06, 4.3513e+01, 7.4286e-01, 
 1DIAGNOSTIC,    53, -9.743027635638e-01, 2.302989054362e-06, 4.4253e+01, 7.3974e-01, 
 1DIAGNOSTIC,    54, -9.743343810080e-01, 2.310498787565e-06, 4.4993e+01, 7.3974e-01, 
 1DIAGNOSTIC,    55, -9.743279964631e-01, 2.101217795741e-06, 4.5733e+01, 7.3962e-01, 
 1DIAGNOSTIC,    56, -9.743579838124e-01, 2.105336032329e-06, 4.6471e+01, 7.3886e-01, 
 1DIAGNOSTIC,    57, -9.743502013229e-01, 1.901392769725e-06, 4.7210e+01, 7.3861e-01, 
 1DIAGNOSTIC,    58, -9.743787375804e-01, 1.902206612406e-06, 4.7950e+01, 7.4041e-01, 
 1DIAGNOSTIC,    59, -9.743711370862e-01, 1.712664867422e-06, 4.8689e+01, 7.3877e-01, 
 1DIAGNOSTIC,    60, -9.743982717731e-01, 1.718732219772e-06, 4.9429e+01, 7.4008e-01, 
 1DIAGNOSTIC,    61, -9.743919611643e-01, 1.554776330973e-06, 5.0168e+01, 7.3859e-01, 
 1DIAGNOSTIC,    62, -9.744161845802e-01, 1.570017104383e-06, 5.0908e+01, 7.4009e-01, 
 1DIAGNOSTIC,    63, -9.744103336239e-01, 1.424858260306e-06, 5.1648e+01, 7.3962e-01, 
 1DIAGNOSTIC,    64, -9.744324816941e-01, 1.444501480579e-06, 5.2394e+01, 7.4618e-01, 
 1DIAGNOSTIC,    65, -9.744279874737e-01, 1.318067067841e-06, 5.3140e+01, 7.4657e-01, 
 1DIAGNOSTIC,    66, -9.744471854158e-01, 1.336473113987e-06, 5.3885e+01, 7.4498e-01, 
 1DIAGNOSTIC,    67, -9.744432298693e-01, 1.216211195691e-06, 5.4626e+01, 7.4023e-01, 
 1DIAGNOSTIC,    68, -9.744595817664e-01, 1.223805930759e-06, 5.5366e+01, 7.4055e-01, 
 1DIAGNOSTIC,    69, -9.744575803190e-01, 1.113508807259e-06, 5.6110e+01, 7.4437e-01, 
 1DIAGNOSTIC,    70, -9.744710216888e-01, 1.114990741269e-06, 5.6856e+01, 7.4561e-01, 
 1DIAGNOSTIC,    71, -9.744708858565e-01, 1.022835500417e-06, 5.7601e+01, 7.4535e-01, 
 1DIAGNOSTIC,    72, -9.744810471333e-01, 1.019185782651e-06, 5.8348e+01, 7.4658e-01, 
 1DIAGNOSTIC,    73, -9.744821687911e-01, 9.382743259428e-07, 5.9096e+01, 7.4767e-01, 
XXDIAGNOSTIC,Iteration,metricValue,convergenceValue,ITERATION_TIME_INDEX,SINCE_LAST
 1DIAGNOSTIC,     1, -9.167129808403e-01, 1.797693134862e+308, 6.6691e+01, 7.5950e+00, 
 1DIAGNOSTIC,     2, -9.197713722300e-01, 1.797693134862e+308, 7.2862e+01, 6.1711e+00, 
 1DIAGNOSTIC,     3, -9.237537334066e-01, 1.797693134862e+308, 7.9036e+01, 6.1746e+00, 
 1DIAGNOSTIC,     4, -9.266432587619e-01, 1.797693134862e+308, 8.5207e+01, 6.1702e+00, 
 1DIAGNOSTIC,     5, -9.291276893859e-01, 1.797693134862e+308, 9.1416e+01, 6.2098e+00, 
 1DIAGNOSTIC,     6, -9.311781908563e-01, 1.797693134862e+308, 9.7613e+01, 6.1965e+00, 
 1DIAGNOSTIC,     7, -9.329217435266e-01, 1.797693134862e+308, 1.0382e+02, 6.2110e+00, 
 1DIAGNOSTIC,     8, -9.344407940396e-01, 1.797693134862e+308, 1.1006e+02, 6.2337e+00, 
 1DIAGNOSTIC,     9, -9.357666504558e-01, 1.797693134862e+308, 1.1625e+02, 6.1956e+00, 
 1DIAGNOSTIC,    10, -9.369636699133e-01, 1.380201649123e-03, 1.2245e+02, 6.1926e+00, 
 1DIAGNOSTIC,    11, -9.380526974348e-01, 1.086771066191e-03, 1.2865e+02, 6.2091e+00, 
 1DIAGNOSTIC,    12, -9.390797079482e-01, 8.475214307177e-04, 1.3487e+02, 6.2123e+00, 
 1DIAGNOSTIC,    13, -9.399932650893e-01, 6.828284855817e-04, 1.4107e+02, 6.1982e+00, 
 1DIAGNOSTIC,    14, -9.407674820720e-01, 5.588918588703e-04, 1.4730e+02, 6.2369e+00, 
 1DIAGNOSTIC,    15, -9.414303883731e-01, 4.640362200670e-04, 1.5352e+02, 6.2216e+00, 
 1DIAGNOSTIC,    16, -9.418927280384e-01, 3.860417749648e-04, 1.5978e+02, 6.2512e+00, 
 1DIAGNOSTIC,    17, -9.421380425517e-01, 3.171247382354e-04, 1.6604e+02, 6.2671e+00, 
 1DIAGNOSTIC,    18, -9.423832057633e-01, 2.563281527063e-04, 1.7230e+02, 6.2585e+00, 
 1DIAGNOSTIC,    19, -9.426218101761e-01, 2.031282204715e-04, 1.7857e+02, 6.2665e+00, 
 1DIAGNOSTIC,    20, -9.428479682713e-01, 1.579128365579e-04, 1.8480e+02, 6.2354e+00, 
 1DIAGNOSTIC,    21, -9.430646265342e-01, 1.211342276243e-04, 1.9107e+02, 6.2652e+00, 
 1DIAGNOSTIC,    22, -9.433817195447e-01, 9.494676069601e-05, 1.9729e+02, 6.2207e+00, 
 1DIAGNOSTIC,    23, -9.435537529417e-01, 7.643807830396e-05, 2.0354e+02, 6.2556e+00, 
 1DIAGNOSTIC,    24, -9.438303285261e-01, 6.557821067218e-05, 2.0978e+02, 6.2380e+00, 
 1DIAGNOSTIC,    25, -9.439662467404e-01, 5.910667868412e-05, 2.1604e+02, 6.2548e+00, 
 1DIAGNOSTIC,    26, -9.440923945149e-01, 5.452281402505e-05, 2.2231e+02, 6.2687e+00, 
 1DIAGNOSTIC,    27, -9.442086966981e-01, 4.927091648817e-05, 2.2856e+02, 6.2590e+00, 
 1DIAGNOSTIC,    28, -9.443223950769e-01, 4.369054798334e-05, 2.3483e+02, 6.2666e+00, 
 1DIAGNOSTIC,    29, -9.444290804527e-01, 3.804405202450e-05, 2.4112e+02, 6.2889e+00, 
 1DIAGNOSTIC,    30, -9.445253465552e-01, 3.250908940557e-05, 2.4742e+02, 6.3000e+00, 
 1DIAGNOSTIC,    31, -9.446131194011e-01, 2.728222661746e-05, 2.5372e+02, 6.2947e+00, 
 1DIAGNOSTIC,    32, -9.446850963228e-01, 2.356236021062e-05, 2.6003e+02, 6.3159e+00, 
 1DIAGNOSTIC,    33, -9.447559894235e-01, 2.010001698870e-05, 2.6633e+02, 6.2992e+00, 
 1DIAGNOSTIC,    34, -9.448188745948e-01, 1.802468494407e-05, 2.7263e+02, 6.2985e+00, 
 1DIAGNOSTIC,    35, -9.448776305619e-01, 1.610786302975e-05, 2.7893e+02, 6.2993e+00, 
 1DIAGNOSTIC,    36, -9.449274926879e-01, 1.431556513451e-05, 2.8520e+02, 6.2721e+00, 
 1DIAGNOSTIC,    37, -9.449770121610e-01, 1.268363659190e-05, 2.9148e+02, 6.2778e+00, 
 1DIAGNOSTIC,    38, -9.450190431821e-01, 1.123638343898e-05, 2.9777e+02, 6.2886e+00, 
 1DIAGNOSTIC,    39, -9.450626383075e-01, 1.002440469999e-05, 3.0403e+02, 6.2652e+00, 
 1DIAGNOSTIC,    40, -9.451025064963e-01, 9.011144886422e-06, 3.1031e+02, 6.2832e+00, 
 1DIAGNOSTIC,    41, -9.451350662147e-01, 8.141606155632e-06, 3.1659e+02, 6.2776e+00, 
 1DIAGNOSTIC,    42, -9.451669802795e-01, 7.349911367853e-06, 3.2287e+02, 6.2770e+00, 
 1DIAGNOSTIC,    43, -9.451969703465e-01, 6.666649428982e-06, 3.2916e+02, 6.2894e+00, 
 1DIAGNOSTIC,    44, -9.452223488704e-01, 6.046225790413e-06, 3.3543e+02, 6.2678e+00, 
 1DIAGNOSTIC,    45, -9.452466755179e-01, 5.496488221172e-06, 3.4170e+02, 6.2757e+00, 
 1DIAGNOSTIC,    46, -9.452681980237e-01, 4.975807494353e-06, 3.4799e+02, 6.2852e+00, 
 1DIAGNOSTIC,    47, -9.452871902217e-01, 4.503550507840e-06, 3.5427e+02, 6.2824e+00, 
 1DIAGNOSTIC,    48, -9.453035684471e-01, 4.047268382913e-06, 3.6054e+02, 6.2706e+00, 
 1DIAGNOSTIC,    49, -9.453173131474e-01, 3.634659338579e-06, 3.6682e+02, 6.2761e+00, 
 1DIAGNOSTIC,    50, -9.453295470946e-01, 3.264359988146e-06, 3.7311e+02, 6.2966e+00, 
 1DIAGNOSTIC,    51, -9.453388167264e-01, 2.901232214750e-06, 3.7939e+02, 6.2803e+00, 
 1DIAGNOSTIC,    52, -9.453418178223e-01, 2.533767636415e-06, 3.8570e+02, 6.3020e+00, 
 1DIAGNOSTIC,    53, -9.453456998362e-01, 2.187613166848e-06, 3.9198e+02, 6.2862e+00, 
 1DIAGNOSTIC,    54, -9.453503929218e-01, 1.868195729844e-06, 3.9827e+02, 6.2840e+00, 
 1DIAGNOSTIC,    55, -9.453541131985e-01, 1.589366087174e-06, 4.0456e+02, 6.2965e+00, 
 1DIAGNOSTIC,    56, -9.453507222786e-01, 1.319685370836e-06, 4.1084e+02, 6.2819e+00, 
 1DIAGNOSTIC,    57, -9.453490691558e-01, 1.079431723276e-06, 4.1712e+02, 6.2737e+00, 
 1DIAGNOSTIC,    58, -9.453490461591e-01, 8.821030310219e-07, 4.2340e+02, 6.2808e+00, 
XXDIAGNOSTIC,Iteration,metricValue,convergenceValue,ITERATION_TIME_INDEX,SINCE_LAST
 1DIAGNOSTIC,     1, -8.936762985866e-01, 1.797693134862e+308, 4.7546e+02, 5.2061e+01, 
 1DIAGNOSTIC,     2, -8.954772427242e-01, 1.797693134862e+308, 5.2556e+02, 5.0098e+01, 
 1DIAGNOSTIC,     3, -8.978449793589e-01, 1.797693134862e+308, 5.7580e+02, 5.0245e+01, 
 1DIAGNOSTIC,     4, -9.000743818517e-01, 1.797693134862e+308, 6.2627e+02, 5.0466e+01, 
 1DIAGNOSTIC,     5, -9.023690913125e-01, 1.797693134862e+308, 6.7642e+02, 5.0151e+01, 
 1DIAGNOSTIC,     6, -9.043333373283e-01, 1.797693134862e+308, 7.2667e+02, 5.0250e+01, 
 1DIAGNOSTIC,     7, -9.062358914643e-01, 1.797693134862e+308, 7.7700e+02, 5.0328e+01, 
 1DIAGNOSTIC,     8, -9.080786722885e-01, 1.797693134862e+308, 8.2742e+02, 5.0420e+01, 
 1DIAGNOSTIC,     9, -9.097932742606e-01, 1.797693134862e+308, 8.7783e+02, 5.0414e+01, 
 1DIAGNOSTIC,    10, -9.112269528108e-01, 1.276221522031e-03, 9.2832e+02, 5.0486e+01, 
 1DIAGNOSTIC,    11, -9.125481843135e-01, 1.105387190730e-03, 9.7881e+02, 5.0488e+01, 
 1DIAGNOSTIC,    12, -9.137843830711e-01, 9.428077112174e-04, 1.0294e+03, 5.0561e+01, 
 1DIAGNOSTIC,    13, -9.149153543693e-01, 8.039785624794e-04, 1.0800e+03, 5.0663e+01, 
 1DIAGNOSTIC,    14, -9.157789599792e-01, 6.805996267661e-04, 1.1307e+03, 5.0655e+01, 
 1DIAGNOSTIC,    15, -9.164908902991e-01, 5.741212449407e-04, 1.1812e+03, 5.0480e+01, 
 1DIAGNOSTIC,    16, -9.170920459842e-01, 4.783131311473e-04, 1.2318e+03, 5.0624e+01, 
 1DIAGNOSTIC,    17, -9.176042517205e-01, 3.938968265330e-04, 1.2824e+03, 5.0630e+01, 
 1DIAGNOSTIC,    18, -9.180432405376e-01, 3.218274079259e-04, 1.3329e+03, 5.0525e+01, 
 1DIAGNOSTIC,    19, -9.184230941878e-01, 2.618525259028e-04, 1.3834e+03, 5.0442e+01, 
 1DIAGNOSTIC,    20, -9.187590769060e-01, 2.111115062340e-04, 1.4340e+03, 5.0644e+01, 
 1DIAGNOSTIC,    21, -9.190645391261e-01, 1.696269561193e-04, 1.4846e+03, 5.0534e+01, 
 1DIAGNOSTIC,    22, -9.193483355282e-01, 1.375213825449e-04, 1.5351e+03, 5.0553e+01, 
 1DIAGNOSTIC,    23, -9.196182468673e-01, 1.142928797080e-04, 1.5857e+03, 5.0603e+01, 
 1DIAGNOSTIC,    24, -9.198752953983e-01, 9.682621753269e-05, 1.6363e+03, 5.0569e+01, 
 1DIAGNOSTIC,    25, -9.201311210552e-01, 8.372880958075e-05, 1.6867e+03, 5.0458e+01, 
 1DIAGNOSTIC,    26, -9.203892280886e-01, 7.406926593134e-05, 1.7373e+03, 5.0596e+01, 
 1DIAGNOSTIC,    27, -9.206459357873e-01, 6.703411382922e-05, 1.7879e+03, 5.0576e+01, 
 1DIAGNOSTIC,    28, -9.209055999999e-01, 6.197277160140e-05, 1.8384e+03, 5.0531e+01, 
 1DIAGNOSTIC,    29, -9.211731896379e-01, 5.838742416906e-05, 1.8890e+03, 5.0574e+01, 
 1DIAGNOSTIC,    30, -9.214520855044e-01, 5.592894512121e-05, 1.9395e+03, 5.0499e+01, 
 1DIAGNOSTIC,    31, -9.217406578920e-01, 5.432536318201e-05, 1.9900e+03, 5.0433e+01, 
 1DIAGNOSTIC,    32, -9.220404786630e-01, 5.337616345748e-05, 2.0405e+03, 5.0557e+01, 
 1DIAGNOSTIC,    33, -9.223538437267e-01, 5.294850021405e-05, 2.0911e+03, 5.0612e+01, 
 1DIAGNOSTIC,    34, -9.226763760157e-01, 5.284563782786e-05, 2.1417e+03, 5.0601e+01, 
 1DIAGNOSTIC,    35, -9.230095509495e-01, 5.298177674140e-05, 2.1923e+03, 5.0568e+01, 
 1DIAGNOSTIC,    36, -9.233346396029e-01, 5.312879321123e-05, 2.2429e+03, 5.0630e+01, 
 1DIAGNOSTIC,    37, -9.236567433916e-01, 5.309727245422e-05, 2.2935e+03, 5.0618e+01, 
 1DIAGNOSTIC,    38, -9.239564983829e-01, 5.260738658655e-05, 2.3441e+03, 5.0598e+01, 
 1DIAGNOSTIC,    39, -9.242108926049e-01, 5.131070685277e-05, 2.3947e+03, 5.0558e+01, 
 1DIAGNOSTIC,    40, -9.244301527889e-01, 4.908409869342e-05, 2.4454e+03, 5.0666e+01, 
 1DIAGNOSTIC,    41, -9.245872502885e-01, 4.568947953052e-05, 2.4959e+03, 5.0578e+01, 
 1DIAGNOSTIC,    42, -9.246492249212e-01, 4.080536853918e-05, 2.5465e+03, 5.0550e+01, 
 1DIAGNOSTIC,    43, -9.246451740017e-01, 3.453202548006e-05, 2.5971e+03, 5.0618e+01, 
 1DIAGNOSTIC,    44, -9.245990682397e-01, 2.724313239113e-05, 2.6477e+03, 5.0612e+01, 
 1DIAGNOSTIC,    45, -9.245218884086e-01, 1.948531500126e-05, 2.6983e+03, 5.0550e+01, 
 1DIAGNOSTIC,    46, -9.244305607780e-01, 1.182279079917e-05, 2.7489e+03, 5.0639e+01, 
 1DIAGNOSTIC,    47, -9.243297162428e-01, 4.865772323680e-06, 2.7995e+03, 5.0617e+01, 
 1DIAGNOSTIC,    48, -9.242295213101e-01, -9.213645739831e-07, 2.8501e+03, 5.0577e+01, 
XXDIAGNOSTIC,Iteration,metricValue,convergenceValue,ITERATION_TIME_INDEX,SINCE_LAST
 1DIAGNOSTIC,     1, -8.890588250699e-01, 1.797693134862e+308, 3.2673e+03, 4.1715e+02, 
 1DIAGNOSTIC,     2, -8.902113268280e-01, 1.797693134862e+308, 3.6765e+03, 4.0929e+02, 
 1DIAGNOSTIC,     3, -8.916544370828e-01, 1.797693134862e+308, 4.0872e+03, 4.1066e+02, 
 1DIAGNOSTIC,     4, -8.933204845009e-01, 1.797693134862e+308, 4.5006e+03, 4.1342e+02, 
 1DIAGNOSTIC,     5, -8.949886065423e-01, 1.797693134862e+308, 4.9112e+03, 4.1053e+02, 
 1DIAGNOSTIC,     6, -8.964489129149e-01, 1.797693134862e+308, 5.3228e+03, 4.1165e+02, 
 1DIAGNOSTIC,     7, -8.978791853458e-01, 1.797693134862e+308, 5.7345e+03, 4.1172e+02, 
 1DIAGNOSTIC,     8, -8.991280877036e-01, 1.797693134862e+308, 6.1462e+03, 4.1164e+02, 
 1DIAGNOSTIC,     9, -9.002901423614e-01, 1.797693134862e+308, 6.5579e+03, 4.1171e+02, 
 1DIAGNOSTIC,    10, -9.013851026415e-01, 9.156382642640e-04, 6.9681e+03, 4.1021e+02, 
 1DIAGNOSTIC,    11, -9.024126432068e-01, 8.034514955221e-04, 7.3780e+03, 4.0989e+02, 
 1DIAGNOSTIC,    12, -9.034987976615e-01, 6.967321245041e-04, 7.7881e+03, 4.1012e+02, 
 1DIAGNOSTIC,    13, -9.045460703551e-01, 6.036774553686e-04, 8.1997e+03, 4.1161e+02, 
 1DIAGNOSTIC,    14, -9.055466186641e-01, 5.288910566223e-04, 8.6098e+03, 4.1007e+02, 
 1DIAGNOSTIC,    15, -9.063732805683e-01, 4.680760352156e-04, 9.0216e+03, 4.1186e+02, 
 1DIAGNOSTIC,    16, -9.072534165632e-01, 4.179078223837e-04, 9.4338e+03, 4.1215e+02, 
 1DIAGNOSTIC,    17, -9.079490521827e-01, 3.743816618595e-04, 9.8450e+03, 4.1124e+02, 
 1DIAGNOSTIC,    18, -9.085835438035e-01, 3.339362422421e-04, 1.0257e+04, 4.1170e+02, 
 1DIAGNOSTIC,    19, -9.092659929280e-01, 2.973071760572e-04, 1.0669e+04, 4.1182e+02, 
 1DIAGNOSTIC,    20, -9.098040042928e-01, 2.623374692272e-04, 1.1080e+04, 4.1180e+02, 
  Elapsed time (stage 0): 11083.7


Total elapsed time: 11083.7
-i /mnt/lustre/mathdugre/fast-interpolate/datasets/ds004513/derivatives/flint/ants/flint-vprec-single-five-levels/sub-s007/ses-open/anat/00/1_Affine.nii.gz -o /mnt/lustre/mathdugre/fast-interpolate/datasets/ds004513/derivatives/flint/ants/flint-vprec-single-five-levels/sub-s007/ses-open/anat/000/1_transformed.nii.gz -t /mnt/lustre/mathdugre/fast-interpolate/datasets/ds004513/derivatives/flint/ants/flint-vprec-single-five-levels/sub-s007/ses-open/anat/000/1_1Warp.nii.gz -t /mnt/lustre/mathdugre/fast-interpolate/datasets/ds004513/derivatives/flint/ants/flint-vprec-single-five-levels/sub-s007/ses-open/anat/000/1_0GenericAffine.mat
