---------------------
Experiment information

SIF_IMG: /mnt/lustre/mathdugre/containers/ants-flint-base.simg
SIF_IMG_BASE: /mnt/lustre/mathdugre/containers/ants-flint-base.simg
EXPERIMENT_NAME: flint-vprec-single
STAGE: syn
SUBJECT_ID: s034
REPETITION_ID: 1

FIXED_IMG: /templateflow/tpl-MNI152NLin2009cAsym/tpl-MNI152NLin2009cAsym_res-01_desc-brain_T1w.nii.gz
INPUT_IMG: /mnt/lustre/mathdugre/fast-interpolate/datasets/ds004513/derivatives/flint/ants/flint-vprec-single/sub-s034/ses-open/anat/00/1_Affine.nii.gz

DATA_DIR: /mnt/lustre/mathdugre/fast-interpolate/datasets/ds004513
OUTPUT_DIR: /mnt/lustre/mathdugre/fast-interpolate/datasets/ds004513/derivatives/flint/ants/flint-vprec-single/sub-s034/ses-open/anat
OUTPUT_PREFIX: 000
THREAD: 1
FLOAT: 0
VFC_BACKENDS: ieee
---------------------

--output [/mnt/lustre/mathdugre/fast-interpolate/datasets/ds004513/derivatives/flint/ants/flint-vprec-single/sub-s034/ses-open/anat/000/1_,/mnt/lustre/mathdugre/fast-interpolate/datasets/ds004513/derivatives/flint/ants/flint-vprec-single/sub-s034/ses-open/anat/000/1_Warped.nii.gz,/mnt/lustre/mathdugre/fast-interpolate/datasets/ds004513/derivatives/flint/ants/flint-vprec-single/sub-s034/ses-open/anat/000/1_InverseSyN.nii.gz] --initial-moving-transform [/templateflow/tpl-MNI152NLin2009cAsym/tpl-MNI152NLin2009cAsym_res-01_desc-brain_T1w.nii.gz,/mnt/lustre/mathdugre/fast-interpolate/datasets/ds004513/derivatives/flint/ants/flint-vprec-single/sub-s034/ses-open/anat/00/1_Affine.nii.gz,1] --transform SyN[ 0.1,3,0 ] --metric CC[/templateflow/tpl-MNI152NLin2009cAsym/tpl-MNI152NLin2009cAsym_res-01_desc-brain_T1w.nii.gz,/mnt/lustre/mathdugre/fast-interpolate/datasets/ds004513/derivatives/flint/ants/flint-vprec-single/sub-s034/ses-open/anat/00/1_Affine.nii.gz,1,4] --convergence [100x70x50x20,1e-6,10] --shrink-factors 8x4x2x1 --smoothing-sigmas 3x2x1x0vox
All_Command_lines_OK
Using double precision for computations.
=============================================================================
The composite transform comprises the following transforms (in order): 
  1. Center of mass alignment using fixed image: /templateflow/tpl-MNI152NLin2009cAsym/tpl-MNI152NLin2009cAsym_res-01_desc-brain_T1w.nii.gz and moving image: /mnt/lustre/mathdugre/fast-interpolate/datasets/ds004513/derivatives/flint/ants/flint-vprec-single/sub-s034/ses-open/anat/00/1_Affine.nii.gz (type = Euler3DTransform)
=============================================================================
  number of levels = 4
  fixed image: /templateflow/tpl-MNI152NLin2009cAsym/tpl-MNI152NLin2009cAsym_res-01_desc-brain_T1w.nii.gz
  moving image: /mnt/lustre/mathdugre/fast-interpolate/datasets/ds004513/derivatives/flint/ants/flint-vprec-single/sub-s034/ses-open/anat/00/1_Affine.nii.gz
Dimension = 3
Number of stages = 1
Use histogram matching = false
Winsorize image intensities = true
  Lower quantile = 0.005
  Upper quantile = 0.995


Stage 1 State
   Image metric = CC
     Fixed image = Image (0x55c0f8436a00)
  RTTI typeinfo:   itk::Image<double, 3u>
  Reference Count: 2
  Modified Time: 1622
  Debug: Off
  Object Name: 
  Observers: 
    none
  Source: (none)
  Source output name: (none)
  Release Data: Off
  Data Released: False
  Global Release Data: Off
  PipelineMTime: 0
  UpdateMTime: 1407
  RealTimeStamp: 0 seconds 
  LargestPossibleRegion: 
    Dimension: 3
    Index: [0, 0, 0]
    Size: [193, 229, 193]
  BufferedRegion: 
    Dimension: 3
    Index: [0, 0, 0]
    Size: [193, 229, 193]
  RequestedRegion: 
    Dimension: 3
    Index: [0, 0, 0]
    Size: [193, 229, 193]
  Spacing: [1, 1, 1]
  Origin: [96, 132, -78]
  Direction: 
-1 0 0
0 -1 0
0 0 1

  IndexToPointMatrix: 
-1 0 0
0 -1 0
0 0 1

  PointToIndexMatrix: 
-1 0 0
0 -1 0
0 0 1

  Inverse Direction: 
-1 0 0
0 -1 0
0 0 1

  PixelContainer: 
    ImportImageContainer (0x55c0f84cad50)
      RTTI typeinfo:   itk::ImportImageContainer<unsigned long, double>
      Reference Count: 1
      Modified Time: 1404
      Debug: Off
      Object Name: 
      Observers: 
        none
      Pointer: 0x7fa32a860010
      Container manages memory: true
      Size: 8530021
      Capacity: 8530021

     Moving image = Image (0x55c0f843d870)
  RTTI typeinfo:   itk::Image<double, 3u>
  Reference Count: 2
  Modified Time: 1623
  Debug: Off
  Object Name: 
  Observers: 
    none
  Source: (none)
  Source output name: (none)
  Release Data: Off
  Data Released: False
  Global Release Data: Off
  PipelineMTime: 0
  UpdateMTime: 1620
  RealTimeStamp: 0 seconds 
  LargestPossibleRegion: 
    Dimension: 3
    Index: [0, 0, 0]
    Size: [193, 229, 193]
  BufferedRegion: 
    Dimension: 3
    Index: [0, 0, 0]
    Size: [193, 229, 193]
  RequestedRegion: 
    Dimension: 3
    Index: [0, 0, 0]
    Size: [193, 229, 193]
  Spacing: [1, 1, 1]
  Origin: [96, 132, -78]
  Direction: 
-1 0 0
0 -1 0
0 0 1

  IndexToPointMatrix: 
-1 0 0
0 -1 0
0 0 1

  PointToIndexMatrix: 
-1 0 0
0 -1 0
0 0 1

  Inverse Direction: 
-1 0 0
0 -1 0
0 0 1

  PixelContainer: 
    ImportImageContainer (0x55c0f84e1d90)
      RTTI typeinfo:   itk::ImportImageContainer<unsigned long, double>
      Reference Count: 1
      Modified Time: 1617
      Debug: Off
      Object Name: 
      Observers: 
        none
      Pointer: 0x7fa32674b010
      Container manages memory: true
      Size: 8530021
      Capacity: 8530021

     Weighting = 1
     Sampling strategy = none
     Number of bins = 32
     Radius = 4
     Sampling percentage  = 1
   Transform = SyN
     Gradient step = 0.1
     Update field sigma (voxel space) = 3
     Total field sigma (voxel space) = 0
     Update field time sigma = 0
     Total field time sigma  = 0
     Number of time indices = 0
     Number of time point samples = 0
Registration using 1 total stages.

Stage 0
  iterations = 100x70x50x20
  convergence threshold = 1e-06
  convergence window size = 10
  number of levels = 4
  using the CC metric (radius = 4, weight = 1, use gradient filter = 0)
  preprocessing:  winsorizing the image intensities
  Shrink factors (level 1 out of 4): [8, 8, 8]
  Shrink factors (level 2 out of 4): [4, 4, 4]
  Shrink factors (level 3 out of 4): [2, 2, 2]
  Shrink factors (level 4 out of 4): [1, 1, 1]
  smoothing sigmas per level: [3, 2, 1, 0]
  Using default NONE metricSamplingStrategy 

*** Running SyN registration (varianceForUpdateField = 3, varianceForTotalField = 0) ***

XXDIAGNOSTIC,Iteration,metricValue,convergenceValue,ITERATION_TIME_INDEX,SINCE_LAST
 1DIAGNOSTIC,     1, -9.438829131059e-01, 1.797693134862e+308, 1.8148e+00, 1.8148e+00, 
 1DIAGNOSTIC,     2, -9.499656050962e-01, 1.797693134862e+308, 2.4283e+00, 6.1351e-01, 
 1DIAGNOSTIC,     3, -9.549015318573e-01, 1.797693134862e+308, 3.0436e+00, 6.1530e-01, 
 1DIAGNOSTIC,     4, -9.584897995753e-01, 1.797693134862e+308, 3.6588e+00, 6.1517e-01, 
 1DIAGNOSTIC,     5, -9.611651592237e-01, 1.797693134862e+308, 4.2686e+00, 6.0976e-01, 
 1DIAGNOSTIC,     6, -9.635712378863e-01, 1.797693134862e+308, 4.8796e+00, 6.1100e-01, 
 1DIAGNOSTIC,     7, -9.660536710726e-01, 1.797693134862e+308, 5.4926e+00, 6.1300e-01, 
 1DIAGNOSTIC,     8, -9.684280793459e-01, 1.797693134862e+308, 6.1053e+00, 6.1271e-01, 
 1DIAGNOSTIC,     9, -9.704991440777e-01, 1.797693134862e+308, 6.7204e+00, 6.1515e-01, 
 1DIAGNOSTIC,    10, -9.721964547963e-01, 1.768266220944e-03, 7.3324e+00, 6.1200e-01, 
 1DIAGNOSTIC,    11, -9.727520197443e-01, 1.349244500477e-03, 7.9414e+00, 6.0896e-01, 
 1DIAGNOSTIC,    12, -9.729133354546e-01, 1.031865922391e-03, 8.5528e+00, 6.1138e-01, 
 1DIAGNOSTIC,    13, -9.737328784665e-01, 8.001141672676e-04, 9.1635e+00, 6.1071e-01, 
 1DIAGNOSTIC,    14, -9.741484332562e-01, 6.121792800644e-04, 9.7741e+00, 6.1062e-01, 
 1DIAGNOSTIC,    15, -9.743546162002e-01, 4.497083135191e-04, 1.0386e+01, 6.1205e-01, 
 1DIAGNOSTIC,    16, -9.744490423152e-01, 3.124682756261e-04, 1.0995e+01, 6.0931e-01, 
 1DIAGNOSTIC,    17, -9.748006810355e-01, 2.116864159274e-04, 1.1604e+01, 6.0895e-01, 
 1DIAGNOSTIC,    18, -9.747913919007e-01, 1.406135644287e-04, 1.2218e+01, 6.1317e-01, 
 1DIAGNOSTIC,    19, -9.752311178432e-01, 1.023687902159e-04, 1.2829e+01, 6.1186e-01, 
 1DIAGNOSTIC,    20, -9.751703134884e-01, 8.247155371295e-05, 1.3441e+01, 6.1168e-01, 
 1DIAGNOSTIC,    21, -9.754104787814e-01, 6.829068137418e-05, 1.4053e+01, 6.1226e-01, 
 1DIAGNOSTIC,    22, -9.753538431073e-01, 5.028264571413e-05, 1.4667e+01, 6.1392e-01, 
 1DIAGNOSTIC,    23, -9.756832978216e-01, 4.385053623258e-05, 1.5277e+01, 6.0982e-01, 
 1DIAGNOSTIC,    24, -9.755579166103e-01, 3.737495563760e-05, 1.5887e+01, 6.1004e-01, 
 1DIAGNOSTIC,    25, -9.756921557238e-01, 3.210641037306e-05, 1.6498e+01, 6.1127e-01, 
 1DIAGNOSTIC,    26, -9.756109345453e-01, 2.442173269422e-05, 1.7112e+01, 6.1327e-01, 
 1DIAGNOSTIC,    27, -9.758436463706e-01, 2.152661599831e-05, 1.7723e+01, 6.1157e-01, 
 1DIAGNOSTIC,    28, -9.757271808269e-01, 1.539878576023e-05, 1.8338e+01, 6.1491e-01, 
 1DIAGNOSTIC,    29, -9.758804507592e-01, 1.443053643518e-05, 1.8949e+01, 6.1088e-01, 
 1DIAGNOSTIC,    30, -9.756944880067e-01, 9.802610650776e-06, 1.9560e+01, 6.1121e-01, 
 1DIAGNOSTIC,    31, -9.759431775626e-01, 9.349439590474e-06, 2.0171e+01, 6.1109e-01, 
 1DIAGNOSTIC,    32, -9.758171716332e-01, 6.293481585873e-06, 2.0784e+01, 6.1307e-01, 
 1DIAGNOSTIC,    33, -9.759119626172e-01, 6.756059422436e-06, 2.1396e+01, 6.1115e-01, 
 1DIAGNOSTIC,    34, -9.757117082631e-01, 3.815665218912e-06, 2.2006e+01, 6.1066e-01, 
 1DIAGNOSTIC,    35, -9.759488307430e-01, 3.957135598462e-06, 2.2616e+01, 6.1018e-01, 
 1DIAGNOSTIC,    36, -9.758195904788e-01, 1.958474472590e-06, 2.3232e+01, 6.1573e-01, 
 1DIAGNOSTIC,    37, -9.759094669764e-01, 2.567135643249e-06, 2.3844e+01, 6.1175e-01, 
 1DIAGNOSTIC,    38, -9.757022886861e-01, 4.649752393185e-07, 2.4454e+01, 6.1034e-01, 
XXDIAGNOSTIC,Iteration,metricValue,convergenceValue,ITERATION_TIME_INDEX,SINCE_LAST
 1DIAGNOSTIC,     1, -9.242476452987e-01, 1.797693134862e+308, 3.0753e+01, 6.2992e+00, 
 1DIAGNOSTIC,     2, -9.271994784584e-01, 1.797693134862e+308, 3.5860e+01, 5.1069e+00, 
 1DIAGNOSTIC,     3, -9.305581105017e-01, 1.797693134862e+308, 4.0936e+01, 5.0761e+00, 
 1DIAGNOSTIC,     4, -9.334620014104e-01, 1.797693134862e+308, 4.6022e+01, 5.0853e+00, 
 1DIAGNOSTIC,     5, -9.361745320829e-01, 1.797693134862e+308, 5.1121e+01, 5.0994e+00, 
 1DIAGNOSTIC,     6, -9.383432820990e-01, 1.797693134862e+308, 5.6225e+01, 5.1038e+00, 
 1DIAGNOSTIC,     7, -9.401083119647e-01, 1.797693134862e+308, 6.1303e+01, 5.0780e+00, 
 1DIAGNOSTIC,     8, -9.416594709746e-01, 1.797693134862e+308, 6.6383e+01, 5.0804e+00, 
 1DIAGNOSTIC,     9, -9.428266376485e-01, 1.797693134862e+308, 7.1485e+01, 5.1021e+00, 
 1DIAGNOSTIC,    10, -9.438834498146e-01, 1.355932027020e-03, 7.6583e+01, 5.0973e+00, 
 1DIAGNOSTIC,    11, -9.446785661739e-01, 1.066220848678e-03, 8.1689e+01, 5.1059e+00, 
 1DIAGNOSTIC,    12, -9.453190100350e-01, 8.193148242933e-04, 8.6826e+01, 5.1377e+00, 
 1DIAGNOSTIC,    13, -9.457826295378e-01, 6.250446019201e-04, 9.1920e+01, 5.0941e+00, 
 1DIAGNOSTIC,    14, -9.461857026554e-01, 4.727666288558e-04, 9.7036e+01, 5.1159e+00, 
 1DIAGNOSTIC,    15, -9.465527372105e-01, 3.594071134661e-04, 1.0217e+02, 5.1315e+00, 
 1DIAGNOSTIC,    16, -9.468861625862e-01, 2.742922456202e-04, 1.0728e+02, 5.1122e+00, 
 1DIAGNOSTIC,    17, -9.471869740901e-01, 2.104588987705e-04, 1.1238e+02, 5.1048e+00, 
 1DIAGNOSTIC,    18, -9.474625610688e-01, 1.648712001825e-04, 1.1753e+02, 5.1473e+00, 
 1DIAGNOSTIC,    19, -9.477145449649e-01, 1.312673050586e-04, 1.2264e+02, 5.1060e+00, 
 1DIAGNOSTIC,    20, -9.479453859464e-01, 1.082166292984e-04, 1.2776e+02, 5.1212e+00, 
 1DIAGNOSTIC,    21, -9.481601897962e-01, 9.177055168509e-05, 1.3287e+02, 5.1153e+00, 
 1DIAGNOSTIC,    22, -9.483597473139e-01, 7.980264153191e-05, 1.3799e+02, 5.1155e+00, 
 1DIAGNOSTIC,    23, -9.485448912341e-01, 6.996054926935e-05, 1.4310e+02, 5.1132e+00, 
 1DIAGNOSTIC,    24, -9.487176604762e-01, 6.166378195233e-05, 1.4824e+02, 5.1324e+00, 
 1DIAGNOSTIC,    25, -9.488789488874e-01, 5.466346679943e-05, 1.5333e+02, 5.0990e+00, 
 1DIAGNOSTIC,    26, -9.490297215964e-01, 4.872942764044e-05, 1.5844e+02, 5.1093e+00, 
 1DIAGNOSTIC,    27, -9.491712552360e-01, 4.363977899127e-05, 1.6357e+02, 5.1255e+00, 
 1DIAGNOSTIC,    28, -9.493055093487e-01, 3.926747560044e-05, 1.6869e+02, 5.1165e+00, 
 1DIAGNOSTIC,    29, -9.494319390641e-01, 3.548039964277e-05, 1.7380e+02, 5.1092e+00, 
 1DIAGNOSTIC,    30, -9.495507745078e-01, 3.216357588658e-05, 1.7893e+02, 5.1338e+00, 
 1DIAGNOSTIC,    31, -9.496638805824e-01, 2.926429900768e-05, 1.8403e+02, 5.0985e+00, 
 1DIAGNOSTIC,    32, -9.497714260072e-01, 2.672560608558e-05, 1.8914e+02, 5.1161e+00, 
 1DIAGNOSTIC,    33, -9.498736625611e-01, 2.449001634953e-05, 1.9427e+02, 5.1247e+00, 
 1DIAGNOSTIC,    34, -9.499694509207e-01, 2.250100722195e-05, 1.9938e+02, 5.1136e+00, 
 1DIAGNOSTIC,    35, -9.500618639575e-01, 2.073219570903e-05, 2.0449e+02, 5.1058e+00, 
 1DIAGNOSTIC,    36, -9.501497738561e-01, 1.914743587524e-05, 2.0963e+02, 5.1385e+00, 
 1DIAGNOSTIC,    37, -9.502346478180e-01, 1.772853866495e-05, 2.1473e+02, 5.1000e+00, 
 1DIAGNOSTIC,    38, -9.503157627990e-01, 1.646176494350e-05, 2.1984e+02, 5.1166e+00, 
 1DIAGNOSTIC,    39, -9.503998423610e-01, 1.537542497042e-05, 2.2496e+02, 5.1155e+00, 
 1DIAGNOSTIC,    40, -9.504727831596e-01, 1.437772738656e-05, 2.3007e+02, 5.1163e+00, 
 1DIAGNOSTIC,    41, -9.505407559646e-01, 1.344486984959e-05, 2.3518e+02, 5.1057e+00, 
 1DIAGNOSTIC,    42, -9.506057748976e-01, 1.256781235495e-05, 2.4031e+02, 5.1330e+00, 
 1DIAGNOSTIC,    43, -9.506666496764e-01, 1.172947256004e-05, 2.4541e+02, 5.0981e+00, 
 1DIAGNOSTIC,    44, -9.507227702258e-01, 1.090275891957e-05, 2.5055e+02, 5.1345e+00, 
 1DIAGNOSTIC,    45, -9.507734680527e-01, 1.008336165187e-05, 2.5568e+02, 5.1299e+00, 
 1DIAGNOSTIC,    46, -9.508214155240e-01, 9.280216568503e-06, 2.6079e+02, 5.1131e+00, 
 1DIAGNOSTIC,    47, -9.508654700094e-01, 8.503680499958e-06, 2.6590e+02, 5.1137e+00, 
 1DIAGNOSTIC,    48, -9.509063590078e-01, 7.762799215761e-06, 2.7104e+02, 5.1374e+00, 
 1DIAGNOSTIC,    49, -9.509434637266e-01, 7.106288509688e-06, 2.7614e+02, 5.1032e+00, 
 1DIAGNOSTIC,    50, -9.509796967236e-01, 6.505595363953e-06, 2.8127e+02, 5.1292e+00, 
 1DIAGNOSTIC,    51, -9.510119110913e-01, 5.948225118142e-06, 2.8642e+02, 5.1433e+00, 
 1DIAGNOSTIC,    52, -9.510416436700e-01, 5.442057252673e-06, 2.9154e+02, 5.1234e+00, 
 1DIAGNOSTIC,    53, -9.510692452826e-01, 4.986844908711e-06, 2.9664e+02, 5.1050e+00, 
 1DIAGNOSTIC,    54, -9.510947971980e-01, 4.576295655877e-06, 3.0179e+02, 5.1423e+00, 
 1DIAGNOSTIC,    55, -9.511183213402e-01, 4.197912673535e-06, 3.0687e+02, 5.0879e+00, 
 1DIAGNOSTIC,    56, -9.511399937187e-01, 3.854107647170e-06, 3.1201e+02, 5.1391e+00, 
 1DIAGNOSTIC,    57, -9.511597220858e-01, 3.538603488059e-06, 3.1715e+02, 5.1320e+00, 
 1DIAGNOSTIC,    58, -9.511776501282e-01, 3.248481576536e-06, 3.2226e+02, 5.1103e+00, 
 1DIAGNOSTIC,    59, -9.511937861778e-01, 2.976010618157e-06, 3.2737e+02, 5.1132e+00, 
 1DIAGNOSTIC,    60, -9.512086714968e-01, 2.731066427765e-06, 3.3252e+02, 5.1463e+00, 
 1DIAGNOSTIC,    61, -9.512222823731e-01, 2.505242128290e-06, 3.3760e+02, 5.0862e+00, 
 1DIAGNOSTIC,    62, -9.512346158120e-01, 2.297028297765e-06, 3.4274e+02, 5.1392e+00, 
 1DIAGNOSTIC,    63, -9.512459534053e-01, 2.107066660310e-06, 3.4788e+02, 5.1425e+00, 
 1DIAGNOSTIC,    64, -9.512562384820e-01, 1.934902964334e-06, 3.5299e+02, 5.1072e+00, 
 1DIAGNOSTIC,    65, -9.512656923431e-01, 1.780056623078e-06, 3.5810e+02, 5.1098e+00, 
 1DIAGNOSTIC,    66, -9.512784153029e-01, 1.660354896002e-06, 3.6324e+02, 5.1439e+00, 
 1DIAGNOSTIC,    67, -9.512862699718e-01, 1.552287980690e-06, 3.6833e+02, 5.0906e+00, 
 1DIAGNOSTIC,    68, -9.512936715054e-01, 1.454329178380e-06, 3.7346e+02, 5.1205e+00, 
 1DIAGNOSTIC,    69, -9.513001136698e-01, 1.361452729982e-06, 3.7860e+02, 5.1434e+00, 
 1DIAGNOSTIC,    70, -9.513059978745e-01, 1.272406739571e-06, 3.8370e+02, 5.1062e+00, 
XXDIAGNOSTIC,Iteration,metricValue,convergenceValue,ITERATION_TIME_INDEX,SINCE_LAST
 1DIAGNOSTIC,     1, -9.016204153166e-01, 1.797693134862e+308, 4.2619e+02, 4.2488e+01, 
 1DIAGNOSTIC,     2, -9.037232022489e-01, 1.797693134862e+308, 4.6697e+02, 4.0780e+01, 
 1DIAGNOSTIC,     3, -9.062453314758e-01, 1.797693134862e+308, 5.0774e+02, 4.0763e+01, 
 1DIAGNOSTIC,     4, -9.089041204769e-01, 1.797693134862e+308, 5.4850e+02, 4.0761e+01, 
 1DIAGNOSTIC,     5, -9.110013587489e-01, 1.797693134862e+308, 5.8926e+02, 4.0765e+01, 
 1DIAGNOSTIC,     6, -9.129078120238e-01, 1.797693134862e+308, 6.2993e+02, 4.0671e+01, 
 1DIAGNOSTIC,     7, -9.146417215485e-01, 1.797693134862e+308, 6.7074e+02, 4.0801e+01, 
 1DIAGNOSTIC,     8, -9.162522834123e-01, 1.797693134862e+308, 7.1152e+02, 4.0787e+01, 
 1DIAGNOSTIC,     9, -9.177692358722e-01, 1.797693134862e+308, 7.5217e+02, 4.0652e+01, 
 1DIAGNOSTIC,    10, -9.191849657782e-01, 1.246249077062e-03, 7.9299e+02, 4.0820e+01, 
 1DIAGNOSTIC,    11, -9.205100559674e-01, 1.052543266338e-03, 8.3394e+02, 4.0947e+01, 
 1DIAGNOSTIC,    12, -9.217510300284e-01, 8.828560649862e-04, 8.7490e+02, 4.0963e+01, 
 1DIAGNOSTIC,    13, -9.227343958301e-01, 7.425893722130e-04, 9.1586e+02, 4.0960e+01, 
 1DIAGNOSTIC,    14, -9.234738349198e-01, 6.299556905217e-04, 9.5698e+02, 4.1113e+01, 
 1DIAGNOSTIC,    15, -9.242851962013e-01, 5.347719128480e-04, 9.9793e+02, 4.0953e+01, 
 1DIAGNOSTIC,    16, -9.248924213462e-01, 4.508335575915e-04, 1.0391e+03, 4.1127e+01, 
 1DIAGNOSTIC,    17, -9.254529320981e-01, 3.768773754705e-04, 1.0801e+03, 4.1042e+01, 
 1DIAGNOSTIC,    18, -9.259776296781e-01, 3.129425379904e-04, 1.1211e+03, 4.0990e+01, 
 1DIAGNOSTIC,    19, -9.264680190787e-01, 2.593535603025e-04, 1.1622e+03, 4.1065e+01, 
 1DIAGNOSTIC,    20, -9.269273112450e-01, 2.158952448344e-04, 1.2033e+03, 4.1127e+01, 
 1DIAGNOSTIC,    21, -9.273554670975e-01, 1.821209664068e-04, 1.2443e+03, 4.0990e+01, 
 1DIAGNOSTIC,    22, -9.277600442616e-01, 1.574706964927e-04, 1.2854e+03, 4.1152e+01, 
 1DIAGNOSTIC,    23, -9.281430730206e-01, 1.385851058283e-04, 1.3265e+03, 4.1113e+01, 
 1DIAGNOSTIC,    24, -9.285046144181e-01, 1.223815496352e-04, 1.3675e+03, 4.1009e+01, 
 1DIAGNOSTIC,    25, -9.288375476817e-01, 1.101123741016e-04, 1.4087e+03, 4.1129e+01, 
 1DIAGNOSTIC,    26, -9.291110162896e-01, 9.889277822774e-05, 1.4498e+03, 4.1131e+01, 
 1DIAGNOSTIC,    27, -9.293387860220e-01, 8.822217486914e-05, 1.4908e+03, 4.0982e+01, 
 1DIAGNOSTIC,    28, -9.295340176822e-01, 7.795400834909e-05, 1.5319e+03, 4.1158e+01, 
 1DIAGNOSTIC,    29, -9.297039037257e-01, 6.808206257612e-05, 1.5731e+03, 4.1118e+01, 
 1DIAGNOSTIC,    30, -9.298629619846e-01, 5.881873656709e-05, 1.6141e+03, 4.1020e+01, 
 1DIAGNOSTIC,    31, -9.300151305102e-01, 5.039462165187e-05, 1.6553e+03, 4.1167e+01, 
 1DIAGNOSTIC,    32, -9.301685651429e-01, 4.313860793603e-05, 1.6964e+03, 4.1111e+01, 
 1DIAGNOSTIC,    33, -9.303285525244e-01, 3.733939034917e-05, 1.7373e+03, 4.0977e+01, 
 1DIAGNOSTIC,    34, -9.305011265270e-01, 3.320897891642e-05, 1.7785e+03, 4.1174e+01, 
 1DIAGNOSTIC,    35, -9.306891053230e-01, 3.077999913796e-05, 1.8196e+03, 4.1114e+01, 
 1DIAGNOSTIC,    36, -9.308939039226e-01, 2.968873173329e-05, 1.8606e+03, 4.1021e+01, 
 1DIAGNOSTIC,    37, -9.311021140281e-01, 2.949858296031e-05, 1.9018e+03, 4.1143e+01, 
 1DIAGNOSTIC,    38, -9.313103367452e-01, 2.982091261150e-05, 1.9429e+03, 4.1156e+01, 
 1DIAGNOSTIC,    39, -9.315188496383e-01, 3.031507818870e-05, 1.9839e+03, 4.0993e+01, 
 1DIAGNOSTIC,    40, -9.317276183380e-01, 3.076610019992e-05, 2.0251e+03, 4.1164e+01, 
 1DIAGNOSTIC,    41, -9.319335930732e-01, 3.098773710225e-05, 2.0662e+03, 4.1108e+01, 
 1DIAGNOSTIC,    42, -9.321239729563e-01, 3.079954402174e-05, 2.1073e+03, 4.1043e+01, 
 1DIAGNOSTIC,    43, -9.323003087359e-01, 3.012730092711e-05, 2.1484e+03, 4.1146e+01, 
 1DIAGNOSTIC,    44, -9.324658501114e-01, 2.901190120628e-05, 2.1895e+03, 4.1129e+01, 
 1DIAGNOSTIC,    45, -9.326188376601e-01, 2.753950888563e-05, 2.2305e+03, 4.0930e+01, 
 1DIAGNOSTIC,    46, -9.327577553649e-01, 2.583075027343e-05, 2.2716e+03, 4.1137e+01, 
 1DIAGNOSTIC,    47, -9.328863257551e-01, 2.396397421524e-05, 2.3127e+03, 4.1110e+01, 
 1DIAGNOSTIC,    48, -9.330042330160e-01, 2.200802980716e-05, 2.3538e+03, 4.1064e+01, 
 1DIAGNOSTIC,    49, -9.331135913332e-01, 2.005544988803e-05, 2.3949e+03, 4.1154e+01, 
 1DIAGNOSTIC,    50, -9.332184666792e-01, 1.822331176796e-05, 2.4360e+03, 4.1060e+01, 
XXDIAGNOSTIC,Iteration,metricValue,convergenceValue,ITERATION_TIME_INDEX,SINCE_LAST
 1DIAGNOSTIC,     1, -8.995210162775e-01, 1.797693134862e+308, 2.7736e+03, 3.3757e+02, 
 1DIAGNOSTIC,     2, -9.007063806590e-01, 1.797693134862e+308, 3.1053e+03, 3.3173e+02, 
 1DIAGNOSTIC,     3, -9.023015518054e-01, 1.797693134862e+308, 3.4372e+03, 3.3194e+02, 
 1DIAGNOSTIC,     4, -9.041684697651e-01, 1.797693134862e+308, 3.7678e+03, 3.3056e+02, 
 1DIAGNOSTIC,     5, -9.059324121872e-01, 1.797693134862e+308, 4.0996e+03, 3.3178e+02, 
 1DIAGNOSTIC,     6, -9.077013142413e-01, 1.797693134862e+308, 4.4301e+03, 3.3052e+02, 
 1DIAGNOSTIC,     7, -9.091534951273e-01, 1.797693134862e+308, 4.7606e+03, 3.3048e+02, 
 1DIAGNOSTIC,     8, -9.104544111176e-01, 1.797693134862e+308, 5.0916e+03, 3.3105e+02, 
 1DIAGNOSTIC,     9, -9.116441176761e-01, 1.797693134862e+308, 5.4252e+03, 3.3355e+02, 
 1DIAGNOSTIC,    10, -9.126890163523e-01, 9.772868508376e-04, 5.7560e+03, 3.3081e+02, 
 1DIAGNOSTIC,    11, -9.134454260203e-01, 8.407183751829e-04, 6.0892e+03, 3.3327e+02, 
 1DIAGNOSTIC,    12, -9.143142002085e-01, 7.050010169901e-04, 6.4223e+03, 3.3301e+02, 
 1DIAGNOSTIC,    13, -9.149408726797e-01, 5.795612550991e-04, 6.7553e+03, 3.3302e+02, 
 1DIAGNOSTIC,    14, -9.155173000459e-01, 4.736767858183e-04, 7.0884e+03, 3.3310e+02, 
 1DIAGNOSTIC,    15, -9.160636803134e-01, 3.864636309475e-04, 7.4214e+03, 3.3303e+02, 
 1DIAGNOSTIC,    16, -9.165748291904e-01, 3.190251708964e-04, 7.7546e+03, 3.3314e+02, 
 1DIAGNOSTIC,    17, -9.170544265176e-01, 2.654334404226e-04, 8.0876e+03, 3.3303e+02, 
 1DIAGNOSTIC,    18, -9.175099799008e-01, 2.235418568333e-04, 8.4206e+03, 3.3307e+02, 
 1DIAGNOSTIC,    19, -9.179531827576e-01, 1.920356891803e-04, 8.7536e+03, 3.3298e+02, 
 1DIAGNOSTIC,    20, -9.183779875774e-01, 1.687230287309e-04, 9.1000e+03, 3.4634e+02, 
  Elapsed time (stage 0): 9102.87


Total elapsed time: 9102.88
-i /mnt/lustre/mathdugre/fast-interpolate/datasets/ds004513/derivatives/flint/ants/flint-vprec-single/sub-s034/ses-open/anat/00/1_Affine.nii.gz -o /mnt/lustre/mathdugre/fast-interpolate/datasets/ds004513/derivatives/flint/ants/flint-vprec-single/sub-s034/ses-open/anat/000/1_transformed.nii.gz -t /mnt/lustre/mathdugre/fast-interpolate/datasets/ds004513/derivatives/flint/ants/flint-vprec-single/sub-s034/ses-open/anat/000/1_1Warp.nii.gz -t /mnt/lustre/mathdugre/fast-interpolate/datasets/ds004513/derivatives/flint/ants/flint-vprec-single/sub-s034/ses-open/anat/000/1_0GenericAffine.mat
