
##########################
# Experiment information #
##########################

EXPERIMENT_NAME: r7-p15
VFC_BACKENDS: libinterflop_vprec.so --range-binary32=7 --precision-binary32=15 --range-binary64=7 --precision-binary64=15

SIF_IMG: /mnt/lustre/mathdugre/containers/ants-vprec-no_metric.simg

SUBJECT_ID: s037
INPUT_IMG: /mnt/lustre/mathdugre/fast-interpolate/datasets/ds004513/derivatives/flint/antsBrainExtraction/sub-s037/BrainExtractionBrain.nii.gz
OUTPUT_DIR: /mnt/lustre/mathdugre/fast-interpolate/datasets/ds004513/derivatives/flint/antsRegistration/r7-p15/sub-s037

FIXED_IMG: /templateflow/tpl-MNI152NLin2009cAsym/tpl-MNI152NLin2009cAsym_res-01_desc-brain_T1w.nii.gz
DATA_DIR: /mnt/lustre/mathdugre/fast-interpolate/datasets/ds004513
TEMPLATEFLOW_DIR: /home/mathdugre/.cache/templateflow
ITK_GLOBAL_DEFAULT_NUMBER_OF_THREADS: 4
##########################

Info [verificarlo]: loaded backend libinterflop_vprec.so
Info [interflop-vprec]: load backend with: 
Info [interflop-vprec]: precision-binary32 = 15
Info [interflop-vprec]: range-binary32 = 7
Info [interflop-vprec]: precision-binary64 = 15
Info [interflop-vprec]: range-binary64 = 7
Info [interflop-vprec]: mode = ob
Info [interflop-vprec]: error-mode = rel
Info [interflop-vprec]: max-abs-error-exponent = -1022
Info [interflop-vprec]: daz = false
Info [interflop-vprec]: ftz = false
Info [interflop-vprec]: 	instrument = none
Info [interflop-vprec]: 	prec-input-file = (null)
Info [interflop-vprec]: 	prec-output-file = (null)
Info [interflop-vprec]: 	prec-log-file = (null)
All_Command_lines_OK
Using double precision for computations.
=============================================================================
The composite transform comprises the following transforms (in order): 
  1. Center of mass alignment using fixed image: /templateflow/tpl-MNI152NLin2009cAsym/tpl-MNI152NLin2009cAsym_res-01_desc-brain_T1w.nii.gz and moving image: /mnt/lustre/mathdugre/fast-interpolate/datasets/ds004513/derivatives/flint/antsBrainExtraction/sub-s037/BrainExtractionBrain.nii.gz (type = Euler3DTransform)
=============================================================================
  number of levels = 4
  number of levels = 4
  number of levels = 4
  fixed image: /templateflow/tpl-MNI152NLin2009cAsym/tpl-MNI152NLin2009cAsym_res-01_desc-brain_T1w.nii.gz
  moving image: /mnt/lustre/mathdugre/fast-interpolate/datasets/ds004513/derivatives/flint/antsBrainExtraction/sub-s037/BrainExtractionBrain.nii.gz
  fixed image: /templateflow/tpl-MNI152NLin2009cAsym/tpl-MNI152NLin2009cAsym_res-01_desc-brain_T1w.nii.gz
  moving image: /mnt/lustre/mathdugre/fast-interpolate/datasets/ds004513/derivatives/flint/antsBrainExtraction/sub-s037/BrainExtractionBrain.nii.gz
  fixed image: /templateflow/tpl-MNI152NLin2009cAsym/tpl-MNI152NLin2009cAsym_res-01_desc-brain_T1w.nii.gz
  moving image: /mnt/lustre/mathdugre/fast-interpolate/datasets/ds004513/derivatives/flint/antsBrainExtraction/sub-s037/BrainExtractionBrain.nii.gz
Dimension = 3
Number of stages = 3
Use histogram matching = false
Winsorize image intensities = true
  Lower quantile = 0.005
  Upper quantile = 0.995


Stage 1 State
   Image metric = MattesMI
     Fixed image = Image (0x3f07b30)
  RTTI typeinfo:   itk::Image<double, 3u>
  Reference Count: 2
  Modified Time: 2385
  Debug: Off
  Object Name: 
  Observers: 
    none
  Source: (none)
  Source output name: (none)
  Release Data: Off
  Data Released: False
  Global Release Data: Off
  PipelineMTime: 0
  UpdateMTime: 1996
  RealTimeStamp: 0 seconds 
  LargestPossibleRegion: 
    Dimension: 3
    Index: [0, 0, 0]
    Size: [193, 229, 193]
  BufferedRegion: 
    Dimension: 3
    Index: [0, 0, 0]
    Size: [193, 229, 193]
  RequestedRegion: 
    Dimension: 3
    Index: [0, 0, 0]
    Size: [193, 229, 193]
  Spacing: [1, 1, 1]
  Origin: [96, 132, -78]
  Direction: 
-1 0 0
0 -1 0
0 0 1

  IndexToPointMatrix: 
-1 0 0
0 -1 0
0 0 1

  PointToIndexMatrix: 
-1 0 0
0 -1 0
0 0 1

  Inverse Direction: 
-1 0 0
0 -1 0
0 0 1

  PixelContainer: 
    ImportImageContainer (0x3f0ca10)
      RTTI typeinfo:   itk::ImportImageContainer<unsigned long, double>
      Reference Count: 1
      Modified Time: 1993
      Debug: Off
      Object Name: 
      Observers: 
        none
      Pointer: 0x7fb6c6af8010
      Container manages memory: true
      Size: 8530021
      Capacity: 8530021

     Moving image = Image (0x3f03400)
  RTTI typeinfo:   itk::Image<double, 3u>
  Reference Count: 2
  Modified Time: 2386
  Debug: Off
  Object Name: 
  Observers: 
    none
  Source: (none)
  Source output name: (none)
  Release Data: Off
  Data Released: False
  Global Release Data: Off
  PipelineMTime: 0
  UpdateMTime: 2383
  RealTimeStamp: 0 seconds 
  LargestPossibleRegion: 
    Dimension: 3
    Index: [0, 0, 0]
    Size: [160, 240, 256]
  BufferedRegion: 
    Dimension: 3
    Index: [0, 0, 0]
    Size: [160, 240, 256]
  RequestedRegion: 
    Dimension: 3
    Index: [0, 0, 0]
    Size: [160, 240, 256]
  Spacing: [1, 1, 1]
  Origin: [87.9512, 102.562, -147.641]
  Direction: 
-0.998657 -0.0436125 -0.0279131
0.0435953 -0.999054 0.00121847
-0.0279393 -2.65545e-08 0.999603

  IndexToPointMatrix: 
-0.998657 -0.0436125 -0.0279131
0.0435953 -0.999054 0.00121847
-0.0279393 -2.65545e-08 0.999603

  PointToIndexMatrix: 
-0.998657 0.0435953 -0.0279393
-0.0436134 -0.999084 1.52525e-05
-0.0279126 0.00121307 0.999619

  Inverse Direction: 
-0.998657 0.0435953 -0.0279393
-0.0436134 -0.999084 1.52525e-05
-0.0279126 0.00121307 0.999619

  PixelContainer: 
    ImportImageContainer (0x40d76d0)
      RTTI typeinfo:   itk::ImportImageContainer<unsigned long, double>
      Reference Count: 1
      Modified Time: 2380
      Debug: Off
      Object Name: 
      Observers: 
        none
      Pointer: 0x7fb6c1ff7010
      Container manages memory: true
      Size: 9830400
      Capacity: 9830400

     Weighting = 1
     Sampling strategy = regular
     Number of bins = 32
     Radius = 4
     Sampling percentage  = 0.25
   Transform = Rigid
     Gradient step = 0.1
     Update field sigma (voxel space) = 0
     Total field sigma (voxel space) = 0
     Update field time sigma = 0
     Total field time sigma  = 0
     Number of time indices = 0
     Number of time point samples = 0
Stage 2 State
   Image metric = MattesMI
     Fixed image = Image (0x3f23ec0)
  RTTI typeinfo:   itk::Image<double, 3u>
  Reference Count: 2
  Modified Time: 3161
  Debug: Off
  Object Name: 
  Observers: 
    none
  Source: (none)
  Source output name: (none)
  Release Data: Off
  Data Released: False
  Global Release Data: Off
  PipelineMTime: 0
  UpdateMTime: 2772
  RealTimeStamp: 0 seconds 
  LargestPossibleRegion: 
    Dimension: 3
    Index: [0, 0, 0]
    Size: [193, 229, 193]
  BufferedRegion: 
    Dimension: 3
    Index: [0, 0, 0]
    Size: [193, 229, 193]
  RequestedRegion: 
    Dimension: 3
    Index: [0, 0, 0]
    Size: [193, 229, 193]
  Spacing: [1, 1, 1]
  Origin: [96, 132, -78]
  Direction: 
-1 0 0
0 -1 0
0 0 1

  IndexToPointMatrix: 
-1 0 0
0 -1 0
0 0 1

  PointToIndexMatrix: 
-1 0 0
0 -1 0
0 0 1

  Inverse Direction: 
-1 0 0
0 -1 0
0 0 1

  PixelContainer: 
    ImportImageContainer (0x3f24c80)
      RTTI typeinfo:   itk::ImportImageContainer<unsigned long, double>
      Reference Count: 1
      Modified Time: 2769
      Debug: Off
      Object Name: 
      Observers: 
        none
      Pointer: 0x7fb6bdee2010
      Container manages memory: true
      Size: 8530021
      Capacity: 8530021

     Moving image = Image (0x3f2c690)
  RTTI typeinfo:   itk::Image<double, 3u>
  Reference Count: 2
  Modified Time: 3162
  Debug: Off
  Object Name: 
  Observers: 
    none
  Source: (none)
  Source output name: (none)
  Release Data: Off
  Data Released: False
  Global Release Data: Off
  PipelineMTime: 0
  UpdateMTime: 3159
  RealTimeStamp: 0 seconds 
  LargestPossibleRegion: 
    Dimension: 3
    Index: [0, 0, 0]
    Size: [160, 240, 256]
  BufferedRegion: 
    Dimension: 3
    Index: [0, 0, 0]
    Size: [160, 240, 256]
  RequestedRegion: 
    Dimension: 3
    Index: [0, 0, 0]
    Size: [160, 240, 256]
  Spacing: [1, 1, 1]
  Origin: [87.9512, 102.562, -147.641]
  Direction: 
-0.998657 -0.0436125 -0.0279131
0.0435953 -0.999054 0.00121847
-0.0279393 -2.65545e-08 0.999603

  IndexToPointMatrix: 
-0.998657 -0.0436125 -0.0279131
0.0435953 -0.999054 0.00121847
-0.0279393 -2.65545e-08 0.999603

  PointToIndexMatrix: 
-0.998657 0.0435953 -0.0279393
-0.0436134 -0.999084 1.52525e-05
-0.0279126 0.00121307 0.999619

  Inverse Direction: 
-0.998657 0.0435953 -0.0279393
-0.0436134 -0.999084 1.52525e-05
-0.0279126 0.00121307 0.999619

  PixelContainer: 
    ImportImageContainer (0x40b76d0)
      RTTI typeinfo:   itk::ImportImageContainer<unsigned long, double>
      Reference Count: 1
      Modified Time: 3156
      Debug: Off
      Object Name: 
      Observers: 
        none
      Pointer: 0x7fb6b93e1010
      Container manages memory: true
      Size: 9830400
      Capacity: 9830400

     Weighting = 1
     Sampling strategy = regular
     Number of bins = 32
     Radius = 4
     Sampling percentage  = 0.25
   Transform = Affine
     Gradient step = 0.1
     Update field sigma (voxel space) = 0
     Total field sigma (voxel space) = 0
     Update field time sigma = 0
     Total field time sigma  = 0
     Number of time indices = 0
     Number of time point samples = 0
Stage 3 State
   Image metric = CC
     Fixed image = Image (0x3f2c220)
  RTTI typeinfo:   itk::Image<double, 3u>
  Reference Count: 2
  Modified Time: 3937
  Debug: Off
  Object Name: 
  Observers: 
    none
  Source: (none)
  Source output name: (none)
  Release Data: Off
  Data Released: False
  Global Release Data: Off
  PipelineMTime: 0
  UpdateMTime: 3548
  RealTimeStamp: 0 seconds 
  LargestPossibleRegion: 
    Dimension: 3
    Index: [0, 0, 0]
    Size: [193, 229, 193]
  BufferedRegion: 
    Dimension: 3
    Index: [0, 0, 0]
    Size: [193, 229, 193]
  RequestedRegion: 
    Dimension: 3
    Index: [0, 0, 0]
    Size: [193, 229, 193]
  Spacing: [1, 1, 1]
  Origin: [96, 132, -78]
  Direction: 
-1 0 0
0 -1 0
0 0 1

  IndexToPointMatrix: 
-1 0 0
0 -1 0
0 0 1

  PointToIndexMatrix: 
-1 0 0
0 -1 0
0 0 1

  Inverse Direction: 
-1 0 0
0 -1 0
0 0 1

  PixelContainer: 
    ImportImageContainer (0x3f2bd40)
      RTTI typeinfo:   itk::ImportImageContainer<unsigned long, double>
      Reference Count: 1
      Modified Time: 3545
      Debug: Off
      Object Name: 
      Observers: 
        none
      Pointer: 0x7fb6b52cc010
      Container manages memory: true
      Size: 8530021
      Capacity: 8530021

     Moving image = Image (0x3f21a80)
  RTTI typeinfo:   itk::Image<double, 3u>
  Reference Count: 2
  Modified Time: 3938
  Debug: Off
  Object Name: 
  Observers: 
    none
  Source: (none)
  Source output name: (none)
  Release Data: Off
  Data Released: False
  Global Release Data: Off
  PipelineMTime: 0
  UpdateMTime: 3935
  RealTimeStamp: 0 seconds 
  LargestPossibleRegion: 
    Dimension: 3
    Index: [0, 0, 0]
    Size: [160, 240, 256]
  BufferedRegion: 
    Dimension: 3
    Index: [0, 0, 0]
    Size: [160, 240, 256]
  RequestedRegion: 
    Dimension: 3
    Index: [0, 0, 0]
    Size: [160, 240, 256]
  Spacing: [1, 1, 1]
  Origin: [87.9512, 102.562, -147.641]
  Direction: 
-0.998657 -0.0436125 -0.0279131
0.0435953 -0.999054 0.00121847
-0.0279393 -2.65545e-08 0.999603

  IndexToPointMatrix: 
-0.998657 -0.0436125 -0.0279131
0.0435953 -0.999054 0.00121847
-0.0279393 -2.65545e-08 0.999603

  PointToIndexMatrix: 
-0.998657 0.0435953 -0.0279393
-0.0436134 -0.999084 1.52525e-05
-0.0279126 0.00121307 0.999619

  Inverse Direction: 
-0.998657 0.0435953 -0.0279393
-0.0436134 -0.999084 1.52525e-05
-0.0279126 0.00121307 0.999619

  PixelContainer: 
    ImportImageContainer (0x40f7750)
      RTTI typeinfo:   itk::ImportImageContainer<unsigned long, double>
      Reference Count: 1
      Modified Time: 3932
      Debug: Off
      Object Name: 
      Observers: 
        none
      Pointer: 0x7fb6b07cb010
      Container manages memory: true
      Size: 9830400
      Capacity: 9830400

     Weighting = 1
     Sampling strategy = none
     Number of bins = 32
     Radius = 4
     Sampling percentage  = 1
   Transform = SyN
     Gradient step = 0.1
     Update field sigma (voxel space) = 3
     Total field sigma (voxel space) = 0
     Update field time sigma = 0
     Total field time sigma  = 0
     Number of time indices = 0
     Number of time point samples = 0
Registration using 3 total stages.

Stage 0
  iterations = 1000x500x250x100
  convergence threshold = 1e-06
  convergence window size = 10
  number of levels = 4
  using the Mattes MI metric (number of bins = 32, weight = 1, use gradient filter = 0)
  preprocessing:  winsorizing the image intensities
  Shrink factors (level 1 out of 4): [8, 8, 8]
  Shrink factors (level 2 out of 4): [4, 4, 4]
  Shrink factors (level 3 out of 4): [2, 2, 2]
  Shrink factors (level 4 out of 4): [1, 1, 1]
  smoothing sigmas per level: [3, 2, 1, 0]
  regular sampling (percentage = 0.25)

*** Running Euler3DTransform registration ***

DIAGNOSTIC,Iteration,metricValue,convergenceValue,ITERATION_TIME_INDEX,SINCE_LAST
*/mnt/lustre/mathdugre/fast-interpolate/datasets/ds004513/derivatives/flint/antsRegistration/r7-p15/sub-s037/Stage1_level1_Iter0001.nii.gz
2DIAGNOSTIC,     1, -6.054298534227e-02, 1.797693134862e+308, 0.0000e+00, 0.0000e+00, 
*/mnt/lustre/mathdugre/fast-interpolate/datasets/ds004513/derivatives/flint/antsRegistration/r7-p15/sub-s037/Stage1_level1_Iter0002.nii.gz
2DIAGNOSTIC,     2, -6.068625456177e-02, 1.797693134862e+308, 0.0000e+00, 0.0000e+00, 
*/mnt/lustre/mathdugre/fast-interpolate/datasets/ds004513/derivatives/flint/antsRegistration/r7-p15/sub-s037/Stage1_level1_Iter0003.nii.gz
2DIAGNOSTIC,     3, -6.189941986516e-02, 1.797693134862e+308, 0.0000e+00, 0.0000e+00, 
*/mnt/lustre/mathdugre/fast-interpolate/datasets/ds004513/derivatives/flint/antsRegistration/r7-p15/sub-s037/Stage1_level1_Iter0004.nii.gz
2DIAGNOSTIC,     4, -6.223454290246e-02, 1.797693134862e+308, 0.0000e+00, 0.0000e+00, 
*/mnt/lustre/mathdugre/fast-interpolate/datasets/ds004513/derivatives/flint/antsRegistration/r7-p15/sub-s037/Stage1_level1_Iter0005.nii.gz
2DIAGNOSTIC,     5, -6.244490707714e-02, 1.797693134862e+308, 0.0000e+00, 0.0000e+00, 
*/mnt/lustre/mathdugre/fast-interpolate/datasets/ds004513/derivatives/flint/antsRegistration/r7-p15/sub-s037/Stage1_level1_Iter0006.nii.gz
2DIAGNOSTIC,     6, -6.290668567964e-02, 1.797693134862e+308, 0.0000e+00, 0.0000e+00, 
*/mnt/lustre/mathdugre/fast-interpolate/datasets/ds004513/derivatives/flint/antsRegistration/r7-p15/sub-s037/Stage1_level1_Iter0007.nii.gz
2DIAGNOSTIC,     7, -6.297474553924e-02, 1.797693134862e+308, 0.0000e+00, 0.0000e+00, 
*/mnt/lustre/mathdugre/fast-interpolate/datasets/ds004513/derivatives/flint/antsRegistration/r7-p15/sub-s037/Stage1_level1_Iter0008.nii.gz
2DIAGNOSTIC,     8, -6.327765957337e-02, 1.797693134862e+308, 0.0000e+00, 0.0000e+00, 
*/mnt/lustre/mathdugre/fast-interpolate/datasets/ds004513/derivatives/flint/antsRegistration/r7-p15/sub-s037/Stage1_level1_Iter0009.nii.gz
2DIAGNOSTIC,     9, -6.388597386349e-02, 1.797693134862e+308, 0.0000e+00, 0.0000e+00, 
*/mnt/lustre/mathdugre/fast-interpolate/datasets/ds004513/derivatives/flint/antsRegistration/r7-p15/sub-s037/Stage1_level1_Iter0010.nii.gz
2DIAGNOSTIC,    10, -6.408377278304e-02, 3.513336181641e-03, 0.0000e+00, 0.0000e+00, 
*/mnt/lustre/mathdugre/fast-interpolate/datasets/ds004513/derivatives/flint/antsRegistration/r7-p15/sub-s037/Stage1_level1_Iter0011.nii.gz
2DIAGNOSTIC,    11, -6.463146176054e-02, 3.057479858398e-03, 0.0000e+00, 0.0000e+00, 
*/mnt/lustre/mathdugre/fast-interpolate/datasets/ds004513/derivatives/flint/antsRegistration/r7-p15/sub-s037/Stage1_level1_Iter0012.nii.gz
2DIAGNOSTIC,    12, -6.479579127903e-02, 2.502441406250e-03, 0.0000e+00, 0.0000e+00, 
*/mnt/lustre/mathdugre/fast-interpolate/datasets/ds004513/derivatives/flint/antsRegistration/r7-p15/sub-s037/Stage1_level1_Iter0013.nii.gz
2DIAGNOSTIC,    13, -6.489915010244e-02, 2.275466918945e-03, 0.0000e+00, 0.0000e+00, 
*/mnt/lustre/mathdugre/fast-interpolate/datasets/ds004513/derivatives/flint/antsRegistration/r7-p15/sub-s037/Stage1_level1_Iter0014.nii.gz
2DIAGNOSTIC,    14, -6.491948702630e-02, 1.981735229492e-03, 0.0000e+00, 0.0000e+00, 
*/mnt/lustre/mathdugre/fast-interpolate/datasets/ds004513/derivatives/flint/antsRegistration/r7-p15/sub-s037/Stage1_level1_Iter0015.nii.gz
2DIAGNOSTIC,    15, -6.492182418380e-02, 1.605987548828e-03, 0.0000e+00, 0.0000e+00, 
*/mnt/lustre/mathdugre/fast-interpolate/datasets/ds004513/derivatives/flint/antsRegistration/r7-p15/sub-s037/Stage1_level1_Iter0016.nii.gz
2DIAGNOSTIC,    16, -6.493114943001e-02, 1.268386840820e-03, 0.0000e+00, 0.0000e+00, 
*/mnt/lustre/mathdugre/fast-interpolate/datasets/ds004513/derivatives/flint/antsRegistration/r7-p15/sub-s037/Stage1_level1_Iter0017.nii.gz
2DIAGNOSTIC,    17, -6.493767950885e-02, 8.735656738281e-04, 0.0000e+00, 0.0000e+00, 
*/mnt/lustre/mathdugre/fast-interpolate/datasets/ds004513/derivatives/flint/antsRegistration/r7-p15/sub-s037/Stage1_level1_Iter0018.nii.gz
2DIAGNOSTIC,    18, -6.494121833426e-02, 5.168914794922e-04, 0.0000e+00, 0.0000e+00, 
*/mnt/lustre/mathdugre/fast-interpolate/datasets/ds004513/derivatives/flint/antsRegistration/r7-p15/sub-s037/Stage1_level1_Iter0019.nii.gz
2DIAGNOSTIC,    19, -6.503330579654e-02, 3.128051757812e-04, 0.0000e+00, 0.0000e+00, 
*/mnt/lustre/mathdugre/fast-interpolate/datasets/ds004513/derivatives/flint/antsRegistration/r7-p15/sub-s037/Stage1_level1_Iter0020.nii.gz
2DIAGNOSTIC,    20, -6.507112068674e-02, 1.544952392578e-04, 0.0000e+00, 0.0000e+00, 
*/mnt/lustre/mathdugre/fast-interpolate/datasets/ds004513/derivatives/flint/antsRegistration/r7-p15/sub-s037/Stage1_level1_Iter0021.nii.gz
2DIAGNOSTIC,    21, -6.510385976945e-02, 1.163482666016e-04, 0.0000e+00, 0.0000e+00, 
*/mnt/lustre/mathdugre/fast-interpolate/datasets/ds004513/derivatives/flint/antsRegistration/r7-p15/sub-s037/Stage1_level1_Iter0022.nii.gz
2DIAGNOSTIC,    22, -6.510889638180e-02, 1.049041748047e-04, 0.0000e+00, 0.0000e+00, 
*/mnt/lustre/mathdugre/fast-interpolate/datasets/ds004513/derivatives/flint/antsRegistration/r7-p15/sub-s037/Stage1_level1_Iter0023.nii.gz
2DIAGNOSTIC,    23, -6.512654245444e-02, 1.115798950195e-04, 0.0000e+00, 0.0000e+00, 
*/mnt/lustre/mathdugre/fast-interpolate/datasets/ds004513/derivatives/flint/antsRegistration/r7-p15/sub-s037/Stage1_level1_Iter0024.nii.gz
2DIAGNOSTIC,    24, -6.512692634323e-02, 1.077651977539e-04, 0.0000e+00, 0.0000e+00, 
*/mnt/lustre/mathdugre/fast-interpolate/datasets/ds004513/derivatives/flint/antsRegistration/r7-p15/sub-s037/Stage1_level1_Iter0025.nii.gz
2DIAGNOSTIC,    25, -6.513069416012e-02, 9.632110595703e-05, 0.0000e+00, 0.0000e+00, 
*/mnt/lustre/mathdugre/fast-interpolate/datasets/ds004513/derivatives/flint/antsRegistration/r7-p15/sub-s037/Stage1_level1_Iter0026.nii.gz
2DIAGNOSTIC,    26, -6.513299065747e-02, 7.724761962891e-05, 0.0000e+00, 0.0000e+00, 
*/mnt/lustre/mathdugre/fast-interpolate/datasets/ds004513/derivatives/flint/antsRegistration/r7-p15/sub-s037/Stage1_level1_Iter0027.nii.gz
2DIAGNOSTIC,    27, -6.513385765464e-02, 5.531311035156e-05, 0.0000e+00, 0.0000e+00, 
*/mnt/lustre/mathdugre/fast-interpolate/datasets/ds004513/derivatives/flint/antsRegistration/r7-p15/sub-s037/Stage1_level1_Iter0028.nii.gz
2DIAGNOSTIC,    28, -6.513395984883e-02, 3.051757812500e-05, 0.0000e+00, 0.0000e+00, 
*/mnt/lustre/mathdugre/fast-interpolate/datasets/ds004513/derivatives/flint/antsRegistration/r7-p15/sub-s037/Stage1_level1_Iter0029.nii.gz
2DIAGNOSTIC,    29, -6.513401690762e-02, 1.716613769531e-05, 0.0000e+00, 0.0000e+00, 
*/mnt/lustre/mathdugre/fast-interpolate/datasets/ds004513/derivatives/flint/antsRegistration/r7-p15/sub-s037/Stage1_level1_Iter0030.nii.gz
2DIAGNOSTIC,    30, -6.513396539596e-02, 1.049041748047e-05, 0.0000e+00, 0.0000e+00, 
*/mnt/lustre/mathdugre/fast-interpolate/datasets/ds004513/derivatives/flint/antsRegistration/r7-p15/sub-s037/Stage1_level1_Iter0031.nii.gz
2DIAGNOSTIC,    31, -6.513394389957e-02, 5.722045898438e-06, 0.0000e+00, 0.0000e+00, 
*/mnt/lustre/mathdugre/fast-interpolate/datasets/ds004513/derivatives/flint/antsRegistration/r7-p15/sub-s037/Stage1_level1_Iter0032.nii.gz
2DIAGNOSTIC,    32, -6.513408098788e-02, 2.861022949219e-06, 0.0000e+00, 0.0000e+00, 
*/mnt/lustre/mathdugre/fast-interpolate/datasets/ds004513/derivatives/flint/antsRegistration/r7-p15/sub-s037/Stage1_level1_Iter0033.nii.gz
2DIAGNOSTIC,    33, -6.513403639993e-02, 1.907348632812e-06, 0.0000e+00, 0.0000e+00, 
DIAGNOSTIC,Iteration,metricValue,convergenceValue,ITERATION_TIME_INDEX,SINCE_LAST
*/mnt/lustre/mathdugre/fast-interpolate/datasets/ds004513/derivatives/flint/antsRegistration/r7-p15/sub-s037/Stage1_level2_Iter0001.nii.gz
2DIAGNOSTIC,     1, -1.574765815159e-02, 1.797693134862e+308, 0.0000e+00, 0.0000e+00, 
*/mnt/lustre/mathdugre/fast-interpolate/datasets/ds004513/derivatives/flint/antsRegistration/r7-p15/sub-s037/Stage1_level2_Iter0002.nii.gz
2DIAGNOSTIC,     2, -1.589538821628e-02, 1.797693134862e+308, 0.0000e+00, 0.0000e+00, 
*/mnt/lustre/mathdugre/fast-interpolate/datasets/ds004513/derivatives/flint/antsRegistration/r7-p15/sub-s037/Stage1_level2_Iter0003.nii.gz
2DIAGNOSTIC,     3, -1.604223725160e-02, 1.797693134862e+308, 0.0000e+00, 0.0000e+00, 
*/mnt/lustre/mathdugre/fast-interpolate/datasets/ds004513/derivatives/flint/antsRegistration/r7-p15/sub-s037/Stage1_level2_Iter0004.nii.gz
2DIAGNOSTIC,     4, -1.636527447438e-02, 1.797693134862e+308, 0.0000e+00, 0.0000e+00, 
*/mnt/lustre/mathdugre/fast-interpolate/datasets/ds004513/derivatives/flint/antsRegistration/r7-p15/sub-s037/Stage1_level2_Iter0005.nii.gz
2DIAGNOSTIC,     5, -1.671633283088e-02, 1.797693134862e+308, 0.0000e+00, 0.0000e+00, 
*/mnt/lustre/mathdugre/fast-interpolate/datasets/ds004513/derivatives/flint/antsRegistration/r7-p15/sub-s037/Stage1_level2_Iter0006.nii.gz
2DIAGNOSTIC,     6, -1.699225338494e-02, 1.797693134862e+308, 0.0000e+00, 0.0000e+00, 
*/mnt/lustre/mathdugre/fast-interpolate/datasets/ds004513/derivatives/flint/antsRegistration/r7-p15/sub-s037/Stage1_level2_Iter0007.nii.gz
2DIAGNOSTIC,     7, -1.700088389848e-02, 1.797693134862e+308, 0.0000e+00, 0.0000e+00, 
*/mnt/lustre/mathdugre/fast-interpolate/datasets/ds004513/derivatives/flint/antsRegistration/r7-p15/sub-s037/Stage1_level2_Iter0008.nii.gz
2DIAGNOSTIC,     8, -1.701222116866e-02, 1.797693134862e+308, 0.0000e+00, 0.0000e+00, 
*/mnt/lustre/mathdugre/fast-interpolate/datasets/ds004513/derivatives/flint/antsRegistration/r7-p15/sub-s037/Stage1_level2_Iter0009.nii.gz
2DIAGNOSTIC,     9, -1.702793721981e-02, 1.797693134862e+308, 0.0000e+00, 0.0000e+00, 
*/mnt/lustre/mathdugre/fast-interpolate/datasets/ds004513/derivatives/flint/antsRegistration/r7-p15/sub-s037/Stage1_level2_Iter0010.nii.gz
2DIAGNOSTIC,    10, -1.702955062739e-02, 5.647659301758e-03, 0.0000e+00, 0.0000e+00, 
*/mnt/lustre/mathdugre/fast-interpolate/datasets/ds004513/derivatives/flint/antsRegistration/r7-p15/sub-s037/Stage1_level2_Iter0011.nii.gz
2DIAGNOSTIC,    11, -1.703044124428e-02, 4.045486450195e-03, 0.0000e+00, 0.0000e+00, 
*/mnt/lustre/mathdugre/fast-interpolate/datasets/ds004513/derivatives/flint/antsRegistration/r7-p15/sub-s037/Stage1_level2_Iter0012.nii.gz
2DIAGNOSTIC,    12, -1.704580718032e-02, 2.595901489258e-03, 0.0000e+00, 0.0000e+00, 
*/mnt/lustre/mathdugre/fast-interpolate/datasets/ds004513/derivatives/flint/antsRegistration/r7-p15/sub-s037/Stage1_level2_Iter0013.nii.gz
2DIAGNOSTIC,    13, -1.705860162738e-02, 1.340866088867e-03, 0.0000e+00, 0.0000e+00, 
*/mnt/lustre/mathdugre/fast-interpolate/datasets/ds004513/derivatives/flint/antsRegistration/r7-p15/sub-s037/Stage1_level2_Iter0014.nii.gz
2DIAGNOSTIC,    14, -1.709599224340e-02, 5.817413330078e-04, 0.0000e+00, 0.0000e+00, 
*/mnt/lustre/mathdugre/fast-interpolate/datasets/ds004513/derivatives/flint/antsRegistration/r7-p15/sub-s037/Stage1_level2_Iter0015.nii.gz
2DIAGNOSTIC,    15, -1.711559074760e-02, 2.822875976562e-04, 0.0000e+00, 0.0000e+00, 
*/mnt/lustre/mathdugre/fast-interpolate/datasets/ds004513/derivatives/flint/antsRegistration/r7-p15/sub-s037/Stage1_level2_Iter0016.nii.gz
2DIAGNOSTIC,    16, -1.714849478004e-02, 3.223419189453e-04, 0.0000e+00, 0.0000e+00, 
*/mnt/lustre/mathdugre/fast-interpolate/datasets/ds004513/derivatives/flint/antsRegistration/r7-p15/sub-s037/Stage1_level2_Iter0017.nii.gz
2DIAGNOSTIC,    17, -1.718752138536e-02, 3.738403320312e-04, 0.0000e+00, 0.0000e+00, 
*/mnt/lustre/mathdugre/fast-interpolate/datasets/ds004513/derivatives/flint/antsRegistration/r7-p15/sub-s037/Stage1_level2_Iter0018.nii.gz
2DIAGNOSTIC,    18, -1.718585558282e-02, 3.957748413086e-04, 0.0000e+00, 0.0000e+00, 
*/mnt/lustre/mathdugre/fast-interpolate/datasets/ds004513/derivatives/flint/antsRegistration/r7-p15/sub-s037/Stage1_level2_Iter0019.nii.gz
2DIAGNOSTIC,    19, -1.718518527700e-02, 3.890991210938e-04, 0.0000e+00, 0.0000e+00, 
*/mnt/lustre/mathdugre/fast-interpolate/datasets/ds004513/derivatives/flint/antsRegistration/r7-p15/sub-s037/Stage1_level2_Iter0020.nii.gz
2DIAGNOSTIC,    20, -1.718560871668e-02, 3.499984741211e-04, 0.0000e+00, 0.0000e+00, 
*/mnt/lustre/mathdugre/fast-interpolate/datasets/ds004513/derivatives/flint/antsRegistration/r7-p15/sub-s037/Stage1_level2_Iter0021.nii.gz
2DIAGNOSTIC,    21, -1.718563179580e-02, 2.851486206055e-04, 0.0000e+00, 0.0000e+00, 
*/mnt/lustre/mathdugre/fast-interpolate/datasets/ds004513/derivatives/flint/antsRegistration/r7-p15/sub-s037/Stage1_level2_Iter0022.nii.gz
2DIAGNOSTIC,    22, -1.718567195208e-02, 2.088546752930e-04, 0.0000e+00, 0.0000e+00, 
*/mnt/lustre/mathdugre/fast-interpolate/datasets/ds004513/derivatives/flint/antsRegistration/r7-p15/sub-s037/Stage1_level2_Iter0023.nii.gz
2DIAGNOSTIC,    23, -1.718572897182e-02, 1.287460327148e-04, 0.0000e+00, 0.0000e+00, 
*/mnt/lustre/mathdugre/fast-interpolate/datasets/ds004513/derivatives/flint/antsRegistration/r7-p15/sub-s037/Stage1_level2_Iter0024.nii.gz
2DIAGNOSTIC,    24, -1.718546444162e-02, 7.343292236328e-05, 0.0000e+00, 0.0000e+00, 
*/mnt/lustre/mathdugre/fast-interpolate/datasets/ds004513/derivatives/flint/antsRegistration/r7-p15/sub-s037/Stage1_level2_Iter0025.nii.gz
2DIAGNOSTIC,    25, -1.718544411843e-02, 2.479553222656e-05, 0.0000e+00, 0.0000e+00, 
DIAGNOSTIC,Iteration,metricValue,convergenceValue,ITERATION_TIME_INDEX,SINCE_LAST
*/mnt/lustre/mathdugre/fast-interpolate/datasets/ds004513/derivatives/flint/antsRegistration/r7-p15/sub-s037/Stage1_level3_Iter0001.nii.gz
2DIAGNOSTIC,     1, -7.042359535901e-03, 1.797693134862e+308, 0.0000e+00, 0.0000e+00, 
*/mnt/lustre/mathdugre/fast-interpolate/datasets/ds004513/derivatives/flint/antsRegistration/r7-p15/sub-s037/Stage1_level3_Iter0002.nii.gz
2DIAGNOSTIC,     2, -7.052357111021e-03, 1.797693134862e+308, 0.0000e+00, 0.0000e+00, 
*/mnt/lustre/mathdugre/fast-interpolate/datasets/ds004513/derivatives/flint/antsRegistration/r7-p15/sub-s037/Stage1_level3_Iter0003.nii.gz
2DIAGNOSTIC,     3, -7.185132218234e-03, 1.797693134862e+308, 0.0000e+00, 0.0000e+00, 
*/mnt/lustre/mathdugre/fast-interpolate/datasets/ds004513/derivatives/flint/antsRegistration/r7-p15/sub-s037/Stage1_level3_Iter0004.nii.gz
2DIAGNOSTIC,     4, -7.744503979048e-03, 1.797693134862e+308, 0.0000e+00, 0.0000e+00, 
*/mnt/lustre/mathdugre/fast-interpolate/datasets/ds004513/derivatives/flint/antsRegistration/r7-p15/sub-s037/Stage1_level3_Iter0005.nii.gz
2DIAGNOSTIC,     5, -9.576643827927e-03, 1.797693134862e+308, 0.0000e+00, 0.0000e+00, 
*/mnt/lustre/mathdugre/fast-interpolate/datasets/ds004513/derivatives/flint/antsRegistration/r7-p15/sub-s037/Stage1_level3_Iter0006.nii.gz
2DIAGNOSTIC,     6, -1.411364827963e-02, 1.797693134862e+308, 0.0000e+00, 0.0000e+00, 
*/mnt/lustre/mathdugre/fast-interpolate/datasets/ds004513/derivatives/flint/antsRegistration/r7-p15/sub-s037/Stage1_level3_Iter0007.nii.gz
2DIAGNOSTIC,     7, -5.596305699572e-02, 1.797693134862e+308, 0.0000e+00, 0.0000e+00, 
*/mnt/lustre/mathdugre/fast-interpolate/datasets/ds004513/derivatives/flint/antsRegistration/r7-p15/sub-s037/Stage1_level3_Iter0008.nii.gz
2DIAGNOSTIC,     8, -9.363111262273e-02, 1.797693134862e+308, 0.0000e+00, 0.0000e+00, 
*/mnt/lustre/mathdugre/fast-interpolate/datasets/ds004513/derivatives/flint/antsRegistration/r7-p15/sub-s037/Stage1_level3_Iter0009.nii.gz
2DIAGNOSTIC,     9, -9.363908369659e-02, 1.797693134862e+308, 0.0000e+00, 0.0000e+00, 
*/mnt/lustre/mathdugre/fast-interpolate/datasets/ds004513/derivatives/flint/antsRegistration/r7-p15/sub-s037/Stage1_level3_Iter0010.nii.gz
2DIAGNOSTIC,    10, -9.363173367290e-02, 1.796073913574e-01, 0.0000e+00, 0.0000e+00, 
*/mnt/lustre/mathdugre/fast-interpolate/datasets/ds004513/derivatives/flint/antsRegistration/r7-p15/sub-s037/Stage1_level3_Iter0011.nii.gz
2DIAGNOSTIC,    11, -9.363182108651e-02, 1.579666137695e-01, 0.0000e+00, 0.0000e+00, 
*/mnt/lustre/mathdugre/fast-interpolate/datasets/ds004513/derivatives/flint/antsRegistration/r7-p15/sub-s037/Stage1_level3_Iter0012.nii.gz
2DIAGNOSTIC,    12, -9.362090790635e-02, 1.299972534180e-01, 0.0000e+00, 0.0000e+00, 
*/mnt/lustre/mathdugre/fast-interpolate/datasets/ds004513/derivatives/flint/antsRegistration/r7-p15/sub-s037/Stage1_level3_Iter0013.nii.gz
2DIAGNOSTIC,    13, -9.362087459710e-02, 9.865188598633e-02, 0.0000e+00, 0.0000e+00, 
*/mnt/lustre/mathdugre/fast-interpolate/datasets/ds004513/derivatives/flint/antsRegistration/r7-p15/sub-s037/Stage1_level3_Iter0014.nii.gz
2DIAGNOSTIC,    14, -9.362078145890e-02, 6.693267822266e-02, 0.0000e+00, 0.0000e+00, 
*/mnt/lustre/mathdugre/fast-interpolate/datasets/ds004513/derivatives/flint/antsRegistration/r7-p15/sub-s037/Stage1_level3_Iter0015.nii.gz
2DIAGNOSTIC,    15, -9.362076382259e-02, 3.724288940430e-02, 0.0000e+00, 0.0000e+00, 
*/mnt/lustre/mathdugre/fast-interpolate/datasets/ds004513/derivatives/flint/antsRegistration/r7-p15/sub-s037/Stage1_level3_Iter0016.nii.gz
2DIAGNOSTIC,    16, -9.362072959147e-02, 1.124382019043e-02, 0.0000e+00, 0.0000e+00, 
DIAGNOSTIC,Iteration,metricValue,convergenceValue,ITERATION_TIME_INDEX,SINCE_LAST
*/mnt/lustre/mathdugre/fast-interpolate/datasets/ds004513/derivatives/flint/antsRegistration/r7-p15/sub-s037/Stage1_level4_Iter0001.nii.gz
2DIAGNOSTIC,     1, -8.956209302029e-02, 1.797693134862e+308, 0.0000e+00, 0.0000e+00, 
*/mnt/lustre/mathdugre/fast-interpolate/datasets/ds004513/derivatives/flint/antsRegistration/r7-p15/sub-s037/Stage1_level4_Iter0002.nii.gz
2DIAGNOSTIC,     2, -8.973501696829e-02, 1.797693134862e+308, 0.0000e+00, 0.0000e+00, 
*/mnt/lustre/mathdugre/fast-interpolate/datasets/ds004513/derivatives/flint/antsRegistration/r7-p15/sub-s037/Stage1_level4_Iter0003.nii.gz
2DIAGNOSTIC,     3, -8.995069634046e-02, 1.797693134862e+308, 0.0000e+00, 0.0000e+00, 
*/mnt/lustre/mathdugre/fast-interpolate/datasets/ds004513/derivatives/flint/antsRegistration/r7-p15/sub-s037/Stage1_level4_Iter0004.nii.gz
2DIAGNOSTIC,     4, -9.012692887328e-02, 1.797693134862e+308, 0.0000e+00, 0.0000e+00, 
*/mnt/lustre/mathdugre/fast-interpolate/datasets/ds004513/derivatives/flint/antsRegistration/r7-p15/sub-s037/Stage1_level4_Iter0005.nii.gz
2DIAGNOSTIC,     5, -9.055110192506e-02, 1.797693134862e+308, 0.0000e+00, 0.0000e+00, 
*/mnt/lustre/mathdugre/fast-interpolate/datasets/ds004513/derivatives/flint/antsRegistration/r7-p15/sub-s037/Stage1_level4_Iter0006.nii.gz
2DIAGNOSTIC,     6, -9.156692612726e-02, 1.797693134862e+308, 0.0000e+00, 0.0000e+00, 
*/mnt/lustre/mathdugre/fast-interpolate/datasets/ds004513/derivatives/flint/antsRegistration/r7-p15/sub-s037/Stage1_level4_Iter0007.nii.gz
2DIAGNOSTIC,     7, -9.249709099588e-02, 1.797693134862e+308, 0.0000e+00, 0.0000e+00, 
*/mnt/lustre/mathdugre/fast-interpolate/datasets/ds004513/derivatives/flint/antsRegistration/r7-p15/sub-s037/Stage1_level4_Iter0008.nii.gz
2DIAGNOSTIC,     8, -9.348700170354e-02, 1.797693134862e+308, 0.0000e+00, 0.0000e+00, 
*/mnt/lustre/mathdugre/fast-interpolate/datasets/ds004513/derivatives/flint/antsRegistration/r7-p15/sub-s037/Stage1_level4_Iter0009.nii.gz
2DIAGNOSTIC,     9, -9.387266844934e-02, 1.797693134862e+308, 0.0000e+00, 0.0000e+00, 
*/mnt/lustre/mathdugre/fast-interpolate/datasets/ds004513/derivatives/flint/antsRegistration/r7-p15/sub-s037/Stage1_level4_Iter0010.nii.gz
2DIAGNOSTIC,    10, -9.466724728385e-02, 3.875732421875e-03, 0.0000e+00, 0.0000e+00, 
*/mnt/lustre/mathdugre/fast-interpolate/datasets/ds004513/derivatives/flint/antsRegistration/r7-p15/sub-s037/Stage1_level4_Iter0011.nii.gz
2DIAGNOSTIC,    11, -9.475354735384e-02, 3.742218017578e-03, 0.0000e+00, 0.0000e+00, 
*/mnt/lustre/mathdugre/fast-interpolate/datasets/ds004513/derivatives/flint/antsRegistration/r7-p15/sub-s037/Stage1_level4_Iter0012.nii.gz
2DIAGNOSTIC,    12, -9.474969303213e-02, 3.335952758789e-03, 0.0000e+00, 0.0000e+00, 
*/mnt/lustre/mathdugre/fast-interpolate/datasets/ds004513/derivatives/flint/antsRegistration/r7-p15/sub-s037/Stage1_level4_Iter0013.nii.gz
2DIAGNOSTIC,    13, -9.476234203594e-02, 2.752304077148e-03, 0.0000e+00, 0.0000e+00, 
*/mnt/lustre/mathdugre/fast-interpolate/datasets/ds004513/derivatives/flint/antsRegistration/r7-p15/sub-s037/Stage1_level4_Iter0014.nii.gz
2DIAGNOSTIC,    14, -9.477602923657e-02, 2.048492431641e-03, 0.0000e+00, 0.0000e+00, 
*/mnt/lustre/mathdugre/fast-interpolate/datasets/ds004513/derivatives/flint/antsRegistration/r7-p15/sub-s037/Stage1_level4_Iter0015.nii.gz
2DIAGNOSTIC,    15, -9.478250238063e-02, 1.335144042969e-03, 0.0000e+00, 0.0000e+00, 
*/mnt/lustre/mathdugre/fast-interpolate/datasets/ds004513/derivatives/flint/antsRegistration/r7-p15/sub-s037/Stage1_level4_Iter0016.nii.gz
2DIAGNOSTIC,    16, -9.479818352695e-02, 7.858276367188e-04, 0.0000e+00, 0.0000e+00, 
*/mnt/lustre/mathdugre/fast-interpolate/datasets/ds004513/derivatives/flint/antsRegistration/r7-p15/sub-s037/Stage1_level4_Iter0017.nii.gz
2DIAGNOSTIC,    17, -9.482056618420e-02, 4.005432128906e-04, 0.0000e+00, 0.0000e+00, 
*/mnt/lustre/mathdugre/fast-interpolate/datasets/ds004513/derivatives/flint/antsRegistration/r7-p15/sub-s037/Stage1_level4_Iter0018.nii.gz
2DIAGNOSTIC,    18, -9.481273473952e-02, 1.916885375977e-04, 0.0000e+00, 0.0000e+00, 
*/mnt/lustre/mathdugre/fast-interpolate/datasets/ds004513/derivatives/flint/antsRegistration/r7-p15/sub-s037/Stage1_level4_Iter0019.nii.gz
2DIAGNOSTIC,    19, -9.482181866040e-02, 4.386901855469e-05, 0.0000e+00, 0.0000e+00, 
*/mnt/lustre/mathdugre/fast-interpolate/datasets/ds004513/derivatives/flint/antsRegistration/r7-p15/sub-s037/Stage1_level4_Iter0020.nii.gz
2DIAGNOSTIC,    20, -9.481587412434e-02, 2.861022949219e-05, 0.0000e+00, 0.0000e+00, 
*/mnt/lustre/mathdugre/fast-interpolate/datasets/ds004513/derivatives/flint/antsRegistration/r7-p15/sub-s037/Stage1_level4_Iter0021.nii.gz
2DIAGNOSTIC,    21, -9.480762215013e-02, 2.193450927734e-05, 0.0000e+00, 0.0000e+00, 
*/mnt/lustre/mathdugre/fast-interpolate/datasets/ds004513/derivatives/flint/antsRegistration/r7-p15/sub-s037/Stage1_level4_Iter0022.nii.gz
2DIAGNOSTIC,    22, -9.481233078645e-02, 1.525878906250e-05, 0.0000e+00, 0.0000e+00, 
*/mnt/lustre/mathdugre/fast-interpolate/datasets/ds004513/derivatives/flint/antsRegistration/r7-p15/sub-s037/Stage1_level4_Iter0023.nii.gz
2DIAGNOSTIC,    23, -9.481087869987e-02, 9.536743164062e-06, 0.0000e+00, 0.0000e+00, 
*/mnt/lustre/mathdugre/fast-interpolate/datasets/ds004513/derivatives/flint/antsRegistration/r7-p15/sub-s037/Stage1_level4_Iter0024.nii.gz
2DIAGNOSTIC,    24, -9.480949446665e-02, 3.814697265625e-06, 0.0000e+00, 0.0000e+00, 
  Elapsed time (stage 0): 0.0000e+00


Stage 1
  iterations = 1000x500x250x100
  convergence threshold = 1.0000e-06
  convergence window size = 10
  number of levels = 4
  using the Mattes MI metric (number of bins = 32, weight = 1.0000e+00, use gradient filter = 0)
  preprocessing:  winsorizing the image intensities
  Shrink factors (level 1 out of 4): [8, 8, 8]
  Shrink factors (level 2 out of 4): [4, 4, 4]
  Shrink factors (level 3 out of 4): [2, 2, 2]
  Shrink factors (level 4 out of 4): [1, 1, 1]
  smoothing sigmas per level: [3, 2, 1, 0]
  regular sampling (percentage = 2.5000e-01)

*** Running AffineTransform registration ***

DIAGNOSTIC,Iteration,metricValue,convergenceValue,ITERATION_TIME_INDEX,SINCE_LAST
*/mnt/lustre/mathdugre/fast-interpolate/datasets/ds004513/derivatives/flint/antsRegistration/r7-p15/sub-s037/Stage2_level1_Iter0001.nii.gz
2DIAGNOSTIC,     1, -1.311324781783e-01, 1.797693134862e+308, 0.0000e+00, 0.0000e+00, 
*/mnt/lustre/mathdugre/fast-interpolate/datasets/ds004513/derivatives/flint/antsRegistration/r7-p15/sub-s037/Stage2_level1_Iter0002.nii.gz
2DIAGNOSTIC,     2, -1.311663687011e-01, 1.797693134862e+308, 0.0000e+00, 0.0000e+00, 
*/mnt/lustre/mathdugre/fast-interpolate/datasets/ds004513/derivatives/flint/antsRegistration/r7-p15/sub-s037/Stage2_level1_Iter0003.nii.gz
2DIAGNOSTIC,     3, -1.313467520551e-01, 1.797693134862e+308, 0.0000e+00, 0.0000e+00, 
*/mnt/lustre/mathdugre/fast-interpolate/datasets/ds004513/derivatives/flint/antsRegistration/r7-p15/sub-s037/Stage2_level1_Iter0004.nii.gz
2DIAGNOSTIC,     4, -1.312838121673e-01, 1.797693134862e+308, 0.0000e+00, 0.0000e+00, 
*/mnt/lustre/mathdugre/fast-interpolate/datasets/ds004513/derivatives/flint/antsRegistration/r7-p15/sub-s037/Stage2_level1_Iter0005.nii.gz
2DIAGNOSTIC,     5, -1.313218604440e-01, 1.797693134862e+308, 0.0000e+00, 0.0000e+00, 
*/mnt/lustre/mathdugre/fast-interpolate/datasets/ds004513/derivatives/flint/antsRegistration/r7-p15/sub-s037/Stage2_level1_Iter0006.nii.gz
2DIAGNOSTIC,     6, -1.315717701294e-01, 1.797693134862e+308, 0.0000e+00, 0.0000e+00, 
*/mnt/lustre/mathdugre/fast-interpolate/datasets/ds004513/derivatives/flint/antsRegistration/r7-p15/sub-s037/Stage2_level1_Iter0007.nii.gz
2DIAGNOSTIC,     7, -1.318906791610e-01, 1.797693134862e+308, 0.0000e+00, 0.0000e+00, 
*/mnt/lustre/mathdugre/fast-interpolate/datasets/ds004513/derivatives/flint/antsRegistration/r7-p15/sub-s037/Stage2_level1_Iter0008.nii.gz
2DIAGNOSTIC,     8, -1.324516923045e-01, 1.797693134862e+308, 0.0000e+00, 0.0000e+00, 
*/mnt/lustre/mathdugre/fast-interpolate/datasets/ds004513/derivatives/flint/antsRegistration/r7-p15/sub-s037/Stage2_level1_Iter0009.nii.gz
2DIAGNOSTIC,     9, -1.334433394986e-01, 1.797693134862e+308, 0.0000e+00, 0.0000e+00, 
*/mnt/lustre/mathdugre/fast-interpolate/datasets/ds004513/derivatives/flint/antsRegistration/r7-p15/sub-s037/Stage2_level1_Iter0010.nii.gz
2DIAGNOSTIC,    10, -1.335732232599e-01, 1.194000244141e-03, 0.0000e+00, 0.0000e+00, 
*/mnt/lustre/mathdugre/fast-interpolate/datasets/ds004513/derivatives/flint/antsRegistration/r7-p15/sub-s037/Stage2_level1_Iter0011.nii.gz
2DIAGNOSTIC,    11, -1.344690197269e-01, 1.434326171875e-03, 0.0000e+00, 0.0000e+00, 
*/mnt/lustre/mathdugre/fast-interpolate/datasets/ds004513/derivatives/flint/antsRegistration/r7-p15/sub-s037/Stage2_level1_Iter0012.nii.gz
2DIAGNOSTIC,    12, -1.362883639427e-01, 1.840591430664e-03, 0.0000e+00, 0.0000e+00, 
*/mnt/lustre/mathdugre/fast-interpolate/datasets/ds004513/derivatives/flint/antsRegistration/r7-p15/sub-s037/Stage2_level1_Iter0013.nii.gz
2DIAGNOSTIC,    13, -1.382001624201e-01, 2.346038818359e-03, 0.0000e+00, 0.0000e+00, 
*/mnt/lustre/mathdugre/fast-interpolate/datasets/ds004513/derivatives/flint/antsRegistration/r7-p15/sub-s037/Stage2_level1_Iter0014.nii.gz
2DIAGNOSTIC,    14, -1.376686398670e-01, 2.466201782227e-03, 0.0000e+00, 0.0000e+00, 
*/mnt/lustre/mathdugre/fast-interpolate/datasets/ds004513/derivatives/flint/antsRegistration/r7-p15/sub-s037/Stage2_level1_Iter0015.nii.gz
2DIAGNOSTIC,    15, -1.374233962281e-01, 2.330780029297e-03, 0.0000e+00, 0.0000e+00, 
*/mnt/lustre/mathdugre/fast-interpolate/datasets/ds004513/derivatives/flint/antsRegistration/r7-p15/sub-s037/Stage2_level1_Iter0016.nii.gz
2DIAGNOSTIC,    16, -1.376350760620e-01, 2.059936523438e-03, 0.0000e+00, 0.0000e+00, 
*/mnt/lustre/mathdugre/fast-interpolate/datasets/ds004513/derivatives/flint/antsRegistration/r7-p15/sub-s037/Stage2_level1_Iter0017.nii.gz
2DIAGNOSTIC,    17, -1.375182657646e-01, 1.652717590332e-03, 0.0000e+00, 0.0000e+00, 
*/mnt/lustre/mathdugre/fast-interpolate/datasets/ds004513/derivatives/flint/antsRegistration/r7-p15/sub-s037/Stage2_level1_Iter0018.nii.gz
2DIAGNOSTIC,    18, -1.375669903692e-01, 1.205444335938e-03, 0.0000e+00, 0.0000e+00, 
*/mnt/lustre/mathdugre/fast-interpolate/datasets/ds004513/derivatives/flint/antsRegistration/r7-p15/sub-s037/Stage2_level1_Iter0019.nii.gz
2DIAGNOSTIC,    19, -1.371605559059e-01, 7.638931274414e-04, 0.0000e+00, 0.0000e+00, 
*/mnt/lustre/mathdugre/fast-interpolate/datasets/ds004513/derivatives/flint/antsRegistration/r7-p15/sub-s037/Stage2_level1_Iter0020.nii.gz
2DIAGNOSTIC,    20, -1.375388201669e-01, 3.547668457031e-04, 0.0000e+00, 0.0000e+00, 
*/mnt/lustre/mathdugre/fast-interpolate/datasets/ds004513/derivatives/flint/antsRegistration/r7-p15/sub-s037/Stage2_level1_Iter0021.nii.gz
2DIAGNOSTIC,    21, -1.377763358298e-01, 5.912780761719e-05, 0.0000e+00, 0.0000e+00, 
DIAGNOSTIC,Iteration,metricValue,convergenceValue,ITERATION_TIME_INDEX,SINCE_LAST
*/mnt/lustre/mathdugre/fast-interpolate/datasets/ds004513/derivatives/flint/antsRegistration/r7-p15/sub-s037/Stage2_level2_Iter0001.nii.gz
2DIAGNOSTIC,     1, -1.094033184163e-01, 1.797693134862e+308, 0.0000e+00, 0.0000e+00, 
*/mnt/lustre/mathdugre/fast-interpolate/datasets/ds004513/derivatives/flint/antsRegistration/r7-p15/sub-s037/Stage2_level2_Iter0002.nii.gz
2DIAGNOSTIC,     2, -1.095416169955e-01, 1.797693134862e+308, 0.0000e+00, 0.0000e+00, 
*/mnt/lustre/mathdugre/fast-interpolate/datasets/ds004513/derivatives/flint/antsRegistration/r7-p15/sub-s037/Stage2_level2_Iter0003.nii.gz
2DIAGNOSTIC,     3, -1.096266000120e-01, 1.797693134862e+308, 0.0000e+00, 0.0000e+00, 
*/mnt/lustre/mathdugre/fast-interpolate/datasets/ds004513/derivatives/flint/antsRegistration/r7-p15/sub-s037/Stage2_level2_Iter0004.nii.gz
2DIAGNOSTIC,     4, -1.097171158673e-01, 1.797693134862e+308, 0.0000e+00, 0.0000e+00, 
*/mnt/lustre/mathdugre/fast-interpolate/datasets/ds004513/derivatives/flint/antsRegistration/r7-p15/sub-s037/Stage2_level2_Iter0005.nii.gz
2DIAGNOSTIC,     5, -1.100155468990e-01, 1.797693134862e+308, 0.0000e+00, 0.0000e+00, 
*/mnt/lustre/mathdugre/fast-interpolate/datasets/ds004513/derivatives/flint/antsRegistration/r7-p15/sub-s037/Stage2_level2_Iter0006.nii.gz
2DIAGNOSTIC,     6, -1.103461383657e-01, 1.797693134862e+308, 0.0000e+00, 0.0000e+00, 
*/mnt/lustre/mathdugre/fast-interpolate/datasets/ds004513/derivatives/flint/antsRegistration/r7-p15/sub-s037/Stage2_level2_Iter0007.nii.gz
2DIAGNOSTIC,     7, -1.104631212553e-01, 1.797693134862e+308, 0.0000e+00, 0.0000e+00, 
*/mnt/lustre/mathdugre/fast-interpolate/datasets/ds004513/derivatives/flint/antsRegistration/r7-p15/sub-s037/Stage2_level2_Iter0008.nii.gz
2DIAGNOSTIC,     8, -1.105040166518e-01, 1.797693134862e+308, 0.0000e+00, 0.0000e+00, 
*/mnt/lustre/mathdugre/fast-interpolate/datasets/ds004513/derivatives/flint/antsRegistration/r7-p15/sub-s037/Stage2_level2_Iter0009.nii.gz
2DIAGNOSTIC,     9, -1.106396516163e-01, 1.797693134862e+308, 0.0000e+00, 0.0000e+00, 
*/mnt/lustre/mathdugre/fast-interpolate/datasets/ds004513/derivatives/flint/antsRegistration/r7-p15/sub-s037/Stage2_level2_Iter0010.nii.gz
2DIAGNOSTIC,    10, -1.109087039384e-01, 9.002685546875e-04, 0.0000e+00, 0.0000e+00, 
*/mnt/lustre/mathdugre/fast-interpolate/datasets/ds004513/derivatives/flint/antsRegistration/r7-p15/sub-s037/Stage2_level2_Iter0011.nii.gz
2DIAGNOSTIC,    11, -1.115283065506e-01, 9.403228759766e-04, 0.0000e+00, 0.0000e+00, 
*/mnt/lustre/mathdugre/fast-interpolate/datasets/ds004513/derivatives/flint/antsRegistration/r7-p15/sub-s037/Stage2_level2_Iter0012.nii.gz
2DIAGNOSTIC,    12, -1.147171471959e-01, 1.594543457031e-03, 0.0000e+00, 0.0000e+00, 
*/mnt/lustre/mathdugre/fast-interpolate/datasets/ds004513/derivatives/flint/antsRegistration/r7-p15/sub-s037/Stage2_level2_Iter0013.nii.gz
2DIAGNOSTIC,    13, -1.173139637863e-01, 2.511978149414e-03, 0.0000e+00, 0.0000e+00, 
*/mnt/lustre/mathdugre/fast-interpolate/datasets/ds004513/derivatives/flint/antsRegistration/r7-p15/sub-s037/Stage2_level2_Iter0014.nii.gz
2DIAGNOSTIC,    14, -1.201458984618e-01, 3.583908081055e-03, 0.0000e+00, 0.0000e+00, 
*/mnt/lustre/mathdugre/fast-interpolate/datasets/ds004513/derivatives/flint/antsRegistration/r7-p15/sub-s037/Stage2_level2_Iter0015.nii.gz
2DIAGNOSTIC,    15, -1.203252799642e-01, 4.255294799805e-03, 0.0000e+00, 0.0000e+00, 
*/mnt/lustre/mathdugre/fast-interpolate/datasets/ds004513/derivatives/flint/antsRegistration/r7-p15/sub-s037/Stage2_level2_Iter0016.nii.gz
2DIAGNOSTIC,    16, -1.205191103477e-01, 4.537582397461e-03, 0.0000e+00, 0.0000e+00, 
*/mnt/lustre/mathdugre/fast-interpolate/datasets/ds004513/derivatives/flint/antsRegistration/r7-p15/sub-s037/Stage2_level2_Iter0017.nii.gz
2DIAGNOSTIC,    17, -1.210520369173e-01, 4.461288452148e-03, 0.0000e+00, 0.0000e+00, 
*/mnt/lustre/mathdugre/fast-interpolate/datasets/ds004513/derivatives/flint/antsRegistration/r7-p15/sub-s037/Stage2_level2_Iter0018.nii.gz
2DIAGNOSTIC,    18, -1.210061703794e-01, 3.974914550781e-03, 0.0000e+00, 0.0000e+00, 
*/mnt/lustre/mathdugre/fast-interpolate/datasets/ds004513/derivatives/flint/antsRegistration/r7-p15/sub-s037/Stage2_level2_Iter0019.nii.gz
2DIAGNOSTIC,    19, -1.209064340066e-01, 3.177642822266e-03, 0.0000e+00, 0.0000e+00, 
*/mnt/lustre/mathdugre/fast-interpolate/datasets/ds004513/derivatives/flint/antsRegistration/r7-p15/sub-s037/Stage2_level2_Iter0020.nii.gz
2DIAGNOSTIC,    20, -1.209367499863e-01, 2.219200134277e-03, 0.0000e+00, 0.0000e+00, 
*/mnt/lustre/mathdugre/fast-interpolate/datasets/ds004513/derivatives/flint/antsRegistration/r7-p15/sub-s037/Stage2_level2_Iter0021.nii.gz
2DIAGNOSTIC,    21, -1.209588392632e-01, 1.220703125000e-03, 0.0000e+00, 0.0000e+00, 
*/mnt/lustre/mathdugre/fast-interpolate/datasets/ds004513/derivatives/flint/antsRegistration/r7-p15/sub-s037/Stage2_level2_Iter0022.nii.gz
2DIAGNOSTIC,    22, -1.209638962742e-01, 5.578994750977e-04, 0.0000e+00, 0.0000e+00, 
*/mnt/lustre/mathdugre/fast-interpolate/datasets/ds004513/derivatives/flint/antsRegistration/r7-p15/sub-s037/Stage2_level2_Iter0023.nii.gz
2DIAGNOSTIC,    23, -1.209729938915e-01, 1.735687255859e-04, 0.0000e+00, 0.0000e+00, 
*/mnt/lustre/mathdugre/fast-interpolate/datasets/ds004513/derivatives/flint/antsRegistration/r7-p15/sub-s037/Stage2_level2_Iter0024.nii.gz
2DIAGNOSTIC,    24, -1.209764634226e-01, 1.010894775391e-04, 0.0000e+00, 0.0000e+00, 
*/mnt/lustre/mathdugre/fast-interpolate/datasets/ds004513/derivatives/flint/antsRegistration/r7-p15/sub-s037/Stage2_level2_Iter0025.nii.gz
2DIAGNOSTIC,    25, -1.209971689632e-01, 4.100799560547e-05, 0.0000e+00, 0.0000e+00, 
*/mnt/lustre/mathdugre/fast-interpolate/datasets/ds004513/derivatives/flint/antsRegistration/r7-p15/sub-s037/Stage2_level2_Iter0026.nii.gz
2DIAGNOSTIC,    26, -1.210132375312e-01, 2.861022949219e-06, 0.0000e+00, 0.0000e+00, 
*/mnt/lustre/mathdugre/fast-interpolate/datasets/ds004513/derivatives/flint/antsRegistration/r7-p15/sub-s037/Stage2_level2_Iter0027.nii.gz
2DIAGNOSTIC,    27, -1.210747779227e-01, 1.907348632812e-05, 0.0000e+00, 0.0000e+00, 
*/mnt/lustre/mathdugre/fast-interpolate/datasets/ds004513/derivatives/flint/antsRegistration/r7-p15/sub-s037/Stage2_level2_Iter0028.nii.gz
2DIAGNOSTIC,    28, -1.210627438204e-01, 2.956390380859e-05, 0.0000e+00, 0.0000e+00, 
*/mnt/lustre/mathdugre/fast-interpolate/datasets/ds004513/derivatives/flint/antsRegistration/r7-p15/sub-s037/Stage2_level2_Iter0029.nii.gz
2DIAGNOSTIC,    29, -1.210433174655e-01, 2.574920654297e-05, 0.0000e+00, 0.0000e+00, 
*/mnt/lustre/mathdugre/fast-interpolate/datasets/ds004513/derivatives/flint/antsRegistration/r7-p15/sub-s037/Stage2_level2_Iter0030.nii.gz
2DIAGNOSTIC,    30, -1.209965545557e-01, 1.716613769531e-05, 0.0000e+00, 0.0000e+00, 
*/mnt/lustre/mathdugre/fast-interpolate/datasets/ds004513/derivatives/flint/antsRegistration/r7-p15/sub-s037/Stage2_level2_Iter0031.nii.gz
2DIAGNOSTIC,    31, -1.210285541108e-01, 1.335144042969e-05, 0.0000e+00, 0.0000e+00, 
*/mnt/lustre/mathdugre/fast-interpolate/datasets/ds004513/derivatives/flint/antsRegistration/r7-p15/sub-s037/Stage2_level2_Iter0032.nii.gz
2DIAGNOSTIC,    32, -1.210258336100e-01, 8.583068847656e-06, 0.0000e+00, 0.0000e+00, 
*/mnt/lustre/mathdugre/fast-interpolate/datasets/ds004513/derivatives/flint/antsRegistration/r7-p15/sub-s037/Stage2_level2_Iter0033.nii.gz
2DIAGNOSTIC,    33, -1.210030725843e-01, 1.907348632812e-06, 0.0000e+00, 0.0000e+00, 
DIAGNOSTIC,Iteration,metricValue,convergenceValue,ITERATION_TIME_INDEX,SINCE_LAST
*/mnt/lustre/mathdugre/fast-interpolate/datasets/ds004513/derivatives/flint/antsRegistration/r7-p15/sub-s037/Stage2_level3_Iter0001.nii.gz
2DIAGNOSTIC,     1, -1.083933521824e-01, 1.797693134862e+308, 0.0000e+00, 0.0000e+00, 
*/mnt/lustre/mathdugre/fast-interpolate/datasets/ds004513/derivatives/flint/antsRegistration/r7-p15/sub-s037/Stage2_level3_Iter0002.nii.gz
2DIAGNOSTIC,     2, -1.084835121280e-01, 1.797693134862e+308, 0.0000e+00, 0.0000e+00, 
*/mnt/lustre/mathdugre/fast-interpolate/datasets/ds004513/derivatives/flint/antsRegistration/r7-p15/sub-s037/Stage2_level3_Iter0003.nii.gz
2DIAGNOSTIC,     3, -1.085760416165e-01, 1.797693134862e+308, 0.0000e+00, 0.0000e+00, 
*/mnt/lustre/mathdugre/fast-interpolate/datasets/ds004513/derivatives/flint/antsRegistration/r7-p15/sub-s037/Stage2_level3_Iter0004.nii.gz
2DIAGNOSTIC,     4, -1.090031670151e-01, 1.797693134862e+308, 0.0000e+00, 0.0000e+00, 
*/mnt/lustre/mathdugre/fast-interpolate/datasets/ds004513/derivatives/flint/antsRegistration/r7-p15/sub-s037/Stage2_level3_Iter0005.nii.gz
2DIAGNOSTIC,     5, -1.093532921940e-01, 1.797693134862e+308, 0.0000e+00, 0.0000e+00, 
*/mnt/lustre/mathdugre/fast-interpolate/datasets/ds004513/derivatives/flint/antsRegistration/r7-p15/sub-s037/Stage2_level3_Iter0006.nii.gz
2DIAGNOSTIC,     6, -1.099263646563e-01, 1.797693134862e+308, 0.0000e+00, 0.0000e+00, 
*/mnt/lustre/mathdugre/fast-interpolate/datasets/ds004513/derivatives/flint/antsRegistration/r7-p15/sub-s037/Stage2_level3_Iter0007.nii.gz
2DIAGNOSTIC,     7, -1.107204759954e-01, 1.797693134862e+308, 0.0000e+00, 0.0000e+00, 
*/mnt/lustre/mathdugre/fast-interpolate/datasets/ds004513/derivatives/flint/antsRegistration/r7-p15/sub-s037/Stage2_level3_Iter0008.nii.gz
2DIAGNOSTIC,     8, -1.106679205142e-01, 1.797693134862e+308, 0.0000e+00, 0.0000e+00, 
*/mnt/lustre/mathdugre/fast-interpolate/datasets/ds004513/derivatives/flint/antsRegistration/r7-p15/sub-s037/Stage2_level3_Iter0009.nii.gz
2DIAGNOSTIC,     9, -1.106654047824e-01, 1.797693134862e+308, 0.0000e+00, 0.0000e+00, 
*/mnt/lustre/mathdugre/fast-interpolate/datasets/ds004513/derivatives/flint/antsRegistration/r7-p15/sub-s037/Stage2_level3_Iter0010.nii.gz
2DIAGNOSTIC,    10, -1.106554155653e-01, 1.697540283203e-03, 0.0000e+00, 0.0000e+00, 
*/mnt/lustre/mathdugre/fast-interpolate/datasets/ds004513/derivatives/flint/antsRegistration/r7-p15/sub-s037/Stage2_level3_Iter0011.nii.gz
2DIAGNOSTIC,    11, -1.106577365806e-01, 1.392364501953e-03, 0.0000e+00, 0.0000e+00, 
*/mnt/lustre/mathdugre/fast-interpolate/datasets/ds004513/derivatives/flint/antsRegistration/r7-p15/sub-s037/Stage2_level3_Iter0012.nii.gz
2DIAGNOSTIC,    12, -1.106436047075e-01, 1.026153564453e-03, 0.0000e+00, 0.0000e+00, 
*/mnt/lustre/mathdugre/fast-interpolate/datasets/ds004513/derivatives/flint/antsRegistration/r7-p15/sub-s037/Stage2_level3_Iter0013.nii.gz
2DIAGNOSTIC,    13, -1.106595798934e-01, 6.561279296875e-04, 0.0000e+00, 0.0000e+00, 
*/mnt/lustre/mathdugre/fast-interpolate/datasets/ds004513/derivatives/flint/antsRegistration/r7-p15/sub-s037/Stage2_level3_Iter0014.nii.gz
2DIAGNOSTIC,    14, -1.106563828274e-01, 3.490447998047e-04, 0.0000e+00, 0.0000e+00, 
*/mnt/lustre/mathdugre/fast-interpolate/datasets/ds004513/derivatives/flint/antsRegistration/r7-p15/sub-s037/Stage2_level3_Iter0015.nii.gz
2DIAGNOSTIC,    15, -1.106532338952e-01, 1.144409179688e-04, 0.0000e+00, 0.0000e+00, 
DIAGNOSTIC,Iteration,metricValue,convergenceValue,ITERATION_TIME_INDEX,SINCE_LAST
*/mnt/lustre/mathdugre/fast-interpolate/datasets/ds004513/derivatives/flint/antsRegistration/r7-p15/sub-s037/Stage2_level4_Iter0001.nii.gz
2DIAGNOSTIC,     1, -1.056301496456e-01, 1.797693134862e+308, 0.0000e+00, 0.0000e+00, 
*/mnt/lustre/mathdugre/fast-interpolate/datasets/ds004513/derivatives/flint/antsRegistration/r7-p15/sub-s037/Stage2_level4_Iter0002.nii.gz
2DIAGNOSTIC,     2, -1.056375664212e-01, 1.797693134862e+308, 0.0000e+00, 0.0000e+00, 
*/mnt/lustre/mathdugre/fast-interpolate/datasets/ds004513/derivatives/flint/antsRegistration/r7-p15/sub-s037/Stage2_level4_Iter0003.nii.gz
2DIAGNOSTIC,     3, -1.056470644050e-01, 1.797693134862e+308, 0.0000e+00, 0.0000e+00, 
*/mnt/lustre/mathdugre/fast-interpolate/datasets/ds004513/derivatives/flint/antsRegistration/r7-p15/sub-s037/Stage2_level4_Iter0004.nii.gz
2DIAGNOSTIC,     4, -1.056416354221e-01, 1.797693134862e+308, 0.0000e+00, 0.0000e+00, 
*/mnt/lustre/mathdugre/fast-interpolate/datasets/ds004513/derivatives/flint/antsRegistration/r7-p15/sub-s037/Stage2_level4_Iter0005.nii.gz
2DIAGNOSTIC,     5, -1.056451710906e-01, 1.797693134862e+308, 0.0000e+00, 0.0000e+00, 
*/mnt/lustre/mathdugre/fast-interpolate/datasets/ds004513/derivatives/flint/antsRegistration/r7-p15/sub-s037/Stage2_level4_Iter0006.nii.gz
2DIAGNOSTIC,     6, -1.056408893826e-01, 1.797693134862e+308, 0.0000e+00, 0.0000e+00, 
*/mnt/lustre/mathdugre/fast-interpolate/datasets/ds004513/derivatives/flint/antsRegistration/r7-p15/sub-s037/Stage2_level4_Iter0007.nii.gz
2DIAGNOSTIC,     7, -1.056318447148e-01, 1.797693134862e+308, 0.0000e+00, 0.0000e+00, 
*/mnt/lustre/mathdugre/fast-interpolate/datasets/ds004513/derivatives/flint/antsRegistration/r7-p15/sub-s037/Stage2_level4_Iter0008.nii.gz
2DIAGNOSTIC,     8, -1.056339889572e-01, 1.797693134862e+308, 0.0000e+00, 0.0000e+00, 
*/mnt/lustre/mathdugre/fast-interpolate/datasets/ds004513/derivatives/flint/antsRegistration/r7-p15/sub-s037/Stage2_level4_Iter0009.nii.gz
2DIAGNOSTIC,     9, -1.056355465447e-01, 1.797693134862e+308, 0.0000e+00, 0.0000e+00, 
*/mnt/lustre/mathdugre/fast-interpolate/datasets/ds004513/derivatives/flint/antsRegistration/r7-p15/sub-s037/Stage2_level4_Iter0010.nii.gz
2DIAGNOSTIC,    10, -1.056410782568e-01, 3.814697265625e-06, 0.0000e+00, 0.0000e+00, 
  Elapsed time (stage 1): 0.0000e+00


Stage 2
  iterations = 100x70x50x20
  convergence threshold = 1.0000e-06
  convergence window size = 10
  number of levels = 4
  using the CC metric (radius = 4, weight = 1.0000e+00, use gradient filter = 0)
  preprocessing:  winsorizing the image intensities
  Shrink factors (level 1 out of 4): [8, 8, 8]
  Shrink factors (level 2 out of 4): [4, 4, 4]
  Shrink factors (level 3 out of 4): [2, 2, 2]
  Shrink factors (level 4 out of 4): [1, 1, 1]
  smoothing sigmas per level: [3, 2, 1, 0]
  Using default NONE metricSamplingStrategy 

*** Running SyN registration (varianceForUpdateField = 3.0000e+00, varianceForTotalField = 0.0000e+00) ***

XXDIAGNOSTIC,Iteration,metricValue,convergenceValue,ITERATION_TIME_INDEX,SINCE_LAST
*/mnt/lustre/mathdugre/fast-interpolate/datasets/ds004513/derivatives/flint/antsRegistration/r7-p15/sub-s037/Stage3_level1_Iter0001.nii.gz
1DIAGNOSTIC,     1, -5.267181396484e-01, 1.797693134862e+308, 0.0000e+00, 0.0000e+00, 
*/mnt/lustre/mathdugre/fast-interpolate/datasets/ds004513/derivatives/flint/antsRegistration/r7-p15/sub-s037/Stage3_level1_Iter0002.nii.gz
1DIAGNOSTIC,     2, -5.276794433594e-01, 1.797693134862e+308, 0.0000e+00, 0.0000e+00, 
*/mnt/lustre/mathdugre/fast-interpolate/datasets/ds004513/derivatives/flint/antsRegistration/r7-p15/sub-s037/Stage3_level1_Iter0003.nii.gz
1DIAGNOSTIC,     3, -5.285339355469e-01, 1.797693134862e+308, 0.0000e+00, 0.0000e+00, 
*/mnt/lustre/mathdugre/fast-interpolate/datasets/ds004513/derivatives/flint/antsRegistration/r7-p15/sub-s037/Stage3_level1_Iter0004.nii.gz
1DIAGNOSTIC,     4, -5.294189453125e-01, 1.797693134862e+308, 0.0000e+00, 0.0000e+00, 
*/mnt/lustre/mathdugre/fast-interpolate/datasets/ds004513/derivatives/flint/antsRegistration/r7-p15/sub-s037/Stage3_level1_Iter0005.nii.gz
1DIAGNOSTIC,     5, -5.302429199219e-01, 1.797693134862e+308, 0.0000e+00, 0.0000e+00, 
*/mnt/lustre/mathdugre/fast-interpolate/datasets/ds004513/derivatives/flint/antsRegistration/r7-p15/sub-s037/Stage3_level1_Iter0006.nii.gz
1DIAGNOSTIC,     6, -5.310363769531e-01, 1.797693134862e+308, 0.0000e+00, 0.0000e+00, 
*/mnt/lustre/mathdugre/fast-interpolate/datasets/ds004513/derivatives/flint/antsRegistration/r7-p15/sub-s037/Stage3_level1_Iter0007.nii.gz
1DIAGNOSTIC,     7, -5.317993164062e-01, 1.797693134862e+308, 0.0000e+00, 0.0000e+00, 
*/mnt/lustre/mathdugre/fast-interpolate/datasets/ds004513/derivatives/flint/antsRegistration/r7-p15/sub-s037/Stage3_level1_Iter0008.nii.gz
1DIAGNOSTIC,     8, -5.325622558594e-01, 1.797693134862e+308, 0.0000e+00, 0.0000e+00, 
*/mnt/lustre/mathdugre/fast-interpolate/datasets/ds004513/derivatives/flint/antsRegistration/r7-p15/sub-s037/Stage3_level1_Iter0009.nii.gz
1DIAGNOSTIC,     9, -5.330657958984e-01, 1.797693134862e+308, 0.0000e+00, 0.0000e+00, 
*/mnt/lustre/mathdugre/fast-interpolate/datasets/ds004513/derivatives/flint/antsRegistration/r7-p15/sub-s037/Stage3_level1_Iter0010.nii.gz
1DIAGNOSTIC,    10, -5.335998535156e-01, 8.373260498047e-04, 0.0000e+00, 0.0000e+00, 
*/mnt/lustre/mathdugre/fast-interpolate/datasets/ds004513/derivatives/flint/antsRegistration/r7-p15/sub-s037/Stage3_level1_Iter0011.nii.gz
1DIAGNOSTIC,    11, -5.341949462891e-01, 7.190704345703e-04, 0.0000e+00, 0.0000e+00, 
*/mnt/lustre/mathdugre/fast-interpolate/datasets/ds004513/derivatives/flint/antsRegistration/r7-p15/sub-s037/Stage3_level1_Iter0012.nii.gz
1DIAGNOSTIC,    12, -5.344848632812e-01, 6.065368652344e-04, 0.0000e+00, 0.0000e+00, 
*/mnt/lustre/mathdugre/fast-interpolate/datasets/ds004513/derivatives/flint/antsRegistration/r7-p15/sub-s037/Stage3_level1_Iter0013.nii.gz
1DIAGNOSTIC,    13, -5.351562500000e-01, 5.226135253906e-04, 0.0000e+00, 0.0000e+00, 
*/mnt/lustre/mathdugre/fast-interpolate/datasets/ds004513/derivatives/flint/antsRegistration/r7-p15/sub-s037/Stage3_level1_Iter0014.nii.gz
1DIAGNOSTIC,    14, -5.354309082031e-01, 4.425048828125e-04, 0.0000e+00, 0.0000e+00, 
*/mnt/lustre/mathdugre/fast-interpolate/datasets/ds004513/derivatives/flint/antsRegistration/r7-p15/sub-s037/Stage3_level1_Iter0015.nii.gz
1DIAGNOSTIC,    15, -5.355987548828e-01, 3.700256347656e-04, 0.0000e+00, 0.0000e+00, 
*/mnt/lustre/mathdugre/fast-interpolate/datasets/ds004513/derivatives/flint/antsRegistration/r7-p15/sub-s037/Stage3_level1_Iter0016.nii.gz
1DIAGNOSTIC,    16, -5.355529785156e-01, 2.956390380859e-04, 0.0000e+00, 0.0000e+00, 
*/mnt/lustre/mathdugre/fast-interpolate/datasets/ds004513/derivatives/flint/antsRegistration/r7-p15/sub-s037/Stage3_level1_Iter0017.nii.gz
1DIAGNOSTIC,    17, -5.356750488281e-01, 2.317428588867e-04, 0.0000e+00, 0.0000e+00, 
*/mnt/lustre/mathdugre/fast-interpolate/datasets/ds004513/derivatives/flint/antsRegistration/r7-p15/sub-s037/Stage3_level1_Iter0018.nii.gz
1DIAGNOSTIC,    18, -5.358123779297e-01, 1.831054687500e-04, 0.0000e+00, 0.0000e+00, 
*/mnt/lustre/mathdugre/fast-interpolate/datasets/ds004513/derivatives/flint/antsRegistration/r7-p15/sub-s037/Stage3_level1_Iter0019.nii.gz
1DIAGNOSTIC,    19, -5.356903076172e-01, 1.277923583984e-04, 0.0000e+00, 0.0000e+00, 
*/mnt/lustre/mathdugre/fast-interpolate/datasets/ds004513/derivatives/flint/antsRegistration/r7-p15/sub-s037/Stage3_level1_Iter0020.nii.gz
1DIAGNOSTIC,    20, -5.357818603516e-01, 8.487701416016e-05, 0.0000e+00, 0.0000e+00, 
*/mnt/lustre/mathdugre/fast-interpolate/datasets/ds004513/derivatives/flint/antsRegistration/r7-p15/sub-s037/Stage3_level1_Iter0021.nii.gz
1DIAGNOSTIC,    21, -5.357971191406e-01, 5.722045898438e-05, 0.0000e+00, 0.0000e+00, 
*/mnt/lustre/mathdugre/fast-interpolate/datasets/ds004513/derivatives/flint/antsRegistration/r7-p15/sub-s037/Stage3_level1_Iter0022.nii.gz
1DIAGNOSTIC,    22, -5.359191894531e-01, 3.242492675781e-05, 0.0000e+00, 0.0000e+00, 
*/mnt/lustre/mathdugre/fast-interpolate/datasets/ds004513/derivatives/flint/antsRegistration/r7-p15/sub-s037/Stage3_level1_Iter0023.nii.gz
1DIAGNOSTIC,    23, -5.358276367188e-01, 2.002716064453e-05, 0.0000e+00, 0.0000e+00, 
*/mnt/lustre/mathdugre/fast-interpolate/datasets/ds004513/derivatives/flint/antsRegistration/r7-p15/sub-s037/Stage3_level1_Iter0024.nii.gz
1DIAGNOSTIC,    24, -5.357971191406e-01, 1.430511474609e-05, 0.0000e+00, 0.0000e+00, 
*/mnt/lustre/mathdugre/fast-interpolate/datasets/ds004513/derivatives/flint/antsRegistration/r7-p15/sub-s037/Stage3_level1_Iter0025.nii.gz
1DIAGNOSTIC,    25, -5.357360839844e-01, 1.049041748047e-05, 0.0000e+00, 0.0000e+00, 
*/mnt/lustre/mathdugre/fast-interpolate/datasets/ds004513/derivatives/flint/antsRegistration/r7-p15/sub-s037/Stage3_level1_Iter0026.nii.gz
1DIAGNOSTIC,    26, -5.358581542969e-01, 4.768371582031e-06, 0.0000e+00, 0.0000e+00, 
*/mnt/lustre/mathdugre/fast-interpolate/datasets/ds004513/derivatives/flint/antsRegistration/r7-p15/sub-s037/Stage3_level1_Iter0027.nii.gz
1DIAGNOSTIC,    27, -5.357971191406e-01, 9.536743164062e-07, 0.0000e+00, 0.0000e+00, 
XXDIAGNOSTIC,Iteration,metricValue,convergenceValue,ITERATION_TIME_INDEX,SINCE_LAST
*/mnt/lustre/mathdugre/fast-interpolate/datasets/ds004513/derivatives/flint/antsRegistration/r7-p15/sub-s037/Stage3_level2_Iter0001.nii.gz
1DIAGNOSTIC,     1, -7.755737304688e-01, 1.797693134862e+308, 0.0000e+00, 0.0000e+00, 
*/mnt/lustre/mathdugre/fast-interpolate/datasets/ds004513/derivatives/flint/antsRegistration/r7-p15/sub-s037/Stage3_level2_Iter0002.nii.gz
1DIAGNOSTIC,     2, -7.758026123047e-01, 1.797693134862e+308, 0.0000e+00, 0.0000e+00, 
*/mnt/lustre/mathdugre/fast-interpolate/datasets/ds004513/derivatives/flint/antsRegistration/r7-p15/sub-s037/Stage3_level2_Iter0003.nii.gz
1DIAGNOSTIC,     3, -7.760620117188e-01, 1.797693134862e+308, 0.0000e+00, 0.0000e+00, 
*/mnt/lustre/mathdugre/fast-interpolate/datasets/ds004513/derivatives/flint/antsRegistration/r7-p15/sub-s037/Stage3_level2_Iter0004.nii.gz
1DIAGNOSTIC,     4, -7.763366699219e-01, 1.797693134862e+308, 0.0000e+00, 0.0000e+00, 
*/mnt/lustre/mathdugre/fast-interpolate/datasets/ds004513/derivatives/flint/antsRegistration/r7-p15/sub-s037/Stage3_level2_Iter0005.nii.gz
1DIAGNOSTIC,     5, -7.765808105469e-01, 1.797693134862e+308, 0.0000e+00, 0.0000e+00, 
*/mnt/lustre/mathdugre/fast-interpolate/datasets/ds004513/derivatives/flint/antsRegistration/r7-p15/sub-s037/Stage3_level2_Iter0006.nii.gz
1DIAGNOSTIC,     6, -7.768249511719e-01, 1.797693134862e+308, 0.0000e+00, 0.0000e+00, 
*/mnt/lustre/mathdugre/fast-interpolate/datasets/ds004513/derivatives/flint/antsRegistration/r7-p15/sub-s037/Stage3_level2_Iter0007.nii.gz
1DIAGNOSTIC,     7, -7.770690917969e-01, 1.797693134862e+308, 0.0000e+00, 0.0000e+00, 
*/mnt/lustre/mathdugre/fast-interpolate/datasets/ds004513/derivatives/flint/antsRegistration/r7-p15/sub-s037/Stage3_level2_Iter0008.nii.gz
1DIAGNOSTIC,     8, -7.772369384766e-01, 1.797693134862e+308, 0.0000e+00, 0.0000e+00, 
*/mnt/lustre/mathdugre/fast-interpolate/datasets/ds004513/derivatives/flint/antsRegistration/r7-p15/sub-s037/Stage3_level2_Iter0009.nii.gz
1DIAGNOSTIC,     9, -7.774200439453e-01, 1.797693134862e+308, 0.0000e+00, 0.0000e+00, 
*/mnt/lustre/mathdugre/fast-interpolate/datasets/ds004513/derivatives/flint/antsRegistration/r7-p15/sub-s037/Stage3_level2_Iter0010.nii.gz
1DIAGNOSTIC,    10, -7.775726318359e-01, 1.697540283203e-04, 0.0000e+00, 0.0000e+00, 
*/mnt/lustre/mathdugre/fast-interpolate/datasets/ds004513/derivatives/flint/antsRegistration/r7-p15/sub-s037/Stage3_level2_Iter0011.nii.gz
1DIAGNOSTIC,    11, -7.777099609375e-01, 1.468658447266e-04, 0.0000e+00, 0.0000e+00, 
*/mnt/lustre/mathdugre/fast-interpolate/datasets/ds004513/derivatives/flint/antsRegistration/r7-p15/sub-s037/Stage3_level2_Iter0012.nii.gz
1DIAGNOSTIC,    12, -7.778472900391e-01, 1.239776611328e-04, 0.0000e+00, 0.0000e+00, 
*/mnt/lustre/mathdugre/fast-interpolate/datasets/ds004513/derivatives/flint/antsRegistration/r7-p15/sub-s037/Stage3_level2_Iter0013.nii.gz
1DIAGNOSTIC,    13, -7.779846191406e-01, 1.029968261719e-04, 0.0000e+00, 0.0000e+00, 
*/mnt/lustre/mathdugre/fast-interpolate/datasets/ds004513/derivatives/flint/antsRegistration/r7-p15/sub-s037/Stage3_level2_Iter0014.nii.gz
1DIAGNOSTIC,    14, -7.780761718750e-01, 8.773803710938e-05, 0.0000e+00, 0.0000e+00, 
*/mnt/lustre/mathdugre/fast-interpolate/datasets/ds004513/derivatives/flint/antsRegistration/r7-p15/sub-s037/Stage3_level2_Iter0015.nii.gz
1DIAGNOSTIC,    15, -7.781524658203e-01, 7.438659667969e-05, 0.0000e+00, 0.0000e+00, 
*/mnt/lustre/mathdugre/fast-interpolate/datasets/ds004513/derivatives/flint/antsRegistration/r7-p15/sub-s037/Stage3_level2_Iter0016.nii.gz
1DIAGNOSTIC,    16, -7.782745361328e-01, 6.484985351562e-05, 0.0000e+00, 0.0000e+00, 
*/mnt/lustre/mathdugre/fast-interpolate/datasets/ds004513/derivatives/flint/antsRegistration/r7-p15/sub-s037/Stage3_level2_Iter0017.nii.gz
1DIAGNOSTIC,    17, -7.783660888672e-01, 5.340576171875e-05, 0.0000e+00, 0.0000e+00, 
*/mnt/lustre/mathdugre/fast-interpolate/datasets/ds004513/derivatives/flint/antsRegistration/r7-p15/sub-s037/Stage3_level2_Iter0018.nii.gz
1DIAGNOSTIC,    18, -7.784576416016e-01, 4.673004150391e-05, 0.0000e+00, 0.0000e+00, 
*/mnt/lustre/mathdugre/fast-interpolate/datasets/ds004513/derivatives/flint/antsRegistration/r7-p15/sub-s037/Stage3_level2_Iter0019.nii.gz
1DIAGNOSTIC,    19, -7.785339355469e-01, 4.100799560547e-05, 0.0000e+00, 0.0000e+00, 
*/mnt/lustre/mathdugre/fast-interpolate/datasets/ds004513/derivatives/flint/antsRegistration/r7-p15/sub-s037/Stage3_level2_Iter0020.nii.gz
1DIAGNOSTIC,    20, -7.786102294922e-01, 3.719329833984e-05, 0.0000e+00, 0.0000e+00, 
*/mnt/lustre/mathdugre/fast-interpolate/datasets/ds004513/derivatives/flint/antsRegistration/r7-p15/sub-s037/Stage3_level2_Iter0021.nii.gz
1DIAGNOSTIC,    21, -7.786712646484e-01, 3.337860107422e-05, 0.0000e+00, 0.0000e+00, 
*/mnt/lustre/mathdugre/fast-interpolate/datasets/ds004513/derivatives/flint/antsRegistration/r7-p15/sub-s037/Stage3_level2_Iter0022.nii.gz
1DIAGNOSTIC,    22, -7.787475585938e-01, 3.147125244141e-05, 0.0000e+00, 0.0000e+00, 
*/mnt/lustre/mathdugre/fast-interpolate/datasets/ds004513/derivatives/flint/antsRegistration/r7-p15/sub-s037/Stage3_level2_Iter0023.nii.gz
1DIAGNOSTIC,    23, -7.788085937500e-01, 2.670288085938e-05, 0.0000e+00, 0.0000e+00, 
*/mnt/lustre/mathdugre/fast-interpolate/datasets/ds004513/derivatives/flint/antsRegistration/r7-p15/sub-s037/Stage3_level2_Iter0024.nii.gz
1DIAGNOSTIC,    24, -7.788696289062e-01, 2.479553222656e-05, 0.0000e+00, 0.0000e+00, 
*/mnt/lustre/mathdugre/fast-interpolate/datasets/ds004513/derivatives/flint/antsRegistration/r7-p15/sub-s037/Stage3_level2_Iter0025.nii.gz
1DIAGNOSTIC,    25, -7.789459228516e-01, 2.193450927734e-05, 0.0000e+00, 0.0000e+00, 
*/mnt/lustre/mathdugre/fast-interpolate/datasets/ds004513/derivatives/flint/antsRegistration/r7-p15/sub-s037/Stage3_level2_Iter0026.nii.gz
1DIAGNOSTIC,    26, -7.790069580078e-01, 2.288818359375e-05, 0.0000e+00, 0.0000e+00, 
*/mnt/lustre/mathdugre/fast-interpolate/datasets/ds004513/derivatives/flint/antsRegistration/r7-p15/sub-s037/Stage3_level2_Iter0027.nii.gz
1DIAGNOSTIC,    27, -7.790679931641e-01, 2.002716064453e-05, 0.0000e+00, 0.0000e+00, 
*/mnt/lustre/mathdugre/fast-interpolate/datasets/ds004513/derivatives/flint/antsRegistration/r7-p15/sub-s037/Stage3_level2_Iter0028.nii.gz
1DIAGNOSTIC,    28, -7.791137695312e-01, 1.716613769531e-05, 0.0000e+00, 0.0000e+00, 
*/mnt/lustre/mathdugre/fast-interpolate/datasets/ds004513/derivatives/flint/antsRegistration/r7-p15/sub-s037/Stage3_level2_Iter0029.nii.gz
1DIAGNOSTIC,    29, -7.791595458984e-01, 1.811981201172e-05, 0.0000e+00, 0.0000e+00, 
*/mnt/lustre/mathdugre/fast-interpolate/datasets/ds004513/derivatives/flint/antsRegistration/r7-p15/sub-s037/Stage3_level2_Iter0030.nii.gz
1DIAGNOSTIC,    30, -7.792205810547e-01, 1.430511474609e-05, 0.0000e+00, 0.0000e+00, 
*/mnt/lustre/mathdugre/fast-interpolate/datasets/ds004513/derivatives/flint/antsRegistration/r7-p15/sub-s037/Stage3_level2_Iter0031.nii.gz
1DIAGNOSTIC,    31, -7.792663574219e-01, 1.430511474609e-05, 0.0000e+00, 0.0000e+00, 
*/mnt/lustre/mathdugre/fast-interpolate/datasets/ds004513/derivatives/flint/antsRegistration/r7-p15/sub-s037/Stage3_level2_Iter0032.nii.gz
1DIAGNOSTIC,    32, -7.793426513672e-01, 1.335144042969e-05, 0.0000e+00, 0.0000e+00, 
*/mnt/lustre/mathdugre/fast-interpolate/datasets/ds004513/derivatives/flint/antsRegistration/r7-p15/sub-s037/Stage3_level2_Iter0033.nii.gz
1DIAGNOSTIC,    33, -7.794036865234e-01, 1.335144042969e-05, 0.0000e+00, 0.0000e+00, 
*/mnt/lustre/mathdugre/fast-interpolate/datasets/ds004513/derivatives/flint/antsRegistration/r7-p15/sub-s037/Stage3_level2_Iter0034.nii.gz
1DIAGNOSTIC,    34, -7.794647216797e-01, 1.335144042969e-05, 0.0000e+00, 0.0000e+00, 
*/mnt/lustre/mathdugre/fast-interpolate/datasets/ds004513/derivatives/flint/antsRegistration/r7-p15/sub-s037/Stage3_level2_Iter0035.nii.gz
1DIAGNOSTIC,    35, -7.795715332031e-01, 1.239776611328e-05, 0.0000e+00, 0.0000e+00, 
*/mnt/lustre/mathdugre/fast-interpolate/datasets/ds004513/derivatives/flint/antsRegistration/r7-p15/sub-s037/Stage3_level2_Iter0036.nii.gz
1DIAGNOSTIC,    36, -7.796173095703e-01, 1.287460327148e-05, 0.0000e+00, 0.0000e+00, 
*/mnt/lustre/mathdugre/fast-interpolate/datasets/ds004513/derivatives/flint/antsRegistration/r7-p15/sub-s037/Stage3_level2_Iter0037.nii.gz
1DIAGNOSTIC,    37, -7.796630859375e-01, 1.335144042969e-05, 0.0000e+00, 0.0000e+00, 
*/mnt/lustre/mathdugre/fast-interpolate/datasets/ds004513/derivatives/flint/antsRegistration/r7-p15/sub-s037/Stage3_level2_Iter0038.nii.gz
1DIAGNOSTIC,    38, -7.796936035156e-01, 1.239776611328e-05, 0.0000e+00, 0.0000e+00, 
*/mnt/lustre/mathdugre/fast-interpolate/datasets/ds004513/derivatives/flint/antsRegistration/r7-p15/sub-s037/Stage3_level2_Iter0039.nii.gz
1DIAGNOSTIC,    39, -7.797241210938e-01, 1.239776611328e-05, 0.0000e+00, 0.0000e+00, 
*/mnt/lustre/mathdugre/fast-interpolate/datasets/ds004513/derivatives/flint/antsRegistration/r7-p15/sub-s037/Stage3_level2_Iter0040.nii.gz
1DIAGNOSTIC,    40, -7.797393798828e-01, 1.144409179688e-05, 0.0000e+00, 0.0000e+00, 
*/mnt/lustre/mathdugre/fast-interpolate/datasets/ds004513/derivatives/flint/antsRegistration/r7-p15/sub-s037/Stage3_level2_Iter0041.nii.gz
1DIAGNOSTIC,    41, -7.797851562500e-01, 9.059906005859e-06, 0.0000e+00, 0.0000e+00, 
*/mnt/lustre/mathdugre/fast-interpolate/datasets/ds004513/derivatives/flint/antsRegistration/r7-p15/sub-s037/Stage3_level2_Iter0042.nii.gz
1DIAGNOSTIC,    42, -7.797851562500e-01, 8.106231689453e-06, 0.0000e+00, 0.0000e+00, 
*/mnt/lustre/mathdugre/fast-interpolate/datasets/ds004513/derivatives/flint/antsRegistration/r7-p15/sub-s037/Stage3_level2_Iter0043.nii.gz
1DIAGNOSTIC,    43, -7.798156738281e-01, 6.675720214844e-06, 0.0000e+00, 0.0000e+00, 
*/mnt/lustre/mathdugre/fast-interpolate/datasets/ds004513/derivatives/flint/antsRegistration/r7-p15/sub-s037/Stage3_level2_Iter0044.nii.gz
1DIAGNOSTIC,    44, -7.798461914062e-01, 5.245208740234e-06, 0.0000e+00, 0.0000e+00, 
*/mnt/lustre/mathdugre/fast-interpolate/datasets/ds004513/derivatives/flint/antsRegistration/r7-p15/sub-s037/Stage3_level2_Iter0045.nii.gz
1DIAGNOSTIC,    45, -7.798614501953e-01, 3.814697265625e-06, 0.0000e+00, 0.0000e+00, 
*/mnt/lustre/mathdugre/fast-interpolate/datasets/ds004513/derivatives/flint/antsRegistration/r7-p15/sub-s037/Stage3_level2_Iter0046.nii.gz
1DIAGNOSTIC,    46, -7.798919677734e-01, 4.291534423828e-06, 0.0000e+00, 0.0000e+00, 
*/mnt/lustre/mathdugre/fast-interpolate/datasets/ds004513/derivatives/flint/antsRegistration/r7-p15/sub-s037/Stage3_level2_Iter0047.nii.gz
1DIAGNOSTIC,    47, -7.799072265625e-01, 4.291534423828e-06, 0.0000e+00, 0.0000e+00, 
*/mnt/lustre/mathdugre/fast-interpolate/datasets/ds004513/derivatives/flint/antsRegistration/r7-p15/sub-s037/Stage3_level2_Iter0048.nii.gz
1DIAGNOSTIC,    48, -7.799377441406e-01, 4.768371582031e-06, 0.0000e+00, 0.0000e+00, 
*/mnt/lustre/mathdugre/fast-interpolate/datasets/ds004513/derivatives/flint/antsRegistration/r7-p15/sub-s037/Stage3_level2_Iter0049.nii.gz
1DIAGNOSTIC,    49, -7.799530029297e-01, 4.768371582031e-06, 0.0000e+00, 0.0000e+00, 
*/mnt/lustre/mathdugre/fast-interpolate/datasets/ds004513/derivatives/flint/antsRegistration/r7-p15/sub-s037/Stage3_level2_Iter0050.nii.gz
1DIAGNOSTIC,    50, -7.799377441406e-01, 4.291534423828e-06, 0.0000e+00, 0.0000e+00, 
*/mnt/lustre/mathdugre/fast-interpolate/datasets/ds004513/derivatives/flint/antsRegistration/r7-p15/sub-s037/Stage3_level2_Iter0051.nii.gz
1DIAGNOSTIC,    51, -7.799682617188e-01, 2.861022949219e-06, 0.0000e+00, 0.0000e+00, 
*/mnt/lustre/mathdugre/fast-interpolate/datasets/ds004513/derivatives/flint/antsRegistration/r7-p15/sub-s037/Stage3_level2_Iter0052.nii.gz
1DIAGNOSTIC,    52, -7.799530029297e-01, 3.337860107422e-06, 0.0000e+00, 0.0000e+00, 
*/mnt/lustre/mathdugre/fast-interpolate/datasets/ds004513/derivatives/flint/antsRegistration/r7-p15/sub-s037/Stage3_level2_Iter0053.nii.gz
1DIAGNOSTIC,    53, -7.799530029297e-01, 2.861022949219e-06, 0.0000e+00, 0.0000e+00, 
*/mnt/lustre/mathdugre/fast-interpolate/datasets/ds004513/derivatives/flint/antsRegistration/r7-p15/sub-s037/Stage3_level2_Iter0054.nii.gz
1DIAGNOSTIC,    54, -7.799682617188e-01, 9.536743164062e-07, 0.0000e+00, 0.0000e+00, 
XXDIAGNOSTIC,Iteration,metricValue,convergenceValue,ITERATION_TIME_INDEX,SINCE_LAST
*/mnt/lustre/mathdugre/fast-interpolate/datasets/ds004513/derivatives/flint/antsRegistration/r7-p15/sub-s037/Stage3_level3_Iter0001.nii.gz
1DIAGNOSTIC,     1, -9.199218750000e-01, 1.797693134862e+308, 0.0000e+00, 0.0000e+00, 
*/mnt/lustre/mathdugre/fast-interpolate/datasets/ds004513/derivatives/flint/antsRegistration/r7-p15/sub-s037/Stage3_level3_Iter0002.nii.gz
1DIAGNOSTIC,     2, -9.199981689453e-01, 1.797693134862e+308, 0.0000e+00, 0.0000e+00, 
*/mnt/lustre/mathdugre/fast-interpolate/datasets/ds004513/derivatives/flint/antsRegistration/r7-p15/sub-s037/Stage3_level3_Iter0003.nii.gz
1DIAGNOSTIC,     3, -9.201354980469e-01, 1.797693134862e+308, 0.0000e+00, 0.0000e+00, 
*/mnt/lustre/mathdugre/fast-interpolate/datasets/ds004513/derivatives/flint/antsRegistration/r7-p15/sub-s037/Stage3_level3_Iter0004.nii.gz
1DIAGNOSTIC,     4, -9.202575683594e-01, 1.797693134862e+308, 0.0000e+00, 0.0000e+00, 
*/mnt/lustre/mathdugre/fast-interpolate/datasets/ds004513/derivatives/flint/antsRegistration/r7-p15/sub-s037/Stage3_level3_Iter0005.nii.gz
1DIAGNOSTIC,     5, -9.203643798828e-01, 1.797693134862e+308, 0.0000e+00, 0.0000e+00, 
*/mnt/lustre/mathdugre/fast-interpolate/datasets/ds004513/derivatives/flint/antsRegistration/r7-p15/sub-s037/Stage3_level3_Iter0006.nii.gz
1DIAGNOSTIC,     6, -9.204711914062e-01, 1.797693134862e+308, 0.0000e+00, 0.0000e+00, 
*/mnt/lustre/mathdugre/fast-interpolate/datasets/ds004513/derivatives/flint/antsRegistration/r7-p15/sub-s037/Stage3_level3_Iter0007.nii.gz
1DIAGNOSTIC,     7, -9.205627441406e-01, 1.797693134862e+308, 0.0000e+00, 0.0000e+00, 
*/mnt/lustre/mathdugre/fast-interpolate/datasets/ds004513/derivatives/flint/antsRegistration/r7-p15/sub-s037/Stage3_level3_Iter0008.nii.gz
1DIAGNOSTIC,     8, -9.206542968750e-01, 1.797693134862e+308, 0.0000e+00, 0.0000e+00, 
*/mnt/lustre/mathdugre/fast-interpolate/datasets/ds004513/derivatives/flint/antsRegistration/r7-p15/sub-s037/Stage3_level3_Iter0009.nii.gz
1DIAGNOSTIC,     9, -9.207305908203e-01, 1.797693134862e+308, 0.0000e+00, 0.0000e+00, 
*/mnt/lustre/mathdugre/fast-interpolate/datasets/ds004513/derivatives/flint/antsRegistration/r7-p15/sub-s037/Stage3_level3_Iter0010.nii.gz
1DIAGNOSTIC,    10, -9.208068847656e-01, 6.675720214844e-05, 0.0000e+00, 0.0000e+00, 
*/mnt/lustre/mathdugre/fast-interpolate/datasets/ds004513/derivatives/flint/antsRegistration/r7-p15/sub-s037/Stage3_level3_Iter0011.nii.gz
1DIAGNOSTIC,    11, -9.208831787109e-01, 5.531311035156e-05, 0.0000e+00, 0.0000e+00, 
*/mnt/lustre/mathdugre/fast-interpolate/datasets/ds004513/derivatives/flint/antsRegistration/r7-p15/sub-s037/Stage3_level3_Iter0012.nii.gz
1DIAGNOSTIC,    12, -9.209442138672e-01, 4.577636718750e-05, 0.0000e+00, 0.0000e+00, 
*/mnt/lustre/mathdugre/fast-interpolate/datasets/ds004513/derivatives/flint/antsRegistration/r7-p15/sub-s037/Stage3_level3_Iter0013.nii.gz
1DIAGNOSTIC,    13, -9.210052490234e-01, 4.386901855469e-05, 0.0000e+00, 0.0000e+00, 
*/mnt/lustre/mathdugre/fast-interpolate/datasets/ds004513/derivatives/flint/antsRegistration/r7-p15/sub-s037/Stage3_level3_Iter0014.nii.gz
1DIAGNOSTIC,    14, -9.210662841797e-01, 3.433227539062e-05, 0.0000e+00, 0.0000e+00, 
*/mnt/lustre/mathdugre/fast-interpolate/datasets/ds004513/derivatives/flint/antsRegistration/r7-p15/sub-s037/Stage3_level3_Iter0015.nii.gz
1DIAGNOSTIC,    15, -9.211273193359e-01, 3.433227539062e-05, 0.0000e+00, 0.0000e+00, 
*/mnt/lustre/mathdugre/fast-interpolate/datasets/ds004513/derivatives/flint/antsRegistration/r7-p15/sub-s037/Stage3_level3_Iter0016.nii.gz
1DIAGNOSTIC,    16, -9.211730957031e-01, 2.670288085938e-05, 0.0000e+00, 0.0000e+00, 
*/mnt/lustre/mathdugre/fast-interpolate/datasets/ds004513/derivatives/flint/antsRegistration/r7-p15/sub-s037/Stage3_level3_Iter0017.nii.gz
1DIAGNOSTIC,    17, -9.212341308594e-01, 2.479553222656e-05, 0.0000e+00, 0.0000e+00, 
*/mnt/lustre/mathdugre/fast-interpolate/datasets/ds004513/derivatives/flint/antsRegistration/r7-p15/sub-s037/Stage3_level3_Iter0018.nii.gz
1DIAGNOSTIC,    18, -9.212799072266e-01, 2.288818359375e-05, 0.0000e+00, 0.0000e+00, 
*/mnt/lustre/mathdugre/fast-interpolate/datasets/ds004513/derivatives/flint/antsRegistration/r7-p15/sub-s037/Stage3_level3_Iter0019.nii.gz
1DIAGNOSTIC,    19, -9.213256835938e-01, 1.811981201172e-05, 0.0000e+00, 0.0000e+00, 
*/mnt/lustre/mathdugre/fast-interpolate/datasets/ds004513/derivatives/flint/antsRegistration/r7-p15/sub-s037/Stage3_level3_Iter0020.nii.gz
1DIAGNOSTIC,    20, -9.213714599609e-01, 1.907348632812e-05, 3.2768e+04, 3.2768e+04, 
*/mnt/lustre/mathdugre/fast-interpolate/datasets/ds004513/derivatives/flint/antsRegistration/r7-p15/sub-s037/Stage3_level3_Iter0021.nii.gz
1DIAGNOSTIC,    21, -9.214019775391e-01, 1.716613769531e-05, 3.2768e+04, 0.0000e+00, 
*/mnt/lustre/mathdugre/fast-interpolate/datasets/ds004513/derivatives/flint/antsRegistration/r7-p15/sub-s037/Stage3_level3_Iter0022.nii.gz
1DIAGNOSTIC,    22, -9.214477539062e-01, 1.430511474609e-05, 3.2768e+04, 0.0000e+00, 
*/mnt/lustre/mathdugre/fast-interpolate/datasets/ds004513/derivatives/flint/antsRegistration/r7-p15/sub-s037/Stage3_level3_Iter0023.nii.gz
1DIAGNOSTIC,    23, -9.214782714844e-01, 1.335144042969e-05, 3.2768e+04, 0.0000e+00, 
*/mnt/lustre/mathdugre/fast-interpolate/datasets/ds004513/derivatives/flint/antsRegistration/r7-p15/sub-s037/Stage3_level3_Iter0024.nii.gz
1DIAGNOSTIC,    24, -9.215240478516e-01, 1.239776611328e-05, 3.2768e+04, 0.0000e+00, 
*/mnt/lustre/mathdugre/fast-interpolate/datasets/ds004513/derivatives/flint/antsRegistration/r7-p15/sub-s037/Stage3_level3_Iter0025.nii.gz
1DIAGNOSTIC,    25, -9.215545654297e-01, 1.144409179688e-05, 3.2768e+04, 0.0000e+00, 
*/mnt/lustre/mathdugre/fast-interpolate/datasets/ds004513/derivatives/flint/antsRegistration/r7-p15/sub-s037/Stage3_level3_Iter0026.nii.gz
1DIAGNOSTIC,    26, -9.215850830078e-01, 8.583068847656e-06, 3.2768e+04, 0.0000e+00, 
*/mnt/lustre/mathdugre/fast-interpolate/datasets/ds004513/derivatives/flint/antsRegistration/r7-p15/sub-s037/Stage3_level3_Iter0027.nii.gz
1DIAGNOSTIC,    27, -9.216156005859e-01, 8.583068847656e-06, 3.2768e+04, 0.0000e+00, 
*/mnt/lustre/mathdugre/fast-interpolate/datasets/ds004513/derivatives/flint/antsRegistration/r7-p15/sub-s037/Stage3_level3_Iter0028.nii.gz
1DIAGNOSTIC,    28, -9.216308593750e-01, 6.675720214844e-06, 3.2768e+04, 0.0000e+00, 
*/mnt/lustre/mathdugre/fast-interpolate/datasets/ds004513/derivatives/flint/antsRegistration/r7-p15/sub-s037/Stage3_level3_Iter0029.nii.gz
1DIAGNOSTIC,    29, -9.216613769531e-01, 7.629394531250e-06, 3.2768e+04, 0.0000e+00, 
*/mnt/lustre/mathdugre/fast-interpolate/datasets/ds004513/derivatives/flint/antsRegistration/r7-p15/sub-s037/Stage3_level3_Iter0030.nii.gz
1DIAGNOSTIC,    30, -9.216918945312e-01, 6.675720214844e-06, 3.2768e+04, 0.0000e+00, 
*/mnt/lustre/mathdugre/fast-interpolate/datasets/ds004513/derivatives/flint/antsRegistration/r7-p15/sub-s037/Stage3_level3_Iter0031.nii.gz
1DIAGNOSTIC,    31, -9.217071533203e-01, 6.675720214844e-06, 3.2768e+04, 0.0000e+00, 
*/mnt/lustre/mathdugre/fast-interpolate/datasets/ds004513/derivatives/flint/antsRegistration/r7-p15/sub-s037/Stage3_level3_Iter0032.nii.gz
1DIAGNOSTIC,    32, -9.217376708984e-01, 6.675720214844e-06, 3.2768e+04, 0.0000e+00, 
*/mnt/lustre/mathdugre/fast-interpolate/datasets/ds004513/derivatives/flint/antsRegistration/r7-p15/sub-s037/Stage3_level3_Iter0033.nii.gz
1DIAGNOSTIC,    33, -9.217529296875e-01, 5.722045898438e-06, 3.2768e+04, 0.0000e+00, 
*/mnt/lustre/mathdugre/fast-interpolate/datasets/ds004513/derivatives/flint/antsRegistration/r7-p15/sub-s037/Stage3_level3_Iter0034.nii.gz
1DIAGNOSTIC,    34, -9.217681884766e-01, 4.291534423828e-06, 3.2768e+04, 0.0000e+00, 
*/mnt/lustre/mathdugre/fast-interpolate/datasets/ds004513/derivatives/flint/antsRegistration/r7-p15/sub-s037/Stage3_level3_Iter0035.nii.gz
1DIAGNOSTIC,    35, -9.217987060547e-01, 5.245208740234e-06, 3.2768e+04, 0.0000e+00, 
*/mnt/lustre/mathdugre/fast-interpolate/datasets/ds004513/derivatives/flint/antsRegistration/r7-p15/sub-s037/Stage3_level3_Iter0036.nii.gz
1DIAGNOSTIC,    36, -9.217987060547e-01, 6.198883056641e-06, 3.2768e+04, 0.0000e+00, 
*/mnt/lustre/mathdugre/fast-interpolate/datasets/ds004513/derivatives/flint/antsRegistration/r7-p15/sub-s037/Stage3_level3_Iter0037.nii.gz
1DIAGNOSTIC,    37, -9.218292236328e-01, 3.814697265625e-06, 3.2768e+04, 0.0000e+00, 
*/mnt/lustre/mathdugre/fast-interpolate/datasets/ds004513/derivatives/flint/antsRegistration/r7-p15/sub-s037/Stage3_level3_Iter0038.nii.gz
1DIAGNOSTIC,    38, -9.218444824219e-01, 3.814697265625e-06, 3.2768e+04, 0.0000e+00, 
*/mnt/lustre/mathdugre/fast-interpolate/datasets/ds004513/derivatives/flint/antsRegistration/r7-p15/sub-s037/Stage3_level3_Iter0039.nii.gz
1DIAGNOSTIC,    39, -9.218597412109e-01, 2.384185791016e-06, 3.2768e+04, 0.0000e+00, 
*/mnt/lustre/mathdugre/fast-interpolate/datasets/ds004513/derivatives/flint/antsRegistration/r7-p15/sub-s037/Stage3_level3_Iter0040.nii.gz
1DIAGNOSTIC,    40, -9.218750000000e-01, 3.814697265625e-06, 3.2768e+04, 0.0000e+00, 
*/mnt/lustre/mathdugre/fast-interpolate/datasets/ds004513/derivatives/flint/antsRegistration/r7-p15/sub-s037/Stage3_level3_Iter0041.nii.gz
1DIAGNOSTIC,    41, -9.218902587891e-01, 3.337860107422e-06, 3.2768e+04, 0.0000e+00, 
*/mnt/lustre/mathdugre/fast-interpolate/datasets/ds004513/derivatives/flint/antsRegistration/r7-p15/sub-s037/Stage3_level3_Iter0042.nii.gz
1DIAGNOSTIC,    42, -9.219055175781e-01, 2.861022949219e-06, 3.2768e+04, 0.0000e+00, 
*/mnt/lustre/mathdugre/fast-interpolate/datasets/ds004513/derivatives/flint/antsRegistration/r7-p15/sub-s037/Stage3_level3_Iter0043.nii.gz
1DIAGNOSTIC,    43, -9.219207763672e-01, 2.861022949219e-06, 3.2768e+04, 0.0000e+00, 
*/mnt/lustre/mathdugre/fast-interpolate/datasets/ds004513/derivatives/flint/antsRegistration/r7-p15/sub-s037/Stage3_level3_Iter0044.nii.gz
1DIAGNOSTIC,    44, -9.219512939453e-01, 3.337860107422e-06, 3.2768e+04, 0.0000e+00, 
*/mnt/lustre/mathdugre/fast-interpolate/datasets/ds004513/derivatives/flint/antsRegistration/r7-p15/sub-s037/Stage3_level3_Iter0045.nii.gz
1DIAGNOSTIC,    45, -9.219665527344e-01, 3.337860107422e-06, 3.2768e+04, 0.0000e+00, 
*/mnt/lustre/mathdugre/fast-interpolate/datasets/ds004513/derivatives/flint/antsRegistration/r7-p15/sub-s037/Stage3_level3_Iter0046.nii.gz
1DIAGNOSTIC,    46, -9.219818115234e-01, 2.861022949219e-06, 3.2768e+04, 0.0000e+00, 
*/mnt/lustre/mathdugre/fast-interpolate/datasets/ds004513/derivatives/flint/antsRegistration/r7-p15/sub-s037/Stage3_level3_Iter0047.nii.gz
1DIAGNOSTIC,    47, -9.220123291016e-01, 2.384185791016e-06, 3.2768e+04, 0.0000e+00, 
*/mnt/lustre/mathdugre/fast-interpolate/datasets/ds004513/derivatives/flint/antsRegistration/r7-p15/sub-s037/Stage3_level3_Iter0048.nii.gz
1DIAGNOSTIC,    48, -9.220275878906e-01, 2.861022949219e-06, 3.2768e+04, 0.0000e+00, 
*/mnt/lustre/mathdugre/fast-interpolate/datasets/ds004513/derivatives/flint/antsRegistration/r7-p15/sub-s037/Stage3_level3_Iter0049.nii.gz
1DIAGNOSTIC,    49, -9.220275878906e-01, 1.907348632812e-06, 3.2768e+04, 0.0000e+00, 
*/mnt/lustre/mathdugre/fast-interpolate/datasets/ds004513/derivatives/flint/antsRegistration/r7-p15/sub-s037/Stage3_level3_Iter0050.nii.gz
1DIAGNOSTIC,    50, -9.220428466797e-01, 3.337860107422e-06, 3.2768e+04, 0.0000e+00, 
XXDIAGNOSTIC,Iteration,metricValue,convergenceValue,ITERATION_TIME_INDEX,SINCE_LAST
*/mnt/lustre/mathdugre/fast-interpolate/datasets/ds004513/derivatives/flint/antsRegistration/r7-p15/sub-s037/Stage3_level4_Iter0001.nii.gz
1DIAGNOSTIC,     1, -9.868927001953e-01, 1.797693134862e+308, 3.2768e+04, 0.0000e+00, 
*/mnt/lustre/mathdugre/fast-interpolate/datasets/ds004513/derivatives/flint/antsRegistration/r7-p15/sub-s037/Stage3_level4_Iter0002.nii.gz
1DIAGNOSTIC,     2, -9.869079589844e-01, 1.797693134862e+308, 3.2768e+04, 0.0000e+00, 
*/mnt/lustre/mathdugre/fast-interpolate/datasets/ds004513/derivatives/flint/antsRegistration/r7-p15/sub-s037/Stage3_level4_Iter0003.nii.gz
1DIAGNOSTIC,     3, -9.869384765625e-01, 1.797693134862e+308, 3.2768e+04, 0.0000e+00, 
*/mnt/lustre/mathdugre/fast-interpolate/datasets/ds004513/derivatives/flint/antsRegistration/r7-p15/sub-s037/Stage3_level4_Iter0004.nii.gz
1DIAGNOSTIC,     4, -9.869689941406e-01, 1.797693134862e+308, 6.5536e+04, 3.2768e+04, 
*/mnt/lustre/mathdugre/fast-interpolate/datasets/ds004513/derivatives/flint/antsRegistration/r7-p15/sub-s037/Stage3_level4_Iter0005.nii.gz
1DIAGNOSTIC,     5, -9.869995117188e-01, 1.797693134862e+308, 6.5536e+04, 0.0000e+00, 
*/mnt/lustre/mathdugre/fast-interpolate/datasets/ds004513/derivatives/flint/antsRegistration/r7-p15/sub-s037/Stage3_level4_Iter0006.nii.gz
1DIAGNOSTIC,     6, -9.870300292969e-01, 1.797693134862e+308, 6.5536e+04, 0.0000e+00, 
*/mnt/lustre/mathdugre/fast-interpolate/datasets/ds004513/derivatives/flint/antsRegistration/r7-p15/sub-s037/Stage3_level4_Iter0007.nii.gz
1DIAGNOSTIC,     7, -9.870452880859e-01, 1.797693134862e+308, 6.5536e+04, 0.0000e+00, 
*/mnt/lustre/mathdugre/fast-interpolate/datasets/ds004513/derivatives/flint/antsRegistration/r7-p15/sub-s037/Stage3_level4_Iter0008.nii.gz
1DIAGNOSTIC,     8, -9.870605468750e-01, 1.797693134862e+308, 6.5536e+04, 0.0000e+00, 
*/mnt/lustre/mathdugre/fast-interpolate/datasets/ds004513/derivatives/flint/antsRegistration/r7-p15/sub-s037/Stage3_level4_Iter0009.nii.gz
1DIAGNOSTIC,     9, -9.870758056641e-01, 1.797693134862e+308, 6.5536e+04, 0.0000e+00, 
*/mnt/lustre/mathdugre/fast-interpolate/datasets/ds004513/derivatives/flint/antsRegistration/r7-p15/sub-s037/Stage3_level4_Iter0010.nii.gz
1DIAGNOSTIC,    10, -9.870910644531e-01, 1.716613769531e-05, 9.8304e+04, 3.2768e+04, 
*/mnt/lustre/mathdugre/fast-interpolate/datasets/ds004513/derivatives/flint/antsRegistration/r7-p15/sub-s037/Stage3_level4_Iter0011.nii.gz
1DIAGNOSTIC,    11, -9.871063232422e-01, 1.525878906250e-05, 9.8304e+04, 0.0000e+00, 
*/mnt/lustre/mathdugre/fast-interpolate/datasets/ds004513/derivatives/flint/antsRegistration/r7-p15/sub-s037/Stage3_level4_Iter0012.nii.gz
1DIAGNOSTIC,    12, -9.871063232422e-01, 9.536743164062e-06, 9.8304e+04, 0.0000e+00, 
*/mnt/lustre/mathdugre/fast-interpolate/datasets/ds004513/derivatives/flint/antsRegistration/r7-p15/sub-s037/Stage3_level4_Iter0013.nii.gz
1DIAGNOSTIC,    13, -9.871215820312e-01, 7.629394531250e-06, 9.8304e+04, 0.0000e+00, 
*/mnt/lustre/mathdugre/fast-interpolate/datasets/ds004513/derivatives/flint/antsRegistration/r7-p15/sub-s037/Stage3_level4_Iter0014.nii.gz
1DIAGNOSTIC,    14, -9.871368408203e-01, 9.536743164062e-06, 9.8304e+04, 0.0000e+00, 
*/mnt/lustre/mathdugre/fast-interpolate/datasets/ds004513/derivatives/flint/antsRegistration/r7-p15/sub-s037/Stage3_level4_Iter0015.nii.gz
1DIAGNOSTIC,    15, -9.871520996094e-01, 5.722045898438e-06, 9.8304e+04, 0.0000e+00, 
*/mnt/lustre/mathdugre/fast-interpolate/datasets/ds004513/derivatives/flint/antsRegistration/r7-p15/sub-s037/Stage3_level4_Iter0016.nii.gz
1DIAGNOSTIC,    16, -9.871520996094e-01, 3.814697265625e-06, 9.8304e+04, 0.0000e+00, 
*/mnt/lustre/mathdugre/fast-interpolate/datasets/ds004513/derivatives/flint/antsRegistration/r7-p15/sub-s037/Stage3_level4_Iter0017.nii.gz
1DIAGNOSTIC,    17, -9.871673583984e-01, 4.768371582031e-06, 1.3107e+05, 3.2768e+04, 
*/mnt/lustre/mathdugre/fast-interpolate/datasets/ds004513/derivatives/flint/antsRegistration/r7-p15/sub-s037/Stage3_level4_Iter0018.nii.gz
1DIAGNOSTIC,    18, -9.871673583984e-01, 5.722045898438e-06, 1.3107e+05, 0.0000e+00, 
*/mnt/lustre/mathdugre/fast-interpolate/datasets/ds004513/derivatives/flint/antsRegistration/r7-p15/sub-s037/Stage3_level4_Iter0019.nii.gz
1DIAGNOSTIC,    19, -9.871826171875e-01, 4.768371582031e-06, 1.3107e+05, 0.0000e+00, 
*/mnt/lustre/mathdugre/fast-interpolate/datasets/ds004513/derivatives/flint/antsRegistration/r7-p15/sub-s037/Stage3_level4_Iter0020.nii.gz
1DIAGNOSTIC,    20, -9.871978759766e-01, 3.814697265625e-06, 1.3107e+05, 0.0000e+00, 
  Elapsed time (stage 2): 1.311e+05


Total elapsed time: 1.311e+05
