
##########################
# Experiment information #
##########################

EXPERIMENT_NAME: r7-p14
VFC_BACKENDS: libinterflop_vprec.so --range-binary32=7 --precision-binary32=14 --range-binary64=7 --precision-binary64=14

SIF_IMG: /mnt/lustre/mathdugre/containers/ants-vprec-no_metric.simg

SUBJECT_ID: s017
INPUT_IMG: /mnt/lustre/mathdugre/fast-interpolate/datasets/ds004513/derivatives/flint/antsBrainExtraction/sub-s017/BrainExtractionBrain.nii.gz
OUTPUT_DIR: /mnt/lustre/mathdugre/fast-interpolate/datasets/ds004513/derivatives/flint/antsRegistration/r7-p14/sub-s017

FIXED_IMG: /templateflow/tpl-MNI152NLin2009cAsym/tpl-MNI152NLin2009cAsym_res-01_desc-brain_T1w.nii.gz
DATA_DIR: /mnt/lustre/mathdugre/fast-interpolate/datasets/ds004513
TEMPLATEFLOW_DIR: /home/mathdugre/.cache/templateflow
ITK_GLOBAL_DEFAULT_NUMBER_OF_THREADS: 4
##########################

Info [verificarlo]: loaded backend libinterflop_vprec.so
Info [interflop-vprec]: load backend with: 
Info [interflop-vprec]: precision-binary32 = 14
Info [interflop-vprec]: range-binary32 = 7
Info [interflop-vprec]: precision-binary64 = 14
Info [interflop-vprec]: range-binary64 = 7
Info [interflop-vprec]: mode = ob
Info [interflop-vprec]: error-mode = rel
Info [interflop-vprec]: max-abs-error-exponent = -1022
Info [interflop-vprec]: daz = false
Info [interflop-vprec]: ftz = false
Info [interflop-vprec]: 	instrument = none
Info [interflop-vprec]: 	prec-input-file = (null)
Info [interflop-vprec]: 	prec-output-file = (null)
Info [interflop-vprec]: 	prec-log-file = (null)
All_Command_lines_OK
Using double precision for computations.
=============================================================================
The composite transform comprises the following transforms (in order): 
  1. Center of mass alignment using fixed image: /templateflow/tpl-MNI152NLin2009cAsym/tpl-MNI152NLin2009cAsym_res-01_desc-brain_T1w.nii.gz and moving image: /mnt/lustre/mathdugre/fast-interpolate/datasets/ds004513/derivatives/flint/antsBrainExtraction/sub-s017/BrainExtractionBrain.nii.gz (type = Euler3DTransform)
=============================================================================
  number of levels = 4
  number of levels = 4
  number of levels = 4
  fixed image: /templateflow/tpl-MNI152NLin2009cAsym/tpl-MNI152NLin2009cAsym_res-01_desc-brain_T1w.nii.gz
  moving image: /mnt/lustre/mathdugre/fast-interpolate/datasets/ds004513/derivatives/flint/antsBrainExtraction/sub-s017/BrainExtractionBrain.nii.gz
  fixed image: /templateflow/tpl-MNI152NLin2009cAsym/tpl-MNI152NLin2009cAsym_res-01_desc-brain_T1w.nii.gz
  moving image: /mnt/lustre/mathdugre/fast-interpolate/datasets/ds004513/derivatives/flint/antsBrainExtraction/sub-s017/BrainExtractionBrain.nii.gz
  fixed image: /templateflow/tpl-MNI152NLin2009cAsym/tpl-MNI152NLin2009cAsym_res-01_desc-brain_T1w.nii.gz
  moving image: /mnt/lustre/mathdugre/fast-interpolate/datasets/ds004513/derivatives/flint/antsBrainExtraction/sub-s017/BrainExtractionBrain.nii.gz
Dimension = 3
Number of stages = 3
Use histogram matching = false
Winsorize image intensities = true
  Lower quantile = 0.005
  Upper quantile = 0.995


Stage 1 State
   Image metric = MattesMI
     Fixed image = Image (0x337fb30)
  RTTI typeinfo:   itk::Image<double, 3u>
  Reference Count: 2
  Modified Time: 2385
  Debug: Off
  Object Name: 
  Observers: 
    none
  Source: (none)
  Source output name: (none)
  Release Data: Off
  Data Released: False
  Global Release Data: Off
  PipelineMTime: 0
  UpdateMTime: 1996
  RealTimeStamp: 0 seconds 
  LargestPossibleRegion: 
    Dimension: 3
    Index: [0, 0, 0]
    Size: [193, 229, 193]
  BufferedRegion: 
    Dimension: 3
    Index: [0, 0, 0]
    Size: [193, 229, 193]
  RequestedRegion: 
    Dimension: 3
    Index: [0, 0, 0]
    Size: [193, 229, 193]
  Spacing: [1, 1, 1]
  Origin: [96, 132, -78]
  Direction: 
-1 0 0
0 -1 0
0 0 1

  IndexToPointMatrix: 
-1 0 0
0 -1 0
0 0 1

  PointToIndexMatrix: 
-1 0 0
0 -1 0
0 0 1

  Inverse Direction: 
-1 0 0
0 -1 0
0 0 1

  PixelContainer: 
    ImportImageContainer (0x33820a0)
      RTTI typeinfo:   itk::ImportImageContainer<unsigned long, double>
      Reference Count: 1
      Modified Time: 1993
      Debug: Off
      Object Name: 
      Observers: 
        none
      Pointer: 0x7fa863363010
      Container manages memory: true
      Size: 8530021
      Capacity: 8530021

     Moving image = Image (0x337b400)
  RTTI typeinfo:   itk::Image<double, 3u>
  Reference Count: 2
  Modified Time: 2386
  Debug: Off
  Object Name: 
  Observers: 
    none
  Source: (none)
  Source output name: (none)
  Release Data: Off
  Data Released: False
  Global Release Data: Off
  PipelineMTime: 0
  UpdateMTime: 2383
  RealTimeStamp: 0 seconds 
  LargestPossibleRegion: 
    Dimension: 3
    Index: [0, 0, 0]
    Size: [160, 240, 256]
  BufferedRegion: 
    Dimension: 3
    Index: [0, 0, 0]
    Size: [160, 240, 256]
  RequestedRegion: 
    Dimension: 3
    Index: [0, 0, 0]
    Size: [160, 240, 256]
  Spacing: [1, 1, 1]
  Origin: [91.3359, 102.23, -120.043]
  Direction: 
-0.997437 -5.36777e-05 -0.0714836
5.35417e-05 -1 3.82471e-06
-0.0714836 -1.23896e-08 0.997437

  IndexToPointMatrix: 
-0.997437 -5.36777e-05 -0.0714836
5.35417e-05 -1 3.82471e-06
-0.0714836 -1.23896e-08 0.997437

  PointToIndexMatrix: 
-0.997437 5.35417e-05 -0.0714836
-5.36777e-05 -1 -1.234e-08
-0.0714836 3.82471e-06 0.997437

  Inverse Direction: 
-0.997437 5.35417e-05 -0.0714836
-5.36777e-05 -1 -1.234e-08
-0.0714836 3.82471e-06 0.997437

  PixelContainer: 
    ImportImageContainer (0x344f4d0)
      RTTI typeinfo:   itk::ImportImageContainer<unsigned long, double>
      Reference Count: 1
      Modified Time: 2380
      Debug: Off
      Object Name: 
      Observers: 
        none
      Pointer: 0x7fa85e862010
      Container manages memory: true
      Size: 9830400
      Capacity: 9830400

     Weighting = 1
     Sampling strategy = regular
     Number of bins = 32
     Radius = 4
     Sampling percentage  = 0.25
   Transform = Rigid
     Gradient step = 0.1
     Update field sigma (voxel space) = 0
     Total field sigma (voxel space) = 0
     Update field time sigma = 0
     Total field time sigma  = 0
     Number of time indices = 0
     Number of time point samples = 0
Stage 2 State
   Image metric = MattesMI
     Fixed image = Image (0x34bb460)
  RTTI typeinfo:   itk::Image<double, 3u>
  Reference Count: 2
  Modified Time: 3161
  Debug: Off
  Object Name: 
  Observers: 
    none
  Source: (none)
  Source output name: (none)
  Release Data: Off
  Data Released: False
  Global Release Data: Off
  PipelineMTime: 0
  UpdateMTime: 2772
  RealTimeStamp: 0 seconds 
  LargestPossibleRegion: 
    Dimension: 3
    Index: [0, 0, 0]
    Size: [193, 229, 193]
  BufferedRegion: 
    Dimension: 3
    Index: [0, 0, 0]
    Size: [193, 229, 193]
  RequestedRegion: 
    Dimension: 3
    Index: [0, 0, 0]
    Size: [193, 229, 193]
  Spacing: [1, 1, 1]
  Origin: [96, 132, -78]
  Direction: 
-1 0 0
0 -1 0
0 0 1

  IndexToPointMatrix: 
-1 0 0
0 -1 0
0 0 1

  PointToIndexMatrix: 
-1 0 0
0 -1 0
0 0 1

  Inverse Direction: 
-1 0 0
0 -1 0
0 0 1

  PixelContainer: 
    ImportImageContainer (0x3382030)
      RTTI typeinfo:   itk::ImportImageContainer<unsigned long, double>
      Reference Count: 1
      Modified Time: 2769
      Debug: Off
      Object Name: 
      Observers: 
        none
      Pointer: 0x7fa85a74d010
      Container manages memory: true
      Size: 8530021
      Capacity: 8530021

     Moving image = Image (0x34ba640)
  RTTI typeinfo:   itk::Image<double, 3u>
  Reference Count: 2
  Modified Time: 3162
  Debug: Off
  Object Name: 
  Observers: 
    none
  Source: (none)
  Source output name: (none)
  Release Data: Off
  Data Released: False
  Global Release Data: Off
  PipelineMTime: 0
  UpdateMTime: 3159
  RealTimeStamp: 0 seconds 
  LargestPossibleRegion: 
    Dimension: 3
    Index: [0, 0, 0]
    Size: [160, 240, 256]
  BufferedRegion: 
    Dimension: 3
    Index: [0, 0, 0]
    Size: [160, 240, 256]
  RequestedRegion: 
    Dimension: 3
    Index: [0, 0, 0]
    Size: [160, 240, 256]
  Spacing: [1, 1, 1]
  Origin: [91.3359, 102.23, -120.043]
  Direction: 
-0.997437 -5.36777e-05 -0.0714836
5.35417e-05 -1 3.82471e-06
-0.0714836 -1.23896e-08 0.997437

  IndexToPointMatrix: 
-0.997437 -5.36777e-05 -0.0714836
5.35417e-05 -1 3.82471e-06
-0.0714836 -1.23896e-08 0.997437

  PointToIndexMatrix: 
-0.997437 5.35417e-05 -0.0714836
-5.36777e-05 -1 -1.234e-08
-0.0714836 3.82471e-06 0.997437

  Inverse Direction: 
-0.997437 5.35417e-05 -0.0714836
-5.36777e-05 -1 -1.234e-08
-0.0714836 3.82471e-06 0.997437

  PixelContainer: 
    ImportImageContainer (0x35bf850)
      RTTI typeinfo:   itk::ImportImageContainer<unsigned long, double>
      Reference Count: 1
      Modified Time: 3156
      Debug: Off
      Object Name: 
      Observers: 
        none
      Pointer: 0x7fa855c4c010
      Container manages memory: true
      Size: 9830400
      Capacity: 9830400

     Weighting = 1
     Sampling strategy = regular
     Number of bins = 32
     Radius = 4
     Sampling percentage  = 0.25
   Transform = Affine
     Gradient step = 0.1
     Update field sigma (voxel space) = 0
     Total field sigma (voxel space) = 0
     Update field time sigma = 0
     Total field time sigma  = 0
     Number of time indices = 0
     Number of time point samples = 0
Stage 3 State
   Image metric = CC
     Fixed image = Image (0x34b9980)
  RTTI typeinfo:   itk::Image<double, 3u>
  Reference Count: 2
  Modified Time: 3937
  Debug: Off
  Object Name: 
  Observers: 
    none
  Source: (none)
  Source output name: (none)
  Release Data: Off
  Data Released: False
  Global Release Data: Off
  PipelineMTime: 0
  UpdateMTime: 3548
  RealTimeStamp: 0 seconds 
  LargestPossibleRegion: 
    Dimension: 3
    Index: [0, 0, 0]
    Size: [193, 229, 193]
  BufferedRegion: 
    Dimension: 3
    Index: [0, 0, 0]
    Size: [193, 229, 193]
  RequestedRegion: 
    Dimension: 3
    Index: [0, 0, 0]
    Size: [193, 229, 193]
  Spacing: [1, 1, 1]
  Origin: [96, 132, -78]
  Direction: 
-1 0 0
0 -1 0
0 0 1

  IndexToPointMatrix: 
-1 0 0
0 -1 0
0 0 1

  PointToIndexMatrix: 
-1 0 0
0 -1 0
0 0 1

  Inverse Direction: 
-1 0 0
0 -1 0
0 0 1

  PixelContainer: 
    ImportImageContainer (0x34df6d0)
      RTTI typeinfo:   itk::ImportImageContainer<unsigned long, double>
      Reference Count: 1
      Modified Time: 3545
      Debug: Off
      Object Name: 
      Observers: 
        none
      Pointer: 0x7fa851b37010
      Container manages memory: true
      Size: 8530021
      Capacity: 8530021

     Moving image = Image (0x33a1900)
  RTTI typeinfo:   itk::Image<double, 3u>
  Reference Count: 2
  Modified Time: 3938
  Debug: Off
  Object Name: 
  Observers: 
    none
  Source: (none)
  Source output name: (none)
  Release Data: Off
  Data Released: False
  Global Release Data: Off
  PipelineMTime: 0
  UpdateMTime: 3935
  RealTimeStamp: 0 seconds 
  LargestPossibleRegion: 
    Dimension: 3
    Index: [0, 0, 0]
    Size: [160, 240, 256]
  BufferedRegion: 
    Dimension: 3
    Index: [0, 0, 0]
    Size: [160, 240, 256]
  RequestedRegion: 
    Dimension: 3
    Index: [0, 0, 0]
    Size: [160, 240, 256]
  Spacing: [1, 1, 1]
  Origin: [91.3359, 102.23, -120.043]
  Direction: 
-0.997437 -5.36777e-05 -0.0714836
5.35417e-05 -1 3.82471e-06
-0.0714836 -1.23896e-08 0.997437

  IndexToPointMatrix: 
-0.997437 -5.36777e-05 -0.0714836
5.35417e-05 -1 3.82471e-06
-0.0714836 -1.23896e-08 0.997437

  PointToIndexMatrix: 
-0.997437 5.35417e-05 -0.0714836
-5.36777e-05 -1 -1.234e-08
-0.0714836 3.82471e-06 0.997437

  Inverse Direction: 
-0.997437 5.35417e-05 -0.0714836
-5.36777e-05 -1 -1.234e-08
-0.0714836 3.82471e-06 0.997437

  PixelContainer: 
    ImportImageContainer (0x346f550)
      RTTI typeinfo:   itk::ImportImageContainer<unsigned long, double>
      Reference Count: 1
      Modified Time: 3932
      Debug: Off
      Object Name: 
      Observers: 
        none
      Pointer: 0x7fa84d036010
      Container manages memory: true
      Size: 9830400
      Capacity: 9830400

     Weighting = 1
     Sampling strategy = none
     Number of bins = 32
     Radius = 4
     Sampling percentage  = 1
   Transform = SyN
     Gradient step = 0.1
     Update field sigma (voxel space) = 3
     Total field sigma (voxel space) = 0
     Update field time sigma = 0
     Total field time sigma  = 0
     Number of time indices = 0
     Number of time point samples = 0
Registration using 3 total stages.

Stage 0
  iterations = 1000x500x250x100
  convergence threshold = 1e-06
  convergence window size = 10
  number of levels = 4
  using the Mattes MI metric (number of bins = 32, weight = 1, use gradient filter = 0)
  preprocessing:  winsorizing the image intensities
  Shrink factors (level 1 out of 4): [8, 8, 8]
  Shrink factors (level 2 out of 4): [4, 4, 4]
  Shrink factors (level 3 out of 4): [2, 2, 2]
  Shrink factors (level 4 out of 4): [1, 1, 1]
  smoothing sigmas per level: [3, 2, 1, 0]
  regular sampling (percentage = 0.25)

*** Running Euler3DTransform registration ***

DIAGNOSTIC,Iteration,metricValue,convergenceValue,ITERATION_TIME_INDEX,SINCE_LAST
*/mnt/lustre/mathdugre/fast-interpolate/datasets/ds004513/derivatives/flint/antsRegistration/r7-p14/sub-s017/Stage1_level1_Iter0001.nii.gz
2DIAGNOSTIC,     1, -6.964822473914e-02, 1.797693134862e+308, 0.0000e+00, 0.0000e+00, 
*/mnt/lustre/mathdugre/fast-interpolate/datasets/ds004513/derivatives/flint/antsRegistration/r7-p14/sub-s017/Stage1_level1_Iter0002.nii.gz
2DIAGNOSTIC,     2, -7.011006826116e-02, 1.797693134862e+308, 0.0000e+00, 0.0000e+00, 
*/mnt/lustre/mathdugre/fast-interpolate/datasets/ds004513/derivatives/flint/antsRegistration/r7-p14/sub-s017/Stage1_level1_Iter0003.nii.gz
2DIAGNOSTIC,     3, -7.080802650422e-02, 1.797693134862e+308, 0.0000e+00, 0.0000e+00, 
*/mnt/lustre/mathdugre/fast-interpolate/datasets/ds004513/derivatives/flint/antsRegistration/r7-p14/sub-s017/Stage1_level1_Iter0004.nii.gz
2DIAGNOSTIC,     4, -7.168517911787e-02, 1.797693134862e+308, 0.0000e+00, 0.0000e+00, 
*/mnt/lustre/mathdugre/fast-interpolate/datasets/ds004513/derivatives/flint/antsRegistration/r7-p14/sub-s017/Stage1_level1_Iter0005.nii.gz
2DIAGNOSTIC,     5, -7.230138634101e-02, 1.797693134862e+308, 0.0000e+00, 0.0000e+00, 
*/mnt/lustre/mathdugre/fast-interpolate/datasets/ds004513/derivatives/flint/antsRegistration/r7-p14/sub-s017/Stage1_level1_Iter0006.nii.gz
2DIAGNOSTIC,     6, -7.316644008645e-02, 1.797693134862e+308, 0.0000e+00, 0.0000e+00, 
*/mnt/lustre/mathdugre/fast-interpolate/datasets/ds004513/derivatives/flint/antsRegistration/r7-p14/sub-s017/Stage1_level1_Iter0007.nii.gz
2DIAGNOSTIC,     7, -7.341438499093e-02, 1.797693134862e+308, 0.0000e+00, 0.0000e+00, 
*/mnt/lustre/mathdugre/fast-interpolate/datasets/ds004513/derivatives/flint/antsRegistration/r7-p14/sub-s017/Stage1_level1_Iter0008.nii.gz
2DIAGNOSTIC,     8, -7.355715659445e-02, 1.797693134862e+308, 0.0000e+00, 0.0000e+00, 
*/mnt/lustre/mathdugre/fast-interpolate/datasets/ds004513/derivatives/flint/antsRegistration/r7-p14/sub-s017/Stage1_level1_Iter0009.nii.gz
2DIAGNOSTIC,     9, -7.358614318271e-02, 1.797693134862e+308, 0.0000e+00, 0.0000e+00, 
*/mnt/lustre/mathdugre/fast-interpolate/datasets/ds004513/derivatives/flint/antsRegistration/r7-p14/sub-s017/Stage1_level1_Iter0010.nii.gz
2DIAGNOSTIC,    10, -7.360932652198e-02, 3.894805908203e-03, 0.0000e+00, 0.0000e+00, 
*/mnt/lustre/mathdugre/fast-interpolate/datasets/ds004513/derivatives/flint/antsRegistration/r7-p14/sub-s017/Stage1_level1_Iter0011.nii.gz
2DIAGNOSTIC,    11, -7.360302582449e-02, 2.826690673828e-03, 0.0000e+00, 0.0000e+00, 
*/mnt/lustre/mathdugre/fast-interpolate/datasets/ds004513/derivatives/flint/antsRegistration/r7-p14/sub-s017/Stage1_level1_Iter0012.nii.gz
2DIAGNOSTIC,    12, -7.360520027069e-02, 1.834869384766e-03, 0.0000e+00, 0.0000e+00, 
*/mnt/lustre/mathdugre/fast-interpolate/datasets/ds004513/derivatives/flint/antsRegistration/r7-p14/sub-s017/Stage1_level1_Iter0013.nii.gz
2DIAGNOSTIC,    13, -7.360533811433e-02, 1.049041748047e-03, 0.0000e+00, 0.0000e+00, 
*/mnt/lustre/mathdugre/fast-interpolate/datasets/ds004513/derivatives/flint/antsRegistration/r7-p14/sub-s017/Stage1_level1_Iter0014.nii.gz
2DIAGNOSTIC,    14, -7.360448699743e-02, 5.111694335938e-04, 0.0000e+00, 0.0000e+00, 
*/mnt/lustre/mathdugre/fast-interpolate/datasets/ds004513/derivatives/flint/antsRegistration/r7-p14/sub-s017/Stage1_level1_Iter0015.nii.gz
2DIAGNOSTIC,    15, -7.359801094953e-02, 1.640319824219e-04, 0.0000e+00, 0.0000e+00, 
*/mnt/lustre/mathdugre/fast-interpolate/datasets/ds004513/derivatives/flint/antsRegistration/r7-p14/sub-s017/Stage1_level1_Iter0016.nii.gz
2DIAGNOSTIC,    16, -7.359609280598e-02, 5.340576171875e-05, 0.0000e+00, 0.0000e+00, 
*/mnt/lustre/mathdugre/fast-interpolate/datasets/ds004513/derivatives/flint/antsRegistration/r7-p14/sub-s017/Stage1_level1_Iter0017.nii.gz
2DIAGNOSTIC,    17, -7.359338941558e-02, 7.629394531250e-06, 0.0000e+00, 0.0000e+00, 
DIAGNOSTIC,Iteration,metricValue,convergenceValue,ITERATION_TIME_INDEX,SINCE_LAST
*/mnt/lustre/mathdugre/fast-interpolate/datasets/ds004513/derivatives/flint/antsRegistration/r7-p14/sub-s017/Stage1_level2_Iter0001.nii.gz
2DIAGNOSTIC,     1, -1.577668694038e-02, 1.797693134862e+308, 0.0000e+00, 0.0000e+00, 
*/mnt/lustre/mathdugre/fast-interpolate/datasets/ds004513/derivatives/flint/antsRegistration/r7-p14/sub-s017/Stage1_level2_Iter0002.nii.gz
2DIAGNOSTIC,     2, -1.590573700068e-02, 1.797693134862e+308, 0.0000e+00, 0.0000e+00, 
*/mnt/lustre/mathdugre/fast-interpolate/datasets/ds004513/derivatives/flint/antsRegistration/r7-p14/sub-s017/Stage1_level2_Iter0003.nii.gz
2DIAGNOSTIC,     3, -1.615377036123e-02, 1.797693134862e+308, 0.0000e+00, 0.0000e+00, 
*/mnt/lustre/mathdugre/fast-interpolate/datasets/ds004513/derivatives/flint/antsRegistration/r7-p14/sub-s017/Stage1_level2_Iter0004.nii.gz
2DIAGNOSTIC,     4, -1.622817040287e-02, 1.797693134862e+308, 0.0000e+00, 0.0000e+00, 
*/mnt/lustre/mathdugre/fast-interpolate/datasets/ds004513/derivatives/flint/antsRegistration/r7-p14/sub-s017/Stage1_level2_Iter0005.nii.gz
2DIAGNOSTIC,     5, -1.630967253059e-02, 1.797693134862e+308, 0.0000e+00, 0.0000e+00, 
*/mnt/lustre/mathdugre/fast-interpolate/datasets/ds004513/derivatives/flint/antsRegistration/r7-p14/sub-s017/Stage1_level2_Iter0006.nii.gz
2DIAGNOSTIC,     6, -1.632549385656e-02, 1.797693134862e+308, 0.0000e+00, 0.0000e+00, 
*/mnt/lustre/mathdugre/fast-interpolate/datasets/ds004513/derivatives/flint/antsRegistration/r7-p14/sub-s017/Stage1_level2_Iter0007.nii.gz
2DIAGNOSTIC,     7, -1.634299917031e-02, 1.797693134862e+308, 0.0000e+00, 0.0000e+00, 
*/mnt/lustre/mathdugre/fast-interpolate/datasets/ds004513/derivatives/flint/antsRegistration/r7-p14/sub-s017/Stage1_level2_Iter0008.nii.gz
2DIAGNOSTIC,     8, -1.637919938576e-02, 1.797693134862e+308, 0.0000e+00, 0.0000e+00, 
*/mnt/lustre/mathdugre/fast-interpolate/datasets/ds004513/derivatives/flint/antsRegistration/r7-p14/sub-s017/Stage1_level2_Iter0009.nii.gz
2DIAGNOSTIC,     9, -1.652673694698e-02, 1.797693134862e+308, 0.0000e+00, 0.0000e+00, 
*/mnt/lustre/mathdugre/fast-interpolate/datasets/ds004513/derivatives/flint/antsRegistration/r7-p14/sub-s017/Stage1_level2_Iter0010.nii.gz
2DIAGNOSTIC,    10, -1.653495873406e-02, 2.651214599609e-03, 0.0000e+00, 0.0000e+00, 
*/mnt/lustre/mathdugre/fast-interpolate/datasets/ds004513/derivatives/flint/antsRegistration/r7-p14/sub-s017/Stage1_level2_Iter0011.nii.gz
2DIAGNOSTIC,    11, -1.653383345938e-02, 1.918792724609e-03, 0.0000e+00, 0.0000e+00, 
*/mnt/lustre/mathdugre/fast-interpolate/datasets/ds004513/derivatives/flint/antsRegistration/r7-p14/sub-s017/Stage1_level2_Iter0012.nii.gz
2DIAGNOSTIC,    12, -1.653567970307e-02, 1.323699951172e-03, 0.0000e+00, 0.0000e+00, 
*/mnt/lustre/mathdugre/fast-interpolate/datasets/ds004513/derivatives/flint/antsRegistration/r7-p14/sub-s017/Stage1_level2_Iter0013.nii.gz
2DIAGNOSTIC,    13, -1.653609467388e-02, 1.018524169922e-03, 0.0000e+00, 0.0000e+00, 
*/mnt/lustre/mathdugre/fast-interpolate/datasets/ds004513/derivatives/flint/antsRegistration/r7-p14/sub-s017/Stage1_level2_Iter0014.nii.gz
2DIAGNOSTIC,    14, -1.653608682093e-02, 7.667541503906e-04, 0.0000e+00, 0.0000e+00, 
*/mnt/lustre/mathdugre/fast-interpolate/datasets/ds004513/derivatives/flint/antsRegistration/r7-p14/sub-s017/Stage1_level2_Iter0015.nii.gz
2DIAGNOSTIC,    15, -1.653607055369e-02, 5.683898925781e-04, 0.0000e+00, 0.0000e+00, 
*/mnt/lustre/mathdugre/fast-interpolate/datasets/ds004513/derivatives/flint/antsRegistration/r7-p14/sub-s017/Stage1_level2_Iter0016.nii.gz
2DIAGNOSTIC,    16, -1.653599103342e-02, 3.662109375000e-04, 0.0000e+00, 0.0000e+00, 
*/mnt/lustre/mathdugre/fast-interpolate/datasets/ds004513/derivatives/flint/antsRegistration/r7-p14/sub-s017/Stage1_level2_Iter0017.nii.gz
2DIAGNOSTIC,    17, -1.653600498645e-02, 1.678466796875e-04, 0.0000e+00, 0.0000e+00, 
*/mnt/lustre/mathdugre/fast-interpolate/datasets/ds004513/derivatives/flint/antsRegistration/r7-p14/sub-s017/Stage1_level2_Iter0018.nii.gz
2DIAGNOSTIC,    18, -1.653565657112e-02, 9.536743164062e-06, 0.0000e+00, 0.0000e+00, 
DIAGNOSTIC,Iteration,metricValue,convergenceValue,ITERATION_TIME_INDEX,SINCE_LAST
*/mnt/lustre/mathdugre/fast-interpolate/datasets/ds004513/derivatives/flint/antsRegistration/r7-p14/sub-s017/Stage1_level3_Iter0001.nii.gz
2DIAGNOSTIC,     1, -6.347047546491e-03, 1.797693134862e+308, 0.0000e+00, 0.0000e+00, 
*/mnt/lustre/mathdugre/fast-interpolate/datasets/ds004513/derivatives/flint/antsRegistration/r7-p14/sub-s017/Stage1_level3_Iter0002.nii.gz
2DIAGNOSTIC,     2, -6.370639294111e-03, 1.797693134862e+308, 0.0000e+00, 0.0000e+00, 
*/mnt/lustre/mathdugre/fast-interpolate/datasets/ds004513/derivatives/flint/antsRegistration/r7-p14/sub-s017/Stage1_level3_Iter0003.nii.gz
2DIAGNOSTIC,     3, -6.414306224020e-03, 1.797693134862e+308, 0.0000e+00, 0.0000e+00, 
*/mnt/lustre/mathdugre/fast-interpolate/datasets/ds004513/derivatives/flint/antsRegistration/r7-p14/sub-s017/Stage1_level3_Iter0004.nii.gz
2DIAGNOSTIC,     4, -6.449532985489e-03, 1.797693134862e+308, 0.0000e+00, 0.0000e+00, 
*/mnt/lustre/mathdugre/fast-interpolate/datasets/ds004513/derivatives/flint/antsRegistration/r7-p14/sub-s017/Stage1_level3_Iter0005.nii.gz
2DIAGNOSTIC,     5, -6.514832922146e-03, 1.797693134862e+308, 0.0000e+00, 0.0000e+00, 
*/mnt/lustre/mathdugre/fast-interpolate/datasets/ds004513/derivatives/flint/antsRegistration/r7-p14/sub-s017/Stage1_level3_Iter0006.nii.gz
2DIAGNOSTIC,     6, -6.711898782186e-03, 1.797693134862e+308, 0.0000e+00, 0.0000e+00, 
*/mnt/lustre/mathdugre/fast-interpolate/datasets/ds004513/derivatives/flint/antsRegistration/r7-p14/sub-s017/Stage1_level3_Iter0007.nii.gz
2DIAGNOSTIC,     7, -7.075254569517e-03, 1.797693134862e+308, 0.0000e+00, 0.0000e+00, 
*/mnt/lustre/mathdugre/fast-interpolate/datasets/ds004513/derivatives/flint/antsRegistration/r7-p14/sub-s017/Stage1_level3_Iter0008.nii.gz
2DIAGNOSTIC,     8, -7.467238306245e-03, 1.797693134862e+308, 0.0000e+00, 0.0000e+00, 
*/mnt/lustre/mathdugre/fast-interpolate/datasets/ds004513/derivatives/flint/antsRegistration/r7-p14/sub-s017/Stage1_level3_Iter0009.nii.gz
2DIAGNOSTIC,     9, -8.510931406721e-03, 1.797693134862e+308, 0.0000e+00, 0.0000e+00, 
*/mnt/lustre/mathdugre/fast-interpolate/datasets/ds004513/derivatives/flint/antsRegistration/r7-p14/sub-s017/Stage1_level3_Iter0010.nii.gz
2DIAGNOSTIC,    10, -1.324679183512e-02, 3.719711303711e-02, 0.0000e+00, 0.0000e+00, 
*/mnt/lustre/mathdugre/fast-interpolate/datasets/ds004513/derivatives/flint/antsRegistration/r7-p14/sub-s017/Stage1_level3_Iter0011.nii.gz
2DIAGNOSTIC,    11, -1.760125644743e-02, 5.870819091797e-02, 0.0000e+00, 0.0000e+00, 
*/mnt/lustre/mathdugre/fast-interpolate/datasets/ds004513/derivatives/flint/antsRegistration/r7-p14/sub-s017/Stage1_level3_Iter0012.nii.gz
2DIAGNOSTIC,    12, -3.309187220218e-02, 9.499740600586e-02, 0.0000e+00, 0.0000e+00, 
*/mnt/lustre/mathdugre/fast-interpolate/datasets/ds004513/derivatives/flint/antsRegistration/r7-p14/sub-s017/Stage1_level3_Iter0013.nii.gz
2DIAGNOSTIC,    13, -1.648564589879e-01, 1.880493164062e-01, 0.0000e+00, 0.0000e+00, 
*/mnt/lustre/mathdugre/fast-interpolate/datasets/ds004513/derivatives/flint/antsRegistration/r7-p14/sub-s017/Stage1_level3_Iter0014.nii.gz
2DIAGNOSTIC,    14, -3.182351605740e-01, 2.210769653320e-01, 0.0000e+00, 0.0000e+00, 
*/mnt/lustre/mathdugre/fast-interpolate/datasets/ds004513/derivatives/flint/antsRegistration/r7-p14/sub-s017/Stage1_level3_Iter0015.nii.gz
2DIAGNOSTIC,    15, -3.690946656144e-01, 2.199783325195e-01, 0.0000e+00, 0.0000e+00, 
*/mnt/lustre/mathdugre/fast-interpolate/datasets/ds004513/derivatives/flint/antsRegistration/r7-p14/sub-s017/Stage1_level3_Iter0016.nii.gz
2DIAGNOSTIC,    16, -3.793586238936e-01, 2.049942016602e-01, 0.0000e+00, 0.0000e+00, 
*/mnt/lustre/mathdugre/fast-interpolate/datasets/ds004513/derivatives/flint/antsRegistration/r7-p14/sub-s017/Stage1_level3_Iter0017.nii.gz
2DIAGNOSTIC,    17, -3.814011133842e-01, 1.814193725586e-01, 0.0000e+00, 0.0000e+00, 
*/mnt/lustre/mathdugre/fast-interpolate/datasets/ds004513/derivatives/flint/antsRegistration/r7-p14/sub-s017/Stage1_level3_Iter0018.nii.gz
2DIAGNOSTIC,    18, -3.820390177916e-01, 1.516265869141e-01, 0.0000e+00, 0.0000e+00, 
*/mnt/lustre/mathdugre/fast-interpolate/datasets/ds004513/derivatives/flint/antsRegistration/r7-p14/sub-s017/Stage1_level3_Iter0019.nii.gz
2DIAGNOSTIC,    19, -3.825588471242e-01, 1.181716918945e-01, 0.0000e+00, 0.0000e+00, 
*/mnt/lustre/mathdugre/fast-interpolate/datasets/ds004513/derivatives/flint/antsRegistration/r7-p14/sub-s017/Stage1_level3_Iter0020.nii.gz
2DIAGNOSTIC,    20, -3.829251627927e-01, 8.412170410156e-02, 0.0000e+00, 0.0000e+00, 
*/mnt/lustre/mathdugre/fast-interpolate/datasets/ds004513/derivatives/flint/antsRegistration/r7-p14/sub-s017/Stage1_level3_Iter0021.nii.gz
2DIAGNOSTIC,    21, -3.831640944559e-01, 5.147171020508e-02, 0.0000e+00, 0.0000e+00, 
*/mnt/lustre/mathdugre/fast-interpolate/datasets/ds004513/derivatives/flint/antsRegistration/r7-p14/sub-s017/Stage1_level3_Iter0022.nii.gz
2DIAGNOSTIC,    22, -3.835410966490e-01, 2.230453491211e-02, 0.0000e+00, 0.0000e+00, 
*/mnt/lustre/mathdugre/fast-interpolate/datasets/ds004513/derivatives/flint/antsRegistration/r7-p14/sub-s017/Stage1_level3_Iter0023.nii.gz
2DIAGNOSTIC,    23, -3.850833992192e-01, 5.840301513672e-03, 0.0000e+00, 0.0000e+00, 
*/mnt/lustre/mathdugre/fast-interpolate/datasets/ds004513/derivatives/flint/antsRegistration/r7-p14/sub-s017/Stage1_level3_Iter0024.nii.gz
2DIAGNOSTIC,    24, -3.902472075930e-01, 1.811981201172e-03, 0.0000e+00, 0.0000e+00, 
*/mnt/lustre/mathdugre/fast-interpolate/datasets/ds004513/derivatives/flint/antsRegistration/r7-p14/sub-s017/Stage1_level3_Iter0025.nii.gz
2DIAGNOSTIC,    25, -3.915454154910e-01, 1.323699951172e-03, 0.0000e+00, 0.0000e+00, 
*/mnt/lustre/mathdugre/fast-interpolate/datasets/ds004513/derivatives/flint/antsRegistration/r7-p14/sub-s017/Stage1_level3_Iter0026.nii.gz
2DIAGNOSTIC,    26, -3.918463761273e-01, 1.377105712891e-03, 0.0000e+00, 0.0000e+00, 
*/mnt/lustre/mathdugre/fast-interpolate/datasets/ds004513/derivatives/flint/antsRegistration/r7-p14/sub-s017/Stage1_level3_Iter0027.nii.gz
2DIAGNOSTIC,    27, -3.924702023921e-01, 1.426696777344e-03, 0.0000e+00, 0.0000e+00, 
*/mnt/lustre/mathdugre/fast-interpolate/datasets/ds004513/derivatives/flint/antsRegistration/r7-p14/sub-s017/Stage1_level3_Iter0028.nii.gz
2DIAGNOSTIC,    28, -3.948569140618e-01, 1.483917236328e-03, 0.0000e+00, 0.0000e+00, 
*/mnt/lustre/mathdugre/fast-interpolate/datasets/ds004513/derivatives/flint/antsRegistration/r7-p14/sub-s017/Stage1_level3_Iter0029.nii.gz
2DIAGNOSTIC,    29, -3.951017976604e-01, 1.422882080078e-03, 0.0000e+00, 0.0000e+00, 
*/mnt/lustre/mathdugre/fast-interpolate/datasets/ds004513/derivatives/flint/antsRegistration/r7-p14/sub-s017/Stage1_level3_Iter0030.nii.gz
2DIAGNOSTIC,    30, -3.957482655376e-01, 1.283645629883e-03, 0.0000e+00, 0.0000e+00, 
*/mnt/lustre/mathdugre/fast-interpolate/datasets/ds004513/derivatives/flint/antsRegistration/r7-p14/sub-s017/Stage1_level3_Iter0031.nii.gz
2DIAGNOSTIC,    31, -3.964139106551e-01, 1.079559326172e-03, 0.0000e+00, 0.0000e+00, 
*/mnt/lustre/mathdugre/fast-interpolate/datasets/ds004513/derivatives/flint/antsRegistration/r7-p14/sub-s017/Stage1_level3_Iter0032.nii.gz
2DIAGNOSTIC,    32, -3.968301723555e-01, 8.258819580078e-04, 0.0000e+00, 0.0000e+00, 
*/mnt/lustre/mathdugre/fast-interpolate/datasets/ds004513/derivatives/flint/antsRegistration/r7-p14/sub-s017/Stage1_level3_Iter0033.nii.gz
2DIAGNOSTIC,    33, -3.969405235962e-01, 5.760192871094e-04, 0.0000e+00, 0.0000e+00, 
*/mnt/lustre/mathdugre/fast-interpolate/datasets/ds004513/derivatives/flint/antsRegistration/r7-p14/sub-s017/Stage1_level3_Iter0034.nii.gz
2DIAGNOSTIC,    34, -3.971335850325e-01, 4.730224609375e-04, 0.0000e+00, 0.0000e+00, 
*/mnt/lustre/mathdugre/fast-interpolate/datasets/ds004513/derivatives/flint/antsRegistration/r7-p14/sub-s017/Stage1_level3_Iter0035.nii.gz
2DIAGNOSTIC,    35, -3.977550099086e-01, 4.005432128906e-04, 0.0000e+00, 0.0000e+00, 
*/mnt/lustre/mathdugre/fast-interpolate/datasets/ds004513/derivatives/flint/antsRegistration/r7-p14/sub-s017/Stage1_level3_Iter0036.nii.gz
2DIAGNOSTIC,    36, -3.996184925381e-01, 3.662109375000e-04, 0.0000e+00, 0.0000e+00, 
*/mnt/lustre/mathdugre/fast-interpolate/datasets/ds004513/derivatives/flint/antsRegistration/r7-p14/sub-s017/Stage1_level3_Iter0037.nii.gz
2DIAGNOSTIC,    37, -4.006087648441e-01, 3.395080566406e-04, 0.0000e+00, 0.0000e+00, 
*/mnt/lustre/mathdugre/fast-interpolate/datasets/ds004513/derivatives/flint/antsRegistration/r7-p14/sub-s017/Stage1_level3_Iter0038.nii.gz
2DIAGNOSTIC,    38, -4.012191101849e-01, 3.738403320312e-04, 0.0000e+00, 0.0000e+00, 
*/mnt/lustre/mathdugre/fast-interpolate/datasets/ds004513/derivatives/flint/antsRegistration/r7-p14/sub-s017/Stage1_level3_Iter0039.nii.gz
2DIAGNOSTIC,    39, -4.016561155627e-01, 3.852844238281e-04, 0.0000e+00, 0.0000e+00, 
*/mnt/lustre/mathdugre/fast-interpolate/datasets/ds004513/derivatives/flint/antsRegistration/r7-p14/sub-s017/Stage1_level3_Iter0040.nii.gz
2DIAGNOSTIC,    40, -4.017985297773e-01, 3.814697265625e-04, 0.0000e+00, 0.0000e+00, 
*/mnt/lustre/mathdugre/fast-interpolate/datasets/ds004513/derivatives/flint/antsRegistration/r7-p14/sub-s017/Stage1_level3_Iter0041.nii.gz
2DIAGNOSTIC,    41, -4.072842071372e-01, 4.997253417969e-04, 0.0000e+00, 0.0000e+00, 
*/mnt/lustre/mathdugre/fast-interpolate/datasets/ds004513/derivatives/flint/antsRegistration/r7-p14/sub-s017/Stage1_level3_Iter0042.nii.gz
2DIAGNOSTIC,    42, -4.086800512205e-01, 5.989074707031e-04, 0.0000e+00, 0.0000e+00, 
*/mnt/lustre/mathdugre/fast-interpolate/datasets/ds004513/derivatives/flint/antsRegistration/r7-p14/sub-s017/Stage1_level3_Iter0043.nii.gz
2DIAGNOSTIC,    43, -4.104202744858e-01, 6.809234619141e-04, 0.0000e+00, 0.0000e+00, 
*/mnt/lustre/mathdugre/fast-interpolate/datasets/ds004513/derivatives/flint/antsRegistration/r7-p14/sub-s017/Stage1_level3_Iter0044.nii.gz
2DIAGNOSTIC,    44, -4.121105252321e-01, 7.400512695312e-04, 0.0000e+00, 0.0000e+00, 
*/mnt/lustre/mathdugre/fast-interpolate/datasets/ds004513/derivatives/flint/antsRegistration/r7-p14/sub-s017/Stage1_level3_Iter0045.nii.gz
2DIAGNOSTIC,    45, -4.127581518251e-01, 7.476806640625e-04, 0.0000e+00, 0.0000e+00, 
*/mnt/lustre/mathdugre/fast-interpolate/datasets/ds004513/derivatives/flint/antsRegistration/r7-p14/sub-s017/Stage1_level3_Iter0046.nii.gz
2DIAGNOSTIC,    46, -4.139024614441e-01, 7.495880126953e-04, 0.0000e+00, 0.0000e+00, 
*/mnt/lustre/mathdugre/fast-interpolate/datasets/ds004513/derivatives/flint/antsRegistration/r7-p14/sub-s017/Stage1_level3_Iter0047.nii.gz
2DIAGNOSTIC,    47, -4.156995831923e-01, 7.362365722656e-04, 0.0000e+00, 0.0000e+00, 
*/mnt/lustre/mathdugre/fast-interpolate/datasets/ds004513/derivatives/flint/antsRegistration/r7-p14/sub-s017/Stage1_level3_Iter0048.nii.gz
2DIAGNOSTIC,    48, -4.161696768254e-01, 6.780624389648e-04, 0.0000e+00, 0.0000e+00, 
*/mnt/lustre/mathdugre/fast-interpolate/datasets/ds004513/derivatives/flint/antsRegistration/r7-p14/sub-s017/Stage1_level3_Iter0049.nii.gz
2DIAGNOSTIC,    49, -4.161707803681e-01, 5.655288696289e-04, 0.0000e+00, 0.0000e+00, 
*/mnt/lustre/mathdugre/fast-interpolate/datasets/ds004513/derivatives/flint/antsRegistration/r7-p14/sub-s017/Stage1_level3_Iter0050.nii.gz
2DIAGNOSTIC,    50, -4.161652386310e-01, 4.062652587891e-04, 0.0000e+00, 0.0000e+00, 
*/mnt/lustre/mathdugre/fast-interpolate/datasets/ds004513/derivatives/flint/antsRegistration/r7-p14/sub-s017/Stage1_level3_Iter0051.nii.gz
2DIAGNOSTIC,    51, -4.161955297645e-01, 3.213882446289e-04, 0.0000e+00, 0.0000e+00, 
*/mnt/lustre/mathdugre/fast-interpolate/datasets/ds004513/derivatives/flint/antsRegistration/r7-p14/sub-s017/Stage1_level3_Iter0052.nii.gz
2DIAGNOSTIC,    52, -4.161726956434e-01, 2.336502075195e-04, 0.0000e+00, 0.0000e+00, 
*/mnt/lustre/mathdugre/fast-interpolate/datasets/ds004513/derivatives/flint/antsRegistration/r7-p14/sub-s017/Stage1_level3_Iter0053.nii.gz
2DIAGNOSTIC,    53, -4.161533776586e-01, 1.564025878906e-04, 0.0000e+00, 0.0000e+00, 
*/mnt/lustre/mathdugre/fast-interpolate/datasets/ds004513/derivatives/flint/antsRegistration/r7-p14/sub-s017/Stage1_level3_Iter0054.nii.gz
2DIAGNOSTIC,    54, -4.161456803433e-01, 9.822845458984e-05, 0.0000e+00, 0.0000e+00, 
*/mnt/lustre/mathdugre/fast-interpolate/datasets/ds004513/derivatives/flint/antsRegistration/r7-p14/sub-s017/Stage1_level3_Iter0055.nii.gz
2DIAGNOSTIC,    55, -4.161261749100e-01, 4.386901855469e-05, 0.0000e+00, 0.0000e+00, 
*/mnt/lustre/mathdugre/fast-interpolate/datasets/ds004513/derivatives/flint/antsRegistration/r7-p14/sub-s017/Stage1_level3_Iter0056.nii.gz
2DIAGNOSTIC,    56, -4.161259444606e-01, 5.722045898438e-06, 0.0000e+00, 0.0000e+00, 
DIAGNOSTIC,Iteration,metricValue,convergenceValue,ITERATION_TIME_INDEX,SINCE_LAST
*/mnt/lustre/mathdugre/fast-interpolate/datasets/ds004513/derivatives/flint/antsRegistration/r7-p14/sub-s017/Stage1_level4_Iter0001.nii.gz
2DIAGNOSTIC,     1, -3.832296236686e-01, 1.797693134862e+308, 0.0000e+00, 0.0000e+00, 
*/mnt/lustre/mathdugre/fast-interpolate/datasets/ds004513/derivatives/flint/antsRegistration/r7-p14/sub-s017/Stage1_level4_Iter0002.nii.gz
2DIAGNOSTIC,     2, -3.832459054348e-01, 1.797693134862e+308, 0.0000e+00, 0.0000e+00, 
*/mnt/lustre/mathdugre/fast-interpolate/datasets/ds004513/derivatives/flint/antsRegistration/r7-p14/sub-s017/Stage1_level4_Iter0003.nii.gz
2DIAGNOSTIC,     3, -3.832784863953e-01, 1.797693134862e+308, 0.0000e+00, 0.0000e+00, 
*/mnt/lustre/mathdugre/fast-interpolate/datasets/ds004513/derivatives/flint/antsRegistration/r7-p14/sub-s017/Stage1_level4_Iter0004.nii.gz
2DIAGNOSTIC,     4, -3.832814793463e-01, 1.797693134862e+308, 0.0000e+00, 0.0000e+00, 
*/mnt/lustre/mathdugre/fast-interpolate/datasets/ds004513/derivatives/flint/antsRegistration/r7-p14/sub-s017/Stage1_level4_Iter0005.nii.gz
2DIAGNOSTIC,     5, -3.832710632476e-01, 1.797693134862e+308, 0.0000e+00, 0.0000e+00, 
*/mnt/lustre/mathdugre/fast-interpolate/datasets/ds004513/derivatives/flint/antsRegistration/r7-p14/sub-s017/Stage1_level4_Iter0006.nii.gz
2DIAGNOSTIC,     6, -3.832704145883e-01, 1.797693134862e+308, 0.0000e+00, 0.0000e+00, 
*/mnt/lustre/mathdugre/fast-interpolate/datasets/ds004513/derivatives/flint/antsRegistration/r7-p14/sub-s017/Stage1_level4_Iter0007.nii.gz
2DIAGNOSTIC,     7, -3.832783043866e-01, 1.797693134862e+308, 0.0000e+00, 0.0000e+00, 
*/mnt/lustre/mathdugre/fast-interpolate/datasets/ds004513/derivatives/flint/antsRegistration/r7-p14/sub-s017/Stage1_level4_Iter0008.nii.gz
2DIAGNOSTIC,     8, -3.832515949072e-01, 1.797693134862e+308, 0.0000e+00, 0.0000e+00, 
*/mnt/lustre/mathdugre/fast-interpolate/datasets/ds004513/derivatives/flint/antsRegistration/r7-p14/sub-s017/Stage1_level4_Iter0009.nii.gz
2DIAGNOSTIC,     9, -3.832543899971e-01, 1.797693134862e+308, 0.0000e+00, 0.0000e+00, 
*/mnt/lustre/mathdugre/fast-interpolate/datasets/ds004513/derivatives/flint/antsRegistration/r7-p14/sub-s017/Stage1_level4_Iter0010.nii.gz
2DIAGNOSTIC,    10, -3.832843309438e-01, 3.814697265625e-06, 0.0000e+00, 0.0000e+00, 
*/mnt/lustre/mathdugre/fast-interpolate/datasets/ds004513/derivatives/flint/antsRegistration/r7-p14/sub-s017/Stage1_level4_Iter0011.nii.gz
2DIAGNOSTIC,    11, -3.832968854102e-01, 7.629394531250e-06, 0.0000e+00, 0.0000e+00, 
*/mnt/lustre/mathdugre/fast-interpolate/datasets/ds004513/derivatives/flint/antsRegistration/r7-p14/sub-s017/Stage1_level4_Iter0012.nii.gz
2DIAGNOSTIC,    12, -3.832796844514e-01, 3.814697265625e-06, 0.0000e+00, 0.0000e+00, 
*/mnt/lustre/mathdugre/fast-interpolate/datasets/ds004513/derivatives/flint/antsRegistration/r7-p14/sub-s017/Stage1_level4_Iter0013.nii.gz
2DIAGNOSTIC,    13, -3.832799796321e-01, 3.814697265625e-06, 0.0000e+00, 0.0000e+00, 
  Elapsed time (stage 0): 0.0000e+00


Stage 1
  iterations = 1000x500x250x100
  convergence threshold = 1.0000e-06
  convergence window size = 10
  number of levels = 4
  using the Mattes MI metric (number of bins = 32, weight = 1.0000e+00, use gradient filter = 0)
  preprocessing:  winsorizing the image intensities
  Shrink factors (level 1 out of 4): [8, 8, 8]
  Shrink factors (level 2 out of 4): [4, 4, 4]
  Shrink factors (level 3 out of 4): [2, 2, 2]
  Shrink factors (level 4 out of 4): [1, 1, 1]
  smoothing sigmas per level: [3, 2, 1, 0]
  regular sampling (percentage = 2.5000e-01)

*** Running AffineTransform registration ***

DIAGNOSTIC,Iteration,metricValue,convergenceValue,ITERATION_TIME_INDEX,SINCE_LAST
*/mnt/lustre/mathdugre/fast-interpolate/datasets/ds004513/derivatives/flint/antsRegistration/r7-p14/sub-s017/Stage2_level1_Iter0001.nii.gz
2DIAGNOSTIC,     1, -5.792297419481e-01, 1.797693134862e+308, 0.0000e+00, 0.0000e+00, 
*/mnt/lustre/mathdugre/fast-interpolate/datasets/ds004513/derivatives/flint/antsRegistration/r7-p14/sub-s017/Stage2_level1_Iter0002.nii.gz
2DIAGNOSTIC,     2, -5.816964336643e-01, 1.797693134862e+308, 0.0000e+00, 0.0000e+00, 
*/mnt/lustre/mathdugre/fast-interpolate/datasets/ds004513/derivatives/flint/antsRegistration/r7-p14/sub-s017/Stage2_level1_Iter0003.nii.gz
2DIAGNOSTIC,     3, -5.858896349885e-01, 1.797693134862e+308, 0.0000e+00, 0.0000e+00, 
*/mnt/lustre/mathdugre/fast-interpolate/datasets/ds004513/derivatives/flint/antsRegistration/r7-p14/sub-s017/Stage2_level1_Iter0004.nii.gz
2DIAGNOSTIC,     4, -5.925627850046e-01, 1.797693134862e+308, 0.0000e+00, 0.0000e+00, 
*/mnt/lustre/mathdugre/fast-interpolate/datasets/ds004513/derivatives/flint/antsRegistration/r7-p14/sub-s017/Stage2_level1_Iter0005.nii.gz
2DIAGNOSTIC,     5, -6.024793911362e-01, 1.797693134862e+308, 0.0000e+00, 0.0000e+00, 
*/mnt/lustre/mathdugre/fast-interpolate/datasets/ds004513/derivatives/flint/antsRegistration/r7-p14/sub-s017/Stage2_level1_Iter0006.nii.gz
2DIAGNOSTIC,     6, -6.190667160313e-01, 1.797693134862e+308, 0.0000e+00, 0.0000e+00, 
*/mnt/lustre/mathdugre/fast-interpolate/datasets/ds004513/derivatives/flint/antsRegistration/r7-p14/sub-s017/Stage2_level1_Iter0007.nii.gz
2DIAGNOSTIC,     7, -6.787783323831e-01, 1.797693134862e+308, 0.0000e+00, 0.0000e+00, 
*/mnt/lustre/mathdugre/fast-interpolate/datasets/ds004513/derivatives/flint/antsRegistration/r7-p14/sub-s017/Stage2_level1_Iter0008.nii.gz
2DIAGNOSTIC,     8, -7.433848348173e-01, 1.797693134862e+308, 0.0000e+00, 0.0000e+00, 
*/mnt/lustre/mathdugre/fast-interpolate/datasets/ds004513/derivatives/flint/antsRegistration/r7-p14/sub-s017/Stage2_level1_Iter0009.nii.gz
2DIAGNOSTIC,     9, -7.535185045857e-01, 1.797693134862e+308, 0.0000e+00, 0.0000e+00, 
*/mnt/lustre/mathdugre/fast-interpolate/datasets/ds004513/derivatives/flint/antsRegistration/r7-p14/sub-s017/Stage2_level1_Iter0010.nii.gz
2DIAGNOSTIC,    10, -7.716361280154e-01, 2.165603637695e-02, 0.0000e+00, 0.0000e+00, 
*/mnt/lustre/mathdugre/fast-interpolate/datasets/ds004513/derivatives/flint/antsRegistration/r7-p14/sub-s017/Stage2_level1_Iter0011.nii.gz
2DIAGNOSTIC,    11, -8.019673558568e-01, 2.220153808594e-02, 0.0000e+00, 0.0000e+00, 
*/mnt/lustre/mathdugre/fast-interpolate/datasets/ds004513/derivatives/flint/antsRegistration/r7-p14/sub-s017/Stage2_level1_Iter0012.nii.gz
2DIAGNOSTIC,    12, -8.566626266003e-01, 2.247238159180e-02, 0.0000e+00, 0.0000e+00, 
*/mnt/lustre/mathdugre/fast-interpolate/datasets/ds004513/derivatives/flint/antsRegistration/r7-p14/sub-s017/Stage2_level1_Iter0013.nii.gz
2DIAGNOSTIC,    13, -8.689623882167e-01, 2.112579345703e-02, 0.0000e+00, 0.0000e+00, 
*/mnt/lustre/mathdugre/fast-interpolate/datasets/ds004513/derivatives/flint/antsRegistration/r7-p14/sub-s017/Stage2_level1_Iter0014.nii.gz
2DIAGNOSTIC,    14, -8.701686113288e-01, 1.839447021484e-02, 0.0000e+00, 0.0000e+00, 
*/mnt/lustre/mathdugre/fast-interpolate/datasets/ds004513/derivatives/flint/antsRegistration/r7-p14/sub-s017/Stage2_level1_Iter0015.nii.gz
2DIAGNOSTIC,    15, -8.711098423793e-01, 1.478576660156e-02, 0.0000e+00, 0.0000e+00, 
*/mnt/lustre/mathdugre/fast-interpolate/datasets/ds004513/derivatives/flint/antsRegistration/r7-p14/sub-s017/Stage2_level1_Iter0016.nii.gz
2DIAGNOSTIC,    16, -8.787124437041e-01, 1.092147827148e-02, 0.0000e+00, 0.0000e+00, 
*/mnt/lustre/mathdugre/fast-interpolate/datasets/ds004513/derivatives/flint/antsRegistration/r7-p14/sub-s017/Stage2_level1_Iter0017.nii.gz
2DIAGNOSTIC,    17, -8.811889852057e-01, 7.949829101562e-03, 0.0000e+00, 0.0000e+00, 
*/mnt/lustre/mathdugre/fast-interpolate/datasets/ds004513/derivatives/flint/antsRegistration/r7-p14/sub-s017/Stage2_level1_Iter0018.nii.gz
2DIAGNOSTIC,    18, -8.810169762680e-01, 6.019592285156e-03, 0.0000e+00, 0.0000e+00, 
*/mnt/lustre/mathdugre/fast-interpolate/datasets/ds004513/derivatives/flint/antsRegistration/r7-p14/sub-s017/Stage2_level1_Iter0019.nii.gz
2DIAGNOSTIC,    19, -8.809565257603e-01, 3.982543945312e-03, 0.0000e+00, 0.0000e+00, 
*/mnt/lustre/mathdugre/fast-interpolate/datasets/ds004513/derivatives/flint/antsRegistration/r7-p14/sub-s017/Stage2_level1_Iter0020.nii.gz
2DIAGNOSTIC,    20, -8.809406550307e-01, 2.155303955078e-03, 0.0000e+00, 0.0000e+00, 
*/mnt/lustre/mathdugre/fast-interpolate/datasets/ds004513/derivatives/flint/antsRegistration/r7-p14/sub-s017/Stage2_level1_Iter0021.nii.gz
2DIAGNOSTIC,    21, -8.806114790832e-01, 8.335113525391e-04, 0.0000e+00, 0.0000e+00, 
*/mnt/lustre/mathdugre/fast-interpolate/datasets/ds004513/derivatives/flint/antsRegistration/r7-p14/sub-s017/Stage2_level1_Iter0022.nii.gz
2DIAGNOSTIC,    22, -8.806748637268e-01, 4.863739013672e-04, 0.0000e+00, 0.0000e+00, 
*/mnt/lustre/mathdugre/fast-interpolate/datasets/ds004513/derivatives/flint/antsRegistration/r7-p14/sub-s017/Stage2_level1_Iter0023.nii.gz
2DIAGNOSTIC,    23, -8.804456640829e-01, 3.166198730469e-04, 0.0000e+00, 0.0000e+00, 
*/mnt/lustre/mathdugre/fast-interpolate/datasets/ds004513/derivatives/flint/antsRegistration/r7-p14/sub-s017/Stage2_level1_Iter0024.nii.gz
2DIAGNOSTIC,    24, -8.803565831666e-01, 1.544952392578e-04, 0.0000e+00, 0.0000e+00, 
DIAGNOSTIC,Iteration,metricValue,convergenceValue,ITERATION_TIME_INDEX,SINCE_LAST
*/mnt/lustre/mathdugre/fast-interpolate/datasets/ds004513/derivatives/flint/antsRegistration/r7-p14/sub-s017/Stage2_level2_Iter0001.nii.gz
2DIAGNOSTIC,     1, -7.419277092656e-01, 1.797693134862e+308, 0.0000e+00, 0.0000e+00, 
*/mnt/lustre/mathdugre/fast-interpolate/datasets/ds004513/derivatives/flint/antsRegistration/r7-p14/sub-s017/Stage2_level2_Iter0002.nii.gz
2DIAGNOSTIC,     2, -7.426763515295e-01, 1.797693134862e+308, 0.0000e+00, 0.0000e+00, 
*/mnt/lustre/mathdugre/fast-interpolate/datasets/ds004513/derivatives/flint/antsRegistration/r7-p14/sub-s017/Stage2_level2_Iter0003.nii.gz
2DIAGNOSTIC,     3, -7.433811796832e-01, 1.797693134862e+308, 0.0000e+00, 0.0000e+00, 
*/mnt/lustre/mathdugre/fast-interpolate/datasets/ds004513/derivatives/flint/antsRegistration/r7-p14/sub-s017/Stage2_level2_Iter0004.nii.gz
2DIAGNOSTIC,     4, -7.451772803277e-01, 1.797693134862e+308, 0.0000e+00, 0.0000e+00, 
*/mnt/lustre/mathdugre/fast-interpolate/datasets/ds004513/derivatives/flint/antsRegistration/r7-p14/sub-s017/Stage2_level2_Iter0005.nii.gz
2DIAGNOSTIC,     5, -7.467775356352e-01, 1.797693134862e+308, 0.0000e+00, 0.0000e+00, 
*/mnt/lustre/mathdugre/fast-interpolate/datasets/ds004513/derivatives/flint/antsRegistration/r7-p14/sub-s017/Stage2_level2_Iter0006.nii.gz
2DIAGNOSTIC,     6, -7.475043912405e-01, 1.797693134862e+308, 0.0000e+00, 0.0000e+00, 
*/mnt/lustre/mathdugre/fast-interpolate/datasets/ds004513/derivatives/flint/antsRegistration/r7-p14/sub-s017/Stage2_level2_Iter0007.nii.gz
2DIAGNOSTIC,     7, -7.488044326771e-01, 1.797693134862e+308, 0.0000e+00, 0.0000e+00, 
*/mnt/lustre/mathdugre/fast-interpolate/datasets/ds004513/derivatives/flint/antsRegistration/r7-p14/sub-s017/Stage2_level2_Iter0008.nii.gz
2DIAGNOSTIC,     8, -7.492038629400e-01, 1.797693134862e+308, 0.0000e+00, 0.0000e+00, 
*/mnt/lustre/mathdugre/fast-interpolate/datasets/ds004513/derivatives/flint/antsRegistration/r7-p14/sub-s017/Stage2_level2_Iter0009.nii.gz
2DIAGNOSTIC,     9, -7.495827973257e-01, 1.797693134862e+308, 0.0000e+00, 0.0000e+00, 
*/mnt/lustre/mathdugre/fast-interpolate/datasets/ds004513/derivatives/flint/antsRegistration/r7-p14/sub-s017/Stage2_level2_Iter0010.nii.gz
2DIAGNOSTIC,    10, -7.496094732215e-01, 7.476806640625e-04, 0.0000e+00, 0.0000e+00, 
*/mnt/lustre/mathdugre/fast-interpolate/datasets/ds004513/derivatives/flint/antsRegistration/r7-p14/sub-s017/Stage2_level2_Iter0011.nii.gz
2DIAGNOSTIC,    11, -7.503338367091e-01, 6.103515625000e-04, 0.0000e+00, 0.0000e+00, 
*/mnt/lustre/mathdugre/fast-interpolate/datasets/ds004513/derivatives/flint/antsRegistration/r7-p14/sub-s017/Stage2_level2_Iter0012.nii.gz
2DIAGNOSTIC,    12, -7.513101588961e-01, 4.920959472656e-04, 0.0000e+00, 0.0000e+00, 
*/mnt/lustre/mathdugre/fast-interpolate/datasets/ds004513/derivatives/flint/antsRegistration/r7-p14/sub-s017/Stage2_level2_Iter0013.nii.gz
2DIAGNOSTIC,    13, -7.512978882575e-01, 3.585815429688e-04, 0.0000e+00, 0.0000e+00, 
*/mnt/lustre/mathdugre/fast-interpolate/datasets/ds004513/derivatives/flint/antsRegistration/r7-p14/sub-s017/Stage2_level2_Iter0014.nii.gz
2DIAGNOSTIC,    14, -7.512847439544e-01, 2.708435058594e-04, 0.0000e+00, 0.0000e+00, 
*/mnt/lustre/mathdugre/fast-interpolate/datasets/ds004513/derivatives/flint/antsRegistration/r7-p14/sub-s017/Stage2_level2_Iter0015.nii.gz
2DIAGNOSTIC,    15, -7.512608132979e-01, 2.136230468750e-04, 0.0000e+00, 0.0000e+00, 
*/mnt/lustre/mathdugre/fast-interpolate/datasets/ds004513/derivatives/flint/antsRegistration/r7-p14/sub-s017/Stage2_level2_Iter0016.nii.gz
2DIAGNOSTIC,    16, -7.512510766826e-01, 1.525878906250e-04, 0.0000e+00, 0.0000e+00, 
*/mnt/lustre/mathdugre/fast-interpolate/datasets/ds004513/derivatives/flint/antsRegistration/r7-p14/sub-s017/Stage2_level2_Iter0017.nii.gz
2DIAGNOSTIC,    17, -7.512512122763e-01, 1.125335693359e-04, 0.0000e+00, 0.0000e+00, 
*/mnt/lustre/mathdugre/fast-interpolate/datasets/ds004513/derivatives/flint/antsRegistration/r7-p14/sub-s017/Stage2_level2_Iter0018.nii.gz
2DIAGNOSTIC,    18, -7.512491285955e-01, 7.820129394531e-05, 0.0000e+00, 0.0000e+00, 
*/mnt/lustre/mathdugre/fast-interpolate/datasets/ds004513/derivatives/flint/antsRegistration/r7-p14/sub-s017/Stage2_level2_Iter0019.nii.gz
2DIAGNOSTIC,    19, -7.512507632823e-01, 4.577636718750e-05, 0.0000e+00, 0.0000e+00, 
*/mnt/lustre/mathdugre/fast-interpolate/datasets/ds004513/derivatives/flint/antsRegistration/r7-p14/sub-s017/Stage2_level2_Iter0020.nii.gz
2DIAGNOSTIC,    20, -7.512558038950e-01, 2.098083496094e-05, 0.0000e+00, 0.0000e+00, 
DIAGNOSTIC,Iteration,metricValue,convergenceValue,ITERATION_TIME_INDEX,SINCE_LAST
*/mnt/lustre/mathdugre/fast-interpolate/datasets/ds004513/derivatives/flint/antsRegistration/r7-p14/sub-s017/Stage2_level3_Iter0001.nii.gz
2DIAGNOSTIC,     1, -6.300170459019e-01, 1.797693134862e+308, 0.0000e+00, 0.0000e+00, 
*/mnt/lustre/mathdugre/fast-interpolate/datasets/ds004513/derivatives/flint/antsRegistration/r7-p14/sub-s017/Stage2_level3_Iter0002.nii.gz
2DIAGNOSTIC,     2, -6.302904715275e-01, 1.797693134862e+308, 0.0000e+00, 0.0000e+00, 
*/mnt/lustre/mathdugre/fast-interpolate/datasets/ds004513/derivatives/flint/antsRegistration/r7-p14/sub-s017/Stage2_level3_Iter0003.nii.gz
2DIAGNOSTIC,     3, -6.307998238523e-01, 1.797693134862e+308, 0.0000e+00, 0.0000e+00, 
*/mnt/lustre/mathdugre/fast-interpolate/datasets/ds004513/derivatives/flint/antsRegistration/r7-p14/sub-s017/Stage2_level3_Iter0004.nii.gz
2DIAGNOSTIC,     4, -6.320768802758e-01, 1.797693134862e+308, 0.0000e+00, 0.0000e+00, 
*/mnt/lustre/mathdugre/fast-interpolate/datasets/ds004513/derivatives/flint/antsRegistration/r7-p14/sub-s017/Stage2_level3_Iter0005.nii.gz
2DIAGNOSTIC,     5, -6.335167479019e-01, 1.797693134862e+308, 0.0000e+00, 0.0000e+00, 
*/mnt/lustre/mathdugre/fast-interpolate/datasets/ds004513/derivatives/flint/antsRegistration/r7-p14/sub-s017/Stage2_level3_Iter0006.nii.gz
2DIAGNOSTIC,     6, -6.335210599547e-01, 1.797693134862e+308, 0.0000e+00, 0.0000e+00, 
*/mnt/lustre/mathdugre/fast-interpolate/datasets/ds004513/derivatives/flint/antsRegistration/r7-p14/sub-s017/Stage2_level3_Iter0007.nii.gz
2DIAGNOSTIC,     7, -6.335707505798e-01, 1.797693134862e+308, 0.0000e+00, 0.0000e+00, 
*/mnt/lustre/mathdugre/fast-interpolate/datasets/ds004513/derivatives/flint/antsRegistration/r7-p14/sub-s017/Stage2_level3_Iter0008.nii.gz
2DIAGNOSTIC,     8, -6.336366205225e-01, 1.797693134862e+308, 0.0000e+00, 0.0000e+00, 
*/mnt/lustre/mathdugre/fast-interpolate/datasets/ds004513/derivatives/flint/antsRegistration/r7-p14/sub-s017/Stage2_level3_Iter0009.nii.gz
2DIAGNOSTIC,     9, -6.337003095735e-01, 1.797693134862e+308, 0.0000e+00, 0.0000e+00, 
*/mnt/lustre/mathdugre/fast-interpolate/datasets/ds004513/derivatives/flint/antsRegistration/r7-p14/sub-s017/Stage2_level3_Iter0010.nii.gz
2DIAGNOSTIC,    10, -6.337962693244e-01, 4.196166992188e-04, 0.0000e+00, 0.0000e+00, 
*/mnt/lustre/mathdugre/fast-interpolate/datasets/ds004513/derivatives/flint/antsRegistration/r7-p14/sub-s017/Stage2_level3_Iter0011.nii.gz
2DIAGNOSTIC,    11, -6.338346304678e-01, 3.051757812500e-04, 0.0000e+00, 0.0000e+00, 
*/mnt/lustre/mathdugre/fast-interpolate/datasets/ds004513/derivatives/flint/antsRegistration/r7-p14/sub-s017/Stage2_level3_Iter0012.nii.gz
2DIAGNOSTIC,    12, -6.338183465705e-01, 1.831054687500e-04, 0.0000e+00, 0.0000e+00, 
*/mnt/lustre/mathdugre/fast-interpolate/datasets/ds004513/derivatives/flint/antsRegistration/r7-p14/sub-s017/Stage2_level3_Iter0013.nii.gz
2DIAGNOSTIC,    13, -6.337971524080e-01, 7.247924804688e-05, 0.0000e+00, 0.0000e+00, 
*/mnt/lustre/mathdugre/fast-interpolate/datasets/ds004513/derivatives/flint/antsRegistration/r7-p14/sub-s017/Stage2_level3_Iter0014.nii.gz
2DIAGNOSTIC,    14, -6.337873104650e-01, 1.907348632812e-05, 0.0000e+00, 0.0000e+00, 
*/mnt/lustre/mathdugre/fast-interpolate/datasets/ds004513/derivatives/flint/antsRegistration/r7-p14/sub-s017/Stage2_level3_Iter0015.nii.gz
2DIAGNOSTIC,    15, -6.337885036122e-01, 1.907348632812e-05, 0.0000e+00, 0.0000e+00, 
*/mnt/lustre/mathdugre/fast-interpolate/datasets/ds004513/derivatives/flint/antsRegistration/r7-p14/sub-s017/Stage2_level3_Iter0016.nii.gz
2DIAGNOSTIC,    16, -6.337698889540e-01, 3.814697265625e-06, 0.0000e+00, 0.0000e+00, 
*/mnt/lustre/mathdugre/fast-interpolate/datasets/ds004513/derivatives/flint/antsRegistration/r7-p14/sub-s017/Stage2_level3_Iter0017.nii.gz
2DIAGNOSTIC,    17, -6.337628418000e-01, 3.814697265625e-06, 0.0000e+00, 0.0000e+00, 
DIAGNOSTIC,Iteration,metricValue,convergenceValue,ITERATION_TIME_INDEX,SINCE_LAST
*/mnt/lustre/mathdugre/fast-interpolate/datasets/ds004513/derivatives/flint/antsRegistration/r7-p14/sub-s017/Stage2_level4_Iter0001.nii.gz
2DIAGNOSTIC,     1, -5.653713962491e-01, 1.797693134862e+308, 0.0000e+00, 0.0000e+00, 
*/mnt/lustre/mathdugre/fast-interpolate/datasets/ds004513/derivatives/flint/antsRegistration/r7-p14/sub-s017/Stage2_level4_Iter0002.nii.gz
2DIAGNOSTIC,     2, -5.654446668725e-01, 1.797693134862e+308, 0.0000e+00, 0.0000e+00, 
*/mnt/lustre/mathdugre/fast-interpolate/datasets/ds004513/derivatives/flint/antsRegistration/r7-p14/sub-s017/Stage2_level4_Iter0003.nii.gz
2DIAGNOSTIC,     3, -5.654694164408e-01, 1.797693134862e+308, 0.0000e+00, 0.0000e+00, 
*/mnt/lustre/mathdugre/fast-interpolate/datasets/ds004513/derivatives/flint/antsRegistration/r7-p14/sub-s017/Stage2_level4_Iter0004.nii.gz
2DIAGNOSTIC,     4, -5.654714765441e-01, 1.797693134862e+308, 0.0000e+00, 0.0000e+00, 
*/mnt/lustre/mathdugre/fast-interpolate/datasets/ds004513/derivatives/flint/antsRegistration/r7-p14/sub-s017/Stage2_level4_Iter0005.nii.gz
2DIAGNOSTIC,     5, -5.654701660505e-01, 1.797693134862e+308, 0.0000e+00, 0.0000e+00, 
*/mnt/lustre/mathdugre/fast-interpolate/datasets/ds004513/derivatives/flint/antsRegistration/r7-p14/sub-s017/Stage2_level4_Iter0006.nii.gz
2DIAGNOSTIC,     6, -5.654821451701e-01, 1.797693134862e+308, 0.0000e+00, 0.0000e+00, 
*/mnt/lustre/mathdugre/fast-interpolate/datasets/ds004513/derivatives/flint/antsRegistration/r7-p14/sub-s017/Stage2_level4_Iter0007.nii.gz
2DIAGNOSTIC,     7, -5.654751149114e-01, 1.797693134862e+308, 0.0000e+00, 0.0000e+00, 
*/mnt/lustre/mathdugre/fast-interpolate/datasets/ds004513/derivatives/flint/antsRegistration/r7-p14/sub-s017/Stage2_level4_Iter0008.nii.gz
2DIAGNOSTIC,     8, -5.654754746771e-01, 1.797693134862e+308, 0.0000e+00, 0.0000e+00, 
*/mnt/lustre/mathdugre/fast-interpolate/datasets/ds004513/derivatives/flint/antsRegistration/r7-p14/sub-s017/Stage2_level4_Iter0009.nii.gz
2DIAGNOSTIC,     9, -5.654752734303e-01, 1.797693134862e+308, 0.0000e+00, 0.0000e+00, 
*/mnt/lustre/mathdugre/fast-interpolate/datasets/ds004513/derivatives/flint/antsRegistration/r7-p14/sub-s017/Stage2_level4_Iter0010.nii.gz
2DIAGNOSTIC,    10, -5.654804552867e-01, 1.144409179688e-05, 0.0000e+00, 0.0000e+00, 
*/mnt/lustre/mathdugre/fast-interpolate/datasets/ds004513/derivatives/flint/antsRegistration/r7-p14/sub-s017/Stage2_level4_Iter0011.nii.gz
2DIAGNOSTIC,    11, -5.654845388565e-01, 7.629394531250e-06, 0.0000e+00, 0.0000e+00, 
*/mnt/lustre/mathdugre/fast-interpolate/datasets/ds004513/derivatives/flint/antsRegistration/r7-p14/sub-s017/Stage2_level4_Iter0012.nii.gz
2DIAGNOSTIC,    12, -5.654855008814e-01, 3.814697265625e-06, 0.0000e+00, 0.0000e+00, 
  Elapsed time (stage 1): 0.0000e+00


Stage 2
  iterations = 100x70x50x20
  convergence threshold = 1.0000e-06
  convergence window size = 10
  number of levels = 4
  using the CC metric (radius = 4, weight = 1.0000e+00, use gradient filter = 0)
  preprocessing:  winsorizing the image intensities
  Shrink factors (level 1 out of 4): [8, 8, 8]
  Shrink factors (level 2 out of 4): [4, 4, 4]
  Shrink factors (level 3 out of 4): [2, 2, 2]
  Shrink factors (level 4 out of 4): [1, 1, 1]
  smoothing sigmas per level: [3, 2, 1, 0]
  Using default NONE metricSamplingStrategy 

*** Running SyN registration (varianceForUpdateField = 3.0000e+00, varianceForTotalField = 0.0000e+00) ***

XXDIAGNOSTIC,Iteration,metricValue,convergenceValue,ITERATION_TIME_INDEX,SINCE_LAST
*/mnt/lustre/mathdugre/fast-interpolate/datasets/ds004513/derivatives/flint/antsRegistration/r7-p14/sub-s017/Stage3_level1_Iter0001.nii.gz
1DIAGNOSTIC,     1, -9.266662597656e-01, 1.797693134862e+308, 0.0000e+00, 0.0000e+00, 
*/mnt/lustre/mathdugre/fast-interpolate/datasets/ds004513/derivatives/flint/antsRegistration/r7-p14/sub-s017/Stage3_level1_Iter0002.nii.gz
1DIAGNOSTIC,     2, -9.324035644531e-01, 1.797693134862e+308, 0.0000e+00, 0.0000e+00, 
*/mnt/lustre/mathdugre/fast-interpolate/datasets/ds004513/derivatives/flint/antsRegistration/r7-p14/sub-s017/Stage3_level1_Iter0003.nii.gz
1DIAGNOSTIC,     3, -9.377441406250e-01, 1.797693134862e+308, 0.0000e+00, 0.0000e+00, 
*/mnt/lustre/mathdugre/fast-interpolate/datasets/ds004513/derivatives/flint/antsRegistration/r7-p14/sub-s017/Stage3_level1_Iter0004.nii.gz
1DIAGNOSTIC,     4, -9.422607421875e-01, 1.797693134862e+308, 0.0000e+00, 0.0000e+00, 
*/mnt/lustre/mathdugre/fast-interpolate/datasets/ds004513/derivatives/flint/antsRegistration/r7-p14/sub-s017/Stage3_level1_Iter0005.nii.gz
1DIAGNOSTIC,     5, -9.454956054688e-01, 1.797693134862e+308, 0.0000e+00, 0.0000e+00, 
*/mnt/lustre/mathdugre/fast-interpolate/datasets/ds004513/derivatives/flint/antsRegistration/r7-p14/sub-s017/Stage3_level1_Iter0006.nii.gz
1DIAGNOSTIC,     6, -9.481811523438e-01, 1.797693134862e+308, 0.0000e+00, 0.0000e+00, 
*/mnt/lustre/mathdugre/fast-interpolate/datasets/ds004513/derivatives/flint/antsRegistration/r7-p14/sub-s017/Stage3_level1_Iter0007.nii.gz
1DIAGNOSTIC,     7, -9.505920410156e-01, 1.797693134862e+308, 0.0000e+00, 0.0000e+00, 
*/mnt/lustre/mathdugre/fast-interpolate/datasets/ds004513/derivatives/flint/antsRegistration/r7-p14/sub-s017/Stage3_level1_Iter0008.nii.gz
1DIAGNOSTIC,     8, -9.532165527344e-01, 1.797693134862e+308, 0.0000e+00, 0.0000e+00, 
*/mnt/lustre/mathdugre/fast-interpolate/datasets/ds004513/derivatives/flint/antsRegistration/r7-p14/sub-s017/Stage3_level1_Iter0009.nii.gz
1DIAGNOSTIC,     9, -9.565734863281e-01, 1.797693134862e+308, 0.0000e+00, 0.0000e+00, 
*/mnt/lustre/mathdugre/fast-interpolate/datasets/ds004513/derivatives/flint/antsRegistration/r7-p14/sub-s017/Stage3_level1_Iter0010.nii.gz
1DIAGNOSTIC,    10, -9.602966308594e-01, 2.101898193359e-03, 0.0000e+00, 0.0000e+00, 
*/mnt/lustre/mathdugre/fast-interpolate/datasets/ds004513/derivatives/flint/antsRegistration/r7-p14/sub-s017/Stage3_level1_Iter0011.nii.gz
1DIAGNOSTIC,    11, -9.641723632812e-01, 1.792907714844e-03, 0.0000e+00, 0.0000e+00, 
*/mnt/lustre/mathdugre/fast-interpolate/datasets/ds004513/derivatives/flint/antsRegistration/r7-p14/sub-s017/Stage3_level1_Iter0012.nii.gz
1DIAGNOSTIC,    12, -9.666748046875e-01, 1.567840576172e-03, 0.0000e+00, 0.0000e+00, 
*/mnt/lustre/mathdugre/fast-interpolate/datasets/ds004513/derivatives/flint/antsRegistration/r7-p14/sub-s017/Stage3_level1_Iter0013.nii.gz
1DIAGNOSTIC,    13, -9.670104980469e-01, 1.365661621094e-03, 0.0000e+00, 0.0000e+00, 
*/mnt/lustre/mathdugre/fast-interpolate/datasets/ds004513/derivatives/flint/antsRegistration/r7-p14/sub-s017/Stage3_level1_Iter0014.nii.gz
1DIAGNOSTIC,    14, -9.672851562500e-01, 1.178741455078e-03, 0.0000e+00, 0.0000e+00, 
*/mnt/lustre/mathdugre/fast-interpolate/datasets/ds004513/derivatives/flint/antsRegistration/r7-p14/sub-s017/Stage3_level1_Iter0015.nii.gz
1DIAGNOSTIC,    15, -9.677429199219e-01, 9.841918945312e-04, 0.0000e+00, 0.0000e+00, 
*/mnt/lustre/mathdugre/fast-interpolate/datasets/ds004513/derivatives/flint/antsRegistration/r7-p14/sub-s017/Stage3_level1_Iter0016.nii.gz
1DIAGNOSTIC,    16, -9.678955078125e-01, 7.667541503906e-04, 0.0000e+00, 0.0000e+00, 
*/mnt/lustre/mathdugre/fast-interpolate/datasets/ds004513/derivatives/flint/antsRegistration/r7-p14/sub-s017/Stage3_level1_Iter0017.nii.gz
1DIAGNOSTIC,    17, -9.684143066406e-01, 5.607604980469e-04, 0.0000e+00, 0.0000e+00, 
*/mnt/lustre/mathdugre/fast-interpolate/datasets/ds004513/derivatives/flint/antsRegistration/r7-p14/sub-s017/Stage3_level1_Iter0018.nii.gz
1DIAGNOSTIC,    18, -9.685363769531e-01, 3.681182861328e-04, 0.0000e+00, 0.0000e+00, 
*/mnt/lustre/mathdugre/fast-interpolate/datasets/ds004513/derivatives/flint/antsRegistration/r7-p14/sub-s017/Stage3_level1_Iter0019.nii.gz
1DIAGNOSTIC,    19, -9.690246582031e-01, 2.212524414062e-04, 0.0000e+00, 0.0000e+00, 
*/mnt/lustre/mathdugre/fast-interpolate/datasets/ds004513/derivatives/flint/antsRegistration/r7-p14/sub-s017/Stage3_level1_Iter0020.nii.gz
1DIAGNOSTIC,    20, -9.691162109375e-01, 1.316070556641e-04, 0.0000e+00, 0.0000e+00, 
*/mnt/lustre/mathdugre/fast-interpolate/datasets/ds004513/derivatives/flint/antsRegistration/r7-p14/sub-s017/Stage3_level1_Iter0021.nii.gz
1DIAGNOSTIC,    21, -9.694824218750e-01, 8.964538574219e-05, 0.0000e+00, 0.0000e+00, 
*/mnt/lustre/mathdugre/fast-interpolate/datasets/ds004513/derivatives/flint/antsRegistration/r7-p14/sub-s017/Stage3_level1_Iter0022.nii.gz
1DIAGNOSTIC,    22, -9.695434570312e-01, 8.010864257812e-05, 0.0000e+00, 0.0000e+00, 
*/mnt/lustre/mathdugre/fast-interpolate/datasets/ds004513/derivatives/flint/antsRegistration/r7-p14/sub-s017/Stage3_level1_Iter0023.nii.gz
1DIAGNOSTIC,    23, -9.698486328125e-01, 7.247924804688e-05, 0.0000e+00, 0.0000e+00, 
*/mnt/lustre/mathdugre/fast-interpolate/datasets/ds004513/derivatives/flint/antsRegistration/r7-p14/sub-s017/Stage3_level1_Iter0024.nii.gz
1DIAGNOSTIC,    24, -9.699096679688e-01, 6.484985351562e-05, 0.0000e+00, 0.0000e+00, 
*/mnt/lustre/mathdugre/fast-interpolate/datasets/ds004513/derivatives/flint/antsRegistration/r7-p14/sub-s017/Stage3_level1_Iter0025.nii.gz
1DIAGNOSTIC,    25, -9.701538085938e-01, 6.103515625000e-05, 0.0000e+00, 0.0000e+00, 
*/mnt/lustre/mathdugre/fast-interpolate/datasets/ds004513/derivatives/flint/antsRegistration/r7-p14/sub-s017/Stage3_level1_Iter0026.nii.gz
1DIAGNOSTIC,    26, -9.701843261719e-01, 4.768371582031e-05, 0.0000e+00, 0.0000e+00, 
*/mnt/lustre/mathdugre/fast-interpolate/datasets/ds004513/derivatives/flint/antsRegistration/r7-p14/sub-s017/Stage3_level1_Iter0027.nii.gz
1DIAGNOSTIC,    27, -9.704284667969e-01, 4.196166992188e-05, 0.0000e+00, 0.0000e+00, 
*/mnt/lustre/mathdugre/fast-interpolate/datasets/ds004513/derivatives/flint/antsRegistration/r7-p14/sub-s017/Stage3_level1_Iter0028.nii.gz
1DIAGNOSTIC,    28, -9.703979492188e-01, 3.623962402344e-05, 0.0000e+00, 0.0000e+00, 
*/mnt/lustre/mathdugre/fast-interpolate/datasets/ds004513/derivatives/flint/antsRegistration/r7-p14/sub-s017/Stage3_level1_Iter0029.nii.gz
1DIAGNOSTIC,    29, -9.706420898438e-01, 3.051757812500e-05, 0.0000e+00, 0.0000e+00, 
*/mnt/lustre/mathdugre/fast-interpolate/datasets/ds004513/derivatives/flint/antsRegistration/r7-p14/sub-s017/Stage3_level1_Iter0030.nii.gz
1DIAGNOSTIC,    30, -9.706115722656e-01, 2.670288085938e-05, 0.0000e+00, 0.0000e+00, 
*/mnt/lustre/mathdugre/fast-interpolate/datasets/ds004513/derivatives/flint/antsRegistration/r7-p14/sub-s017/Stage3_level1_Iter0031.nii.gz
1DIAGNOSTIC,    31, -9.708557128906e-01, 2.479553222656e-05, 0.0000e+00, 0.0000e+00, 
*/mnt/lustre/mathdugre/fast-interpolate/datasets/ds004513/derivatives/flint/antsRegistration/r7-p14/sub-s017/Stage3_level1_Iter0032.nii.gz
1DIAGNOSTIC,    32, -9.708557128906e-01, 2.288818359375e-05, 0.0000e+00, 0.0000e+00, 
*/mnt/lustre/mathdugre/fast-interpolate/datasets/ds004513/derivatives/flint/antsRegistration/r7-p14/sub-s017/Stage3_level1_Iter0033.nii.gz
1DIAGNOSTIC,    33, -9.711303710938e-01, 1.907348632812e-05, 0.0000e+00, 0.0000e+00, 
*/mnt/lustre/mathdugre/fast-interpolate/datasets/ds004513/derivatives/flint/antsRegistration/r7-p14/sub-s017/Stage3_level1_Iter0034.nii.gz
1DIAGNOSTIC,    34, -9.710998535156e-01, 1.907348632812e-05, 0.0000e+00, 0.0000e+00, 
*/mnt/lustre/mathdugre/fast-interpolate/datasets/ds004513/derivatives/flint/antsRegistration/r7-p14/sub-s017/Stage3_level1_Iter0035.nii.gz
1DIAGNOSTIC,    35, -9.712829589844e-01, 1.811981201172e-05, 0.0000e+00, 0.0000e+00, 
*/mnt/lustre/mathdugre/fast-interpolate/datasets/ds004513/derivatives/flint/antsRegistration/r7-p14/sub-s017/Stage3_level1_Iter0036.nii.gz
1DIAGNOSTIC,    36, -9.712524414062e-01, 1.621246337891e-05, 0.0000e+00, 0.0000e+00, 
*/mnt/lustre/mathdugre/fast-interpolate/datasets/ds004513/derivatives/flint/antsRegistration/r7-p14/sub-s017/Stage3_level1_Iter0037.nii.gz
1DIAGNOSTIC,    37, -9.714050292969e-01, 1.621246337891e-05, 0.0000e+00, 0.0000e+00, 
*/mnt/lustre/mathdugre/fast-interpolate/datasets/ds004513/derivatives/flint/antsRegistration/r7-p14/sub-s017/Stage3_level1_Iter0038.nii.gz
1DIAGNOSTIC,    38, -9.713439941406e-01, 1.335144042969e-05, 0.0000e+00, 0.0000e+00, 
*/mnt/lustre/mathdugre/fast-interpolate/datasets/ds004513/derivatives/flint/antsRegistration/r7-p14/sub-s017/Stage3_level1_Iter0039.nii.gz
1DIAGNOSTIC,    39, -9.715270996094e-01, 1.335144042969e-05, 0.0000e+00, 0.0000e+00, 
*/mnt/lustre/mathdugre/fast-interpolate/datasets/ds004513/derivatives/flint/antsRegistration/r7-p14/sub-s017/Stage3_level1_Iter0040.nii.gz
1DIAGNOSTIC,    40, -9.714660644531e-01, 1.144409179688e-05, 0.0000e+00, 0.0000e+00, 
*/mnt/lustre/mathdugre/fast-interpolate/datasets/ds004513/derivatives/flint/antsRegistration/r7-p14/sub-s017/Stage3_level1_Iter0041.nii.gz
1DIAGNOSTIC,    41, -9.716491699219e-01, 1.144409179688e-05, 0.0000e+00, 0.0000e+00, 
*/mnt/lustre/mathdugre/fast-interpolate/datasets/ds004513/derivatives/flint/antsRegistration/r7-p14/sub-s017/Stage3_level1_Iter0042.nii.gz
1DIAGNOSTIC,    42, -9.715881347656e-01, 8.583068847656e-06, 0.0000e+00, 0.0000e+00, 
*/mnt/lustre/mathdugre/fast-interpolate/datasets/ds004513/derivatives/flint/antsRegistration/r7-p14/sub-s017/Stage3_level1_Iter0043.nii.gz
1DIAGNOSTIC,    43, -9.717407226562e-01, 6.675720214844e-06, 0.0000e+00, 0.0000e+00, 
*/mnt/lustre/mathdugre/fast-interpolate/datasets/ds004513/derivatives/flint/antsRegistration/r7-p14/sub-s017/Stage3_level1_Iter0044.nii.gz
1DIAGNOSTIC,    44, -9.716796875000e-01, 7.629394531250e-06, 0.0000e+00, 0.0000e+00, 
*/mnt/lustre/mathdugre/fast-interpolate/datasets/ds004513/derivatives/flint/antsRegistration/r7-p14/sub-s017/Stage3_level1_Iter0045.nii.gz
1DIAGNOSTIC,    45, -9.718322753906e-01, 6.675720214844e-06, 0.0000e+00, 0.0000e+00, 
*/mnt/lustre/mathdugre/fast-interpolate/datasets/ds004513/derivatives/flint/antsRegistration/r7-p14/sub-s017/Stage3_level1_Iter0046.nii.gz
1DIAGNOSTIC,    46, -9.717712402344e-01, 4.768371582031e-06, 0.0000e+00, 0.0000e+00, 
*/mnt/lustre/mathdugre/fast-interpolate/datasets/ds004513/derivatives/flint/antsRegistration/r7-p14/sub-s017/Stage3_level1_Iter0047.nii.gz
1DIAGNOSTIC,    47, -9.719238281250e-01, 5.722045898438e-06, 0.0000e+00, 0.0000e+00, 
*/mnt/lustre/mathdugre/fast-interpolate/datasets/ds004513/derivatives/flint/antsRegistration/r7-p14/sub-s017/Stage3_level1_Iter0048.nii.gz
1DIAGNOSTIC,    48, -9.718322753906e-01, 5.722045898438e-06, 0.0000e+00, 0.0000e+00, 
*/mnt/lustre/mathdugre/fast-interpolate/datasets/ds004513/derivatives/flint/antsRegistration/r7-p14/sub-s017/Stage3_level1_Iter0049.nii.gz
1DIAGNOSTIC,    49, -9.720153808594e-01, 5.722045898438e-06, 0.0000e+00, 0.0000e+00, 
*/mnt/lustre/mathdugre/fast-interpolate/datasets/ds004513/derivatives/flint/antsRegistration/r7-p14/sub-s017/Stage3_level1_Iter0050.nii.gz
1DIAGNOSTIC,    50, -9.719238281250e-01, 3.814697265625e-06, 0.0000e+00, 0.0000e+00, 
*/mnt/lustre/mathdugre/fast-interpolate/datasets/ds004513/derivatives/flint/antsRegistration/r7-p14/sub-s017/Stage3_level1_Iter0051.nii.gz
1DIAGNOSTIC,    51, -9.720764160156e-01, 4.768371582031e-06, 0.0000e+00, 0.0000e+00, 
*/mnt/lustre/mathdugre/fast-interpolate/datasets/ds004513/derivatives/flint/antsRegistration/r7-p14/sub-s017/Stage3_level1_Iter0052.nii.gz
1DIAGNOSTIC,    52, -9.720153808594e-01, 4.768371582031e-06, 0.0000e+00, 0.0000e+00, 
*/mnt/lustre/mathdugre/fast-interpolate/datasets/ds004513/derivatives/flint/antsRegistration/r7-p14/sub-s017/Stage3_level1_Iter0053.nii.gz
1DIAGNOSTIC,    53, -9.721374511719e-01, 2.861022949219e-06, 0.0000e+00, 0.0000e+00, 
*/mnt/lustre/mathdugre/fast-interpolate/datasets/ds004513/derivatives/flint/antsRegistration/r7-p14/sub-s017/Stage3_level1_Iter0054.nii.gz
1DIAGNOSTIC,    54, -9.720458984375e-01, 3.814697265625e-06, 0.0000e+00, 0.0000e+00, 
*/mnt/lustre/mathdugre/fast-interpolate/datasets/ds004513/derivatives/flint/antsRegistration/r7-p14/sub-s017/Stage3_level1_Iter0055.nii.gz
1DIAGNOSTIC,    55, -9.721984863281e-01, 3.814697265625e-06, 0.0000e+00, 0.0000e+00, 
*/mnt/lustre/mathdugre/fast-interpolate/datasets/ds004513/derivatives/flint/antsRegistration/r7-p14/sub-s017/Stage3_level1_Iter0056.nii.gz
1DIAGNOSTIC,    56, -9.721374511719e-01, 3.814697265625e-06, 0.0000e+00, 0.0000e+00, 
*/mnt/lustre/mathdugre/fast-interpolate/datasets/ds004513/derivatives/flint/antsRegistration/r7-p14/sub-s017/Stage3_level1_Iter0057.nii.gz
1DIAGNOSTIC,    57, -9.722290039062e-01, 2.861022949219e-06, 0.0000e+00, 0.0000e+00, 
*/mnt/lustre/mathdugre/fast-interpolate/datasets/ds004513/derivatives/flint/antsRegistration/r7-p14/sub-s017/Stage3_level1_Iter0058.nii.gz
1DIAGNOSTIC,    58, -9.721679687500e-01, 2.861022949219e-06, 0.0000e+00, 0.0000e+00, 
*/mnt/lustre/mathdugre/fast-interpolate/datasets/ds004513/derivatives/flint/antsRegistration/r7-p14/sub-s017/Stage3_level1_Iter0059.nii.gz
1DIAGNOSTIC,    59, -9.722900390625e-01, 1.907348632812e-06, 0.0000e+00, 0.0000e+00, 
*/mnt/lustre/mathdugre/fast-interpolate/datasets/ds004513/derivatives/flint/antsRegistration/r7-p14/sub-s017/Stage3_level1_Iter0060.nii.gz
1DIAGNOSTIC,    60, -9.722290039062e-01, 9.536743164062e-07, 0.0000e+00, 0.0000e+00, 
XXDIAGNOSTIC,Iteration,metricValue,convergenceValue,ITERATION_TIME_INDEX,SINCE_LAST
*/mnt/lustre/mathdugre/fast-interpolate/datasets/ds004513/derivatives/flint/antsRegistration/r7-p14/sub-s017/Stage3_level2_Iter0001.nii.gz
1DIAGNOSTIC,     1, -9.111938476562e-01, 1.797693134862e+308, 0.0000e+00, 0.0000e+00, 
*/mnt/lustre/mathdugre/fast-interpolate/datasets/ds004513/derivatives/flint/antsRegistration/r7-p14/sub-s017/Stage3_level2_Iter0002.nii.gz
1DIAGNOSTIC,     2, -9.143676757812e-01, 1.797693134862e+308, 0.0000e+00, 0.0000e+00, 
*/mnt/lustre/mathdugre/fast-interpolate/datasets/ds004513/derivatives/flint/antsRegistration/r7-p14/sub-s017/Stage3_level2_Iter0003.nii.gz
1DIAGNOSTIC,     3, -9.181518554688e-01, 1.797693134862e+308, 0.0000e+00, 0.0000e+00, 
*/mnt/lustre/mathdugre/fast-interpolate/datasets/ds004513/derivatives/flint/antsRegistration/r7-p14/sub-s017/Stage3_level2_Iter0004.nii.gz
1DIAGNOSTIC,     4, -9.213256835938e-01, 1.797693134862e+308, 0.0000e+00, 0.0000e+00, 
*/mnt/lustre/mathdugre/fast-interpolate/datasets/ds004513/derivatives/flint/antsRegistration/r7-p14/sub-s017/Stage3_level2_Iter0005.nii.gz
1DIAGNOSTIC,     5, -9.242248535156e-01, 1.797693134862e+308, 0.0000e+00, 0.0000e+00, 
*/mnt/lustre/mathdugre/fast-interpolate/datasets/ds004513/derivatives/flint/antsRegistration/r7-p14/sub-s017/Stage3_level2_Iter0006.nii.gz
1DIAGNOSTIC,     6, -9.270935058594e-01, 1.797693134862e+308, 0.0000e+00, 0.0000e+00, 
*/mnt/lustre/mathdugre/fast-interpolate/datasets/ds004513/derivatives/flint/antsRegistration/r7-p14/sub-s017/Stage3_level2_Iter0007.nii.gz
1DIAGNOSTIC,     7, -9.297180175781e-01, 1.797693134862e+308, 0.0000e+00, 0.0000e+00, 
*/mnt/lustre/mathdugre/fast-interpolate/datasets/ds004513/derivatives/flint/antsRegistration/r7-p14/sub-s017/Stage3_level2_Iter0008.nii.gz
1DIAGNOSTIC,     8, -9.320678710938e-01, 1.797693134862e+308, 0.0000e+00, 0.0000e+00, 
*/mnt/lustre/mathdugre/fast-interpolate/datasets/ds004513/derivatives/flint/antsRegistration/r7-p14/sub-s017/Stage3_level2_Iter0009.nii.gz
1DIAGNOSTIC,     9, -9.340820312500e-01, 1.797693134862e+308, 0.0000e+00, 0.0000e+00, 
*/mnt/lustre/mathdugre/fast-interpolate/datasets/ds004513/derivatives/flint/antsRegistration/r7-p14/sub-s017/Stage3_level2_Iter0010.nii.gz
1DIAGNOSTIC,    10, -9.358215332031e-01, 1.731872558594e-03, 0.0000e+00, 0.0000e+00, 
*/mnt/lustre/mathdugre/fast-interpolate/datasets/ds004513/derivatives/flint/antsRegistration/r7-p14/sub-s017/Stage3_level2_Iter0011.nii.gz
1DIAGNOSTIC,    11, -9.373474121094e-01, 1.434326171875e-03, 0.0000e+00, 0.0000e+00, 
*/mnt/lustre/mathdugre/fast-interpolate/datasets/ds004513/derivatives/flint/antsRegistration/r7-p14/sub-s017/Stage3_level2_Iter0012.nii.gz
1DIAGNOSTIC,    12, -9.386901855469e-01, 1.194000244141e-03, 0.0000e+00, 0.0000e+00, 
*/mnt/lustre/mathdugre/fast-interpolate/datasets/ds004513/derivatives/flint/antsRegistration/r7-p14/sub-s017/Stage3_level2_Iter0013.nii.gz
1DIAGNOSTIC,    13, -9.400329589844e-01, 9.841918945312e-04, 0.0000e+00, 0.0000e+00, 
*/mnt/lustre/mathdugre/fast-interpolate/datasets/ds004513/derivatives/flint/antsRegistration/r7-p14/sub-s017/Stage3_level2_Iter0014.nii.gz
1DIAGNOSTIC,    14, -9.411621093750e-01, 8.163452148438e-04, 0.0000e+00, 0.0000e+00, 
*/mnt/lustre/mathdugre/fast-interpolate/datasets/ds004513/derivatives/flint/antsRegistration/r7-p14/sub-s017/Stage3_level2_Iter0015.nii.gz
1DIAGNOSTIC,    15, -9.422912597656e-01, 6.752014160156e-04, 0.0000e+00, 0.0000e+00, 
*/mnt/lustre/mathdugre/fast-interpolate/datasets/ds004513/derivatives/flint/antsRegistration/r7-p14/sub-s017/Stage3_level2_Iter0016.nii.gz
1DIAGNOSTIC,    16, -9.432067871094e-01, 5.645751953125e-04, 0.0000e+00, 0.0000e+00, 
*/mnt/lustre/mathdugre/fast-interpolate/datasets/ds004513/derivatives/flint/antsRegistration/r7-p14/sub-s017/Stage3_level2_Iter0017.nii.gz
1DIAGNOSTIC,    17, -9.441223144531e-01, 4.768371582031e-04, 0.0000e+00, 0.0000e+00, 
*/mnt/lustre/mathdugre/fast-interpolate/datasets/ds004513/derivatives/flint/antsRegistration/r7-p14/sub-s017/Stage3_level2_Iter0018.nii.gz
1DIAGNOSTIC,    18, -9.447631835938e-01, 4.024505615234e-04, 0.0000e+00, 0.0000e+00, 
*/mnt/lustre/mathdugre/fast-interpolate/datasets/ds004513/derivatives/flint/antsRegistration/r7-p14/sub-s017/Stage3_level2_Iter0019.nii.gz
1DIAGNOSTIC,    19, -9.453430175781e-01, 3.452301025391e-04, 0.0000e+00, 0.0000e+00, 
*/mnt/lustre/mathdugre/fast-interpolate/datasets/ds004513/derivatives/flint/antsRegistration/r7-p14/sub-s017/Stage3_level2_Iter0020.nii.gz
1DIAGNOSTIC,    20, -9.458312988281e-01, 2.899169921875e-04, 0.0000e+00, 0.0000e+00, 
*/mnt/lustre/mathdugre/fast-interpolate/datasets/ds004513/derivatives/flint/antsRegistration/r7-p14/sub-s017/Stage3_level2_Iter0021.nii.gz
1DIAGNOSTIC,    21, -9.462280273438e-01, 2.441406250000e-04, 0.0000e+00, 0.0000e+00, 
*/mnt/lustre/mathdugre/fast-interpolate/datasets/ds004513/derivatives/flint/antsRegistration/r7-p14/sub-s017/Stage3_level2_Iter0022.nii.gz
1DIAGNOSTIC,    22, -9.465942382812e-01, 2.021789550781e-04, 0.0000e+00, 0.0000e+00, 
*/mnt/lustre/mathdugre/fast-interpolate/datasets/ds004513/derivatives/flint/antsRegistration/r7-p14/sub-s017/Stage3_level2_Iter0023.nii.gz
1DIAGNOSTIC,    23, -9.468688964844e-01, 1.659393310547e-04, 0.0000e+00, 0.0000e+00, 
*/mnt/lustre/mathdugre/fast-interpolate/datasets/ds004513/derivatives/flint/antsRegistration/r7-p14/sub-s017/Stage3_level2_Iter0024.nii.gz
1DIAGNOSTIC,    24, -9.471130371094e-01, 1.335144042969e-04, 0.0000e+00, 0.0000e+00, 
*/mnt/lustre/mathdugre/fast-interpolate/datasets/ds004513/derivatives/flint/antsRegistration/r7-p14/sub-s017/Stage3_level2_Iter0025.nii.gz
1DIAGNOSTIC,    25, -9.468994140625e-01, 1.049041748047e-04, 0.0000e+00, 0.0000e+00, 
*/mnt/lustre/mathdugre/fast-interpolate/datasets/ds004513/derivatives/flint/antsRegistration/r7-p14/sub-s017/Stage3_level2_Iter0026.nii.gz
1DIAGNOSTIC,    26, -9.468078613281e-01, 7.057189941406e-05, 0.0000e+00, 0.0000e+00, 
*/mnt/lustre/mathdugre/fast-interpolate/datasets/ds004513/derivatives/flint/antsRegistration/r7-p14/sub-s017/Stage3_level2_Iter0027.nii.gz
1DIAGNOSTIC,    27, -9.468078613281e-01, 5.340576171875e-05, 0.0000e+00, 0.0000e+00, 
*/mnt/lustre/mathdugre/fast-interpolate/datasets/ds004513/derivatives/flint/antsRegistration/r7-p14/sub-s017/Stage3_level2_Iter0028.nii.gz
1DIAGNOSTIC,    28, -9.465942382812e-01, 3.242492675781e-05, 0.0000e+00, 0.0000e+00, 
*/mnt/lustre/mathdugre/fast-interpolate/datasets/ds004513/derivatives/flint/antsRegistration/r7-p14/sub-s017/Stage3_level2_Iter0029.nii.gz
1DIAGNOSTIC,    29, -9.468994140625e-01, 1.335144042969e-05, 0.0000e+00, 0.0000e+00, 
*/mnt/lustre/mathdugre/fast-interpolate/datasets/ds004513/derivatives/flint/antsRegistration/r7-p14/sub-s017/Stage3_level2_Iter0030.nii.gz
1DIAGNOSTIC,    30, -9.465637207031e-01, 1.907348632812e-06, 0.0000e+00, 0.0000e+00, 
*/mnt/lustre/mathdugre/fast-interpolate/datasets/ds004513/derivatives/flint/antsRegistration/r7-p14/sub-s017/Stage3_level2_Iter0031.nii.gz
1DIAGNOSTIC,    31, -9.469299316406e-01, -1.907348632812e-06, 0.0000e+00, 0.0000e+00, 
XXDIAGNOSTIC,Iteration,metricValue,convergenceValue,ITERATION_TIME_INDEX,SINCE_LAST
*/mnt/lustre/mathdugre/fast-interpolate/datasets/ds004513/derivatives/flint/antsRegistration/r7-p14/sub-s017/Stage3_level3_Iter0001.nii.gz
1DIAGNOSTIC,     1, -8.998718261719e-01, 1.797693134862e+308, 0.0000e+00, 0.0000e+00, 
*/mnt/lustre/mathdugre/fast-interpolate/datasets/ds004513/derivatives/flint/antsRegistration/r7-p14/sub-s017/Stage3_level3_Iter0002.nii.gz
1DIAGNOSTIC,     2, -9.019470214844e-01, 1.797693134862e+308, 0.0000e+00, 0.0000e+00, 
*/mnt/lustre/mathdugre/fast-interpolate/datasets/ds004513/derivatives/flint/antsRegistration/r7-p14/sub-s017/Stage3_level3_Iter0003.nii.gz
1DIAGNOSTIC,     3, -9.046936035156e-01, 1.797693134862e+308, 0.0000e+00, 0.0000e+00, 
*/mnt/lustre/mathdugre/fast-interpolate/datasets/ds004513/derivatives/flint/antsRegistration/r7-p14/sub-s017/Stage3_level3_Iter0004.nii.gz
1DIAGNOSTIC,     4, -9.073486328125e-01, 1.797693134862e+308, 0.0000e+00, 0.0000e+00, 
*/mnt/lustre/mathdugre/fast-interpolate/datasets/ds004513/derivatives/flint/antsRegistration/r7-p14/sub-s017/Stage3_level3_Iter0005.nii.gz
1DIAGNOSTIC,     5, -9.097595214844e-01, 1.797693134862e+308, 0.0000e+00, 0.0000e+00, 
*/mnt/lustre/mathdugre/fast-interpolate/datasets/ds004513/derivatives/flint/antsRegistration/r7-p14/sub-s017/Stage3_level3_Iter0006.nii.gz
1DIAGNOSTIC,     6, -9.119262695312e-01, 1.797693134862e+308, 0.0000e+00, 0.0000e+00, 
*/mnt/lustre/mathdugre/fast-interpolate/datasets/ds004513/derivatives/flint/antsRegistration/r7-p14/sub-s017/Stage3_level3_Iter0007.nii.gz
1DIAGNOSTIC,     7, -9.138488769531e-01, 1.797693134862e+308, 0.0000e+00, 0.0000e+00, 
*/mnt/lustre/mathdugre/fast-interpolate/datasets/ds004513/derivatives/flint/antsRegistration/r7-p14/sub-s017/Stage3_level3_Iter0008.nii.gz
1DIAGNOSTIC,     8, -9.155273437500e-01, 1.797693134862e+308, 0.0000e+00, 0.0000e+00, 
*/mnt/lustre/mathdugre/fast-interpolate/datasets/ds004513/derivatives/flint/antsRegistration/r7-p14/sub-s017/Stage3_level3_Iter0009.nii.gz
1DIAGNOSTIC,     9, -9.170532226562e-01, 1.797693134862e+308, 0.0000e+00, 0.0000e+00, 
*/mnt/lustre/mathdugre/fast-interpolate/datasets/ds004513/derivatives/flint/antsRegistration/r7-p14/sub-s017/Stage3_level3_Iter0010.nii.gz
1DIAGNOSTIC,    10, -9.184265136719e-01, 1.335144042969e-03, 0.0000e+00, 0.0000e+00, 
*/mnt/lustre/mathdugre/fast-interpolate/datasets/ds004513/derivatives/flint/antsRegistration/r7-p14/sub-s017/Stage3_level3_Iter0011.nii.gz
1DIAGNOSTIC,    11, -9.196166992188e-01, 1.117706298828e-03, 0.0000e+00, 0.0000e+00, 
*/mnt/lustre/mathdugre/fast-interpolate/datasets/ds004513/derivatives/flint/antsRegistration/r7-p14/sub-s017/Stage3_level3_Iter0012.nii.gz
1DIAGNOSTIC,    12, -9.203796386719e-01, 9.193420410156e-04, 0.0000e+00, 0.0000e+00, 
*/mnt/lustre/mathdugre/fast-interpolate/datasets/ds004513/derivatives/flint/antsRegistration/r7-p14/sub-s017/Stage3_level3_Iter0013.nii.gz
1DIAGNOSTIC,    13, -9.213256835938e-01, 7.438659667969e-04, 0.0000e+00, 0.0000e+00, 
*/mnt/lustre/mathdugre/fast-interpolate/datasets/ds004513/derivatives/flint/antsRegistration/r7-p14/sub-s017/Stage3_level3_Iter0014.nii.gz
1DIAGNOSTIC,    14, -9.222106933594e-01, 6.141662597656e-04, 0.0000e+00, 0.0000e+00, 
*/mnt/lustre/mathdugre/fast-interpolate/datasets/ds004513/derivatives/flint/antsRegistration/r7-p14/sub-s017/Stage3_level3_Iter0015.nii.gz
1DIAGNOSTIC,    15, -9.227294921875e-01, 4.997253417969e-04, 0.0000e+00, 0.0000e+00, 
*/mnt/lustre/mathdugre/fast-interpolate/datasets/ds004513/derivatives/flint/antsRegistration/r7-p14/sub-s017/Stage3_level3_Iter0016.nii.gz
1DIAGNOSTIC,    16, -9.233398437500e-01, 4.043579101562e-04, 0.0000e+00, 0.0000e+00, 
*/mnt/lustre/mathdugre/fast-interpolate/datasets/ds004513/derivatives/flint/antsRegistration/r7-p14/sub-s017/Stage3_level3_Iter0017.nii.gz
1DIAGNOSTIC,    17, -9.239196777344e-01, 3.356933593750e-04, 0.0000e+00, 0.0000e+00, 
*/mnt/lustre/mathdugre/fast-interpolate/datasets/ds004513/derivatives/flint/antsRegistration/r7-p14/sub-s017/Stage3_level3_Iter0018.nii.gz
1DIAGNOSTIC,    18, -9.243469238281e-01, 2.765655517578e-04, 0.0000e+00, 0.0000e+00, 
*/mnt/lustre/mathdugre/fast-interpolate/datasets/ds004513/derivatives/flint/antsRegistration/r7-p14/sub-s017/Stage3_level3_Iter0019.nii.gz
1DIAGNOSTIC,    19, -9.248962402344e-01, 2.307891845703e-04, 0.0000e+00, 0.0000e+00, 
*/mnt/lustre/mathdugre/fast-interpolate/datasets/ds004513/derivatives/flint/antsRegistration/r7-p14/sub-s017/Stage3_level3_Iter0020.nii.gz
1DIAGNOSTIC,    20, -9.253845214844e-01, 1.983642578125e-04, 0.0000e+00, 0.0000e+00, 
*/mnt/lustre/mathdugre/fast-interpolate/datasets/ds004513/derivatives/flint/antsRegistration/r7-p14/sub-s017/Stage3_level3_Iter0021.nii.gz
1DIAGNOSTIC,    21, -9.258728027344e-01, 1.716613769531e-04, 0.0000e+00, 0.0000e+00, 
*/mnt/lustre/mathdugre/fast-interpolate/datasets/ds004513/derivatives/flint/antsRegistration/r7-p14/sub-s017/Stage3_level3_Iter0022.nii.gz
1DIAGNOSTIC,    22, -9.262390136719e-01, 1.506805419922e-04, 0.0000e+00, 0.0000e+00, 
*/mnt/lustre/mathdugre/fast-interpolate/datasets/ds004513/derivatives/flint/antsRegistration/r7-p14/sub-s017/Stage3_level3_Iter0023.nii.gz
1DIAGNOSTIC,    23, -9.266967773438e-01, 1.392364501953e-04, 0.0000e+00, 0.0000e+00, 
*/mnt/lustre/mathdugre/fast-interpolate/datasets/ds004513/derivatives/flint/antsRegistration/r7-p14/sub-s017/Stage3_level3_Iter0024.nii.gz
1DIAGNOSTIC,    24, -9.271545410156e-01, 1.277923583984e-04, 0.0000e+00, 0.0000e+00, 
*/mnt/lustre/mathdugre/fast-interpolate/datasets/ds004513/derivatives/flint/antsRegistration/r7-p14/sub-s017/Stage3_level3_Iter0025.nii.gz
1DIAGNOSTIC,    25, -9.274902343750e-01, 1.125335693359e-04, 0.0000e+00, 0.0000e+00, 
*/mnt/lustre/mathdugre/fast-interpolate/datasets/ds004513/derivatives/flint/antsRegistration/r7-p14/sub-s017/Stage3_level3_Iter0026.nii.gz
1DIAGNOSTIC,    26, -9.277954101562e-01, 1.029968261719e-04, 0.0000e+00, 0.0000e+00, 
*/mnt/lustre/mathdugre/fast-interpolate/datasets/ds004513/derivatives/flint/antsRegistration/r7-p14/sub-s017/Stage3_level3_Iter0027.nii.gz
1DIAGNOSTIC,    27, -9.281311035156e-01, 9.727478027344e-05, 0.0000e+00, 0.0000e+00, 
*/mnt/lustre/mathdugre/fast-interpolate/datasets/ds004513/derivatives/flint/antsRegistration/r7-p14/sub-s017/Stage3_level3_Iter0028.nii.gz
1DIAGNOSTIC,    28, -9.284667968750e-01, 8.583068847656e-05, 0.0000e+00, 0.0000e+00, 
*/mnt/lustre/mathdugre/fast-interpolate/datasets/ds004513/derivatives/flint/antsRegistration/r7-p14/sub-s017/Stage3_level3_Iter0029.nii.gz
1DIAGNOSTIC,    29, -9.287719726562e-01, 8.201599121094e-05, 0.0000e+00, 0.0000e+00, 
*/mnt/lustre/mathdugre/fast-interpolate/datasets/ds004513/derivatives/flint/antsRegistration/r7-p14/sub-s017/Stage3_level3_Iter0030.nii.gz
1DIAGNOSTIC,    30, -9.290771484375e-01, 7.057189941406e-05, 0.0000e+00, 0.0000e+00, 
*/mnt/lustre/mathdugre/fast-interpolate/datasets/ds004513/derivatives/flint/antsRegistration/r7-p14/sub-s017/Stage3_level3_Iter0031.nii.gz
1DIAGNOSTIC,    31, -9.294128417969e-01, 6.866455078125e-05, 0.0000e+00, 0.0000e+00, 
*/mnt/lustre/mathdugre/fast-interpolate/datasets/ds004513/derivatives/flint/antsRegistration/r7-p14/sub-s017/Stage3_level3_Iter0032.nii.gz
1DIAGNOSTIC,    32, -9.297180175781e-01, 6.294250488281e-05, 0.0000e+00, 0.0000e+00, 
*/mnt/lustre/mathdugre/fast-interpolate/datasets/ds004513/derivatives/flint/antsRegistration/r7-p14/sub-s017/Stage3_level3_Iter0033.nii.gz
1DIAGNOSTIC,    33, -9.300231933594e-01, 6.103515625000e-05, 0.0000e+00, 0.0000e+00, 
*/mnt/lustre/mathdugre/fast-interpolate/datasets/ds004513/derivatives/flint/antsRegistration/r7-p14/sub-s017/Stage3_level3_Iter0034.nii.gz
1DIAGNOSTIC,    34, -9.302978515625e-01, 5.531311035156e-05, 0.0000e+00, 0.0000e+00, 
*/mnt/lustre/mathdugre/fast-interpolate/datasets/ds004513/derivatives/flint/antsRegistration/r7-p14/sub-s017/Stage3_level3_Iter0035.nii.gz
1DIAGNOSTIC,    35, -9.306030273438e-01, 5.531311035156e-05, 0.0000e+00, 0.0000e+00, 
*/mnt/lustre/mathdugre/fast-interpolate/datasets/ds004513/derivatives/flint/antsRegistration/r7-p14/sub-s017/Stage3_level3_Iter0036.nii.gz
1DIAGNOSTIC,    36, -9.308776855469e-01, 5.245208740234e-05, 0.0000e+00, 0.0000e+00, 
*/mnt/lustre/mathdugre/fast-interpolate/datasets/ds004513/derivatives/flint/antsRegistration/r7-p14/sub-s017/Stage3_level3_Iter0037.nii.gz
1DIAGNOSTIC,    37, -9.311218261719e-01, 4.959106445312e-05, 0.0000e+00, 0.0000e+00, 
*/mnt/lustre/mathdugre/fast-interpolate/datasets/ds004513/derivatives/flint/antsRegistration/r7-p14/sub-s017/Stage3_level3_Iter0038.nii.gz
1DIAGNOSTIC,    38, -9.313964843750e-01, 4.673004150391e-05, 0.0000e+00, 0.0000e+00, 
*/mnt/lustre/mathdugre/fast-interpolate/datasets/ds004513/derivatives/flint/antsRegistration/r7-p14/sub-s017/Stage3_level3_Iter0039.nii.gz
1DIAGNOSTIC,    39, -9.316101074219e-01, 4.577636718750e-05, 0.0000e+00, 0.0000e+00, 
*/mnt/lustre/mathdugre/fast-interpolate/datasets/ds004513/derivatives/flint/antsRegistration/r7-p14/sub-s017/Stage3_level3_Iter0040.nii.gz
1DIAGNOSTIC,    40, -9.317932128906e-01, 4.196166992188e-05, 0.0000e+00, 0.0000e+00, 
*/mnt/lustre/mathdugre/fast-interpolate/datasets/ds004513/derivatives/flint/antsRegistration/r7-p14/sub-s017/Stage3_level3_Iter0041.nii.gz
1DIAGNOSTIC,    41, -9.319152832031e-01, 3.910064697266e-05, 0.0000e+00, 0.0000e+00, 
*/mnt/lustre/mathdugre/fast-interpolate/datasets/ds004513/derivatives/flint/antsRegistration/r7-p14/sub-s017/Stage3_level3_Iter0042.nii.gz
1DIAGNOSTIC,    42, -9.320678710938e-01, 3.433227539062e-05, 0.0000e+00, 0.0000e+00, 
*/mnt/lustre/mathdugre/fast-interpolate/datasets/ds004513/derivatives/flint/antsRegistration/r7-p14/sub-s017/Stage3_level3_Iter0043.nii.gz
1DIAGNOSTIC,    43, -9.321899414062e-01, 3.051757812500e-05, 0.0000e+00, 0.0000e+00, 
*/mnt/lustre/mathdugre/fast-interpolate/datasets/ds004513/derivatives/flint/antsRegistration/r7-p14/sub-s017/Stage3_level3_Iter0044.nii.gz
1DIAGNOSTIC,    44, -9.323120117188e-01, 2.670288085938e-05, 0.0000e+00, 0.0000e+00, 
*/mnt/lustre/mathdugre/fast-interpolate/datasets/ds004513/derivatives/flint/antsRegistration/r7-p14/sub-s017/Stage3_level3_Iter0045.nii.gz
1DIAGNOSTIC,    45, -9.324035644531e-01, 2.384185791016e-05, 0.0000e+00, 0.0000e+00, 
*/mnt/lustre/mathdugre/fast-interpolate/datasets/ds004513/derivatives/flint/antsRegistration/r7-p14/sub-s017/Stage3_level3_Iter0046.nii.gz
1DIAGNOSTIC,    46, -9.325256347656e-01, 2.002716064453e-05, 0.0000e+00, 0.0000e+00, 
*/mnt/lustre/mathdugre/fast-interpolate/datasets/ds004513/derivatives/flint/antsRegistration/r7-p14/sub-s017/Stage3_level3_Iter0047.nii.gz
1DIAGNOSTIC,    47, -9.326171875000e-01, 1.716613769531e-05, 0.0000e+00, 0.0000e+00, 
*/mnt/lustre/mathdugre/fast-interpolate/datasets/ds004513/derivatives/flint/antsRegistration/r7-p14/sub-s017/Stage3_level3_Iter0048.nii.gz
1DIAGNOSTIC,    48, -9.327392578125e-01, 1.621246337891e-05, 0.0000e+00, 0.0000e+00, 
*/mnt/lustre/mathdugre/fast-interpolate/datasets/ds004513/derivatives/flint/antsRegistration/r7-p14/sub-s017/Stage3_level3_Iter0049.nii.gz
1DIAGNOSTIC,    49, -9.328613281250e-01, 1.335144042969e-05, 0.0000e+00, 0.0000e+00, 
*/mnt/lustre/mathdugre/fast-interpolate/datasets/ds004513/derivatives/flint/antsRegistration/r7-p14/sub-s017/Stage3_level3_Iter0050.nii.gz
1DIAGNOSTIC,    50, -9.329833984375e-01, 1.335144042969e-05, 0.0000e+00, 0.0000e+00, 
XXDIAGNOSTIC,Iteration,metricValue,convergenceValue,ITERATION_TIME_INDEX,SINCE_LAST
*/mnt/lustre/mathdugre/fast-interpolate/datasets/ds004513/derivatives/flint/antsRegistration/r7-p14/sub-s017/Stage3_level4_Iter0001.nii.gz
1DIAGNOSTIC,     1, -8.882141113281e-01, 1.797693134862e+308, 0.0000e+00, 0.0000e+00, 
*/mnt/lustre/mathdugre/fast-interpolate/datasets/ds004513/derivatives/flint/antsRegistration/r7-p14/sub-s017/Stage3_level4_Iter0002.nii.gz
1DIAGNOSTIC,     2, -8.891601562500e-01, 1.797693134862e+308, 0.0000e+00, 0.0000e+00, 
*/mnt/lustre/mathdugre/fast-interpolate/datasets/ds004513/derivatives/flint/antsRegistration/r7-p14/sub-s017/Stage3_level4_Iter0003.nii.gz
1DIAGNOSTIC,     3, -8.905639648438e-01, 1.797693134862e+308, 0.0000e+00, 0.0000e+00, 
*/mnt/lustre/mathdugre/fast-interpolate/datasets/ds004513/derivatives/flint/antsRegistration/r7-p14/sub-s017/Stage3_level4_Iter0004.nii.gz
1DIAGNOSTIC,     4, -8.921508789062e-01, 1.797693134862e+308, 0.0000e+00, 0.0000e+00, 
*/mnt/lustre/mathdugre/fast-interpolate/datasets/ds004513/derivatives/flint/antsRegistration/r7-p14/sub-s017/Stage3_level4_Iter0005.nii.gz
1DIAGNOSTIC,     5, -8.937988281250e-01, 1.797693134862e+308, 6.5536e+04, 6.5536e+04, 
*/mnt/lustre/mathdugre/fast-interpolate/datasets/ds004513/derivatives/flint/antsRegistration/r7-p14/sub-s017/Stage3_level4_Iter0006.nii.gz
1DIAGNOSTIC,     6, -8.953247070312e-01, 1.797693134862e+308, 6.5536e+04, 0.0000e+00, 
*/mnt/lustre/mathdugre/fast-interpolate/datasets/ds004513/derivatives/flint/antsRegistration/r7-p14/sub-s017/Stage3_level4_Iter0007.nii.gz
1DIAGNOSTIC,     7, -8.967590332031e-01, 1.797693134862e+308, 6.5536e+04, 0.0000e+00, 
*/mnt/lustre/mathdugre/fast-interpolate/datasets/ds004513/derivatives/flint/antsRegistration/r7-p14/sub-s017/Stage3_level4_Iter0008.nii.gz
1DIAGNOSTIC,     8, -8.980407714844e-01, 1.797693134862e+308, 6.5536e+04, 0.0000e+00, 
*/mnt/lustre/mathdugre/fast-interpolate/datasets/ds004513/derivatives/flint/antsRegistration/r7-p14/sub-s017/Stage3_level4_Iter0009.nii.gz
1DIAGNOSTIC,     9, -8.990173339844e-01, 1.797693134862e+308, 6.5536e+04, 0.0000e+00, 
*/mnt/lustre/mathdugre/fast-interpolate/datasets/ds004513/derivatives/flint/antsRegistration/r7-p14/sub-s017/Stage3_level4_Iter0010.nii.gz
1DIAGNOSTIC,    10, -8.999328613281e-01, 8.888244628906e-04, 6.5536e+04, 0.0000e+00, 
*/mnt/lustre/mathdugre/fast-interpolate/datasets/ds004513/derivatives/flint/antsRegistration/r7-p14/sub-s017/Stage3_level4_Iter0011.nii.gz
1DIAGNOSTIC,    11, -9.007568359375e-01, 7.781982421875e-04, 6.5536e+04, 0.0000e+00, 
*/mnt/lustre/mathdugre/fast-interpolate/datasets/ds004513/derivatives/flint/antsRegistration/r7-p14/sub-s017/Stage3_level4_Iter0012.nii.gz
1DIAGNOSTIC,    12, -9.015502929688e-01, 6.523132324219e-04, 6.5536e+04, 0.0000e+00, 
*/mnt/lustre/mathdugre/fast-interpolate/datasets/ds004513/derivatives/flint/antsRegistration/r7-p14/sub-s017/Stage3_level4_Iter0013.nii.gz
1DIAGNOSTIC,    13, -9.022827148438e-01, 5.455017089844e-04, 6.5536e+04, 0.0000e+00, 
*/mnt/lustre/mathdugre/fast-interpolate/datasets/ds004513/derivatives/flint/antsRegistration/r7-p14/sub-s017/Stage3_level4_Iter0014.nii.gz
1DIAGNOSTIC,    14, -9.029541015625e-01, 4.539489746094e-04, 6.5536e+04, 0.0000e+00, 
*/mnt/lustre/mathdugre/fast-interpolate/datasets/ds004513/derivatives/flint/antsRegistration/r7-p14/sub-s017/Stage3_level4_Iter0015.nii.gz
1DIAGNOSTIC,    15, -9.035644531250e-01, 3.738403320312e-04, 6.5536e+04, 0.0000e+00, 
*/mnt/lustre/mathdugre/fast-interpolate/datasets/ds004513/derivatives/flint/antsRegistration/r7-p14/sub-s017/Stage3_level4_Iter0016.nii.gz
1DIAGNOSTIC,    16, -9.041137695312e-01, 3.204345703125e-04, 6.5536e+04, 0.0000e+00, 
*/mnt/lustre/mathdugre/fast-interpolate/datasets/ds004513/derivatives/flint/antsRegistration/r7-p14/sub-s017/Stage3_level4_Iter0017.nii.gz
1DIAGNOSTIC,    17, -9.046020507812e-01, 2.765655517578e-04, 6.5536e+04, 0.0000e+00, 
*/mnt/lustre/mathdugre/fast-interpolate/datasets/ds004513/derivatives/flint/antsRegistration/r7-p14/sub-s017/Stage3_level4_Iter0018.nii.gz
1DIAGNOSTIC,    18, -9.050598144531e-01, 2.365112304688e-04, 1.3107e+05, 6.5536e+04, 
*/mnt/lustre/mathdugre/fast-interpolate/datasets/ds004513/derivatives/flint/antsRegistration/r7-p14/sub-s017/Stage3_level4_Iter0019.nii.gz
1DIAGNOSTIC,    19, -9.054870605469e-01, 2.079010009766e-04, 1.3107e+05, 0.0000e+00, 
*/mnt/lustre/mathdugre/fast-interpolate/datasets/ds004513/derivatives/flint/antsRegistration/r7-p14/sub-s017/Stage3_level4_Iter0020.nii.gz
1DIAGNOSTIC,    20, -9.058532714844e-01, 1.773834228516e-04, 1.3107e+05, 0.0000e+00, 
  Elapsed time (stage 2): 1.311e+05


Total elapsed time: 1.311e+05
