
##########################
# Experiment information #
##########################

EXPERIMENT_NAME: r7-p14
VFC_BACKENDS: libinterflop_vprec.so --range-binary32=7 --precision-binary32=14 --range-binary64=7 --precision-binary64=14

SIF_IMG: /mnt/lustre/mathdugre/containers/ants-vprec-no_metric.simg

SUBJECT_ID: s033
INPUT_IMG: /mnt/lustre/mathdugre/fast-interpolate/datasets/ds004513/derivatives/flint/antsBrainExtraction/sub-s033/BrainExtractionBrain.nii.gz
OUTPUT_DIR: /mnt/lustre/mathdugre/fast-interpolate/datasets/ds004513/derivatives/flint/antsRegistration/r7-p14/sub-s033

FIXED_IMG: /templateflow/tpl-MNI152NLin2009cAsym/tpl-MNI152NLin2009cAsym_res-01_desc-brain_T1w.nii.gz
DATA_DIR: /mnt/lustre/mathdugre/fast-interpolate/datasets/ds004513
TEMPLATEFLOW_DIR: /home/mathdugre/.cache/templateflow
ITK_GLOBAL_DEFAULT_NUMBER_OF_THREADS: 4
##########################

Info [verificarlo]: loaded backend libinterflop_vprec.so
Info [interflop-vprec]: load backend with: 
Info [interflop-vprec]: precision-binary32 = 14
Info [interflop-vprec]: range-binary32 = 7
Info [interflop-vprec]: precision-binary64 = 14
Info [interflop-vprec]: range-binary64 = 7
Info [interflop-vprec]: mode = ob
Info [interflop-vprec]: error-mode = rel
Info [interflop-vprec]: max-abs-error-exponent = -1022
Info [interflop-vprec]: daz = false
Info [interflop-vprec]: ftz = false
Info [interflop-vprec]: 	instrument = none
Info [interflop-vprec]: 	prec-input-file = (null)
Info [interflop-vprec]: 	prec-output-file = (null)
Info [interflop-vprec]: 	prec-log-file = (null)
All_Command_lines_OK
Using double precision for computations.
=============================================================================
The composite transform comprises the following transforms (in order): 
  1. Center of mass alignment using fixed image: /templateflow/tpl-MNI152NLin2009cAsym/tpl-MNI152NLin2009cAsym_res-01_desc-brain_T1w.nii.gz and moving image: /mnt/lustre/mathdugre/fast-interpolate/datasets/ds004513/derivatives/flint/antsBrainExtraction/sub-s033/BrainExtractionBrain.nii.gz (type = Euler3DTransform)
=============================================================================
  number of levels = 4
  number of levels = 4
  number of levels = 4
  fixed image: /templateflow/tpl-MNI152NLin2009cAsym/tpl-MNI152NLin2009cAsym_res-01_desc-brain_T1w.nii.gz
  moving image: /mnt/lustre/mathdugre/fast-interpolate/datasets/ds004513/derivatives/flint/antsBrainExtraction/sub-s033/BrainExtractionBrain.nii.gz
  fixed image: /templateflow/tpl-MNI152NLin2009cAsym/tpl-MNI152NLin2009cAsym_res-01_desc-brain_T1w.nii.gz
  moving image: /mnt/lustre/mathdugre/fast-interpolate/datasets/ds004513/derivatives/flint/antsBrainExtraction/sub-s033/BrainExtractionBrain.nii.gz
  fixed image: /templateflow/tpl-MNI152NLin2009cAsym/tpl-MNI152NLin2009cAsym_res-01_desc-brain_T1w.nii.gz
  moving image: /mnt/lustre/mathdugre/fast-interpolate/datasets/ds004513/derivatives/flint/antsBrainExtraction/sub-s033/BrainExtractionBrain.nii.gz
Dimension = 3
Number of stages = 3
Use histogram matching = false
Winsorize image intensities = true
  Lower quantile = 0.005
  Upper quantile = 0.995


Stage 1 State
   Image metric = MattesMI
     Fixed image = Image (0x359eb30)
  RTTI typeinfo:   itk::Image<double, 3u>
  Reference Count: 2
  Modified Time: 2385
  Debug: Off
  Object Name: 
  Observers: 
    none
  Source: (none)
  Source output name: (none)
  Release Data: Off
  Data Released: False
  Global Release Data: Off
  PipelineMTime: 0
  UpdateMTime: 1996
  RealTimeStamp: 0 seconds 
  LargestPossibleRegion: 
    Dimension: 3
    Index: [0, 0, 0]
    Size: [193, 229, 193]
  BufferedRegion: 
    Dimension: 3
    Index: [0, 0, 0]
    Size: [193, 229, 193]
  RequestedRegion: 
    Dimension: 3
    Index: [0, 0, 0]
    Size: [193, 229, 193]
  Spacing: [1, 1, 1]
  Origin: [96, 132, -78]
  Direction: 
-1 0 0
0 -1 0
0 0 1

  IndexToPointMatrix: 
-1 0 0
0 -1 0
0 0 1

  PointToIndexMatrix: 
-1 0 0
0 -1 0
0 0 1

  Inverse Direction: 
-1 0 0
0 -1 0
0 0 1

  PixelContainer: 
    ImportImageContainer (0x35a10a0)
      RTTI typeinfo:   itk::ImportImageContainer<unsigned long, double>
      Reference Count: 1
      Modified Time: 1993
      Debug: Off
      Object Name: 
      Observers: 
        none
      Pointer: 0x7f9b849fb010
      Container manages memory: true
      Size: 8530021
      Capacity: 8530021

     Moving image = Image (0x359a400)
  RTTI typeinfo:   itk::Image<double, 3u>
  Reference Count: 2
  Modified Time: 2386
  Debug: Off
  Object Name: 
  Observers: 
    none
  Source: (none)
  Source output name: (none)
  Release Data: Off
  Data Released: False
  Global Release Data: Off
  PipelineMTime: 0
  UpdateMTime: 2383
  RealTimeStamp: 0 seconds 
  LargestPossibleRegion: 
    Dimension: 3
    Index: [0, 0, 0]
    Size: [160, 240, 256]
  BufferedRegion: 
    Dimension: 3
    Index: [0, 0, 0]
    Size: [160, 240, 256]
  RequestedRegion: 
    Dimension: 3
    Index: [0, 0, 0]
    Size: [160, 240, 256]
  Spacing: [1, 1, 1]
  Origin: [91.5117, 94.2812, -109.926]
  Direction: 
-0.995911 -0.06987 -0.0572834
0.0697556 -0.997559 0.00401235
-0.0574245 5.01132e-08 0.998352

  IndexToPointMatrix: 
-0.995911 -0.06987 -0.0572834
0.0697556 -0.997559 0.00401235
-0.0574245 5.01132e-08 0.998352

  PointToIndexMatrix: 
-0.996033 0.0697632 -0.0574322
-0.0698738 -0.997559 -1.19209e-07
-0.0572872 0.00401258 0.998352

  Inverse Direction: 
-0.996033 0.0697632 -0.0574322
-0.0698738 -0.997559 -1.19209e-07
-0.0572872 0.00401258 0.998352

  PixelContainer: 
    ImportImageContainer (0x371e750)
      RTTI typeinfo:   itk::ImportImageContainer<unsigned long, double>
      Reference Count: 1
      Modified Time: 2380
      Debug: Off
      Object Name: 
      Observers: 
        none
      Pointer: 0x7f9b7fefa010
      Container manages memory: true
      Size: 9830400
      Capacity: 9830400

     Weighting = 1
     Sampling strategy = regular
     Number of bins = 32
     Radius = 4
     Sampling percentage  = 0.25
   Transform = Rigid
     Gradient step = 0.1
     Update field sigma (voxel space) = 0
     Total field sigma (voxel space) = 0
     Update field time sigma = 0
     Total field time sigma  = 0
     Number of time indices = 0
     Number of time point samples = 0
Stage 2 State
   Image metric = MattesMI
     Fixed image = Image (0x35bf8c0)
  RTTI typeinfo:   itk::Image<double, 3u>
  Reference Count: 2
  Modified Time: 3161
  Debug: Off
  Object Name: 
  Observers: 
    none
  Source: (none)
  Source output name: (none)
  Release Data: Off
  Data Released: False
  Global Release Data: Off
  PipelineMTime: 0
  UpdateMTime: 2772
  RealTimeStamp: 0 seconds 
  LargestPossibleRegion: 
    Dimension: 3
    Index: [0, 0, 0]
    Size: [193, 229, 193]
  BufferedRegion: 
    Dimension: 3
    Index: [0, 0, 0]
    Size: [193, 229, 193]
  RequestedRegion: 
    Dimension: 3
    Index: [0, 0, 0]
    Size: [193, 229, 193]
  Spacing: [1, 1, 1]
  Origin: [96, 132, -78]
  Direction: 
-1 0 0
0 -1 0
0 0 1

  IndexToPointMatrix: 
-1 0 0
0 -1 0
0 0 1

  PointToIndexMatrix: 
-1 0 0
0 -1 0
0 0 1

  Inverse Direction: 
-1 0 0
0 -1 0
0 0 1

  PixelContainer: 
    ImportImageContainer (0x35a3040)
      RTTI typeinfo:   itk::ImportImageContainer<unsigned long, double>
      Reference Count: 1
      Modified Time: 2769
      Debug: Off
      Object Name: 
      Observers: 
        none
      Pointer: 0x7f9b7bde5010
      Container manages memory: true
      Size: 8530021
      Capacity: 8530021

     Moving image = Image (0x36dca80)
  RTTI typeinfo:   itk::Image<double, 3u>
  Reference Count: 2
  Modified Time: 3162
  Debug: Off
  Object Name: 
  Observers: 
    none
  Source: (none)
  Source output name: (none)
  Release Data: Off
  Data Released: False
  Global Release Data: Off
  PipelineMTime: 0
  UpdateMTime: 3159
  RealTimeStamp: 0 seconds 
  LargestPossibleRegion: 
    Dimension: 3
    Index: [0, 0, 0]
    Size: [160, 240, 256]
  BufferedRegion: 
    Dimension: 3
    Index: [0, 0, 0]
    Size: [160, 240, 256]
  RequestedRegion: 
    Dimension: 3
    Index: [0, 0, 0]
    Size: [160, 240, 256]
  Spacing: [1, 1, 1]
  Origin: [91.5117, 94.2812, -109.926]
  Direction: 
-0.995911 -0.06987 -0.0572834
0.0697556 -0.997559 0.00401235
-0.0574245 5.01132e-08 0.998352

  IndexToPointMatrix: 
-0.995911 -0.06987 -0.0572834
0.0697556 -0.997559 0.00401235
-0.0574245 5.01132e-08 0.998352

  PointToIndexMatrix: 
-0.996033 0.0697632 -0.0574322
-0.0698738 -0.997559 -1.19209e-07
-0.0572872 0.00401258 0.998352

  Inverse Direction: 
-0.996033 0.0697632 -0.0574322
-0.0698738 -0.997559 -1.19209e-07
-0.0572872 0.00401258 0.998352

  PixelContainer: 
    ImportImageContainer (0x3793210)
      RTTI typeinfo:   itk::ImportImageContainer<unsigned long, double>
      Reference Count: 1
      Modified Time: 3156
      Debug: Off
      Object Name: 
      Observers: 
        none
      Pointer: 0x7f9b772e4010
      Container manages memory: true
      Size: 9830400
      Capacity: 9830400

     Weighting = 1
     Sampling strategy = regular
     Number of bins = 32
     Radius = 4
     Sampling percentage  = 0.25
   Transform = Affine
     Gradient step = 0.1
     Update field sigma (voxel space) = 0
     Total field sigma (voxel space) = 0
     Update field time sigma = 0
     Total field time sigma  = 0
     Number of time indices = 0
     Number of time point samples = 0
Stage 3 State
   Image metric = CC
     Fixed image = Image (0x36d6e70)
  RTTI typeinfo:   itk::Image<double, 3u>
  Reference Count: 2
  Modified Time: 3937
  Debug: Off
  Object Name: 
  Observers: 
    none
  Source: (none)
  Source output name: (none)
  Release Data: Off
  Data Released: False
  Global Release Data: Off
  PipelineMTime: 0
  UpdateMTime: 3548
  RealTimeStamp: 0 seconds 
  LargestPossibleRegion: 
    Dimension: 3
    Index: [0, 0, 0]
    Size: [193, 229, 193]
  BufferedRegion: 
    Dimension: 3
    Index: [0, 0, 0]
    Size: [193, 229, 193]
  RequestedRegion: 
    Dimension: 3
    Index: [0, 0, 0]
    Size: [193, 229, 193]
  Spacing: [1, 1, 1]
  Origin: [96, 132, -78]
  Direction: 
-1 0 0
0 -1 0
0 0 1

  IndexToPointMatrix: 
-1 0 0
0 -1 0
0 0 1

  PointToIndexMatrix: 
-1 0 0
0 -1 0
0 0 1

  Inverse Direction: 
-1 0 0
0 -1 0
0 0 1

  PixelContainer: 
    ImportImageContainer (0x3746870)
      RTTI typeinfo:   itk::ImportImageContainer<unsigned long, double>
      Reference Count: 1
      Modified Time: 3545
      Debug: Off
      Object Name: 
      Observers: 
        none
      Pointer: 0x7f9b731cf010
      Container manages memory: true
      Size: 8530021
      Capacity: 8530021

     Moving image = Image (0x35c3620)
  RTTI typeinfo:   itk::Image<double, 3u>
  Reference Count: 2
  Modified Time: 3938
  Debug: Off
  Object Name: 
  Observers: 
    none
  Source: (none)
  Source output name: (none)
  Release Data: Off
  Data Released: False
  Global Release Data: Off
  PipelineMTime: 0
  UpdateMTime: 3935
  RealTimeStamp: 0 seconds 
  LargestPossibleRegion: 
    Dimension: 3
    Index: [0, 0, 0]
    Size: [160, 240, 256]
  BufferedRegion: 
    Dimension: 3
    Index: [0, 0, 0]
    Size: [160, 240, 256]
  RequestedRegion: 
    Dimension: 3
    Index: [0, 0, 0]
    Size: [160, 240, 256]
  Spacing: [1, 1, 1]
  Origin: [91.5117, 94.2812, -109.926]
  Direction: 
-0.995911 -0.06987 -0.0572834
0.0697556 -0.997559 0.00401235
-0.0574245 5.01132e-08 0.998352

  IndexToPointMatrix: 
-0.995911 -0.06987 -0.0572834
0.0697556 -0.997559 0.00401235
-0.0574245 5.01132e-08 0.998352

  PointToIndexMatrix: 
-0.996033 0.0697632 -0.0574322
-0.0698738 -0.997559 -1.19209e-07
-0.0572872 0.00401258 0.998352

  Inverse Direction: 
-0.996033 0.0697632 -0.0574322
-0.0698738 -0.997559 -1.19209e-07
-0.0572872 0.00401258 0.998352

  PixelContainer: 
    ImportImageContainer (0x36fe6d0)
      RTTI typeinfo:   itk::ImportImageContainer<unsigned long, double>
      Reference Count: 1
      Modified Time: 3932
      Debug: Off
      Object Name: 
      Observers: 
        none
      Pointer: 0x7f9b6e6ce010
      Container manages memory: true
      Size: 9830400
      Capacity: 9830400

     Weighting = 1
     Sampling strategy = none
     Number of bins = 32
     Radius = 4
     Sampling percentage  = 1
   Transform = SyN
     Gradient step = 0.1
     Update field sigma (voxel space) = 3
     Total field sigma (voxel space) = 0
     Update field time sigma = 0
     Total field time sigma  = 0
     Number of time indices = 0
     Number of time point samples = 0
Registration using 3 total stages.

Stage 0
  iterations = 1000x500x250x100
  convergence threshold = 1e-06
  convergence window size = 10
  number of levels = 4
  using the Mattes MI metric (number of bins = 32, weight = 1, use gradient filter = 0)
  preprocessing:  winsorizing the image intensities
  Shrink factors (level 1 out of 4): [8, 8, 8]
  Shrink factors (level 2 out of 4): [4, 4, 4]
  Shrink factors (level 3 out of 4): [2, 2, 2]
  Shrink factors (level 4 out of 4): [1, 1, 1]
  smoothing sigmas per level: [3, 2, 1, 0]
  regular sampling (percentage = 0.25)

*** Running Euler3DTransform registration ***

DIAGNOSTIC,Iteration,metricValue,convergenceValue,ITERATION_TIME_INDEX,SINCE_LAST
*/mnt/lustre/mathdugre/fast-interpolate/datasets/ds004513/derivatives/flint/antsRegistration/r7-p14/sub-s033/Stage1_level1_Iter0001.nii.gz
2DIAGNOSTIC,     1, -6.905383166398e-02, 1.797693134862e+308, 0.0000e+00, 0.0000e+00, 
*/mnt/lustre/mathdugre/fast-interpolate/datasets/ds004513/derivatives/flint/antsRegistration/r7-p14/sub-s033/Stage1_level1_Iter0002.nii.gz
2DIAGNOSTIC,     2, -6.964058183990e-02, 1.797693134862e+308, 0.0000e+00, 0.0000e+00, 
*/mnt/lustre/mathdugre/fast-interpolate/datasets/ds004513/derivatives/flint/antsRegistration/r7-p14/sub-s033/Stage1_level1_Iter0003.nii.gz
2DIAGNOSTIC,     3, -7.007942969773e-02, 1.797693134862e+308, 0.0000e+00, 0.0000e+00, 
*/mnt/lustre/mathdugre/fast-interpolate/datasets/ds004513/derivatives/flint/antsRegistration/r7-p14/sub-s033/Stage1_level1_Iter0004.nii.gz
2DIAGNOSTIC,     4, -7.073905482968e-02, 1.797693134862e+308, 0.0000e+00, 0.0000e+00, 
*/mnt/lustre/mathdugre/fast-interpolate/datasets/ds004513/derivatives/flint/antsRegistration/r7-p14/sub-s033/Stage1_level1_Iter0005.nii.gz
2DIAGNOSTIC,     5, -7.185255754526e-02, 1.797693134862e+308, 0.0000e+00, 0.0000e+00, 
*/mnt/lustre/mathdugre/fast-interpolate/datasets/ds004513/derivatives/flint/antsRegistration/r7-p14/sub-s033/Stage1_level1_Iter0006.nii.gz
2DIAGNOSTIC,     6, -7.368590915345e-02, 1.797693134862e+308, 0.0000e+00, 0.0000e+00, 
*/mnt/lustre/mathdugre/fast-interpolate/datasets/ds004513/derivatives/flint/antsRegistration/r7-p14/sub-s033/Stage1_level1_Iter0007.nii.gz
2DIAGNOSTIC,     7, -7.420326769821e-02, 1.797693134862e+308, 0.0000e+00, 0.0000e+00, 
*/mnt/lustre/mathdugre/fast-interpolate/datasets/ds004513/derivatives/flint/antsRegistration/r7-p14/sub-s033/Stage1_level1_Iter0008.nii.gz
2DIAGNOSTIC,     8, -7.424354949757e-02, 1.797693134862e+308, 0.0000e+00, 0.0000e+00, 
*/mnt/lustre/mathdugre/fast-interpolate/datasets/ds004513/derivatives/flint/antsRegistration/r7-p14/sub-s033/Stage1_level1_Iter0009.nii.gz
2DIAGNOSTIC,     9, -7.461101797737e-02, 1.797693134862e+308, 0.0000e+00, 0.0000e+00, 
*/mnt/lustre/mathdugre/fast-interpolate/datasets/ds004513/derivatives/flint/antsRegistration/r7-p14/sub-s033/Stage1_level1_Iter0010.nii.gz
2DIAGNOSTIC,    10, -7.489715117779e-02, 5.901336669922e-03, 0.0000e+00, 0.0000e+00, 
*/mnt/lustre/mathdugre/fast-interpolate/datasets/ds004513/derivatives/flint/antsRegistration/r7-p14/sub-s033/Stage1_level1_Iter0011.nii.gz
2DIAGNOSTIC,    11, -7.498865808705e-02, 4.795074462891e-03, 0.0000e+00, 0.0000e+00, 
*/mnt/lustre/mathdugre/fast-interpolate/datasets/ds004513/derivatives/flint/antsRegistration/r7-p14/sub-s033/Stage1_level1_Iter0012.nii.gz
2DIAGNOSTIC,    12, -7.560242836948e-02, 3.845214843750e-03, 0.0000e+00, 0.0000e+00, 
*/mnt/lustre/mathdugre/fast-interpolate/datasets/ds004513/derivatives/flint/antsRegistration/r7-p14/sub-s033/Stage1_level1_Iter0013.nii.gz
2DIAGNOSTIC,    13, -7.622658803322e-02, 3.009796142578e-03, 0.0000e+00, 0.0000e+00, 
*/mnt/lustre/mathdugre/fast-interpolate/datasets/ds004513/derivatives/flint/antsRegistration/r7-p14/sub-s033/Stage1_level1_Iter0014.nii.gz
2DIAGNOSTIC,    14, -7.621463114860e-02, 2.208709716797e-03, 0.0000e+00, 0.0000e+00, 
*/mnt/lustre/mathdugre/fast-interpolate/datasets/ds004513/derivatives/flint/antsRegistration/r7-p14/sub-s033/Stage1_level1_Iter0015.nii.gz
2DIAGNOSTIC,    15, -7.624007196819e-02, 1.590728759766e-03, 0.0000e+00, 0.0000e+00, 
*/mnt/lustre/mathdugre/fast-interpolate/datasets/ds004513/derivatives/flint/antsRegistration/r7-p14/sub-s033/Stage1_level1_Iter0016.nii.gz
2DIAGNOSTIC,    16, -7.628897090545e-02, 1.369476318359e-03, 0.0000e+00, 0.0000e+00, 
*/mnt/lustre/mathdugre/fast-interpolate/datasets/ds004513/derivatives/flint/antsRegistration/r7-p14/sub-s033/Stage1_level1_Iter0017.nii.gz
2DIAGNOSTIC,    17, -7.631825772980e-02, 1.163482666016e-03, 0.0000e+00, 0.0000e+00, 
*/mnt/lustre/mathdugre/fast-interpolate/datasets/ds004513/derivatives/flint/antsRegistration/r7-p14/sub-s033/Stage1_level1_Iter0018.nii.gz
2DIAGNOSTIC,    18, -7.635656076686e-02, 8.964538574219e-04, 0.0000e+00, 0.0000e+00, 
*/mnt/lustre/mathdugre/fast-interpolate/datasets/ds004513/derivatives/flint/antsRegistration/r7-p14/sub-s033/Stage1_level1_Iter0019.nii.gz
2DIAGNOSTIC,    19, -7.637456748896e-02, 6.504058837891e-04, 0.0000e+00, 0.0000e+00, 
*/mnt/lustre/mathdugre/fast-interpolate/datasets/ds004513/derivatives/flint/antsRegistration/r7-p14/sub-s033/Stage1_level1_Iter0020.nii.gz
2DIAGNOSTIC,    20, -7.640965335309e-02, 4.272460937500e-04, 0.0000e+00, 0.0000e+00, 
*/mnt/lustre/mathdugre/fast-interpolate/datasets/ds004513/derivatives/flint/antsRegistration/r7-p14/sub-s033/Stage1_level1_Iter0021.nii.gz
2DIAGNOSTIC,    21, -7.643385749019e-02, 2.079010009766e-04, 0.0000e+00, 0.0000e+00, 
*/mnt/lustre/mathdugre/fast-interpolate/datasets/ds004513/derivatives/flint/antsRegistration/r7-p14/sub-s033/Stage1_level1_Iter0022.nii.gz
2DIAGNOSTIC,    22, -7.645240804086e-02, 1.029968261719e-04, 0.0000e+00, 0.0000e+00, 
*/mnt/lustre/mathdugre/fast-interpolate/datasets/ds004513/derivatives/flint/antsRegistration/r7-p14/sub-s033/Stage1_level1_Iter0023.nii.gz
2DIAGNOSTIC,    23, -7.644412333207e-02, 9.155273437500e-05, 0.0000e+00, 0.0000e+00, 
*/mnt/lustre/mathdugre/fast-interpolate/datasets/ds004513/derivatives/flint/antsRegistration/r7-p14/sub-s033/Stage1_level1_Iter0024.nii.gz
2DIAGNOSTIC,    24, -7.644782020467e-02, 7.629394531250e-05, 0.0000e+00, 0.0000e+00, 
*/mnt/lustre/mathdugre/fast-interpolate/datasets/ds004513/derivatives/flint/antsRegistration/r7-p14/sub-s033/Stage1_level1_Iter0025.nii.gz
2DIAGNOSTIC,    25, -7.647116122436e-02, 6.103515625000e-05, 0.0000e+00, 0.0000e+00, 
*/mnt/lustre/mathdugre/fast-interpolate/datasets/ds004513/derivatives/flint/antsRegistration/r7-p14/sub-s033/Stage1_level1_Iter0026.nii.gz
2DIAGNOSTIC,    26, -7.647944337822e-02, 4.768371582031e-05, 0.0000e+00, 0.0000e+00, 
*/mnt/lustre/mathdugre/fast-interpolate/datasets/ds004513/derivatives/flint/antsRegistration/r7-p14/sub-s033/Stage1_level1_Iter0027.nii.gz
2DIAGNOSTIC,    27, -7.651190682950e-02, 4.386901855469e-05, 0.0000e+00, 0.0000e+00, 
*/mnt/lustre/mathdugre/fast-interpolate/datasets/ds004513/derivatives/flint/antsRegistration/r7-p14/sub-s033/Stage1_level1_Iter0028.nii.gz
2DIAGNOSTIC,    28, -7.648877439536e-02, 3.433227539062e-05, 0.0000e+00, 0.0000e+00, 
*/mnt/lustre/mathdugre/fast-interpolate/datasets/ds004513/derivatives/flint/antsRegistration/r7-p14/sub-s033/Stage1_level1_Iter0029.nii.gz
2DIAGNOSTIC,    29, -7.649039160504e-02, 2.670288085938e-05, 0.0000e+00, 0.0000e+00, 
*/mnt/lustre/mathdugre/fast-interpolate/datasets/ds004513/derivatives/flint/antsRegistration/r7-p14/sub-s033/Stage1_level1_Iter0030.nii.gz
2DIAGNOSTIC,    30, -7.649022015030e-02, 1.907348632812e-05, 0.0000e+00, 0.0000e+00, 
*/mnt/lustre/mathdugre/fast-interpolate/datasets/ds004513/derivatives/flint/antsRegistration/r7-p14/sub-s033/Stage1_level1_Iter0031.nii.gz
2DIAGNOSTIC,    31, -7.648045619523e-02, 1.335144042969e-05, 0.0000e+00, 0.0000e+00, 
*/mnt/lustre/mathdugre/fast-interpolate/datasets/ds004513/derivatives/flint/antsRegistration/r7-p14/sub-s033/Stage1_level1_Iter0032.nii.gz
2DIAGNOSTIC,    32, -7.648194743366e-02, 9.536743164062e-06, 0.0000e+00, 0.0000e+00, 
*/mnt/lustre/mathdugre/fast-interpolate/datasets/ds004513/derivatives/flint/antsRegistration/r7-p14/sub-s033/Stage1_level1_Iter0033.nii.gz
2DIAGNOSTIC,    33, -7.648060823809e-02, 3.814697265625e-06, 0.0000e+00, 0.0000e+00, 
DIAGNOSTIC,Iteration,metricValue,convergenceValue,ITERATION_TIME_INDEX,SINCE_LAST
*/mnt/lustre/mathdugre/fast-interpolate/datasets/ds004513/derivatives/flint/antsRegistration/r7-p14/sub-s033/Stage1_level2_Iter0001.nii.gz
2DIAGNOSTIC,     1, -1.894175872461e-02, 1.797693134862e+308, 0.0000e+00, 0.0000e+00, 
*/mnt/lustre/mathdugre/fast-interpolate/datasets/ds004513/derivatives/flint/antsRegistration/r7-p14/sub-s033/Stage1_level2_Iter0002.nii.gz
2DIAGNOSTIC,     2, -1.908607882661e-02, 1.797693134862e+308, 0.0000e+00, 0.0000e+00, 
*/mnt/lustre/mathdugre/fast-interpolate/datasets/ds004513/derivatives/flint/antsRegistration/r7-p14/sub-s033/Stage1_level2_Iter0003.nii.gz
2DIAGNOSTIC,     3, -1.933361399588e-02, 1.797693134862e+308, 0.0000e+00, 0.0000e+00, 
*/mnt/lustre/mathdugre/fast-interpolate/datasets/ds004513/derivatives/flint/antsRegistration/r7-p14/sub-s033/Stage1_level2_Iter0004.nii.gz
2DIAGNOSTIC,     4, -1.947284907843e-02, 1.797693134862e+308, 0.0000e+00, 0.0000e+00, 
*/mnt/lustre/mathdugre/fast-interpolate/datasets/ds004513/derivatives/flint/antsRegistration/r7-p14/sub-s033/Stage1_level2_Iter0005.nii.gz
2DIAGNOSTIC,     5, -1.952624614665e-02, 1.797693134862e+308, 0.0000e+00, 0.0000e+00, 
*/mnt/lustre/mathdugre/fast-interpolate/datasets/ds004513/derivatives/flint/antsRegistration/r7-p14/sub-s033/Stage1_level2_Iter0006.nii.gz
2DIAGNOSTIC,     6, -1.953138083763e-02, 1.797693134862e+308, 0.0000e+00, 0.0000e+00, 
*/mnt/lustre/mathdugre/fast-interpolate/datasets/ds004513/derivatives/flint/antsRegistration/r7-p14/sub-s033/Stage1_level2_Iter0007.nii.gz
2DIAGNOSTIC,     7, -1.952355550740e-02, 1.797693134862e+308, 0.0000e+00, 0.0000e+00, 
*/mnt/lustre/mathdugre/fast-interpolate/datasets/ds004513/derivatives/flint/antsRegistration/r7-p14/sub-s033/Stage1_level2_Iter0008.nii.gz
2DIAGNOSTIC,     8, -1.952937703626e-02, 1.797693134862e+308, 0.0000e+00, 0.0000e+00, 
*/mnt/lustre/mathdugre/fast-interpolate/datasets/ds004513/derivatives/flint/antsRegistration/r7-p14/sub-s033/Stage1_level2_Iter0009.nii.gz
2DIAGNOSTIC,     9, -1.953035332862e-02, 1.797693134862e+308, 0.0000e+00, 0.0000e+00, 
*/mnt/lustre/mathdugre/fast-interpolate/datasets/ds004513/derivatives/flint/antsRegistration/r7-p14/sub-s033/Stage1_level2_Iter0010.nii.gz
2DIAGNOSTIC,    10, -1.954509491000e-02, 1.686096191406e-03, 0.0000e+00, 0.0000e+00, 
*/mnt/lustre/mathdugre/fast-interpolate/datasets/ds004513/derivatives/flint/antsRegistration/r7-p14/sub-s033/Stage1_level2_Iter0011.nii.gz
2DIAGNOSTIC,    11, -1.957731548448e-02, 9.574890136719e-04, 0.0000e+00, 0.0000e+00, 
*/mnt/lustre/mathdugre/fast-interpolate/datasets/ds004513/derivatives/flint/antsRegistration/r7-p14/sub-s033/Stage1_level2_Iter0012.nii.gz
2DIAGNOSTIC,    12, -1.986242697957e-02, 7.781982421875e-04, 0.0000e+00, 0.0000e+00, 
*/mnt/lustre/mathdugre/fast-interpolate/datasets/ds004513/derivatives/flint/antsRegistration/r7-p14/sub-s033/Stage1_level2_Iter0013.nii.gz
2DIAGNOSTIC,    13, -2.075353947963e-02, 1.800537109375e-03, 0.0000e+00, 0.0000e+00, 
*/mnt/lustre/mathdugre/fast-interpolate/datasets/ds004513/derivatives/flint/antsRegistration/r7-p14/sub-s033/Stage1_level2_Iter0014.nii.gz
2DIAGNOSTIC,    14, -2.078755531615e-02, 2.681732177734e-03, 0.0000e+00, 0.0000e+00, 
*/mnt/lustre/mathdugre/fast-interpolate/datasets/ds004513/derivatives/flint/antsRegistration/r7-p14/sub-s033/Stage1_level2_Iter0015.nii.gz
2DIAGNOSTIC,    15, -2.078130725080e-02, 3.242492675781e-03, 0.0000e+00, 0.0000e+00, 
*/mnt/lustre/mathdugre/fast-interpolate/datasets/ds004513/derivatives/flint/antsRegistration/r7-p14/sub-s033/Stage1_level2_Iter0016.nii.gz
2DIAGNOSTIC,    16, -2.080979894323e-02, 3.482818603516e-03, 0.0000e+00, 0.0000e+00, 
*/mnt/lustre/mathdugre/fast-interpolate/datasets/ds004513/derivatives/flint/antsRegistration/r7-p14/sub-s033/Stage1_level2_Iter0017.nii.gz
2DIAGNOSTIC,    17, -2.084188828289e-02, 3.379821777344e-03, 0.0000e+00, 0.0000e+00, 
*/mnt/lustre/mathdugre/fast-interpolate/datasets/ds004513/derivatives/flint/antsRegistration/r7-p14/sub-s033/Stage1_level2_Iter0018.nii.gz
2DIAGNOSTIC,    18, -2.083639281005e-02, 2.964019775391e-03, 0.0000e+00, 0.0000e+00, 
*/mnt/lustre/mathdugre/fast-interpolate/datasets/ds004513/derivatives/flint/antsRegistration/r7-p14/sub-s033/Stage1_level2_Iter0019.nii.gz
2DIAGNOSTIC,    19, -2.083442168824e-02, 2.325057983398e-03, 0.0000e+00, 0.0000e+00, 
*/mnt/lustre/mathdugre/fast-interpolate/datasets/ds004513/derivatives/flint/antsRegistration/r7-p14/sub-s033/Stage1_level2_Iter0020.nii.gz
2DIAGNOSTIC,    20, -2.083379290719e-02, 1.556396484375e-03, 0.0000e+00, 0.0000e+00, 
*/mnt/lustre/mathdugre/fast-interpolate/datasets/ds004513/derivatives/flint/antsRegistration/r7-p14/sub-s033/Stage1_level2_Iter0021.nii.gz
2DIAGNOSTIC,    21, -2.083214868763e-02, 7.457733154297e-04, 0.0000e+00, 0.0000e+00, 
*/mnt/lustre/mathdugre/fast-interpolate/datasets/ds004513/derivatives/flint/antsRegistration/r7-p14/sub-s033/Stage1_level2_Iter0022.nii.gz
2DIAGNOSTIC,    22, -2.082441459740e-02, 9.727478027344e-05, 0.0000e+00, 0.0000e+00, 
*/mnt/lustre/mathdugre/fast-interpolate/datasets/ds004513/derivatives/flint/antsRegistration/r7-p14/sub-s033/Stage1_level2_Iter0023.nii.gz
2DIAGNOSTIC,    23, -2.082874699788e-02, 5.340576171875e-05, 0.0000e+00, 0.0000e+00, 
*/mnt/lustre/mathdugre/fast-interpolate/datasets/ds004513/derivatives/flint/antsRegistration/r7-p14/sub-s033/Stage1_level2_Iter0024.nii.gz
2DIAGNOSTIC,    24, -2.082969142714e-02, 2.861022949219e-05, 0.0000e+00, 0.0000e+00, 
DIAGNOSTIC,Iteration,metricValue,convergenceValue,ITERATION_TIME_INDEX,SINCE_LAST
*/mnt/lustre/mathdugre/fast-interpolate/datasets/ds004513/derivatives/flint/antsRegistration/r7-p14/sub-s033/Stage1_level3_Iter0001.nii.gz
2DIAGNOSTIC,     1, -1.052961862462e-02, 1.797693134862e+308, 0.0000e+00, 0.0000e+00, 
*/mnt/lustre/mathdugre/fast-interpolate/datasets/ds004513/derivatives/flint/antsRegistration/r7-p14/sub-s033/Stage1_level3_Iter0002.nii.gz
2DIAGNOSTIC,     2, -1.054434241306e-02, 1.797693134862e+308, 0.0000e+00, 0.0000e+00, 
*/mnt/lustre/mathdugre/fast-interpolate/datasets/ds004513/derivatives/flint/antsRegistration/r7-p14/sub-s033/Stage1_level3_Iter0003.nii.gz
2DIAGNOSTIC,     3, -1.059893113478e-02, 1.797693134862e+308, 0.0000e+00, 0.0000e+00, 
*/mnt/lustre/mathdugre/fast-interpolate/datasets/ds004513/derivatives/flint/antsRegistration/r7-p14/sub-s033/Stage1_level3_Iter0004.nii.gz
2DIAGNOSTIC,     4, -1.115636967602e-02, 1.797693134862e+308, 0.0000e+00, 0.0000e+00, 
*/mnt/lustre/mathdugre/fast-interpolate/datasets/ds004513/derivatives/flint/antsRegistration/r7-p14/sub-s033/Stage1_level3_Iter0005.nii.gz
2DIAGNOSTIC,     5, -1.182394699831e-02, 1.797693134862e+308, 0.0000e+00, 0.0000e+00, 
*/mnt/lustre/mathdugre/fast-interpolate/datasets/ds004513/derivatives/flint/antsRegistration/r7-p14/sub-s033/Stage1_level3_Iter0006.nii.gz
2DIAGNOSTIC,     6, -1.226969439599e-02, 1.797693134862e+308, 0.0000e+00, 0.0000e+00, 
*/mnt/lustre/mathdugre/fast-interpolate/datasets/ds004513/derivatives/flint/antsRegistration/r7-p14/sub-s033/Stage1_level3_Iter0007.nii.gz
2DIAGNOSTIC,     7, -1.346311292724e-02, 1.797693134862e+308, 0.0000e+00, 0.0000e+00, 
*/mnt/lustre/mathdugre/fast-interpolate/datasets/ds004513/derivatives/flint/antsRegistration/r7-p14/sub-s033/Stage1_level3_Iter0008.nii.gz
2DIAGNOSTIC,     8, -1.521810649258e-02, 1.797693134862e+308, 0.0000e+00, 0.0000e+00, 
*/mnt/lustre/mathdugre/fast-interpolate/datasets/ds004513/derivatives/flint/antsRegistration/r7-p14/sub-s033/Stage1_level3_Iter0009.nii.gz
2DIAGNOSTIC,     9, -1.836364452440e-02, 1.797693134862e+308, 0.0000e+00, 0.0000e+00, 
*/mnt/lustre/mathdugre/fast-interpolate/datasets/ds004513/derivatives/flint/antsRegistration/r7-p14/sub-s033/Stage1_level3_Iter0010.nii.gz
2DIAGNOSTIC,    10, -5.075949823879e-02, 8.877563476562e-02, 0.0000e+00, 0.0000e+00, 
*/mnt/lustre/mathdugre/fast-interpolate/datasets/ds004513/derivatives/flint/antsRegistration/r7-p14/sub-s033/Stage1_level3_Iter0011.nii.gz
2DIAGNOSTIC,    11, -7.932966314774e-02, 1.289215087891e-01, 0.0000e+00, 0.0000e+00, 
*/mnt/lustre/mathdugre/fast-interpolate/datasets/ds004513/derivatives/flint/antsRegistration/r7-p14/sub-s033/Stage1_level3_Iter0012.nii.gz
2DIAGNOSTIC,    12, -7.937968868930e-02, 1.395492553711e-01, 0.0000e+00, 0.0000e+00, 
*/mnt/lustre/mathdugre/fast-interpolate/datasets/ds004513/derivatives/flint/antsRegistration/r7-p14/sub-s033/Stage1_level3_Iter0013.nii.gz
2DIAGNOSTIC,    13, -7.979631462271e-02, 1.358032226562e-01, 0.0000e+00, 0.0000e+00, 
*/mnt/lustre/mathdugre/fast-interpolate/datasets/ds004513/derivatives/flint/antsRegistration/r7-p14/sub-s033/Stage1_level3_Iter0014.nii.gz
2DIAGNOSTIC,    14, -7.975046052976e-02, 1.226806640625e-01, 0.0000e+00, 0.0000e+00, 
*/mnt/lustre/mathdugre/fast-interpolate/datasets/ds004513/derivatives/flint/antsRegistration/r7-p14/sub-s033/Stage1_level3_Iter0015.nii.gz
2DIAGNOSTIC,    15, -7.974853959431e-02, 1.030006408691e-01, 0.0000e+00, 0.0000e+00, 
*/mnt/lustre/mathdugre/fast-interpolate/datasets/ds004513/derivatives/flint/antsRegistration/r7-p14/sub-s033/Stage1_level3_Iter0016.nii.gz
2DIAGNOSTIC,    16, -7.974281959375e-02, 7.932281494141e-02, 0.0000e+00, 0.0000e+00, 
*/mnt/lustre/mathdugre/fast-interpolate/datasets/ds004513/derivatives/flint/antsRegistration/r7-p14/sub-s033/Stage1_level3_Iter0017.nii.gz
2DIAGNOSTIC,    17, -7.977147971901e-02, 5.461883544922e-02, 0.0000e+00, 0.0000e+00, 
*/mnt/lustre/mathdugre/fast-interpolate/datasets/ds004513/derivatives/flint/antsRegistration/r7-p14/sub-s033/Stage1_level3_Iter0018.nii.gz
2DIAGNOSTIC,    18, -7.976954082199e-02, 3.091049194336e-02, 0.0000e+00, 0.0000e+00, 
*/mnt/lustre/mathdugre/fast-interpolate/datasets/ds004513/derivatives/flint/antsRegistration/r7-p14/sub-s033/Stage1_level3_Iter0019.nii.gz
2DIAGNOSTIC,    19, -7.975482527670e-02, 9.552001953125e-03, 0.0000e+00, 0.0000e+00, 
*/mnt/lustre/mathdugre/fast-interpolate/datasets/ds004513/derivatives/flint/antsRegistration/r7-p14/sub-s033/Stage1_level3_Iter0020.nii.gz
2DIAGNOSTIC,    20, -7.974477569388e-02, 2.136230468750e-04, 0.0000e+00, 0.0000e+00, 
*/mnt/lustre/mathdugre/fast-interpolate/datasets/ds004513/derivatives/flint/antsRegistration/r7-p14/sub-s033/Stage1_level3_Iter0021.nii.gz
2DIAGNOSTIC,    21, -7.974491940976e-02, 9.155273437500e-05, 0.0000e+00, 0.0000e+00, 
DIAGNOSTIC,Iteration,metricValue,convergenceValue,ITERATION_TIME_INDEX,SINCE_LAST
*/mnt/lustre/mathdugre/fast-interpolate/datasets/ds004513/derivatives/flint/antsRegistration/r7-p14/sub-s033/Stage1_level4_Iter0001.nii.gz
2DIAGNOSTIC,     1, -7.637188132653e-02, 1.797693134862e+308, 0.0000e+00, 0.0000e+00, 
*/mnt/lustre/mathdugre/fast-interpolate/datasets/ds004513/derivatives/flint/antsRegistration/r7-p14/sub-s033/Stage1_level4_Iter0002.nii.gz
2DIAGNOSTIC,     2, -7.639697407173e-02, 1.797693134862e+308, 0.0000e+00, 0.0000e+00, 
*/mnt/lustre/mathdugre/fast-interpolate/datasets/ds004513/derivatives/flint/antsRegistration/r7-p14/sub-s033/Stage1_level4_Iter0003.nii.gz
2DIAGNOSTIC,     3, -7.644909151905e-02, 1.797693134862e+308, 0.0000e+00, 0.0000e+00, 
*/mnt/lustre/mathdugre/fast-interpolate/datasets/ds004513/derivatives/flint/antsRegistration/r7-p14/sub-s033/Stage1_level4_Iter0004.nii.gz
2DIAGNOSTIC,     4, -7.649722848725e-02, 1.797693134862e+308, 0.0000e+00, 0.0000e+00, 
*/mnt/lustre/mathdugre/fast-interpolate/datasets/ds004513/derivatives/flint/antsRegistration/r7-p14/sub-s033/Stage1_level4_Iter0005.nii.gz
2DIAGNOSTIC,     5, -7.651748346077e-02, 1.797693134862e+308, 0.0000e+00, 0.0000e+00, 
*/mnt/lustre/mathdugre/fast-interpolate/datasets/ds004513/derivatives/flint/antsRegistration/r7-p14/sub-s033/Stage1_level4_Iter0006.nii.gz
2DIAGNOSTIC,     6, -7.656716698469e-02, 1.797693134862e+308, 0.0000e+00, 0.0000e+00, 
*/mnt/lustre/mathdugre/fast-interpolate/datasets/ds004513/derivatives/flint/antsRegistration/r7-p14/sub-s033/Stage1_level4_Iter0007.nii.gz
2DIAGNOSTIC,     7, -7.671737165386e-02, 1.797693134862e+308, 0.0000e+00, 0.0000e+00, 
*/mnt/lustre/mathdugre/fast-interpolate/datasets/ds004513/derivatives/flint/antsRegistration/r7-p14/sub-s033/Stage1_level4_Iter0008.nii.gz
2DIAGNOSTIC,     8, -7.688262014069e-02, 1.797693134862e+308, 0.0000e+00, 0.0000e+00, 
*/mnt/lustre/mathdugre/fast-interpolate/datasets/ds004513/derivatives/flint/antsRegistration/r7-p14/sub-s033/Stage1_level4_Iter0009.nii.gz
2DIAGNOSTIC,     9, -7.701968152921e-02, 1.797693134862e+308, 0.0000e+00, 0.0000e+00, 
*/mnt/lustre/mathdugre/fast-interpolate/datasets/ds004513/derivatives/flint/antsRegistration/r7-p14/sub-s033/Stage1_level4_Iter0010.nii.gz
2DIAGNOSTIC,    10, -7.725397280347e-02, 6.866455078125e-04, 0.0000e+00, 0.0000e+00, 
*/mnt/lustre/mathdugre/fast-interpolate/datasets/ds004513/derivatives/flint/antsRegistration/r7-p14/sub-s033/Stage1_level4_Iter0011.nii.gz
2DIAGNOSTIC,    11, -7.762123312788e-02, 8.392333984375e-04, 0.0000e+00, 0.0000e+00, 
*/mnt/lustre/mathdugre/fast-interpolate/datasets/ds004513/derivatives/flint/antsRegistration/r7-p14/sub-s033/Stage1_level4_Iter0012.nii.gz
2DIAGNOSTIC,    12, -7.773281804486e-02, 9.307861328125e-04, 0.0000e+00, 0.0000e+00, 
*/mnt/lustre/mathdugre/fast-interpolate/datasets/ds004513/derivatives/flint/antsRegistration/r7-p14/sub-s033/Stage1_level4_Iter0013.nii.gz
2DIAGNOSTIC,    13, -7.809268216062e-02, 1.037597656250e-03, 0.0000e+00, 0.0000e+00, 
*/mnt/lustre/mathdugre/fast-interpolate/datasets/ds004513/derivatives/flint/antsRegistration/r7-p14/sub-s033/Stage1_level4_Iter0014.nii.gz
2DIAGNOSTIC,    14, -7.858600343433e-02, 1.190185546875e-03, 0.0000e+00, 0.0000e+00, 
*/mnt/lustre/mathdugre/fast-interpolate/datasets/ds004513/derivatives/flint/antsRegistration/r7-p14/sub-s033/Stage1_level4_Iter0015.nii.gz
2DIAGNOSTIC,    15, -7.948092247118e-02, 1.419067382812e-03, 0.0000e+00, 0.0000e+00, 
*/mnt/lustre/mathdugre/fast-interpolate/datasets/ds004513/derivatives/flint/antsRegistration/r7-p14/sub-s033/Stage1_level4_Iter0016.nii.gz
2DIAGNOSTIC,    16, -7.992708072898e-02, 1.609802246094e-03, 0.0000e+00, 0.0000e+00, 
*/mnt/lustre/mathdugre/fast-interpolate/datasets/ds004513/derivatives/flint/antsRegistration/r7-p14/sub-s033/Stage1_level4_Iter0017.nii.gz
2DIAGNOSTIC,    17, -8.179065867326e-02, 2.052307128906e-03, 0.0000e+00, 0.0000e+00, 
*/mnt/lustre/mathdugre/fast-interpolate/datasets/ds004513/derivatives/flint/antsRegistration/r7-p14/sub-s033/Stage1_level4_Iter0018.nii.gz
2DIAGNOSTIC,    18, -8.177667773432e-02, 2.275466918945e-03, 0.0000e+00, 0.0000e+00, 
*/mnt/lustre/mathdugre/fast-interpolate/datasets/ds004513/derivatives/flint/antsRegistration/r7-p14/sub-s033/Stage1_level4_Iter0019.nii.gz
2DIAGNOSTIC,    19, -8.179355208660e-02, 2.304077148438e-03, 0.0000e+00, 0.0000e+00, 
*/mnt/lustre/mathdugre/fast-interpolate/datasets/ds004513/derivatives/flint/antsRegistration/r7-p14/sub-s033/Stage1_level4_Iter0020.nii.gz
2DIAGNOSTIC,    20, -8.175210326483e-02, 2.143859863281e-03, 0.0000e+00, 0.0000e+00, 
*/mnt/lustre/mathdugre/fast-interpolate/datasets/ds004513/derivatives/flint/antsRegistration/r7-p14/sub-s033/Stage1_level4_Iter0021.nii.gz
2DIAGNOSTIC,    21, -8.173349629475e-02, 1.869201660156e-03, 0.0000e+00, 0.0000e+00, 
*/mnt/lustre/mathdugre/fast-interpolate/datasets/ds004513/derivatives/flint/antsRegistration/r7-p14/sub-s033/Stage1_level4_Iter0022.nii.gz
2DIAGNOSTIC,    22, -8.171433897851e-02, 1.451492309570e-03, 0.0000e+00, 0.0000e+00, 
*/mnt/lustre/mathdugre/fast-interpolate/datasets/ds004513/derivatives/flint/antsRegistration/r7-p14/sub-s033/Stage1_level4_Iter0023.nii.gz
2DIAGNOSTIC,    23, -8.173569941164e-02, 9.975433349609e-04, 0.0000e+00, 0.0000e+00, 
*/mnt/lustre/mathdugre/fast-interpolate/datasets/ds004513/derivatives/flint/antsRegistration/r7-p14/sub-s033/Stage1_level4_Iter0024.nii.gz
2DIAGNOSTIC,    24, -8.171331665013e-02, 5.607604980469e-04, 0.0000e+00, 0.0000e+00, 
*/mnt/lustre/mathdugre/fast-interpolate/datasets/ds004513/derivatives/flint/antsRegistration/r7-p14/sub-s033/Stage1_level4_Iter0025.nii.gz
2DIAGNOSTIC,    25, -8.171600372646e-02, 2.365112304688e-04, 0.0000e+00, 0.0000e+00, 
  Elapsed time (stage 0): 0.0000e+00


Stage 1
  iterations = 1000x500x250x100
  convergence threshold = 1.0000e-06
  convergence window size = 10
  number of levels = 4
  using the Mattes MI metric (number of bins = 32, weight = 1.0000e+00, use gradient filter = 0)
  preprocessing:  winsorizing the image intensities
  Shrink factors (level 1 out of 4): [8, 8, 8]
  Shrink factors (level 2 out of 4): [4, 4, 4]
  Shrink factors (level 3 out of 4): [2, 2, 2]
  Shrink factors (level 4 out of 4): [1, 1, 1]
  smoothing sigmas per level: [3, 2, 1, 0]
  regular sampling (percentage = 2.5000e-01)

*** Running AffineTransform registration ***

DIAGNOSTIC,Iteration,metricValue,convergenceValue,ITERATION_TIME_INDEX,SINCE_LAST
*/mnt/lustre/mathdugre/fast-interpolate/datasets/ds004513/derivatives/flint/antsRegistration/r7-p14/sub-s033/Stage2_level1_Iter0001.nii.gz
2DIAGNOSTIC,     1, -1.089854045074e-01, 1.797693134862e+308, 0.0000e+00, 0.0000e+00, 
*/mnt/lustre/mathdugre/fast-interpolate/datasets/ds004513/derivatives/flint/antsRegistration/r7-p14/sub-s033/Stage2_level1_Iter0002.nii.gz
2DIAGNOSTIC,     2, -1.090922036330e-01, 1.797693134862e+308, 0.0000e+00, 0.0000e+00, 
*/mnt/lustre/mathdugre/fast-interpolate/datasets/ds004513/derivatives/flint/antsRegistration/r7-p14/sub-s033/Stage2_level1_Iter0003.nii.gz
2DIAGNOSTIC,     3, -1.092709042250e-01, 1.797693134862e+308, 0.0000e+00, 0.0000e+00, 
*/mnt/lustre/mathdugre/fast-interpolate/datasets/ds004513/derivatives/flint/antsRegistration/r7-p14/sub-s033/Stage2_level1_Iter0004.nii.gz
2DIAGNOSTIC,     4, -1.097695611456e-01, 1.797693134862e+308, 0.0000e+00, 0.0000e+00, 
*/mnt/lustre/mathdugre/fast-interpolate/datasets/ds004513/derivatives/flint/antsRegistration/r7-p14/sub-s033/Stage2_level1_Iter0005.nii.gz
2DIAGNOSTIC,     5, -1.099423970499e-01, 1.797693134862e+308, 0.0000e+00, 0.0000e+00, 
*/mnt/lustre/mathdugre/fast-interpolate/datasets/ds004513/derivatives/flint/antsRegistration/r7-p14/sub-s033/Stage2_level1_Iter0006.nii.gz
2DIAGNOSTIC,     6, -1.099344318391e-01, 1.797693134862e+308, 0.0000e+00, 0.0000e+00, 
*/mnt/lustre/mathdugre/fast-interpolate/datasets/ds004513/derivatives/flint/antsRegistration/r7-p14/sub-s033/Stage2_level1_Iter0007.nii.gz
2DIAGNOSTIC,     7, -1.097455647644e-01, 1.797693134862e+308, 0.0000e+00, 0.0000e+00, 
*/mnt/lustre/mathdugre/fast-interpolate/datasets/ds004513/derivatives/flint/antsRegistration/r7-p14/sub-s033/Stage2_level1_Iter0008.nii.gz
2DIAGNOSTIC,     8, -1.097970399690e-01, 1.797693134862e+308, 0.0000e+00, 0.0000e+00, 
*/mnt/lustre/mathdugre/fast-interpolate/datasets/ds004513/derivatives/flint/antsRegistration/r7-p14/sub-s033/Stage2_level1_Iter0009.nii.gz
2DIAGNOSTIC,     9, -1.097557148556e-01, 1.797693134862e+308, 0.0000e+00, 0.0000e+00, 
*/mnt/lustre/mathdugre/fast-interpolate/datasets/ds004513/derivatives/flint/antsRegistration/r7-p14/sub-s033/Stage2_level1_Iter0010.nii.gz
2DIAGNOSTIC,    10, -1.095570677504e-01, 3.967285156250e-04, 0.0000e+00, 0.0000e+00, 
*/mnt/lustre/mathdugre/fast-interpolate/datasets/ds004513/derivatives/flint/antsRegistration/r7-p14/sub-s033/Stage2_level1_Iter0011.nii.gz
2DIAGNOSTIC,    11, -1.095018178891e-01, 1.258850097656e-04, 0.0000e+00, 0.0000e+00, 
DIAGNOSTIC,Iteration,metricValue,convergenceValue,ITERATION_TIME_INDEX,SINCE_LAST
*/mnt/lustre/mathdugre/fast-interpolate/datasets/ds004513/derivatives/flint/antsRegistration/r7-p14/sub-s033/Stage2_level2_Iter0001.nii.gz
2DIAGNOSTIC,     1, -9.462504518397e-02, 1.797693134862e+308, 0.0000e+00, 0.0000e+00, 
*/mnt/lustre/mathdugre/fast-interpolate/datasets/ds004513/derivatives/flint/antsRegistration/r7-p14/sub-s033/Stage2_level2_Iter0002.nii.gz
2DIAGNOSTIC,     2, -9.473323048018e-02, 1.797693134862e+308, 0.0000e+00, 0.0000e+00, 
*/mnt/lustre/mathdugre/fast-interpolate/datasets/ds004513/derivatives/flint/antsRegistration/r7-p14/sub-s033/Stage2_level2_Iter0003.nii.gz
2DIAGNOSTIC,     3, -9.486658396472e-02, 1.797693134862e+308, 0.0000e+00, 0.0000e+00, 
*/mnt/lustre/mathdugre/fast-interpolate/datasets/ds004513/derivatives/flint/antsRegistration/r7-p14/sub-s033/Stage2_level2_Iter0004.nii.gz
2DIAGNOSTIC,     4, -9.486035312079e-02, 1.797693134862e+308, 0.0000e+00, 0.0000e+00, 
*/mnt/lustre/mathdugre/fast-interpolate/datasets/ds004513/derivatives/flint/antsRegistration/r7-p14/sub-s033/Stage2_level2_Iter0005.nii.gz
2DIAGNOSTIC,     5, -9.497473178153e-02, 1.797693134862e+308, 0.0000e+00, 0.0000e+00, 
*/mnt/lustre/mathdugre/fast-interpolate/datasets/ds004513/derivatives/flint/antsRegistration/r7-p14/sub-s033/Stage2_level2_Iter0006.nii.gz
2DIAGNOSTIC,     6, -9.516060027703e-02, 1.797693134862e+308, 0.0000e+00, 0.0000e+00, 
*/mnt/lustre/mathdugre/fast-interpolate/datasets/ds004513/derivatives/flint/antsRegistration/r7-p14/sub-s033/Stage2_level2_Iter0007.nii.gz
2DIAGNOSTIC,     7, -9.554913007528e-02, 1.797693134862e+308, 0.0000e+00, 0.0000e+00, 
*/mnt/lustre/mathdugre/fast-interpolate/datasets/ds004513/derivatives/flint/antsRegistration/r7-p14/sub-s033/Stage2_level2_Iter0008.nii.gz
2DIAGNOSTIC,     8, -9.577987965439e-02, 1.797693134862e+308, 0.0000e+00, 0.0000e+00, 
*/mnt/lustre/mathdugre/fast-interpolate/datasets/ds004513/derivatives/flint/antsRegistration/r7-p14/sub-s033/Stage2_level2_Iter0009.nii.gz
2DIAGNOSTIC,     9, -9.776223218537e-02, 1.797693134862e+308, 0.0000e+00, 0.0000e+00, 
*/mnt/lustre/mathdugre/fast-interpolate/datasets/ds004513/derivatives/flint/antsRegistration/r7-p14/sub-s033/Stage2_level2_Iter0010.nii.gz
2DIAGNOSTIC,    10, -9.791829037140e-02, 2.059936523438e-03, 0.0000e+00, 0.0000e+00, 
*/mnt/lustre/mathdugre/fast-interpolate/datasets/ds004513/derivatives/flint/antsRegistration/r7-p14/sub-s033/Stage2_level2_Iter0011.nii.gz
2DIAGNOSTIC,    11, -9.785239156280e-02, 2.231597900391e-03, 0.0000e+00, 0.0000e+00, 
*/mnt/lustre/mathdugre/fast-interpolate/datasets/ds004513/derivatives/flint/antsRegistration/r7-p14/sub-s033/Stage2_level2_Iter0012.nii.gz
2DIAGNOSTIC,    12, -9.787112502807e-02, 2.208709716797e-03, 0.0000e+00, 0.0000e+00, 
*/mnt/lustre/mathdugre/fast-interpolate/datasets/ds004513/derivatives/flint/antsRegistration/r7-p14/sub-s033/Stage2_level2_Iter0013.nii.gz
2DIAGNOSTIC,    13, -9.782997458539e-02, 2.006530761719e-03, 0.0000e+00, 0.0000e+00, 
*/mnt/lustre/mathdugre/fast-interpolate/datasets/ds004513/derivatives/flint/antsRegistration/r7-p14/sub-s033/Stage2_level2_Iter0014.nii.gz
2DIAGNOSTIC,    14, -9.777381705126e-02, 1.632690429688e-03, 0.0000e+00, 0.0000e+00, 
*/mnt/lustre/mathdugre/fast-interpolate/datasets/ds004513/derivatives/flint/antsRegistration/r7-p14/sub-s033/Stage2_level2_Iter0015.nii.gz
2DIAGNOSTIC,    15, -9.778485638931e-02, 1.186370849609e-03, 0.0000e+00, 0.0000e+00, 
*/mnt/lustre/mathdugre/fast-interpolate/datasets/ds004513/derivatives/flint/antsRegistration/r7-p14/sub-s033/Stage2_level2_Iter0016.nii.gz
2DIAGNOSTIC,    16, -9.777869313511e-02, 7.286071777344e-04, 0.0000e+00, 0.0000e+00, 
*/mnt/lustre/mathdugre/fast-interpolate/datasets/ds004513/derivatives/flint/antsRegistration/r7-p14/sub-s033/Stage2_level2_Iter0017.nii.gz
2DIAGNOSTIC,    17, -9.777769366491e-02, 3.280639648438e-04, 0.0000e+00, 0.0000e+00, 
DIAGNOSTIC,Iteration,metricValue,convergenceValue,ITERATION_TIME_INDEX,SINCE_LAST
*/mnt/lustre/mathdugre/fast-interpolate/datasets/ds004513/derivatives/flint/antsRegistration/r7-p14/sub-s033/Stage2_level3_Iter0001.nii.gz
2DIAGNOSTIC,     1, -8.659239732308e-02, 1.797693134862e+308, 0.0000e+00, 0.0000e+00, 
*/mnt/lustre/mathdugre/fast-interpolate/datasets/ds004513/derivatives/flint/antsRegistration/r7-p14/sub-s033/Stage2_level3_Iter0002.nii.gz
2DIAGNOSTIC,     2, -8.675347113960e-02, 1.797693134862e+308, 0.0000e+00, 0.0000e+00, 
*/mnt/lustre/mathdugre/fast-interpolate/datasets/ds004513/derivatives/flint/antsRegistration/r7-p14/sub-s033/Stage2_level3_Iter0003.nii.gz
2DIAGNOSTIC,     3, -8.700848549038e-02, 1.797693134862e+308, 0.0000e+00, 0.0000e+00, 
*/mnt/lustre/mathdugre/fast-interpolate/datasets/ds004513/derivatives/flint/antsRegistration/r7-p14/sub-s033/Stage2_level3_Iter0004.nii.gz
2DIAGNOSTIC,     4, -8.746950593717e-02, 1.797693134862e+308, 0.0000e+00, 0.0000e+00, 
*/mnt/lustre/mathdugre/fast-interpolate/datasets/ds004513/derivatives/flint/antsRegistration/r7-p14/sub-s033/Stage2_level3_Iter0005.nii.gz
2DIAGNOSTIC,     5, -8.805679726382e-02, 1.797693134862e+308, 0.0000e+00, 0.0000e+00, 
*/mnt/lustre/mathdugre/fast-interpolate/datasets/ds004513/derivatives/flint/antsRegistration/r7-p14/sub-s033/Stage2_level3_Iter0006.nii.gz
2DIAGNOSTIC,     6, -8.853173233981e-02, 1.797693134862e+308, 0.0000e+00, 0.0000e+00, 
*/mnt/lustre/mathdugre/fast-interpolate/datasets/ds004513/derivatives/flint/antsRegistration/r7-p14/sub-s033/Stage2_level3_Iter0007.nii.gz
2DIAGNOSTIC,     7, -8.928221905115e-02, 1.797693134862e+308, 0.0000e+00, 0.0000e+00, 
*/mnt/lustre/mathdugre/fast-interpolate/datasets/ds004513/derivatives/flint/antsRegistration/r7-p14/sub-s033/Stage2_level3_Iter0008.nii.gz
2DIAGNOSTIC,     8, -8.922988907288e-02, 1.797693134862e+308, 0.0000e+00, 0.0000e+00, 
*/mnt/lustre/mathdugre/fast-interpolate/datasets/ds004513/derivatives/flint/antsRegistration/r7-p14/sub-s033/Stage2_level3_Iter0009.nii.gz
2DIAGNOSTIC,     9, -8.919440790717e-02, 1.797693134862e+308, 0.0000e+00, 0.0000e+00, 
*/mnt/lustre/mathdugre/fast-interpolate/datasets/ds004513/derivatives/flint/antsRegistration/r7-p14/sub-s033/Stage2_level3_Iter0010.nii.gz
2DIAGNOSTIC,    10, -8.918701313360e-02, 2.326965332031e-03, 0.0000e+00, 0.0000e+00, 
*/mnt/lustre/mathdugre/fast-interpolate/datasets/ds004513/derivatives/flint/antsRegistration/r7-p14/sub-s033/Stage2_level3_Iter0011.nii.gz
2DIAGNOSTIC,    11, -8.917586975585e-02, 1.815795898438e-03, 0.0000e+00, 0.0000e+00, 
*/mnt/lustre/mathdugre/fast-interpolate/datasets/ds004513/derivatives/flint/antsRegistration/r7-p14/sub-s033/Stage2_level3_Iter0012.nii.gz
2DIAGNOSTIC,    12, -8.916639726011e-02, 1.266479492188e-03, 0.0000e+00, 0.0000e+00, 
*/mnt/lustre/mathdugre/fast-interpolate/datasets/ds004513/derivatives/flint/antsRegistration/r7-p14/sub-s033/Stage2_level3_Iter0013.nii.gz
2DIAGNOSTIC,    13, -8.910740080306e-02, 7.400512695312e-04, 0.0000e+00, 0.0000e+00, 
*/mnt/lustre/mathdugre/fast-interpolate/datasets/ds004513/derivatives/flint/antsRegistration/r7-p14/sub-s033/Stage2_level3_Iter0014.nii.gz
2DIAGNOSTIC,    14, -8.908871218116e-02, 3.318786621094e-04, 0.0000e+00, 0.0000e+00, 
*/mnt/lustre/mathdugre/fast-interpolate/datasets/ds004513/derivatives/flint/antsRegistration/r7-p14/sub-s033/Stage2_level3_Iter0015.nii.gz
2DIAGNOSTIC,    15, -8.909979070748e-02, 6.484985351562e-05, 0.0000e+00, 0.0000e+00, 
DIAGNOSTIC,Iteration,metricValue,convergenceValue,ITERATION_TIME_INDEX,SINCE_LAST
*/mnt/lustre/mathdugre/fast-interpolate/datasets/ds004513/derivatives/flint/antsRegistration/r7-p14/sub-s033/Stage2_level4_Iter0001.nii.gz
2DIAGNOSTIC,     1, -8.510143376239e-02, 1.797693134862e+308, 0.0000e+00, 0.0000e+00, 
*/mnt/lustre/mathdugre/fast-interpolate/datasets/ds004513/derivatives/flint/antsRegistration/r7-p14/sub-s033/Stage2_level4_Iter0002.nii.gz
2DIAGNOSTIC,     2, -8.509892756362e-02, 1.797693134862e+308, 0.0000e+00, 0.0000e+00, 
*/mnt/lustre/mathdugre/fast-interpolate/datasets/ds004513/derivatives/flint/antsRegistration/r7-p14/sub-s033/Stage2_level4_Iter0003.nii.gz
2DIAGNOSTIC,     3, -8.512565640758e-02, 1.797693134862e+308, 0.0000e+00, 0.0000e+00, 
*/mnt/lustre/mathdugre/fast-interpolate/datasets/ds004513/derivatives/flint/antsRegistration/r7-p14/sub-s033/Stage2_level4_Iter0004.nii.gz
2DIAGNOSTIC,     4, -8.510345887347e-02, 1.797693134862e+308, 0.0000e+00, 0.0000e+00, 
*/mnt/lustre/mathdugre/fast-interpolate/datasets/ds004513/derivatives/flint/antsRegistration/r7-p14/sub-s033/Stage2_level4_Iter0005.nii.gz
2DIAGNOSTIC,     5, -8.512242353965e-02, 1.797693134862e+308, 0.0000e+00, 0.0000e+00, 
*/mnt/lustre/mathdugre/fast-interpolate/datasets/ds004513/derivatives/flint/antsRegistration/r7-p14/sub-s033/Stage2_level4_Iter0006.nii.gz
2DIAGNOSTIC,     6, -8.511144562807e-02, 1.797693134862e+308, 0.0000e+00, 0.0000e+00, 
*/mnt/lustre/mathdugre/fast-interpolate/datasets/ds004513/derivatives/flint/antsRegistration/r7-p14/sub-s033/Stage2_level4_Iter0007.nii.gz
2DIAGNOSTIC,     7, -8.511250561031e-02, 1.797693134862e+308, 0.0000e+00, 0.0000e+00, 
*/mnt/lustre/mathdugre/fast-interpolate/datasets/ds004513/derivatives/flint/antsRegistration/r7-p14/sub-s033/Stage2_level4_Iter0008.nii.gz
2DIAGNOSTIC,     8, -8.514033913095e-02, 1.797693134862e+308, 0.0000e+00, 0.0000e+00, 
*/mnt/lustre/mathdugre/fast-interpolate/datasets/ds004513/derivatives/flint/antsRegistration/r7-p14/sub-s033/Stage2_level4_Iter0009.nii.gz
2DIAGNOSTIC,     9, -8.513786816469e-02, 1.797693134862e+308, 0.0000e+00, 0.0000e+00, 
*/mnt/lustre/mathdugre/fast-interpolate/datasets/ds004513/derivatives/flint/antsRegistration/r7-p14/sub-s033/Stage2_level4_Iter0010.nii.gz
2DIAGNOSTIC,    10, -8.513875093555e-02, 2.288818359375e-05, 0.0000e+00, 0.0000e+00, 
*/mnt/lustre/mathdugre/fast-interpolate/datasets/ds004513/derivatives/flint/antsRegistration/r7-p14/sub-s033/Stage2_level4_Iter0011.nii.gz
2DIAGNOSTIC,    11, -8.513876395237e-02, 3.051757812500e-05, 0.0000e+00, 0.0000e+00, 
*/mnt/lustre/mathdugre/fast-interpolate/datasets/ds004513/derivatives/flint/antsRegistration/r7-p14/sub-s033/Stage2_level4_Iter0012.nii.gz
2DIAGNOSTIC,    12, -8.513875042572e-02, 2.288818359375e-05, 0.0000e+00, 0.0000e+00, 
*/mnt/lustre/mathdugre/fast-interpolate/datasets/ds004513/derivatives/flint/antsRegistration/r7-p14/sub-s033/Stage2_level4_Iter0013.nii.gz
2DIAGNOSTIC,    13, -8.513874988685e-02, 1.144409179688e-05, 0.0000e+00, 0.0000e+00, 
*/mnt/lustre/mathdugre/fast-interpolate/datasets/ds004513/derivatives/flint/antsRegistration/r7-p14/sub-s033/Stage2_level4_Iter0014.nii.gz
2DIAGNOSTIC,    14, -8.513875160617e-02, 1.144409179688e-05, 0.0000e+00, 0.0000e+00, 
*/mnt/lustre/mathdugre/fast-interpolate/datasets/ds004513/derivatives/flint/antsRegistration/r7-p14/sub-s033/Stage2_level4_Iter0015.nii.gz
2DIAGNOSTIC,    15, -8.513877706384e-02, 1.144409179688e-05, 0.0000e+00, 0.0000e+00, 
*/mnt/lustre/mathdugre/fast-interpolate/datasets/ds004513/derivatives/flint/antsRegistration/r7-p14/sub-s033/Stage2_level4_Iter0016.nii.gz
2DIAGNOSTIC,    16, -8.513879922031e-02, 7.629394531250e-06, 0.0000e+00, 0.0000e+00, 
  Elapsed time (stage 1): 0.0000e+00


Stage 2
  iterations = 100x70x50x20
  convergence threshold = 1.0000e-06
  convergence window size = 10
  number of levels = 4
  using the CC metric (radius = 4, weight = 1.0000e+00, use gradient filter = 0)
  preprocessing:  winsorizing the image intensities
  Shrink factors (level 1 out of 4): [8, 8, 8]
  Shrink factors (level 2 out of 4): [4, 4, 4]
  Shrink factors (level 3 out of 4): [2, 2, 2]
  Shrink factors (level 4 out of 4): [1, 1, 1]
  smoothing sigmas per level: [3, 2, 1, 0]
  Using default NONE metricSamplingStrategy 

*** Running SyN registration (varianceForUpdateField = 3.0000e+00, varianceForTotalField = 0.0000e+00) ***

XXDIAGNOSTIC,Iteration,metricValue,convergenceValue,ITERATION_TIME_INDEX,SINCE_LAST
*/mnt/lustre/mathdugre/fast-interpolate/datasets/ds004513/derivatives/flint/antsRegistration/r7-p14/sub-s033/Stage3_level1_Iter0001.nii.gz
1DIAGNOSTIC,     1, -5.254516601562e-01, 1.797693134862e+308, 0.0000e+00, 0.0000e+00, 
*/mnt/lustre/mathdugre/fast-interpolate/datasets/ds004513/derivatives/flint/antsRegistration/r7-p14/sub-s033/Stage3_level1_Iter0002.nii.gz
1DIAGNOSTIC,     2, -5.264587402344e-01, 1.797693134862e+308, 0.0000e+00, 0.0000e+00, 
*/mnt/lustre/mathdugre/fast-interpolate/datasets/ds004513/derivatives/flint/antsRegistration/r7-p14/sub-s033/Stage3_level1_Iter0003.nii.gz
1DIAGNOSTIC,     3, -5.275268554688e-01, 1.797693134862e+308, 0.0000e+00, 0.0000e+00, 
*/mnt/lustre/mathdugre/fast-interpolate/datasets/ds004513/derivatives/flint/antsRegistration/r7-p14/sub-s033/Stage3_level1_Iter0004.nii.gz
1DIAGNOSTIC,     4, -5.285644531250e-01, 1.797693134862e+308, 0.0000e+00, 0.0000e+00, 
*/mnt/lustre/mathdugre/fast-interpolate/datasets/ds004513/derivatives/flint/antsRegistration/r7-p14/sub-s033/Stage3_level1_Iter0005.nii.gz
1DIAGNOSTIC,     5, -5.294494628906e-01, 1.797693134862e+308, 0.0000e+00, 0.0000e+00, 
*/mnt/lustre/mathdugre/fast-interpolate/datasets/ds004513/derivatives/flint/antsRegistration/r7-p14/sub-s033/Stage3_level1_Iter0006.nii.gz
1DIAGNOSTIC,     6, -5.301208496094e-01, 1.797693134862e+308, 0.0000e+00, 0.0000e+00, 
*/mnt/lustre/mathdugre/fast-interpolate/datasets/ds004513/derivatives/flint/antsRegistration/r7-p14/sub-s033/Stage3_level1_Iter0007.nii.gz
1DIAGNOSTIC,     7, -5.307922363281e-01, 1.797693134862e+308, 0.0000e+00, 0.0000e+00, 
*/mnt/lustre/mathdugre/fast-interpolate/datasets/ds004513/derivatives/flint/antsRegistration/r7-p14/sub-s033/Stage3_level1_Iter0008.nii.gz
1DIAGNOSTIC,     8, -5.313110351562e-01, 1.797693134862e+308, 0.0000e+00, 0.0000e+00, 
*/mnt/lustre/mathdugre/fast-interpolate/datasets/ds004513/derivatives/flint/antsRegistration/r7-p14/sub-s033/Stage3_level1_Iter0009.nii.gz
1DIAGNOSTIC,     9, -5.316772460938e-01, 1.797693134862e+308, 0.0000e+00, 0.0000e+00, 
*/mnt/lustre/mathdugre/fast-interpolate/datasets/ds004513/derivatives/flint/antsRegistration/r7-p14/sub-s033/Stage3_level1_Iter0010.nii.gz
1DIAGNOSTIC,    10, -5.321350097656e-01, 8.163452148438e-04, 0.0000e+00, 0.0000e+00, 
*/mnt/lustre/mathdugre/fast-interpolate/datasets/ds004513/derivatives/flint/antsRegistration/r7-p14/sub-s033/Stage3_level1_Iter0011.nii.gz
1DIAGNOSTIC,    11, -5.325012207031e-01, 6.446838378906e-04, 0.0000e+00, 0.0000e+00, 
*/mnt/lustre/mathdugre/fast-interpolate/datasets/ds004513/derivatives/flint/antsRegistration/r7-p14/sub-s033/Stage3_level1_Iter0012.nii.gz
1DIAGNOSTIC,    12, -5.326843261719e-01, 5.111694335938e-04, 0.0000e+00, 0.0000e+00, 
*/mnt/lustre/mathdugre/fast-interpolate/datasets/ds004513/derivatives/flint/antsRegistration/r7-p14/sub-s033/Stage3_level1_Iter0013.nii.gz
1DIAGNOSTIC,    13, -5.329284667969e-01, 3.967285156250e-04, 0.0000e+00, 0.0000e+00, 
*/mnt/lustre/mathdugre/fast-interpolate/datasets/ds004513/derivatives/flint/antsRegistration/r7-p14/sub-s033/Stage3_level1_Iter0014.nii.gz
1DIAGNOSTIC,    14, -5.328674316406e-01, 3.051757812500e-04, 0.0000e+00, 0.0000e+00, 
*/mnt/lustre/mathdugre/fast-interpolate/datasets/ds004513/derivatives/flint/antsRegistration/r7-p14/sub-s033/Stage3_level1_Iter0015.nii.gz
1DIAGNOSTIC,    15, -5.329895019531e-01, 2.288818359375e-04, 0.0000e+00, 0.0000e+00, 
*/mnt/lustre/mathdugre/fast-interpolate/datasets/ds004513/derivatives/flint/antsRegistration/r7-p14/sub-s033/Stage3_level1_Iter0016.nii.gz
1DIAGNOSTIC,    16, -5.330810546875e-01, 1.678466796875e-04, 0.0000e+00, 0.0000e+00, 
*/mnt/lustre/mathdugre/fast-interpolate/datasets/ds004513/derivatives/flint/antsRegistration/r7-p14/sub-s033/Stage3_level1_Iter0017.nii.gz
1DIAGNOSTIC,    17, -5.332031250000e-01, 1.239776611328e-04, 0.0000e+00, 0.0000e+00, 
*/mnt/lustre/mathdugre/fast-interpolate/datasets/ds004513/derivatives/flint/antsRegistration/r7-p14/sub-s033/Stage3_level1_Iter0018.nii.gz
1DIAGNOSTIC,    18, -5.331726074219e-01, 8.583068847656e-05, 0.0000e+00, 0.0000e+00, 
*/mnt/lustre/mathdugre/fast-interpolate/datasets/ds004513/derivatives/flint/antsRegistration/r7-p14/sub-s033/Stage3_level1_Iter0019.nii.gz
1DIAGNOSTIC,    19, -5.333251953125e-01, 6.103515625000e-05, 0.0000e+00, 0.0000e+00, 
*/mnt/lustre/mathdugre/fast-interpolate/datasets/ds004513/derivatives/flint/antsRegistration/r7-p14/sub-s033/Stage3_level1_Iter0020.nii.gz
1DIAGNOSTIC,    20, -5.332946777344e-01, 4.577636718750e-05, 0.0000e+00, 0.0000e+00, 
*/mnt/lustre/mathdugre/fast-interpolate/datasets/ds004513/derivatives/flint/antsRegistration/r7-p14/sub-s033/Stage3_level1_Iter0021.nii.gz
1DIAGNOSTIC,    21, -5.333557128906e-01, 3.433227539062e-05, 0.0000e+00, 0.0000e+00, 
*/mnt/lustre/mathdugre/fast-interpolate/datasets/ds004513/derivatives/flint/antsRegistration/r7-p14/sub-s033/Stage3_level1_Iter0022.nii.gz
1DIAGNOSTIC,    22, -5.333557128906e-01, 3.051757812500e-05, 0.0000e+00, 0.0000e+00, 
*/mnt/lustre/mathdugre/fast-interpolate/datasets/ds004513/derivatives/flint/antsRegistration/r7-p14/sub-s033/Stage3_level1_Iter0023.nii.gz
1DIAGNOSTIC,    23, -5.333557128906e-01, 2.670288085938e-05, 0.0000e+00, 0.0000e+00, 
*/mnt/lustre/mathdugre/fast-interpolate/datasets/ds004513/derivatives/flint/antsRegistration/r7-p14/sub-s033/Stage3_level1_Iter0024.nii.gz
1DIAGNOSTIC,    24, -5.332031250000e-01, 1.525878906250e-05, 0.0000e+00, 0.0000e+00, 
*/mnt/lustre/mathdugre/fast-interpolate/datasets/ds004513/derivatives/flint/antsRegistration/r7-p14/sub-s033/Stage3_level1_Iter0025.nii.gz
1DIAGNOSTIC,    25, -5.332031250000e-01, 5.722045898438e-06, 0.0000e+00, 0.0000e+00, 
*/mnt/lustre/mathdugre/fast-interpolate/datasets/ds004513/derivatives/flint/antsRegistration/r7-p14/sub-s033/Stage3_level1_Iter0026.nii.gz
1DIAGNOSTIC,    26, -5.331726074219e-01, -1.907348632812e-06, 0.0000e+00, 0.0000e+00, 
XXDIAGNOSTIC,Iteration,metricValue,convergenceValue,ITERATION_TIME_INDEX,SINCE_LAST
*/mnt/lustre/mathdugre/fast-interpolate/datasets/ds004513/derivatives/flint/antsRegistration/r7-p14/sub-s033/Stage3_level2_Iter0001.nii.gz
1DIAGNOSTIC,     1, -7.734375000000e-01, 1.797693134862e+308, 0.0000e+00, 0.0000e+00, 
*/mnt/lustre/mathdugre/fast-interpolate/datasets/ds004513/derivatives/flint/antsRegistration/r7-p14/sub-s033/Stage3_level2_Iter0002.nii.gz
1DIAGNOSTIC,     2, -7.738037109375e-01, 1.797693134862e+308, 0.0000e+00, 0.0000e+00, 
*/mnt/lustre/mathdugre/fast-interpolate/datasets/ds004513/derivatives/flint/antsRegistration/r7-p14/sub-s033/Stage3_level2_Iter0003.nii.gz
1DIAGNOSTIC,     3, -7.741088867188e-01, 1.797693134862e+308, 0.0000e+00, 0.0000e+00, 
*/mnt/lustre/mathdugre/fast-interpolate/datasets/ds004513/derivatives/flint/antsRegistration/r7-p14/sub-s033/Stage3_level2_Iter0004.nii.gz
1DIAGNOSTIC,     4, -7.744445800781e-01, 1.797693134862e+308, 0.0000e+00, 0.0000e+00, 
*/mnt/lustre/mathdugre/fast-interpolate/datasets/ds004513/derivatives/flint/antsRegistration/r7-p14/sub-s033/Stage3_level2_Iter0005.nii.gz
1DIAGNOSTIC,     5, -7.746887207031e-01, 1.797693134862e+308, 0.0000e+00, 0.0000e+00, 
*/mnt/lustre/mathdugre/fast-interpolate/datasets/ds004513/derivatives/flint/antsRegistration/r7-p14/sub-s033/Stage3_level2_Iter0006.nii.gz
1DIAGNOSTIC,     6, -7.749633789062e-01, 1.797693134862e+308, 0.0000e+00, 0.0000e+00, 
*/mnt/lustre/mathdugre/fast-interpolate/datasets/ds004513/derivatives/flint/antsRegistration/r7-p14/sub-s033/Stage3_level2_Iter0007.nii.gz
1DIAGNOSTIC,     7, -7.752380371094e-01, 1.797693134862e+308, 0.0000e+00, 0.0000e+00, 
*/mnt/lustre/mathdugre/fast-interpolate/datasets/ds004513/derivatives/flint/antsRegistration/r7-p14/sub-s033/Stage3_level2_Iter0008.nii.gz
1DIAGNOSTIC,     8, -7.753906250000e-01, 1.797693134862e+308, 0.0000e+00, 0.0000e+00, 
*/mnt/lustre/mathdugre/fast-interpolate/datasets/ds004513/derivatives/flint/antsRegistration/r7-p14/sub-s033/Stage3_level2_Iter0009.nii.gz
1DIAGNOSTIC,     9, -7.755737304688e-01, 1.797693134862e+308, 0.0000e+00, 0.0000e+00, 
*/mnt/lustre/mathdugre/fast-interpolate/datasets/ds004513/derivatives/flint/antsRegistration/r7-p14/sub-s033/Stage3_level2_Iter0010.nii.gz
1DIAGNOSTIC,    10, -7.757263183594e-01, 1.907348632812e-04, 0.0000e+00, 0.0000e+00, 
*/mnt/lustre/mathdugre/fast-interpolate/datasets/ds004513/derivatives/flint/antsRegistration/r7-p14/sub-s033/Stage3_level2_Iter0011.nii.gz
1DIAGNOSTIC,    11, -7.759094238281e-01, 1.525878906250e-04, 0.0000e+00, 0.0000e+00, 
*/mnt/lustre/mathdugre/fast-interpolate/datasets/ds004513/derivatives/flint/antsRegistration/r7-p14/sub-s033/Stage3_level2_Iter0012.nii.gz
1DIAGNOSTIC,    12, -7.760314941406e-01, 1.296997070312e-04, 0.0000e+00, 0.0000e+00, 
*/mnt/lustre/mathdugre/fast-interpolate/datasets/ds004513/derivatives/flint/antsRegistration/r7-p14/sub-s033/Stage3_level2_Iter0013.nii.gz
1DIAGNOSTIC,    13, -7.761535644531e-01, 1.068115234375e-04, 0.0000e+00, 0.0000e+00, 
*/mnt/lustre/mathdugre/fast-interpolate/datasets/ds004513/derivatives/flint/antsRegistration/r7-p14/sub-s033/Stage3_level2_Iter0014.nii.gz
1DIAGNOSTIC,    14, -7.762451171875e-01, 8.773803710938e-05, 0.0000e+00, 0.0000e+00, 
*/mnt/lustre/mathdugre/fast-interpolate/datasets/ds004513/derivatives/flint/antsRegistration/r7-p14/sub-s033/Stage3_level2_Iter0015.nii.gz
1DIAGNOSTIC,    15, -7.763671875000e-01, 7.629394531250e-05, 0.0000e+00, 0.0000e+00, 
*/mnt/lustre/mathdugre/fast-interpolate/datasets/ds004513/derivatives/flint/antsRegistration/r7-p14/sub-s033/Stage3_level2_Iter0016.nii.gz
1DIAGNOSTIC,    16, -7.764892578125e-01, 6.484985351562e-05, 0.0000e+00, 0.0000e+00, 
*/mnt/lustre/mathdugre/fast-interpolate/datasets/ds004513/derivatives/flint/antsRegistration/r7-p14/sub-s033/Stage3_level2_Iter0017.nii.gz
1DIAGNOSTIC,    17, -7.766113281250e-01, 5.722045898438e-05, 0.0000e+00, 0.0000e+00, 
*/mnt/lustre/mathdugre/fast-interpolate/datasets/ds004513/derivatives/flint/antsRegistration/r7-p14/sub-s033/Stage3_level2_Iter0018.nii.gz
1DIAGNOSTIC,    18, -7.766723632812e-01, 5.531311035156e-05, 0.0000e+00, 0.0000e+00, 
*/mnt/lustre/mathdugre/fast-interpolate/datasets/ds004513/derivatives/flint/antsRegistration/r7-p14/sub-s033/Stage3_level2_Iter0019.nii.gz
1DIAGNOSTIC,    19, -7.767639160156e-01, 4.386901855469e-05, 0.0000e+00, 0.0000e+00, 
*/mnt/lustre/mathdugre/fast-interpolate/datasets/ds004513/derivatives/flint/antsRegistration/r7-p14/sub-s033/Stage3_level2_Iter0020.nii.gz
1DIAGNOSTIC,    20, -7.768249511719e-01, 3.814697265625e-05, 0.0000e+00, 0.0000e+00, 
*/mnt/lustre/mathdugre/fast-interpolate/datasets/ds004513/derivatives/flint/antsRegistration/r7-p14/sub-s033/Stage3_level2_Iter0021.nii.gz
1DIAGNOSTIC,    21, -7.769165039062e-01, 3.433227539062e-05, 0.0000e+00, 0.0000e+00, 
*/mnt/lustre/mathdugre/fast-interpolate/datasets/ds004513/derivatives/flint/antsRegistration/r7-p14/sub-s033/Stage3_level2_Iter0022.nii.gz
1DIAGNOSTIC,    22, -7.769775390625e-01, 3.242492675781e-05, 0.0000e+00, 0.0000e+00, 
*/mnt/lustre/mathdugre/fast-interpolate/datasets/ds004513/derivatives/flint/antsRegistration/r7-p14/sub-s033/Stage3_level2_Iter0023.nii.gz
1DIAGNOSTIC,    23, -7.770385742188e-01, 2.288818359375e-05, 0.0000e+00, 0.0000e+00, 
*/mnt/lustre/mathdugre/fast-interpolate/datasets/ds004513/derivatives/flint/antsRegistration/r7-p14/sub-s033/Stage3_level2_Iter0024.nii.gz
1DIAGNOSTIC,    24, -7.770996093750e-01, 2.288818359375e-05, 0.0000e+00, 0.0000e+00, 
*/mnt/lustre/mathdugre/fast-interpolate/datasets/ds004513/derivatives/flint/antsRegistration/r7-p14/sub-s033/Stage3_level2_Iter0025.nii.gz
1DIAGNOSTIC,    25, -7.771301269531e-01, 2.098083496094e-05, 0.0000e+00, 0.0000e+00, 
*/mnt/lustre/mathdugre/fast-interpolate/datasets/ds004513/derivatives/flint/antsRegistration/r7-p14/sub-s033/Stage3_level2_Iter0026.nii.gz
1DIAGNOSTIC,    26, -7.771606445312e-01, 1.335144042969e-05, 0.0000e+00, 0.0000e+00, 
*/mnt/lustre/mathdugre/fast-interpolate/datasets/ds004513/derivatives/flint/antsRegistration/r7-p14/sub-s033/Stage3_level2_Iter0027.nii.gz
1DIAGNOSTIC,    27, -7.772216796875e-01, 1.907348632812e-05, 0.0000e+00, 0.0000e+00, 
*/mnt/lustre/mathdugre/fast-interpolate/datasets/ds004513/derivatives/flint/antsRegistration/r7-p14/sub-s033/Stage3_level2_Iter0028.nii.gz
1DIAGNOSTIC,    28, -7.772216796875e-01, 1.335144042969e-05, 0.0000e+00, 0.0000e+00, 
*/mnt/lustre/mathdugre/fast-interpolate/datasets/ds004513/derivatives/flint/antsRegistration/r7-p14/sub-s033/Stage3_level2_Iter0029.nii.gz
1DIAGNOSTIC,    29, -7.772216796875e-01, 9.536743164062e-06, 0.0000e+00, 0.0000e+00, 
*/mnt/lustre/mathdugre/fast-interpolate/datasets/ds004513/derivatives/flint/antsRegistration/r7-p14/sub-s033/Stage3_level2_Iter0030.nii.gz
1DIAGNOSTIC,    30, -7.772827148438e-01, 7.629394531250e-06, 0.0000e+00, 0.0000e+00, 
*/mnt/lustre/mathdugre/fast-interpolate/datasets/ds004513/derivatives/flint/antsRegistration/r7-p14/sub-s033/Stage3_level2_Iter0031.nii.gz
1DIAGNOSTIC,    31, -7.773132324219e-01, 7.629394531250e-06, 0.0000e+00, 0.0000e+00, 
*/mnt/lustre/mathdugre/fast-interpolate/datasets/ds004513/derivatives/flint/antsRegistration/r7-p14/sub-s033/Stage3_level2_Iter0032.nii.gz
1DIAGNOSTIC,    32, -7.773437500000e-01, 5.722045898438e-06, 0.0000e+00, 0.0000e+00, 
*/mnt/lustre/mathdugre/fast-interpolate/datasets/ds004513/derivatives/flint/antsRegistration/r7-p14/sub-s033/Stage3_level2_Iter0033.nii.gz
1DIAGNOSTIC,    33, -7.773437500000e-01, 5.722045898438e-06, 0.0000e+00, 0.0000e+00, 
*/mnt/lustre/mathdugre/fast-interpolate/datasets/ds004513/derivatives/flint/antsRegistration/r7-p14/sub-s033/Stage3_level2_Iter0034.nii.gz
1DIAGNOSTIC,    34, -7.773742675781e-01, 6.675720214844e-06, 0.0000e+00, 0.0000e+00, 
*/mnt/lustre/mathdugre/fast-interpolate/datasets/ds004513/derivatives/flint/antsRegistration/r7-p14/sub-s033/Stage3_level2_Iter0035.nii.gz
1DIAGNOSTIC,    35, -7.774353027344e-01, 6.675720214844e-06, 0.0000e+00, 0.0000e+00, 
*/mnt/lustre/mathdugre/fast-interpolate/datasets/ds004513/derivatives/flint/antsRegistration/r7-p14/sub-s033/Stage3_level2_Iter0036.nii.gz
1DIAGNOSTIC,    36, -7.774658203125e-01, 5.722045898438e-06, 0.0000e+00, 0.0000e+00, 
*/mnt/lustre/mathdugre/fast-interpolate/datasets/ds004513/derivatives/flint/antsRegistration/r7-p14/sub-s033/Stage3_level2_Iter0037.nii.gz
1DIAGNOSTIC,    37, -7.774658203125e-01, 5.722045898438e-06, 0.0000e+00, 0.0000e+00, 
*/mnt/lustre/mathdugre/fast-interpolate/datasets/ds004513/derivatives/flint/antsRegistration/r7-p14/sub-s033/Stage3_level2_Iter0038.nii.gz
1DIAGNOSTIC,    38, -7.774658203125e-01, 3.814697265625e-06, 0.0000e+00, 0.0000e+00, 
*/mnt/lustre/mathdugre/fast-interpolate/datasets/ds004513/derivatives/flint/antsRegistration/r7-p14/sub-s033/Stage3_level2_Iter0039.nii.gz
1DIAGNOSTIC,    39, -7.774963378906e-01, 5.722045898438e-06, 0.0000e+00, 0.0000e+00, 
*/mnt/lustre/mathdugre/fast-interpolate/datasets/ds004513/derivatives/flint/antsRegistration/r7-p14/sub-s033/Stage3_level2_Iter0040.nii.gz
1DIAGNOSTIC,    40, -7.775268554688e-01, 4.768371582031e-06, 0.0000e+00, 0.0000e+00, 
*/mnt/lustre/mathdugre/fast-interpolate/datasets/ds004513/derivatives/flint/antsRegistration/r7-p14/sub-s033/Stage3_level2_Iter0041.nii.gz
1DIAGNOSTIC,    41, -7.775268554688e-01, 5.722045898438e-06, 0.0000e+00, 0.0000e+00, 
*/mnt/lustre/mathdugre/fast-interpolate/datasets/ds004513/derivatives/flint/antsRegistration/r7-p14/sub-s033/Stage3_level2_Iter0042.nii.gz
1DIAGNOSTIC,    42, -7.775573730469e-01, 2.861022949219e-06, 0.0000e+00, 0.0000e+00, 
*/mnt/lustre/mathdugre/fast-interpolate/datasets/ds004513/derivatives/flint/antsRegistration/r7-p14/sub-s033/Stage3_level2_Iter0043.nii.gz
1DIAGNOSTIC,    43, -7.775573730469e-01, 2.861022949219e-06, 0.0000e+00, 0.0000e+00, 
*/mnt/lustre/mathdugre/fast-interpolate/datasets/ds004513/derivatives/flint/antsRegistration/r7-p14/sub-s033/Stage3_level2_Iter0044.nii.gz
1DIAGNOSTIC,    44, -7.775268554688e-01, 1.907348632812e-06, 0.0000e+00, 0.0000e+00, 
*/mnt/lustre/mathdugre/fast-interpolate/datasets/ds004513/derivatives/flint/antsRegistration/r7-p14/sub-s033/Stage3_level2_Iter0045.nii.gz
1DIAGNOSTIC,    45, -7.775268554688e-01, -0.000000000000e+00, 0.0000e+00, 0.0000e+00, 
XXDIAGNOSTIC,Iteration,metricValue,convergenceValue,ITERATION_TIME_INDEX,SINCE_LAST
*/mnt/lustre/mathdugre/fast-interpolate/datasets/ds004513/derivatives/flint/antsRegistration/r7-p14/sub-s033/Stage3_level3_Iter0001.nii.gz
1DIAGNOSTIC,     1, -9.183044433594e-01, 1.797693134862e+308, 0.0000e+00, 0.0000e+00, 
*/mnt/lustre/mathdugre/fast-interpolate/datasets/ds004513/derivatives/flint/antsRegistration/r7-p14/sub-s033/Stage3_level3_Iter0002.nii.gz
1DIAGNOSTIC,     2, -9.184265136719e-01, 1.797693134862e+308, 0.0000e+00, 0.0000e+00, 
*/mnt/lustre/mathdugre/fast-interpolate/datasets/ds004513/derivatives/flint/antsRegistration/r7-p14/sub-s033/Stage3_level3_Iter0003.nii.gz
1DIAGNOSTIC,     3, -9.186096191406e-01, 1.797693134862e+308, 0.0000e+00, 0.0000e+00, 
*/mnt/lustre/mathdugre/fast-interpolate/datasets/ds004513/derivatives/flint/antsRegistration/r7-p14/sub-s033/Stage3_level3_Iter0004.nii.gz
1DIAGNOSTIC,     4, -9.187622070312e-01, 1.797693134862e+308, 0.0000e+00, 0.0000e+00, 
*/mnt/lustre/mathdugre/fast-interpolate/datasets/ds004513/derivatives/flint/antsRegistration/r7-p14/sub-s033/Stage3_level3_Iter0005.nii.gz
1DIAGNOSTIC,     5, -9.189147949219e-01, 1.797693134862e+308, 0.0000e+00, 0.0000e+00, 
*/mnt/lustre/mathdugre/fast-interpolate/datasets/ds004513/derivatives/flint/antsRegistration/r7-p14/sub-s033/Stage3_level3_Iter0006.nii.gz
1DIAGNOSTIC,     6, -9.190368652344e-01, 1.797693134862e+308, 0.0000e+00, 0.0000e+00, 
*/mnt/lustre/mathdugre/fast-interpolate/datasets/ds004513/derivatives/flint/antsRegistration/r7-p14/sub-s033/Stage3_level3_Iter0007.nii.gz
1DIAGNOSTIC,     7, -9.191589355469e-01, 1.797693134862e+308, 0.0000e+00, 0.0000e+00, 
*/mnt/lustre/mathdugre/fast-interpolate/datasets/ds004513/derivatives/flint/antsRegistration/r7-p14/sub-s033/Stage3_level3_Iter0008.nii.gz
1DIAGNOSTIC,     8, -9.192810058594e-01, 1.797693134862e+308, 0.0000e+00, 0.0000e+00, 
*/mnt/lustre/mathdugre/fast-interpolate/datasets/ds004513/derivatives/flint/antsRegistration/r7-p14/sub-s033/Stage3_level3_Iter0009.nii.gz
1DIAGNOSTIC,     9, -9.193725585938e-01, 1.797693134862e+308, 0.0000e+00, 0.0000e+00, 
*/mnt/lustre/mathdugre/fast-interpolate/datasets/ds004513/derivatives/flint/antsRegistration/r7-p14/sub-s033/Stage3_level3_Iter0010.nii.gz
1DIAGNOSTIC,    10, -9.194335937500e-01, 8.010864257812e-05, 0.0000e+00, 0.0000e+00, 
*/mnt/lustre/mathdugre/fast-interpolate/datasets/ds004513/derivatives/flint/antsRegistration/r7-p14/sub-s033/Stage3_level3_Iter0011.nii.gz
1DIAGNOSTIC,    11, -9.195251464844e-01, 6.866455078125e-05, 0.0000e+00, 0.0000e+00, 
*/mnt/lustre/mathdugre/fast-interpolate/datasets/ds004513/derivatives/flint/antsRegistration/r7-p14/sub-s033/Stage3_level3_Iter0012.nii.gz
1DIAGNOSTIC,    12, -9.195861816406e-01, 5.722045898438e-05, 0.0000e+00, 0.0000e+00, 
*/mnt/lustre/mathdugre/fast-interpolate/datasets/ds004513/derivatives/flint/antsRegistration/r7-p14/sub-s033/Stage3_level3_Iter0013.nii.gz
1DIAGNOSTIC,    13, -9.196472167969e-01, 4.577636718750e-05, 0.0000e+00, 0.0000e+00, 
*/mnt/lustre/mathdugre/fast-interpolate/datasets/ds004513/derivatives/flint/antsRegistration/r7-p14/sub-s033/Stage3_level3_Iter0014.nii.gz
1DIAGNOSTIC,    14, -9.197387695312e-01, 3.814697265625e-05, 0.0000e+00, 0.0000e+00, 
*/mnt/lustre/mathdugre/fast-interpolate/datasets/ds004513/derivatives/flint/antsRegistration/r7-p14/sub-s033/Stage3_level3_Iter0015.nii.gz
1DIAGNOSTIC,    15, -9.197692871094e-01, 3.051757812500e-05, 0.0000e+00, 0.0000e+00, 
*/mnt/lustre/mathdugre/fast-interpolate/datasets/ds004513/derivatives/flint/antsRegistration/r7-p14/sub-s033/Stage3_level3_Iter0016.nii.gz
1DIAGNOSTIC,    16, -9.198303222656e-01, 2.670288085938e-05, 0.0000e+00, 0.0000e+00, 
*/mnt/lustre/mathdugre/fast-interpolate/datasets/ds004513/derivatives/flint/antsRegistration/r7-p14/sub-s033/Stage3_level3_Iter0017.nii.gz
1DIAGNOSTIC,    17, -9.198913574219e-01, 2.479553222656e-05, 0.0000e+00, 0.0000e+00, 
*/mnt/lustre/mathdugre/fast-interpolate/datasets/ds004513/derivatives/flint/antsRegistration/r7-p14/sub-s033/Stage3_level3_Iter0018.nii.gz
1DIAGNOSTIC,    18, -9.199218750000e-01, 2.479553222656e-05, 0.0000e+00, 0.0000e+00, 
*/mnt/lustre/mathdugre/fast-interpolate/datasets/ds004513/derivatives/flint/antsRegistration/r7-p14/sub-s033/Stage3_level3_Iter0019.nii.gz
1DIAGNOSTIC,    19, -9.199829101562e-01, 1.716613769531e-05, 0.0000e+00, 0.0000e+00, 
*/mnt/lustre/mathdugre/fast-interpolate/datasets/ds004513/derivatives/flint/antsRegistration/r7-p14/sub-s033/Stage3_level3_Iter0020.nii.gz
1DIAGNOSTIC,    20, -9.200134277344e-01, 1.907348632812e-05, 0.0000e+00, 0.0000e+00, 
*/mnt/lustre/mathdugre/fast-interpolate/datasets/ds004513/derivatives/flint/antsRegistration/r7-p14/sub-s033/Stage3_level3_Iter0021.nii.gz
1DIAGNOSTIC,    21, -9.200744628906e-01, 1.716613769531e-05, 0.0000e+00, 0.0000e+00, 
*/mnt/lustre/mathdugre/fast-interpolate/datasets/ds004513/derivatives/flint/antsRegistration/r7-p14/sub-s033/Stage3_level3_Iter0022.nii.gz
1DIAGNOSTIC,    22, -9.201049804688e-01, 1.335144042969e-05, 0.0000e+00, 0.0000e+00, 
*/mnt/lustre/mathdugre/fast-interpolate/datasets/ds004513/derivatives/flint/antsRegistration/r7-p14/sub-s033/Stage3_level3_Iter0023.nii.gz
1DIAGNOSTIC,    23, -9.201354980469e-01, 1.144409179688e-05, 0.0000e+00, 0.0000e+00, 
*/mnt/lustre/mathdugre/fast-interpolate/datasets/ds004513/derivatives/flint/antsRegistration/r7-p14/sub-s033/Stage3_level3_Iter0024.nii.gz
1DIAGNOSTIC,    24, -9.201660156250e-01, 1.144409179688e-05, 0.0000e+00, 0.0000e+00, 
*/mnt/lustre/mathdugre/fast-interpolate/datasets/ds004513/derivatives/flint/antsRegistration/r7-p14/sub-s033/Stage3_level3_Iter0025.nii.gz
1DIAGNOSTIC,    25, -9.201965332031e-01, 1.144409179688e-05, 0.0000e+00, 0.0000e+00, 
*/mnt/lustre/mathdugre/fast-interpolate/datasets/ds004513/derivatives/flint/antsRegistration/r7-p14/sub-s033/Stage3_level3_Iter0026.nii.gz
1DIAGNOSTIC,    26, -9.202270507812e-01, 7.629394531250e-06, 0.0000e+00, 0.0000e+00, 
*/mnt/lustre/mathdugre/fast-interpolate/datasets/ds004513/derivatives/flint/antsRegistration/r7-p14/sub-s033/Stage3_level3_Iter0027.nii.gz
1DIAGNOSTIC,    27, -9.202575683594e-01, 9.536743164062e-06, 0.0000e+00, 0.0000e+00, 
*/mnt/lustre/mathdugre/fast-interpolate/datasets/ds004513/derivatives/flint/antsRegistration/r7-p14/sub-s033/Stage3_level3_Iter0028.nii.gz
1DIAGNOSTIC,    28, -9.202880859375e-01, 5.722045898438e-06, 0.0000e+00, 0.0000e+00, 
*/mnt/lustre/mathdugre/fast-interpolate/datasets/ds004513/derivatives/flint/antsRegistration/r7-p14/sub-s033/Stage3_level3_Iter0029.nii.gz
1DIAGNOSTIC,    29, -9.203186035156e-01, 5.722045898438e-06, 0.0000e+00, 0.0000e+00, 
*/mnt/lustre/mathdugre/fast-interpolate/datasets/ds004513/derivatives/flint/antsRegistration/r7-p14/sub-s033/Stage3_level3_Iter0030.nii.gz
1DIAGNOSTIC,    30, -9.203491210938e-01, 3.814697265625e-06, 0.0000e+00, 0.0000e+00, 
*/mnt/lustre/mathdugre/fast-interpolate/datasets/ds004513/derivatives/flint/antsRegistration/r7-p14/sub-s033/Stage3_level3_Iter0031.nii.gz
1DIAGNOSTIC,    31, -9.203796386719e-01, 7.629394531250e-06, 0.0000e+00, 0.0000e+00, 
*/mnt/lustre/mathdugre/fast-interpolate/datasets/ds004513/derivatives/flint/antsRegistration/r7-p14/sub-s033/Stage3_level3_Iter0032.nii.gz
1DIAGNOSTIC,    32, -9.204101562500e-01, 5.722045898438e-06, 0.0000e+00, 0.0000e+00, 
*/mnt/lustre/mathdugre/fast-interpolate/datasets/ds004513/derivatives/flint/antsRegistration/r7-p14/sub-s033/Stage3_level3_Iter0033.nii.gz
1DIAGNOSTIC,    33, -9.204406738281e-01, 3.814697265625e-06, 0.0000e+00, 0.0000e+00, 
*/mnt/lustre/mathdugre/fast-interpolate/datasets/ds004513/derivatives/flint/antsRegistration/r7-p14/sub-s033/Stage3_level3_Iter0034.nii.gz
1DIAGNOSTIC,    34, -9.204406738281e-01, 6.675720214844e-06, 0.0000e+00, 0.0000e+00, 
*/mnt/lustre/mathdugre/fast-interpolate/datasets/ds004513/derivatives/flint/antsRegistration/r7-p14/sub-s033/Stage3_level3_Iter0035.nii.gz
1DIAGNOSTIC,    35, -9.204711914062e-01, 3.814697265625e-06, 0.0000e+00, 0.0000e+00, 
*/mnt/lustre/mathdugre/fast-interpolate/datasets/ds004513/derivatives/flint/antsRegistration/r7-p14/sub-s033/Stage3_level3_Iter0036.nii.gz
1DIAGNOSTIC,    36, -9.205017089844e-01, 5.722045898438e-06, 0.0000e+00, 0.0000e+00, 
*/mnt/lustre/mathdugre/fast-interpolate/datasets/ds004513/derivatives/flint/antsRegistration/r7-p14/sub-s033/Stage3_level3_Iter0037.nii.gz
1DIAGNOSTIC,    37, -9.205017089844e-01, 2.861022949219e-06, 0.0000e+00, 0.0000e+00, 
*/mnt/lustre/mathdugre/fast-interpolate/datasets/ds004513/derivatives/flint/antsRegistration/r7-p14/sub-s033/Stage3_level3_Iter0038.nii.gz
1DIAGNOSTIC,    38, -9.205322265625e-01, 1.907348632812e-06, 0.0000e+00, 0.0000e+00, 
*/mnt/lustre/mathdugre/fast-interpolate/datasets/ds004513/derivatives/flint/antsRegistration/r7-p14/sub-s033/Stage3_level3_Iter0039.nii.gz
1DIAGNOSTIC,    39, -9.205627441406e-01, 1.907348632812e-06, 0.0000e+00, 0.0000e+00, 
*/mnt/lustre/mathdugre/fast-interpolate/datasets/ds004513/derivatives/flint/antsRegistration/r7-p14/sub-s033/Stage3_level3_Iter0040.nii.gz
1DIAGNOSTIC,    40, -9.205627441406e-01, 3.814697265625e-06, 0.0000e+00, 0.0000e+00, 
*/mnt/lustre/mathdugre/fast-interpolate/datasets/ds004513/derivatives/flint/antsRegistration/r7-p14/sub-s033/Stage3_level3_Iter0041.nii.gz
1DIAGNOSTIC,    41, -9.205627441406e-01, 3.814697265625e-06, 0.0000e+00, 0.0000e+00, 
*/mnt/lustre/mathdugre/fast-interpolate/datasets/ds004513/derivatives/flint/antsRegistration/r7-p14/sub-s033/Stage3_level3_Iter0042.nii.gz
1DIAGNOSTIC,    42, -9.205932617188e-01, 1.907348632812e-06, 0.0000e+00, 0.0000e+00, 
*/mnt/lustre/mathdugre/fast-interpolate/datasets/ds004513/derivatives/flint/antsRegistration/r7-p14/sub-s033/Stage3_level3_Iter0043.nii.gz
1DIAGNOSTIC,    43, -9.205932617188e-01, 3.814697265625e-06, 0.0000e+00, 0.0000e+00, 
*/mnt/lustre/mathdugre/fast-interpolate/datasets/ds004513/derivatives/flint/antsRegistration/r7-p14/sub-s033/Stage3_level3_Iter0044.nii.gz
1DIAGNOSTIC,    44, -9.205932617188e-01, 1.907348632812e-06, 0.0000e+00, 0.0000e+00, 
*/mnt/lustre/mathdugre/fast-interpolate/datasets/ds004513/derivatives/flint/antsRegistration/r7-p14/sub-s033/Stage3_level3_Iter0045.nii.gz
1DIAGNOSTIC,    45, -9.206237792969e-01, 1.907348632812e-06, 0.0000e+00, 0.0000e+00, 
*/mnt/lustre/mathdugre/fast-interpolate/datasets/ds004513/derivatives/flint/antsRegistration/r7-p14/sub-s033/Stage3_level3_Iter0046.nii.gz
1DIAGNOSTIC,    46, -9.206237792969e-01, 1.907348632812e-06, 0.0000e+00, 0.0000e+00, 
*/mnt/lustre/mathdugre/fast-interpolate/datasets/ds004513/derivatives/flint/antsRegistration/r7-p14/sub-s033/Stage3_level3_Iter0047.nii.gz
1DIAGNOSTIC,    47, -9.206237792969e-01, 9.536743164062e-07, 0.0000e+00, 0.0000e+00, 
XXDIAGNOSTIC,Iteration,metricValue,convergenceValue,ITERATION_TIME_INDEX,SINCE_LAST
*/mnt/lustre/mathdugre/fast-interpolate/datasets/ds004513/derivatives/flint/antsRegistration/r7-p14/sub-s033/Stage3_level4_Iter0001.nii.gz
1DIAGNOSTIC,     1, -9.859619140625e-01, 1.797693134862e+308, 6.5536e+04, 6.5536e+04, 
*/mnt/lustre/mathdugre/fast-interpolate/datasets/ds004513/derivatives/flint/antsRegistration/r7-p14/sub-s033/Stage3_level4_Iter0002.nii.gz
1DIAGNOSTIC,     2, -9.860229492188e-01, 1.797693134862e+308, 6.5536e+04, 0.0000e+00, 
*/mnt/lustre/mathdugre/fast-interpolate/datasets/ds004513/derivatives/flint/antsRegistration/r7-p14/sub-s033/Stage3_level4_Iter0003.nii.gz
1DIAGNOSTIC,     3, -9.860839843750e-01, 1.797693134862e+308, 6.5536e+04, 0.0000e+00, 
*/mnt/lustre/mathdugre/fast-interpolate/datasets/ds004513/derivatives/flint/antsRegistration/r7-p14/sub-s033/Stage3_level4_Iter0004.nii.gz
1DIAGNOSTIC,     4, -9.861145019531e-01, 1.797693134862e+308, 6.5536e+04, 0.0000e+00, 
*/mnt/lustre/mathdugre/fast-interpolate/datasets/ds004513/derivatives/flint/antsRegistration/r7-p14/sub-s033/Stage3_level4_Iter0005.nii.gz
1DIAGNOSTIC,     5, -9.861755371094e-01, 1.797693134862e+308, 6.5536e+04, 0.0000e+00, 
*/mnt/lustre/mathdugre/fast-interpolate/datasets/ds004513/derivatives/flint/antsRegistration/r7-p14/sub-s033/Stage3_level4_Iter0006.nii.gz
1DIAGNOSTIC,     6, -9.862060546875e-01, 1.797693134862e+308, 6.5536e+04, 0.0000e+00, 
*/mnt/lustre/mathdugre/fast-interpolate/datasets/ds004513/derivatives/flint/antsRegistration/r7-p14/sub-s033/Stage3_level4_Iter0007.nii.gz
1DIAGNOSTIC,     7, -9.862670898438e-01, 1.797693134862e+308, 6.5536e+04, 0.0000e+00, 
*/mnt/lustre/mathdugre/fast-interpolate/datasets/ds004513/derivatives/flint/antsRegistration/r7-p14/sub-s033/Stage3_level4_Iter0008.nii.gz
1DIAGNOSTIC,     8, -9.862670898438e-01, 1.797693134862e+308, 6.5536e+04, 0.0000e+00, 
*/mnt/lustre/mathdugre/fast-interpolate/datasets/ds004513/derivatives/flint/antsRegistration/r7-p14/sub-s033/Stage3_level4_Iter0009.nii.gz
1DIAGNOSTIC,     9, -9.862976074219e-01, 1.797693134862e+308, 6.5536e+04, 0.0000e+00, 
*/mnt/lustre/mathdugre/fast-interpolate/datasets/ds004513/derivatives/flint/antsRegistration/r7-p14/sub-s033/Stage3_level4_Iter0010.nii.gz
1DIAGNOSTIC,    10, -9.863281250000e-01, 1.907348632812e-05, 6.5536e+04, 0.0000e+00, 
*/mnt/lustre/mathdugre/fast-interpolate/datasets/ds004513/derivatives/flint/antsRegistration/r7-p14/sub-s033/Stage3_level4_Iter0011.nii.gz
1DIAGNOSTIC,    11, -9.863586425781e-01, 1.907348632812e-05, 6.5536e+04, 0.0000e+00, 
*/mnt/lustre/mathdugre/fast-interpolate/datasets/ds004513/derivatives/flint/antsRegistration/r7-p14/sub-s033/Stage3_level4_Iter0012.nii.gz
1DIAGNOSTIC,    12, -9.863586425781e-01, 1.525878906250e-05, 6.5536e+04, 0.0000e+00, 
*/mnt/lustre/mathdugre/fast-interpolate/datasets/ds004513/derivatives/flint/antsRegistration/r7-p14/sub-s033/Stage3_level4_Iter0013.nii.gz
1DIAGNOSTIC,    13, -9.863891601562e-01, 7.629394531250e-06, 6.5536e+04, 0.0000e+00, 
*/mnt/lustre/mathdugre/fast-interpolate/datasets/ds004513/derivatives/flint/antsRegistration/r7-p14/sub-s033/Stage3_level4_Iter0014.nii.gz
1DIAGNOSTIC,    14, -9.864196777344e-01, 7.629394531250e-06, 6.5536e+04, 0.0000e+00, 
*/mnt/lustre/mathdugre/fast-interpolate/datasets/ds004513/derivatives/flint/antsRegistration/r7-p14/sub-s033/Stage3_level4_Iter0015.nii.gz
1DIAGNOSTIC,    15, -9.864196777344e-01, 3.814697265625e-06, 1.3107e+05, 6.5536e+04, 
*/mnt/lustre/mathdugre/fast-interpolate/datasets/ds004513/derivatives/flint/antsRegistration/r7-p14/sub-s033/Stage3_level4_Iter0016.nii.gz
1DIAGNOSTIC,    16, -9.864196777344e-01, 7.629394531250e-06, 1.3107e+05, 0.0000e+00, 
*/mnt/lustre/mathdugre/fast-interpolate/datasets/ds004513/derivatives/flint/antsRegistration/r7-p14/sub-s033/Stage3_level4_Iter0017.nii.gz
1DIAGNOSTIC,    17, -9.864501953125e-01, 7.629394531250e-06, 1.3107e+05, 0.0000e+00, 
*/mnt/lustre/mathdugre/fast-interpolate/datasets/ds004513/derivatives/flint/antsRegistration/r7-p14/sub-s033/Stage3_level4_Iter0018.nii.gz
1DIAGNOSTIC,    18, -9.864501953125e-01, 3.814697265625e-06, 1.3107e+05, 0.0000e+00, 
*/mnt/lustre/mathdugre/fast-interpolate/datasets/ds004513/derivatives/flint/antsRegistration/r7-p14/sub-s033/Stage3_level4_Iter0019.nii.gz
1DIAGNOSTIC,    19, -9.864501953125e-01, 1.907348632812e-06, 1.3107e+05, 0.0000e+00, 
*/mnt/lustre/mathdugre/fast-interpolate/datasets/ds004513/derivatives/flint/antsRegistration/r7-p14/sub-s033/Stage3_level4_Iter0020.nii.gz
1DIAGNOSTIC,    20, -9.864807128906e-01, 3.814697265625e-06, 1.3107e+05, 0.0000e+00, 
  Elapsed time (stage 2): 1.311e+05


Total elapsed time: 1.311e+05
