
##########################
# Experiment information #
##########################

EXPERIMENT_NAME: r7-p14
VFC_BACKENDS: libinterflop_vprec.so --range-binary32=7 --precision-binary32=14 --range-binary64=7 --precision-binary64=14

SIF_IMG: /mnt/lustre/mathdugre/containers/ants-vprec-no_metric.simg

SUBJECT_ID: s034
INPUT_IMG: /mnt/lustre/mathdugre/fast-interpolate/datasets/ds004513/derivatives/flint/antsBrainExtraction/sub-s034/BrainExtractionBrain.nii.gz
OUTPUT_DIR: /mnt/lustre/mathdugre/fast-interpolate/datasets/ds004513/derivatives/flint/antsRegistration/r7-p14/sub-s034

FIXED_IMG: /templateflow/tpl-MNI152NLin2009cAsym/tpl-MNI152NLin2009cAsym_res-01_desc-brain_T1w.nii.gz
DATA_DIR: /mnt/lustre/mathdugre/fast-interpolate/datasets/ds004513
TEMPLATEFLOW_DIR: /home/mathdugre/.cache/templateflow
ITK_GLOBAL_DEFAULT_NUMBER_OF_THREADS: 4
##########################

Info [verificarlo]: loaded backend libinterflop_vprec.so
Info [interflop-vprec]: load backend with: 
Info [interflop-vprec]: precision-binary32 = 14
Info [interflop-vprec]: range-binary32 = 7
Info [interflop-vprec]: precision-binary64 = 14
Info [interflop-vprec]: range-binary64 = 7
Info [interflop-vprec]: mode = ob
Info [interflop-vprec]: error-mode = rel
Info [interflop-vprec]: max-abs-error-exponent = -1022
Info [interflop-vprec]: daz = false
Info [interflop-vprec]: ftz = false
Info [interflop-vprec]: 	instrument = none
Info [interflop-vprec]: 	prec-input-file = (null)
Info [interflop-vprec]: 	prec-output-file = (null)
Info [interflop-vprec]: 	prec-log-file = (null)
All_Command_lines_OK
Using double precision for computations.
=============================================================================
The composite transform comprises the following transforms (in order): 
  1. Center of mass alignment using fixed image: /templateflow/tpl-MNI152NLin2009cAsym/tpl-MNI152NLin2009cAsym_res-01_desc-brain_T1w.nii.gz and moving image: /mnt/lustre/mathdugre/fast-interpolate/datasets/ds004513/derivatives/flint/antsBrainExtraction/sub-s034/BrainExtractionBrain.nii.gz (type = Euler3DTransform)
=============================================================================
  number of levels = 4
  number of levels = 4
  number of levels = 4
  fixed image: /templateflow/tpl-MNI152NLin2009cAsym/tpl-MNI152NLin2009cAsym_res-01_desc-brain_T1w.nii.gz
  moving image: /mnt/lustre/mathdugre/fast-interpolate/datasets/ds004513/derivatives/flint/antsBrainExtraction/sub-s034/BrainExtractionBrain.nii.gz
  fixed image: /templateflow/tpl-MNI152NLin2009cAsym/tpl-MNI152NLin2009cAsym_res-01_desc-brain_T1w.nii.gz
  moving image: /mnt/lustre/mathdugre/fast-interpolate/datasets/ds004513/derivatives/flint/antsBrainExtraction/sub-s034/BrainExtractionBrain.nii.gz
  fixed image: /templateflow/tpl-MNI152NLin2009cAsym/tpl-MNI152NLin2009cAsym_res-01_desc-brain_T1w.nii.gz
  moving image: /mnt/lustre/mathdugre/fast-interpolate/datasets/ds004513/derivatives/flint/antsBrainExtraction/sub-s034/BrainExtractionBrain.nii.gz
Dimension = 3
Number of stages = 3
Use histogram matching = false
Winsorize image intensities = true
  Lower quantile = 0.005
  Upper quantile = 0.995


Stage 1 State
   Image metric = MattesMI
     Fixed image = Image (0x502ab30)
  RTTI typeinfo:   itk::Image<double, 3u>
  Reference Count: 2
  Modified Time: 2385
  Debug: Off
  Object Name: 
  Observers: 
    none
  Source: (none)
  Source output name: (none)
  Release Data: Off
  Data Released: False
  Global Release Data: Off
  PipelineMTime: 0
  UpdateMTime: 1996
  RealTimeStamp: 0 seconds 
  LargestPossibleRegion: 
    Dimension: 3
    Index: [0, 0, 0]
    Size: [193, 229, 193]
  BufferedRegion: 
    Dimension: 3
    Index: [0, 0, 0]
    Size: [193, 229, 193]
  RequestedRegion: 
    Dimension: 3
    Index: [0, 0, 0]
    Size: [193, 229, 193]
  Spacing: [1, 1, 1]
  Origin: [96, 132, -78]
  Direction: 
-1 0 0
0 -1 0
0 0 1

  IndexToPointMatrix: 
-1 0 0
0 -1 0
0 0 1

  PointToIndexMatrix: 
-1 0 0
0 -1 0
0 0 1

  Inverse Direction: 
-1 0 0
0 -1 0
0 0 1

  PixelContainer: 
    ImportImageContainer (0x5051f20)
      RTTI typeinfo:   itk::ImportImageContainer<unsigned long, double>
      Reference Count: 1
      Modified Time: 1993
      Debug: Off
      Object Name: 
      Observers: 
        none
      Pointer: 0x7f1e11fdc010
      Container manages memory: true
      Size: 8530021
      Capacity: 8530021

     Moving image = Image (0x5026400)
  RTTI typeinfo:   itk::Image<double, 3u>
  Reference Count: 2
  Modified Time: 2386
  Debug: Off
  Object Name: 
  Observers: 
    none
  Source: (none)
  Source output name: (none)
  Release Data: Off
  Data Released: False
  Global Release Data: Off
  PipelineMTime: 0
  UpdateMTime: 2383
  RealTimeStamp: 0 seconds 
  LargestPossibleRegion: 
    Dimension: 3
    Index: [0, 0, 0]
    Size: [160, 240, 256]
  BufferedRegion: 
    Dimension: 3
    Index: [0, 0, 0]
    Size: [160, 240, 256]
  RequestedRegion: 
    Dimension: 3
    Index: [0, 0, 0]
    Size: [160, 240, 256]
  Spacing: [1, 1, 1]
  Origin: [80.0391, 105.5, -130.75]
  Direction: 
-0.999817 0 0.0191975
0 -1 0
0.0191975 0 0.999817

  IndexToPointMatrix: 
-0.999817 0 0.0191975
0 -1 0
0.0191975 0 0.999817

  PointToIndexMatrix: 
-0.999817 0 0.0191975
0 -1 0
0.0191975 0 0.999817

  Inverse Direction: 
-0.999817 0 0.0191975
0 -1 0
0.0191975 0 0.999817

  PixelContainer: 
    ImportImageContainer (0x51aa750)
      RTTI typeinfo:   itk::ImportImageContainer<unsigned long, double>
      Reference Count: 1
      Modified Time: 2380
      Debug: Off
      Object Name: 
      Observers: 
        none
      Pointer: 0x7f1e0d4db010
      Container manages memory: true
      Size: 9830400
      Capacity: 9830400

     Weighting = 1
     Sampling strategy = regular
     Number of bins = 32
     Radius = 4
     Sampling percentage  = 0.25
   Transform = Rigid
     Gradient step = 0.1
     Update field sigma (voxel space) = 0
     Total field sigma (voxel space) = 0
     Update field time sigma = 0
     Total field time sigma  = 0
     Number of time indices = 0
     Number of time point samples = 0
Stage 2 State
   Image metric = MattesMI
     Fixed image = Image (0x504b850)
  RTTI typeinfo:   itk::Image<double, 3u>
  Reference Count: 2
  Modified Time: 3161
  Debug: Off
  Object Name: 
  Observers: 
    none
  Source: (none)
  Source output name: (none)
  Release Data: Off
  Data Released: False
  Global Release Data: Off
  PipelineMTime: 0
  UpdateMTime: 2772
  RealTimeStamp: 0 seconds 
  LargestPossibleRegion: 
    Dimension: 3
    Index: [0, 0, 0]
    Size: [193, 229, 193]
  BufferedRegion: 
    Dimension: 3
    Index: [0, 0, 0]
    Size: [193, 229, 193]
  RequestedRegion: 
    Dimension: 3
    Index: [0, 0, 0]
    Size: [193, 229, 193]
  Spacing: [1, 1, 1]
  Origin: [96, 132, -78]
  Direction: 
-1 0 0
0 -1 0
0 0 1

  IndexToPointMatrix: 
-1 0 0
0 -1 0
0 0 1

  PointToIndexMatrix: 
-1 0 0
0 -1 0
0 0 1

  Inverse Direction: 
-1 0 0
0 -1 0
0 0 1

  PixelContainer: 
    ImportImageContainer (0x51f2870)
      RTTI typeinfo:   itk::ImportImageContainer<unsigned long, double>
      Reference Count: 1
      Modified Time: 2769
      Debug: Off
      Object Name: 
      Observers: 
        none
      Pointer: 0x7f1e093c6010
      Container manages memory: true
      Size: 8530021
      Capacity: 8530021

     Moving image = Image (0x5169340)
  RTTI typeinfo:   itk::Image<double, 3u>
  Reference Count: 2
  Modified Time: 3162
  Debug: Off
  Object Name: 
  Observers: 
    none
  Source: (none)
  Source output name: (none)
  Release Data: Off
  Data Released: False
  Global Release Data: Off
  PipelineMTime: 0
  UpdateMTime: 3159
  RealTimeStamp: 0 seconds 
  LargestPossibleRegion: 
    Dimension: 3
    Index: [0, 0, 0]
    Size: [160, 240, 256]
  BufferedRegion: 
    Dimension: 3
    Index: [0, 0, 0]
    Size: [160, 240, 256]
  RequestedRegion: 
    Dimension: 3
    Index: [0, 0, 0]
    Size: [160, 240, 256]
  Spacing: [1, 1, 1]
  Origin: [80.0391, 105.5, -130.75]
  Direction: 
-0.999817 0 0.0191975
0 -1 0
0.0191975 0 0.999817

  IndexToPointMatrix: 
-0.999817 0 0.0191975
0 -1 0
0.0191975 0 0.999817

  PointToIndexMatrix: 
-0.999817 0 0.0191975
0 -1 0
0.0191975 0 0.999817

  Inverse Direction: 
-0.999817 0 0.0191975
0 -1 0
0.0191975 0 0.999817

  PixelContainer: 
    ImportImageContainer (0x51ea850)
      RTTI typeinfo:   itk::ImportImageContainer<unsigned long, double>
      Reference Count: 1
      Modified Time: 3156
      Debug: Off
      Object Name: 
      Observers: 
        none
      Pointer: 0x7f1e048c5010
      Container manages memory: true
      Size: 9830400
      Capacity: 9830400

     Weighting = 1
     Sampling strategy = regular
     Number of bins = 32
     Radius = 4
     Sampling percentage  = 0.25
   Transform = Affine
     Gradient step = 0.1
     Update field sigma (voxel space) = 0
     Total field sigma (voxel space) = 0
     Update field time sigma = 0
     Total field time sigma  = 0
     Number of time indices = 0
     Number of time point samples = 0
Stage 3 State
   Image metric = CC
     Fixed image = Image (0x51660b0)
  RTTI typeinfo:   itk::Image<double, 3u>
  Reference Count: 2
  Modified Time: 3937
  Debug: Off
  Object Name: 
  Observers: 
    none
  Source: (none)
  Source output name: (none)
  Release Data: Off
  Data Released: False
  Global Release Data: Off
  PipelineMTime: 0
  UpdateMTime: 3548
  RealTimeStamp: 0 seconds 
  LargestPossibleRegion: 
    Dimension: 3
    Index: [0, 0, 0]
    Size: [193, 229, 193]
  BufferedRegion: 
    Dimension: 3
    Index: [0, 0, 0]
    Size: [193, 229, 193]
  RequestedRegion: 
    Dimension: 3
    Index: [0, 0, 0]
    Size: [193, 229, 193]
  Spacing: [1, 1, 1]
  Origin: [96, 132, -78]
  Direction: 
-1 0 0
0 -1 0
0 0 1

  IndexToPointMatrix: 
-1 0 0
0 -1 0
0 0 1

  PointToIndexMatrix: 
-1 0 0
0 -1 0
0 0 1

  Inverse Direction: 
-1 0 0
0 -1 0
0 0 1

  PixelContainer: 
    ImportImageContainer (0x51a28b0)
      RTTI typeinfo:   itk::ImportImageContainer<unsigned long, double>
      Reference Count: 1
      Modified Time: 3545
      Debug: Off
      Object Name: 
      Observers: 
        none
      Pointer: 0x7f1e007b0010
      Container manages memory: true
      Size: 8530021
      Capacity: 8530021

     Moving image = Image (0x5167c30)
  RTTI typeinfo:   itk::Image<double, 3u>
  Reference Count: 2
  Modified Time: 3938
  Debug: Off
  Object Name: 
  Observers: 
    none
  Source: (none)
  Source output name: (none)
  Release Data: Off
  Data Released: False
  Global Release Data: Off
  PipelineMTime: 0
  UpdateMTime: 3935
  RealTimeStamp: 0 seconds 
  LargestPossibleRegion: 
    Dimension: 3
    Index: [0, 0, 0]
    Size: [160, 240, 256]
  BufferedRegion: 
    Dimension: 3
    Index: [0, 0, 0]
    Size: [160, 240, 256]
  RequestedRegion: 
    Dimension: 3
    Index: [0, 0, 0]
    Size: [160, 240, 256]
  Spacing: [1, 1, 1]
  Origin: [80.0391, 105.5, -130.75]
  Direction: 
-0.999817 0 0.0191975
0 -1 0
0.0191975 0 0.999817

  IndexToPointMatrix: 
-0.999817 0 0.0191975
0 -1 0
0.0191975 0 0.999817

  PointToIndexMatrix: 
-0.999817 0 0.0191975
0 -1 0
0.0191975 0 0.999817

  Inverse Direction: 
-0.999817 0 0.0191975
0 -1 0
0.0191975 0 0.999817

  PixelContainer: 
    ImportImageContainer (0x51ca7d0)
      RTTI typeinfo:   itk::ImportImageContainer<unsigned long, double>
      Reference Count: 1
      Modified Time: 3932
      Debug: Off
      Object Name: 
      Observers: 
        none
      Pointer: 0x7f1dfbcaf010
      Container manages memory: true
      Size: 9830400
      Capacity: 9830400

     Weighting = 1
     Sampling strategy = none
     Number of bins = 32
     Radius = 4
     Sampling percentage  = 1
   Transform = SyN
     Gradient step = 0.1
     Update field sigma (voxel space) = 3
     Total field sigma (voxel space) = 0
     Update field time sigma = 0
     Total field time sigma  = 0
     Number of time indices = 0
     Number of time point samples = 0
Registration using 3 total stages.

Stage 0
  iterations = 1000x500x250x100
  convergence threshold = 1e-06
  convergence window size = 10
  number of levels = 4
  using the Mattes MI metric (number of bins = 32, weight = 1, use gradient filter = 0)
  preprocessing:  winsorizing the image intensities
  Shrink factors (level 1 out of 4): [8, 8, 8]
  Shrink factors (level 2 out of 4): [4, 4, 4]
  Shrink factors (level 3 out of 4): [2, 2, 2]
  Shrink factors (level 4 out of 4): [1, 1, 1]
  smoothing sigmas per level: [3, 2, 1, 0]
  regular sampling (percentage = 0.25)

*** Running Euler3DTransform registration ***

DIAGNOSTIC,Iteration,metricValue,convergenceValue,ITERATION_TIME_INDEX,SINCE_LAST
*/mnt/lustre/mathdugre/fast-interpolate/datasets/ds004513/derivatives/flint/antsRegistration/r7-p14/sub-s034/Stage1_level1_Iter0001.nii.gz
2DIAGNOSTIC,     1, -8.659593699572e-02, 1.797693134862e+308, 0.0000e+00, 0.0000e+00, 
*/mnt/lustre/mathdugre/fast-interpolate/datasets/ds004513/derivatives/flint/antsRegistration/r7-p14/sub-s034/Stage1_level1_Iter0002.nii.gz
2DIAGNOSTIC,     2, -8.726063102457e-02, 1.797693134862e+308, 0.0000e+00, 0.0000e+00, 
*/mnt/lustre/mathdugre/fast-interpolate/datasets/ds004513/derivatives/flint/antsRegistration/r7-p14/sub-s034/Stage1_level1_Iter0003.nii.gz
2DIAGNOSTIC,     3, -8.849246690483e-02, 1.797693134862e+308, 0.0000e+00, 0.0000e+00, 
*/mnt/lustre/mathdugre/fast-interpolate/datasets/ds004513/derivatives/flint/antsRegistration/r7-p14/sub-s034/Stage1_level1_Iter0004.nii.gz
2DIAGNOSTIC,     4, -9.570218112123e-02, 1.797693134862e+308, 0.0000e+00, 0.0000e+00, 
*/mnt/lustre/mathdugre/fast-interpolate/datasets/ds004513/derivatives/flint/antsRegistration/r7-p14/sub-s034/Stage1_level1_Iter0005.nii.gz
2DIAGNOSTIC,     5, -9.574884985131e-02, 1.797693134862e+308, 0.0000e+00, 0.0000e+00, 
*/mnt/lustre/mathdugre/fast-interpolate/datasets/ds004513/derivatives/flint/antsRegistration/r7-p14/sub-s034/Stage1_level1_Iter0006.nii.gz
2DIAGNOSTIC,     6, -9.586339712906e-02, 1.797693134862e+308, 0.0000e+00, 0.0000e+00, 
*/mnt/lustre/mathdugre/fast-interpolate/datasets/ds004513/derivatives/flint/antsRegistration/r7-p14/sub-s034/Stage1_level1_Iter0007.nii.gz
2DIAGNOSTIC,     7, -9.594373877243e-02, 1.797693134862e+308, 0.0000e+00, 0.0000e+00, 
*/mnt/lustre/mathdugre/fast-interpolate/datasets/ds004513/derivatives/flint/antsRegistration/r7-p14/sub-s034/Stage1_level1_Iter0008.nii.gz
2DIAGNOSTIC,     8, -9.608450173495e-02, 1.797693134862e+308, 0.0000e+00, 0.0000e+00, 
*/mnt/lustre/mathdugre/fast-interpolate/datasets/ds004513/derivatives/flint/antsRegistration/r7-p14/sub-s034/Stage1_level1_Iter0009.nii.gz
2DIAGNOSTIC,     9, -9.618194319952e-02, 1.797693134862e+308, 0.0000e+00, 0.0000e+00, 
*/mnt/lustre/mathdugre/fast-interpolate/datasets/ds004513/derivatives/flint/antsRegistration/r7-p14/sub-s034/Stage1_level1_Iter0010.nii.gz
2DIAGNOSTIC,    10, -9.636766010223e-02, 7.003784179688e-03, 0.0000e+00, 0.0000e+00, 
*/mnt/lustre/mathdugre/fast-interpolate/datasets/ds004513/derivatives/flint/antsRegistration/r7-p14/sub-s034/Stage1_level1_Iter0011.nii.gz
2DIAGNOSTIC,    11, -9.638822568553e-02, 4.554748535156e-03, 0.0000e+00, 0.0000e+00, 
*/mnt/lustre/mathdugre/fast-interpolate/datasets/ds004513/derivatives/flint/antsRegistration/r7-p14/sub-s034/Stage1_level1_Iter0012.nii.gz
2DIAGNOSTIC,    12, -9.661166867829e-02, 2.346038818359e-03, 0.0000e+00, 0.0000e+00, 
*/mnt/lustre/mathdugre/fast-interpolate/datasets/ds004513/derivatives/flint/antsRegistration/r7-p14/sub-s034/Stage1_level1_Iter0013.nii.gz
2DIAGNOSTIC,    13, -9.736404521804e-02, 6.942749023438e-04, 0.0000e+00, 0.0000e+00, 
*/mnt/lustre/mathdugre/fast-interpolate/datasets/ds004513/derivatives/flint/antsRegistration/r7-p14/sub-s034/Stage1_level1_Iter0014.nii.gz
2DIAGNOSTIC,    14, -9.730092770370e-02, 7.553100585938e-04, 0.0000e+00, 0.0000e+00, 
*/mnt/lustre/mathdugre/fast-interpolate/datasets/ds004513/derivatives/flint/antsRegistration/r7-p14/sub-s034/Stage1_level1_Iter0015.nii.gz
2DIAGNOSTIC,    15, -9.733881295585e-02, 7.514953613281e-04, 0.0000e+00, 0.0000e+00, 
*/mnt/lustre/mathdugre/fast-interpolate/datasets/ds004513/derivatives/flint/antsRegistration/r7-p14/sub-s034/Stage1_level1_Iter0016.nii.gz
2DIAGNOSTIC,    16, -9.736493255077e-02, 7.133483886719e-04, 0.0000e+00, 0.0000e+00, 
*/mnt/lustre/mathdugre/fast-interpolate/datasets/ds004513/derivatives/flint/antsRegistration/r7-p14/sub-s034/Stage1_level1_Iter0017.nii.gz
2DIAGNOSTIC,    17, -9.736113846498e-02, 6.179809570312e-04, 0.0000e+00, 0.0000e+00, 
*/mnt/lustre/mathdugre/fast-interpolate/datasets/ds004513/derivatives/flint/antsRegistration/r7-p14/sub-s034/Stage1_level1_Iter0018.nii.gz
2DIAGNOSTIC,    18, -9.738494483147e-02, 5.111694335938e-04, 0.0000e+00, 0.0000e+00, 
*/mnt/lustre/mathdugre/fast-interpolate/datasets/ds004513/derivatives/flint/antsRegistration/r7-p14/sub-s034/Stage1_level1_Iter0019.nii.gz
2DIAGNOSTIC,    19, -9.737967181117e-02, 3.795623779297e-04, 0.0000e+00, 0.0000e+00, 
*/mnt/lustre/mathdugre/fast-interpolate/datasets/ds004513/derivatives/flint/antsRegistration/r7-p14/sub-s034/Stage1_level1_Iter0020.nii.gz
2DIAGNOSTIC,    20, -9.738751446796e-02, 2.613067626953e-04, 0.0000e+00, 0.0000e+00, 
*/mnt/lustre/mathdugre/fast-interpolate/datasets/ds004513/derivatives/flint/antsRegistration/r7-p14/sub-s034/Stage1_level1_Iter0021.nii.gz
2DIAGNOSTIC,    21, -9.738532121983e-02, 1.239776611328e-04, 0.0000e+00, 0.0000e+00, 
*/mnt/lustre/mathdugre/fast-interpolate/datasets/ds004513/derivatives/flint/antsRegistration/r7-p14/sub-s034/Stage1_level1_Iter0022.nii.gz
2DIAGNOSTIC,    22, -9.737802529111e-02, 1.716613769531e-05, 0.0000e+00, 0.0000e+00, 
*/mnt/lustre/mathdugre/fast-interpolate/datasets/ds004513/derivatives/flint/antsRegistration/r7-p14/sub-s034/Stage1_level1_Iter0023.nii.gz
2DIAGNOSTIC,    23, -9.736848980136e-02, 1.716613769531e-05, 0.0000e+00, 0.0000e+00, 
*/mnt/lustre/mathdugre/fast-interpolate/datasets/ds004513/derivatives/flint/antsRegistration/r7-p14/sub-s034/Stage1_level1_Iter0024.nii.gz
2DIAGNOSTIC,    24, -9.736898401742e-02, 7.629394531250e-06, 0.0000e+00, 0.0000e+00, 
DIAGNOSTIC,Iteration,metricValue,convergenceValue,ITERATION_TIME_INDEX,SINCE_LAST
*/mnt/lustre/mathdugre/fast-interpolate/datasets/ds004513/derivatives/flint/antsRegistration/r7-p14/sub-s034/Stage1_level2_Iter0001.nii.gz
2DIAGNOSTIC,     1, -1.503370969153e-02, 1.797693134862e+308, 0.0000e+00, 0.0000e+00, 
*/mnt/lustre/mathdugre/fast-interpolate/datasets/ds004513/derivatives/flint/antsRegistration/r7-p14/sub-s034/Stage1_level2_Iter0002.nii.gz
2DIAGNOSTIC,     2, -1.522628121082e-02, 1.797693134862e+308, 0.0000e+00, 0.0000e+00, 
*/mnt/lustre/mathdugre/fast-interpolate/datasets/ds004513/derivatives/flint/antsRegistration/r7-p14/sub-s034/Stage1_level2_Iter0003.nii.gz
2DIAGNOSTIC,     3, -1.538447810898e-02, 1.797693134862e+308, 0.0000e+00, 0.0000e+00, 
*/mnt/lustre/mathdugre/fast-interpolate/datasets/ds004513/derivatives/flint/antsRegistration/r7-p14/sub-s034/Stage1_level2_Iter0004.nii.gz
2DIAGNOSTIC,     4, -1.540776032850e-02, 1.797693134862e+308, 0.0000e+00, 0.0000e+00, 
*/mnt/lustre/mathdugre/fast-interpolate/datasets/ds004513/derivatives/flint/antsRegistration/r7-p14/sub-s034/Stage1_level2_Iter0005.nii.gz
2DIAGNOSTIC,     5, -1.541970296846e-02, 1.797693134862e+308, 0.0000e+00, 0.0000e+00, 
*/mnt/lustre/mathdugre/fast-interpolate/datasets/ds004513/derivatives/flint/antsRegistration/r7-p14/sub-s034/Stage1_level2_Iter0006.nii.gz
2DIAGNOSTIC,     6, -1.544126708258e-02, 1.797693134862e+308, 0.0000e+00, 0.0000e+00, 
*/mnt/lustre/mathdugre/fast-interpolate/datasets/ds004513/derivatives/flint/antsRegistration/r7-p14/sub-s034/Stage1_level2_Iter0007.nii.gz
2DIAGNOSTIC,     7, -1.551907250097e-02, 1.797693134862e+308, 0.0000e+00, 0.0000e+00, 
*/mnt/lustre/mathdugre/fast-interpolate/datasets/ds004513/derivatives/flint/antsRegistration/r7-p14/sub-s034/Stage1_level2_Iter0008.nii.gz
2DIAGNOSTIC,     8, -1.551661635920e-02, 1.797693134862e+308, 0.0000e+00, 0.0000e+00, 
*/mnt/lustre/mathdugre/fast-interpolate/datasets/ds004513/derivatives/flint/antsRegistration/r7-p14/sub-s034/Stage1_level2_Iter0009.nii.gz
2DIAGNOSTIC,     9, -1.552341206667e-02, 1.797693134862e+308, 0.0000e+00, 0.0000e+00, 
*/mnt/lustre/mathdugre/fast-interpolate/datasets/ds004513/derivatives/flint/antsRegistration/r7-p14/sub-s034/Stage1_level2_Iter0010.nii.gz
2DIAGNOSTIC,    10, -1.551966611105e-02, 1.655578613281e-03, 0.0000e+00, 0.0000e+00, 
*/mnt/lustre/mathdugre/fast-interpolate/datasets/ds004513/derivatives/flint/antsRegistration/r7-p14/sub-s034/Stage1_level2_Iter0011.nii.gz
2DIAGNOSTIC,    11, -1.551498718456e-02, 9.193420410156e-04, 0.0000e+00, 0.0000e+00, 
*/mnt/lustre/mathdugre/fast-interpolate/datasets/ds004513/derivatives/flint/antsRegistration/r7-p14/sub-s034/Stage1_level2_Iter0012.nii.gz
2DIAGNOSTIC,    12, -1.551764301956e-02, 5.187988281250e-04, 0.0000e+00, 0.0000e+00, 
*/mnt/lustre/mathdugre/fast-interpolate/datasets/ds004513/derivatives/flint/antsRegistration/r7-p14/sub-s034/Stage1_level2_Iter0013.nii.gz
2DIAGNOSTIC,    13, -1.552119837856e-02, 3.585815429688e-04, 0.0000e+00, 0.0000e+00, 
*/mnt/lustre/mathdugre/fast-interpolate/datasets/ds004513/derivatives/flint/antsRegistration/r7-p14/sub-s034/Stage1_level2_Iter0014.nii.gz
2DIAGNOSTIC,    14, -1.551866474110e-02, 2.212524414062e-04, 0.0000e+00, 0.0000e+00, 
*/mnt/lustre/mathdugre/fast-interpolate/datasets/ds004513/derivatives/flint/antsRegistration/r7-p14/sub-s034/Stage1_level2_Iter0015.nii.gz
2DIAGNOSTIC,    15, -1.552363464128e-02, 1.029968261719e-04, 0.0000e+00, 0.0000e+00, 
*/mnt/lustre/mathdugre/fast-interpolate/datasets/ds004513/derivatives/flint/antsRegistration/r7-p14/sub-s034/Stage1_level2_Iter0016.nii.gz
2DIAGNOSTIC,    16, -1.552382996872e-02, 7.629394531250e-06, 0.0000e+00, 0.0000e+00, 
*/mnt/lustre/mathdugre/fast-interpolate/datasets/ds004513/derivatives/flint/antsRegistration/r7-p14/sub-s034/Stage1_level2_Iter0017.nii.gz
2DIAGNOSTIC,    17, -1.552535559686e-02, 1.525878906250e-05, 0.0000e+00, 0.0000e+00, 
*/mnt/lustre/mathdugre/fast-interpolate/datasets/ds004513/derivatives/flint/antsRegistration/r7-p14/sub-s034/Stage1_level2_Iter0018.nii.gz
2DIAGNOSTIC,    18, -1.552380427073e-02, 1.525878906250e-05, 0.0000e+00, 0.0000e+00, 
*/mnt/lustre/mathdugre/fast-interpolate/datasets/ds004513/derivatives/flint/antsRegistration/r7-p14/sub-s034/Stage1_level2_Iter0019.nii.gz
2DIAGNOSTIC,    19, -1.552475176223e-02, 1.716613769531e-05, 0.0000e+00, 0.0000e+00, 
*/mnt/lustre/mathdugre/fast-interpolate/datasets/ds004513/derivatives/flint/antsRegistration/r7-p14/sub-s034/Stage1_level2_Iter0020.nii.gz
2DIAGNOSTIC,    20, -1.552485345926e-02, 1.907348632812e-05, 0.0000e+00, 0.0000e+00, 
*/mnt/lustre/mathdugre/fast-interpolate/datasets/ds004513/derivatives/flint/antsRegistration/r7-p14/sub-s034/Stage1_level2_Iter0021.nii.gz
2DIAGNOSTIC,    21, -1.552488890600e-02, 1.144409179688e-05, 0.0000e+00, 0.0000e+00, 
*/mnt/lustre/mathdugre/fast-interpolate/datasets/ds004513/derivatives/flint/antsRegistration/r7-p14/sub-s034/Stage1_level2_Iter0022.nii.gz
2DIAGNOSTIC,    22, -1.552499487022e-02, 9.536743164062e-06, 0.0000e+00, 0.0000e+00, 
*/mnt/lustre/mathdugre/fast-interpolate/datasets/ds004513/derivatives/flint/antsRegistration/r7-p14/sub-s034/Stage1_level2_Iter0023.nii.gz
2DIAGNOSTIC,    23, -1.552461429832e-02, 7.629394531250e-06, 0.0000e+00, 0.0000e+00, 
*/mnt/lustre/mathdugre/fast-interpolate/datasets/ds004513/derivatives/flint/antsRegistration/r7-p14/sub-s034/Stage1_level2_Iter0024.nii.gz
2DIAGNOSTIC,    24, -1.552472306823e-02, 1.907348632812e-06, 0.0000e+00, 0.0000e+00, 
DIAGNOSTIC,Iteration,metricValue,convergenceValue,ITERATION_TIME_INDEX,SINCE_LAST
*/mnt/lustre/mathdugre/fast-interpolate/datasets/ds004513/derivatives/flint/antsRegistration/r7-p14/sub-s034/Stage1_level3_Iter0001.nii.gz
2DIAGNOSTIC,     1, -6.218037137571e-03, 1.797693134862e+308, 0.0000e+00, 0.0000e+00, 
*/mnt/lustre/mathdugre/fast-interpolate/datasets/ds004513/derivatives/flint/antsRegistration/r7-p14/sub-s034/Stage1_level3_Iter0002.nii.gz
2DIAGNOSTIC,     2, -6.265247219583e-03, 1.797693134862e+308, 0.0000e+00, 0.0000e+00, 
*/mnt/lustre/mathdugre/fast-interpolate/datasets/ds004513/derivatives/flint/antsRegistration/r7-p14/sub-s034/Stage1_level3_Iter0003.nii.gz
2DIAGNOSTIC,     3, -6.296330963670e-03, 1.797693134862e+308, 0.0000e+00, 0.0000e+00, 
*/mnt/lustre/mathdugre/fast-interpolate/datasets/ds004513/derivatives/flint/antsRegistration/r7-p14/sub-s034/Stage1_level3_Iter0004.nii.gz
2DIAGNOSTIC,     4, -6.341614852215e-03, 1.797693134862e+308, 0.0000e+00, 0.0000e+00, 
*/mnt/lustre/mathdugre/fast-interpolate/datasets/ds004513/derivatives/flint/antsRegistration/r7-p14/sub-s034/Stage1_level3_Iter0005.nii.gz
2DIAGNOSTIC,     5, -6.382049001794e-03, 1.797693134862e+308, 0.0000e+00, 0.0000e+00, 
*/mnt/lustre/mathdugre/fast-interpolate/datasets/ds004513/derivatives/flint/antsRegistration/r7-p14/sub-s034/Stage1_level3_Iter0006.nii.gz
2DIAGNOSTIC,     6, -6.444508241216e-03, 1.797693134862e+308, 0.0000e+00, 0.0000e+00, 
*/mnt/lustre/mathdugre/fast-interpolate/datasets/ds004513/derivatives/flint/antsRegistration/r7-p14/sub-s034/Stage1_level3_Iter0007.nii.gz
2DIAGNOSTIC,     7, -6.485631151515e-03, 1.797693134862e+308, 0.0000e+00, 0.0000e+00, 
*/mnt/lustre/mathdugre/fast-interpolate/datasets/ds004513/derivatives/flint/antsRegistration/r7-p14/sub-s034/Stage1_level3_Iter0008.nii.gz
2DIAGNOSTIC,     8, -6.488148418336e-03, 1.797693134862e+308, 0.0000e+00, 0.0000e+00, 
*/mnt/lustre/mathdugre/fast-interpolate/datasets/ds004513/derivatives/flint/antsRegistration/r7-p14/sub-s034/Stage1_level3_Iter0009.nii.gz
2DIAGNOSTIC,     9, -6.483424597501e-03, 1.797693134862e+308, 0.0000e+00, 0.0000e+00, 
*/mnt/lustre/mathdugre/fast-interpolate/datasets/ds004513/derivatives/flint/antsRegistration/r7-p14/sub-s034/Stage1_level3_Iter0010.nii.gz
2DIAGNOSTIC,    10, -6.474067352301e-03, 2.925872802734e-03, 0.0000e+00, 0.0000e+00, 
*/mnt/lustre/mathdugre/fast-interpolate/datasets/ds004513/derivatives/flint/antsRegistration/r7-p14/sub-s034/Stage1_level3_Iter0011.nii.gz
2DIAGNOSTIC,    11, -6.480405217467e-03, 2.120971679688e-03, 0.0000e+00, 0.0000e+00, 
*/mnt/lustre/mathdugre/fast-interpolate/datasets/ds004513/derivatives/flint/antsRegistration/r7-p14/sub-s034/Stage1_level3_Iter0012.nii.gz
2DIAGNOSTIC,    12, -6.466735459631e-03, 1.384735107422e-03, 0.0000e+00, 0.0000e+00, 
*/mnt/lustre/mathdugre/fast-interpolate/datasets/ds004513/derivatives/flint/antsRegistration/r7-p14/sub-s034/Stage1_level3_Iter0013.nii.gz
2DIAGNOSTIC,    13, -6.466705602628e-03, 7.400512695312e-04, 0.0000e+00, 0.0000e+00, 
*/mnt/lustre/mathdugre/fast-interpolate/datasets/ds004513/derivatives/flint/antsRegistration/r7-p14/sub-s034/Stage1_level3_Iter0014.nii.gz
2DIAGNOSTIC,    14, -6.466633654502e-03, 2.708435058594e-04, 0.0000e+00, 0.0000e+00, 
DIAGNOSTIC,Iteration,metricValue,convergenceValue,ITERATION_TIME_INDEX,SINCE_LAST
*/mnt/lustre/mathdugre/fast-interpolate/datasets/ds004513/derivatives/flint/antsRegistration/r7-p14/sub-s034/Stage1_level4_Iter0001.nii.gz
2DIAGNOSTIC,     1, -4.686946945688e-03, 1.797693134862e+308, 0.0000e+00, 0.0000e+00, 
*/mnt/lustre/mathdugre/fast-interpolate/datasets/ds004513/derivatives/flint/antsRegistration/r7-p14/sub-s034/Stage1_level4_Iter0002.nii.gz
2DIAGNOSTIC,     2, -4.744286306344e-03, 1.797693134862e+308, 0.0000e+00, 0.0000e+00, 
*/mnt/lustre/mathdugre/fast-interpolate/datasets/ds004513/derivatives/flint/antsRegistration/r7-p14/sub-s034/Stage1_level4_Iter0003.nii.gz
2DIAGNOSTIC,     3, -4.726968764187e-03, 1.797693134862e+308, 0.0000e+00, 0.0000e+00, 
*/mnt/lustre/mathdugre/fast-interpolate/datasets/ds004513/derivatives/flint/antsRegistration/r7-p14/sub-s034/Stage1_level4_Iter0004.nii.gz
2DIAGNOSTIC,     4, -4.764260277200e-03, 1.797693134862e+308, 0.0000e+00, 0.0000e+00, 
*/mnt/lustre/mathdugre/fast-interpolate/datasets/ds004513/derivatives/flint/antsRegistration/r7-p14/sub-s034/Stage1_level4_Iter0005.nii.gz
2DIAGNOSTIC,     5, -4.818218181693e-03, 1.797693134862e+308, 0.0000e+00, 0.0000e+00, 
*/mnt/lustre/mathdugre/fast-interpolate/datasets/ds004513/derivatives/flint/antsRegistration/r7-p14/sub-s034/Stage1_level4_Iter0006.nii.gz
2DIAGNOSTIC,     6, -4.959316808090e-03, 1.797693134862e+308, 0.0000e+00, 0.0000e+00, 
*/mnt/lustre/mathdugre/fast-interpolate/datasets/ds004513/derivatives/flint/antsRegistration/r7-p14/sub-s034/Stage1_level4_Iter0007.nii.gz
2DIAGNOSTIC,     7, -5.111166764520e-03, 1.797693134862e+308, 0.0000e+00, 0.0000e+00, 
*/mnt/lustre/mathdugre/fast-interpolate/datasets/ds004513/derivatives/flint/antsRegistration/r7-p14/sub-s034/Stage1_level4_Iter0008.nii.gz
2DIAGNOSTIC,     8, -5.302190183319e-03, 1.797693134862e+308, 0.0000e+00, 0.0000e+00, 
*/mnt/lustre/mathdugre/fast-interpolate/datasets/ds004513/derivatives/flint/antsRegistration/r7-p14/sub-s034/Stage1_level4_Iter0009.nii.gz
2DIAGNOSTIC,     9, -6.519746091740e-03, 1.797693134862e+308, 0.0000e+00, 0.0000e+00, 
*/mnt/lustre/mathdugre/fast-interpolate/datasets/ds004513/derivatives/flint/antsRegistration/r7-p14/sub-s034/Stage1_level4_Iter0010.nii.gz
2DIAGNOSTIC,    10, -7.658448755755e-03, 2.726745605469e-02, 0.0000e+00, 0.0000e+00, 
*/mnt/lustre/mathdugre/fast-interpolate/datasets/ds004513/derivatives/flint/antsRegistration/r7-p14/sub-s034/Stage1_level4_Iter0011.nii.gz
2DIAGNOSTIC,    11, -9.834442206506e-03, 4.112243652344e-02, 0.0000e+00, 0.0000e+00, 
*/mnt/lustre/mathdugre/fast-interpolate/datasets/ds004513/derivatives/flint/antsRegistration/r7-p14/sub-s034/Stage1_level4_Iter0012.nii.gz
2DIAGNOSTIC,    12, -2.753062481040e-02, 9.400939941406e-02, 0.0000e+00, 0.0000e+00, 
*/mnt/lustre/mathdugre/fast-interpolate/datasets/ds004513/derivatives/flint/antsRegistration/r7-p14/sub-s034/Stage1_level4_Iter0013.nii.gz
2DIAGNOSTIC,    13, -6.801531737074e-02, 1.574478149414e-01, 0.0000e+00, 0.0000e+00, 
*/mnt/lustre/mathdugre/fast-interpolate/datasets/ds004513/derivatives/flint/antsRegistration/r7-p14/sub-s034/Stage1_level4_Iter0014.nii.gz
2DIAGNOSTIC,    14, -2.232603130991e-01, 2.169723510742e-01, 0.0000e+00, 0.0000e+00, 
*/mnt/lustre/mathdugre/fast-interpolate/datasets/ds004513/derivatives/flint/antsRegistration/r7-p14/sub-s034/Stage1_level4_Iter0015.nii.gz
2DIAGNOSTIC,    15, -3.901674153543e-02, 1.882476806641e-01, 0.0000e+00, 0.0000e+00, 
*/mnt/lustre/mathdugre/fast-interpolate/datasets/ds004513/derivatives/flint/antsRegistration/r7-p14/sub-s034/Stage1_level4_Iter0016.nii.gz
2DIAGNOSTIC,    16, -4.247998290520e-02, 1.534118652344e-01, 0.0000e+00, 0.0000e+00, 
*/mnt/lustre/mathdugre/fast-interpolate/datasets/ds004513/derivatives/flint/antsRegistration/r7-p14/sub-s034/Stage1_level4_Iter0017.nii.gz
2DIAGNOSTIC,    17, -4.247824907283e-02, 1.106224060059e-01, 0.0000e+00, 0.0000e+00, 
*/mnt/lustre/mathdugre/fast-interpolate/datasets/ds004513/derivatives/flint/antsRegistration/r7-p14/sub-s034/Stage1_level4_Iter0018.nii.gz
2DIAGNOSTIC,    18, -4.248939630933e-02, 6.236457824707e-02, 0.0000e+00, 0.0000e+00, 
*/mnt/lustre/mathdugre/fast-interpolate/datasets/ds004513/derivatives/flint/antsRegistration/r7-p14/sub-s034/Stage1_level4_Iter0019.nii.gz
2DIAGNOSTIC,    19, -4.248034959839e-02, 1.513671875000e-02, 0.0000e+00, 0.0000e+00, 
  Elapsed time (stage 0): 0.0000e+00


Stage 1
  iterations = 1000x500x250x100
  convergence threshold = 1.0000e-06
  convergence window size = 10
  number of levels = 4
  using the Mattes MI metric (number of bins = 32, weight = 1.0000e+00, use gradient filter = 0)
  preprocessing:  winsorizing the image intensities
  Shrink factors (level 1 out of 4): [8, 8, 8]
  Shrink factors (level 2 out of 4): [4, 4, 4]
  Shrink factors (level 3 out of 4): [2, 2, 2]
  Shrink factors (level 4 out of 4): [1, 1, 1]
  smoothing sigmas per level: [3, 2, 1, 0]
  regular sampling (percentage = 2.5000e-01)

*** Running AffineTransform registration ***

DIAGNOSTIC,Iteration,metricValue,convergenceValue,ITERATION_TIME_INDEX,SINCE_LAST
*/mnt/lustre/mathdugre/fast-interpolate/datasets/ds004513/derivatives/flint/antsRegistration/r7-p14/sub-s034/Stage2_level1_Iter0001.nii.gz
2DIAGNOSTIC,     1, -9.829794530711e-02, 1.797693134862e+308, 0.0000e+00, 0.0000e+00, 
*/mnt/lustre/mathdugre/fast-interpolate/datasets/ds004513/derivatives/flint/antsRegistration/r7-p14/sub-s034/Stage2_level1_Iter0002.nii.gz
2DIAGNOSTIC,     2, -9.866731605951e-02, 1.797693134862e+308, 0.0000e+00, 0.0000e+00, 
*/mnt/lustre/mathdugre/fast-interpolate/datasets/ds004513/derivatives/flint/antsRegistration/r7-p14/sub-s034/Stage2_level1_Iter0003.nii.gz
2DIAGNOSTIC,     3, -9.879756884270e-02, 1.797693134862e+308, 0.0000e+00, 0.0000e+00, 
*/mnt/lustre/mathdugre/fast-interpolate/datasets/ds004513/derivatives/flint/antsRegistration/r7-p14/sub-s034/Stage2_level1_Iter0004.nii.gz
2DIAGNOSTIC,     4, -9.874256849150e-02, 1.797693134862e+308, 0.0000e+00, 0.0000e+00, 
*/mnt/lustre/mathdugre/fast-interpolate/datasets/ds004513/derivatives/flint/antsRegistration/r7-p14/sub-s034/Stage2_level1_Iter0005.nii.gz
2DIAGNOSTIC,     5, -9.874281173381e-02, 1.797693134862e+308, 0.0000e+00, 0.0000e+00, 
*/mnt/lustre/mathdugre/fast-interpolate/datasets/ds004513/derivatives/flint/antsRegistration/r7-p14/sub-s034/Stage2_level1_Iter0006.nii.gz
2DIAGNOSTIC,     6, -9.878355712318e-02, 1.797693134862e+308, 0.0000e+00, 0.0000e+00, 
*/mnt/lustre/mathdugre/fast-interpolate/datasets/ds004513/derivatives/flint/antsRegistration/r7-p14/sub-s034/Stage2_level1_Iter0007.nii.gz
2DIAGNOSTIC,     7, -9.903262671962e-02, 1.797693134862e+308, 0.0000e+00, 0.0000e+00, 
*/mnt/lustre/mathdugre/fast-interpolate/datasets/ds004513/derivatives/flint/antsRegistration/r7-p14/sub-s034/Stage2_level1_Iter0008.nii.gz
2DIAGNOSTIC,     8, -9.901207645775e-02, 1.797693134862e+308, 0.0000e+00, 0.0000e+00, 
*/mnt/lustre/mathdugre/fast-interpolate/datasets/ds004513/derivatives/flint/antsRegistration/r7-p14/sub-s034/Stage2_level1_Iter0009.nii.gz
2DIAGNOSTIC,     9, -9.901839240747e-02, 1.797693134862e+308, 0.0000e+00, 0.0000e+00, 
*/mnt/lustre/mathdugre/fast-interpolate/datasets/ds004513/derivatives/flint/antsRegistration/r7-p14/sub-s034/Stage2_level1_Iter0010.nii.gz
2DIAGNOSTIC,    10, -9.879303983639e-02, 3.166198730469e-04, 0.0000e+00, 0.0000e+00, 
*/mnt/lustre/mathdugre/fast-interpolate/datasets/ds004513/derivatives/flint/antsRegistration/r7-p14/sub-s034/Stage2_level1_Iter0011.nii.gz
2DIAGNOSTIC,    11, -9.981480738980e-02, 3.929138183594e-04, 0.0000e+00, 0.0000e+00, 
*/mnt/lustre/mathdugre/fast-interpolate/datasets/ds004513/derivatives/flint/antsRegistration/r7-p14/sub-s034/Stage2_level1_Iter0012.nii.gz
2DIAGNOSTIC,    12, -1.015922877531e-01, 9.231567382812e-04, 0.0000e+00, 0.0000e+00, 
*/mnt/lustre/mathdugre/fast-interpolate/datasets/ds004513/derivatives/flint/antsRegistration/r7-p14/sub-s034/Stage2_level1_Iter0013.nii.gz
2DIAGNOSTIC,    13, -1.067056112664e-01, 2.418518066406e-03, 0.0000e+00, 0.0000e+00, 
*/mnt/lustre/mathdugre/fast-interpolate/datasets/ds004513/derivatives/flint/antsRegistration/r7-p14/sub-s034/Stage2_level1_Iter0014.nii.gz
2DIAGNOSTIC,    14, -1.072033253543e-01, 3.543853759766e-03, 0.0000e+00, 0.0000e+00, 
*/mnt/lustre/mathdugre/fast-interpolate/datasets/ds004513/derivatives/flint/antsRegistration/r7-p14/sub-s034/Stage2_level1_Iter0015.nii.gz
2DIAGNOSTIC,    15, -1.079616864824e-01, 4.341125488281e-03, 0.0000e+00, 0.0000e+00, 
*/mnt/lustre/mathdugre/fast-interpolate/datasets/ds004513/derivatives/flint/antsRegistration/r7-p14/sub-s034/Stage2_level1_Iter0016.nii.gz
2DIAGNOSTIC,    16, -1.084359226602e-01, 4.730224609375e-03, 0.0000e+00, 0.0000e+00, 
*/mnt/lustre/mathdugre/fast-interpolate/datasets/ds004513/derivatives/flint/antsRegistration/r7-p14/sub-s034/Stage2_level1_Iter0017.nii.gz
2DIAGNOSTIC,    17, -1.099774941292e-01, 4.915237426758e-03, 0.0000e+00, 0.0000e+00, 
*/mnt/lustre/mathdugre/fast-interpolate/datasets/ds004513/derivatives/flint/antsRegistration/r7-p14/sub-s034/Stage2_level1_Iter0018.nii.gz
2DIAGNOSTIC,    18, -1.114891030533e-01, 4.842758178711e-03, 0.0000e+00, 0.0000e+00, 
*/mnt/lustre/mathdugre/fast-interpolate/datasets/ds004513/derivatives/flint/antsRegistration/r7-p14/sub-s034/Stage2_level1_Iter0019.nii.gz
2DIAGNOSTIC,    19, -1.115082130991e-01, 4.331588745117e-03, 0.0000e+00, 0.0000e+00, 
*/mnt/lustre/mathdugre/fast-interpolate/datasets/ds004513/derivatives/flint/antsRegistration/r7-p14/sub-s034/Stage2_level1_Iter0020.nii.gz
2DIAGNOSTIC,    20, -1.120618133775e-01, 3.528594970703e-03, 0.0000e+00, 0.0000e+00, 
*/mnt/lustre/mathdugre/fast-interpolate/datasets/ds004513/derivatives/flint/antsRegistration/r7-p14/sub-s034/Stage2_level1_Iter0021.nii.gz
2DIAGNOSTIC,    21, -1.130367630703e-01, 2.744674682617e-03, 0.0000e+00, 0.0000e+00, 
*/mnt/lustre/mathdugre/fast-interpolate/datasets/ds004513/derivatives/flint/antsRegistration/r7-p14/sub-s034/Stage2_level1_Iter0022.nii.gz
2DIAGNOSTIC,    22, -1.132083398276e-01, 2.006530761719e-03, 0.0000e+00, 0.0000e+00, 
*/mnt/lustre/mathdugre/fast-interpolate/datasets/ds004513/derivatives/flint/antsRegistration/r7-p14/sub-s034/Stage2_level1_Iter0023.nii.gz
2DIAGNOSTIC,    23, -1.132883468871e-01, 1.760482788086e-03, 0.0000e+00, 0.0000e+00, 
*/mnt/lustre/mathdugre/fast-interpolate/datasets/ds004513/derivatives/flint/antsRegistration/r7-p14/sub-s034/Stage2_level1_Iter0024.nii.gz
2DIAGNOSTIC,    24, -1.132940305613e-01, 1.430511474609e-03, 0.0000e+00, 0.0000e+00, 
*/mnt/lustre/mathdugre/fast-interpolate/datasets/ds004513/derivatives/flint/antsRegistration/r7-p14/sub-s034/Stage2_level1_Iter0025.nii.gz
2DIAGNOSTIC,    25, -1.134567861766e-01, 1.091003417969e-03, 0.0000e+00, 0.0000e+00, 
*/mnt/lustre/mathdugre/fast-interpolate/datasets/ds004513/derivatives/flint/antsRegistration/r7-p14/sub-s034/Stage2_level1_Iter0026.nii.gz
2DIAGNOSTIC,    26, -1.136917258949e-01, 7.553100585938e-04, 0.0000e+00, 0.0000e+00, 
*/mnt/lustre/mathdugre/fast-interpolate/datasets/ds004513/derivatives/flint/antsRegistration/r7-p14/sub-s034/Stage2_level1_Iter0027.nii.gz
2DIAGNOSTIC,    27, -1.137299246380e-01, 5.264282226562e-04, 0.0000e+00, 0.0000e+00, 
*/mnt/lustre/mathdugre/fast-interpolate/datasets/ds004513/derivatives/flint/antsRegistration/r7-p14/sub-s034/Stage2_level1_Iter0028.nii.gz
2DIAGNOSTIC,    28, -1.141500235387e-01, 4.425048828125e-04, 0.0000e+00, 0.0000e+00, 
*/mnt/lustre/mathdugre/fast-interpolate/datasets/ds004513/derivatives/flint/antsRegistration/r7-p14/sub-s034/Stage2_level1_Iter0029.nii.gz
2DIAGNOSTIC,    29, -1.142993983183e-01, 3.490447998047e-04, 0.0000e+00, 0.0000e+00, 
*/mnt/lustre/mathdugre/fast-interpolate/datasets/ds004513/derivatives/flint/antsRegistration/r7-p14/sub-s034/Stage2_level1_Iter0030.nii.gz
2DIAGNOSTIC,    30, -1.144273706000e-01, 2.841949462891e-04, 0.0000e+00, 0.0000e+00, 
*/mnt/lustre/mathdugre/fast-interpolate/datasets/ds004513/derivatives/flint/antsRegistration/r7-p14/sub-s034/Stage2_level1_Iter0031.nii.gz
2DIAGNOSTIC,    31, -1.145650589336e-01, 2.899169921875e-04, 0.0000e+00, 0.0000e+00, 
*/mnt/lustre/mathdugre/fast-interpolate/datasets/ds004513/derivatives/flint/antsRegistration/r7-p14/sub-s034/Stage2_level1_Iter0032.nii.gz
2DIAGNOSTIC,    32, -1.146470275954e-01, 2.899169921875e-04, 0.0000e+00, 0.0000e+00, 
*/mnt/lustre/mathdugre/fast-interpolate/datasets/ds004513/derivatives/flint/antsRegistration/r7-p14/sub-s034/Stage2_level1_Iter0033.nii.gz
2DIAGNOSTIC,    33, -1.149428623623e-01, 2.937316894531e-04, 0.0000e+00, 0.0000e+00, 
*/mnt/lustre/mathdugre/fast-interpolate/datasets/ds004513/derivatives/flint/antsRegistration/r7-p14/sub-s034/Stage2_level1_Iter0034.nii.gz
2DIAGNOSTIC,    34, -1.150650638945e-01, 2.765655517578e-04, 0.0000e+00, 0.0000e+00, 
*/mnt/lustre/mathdugre/fast-interpolate/datasets/ds004513/derivatives/flint/antsRegistration/r7-p14/sub-s034/Stage2_level1_Iter0035.nii.gz
2DIAGNOSTIC,    35, -1.149365582278e-01, 2.365112304688e-04, 0.0000e+00, 0.0000e+00, 
*/mnt/lustre/mathdugre/fast-interpolate/datasets/ds004513/derivatives/flint/antsRegistration/r7-p14/sub-s034/Stage2_level1_Iter0036.nii.gz
2DIAGNOSTIC,    36, -1.150902550621e-01, 2.069473266602e-04, 0.0000e+00, 0.0000e+00, 
*/mnt/lustre/mathdugre/fast-interpolate/datasets/ds004513/derivatives/flint/antsRegistration/r7-p14/sub-s034/Stage2_level1_Iter0037.nii.gz
2DIAGNOSTIC,    37, -1.152158348995e-01, 1.697540283203e-04, 0.0000e+00, 0.0000e+00, 
*/mnt/lustre/mathdugre/fast-interpolate/datasets/ds004513/derivatives/flint/antsRegistration/r7-p14/sub-s034/Stage2_level1_Iter0038.nii.gz
2DIAGNOSTIC,    38, -1.152500774164e-01, 1.478195190430e-04, 0.0000e+00, 0.0000e+00, 
*/mnt/lustre/mathdugre/fast-interpolate/datasets/ds004513/derivatives/flint/antsRegistration/r7-p14/sub-s034/Stage2_level1_Iter0039.nii.gz
2DIAGNOSTIC,    39, -1.152800249360e-01, 1.258850097656e-04, 0.0000e+00, 0.0000e+00, 
*/mnt/lustre/mathdugre/fast-interpolate/datasets/ds004513/derivatives/flint/antsRegistration/r7-p14/sub-s034/Stage2_level1_Iter0040.nii.gz
2DIAGNOSTIC,    40, -1.152799043309e-01, 1.039505004883e-04, 0.0000e+00, 0.0000e+00, 
*/mnt/lustre/mathdugre/fast-interpolate/datasets/ds004513/derivatives/flint/antsRegistration/r7-p14/sub-s034/Stage2_level1_Iter0041.nii.gz
2DIAGNOSTIC,    41, -1.152792790771e-01, 7.724761962891e-05, 0.0000e+00, 0.0000e+00, 
*/mnt/lustre/mathdugre/fast-interpolate/datasets/ds004513/derivatives/flint/antsRegistration/r7-p14/sub-s034/Stage2_level1_Iter0042.nii.gz
2DIAGNOSTIC,    42, -1.152872840025e-01, 5.245208740234e-05, 0.0000e+00, 0.0000e+00, 
*/mnt/lustre/mathdugre/fast-interpolate/datasets/ds004513/derivatives/flint/antsRegistration/r7-p14/sub-s034/Stage2_level1_Iter0043.nii.gz
2DIAGNOSTIC,    43, -1.152855887213e-01, 4.100799560547e-05, 0.0000e+00, 0.0000e+00, 
*/mnt/lustre/mathdugre/fast-interpolate/datasets/ds004513/derivatives/flint/antsRegistration/r7-p14/sub-s034/Stage2_level1_Iter0044.nii.gz
2DIAGNOSTIC,    44, -1.152877127724e-01, 3.528594970703e-05, 0.0000e+00, 0.0000e+00, 
*/mnt/lustre/mathdugre/fast-interpolate/datasets/ds004513/derivatives/flint/antsRegistration/r7-p14/sub-s034/Stage2_level1_Iter0045.nii.gz
2DIAGNOSTIC,    45, -1.152878919689e-01, 1.716613769531e-05, 0.0000e+00, 0.0000e+00, 
*/mnt/lustre/mathdugre/fast-interpolate/datasets/ds004513/derivatives/flint/antsRegistration/r7-p14/sub-s034/Stage2_level1_Iter0046.nii.gz
2DIAGNOSTIC,    46, -1.152892376505e-01, 5.722045898438e-06, 0.0000e+00, 0.0000e+00, 
*/mnt/lustre/mathdugre/fast-interpolate/datasets/ds004513/derivatives/flint/antsRegistration/r7-p14/sub-s034/Stage2_level1_Iter0047.nii.gz
2DIAGNOSTIC,    47, -1.152891979374e-01, 2.861022949219e-06, 0.0000e+00, 0.0000e+00, 
*/mnt/lustre/mathdugre/fast-interpolate/datasets/ds004513/derivatives/flint/antsRegistration/r7-p14/sub-s034/Stage2_level1_Iter0048.nii.gz
2DIAGNOSTIC,    48, -1.152874907402e-01, 1.907348632812e-06, 0.0000e+00, 0.0000e+00, 
DIAGNOSTIC,Iteration,metricValue,convergenceValue,ITERATION_TIME_INDEX,SINCE_LAST
*/mnt/lustre/mathdugre/fast-interpolate/datasets/ds004513/derivatives/flint/antsRegistration/r7-p14/sub-s034/Stage2_level2_Iter0001.nii.gz
2DIAGNOSTIC,     1, -5.932201513715e-02, 1.797693134862e+308, 0.0000e+00, 0.0000e+00, 
*/mnt/lustre/mathdugre/fast-interpolate/datasets/ds004513/derivatives/flint/antsRegistration/r7-p14/sub-s034/Stage2_level2_Iter0002.nii.gz
2DIAGNOSTIC,     2, -5.958086575393e-02, 1.797693134862e+308, 0.0000e+00, 0.0000e+00, 
*/mnt/lustre/mathdugre/fast-interpolate/datasets/ds004513/derivatives/flint/antsRegistration/r7-p14/sub-s034/Stage2_level2_Iter0003.nii.gz
2DIAGNOSTIC,     3, -6.009741250133e-02, 1.797693134862e+308, 0.0000e+00, 0.0000e+00, 
*/mnt/lustre/mathdugre/fast-interpolate/datasets/ds004513/derivatives/flint/antsRegistration/r7-p14/sub-s034/Stage2_level2_Iter0004.nii.gz
2DIAGNOSTIC,     4, -6.080964456391e-02, 1.797693134862e+308, 0.0000e+00, 0.0000e+00, 
*/mnt/lustre/mathdugre/fast-interpolate/datasets/ds004513/derivatives/flint/antsRegistration/r7-p14/sub-s034/Stage2_level2_Iter0005.nii.gz
2DIAGNOSTIC,     5, -6.114222715041e-02, 1.797693134862e+308, 0.0000e+00, 0.0000e+00, 
*/mnt/lustre/mathdugre/fast-interpolate/datasets/ds004513/derivatives/flint/antsRegistration/r7-p14/sub-s034/Stage2_level2_Iter0006.nii.gz
2DIAGNOSTIC,     6, -6.116993706930e-02, 1.797693134862e+308, 0.0000e+00, 0.0000e+00, 
*/mnt/lustre/mathdugre/fast-interpolate/datasets/ds004513/derivatives/flint/antsRegistration/r7-p14/sub-s034/Stage2_level2_Iter0007.nii.gz
2DIAGNOSTIC,     7, -6.117014137841e-02, 1.797693134862e+308, 0.0000e+00, 0.0000e+00, 
*/mnt/lustre/mathdugre/fast-interpolate/datasets/ds004513/derivatives/flint/antsRegistration/r7-p14/sub-s034/Stage2_level2_Iter0008.nii.gz
2DIAGNOSTIC,     8, -6.117205771426e-02, 1.797693134862e+308, 0.0000e+00, 0.0000e+00, 
*/mnt/lustre/mathdugre/fast-interpolate/datasets/ds004513/derivatives/flint/antsRegistration/r7-p14/sub-s034/Stage2_level2_Iter0009.nii.gz
2DIAGNOSTIC,     9, -6.117204390365e-02, 1.797693134862e+308, 0.0000e+00, 0.0000e+00, 
*/mnt/lustre/mathdugre/fast-interpolate/datasets/ds004513/derivatives/flint/antsRegistration/r7-p14/sub-s034/Stage2_level2_Iter0010.nii.gz
2DIAGNOSTIC,    10, -6.117222907229e-02, 1.956939697266e-03, 0.0000e+00, 0.0000e+00, 
*/mnt/lustre/mathdugre/fast-interpolate/datasets/ds004513/derivatives/flint/antsRegistration/r7-p14/sub-s034/Stage2_level2_Iter0011.nii.gz
2DIAGNOSTIC,    11, -6.117209554323e-02, 1.194000244141e-03, 0.0000e+00, 0.0000e+00, 
*/mnt/lustre/mathdugre/fast-interpolate/datasets/ds004513/derivatives/flint/antsRegistration/r7-p14/sub-s034/Stage2_level2_Iter0012.nii.gz
2DIAGNOSTIC,    12, -6.115991975043e-02, 5.493164062500e-04, 0.0000e+00, 0.0000e+00, 
*/mnt/lustre/mathdugre/fast-interpolate/datasets/ds004513/derivatives/flint/antsRegistration/r7-p14/sub-s034/Stage2_level2_Iter0013.nii.gz
2DIAGNOSTIC,    13, -6.116007059190e-02, 1.335144042969e-04, 0.0000e+00, 0.0000e+00, 
DIAGNOSTIC,Iteration,metricValue,convergenceValue,ITERATION_TIME_INDEX,SINCE_LAST
*/mnt/lustre/mathdugre/fast-interpolate/datasets/ds004513/derivatives/flint/antsRegistration/r7-p14/sub-s034/Stage2_level3_Iter0001.nii.gz
2DIAGNOSTIC,     1, -4.252584011863e-02, 1.797693134862e+308, 0.0000e+00, 0.0000e+00, 
*/mnt/lustre/mathdugre/fast-interpolate/datasets/ds004513/derivatives/flint/antsRegistration/r7-p14/sub-s034/Stage2_level3_Iter0002.nii.gz
2DIAGNOSTIC,     2, -4.272722208720e-02, 1.797693134862e+308, 0.0000e+00, 0.0000e+00, 
*/mnt/lustre/mathdugre/fast-interpolate/datasets/ds004513/derivatives/flint/antsRegistration/r7-p14/sub-s034/Stage2_level3_Iter0003.nii.gz
2DIAGNOSTIC,     3, -4.302026211586e-02, 1.797693134862e+308, 0.0000e+00, 0.0000e+00, 
*/mnt/lustre/mathdugre/fast-interpolate/datasets/ds004513/derivatives/flint/antsRegistration/r7-p14/sub-s034/Stage2_level3_Iter0004.nii.gz
2DIAGNOSTIC,     4, -4.353852321094e-02, 1.797693134862e+308, 0.0000e+00, 0.0000e+00, 
*/mnt/lustre/mathdugre/fast-interpolate/datasets/ds004513/derivatives/flint/antsRegistration/r7-p14/sub-s034/Stage2_level3_Iter0005.nii.gz
2DIAGNOSTIC,     5, -4.421230344519e-02, 1.797693134862e+308, 0.0000e+00, 0.0000e+00, 
*/mnt/lustre/mathdugre/fast-interpolate/datasets/ds004513/derivatives/flint/antsRegistration/r7-p14/sub-s034/Stage2_level3_Iter0006.nii.gz
2DIAGNOSTIC,     6, -4.518091388359e-02, 1.797693134862e+308, 0.0000e+00, 0.0000e+00, 
*/mnt/lustre/mathdugre/fast-interpolate/datasets/ds004513/derivatives/flint/antsRegistration/r7-p14/sub-s034/Stage2_level3_Iter0007.nii.gz
2DIAGNOSTIC,     7, -4.703920862227e-02, 1.797693134862e+308, 0.0000e+00, 0.0000e+00, 
*/mnt/lustre/mathdugre/fast-interpolate/datasets/ds004513/derivatives/flint/antsRegistration/r7-p14/sub-s034/Stage2_level3_Iter0008.nii.gz
2DIAGNOSTIC,     8, -5.015148185670e-02, 1.797693134862e+308, 0.0000e+00, 0.0000e+00, 
*/mnt/lustre/mathdugre/fast-interpolate/datasets/ds004513/derivatives/flint/antsRegistration/r7-p14/sub-s034/Stage2_level3_Iter0009.nii.gz
2DIAGNOSTIC,     9, -5.493965996425e-02, 1.797693134862e+308, 0.0000e+00, 0.0000e+00, 
*/mnt/lustre/mathdugre/fast-interpolate/datasets/ds004513/derivatives/flint/antsRegistration/r7-p14/sub-s034/Stage2_level3_Iter0010.nii.gz
2DIAGNOSTIC,    10, -5.754415213657e-02, 1.960754394531e-02, 0.0000e+00, 0.0000e+00, 
*/mnt/lustre/mathdugre/fast-interpolate/datasets/ds004513/derivatives/flint/antsRegistration/r7-p14/sub-s034/Stage2_level3_Iter0011.nii.gz
2DIAGNOSTIC,    11, -6.230360285033e-02, 2.310943603516e-02, 0.0000e+00, 0.0000e+00, 
*/mnt/lustre/mathdugre/fast-interpolate/datasets/ds004513/derivatives/flint/antsRegistration/r7-p14/sub-s034/Stage2_level3_Iter0012.nii.gz
2DIAGNOSTIC,    12, -7.566891238443e-02, 2.962875366211e-02, 0.0000e+00, 0.0000e+00, 
*/mnt/lustre/mathdugre/fast-interpolate/datasets/ds004513/derivatives/flint/antsRegistration/r7-p14/sub-s034/Stage2_level3_Iter0013.nii.gz
2DIAGNOSTIC,    13, -7.627127314377e-02, 3.232955932617e-02, 0.0000e+00, 0.0000e+00, 
*/mnt/lustre/mathdugre/fast-interpolate/datasets/ds004513/derivatives/flint/antsRegistration/r7-p14/sub-s034/Stage2_level3_Iter0014.nii.gz
2DIAGNOSTIC,    14, -7.689468407511e-02, 3.209304809570e-02, 0.0000e+00, 0.0000e+00, 
*/mnt/lustre/mathdugre/fast-interpolate/datasets/ds004513/derivatives/flint/antsRegistration/r7-p14/sub-s034/Stage2_level3_Iter0015.nii.gz
2DIAGNOSTIC,    15, -7.728711358409e-02, 2.944564819336e-02, 0.0000e+00, 0.0000e+00, 
*/mnt/lustre/mathdugre/fast-interpolate/datasets/ds004513/derivatives/flint/antsRegistration/r7-p14/sub-s034/Stage2_level3_Iter0016.nii.gz
2DIAGNOSTIC,    16, -7.830110568632e-02, 2.518844604492e-02, 0.0000e+00, 0.0000e+00, 
*/mnt/lustre/mathdugre/fast-interpolate/datasets/ds004513/derivatives/flint/antsRegistration/r7-p14/sub-s034/Stage2_level3_Iter0017.nii.gz
2DIAGNOSTIC,    17, -7.931091465814e-02, 2.005004882812e-02, 0.0000e+00, 0.0000e+00, 
*/mnt/lustre/mathdugre/fast-interpolate/datasets/ds004513/derivatives/flint/antsRegistration/r7-p14/sub-s034/Stage2_level3_Iter0018.nii.gz
2DIAGNOSTIC,    18, -8.286142246677e-02, 1.553916931152e-02, 0.0000e+00, 0.0000e+00, 
*/mnt/lustre/mathdugre/fast-interpolate/datasets/ds004513/derivatives/flint/antsRegistration/r7-p14/sub-s034/Stage2_level3_Iter0019.nii.gz
2DIAGNOSTIC,    19, -8.807219100955e-02, 1.266479492188e-02, 0.0000e+00, 0.0000e+00, 
*/mnt/lustre/mathdugre/fast-interpolate/datasets/ds004513/derivatives/flint/antsRegistration/r7-p14/sub-s034/Stage2_level3_Iter0020.nii.gz
2DIAGNOSTIC,    20, -9.052600866942e-02, 1.015663146973e-02, 0.0000e+00, 0.0000e+00, 
*/mnt/lustre/mathdugre/fast-interpolate/datasets/ds004513/derivatives/flint/antsRegistration/r7-p14/sub-s034/Stage2_level3_Iter0021.nii.gz
2DIAGNOSTIC,    21, -9.092616952274e-02, 8.073806762695e-03, 0.0000e+00, 0.0000e+00, 
*/mnt/lustre/mathdugre/fast-interpolate/datasets/ds004513/derivatives/flint/antsRegistration/r7-p14/sub-s034/Stage2_level3_Iter0022.nii.gz
2DIAGNOSTIC,    22, -9.123320126884e-02, 8.220672607422e-03, 0.0000e+00, 0.0000e+00, 
*/mnt/lustre/mathdugre/fast-interpolate/datasets/ds004513/derivatives/flint/antsRegistration/r7-p14/sub-s034/Stage2_level3_Iter0023.nii.gz
2DIAGNOSTIC,    23, -9.144191402368e-02, 7.736206054688e-03, 0.0000e+00, 0.0000e+00, 
*/mnt/lustre/mathdugre/fast-interpolate/datasets/ds004513/derivatives/flint/antsRegistration/r7-p14/sub-s034/Stage2_level3_Iter0024.nii.gz
2DIAGNOSTIC,    24, -9.161169825081e-02, 6.711959838867e-03, 0.0000e+00, 0.0000e+00, 
*/mnt/lustre/mathdugre/fast-interpolate/datasets/ds004513/derivatives/flint/antsRegistration/r7-p14/sub-s034/Stage2_level3_Iter0025.nii.gz
2DIAGNOSTIC,    25, -9.182670403747e-02, 5.275726318359e-03, 0.0000e+00, 0.0000e+00, 
*/mnt/lustre/mathdugre/fast-interpolate/datasets/ds004513/derivatives/flint/antsRegistration/r7-p14/sub-s034/Stage2_level3_Iter0026.nii.gz
2DIAGNOSTIC,    26, -9.199402285584e-02, 3.694534301758e-03, 0.0000e+00, 0.0000e+00, 
*/mnt/lustre/mathdugre/fast-interpolate/datasets/ds004513/derivatives/flint/antsRegistration/r7-p14/sub-s034/Stage2_level3_Iter0027.nii.gz
2DIAGNOSTIC,    27, -9.224658384885e-02, 2.107620239258e-03, 0.0000e+00, 0.0000e+00, 
*/mnt/lustre/mathdugre/fast-interpolate/datasets/ds004513/derivatives/flint/antsRegistration/r7-p14/sub-s034/Stage2_level3_Iter0028.nii.gz
2DIAGNOSTIC,    28, -9.274765848736e-02, 1.031875610352e-03, 0.0000e+00, 0.0000e+00, 
*/mnt/lustre/mathdugre/fast-interpolate/datasets/ds004513/derivatives/flint/antsRegistration/r7-p14/sub-s034/Stage2_level3_Iter0029.nii.gz
2DIAGNOSTIC,    29, -9.313160361205e-02, 7.133483886719e-04, 0.0000e+00, 0.0000e+00, 
*/mnt/lustre/mathdugre/fast-interpolate/datasets/ds004513/derivatives/flint/antsRegistration/r7-p14/sub-s034/Stage2_level3_Iter0030.nii.gz
2DIAGNOSTIC,    30, -9.353418382387e-02, 7.152557373047e-04, 0.0000e+00, 0.0000e+00, 
*/mnt/lustre/mathdugre/fast-interpolate/datasets/ds004513/derivatives/flint/antsRegistration/r7-p14/sub-s034/Stage2_level3_Iter0031.nii.gz
2DIAGNOSTIC,    31, -9.381765121426e-02, 7.438659667969e-04, 0.0000e+00, 0.0000e+00, 
*/mnt/lustre/mathdugre/fast-interpolate/datasets/ds004513/derivatives/flint/antsRegistration/r7-p14/sub-s034/Stage2_level3_Iter0032.nii.gz
2DIAGNOSTIC,    32, -9.396742203024e-02, 7.514953613281e-04, 0.0000e+00, 0.0000e+00, 
*/mnt/lustre/mathdugre/fast-interpolate/datasets/ds004513/derivatives/flint/antsRegistration/r7-p14/sub-s034/Stage2_level3_Iter0033.nii.gz
2DIAGNOSTIC,    33, -9.397625554792e-02, 7.114410400391e-04, 0.0000e+00, 0.0000e+00, 
*/mnt/lustre/mathdugre/fast-interpolate/datasets/ds004513/derivatives/flint/antsRegistration/r7-p14/sub-s034/Stage2_level3_Iter0034.nii.gz
2DIAGNOSTIC,    34, -9.397729828047e-02, 6.294250488281e-04, 0.0000e+00, 0.0000e+00, 
*/mnt/lustre/mathdugre/fast-interpolate/datasets/ds004513/derivatives/flint/antsRegistration/r7-p14/sub-s034/Stage2_level3_Iter0035.nii.gz
2DIAGNOSTIC,    35, -9.396547460359e-02, 5.130767822266e-04, 0.0000e+00, 0.0000e+00, 
*/mnt/lustre/mathdugre/fast-interpolate/datasets/ds004513/derivatives/flint/antsRegistration/r7-p14/sub-s034/Stage2_level3_Iter0036.nii.gz
2DIAGNOSTIC,    36, -9.397326210348e-02, 3.757476806641e-04, 0.0000e+00, 0.0000e+00, 
*/mnt/lustre/mathdugre/fast-interpolate/datasets/ds004513/derivatives/flint/antsRegistration/r7-p14/sub-s034/Stage2_level3_Iter0037.nii.gz
2DIAGNOSTIC,    37, -9.395919408705e-02, 2.326965332031e-04, 0.0000e+00, 0.0000e+00, 
*/mnt/lustre/mathdugre/fast-interpolate/datasets/ds004513/derivatives/flint/antsRegistration/r7-p14/sub-s034/Stage2_level3_Iter0038.nii.gz
2DIAGNOSTIC,    38, -9.394010623320e-02, 1.258850097656e-04, 0.0000e+00, 0.0000e+00, 
*/mnt/lustre/mathdugre/fast-interpolate/datasets/ds004513/derivatives/flint/antsRegistration/r7-p14/sub-s034/Stage2_level3_Iter0039.nii.gz
2DIAGNOSTIC,    39, -9.396915890268e-02, 4.959106445312e-05, 0.0000e+00, 0.0000e+00, 
*/mnt/lustre/mathdugre/fast-interpolate/datasets/ds004513/derivatives/flint/antsRegistration/r7-p14/sub-s034/Stage2_level3_Iter0040.nii.gz
2DIAGNOSTIC,    40, -9.392599566032e-02, 7.629394531250e-06, 0.0000e+00, 0.0000e+00, 
DIAGNOSTIC,Iteration,metricValue,convergenceValue,ITERATION_TIME_INDEX,SINCE_LAST
*/mnt/lustre/mathdugre/fast-interpolate/datasets/ds004513/derivatives/flint/antsRegistration/r7-p14/sub-s034/Stage2_level4_Iter0001.nii.gz
2DIAGNOSTIC,     1, -8.443418584138e-02, 1.797693134862e+308, 0.0000e+00, 0.0000e+00, 
*/mnt/lustre/mathdugre/fast-interpolate/datasets/ds004513/derivatives/flint/antsRegistration/r7-p14/sub-s034/Stage2_level4_Iter0002.nii.gz
2DIAGNOSTIC,     2, -8.443515505008e-02, 1.797693134862e+308, 0.0000e+00, 0.0000e+00, 
*/mnt/lustre/mathdugre/fast-interpolate/datasets/ds004513/derivatives/flint/antsRegistration/r7-p14/sub-s034/Stage2_level4_Iter0003.nii.gz
2DIAGNOSTIC,     3, -8.444718587462e-02, 1.797693134862e+308, 0.0000e+00, 0.0000e+00, 
*/mnt/lustre/mathdugre/fast-interpolate/datasets/ds004513/derivatives/flint/antsRegistration/r7-p14/sub-s034/Stage2_level4_Iter0004.nii.gz
2DIAGNOSTIC,     4, -8.442345470026e-02, 1.797693134862e+308, 0.0000e+00, 0.0000e+00, 
*/mnt/lustre/mathdugre/fast-interpolate/datasets/ds004513/derivatives/flint/antsRegistration/r7-p14/sub-s034/Stage2_level4_Iter0005.nii.gz
2DIAGNOSTIC,     5, -8.443562605133e-02, 1.797693134862e+308, 0.0000e+00, 0.0000e+00, 
*/mnt/lustre/mathdugre/fast-interpolate/datasets/ds004513/derivatives/flint/antsRegistration/r7-p14/sub-s034/Stage2_level4_Iter0006.nii.gz
2DIAGNOSTIC,     6, -8.443542201952e-02, 1.797693134862e+308, 0.0000e+00, 0.0000e+00, 
*/mnt/lustre/mathdugre/fast-interpolate/datasets/ds004513/derivatives/flint/antsRegistration/r7-p14/sub-s034/Stage2_level4_Iter0007.nii.gz
2DIAGNOSTIC,     7, -8.444687778638e-02, 1.797693134862e+308, 0.0000e+00, 0.0000e+00, 
*/mnt/lustre/mathdugre/fast-interpolate/datasets/ds004513/derivatives/flint/antsRegistration/r7-p14/sub-s034/Stage2_level4_Iter0008.nii.gz
2DIAGNOSTIC,     8, -8.445230115232e-02, 1.797693134862e+308, 0.0000e+00, 0.0000e+00, 
*/mnt/lustre/mathdugre/fast-interpolate/datasets/ds004513/derivatives/flint/antsRegistration/r7-p14/sub-s034/Stage2_level4_Iter0009.nii.gz
2DIAGNOSTIC,     9, -8.445551211472e-02, 1.797693134862e+308, 0.0000e+00, 0.0000e+00, 
*/mnt/lustre/mathdugre/fast-interpolate/datasets/ds004513/derivatives/flint/antsRegistration/r7-p14/sub-s034/Stage2_level4_Iter0010.nii.gz
2DIAGNOSTIC,    10, -8.445446942347e-02, 1.525878906250e-05, 0.0000e+00, 0.0000e+00, 
*/mnt/lustre/mathdugre/fast-interpolate/datasets/ds004513/derivatives/flint/antsRegistration/r7-p14/sub-s034/Stage2_level4_Iter0011.nii.gz
2DIAGNOSTIC,    11, -8.445527189793e-02, 2.670288085938e-05, 0.0000e+00, 0.0000e+00, 
*/mnt/lustre/mathdugre/fast-interpolate/datasets/ds004513/derivatives/flint/antsRegistration/r7-p14/sub-s034/Stage2_level4_Iter0012.nii.gz
2DIAGNOSTIC,    12, -8.445135882653e-02, 2.288818359375e-05, 0.0000e+00, 0.0000e+00, 
*/mnt/lustre/mathdugre/fast-interpolate/datasets/ds004513/derivatives/flint/antsRegistration/r7-p14/sub-s034/Stage2_level4_Iter0013.nii.gz
2DIAGNOSTIC,    13, -8.445135882653e-02, 1.144409179688e-05, 0.0000e+00, 0.0000e+00, 
*/mnt/lustre/mathdugre/fast-interpolate/datasets/ds004513/derivatives/flint/antsRegistration/r7-p14/sub-s034/Stage2_level4_Iter0014.nii.gz
2DIAGNOSTIC,    14, -8.445135882653e-02, 3.814697265625e-06, 0.0000e+00, 0.0000e+00, 
  Elapsed time (stage 1): 0.0000e+00


Stage 2
  iterations = 100x70x50x20
  convergence threshold = 1.0000e-06
  convergence window size = 10
  number of levels = 4
  using the CC metric (radius = 4, weight = 1.0000e+00, use gradient filter = 0)
  preprocessing:  winsorizing the image intensities
  Shrink factors (level 1 out of 4): [8, 8, 8]
  Shrink factors (level 2 out of 4): [4, 4, 4]
  Shrink factors (level 3 out of 4): [2, 2, 2]
  Shrink factors (level 4 out of 4): [1, 1, 1]
  smoothing sigmas per level: [3, 2, 1, 0]
  Using default NONE metricSamplingStrategy 

*** Running SyN registration (varianceForUpdateField = 3.0000e+00, varianceForTotalField = 0.0000e+00) ***

XXDIAGNOSTIC,Iteration,metricValue,convergenceValue,ITERATION_TIME_INDEX,SINCE_LAST
*/mnt/lustre/mathdugre/fast-interpolate/datasets/ds004513/derivatives/flint/antsRegistration/r7-p14/sub-s034/Stage3_level1_Iter0001.nii.gz
1DIAGNOSTIC,     1, -5.164489746094e-01, 1.797693134862e+308, 0.0000e+00, 0.0000e+00, 
*/mnt/lustre/mathdugre/fast-interpolate/datasets/ds004513/derivatives/flint/antsRegistration/r7-p14/sub-s034/Stage3_level1_Iter0002.nii.gz
1DIAGNOSTIC,     2, -5.174865722656e-01, 1.797693134862e+308, 0.0000e+00, 0.0000e+00, 
*/mnt/lustre/mathdugre/fast-interpolate/datasets/ds004513/derivatives/flint/antsRegistration/r7-p14/sub-s034/Stage3_level1_Iter0003.nii.gz
1DIAGNOSTIC,     3, -5.183105468750e-01, 1.797693134862e+308, 0.0000e+00, 0.0000e+00, 
*/mnt/lustre/mathdugre/fast-interpolate/datasets/ds004513/derivatives/flint/antsRegistration/r7-p14/sub-s034/Stage3_level1_Iter0004.nii.gz
1DIAGNOSTIC,     4, -5.186462402344e-01, 1.797693134862e+308, 0.0000e+00, 0.0000e+00, 
*/mnt/lustre/mathdugre/fast-interpolate/datasets/ds004513/derivatives/flint/antsRegistration/r7-p14/sub-s034/Stage3_level1_Iter0005.nii.gz
1DIAGNOSTIC,     5, -5.191650390625e-01, 1.797693134862e+308, 0.0000e+00, 0.0000e+00, 
*/mnt/lustre/mathdugre/fast-interpolate/datasets/ds004513/derivatives/flint/antsRegistration/r7-p14/sub-s034/Stage3_level1_Iter0006.nii.gz
1DIAGNOSTIC,     6, -5.196533203125e-01, 1.797693134862e+308, 0.0000e+00, 0.0000e+00, 
*/mnt/lustre/mathdugre/fast-interpolate/datasets/ds004513/derivatives/flint/antsRegistration/r7-p14/sub-s034/Stage3_level1_Iter0007.nii.gz
1DIAGNOSTIC,     7, -5.200195312500e-01, 1.797693134862e+308, 0.0000e+00, 0.0000e+00, 
*/mnt/lustre/mathdugre/fast-interpolate/datasets/ds004513/derivatives/flint/antsRegistration/r7-p14/sub-s034/Stage3_level1_Iter0008.nii.gz
1DIAGNOSTIC,     8, -5.203552246094e-01, 1.797693134862e+308, 0.0000e+00, 0.0000e+00, 
*/mnt/lustre/mathdugre/fast-interpolate/datasets/ds004513/derivatives/flint/antsRegistration/r7-p14/sub-s034/Stage3_level1_Iter0009.nii.gz
1DIAGNOSTIC,     9, -5.204772949219e-01, 1.797693134862e+308, 0.0000e+00, 0.0000e+00, 
*/mnt/lustre/mathdugre/fast-interpolate/datasets/ds004513/derivatives/flint/antsRegistration/r7-p14/sub-s034/Stage3_level1_Iter0010.nii.gz
1DIAGNOSTIC,    10, -5.209960937500e-01, 5.073547363281e-04, 0.0000e+00, 0.0000e+00, 
*/mnt/lustre/mathdugre/fast-interpolate/datasets/ds004513/derivatives/flint/antsRegistration/r7-p14/sub-s034/Stage3_level1_Iter0011.nii.gz
1DIAGNOSTIC,    11, -5.208129882812e-01, 3.814697265625e-04, 0.0000e+00, 0.0000e+00, 
*/mnt/lustre/mathdugre/fast-interpolate/datasets/ds004513/derivatives/flint/antsRegistration/r7-p14/sub-s034/Stage3_level1_Iter0012.nii.gz
1DIAGNOSTIC,    12, -5.206604003906e-01, 2.746582031250e-04, 0.0000e+00, 0.0000e+00, 
*/mnt/lustre/mathdugre/fast-interpolate/datasets/ds004513/derivatives/flint/antsRegistration/r7-p14/sub-s034/Stage3_level1_Iter0013.nii.gz
1DIAGNOSTIC,    13, -5.207214355469e-01, 1.907348632812e-04, 0.0000e+00, 0.0000e+00, 
*/mnt/lustre/mathdugre/fast-interpolate/datasets/ds004513/derivatives/flint/antsRegistration/r7-p14/sub-s034/Stage3_level1_Iter0014.nii.gz
1DIAGNOSTIC,    14, -5.208740234375e-01, 1.258850097656e-04, 0.0000e+00, 0.0000e+00, 
*/mnt/lustre/mathdugre/fast-interpolate/datasets/ds004513/derivatives/flint/antsRegistration/r7-p14/sub-s034/Stage3_level1_Iter0015.nii.gz
1DIAGNOSTIC,    15, -5.208740234375e-01, 8.010864257812e-05, 0.0000e+00, 0.0000e+00, 
*/mnt/lustre/mathdugre/fast-interpolate/datasets/ds004513/derivatives/flint/antsRegistration/r7-p14/sub-s034/Stage3_level1_Iter0016.nii.gz
1DIAGNOSTIC,    16, -5.208129882812e-01, 4.577636718750e-05, 0.0000e+00, 0.0000e+00, 
*/mnt/lustre/mathdugre/fast-interpolate/datasets/ds004513/derivatives/flint/antsRegistration/r7-p14/sub-s034/Stage3_level1_Iter0017.nii.gz
1DIAGNOSTIC,    17, -5.208435058594e-01, 2.098083496094e-05, 0.0000e+00, 0.0000e+00, 
*/mnt/lustre/mathdugre/fast-interpolate/datasets/ds004513/derivatives/flint/antsRegistration/r7-p14/sub-s034/Stage3_level1_Iter0018.nii.gz
1DIAGNOSTIC,    18, -5.209045410156e-01, 1.525878906250e-05, 0.0000e+00, 0.0000e+00, 
*/mnt/lustre/mathdugre/fast-interpolate/datasets/ds004513/derivatives/flint/antsRegistration/r7-p14/sub-s034/Stage3_level1_Iter0019.nii.gz
1DIAGNOSTIC,    19, -5.209045410156e-01, 1.907348632812e-06, 0.0000e+00, 0.0000e+00, 
*/mnt/lustre/mathdugre/fast-interpolate/datasets/ds004513/derivatives/flint/antsRegistration/r7-p14/sub-s034/Stage3_level1_Iter0020.nii.gz
1DIAGNOSTIC,    20, -5.209960937500e-01, 1.716613769531e-05, 0.0000e+00, 0.0000e+00, 
*/mnt/lustre/mathdugre/fast-interpolate/datasets/ds004513/derivatives/flint/antsRegistration/r7-p14/sub-s034/Stage3_level1_Iter0021.nii.gz
1DIAGNOSTIC,    21, -5.210266113281e-01, 1.716613769531e-05, 0.0000e+00, 0.0000e+00, 
*/mnt/lustre/mathdugre/fast-interpolate/datasets/ds004513/derivatives/flint/antsRegistration/r7-p14/sub-s034/Stage3_level1_Iter0022.nii.gz
1DIAGNOSTIC,    22, -5.210266113281e-01, 1.335144042969e-05, 0.0000e+00, 0.0000e+00, 
*/mnt/lustre/mathdugre/fast-interpolate/datasets/ds004513/derivatives/flint/antsRegistration/r7-p14/sub-s034/Stage3_level1_Iter0023.nii.gz
1DIAGNOSTIC,    23, -5.210571289062e-01, 9.536743164062e-06, 0.0000e+00, 0.0000e+00, 
*/mnt/lustre/mathdugre/fast-interpolate/datasets/ds004513/derivatives/flint/antsRegistration/r7-p14/sub-s034/Stage3_level1_Iter0024.nii.gz
1DIAGNOSTIC,    24, -5.210571289062e-01, 1.335144042969e-05, 0.0000e+00, 0.0000e+00, 
*/mnt/lustre/mathdugre/fast-interpolate/datasets/ds004513/derivatives/flint/antsRegistration/r7-p14/sub-s034/Stage3_level1_Iter0025.nii.gz
1DIAGNOSTIC,    25, -5.210876464844e-01, 1.335144042969e-05, 0.0000e+00, 0.0000e+00, 
*/mnt/lustre/mathdugre/fast-interpolate/datasets/ds004513/derivatives/flint/antsRegistration/r7-p14/sub-s034/Stage3_level1_Iter0026.nii.gz
1DIAGNOSTIC,    26, -5.210876464844e-01, 9.536743164062e-06, 0.0000e+00, 0.0000e+00, 
*/mnt/lustre/mathdugre/fast-interpolate/datasets/ds004513/derivatives/flint/antsRegistration/r7-p14/sub-s034/Stage3_level1_Iter0027.nii.gz
1DIAGNOSTIC,    27, -5.211791992188e-01, 9.536743164062e-06, 0.0000e+00, 0.0000e+00, 
*/mnt/lustre/mathdugre/fast-interpolate/datasets/ds004513/derivatives/flint/antsRegistration/r7-p14/sub-s034/Stage3_level1_Iter0028.nii.gz
1DIAGNOSTIC,    28, -5.211791992188e-01, 7.629394531250e-06, 0.0000e+00, 0.0000e+00, 
*/mnt/lustre/mathdugre/fast-interpolate/datasets/ds004513/derivatives/flint/antsRegistration/r7-p14/sub-s034/Stage3_level1_Iter0029.nii.gz
1DIAGNOSTIC,    29, -5.209655761719e-01, 3.814697265625e-06, 0.0000e+00, 0.0000e+00, 
*/mnt/lustre/mathdugre/fast-interpolate/datasets/ds004513/derivatives/flint/antsRegistration/r7-p14/sub-s034/Stage3_level1_Iter0030.nii.gz
1DIAGNOSTIC,    30, -5.209045410156e-01, -3.814697265625e-06, 0.0000e+00, 0.0000e+00, 
XXDIAGNOSTIC,Iteration,metricValue,convergenceValue,ITERATION_TIME_INDEX,SINCE_LAST
*/mnt/lustre/mathdugre/fast-interpolate/datasets/ds004513/derivatives/flint/antsRegistration/r7-p14/sub-s034/Stage3_level2_Iter0001.nii.gz
1DIAGNOSTIC,     1, -7.748107910156e-01, 1.797693134862e+308, 0.0000e+00, 0.0000e+00, 
*/mnt/lustre/mathdugre/fast-interpolate/datasets/ds004513/derivatives/flint/antsRegistration/r7-p14/sub-s034/Stage3_level2_Iter0002.nii.gz
1DIAGNOSTIC,     2, -7.750549316406e-01, 1.797693134862e+308, 0.0000e+00, 0.0000e+00, 
*/mnt/lustre/mathdugre/fast-interpolate/datasets/ds004513/derivatives/flint/antsRegistration/r7-p14/sub-s034/Stage3_level2_Iter0003.nii.gz
1DIAGNOSTIC,     3, -7.752685546875e-01, 1.797693134862e+308, 0.0000e+00, 0.0000e+00, 
*/mnt/lustre/mathdugre/fast-interpolate/datasets/ds004513/derivatives/flint/antsRegistration/r7-p14/sub-s034/Stage3_level2_Iter0004.nii.gz
1DIAGNOSTIC,     4, -7.754211425781e-01, 1.797693134862e+308, 0.0000e+00, 0.0000e+00, 
*/mnt/lustre/mathdugre/fast-interpolate/datasets/ds004513/derivatives/flint/antsRegistration/r7-p14/sub-s034/Stage3_level2_Iter0005.nii.gz
1DIAGNOSTIC,     5, -7.755737304688e-01, 1.797693134862e+308, 0.0000e+00, 0.0000e+00, 
*/mnt/lustre/mathdugre/fast-interpolate/datasets/ds004513/derivatives/flint/antsRegistration/r7-p14/sub-s034/Stage3_level2_Iter0006.nii.gz
1DIAGNOSTIC,     6, -7.756958007812e-01, 1.797693134862e+308, 0.0000e+00, 0.0000e+00, 
*/mnt/lustre/mathdugre/fast-interpolate/datasets/ds004513/derivatives/flint/antsRegistration/r7-p14/sub-s034/Stage3_level2_Iter0007.nii.gz
1DIAGNOSTIC,     7, -7.758483886719e-01, 1.797693134862e+308, 0.0000e+00, 0.0000e+00, 
*/mnt/lustre/mathdugre/fast-interpolate/datasets/ds004513/derivatives/flint/antsRegistration/r7-p14/sub-s034/Stage3_level2_Iter0008.nii.gz
1DIAGNOSTIC,     8, -7.759094238281e-01, 1.797693134862e+308, 0.0000e+00, 0.0000e+00, 
*/mnt/lustre/mathdugre/fast-interpolate/datasets/ds004513/derivatives/flint/antsRegistration/r7-p14/sub-s034/Stage3_level2_Iter0009.nii.gz
1DIAGNOSTIC,     9, -7.760009765625e-01, 1.797693134862e+308, 0.0000e+00, 0.0000e+00, 
*/mnt/lustre/mathdugre/fast-interpolate/datasets/ds004513/derivatives/flint/antsRegistration/r7-p14/sub-s034/Stage3_level2_Iter0010.nii.gz
1DIAGNOSTIC,    10, -7.760620117188e-01, 9.918212890625e-05, 0.0000e+00, 0.0000e+00, 
*/mnt/lustre/mathdugre/fast-interpolate/datasets/ds004513/derivatives/flint/antsRegistration/r7-p14/sub-s034/Stage3_level2_Iter0011.nii.gz
1DIAGNOSTIC,    11, -7.760925292969e-01, 8.010864257812e-05, 0.0000e+00, 0.0000e+00, 
*/mnt/lustre/mathdugre/fast-interpolate/datasets/ds004513/derivatives/flint/antsRegistration/r7-p14/sub-s034/Stage3_level2_Iter0012.nii.gz
1DIAGNOSTIC,    12, -7.761535644531e-01, 5.722045898438e-05, 0.0000e+00, 0.0000e+00, 
*/mnt/lustre/mathdugre/fast-interpolate/datasets/ds004513/derivatives/flint/antsRegistration/r7-p14/sub-s034/Stage3_level2_Iter0013.nii.gz
1DIAGNOSTIC,    13, -7.761535644531e-01, 4.196166992188e-05, 0.0000e+00, 0.0000e+00, 
*/mnt/lustre/mathdugre/fast-interpolate/datasets/ds004513/derivatives/flint/antsRegistration/r7-p14/sub-s034/Stage3_level2_Iter0014.nii.gz
1DIAGNOSTIC,    14, -7.761840820312e-01, 3.051757812500e-05, 0.0000e+00, 0.0000e+00, 
*/mnt/lustre/mathdugre/fast-interpolate/datasets/ds004513/derivatives/flint/antsRegistration/r7-p14/sub-s034/Stage3_level2_Iter0015.nii.gz
1DIAGNOSTIC,    15, -7.761840820312e-01, 2.288818359375e-05, 0.0000e+00, 0.0000e+00, 
*/mnt/lustre/mathdugre/fast-interpolate/datasets/ds004513/derivatives/flint/antsRegistration/r7-p14/sub-s034/Stage3_level2_Iter0016.nii.gz
1DIAGNOSTIC,    16, -7.761840820312e-01, 1.907348632812e-05, 0.0000e+00, 0.0000e+00, 
*/mnt/lustre/mathdugre/fast-interpolate/datasets/ds004513/derivatives/flint/antsRegistration/r7-p14/sub-s034/Stage3_level2_Iter0017.nii.gz
1DIAGNOSTIC,    17, -7.762145996094e-01, 1.907348632812e-05, 0.0000e+00, 0.0000e+00, 
*/mnt/lustre/mathdugre/fast-interpolate/datasets/ds004513/derivatives/flint/antsRegistration/r7-p14/sub-s034/Stage3_level2_Iter0018.nii.gz
1DIAGNOSTIC,    18, -7.762145996094e-01, 1.144409179688e-05, 0.0000e+00, 0.0000e+00, 
*/mnt/lustre/mathdugre/fast-interpolate/datasets/ds004513/derivatives/flint/antsRegistration/r7-p14/sub-s034/Stage3_level2_Iter0019.nii.gz
1DIAGNOSTIC,    19, -7.762145996094e-01, 5.722045898438e-06, 0.0000e+00, 0.0000e+00, 
*/mnt/lustre/mathdugre/fast-interpolate/datasets/ds004513/derivatives/flint/antsRegistration/r7-p14/sub-s034/Stage3_level2_Iter0020.nii.gz
1DIAGNOSTIC,    20, -7.762451171875e-01, 7.629394531250e-06, 0.0000e+00, 0.0000e+00, 
*/mnt/lustre/mathdugre/fast-interpolate/datasets/ds004513/derivatives/flint/antsRegistration/r7-p14/sub-s034/Stage3_level2_Iter0021.nii.gz
1DIAGNOSTIC,    21, -7.761840820312e-01, 3.814697265625e-06, 0.0000e+00, 0.0000e+00, 
*/mnt/lustre/mathdugre/fast-interpolate/datasets/ds004513/derivatives/flint/antsRegistration/r7-p14/sub-s034/Stage3_level2_Iter0022.nii.gz
1DIAGNOSTIC,    22, -7.762145996094e-01, 1.907348632812e-06, 0.0000e+00, 0.0000e+00, 
*/mnt/lustre/mathdugre/fast-interpolate/datasets/ds004513/derivatives/flint/antsRegistration/r7-p14/sub-s034/Stage3_level2_Iter0023.nii.gz
1DIAGNOSTIC,    23, -7.761840820312e-01, -0.000000000000e+00, 0.0000e+00, 0.0000e+00, 
XXDIAGNOSTIC,Iteration,metricValue,convergenceValue,ITERATION_TIME_INDEX,SINCE_LAST
*/mnt/lustre/mathdugre/fast-interpolate/datasets/ds004513/derivatives/flint/antsRegistration/r7-p14/sub-s034/Stage3_level3_Iter0001.nii.gz
1DIAGNOSTIC,     1, -9.223327636719e-01, 1.797693134862e+308, 0.0000e+00, 0.0000e+00, 
*/mnt/lustre/mathdugre/fast-interpolate/datasets/ds004513/derivatives/flint/antsRegistration/r7-p14/sub-s034/Stage3_level3_Iter0002.nii.gz
1DIAGNOSTIC,     2, -9.225769042969e-01, 1.797693134862e+308, 0.0000e+00, 0.0000e+00, 
*/mnt/lustre/mathdugre/fast-interpolate/datasets/ds004513/derivatives/flint/antsRegistration/r7-p14/sub-s034/Stage3_level3_Iter0003.nii.gz
1DIAGNOSTIC,     3, -9.228210449219e-01, 1.797693134862e+308, 0.0000e+00, 0.0000e+00, 
*/mnt/lustre/mathdugre/fast-interpolate/datasets/ds004513/derivatives/flint/antsRegistration/r7-p14/sub-s034/Stage3_level3_Iter0004.nii.gz
1DIAGNOSTIC,     4, -9.230346679688e-01, 1.797693134862e+308, 0.0000e+00, 0.0000e+00, 
*/mnt/lustre/mathdugre/fast-interpolate/datasets/ds004513/derivatives/flint/antsRegistration/r7-p14/sub-s034/Stage3_level3_Iter0005.nii.gz
1DIAGNOSTIC,     5, -9.232177734375e-01, 1.797693134862e+308, 0.0000e+00, 0.0000e+00, 
*/mnt/lustre/mathdugre/fast-interpolate/datasets/ds004513/derivatives/flint/antsRegistration/r7-p14/sub-s034/Stage3_level3_Iter0006.nii.gz
1DIAGNOSTIC,     6, -9.233703613281e-01, 1.797693134862e+308, 0.0000e+00, 0.0000e+00, 
*/mnt/lustre/mathdugre/fast-interpolate/datasets/ds004513/derivatives/flint/antsRegistration/r7-p14/sub-s034/Stage3_level3_Iter0007.nii.gz
1DIAGNOSTIC,     7, -9.234924316406e-01, 1.797693134862e+308, 0.0000e+00, 0.0000e+00, 
*/mnt/lustre/mathdugre/fast-interpolate/datasets/ds004513/derivatives/flint/antsRegistration/r7-p14/sub-s034/Stage3_level3_Iter0008.nii.gz
1DIAGNOSTIC,     8, -9.236145019531e-01, 1.797693134862e+308, 0.0000e+00, 0.0000e+00, 
*/mnt/lustre/mathdugre/fast-interpolate/datasets/ds004513/derivatives/flint/antsRegistration/r7-p14/sub-s034/Stage3_level3_Iter0009.nii.gz
1DIAGNOSTIC,     9, -9.237060546875e-01, 1.797693134862e+308, 0.0000e+00, 0.0000e+00, 
*/mnt/lustre/mathdugre/fast-interpolate/datasets/ds004513/derivatives/flint/antsRegistration/r7-p14/sub-s034/Stage3_level3_Iter0010.nii.gz
1DIAGNOSTIC,    10, -9.237670898438e-01, 9.918212890625e-05, 0.0000e+00, 0.0000e+00, 
*/mnt/lustre/mathdugre/fast-interpolate/datasets/ds004513/derivatives/flint/antsRegistration/r7-p14/sub-s034/Stage3_level3_Iter0011.nii.gz
1DIAGNOSTIC,    11, -9.238281250000e-01, 8.392333984375e-05, 0.0000e+00, 0.0000e+00, 
*/mnt/lustre/mathdugre/fast-interpolate/datasets/ds004513/derivatives/flint/antsRegistration/r7-p14/sub-s034/Stage3_level3_Iter0012.nii.gz
1DIAGNOSTIC,    12, -9.238891601562e-01, 6.103515625000e-05, 0.0000e+00, 0.0000e+00, 
*/mnt/lustre/mathdugre/fast-interpolate/datasets/ds004513/derivatives/flint/antsRegistration/r7-p14/sub-s034/Stage3_level3_Iter0013.nii.gz
1DIAGNOSTIC,    13, -9.239196777344e-01, 4.577636718750e-05, 0.0000e+00, 0.0000e+00, 
*/mnt/lustre/mathdugre/fast-interpolate/datasets/ds004513/derivatives/flint/antsRegistration/r7-p14/sub-s034/Stage3_level3_Iter0014.nii.gz
1DIAGNOSTIC,    14, -9.239807128906e-01, 3.814697265625e-05, 0.0000e+00, 0.0000e+00, 
*/mnt/lustre/mathdugre/fast-interpolate/datasets/ds004513/derivatives/flint/antsRegistration/r7-p14/sub-s034/Stage3_level3_Iter0015.nii.gz
1DIAGNOSTIC,    15, -9.240112304688e-01, 2.670288085938e-05, 0.0000e+00, 0.0000e+00, 
*/mnt/lustre/mathdugre/fast-interpolate/datasets/ds004513/derivatives/flint/antsRegistration/r7-p14/sub-s034/Stage3_level3_Iter0016.nii.gz
1DIAGNOSTIC,    16, -9.240417480469e-01, 2.288818359375e-05, 0.0000e+00, 0.0000e+00, 
*/mnt/lustre/mathdugre/fast-interpolate/datasets/ds004513/derivatives/flint/antsRegistration/r7-p14/sub-s034/Stage3_level3_Iter0017.nii.gz
1DIAGNOSTIC,    17, -9.240417480469e-01, 1.907348632812e-05, 0.0000e+00, 0.0000e+00, 
*/mnt/lustre/mathdugre/fast-interpolate/datasets/ds004513/derivatives/flint/antsRegistration/r7-p14/sub-s034/Stage3_level3_Iter0018.nii.gz
1DIAGNOSTIC,    18, -9.240722656250e-01, 1.716613769531e-05, 0.0000e+00, 0.0000e+00, 
*/mnt/lustre/mathdugre/fast-interpolate/datasets/ds004513/derivatives/flint/antsRegistration/r7-p14/sub-s034/Stage3_level3_Iter0019.nii.gz
1DIAGNOSTIC,    19, -9.241027832031e-01, 1.335144042969e-05, 0.0000e+00, 0.0000e+00, 
*/mnt/lustre/mathdugre/fast-interpolate/datasets/ds004513/derivatives/flint/antsRegistration/r7-p14/sub-s034/Stage3_level3_Iter0020.nii.gz
1DIAGNOSTIC,    20, -9.241333007812e-01, 1.335144042969e-05, 0.0000e+00, 0.0000e+00, 
*/mnt/lustre/mathdugre/fast-interpolate/datasets/ds004513/derivatives/flint/antsRegistration/r7-p14/sub-s034/Stage3_level3_Iter0021.nii.gz
1DIAGNOSTIC,    21, -9.241638183594e-01, 7.629394531250e-06, 0.0000e+00, 0.0000e+00, 
*/mnt/lustre/mathdugre/fast-interpolate/datasets/ds004513/derivatives/flint/antsRegistration/r7-p14/sub-s034/Stage3_level3_Iter0022.nii.gz
1DIAGNOSTIC,    22, -9.241638183594e-01, 9.536743164062e-06, 0.0000e+00, 0.0000e+00, 
*/mnt/lustre/mathdugre/fast-interpolate/datasets/ds004513/derivatives/flint/antsRegistration/r7-p14/sub-s034/Stage3_level3_Iter0023.nii.gz
1DIAGNOSTIC,    23, -9.241943359375e-01, 5.722045898438e-06, 0.0000e+00, 0.0000e+00, 
*/mnt/lustre/mathdugre/fast-interpolate/datasets/ds004513/derivatives/flint/antsRegistration/r7-p14/sub-s034/Stage3_level3_Iter0024.nii.gz
1DIAGNOSTIC,    24, -9.241943359375e-01, 7.629394531250e-06, 0.0000e+00, 0.0000e+00, 
*/mnt/lustre/mathdugre/fast-interpolate/datasets/ds004513/derivatives/flint/antsRegistration/r7-p14/sub-s034/Stage3_level3_Iter0025.nii.gz
1DIAGNOSTIC,    25, -9.242248535156e-01, 5.722045898438e-06, 0.0000e+00, 0.0000e+00, 
*/mnt/lustre/mathdugre/fast-interpolate/datasets/ds004513/derivatives/flint/antsRegistration/r7-p14/sub-s034/Stage3_level3_Iter0026.nii.gz
1DIAGNOSTIC,    26, -9.242248535156e-01, 3.814697265625e-06, 0.0000e+00, 0.0000e+00, 
*/mnt/lustre/mathdugre/fast-interpolate/datasets/ds004513/derivatives/flint/antsRegistration/r7-p14/sub-s034/Stage3_level3_Iter0027.nii.gz
1DIAGNOSTIC,    27, -9.242248535156e-01, 3.814697265625e-06, 0.0000e+00, 0.0000e+00, 
*/mnt/lustre/mathdugre/fast-interpolate/datasets/ds004513/derivatives/flint/antsRegistration/r7-p14/sub-s034/Stage3_level3_Iter0028.nii.gz
1DIAGNOSTIC,    28, -9.242553710938e-01, 3.814697265625e-06, 0.0000e+00, 0.0000e+00, 
*/mnt/lustre/mathdugre/fast-interpolate/datasets/ds004513/derivatives/flint/antsRegistration/r7-p14/sub-s034/Stage3_level3_Iter0029.nii.gz
1DIAGNOSTIC,    29, -9.242553710938e-01, -1.907348632812e-06, 0.0000e+00, 0.0000e+00, 
XXDIAGNOSTIC,Iteration,metricValue,convergenceValue,ITERATION_TIME_INDEX,SINCE_LAST
*/mnt/lustre/mathdugre/fast-interpolate/datasets/ds004513/derivatives/flint/antsRegistration/r7-p14/sub-s034/Stage3_level4_Iter0001.nii.gz
1DIAGNOSTIC,     1, -9.865112304688e-01, 1.797693134862e+308, 0.0000e+00, 0.0000e+00, 
*/mnt/lustre/mathdugre/fast-interpolate/datasets/ds004513/derivatives/flint/antsRegistration/r7-p14/sub-s034/Stage3_level4_Iter0002.nii.gz
1DIAGNOSTIC,     2, -9.865722656250e-01, 1.797693134862e+308, 0.0000e+00, 0.0000e+00, 
*/mnt/lustre/mathdugre/fast-interpolate/datasets/ds004513/derivatives/flint/antsRegistration/r7-p14/sub-s034/Stage3_level4_Iter0003.nii.gz
1DIAGNOSTIC,     3, -9.866638183594e-01, 1.797693134862e+308, 0.0000e+00, 0.0000e+00, 
*/mnt/lustre/mathdugre/fast-interpolate/datasets/ds004513/derivatives/flint/antsRegistration/r7-p14/sub-s034/Stage3_level4_Iter0004.nii.gz
1DIAGNOSTIC,     4, -9.867553710938e-01, 1.797693134862e+308, 6.5536e+04, 6.5536e+04, 
*/mnt/lustre/mathdugre/fast-interpolate/datasets/ds004513/derivatives/flint/antsRegistration/r7-p14/sub-s034/Stage3_level4_Iter0005.nii.gz
1DIAGNOSTIC,     5, -9.868469238281e-01, 1.797693134862e+308, 6.5536e+04, 0.0000e+00, 
*/mnt/lustre/mathdugre/fast-interpolate/datasets/ds004513/derivatives/flint/antsRegistration/r7-p14/sub-s034/Stage3_level4_Iter0006.nii.gz
1DIAGNOSTIC,     6, -9.869079589844e-01, 1.797693134862e+308, 6.5536e+04, 0.0000e+00, 
*/mnt/lustre/mathdugre/fast-interpolate/datasets/ds004513/derivatives/flint/antsRegistration/r7-p14/sub-s034/Stage3_level4_Iter0007.nii.gz
1DIAGNOSTIC,     7, -9.869689941406e-01, 1.797693134862e+308, 6.5536e+04, 0.0000e+00, 
*/mnt/lustre/mathdugre/fast-interpolate/datasets/ds004513/derivatives/flint/antsRegistration/r7-p14/sub-s034/Stage3_level4_Iter0008.nii.gz
1DIAGNOSTIC,     8, -9.870300292969e-01, 1.797693134862e+308, 6.5536e+04, 0.0000e+00, 
*/mnt/lustre/mathdugre/fast-interpolate/datasets/ds004513/derivatives/flint/antsRegistration/r7-p14/sub-s034/Stage3_level4_Iter0009.nii.gz
1DIAGNOSTIC,     9, -9.870910644531e-01, 1.797693134862e+308, 6.5536e+04, 0.0000e+00, 
*/mnt/lustre/mathdugre/fast-interpolate/datasets/ds004513/derivatives/flint/antsRegistration/r7-p14/sub-s034/Stage3_level4_Iter0010.nii.gz
1DIAGNOSTIC,    10, -9.871520996094e-01, 4.196166992188e-05, 6.5536e+04, 0.0000e+00, 
*/mnt/lustre/mathdugre/fast-interpolate/datasets/ds004513/derivatives/flint/antsRegistration/r7-p14/sub-s034/Stage3_level4_Iter0011.nii.gz
1DIAGNOSTIC,    11, -9.871826171875e-01, 3.433227539062e-05, 6.5536e+04, 0.0000e+00, 
*/mnt/lustre/mathdugre/fast-interpolate/datasets/ds004513/derivatives/flint/antsRegistration/r7-p14/sub-s034/Stage3_level4_Iter0012.nii.gz
1DIAGNOSTIC,    12, -9.872131347656e-01, 3.433227539062e-05, 6.5536e+04, 0.0000e+00, 
*/mnt/lustre/mathdugre/fast-interpolate/datasets/ds004513/derivatives/flint/antsRegistration/r7-p14/sub-s034/Stage3_level4_Iter0013.nii.gz
1DIAGNOSTIC,    13, -9.872436523438e-01, 1.525878906250e-05, 6.5536e+04, 0.0000e+00, 
*/mnt/lustre/mathdugre/fast-interpolate/datasets/ds004513/derivatives/flint/antsRegistration/r7-p14/sub-s034/Stage3_level4_Iter0014.nii.gz
1DIAGNOSTIC,    14, -9.872741699219e-01, 1.525878906250e-05, 6.5536e+04, 0.0000e+00, 
*/mnt/lustre/mathdugre/fast-interpolate/datasets/ds004513/derivatives/flint/antsRegistration/r7-p14/sub-s034/Stage3_level4_Iter0015.nii.gz
1DIAGNOSTIC,    15, -9.873046875000e-01, 1.525878906250e-05, 6.5536e+04, 0.0000e+00, 
*/mnt/lustre/mathdugre/fast-interpolate/datasets/ds004513/derivatives/flint/antsRegistration/r7-p14/sub-s034/Stage3_level4_Iter0016.nii.gz
1DIAGNOSTIC,    16, -9.873352050781e-01, 1.525878906250e-05, 6.5536e+04, 0.0000e+00, 
*/mnt/lustre/mathdugre/fast-interpolate/datasets/ds004513/derivatives/flint/antsRegistration/r7-p14/sub-s034/Stage3_level4_Iter0017.nii.gz
1DIAGNOSTIC,    17, -9.873657226562e-01, 1.144409179688e-05, 6.5536e+04, 0.0000e+00, 
*/mnt/lustre/mathdugre/fast-interpolate/datasets/ds004513/derivatives/flint/antsRegistration/r7-p14/sub-s034/Stage3_level4_Iter0018.nii.gz
1DIAGNOSTIC,    18, -9.873657226562e-01, 9.536743164062e-06, 1.3107e+05, 6.5536e+04, 
*/mnt/lustre/mathdugre/fast-interpolate/datasets/ds004513/derivatives/flint/antsRegistration/r7-p14/sub-s034/Stage3_level4_Iter0019.nii.gz
1DIAGNOSTIC,    19, -9.873962402344e-01, 7.629394531250e-06, 1.3107e+05, 0.0000e+00, 
*/mnt/lustre/mathdugre/fast-interpolate/datasets/ds004513/derivatives/flint/antsRegistration/r7-p14/sub-s034/Stage3_level4_Iter0020.nii.gz
1DIAGNOSTIC,    20, -9.873962402344e-01, 7.629394531250e-06, 1.3107e+05, 0.0000e+00, 
  Elapsed time (stage 2): 1.311e+05


Total elapsed time: 1.311e+05
