
##########################
# Experiment information #
##########################

EXPERIMENT_NAME: r7-p14
VFC_BACKENDS: libinterflop_vprec.so --range-binary32=7 --precision-binary32=14 --range-binary64=7 --precision-binary64=14

SIF_IMG: /mnt/lustre/mathdugre/containers/ants-vprec-no_metric.simg

SUBJECT_ID: s020
INPUT_IMG: /mnt/lustre/mathdugre/fast-interpolate/datasets/ds004513/derivatives/flint/antsBrainExtraction/sub-s020/BrainExtractionBrain.nii.gz
OUTPUT_DIR: /mnt/lustre/mathdugre/fast-interpolate/datasets/ds004513/derivatives/flint/antsRegistration/r7-p14/sub-s020

FIXED_IMG: /templateflow/tpl-MNI152NLin2009cAsym/tpl-MNI152NLin2009cAsym_res-01_desc-brain_T1w.nii.gz
DATA_DIR: /mnt/lustre/mathdugre/fast-interpolate/datasets/ds004513
TEMPLATEFLOW_DIR: /home/mathdugre/.cache/templateflow
ITK_GLOBAL_DEFAULT_NUMBER_OF_THREADS: 4
##########################

Info [verificarlo]: loaded backend libinterflop_vprec.so
Info [interflop-vprec]: load backend with: 
Info [interflop-vprec]: precision-binary32 = 14
Info [interflop-vprec]: range-binary32 = 7
Info [interflop-vprec]: precision-binary64 = 14
Info [interflop-vprec]: range-binary64 = 7
Info [interflop-vprec]: mode = ob
Info [interflop-vprec]: error-mode = rel
Info [interflop-vprec]: max-abs-error-exponent = -1022
Info [interflop-vprec]: daz = false
Info [interflop-vprec]: ftz = false
Info [interflop-vprec]: 	instrument = none
Info [interflop-vprec]: 	prec-input-file = (null)
Info [interflop-vprec]: 	prec-output-file = (null)
Info [interflop-vprec]: 	prec-log-file = (null)
All_Command_lines_OK
Using double precision for computations.
=============================================================================
The composite transform comprises the following transforms (in order): 
  1. Center of mass alignment using fixed image: /templateflow/tpl-MNI152NLin2009cAsym/tpl-MNI152NLin2009cAsym_res-01_desc-brain_T1w.nii.gz and moving image: /mnt/lustre/mathdugre/fast-interpolate/datasets/ds004513/derivatives/flint/antsBrainExtraction/sub-s020/BrainExtractionBrain.nii.gz (type = Euler3DTransform)
=============================================================================
  number of levels = 4
  number of levels = 4
  number of levels = 4
  fixed image: /templateflow/tpl-MNI152NLin2009cAsym/tpl-MNI152NLin2009cAsym_res-01_desc-brain_T1w.nii.gz
  moving image: /mnt/lustre/mathdugre/fast-interpolate/datasets/ds004513/derivatives/flint/antsBrainExtraction/sub-s020/BrainExtractionBrain.nii.gz
  fixed image: /templateflow/tpl-MNI152NLin2009cAsym/tpl-MNI152NLin2009cAsym_res-01_desc-brain_T1w.nii.gz
  moving image: /mnt/lustre/mathdugre/fast-interpolate/datasets/ds004513/derivatives/flint/antsBrainExtraction/sub-s020/BrainExtractionBrain.nii.gz
  fixed image: /templateflow/tpl-MNI152NLin2009cAsym/tpl-MNI152NLin2009cAsym_res-01_desc-brain_T1w.nii.gz
  moving image: /mnt/lustre/mathdugre/fast-interpolate/datasets/ds004513/derivatives/flint/antsBrainExtraction/sub-s020/BrainExtractionBrain.nii.gz
Dimension = 3
Number of stages = 3
Use histogram matching = false
Winsorize image intensities = true
  Lower quantile = 0.005
  Upper quantile = 0.995


Stage 1 State
   Image metric = MattesMI
     Fixed image = Image (0x501fb30)
  RTTI typeinfo:   itk::Image<double, 3u>
  Reference Count: 2
  Modified Time: 2385
  Debug: Off
  Object Name: 
  Observers: 
    none
  Source: (none)
  Source output name: (none)
  Release Data: Off
  Data Released: False
  Global Release Data: Off
  PipelineMTime: 0
  UpdateMTime: 1996
  RealTimeStamp: 0 seconds 
  LargestPossibleRegion: 
    Dimension: 3
    Index: [0, 0, 0]
    Size: [193, 229, 193]
  BufferedRegion: 
    Dimension: 3
    Index: [0, 0, 0]
    Size: [193, 229, 193]
  RequestedRegion: 
    Dimension: 3
    Index: [0, 0, 0]
    Size: [193, 229, 193]
  Spacing: [1, 1, 1]
  Origin: [96, 132, -78]
  Direction: 
-1 0 0
0 -1 0
0 0 1

  IndexToPointMatrix: 
-1 0 0
0 -1 0
0 0 1

  PointToIndexMatrix: 
-1 0 0
0 -1 0
0 0 1

  Inverse Direction: 
-1 0 0
0 -1 0
0 0 1

  PixelContainer: 
    ImportImageContainer (0x50220a0)
      RTTI typeinfo:   itk::ImportImageContainer<unsigned long, double>
      Reference Count: 1
      Modified Time: 1993
      Debug: Off
      Object Name: 
      Observers: 
        none
      Pointer: 0x7fc1f2bfa010
      Container manages memory: true
      Size: 8530021
      Capacity: 8530021

     Moving image = Image (0x501b400)
  RTTI typeinfo:   itk::Image<double, 3u>
  Reference Count: 2
  Modified Time: 2386
  Debug: Off
  Object Name: 
  Observers: 
    none
  Source: (none)
  Source output name: (none)
  Release Data: Off
  Data Released: False
  Global Release Data: Off
  PipelineMTime: 0
  UpdateMTime: 2383
  RealTimeStamp: 0 seconds 
  LargestPossibleRegion: 
    Dimension: 3
    Index: [0, 0, 0]
    Size: [160, 240, 256]
  BufferedRegion: 
    Dimension: 3
    Index: [0, 0, 0]
    Size: [160, 240, 256]
  RequestedRegion: 
    Dimension: 3
    Index: [0, 0, 0]
    Size: [160, 240, 256]
  Spacing: [1, 1, 1]
  Origin: [87.0898, 98.7188, -152.375]
  Direction: 
-0.996979 0.0261393 -0.0731926
-0.0260687 -0.999664 -0.00191379
-0.0732155 -2.98041e-08 0.997314

  IndexToPointMatrix: 
-0.996979 0.0261393 -0.0731926
-0.0260687 -0.999664 -0.00191379
-0.0732155 -2.98041e-08 0.997314

  PointToIndexMatrix: 
-0.996948 -0.0260687 -0.0732155
0.0261345 -0.999664 4.95911e-05
-0.0731964 -0.00188065 0.997406

  Inverse Direction: 
-0.996948 -0.0260687 -0.0732155
0.0261345 -0.999664 4.95911e-05
-0.0731964 -0.00188065 0.997406

  PixelContainer: 
    ImportImageContainer (0x50ef4d0)
      RTTI typeinfo:   itk::ImportImageContainer<unsigned long, double>
      Reference Count: 1
      Modified Time: 2380
      Debug: Off
      Object Name: 
      Observers: 
        none
      Pointer: 0x7fc1ee0f9010
      Container manages memory: true
      Size: 9830400
      Capacity: 9830400

     Weighting = 1
     Sampling strategy = regular
     Number of bins = 32
     Radius = 4
     Sampling percentage  = 0.25
   Transform = Rigid
     Gradient step = 0.1
     Update field sigma (voxel space) = 0
     Total field sigma (voxel space) = 0
     Update field time sigma = 0
     Total field time sigma  = 0
     Number of time indices = 0
     Number of time point samples = 0
Stage 2 State
   Image metric = MattesMI
     Fixed image = Image (0x515b460)
  RTTI typeinfo:   itk::Image<double, 3u>
  Reference Count: 2
  Modified Time: 3161
  Debug: Off
  Object Name: 
  Observers: 
    none
  Source: (none)
  Source output name: (none)
  Release Data: Off
  Data Released: False
  Global Release Data: Off
  PipelineMTime: 0
  UpdateMTime: 2772
  RealTimeStamp: 0 seconds 
  LargestPossibleRegion: 
    Dimension: 3
    Index: [0, 0, 0]
    Size: [193, 229, 193]
  BufferedRegion: 
    Dimension: 3
    Index: [0, 0, 0]
    Size: [193, 229, 193]
  RequestedRegion: 
    Dimension: 3
    Index: [0, 0, 0]
    Size: [193, 229, 193]
  Spacing: [1, 1, 1]
  Origin: [96, 132, -78]
  Direction: 
-1 0 0
0 -1 0
0 0 1

  IndexToPointMatrix: 
-1 0 0
0 -1 0
0 0 1

  PointToIndexMatrix: 
-1 0 0
0 -1 0
0 0 1

  Inverse Direction: 
-1 0 0
0 -1 0
0 0 1

  PixelContainer: 
    ImportImageContainer (0x5022030)
      RTTI typeinfo:   itk::ImportImageContainer<unsigned long, double>
      Reference Count: 1
      Modified Time: 2769
      Debug: Off
      Object Name: 
      Observers: 
        none
      Pointer: 0x7fc1e9fe4010
      Container manages memory: true
      Size: 8530021
      Capacity: 8530021

     Moving image = Image (0x515a640)
  RTTI typeinfo:   itk::Image<double, 3u>
  Reference Count: 2
  Modified Time: 3162
  Debug: Off
  Object Name: 
  Observers: 
    none
  Source: (none)
  Source output name: (none)
  Release Data: Off
  Data Released: False
  Global Release Data: Off
  PipelineMTime: 0
  UpdateMTime: 3159
  RealTimeStamp: 0 seconds 
  LargestPossibleRegion: 
    Dimension: 3
    Index: [0, 0, 0]
    Size: [160, 240, 256]
  BufferedRegion: 
    Dimension: 3
    Index: [0, 0, 0]
    Size: [160, 240, 256]
  RequestedRegion: 
    Dimension: 3
    Index: [0, 0, 0]
    Size: [160, 240, 256]
  Spacing: [1, 1, 1]
  Origin: [87.0898, 98.7188, -152.375]
  Direction: 
-0.996979 0.0261393 -0.0731926
-0.0260687 -0.999664 -0.00191379
-0.0732155 -2.98041e-08 0.997314

  IndexToPointMatrix: 
-0.996979 0.0261393 -0.0731926
-0.0260687 -0.999664 -0.00191379
-0.0732155 -2.98041e-08 0.997314

  PointToIndexMatrix: 
-0.996948 -0.0260687 -0.0732155
0.0261345 -0.999664 4.95911e-05
-0.0731964 -0.00188065 0.997406

  Inverse Direction: 
-0.996948 -0.0260687 -0.0732155
0.0261345 -0.999664 4.95911e-05
-0.0731964 -0.00188065 0.997406

  PixelContainer: 
    ImportImageContainer (0x525f850)
      RTTI typeinfo:   itk::ImportImageContainer<unsigned long, double>
      Reference Count: 1
      Modified Time: 3156
      Debug: Off
      Object Name: 
      Observers: 
        none
      Pointer: 0x7fc1e54e3010
      Container manages memory: true
      Size: 9830400
      Capacity: 9830400

     Weighting = 1
     Sampling strategy = regular
     Number of bins = 32
     Radius = 4
     Sampling percentage  = 0.25
   Transform = Affine
     Gradient step = 0.1
     Update field sigma (voxel space) = 0
     Total field sigma (voxel space) = 0
     Update field time sigma = 0
     Total field time sigma  = 0
     Number of time indices = 0
     Number of time point samples = 0
Stage 3 State
   Image metric = CC
     Fixed image = Image (0x5159980)
  RTTI typeinfo:   itk::Image<double, 3u>
  Reference Count: 2
  Modified Time: 3937
  Debug: Off
  Object Name: 
  Observers: 
    none
  Source: (none)
  Source output name: (none)
  Release Data: Off
  Data Released: False
  Global Release Data: Off
  PipelineMTime: 0
  UpdateMTime: 3548
  RealTimeStamp: 0 seconds 
  LargestPossibleRegion: 
    Dimension: 3
    Index: [0, 0, 0]
    Size: [193, 229, 193]
  BufferedRegion: 
    Dimension: 3
    Index: [0, 0, 0]
    Size: [193, 229, 193]
  RequestedRegion: 
    Dimension: 3
    Index: [0, 0, 0]
    Size: [193, 229, 193]
  Spacing: [1, 1, 1]
  Origin: [96, 132, -78]
  Direction: 
-1 0 0
0 -1 0
0 0 1

  IndexToPointMatrix: 
-1 0 0
0 -1 0
0 0 1

  PointToIndexMatrix: 
-1 0 0
0 -1 0
0 0 1

  Inverse Direction: 
-1 0 0
0 -1 0
0 0 1

  PixelContainer: 
    ImportImageContainer (0x517f6d0)
      RTTI typeinfo:   itk::ImportImageContainer<unsigned long, double>
      Reference Count: 1
      Modified Time: 3545
      Debug: Off
      Object Name: 
      Observers: 
        none
      Pointer: 0x7fc1e13ce010
      Container manages memory: true
      Size: 8530021
      Capacity: 8530021

     Moving image = Image (0x5041900)
  RTTI typeinfo:   itk::Image<double, 3u>
  Reference Count: 2
  Modified Time: 3938
  Debug: Off
  Object Name: 
  Observers: 
    none
  Source: (none)
  Source output name: (none)
  Release Data: Off
  Data Released: False
  Global Release Data: Off
  PipelineMTime: 0
  UpdateMTime: 3935
  RealTimeStamp: 0 seconds 
  LargestPossibleRegion: 
    Dimension: 3
    Index: [0, 0, 0]
    Size: [160, 240, 256]
  BufferedRegion: 
    Dimension: 3
    Index: [0, 0, 0]
    Size: [160, 240, 256]
  RequestedRegion: 
    Dimension: 3
    Index: [0, 0, 0]
    Size: [160, 240, 256]
  Spacing: [1, 1, 1]
  Origin: [87.0898, 98.7188, -152.375]
  Direction: 
-0.996979 0.0261393 -0.0731926
-0.0260687 -0.999664 -0.00191379
-0.0732155 -2.98041e-08 0.997314

  IndexToPointMatrix: 
-0.996979 0.0261393 -0.0731926
-0.0260687 -0.999664 -0.00191379
-0.0732155 -2.98041e-08 0.997314

  PointToIndexMatrix: 
-0.996948 -0.0260687 -0.0732155
0.0261345 -0.999664 4.95911e-05
-0.0731964 -0.00188065 0.997406

  Inverse Direction: 
-0.996948 -0.0260687 -0.0732155
0.0261345 -0.999664 4.95911e-05
-0.0731964 -0.00188065 0.997406

  PixelContainer: 
    ImportImageContainer (0x510f550)
      RTTI typeinfo:   itk::ImportImageContainer<unsigned long, double>
      Reference Count: 1
      Modified Time: 3932
      Debug: Off
      Object Name: 
      Observers: 
        none
      Pointer: 0x7fc1dc8cd010
      Container manages memory: true
      Size: 9830400
      Capacity: 9830400

     Weighting = 1
     Sampling strategy = none
     Number of bins = 32
     Radius = 4
     Sampling percentage  = 1
   Transform = SyN
     Gradient step = 0.1
     Update field sigma (voxel space) = 3
     Total field sigma (voxel space) = 0
     Update field time sigma = 0
     Total field time sigma  = 0
     Number of time indices = 0
     Number of time point samples = 0
Registration using 3 total stages.

Stage 0
  iterations = 1000x500x250x100
  convergence threshold = 1e-06
  convergence window size = 10
  number of levels = 4
  using the Mattes MI metric (number of bins = 32, weight = 1, use gradient filter = 0)
  preprocessing:  winsorizing the image intensities
  Shrink factors (level 1 out of 4): [8, 8, 8]
  Shrink factors (level 2 out of 4): [4, 4, 4]
  Shrink factors (level 3 out of 4): [2, 2, 2]
  Shrink factors (level 4 out of 4): [1, 1, 1]
  smoothing sigmas per level: [3, 2, 1, 0]
  regular sampling (percentage = 0.25)

*** Running Euler3DTransform registration ***

DIAGNOSTIC,Iteration,metricValue,convergenceValue,ITERATION_TIME_INDEX,SINCE_LAST
*/mnt/lustre/mathdugre/fast-interpolate/datasets/ds004513/derivatives/flint/antsRegistration/r7-p14/sub-s020/Stage1_level1_Iter0001.nii.gz
2DIAGNOSTIC,     1, -9.034458738941e-02, 1.797693134862e+308, 0.0000e+00, 0.0000e+00, 
*/mnt/lustre/mathdugre/fast-interpolate/datasets/ds004513/derivatives/flint/antsRegistration/r7-p14/sub-s020/Stage1_level1_Iter0002.nii.gz
2DIAGNOSTIC,     2, -9.077695103058e-02, 1.797693134862e+308, 0.0000e+00, 0.0000e+00, 
*/mnt/lustre/mathdugre/fast-interpolate/datasets/ds004513/derivatives/flint/antsRegistration/r7-p14/sub-s020/Stage1_level1_Iter0003.nii.gz
2DIAGNOSTIC,     3, -9.127835492166e-02, 1.797693134862e+308, 0.0000e+00, 0.0000e+00, 
*/mnt/lustre/mathdugre/fast-interpolate/datasets/ds004513/derivatives/flint/antsRegistration/r7-p14/sub-s020/Stage1_level1_Iter0004.nii.gz
2DIAGNOSTIC,     4, -9.149096248293e-02, 1.797693134862e+308, 0.0000e+00, 0.0000e+00, 
*/mnt/lustre/mathdugre/fast-interpolate/datasets/ds004513/derivatives/flint/antsRegistration/r7-p14/sub-s020/Stage1_level1_Iter0005.nii.gz
2DIAGNOSTIC,     5, -9.138032297585e-02, 1.797693134862e+308, 0.0000e+00, 0.0000e+00, 
*/mnt/lustre/mathdugre/fast-interpolate/datasets/ds004513/derivatives/flint/antsRegistration/r7-p14/sub-s020/Stage1_level1_Iter0006.nii.gz
2DIAGNOSTIC,     6, -9.125046187655e-02, 1.797693134862e+308, 0.0000e+00, 0.0000e+00, 
*/mnt/lustre/mathdugre/fast-interpolate/datasets/ds004513/derivatives/flint/antsRegistration/r7-p14/sub-s020/Stage1_level1_Iter0007.nii.gz
2DIAGNOSTIC,     7, -9.129605754936e-02, 1.797693134862e+308, 0.0000e+00, 0.0000e+00, 
*/mnt/lustre/mathdugre/fast-interpolate/datasets/ds004513/derivatives/flint/antsRegistration/r7-p14/sub-s020/Stage1_level1_Iter0008.nii.gz
2DIAGNOSTIC,     8, -9.116772375982e-02, 1.797693134862e+308, 0.0000e+00, 0.0000e+00, 
*/mnt/lustre/mathdugre/fast-interpolate/datasets/ds004513/derivatives/flint/antsRegistration/r7-p14/sub-s020/Stage1_level1_Iter0009.nii.gz
2DIAGNOSTIC,     9, -9.123028970372e-02, 1.797693134862e+308, 0.0000e+00, 0.0000e+00, 
*/mnt/lustre/mathdugre/fast-interpolate/datasets/ds004513/derivatives/flint/antsRegistration/r7-p14/sub-s020/Stage1_level1_Iter0010.nii.gz
2DIAGNOSTIC,    10, -9.129330369066e-02, 3.623962402344e-04, 0.0000e+00, 0.0000e+00, 
*/mnt/lustre/mathdugre/fast-interpolate/datasets/ds004513/derivatives/flint/antsRegistration/r7-p14/sub-s020/Stage1_level1_Iter0011.nii.gz
2DIAGNOSTIC,    11, -9.136815744648e-02, 9.155273437500e-05, 0.0000e+00, 0.0000e+00, 
DIAGNOSTIC,Iteration,metricValue,convergenceValue,ITERATION_TIME_INDEX,SINCE_LAST
*/mnt/lustre/mathdugre/fast-interpolate/datasets/ds004513/derivatives/flint/antsRegistration/r7-p14/sub-s020/Stage1_level2_Iter0001.nii.gz
2DIAGNOSTIC,     1, -6.792159214581e-02, 1.797693134862e+308, 0.0000e+00, 0.0000e+00, 
*/mnt/lustre/mathdugre/fast-interpolate/datasets/ds004513/derivatives/flint/antsRegistration/r7-p14/sub-s020/Stage1_level2_Iter0002.nii.gz
2DIAGNOSTIC,     2, -6.804512998557e-02, 1.797693134862e+308, 0.0000e+00, 0.0000e+00, 
*/mnt/lustre/mathdugre/fast-interpolate/datasets/ds004513/derivatives/flint/antsRegistration/r7-p14/sub-s020/Stage1_level2_Iter0003.nii.gz
2DIAGNOSTIC,     3, -6.821555971169e-02, 1.797693134862e+308, 0.0000e+00, 0.0000e+00, 
*/mnt/lustre/mathdugre/fast-interpolate/datasets/ds004513/derivatives/flint/antsRegistration/r7-p14/sub-s020/Stage1_level2_Iter0004.nii.gz
2DIAGNOSTIC,     4, -6.823392926121e-02, 1.797693134862e+308, 0.0000e+00, 0.0000e+00, 
*/mnt/lustre/mathdugre/fast-interpolate/datasets/ds004513/derivatives/flint/antsRegistration/r7-p14/sub-s020/Stage1_level2_Iter0005.nii.gz
2DIAGNOSTIC,     5, -6.822877150069e-02, 1.797693134862e+308, 0.0000e+00, 0.0000e+00, 
*/mnt/lustre/mathdugre/fast-interpolate/datasets/ds004513/derivatives/flint/antsRegistration/r7-p14/sub-s020/Stage1_level2_Iter0006.nii.gz
2DIAGNOSTIC,     6, -6.822412526506e-02, 1.797693134862e+308, 0.0000e+00, 0.0000e+00, 
*/mnt/lustre/mathdugre/fast-interpolate/datasets/ds004513/derivatives/flint/antsRegistration/r7-p14/sub-s020/Stage1_level2_Iter0007.nii.gz
2DIAGNOSTIC,     7, -6.821981150395e-02, 1.797693134862e+308, 0.0000e+00, 0.0000e+00, 
*/mnt/lustre/mathdugre/fast-interpolate/datasets/ds004513/derivatives/flint/antsRegistration/r7-p14/sub-s020/Stage1_level2_Iter0008.nii.gz
2DIAGNOSTIC,     8, -6.822360536140e-02, 1.797693134862e+308, 0.0000e+00, 0.0000e+00, 
*/mnt/lustre/mathdugre/fast-interpolate/datasets/ds004513/derivatives/flint/antsRegistration/r7-p14/sub-s020/Stage1_level2_Iter0009.nii.gz
2DIAGNOSTIC,     9, -6.822543781259e-02, 1.797693134862e+308, 0.0000e+00, 0.0000e+00, 
*/mnt/lustre/mathdugre/fast-interpolate/datasets/ds004513/derivatives/flint/antsRegistration/r7-p14/sub-s020/Stage1_level2_Iter0010.nii.gz
2DIAGNOSTIC,    10, -6.822675147319e-02, 1.945495605469e-04, 0.0000e+00, 0.0000e+00, 
*/mnt/lustre/mathdugre/fast-interpolate/datasets/ds004513/derivatives/flint/antsRegistration/r7-p14/sub-s020/Stage1_level2_Iter0011.nii.gz
2DIAGNOSTIC,    11, -6.824676727557e-02, 8.010864257812e-05, 0.0000e+00, 0.0000e+00, 
*/mnt/lustre/mathdugre/fast-interpolate/datasets/ds004513/derivatives/flint/antsRegistration/r7-p14/sub-s020/Stage1_level2_Iter0012.nii.gz
2DIAGNOSTIC,    12, -6.823375342326e-02, 1.144409179688e-05, 0.0000e+00, 0.0000e+00, 
*/mnt/lustre/mathdugre/fast-interpolate/datasets/ds004513/derivatives/flint/antsRegistration/r7-p14/sub-s020/Stage1_level2_Iter0013.nii.gz
2DIAGNOSTIC,    13, -6.824683727826e-02, 1.144409179688e-05, 0.0000e+00, 0.0000e+00, 
*/mnt/lustre/mathdugre/fast-interpolate/datasets/ds004513/derivatives/flint/antsRegistration/r7-p14/sub-s020/Stage1_level2_Iter0014.nii.gz
2DIAGNOSTIC,    14, -6.824346664799e-02, 1.525878906250e-05, 0.0000e+00, 0.0000e+00, 
*/mnt/lustre/mathdugre/fast-interpolate/datasets/ds004513/derivatives/flint/antsRegistration/r7-p14/sub-s020/Stage1_level2_Iter0015.nii.gz
2DIAGNOSTIC,    15, -6.824507600499e-02, 1.525878906250e-05, 0.0000e+00, 0.0000e+00, 
*/mnt/lustre/mathdugre/fast-interpolate/datasets/ds004513/derivatives/flint/antsRegistration/r7-p14/sub-s020/Stage1_level2_Iter0016.nii.gz
2DIAGNOSTIC,    16, -6.824659283477e-02, 1.525878906250e-05, 0.0000e+00, 0.0000e+00, 
*/mnt/lustre/mathdugre/fast-interpolate/datasets/ds004513/derivatives/flint/antsRegistration/r7-p14/sub-s020/Stage1_level2_Iter0017.nii.gz
2DIAGNOSTIC,    17, -6.825376456391e-02, 1.525878906250e-05, 0.0000e+00, 0.0000e+00, 
*/mnt/lustre/mathdugre/fast-interpolate/datasets/ds004513/derivatives/flint/antsRegistration/r7-p14/sub-s020/Stage1_level2_Iter0018.nii.gz
2DIAGNOSTIC,    18, -6.830392669255e-02, 2.288818359375e-05, 0.0000e+00, 0.0000e+00, 
*/mnt/lustre/mathdugre/fast-interpolate/datasets/ds004513/derivatives/flint/antsRegistration/r7-p14/sub-s020/Stage1_level2_Iter0019.nii.gz
2DIAGNOSTIC,    19, -6.835839477763e-02, 4.196166992188e-05, 0.0000e+00, 0.0000e+00, 
*/mnt/lustre/mathdugre/fast-interpolate/datasets/ds004513/derivatives/flint/antsRegistration/r7-p14/sub-s020/Stage1_level2_Iter0020.nii.gz
2DIAGNOSTIC,    20, -6.834632581239e-02, 5.722045898438e-05, 0.0000e+00, 0.0000e+00, 
*/mnt/lustre/mathdugre/fast-interpolate/datasets/ds004513/derivatives/flint/antsRegistration/r7-p14/sub-s020/Stage1_level2_Iter0021.nii.gz
2DIAGNOSTIC,    21, -6.834341331161e-02, 5.722045898438e-05, 0.0000e+00, 0.0000e+00, 
*/mnt/lustre/mathdugre/fast-interpolate/datasets/ds004513/derivatives/flint/antsRegistration/r7-p14/sub-s020/Stage1_level2_Iter0022.nii.gz
2DIAGNOSTIC,    22, -6.835132676806e-02, 5.912780761719e-05, 0.0000e+00, 0.0000e+00, 
*/mnt/lustre/mathdugre/fast-interpolate/datasets/ds004513/derivatives/flint/antsRegistration/r7-p14/sub-s020/Stage1_level2_Iter0023.nii.gz
2DIAGNOSTIC,    23, -6.835194709029e-02, 5.531311035156e-05, 0.0000e+00, 0.0000e+00, 
*/mnt/lustre/mathdugre/fast-interpolate/datasets/ds004513/derivatives/flint/antsRegistration/r7-p14/sub-s020/Stage1_level2_Iter0024.nii.gz
2DIAGNOSTIC,    24, -6.835254915157e-02, 4.577636718750e-05, 0.0000e+00, 0.0000e+00, 
*/mnt/lustre/mathdugre/fast-interpolate/datasets/ds004513/derivatives/flint/antsRegistration/r7-p14/sub-s020/Stage1_level2_Iter0025.nii.gz
2DIAGNOSTIC,    25, -6.834611623021e-02, 3.242492675781e-05, 0.0000e+00, 0.0000e+00, 
*/mnt/lustre/mathdugre/fast-interpolate/datasets/ds004513/derivatives/flint/antsRegistration/r7-p14/sub-s020/Stage1_level2_Iter0026.nii.gz
2DIAGNOSTIC,    26, -6.833739483997e-02, 1.525878906250e-05, 0.0000e+00, 0.0000e+00, 
*/mnt/lustre/mathdugre/fast-interpolate/datasets/ds004513/derivatives/flint/antsRegistration/r7-p14/sub-s020/Stage1_level2_Iter0027.nii.gz
2DIAGNOSTIC,    27, -6.834891049148e-02, 3.814697265625e-06, 0.0000e+00, 0.0000e+00, 
DIAGNOSTIC,Iteration,metricValue,convergenceValue,ITERATION_TIME_INDEX,SINCE_LAST
*/mnt/lustre/mathdugre/fast-interpolate/datasets/ds004513/derivatives/flint/antsRegistration/r7-p14/sub-s020/Stage1_level3_Iter0001.nii.gz
2DIAGNOSTIC,     1, -5.841815957800e-02, 1.797693134862e+308, 0.0000e+00, 0.0000e+00, 
*/mnt/lustre/mathdugre/fast-interpolate/datasets/ds004513/derivatives/flint/antsRegistration/r7-p14/sub-s020/Stage1_level3_Iter0002.nii.gz
2DIAGNOSTIC,     2, -5.855659885450e-02, 1.797693134862e+308, 0.0000e+00, 0.0000e+00, 
*/mnt/lustre/mathdugre/fast-interpolate/datasets/ds004513/derivatives/flint/antsRegistration/r7-p14/sub-s020/Stage1_level3_Iter0003.nii.gz
2DIAGNOSTIC,     3, -5.885894450295e-02, 1.797693134862e+308, 0.0000e+00, 0.0000e+00, 
*/mnt/lustre/mathdugre/fast-interpolate/datasets/ds004513/derivatives/flint/antsRegistration/r7-p14/sub-s020/Stage1_level3_Iter0004.nii.gz
2DIAGNOSTIC,     4, -5.962850553010e-02, 1.797693134862e+308, 0.0000e+00, 0.0000e+00, 
*/mnt/lustre/mathdugre/fast-interpolate/datasets/ds004513/derivatives/flint/antsRegistration/r7-p14/sub-s020/Stage1_level3_Iter0005.nii.gz
2DIAGNOSTIC,     5, -6.035295763552e-02, 1.797693134862e+308, 0.0000e+00, 0.0000e+00, 
*/mnt/lustre/mathdugre/fast-interpolate/datasets/ds004513/derivatives/flint/antsRegistration/r7-p14/sub-s020/Stage1_level3_Iter0006.nii.gz
2DIAGNOSTIC,     6, -6.426706059855e-02, 1.797693134862e+308, 0.0000e+00, 0.0000e+00, 
*/mnt/lustre/mathdugre/fast-interpolate/datasets/ds004513/derivatives/flint/antsRegistration/r7-p14/sub-s020/Stage1_level3_Iter0007.nii.gz
2DIAGNOSTIC,     7, -6.602540253430e-02, 1.797693134862e+308, 0.0000e+00, 0.0000e+00, 
*/mnt/lustre/mathdugre/fast-interpolate/datasets/ds004513/derivatives/flint/antsRegistration/r7-p14/sub-s020/Stage1_level3_Iter0008.nii.gz
2DIAGNOSTIC,     8, -7.430362100448e-02, 1.797693134862e+308, 0.0000e+00, 0.0000e+00, 
*/mnt/lustre/mathdugre/fast-interpolate/datasets/ds004513/derivatives/flint/antsRegistration/r7-p14/sub-s020/Stage1_level3_Iter0009.nii.gz
2DIAGNOSTIC,     9, -7.426749409305e-02, 1.797693134862e+308, 0.0000e+00, 0.0000e+00, 
*/mnt/lustre/mathdugre/fast-interpolate/datasets/ds004513/derivatives/flint/antsRegistration/r7-p14/sub-s020/Stage1_level3_Iter0010.nii.gz
2DIAGNOSTIC,    10, -7.428966407029e-02, 1.929855346680e-02, 0.0000e+00, 0.0000e+00, 
*/mnt/lustre/mathdugre/fast-interpolate/datasets/ds004513/derivatives/flint/antsRegistration/r7-p14/sub-s020/Stage1_level3_Iter0011.nii.gz
2DIAGNOSTIC,    11, -7.426658441774e-02, 1.817703247070e-02, 0.0000e+00, 0.0000e+00, 
*/mnt/lustre/mathdugre/fast-interpolate/datasets/ds004513/derivatives/flint/antsRegistration/r7-p14/sub-s020/Stage1_level3_Iter0012.nii.gz
2DIAGNOSTIC,    12, -7.427535180574e-02, 1.569366455078e-02, 0.0000e+00, 0.0000e+00, 
*/mnt/lustre/mathdugre/fast-interpolate/datasets/ds004513/derivatives/flint/antsRegistration/r7-p14/sub-s020/Stage1_level3_Iter0013.nii.gz
2DIAGNOSTIC,    13, -7.428559490593e-02, 1.228713989258e-02, 0.0000e+00, 0.0000e+00, 
*/mnt/lustre/mathdugre/fast-interpolate/datasets/ds004513/derivatives/flint/antsRegistration/r7-p14/sub-s020/Stage1_level3_Iter0014.nii.gz
2DIAGNOSTIC,    14, -7.427291655187e-02, 8.548736572266e-03, 0.0000e+00, 0.0000e+00, 
*/mnt/lustre/mathdugre/fast-interpolate/datasets/ds004513/derivatives/flint/antsRegistration/r7-p14/sub-s020/Stage1_level3_Iter0015.nii.gz
2DIAGNOSTIC,    15, -7.426440420959e-02, 4.787445068359e-03, 0.0000e+00, 0.0000e+00, 
*/mnt/lustre/mathdugre/fast-interpolate/datasets/ds004513/derivatives/flint/antsRegistration/r7-p14/sub-s020/Stage1_level3_Iter0016.nii.gz
2DIAGNOSTIC,    16, -7.427334819565e-02, 2.136230468750e-03, 0.0000e+00, 0.0000e+00, 
DIAGNOSTIC,Iteration,metricValue,convergenceValue,ITERATION_TIME_INDEX,SINCE_LAST
*/mnt/lustre/mathdugre/fast-interpolate/datasets/ds004513/derivatives/flint/antsRegistration/r7-p14/sub-s020/Stage1_level4_Iter0001.nii.gz
2DIAGNOSTIC,     1, -6.998154413449e-02, 1.797693134862e+308, 0.0000e+00, 0.0000e+00, 
*/mnt/lustre/mathdugre/fast-interpolate/datasets/ds004513/derivatives/flint/antsRegistration/r7-p14/sub-s020/Stage1_level4_Iter0002.nii.gz
2DIAGNOSTIC,     2, -6.998149576897e-02, 1.797693134862e+308, 0.0000e+00, 0.0000e+00, 
*/mnt/lustre/mathdugre/fast-interpolate/datasets/ds004513/derivatives/flint/antsRegistration/r7-p14/sub-s020/Stage1_level4_Iter0003.nii.gz
2DIAGNOSTIC,     3, -6.999821713215e-02, 1.797693134862e+308, 0.0000e+00, 0.0000e+00, 
*/mnt/lustre/mathdugre/fast-interpolate/datasets/ds004513/derivatives/flint/antsRegistration/r7-p14/sub-s020/Stage1_level4_Iter0004.nii.gz
2DIAGNOSTIC,     4, -7.000558266145e-02, 1.797693134862e+308, 0.0000e+00, 0.0000e+00, 
*/mnt/lustre/mathdugre/fast-interpolate/datasets/ds004513/derivatives/flint/antsRegistration/r7-p14/sub-s020/Stage1_level4_Iter0005.nii.gz
2DIAGNOSTIC,     5, -7.001467892029e-02, 1.797693134862e+308, 0.0000e+00, 0.0000e+00, 
*/mnt/lustre/mathdugre/fast-interpolate/datasets/ds004513/derivatives/flint/antsRegistration/r7-p14/sub-s020/Stage1_level4_Iter0006.nii.gz
2DIAGNOSTIC,     6, -7.000844696371e-02, 1.797693134862e+308, 0.0000e+00, 0.0000e+00, 
*/mnt/lustre/mathdugre/fast-interpolate/datasets/ds004513/derivatives/flint/antsRegistration/r7-p14/sub-s020/Stage1_level4_Iter0007.nii.gz
2DIAGNOSTIC,     7, -7.000530125712e-02, 1.797693134862e+308, 0.0000e+00, 0.0000e+00, 
*/mnt/lustre/mathdugre/fast-interpolate/datasets/ds004513/derivatives/flint/antsRegistration/r7-p14/sub-s020/Stage1_level4_Iter0008.nii.gz
2DIAGNOSTIC,     8, -6.998602128051e-02, 1.797693134862e+308, 0.0000e+00, 0.0000e+00, 
*/mnt/lustre/mathdugre/fast-interpolate/datasets/ds004513/derivatives/flint/antsRegistration/r7-p14/sub-s020/Stage1_level4_Iter0009.nii.gz
2DIAGNOSTIC,     9, -7.002072172271e-02, 1.797693134862e+308, 0.0000e+00, 0.0000e+00, 
*/mnt/lustre/mathdugre/fast-interpolate/datasets/ds004513/derivatives/flint/antsRegistration/r7-p14/sub-s020/Stage1_level4_Iter0010.nii.gz
2DIAGNOSTIC,    10, -7.001917434686e-02, 3.051757812500e-05, 0.0000e+00, 0.0000e+00, 
*/mnt/lustre/mathdugre/fast-interpolate/datasets/ds004513/derivatives/flint/antsRegistration/r7-p14/sub-s020/Stage1_level4_Iter0011.nii.gz
2DIAGNOSTIC,    11, -7.001907397361e-02, 2.670288085938e-05, 0.0000e+00, 0.0000e+00, 
*/mnt/lustre/mathdugre/fast-interpolate/datasets/ds004513/derivatives/flint/antsRegistration/r7-p14/sub-s020/Stage1_level4_Iter0012.nii.gz
2DIAGNOSTIC,    12, -6.999784667100e-02, 7.629394531250e-06, 0.0000e+00, 0.0000e+00, 
*/mnt/lustre/mathdugre/fast-interpolate/datasets/ds004513/derivatives/flint/antsRegistration/r7-p14/sub-s020/Stage1_level4_Iter0013.nii.gz
2DIAGNOSTIC,    13, -7.003381774301e-02, 3.814697265625e-06, 0.0000e+00, 0.0000e+00, 
*/mnt/lustre/mathdugre/fast-interpolate/datasets/ds004513/derivatives/flint/antsRegistration/r7-p14/sub-s020/Stage1_level4_Iter0014.nii.gz
2DIAGNOSTIC,    14, -7.001801582064e-02, 1.144409179688e-05, 0.0000e+00, 0.0000e+00, 
*/mnt/lustre/mathdugre/fast-interpolate/datasets/ds004513/derivatives/flint/antsRegistration/r7-p14/sub-s020/Stage1_level4_Iter0015.nii.gz
2DIAGNOSTIC,    15, -7.003694215229e-02, 1.525878906250e-05, 0.0000e+00, 0.0000e+00, 
*/mnt/lustre/mathdugre/fast-interpolate/datasets/ds004513/derivatives/flint/antsRegistration/r7-p14/sub-s020/Stage1_level4_Iter0016.nii.gz
2DIAGNOSTIC,    16, -7.004286193825e-02, 2.288818359375e-05, 0.0000e+00, 0.0000e+00, 
*/mnt/lustre/mathdugre/fast-interpolate/datasets/ds004513/derivatives/flint/antsRegistration/r7-p14/sub-s020/Stage1_level4_Iter0017.nii.gz
2DIAGNOSTIC,    17, -7.004072332078e-02, 2.288818359375e-05, 0.0000e+00, 0.0000e+00, 
*/mnt/lustre/mathdugre/fast-interpolate/datasets/ds004513/derivatives/flint/antsRegistration/r7-p14/sub-s020/Stage1_level4_Iter0018.nii.gz
2DIAGNOSTIC,    18, -7.004626106066e-02, 1.716613769531e-05, 0.0000e+00, 0.0000e+00, 
*/mnt/lustre/mathdugre/fast-interpolate/datasets/ds004513/derivatives/flint/antsRegistration/r7-p14/sub-s020/Stage1_level4_Iter0019.nii.gz
2DIAGNOSTIC,    19, -7.004183000926e-02, 1.525878906250e-05, 0.0000e+00, 0.0000e+00, 
*/mnt/lustre/mathdugre/fast-interpolate/datasets/ds004513/derivatives/flint/antsRegistration/r7-p14/sub-s020/Stage1_level4_Iter0020.nii.gz
2DIAGNOSTIC,    20, -7.004336478475e-02, 1.907348632812e-05, 0.0000e+00, 0.0000e+00, 
*/mnt/lustre/mathdugre/fast-interpolate/datasets/ds004513/derivatives/flint/antsRegistration/r7-p14/sub-s020/Stage1_level4_Iter0021.nii.gz
2DIAGNOSTIC,    21, -7.001411653628e-02, 9.536743164062e-06, 0.0000e+00, 0.0000e+00, 
  Elapsed time (stage 0): 0.0000e+00


Stage 1
  iterations = 1000x500x250x100
  convergence threshold = 1.0000e-06
  convergence window size = 10
  number of levels = 4
  using the Mattes MI metric (number of bins = 32, weight = 1.0000e+00, use gradient filter = 0)
  preprocessing:  winsorizing the image intensities
  Shrink factors (level 1 out of 4): [8, 8, 8]
  Shrink factors (level 2 out of 4): [4, 4, 4]
  Shrink factors (level 3 out of 4): [2, 2, 2]
  Shrink factors (level 4 out of 4): [1, 1, 1]
  smoothing sigmas per level: [3, 2, 1, 0]
  regular sampling (percentage = 2.5000e-01)

*** Running AffineTransform registration ***

DIAGNOSTIC,Iteration,metricValue,convergenceValue,ITERATION_TIME_INDEX,SINCE_LAST
*/mnt/lustre/mathdugre/fast-interpolate/datasets/ds004513/derivatives/flint/antsRegistration/r7-p14/sub-s020/Stage2_level1_Iter0001.nii.gz
2DIAGNOSTIC,     1, -9.874845036781e-02, 1.797693134862e+308, 0.0000e+00, 0.0000e+00, 
*/mnt/lustre/mathdugre/fast-interpolate/datasets/ds004513/derivatives/flint/antsRegistration/r7-p14/sub-s020/Stage2_level1_Iter0002.nii.gz
2DIAGNOSTIC,     2, -9.894833466883e-02, 1.797693134862e+308, 0.0000e+00, 0.0000e+00, 
*/mnt/lustre/mathdugre/fast-interpolate/datasets/ds004513/derivatives/flint/antsRegistration/r7-p14/sub-s020/Stage2_level1_Iter0003.nii.gz
2DIAGNOSTIC,     3, -9.898512356616e-02, 1.797693134862e+308, 0.0000e+00, 0.0000e+00, 
*/mnt/lustre/mathdugre/fast-interpolate/datasets/ds004513/derivatives/flint/antsRegistration/r7-p14/sub-s020/Stage2_level1_Iter0004.nii.gz
2DIAGNOSTIC,     4, -9.923593816097e-02, 1.797693134862e+308, 0.0000e+00, 0.0000e+00, 
*/mnt/lustre/mathdugre/fast-interpolate/datasets/ds004513/derivatives/flint/antsRegistration/r7-p14/sub-s020/Stage2_level1_Iter0005.nii.gz
2DIAGNOSTIC,     5, -9.947555181885e-02, 1.797693134862e+308, 0.0000e+00, 0.0000e+00, 
*/mnt/lustre/mathdugre/fast-interpolate/datasets/ds004513/derivatives/flint/antsRegistration/r7-p14/sub-s020/Stage2_level1_Iter0006.nii.gz
2DIAGNOSTIC,     6, -9.974438540685e-02, 1.797693134862e+308, 0.0000e+00, 0.0000e+00, 
*/mnt/lustre/mathdugre/fast-interpolate/datasets/ds004513/derivatives/flint/antsRegistration/r7-p14/sub-s020/Stage2_level1_Iter0007.nii.gz
2DIAGNOSTIC,     7, -1.001433488396e-01, 1.797693134862e+308, 0.0000e+00, 0.0000e+00, 
*/mnt/lustre/mathdugre/fast-interpolate/datasets/ds004513/derivatives/flint/antsRegistration/r7-p14/sub-s020/Stage2_level1_Iter0008.nii.gz
2DIAGNOSTIC,     8, -1.003617279727e-01, 1.797693134862e+308, 0.0000e+00, 0.0000e+00, 
*/mnt/lustre/mathdugre/fast-interpolate/datasets/ds004513/derivatives/flint/antsRegistration/r7-p14/sub-s020/Stage2_level1_Iter0009.nii.gz
2DIAGNOSTIC,     9, -1.004528101748e-01, 1.797693134862e+308, 0.0000e+00, 0.0000e+00, 
*/mnt/lustre/mathdugre/fast-interpolate/datasets/ds004513/derivatives/flint/antsRegistration/r7-p14/sub-s020/Stage2_level1_Iter0010.nii.gz
2DIAGNOSTIC,    10, -1.005111066213e-01, 1.281738281250e-03, 0.0000e+00, 0.0000e+00, 
*/mnt/lustre/mathdugre/fast-interpolate/datasets/ds004513/derivatives/flint/antsRegistration/r7-p14/sub-s020/Stage2_level1_Iter0011.nii.gz
2DIAGNOSTIC,    11, -1.008194153813e-01, 1.174926757812e-03, 0.0000e+00, 0.0000e+00, 
*/mnt/lustre/mathdugre/fast-interpolate/datasets/ds004513/derivatives/flint/antsRegistration/r7-p14/sub-s020/Stage2_level1_Iter0012.nii.gz
2DIAGNOSTIC,    12, -1.009423665685e-01, 1.056671142578e-03, 0.0000e+00, 0.0000e+00, 
*/mnt/lustre/mathdugre/fast-interpolate/datasets/ds004513/derivatives/flint/antsRegistration/r7-p14/sub-s020/Stage2_level1_Iter0013.nii.gz
2DIAGNOSTIC,    13, -1.008882882907e-01, 8.506774902344e-04, 0.0000e+00, 0.0000e+00, 
*/mnt/lustre/mathdugre/fast-interpolate/datasets/ds004513/derivatives/flint/antsRegistration/r7-p14/sub-s020/Stage2_level1_Iter0014.nii.gz
2DIAGNOSTIC,    14, -1.008013991262e-01, 6.294250488281e-04, 0.0000e+00, 0.0000e+00, 
*/mnt/lustre/mathdugre/fast-interpolate/datasets/ds004513/derivatives/flint/antsRegistration/r7-p14/sub-s020/Stage2_level1_Iter0015.nii.gz
2DIAGNOSTIC,    15, -1.007747281881e-01, 4.234313964844e-04, 0.0000e+00, 0.0000e+00, 
*/mnt/lustre/mathdugre/fast-interpolate/datasets/ds004513/derivatives/flint/antsRegistration/r7-p14/sub-s020/Stage2_level1_Iter0016.nii.gz
2DIAGNOSTIC,    16, -1.007900446209e-01, 2.555847167969e-04, 0.0000e+00, 0.0000e+00, 
*/mnt/lustre/mathdugre/fast-interpolate/datasets/ds004513/derivatives/flint/antsRegistration/r7-p14/sub-s020/Stage2_level1_Iter0017.nii.gz
2DIAGNOSTIC,    17, -1.005961100568e-01, 1.144409179688e-04, 0.0000e+00, 0.0000e+00, 
*/mnt/lustre/mathdugre/fast-interpolate/datasets/ds004513/derivatives/flint/antsRegistration/r7-p14/sub-s020/Stage2_level1_Iter0018.nii.gz
2DIAGNOSTIC,    18, -1.006163058814e-01, 1.907348632812e-05, 0.0000e+00, 0.0000e+00, 
DIAGNOSTIC,Iteration,metricValue,convergenceValue,ITERATION_TIME_INDEX,SINCE_LAST
*/mnt/lustre/mathdugre/fast-interpolate/datasets/ds004513/derivatives/flint/antsRegistration/r7-p14/sub-s020/Stage2_level2_Iter0001.nii.gz
2DIAGNOSTIC,     1, -8.208283672118e-02, 1.797693134862e+308, 0.0000e+00, 0.0000e+00, 
*/mnt/lustre/mathdugre/fast-interpolate/datasets/ds004513/derivatives/flint/antsRegistration/r7-p14/sub-s020/Stage2_level2_Iter0002.nii.gz
2DIAGNOSTIC,     2, -8.219590492206e-02, 1.797693134862e+308, 0.0000e+00, 0.0000e+00, 
*/mnt/lustre/mathdugre/fast-interpolate/datasets/ds004513/derivatives/flint/antsRegistration/r7-p14/sub-s020/Stage2_level2_Iter0003.nii.gz
2DIAGNOSTIC,     3, -8.214952757843e-02, 1.797693134862e+308, 0.0000e+00, 0.0000e+00, 
*/mnt/lustre/mathdugre/fast-interpolate/datasets/ds004513/derivatives/flint/antsRegistration/r7-p14/sub-s020/Stage2_level2_Iter0004.nii.gz
2DIAGNOSTIC,     4, -8.218133226122e-02, 1.797693134862e+308, 0.0000e+00, 0.0000e+00, 
*/mnt/lustre/mathdugre/fast-interpolate/datasets/ds004513/derivatives/flint/antsRegistration/r7-p14/sub-s020/Stage2_level2_Iter0005.nii.gz
2DIAGNOSTIC,     5, -8.217386245060e-02, 1.797693134862e+308, 0.0000e+00, 0.0000e+00, 
*/mnt/lustre/mathdugre/fast-interpolate/datasets/ds004513/derivatives/flint/antsRegistration/r7-p14/sub-s020/Stage2_level2_Iter0006.nii.gz
2DIAGNOSTIC,     6, -8.214469521393e-02, 1.797693134862e+308, 0.0000e+00, 0.0000e+00, 
*/mnt/lustre/mathdugre/fast-interpolate/datasets/ds004513/derivatives/flint/antsRegistration/r7-p14/sub-s020/Stage2_level2_Iter0007.nii.gz
2DIAGNOSTIC,     7, -8.214153579008e-02, 1.797693134862e+308, 0.0000e+00, 0.0000e+00, 
*/mnt/lustre/mathdugre/fast-interpolate/datasets/ds004513/derivatives/flint/antsRegistration/r7-p14/sub-s020/Stage2_level2_Iter0008.nii.gz
2DIAGNOSTIC,     8, -8.214544376960e-02, 1.797693134862e+308, 0.0000e+00, 0.0000e+00, 
*/mnt/lustre/mathdugre/fast-interpolate/datasets/ds004513/derivatives/flint/antsRegistration/r7-p14/sub-s020/Stage2_level2_Iter0009.nii.gz
2DIAGNOSTIC,     9, -8.214731801389e-02, 1.797693134862e+308, 0.0000e+00, 0.0000e+00, 
DIAGNOSTIC,Iteration,metricValue,convergenceValue,ITERATION_TIME_INDEX,SINCE_LAST
*/mnt/lustre/mathdugre/fast-interpolate/datasets/ds004513/derivatives/flint/antsRegistration/r7-p14/sub-s020/Stage2_level3_Iter0001.nii.gz
2DIAGNOSTIC,     1, -7.455523471289e-02, 1.797693134862e+308, 0.0000e+00, 0.0000e+00, 
*/mnt/lustre/mathdugre/fast-interpolate/datasets/ds004513/derivatives/flint/antsRegistration/r7-p14/sub-s020/Stage2_level3_Iter0002.nii.gz
2DIAGNOSTIC,     2, -7.457546022049e-02, 1.797693134862e+308, 0.0000e+00, 0.0000e+00, 
*/mnt/lustre/mathdugre/fast-interpolate/datasets/ds004513/derivatives/flint/antsRegistration/r7-p14/sub-s020/Stage2_level3_Iter0003.nii.gz
2DIAGNOSTIC,     3, -7.456767805085e-02, 1.797693134862e+308, 0.0000e+00, 0.0000e+00, 
*/mnt/lustre/mathdugre/fast-interpolate/datasets/ds004513/derivatives/flint/antsRegistration/r7-p14/sub-s020/Stage2_level3_Iter0004.nii.gz
2DIAGNOSTIC,     4, -7.455354735198e-02, 1.797693134862e+308, 0.0000e+00, 0.0000e+00, 
*/mnt/lustre/mathdugre/fast-interpolate/datasets/ds004513/derivatives/flint/antsRegistration/r7-p14/sub-s020/Stage2_level3_Iter0005.nii.gz
2DIAGNOSTIC,     5, -7.458387460969e-02, 1.797693134862e+308, 0.0000e+00, 0.0000e+00, 
*/mnt/lustre/mathdugre/fast-interpolate/datasets/ds004513/derivatives/flint/antsRegistration/r7-p14/sub-s020/Stage2_level3_Iter0006.nii.gz
2DIAGNOSTIC,     6, -7.455230853782e-02, 1.797693134862e+308, 0.0000e+00, 0.0000e+00, 
*/mnt/lustre/mathdugre/fast-interpolate/datasets/ds004513/derivatives/flint/antsRegistration/r7-p14/sub-s020/Stage2_level3_Iter0007.nii.gz
2DIAGNOSTIC,     7, -7.455527496040e-02, 1.797693134862e+308, 0.0000e+00, 0.0000e+00, 
*/mnt/lustre/mathdugre/fast-interpolate/datasets/ds004513/derivatives/flint/antsRegistration/r7-p14/sub-s020/Stage2_level3_Iter0008.nii.gz
2DIAGNOSTIC,     8, -7.454633636175e-02, 1.797693134862e+308, 0.0000e+00, 0.0000e+00, 
*/mnt/lustre/mathdugre/fast-interpolate/datasets/ds004513/derivatives/flint/antsRegistration/r7-p14/sub-s020/Stage2_level3_Iter0009.nii.gz
2DIAGNOSTIC,     9, -7.453847069319e-02, 1.797693134862e+308, 0.0000e+00, 0.0000e+00, 
DIAGNOSTIC,Iteration,metricValue,convergenceValue,ITERATION_TIME_INDEX,SINCE_LAST
*/mnt/lustre/mathdugre/fast-interpolate/datasets/ds004513/derivatives/flint/antsRegistration/r7-p14/sub-s020/Stage2_level4_Iter0001.nii.gz
2DIAGNOSTIC,     1, -7.049333210357e-02, 1.797693134862e+308, 0.0000e+00, 0.0000e+00, 
*/mnt/lustre/mathdugre/fast-interpolate/datasets/ds004513/derivatives/flint/antsRegistration/r7-p14/sub-s020/Stage2_level4_Iter0002.nii.gz
2DIAGNOSTIC,     2, -7.043906428187e-02, 1.797693134862e+308, 0.0000e+00, 0.0000e+00, 
*/mnt/lustre/mathdugre/fast-interpolate/datasets/ds004513/derivatives/flint/antsRegistration/r7-p14/sub-s020/Stage2_level4_Iter0003.nii.gz
2DIAGNOSTIC,     3, -7.045050793710e-02, 1.797693134862e+308, 0.0000e+00, 0.0000e+00, 
*/mnt/lustre/mathdugre/fast-interpolate/datasets/ds004513/derivatives/flint/antsRegistration/r7-p14/sub-s020/Stage2_level4_Iter0004.nii.gz
2DIAGNOSTIC,     4, -7.043569758017e-02, 1.797693134862e+308, 0.0000e+00, 0.0000e+00, 
*/mnt/lustre/mathdugre/fast-interpolate/datasets/ds004513/derivatives/flint/antsRegistration/r7-p14/sub-s020/Stage2_level4_Iter0005.nii.gz
2DIAGNOSTIC,     5, -7.041830907219e-02, 1.797693134862e+308, 0.0000e+00, 0.0000e+00, 
*/mnt/lustre/mathdugre/fast-interpolate/datasets/ds004513/derivatives/flint/antsRegistration/r7-p14/sub-s020/Stage2_level4_Iter0006.nii.gz
2DIAGNOSTIC,     6, -7.042656583457e-02, 1.797693134862e+308, 0.0000e+00, 0.0000e+00, 
*/mnt/lustre/mathdugre/fast-interpolate/datasets/ds004513/derivatives/flint/antsRegistration/r7-p14/sub-s020/Stage2_level4_Iter0007.nii.gz
2DIAGNOSTIC,     7, -7.043103512075e-02, 1.797693134862e+308, 0.0000e+00, 0.0000e+00, 
*/mnt/lustre/mathdugre/fast-interpolate/datasets/ds004513/derivatives/flint/antsRegistration/r7-p14/sub-s020/Stage2_level4_Iter0008.nii.gz
2DIAGNOSTIC,     8, -7.042957933729e-02, 1.797693134862e+308, 0.0000e+00, 0.0000e+00, 
*/mnt/lustre/mathdugre/fast-interpolate/datasets/ds004513/derivatives/flint/antsRegistration/r7-p14/sub-s020/Stage2_level4_Iter0009.nii.gz
2DIAGNOSTIC,     9, -7.042806162384e-02, 1.797693134862e+308, 0.0000e+00, 0.0000e+00, 
  Elapsed time (stage 1): 0.0000e+00


Stage 2
  iterations = 100x70x50x20
  convergence threshold = 1.0000e-06
  convergence window size = 10
  number of levels = 4
  using the CC metric (radius = 4, weight = 1.0000e+00, use gradient filter = 0)
  preprocessing:  winsorizing the image intensities
  Shrink factors (level 1 out of 4): [8, 8, 8]
  Shrink factors (level 2 out of 4): [4, 4, 4]
  Shrink factors (level 3 out of 4): [2, 2, 2]
  Shrink factors (level 4 out of 4): [1, 1, 1]
  smoothing sigmas per level: [3, 2, 1, 0]
  Using default NONE metricSamplingStrategy 

*** Running SyN registration (varianceForUpdateField = 3.0000e+00, varianceForTotalField = 0.0000e+00) ***

XXDIAGNOSTIC,Iteration,metricValue,convergenceValue,ITERATION_TIME_INDEX,SINCE_LAST
*/mnt/lustre/mathdugre/fast-interpolate/datasets/ds004513/derivatives/flint/antsRegistration/r7-p14/sub-s020/Stage3_level1_Iter0001.nii.gz
1DIAGNOSTIC,     1, -5.631408691406e-01, 1.797693134862e+308, 0.0000e+00, 0.0000e+00, 
*/mnt/lustre/mathdugre/fast-interpolate/datasets/ds004513/derivatives/flint/antsRegistration/r7-p14/sub-s020/Stage3_level1_Iter0002.nii.gz
1DIAGNOSTIC,     2, -5.638427734375e-01, 1.797693134862e+308, 0.0000e+00, 0.0000e+00, 
*/mnt/lustre/mathdugre/fast-interpolate/datasets/ds004513/derivatives/flint/antsRegistration/r7-p14/sub-s020/Stage3_level1_Iter0003.nii.gz
1DIAGNOSTIC,     3, -5.645446777344e-01, 1.797693134862e+308, 0.0000e+00, 0.0000e+00, 
*/mnt/lustre/mathdugre/fast-interpolate/datasets/ds004513/derivatives/flint/antsRegistration/r7-p14/sub-s020/Stage3_level1_Iter0004.nii.gz
1DIAGNOSTIC,     4, -5.653076171875e-01, 1.797693134862e+308, 0.0000e+00, 0.0000e+00, 
*/mnt/lustre/mathdugre/fast-interpolate/datasets/ds004513/derivatives/flint/antsRegistration/r7-p14/sub-s020/Stage3_level1_Iter0005.nii.gz
1DIAGNOSTIC,     5, -5.665283203125e-01, 1.797693134862e+308, 0.0000e+00, 0.0000e+00, 
*/mnt/lustre/mathdugre/fast-interpolate/datasets/ds004513/derivatives/flint/antsRegistration/r7-p14/sub-s020/Stage3_level1_Iter0006.nii.gz
1DIAGNOSTIC,     6, -5.671691894531e-01, 1.797693134862e+308, 0.0000e+00, 0.0000e+00, 
*/mnt/lustre/mathdugre/fast-interpolate/datasets/ds004513/derivatives/flint/antsRegistration/r7-p14/sub-s020/Stage3_level1_Iter0007.nii.gz
1DIAGNOSTIC,     7, -5.677490234375e-01, 1.797693134862e+308, 0.0000e+00, 0.0000e+00, 
*/mnt/lustre/mathdugre/fast-interpolate/datasets/ds004513/derivatives/flint/antsRegistration/r7-p14/sub-s020/Stage3_level1_Iter0008.nii.gz
1DIAGNOSTIC,     8, -5.682373046875e-01, 1.797693134862e+308, 0.0000e+00, 0.0000e+00, 
*/mnt/lustre/mathdugre/fast-interpolate/datasets/ds004513/derivatives/flint/antsRegistration/r7-p14/sub-s020/Stage3_level1_Iter0009.nii.gz
1DIAGNOSTIC,     9, -5.687561035156e-01, 1.797693134862e+308, 0.0000e+00, 0.0000e+00, 
*/mnt/lustre/mathdugre/fast-interpolate/datasets/ds004513/derivatives/flint/antsRegistration/r7-p14/sub-s020/Stage3_level1_Iter0010.nii.gz
1DIAGNOSTIC,    10, -5.691833496094e-01, 7.171630859375e-04, 0.0000e+00, 0.0000e+00, 
*/mnt/lustre/mathdugre/fast-interpolate/datasets/ds004513/derivatives/flint/antsRegistration/r7-p14/sub-s020/Stage3_level1_Iter0011.nii.gz
1DIAGNOSTIC,    11, -5.693969726562e-01, 5.912780761719e-04, 0.0000e+00, 0.0000e+00, 
*/mnt/lustre/mathdugre/fast-interpolate/datasets/ds004513/derivatives/flint/antsRegistration/r7-p14/sub-s020/Stage3_level1_Iter0012.nii.gz
1DIAGNOSTIC,    12, -5.697326660156e-01, 4.806518554688e-04, 0.0000e+00, 0.0000e+00, 
*/mnt/lustre/mathdugre/fast-interpolate/datasets/ds004513/derivatives/flint/antsRegistration/r7-p14/sub-s020/Stage3_level1_Iter0013.nii.gz
1DIAGNOSTIC,    13, -5.699462890625e-01, 3.776550292969e-04, 0.0000e+00, 0.0000e+00, 
*/mnt/lustre/mathdugre/fast-interpolate/datasets/ds004513/derivatives/flint/antsRegistration/r7-p14/sub-s020/Stage3_level1_Iter0014.nii.gz
1DIAGNOSTIC,    14, -5.701293945312e-01, 2.861022949219e-04, 0.0000e+00, 0.0000e+00, 
*/mnt/lustre/mathdugre/fast-interpolate/datasets/ds004513/derivatives/flint/antsRegistration/r7-p14/sub-s020/Stage3_level1_Iter0015.nii.gz
1DIAGNOSTIC,    15, -5.702514648438e-01, 2.250671386719e-04, 0.0000e+00, 0.0000e+00, 
*/mnt/lustre/mathdugre/fast-interpolate/datasets/ds004513/derivatives/flint/antsRegistration/r7-p14/sub-s020/Stage3_level1_Iter0016.nii.gz
1DIAGNOSTIC,    16, -5.704650878906e-01, 1.831054687500e-04, 0.0000e+00, 0.0000e+00, 
*/mnt/lustre/mathdugre/fast-interpolate/datasets/ds004513/derivatives/flint/antsRegistration/r7-p14/sub-s020/Stage3_level1_Iter0017.nii.gz
1DIAGNOSTIC,    17, -5.709228515625e-01, 1.564025878906e-04, 0.0000e+00, 0.0000e+00, 
*/mnt/lustre/mathdugre/fast-interpolate/datasets/ds004513/derivatives/flint/antsRegistration/r7-p14/sub-s020/Stage3_level1_Iter0018.nii.gz
1DIAGNOSTIC,    18, -5.712585449219e-01, 1.354217529297e-04, 0.0000e+00, 0.0000e+00, 
*/mnt/lustre/mathdugre/fast-interpolate/datasets/ds004513/derivatives/flint/antsRegistration/r7-p14/sub-s020/Stage3_level1_Iter0019.nii.gz
1DIAGNOSTIC,    19, -5.715026855469e-01, 1.335144042969e-04, 0.0000e+00, 0.0000e+00, 
*/mnt/lustre/mathdugre/fast-interpolate/datasets/ds004513/derivatives/flint/antsRegistration/r7-p14/sub-s020/Stage3_level1_Iter0020.nii.gz
1DIAGNOSTIC,    20, -5.716247558594e-01, 1.277923583984e-04, 0.0000e+00, 0.0000e+00, 
*/mnt/lustre/mathdugre/fast-interpolate/datasets/ds004513/derivatives/flint/antsRegistration/r7-p14/sub-s020/Stage3_level1_Iter0021.nii.gz
1DIAGNOSTIC,    21, -5.717163085938e-01, 1.182556152344e-04, 0.0000e+00, 0.0000e+00, 
*/mnt/lustre/mathdugre/fast-interpolate/datasets/ds004513/derivatives/flint/antsRegistration/r7-p14/sub-s020/Stage3_level1_Iter0022.nii.gz
1DIAGNOSTIC,    22, -5.718688964844e-01, 1.087188720703e-04, 0.0000e+00, 0.0000e+00, 
*/mnt/lustre/mathdugre/fast-interpolate/datasets/ds004513/derivatives/flint/antsRegistration/r7-p14/sub-s020/Stage3_level1_Iter0023.nii.gz
1DIAGNOSTIC,    23, -5.720214843750e-01, 1.010894775391e-04, 0.0000e+00, 0.0000e+00, 
*/mnt/lustre/mathdugre/fast-interpolate/datasets/ds004513/derivatives/flint/antsRegistration/r7-p14/sub-s020/Stage3_level1_Iter0024.nii.gz
1DIAGNOSTIC,    24, -5.720520019531e-01, 8.392333984375e-05, 0.0000e+00, 0.0000e+00, 
*/mnt/lustre/mathdugre/fast-interpolate/datasets/ds004513/derivatives/flint/antsRegistration/r7-p14/sub-s020/Stage3_level1_Iter0025.nii.gz
1DIAGNOSTIC,    25, -5.722045898438e-01, 6.866455078125e-05, 0.0000e+00, 0.0000e+00, 
*/mnt/lustre/mathdugre/fast-interpolate/datasets/ds004513/derivatives/flint/antsRegistration/r7-p14/sub-s020/Stage3_level1_Iter0026.nii.gz
1DIAGNOSTIC,    26, -5.723571777344e-01, 5.722045898438e-05, 0.0000e+00, 0.0000e+00, 
*/mnt/lustre/mathdugre/fast-interpolate/datasets/ds004513/derivatives/flint/antsRegistration/r7-p14/sub-s020/Stage3_level1_Iter0027.nii.gz
1DIAGNOSTIC,    27, -5.723571777344e-01, 4.577636718750e-05, 0.0000e+00, 0.0000e+00, 
*/mnt/lustre/mathdugre/fast-interpolate/datasets/ds004513/derivatives/flint/antsRegistration/r7-p14/sub-s020/Stage3_level1_Iter0028.nii.gz
1DIAGNOSTIC,    28, -5.724487304688e-01, 3.814697265625e-05, 0.0000e+00, 0.0000e+00, 
*/mnt/lustre/mathdugre/fast-interpolate/datasets/ds004513/derivatives/flint/antsRegistration/r7-p14/sub-s020/Stage3_level1_Iter0029.nii.gz
1DIAGNOSTIC,    29, -5.725097656250e-01, 3.433227539062e-05, 0.0000e+00, 0.0000e+00, 
*/mnt/lustre/mathdugre/fast-interpolate/datasets/ds004513/derivatives/flint/antsRegistration/r7-p14/sub-s020/Stage3_level1_Iter0030.nii.gz
1DIAGNOSTIC,    30, -5.724792480469e-01, 3.051757812500e-05, 0.0000e+00, 0.0000e+00, 
*/mnt/lustre/mathdugre/fast-interpolate/datasets/ds004513/derivatives/flint/antsRegistration/r7-p14/sub-s020/Stage3_level1_Iter0031.nii.gz
1DIAGNOSTIC,    31, -5.725708007812e-01, 2.479553222656e-05, 0.0000e+00, 0.0000e+00, 
*/mnt/lustre/mathdugre/fast-interpolate/datasets/ds004513/derivatives/flint/antsRegistration/r7-p14/sub-s020/Stage3_level1_Iter0032.nii.gz
1DIAGNOSTIC,    32, -5.726013183594e-01, 2.288818359375e-05, 0.0000e+00, 0.0000e+00, 
*/mnt/lustre/mathdugre/fast-interpolate/datasets/ds004513/derivatives/flint/antsRegistration/r7-p14/sub-s020/Stage3_level1_Iter0033.nii.gz
1DIAGNOSTIC,    33, -5.726928710938e-01, 1.907348632812e-05, 0.0000e+00, 0.0000e+00, 
*/mnt/lustre/mathdugre/fast-interpolate/datasets/ds004513/derivatives/flint/antsRegistration/r7-p14/sub-s020/Stage3_level1_Iter0034.nii.gz
1DIAGNOSTIC,    34, -5.728454589844e-01, 1.716613769531e-05, 0.0000e+00, 0.0000e+00, 
*/mnt/lustre/mathdugre/fast-interpolate/datasets/ds004513/derivatives/flint/antsRegistration/r7-p14/sub-s020/Stage3_level1_Iter0035.nii.gz
1DIAGNOSTIC,    35, -5.731506347656e-01, 2.002716064453e-05, 0.0000e+00, 0.0000e+00, 
*/mnt/lustre/mathdugre/fast-interpolate/datasets/ds004513/derivatives/flint/antsRegistration/r7-p14/sub-s020/Stage3_level1_Iter0036.nii.gz
1DIAGNOSTIC,    36, -5.731201171875e-01, 2.288818359375e-05, 0.0000e+00, 0.0000e+00, 
*/mnt/lustre/mathdugre/fast-interpolate/datasets/ds004513/derivatives/flint/antsRegistration/r7-p14/sub-s020/Stage3_level1_Iter0037.nii.gz
1DIAGNOSTIC,    37, -5.731201171875e-01, 2.384185791016e-05, 0.0000e+00, 0.0000e+00, 
*/mnt/lustre/mathdugre/fast-interpolate/datasets/ds004513/derivatives/flint/antsRegistration/r7-p14/sub-s020/Stage3_level1_Iter0038.nii.gz
1DIAGNOSTIC,    38, -5.731201171875e-01, 2.384185791016e-05, 0.0000e+00, 0.0000e+00, 
*/mnt/lustre/mathdugre/fast-interpolate/datasets/ds004513/derivatives/flint/antsRegistration/r7-p14/sub-s020/Stage3_level1_Iter0039.nii.gz
1DIAGNOSTIC,    39, -5.730590820312e-01, 2.288818359375e-05, 0.0000e+00, 0.0000e+00, 
*/mnt/lustre/mathdugre/fast-interpolate/datasets/ds004513/derivatives/flint/antsRegistration/r7-p14/sub-s020/Stage3_level1_Iter0040.nii.gz
1DIAGNOSTIC,    40, -5.731201171875e-01, 1.716613769531e-05, 0.0000e+00, 0.0000e+00, 
*/mnt/lustre/mathdugre/fast-interpolate/datasets/ds004513/derivatives/flint/antsRegistration/r7-p14/sub-s020/Stage3_level1_Iter0041.nii.gz
1DIAGNOSTIC,    41, -5.730895996094e-01, 1.335144042969e-05, 0.0000e+00, 0.0000e+00, 
*/mnt/lustre/mathdugre/fast-interpolate/datasets/ds004513/derivatives/flint/antsRegistration/r7-p14/sub-s020/Stage3_level1_Iter0042.nii.gz
1DIAGNOSTIC,    42, -5.729064941406e-01, 3.814697265625e-06, 0.0000e+00, 0.0000e+00, 
*/mnt/lustre/mathdugre/fast-interpolate/datasets/ds004513/derivatives/flint/antsRegistration/r7-p14/sub-s020/Stage3_level1_Iter0043.nii.gz
1DIAGNOSTIC,    43, -5.727844238281e-01, -3.814697265625e-06, 0.0000e+00, 0.0000e+00, 
XXDIAGNOSTIC,Iteration,metricValue,convergenceValue,ITERATION_TIME_INDEX,SINCE_LAST
*/mnt/lustre/mathdugre/fast-interpolate/datasets/ds004513/derivatives/flint/antsRegistration/r7-p14/sub-s020/Stage3_level2_Iter0001.nii.gz
1DIAGNOSTIC,     1, -7.940368652344e-01, 1.797693134862e+308, 0.0000e+00, 0.0000e+00, 
*/mnt/lustre/mathdugre/fast-interpolate/datasets/ds004513/derivatives/flint/antsRegistration/r7-p14/sub-s020/Stage3_level2_Iter0002.nii.gz
1DIAGNOSTIC,     2, -7.942504882812e-01, 1.797693134862e+308, 0.0000e+00, 0.0000e+00, 
*/mnt/lustre/mathdugre/fast-interpolate/datasets/ds004513/derivatives/flint/antsRegistration/r7-p14/sub-s020/Stage3_level2_Iter0003.nii.gz
1DIAGNOSTIC,     3, -7.944335937500e-01, 1.797693134862e+308, 0.0000e+00, 0.0000e+00, 
*/mnt/lustre/mathdugre/fast-interpolate/datasets/ds004513/derivatives/flint/antsRegistration/r7-p14/sub-s020/Stage3_level2_Iter0004.nii.gz
1DIAGNOSTIC,     4, -7.946166992188e-01, 1.797693134862e+308, 0.0000e+00, 0.0000e+00, 
*/mnt/lustre/mathdugre/fast-interpolate/datasets/ds004513/derivatives/flint/antsRegistration/r7-p14/sub-s020/Stage3_level2_Iter0005.nii.gz
1DIAGNOSTIC,     5, -7.947998046875e-01, 1.797693134862e+308, 0.0000e+00, 0.0000e+00, 
*/mnt/lustre/mathdugre/fast-interpolate/datasets/ds004513/derivatives/flint/antsRegistration/r7-p14/sub-s020/Stage3_level2_Iter0006.nii.gz
1DIAGNOSTIC,     6, -7.949523925781e-01, 1.797693134862e+308, 0.0000e+00, 0.0000e+00, 
*/mnt/lustre/mathdugre/fast-interpolate/datasets/ds004513/derivatives/flint/antsRegistration/r7-p14/sub-s020/Stage3_level2_Iter0007.nii.gz
1DIAGNOSTIC,     7, -7.950744628906e-01, 1.797693134862e+308, 0.0000e+00, 0.0000e+00, 
*/mnt/lustre/mathdugre/fast-interpolate/datasets/ds004513/derivatives/flint/antsRegistration/r7-p14/sub-s020/Stage3_level2_Iter0008.nii.gz
1DIAGNOSTIC,     8, -7.951965332031e-01, 1.797693134862e+308, 0.0000e+00, 0.0000e+00, 
*/mnt/lustre/mathdugre/fast-interpolate/datasets/ds004513/derivatives/flint/antsRegistration/r7-p14/sub-s020/Stage3_level2_Iter0009.nii.gz
1DIAGNOSTIC,     9, -7.952880859375e-01, 1.797693134862e+308, 0.0000e+00, 0.0000e+00, 
*/mnt/lustre/mathdugre/fast-interpolate/datasets/ds004513/derivatives/flint/antsRegistration/r7-p14/sub-s020/Stage3_level2_Iter0010.nii.gz
1DIAGNOSTIC,    10, -7.954101562500e-01, 1.182556152344e-04, 0.0000e+00, 0.0000e+00, 
*/mnt/lustre/mathdugre/fast-interpolate/datasets/ds004513/derivatives/flint/antsRegistration/r7-p14/sub-s020/Stage3_level2_Iter0011.nii.gz
1DIAGNOSTIC,    11, -7.954711914062e-01, 9.536743164062e-05, 0.0000e+00, 0.0000e+00, 
*/mnt/lustre/mathdugre/fast-interpolate/datasets/ds004513/derivatives/flint/antsRegistration/r7-p14/sub-s020/Stage3_level2_Iter0012.nii.gz
1DIAGNOSTIC,    12, -7.955627441406e-01, 7.629394531250e-05, 0.0000e+00, 0.0000e+00, 
*/mnt/lustre/mathdugre/fast-interpolate/datasets/ds004513/derivatives/flint/antsRegistration/r7-p14/sub-s020/Stage3_level2_Iter0013.nii.gz
1DIAGNOSTIC,    13, -7.956542968750e-01, 5.340576171875e-05, 0.0000e+00, 0.0000e+00, 
*/mnt/lustre/mathdugre/fast-interpolate/datasets/ds004513/derivatives/flint/antsRegistration/r7-p14/sub-s020/Stage3_level2_Iter0014.nii.gz
1DIAGNOSTIC,    14, -7.957458496094e-01, 5.722045898438e-05, 0.0000e+00, 0.0000e+00, 
*/mnt/lustre/mathdugre/fast-interpolate/datasets/ds004513/derivatives/flint/antsRegistration/r7-p14/sub-s020/Stage3_level2_Iter0015.nii.gz
1DIAGNOSTIC,    15, -7.958068847656e-01, 4.196166992188e-05, 0.0000e+00, 0.0000e+00, 
*/mnt/lustre/mathdugre/fast-interpolate/datasets/ds004513/derivatives/flint/antsRegistration/r7-p14/sub-s020/Stage3_level2_Iter0016.nii.gz
1DIAGNOSTIC,    16, -7.958984375000e-01, 3.433227539062e-05, 0.0000e+00, 0.0000e+00, 
*/mnt/lustre/mathdugre/fast-interpolate/datasets/ds004513/derivatives/flint/antsRegistration/r7-p14/sub-s020/Stage3_level2_Iter0017.nii.gz
1DIAGNOSTIC,    17, -7.959594726562e-01, 3.623962402344e-05, 0.0000e+00, 0.0000e+00, 
*/mnt/lustre/mathdugre/fast-interpolate/datasets/ds004513/derivatives/flint/antsRegistration/r7-p14/sub-s020/Stage3_level2_Iter0018.nii.gz
1DIAGNOSTIC,    18, -7.960205078125e-01, 3.623962402344e-05, 0.0000e+00, 0.0000e+00, 
*/mnt/lustre/mathdugre/fast-interpolate/datasets/ds004513/derivatives/flint/antsRegistration/r7-p14/sub-s020/Stage3_level2_Iter0019.nii.gz
1DIAGNOSTIC,    19, -7.961120605469e-01, 2.861022949219e-05, 0.0000e+00, 0.0000e+00, 
*/mnt/lustre/mathdugre/fast-interpolate/datasets/ds004513/derivatives/flint/antsRegistration/r7-p14/sub-s020/Stage3_level2_Iter0020.nii.gz
1DIAGNOSTIC,    20, -7.961730957031e-01, 3.051757812500e-05, 0.0000e+00, 0.0000e+00, 
*/mnt/lustre/mathdugre/fast-interpolate/datasets/ds004513/derivatives/flint/antsRegistration/r7-p14/sub-s020/Stage3_level2_Iter0021.nii.gz
1DIAGNOSTIC,    21, -7.962646484375e-01, 2.670288085938e-05, 0.0000e+00, 0.0000e+00, 
*/mnt/lustre/mathdugre/fast-interpolate/datasets/ds004513/derivatives/flint/antsRegistration/r7-p14/sub-s020/Stage3_level2_Iter0022.nii.gz
1DIAGNOSTIC,    22, -7.962951660156e-01, 2.288818359375e-05, 0.0000e+00, 0.0000e+00, 
*/mnt/lustre/mathdugre/fast-interpolate/datasets/ds004513/derivatives/flint/antsRegistration/r7-p14/sub-s020/Stage3_level2_Iter0023.nii.gz
1DIAGNOSTIC,    23, -7.963562011719e-01, 2.098083496094e-05, 0.0000e+00, 0.0000e+00, 
*/mnt/lustre/mathdugre/fast-interpolate/datasets/ds004513/derivatives/flint/antsRegistration/r7-p14/sub-s020/Stage3_level2_Iter0024.nii.gz
1DIAGNOSTIC,    24, -7.963867187500e-01, 2.098083496094e-05, 0.0000e+00, 0.0000e+00, 
*/mnt/lustre/mathdugre/fast-interpolate/datasets/ds004513/derivatives/flint/antsRegistration/r7-p14/sub-s020/Stage3_level2_Iter0025.nii.gz
1DIAGNOSTIC,    25, -7.964172363281e-01, 1.525878906250e-05, 0.0000e+00, 0.0000e+00, 
*/mnt/lustre/mathdugre/fast-interpolate/datasets/ds004513/derivatives/flint/antsRegistration/r7-p14/sub-s020/Stage3_level2_Iter0026.nii.gz
1DIAGNOSTIC,    26, -7.964477539062e-01, 1.335144042969e-05, 0.0000e+00, 0.0000e+00, 
*/mnt/lustre/mathdugre/fast-interpolate/datasets/ds004513/derivatives/flint/antsRegistration/r7-p14/sub-s020/Stage3_level2_Iter0027.nii.gz
1DIAGNOSTIC,    27, -7.964782714844e-01, 1.144409179688e-05, 0.0000e+00, 0.0000e+00, 
*/mnt/lustre/mathdugre/fast-interpolate/datasets/ds004513/derivatives/flint/antsRegistration/r7-p14/sub-s020/Stage3_level2_Iter0028.nii.gz
1DIAGNOSTIC,    28, -7.964782714844e-01, 9.536743164062e-06, 0.0000e+00, 0.0000e+00, 
*/mnt/lustre/mathdugre/fast-interpolate/datasets/ds004513/derivatives/flint/antsRegistration/r7-p14/sub-s020/Stage3_level2_Iter0029.nii.gz
1DIAGNOSTIC,    29, -7.965087890625e-01, 5.722045898438e-06, 0.0000e+00, 0.0000e+00, 
*/mnt/lustre/mathdugre/fast-interpolate/datasets/ds004513/derivatives/flint/antsRegistration/r7-p14/sub-s020/Stage3_level2_Iter0030.nii.gz
1DIAGNOSTIC,    30, -7.965087890625e-01, 7.629394531250e-06, 0.0000e+00, 0.0000e+00, 
*/mnt/lustre/mathdugre/fast-interpolate/datasets/ds004513/derivatives/flint/antsRegistration/r7-p14/sub-s020/Stage3_level2_Iter0031.nii.gz
1DIAGNOSTIC,    31, -7.965393066406e-01, 5.722045898438e-06, 0.0000e+00, 0.0000e+00, 
*/mnt/lustre/mathdugre/fast-interpolate/datasets/ds004513/derivatives/flint/antsRegistration/r7-p14/sub-s020/Stage3_level2_Iter0032.nii.gz
1DIAGNOSTIC,    32, -7.965698242188e-01, 3.814697265625e-06, 0.0000e+00, 0.0000e+00, 
*/mnt/lustre/mathdugre/fast-interpolate/datasets/ds004513/derivatives/flint/antsRegistration/r7-p14/sub-s020/Stage3_level2_Iter0033.nii.gz
1DIAGNOSTIC,    33, -7.966003417969e-01, 3.814697265625e-06, 0.0000e+00, 0.0000e+00, 
*/mnt/lustre/mathdugre/fast-interpolate/datasets/ds004513/derivatives/flint/antsRegistration/r7-p14/sub-s020/Stage3_level2_Iter0034.nii.gz
1DIAGNOSTIC,    34, -7.966003417969e-01, 4.768371582031e-06, 0.0000e+00, 0.0000e+00, 
*/mnt/lustre/mathdugre/fast-interpolate/datasets/ds004513/derivatives/flint/antsRegistration/r7-p14/sub-s020/Stage3_level2_Iter0035.nii.gz
1DIAGNOSTIC,    35, -7.966003417969e-01, 3.814697265625e-06, 0.0000e+00, 0.0000e+00, 
*/mnt/lustre/mathdugre/fast-interpolate/datasets/ds004513/derivatives/flint/antsRegistration/r7-p14/sub-s020/Stage3_level2_Iter0036.nii.gz
1DIAGNOSTIC,    36, -7.966308593750e-01, 4.768371582031e-06, 0.0000e+00, 0.0000e+00, 
*/mnt/lustre/mathdugre/fast-interpolate/datasets/ds004513/derivatives/flint/antsRegistration/r7-p14/sub-s020/Stage3_level2_Iter0037.nii.gz
1DIAGNOSTIC,    37, -7.966613769531e-01, 1.907348632812e-06, 0.0000e+00, 0.0000e+00, 
*/mnt/lustre/mathdugre/fast-interpolate/datasets/ds004513/derivatives/flint/antsRegistration/r7-p14/sub-s020/Stage3_level2_Iter0038.nii.gz
1DIAGNOSTIC,    38, -7.966918945312e-01, 3.814697265625e-06, 0.0000e+00, 0.0000e+00, 
*/mnt/lustre/mathdugre/fast-interpolate/datasets/ds004513/derivatives/flint/antsRegistration/r7-p14/sub-s020/Stage3_level2_Iter0039.nii.gz
1DIAGNOSTIC,    39, -7.966918945312e-01, 9.536743164062e-07, 0.0000e+00, 0.0000e+00, 
XXDIAGNOSTIC,Iteration,metricValue,convergenceValue,ITERATION_TIME_INDEX,SINCE_LAST
*/mnt/lustre/mathdugre/fast-interpolate/datasets/ds004513/derivatives/flint/antsRegistration/r7-p14/sub-s020/Stage3_level3_Iter0001.nii.gz
1DIAGNOSTIC,     1, -9.268798828125e-01, 1.797693134862e+308, 0.0000e+00, 0.0000e+00, 
*/mnt/lustre/mathdugre/fast-interpolate/datasets/ds004513/derivatives/flint/antsRegistration/r7-p14/sub-s020/Stage3_level3_Iter0002.nii.gz
1DIAGNOSTIC,     2, -9.269714355469e-01, 1.797693134862e+308, 0.0000e+00, 0.0000e+00, 
*/mnt/lustre/mathdugre/fast-interpolate/datasets/ds004513/derivatives/flint/antsRegistration/r7-p14/sub-s020/Stage3_level3_Iter0003.nii.gz
1DIAGNOSTIC,     3, -9.270935058594e-01, 1.797693134862e+308, 0.0000e+00, 0.0000e+00, 
*/mnt/lustre/mathdugre/fast-interpolate/datasets/ds004513/derivatives/flint/antsRegistration/r7-p14/sub-s020/Stage3_level3_Iter0004.nii.gz
1DIAGNOSTIC,     4, -9.271850585938e-01, 1.797693134862e+308, 0.0000e+00, 0.0000e+00, 
*/mnt/lustre/mathdugre/fast-interpolate/datasets/ds004513/derivatives/flint/antsRegistration/r7-p14/sub-s020/Stage3_level3_Iter0005.nii.gz
1DIAGNOSTIC,     5, -9.272766113281e-01, 1.797693134862e+308, 0.0000e+00, 0.0000e+00, 
*/mnt/lustre/mathdugre/fast-interpolate/datasets/ds004513/derivatives/flint/antsRegistration/r7-p14/sub-s020/Stage3_level3_Iter0006.nii.gz
1DIAGNOSTIC,     6, -9.273681640625e-01, 1.797693134862e+308, 0.0000e+00, 0.0000e+00, 
*/mnt/lustre/mathdugre/fast-interpolate/datasets/ds004513/derivatives/flint/antsRegistration/r7-p14/sub-s020/Stage3_level3_Iter0007.nii.gz
1DIAGNOSTIC,     7, -9.274597167969e-01, 1.797693134862e+308, 0.0000e+00, 0.0000e+00, 
*/mnt/lustre/mathdugre/fast-interpolate/datasets/ds004513/derivatives/flint/antsRegistration/r7-p14/sub-s020/Stage3_level3_Iter0008.nii.gz
1DIAGNOSTIC,     8, -9.275207519531e-01, 1.797693134862e+308, 0.0000e+00, 0.0000e+00, 
*/mnt/lustre/mathdugre/fast-interpolate/datasets/ds004513/derivatives/flint/antsRegistration/r7-p14/sub-s020/Stage3_level3_Iter0009.nii.gz
1DIAGNOSTIC,     9, -9.275817871094e-01, 1.797693134862e+308, 0.0000e+00, 0.0000e+00, 
*/mnt/lustre/mathdugre/fast-interpolate/datasets/ds004513/derivatives/flint/antsRegistration/r7-p14/sub-s020/Stage3_level3_Iter0010.nii.gz
1DIAGNOSTIC,    10, -9.276428222656e-01, 5.340576171875e-05, 0.0000e+00, 0.0000e+00, 
*/mnt/lustre/mathdugre/fast-interpolate/datasets/ds004513/derivatives/flint/antsRegistration/r7-p14/sub-s020/Stage3_level3_Iter0011.nii.gz
1DIAGNOSTIC,    11, -9.277038574219e-01, 4.959106445312e-05, 0.0000e+00, 0.0000e+00, 
*/mnt/lustre/mathdugre/fast-interpolate/datasets/ds004513/derivatives/flint/antsRegistration/r7-p14/sub-s020/Stage3_level3_Iter0012.nii.gz
1DIAGNOSTIC,    12, -9.277648925781e-01, 4.196166992188e-05, 0.0000e+00, 0.0000e+00, 
*/mnt/lustre/mathdugre/fast-interpolate/datasets/ds004513/derivatives/flint/antsRegistration/r7-p14/sub-s020/Stage3_level3_Iter0013.nii.gz
1DIAGNOSTIC,    13, -9.277954101562e-01, 2.670288085938e-05, 0.0000e+00, 0.0000e+00, 
*/mnt/lustre/mathdugre/fast-interpolate/datasets/ds004513/derivatives/flint/antsRegistration/r7-p14/sub-s020/Stage3_level3_Iter0014.nii.gz
1DIAGNOSTIC,    14, -9.278564453125e-01, 2.288818359375e-05, 0.0000e+00, 0.0000e+00, 
*/mnt/lustre/mathdugre/fast-interpolate/datasets/ds004513/derivatives/flint/antsRegistration/r7-p14/sub-s020/Stage3_level3_Iter0015.nii.gz
1DIAGNOSTIC,    15, -9.278869628906e-01, 1.907348632812e-05, 0.0000e+00, 0.0000e+00, 
*/mnt/lustre/mathdugre/fast-interpolate/datasets/ds004513/derivatives/flint/antsRegistration/r7-p14/sub-s020/Stage3_level3_Iter0016.nii.gz
1DIAGNOSTIC,    16, -9.279174804688e-01, 1.907348632812e-05, 0.0000e+00, 0.0000e+00, 
*/mnt/lustre/mathdugre/fast-interpolate/datasets/ds004513/derivatives/flint/antsRegistration/r7-p14/sub-s020/Stage3_level3_Iter0017.nii.gz
1DIAGNOSTIC,    17, -9.279785156250e-01, 2.098083496094e-05, 0.0000e+00, 0.0000e+00, 
*/mnt/lustre/mathdugre/fast-interpolate/datasets/ds004513/derivatives/flint/antsRegistration/r7-p14/sub-s020/Stage3_level3_Iter0018.nii.gz
1DIAGNOSTIC,    18, -9.280090332031e-01, 1.716613769531e-05, 0.0000e+00, 0.0000e+00, 
*/mnt/lustre/mathdugre/fast-interpolate/datasets/ds004513/derivatives/flint/antsRegistration/r7-p14/sub-s020/Stage3_level3_Iter0019.nii.gz
1DIAGNOSTIC,    19, -9.280090332031e-01, 1.144409179688e-05, 0.0000e+00, 0.0000e+00, 
*/mnt/lustre/mathdugre/fast-interpolate/datasets/ds004513/derivatives/flint/antsRegistration/r7-p14/sub-s020/Stage3_level3_Iter0020.nii.gz
1DIAGNOSTIC,    20, -9.280395507812e-01, 1.335144042969e-05, 0.0000e+00, 0.0000e+00, 
*/mnt/lustre/mathdugre/fast-interpolate/datasets/ds004513/derivatives/flint/antsRegistration/r7-p14/sub-s020/Stage3_level3_Iter0021.nii.gz
1DIAGNOSTIC,    21, -9.280700683594e-01, 9.536743164062e-06, 0.0000e+00, 0.0000e+00, 
*/mnt/lustre/mathdugre/fast-interpolate/datasets/ds004513/derivatives/flint/antsRegistration/r7-p14/sub-s020/Stage3_level3_Iter0022.nii.gz
1DIAGNOSTIC,    22, -9.281005859375e-01, 9.536743164062e-06, 0.0000e+00, 0.0000e+00, 
*/mnt/lustre/mathdugre/fast-interpolate/datasets/ds004513/derivatives/flint/antsRegistration/r7-p14/sub-s020/Stage3_level3_Iter0023.nii.gz
1DIAGNOSTIC,    23, -9.281311035156e-01, 7.629394531250e-06, 0.0000e+00, 0.0000e+00, 
*/mnt/lustre/mathdugre/fast-interpolate/datasets/ds004513/derivatives/flint/antsRegistration/r7-p14/sub-s020/Stage3_level3_Iter0024.nii.gz
1DIAGNOSTIC,    24, -9.281311035156e-01, 5.722045898438e-06, 0.0000e+00, 0.0000e+00, 
*/mnt/lustre/mathdugre/fast-interpolate/datasets/ds004513/derivatives/flint/antsRegistration/r7-p14/sub-s020/Stage3_level3_Iter0025.nii.gz
1DIAGNOSTIC,    25, -9.281616210938e-01, 5.722045898438e-06, 0.0000e+00, 0.0000e+00, 
*/mnt/lustre/mathdugre/fast-interpolate/datasets/ds004513/derivatives/flint/antsRegistration/r7-p14/sub-s020/Stage3_level3_Iter0026.nii.gz
1DIAGNOSTIC,    26, -9.281921386719e-01, 5.722045898438e-06, 0.0000e+00, 0.0000e+00, 
*/mnt/lustre/mathdugre/fast-interpolate/datasets/ds004513/derivatives/flint/antsRegistration/r7-p14/sub-s020/Stage3_level3_Iter0027.nii.gz
1DIAGNOSTIC,    27, -9.281921386719e-01, 7.629394531250e-06, 0.0000e+00, 0.0000e+00, 
*/mnt/lustre/mathdugre/fast-interpolate/datasets/ds004513/derivatives/flint/antsRegistration/r7-p14/sub-s020/Stage3_level3_Iter0028.nii.gz
1DIAGNOSTIC,    28, -9.282226562500e-01, 5.722045898438e-06, 0.0000e+00, 0.0000e+00, 
*/mnt/lustre/mathdugre/fast-interpolate/datasets/ds004513/derivatives/flint/antsRegistration/r7-p14/sub-s020/Stage3_level3_Iter0029.nii.gz
1DIAGNOSTIC,    29, -9.282226562500e-01, -0.000000000000e+00, 0.0000e+00, 0.0000e+00, 
XXDIAGNOSTIC,Iteration,metricValue,convergenceValue,ITERATION_TIME_INDEX,SINCE_LAST
*/mnt/lustre/mathdugre/fast-interpolate/datasets/ds004513/derivatives/flint/antsRegistration/r7-p14/sub-s020/Stage3_level4_Iter0001.nii.gz
1DIAGNOSTIC,     1, -9.866943359375e-01, 1.797693134862e+308, 0.0000e+00, 0.0000e+00, 
*/mnt/lustre/mathdugre/fast-interpolate/datasets/ds004513/derivatives/flint/antsRegistration/r7-p14/sub-s020/Stage3_level4_Iter0002.nii.gz
1DIAGNOSTIC,     2, -9.867248535156e-01, 1.797693134862e+308, 0.0000e+00, 0.0000e+00, 
*/mnt/lustre/mathdugre/fast-interpolate/datasets/ds004513/derivatives/flint/antsRegistration/r7-p14/sub-s020/Stage3_level4_Iter0003.nii.gz
1DIAGNOSTIC,     3, -9.867553710938e-01, 1.797693134862e+308, 0.0000e+00, 0.0000e+00, 
*/mnt/lustre/mathdugre/fast-interpolate/datasets/ds004513/derivatives/flint/antsRegistration/r7-p14/sub-s020/Stage3_level4_Iter0004.nii.gz
1DIAGNOSTIC,     4, -9.867858886719e-01, 1.797693134862e+308, 6.5536e+04, 6.5536e+04, 
*/mnt/lustre/mathdugre/fast-interpolate/datasets/ds004513/derivatives/flint/antsRegistration/r7-p14/sub-s020/Stage3_level4_Iter0005.nii.gz
1DIAGNOSTIC,     5, -9.868164062500e-01, 1.797693134862e+308, 6.5536e+04, 0.0000e+00, 
*/mnt/lustre/mathdugre/fast-interpolate/datasets/ds004513/derivatives/flint/antsRegistration/r7-p14/sub-s020/Stage3_level4_Iter0006.nii.gz
1DIAGNOSTIC,     6, -9.868164062500e-01, 1.797693134862e+308, 6.5536e+04, 0.0000e+00, 
*/mnt/lustre/mathdugre/fast-interpolate/datasets/ds004513/derivatives/flint/antsRegistration/r7-p14/sub-s020/Stage3_level4_Iter0007.nii.gz
1DIAGNOSTIC,     7, -9.868469238281e-01, 1.797693134862e+308, 6.5536e+04, 0.0000e+00, 
*/mnt/lustre/mathdugre/fast-interpolate/datasets/ds004513/derivatives/flint/antsRegistration/r7-p14/sub-s020/Stage3_level4_Iter0008.nii.gz
1DIAGNOSTIC,     8, -9.868469238281e-01, 1.797693134862e+308, 6.5536e+04, 0.0000e+00, 
*/mnt/lustre/mathdugre/fast-interpolate/datasets/ds004513/derivatives/flint/antsRegistration/r7-p14/sub-s020/Stage3_level4_Iter0009.nii.gz
1DIAGNOSTIC,     9, -9.868774414062e-01, 1.797693134862e+308, 6.5536e+04, 0.0000e+00, 
*/mnt/lustre/mathdugre/fast-interpolate/datasets/ds004513/derivatives/flint/antsRegistration/r7-p14/sub-s020/Stage3_level4_Iter0010.nii.gz
1DIAGNOSTIC,    10, -9.868774414062e-01, 1.144409179688e-05, 6.5536e+04, 0.0000e+00, 
*/mnt/lustre/mathdugre/fast-interpolate/datasets/ds004513/derivatives/flint/antsRegistration/r7-p14/sub-s020/Stage3_level4_Iter0011.nii.gz
1DIAGNOSTIC,    11, -9.869079589844e-01, 1.144409179688e-05, 6.5536e+04, 0.0000e+00, 
*/mnt/lustre/mathdugre/fast-interpolate/datasets/ds004513/derivatives/flint/antsRegistration/r7-p14/sub-s020/Stage3_level4_Iter0012.nii.gz
1DIAGNOSTIC,    12, -9.869079589844e-01, 1.144409179688e-05, 6.5536e+04, 0.0000e+00, 
*/mnt/lustre/mathdugre/fast-interpolate/datasets/ds004513/derivatives/flint/antsRegistration/r7-p14/sub-s020/Stage3_level4_Iter0013.nii.gz
1DIAGNOSTIC,    13, -9.869384765625e-01, -0.000000000000e+00, 6.5536e+04, 0.0000e+00, 
  Elapsed time (stage 2): 6.554e+04


Total elapsed time: 6.554e+04
