
##########################
# Experiment information #
##########################

EXPERIMENT_NAME: r7-p12
VFC_BACKENDS: libinterflop_vprec.so --range-binary32=7 --precision-binary32=12 --range-binary64=7 --precision-binary64=12

SIF_IMG: /mnt/lustre/mathdugre/containers/ants-vprec-no_metric.simg

SUBJECT_ID: s033
INPUT_IMG: /mnt/lustre/mathdugre/fast-interpolate/datasets/ds004513/derivatives/flint/antsBrainExtraction/sub-s033/BrainExtractionBrain.nii.gz
OUTPUT_DIR: /mnt/lustre/mathdugre/fast-interpolate/datasets/ds004513/derivatives/flint/antsRegistration/r7-p12/sub-s033

FIXED_IMG: /templateflow/tpl-MNI152NLin2009cAsym/tpl-MNI152NLin2009cAsym_res-01_desc-brain_T1w.nii.gz
DATA_DIR: /mnt/lustre/mathdugre/fast-interpolate/datasets/ds004513
TEMPLATEFLOW_DIR: /home/mathdugre/.cache/templateflow
ITK_GLOBAL_DEFAULT_NUMBER_OF_THREADS: 4
##########################

Info [verificarlo]: loaded backend libinterflop_vprec.so
Info [interflop-vprec]: load backend with: 
Info [interflop-vprec]: precision-binary32 = 12
Info [interflop-vprec]: range-binary32 = 7
Info [interflop-vprec]: precision-binary64 = 12
Info [interflop-vprec]: range-binary64 = 7
Info [interflop-vprec]: mode = ob
Info [interflop-vprec]: error-mode = rel
Info [interflop-vprec]: max-abs-error-exponent = -1022
Info [interflop-vprec]: daz = false
Info [interflop-vprec]: ftz = false
Info [interflop-vprec]: 	instrument = none
Info [interflop-vprec]: 	prec-input-file = (null)
Info [interflop-vprec]: 	prec-output-file = (null)
Info [interflop-vprec]: 	prec-log-file = (null)
All_Command_lines_OK
Using double precision for computations.
=============================================================================
The composite transform comprises the following transforms (in order): 
  1. Center of mass alignment using fixed image: /templateflow/tpl-MNI152NLin2009cAsym/tpl-MNI152NLin2009cAsym_res-01_desc-brain_T1w.nii.gz and moving image: /mnt/lustre/mathdugre/fast-interpolate/datasets/ds004513/derivatives/flint/antsBrainExtraction/sub-s033/BrainExtractionBrain.nii.gz (type = Euler3DTransform)
=============================================================================
  number of levels = 4
  number of levels = 4
  number of levels = 4
  fixed image: /templateflow/tpl-MNI152NLin2009cAsym/tpl-MNI152NLin2009cAsym_res-01_desc-brain_T1w.nii.gz
  moving image: /mnt/lustre/mathdugre/fast-interpolate/datasets/ds004513/derivatives/flint/antsBrainExtraction/sub-s033/BrainExtractionBrain.nii.gz
  fixed image: /templateflow/tpl-MNI152NLin2009cAsym/tpl-MNI152NLin2009cAsym_res-01_desc-brain_T1w.nii.gz
  moving image: /mnt/lustre/mathdugre/fast-interpolate/datasets/ds004513/derivatives/flint/antsBrainExtraction/sub-s033/BrainExtractionBrain.nii.gz
  fixed image: /templateflow/tpl-MNI152NLin2009cAsym/tpl-MNI152NLin2009cAsym_res-01_desc-brain_T1w.nii.gz
  moving image: /mnt/lustre/mathdugre/fast-interpolate/datasets/ds004513/derivatives/flint/antsBrainExtraction/sub-s033/BrainExtractionBrain.nii.gz
Dimension = 3
Number of stages = 3
Use histogram matching = false
Winsorize image intensities = true
  Lower quantile = 0.005
  Upper quantile = 0.995


Stage 1 State
   Image metric = MattesMI
     Fixed image = Image (0x42d5b30)
  RTTI typeinfo:   itk::Image<double, 3u>
  Reference Count: 2
  Modified Time: 2385
  Debug: Off
  Object Name: 
  Observers: 
    none
  Source: (none)
  Source output name: (none)
  Release Data: Off
  Data Released: False
  Global Release Data: Off
  PipelineMTime: 0
  UpdateMTime: 1996
  RealTimeStamp: 0 seconds 
  LargestPossibleRegion: 
    Dimension: 3
    Index: [0, 0, 0]
    Size: [193, 229, 193]
  BufferedRegion: 
    Dimension: 3
    Index: [0, 0, 0]
    Size: [193, 229, 193]
  RequestedRegion: 
    Dimension: 3
    Index: [0, 0, 0]
    Size: [193, 229, 193]
  Spacing: [1, 1, 1]
  Origin: [96, 132, -78]
  Direction: 
-1 0 0
0 -1 0
0 0 1

  IndexToPointMatrix: 
-1 0 0
0 -1 0
0 0 1

  PointToIndexMatrix: 
-1 0 0
0 -1 0
0 0 1

  Inverse Direction: 
-1 0 0
0 -1 0
0 0 1

  PixelContainer: 
    ImportImageContainer (0x42d80a0)
      RTTI typeinfo:   itk::ImportImageContainer<unsigned long, double>
      Reference Count: 1
      Modified Time: 1993
      Debug: Off
      Object Name: 
      Observers: 
        none
      Pointer: 0x7f7cac258010
      Container manages memory: true
      Size: 8530021
      Capacity: 8530021

     Moving image = Image (0x42d1400)
  RTTI typeinfo:   itk::Image<double, 3u>
  Reference Count: 2
  Modified Time: 2386
  Debug: Off
  Object Name: 
  Observers: 
    none
  Source: (none)
  Source output name: (none)
  Release Data: Off
  Data Released: False
  Global Release Data: Off
  PipelineMTime: 0
  UpdateMTime: 2383
  RealTimeStamp: 0 seconds 
  LargestPossibleRegion: 
    Dimension: 3
    Index: [0, 0, 0]
    Size: [160, 240, 256]
  BufferedRegion: 
    Dimension: 3
    Index: [0, 0, 0]
    Size: [160, 240, 256]
  RequestedRegion: 
    Dimension: 3
    Index: [0, 0, 0]
    Size: [160, 240, 256]
  Spacing: [1, 1, 1]
  Origin: [91.5156, 94.2812, -109.922]
  Direction: 
-0.99585 -0.06987 -0.0572815
0.0697479 -0.997559 0.00401211
-0.0574188 0 0.998291

  IndexToPointMatrix: 
-0.99585 -0.06987 -0.0572815
0.0697479 -0.997559 0.00401211
-0.0574188 0 0.998291

  PointToIndexMatrix: 
-0.99585 0.0697479 -0.0574188
-0.06987 -0.997803 -0.00012207
-0.0572891 0.00396729 0.998535

  Inverse Direction: 
-0.99585 0.0697479 -0.0574188
-0.06987 -0.997803 -0.00012207
-0.0572891 0.00396729 0.998535

  PixelContainer: 
    ImportImageContainer (0x4455750)
      RTTI typeinfo:   itk::ImportImageContainer<unsigned long, double>
      Reference Count: 1
      Modified Time: 2380
      Debug: Off
      Object Name: 
      Observers: 
        none
      Pointer: 0x7f7ca7757010
      Container manages memory: true
      Size: 9830400
      Capacity: 9830400

     Weighting = 1
     Sampling strategy = regular
     Number of bins = 32
     Radius = 4
     Sampling percentage  = 0.25
   Transform = Rigid
     Gradient step = 0.1
     Update field sigma (voxel space) = 0
     Total field sigma (voxel space) = 0
     Update field time sigma = 0
     Total field time sigma  = 0
     Number of time indices = 0
     Number of time point samples = 0
Stage 2 State
   Image metric = MattesMI
     Fixed image = Image (0x42f68c0)
  RTTI typeinfo:   itk::Image<double, 3u>
  Reference Count: 2
  Modified Time: 3161
  Debug: Off
  Object Name: 
  Observers: 
    none
  Source: (none)
  Source output name: (none)
  Release Data: Off
  Data Released: False
  Global Release Data: Off
  PipelineMTime: 0
  UpdateMTime: 2772
  RealTimeStamp: 0 seconds 
  LargestPossibleRegion: 
    Dimension: 3
    Index: [0, 0, 0]
    Size: [193, 229, 193]
  BufferedRegion: 
    Dimension: 3
    Index: [0, 0, 0]
    Size: [193, 229, 193]
  RequestedRegion: 
    Dimension: 3
    Index: [0, 0, 0]
    Size: [193, 229, 193]
  Spacing: [1, 1, 1]
  Origin: [96, 132, -78]
  Direction: 
-1 0 0
0 -1 0
0 0 1

  IndexToPointMatrix: 
-1 0 0
0 -1 0
0 0 1

  PointToIndexMatrix: 
-1 0 0
0 -1 0
0 0 1

  Inverse Direction: 
-1 0 0
0 -1 0
0 0 1

  PixelContainer: 
    ImportImageContainer (0x42da040)
      RTTI typeinfo:   itk::ImportImageContainer<unsigned long, double>
      Reference Count: 1
      Modified Time: 2769
      Debug: Off
      Object Name: 
      Observers: 
        none
      Pointer: 0x7f7ca3642010
      Container manages memory: true
      Size: 8530021
      Capacity: 8530021

     Moving image = Image (0x4413a80)
  RTTI typeinfo:   itk::Image<double, 3u>
  Reference Count: 2
  Modified Time: 3162
  Debug: Off
  Object Name: 
  Observers: 
    none
  Source: (none)
  Source output name: (none)
  Release Data: Off
  Data Released: False
  Global Release Data: Off
  PipelineMTime: 0
  UpdateMTime: 3159
  RealTimeStamp: 0 seconds 
  LargestPossibleRegion: 
    Dimension: 3
    Index: [0, 0, 0]
    Size: [160, 240, 256]
  BufferedRegion: 
    Dimension: 3
    Index: [0, 0, 0]
    Size: [160, 240, 256]
  RequestedRegion: 
    Dimension: 3
    Index: [0, 0, 0]
    Size: [160, 240, 256]
  Spacing: [1, 1, 1]
  Origin: [91.5156, 94.2812, -109.922]
  Direction: 
-0.99585 -0.06987 -0.0572815
0.0697479 -0.997559 0.00401211
-0.0574188 0 0.998291

  IndexToPointMatrix: 
-0.99585 -0.06987 -0.0572815
0.0697479 -0.997559 0.00401211
-0.0574188 0 0.998291

  PointToIndexMatrix: 
-0.99585 0.0697479 -0.0574188
-0.06987 -0.997803 -0.00012207
-0.0572891 0.00396729 0.998535

  Inverse Direction: 
-0.99585 0.0697479 -0.0574188
-0.06987 -0.997803 -0.00012207
-0.0572891 0.00396729 0.998535

  PixelContainer: 
    ImportImageContainer (0x44ca210)
      RTTI typeinfo:   itk::ImportImageContainer<unsigned long, double>
      Reference Count: 1
      Modified Time: 3156
      Debug: Off
      Object Name: 
      Observers: 
        none
      Pointer: 0x7f7c9eb41010
      Container manages memory: true
      Size: 9830400
      Capacity: 9830400

     Weighting = 1
     Sampling strategy = regular
     Number of bins = 32
     Radius = 4
     Sampling percentage  = 0.25
   Transform = Affine
     Gradient step = 0.1
     Update field sigma (voxel space) = 0
     Total field sigma (voxel space) = 0
     Update field time sigma = 0
     Total field time sigma  = 0
     Number of time indices = 0
     Number of time point samples = 0
Stage 3 State
   Image metric = CC
     Fixed image = Image (0x440de70)
  RTTI typeinfo:   itk::Image<double, 3u>
  Reference Count: 2
  Modified Time: 3937
  Debug: Off
  Object Name: 
  Observers: 
    none
  Source: (none)
  Source output name: (none)
  Release Data: Off
  Data Released: False
  Global Release Data: Off
  PipelineMTime: 0
  UpdateMTime: 3548
  RealTimeStamp: 0 seconds 
  LargestPossibleRegion: 
    Dimension: 3
    Index: [0, 0, 0]
    Size: [193, 229, 193]
  BufferedRegion: 
    Dimension: 3
    Index: [0, 0, 0]
    Size: [193, 229, 193]
  RequestedRegion: 
    Dimension: 3
    Index: [0, 0, 0]
    Size: [193, 229, 193]
  Spacing: [1, 1, 1]
  Origin: [96, 132, -78]
  Direction: 
-1 0 0
0 -1 0
0 0 1

  IndexToPointMatrix: 
-1 0 0
0 -1 0
0 0 1

  PointToIndexMatrix: 
-1 0 0
0 -1 0
0 0 1

  Inverse Direction: 
-1 0 0
0 -1 0
0 0 1

  PixelContainer: 
    ImportImageContainer (0x447d870)
      RTTI typeinfo:   itk::ImportImageContainer<unsigned long, double>
      Reference Count: 1
      Modified Time: 3545
      Debug: Off
      Object Name: 
      Observers: 
        none
      Pointer: 0x7f7c9aa2c010
      Container manages memory: true
      Size: 8530021
      Capacity: 8530021

     Moving image = Image (0x42fa620)
  RTTI typeinfo:   itk::Image<double, 3u>
  Reference Count: 2
  Modified Time: 3938
  Debug: Off
  Object Name: 
  Observers: 
    none
  Source: (none)
  Source output name: (none)
  Release Data: Off
  Data Released: False
  Global Release Data: Off
  PipelineMTime: 0
  UpdateMTime: 3935
  RealTimeStamp: 0 seconds 
  LargestPossibleRegion: 
    Dimension: 3
    Index: [0, 0, 0]
    Size: [160, 240, 256]
  BufferedRegion: 
    Dimension: 3
    Index: [0, 0, 0]
    Size: [160, 240, 256]
  RequestedRegion: 
    Dimension: 3
    Index: [0, 0, 0]
    Size: [160, 240, 256]
  Spacing: [1, 1, 1]
  Origin: [91.5156, 94.2812, -109.922]
  Direction: 
-0.99585 -0.06987 -0.0572815
0.0697479 -0.997559 0.00401211
-0.0574188 0 0.998291

  IndexToPointMatrix: 
-0.99585 -0.06987 -0.0572815
0.0697479 -0.997559 0.00401211
-0.0574188 0 0.998291

  PointToIndexMatrix: 
-0.99585 0.0697479 -0.0574188
-0.06987 -0.997803 -0.00012207
-0.0572891 0.00396729 0.998535

  Inverse Direction: 
-0.99585 0.0697479 -0.0574188
-0.06987 -0.997803 -0.00012207
-0.0572891 0.00396729 0.998535

  PixelContainer: 
    ImportImageContainer (0x44356d0)
      RTTI typeinfo:   itk::ImportImageContainer<unsigned long, double>
      Reference Count: 1
      Modified Time: 3932
      Debug: Off
      Object Name: 
      Observers: 
        none
      Pointer: 0x7f7c95f2b010
      Container manages memory: true
      Size: 9830400
      Capacity: 9830400

     Weighting = 1
     Sampling strategy = none
     Number of bins = 32
     Radius = 4
     Sampling percentage  = 1
   Transform = SyN
     Gradient step = 0.1
     Update field sigma (voxel space) = 3
     Total field sigma (voxel space) = 0
     Update field time sigma = 0
     Total field time sigma  = 0
     Number of time indices = 0
     Number of time point samples = 0
Registration using 3 total stages.

Stage 0
  iterations = 1000x500x250x100
  convergence threshold = 1e-06
  convergence window size = 10
  number of levels = 4
  using the Mattes MI metric (number of bins = 32, weight = 1, use gradient filter = 0)
  preprocessing:  winsorizing the image intensities
  Shrink factors (level 1 out of 4): [8, 8, 8]
  Shrink factors (level 2 out of 4): [4, 4, 4]
  Shrink factors (level 3 out of 4): [2, 2, 2]
  Shrink factors (level 4 out of 4): [1, 1, 1]
  smoothing sigmas per level: [3, 2, 1, 0]
  regular sampling (percentage = 0.25)

*** Running Euler3DTransform registration ***

DIAGNOSTIC,Iteration,metricValue,convergenceValue,ITERATION_TIME_INDEX,SINCE_LAST
*/mnt/lustre/mathdugre/fast-interpolate/datasets/ds004513/derivatives/flint/antsRegistration/r7-p12/sub-s033/Stage1_level1_Iter0001.nii.gz
2DIAGNOSTIC,     1, -8.391837881369e-02, 1.797693134862e+308, 0.0000e+00, 0.0000e+00, 
*/mnt/lustre/mathdugre/fast-interpolate/datasets/ds004513/derivatives/flint/antsRegistration/r7-p12/sub-s033/Stage1_level1_Iter0002.nii.gz
2DIAGNOSTIC,     2, -8.424512047846e-02, 1.797693134862e+308, 0.0000e+00, 0.0000e+00, 
*/mnt/lustre/mathdugre/fast-interpolate/datasets/ds004513/derivatives/flint/antsRegistration/r7-p12/sub-s033/Stage1_level1_Iter0003.nii.gz
2DIAGNOSTIC,     3, -8.442010145541e-02, 1.797693134862e+308, 0.0000e+00, 0.0000e+00, 
*/mnt/lustre/mathdugre/fast-interpolate/datasets/ds004513/derivatives/flint/antsRegistration/r7-p12/sub-s033/Stage1_level1_Iter0004.nii.gz
2DIAGNOSTIC,     4, -8.476399716934e-02, 1.797693134862e+308, 0.0000e+00, 0.0000e+00, 
*/mnt/lustre/mathdugre/fast-interpolate/datasets/ds004513/derivatives/flint/antsRegistration/r7-p12/sub-s033/Stage1_level1_Iter0005.nii.gz
2DIAGNOSTIC,     5, -8.496752956981e-02, 1.797693134862e+308, 0.0000e+00, 0.0000e+00, 
*/mnt/lustre/mathdugre/fast-interpolate/datasets/ds004513/derivatives/flint/antsRegistration/r7-p12/sub-s033/Stage1_level1_Iter0006.nii.gz
2DIAGNOSTIC,     6, -8.540092175891e-02, 1.797693134862e+308, 0.0000e+00, 0.0000e+00, 
*/mnt/lustre/mathdugre/fast-interpolate/datasets/ds004513/derivatives/flint/antsRegistration/r7-p12/sub-s033/Stage1_level1_Iter0007.nii.gz
2DIAGNOSTIC,     7, -8.626675145379e-02, 1.797693134862e+308, 0.0000e+00, 0.0000e+00, 
*/mnt/lustre/mathdugre/fast-interpolate/datasets/ds004513/derivatives/flint/antsRegistration/r7-p12/sub-s033/Stage1_level1_Iter0008.nii.gz
2DIAGNOSTIC,     8, -8.680453610225e-02, 1.797693134862e+308, 0.0000e+00, 0.0000e+00, 
*/mnt/lustre/mathdugre/fast-interpolate/datasets/ds004513/derivatives/flint/antsRegistration/r7-p12/sub-s033/Stage1_level1_Iter0009.nii.gz
2DIAGNOSTIC,     9, -8.723470504490e-02, 1.797693134862e+308, 0.0000e+00, 0.0000e+00, 
*/mnt/lustre/mathdugre/fast-interpolate/datasets/ds004513/derivatives/flint/antsRegistration/r7-p12/sub-s033/Stage1_level1_Iter0010.nii.gz
2DIAGNOSTIC,    10, -8.789342517720e-02, 3.005981445312e-03, 0.0000e+00, 0.0000e+00, 
*/mnt/lustre/mathdugre/fast-interpolate/datasets/ds004513/derivatives/flint/antsRegistration/r7-p12/sub-s033/Stage1_level1_Iter0011.nii.gz
2DIAGNOSTIC,    11, -8.874385841038e-02, 3.128051757812e-03, 0.0000e+00, 0.0000e+00, 
*/mnt/lustre/mathdugre/fast-interpolate/datasets/ds004513/derivatives/flint/antsRegistration/r7-p12/sub-s033/Stage1_level1_Iter0012.nii.gz
2DIAGNOSTIC,    12, -8.878272259519e-02, 3.005981445312e-03, 0.0000e+00, 0.0000e+00, 
*/mnt/lustre/mathdugre/fast-interpolate/datasets/ds004513/derivatives/flint/antsRegistration/r7-p12/sub-s033/Stage1_level1_Iter0013.nii.gz
2DIAGNOSTIC,    13, -8.883863312058e-02, 2.655029296875e-03, 0.0000e+00, 0.0000e+00, 
*/mnt/lustre/mathdugre/fast-interpolate/datasets/ds004513/derivatives/flint/antsRegistration/r7-p12/sub-s033/Stage1_level1_Iter0014.nii.gz
2DIAGNOSTIC,    14, -8.881760331674e-02, 2.273559570312e-03, 0.0000e+00, 0.0000e+00, 
*/mnt/lustre/mathdugre/fast-interpolate/datasets/ds004513/derivatives/flint/antsRegistration/r7-p12/sub-s033/Stage1_level1_Iter0015.nii.gz
2DIAGNOSTIC,    15, -8.903020820439e-02, 1.770019531250e-03, 0.0000e+00, 0.0000e+00, 
*/mnt/lustre/mathdugre/fast-interpolate/datasets/ds004513/derivatives/flint/antsRegistration/r7-p12/sub-s033/Stage1_level1_Iter0016.nii.gz
2DIAGNOSTIC,    16, -8.920335568902e-02, 1.296997070312e-03, 0.0000e+00, 0.0000e+00, 
*/mnt/lustre/mathdugre/fast-interpolate/datasets/ds004513/derivatives/flint/antsRegistration/r7-p12/sub-s033/Stage1_level1_Iter0017.nii.gz
2DIAGNOSTIC,    17, -8.932334579770e-02, 9.918212890625e-04, 0.0000e+00, 0.0000e+00, 
*/mnt/lustre/mathdugre/fast-interpolate/datasets/ds004513/derivatives/flint/antsRegistration/r7-p12/sub-s033/Stage1_level1_Iter0018.nii.gz
2DIAGNOSTIC,    18, -8.941372846551e-02, 6.942749023438e-04, 0.0000e+00, 0.0000e+00, 
*/mnt/lustre/mathdugre/fast-interpolate/datasets/ds004513/derivatives/flint/antsRegistration/r7-p12/sub-s033/Stage1_level1_Iter0019.nii.gz
2DIAGNOSTIC,    19, -8.966279769716e-02, 5.035400390625e-04, 0.0000e+00, 0.0000e+00, 
*/mnt/lustre/mathdugre/fast-interpolate/datasets/ds004513/derivatives/flint/antsRegistration/r7-p12/sub-s033/Stage1_level1_Iter0020.nii.gz
2DIAGNOSTIC,    20, -8.982754567843e-02, 4.043579101562e-04, 0.0000e+00, 0.0000e+00, 
*/mnt/lustre/mathdugre/fast-interpolate/datasets/ds004513/derivatives/flint/antsRegistration/r7-p12/sub-s033/Stage1_level1_Iter0021.nii.gz
2DIAGNOSTIC,    21, -8.971457670675e-02, 4.119873046875e-04, 0.0000e+00, 0.0000e+00, 
*/mnt/lustre/mathdugre/fast-interpolate/datasets/ds004513/derivatives/flint/antsRegistration/r7-p12/sub-s033/Stage1_level1_Iter0022.nii.gz
2DIAGNOSTIC,    22, -8.994219371654e-02, 3.890991210938e-04, 0.0000e+00, 0.0000e+00, 
*/mnt/lustre/mathdugre/fast-interpolate/datasets/ds004513/derivatives/flint/antsRegistration/r7-p12/sub-s033/Stage1_level1_Iter0023.nii.gz
2DIAGNOSTIC,    23, -9.003020789139e-02, 3.814697265625e-04, 0.0000e+00, 0.0000e+00, 
*/mnt/lustre/mathdugre/fast-interpolate/datasets/ds004513/derivatives/flint/antsRegistration/r7-p12/sub-s033/Stage1_level1_Iter0024.nii.gz
2DIAGNOSTIC,    24, -9.006959371524e-02, 3.356933593750e-04, 0.0000e+00, 0.0000e+00, 
*/mnt/lustre/mathdugre/fast-interpolate/datasets/ds004513/derivatives/flint/antsRegistration/r7-p12/sub-s033/Stage1_level1_Iter0025.nii.gz
2DIAGNOSTIC,    25, -9.006530610713e-02, 2.670288085938e-04, 0.0000e+00, 0.0000e+00, 
*/mnt/lustre/mathdugre/fast-interpolate/datasets/ds004513/derivatives/flint/antsRegistration/r7-p12/sub-s033/Stage1_level1_Iter0026.nii.gz
2DIAGNOSTIC,    26, -9.017128434739e-02, 2.365112304688e-04, 0.0000e+00, 0.0000e+00, 
*/mnt/lustre/mathdugre/fast-interpolate/datasets/ds004513/derivatives/flint/antsRegistration/r7-p12/sub-s033/Stage1_level1_Iter0027.nii.gz
2DIAGNOSTIC,    27, -9.016179788878e-02, 1.907348632812e-04, 0.0000e+00, 0.0000e+00, 
*/mnt/lustre/mathdugre/fast-interpolate/datasets/ds004513/derivatives/flint/antsRegistration/r7-p12/sub-s033/Stage1_level1_Iter0028.nii.gz
2DIAGNOSTIC,    28, -9.017492093924e-02, 1.449584960938e-04, 0.0000e+00, 0.0000e+00, 
*/mnt/lustre/mathdugre/fast-interpolate/datasets/ds004513/derivatives/flint/antsRegistration/r7-p12/sub-s033/Stage1_level1_Iter0029.nii.gz
2DIAGNOSTIC,    29, -9.020818337878e-02, 1.220703125000e-04, 0.0000e+00, 0.0000e+00, 
*/mnt/lustre/mathdugre/fast-interpolate/datasets/ds004513/derivatives/flint/antsRegistration/r7-p12/sub-s033/Stage1_level1_Iter0030.nii.gz
2DIAGNOSTIC,    30, -9.020595004717e-02, 9.155273437500e-05, 0.0000e+00, 0.0000e+00, 
*/mnt/lustre/mathdugre/fast-interpolate/datasets/ds004513/derivatives/flint/antsRegistration/r7-p12/sub-s033/Stage1_level1_Iter0031.nii.gz
2DIAGNOSTIC,    31, -9.018907708939e-02, 5.340576171875e-05, 0.0000e+00, 0.0000e+00, 
*/mnt/lustre/mathdugre/fast-interpolate/datasets/ds004513/derivatives/flint/antsRegistration/r7-p12/sub-s033/Stage1_level1_Iter0032.nii.gz
2DIAGNOSTIC,    32, -9.012955203462e-02, 3.814697265625e-05, 0.0000e+00, 0.0000e+00, 
*/mnt/lustre/mathdugre/fast-interpolate/datasets/ds004513/derivatives/flint/antsRegistration/r7-p12/sub-s033/Stage1_level1_Iter0033.nii.gz
2DIAGNOSTIC,    33, -9.023897014002e-02, 2.288818359375e-05, 0.0000e+00, 0.0000e+00, 
*/mnt/lustre/mathdugre/fast-interpolate/datasets/ds004513/derivatives/flint/antsRegistration/r7-p12/sub-s033/Stage1_level1_Iter0034.nii.gz
2DIAGNOSTIC,    34, -9.065342960046e-02, 6.103515625000e-05, 0.0000e+00, 0.0000e+00, 
*/mnt/lustre/mathdugre/fast-interpolate/datasets/ds004513/derivatives/flint/antsRegistration/r7-p12/sub-s033/Stage1_level1_Iter0035.nii.gz
2DIAGNOSTIC,    35, -9.059537042428e-02, 8.010864257812e-05, 0.0000e+00, 0.0000e+00, 
*/mnt/lustre/mathdugre/fast-interpolate/datasets/ds004513/derivatives/flint/antsRegistration/r7-p12/sub-s033/Stage1_level1_Iter0036.nii.gz
2DIAGNOSTIC,    36, -9.066066700233e-02, 1.029968261719e-04, 0.0000e+00, 0.0000e+00, 
*/mnt/lustre/mathdugre/fast-interpolate/datasets/ds004513/derivatives/flint/antsRegistration/r7-p12/sub-s033/Stage1_level1_Iter0037.nii.gz
2DIAGNOSTIC,    37, -9.068084414904e-02, 1.258850097656e-04, 0.0000e+00, 0.0000e+00, 
*/mnt/lustre/mathdugre/fast-interpolate/datasets/ds004513/derivatives/flint/antsRegistration/r7-p12/sub-s033/Stage1_level1_Iter0038.nii.gz
2DIAGNOSTIC,    38, -9.062384545214e-02, 1.258850097656e-04, 0.0000e+00, 0.0000e+00, 
*/mnt/lustre/mathdugre/fast-interpolate/datasets/ds004513/derivatives/flint/antsRegistration/r7-p12/sub-s033/Stage1_level1_Iter0039.nii.gz
2DIAGNOSTIC,    39, -9.057929639855e-02, 1.106262207031e-04, 0.0000e+00, 0.0000e+00, 
*/mnt/lustre/mathdugre/fast-interpolate/datasets/ds004513/derivatives/flint/antsRegistration/r7-p12/sub-s033/Stage1_level1_Iter0040.nii.gz
2DIAGNOSTIC,    40, -9.058876053233e-02, 8.392333984375e-05, 0.0000e+00, 0.0000e+00, 
*/mnt/lustre/mathdugre/fast-interpolate/datasets/ds004513/derivatives/flint/antsRegistration/r7-p12/sub-s033/Stage1_level1_Iter0041.nii.gz
2DIAGNOSTIC,    41, -9.058223024816e-02, 4.959106445312e-05, 0.0000e+00, 0.0000e+00, 
*/mnt/lustre/mathdugre/fast-interpolate/datasets/ds004513/derivatives/flint/antsRegistration/r7-p12/sub-s033/Stage1_level1_Iter0042.nii.gz
2DIAGNOSTIC,    42, -9.057301376835e-02, 1.144409179688e-05, 0.0000e+00, 0.0000e+00, 
DIAGNOSTIC,Iteration,metricValue,convergenceValue,ITERATION_TIME_INDEX,SINCE_LAST
*/mnt/lustre/mathdugre/fast-interpolate/datasets/ds004513/derivatives/flint/antsRegistration/r7-p12/sub-s033/Stage1_level2_Iter0001.nii.gz
2DIAGNOSTIC,     1, -2.719603719168e-02, 1.797693134862e+308, 0.0000e+00, 0.0000e+00, 
*/mnt/lustre/mathdugre/fast-interpolate/datasets/ds004513/derivatives/flint/antsRegistration/r7-p12/sub-s033/Stage1_level2_Iter0002.nii.gz
2DIAGNOSTIC,     2, -2.719736471767e-02, 1.797693134862e+308, 0.0000e+00, 0.0000e+00, 
*/mnt/lustre/mathdugre/fast-interpolate/datasets/ds004513/derivatives/flint/antsRegistration/r7-p12/sub-s033/Stage1_level2_Iter0003.nii.gz
2DIAGNOSTIC,     3, -2.713535956912e-02, 1.797693134862e+308, 0.0000e+00, 0.0000e+00, 
*/mnt/lustre/mathdugre/fast-interpolate/datasets/ds004513/derivatives/flint/antsRegistration/r7-p12/sub-s033/Stage1_level2_Iter0004.nii.gz
2DIAGNOSTIC,     4, -2.728615084269e-02, 1.797693134862e+308, 0.0000e+00, 0.0000e+00, 
*/mnt/lustre/mathdugre/fast-interpolate/datasets/ds004513/derivatives/flint/antsRegistration/r7-p12/sub-s033/Stage1_level2_Iter0005.nii.gz
2DIAGNOSTIC,     5, -2.733725244751e-02, 1.797693134862e+308, 0.0000e+00, 0.0000e+00, 
*/mnt/lustre/mathdugre/fast-interpolate/datasets/ds004513/derivatives/flint/antsRegistration/r7-p12/sub-s033/Stage1_level2_Iter0006.nii.gz
2DIAGNOSTIC,     6, -2.725910655355e-02, 1.797693134862e+308, 0.0000e+00, 0.0000e+00, 
*/mnt/lustre/mathdugre/fast-interpolate/datasets/ds004513/derivatives/flint/antsRegistration/r7-p12/sub-s033/Stage1_level2_Iter0007.nii.gz
2DIAGNOSTIC,     7, -2.737632759250e-02, 1.797693134862e+308, 0.0000e+00, 0.0000e+00, 
*/mnt/lustre/mathdugre/fast-interpolate/datasets/ds004513/derivatives/flint/antsRegistration/r7-p12/sub-s033/Stage1_level2_Iter0008.nii.gz
2DIAGNOSTIC,     8, -2.749763300808e-02, 1.797693134862e+308, 0.0000e+00, 0.0000e+00, 
*/mnt/lustre/mathdugre/fast-interpolate/datasets/ds004513/derivatives/flint/antsRegistration/r7-p12/sub-s033/Stage1_level2_Iter0009.nii.gz
2DIAGNOSTIC,     9, -2.775038366675e-02, 1.797693134862e+308, 0.0000e+00, 0.0000e+00, 
*/mnt/lustre/mathdugre/fast-interpolate/datasets/ds004513/derivatives/flint/antsRegistration/r7-p12/sub-s033/Stage1_level2_Iter0010.nii.gz
2DIAGNOSTIC,    10, -2.776043779709e-02, 1.403808593750e-03, 0.0000e+00, 0.0000e+00, 
*/mnt/lustre/mathdugre/fast-interpolate/datasets/ds004513/derivatives/flint/antsRegistration/r7-p12/sub-s033/Stage1_level2_Iter0011.nii.gz
2DIAGNOSTIC,    11, -2.793876336369e-02, 1.617431640625e-03, 0.0000e+00, 0.0000e+00, 
*/mnt/lustre/mathdugre/fast-interpolate/datasets/ds004513/derivatives/flint/antsRegistration/r7-p12/sub-s033/Stage1_level2_Iter0012.nii.gz
2DIAGNOSTIC,    12, -2.811832899968e-02, 1.815795898438e-03, 0.0000e+00, 0.0000e+00, 
*/mnt/lustre/mathdugre/fast-interpolate/datasets/ds004513/derivatives/flint/antsRegistration/r7-p12/sub-s033/Stage1_level2_Iter0013.nii.gz
2DIAGNOSTIC,    13, -2.802014444079e-02, 1.693725585938e-03, 0.0000e+00, 0.0000e+00, 
*/mnt/lustre/mathdugre/fast-interpolate/datasets/ds004513/derivatives/flint/antsRegistration/r7-p12/sub-s033/Stage1_level2_Iter0014.nii.gz
2DIAGNOSTIC,    14, -2.813767230675e-02, 1.602172851562e-03, 0.0000e+00, 0.0000e+00, 
*/mnt/lustre/mathdugre/fast-interpolate/datasets/ds004513/derivatives/flint/antsRegistration/r7-p12/sub-s033/Stage1_level2_Iter0015.nii.gz
2DIAGNOSTIC,    15, -2.818141910016e-02, 1.480102539062e-03, 0.0000e+00, 0.0000e+00, 
*/mnt/lustre/mathdugre/fast-interpolate/datasets/ds004513/derivatives/flint/antsRegistration/r7-p12/sub-s033/Stage1_level2_Iter0016.nii.gz
2DIAGNOSTIC,    16, -2.824556761411e-02, 1.220703125000e-03, 0.0000e+00, 0.0000e+00, 
*/mnt/lustre/mathdugre/fast-interpolate/datasets/ds004513/derivatives/flint/antsRegistration/r7-p12/sub-s033/Stage1_level2_Iter0017.nii.gz
2DIAGNOSTIC,    17, -2.827447404376e-02, 9.613037109375e-04, 0.0000e+00, 0.0000e+00, 
*/mnt/lustre/mathdugre/fast-interpolate/datasets/ds004513/derivatives/flint/antsRegistration/r7-p12/sub-s033/Stage1_level2_Iter0018.nii.gz
2DIAGNOSTIC,    18, -2.838334707423e-02, 7.781982421875e-04, 0.0000e+00, 0.0000e+00, 
*/mnt/lustre/mathdugre/fast-interpolate/datasets/ds004513/derivatives/flint/antsRegistration/r7-p12/sub-s033/Stage1_level2_Iter0019.nii.gz
2DIAGNOSTIC,    19, -2.840206423159e-02, 6.713867187500e-04, 0.0000e+00, 0.0000e+00, 
*/mnt/lustre/mathdugre/fast-interpolate/datasets/ds004513/derivatives/flint/antsRegistration/r7-p12/sub-s033/Stage1_level2_Iter0020.nii.gz
2DIAGNOSTIC,    20, -2.840840027691e-02, 5.187988281250e-04, 0.0000e+00, 0.0000e+00, 
*/mnt/lustre/mathdugre/fast-interpolate/datasets/ds004513/derivatives/flint/antsRegistration/r7-p12/sub-s033/Stage1_level2_Iter0021.nii.gz
2DIAGNOSTIC,    21, -2.878185098857e-02, 6.256103515625e-04, 0.0000e+00, 0.0000e+00, 
*/mnt/lustre/mathdugre/fast-interpolate/datasets/ds004513/derivatives/flint/antsRegistration/r7-p12/sub-s033/Stage1_level2_Iter0022.nii.gz
2DIAGNOSTIC,    22, -2.894763861802e-02, 8.087158203125e-04, 0.0000e+00, 0.0000e+00, 
*/mnt/lustre/mathdugre/fast-interpolate/datasets/ds004513/derivatives/flint/antsRegistration/r7-p12/sub-s033/Stage1_level2_Iter0023.nii.gz
2DIAGNOSTIC,    23, -2.896838467392e-02, 8.544921875000e-04, 0.0000e+00, 0.0000e+00, 
*/mnt/lustre/mathdugre/fast-interpolate/datasets/ds004513/derivatives/flint/antsRegistration/r7-p12/sub-s033/Stage1_level2_Iter0024.nii.gz
2DIAGNOSTIC,    24, -2.894404936666e-02, 8.697509765625e-04, 0.0000e+00, 0.0000e+00, 
*/mnt/lustre/mathdugre/fast-interpolate/datasets/ds004513/derivatives/flint/antsRegistration/r7-p12/sub-s033/Stage1_level2_Iter0025.nii.gz
2DIAGNOSTIC,    25, -2.896544611419e-02, 8.316040039062e-04, 0.0000e+00, 0.0000e+00, 
*/mnt/lustre/mathdugre/fast-interpolate/datasets/ds004513/derivatives/flint/antsRegistration/r7-p12/sub-s033/Stage1_level2_Iter0026.nii.gz
2DIAGNOSTIC,    26, -2.894315044207e-02, 7.171630859375e-04, 0.0000e+00, 0.0000e+00, 
*/mnt/lustre/mathdugre/fast-interpolate/datasets/ds004513/derivatives/flint/antsRegistration/r7-p12/sub-s033/Stage1_level2_Iter0027.nii.gz
2DIAGNOSTIC,    27, -2.896897810752e-02, 5.798339843750e-04, 0.0000e+00, 0.0000e+00, 
*/mnt/lustre/mathdugre/fast-interpolate/datasets/ds004513/derivatives/flint/antsRegistration/r7-p12/sub-s033/Stage1_level2_Iter0028.nii.gz
2DIAGNOSTIC,    28, -2.896983159024e-02, 4.348754882812e-04, 0.0000e+00, 0.0000e+00, 
*/mnt/lustre/mathdugre/fast-interpolate/datasets/ds004513/derivatives/flint/antsRegistration/r7-p12/sub-s033/Stage1_level2_Iter0029.nii.gz
2DIAGNOSTIC,    29, -2.896353218874e-02, 2.517700195312e-04, 0.0000e+00, 0.0000e+00, 
*/mnt/lustre/mathdugre/fast-interpolate/datasets/ds004513/derivatives/flint/antsRegistration/r7-p12/sub-s033/Stage1_level2_Iter0030.nii.gz
2DIAGNOSTIC,    30, -2.886788567594e-02, 3.051757812500e-05, 0.0000e+00, 0.0000e+00, 
DIAGNOSTIC,Iteration,metricValue,convergenceValue,ITERATION_TIME_INDEX,SINCE_LAST
*/mnt/lustre/mathdugre/fast-interpolate/datasets/ds004513/derivatives/flint/antsRegistration/r7-p12/sub-s033/Stage1_level3_Iter0001.nii.gz
2DIAGNOSTIC,     1, -1.436220014637e-02, 1.797693134862e+308, 0.0000e+00, 0.0000e+00, 
*/mnt/lustre/mathdugre/fast-interpolate/datasets/ds004513/derivatives/flint/antsRegistration/r7-p12/sub-s033/Stage1_level3_Iter0002.nii.gz
2DIAGNOSTIC,     2, -1.437968448691e-02, 1.797693134862e+308, 0.0000e+00, 0.0000e+00, 
*/mnt/lustre/mathdugre/fast-interpolate/datasets/ds004513/derivatives/flint/antsRegistration/r7-p12/sub-s033/Stage1_level3_Iter0003.nii.gz
2DIAGNOSTIC,     3, -1.435894137163e-02, 1.797693134862e+308, 0.0000e+00, 0.0000e+00, 
*/mnt/lustre/mathdugre/fast-interpolate/datasets/ds004513/derivatives/flint/antsRegistration/r7-p12/sub-s033/Stage1_level3_Iter0004.nii.gz
2DIAGNOSTIC,     4, -1.434904410042e-02, 1.797693134862e+308, 0.0000e+00, 0.0000e+00, 
*/mnt/lustre/mathdugre/fast-interpolate/datasets/ds004513/derivatives/flint/antsRegistration/r7-p12/sub-s033/Stage1_level3_Iter0005.nii.gz
2DIAGNOSTIC,     5, -1.443928620877e-02, 1.797693134862e+308, 0.0000e+00, 0.0000e+00, 
*/mnt/lustre/mathdugre/fast-interpolate/datasets/ds004513/derivatives/flint/antsRegistration/r7-p12/sub-s033/Stage1_level3_Iter0006.nii.gz
2DIAGNOSTIC,     6, -1.444638452991e-02, 1.797693134862e+308, 0.0000e+00, 0.0000e+00, 
*/mnt/lustre/mathdugre/fast-interpolate/datasets/ds004513/derivatives/flint/antsRegistration/r7-p12/sub-s033/Stage1_level3_Iter0007.nii.gz
2DIAGNOSTIC,     7, -1.444522387124e-02, 1.797693134862e+308, 0.0000e+00, 0.0000e+00, 
*/mnt/lustre/mathdugre/fast-interpolate/datasets/ds004513/derivatives/flint/antsRegistration/r7-p12/sub-s033/Stage1_level3_Iter0008.nii.gz
2DIAGNOSTIC,     8, -1.444902819637e-02, 1.797693134862e+308, 0.0000e+00, 0.0000e+00, 
*/mnt/lustre/mathdugre/fast-interpolate/datasets/ds004513/derivatives/flint/antsRegistration/r7-p12/sub-s033/Stage1_level3_Iter0009.nii.gz
2DIAGNOSTIC,     9, -1.450925136008e-02, 1.797693134862e+308, 0.0000e+00, 0.0000e+00, 
*/mnt/lustre/mathdugre/fast-interpolate/datasets/ds004513/derivatives/flint/antsRegistration/r7-p12/sub-s033/Stage1_level3_Iter0010.nii.gz
2DIAGNOSTIC,    10, -1.452805159157e-02, 7.934570312500e-04, 0.0000e+00, 0.0000e+00, 
*/mnt/lustre/mathdugre/fast-interpolate/datasets/ds004513/derivatives/flint/antsRegistration/r7-p12/sub-s033/Stage1_level3_Iter0011.nii.gz
2DIAGNOSTIC,    11, -1.441281794793e-02, 5.493164062500e-04, 0.0000e+00, 0.0000e+00, 
*/mnt/lustre/mathdugre/fast-interpolate/datasets/ds004513/derivatives/flint/antsRegistration/r7-p12/sub-s033/Stage1_level3_Iter0012.nii.gz
2DIAGNOSTIC,    12, -1.459285345477e-02, 6.256103515625e-04, 0.0000e+00, 0.0000e+00, 
*/mnt/lustre/mathdugre/fast-interpolate/datasets/ds004513/derivatives/flint/antsRegistration/r7-p12/sub-s033/Stage1_level3_Iter0013.nii.gz
2DIAGNOSTIC,    13, -1.464535491842e-02, 6.866455078125e-04, 0.0000e+00, 0.0000e+00, 
*/mnt/lustre/mathdugre/fast-interpolate/datasets/ds004513/derivatives/flint/antsRegistration/r7-p12/sub-s033/Stage1_level3_Iter0014.nii.gz
2DIAGNOSTIC,    14, -1.468242389510e-02, 6.866455078125e-04, 0.0000e+00, 0.0000e+00, 
*/mnt/lustre/mathdugre/fast-interpolate/datasets/ds004513/derivatives/flint/antsRegistration/r7-p12/sub-s033/Stage1_level3_Iter0015.nii.gz
2DIAGNOSTIC,    15, -1.475881959791e-02, 8.850097656250e-04, 0.0000e+00, 0.0000e+00, 
*/mnt/lustre/mathdugre/fast-interpolate/datasets/ds004513/derivatives/flint/antsRegistration/r7-p12/sub-s033/Stage1_level3_Iter0016.nii.gz
2DIAGNOSTIC,    16, -1.467058683758e-02, 8.697509765625e-04, 0.0000e+00, 0.0000e+00, 
*/mnt/lustre/mathdugre/fast-interpolate/datasets/ds004513/derivatives/flint/antsRegistration/r7-p12/sub-s033/Stage1_level3_Iter0017.nii.gz
2DIAGNOSTIC,    17, -1.483049370816e-02, 9.384155273438e-04, 0.0000e+00, 0.0000e+00, 
*/mnt/lustre/mathdugre/fast-interpolate/datasets/ds004513/derivatives/flint/antsRegistration/r7-p12/sub-s033/Stage1_level3_Iter0018.nii.gz
2DIAGNOSTIC,    18, -1.493685310461e-02, 1.045227050781e-03, 0.0000e+00, 0.0000e+00, 
*/mnt/lustre/mathdugre/fast-interpolate/datasets/ds004513/derivatives/flint/antsRegistration/r7-p12/sub-s033/Stage1_level3_Iter0019.nii.gz
2DIAGNOSTIC,    19, -1.493775777913e-02, 1.083374023438e-03, 0.0000e+00, 0.0000e+00, 
*/mnt/lustre/mathdugre/fast-interpolate/datasets/ds004513/derivatives/flint/antsRegistration/r7-p12/sub-s033/Stage1_level3_Iter0020.nii.gz
2DIAGNOSTIC,    20, -1.496428935086e-02, 1.075744628906e-03, 0.0000e+00, 0.0000e+00, 
*/mnt/lustre/mathdugre/fast-interpolate/datasets/ds004513/derivatives/flint/antsRegistration/r7-p12/sub-s033/Stage1_level3_Iter0021.nii.gz
2DIAGNOSTIC,    21, -1.486924252487e-02, 7.934570312500e-04, 0.0000e+00, 0.0000e+00, 
*/mnt/lustre/mathdugre/fast-interpolate/datasets/ds004513/derivatives/flint/antsRegistration/r7-p12/sub-s033/Stage1_level3_Iter0022.nii.gz
2DIAGNOSTIC,    22, -1.511072692555e-02, 8.087158203125e-04, 0.0000e+00, 0.0000e+00, 
*/mnt/lustre/mathdugre/fast-interpolate/datasets/ds004513/derivatives/flint/antsRegistration/r7-p12/sub-s033/Stage1_level3_Iter0023.nii.gz
2DIAGNOSTIC,    23, -1.499767508830e-02, 7.095336914062e-04, 0.0000e+00, 0.0000e+00, 
*/mnt/lustre/mathdugre/fast-interpolate/datasets/ds004513/derivatives/flint/antsRegistration/r7-p12/sub-s033/Stage1_level3_Iter0024.nii.gz
2DIAGNOSTIC,    24, -1.511196805690e-02, 6.561279296875e-04, 0.0000e+00, 0.0000e+00, 
*/mnt/lustre/mathdugre/fast-interpolate/datasets/ds004513/derivatives/flint/antsRegistration/r7-p12/sub-s033/Stage1_level3_Iter0025.nii.gz
2DIAGNOSTIC,    25, -1.518460706470e-02, 6.866455078125e-04, 0.0000e+00, 0.0000e+00, 
*/mnt/lustre/mathdugre/fast-interpolate/datasets/ds004513/derivatives/flint/antsRegistration/r7-p12/sub-s033/Stage1_level3_Iter0026.nii.gz
2DIAGNOSTIC,    26, -1.516237636772e-02, 5.264282226562e-04, 0.0000e+00, 0.0000e+00, 
*/mnt/lustre/mathdugre/fast-interpolate/datasets/ds004513/derivatives/flint/antsRegistration/r7-p12/sub-s033/Stage1_level3_Iter0027.nii.gz
2DIAGNOSTIC,    27, -1.518685700463e-02, 5.035400390625e-04, 0.0000e+00, 0.0000e+00, 
*/mnt/lustre/mathdugre/fast-interpolate/datasets/ds004513/derivatives/flint/antsRegistration/r7-p12/sub-s033/Stage1_level3_Iter0028.nii.gz
2DIAGNOSTIC,    28, -1.521985530446e-02, 5.264282226562e-04, 0.0000e+00, 0.0000e+00, 
*/mnt/lustre/mathdugre/fast-interpolate/datasets/ds004513/derivatives/flint/antsRegistration/r7-p12/sub-s033/Stage1_level3_Iter0029.nii.gz
2DIAGNOSTIC,    29, -1.524979745033e-02, 4.959106445312e-04, 0.0000e+00, 0.0000e+00, 
*/mnt/lustre/mathdugre/fast-interpolate/datasets/ds004513/derivatives/flint/antsRegistration/r7-p12/sub-s033/Stage1_level3_Iter0030.nii.gz
2DIAGNOSTIC,    30, -1.527988043389e-02, 4.577636718750e-04, 0.0000e+00, 0.0000e+00, 
*/mnt/lustre/mathdugre/fast-interpolate/datasets/ds004513/derivatives/flint/antsRegistration/r7-p12/sub-s033/Stage1_level3_Iter0031.nii.gz
2DIAGNOSTIC,    31, -1.532061015185e-02, 3.585815429688e-04, 0.0000e+00, 0.0000e+00, 
*/mnt/lustre/mathdugre/fast-interpolate/datasets/ds004513/derivatives/flint/antsRegistration/r7-p12/sub-s033/Stage1_level3_Iter0032.nii.gz
2DIAGNOSTIC,    32, -1.526931888345e-02, 3.356933593750e-04, 0.0000e+00, 0.0000e+00, 
*/mnt/lustre/mathdugre/fast-interpolate/datasets/ds004513/derivatives/flint/antsRegistration/r7-p12/sub-s033/Stage1_level3_Iter0033.nii.gz
2DIAGNOSTIC,    33, -1.516884964671e-02, 1.678466796875e-04, 0.0000e+00, 0.0000e+00, 
*/mnt/lustre/mathdugre/fast-interpolate/datasets/ds004513/derivatives/flint/antsRegistration/r7-p12/sub-s033/Stage1_level3_Iter0034.nii.gz
2DIAGNOSTIC,    34, -1.534976094397e-02, 1.602172851562e-04, 0.0000e+00, 0.0000e+00, 
*/mnt/lustre/mathdugre/fast-interpolate/datasets/ds004513/derivatives/flint/antsRegistration/r7-p12/sub-s033/Stage1_level3_Iter0035.nii.gz
2DIAGNOSTIC,    35, -1.531220310633e-02, 1.564025878906e-04, 0.0000e+00, 0.0000e+00, 
*/mnt/lustre/mathdugre/fast-interpolate/datasets/ds004513/derivatives/flint/antsRegistration/r7-p12/sub-s033/Stage1_level3_Iter0036.nii.gz
2DIAGNOSTIC,    36, -1.545959165843e-02, 1.907348632812e-04, 0.0000e+00, 0.0000e+00, 
*/mnt/lustre/mathdugre/fast-interpolate/datasets/ds004513/derivatives/flint/antsRegistration/r7-p12/sub-s033/Stage1_level3_Iter0037.nii.gz
2DIAGNOSTIC,    37, -1.546761194384e-02, 2.288818359375e-04, 0.0000e+00, 0.0000e+00, 
*/mnt/lustre/mathdugre/fast-interpolate/datasets/ds004513/derivatives/flint/antsRegistration/r7-p12/sub-s033/Stage1_level3_Iter0038.nii.gz
2DIAGNOSTIC,    38, -1.551336028603e-02, 2.899169921875e-04, 0.0000e+00, 0.0000e+00, 
*/mnt/lustre/mathdugre/fast-interpolate/datasets/ds004513/derivatives/flint/antsRegistration/r7-p12/sub-s033/Stage1_level3_Iter0039.nii.gz
2DIAGNOSTIC,    39, -1.555299760186e-02, 3.509521484375e-04, 0.0000e+00, 0.0000e+00, 
*/mnt/lustre/mathdugre/fast-interpolate/datasets/ds004513/derivatives/flint/antsRegistration/r7-p12/sub-s033/Stage1_level3_Iter0040.nii.gz
2DIAGNOSTIC,    40, -1.558962359823e-02, 4.043579101562e-04, 0.0000e+00, 0.0000e+00, 
*/mnt/lustre/mathdugre/fast-interpolate/datasets/ds004513/derivatives/flint/antsRegistration/r7-p12/sub-s033/Stage1_level3_Iter0041.nii.gz
2DIAGNOSTIC,    41, -1.554230912656e-02, 4.081726074219e-04, 0.0000e+00, 0.0000e+00, 
*/mnt/lustre/mathdugre/fast-interpolate/datasets/ds004513/derivatives/flint/antsRegistration/r7-p12/sub-s033/Stage1_level3_Iter0042.nii.gz
2DIAGNOSTIC,    42, -1.573135555828e-02, 4.425048828125e-04, 0.0000e+00, 0.0000e+00, 
*/mnt/lustre/mathdugre/fast-interpolate/datasets/ds004513/derivatives/flint/antsRegistration/r7-p12/sub-s033/Stage1_level3_Iter0043.nii.gz
2DIAGNOSTIC,    43, -1.593853337304e-02, 4.806518554688e-04, 0.0000e+00, 0.0000e+00, 
*/mnt/lustre/mathdugre/fast-interpolate/datasets/ds004513/derivatives/flint/antsRegistration/r7-p12/sub-s033/Stage1_level3_Iter0044.nii.gz
2DIAGNOSTIC,    44, -1.594073210186e-02, 5.416870117188e-04, 0.0000e+00, 0.0000e+00, 
*/mnt/lustre/mathdugre/fast-interpolate/datasets/ds004513/derivatives/flint/antsRegistration/r7-p12/sub-s033/Stage1_level3_Iter0045.nii.gz
2DIAGNOSTIC,    45, -1.608673544309e-02, 5.836486816406e-04, 0.0000e+00, 0.0000e+00, 
*/mnt/lustre/mathdugre/fast-interpolate/datasets/ds004513/derivatives/flint/antsRegistration/r7-p12/sub-s033/Stage1_level3_Iter0046.nii.gz
2DIAGNOSTIC,    46, -1.616220930017e-02, 6.828308105469e-04, 0.0000e+00, 0.0000e+00, 
*/mnt/lustre/mathdugre/fast-interpolate/datasets/ds004513/derivatives/flint/antsRegistration/r7-p12/sub-s033/Stage1_level3_Iter0047.nii.gz
2DIAGNOSTIC,    47, -1.624095890319e-02, 7.286071777344e-04, 0.0000e+00, 0.0000e+00, 
*/mnt/lustre/mathdugre/fast-interpolate/datasets/ds004513/derivatives/flint/antsRegistration/r7-p12/sub-s033/Stage1_level3_Iter0048.nii.gz
2DIAGNOSTIC,    48, -1.616797504375e-02, 7.019042968750e-04, 0.0000e+00, 0.0000e+00, 
*/mnt/lustre/mathdugre/fast-interpolate/datasets/ds004513/derivatives/flint/antsRegistration/r7-p12/sub-s033/Stage1_level3_Iter0049.nii.gz
2DIAGNOSTIC,    49, -1.644788439825e-02, 7.247924804688e-04, 0.0000e+00, 0.0000e+00, 
*/mnt/lustre/mathdugre/fast-interpolate/datasets/ds004513/derivatives/flint/antsRegistration/r7-p12/sub-s033/Stage1_level3_Iter0050.nii.gz
2DIAGNOSTIC,    50, -1.629891611532e-02, 6.446838378906e-04, 0.0000e+00, 0.0000e+00, 
*/mnt/lustre/mathdugre/fast-interpolate/datasets/ds004513/derivatives/flint/antsRegistration/r7-p12/sub-s033/Stage1_level3_Iter0051.nii.gz
2DIAGNOSTIC,    51, -1.645226977099e-02, 5.416870117188e-04, 0.0000e+00, 0.0000e+00, 
*/mnt/lustre/mathdugre/fast-interpolate/datasets/ds004513/derivatives/flint/antsRegistration/r7-p12/sub-s033/Stage1_level3_Iter0052.nii.gz
2DIAGNOSTIC,    52, -1.646761716760e-02, 4.539489746094e-04, 0.0000e+00, 0.0000e+00, 
*/mnt/lustre/mathdugre/fast-interpolate/datasets/ds004513/derivatives/flint/antsRegistration/r7-p12/sub-s033/Stage1_level3_Iter0053.nii.gz
2DIAGNOSTIC,    53, -1.632516698336e-02, 3.509521484375e-04, 0.0000e+00, 0.0000e+00, 
*/mnt/lustre/mathdugre/fast-interpolate/datasets/ds004513/derivatives/flint/antsRegistration/r7-p12/sub-s033/Stage1_level3_Iter0054.nii.gz
2DIAGNOSTIC,    54, -1.646564417152e-02, 2.822875976562e-04, 0.0000e+00, 0.0000e+00, 
*/mnt/lustre/mathdugre/fast-interpolate/datasets/ds004513/derivatives/flint/antsRegistration/r7-p12/sub-s033/Stage1_level3_Iter0055.nii.gz
2DIAGNOSTIC,    55, -1.646664163241e-02, 2.136230468750e-04, 0.0000e+00, 0.0000e+00, 
*/mnt/lustre/mathdugre/fast-interpolate/datasets/ds004513/derivatives/flint/antsRegistration/r7-p12/sub-s033/Stage1_level3_Iter0056.nii.gz
2DIAGNOSTIC,    56, -1.647760227925e-02, 1.754760742188e-04, 0.0000e+00, 0.0000e+00, 
*/mnt/lustre/mathdugre/fast-interpolate/datasets/ds004513/derivatives/flint/antsRegistration/r7-p12/sub-s033/Stage1_level3_Iter0057.nii.gz
2DIAGNOSTIC,    57, -1.653746504884e-02, 1.564025878906e-04, 0.0000e+00, 0.0000e+00, 
*/mnt/lustre/mathdugre/fast-interpolate/datasets/ds004513/derivatives/flint/antsRegistration/r7-p12/sub-s033/Stage1_level3_Iter0058.nii.gz
2DIAGNOSTIC,    58, -1.654836276516e-02, 1.182556152344e-04, 0.0000e+00, 0.0000e+00, 
*/mnt/lustre/mathdugre/fast-interpolate/datasets/ds004513/derivatives/flint/antsRegistration/r7-p12/sub-s033/Stage1_level3_Iter0059.nii.gz
2DIAGNOSTIC,    59, -1.650955407687e-02, 1.335144042969e-04, 0.0000e+00, 0.0000e+00, 
*/mnt/lustre/mathdugre/fast-interpolate/datasets/ds004513/derivatives/flint/antsRegistration/r7-p12/sub-s033/Stage1_level3_Iter0060.nii.gz
2DIAGNOSTIC,    60, -1.660765696146e-02, 1.182556152344e-04, 0.0000e+00, 0.0000e+00, 
*/mnt/lustre/mathdugre/fast-interpolate/datasets/ds004513/derivatives/flint/antsRegistration/r7-p12/sub-s033/Stage1_level3_Iter0061.nii.gz
2DIAGNOSTIC,    61, -1.645387869751e-02, 9.918212890625e-05, 0.0000e+00, 0.0000e+00, 
*/mnt/lustre/mathdugre/fast-interpolate/datasets/ds004513/derivatives/flint/antsRegistration/r7-p12/sub-s033/Stage1_level3_Iter0062.nii.gz
2DIAGNOSTIC,    62, -1.658916481926e-02, 1.144409179688e-04, 0.0000e+00, 0.0000e+00, 
*/mnt/lustre/mathdugre/fast-interpolate/datasets/ds004513/derivatives/flint/antsRegistration/r7-p12/sub-s033/Stage1_level3_Iter0063.nii.gz
2DIAGNOSTIC,    63, -1.666972786729e-02, 8.773803710938e-05, 0.0000e+00, 0.0000e+00, 
*/mnt/lustre/mathdugre/fast-interpolate/datasets/ds004513/derivatives/flint/antsRegistration/r7-p12/sub-s033/Stage1_level3_Iter0064.nii.gz
2DIAGNOSTIC,    64, -1.672343649395e-02, 1.258850097656e-04, 0.0000e+00, 0.0000e+00, 
*/mnt/lustre/mathdugre/fast-interpolate/datasets/ds004513/derivatives/flint/antsRegistration/r7-p12/sub-s033/Stage1_level3_Iter0065.nii.gz
2DIAGNOSTIC,    65, -1.670492467826e-02, 1.373291015625e-04, 0.0000e+00, 0.0000e+00, 
*/mnt/lustre/mathdugre/fast-interpolate/datasets/ds004513/derivatives/flint/antsRegistration/r7-p12/sub-s033/Stage1_level3_Iter0066.nii.gz
2DIAGNOSTIC,    66, -1.671956946073e-02, 1.411437988281e-04, 0.0000e+00, 0.0000e+00, 
*/mnt/lustre/mathdugre/fast-interpolate/datasets/ds004513/derivatives/flint/antsRegistration/r7-p12/sub-s033/Stage1_level3_Iter0067.nii.gz
2DIAGNOSTIC,    67, -1.667751379143e-02, 1.411437988281e-04, 0.0000e+00, 0.0000e+00, 
*/mnt/lustre/mathdugre/fast-interpolate/datasets/ds004513/derivatives/flint/antsRegistration/r7-p12/sub-s033/Stage1_level3_Iter0068.nii.gz
2DIAGNOSTIC,    68, -1.671674728238e-02, 1.373291015625e-04, 0.0000e+00, 0.0000e+00, 
*/mnt/lustre/mathdugre/fast-interpolate/datasets/ds004513/derivatives/flint/antsRegistration/r7-p12/sub-s033/Stage1_level3_Iter0069.nii.gz
2DIAGNOSTIC,    69, -1.674070613711e-02, 1.220703125000e-04, 0.0000e+00, 0.0000e+00, 
*/mnt/lustre/mathdugre/fast-interpolate/datasets/ds004513/derivatives/flint/antsRegistration/r7-p12/sub-s033/Stage1_level3_Iter0070.nii.gz
2DIAGNOSTIC,    70, -1.675021506614e-02, 1.144409179688e-04, 0.0000e+00, 0.0000e+00, 
*/mnt/lustre/mathdugre/fast-interpolate/datasets/ds004513/derivatives/flint/antsRegistration/r7-p12/sub-s033/Stage1_level3_Iter0071.nii.gz
2DIAGNOSTIC,    71, -1.678336332666e-02, 7.629394531250e-05, 0.0000e+00, 0.0000e+00, 
*/mnt/lustre/mathdugre/fast-interpolate/datasets/ds004513/derivatives/flint/antsRegistration/r7-p12/sub-s033/Stage1_level3_Iter0072.nii.gz
2DIAGNOSTIC,    72, -1.682869377769e-02, 6.866455078125e-05, 0.0000e+00, 0.0000e+00, 
*/mnt/lustre/mathdugre/fast-interpolate/datasets/ds004513/derivatives/flint/antsRegistration/r7-p12/sub-s033/Stage1_level3_Iter0073.nii.gz
2DIAGNOSTIC,    73, -1.663075857296e-02, 2.670288085938e-05, 0.0000e+00, 0.0000e+00, 
*/mnt/lustre/mathdugre/fast-interpolate/datasets/ds004513/derivatives/flint/antsRegistration/r7-p12/sub-s033/Stage1_level3_Iter0074.nii.gz
2DIAGNOSTIC,    74, -1.675019994178e-02, 2.670288085938e-05, 0.0000e+00, 0.0000e+00, 
*/mnt/lustre/mathdugre/fast-interpolate/datasets/ds004513/derivatives/flint/antsRegistration/r7-p12/sub-s033/Stage1_level3_Iter0075.nii.gz
2DIAGNOSTIC,    75, -1.680803448164e-02, 3.623962402344e-05, 0.0000e+00, 0.0000e+00, 
*/mnt/lustre/mathdugre/fast-interpolate/datasets/ds004513/derivatives/flint/antsRegistration/r7-p12/sub-s033/Stage1_level3_Iter0076.nii.gz
2DIAGNOSTIC,    76, -1.681909728164e-02, 4.577636718750e-05, 0.0000e+00, 0.0000e+00, 
*/mnt/lustre/mathdugre/fast-interpolate/datasets/ds004513/derivatives/flint/antsRegistration/r7-p12/sub-s033/Stage1_level3_Iter0077.nii.gz
2DIAGNOSTIC,    77, -1.686448682680e-02, 5.149841308594e-05, 0.0000e+00, 0.0000e+00, 
*/mnt/lustre/mathdugre/fast-interpolate/datasets/ds004513/derivatives/flint/antsRegistration/r7-p12/sub-s033/Stage1_level3_Iter0078.nii.gz
2DIAGNOSTIC,    78, -1.676257031985e-02, 3.814697265625e-05, 0.0000e+00, 0.0000e+00, 
*/mnt/lustre/mathdugre/fast-interpolate/datasets/ds004513/derivatives/flint/antsRegistration/r7-p12/sub-s033/Stage1_level3_Iter0079.nii.gz
2DIAGNOSTIC,    79, -1.695131245797e-02, 7.438659667969e-05, 0.0000e+00, 0.0000e+00, 
*/mnt/lustre/mathdugre/fast-interpolate/datasets/ds004513/derivatives/flint/antsRegistration/r7-p12/sub-s033/Stage1_level3_Iter0080.nii.gz
2DIAGNOSTIC,    80, -1.698043925047e-02, 1.049041748047e-04, 0.0000e+00, 0.0000e+00, 
*/mnt/lustre/mathdugre/fast-interpolate/datasets/ds004513/derivatives/flint/antsRegistration/r7-p12/sub-s033/Stage1_level3_Iter0081.nii.gz
2DIAGNOSTIC,    81, -1.692863586496e-02, 1.182556152344e-04, 0.0000e+00, 0.0000e+00, 
*/mnt/lustre/mathdugre/fast-interpolate/datasets/ds004513/derivatives/flint/antsRegistration/r7-p12/sub-s033/Stage1_level3_Iter0082.nii.gz
2DIAGNOSTIC,    82, -1.706899400906e-02, 1.659393310547e-04, 0.0000e+00, 0.0000e+00, 
*/mnt/lustre/mathdugre/fast-interpolate/datasets/ds004513/derivatives/flint/antsRegistration/r7-p12/sub-s033/Stage1_level3_Iter0083.nii.gz
2DIAGNOSTIC,    83, -1.710587140928e-02, 1.640319824219e-04, 0.0000e+00, 0.0000e+00, 
*/mnt/lustre/mathdugre/fast-interpolate/datasets/ds004513/derivatives/flint/antsRegistration/r7-p12/sub-s033/Stage1_level3_Iter0084.nii.gz
2DIAGNOSTIC,    84, -1.711607276664e-02, 1.659393310547e-04, 0.0000e+00, 0.0000e+00, 
*/mnt/lustre/mathdugre/fast-interpolate/datasets/ds004513/derivatives/flint/antsRegistration/r7-p12/sub-s033/Stage1_level3_Iter0085.nii.gz
2DIAGNOSTIC,    85, -1.708779710816e-02, 1.621246337891e-04, 0.0000e+00, 0.0000e+00, 
*/mnt/lustre/mathdugre/fast-interpolate/datasets/ds004513/derivatives/flint/antsRegistration/r7-p12/sub-s033/Stage1_level3_Iter0086.nii.gz
2DIAGNOSTIC,    86, -1.704548322208e-02, 1.354217529297e-04, 0.0000e+00, 0.0000e+00, 
*/mnt/lustre/mathdugre/fast-interpolate/datasets/ds004513/derivatives/flint/antsRegistration/r7-p12/sub-s033/Stage1_level3_Iter0087.nii.gz
2DIAGNOSTIC,    87, -1.706757372247e-02, 1.182556152344e-04, 0.0000e+00, 0.0000e+00, 
*/mnt/lustre/mathdugre/fast-interpolate/datasets/ds004513/derivatives/flint/antsRegistration/r7-p12/sub-s033/Stage1_level3_Iter0088.nii.gz
2DIAGNOSTIC,    88, -1.699763800202e-02, 4.386901855469e-05, 0.0000e+00, 0.0000e+00, 
*/mnt/lustre/mathdugre/fast-interpolate/datasets/ds004513/derivatives/flint/antsRegistration/r7-p12/sub-s033/Stage1_level3_Iter0089.nii.gz
2DIAGNOSTIC,    89, -1.712191636673e-02, 3.433227539062e-05, 0.0000e+00, 0.0000e+00, 
*/mnt/lustre/mathdugre/fast-interpolate/datasets/ds004513/derivatives/flint/antsRegistration/r7-p12/sub-s033/Stage1_level3_Iter0090.nii.gz
2DIAGNOSTIC,    90, -1.717995017263e-02, 4.005432128906e-05, 0.0000e+00, 0.0000e+00, 
*/mnt/lustre/mathdugre/fast-interpolate/datasets/ds004513/derivatives/flint/antsRegistration/r7-p12/sub-s033/Stage1_level3_Iter0091.nii.gz
2DIAGNOSTIC,    91, -1.717707707621e-02, 2.479553222656e-05, 0.0000e+00, 0.0000e+00, 
*/mnt/lustre/mathdugre/fast-interpolate/datasets/ds004513/derivatives/flint/antsRegistration/r7-p12/sub-s033/Stage1_level3_Iter0092.nii.gz
2DIAGNOSTIC,    92, -1.705219444808e-02, 1.716613769531e-05, 0.0000e+00, 0.0000e+00, 
*/mnt/lustre/mathdugre/fast-interpolate/datasets/ds004513/derivatives/flint/antsRegistration/r7-p12/sub-s033/Stage1_level3_Iter0093.nii.gz
2DIAGNOSTIC,    93, -1.719652036640e-02, 4.005432128906e-05, 0.0000e+00, 0.0000e+00, 
*/mnt/lustre/mathdugre/fast-interpolate/datasets/ds004513/derivatives/flint/antsRegistration/r7-p12/sub-s033/Stage1_level3_Iter0094.nii.gz
2DIAGNOSTIC,    94, -1.730281207764e-02, 8.201599121094e-05, 0.0000e+00, 0.0000e+00, 
*/mnt/lustre/mathdugre/fast-interpolate/datasets/ds004513/derivatives/flint/antsRegistration/r7-p12/sub-s033/Stage1_level3_Iter0095.nii.gz
2DIAGNOSTIC,    95, -1.782160693240e-02, 2.040863037109e-04, 0.0000e+00, 0.0000e+00, 
*/mnt/lustre/mathdugre/fast-interpolate/datasets/ds004513/derivatives/flint/antsRegistration/r7-p12/sub-s033/Stage1_level3_Iter0096.nii.gz
2DIAGNOSTIC,    96, -1.836113309195e-02, 3.929138183594e-04, 0.0000e+00, 0.0000e+00, 
*/mnt/lustre/mathdugre/fast-interpolate/datasets/ds004513/derivatives/flint/antsRegistration/r7-p12/sub-s033/Stage1_level3_Iter0097.nii.gz
2DIAGNOSTIC,    97, -1.927287057831e-02, 7.114410400391e-04, 0.0000e+00, 0.0000e+00, 
*/mnt/lustre/mathdugre/fast-interpolate/datasets/ds004513/derivatives/flint/antsRegistration/r7-p12/sub-s033/Stage1_level3_Iter0098.nii.gz
2DIAGNOSTIC,    98, -2.337270096594e-02, 1.672744750977e-03, 0.0000e+00, 0.0000e+00, 
*/mnt/lustre/mathdugre/fast-interpolate/datasets/ds004513/derivatives/flint/antsRegistration/r7-p12/sub-s033/Stage1_level3_Iter0099.nii.gz
2DIAGNOSTIC,    99, -3.240124121177e-02, 4.032135009766e-03, 0.0000e+00, 0.0000e+00, 
*/mnt/lustre/mathdugre/fast-interpolate/datasets/ds004513/derivatives/flint/antsRegistration/r7-p12/sub-s033/Stage1_level3_Iter0100.nii.gz
2DIAGNOSTIC,   100, -4.382644274902e-02, 7.808685302734e-03, 0.0000e+00, 0.0000e+00, 
*/mnt/lustre/mathdugre/fast-interpolate/datasets/ds004513/derivatives/flint/antsRegistration/r7-p12/sub-s033/Stage1_level3_Iter0101.nii.gz
2DIAGNOSTIC,   101, -4.647276092288e-02, 1.104736328125e-02, 0.0000e+00, 0.0000e+00, 
*/mnt/lustre/mathdugre/fast-interpolate/datasets/ds004513/derivatives/flint/antsRegistration/r7-p12/sub-s033/Stage1_level3_Iter0102.nii.gz
2DIAGNOSTIC,   102, -4.725023873954e-02, 1.319313049316e-02, 0.0000e+00, 0.0000e+00, 
*/mnt/lustre/mathdugre/fast-interpolate/datasets/ds004513/derivatives/flint/antsRegistration/r7-p12/sub-s033/Stage1_level3_Iter0103.nii.gz
2DIAGNOSTIC,   103, -4.782947571588e-02, 1.408767700195e-02, 0.0000e+00, 0.0000e+00, 
*/mnt/lustre/mathdugre/fast-interpolate/datasets/ds004513/derivatives/flint/antsRegistration/r7-p12/sub-s033/Stage1_level3_Iter0104.nii.gz
2DIAGNOSTIC,   104, -5.169777059987e-02, 1.416206359863e-02, 0.0000e+00, 0.0000e+00, 
*/mnt/lustre/mathdugre/fast-interpolate/datasets/ds004513/derivatives/flint/antsRegistration/r7-p12/sub-s033/Stage1_level3_Iter0105.nii.gz
2DIAGNOSTIC,   105, -6.003687619658e-02, 1.409912109375e-02, 0.0000e+00, 0.0000e+00, 
*/mnt/lustre/mathdugre/fast-interpolate/datasets/ds004513/derivatives/flint/antsRegistration/r7-p12/sub-s033/Stage1_level3_Iter0106.nii.gz
2DIAGNOSTIC,   106, -5.991920173388e-02, 1.276016235352e-02, 0.0000e+00, 0.0000e+00, 
*/mnt/lustre/mathdugre/fast-interpolate/datasets/ds004513/derivatives/flint/antsRegistration/r7-p12/sub-s033/Stage1_level3_Iter0107.nii.gz
2DIAGNOSTIC,   107, -5.986471339073e-02, 1.045227050781e-02, 0.0000e+00, 0.0000e+00, 
*/mnt/lustre/mathdugre/fast-interpolate/datasets/ds004513/derivatives/flint/antsRegistration/r7-p12/sub-s033/Stage1_level3_Iter0108.nii.gz
2DIAGNOSTIC,   108, -5.985120886279e-02, 7.831573486328e-03, 0.0000e+00, 0.0000e+00, 
*/mnt/lustre/mathdugre/fast-interpolate/datasets/ds004513/derivatives/flint/antsRegistration/r7-p12/sub-s033/Stage1_level3_Iter0109.nii.gz
2DIAGNOSTIC,   109, -5.975394177324e-02, 5.767822265625e-03, 0.0000e+00, 0.0000e+00, 
*/mnt/lustre/mathdugre/fast-interpolate/datasets/ds004513/derivatives/flint/antsRegistration/r7-p12/sub-s033/Stage1_level3_Iter0110.nii.gz
2DIAGNOSTIC,   110, -5.978950031939e-02, 4.699707031250e-03, 0.0000e+00, 0.0000e+00, 
*/mnt/lustre/mathdugre/fast-interpolate/datasets/ds004513/derivatives/flint/antsRegistration/r7-p12/sub-s033/Stage1_level3_Iter0111.nii.gz
2DIAGNOSTIC,   111, -5.976282565085e-02, 3.585815429688e-03, 0.0000e+00, 0.0000e+00, 
*/mnt/lustre/mathdugre/fast-interpolate/datasets/ds004513/derivatives/flint/antsRegistration/r7-p12/sub-s033/Stage1_level3_Iter0112.nii.gz
2DIAGNOSTIC,   112, -5.974589765020e-02, 2.292633056641e-03, 0.0000e+00, 0.0000e+00, 
*/mnt/lustre/mathdugre/fast-interpolate/datasets/ds004513/derivatives/flint/antsRegistration/r7-p12/sub-s033/Stage1_level3_Iter0113.nii.gz
2DIAGNOSTIC,   113, -5.973251909495e-02, 9.040832519531e-04, 0.0000e+00, 0.0000e+00, 
DIAGNOSTIC,Iteration,metricValue,convergenceValue,ITERATION_TIME_INDEX,SINCE_LAST
*/mnt/lustre/mathdugre/fast-interpolate/datasets/ds004513/derivatives/flint/antsRegistration/r7-p12/sub-s033/Stage1_level4_Iter0001.nii.gz
2DIAGNOSTIC,     1, -5.576933626043e-02, 1.797693134862e+308, 0.0000e+00, 0.0000e+00, 
*/mnt/lustre/mathdugre/fast-interpolate/datasets/ds004513/derivatives/flint/antsRegistration/r7-p12/sub-s033/Stage1_level4_Iter0002.nii.gz
2DIAGNOSTIC,     2, -5.582068434251e-02, 1.797693134862e+308, 0.0000e+00, 0.0000e+00, 
*/mnt/lustre/mathdugre/fast-interpolate/datasets/ds004513/derivatives/flint/antsRegistration/r7-p12/sub-s033/Stage1_level4_Iter0003.nii.gz
2DIAGNOSTIC,     3, -5.582928086563e-02, 1.797693134862e+308, 0.0000e+00, 0.0000e+00, 
*/mnt/lustre/mathdugre/fast-interpolate/datasets/ds004513/derivatives/flint/antsRegistration/r7-p12/sub-s033/Stage1_level4_Iter0004.nii.gz
2DIAGNOSTIC,     4, -5.582361111886e-02, 1.797693134862e+308, 0.0000e+00, 0.0000e+00, 
*/mnt/lustre/mathdugre/fast-interpolate/datasets/ds004513/derivatives/flint/antsRegistration/r7-p12/sub-s033/Stage1_level4_Iter0005.nii.gz
2DIAGNOSTIC,     5, -5.581672535710e-02, 1.797693134862e+308, 0.0000e+00, 0.0000e+00, 
*/mnt/lustre/mathdugre/fast-interpolate/datasets/ds004513/derivatives/flint/antsRegistration/r7-p12/sub-s033/Stage1_level4_Iter0006.nii.gz
2DIAGNOSTIC,     6, -5.580306766293e-02, 1.797693134862e+308, 0.0000e+00, 0.0000e+00, 
*/mnt/lustre/mathdugre/fast-interpolate/datasets/ds004513/derivatives/flint/antsRegistration/r7-p12/sub-s033/Stage1_level4_Iter0007.nii.gz
2DIAGNOSTIC,     7, -5.580306108159e-02, 1.797693134862e+308, 0.0000e+00, 0.0000e+00, 
*/mnt/lustre/mathdugre/fast-interpolate/datasets/ds004513/derivatives/flint/antsRegistration/r7-p12/sub-s033/Stage1_level4_Iter0008.nii.gz
2DIAGNOSTIC,     8, -5.580926656568e-02, 1.797693134862e+308, 0.0000e+00, 0.0000e+00, 
*/mnt/lustre/mathdugre/fast-interpolate/datasets/ds004513/derivatives/flint/antsRegistration/r7-p12/sub-s033/Stage1_level4_Iter0009.nii.gz
2DIAGNOSTIC,     9, -5.580843391505e-02, 1.797693134862e+308, 0.0000e+00, 0.0000e+00, 
*/mnt/lustre/mathdugre/fast-interpolate/datasets/ds004513/derivatives/flint/antsRegistration/r7-p12/sub-s033/Stage1_level4_Iter0010.nii.gz
2DIAGNOSTIC,    10, -5.592856128113e-02, 7.629394531250e-05, 0.0000e+00, 0.0000e+00, 
*/mnt/lustre/mathdugre/fast-interpolate/datasets/ds004513/derivatives/flint/antsRegistration/r7-p12/sub-s033/Stage1_level4_Iter0011.nii.gz
2DIAGNOSTIC,    11, -5.591742096379e-02, 9.155273437500e-05, 0.0000e+00, 0.0000e+00, 
*/mnt/lustre/mathdugre/fast-interpolate/datasets/ds004513/derivatives/flint/antsRegistration/r7-p12/sub-s033/Stage1_level4_Iter0012.nii.gz
2DIAGNOSTIC,    12, -5.591167642674e-02, 1.220703125000e-04, 0.0000e+00, 0.0000e+00, 
*/mnt/lustre/mathdugre/fast-interpolate/datasets/ds004513/derivatives/flint/antsRegistration/r7-p12/sub-s033/Stage1_level4_Iter0013.nii.gz
2DIAGNOSTIC,    13, -5.590387930959e-02, 1.373291015625e-04, 0.0000e+00, 0.0000e+00, 
*/mnt/lustre/mathdugre/fast-interpolate/datasets/ds004513/derivatives/flint/antsRegistration/r7-p12/sub-s033/Stage1_level4_Iter0014.nii.gz
2DIAGNOSTIC,    14, -5.588765194110e-02, 1.068115234375e-04, 0.0000e+00, 0.0000e+00, 
*/mnt/lustre/mathdugre/fast-interpolate/datasets/ds004513/derivatives/flint/antsRegistration/r7-p12/sub-s033/Stage1_level4_Iter0015.nii.gz
2DIAGNOSTIC,    15, -5.588163291484e-02, 9.155273437500e-05, 0.0000e+00, 0.0000e+00, 
*/mnt/lustre/mathdugre/fast-interpolate/datasets/ds004513/derivatives/flint/antsRegistration/r7-p12/sub-s033/Stage1_level4_Iter0016.nii.gz
2DIAGNOSTIC,    16, -5.588279198360e-02, 6.103515625000e-05, 0.0000e+00, 0.0000e+00, 
*/mnt/lustre/mathdugre/fast-interpolate/datasets/ds004513/derivatives/flint/antsRegistration/r7-p12/sub-s033/Stage1_level4_Iter0017.nii.gz
2DIAGNOSTIC,    17, -5.587464716823e-02, 1.525878906250e-05, 0.0000e+00, 0.0000e+00, 
  Elapsed time (stage 0): 0.0000e+00


Stage 1
  iterations = 1000x500x250x100
  convergence threshold = 1.0000e-06
  convergence window size = 10
  number of levels = 4
  using the Mattes MI metric (number of bins = 32, weight = 1.0000e+00, use gradient filter = 0)
  preprocessing:  winsorizing the image intensities
  Shrink factors (level 1 out of 4): [8, 8, 8]
  Shrink factors (level 2 out of 4): [4, 4, 4]
  Shrink factors (level 3 out of 4): [2, 2, 2]
  Shrink factors (level 4 out of 4): [1, 1, 1]
  smoothing sigmas per level: [3, 2, 1, 0]
  regular sampling (percentage = 2.5000e-01)

*** Running AffineTransform registration ***

DIAGNOSTIC,Iteration,metricValue,convergenceValue,ITERATION_TIME_INDEX,SINCE_LAST
*/mnt/lustre/mathdugre/fast-interpolate/datasets/ds004513/derivatives/flint/antsRegistration/r7-p12/sub-s033/Stage2_level1_Iter0001.nii.gz
2DIAGNOSTIC,     1, -9.388196989062e-02, 1.797693134862e+308, 0.0000e+00, 0.0000e+00, 
*/mnt/lustre/mathdugre/fast-interpolate/datasets/ds004513/derivatives/flint/antsRegistration/r7-p12/sub-s033/Stage2_level1_Iter0002.nii.gz
2DIAGNOSTIC,     2, -9.390323534119e-02, 1.797693134862e+308, 0.0000e+00, 0.0000e+00, 
*/mnt/lustre/mathdugre/fast-interpolate/datasets/ds004513/derivatives/flint/antsRegistration/r7-p12/sub-s033/Stage2_level1_Iter0003.nii.gz
2DIAGNOSTIC,     3, -9.384857563895e-02, 1.797693134862e+308, 0.0000e+00, 0.0000e+00, 
*/mnt/lustre/mathdugre/fast-interpolate/datasets/ds004513/derivatives/flint/antsRegistration/r7-p12/sub-s033/Stage2_level1_Iter0004.nii.gz
2DIAGNOSTIC,     4, -9.408518847468e-02, 1.797693134862e+308, 0.0000e+00, 0.0000e+00, 
*/mnt/lustre/mathdugre/fast-interpolate/datasets/ds004513/derivatives/flint/antsRegistration/r7-p12/sub-s033/Stage2_level1_Iter0005.nii.gz
2DIAGNOSTIC,     5, -9.444890007579e-02, 1.797693134862e+308, 0.0000e+00, 0.0000e+00, 
*/mnt/lustre/mathdugre/fast-interpolate/datasets/ds004513/derivatives/flint/antsRegistration/r7-p12/sub-s033/Stage2_level1_Iter0006.nii.gz
2DIAGNOSTIC,     6, -9.450157165653e-02, 1.797693134862e+308, 0.0000e+00, 0.0000e+00, 
*/mnt/lustre/mathdugre/fast-interpolate/datasets/ds004513/derivatives/flint/antsRegistration/r7-p12/sub-s033/Stage2_level1_Iter0007.nii.gz
2DIAGNOSTIC,     7, -9.544524105956e-02, 1.797693134862e+308, 0.0000e+00, 0.0000e+00, 
*/mnt/lustre/mathdugre/fast-interpolate/datasets/ds004513/derivatives/flint/antsRegistration/r7-p12/sub-s033/Stage2_level1_Iter0008.nii.gz
2DIAGNOSTIC,     8, -9.596785562741e-02, 1.797693134862e+308, 0.0000e+00, 0.0000e+00, 
*/mnt/lustre/mathdugre/fast-interpolate/datasets/ds004513/derivatives/flint/antsRegistration/r7-p12/sub-s033/Stage2_level1_Iter0009.nii.gz
2DIAGNOSTIC,     9, -9.605157562983e-02, 1.797693134862e+308, 0.0000e+00, 0.0000e+00, 
*/mnt/lustre/mathdugre/fast-interpolate/datasets/ds004513/derivatives/flint/antsRegistration/r7-p12/sub-s033/Stage2_level1_Iter0010.nii.gz
2DIAGNOSTIC,    10, -9.600984585667e-02, 1.876831054688e-03, 0.0000e+00, 0.0000e+00, 
*/mnt/lustre/mathdugre/fast-interpolate/datasets/ds004513/derivatives/flint/antsRegistration/r7-p12/sub-s033/Stage2_level1_Iter0011.nii.gz
2DIAGNOSTIC,    11, -9.602859872569e-02, 1.708984375000e-03, 0.0000e+00, 0.0000e+00, 
*/mnt/lustre/mathdugre/fast-interpolate/datasets/ds004513/derivatives/flint/antsRegistration/r7-p12/sub-s033/Stage2_level1_Iter0012.nii.gz
2DIAGNOSTIC,    12, -9.668185469966e-02, 1.632690429688e-03, 0.0000e+00, 0.0000e+00, 
*/mnt/lustre/mathdugre/fast-interpolate/datasets/ds004513/derivatives/flint/antsRegistration/r7-p12/sub-s033/Stage2_level1_Iter0013.nii.gz
2DIAGNOSTIC,    13, -9.686376882718e-02, 1.388549804688e-03, 0.0000e+00, 0.0000e+00, 
*/mnt/lustre/mathdugre/fast-interpolate/datasets/ds004513/derivatives/flint/antsRegistration/r7-p12/sub-s033/Stage2_level1_Iter0014.nii.gz
2DIAGNOSTIC,    14, -9.686662999431e-02, 1.129150390625e-03, 0.0000e+00, 0.0000e+00, 
*/mnt/lustre/mathdugre/fast-interpolate/datasets/ds004513/derivatives/flint/antsRegistration/r7-p12/sub-s033/Stage2_level1_Iter0015.nii.gz
2DIAGNOSTIC,    15, -9.736669428429e-02, 1.007080078125e-03, 0.0000e+00, 0.0000e+00, 
*/mnt/lustre/mathdugre/fast-interpolate/datasets/ds004513/derivatives/flint/antsRegistration/r7-p12/sub-s033/Stage2_level1_Iter0016.nii.gz
2DIAGNOSTIC,    16, -9.737651680762e-02, 7.934570312500e-04, 0.0000e+00, 0.0000e+00, 
*/mnt/lustre/mathdugre/fast-interpolate/datasets/ds004513/derivatives/flint/antsRegistration/r7-p12/sub-s033/Stage2_level1_Iter0017.nii.gz
2DIAGNOSTIC,    17, -9.765713171116e-02, 7.324218750000e-04, 0.0000e+00, 0.0000e+00, 
*/mnt/lustre/mathdugre/fast-interpolate/datasets/ds004513/derivatives/flint/antsRegistration/r7-p12/sub-s033/Stage2_level1_Iter0018.nii.gz
2DIAGNOSTIC,    18, -9.898694400157e-02, 9.384155273438e-04, 0.0000e+00, 0.0000e+00, 
*/mnt/lustre/mathdugre/fast-interpolate/datasets/ds004513/derivatives/flint/antsRegistration/r7-p12/sub-s033/Stage2_level1_Iter0019.nii.gz
2DIAGNOSTIC,    19, -9.955387618190e-02, 1.121520996094e-03, 0.0000e+00, 0.0000e+00, 
*/mnt/lustre/mathdugre/fast-interpolate/datasets/ds004513/derivatives/flint/antsRegistration/r7-p12/sub-s033/Stage2_level1_Iter0020.nii.gz
2DIAGNOSTIC,    20, -9.998937434885e-02, 1.228332519531e-03, 0.0000e+00, 0.0000e+00, 
*/mnt/lustre/mathdugre/fast-interpolate/datasets/ds004513/derivatives/flint/antsRegistration/r7-p12/sub-s033/Stage2_level1_Iter0021.nii.gz
2DIAGNOSTIC,    21, -1.007687911701e-01, 1.335144042969e-03, 0.0000e+00, 0.0000e+00, 
*/mnt/lustre/mathdugre/fast-interpolate/datasets/ds004513/derivatives/flint/antsRegistration/r7-p12/sub-s033/Stage2_level1_Iter0022.nii.gz
2DIAGNOSTIC,    22, -1.005114175756e-01, 1.350402832031e-03, 0.0000e+00, 0.0000e+00, 
*/mnt/lustre/mathdugre/fast-interpolate/datasets/ds004513/derivatives/flint/antsRegistration/r7-p12/sub-s033/Stage2_level1_Iter0023.nii.gz
2DIAGNOSTIC,    23, -1.007595145031e-01, 1.296997070312e-03, 0.0000e+00, 0.0000e+00, 
*/mnt/lustre/mathdugre/fast-interpolate/datasets/ds004513/derivatives/flint/antsRegistration/r7-p12/sub-s033/Stage2_level1_Iter0024.nii.gz
2DIAGNOSTIC,    24, -1.025833489628e-01, 1.350402832031e-03, 0.0000e+00, 0.0000e+00, 
*/mnt/lustre/mathdugre/fast-interpolate/datasets/ds004513/derivatives/flint/antsRegistration/r7-p12/sub-s033/Stage2_level1_Iter0025.nii.gz
2DIAGNOSTIC,    25, -1.032308354748e-01, 1.396179199219e-03, 0.0000e+00, 0.0000e+00, 
*/mnt/lustre/mathdugre/fast-interpolate/datasets/ds004513/derivatives/flint/antsRegistration/r7-p12/sub-s033/Stage2_level1_Iter0026.nii.gz
2DIAGNOSTIC,    26, -1.034222329162e-01, 1.342773437500e-03, 0.0000e+00, 0.0000e+00, 
*/mnt/lustre/mathdugre/fast-interpolate/datasets/ds004513/derivatives/flint/antsRegistration/r7-p12/sub-s033/Stage2_level1_Iter0027.nii.gz
2DIAGNOSTIC,    27, -1.037541464851e-01, 1.220703125000e-03, 0.0000e+00, 0.0000e+00, 
*/mnt/lustre/mathdugre/fast-interpolate/datasets/ds004513/derivatives/flint/antsRegistration/r7-p12/sub-s033/Stage2_level1_Iter0028.nii.gz
2DIAGNOSTIC,    28, -1.038802337732e-01, 1.144409179688e-03, 0.0000e+00, 0.0000e+00, 
*/mnt/lustre/mathdugre/fast-interpolate/datasets/ds004513/derivatives/flint/antsRegistration/r7-p12/sub-s033/Stage2_level1_Iter0029.nii.gz
2DIAGNOSTIC,    29, -1.040192783856e-01, 1.037597656250e-03, 0.0000e+00, 0.0000e+00, 
*/mnt/lustre/mathdugre/fast-interpolate/datasets/ds004513/derivatives/flint/antsRegistration/r7-p12/sub-s033/Stage2_level1_Iter0030.nii.gz
2DIAGNOSTIC,    30, -1.040352054968e-01, 8.773803710938e-04, 0.0000e+00, 0.0000e+00, 
*/mnt/lustre/mathdugre/fast-interpolate/datasets/ds004513/derivatives/flint/antsRegistration/r7-p12/sub-s033/Stage2_level1_Iter0031.nii.gz
2DIAGNOSTIC,    31, -1.043018460189e-01, 7.400512695312e-04, 0.0000e+00, 0.0000e+00, 
*/mnt/lustre/mathdugre/fast-interpolate/datasets/ds004513/derivatives/flint/antsRegistration/r7-p12/sub-s033/Stage2_level1_Iter0032.nii.gz
2DIAGNOSTIC,    32, -1.046015091949e-01, 5.569458007812e-04, 0.0000e+00, 0.0000e+00, 
*/mnt/lustre/mathdugre/fast-interpolate/datasets/ds004513/derivatives/flint/antsRegistration/r7-p12/sub-s033/Stage2_level1_Iter0033.nii.gz
2DIAGNOSTIC,    33, -1.046232876844e-01, 3.509521484375e-04, 0.0000e+00, 0.0000e+00, 
*/mnt/lustre/mathdugre/fast-interpolate/datasets/ds004513/derivatives/flint/antsRegistration/r7-p12/sub-s033/Stage2_level1_Iter0034.nii.gz
2DIAGNOSTIC,    34, -1.046079709440e-01, 2.822875976562e-04, 0.0000e+00, 0.0000e+00, 
*/mnt/lustre/mathdugre/fast-interpolate/datasets/ds004513/derivatives/flint/antsRegistration/r7-p12/sub-s033/Stage2_level1_Iter0035.nii.gz
2DIAGNOSTIC,    35, -1.043841383202e-01, 2.059936523438e-04, 0.0000e+00, 0.0000e+00, 
*/mnt/lustre/mathdugre/fast-interpolate/datasets/ds004513/derivatives/flint/antsRegistration/r7-p12/sub-s033/Stage2_level1_Iter0036.nii.gz
2DIAGNOSTIC,    36, -1.043782751191e-01, 1.525878906250e-04, 0.0000e+00, 0.0000e+00, 
*/mnt/lustre/mathdugre/fast-interpolate/datasets/ds004513/derivatives/flint/antsRegistration/r7-p12/sub-s033/Stage2_level1_Iter0037.nii.gz
2DIAGNOSTIC,    37, -1.043856694779e-01, 9.536743164062e-05, 0.0000e+00, 0.0000e+00, 
*/mnt/lustre/mathdugre/fast-interpolate/datasets/ds004513/derivatives/flint/antsRegistration/r7-p12/sub-s033/Stage2_level1_Iter0038.nii.gz
2DIAGNOSTIC,    38, -1.043862897221e-01, 5.722045898438e-05, 0.0000e+00, 0.0000e+00, 
*/mnt/lustre/mathdugre/fast-interpolate/datasets/ds004513/derivatives/flint/antsRegistration/r7-p12/sub-s033/Stage2_level1_Iter0039.nii.gz
2DIAGNOSTIC,    39, -1.043862897221e-01, 7.629394531250e-06, 0.0000e+00, 0.0000e+00, 
DIAGNOSTIC,Iteration,metricValue,convergenceValue,ITERATION_TIME_INDEX,SINCE_LAST
*/mnt/lustre/mathdugre/fast-interpolate/datasets/ds004513/derivatives/flint/antsRegistration/r7-p12/sub-s033/Stage2_level2_Iter0001.nii.gz
2DIAGNOSTIC,     1, -7.031951629490e-02, 1.797693134862e+308, 0.0000e+00, 0.0000e+00, 
*/mnt/lustre/mathdugre/fast-interpolate/datasets/ds004513/derivatives/flint/antsRegistration/r7-p12/sub-s033/Stage2_level2_Iter0002.nii.gz
2DIAGNOSTIC,     2, -7.042175839197e-02, 1.797693134862e+308, 0.0000e+00, 0.0000e+00, 
*/mnt/lustre/mathdugre/fast-interpolate/datasets/ds004513/derivatives/flint/antsRegistration/r7-p12/sub-s033/Stage2_level2_Iter0003.nii.gz
2DIAGNOSTIC,     3, -7.050069387330e-02, 1.797693134862e+308, 0.0000e+00, 0.0000e+00, 
*/mnt/lustre/mathdugre/fast-interpolate/datasets/ds004513/derivatives/flint/antsRegistration/r7-p12/sub-s033/Stage2_level2_Iter0004.nii.gz
2DIAGNOSTIC,     4, -7.064851624768e-02, 1.797693134862e+308, 0.0000e+00, 0.0000e+00, 
*/mnt/lustre/mathdugre/fast-interpolate/datasets/ds004513/derivatives/flint/antsRegistration/r7-p12/sub-s033/Stage2_level2_Iter0005.nii.gz
2DIAGNOSTIC,     5, -7.089430945445e-02, 1.797693134862e+308, 0.0000e+00, 0.0000e+00, 
*/mnt/lustre/mathdugre/fast-interpolate/datasets/ds004513/derivatives/flint/antsRegistration/r7-p12/sub-s033/Stage2_level2_Iter0006.nii.gz
2DIAGNOSTIC,     6, -7.102136888610e-02, 1.797693134862e+308, 0.0000e+00, 0.0000e+00, 
*/mnt/lustre/mathdugre/fast-interpolate/datasets/ds004513/derivatives/flint/antsRegistration/r7-p12/sub-s033/Stage2_level2_Iter0007.nii.gz
2DIAGNOSTIC,     7, -7.101758241336e-02, 1.797693134862e+308, 0.0000e+00, 0.0000e+00, 
*/mnt/lustre/mathdugre/fast-interpolate/datasets/ds004513/derivatives/flint/antsRegistration/r7-p12/sub-s033/Stage2_level2_Iter0008.nii.gz
2DIAGNOSTIC,     8, -7.099294061781e-02, 1.797693134862e+308, 0.0000e+00, 0.0000e+00, 
*/mnt/lustre/mathdugre/fast-interpolate/datasets/ds004513/derivatives/flint/antsRegistration/r7-p12/sub-s033/Stage2_level2_Iter0009.nii.gz
2DIAGNOSTIC,     9, -7.099711837937e-02, 1.797693134862e+308, 0.0000e+00, 0.0000e+00, 
*/mnt/lustre/mathdugre/fast-interpolate/datasets/ds004513/derivatives/flint/antsRegistration/r7-p12/sub-s033/Stage2_level2_Iter0010.nii.gz
2DIAGNOSTIC,    10, -7.102628351514e-02, 6.561279296875e-04, 0.0000e+00, 0.0000e+00, 
*/mnt/lustre/mathdugre/fast-interpolate/datasets/ds004513/derivatives/flint/antsRegistration/r7-p12/sub-s033/Stage2_level2_Iter0011.nii.gz
2DIAGNOSTIC,    11, -7.113821410352e-02, 5.187988281250e-04, 0.0000e+00, 0.0000e+00, 
*/mnt/lustre/mathdugre/fast-interpolate/datasets/ds004513/derivatives/flint/antsRegistration/r7-p12/sub-s033/Stage2_level2_Iter0012.nii.gz
2DIAGNOSTIC,    12, -7.138195435686e-02, 4.730224609375e-04, 0.0000e+00, 0.0000e+00, 
*/mnt/lustre/mathdugre/fast-interpolate/datasets/ds004513/derivatives/flint/antsRegistration/r7-p12/sub-s033/Stage2_level2_Iter0013.nii.gz
2DIAGNOSTIC,    13, -7.139636183688e-02, 3.967285156250e-04, 0.0000e+00, 0.0000e+00, 
*/mnt/lustre/mathdugre/fast-interpolate/datasets/ds004513/derivatives/flint/antsRegistration/r7-p12/sub-s033/Stage2_level2_Iter0014.nii.gz
2DIAGNOSTIC,    14, -7.146871191201e-02, 3.509521484375e-04, 0.0000e+00, 0.0000e+00, 
*/mnt/lustre/mathdugre/fast-interpolate/datasets/ds004513/derivatives/flint/antsRegistration/r7-p12/sub-s033/Stage2_level2_Iter0015.nii.gz
2DIAGNOSTIC,    15, -7.143511322604e-02, 3.509521484375e-04, 0.0000e+00, 0.0000e+00, 
*/mnt/lustre/mathdugre/fast-interpolate/datasets/ds004513/derivatives/flint/antsRegistration/r7-p12/sub-s033/Stage2_level2_Iter0016.nii.gz
2DIAGNOSTIC,    16, -7.138634403709e-02, 3.051757812500e-04, 0.0000e+00, 0.0000e+00, 
*/mnt/lustre/mathdugre/fast-interpolate/datasets/ds004513/derivatives/flint/antsRegistration/r7-p12/sub-s033/Stage2_level2_Iter0017.nii.gz
2DIAGNOSTIC,    17, -7.140623318551e-02, 2.975463867188e-04, 0.0000e+00, 0.0000e+00, 
*/mnt/lustre/mathdugre/fast-interpolate/datasets/ds004513/derivatives/flint/antsRegistration/r7-p12/sub-s033/Stage2_level2_Iter0018.nii.gz
2DIAGNOSTIC,    18, -7.138231352947e-02, 1.983642578125e-04, 0.0000e+00, 0.0000e+00, 
*/mnt/lustre/mathdugre/fast-interpolate/datasets/ds004513/derivatives/flint/antsRegistration/r7-p12/sub-s033/Stage2_level2_Iter0019.nii.gz
2DIAGNOSTIC,    19, -7.181773147994e-02, 2.059936523438e-04, 0.0000e+00, 0.0000e+00, 
*/mnt/lustre/mathdugre/fast-interpolate/datasets/ds004513/derivatives/flint/antsRegistration/r7-p12/sub-s033/Stage2_level2_Iter0020.nii.gz
2DIAGNOSTIC,    20, -7.174297994298e-02, 1.983642578125e-04, 0.0000e+00, 0.0000e+00, 
*/mnt/lustre/mathdugre/fast-interpolate/datasets/ds004513/derivatives/flint/antsRegistration/r7-p12/sub-s033/Stage2_level2_Iter0021.nii.gz
2DIAGNOSTIC,    21, -7.216119034345e-02, 2.517700195312e-04, 0.0000e+00, 0.0000e+00, 
*/mnt/lustre/mathdugre/fast-interpolate/datasets/ds004513/derivatives/flint/antsRegistration/r7-p12/sub-s033/Stage2_level2_Iter0022.nii.gz
2DIAGNOSTIC,    22, -7.261369743868e-02, 4.119873046875e-04, 0.0000e+00, 0.0000e+00, 
*/mnt/lustre/mathdugre/fast-interpolate/datasets/ds004513/derivatives/flint/antsRegistration/r7-p12/sub-s033/Stage2_level2_Iter0023.nii.gz
2DIAGNOSTIC,    23, -7.251977838120e-02, 5.035400390625e-04, 0.0000e+00, 0.0000e+00, 
*/mnt/lustre/mathdugre/fast-interpolate/datasets/ds004513/derivatives/flint/antsRegistration/r7-p12/sub-s033/Stage2_level2_Iter0024.nii.gz
2DIAGNOSTIC,    24, -7.237869046006e-02, 5.264282226562e-04, 0.0000e+00, 0.0000e+00, 
*/mnt/lustre/mathdugre/fast-interpolate/datasets/ds004513/derivatives/flint/antsRegistration/r7-p12/sub-s033/Stage2_level2_Iter0025.nii.gz
2DIAGNOSTIC,    25, -7.244167293458e-02, 5.035400390625e-04, 0.0000e+00, 0.0000e+00, 
*/mnt/lustre/mathdugre/fast-interpolate/datasets/ds004513/derivatives/flint/antsRegistration/r7-p12/sub-s033/Stage2_level2_Iter0026.nii.gz
2DIAGNOSTIC,    26, -7.248664912258e-02, 4.348754882812e-04, 0.0000e+00, 0.0000e+00, 
*/mnt/lustre/mathdugre/fast-interpolate/datasets/ds004513/derivatives/flint/antsRegistration/r7-p12/sub-s033/Stage2_level2_Iter0027.nii.gz
2DIAGNOSTIC,    27, -7.248117915046e-02, 3.280639648438e-04, 0.0000e+00, 0.0000e+00, 
*/mnt/lustre/mathdugre/fast-interpolate/datasets/ds004513/derivatives/flint/antsRegistration/r7-p12/sub-s033/Stage2_level2_Iter0028.nii.gz
2DIAGNOSTIC,    28, -7.264449775830e-02, 2.288818359375e-04, 0.0000e+00, 0.0000e+00, 
*/mnt/lustre/mathdugre/fast-interpolate/datasets/ds004513/derivatives/flint/antsRegistration/r7-p12/sub-s033/Stage2_level2_Iter0029.nii.gz
2DIAGNOSTIC,    29, -7.262457547444e-02, 1.754760742188e-04, 0.0000e+00, 0.0000e+00, 
*/mnt/lustre/mathdugre/fast-interpolate/datasets/ds004513/derivatives/flint/antsRegistration/r7-p12/sub-s033/Stage2_level2_Iter0030.nii.gz
2DIAGNOSTIC,    30, -7.265149222738e-02, 8.392333984375e-05, 0.0000e+00, 0.0000e+00, 
*/mnt/lustre/mathdugre/fast-interpolate/datasets/ds004513/derivatives/flint/antsRegistration/r7-p12/sub-s033/Stage2_level2_Iter0031.nii.gz
2DIAGNOSTIC,    31, -7.265979382881e-02, 4.577636718750e-05, 0.0000e+00, 0.0000e+00, 
*/mnt/lustre/mathdugre/fast-interpolate/datasets/ds004513/derivatives/flint/antsRegistration/r7-p12/sub-s033/Stage2_level2_Iter0032.nii.gz
2DIAGNOSTIC,    32, -7.265117928904e-02, 8.392333984375e-05, 0.0000e+00, 0.0000e+00, 
*/mnt/lustre/mathdugre/fast-interpolate/datasets/ds004513/derivatives/flint/antsRegistration/r7-p12/sub-s033/Stage2_level2_Iter0033.nii.gz
2DIAGNOSTIC,    33, -7.271404710517e-02, 8.392333984375e-05, 0.0000e+00, 0.0000e+00, 
*/mnt/lustre/mathdugre/fast-interpolate/datasets/ds004513/derivatives/flint/antsRegistration/r7-p12/sub-s033/Stage2_level2_Iter0034.nii.gz
2DIAGNOSTIC,    34, -7.271192862069e-02, 7.629394531250e-05, 0.0000e+00, 0.0000e+00, 
*/mnt/lustre/mathdugre/fast-interpolate/datasets/ds004513/derivatives/flint/antsRegistration/r7-p12/sub-s033/Stage2_level2_Iter0035.nii.gz
2DIAGNOSTIC,    35, -7.270880441774e-02, 6.103515625000e-05, 0.0000e+00, 0.0000e+00, 
*/mnt/lustre/mathdugre/fast-interpolate/datasets/ds004513/derivatives/flint/antsRegistration/r7-p12/sub-s033/Stage2_level2_Iter0036.nii.gz
2DIAGNOSTIC,    36, -7.270828024931e-02, 3.814697265625e-05, 0.0000e+00, 0.0000e+00, 
*/mnt/lustre/mathdugre/fast-interpolate/datasets/ds004513/derivatives/flint/antsRegistration/r7-p12/sub-s033/Stage2_level2_Iter0037.nii.gz
2DIAGNOSTIC,    37, -7.270778724254e-02, 2.288818359375e-05, 0.0000e+00, 0.0000e+00, 
*/mnt/lustre/mathdugre/fast-interpolate/datasets/ds004513/derivatives/flint/antsRegistration/r7-p12/sub-s033/Stage2_level2_Iter0038.nii.gz
2DIAGNOSTIC,    38, -7.270778724254e-02, 1.907348632812e-05, 0.0000e+00, 0.0000e+00, 
*/mnt/lustre/mathdugre/fast-interpolate/datasets/ds004513/derivatives/flint/antsRegistration/r7-p12/sub-s033/Stage2_level2_Iter0039.nii.gz
2DIAGNOSTIC,    39, -7.270778724254e-02, 1.907348632812e-05, 0.0000e+00, 0.0000e+00, 
*/mnt/lustre/mathdugre/fast-interpolate/datasets/ds004513/derivatives/flint/antsRegistration/r7-p12/sub-s033/Stage2_level2_Iter0040.nii.gz
2DIAGNOSTIC,    40, -7.270778724254e-02, 7.629394531250e-06, 0.0000e+00, 0.0000e+00, 
*/mnt/lustre/mathdugre/fast-interpolate/datasets/ds004513/derivatives/flint/antsRegistration/r7-p12/sub-s033/Stage2_level2_Iter0041.nii.gz
2DIAGNOSTIC,    41, -7.270778724254e-02, 3.814697265625e-06, 0.0000e+00, 0.0000e+00, 
DIAGNOSTIC,Iteration,metricValue,convergenceValue,ITERATION_TIME_INDEX,SINCE_LAST
*/mnt/lustre/mathdugre/fast-interpolate/datasets/ds004513/derivatives/flint/antsRegistration/r7-p12/sub-s033/Stage2_level3_Iter0001.nii.gz
2DIAGNOSTIC,     1, -6.077049955034e-02, 1.797693134862e+308, 0.0000e+00, 0.0000e+00, 
*/mnt/lustre/mathdugre/fast-interpolate/datasets/ds004513/derivatives/flint/antsRegistration/r7-p12/sub-s033/Stage2_level3_Iter0002.nii.gz
2DIAGNOSTIC,     2, -6.084243262691e-02, 1.797693134862e+308, 0.0000e+00, 0.0000e+00, 
*/mnt/lustre/mathdugre/fast-interpolate/datasets/ds004513/derivatives/flint/antsRegistration/r7-p12/sub-s033/Stage2_level3_Iter0003.nii.gz
2DIAGNOSTIC,     3, -6.086524413310e-02, 1.797693134862e+308, 0.0000e+00, 0.0000e+00, 
*/mnt/lustre/mathdugre/fast-interpolate/datasets/ds004513/derivatives/flint/antsRegistration/r7-p12/sub-s033/Stage2_level3_Iter0004.nii.gz
2DIAGNOSTIC,     4, -6.079635781413e-02, 1.797693134862e+308, 0.0000e+00, 0.0000e+00, 
*/mnt/lustre/mathdugre/fast-interpolate/datasets/ds004513/derivatives/flint/antsRegistration/r7-p12/sub-s033/Stage2_level3_Iter0005.nii.gz
2DIAGNOSTIC,     5, -6.083124720453e-02, 1.797693134862e+308, 0.0000e+00, 0.0000e+00, 
*/mnt/lustre/mathdugre/fast-interpolate/datasets/ds004513/derivatives/flint/antsRegistration/r7-p12/sub-s033/Stage2_level3_Iter0006.nii.gz
2DIAGNOSTIC,     6, -6.099157179391e-02, 1.797693134862e+308, 0.0000e+00, 0.0000e+00, 
*/mnt/lustre/mathdugre/fast-interpolate/datasets/ds004513/derivatives/flint/antsRegistration/r7-p12/sub-s033/Stage2_level3_Iter0007.nii.gz
2DIAGNOSTIC,     7, -6.082554944523e-02, 1.797693134862e+308, 0.0000e+00, 0.0000e+00, 
*/mnt/lustre/mathdugre/fast-interpolate/datasets/ds004513/derivatives/flint/antsRegistration/r7-p12/sub-s033/Stage2_level3_Iter0008.nii.gz
2DIAGNOSTIC,     8, -6.083104126261e-02, 1.797693134862e+308, 0.0000e+00, 0.0000e+00, 
*/mnt/lustre/mathdugre/fast-interpolate/datasets/ds004513/derivatives/flint/antsRegistration/r7-p12/sub-s033/Stage2_level3_Iter0009.nii.gz
2DIAGNOSTIC,     9, -6.096228169562e-02, 1.797693134862e+308, 0.0000e+00, 0.0000e+00, 
*/mnt/lustre/mathdugre/fast-interpolate/datasets/ds004513/derivatives/flint/antsRegistration/r7-p12/sub-s033/Stage2_level3_Iter0010.nii.gz
2DIAGNOSTIC,    10, -6.095745438885e-02, 1.373291015625e-04, 0.0000e+00, 0.0000e+00, 
*/mnt/lustre/mathdugre/fast-interpolate/datasets/ds004513/derivatives/flint/antsRegistration/r7-p12/sub-s033/Stage2_level3_Iter0011.nii.gz
2DIAGNOSTIC,    11, -6.096360035916e-02, 1.373291015625e-04, 0.0000e+00, 0.0000e+00, 
*/mnt/lustre/mathdugre/fast-interpolate/datasets/ds004513/derivatives/flint/antsRegistration/r7-p12/sub-s033/Stage2_level3_Iter0012.nii.gz
2DIAGNOSTIC,    12, -6.095543741827e-02, 1.373291015625e-04, 0.0000e+00, 0.0000e+00, 
*/mnt/lustre/mathdugre/fast-interpolate/datasets/ds004513/derivatives/flint/antsRegistration/r7-p12/sub-s033/Stage2_level3_Iter0013.nii.gz
2DIAGNOSTIC,    13, -6.095809868437e-02, 1.068115234375e-04, 0.0000e+00, 0.0000e+00, 
*/mnt/lustre/mathdugre/fast-interpolate/datasets/ds004513/derivatives/flint/antsRegistration/r7-p12/sub-s033/Stage2_level3_Iter0014.nii.gz
2DIAGNOSTIC,    14, -6.095855494717e-02, 6.103515625000e-05, 0.0000e+00, 0.0000e+00, 
*/mnt/lustre/mathdugre/fast-interpolate/datasets/ds004513/derivatives/flint/antsRegistration/r7-p12/sub-s033/Stage2_level3_Iter0015.nii.gz
2DIAGNOSTIC,    15, -6.095854600778e-02, 4.577636718750e-05, 0.0000e+00, 0.0000e+00, 
*/mnt/lustre/mathdugre/fast-interpolate/datasets/ds004513/derivatives/flint/antsRegistration/r7-p12/sub-s033/Stage2_level3_Iter0016.nii.gz
2DIAGNOSTIC,    16, -6.095853165631e-02, 6.103515625000e-05, 0.0000e+00, 0.0000e+00, 
*/mnt/lustre/mathdugre/fast-interpolate/datasets/ds004513/derivatives/flint/antsRegistration/r7-p12/sub-s033/Stage2_level3_Iter0017.nii.gz
2DIAGNOSTIC,    17, -6.095854326080e-02, 3.814697265625e-05, 0.0000e+00, 0.0000e+00, 
DIAGNOSTIC,Iteration,metricValue,convergenceValue,ITERATION_TIME_INDEX,SINCE_LAST
*/mnt/lustre/mathdugre/fast-interpolate/datasets/ds004513/derivatives/flint/antsRegistration/r7-p12/sub-s033/Stage2_level4_Iter0001.nii.gz
2DIAGNOSTIC,     1, -5.582760341750e-02, 1.797693134862e+308, 0.0000e+00, 0.0000e+00, 
*/mnt/lustre/mathdugre/fast-interpolate/datasets/ds004513/derivatives/flint/antsRegistration/r7-p12/sub-s033/Stage2_level4_Iter0002.nii.gz
2DIAGNOSTIC,     2, -5.595393029943e-02, 1.797693134862e+308, 0.0000e+00, 0.0000e+00, 
*/mnt/lustre/mathdugre/fast-interpolate/datasets/ds004513/derivatives/flint/antsRegistration/r7-p12/sub-s033/Stage2_level4_Iter0003.nii.gz
2DIAGNOSTIC,     3, -5.596685326332e-02, 1.797693134862e+308, 0.0000e+00, 0.0000e+00, 
*/mnt/lustre/mathdugre/fast-interpolate/datasets/ds004513/derivatives/flint/antsRegistration/r7-p12/sub-s033/Stage2_level4_Iter0004.nii.gz
2DIAGNOSTIC,     4, -5.596343994372e-02, 1.797693134862e+308, 0.0000e+00, 0.0000e+00, 
*/mnt/lustre/mathdugre/fast-interpolate/datasets/ds004513/derivatives/flint/antsRegistration/r7-p12/sub-s033/Stage2_level4_Iter0005.nii.gz
2DIAGNOSTIC,     5, -5.585599775359e-02, 1.797693134862e+308, 0.0000e+00, 0.0000e+00, 
*/mnt/lustre/mathdugre/fast-interpolate/datasets/ds004513/derivatives/flint/antsRegistration/r7-p12/sub-s033/Stage2_level4_Iter0006.nii.gz
2DIAGNOSTIC,     6, -5.590239096068e-02, 1.797693134862e+308, 0.0000e+00, 0.0000e+00, 
*/mnt/lustre/mathdugre/fast-interpolate/datasets/ds004513/derivatives/flint/antsRegistration/r7-p12/sub-s033/Stage2_level4_Iter0007.nii.gz
2DIAGNOSTIC,     7, -5.592069116338e-02, 1.797693134862e+308, 0.0000e+00, 0.0000e+00, 
*/mnt/lustre/mathdugre/fast-interpolate/datasets/ds004513/derivatives/flint/antsRegistration/r7-p12/sub-s033/Stage2_level4_Iter0008.nii.gz
2DIAGNOSTIC,     8, -5.592216315711e-02, 1.797693134862e+308, 0.0000e+00, 0.0000e+00, 
*/mnt/lustre/mathdugre/fast-interpolate/datasets/ds004513/derivatives/flint/antsRegistration/r7-p12/sub-s033/Stage2_level4_Iter0009.nii.gz
2DIAGNOSTIC,     9, -5.598954675951e-02, 1.797693134862e+308, 0.0000e+00, 0.0000e+00, 
*/mnt/lustre/mathdugre/fast-interpolate/datasets/ds004513/derivatives/flint/antsRegistration/r7-p12/sub-s033/Stage2_level4_Iter0010.nii.gz
2DIAGNOSTIC,    10, -5.597106123185e-02, 6.103515625000e-05, 0.0000e+00, 0.0000e+00, 
*/mnt/lustre/mathdugre/fast-interpolate/datasets/ds004513/derivatives/flint/antsRegistration/r7-p12/sub-s033/Stage2_level4_Iter0011.nii.gz
2DIAGNOSTIC,    11, -5.597947463273e-02, 4.577636718750e-05, 0.0000e+00, 0.0000e+00, 
*/mnt/lustre/mathdugre/fast-interpolate/datasets/ds004513/derivatives/flint/antsRegistration/r7-p12/sub-s033/Stage2_level4_Iter0012.nii.gz
2DIAGNOSTIC,    12, -5.598769884838e-02, 7.629394531250e-05, 0.0000e+00, 0.0000e+00, 
*/mnt/lustre/mathdugre/fast-interpolate/datasets/ds004513/derivatives/flint/antsRegistration/r7-p12/sub-s033/Stage2_level4_Iter0013.nii.gz
2DIAGNOSTIC,    13, -5.598209762470e-02, 1.068115234375e-04, 0.0000e+00, 0.0000e+00, 
*/mnt/lustre/mathdugre/fast-interpolate/datasets/ds004513/derivatives/flint/antsRegistration/r7-p12/sub-s033/Stage2_level4_Iter0014.nii.gz
2DIAGNOSTIC,    14, -5.596198902389e-02, 9.155273437500e-05, 0.0000e+00, 0.0000e+00, 
*/mnt/lustre/mathdugre/fast-interpolate/datasets/ds004513/derivatives/flint/antsRegistration/r7-p12/sub-s033/Stage2_level4_Iter0015.nii.gz
2DIAGNOSTIC,    15, -5.595789878325e-02, 4.577636718750e-05, 0.0000e+00, 0.0000e+00, 
*/mnt/lustre/mathdugre/fast-interpolate/datasets/ds004513/derivatives/flint/antsRegistration/r7-p12/sub-s033/Stage2_level4_Iter0016.nii.gz
2DIAGNOSTIC,    16, -5.595574219180e-02, 4.577636718750e-05, 0.0000e+00, 0.0000e+00, 
*/mnt/lustre/mathdugre/fast-interpolate/datasets/ds004513/derivatives/flint/antsRegistration/r7-p12/sub-s033/Stage2_level4_Iter0017.nii.gz
2DIAGNOSTIC,    17, -5.595581506085e-02, 7.629394531250e-06, 0.0000e+00, 0.0000e+00, 
  Elapsed time (stage 1): 0.0000e+00


Stage 2
  iterations = 100x70x50x20
  convergence threshold = 1.0000e-06
  convergence window size = 10
  number of levels = 4
  using the CC metric (radius = 4, weight = 1.0000e+00, use gradient filter = 0)
  preprocessing:  winsorizing the image intensities
  Shrink factors (level 1 out of 4): [8, 8, 8]
  Shrink factors (level 2 out of 4): [4, 4, 4]
  Shrink factors (level 3 out of 4): [2, 2, 2]
  Shrink factors (level 4 out of 4): [1, 1, 1]
  smoothing sigmas per level: [3, 2, 1, 0]
  Using default NONE metricSamplingStrategy 

*** Running SyN registration (varianceForUpdateField = 3.0000e+00, varianceForTotalField = 0.0000e+00) ***

XXDIAGNOSTIC,Iteration,metricValue,convergenceValue,ITERATION_TIME_INDEX,SINCE_LAST
*/mnt/lustre/mathdugre/fast-interpolate/datasets/ds004513/derivatives/flint/antsRegistration/r7-p12/sub-s033/Stage3_level1_Iter0001.nii.gz
1DIAGNOSTIC,     1, -6.793212890625e-01, 1.797693134862e+308, 0.0000e+00, 0.0000e+00, 
*/mnt/lustre/mathdugre/fast-interpolate/datasets/ds004513/derivatives/flint/antsRegistration/r7-p12/sub-s033/Stage3_level1_Iter0002.nii.gz
1DIAGNOSTIC,     2, -6.796875000000e-01, 1.797693134862e+308, 0.0000e+00, 0.0000e+00, 
*/mnt/lustre/mathdugre/fast-interpolate/datasets/ds004513/derivatives/flint/antsRegistration/r7-p12/sub-s033/Stage3_level1_Iter0003.nii.gz
1DIAGNOSTIC,     3, -6.800537109375e-01, 1.797693134862e+308, 0.0000e+00, 0.0000e+00, 
*/mnt/lustre/mathdugre/fast-interpolate/datasets/ds004513/derivatives/flint/antsRegistration/r7-p12/sub-s033/Stage3_level1_Iter0004.nii.gz
1DIAGNOSTIC,     4, -6.802978515625e-01, 1.797693134862e+308, 0.0000e+00, 0.0000e+00, 
*/mnt/lustre/mathdugre/fast-interpolate/datasets/ds004513/derivatives/flint/antsRegistration/r7-p12/sub-s033/Stage3_level1_Iter0005.nii.gz
1DIAGNOSTIC,     5, -6.804199218750e-01, 1.797693134862e+308, 0.0000e+00, 0.0000e+00, 
*/mnt/lustre/mathdugre/fast-interpolate/datasets/ds004513/derivatives/flint/antsRegistration/r7-p12/sub-s033/Stage3_level1_Iter0006.nii.gz
1DIAGNOSTIC,     6, -6.802978515625e-01, 1.797693134862e+308, 0.0000e+00, 0.0000e+00, 
*/mnt/lustre/mathdugre/fast-interpolate/datasets/ds004513/derivatives/flint/antsRegistration/r7-p12/sub-s033/Stage3_level1_Iter0007.nii.gz
1DIAGNOSTIC,     7, -6.804199218750e-01, 1.797693134862e+308, 0.0000e+00, 0.0000e+00, 
*/mnt/lustre/mathdugre/fast-interpolate/datasets/ds004513/derivatives/flint/antsRegistration/r7-p12/sub-s033/Stage3_level1_Iter0008.nii.gz
1DIAGNOSTIC,     8, -6.802978515625e-01, 1.797693134862e+308, 0.0000e+00, 0.0000e+00, 
*/mnt/lustre/mathdugre/fast-interpolate/datasets/ds004513/derivatives/flint/antsRegistration/r7-p12/sub-s033/Stage3_level1_Iter0009.nii.gz
1DIAGNOSTIC,     9, -6.802978515625e-01, 1.797693134862e+308, 0.0000e+00, 0.0000e+00, 
*/mnt/lustre/mathdugre/fast-interpolate/datasets/ds004513/derivatives/flint/antsRegistration/r7-p12/sub-s033/Stage3_level1_Iter0010.nii.gz
1DIAGNOSTIC,    10, -6.802978515625e-01, 7.629394531250e-05, 0.0000e+00, 0.0000e+00, 
*/mnt/lustre/mathdugre/fast-interpolate/datasets/ds004513/derivatives/flint/antsRegistration/r7-p12/sub-s033/Stage3_level1_Iter0011.nii.gz
1DIAGNOSTIC,    11, -6.802978515625e-01, 3.051757812500e-05, 0.0000e+00, 0.0000e+00, 
*/mnt/lustre/mathdugre/fast-interpolate/datasets/ds004513/derivatives/flint/antsRegistration/r7-p12/sub-s033/Stage3_level1_Iter0012.nii.gz
1DIAGNOSTIC,    12, -6.801757812500e-01, -0.000000000000e+00, 0.0000e+00, 0.0000e+00, 
XXDIAGNOSTIC,Iteration,metricValue,convergenceValue,ITERATION_TIME_INDEX,SINCE_LAST
*/mnt/lustre/mathdugre/fast-interpolate/datasets/ds004513/derivatives/flint/antsRegistration/r7-p12/sub-s033/Stage3_level2_Iter0001.nii.gz
1DIAGNOSTIC,     1, -8.612060546875e-01, 1.797693134862e+308, 0.0000e+00, 0.0000e+00, 
*/mnt/lustre/mathdugre/fast-interpolate/datasets/ds004513/derivatives/flint/antsRegistration/r7-p12/sub-s033/Stage3_level2_Iter0002.nii.gz
1DIAGNOSTIC,     2, -8.613281250000e-01, 1.797693134862e+308, 0.0000e+00, 0.0000e+00, 
*/mnt/lustre/mathdugre/fast-interpolate/datasets/ds004513/derivatives/flint/antsRegistration/r7-p12/sub-s033/Stage3_level2_Iter0003.nii.gz
1DIAGNOSTIC,     3, -8.613281250000e-01, 1.797693134862e+308, 0.0000e+00, 0.0000e+00, 
*/mnt/lustre/mathdugre/fast-interpolate/datasets/ds004513/derivatives/flint/antsRegistration/r7-p12/sub-s033/Stage3_level2_Iter0004.nii.gz
1DIAGNOSTIC,     4, -8.614501953125e-01, 1.797693134862e+308, 0.0000e+00, 0.0000e+00, 
*/mnt/lustre/mathdugre/fast-interpolate/datasets/ds004513/derivatives/flint/antsRegistration/r7-p12/sub-s033/Stage3_level2_Iter0005.nii.gz
1DIAGNOSTIC,     5, -8.614501953125e-01, 1.797693134862e+308, 0.0000e+00, 0.0000e+00, 
*/mnt/lustre/mathdugre/fast-interpolate/datasets/ds004513/derivatives/flint/antsRegistration/r7-p12/sub-s033/Stage3_level2_Iter0006.nii.gz
1DIAGNOSTIC,     6, -8.614501953125e-01, 1.797693134862e+308, 0.0000e+00, 0.0000e+00, 
*/mnt/lustre/mathdugre/fast-interpolate/datasets/ds004513/derivatives/flint/antsRegistration/r7-p12/sub-s033/Stage3_level2_Iter0007.nii.gz
1DIAGNOSTIC,     7, -8.614501953125e-01, 1.797693134862e+308, 0.0000e+00, 0.0000e+00, 
*/mnt/lustre/mathdugre/fast-interpolate/datasets/ds004513/derivatives/flint/antsRegistration/r7-p12/sub-s033/Stage3_level2_Iter0008.nii.gz
1DIAGNOSTIC,     8, -8.615722656250e-01, 1.797693134862e+308, 0.0000e+00, 0.0000e+00, 
*/mnt/lustre/mathdugre/fast-interpolate/datasets/ds004513/derivatives/flint/antsRegistration/r7-p12/sub-s033/Stage3_level2_Iter0009.nii.gz
1DIAGNOSTIC,     9, -8.615722656250e-01, 1.797693134862e+308, 0.0000e+00, 0.0000e+00, 
*/mnt/lustre/mathdugre/fast-interpolate/datasets/ds004513/derivatives/flint/antsRegistration/r7-p12/sub-s033/Stage3_level2_Iter0010.nii.gz
1DIAGNOSTIC,    10, -8.615722656250e-01, 4.577636718750e-05, 0.0000e+00, 0.0000e+00, 
*/mnt/lustre/mathdugre/fast-interpolate/datasets/ds004513/derivatives/flint/antsRegistration/r7-p12/sub-s033/Stage3_level2_Iter0011.nii.gz
1DIAGNOSTIC,    11, -8.615722656250e-01, 3.051757812500e-05, 0.0000e+00, 0.0000e+00, 
*/mnt/lustre/mathdugre/fast-interpolate/datasets/ds004513/derivatives/flint/antsRegistration/r7-p12/sub-s033/Stage3_level2_Iter0012.nii.gz
1DIAGNOSTIC,    12, -8.615722656250e-01, -0.000000000000e+00, 0.0000e+00, 0.0000e+00, 
XXDIAGNOSTIC,Iteration,metricValue,convergenceValue,ITERATION_TIME_INDEX,SINCE_LAST
*/mnt/lustre/mathdugre/fast-interpolate/datasets/ds004513/derivatives/flint/antsRegistration/r7-p12/sub-s033/Stage3_level3_Iter0001.nii.gz
1DIAGNOSTIC,     1, -9.584960937500e-01, 1.797693134862e+308, 0.0000e+00, 0.0000e+00, 
*/mnt/lustre/mathdugre/fast-interpolate/datasets/ds004513/derivatives/flint/antsRegistration/r7-p12/sub-s033/Stage3_level3_Iter0002.nii.gz
1DIAGNOSTIC,     2, -9.586181640625e-01, 1.797693134862e+308, 0.0000e+00, 0.0000e+00, 
*/mnt/lustre/mathdugre/fast-interpolate/datasets/ds004513/derivatives/flint/antsRegistration/r7-p12/sub-s033/Stage3_level3_Iter0003.nii.gz
1DIAGNOSTIC,     3, -9.586181640625e-01, 1.797693134862e+308, 0.0000e+00, 0.0000e+00, 
*/mnt/lustre/mathdugre/fast-interpolate/datasets/ds004513/derivatives/flint/antsRegistration/r7-p12/sub-s033/Stage3_level3_Iter0004.nii.gz
1DIAGNOSTIC,     4, -9.586181640625e-01, 1.797693134862e+308, 0.0000e+00, 0.0000e+00, 
*/mnt/lustre/mathdugre/fast-interpolate/datasets/ds004513/derivatives/flint/antsRegistration/r7-p12/sub-s033/Stage3_level3_Iter0005.nii.gz
1DIAGNOSTIC,     5, -9.587402343750e-01, 1.797693134862e+308, 0.0000e+00, 0.0000e+00, 
*/mnt/lustre/mathdugre/fast-interpolate/datasets/ds004513/derivatives/flint/antsRegistration/r7-p12/sub-s033/Stage3_level3_Iter0006.nii.gz
1DIAGNOSTIC,     6, -9.587402343750e-01, 1.797693134862e+308, 0.0000e+00, 0.0000e+00, 
*/mnt/lustre/mathdugre/fast-interpolate/datasets/ds004513/derivatives/flint/antsRegistration/r7-p12/sub-s033/Stage3_level3_Iter0007.nii.gz
1DIAGNOSTIC,     7, -9.587402343750e-01, 1.797693134862e+308, 0.0000e+00, 0.0000e+00, 
*/mnt/lustre/mathdugre/fast-interpolate/datasets/ds004513/derivatives/flint/antsRegistration/r7-p12/sub-s033/Stage3_level3_Iter0008.nii.gz
1DIAGNOSTIC,     8, -9.587402343750e-01, 1.797693134862e+308, 0.0000e+00, 0.0000e+00, 
*/mnt/lustre/mathdugre/fast-interpolate/datasets/ds004513/derivatives/flint/antsRegistration/r7-p12/sub-s033/Stage3_level3_Iter0009.nii.gz
1DIAGNOSTIC,     9, -9.588623046875e-01, 1.797693134862e+308, 0.0000e+00, 0.0000e+00, 
*/mnt/lustre/mathdugre/fast-interpolate/datasets/ds004513/derivatives/flint/antsRegistration/r7-p12/sub-s033/Stage3_level3_Iter0010.nii.gz
1DIAGNOSTIC,    10, -9.588623046875e-01, 1.525878906250e-05, 0.0000e+00, 0.0000e+00, 
*/mnt/lustre/mathdugre/fast-interpolate/datasets/ds004513/derivatives/flint/antsRegistration/r7-p12/sub-s033/Stage3_level3_Iter0011.nii.gz
1DIAGNOSTIC,    11, -9.588623046875e-01, 3.051757812500e-05, 0.0000e+00, 0.0000e+00, 
*/mnt/lustre/mathdugre/fast-interpolate/datasets/ds004513/derivatives/flint/antsRegistration/r7-p12/sub-s033/Stage3_level3_Iter0012.nii.gz
1DIAGNOSTIC,    12, -9.588623046875e-01, 3.051757812500e-05, 0.0000e+00, 0.0000e+00, 
*/mnt/lustre/mathdugre/fast-interpolate/datasets/ds004513/derivatives/flint/antsRegistration/r7-p12/sub-s033/Stage3_level3_Iter0013.nii.gz
1DIAGNOSTIC,    13, -9.588623046875e-01, -1.525878906250e-05, 0.0000e+00, 0.0000e+00, 
XXDIAGNOSTIC,Iteration,metricValue,convergenceValue,ITERATION_TIME_INDEX,SINCE_LAST
*/mnt/lustre/mathdugre/fast-interpolate/datasets/ds004513/derivatives/flint/antsRegistration/r7-p12/sub-s033/Stage3_level4_Iter0001.nii.gz
1DIAGNOSTIC,     1, -9.937744140625e-01, 1.797693134862e+308, 0.0000e+00, 0.0000e+00, 
*/mnt/lustre/mathdugre/fast-interpolate/datasets/ds004513/derivatives/flint/antsRegistration/r7-p12/sub-s033/Stage3_level4_Iter0002.nii.gz
1DIAGNOSTIC,     2, -9.937744140625e-01, 1.797693134862e+308, 0.0000e+00, 0.0000e+00, 
*/mnt/lustre/mathdugre/fast-interpolate/datasets/ds004513/derivatives/flint/antsRegistration/r7-p12/sub-s033/Stage3_level4_Iter0003.nii.gz
1DIAGNOSTIC,     3, -9.937744140625e-01, 1.797693134862e+308, 0.0000e+00, 0.0000e+00, 
*/mnt/lustre/mathdugre/fast-interpolate/datasets/ds004513/derivatives/flint/antsRegistration/r7-p12/sub-s033/Stage3_level4_Iter0004.nii.gz
1DIAGNOSTIC,     4, -9.937744140625e-01, 1.797693134862e+308, 0.0000e+00, 0.0000e+00, 
*/mnt/lustre/mathdugre/fast-interpolate/datasets/ds004513/derivatives/flint/antsRegistration/r7-p12/sub-s033/Stage3_level4_Iter0005.nii.gz
1DIAGNOSTIC,     5, -9.938964843750e-01, 1.797693134862e+308, 0.0000e+00, 0.0000e+00, 
*/mnt/lustre/mathdugre/fast-interpolate/datasets/ds004513/derivatives/flint/antsRegistration/r7-p12/sub-s033/Stage3_level4_Iter0006.nii.gz
1DIAGNOSTIC,     6, -9.938964843750e-01, 1.797693134862e+308, 0.0000e+00, 0.0000e+00, 
*/mnt/lustre/mathdugre/fast-interpolate/datasets/ds004513/derivatives/flint/antsRegistration/r7-p12/sub-s033/Stage3_level4_Iter0007.nii.gz
1DIAGNOSTIC,     7, -9.938964843750e-01, 1.797693134862e+308, 0.0000e+00, 0.0000e+00, 
*/mnt/lustre/mathdugre/fast-interpolate/datasets/ds004513/derivatives/flint/antsRegistration/r7-p12/sub-s033/Stage3_level4_Iter0008.nii.gz
1DIAGNOSTIC,     8, -9.938964843750e-01, 1.797693134862e+308, 0.0000e+00, 0.0000e+00, 
*/mnt/lustre/mathdugre/fast-interpolate/datasets/ds004513/derivatives/flint/antsRegistration/r7-p12/sub-s033/Stage3_level4_Iter0009.nii.gz
1DIAGNOSTIC,     9, -9.938964843750e-01, 1.797693134862e+308, 0.0000e+00, 0.0000e+00, 
*/mnt/lustre/mathdugre/fast-interpolate/datasets/ds004513/derivatives/flint/antsRegistration/r7-p12/sub-s033/Stage3_level4_Iter0010.nii.gz
1DIAGNOSTIC,    10, -9.938964843750e-01, 1.525878906250e-05, 0.0000e+00, 0.0000e+00, 
*/mnt/lustre/mathdugre/fast-interpolate/datasets/ds004513/derivatives/flint/antsRegistration/r7-p12/sub-s033/Stage3_level4_Iter0011.nii.gz
1DIAGNOSTIC,    11, -9.938964843750e-01, 3.051757812500e-05, 0.0000e+00, 0.0000e+00, 
*/mnt/lustre/mathdugre/fast-interpolate/datasets/ds004513/derivatives/flint/antsRegistration/r7-p12/sub-s033/Stage3_level4_Iter0012.nii.gz
1DIAGNOSTIC,    12, -9.938964843750e-01, 3.051757812500e-05, 0.0000e+00, 0.0000e+00, 
*/mnt/lustre/mathdugre/fast-interpolate/datasets/ds004513/derivatives/flint/antsRegistration/r7-p12/sub-s033/Stage3_level4_Iter0013.nii.gz
1DIAGNOSTIC,    13, -9.938964843750e-01, -1.525878906250e-05, 0.0000e+00, 0.0000e+00, 
  Elapsed time (stage 2): 0


Total elapsed time: 0
WARNING: In /tmp/itk/source/Modules/IO/NIFTI/src/itkNiftiImageIO.cxx, line 2303
NiftiImageIO (0x4412d00): Non-orthogonal direction matrix coerced to orthogonal

