
##########################
# Experiment information #
##########################

EXPERIMENT_NAME: r8-p14
VFC_BACKENDS: libinterflop_vprec.so --range-binary32=8 --precision-binary32=14 --range-binary64=8 --precision-binary64=14

SIF_IMG: /mnt/lustre/mathdugre/containers/ants-vprec-no_metric.simg

SUBJECT_ID: s032
INPUT_IMG: /mnt/lustre/mathdugre/fast-interpolate/datasets/ds004513/derivatives/flint/antsBrainExtraction/sub-s032/BrainExtractionBrain.nii.gz
OUTPUT_DIR: /mnt/lustre/mathdugre/fast-interpolate/datasets/ds004513/derivatives/flint/antsRegistration/r8-p14/sub-s032

FIXED_IMG: /templateflow/tpl-MNI152NLin2009cAsym/tpl-MNI152NLin2009cAsym_res-01_desc-brain_T1w.nii.gz
DATA_DIR: /mnt/lustre/mathdugre/fast-interpolate/datasets/ds004513
TEMPLATEFLOW_DIR: /home/mathdugre/.cache/templateflow
ITK_GLOBAL_DEFAULT_NUMBER_OF_THREADS: 4
##########################

Info [verificarlo]: loaded backend libinterflop_vprec.so
Info [interflop-vprec]: load backend with: 
Info [interflop-vprec]: precision-binary32 = 14
Info [interflop-vprec]: range-binary32 = 8
Info [interflop-vprec]: precision-binary64 = 14
Info [interflop-vprec]: range-binary64 = 8
Info [interflop-vprec]: mode = ob
Info [interflop-vprec]: error-mode = rel
Info [interflop-vprec]: max-abs-error-exponent = -1022
Info [interflop-vprec]: daz = false
Info [interflop-vprec]: ftz = false
Info [interflop-vprec]: 	instrument = none
Info [interflop-vprec]: 	prec-input-file = (null)
Info [interflop-vprec]: 	prec-output-file = (null)
Info [interflop-vprec]: 	prec-log-file = (null)
All_Command_lines_OK
Using double precision for computations.
=============================================================================
The composite transform comprises the following transforms (in order): 
  1. Center of mass alignment using fixed image: /templateflow/tpl-MNI152NLin2009cAsym/tpl-MNI152NLin2009cAsym_res-01_desc-brain_T1w.nii.gz and moving image: /mnt/lustre/mathdugre/fast-interpolate/datasets/ds004513/derivatives/flint/antsBrainExtraction/sub-s032/BrainExtractionBrain.nii.gz (type = Euler3DTransform)
=============================================================================
  number of levels = 4
  number of levels = 4
  number of levels = 4
  fixed image: /templateflow/tpl-MNI152NLin2009cAsym/tpl-MNI152NLin2009cAsym_res-01_desc-brain_T1w.nii.gz
  moving image: /mnt/lustre/mathdugre/fast-interpolate/datasets/ds004513/derivatives/flint/antsBrainExtraction/sub-s032/BrainExtractionBrain.nii.gz
  fixed image: /templateflow/tpl-MNI152NLin2009cAsym/tpl-MNI152NLin2009cAsym_res-01_desc-brain_T1w.nii.gz
  moving image: /mnt/lustre/mathdugre/fast-interpolate/datasets/ds004513/derivatives/flint/antsBrainExtraction/sub-s032/BrainExtractionBrain.nii.gz
  fixed image: /templateflow/tpl-MNI152NLin2009cAsym/tpl-MNI152NLin2009cAsym_res-01_desc-brain_T1w.nii.gz
  moving image: /mnt/lustre/mathdugre/fast-interpolate/datasets/ds004513/derivatives/flint/antsBrainExtraction/sub-s032/BrainExtractionBrain.nii.gz
Dimension = 3
Number of stages = 3
Use histogram matching = false
Winsorize image intensities = true
  Lower quantile = 0.005
  Upper quantile = 0.995


Stage 1 State
   Image metric = MattesMI
     Fixed image = Image (0x3ea5b30)
  RTTI typeinfo:   itk::Image<double, 3u>
  Reference Count: 2
  Modified Time: 2385
  Debug: Off
  Object Name: 
  Observers: 
    none
  Source: (none)
  Source output name: (none)
  Release Data: Off
  Data Released: False
  Global Release Data: Off
  PipelineMTime: 0
  UpdateMTime: 1996
  RealTimeStamp: 0 seconds 
  LargestPossibleRegion: 
    Dimension: 3
    Index: [0, 0, 0]
    Size: [193, 229, 193]
  BufferedRegion: 
    Dimension: 3
    Index: [0, 0, 0]
    Size: [193, 229, 193]
  RequestedRegion: 
    Dimension: 3
    Index: [0, 0, 0]
    Size: [193, 229, 193]
  Spacing: [1, 1, 1]
  Origin: [96, 132, -78]
  Direction: 
-1 0 0
0 -1 0
0 0 1

  IndexToPointMatrix: 
-1 0 0
0 -1 0
0 0 1

  PointToIndexMatrix: 
-1 0 0
0 -1 0
0 0 1

  Inverse Direction: 
-1 0 0
0 -1 0
0 0 1

  PixelContainer: 
    ImportImageContainer (0x3ea80a0)
      RTTI typeinfo:   itk::ImportImageContainer<unsigned long, double>
      Reference Count: 1
      Modified Time: 1993
      Debug: Off
      Object Name: 
      Observers: 
        none
      Pointer: 0x7f667772e010
      Container manages memory: true
      Size: 8530021
      Capacity: 8530021

     Moving image = Image (0x3ea1400)
  RTTI typeinfo:   itk::Image<double, 3u>
  Reference Count: 2
  Modified Time: 2386
  Debug: Off
  Object Name: 
  Observers: 
    none
  Source: (none)
  Source output name: (none)
  Release Data: Off
  Data Released: False
  Global Release Data: Off
  PipelineMTime: 0
  UpdateMTime: 2383
  RealTimeStamp: 0 seconds 
  LargestPossibleRegion: 
    Dimension: 3
    Index: [0, 0, 0]
    Size: [160, 240, 256]
  BufferedRegion: 
    Dimension: 3
    Index: [0, 0, 0]
    Size: [160, 240, 256]
  RequestedRegion: 
    Dimension: 3
    Index: [0, 0, 0]
    Size: [160, 240, 256]
  Spacing: [1, 1, 1]
  Origin: [73.2773, 104.707, -131.188]
  Direction: 
-0.997528 0.0645561 -0.0278053
-0.0645332 -0.997894 -0.00179875
-0.0278625 5.96046e-08 0.999603

  IndexToPointMatrix: 
-0.997528 0.0645561 -0.0278053
-0.0645332 -0.997894 -0.00179875
-0.0278625 5.96046e-08 0.999603

  PointToIndexMatrix: 
-0.997559 -0.0645332 -0.0278625
0.0645599 -0.998016 6.10352e-05
-0.0278015 -0.00183105 0.999603

  Inverse Direction: 
-0.997559 -0.0645332 -0.0278625
0.0645599 -0.998016 6.10352e-05
-0.0278015 -0.00183105 0.999603

  PixelContainer: 
    ImportImageContainer (0x3f754d0)
      RTTI typeinfo:   itk::ImportImageContainer<unsigned long, double>
      Reference Count: 1
      Modified Time: 2380
      Debug: Off
      Object Name: 
      Observers: 
        none
      Pointer: 0x7f6672c2d010
      Container manages memory: true
      Size: 9830400
      Capacity: 9830400

     Weighting = 1
     Sampling strategy = regular
     Number of bins = 32
     Radius = 4
     Sampling percentage  = 0.25
   Transform = Rigid
     Gradient step = 0.1
     Update field sigma (voxel space) = 0
     Total field sigma (voxel space) = 0
     Update field time sigma = 0
     Total field time sigma  = 0
     Number of time indices = 0
     Number of time point samples = 0
Stage 2 State
   Image metric = MattesMI
     Fixed image = Image (0x3fe1460)
  RTTI typeinfo:   itk::Image<double, 3u>
  Reference Count: 2
  Modified Time: 3161
  Debug: Off
  Object Name: 
  Observers: 
    none
  Source: (none)
  Source output name: (none)
  Release Data: Off
  Data Released: False
  Global Release Data: Off
  PipelineMTime: 0
  UpdateMTime: 2772
  RealTimeStamp: 0 seconds 
  LargestPossibleRegion: 
    Dimension: 3
    Index: [0, 0, 0]
    Size: [193, 229, 193]
  BufferedRegion: 
    Dimension: 3
    Index: [0, 0, 0]
    Size: [193, 229, 193]
  RequestedRegion: 
    Dimension: 3
    Index: [0, 0, 0]
    Size: [193, 229, 193]
  Spacing: [1, 1, 1]
  Origin: [96, 132, -78]
  Direction: 
-1 0 0
0 -1 0
0 0 1

  IndexToPointMatrix: 
-1 0 0
0 -1 0
0 0 1

  PointToIndexMatrix: 
-1 0 0
0 -1 0
0 0 1

  Inverse Direction: 
-1 0 0
0 -1 0
0 0 1

  PixelContainer: 
    ImportImageContainer (0x3ea8030)
      RTTI typeinfo:   itk::ImportImageContainer<unsigned long, double>
      Reference Count: 1
      Modified Time: 2769
      Debug: Off
      Object Name: 
      Observers: 
        none
      Pointer: 0x7f666eb18010
      Container manages memory: true
      Size: 8530021
      Capacity: 8530021

     Moving image = Image (0x3fe0640)
  RTTI typeinfo:   itk::Image<double, 3u>
  Reference Count: 2
  Modified Time: 3162
  Debug: Off
  Object Name: 
  Observers: 
    none
  Source: (none)
  Source output name: (none)
  Release Data: Off
  Data Released: False
  Global Release Data: Off
  PipelineMTime: 0
  UpdateMTime: 3159
  RealTimeStamp: 0 seconds 
  LargestPossibleRegion: 
    Dimension: 3
    Index: [0, 0, 0]
    Size: [160, 240, 256]
  BufferedRegion: 
    Dimension: 3
    Index: [0, 0, 0]
    Size: [160, 240, 256]
  RequestedRegion: 
    Dimension: 3
    Index: [0, 0, 0]
    Size: [160, 240, 256]
  Spacing: [1, 1, 1]
  Origin: [73.2773, 104.707, -131.188]
  Direction: 
-0.997528 0.0645561 -0.0278053
-0.0645332 -0.997894 -0.00179875
-0.0278625 5.96046e-08 0.999603

  IndexToPointMatrix: 
-0.997528 0.0645561 -0.0278053
-0.0645332 -0.997894 -0.00179875
-0.0278625 5.96046e-08 0.999603

  PointToIndexMatrix: 
-0.997559 -0.0645332 -0.0278625
0.0645599 -0.998016 6.10352e-05
-0.0278015 -0.00183105 0.999603

  Inverse Direction: 
-0.997559 -0.0645332 -0.0278625
0.0645599 -0.998016 6.10352e-05
-0.0278015 -0.00183105 0.999603

  PixelContainer: 
    ImportImageContainer (0x40e5850)
      RTTI typeinfo:   itk::ImportImageContainer<unsigned long, double>
      Reference Count: 1
      Modified Time: 3156
      Debug: Off
      Object Name: 
      Observers: 
        none
      Pointer: 0x7f666a017010
      Container manages memory: true
      Size: 9830400
      Capacity: 9830400

     Weighting = 1
     Sampling strategy = regular
     Number of bins = 32
     Radius = 4
     Sampling percentage  = 0.25
   Transform = Affine
     Gradient step = 0.1
     Update field sigma (voxel space) = 0
     Total field sigma (voxel space) = 0
     Update field time sigma = 0
     Total field time sigma  = 0
     Number of time indices = 0
     Number of time point samples = 0
Stage 3 State
   Image metric = CC
     Fixed image = Image (0x3fdf980)
  RTTI typeinfo:   itk::Image<double, 3u>
  Reference Count: 2
  Modified Time: 3937
  Debug: Off
  Object Name: 
  Observers: 
    none
  Source: (none)
  Source output name: (none)
  Release Data: Off
  Data Released: False
  Global Release Data: Off
  PipelineMTime: 0
  UpdateMTime: 3548
  RealTimeStamp: 0 seconds 
  LargestPossibleRegion: 
    Dimension: 3
    Index: [0, 0, 0]
    Size: [193, 229, 193]
  BufferedRegion: 
    Dimension: 3
    Index: [0, 0, 0]
    Size: [193, 229, 193]
  RequestedRegion: 
    Dimension: 3
    Index: [0, 0, 0]
    Size: [193, 229, 193]
  Spacing: [1, 1, 1]
  Origin: [96, 132, -78]
  Direction: 
-1 0 0
0 -1 0
0 0 1

  IndexToPointMatrix: 
-1 0 0
0 -1 0
0 0 1

  PointToIndexMatrix: 
-1 0 0
0 -1 0
0 0 1

  Inverse Direction: 
-1 0 0
0 -1 0
0 0 1

  PixelContainer: 
    ImportImageContainer (0x40056d0)
      RTTI typeinfo:   itk::ImportImageContainer<unsigned long, double>
      Reference Count: 1
      Modified Time: 3545
      Debug: Off
      Object Name: 
      Observers: 
        none
      Pointer: 0x7f6665f02010
      Container manages memory: true
      Size: 8530021
      Capacity: 8530021

     Moving image = Image (0x3ec7900)
  RTTI typeinfo:   itk::Image<double, 3u>
  Reference Count: 2
  Modified Time: 3938
  Debug: Off
  Object Name: 
  Observers: 
    none
  Source: (none)
  Source output name: (none)
  Release Data: Off
  Data Released: False
  Global Release Data: Off
  PipelineMTime: 0
  UpdateMTime: 3935
  RealTimeStamp: 0 seconds 
  LargestPossibleRegion: 
    Dimension: 3
    Index: [0, 0, 0]
    Size: [160, 240, 256]
  BufferedRegion: 
    Dimension: 3
    Index: [0, 0, 0]
    Size: [160, 240, 256]
  RequestedRegion: 
    Dimension: 3
    Index: [0, 0, 0]
    Size: [160, 240, 256]
  Spacing: [1, 1, 1]
  Origin: [73.2773, 104.707, -131.188]
  Direction: 
-0.997528 0.0645561 -0.0278053
-0.0645332 -0.997894 -0.00179875
-0.0278625 5.96046e-08 0.999603

  IndexToPointMatrix: 
-0.997528 0.0645561 -0.0278053
-0.0645332 -0.997894 -0.00179875
-0.0278625 5.96046e-08 0.999603

  PointToIndexMatrix: 
-0.997559 -0.0645332 -0.0278625
0.0645599 -0.998016 6.10352e-05
-0.0278015 -0.00183105 0.999603

  Inverse Direction: 
-0.997559 -0.0645332 -0.0278625
0.0645599 -0.998016 6.10352e-05
-0.0278015 -0.00183105 0.999603

  PixelContainer: 
    ImportImageContainer (0x3f95550)
      RTTI typeinfo:   itk::ImportImageContainer<unsigned long, double>
      Reference Count: 1
      Modified Time: 3932
      Debug: Off
      Object Name: 
      Observers: 
        none
      Pointer: 0x7f6661401010
      Container manages memory: true
      Size: 9830400
      Capacity: 9830400

     Weighting = 1
     Sampling strategy = none
     Number of bins = 32
     Radius = 4
     Sampling percentage  = 1
   Transform = SyN
     Gradient step = 0.1
     Update field sigma (voxel space) = 3
     Total field sigma (voxel space) = 0
     Update field time sigma = 0
     Total field time sigma  = 0
     Number of time indices = 0
     Number of time point samples = 0
Registration using 3 total stages.

Stage 0
  iterations = 1000x500x250x100
  convergence threshold = 1e-06
  convergence window size = 10
  number of levels = 4
  using the Mattes MI metric (number of bins = 32, weight = 1, use gradient filter = 0)
  preprocessing:  winsorizing the image intensities
  Shrink factors (level 1 out of 4): [8, 8, 8]
  Shrink factors (level 2 out of 4): [4, 4, 4]
  Shrink factors (level 3 out of 4): [2, 2, 2]
  Shrink factors (level 4 out of 4): [1, 1, 1]
  smoothing sigmas per level: [3, 2, 1, 0]
  regular sampling (percentage = 0.25)

*** Running Euler3DTransform registration ***

DIAGNOSTIC,Iteration,metricValue,convergenceValue,ITERATION_TIME_INDEX,SINCE_LAST
*/mnt/lustre/mathdugre/fast-interpolate/datasets/ds004513/derivatives/flint/antsRegistration/r8-p14/sub-s032/Stage1_level1_Iter0001.nii.gz
2DIAGNOSTIC,     1, -8.311610036655e-02, 1.797693134862e+308, 0.0000e+00, 0.0000e+00, 
*/mnt/lustre/mathdugre/fast-interpolate/datasets/ds004513/derivatives/flint/antsRegistration/r8-p14/sub-s032/Stage1_level1_Iter0002.nii.gz
2DIAGNOSTIC,     2, -8.332825154830e-02, 1.797693134862e+308, 0.0000e+00, 0.0000e+00, 
*/mnt/lustre/mathdugre/fast-interpolate/datasets/ds004513/derivatives/flint/antsRegistration/r8-p14/sub-s032/Stage1_level1_Iter0003.nii.gz
2DIAGNOSTIC,     3, -8.360943248821e-02, 1.797693134862e+308, 0.0000e+00, 0.0000e+00, 
*/mnt/lustre/mathdugre/fast-interpolate/datasets/ds004513/derivatives/flint/antsRegistration/r8-p14/sub-s032/Stage1_level1_Iter0004.nii.gz
2DIAGNOSTIC,     4, -8.369457340626e-02, 1.797693134862e+308, 0.0000e+00, 0.0000e+00, 
*/mnt/lustre/mathdugre/fast-interpolate/datasets/ds004513/derivatives/flint/antsRegistration/r8-p14/sub-s032/Stage1_level1_Iter0005.nii.gz
2DIAGNOSTIC,     5, -8.383615654937e-02, 1.797693134862e+308, 0.0000e+00, 0.0000e+00, 
*/mnt/lustre/mathdugre/fast-interpolate/datasets/ds004513/derivatives/flint/antsRegistration/r8-p14/sub-s032/Stage1_level1_Iter0006.nii.gz
2DIAGNOSTIC,     6, -8.429235985533e-02, 1.797693134862e+308, 0.0000e+00, 0.0000e+00, 
*/mnt/lustre/mathdugre/fast-interpolate/datasets/ds004513/derivatives/flint/antsRegistration/r8-p14/sub-s032/Stage1_level1_Iter0007.nii.gz
2DIAGNOSTIC,     7, -8.502932059018e-02, 1.797693134862e+308, 0.0000e+00, 0.0000e+00, 
*/mnt/lustre/mathdugre/fast-interpolate/datasets/ds004513/derivatives/flint/antsRegistration/r8-p14/sub-s032/Stage1_level1_Iter0008.nii.gz
2DIAGNOSTIC,     8, -8.574494079595e-02, 1.797693134862e+308, 0.0000e+00, 0.0000e+00, 
*/mnt/lustre/mathdugre/fast-interpolate/datasets/ds004513/derivatives/flint/antsRegistration/r8-p14/sub-s032/Stage1_level1_Iter0009.nii.gz
2DIAGNOSTIC,     9, -8.579927185906e-02, 1.797693134862e+308, 0.0000e+00, 0.0000e+00, 
*/mnt/lustre/mathdugre/fast-interpolate/datasets/ds004513/derivatives/flint/antsRegistration/r8-p14/sub-s032/Stage1_level1_Iter0010.nii.gz
2DIAGNOSTIC,    10, -8.576136272342e-02, 2.357482910156e-03, 0.0000e+00, 0.0000e+00, 
*/mnt/lustre/mathdugre/fast-interpolate/datasets/ds004513/derivatives/flint/antsRegistration/r8-p14/sub-s032/Stage1_level1_Iter0011.nii.gz
2DIAGNOSTIC,    11, -8.596940024990e-02, 2.143859863281e-03, 0.0000e+00, 0.0000e+00, 
*/mnt/lustre/mathdugre/fast-interpolate/datasets/ds004513/derivatives/flint/antsRegistration/r8-p14/sub-s032/Stage1_level1_Iter0012.nii.gz
2DIAGNOSTIC,    12, -8.615567300115e-02, 1.876831054688e-03, 0.0000e+00, 0.0000e+00, 
*/mnt/lustre/mathdugre/fast-interpolate/datasets/ds004513/derivatives/flint/antsRegistration/r8-p14/sub-s032/Stage1_level1_Iter0013.nii.gz
2DIAGNOSTIC,    13, -8.700679320580e-02, 1.762390136719e-03, 0.0000e+00, 0.0000e+00, 
*/mnt/lustre/mathdugre/fast-interpolate/datasets/ds004513/derivatives/flint/antsRegistration/r8-p14/sub-s032/Stage1_level1_Iter0014.nii.gz
2DIAGNOSTIC,    14, -8.716268176240e-02, 1.567840576172e-03, 0.0000e+00, 0.0000e+00, 
*/mnt/lustre/mathdugre/fast-interpolate/datasets/ds004513/derivatives/flint/antsRegistration/r8-p14/sub-s032/Stage1_level1_Iter0015.nii.gz
2DIAGNOSTIC,    15, -8.737099454509e-02, 1.335144042969e-03, 0.0000e+00, 0.0000e+00, 
*/mnt/lustre/mathdugre/fast-interpolate/datasets/ds004513/derivatives/flint/antsRegistration/r8-p14/sub-s032/Stage1_level1_Iter0016.nii.gz
2DIAGNOSTIC,    16, -8.732674672550e-02, 1.102447509766e-03, 0.0000e+00, 0.0000e+00, 
*/mnt/lustre/mathdugre/fast-interpolate/datasets/ds004513/derivatives/flint/antsRegistration/r8-p14/sub-s032/Stage1_level1_Iter0017.nii.gz
2DIAGNOSTIC,    17, -8.732327324671e-02, 9.269714355469e-04, 0.0000e+00, 0.0000e+00, 
*/mnt/lustre/mathdugre/fast-interpolate/datasets/ds004513/derivatives/flint/antsRegistration/r8-p14/sub-s032/Stage1_level1_Iter0018.nii.gz
2DIAGNOSTIC,    18, -8.734451308571e-02, 8.220672607422e-04, 0.0000e+00, 0.0000e+00, 
*/mnt/lustre/mathdugre/fast-interpolate/datasets/ds004513/derivatives/flint/antsRegistration/r8-p14/sub-s032/Stage1_level1_Iter0019.nii.gz
2DIAGNOSTIC,    19, -8.733472608906e-02, 6.580352783203e-04, 0.0000e+00, 0.0000e+00, 
*/mnt/lustre/mathdugre/fast-interpolate/datasets/ds004513/derivatives/flint/antsRegistration/r8-p14/sub-s032/Stage1_level1_Iter0020.nii.gz
2DIAGNOSTIC,    20, -8.754292421144e-02, 4.806518554688e-04, 0.0000e+00, 0.0000e+00, 
*/mnt/lustre/mathdugre/fast-interpolate/datasets/ds004513/derivatives/flint/antsRegistration/r8-p14/sub-s032/Stage1_level1_Iter0021.nii.gz
2DIAGNOSTIC,    21, -8.757813176347e-02, 3.108978271484e-04, 0.0000e+00, 0.0000e+00, 
*/mnt/lustre/mathdugre/fast-interpolate/datasets/ds004513/derivatives/flint/antsRegistration/r8-p14/sub-s032/Stage1_level1_Iter0022.nii.gz
2DIAGNOSTIC,    22, -8.759638225698e-02, 1.640319824219e-04, 0.0000e+00, 0.0000e+00, 
*/mnt/lustre/mathdugre/fast-interpolate/datasets/ds004513/derivatives/flint/antsRegistration/r8-p14/sub-s032/Stage1_level1_Iter0023.nii.gz
2DIAGNOSTIC,    23, -8.771415391991e-02, 1.468658447266e-04, 0.0000e+00, 0.0000e+00, 
*/mnt/lustre/mathdugre/fast-interpolate/datasets/ds004513/derivatives/flint/antsRegistration/r8-p14/sub-s032/Stage1_level1_Iter0024.nii.gz
2DIAGNOSTIC,    24, -8.791330057907e-02, 1.640319824219e-04, 0.0000e+00, 0.0000e+00, 
*/mnt/lustre/mathdugre/fast-interpolate/datasets/ds004513/derivatives/flint/antsRegistration/r8-p14/sub-s032/Stage1_level1_Iter0025.nii.gz
2DIAGNOSTIC,    25, -8.804585042353e-02, 2.136230468750e-04, 0.0000e+00, 0.0000e+00, 
*/mnt/lustre/mathdugre/fast-interpolate/datasets/ds004513/derivatives/flint/antsRegistration/r8-p14/sub-s032/Stage1_level1_Iter0026.nii.gz
2DIAGNOSTIC,    26, -8.818448383340e-02, 2.479553222656e-04, 0.0000e+00, 0.0000e+00, 
*/mnt/lustre/mathdugre/fast-interpolate/datasets/ds004513/derivatives/flint/antsRegistration/r8-p14/sub-s032/Stage1_level1_Iter0027.nii.gz
2DIAGNOSTIC,    27, -8.829810675382e-02, 2.708435058594e-04, 0.0000e+00, 0.0000e+00, 
*/mnt/lustre/mathdugre/fast-interpolate/datasets/ds004513/derivatives/flint/antsRegistration/r8-p14/sub-s032/Stage1_level1_Iter0028.nii.gz
2DIAGNOSTIC,    28, -8.856937410259e-02, 3.051757812500e-04, 0.0000e+00, 0.0000e+00, 
*/mnt/lustre/mathdugre/fast-interpolate/datasets/ds004513/derivatives/flint/antsRegistration/r8-p14/sub-s032/Stage1_level1_Iter0029.nii.gz
2DIAGNOSTIC,    29, -8.867262130163e-02, 3.147125244141e-04, 0.0000e+00, 0.0000e+00, 
*/mnt/lustre/mathdugre/fast-interpolate/datasets/ds004513/derivatives/flint/antsRegistration/r8-p14/sub-s032/Stage1_level1_Iter0030.nii.gz
2DIAGNOSTIC,    30, -8.871588792789e-02, 3.128051757812e-04, 0.0000e+00, 0.0000e+00, 
*/mnt/lustre/mathdugre/fast-interpolate/datasets/ds004513/derivatives/flint/antsRegistration/r8-p14/sub-s032/Stage1_level1_Iter0031.nii.gz
2DIAGNOSTIC,    31, -8.885409529772e-02, 3.108978271484e-04, 0.0000e+00, 0.0000e+00, 
*/mnt/lustre/mathdugre/fast-interpolate/datasets/ds004513/derivatives/flint/antsRegistration/r8-p14/sub-s032/Stage1_level1_Iter0032.nii.gz
2DIAGNOSTIC,    32, -8.903346771848e-02, 2.956390380859e-04, 0.0000e+00, 0.0000e+00, 
*/mnt/lustre/mathdugre/fast-interpolate/datasets/ds004513/derivatives/flint/antsRegistration/r8-p14/sub-s032/Stage1_level1_Iter0033.nii.gz
2DIAGNOSTIC,    33, -8.911612164636e-02, 2.727508544922e-04, 0.0000e+00, 0.0000e+00, 
*/mnt/lustre/mathdugre/fast-interpolate/datasets/ds004513/derivatives/flint/antsRegistration/r8-p14/sub-s032/Stage1_level1_Iter0034.nii.gz
2DIAGNOSTIC,    34, -8.916158193170e-02, 2.479553222656e-04, 0.0000e+00, 0.0000e+00, 
*/mnt/lustre/mathdugre/fast-interpolate/datasets/ds004513/derivatives/flint/antsRegistration/r8-p14/sub-s032/Stage1_level1_Iter0035.nii.gz
2DIAGNOSTIC,    35, -8.922510153529e-02, 2.202987670898e-04, 0.0000e+00, 0.0000e+00, 
*/mnt/lustre/mathdugre/fast-interpolate/datasets/ds004513/derivatives/flint/antsRegistration/r8-p14/sub-s032/Stage1_level1_Iter0036.nii.gz
2DIAGNOSTIC,    36, -8.924271495136e-02, 1.888275146484e-04, 0.0000e+00, 0.0000e+00, 
*/mnt/lustre/mathdugre/fast-interpolate/datasets/ds004513/derivatives/flint/antsRegistration/r8-p14/sub-s032/Stage1_level1_Iter0037.nii.gz
2DIAGNOSTIC,    37, -8.926425360284e-02, 1.497268676758e-04, 0.0000e+00, 0.0000e+00, 
*/mnt/lustre/mathdugre/fast-interpolate/datasets/ds004513/derivatives/flint/antsRegistration/r8-p14/sub-s032/Stage1_level1_Iter0038.nii.gz
2DIAGNOSTIC,    38, -8.926491644370e-02, 1.239776611328e-04, 0.0000e+00, 0.0000e+00, 
*/mnt/lustre/mathdugre/fast-interpolate/datasets/ds004513/derivatives/flint/antsRegistration/r8-p14/sub-s032/Stage1_level1_Iter0039.nii.gz
2DIAGNOSTIC,    39, -8.926497776047e-02, 9.536743164062e-05, 0.0000e+00, 0.0000e+00, 
*/mnt/lustre/mathdugre/fast-interpolate/datasets/ds004513/derivatives/flint/antsRegistration/r8-p14/sub-s032/Stage1_level1_Iter0040.nii.gz
2DIAGNOSTIC,    40, -8.926497776047e-02, 6.294250488281e-05, 0.0000e+00, 0.0000e+00, 
*/mnt/lustre/mathdugre/fast-interpolate/datasets/ds004513/derivatives/flint/antsRegistration/r8-p14/sub-s032/Stage1_level1_Iter0041.nii.gz
2DIAGNOSTIC,    41, -8.926497776047e-02, 3.623962402344e-05, 0.0000e+00, 0.0000e+00, 
*/mnt/lustre/mathdugre/fast-interpolate/datasets/ds004513/derivatives/flint/antsRegistration/r8-p14/sub-s032/Stage1_level1_Iter0042.nii.gz
2DIAGNOSTIC,    42, -8.926497776047e-02, 2.098083496094e-05, 0.0000e+00, 0.0000e+00, 
*/mnt/lustre/mathdugre/fast-interpolate/datasets/ds004513/derivatives/flint/antsRegistration/r8-p14/sub-s032/Stage1_level1_Iter0043.nii.gz
2DIAGNOSTIC,    43, -8.926497776047e-02, 1.049041748047e-05, 0.0000e+00, 0.0000e+00, 
*/mnt/lustre/mathdugre/fast-interpolate/datasets/ds004513/derivatives/flint/antsRegistration/r8-p14/sub-s032/Stage1_level1_Iter0044.nii.gz
2DIAGNOSTIC,    44, -8.926497776047e-02, 4.768371582031e-06, 0.0000e+00, 0.0000e+00, 
DIAGNOSTIC,Iteration,metricValue,convergenceValue,ITERATION_TIME_INDEX,SINCE_LAST
*/mnt/lustre/mathdugre/fast-interpolate/datasets/ds004513/derivatives/flint/antsRegistration/r8-p14/sub-s032/Stage1_level2_Iter0001.nii.gz
2DIAGNOSTIC,     1, -2.432611299063e-02, 1.797693134862e+308, 0.0000e+00, 0.0000e+00, 
*/mnt/lustre/mathdugre/fast-interpolate/datasets/ds004513/derivatives/flint/antsRegistration/r8-p14/sub-s032/Stage1_level2_Iter0002.nii.gz
2DIAGNOSTIC,     2, -2.444070886858e-02, 1.797693134862e+308, 0.0000e+00, 0.0000e+00, 
*/mnt/lustre/mathdugre/fast-interpolate/datasets/ds004513/derivatives/flint/antsRegistration/r8-p14/sub-s032/Stage1_level2_Iter0003.nii.gz
2DIAGNOSTIC,     3, -2.464395545095e-02, 1.797693134862e+308, 0.0000e+00, 0.0000e+00, 
*/mnt/lustre/mathdugre/fast-interpolate/datasets/ds004513/derivatives/flint/antsRegistration/r8-p14/sub-s032/Stage1_level2_Iter0004.nii.gz
2DIAGNOSTIC,     4, -2.518904511790e-02, 1.797693134862e+308, 0.0000e+00, 0.0000e+00, 
*/mnt/lustre/mathdugre/fast-interpolate/datasets/ds004513/derivatives/flint/antsRegistration/r8-p14/sub-s032/Stage1_level2_Iter0005.nii.gz
2DIAGNOSTIC,     5, -2.621889075556e-02, 1.797693134862e+308, 0.0000e+00, 0.0000e+00, 
*/mnt/lustre/mathdugre/fast-interpolate/datasets/ds004513/derivatives/flint/antsRegistration/r8-p14/sub-s032/Stage1_level2_Iter0006.nii.gz
2DIAGNOSTIC,     6, -2.907052504236e-02, 1.797693134862e+308, 0.0000e+00, 0.0000e+00, 
*/mnt/lustre/mathdugre/fast-interpolate/datasets/ds004513/derivatives/flint/antsRegistration/r8-p14/sub-s032/Stage1_level2_Iter0007.nii.gz
2DIAGNOSTIC,     7, -2.984744288932e-02, 1.797693134862e+308, 0.0000e+00, 0.0000e+00, 
*/mnt/lustre/mathdugre/fast-interpolate/datasets/ds004513/derivatives/flint/antsRegistration/r8-p14/sub-s032/Stage1_level2_Iter0008.nii.gz
2DIAGNOSTIC,     8, -4.021702382267e-02, 1.797693134862e+308, 0.0000e+00, 0.0000e+00, 
*/mnt/lustre/mathdugre/fast-interpolate/datasets/ds004513/derivatives/flint/antsRegistration/r8-p14/sub-s032/Stage1_level2_Iter0009.nii.gz
2DIAGNOSTIC,     9, -5.201669612747e-02, 1.797693134862e+308, 0.0000e+00, 0.0000e+00, 
*/mnt/lustre/mathdugre/fast-interpolate/datasets/ds004513/derivatives/flint/antsRegistration/r8-p14/sub-s032/Stage1_level2_Iter0010.nii.gz
2DIAGNOSTIC,    10, -8.381512689040e-02, 7.675552368164e-02, 0.0000e+00, 0.0000e+00, 
*/mnt/lustre/mathdugre/fast-interpolate/datasets/ds004513/derivatives/flint/antsRegistration/r8-p14/sub-s032/Stage1_level2_Iter0011.nii.gz
2DIAGNOSTIC,    11, -1.010635939015e-01, 9.484863281250e-02, 0.0000e+00, 0.0000e+00, 
*/mnt/lustre/mathdugre/fast-interpolate/datasets/ds004513/derivatives/flint/antsRegistration/r8-p14/sub-s032/Stage1_level2_Iter0012.nii.gz
2DIAGNOSTIC,    12, -1.050166613094e-01, 1.002120971680e-01, 0.0000e+00, 0.0000e+00, 
*/mnt/lustre/mathdugre/fast-interpolate/datasets/ds004513/derivatives/flint/antsRegistration/r8-p14/sub-s032/Stage1_level2_Iter0013.nii.gz
2DIAGNOSTIC,    13, -1.051270957217e-01, 9.591674804688e-02, 0.0000e+00, 0.0000e+00, 
*/mnt/lustre/mathdugre/fast-interpolate/datasets/ds004513/derivatives/flint/antsRegistration/r8-p14/sub-s032/Stage1_level2_Iter0014.nii.gz
2DIAGNOSTIC,    14, -1.051008508502e-01, 8.486938476562e-02, 0.0000e+00, 0.0000e+00, 
*/mnt/lustre/mathdugre/fast-interpolate/datasets/ds004513/derivatives/flint/antsRegistration/r8-p14/sub-s032/Stage1_level2_Iter0015.nii.gz
2DIAGNOSTIC,    15, -1.051475881149e-01, 6.933593750000e-02, 0.0000e+00, 0.0000e+00, 
*/mnt/lustre/mathdugre/fast-interpolate/datasets/ds004513/derivatives/flint/antsRegistration/r8-p14/sub-s032/Stage1_level2_Iter0016.nii.gz
2DIAGNOSTIC,    16, -1.050981120909e-01, 5.182266235352e-02, 0.0000e+00, 0.0000e+00, 
*/mnt/lustre/mathdugre/fast-interpolate/datasets/ds004513/derivatives/flint/antsRegistration/r8-p14/sub-s032/Stage1_level2_Iter0017.nii.gz
2DIAGNOSTIC,    17, -1.051026784250e-01, 3.336715698242e-02, 0.0000e+00, 0.0000e+00, 
*/mnt/lustre/mathdugre/fast-interpolate/datasets/ds004513/derivatives/flint/antsRegistration/r8-p14/sub-s032/Stage1_level2_Iter0018.nii.gz
2DIAGNOSTIC,    18, -1.050546538376e-01, 1.769638061523e-02, 0.0000e+00, 0.0000e+00, 
*/mnt/lustre/mathdugre/fast-interpolate/datasets/ds004513/derivatives/flint/antsRegistration/r8-p14/sub-s032/Stage1_level2_Iter0019.nii.gz
2DIAGNOSTIC,    19, -1.050175421594e-01, 5.397796630859e-03, 0.0000e+00, 0.0000e+00, 
*/mnt/lustre/mathdugre/fast-interpolate/datasets/ds004513/derivatives/flint/antsRegistration/r8-p14/sub-s032/Stage1_level2_Iter0020.nii.gz
2DIAGNOSTIC,    20, -1.050106694815e-01, 7.820129394531e-04, 0.0000e+00, 0.0000e+00, 
DIAGNOSTIC,Iteration,metricValue,convergenceValue,ITERATION_TIME_INDEX,SINCE_LAST
*/mnt/lustre/mathdugre/fast-interpolate/datasets/ds004513/derivatives/flint/antsRegistration/r8-p14/sub-s032/Stage1_level3_Iter0001.nii.gz
2DIAGNOSTIC,     1, -9.159993776458e-02, 1.797693134862e+308, 0.0000e+00, 0.0000e+00, 
*/mnt/lustre/mathdugre/fast-interpolate/datasets/ds004513/derivatives/flint/antsRegistration/r8-p14/sub-s032/Stage1_level3_Iter0002.nii.gz
2DIAGNOSTIC,     2, -9.162451181930e-02, 1.797693134862e+308, 0.0000e+00, 0.0000e+00, 
*/mnt/lustre/mathdugre/fast-interpolate/datasets/ds004513/derivatives/flint/antsRegistration/r8-p14/sub-s032/Stage1_level3_Iter0003.nii.gz
2DIAGNOSTIC,     3, -9.167768413609e-02, 1.797693134862e+308, 0.0000e+00, 0.0000e+00, 
*/mnt/lustre/mathdugre/fast-interpolate/datasets/ds004513/derivatives/flint/antsRegistration/r8-p14/sub-s032/Stage1_level3_Iter0004.nii.gz
2DIAGNOSTIC,     4, -9.168715345624e-02, 1.797693134862e+308, 0.0000e+00, 0.0000e+00, 
*/mnt/lustre/mathdugre/fast-interpolate/datasets/ds004513/derivatives/flint/antsRegistration/r8-p14/sub-s032/Stage1_level3_Iter0005.nii.gz
2DIAGNOSTIC,     5, -9.170976981793e-02, 1.797693134862e+308, 0.0000e+00, 0.0000e+00, 
*/mnt/lustre/mathdugre/fast-interpolate/datasets/ds004513/derivatives/flint/antsRegistration/r8-p14/sub-s032/Stage1_level3_Iter0006.nii.gz
2DIAGNOSTIC,     6, -9.170777946854e-02, 1.797693134862e+308, 0.0000e+00, 0.0000e+00, 
*/mnt/lustre/mathdugre/fast-interpolate/datasets/ds004513/derivatives/flint/antsRegistration/r8-p14/sub-s032/Stage1_level3_Iter0007.nii.gz
2DIAGNOSTIC,     7, -9.169009584502e-02, 1.797693134862e+308, 0.0000e+00, 0.0000e+00, 
*/mnt/lustre/mathdugre/fast-interpolate/datasets/ds004513/derivatives/flint/antsRegistration/r8-p14/sub-s032/Stage1_level3_Iter0008.nii.gz
2DIAGNOSTIC,     8, -9.169270100763e-02, 1.797693134862e+308, 0.0000e+00, 0.0000e+00, 
*/mnt/lustre/mathdugre/fast-interpolate/datasets/ds004513/derivatives/flint/antsRegistration/r8-p14/sub-s032/Stage1_level3_Iter0009.nii.gz
2DIAGNOSTIC,     9, -9.169927709430e-02, 1.797693134862e+308, 0.0000e+00, 0.0000e+00, 
*/mnt/lustre/mathdugre/fast-interpolate/datasets/ds004513/derivatives/flint/antsRegistration/r8-p14/sub-s032/Stage1_level3_Iter0010.nii.gz
2DIAGNOSTIC,    10, -9.168733293558e-02, 4.959106445312e-05, 0.0000e+00, 0.0000e+00, 
*/mnt/lustre/mathdugre/fast-interpolate/datasets/ds004513/derivatives/flint/antsRegistration/r8-p14/sub-s032/Stage1_level3_Iter0011.nii.gz
2DIAGNOSTIC,    11, -9.170122842225e-02, 2.670288085938e-05, 0.0000e+00, 0.0000e+00, 
*/mnt/lustre/mathdugre/fast-interpolate/datasets/ds004513/derivatives/flint/antsRegistration/r8-p14/sub-s032/Stage1_level3_Iter0012.nii.gz
2DIAGNOSTIC,    12, -9.169100462603e-02, 7.629394531250e-06, 0.0000e+00, 0.0000e+00, 
DIAGNOSTIC,Iteration,metricValue,convergenceValue,ITERATION_TIME_INDEX,SINCE_LAST
*/mnt/lustre/mathdugre/fast-interpolate/datasets/ds004513/derivatives/flint/antsRegistration/r8-p14/sub-s032/Stage1_level4_Iter0001.nii.gz
2DIAGNOSTIC,     1, -8.590682664864e-02, 1.797693134862e+308, 0.0000e+00, 0.0000e+00, 
*/mnt/lustre/mathdugre/fast-interpolate/datasets/ds004513/derivatives/flint/antsRegistration/r8-p14/sub-s032/Stage1_level4_Iter0002.nii.gz
2DIAGNOSTIC,     2, -8.591293531616e-02, 1.797693134862e+308, 0.0000e+00, 0.0000e+00, 
*/mnt/lustre/mathdugre/fast-interpolate/datasets/ds004513/derivatives/flint/antsRegistration/r8-p14/sub-s032/Stage1_level4_Iter0003.nii.gz
2DIAGNOSTIC,     3, -8.593121481485e-02, 1.797693134862e+308, 0.0000e+00, 0.0000e+00, 
*/mnt/lustre/mathdugre/fast-interpolate/datasets/ds004513/derivatives/flint/antsRegistration/r8-p14/sub-s032/Stage1_level4_Iter0004.nii.gz
2DIAGNOSTIC,     4, -8.594168247906e-02, 1.797693134862e+308, 0.0000e+00, 0.0000e+00, 
*/mnt/lustre/mathdugre/fast-interpolate/datasets/ds004513/derivatives/flint/antsRegistration/r8-p14/sub-s032/Stage1_level4_Iter0005.nii.gz
2DIAGNOSTIC,     5, -8.598256454647e-02, 1.797693134862e+308, 0.0000e+00, 0.0000e+00, 
*/mnt/lustre/mathdugre/fast-interpolate/datasets/ds004513/derivatives/flint/antsRegistration/r8-p14/sub-s032/Stage1_level4_Iter0006.nii.gz
2DIAGNOSTIC,     6, -8.601007399028e-02, 1.797693134862e+308, 0.0000e+00, 0.0000e+00, 
*/mnt/lustre/mathdugre/fast-interpolate/datasets/ds004513/derivatives/flint/antsRegistration/r8-p14/sub-s032/Stage1_level4_Iter0007.nii.gz
2DIAGNOSTIC,     7, -8.600751366283e-02, 1.797693134862e+308, 0.0000e+00, 0.0000e+00, 
*/mnt/lustre/mathdugre/fast-interpolate/datasets/ds004513/derivatives/flint/antsRegistration/r8-p14/sub-s032/Stage1_level4_Iter0008.nii.gz
2DIAGNOSTIC,     8, -8.604398449310e-02, 1.797693134862e+308, 0.0000e+00, 0.0000e+00, 
*/mnt/lustre/mathdugre/fast-interpolate/datasets/ds004513/derivatives/flint/antsRegistration/r8-p14/sub-s032/Stage1_level4_Iter0009.nii.gz
2DIAGNOSTIC,     9, -8.602856225820e-02, 1.797693134862e+308, 0.0000e+00, 0.0000e+00, 
*/mnt/lustre/mathdugre/fast-interpolate/datasets/ds004513/derivatives/flint/antsRegistration/r8-p14/sub-s032/Stage1_level4_Iter0010.nii.gz
2DIAGNOSTIC,    10, -8.603357789707e-02, 1.144409179688e-04, 0.0000e+00, 0.0000e+00, 
*/mnt/lustre/mathdugre/fast-interpolate/datasets/ds004513/derivatives/flint/antsRegistration/r8-p14/sub-s032/Stage1_level4_Iter0011.nii.gz
2DIAGNOSTIC,    11, -8.602697655410e-02, 9.155273437500e-05, 0.0000e+00, 0.0000e+00, 
*/mnt/lustre/mathdugre/fast-interpolate/datasets/ds004513/derivatives/flint/antsRegistration/r8-p14/sub-s032/Stage1_level4_Iter0012.nii.gz
2DIAGNOSTIC,    12, -8.602294521449e-02, 6.484985351562e-05, 0.0000e+00, 0.0000e+00, 
*/mnt/lustre/mathdugre/fast-interpolate/datasets/ds004513/derivatives/flint/antsRegistration/r8-p14/sub-s032/Stage1_level4_Iter0013.nii.gz
2DIAGNOSTIC,    13, -8.604290714539e-02, 3.814697265625e-05, 0.0000e+00, 0.0000e+00, 
*/mnt/lustre/mathdugre/fast-interpolate/datasets/ds004513/derivatives/flint/antsRegistration/r8-p14/sub-s032/Stage1_level4_Iter0014.nii.gz
2DIAGNOSTIC,    14, -8.602546031501e-02, 1.525878906250e-05, 0.0000e+00, 0.0000e+00, 
*/mnt/lustre/mathdugre/fast-interpolate/datasets/ds004513/derivatives/flint/antsRegistration/r8-p14/sub-s032/Stage1_level4_Iter0015.nii.gz
2DIAGNOSTIC,    15, -8.604302118441e-02, 7.629394531250e-06, 0.0000e+00, 0.0000e+00, 
*/mnt/lustre/mathdugre/fast-interpolate/datasets/ds004513/derivatives/flint/antsRegistration/r8-p14/sub-s032/Stage1_level4_Iter0016.nii.gz
2DIAGNOSTIC,    16, -8.602889560780e-02, 1.144409179688e-05, 0.0000e+00, 0.0000e+00, 
*/mnt/lustre/mathdugre/fast-interpolate/datasets/ds004513/derivatives/flint/antsRegistration/r8-p14/sub-s032/Stage1_level4_Iter0017.nii.gz
2DIAGNOSTIC,    17, -8.602859796691e-02, 1.907348632812e-06, 0.0000e+00, 0.0000e+00, 
  Elapsed time (stage 0): 0.0000e+00


Stage 1
  iterations = 1000x500x250x100
  convergence threshold = 1.0000e-06
  convergence window size = 10
  number of levels = 4
  using the Mattes MI metric (number of bins = 32, weight = 1.0000e+00, use gradient filter = 0)
  preprocessing:  winsorizing the image intensities
  Shrink factors (level 1 out of 4): [8, 8, 8]
  Shrink factors (level 2 out of 4): [4, 4, 4]
  Shrink factors (level 3 out of 4): [2, 2, 2]
  Shrink factors (level 4 out of 4): [1, 1, 1]
  smoothing sigmas per level: [3, 2, 1, 0]
  regular sampling (percentage = 2.5000e-01)

*** Running AffineTransform registration ***

DIAGNOSTIC,Iteration,metricValue,convergenceValue,ITERATION_TIME_INDEX,SINCE_LAST
*/mnt/lustre/mathdugre/fast-interpolate/datasets/ds004513/derivatives/flint/antsRegistration/r8-p14/sub-s032/Stage2_level1_Iter0001.nii.gz
2DIAGNOSTIC,     1, -1.302770244560e-01, 1.797693134862e+308, 0.0000e+00, 0.0000e+00, 
*/mnt/lustre/mathdugre/fast-interpolate/datasets/ds004513/derivatives/flint/antsRegistration/r8-p14/sub-s032/Stage2_level1_Iter0002.nii.gz
2DIAGNOSTIC,     2, -1.300507546837e-01, 1.797693134862e+308, 0.0000e+00, 0.0000e+00, 
*/mnt/lustre/mathdugre/fast-interpolate/datasets/ds004513/derivatives/flint/antsRegistration/r8-p14/sub-s032/Stage2_level1_Iter0003.nii.gz
2DIAGNOSTIC,     3, -1.295704232765e-01, 1.797693134862e+308, 0.0000e+00, 0.0000e+00, 
*/mnt/lustre/mathdugre/fast-interpolate/datasets/ds004513/derivatives/flint/antsRegistration/r8-p14/sub-s032/Stage2_level1_Iter0004.nii.gz
2DIAGNOSTIC,     4, -1.296665958558e-01, 1.797693134862e+308, 0.0000e+00, 0.0000e+00, 
*/mnt/lustre/mathdugre/fast-interpolate/datasets/ds004513/derivatives/flint/antsRegistration/r8-p14/sub-s032/Stage2_level1_Iter0005.nii.gz
2DIAGNOSTIC,     5, -1.302002295205e-01, 1.797693134862e+308, 0.0000e+00, 0.0000e+00, 
*/mnt/lustre/mathdugre/fast-interpolate/datasets/ds004513/derivatives/flint/antsRegistration/r8-p14/sub-s032/Stage2_level1_Iter0006.nii.gz
2DIAGNOSTIC,     6, -1.306372840812e-01, 1.797693134862e+308, 0.0000e+00, 0.0000e+00, 
*/mnt/lustre/mathdugre/fast-interpolate/datasets/ds004513/derivatives/flint/antsRegistration/r8-p14/sub-s032/Stage2_level1_Iter0007.nii.gz
2DIAGNOSTIC,     7, -1.307323873440e-01, 1.797693134862e+308, 0.0000e+00, 0.0000e+00, 
*/mnt/lustre/mathdugre/fast-interpolate/datasets/ds004513/derivatives/flint/antsRegistration/r8-p14/sub-s032/Stage2_level1_Iter0008.nii.gz
2DIAGNOSTIC,     8, -1.308566302338e-01, 1.797693134862e+308, 0.0000e+00, 0.0000e+00, 
*/mnt/lustre/mathdugre/fast-interpolate/datasets/ds004513/derivatives/flint/antsRegistration/r8-p14/sub-s032/Stage2_level1_Iter0009.nii.gz
2DIAGNOSTIC,     9, -1.318744380921e-01, 1.797693134862e+308, 0.0000e+00, 0.0000e+00, 
*/mnt/lustre/mathdugre/fast-interpolate/datasets/ds004513/derivatives/flint/antsRegistration/r8-p14/sub-s032/Stage2_level1_Iter0010.nii.gz
2DIAGNOSTIC,    10, -1.323765052659e-01, 1.125335693359e-03, 0.0000e+00, 0.0000e+00, 
*/mnt/lustre/mathdugre/fast-interpolate/datasets/ds004513/derivatives/flint/antsRegistration/r8-p14/sub-s032/Stage2_level1_Iter0011.nii.gz
2DIAGNOSTIC,    11, -1.325864671937e-01, 1.354217529297e-03, 0.0000e+00, 0.0000e+00, 
*/mnt/lustre/mathdugre/fast-interpolate/datasets/ds004513/derivatives/flint/antsRegistration/r8-p14/sub-s032/Stage2_level1_Iter0012.nii.gz
2DIAGNOSTIC,    12, -1.325935551553e-01, 1.388549804688e-03, 0.0000e+00, 0.0000e+00, 
*/mnt/lustre/mathdugre/fast-interpolate/datasets/ds004513/derivatives/flint/antsRegistration/r8-p14/sub-s032/Stage2_level1_Iter0013.nii.gz
2DIAGNOSTIC,    13, -1.325026400406e-01, 1.205444335938e-03, 0.0000e+00, 0.0000e+00, 
*/mnt/lustre/mathdugre/fast-interpolate/datasets/ds004513/derivatives/flint/antsRegistration/r8-p14/sub-s032/Stage2_level1_Iter0014.nii.gz
2DIAGNOSTIC,    14, -1.334312783067e-01, 1.094818115234e-03, 0.0000e+00, 0.0000e+00, 
*/mnt/lustre/mathdugre/fast-interpolate/datasets/ds004513/derivatives/flint/antsRegistration/r8-p14/sub-s032/Stage2_level1_Iter0015.nii.gz
2DIAGNOSTIC,    15, -1.343006991581e-01, 1.087188720703e-03, 0.0000e+00, 0.0000e+00, 
*/mnt/lustre/mathdugre/fast-interpolate/datasets/ds004513/derivatives/flint/antsRegistration/r8-p14/sub-s032/Stage2_level1_Iter0016.nii.gz
2DIAGNOSTIC,    16, -1.345453827588e-01, 1.075744628906e-03, 0.0000e+00, 0.0000e+00, 
*/mnt/lustre/mathdugre/fast-interpolate/datasets/ds004513/derivatives/flint/antsRegistration/r8-p14/sub-s032/Stage2_level1_Iter0017.nii.gz
2DIAGNOSTIC,    17, -1.383201764090e-01, 1.461029052734e-03, 0.0000e+00, 0.0000e+00, 
*/mnt/lustre/mathdugre/fast-interpolate/datasets/ds004513/derivatives/flint/antsRegistration/r8-p14/sub-s032/Stage2_level1_Iter0018.nii.gz
2DIAGNOSTIC,    18, -1.388295298725e-01, 1.726150512695e-03, 0.0000e+00, 0.0000e+00, 
*/mnt/lustre/mathdugre/fast-interpolate/datasets/ds004513/derivatives/flint/antsRegistration/r8-p14/sub-s032/Stage2_level1_Iter0019.nii.gz
2DIAGNOSTIC,    19, -1.383940633775e-01, 1.865386962891e-03, 0.0000e+00, 0.0000e+00, 
*/mnt/lustre/mathdugre/fast-interpolate/datasets/ds004513/derivatives/flint/antsRegistration/r8-p14/sub-s032/Stage2_level1_Iter0020.nii.gz
2DIAGNOSTIC,    20, -1.378980434743e-01, 1.829147338867e-03, 0.0000e+00, 0.0000e+00, 
*/mnt/lustre/mathdugre/fast-interpolate/datasets/ds004513/derivatives/flint/antsRegistration/r8-p14/sub-s032/Stage2_level1_Iter0021.nii.gz
2DIAGNOSTIC,    21, -1.380073413083e-01, 1.659393310547e-03, 0.0000e+00, 0.0000e+00, 
*/mnt/lustre/mathdugre/fast-interpolate/datasets/ds004513/derivatives/flint/antsRegistration/r8-p14/sub-s032/Stage2_level1_Iter0022.nii.gz
2DIAGNOSTIC,    22, -1.377066726779e-01, 1.317977905273e-03, 0.0000e+00, 0.0000e+00, 
*/mnt/lustre/mathdugre/fast-interpolate/datasets/ds004513/derivatives/flint/antsRegistration/r8-p14/sub-s032/Stage2_level1_Iter0023.nii.gz
2DIAGNOSTIC,    23, -1.377535200340e-01, 8.735656738281e-04, 0.0000e+00, 0.0000e+00, 
*/mnt/lustre/mathdugre/fast-interpolate/datasets/ds004513/derivatives/flint/antsRegistration/r8-p14/sub-s032/Stage2_level1_Iter0024.nii.gz
2DIAGNOSTIC,    24, -1.376514500771e-01, 4.634857177734e-04, 0.0000e+00, 0.0000e+00, 
*/mnt/lustre/mathdugre/fast-interpolate/datasets/ds004513/derivatives/flint/antsRegistration/r8-p14/sub-s032/Stage2_level1_Iter0025.nii.gz
2DIAGNOSTIC,    25, -1.375335910891e-01, 1.163482666016e-04, 0.0000e+00, 0.0000e+00, 
DIAGNOSTIC,Iteration,metricValue,convergenceValue,ITERATION_TIME_INDEX,SINCE_LAST
*/mnt/lustre/mathdugre/fast-interpolate/datasets/ds004513/derivatives/flint/antsRegistration/r8-p14/sub-s032/Stage2_level2_Iter0001.nii.gz
2DIAGNOSTIC,     1, -1.027333808177e-01, 1.797693134862e+308, 0.0000e+00, 0.0000e+00, 
*/mnt/lustre/mathdugre/fast-interpolate/datasets/ds004513/derivatives/flint/antsRegistration/r8-p14/sub-s032/Stage2_level2_Iter0002.nii.gz
2DIAGNOSTIC,     2, -1.027586093433e-01, 1.797693134862e+308, 0.0000e+00, 0.0000e+00, 
*/mnt/lustre/mathdugre/fast-interpolate/datasets/ds004513/derivatives/flint/antsRegistration/r8-p14/sub-s032/Stage2_level2_Iter0003.nii.gz
2DIAGNOSTIC,     3, -1.027915139631e-01, 1.797693134862e+308, 0.0000e+00, 0.0000e+00, 
*/mnt/lustre/mathdugre/fast-interpolate/datasets/ds004513/derivatives/flint/antsRegistration/r8-p14/sub-s032/Stage2_level2_Iter0004.nii.gz
2DIAGNOSTIC,     4, -1.027698204477e-01, 1.797693134862e+308, 0.0000e+00, 0.0000e+00, 
*/mnt/lustre/mathdugre/fast-interpolate/datasets/ds004513/derivatives/flint/antsRegistration/r8-p14/sub-s032/Stage2_level2_Iter0005.nii.gz
2DIAGNOSTIC,     5, -1.027459690936e-01, 1.797693134862e+308, 0.0000e+00, 0.0000e+00, 
*/mnt/lustre/mathdugre/fast-interpolate/datasets/ds004513/derivatives/flint/antsRegistration/r8-p14/sub-s032/Stage2_level2_Iter0006.nii.gz
2DIAGNOSTIC,     6, -1.027435344120e-01, 1.797693134862e+308, 0.0000e+00, 0.0000e+00, 
*/mnt/lustre/mathdugre/fast-interpolate/datasets/ds004513/derivatives/flint/antsRegistration/r8-p14/sub-s032/Stage2_level2_Iter0007.nii.gz
2DIAGNOSTIC,     7, -1.027476594067e-01, 1.797693134862e+308, 0.0000e+00, 0.0000e+00, 
*/mnt/lustre/mathdugre/fast-interpolate/datasets/ds004513/derivatives/flint/antsRegistration/r8-p14/sub-s032/Stage2_level2_Iter0008.nii.gz
2DIAGNOSTIC,     8, -1.027434874870e-01, 1.797693134862e+308, 0.0000e+00, 0.0000e+00, 
*/mnt/lustre/mathdugre/fast-interpolate/datasets/ds004513/derivatives/flint/antsRegistration/r8-p14/sub-s032/Stage2_level2_Iter0009.nii.gz
2DIAGNOSTIC,     9, -1.027422869982e-01, 1.797693134862e+308, 0.0000e+00, 0.0000e+00, 
DIAGNOSTIC,Iteration,metricValue,convergenceValue,ITERATION_TIME_INDEX,SINCE_LAST
*/mnt/lustre/mathdugre/fast-interpolate/datasets/ds004513/derivatives/flint/antsRegistration/r8-p14/sub-s032/Stage2_level3_Iter0001.nii.gz
2DIAGNOSTIC,     1, -9.252642246308e-02, 1.797693134862e+308, 0.0000e+00, 0.0000e+00, 
*/mnt/lustre/mathdugre/fast-interpolate/datasets/ds004513/derivatives/flint/antsRegistration/r8-p14/sub-s032/Stage2_level3_Iter0002.nii.gz
2DIAGNOSTIC,     2, -9.254678952554e-02, 1.797693134862e+308, 0.0000e+00, 0.0000e+00, 
*/mnt/lustre/mathdugre/fast-interpolate/datasets/ds004513/derivatives/flint/antsRegistration/r8-p14/sub-s032/Stage2_level3_Iter0003.nii.gz
2DIAGNOSTIC,     3, -9.255753338102e-02, 1.797693134862e+308, 0.0000e+00, 0.0000e+00, 
*/mnt/lustre/mathdugre/fast-interpolate/datasets/ds004513/derivatives/flint/antsRegistration/r8-p14/sub-s032/Stage2_level3_Iter0004.nii.gz
2DIAGNOSTIC,     4, -9.255365618147e-02, 1.797693134862e+308, 0.0000e+00, 0.0000e+00, 
*/mnt/lustre/mathdugre/fast-interpolate/datasets/ds004513/derivatives/flint/antsRegistration/r8-p14/sub-s032/Stage2_level3_Iter0005.nii.gz
2DIAGNOSTIC,     5, -9.251413455821e-02, 1.797693134862e+308, 0.0000e+00, 0.0000e+00, 
*/mnt/lustre/mathdugre/fast-interpolate/datasets/ds004513/derivatives/flint/antsRegistration/r8-p14/sub-s032/Stage2_level3_Iter0006.nii.gz
2DIAGNOSTIC,     6, -9.255677708634e-02, 1.797693134862e+308, 0.0000e+00, 0.0000e+00, 
*/mnt/lustre/mathdugre/fast-interpolate/datasets/ds004513/derivatives/flint/antsRegistration/r8-p14/sub-s032/Stage2_level3_Iter0007.nii.gz
2DIAGNOSTIC,     7, -9.256606261773e-02, 1.797693134862e+308, 0.0000e+00, 0.0000e+00, 
*/mnt/lustre/mathdugre/fast-interpolate/datasets/ds004513/derivatives/flint/antsRegistration/r8-p14/sub-s032/Stage2_level3_Iter0008.nii.gz
2DIAGNOSTIC,     8, -9.255585067038e-02, 1.797693134862e+308, 0.0000e+00, 0.0000e+00, 
*/mnt/lustre/mathdugre/fast-interpolate/datasets/ds004513/derivatives/flint/antsRegistration/r8-p14/sub-s032/Stage2_level3_Iter0009.nii.gz
2DIAGNOSTIC,     9, -9.255274442320e-02, 1.797693134862e+308, 0.0000e+00, 0.0000e+00, 
*/mnt/lustre/mathdugre/fast-interpolate/datasets/ds004513/derivatives/flint/antsRegistration/r8-p14/sub-s032/Stage2_level3_Iter0010.nii.gz
2DIAGNOSTIC,    10, -9.257438651175e-02, 2.288818359375e-05, 0.0000e+00, 0.0000e+00, 
*/mnt/lustre/mathdugre/fast-interpolate/datasets/ds004513/derivatives/flint/antsRegistration/r8-p14/sub-s032/Stage2_level3_Iter0011.nii.gz
2DIAGNOSTIC,    11, -9.257540932604e-02, 2.288818359375e-05, 0.0000e+00, 0.0000e+00, 
*/mnt/lustre/mathdugre/fast-interpolate/datasets/ds004513/derivatives/flint/antsRegistration/r8-p14/sub-s032/Stage2_level3_Iter0012.nii.gz
2DIAGNOSTIC,    12, -9.256762072905e-02, 2.670288085938e-05, 0.0000e+00, 0.0000e+00, 
*/mnt/lustre/mathdugre/fast-interpolate/datasets/ds004513/derivatives/flint/antsRegistration/r8-p14/sub-s032/Stage2_level3_Iter0013.nii.gz
2DIAGNOSTIC,    13, -9.256237555447e-02, 1.525878906250e-05, 0.0000e+00, 0.0000e+00, 
*/mnt/lustre/mathdugre/fast-interpolate/datasets/ds004513/derivatives/flint/antsRegistration/r8-p14/sub-s032/Stage2_level3_Iter0014.nii.gz
2DIAGNOSTIC,    14, -9.255331202485e-02, 1.144409179688e-05, 0.0000e+00, 0.0000e+00, 
DIAGNOSTIC,Iteration,metricValue,convergenceValue,ITERATION_TIME_INDEX,SINCE_LAST
*/mnt/lustre/mathdugre/fast-interpolate/datasets/ds004513/derivatives/flint/antsRegistration/r8-p14/sub-s032/Stage2_level4_Iter0001.nii.gz
2DIAGNOSTIC,     1, -8.933069414953e-02, 1.797693134862e+308, 0.0000e+00, 0.0000e+00, 
*/mnt/lustre/mathdugre/fast-interpolate/datasets/ds004513/derivatives/flint/antsRegistration/r8-p14/sub-s032/Stage2_level4_Iter0002.nii.gz
2DIAGNOSTIC,     2, -8.936260815755e-02, 1.797693134862e+308, 0.0000e+00, 0.0000e+00, 
*/mnt/lustre/mathdugre/fast-interpolate/datasets/ds004513/derivatives/flint/antsRegistration/r8-p14/sub-s032/Stage2_level4_Iter0003.nii.gz
2DIAGNOSTIC,     3, -8.939467447779e-02, 1.797693134862e+308, 0.0000e+00, 0.0000e+00, 
*/mnt/lustre/mathdugre/fast-interpolate/datasets/ds004513/derivatives/flint/antsRegistration/r8-p14/sub-s032/Stage2_level4_Iter0004.nii.gz
2DIAGNOSTIC,     4, -8.943647923318e-02, 1.797693134862e+308, 0.0000e+00, 0.0000e+00, 
*/mnt/lustre/mathdugre/fast-interpolate/datasets/ds004513/derivatives/flint/antsRegistration/r8-p14/sub-s032/Stage2_level4_Iter0005.nii.gz
2DIAGNOSTIC,     5, -8.949555384513e-02, 1.797693134862e+308, 0.0000e+00, 0.0000e+00, 
*/mnt/lustre/mathdugre/fast-interpolate/datasets/ds004513/derivatives/flint/antsRegistration/r8-p14/sub-s032/Stage2_level4_Iter0006.nii.gz
2DIAGNOSTIC,     6, -8.963564044993e-02, 1.797693134862e+308, 0.0000e+00, 0.0000e+00, 
*/mnt/lustre/mathdugre/fast-interpolate/datasets/ds004513/derivatives/flint/antsRegistration/r8-p14/sub-s032/Stage2_level4_Iter0007.nii.gz
2DIAGNOSTIC,     7, -8.980835016857e-02, 1.797693134862e+308, 0.0000e+00, 0.0000e+00, 
*/mnt/lustre/mathdugre/fast-interpolate/datasets/ds004513/derivatives/flint/antsRegistration/r8-p14/sub-s032/Stage2_level4_Iter0008.nii.gz
2DIAGNOSTIC,     8, -9.000405767823e-02, 1.797693134862e+308, 0.0000e+00, 0.0000e+00, 
*/mnt/lustre/mathdugre/fast-interpolate/datasets/ds004513/derivatives/flint/antsRegistration/r8-p14/sub-s032/Stage2_level4_Iter0009.nii.gz
2DIAGNOSTIC,     9, -9.036799835715e-02, 1.797693134862e+308, 0.0000e+00, 0.0000e+00, 
*/mnt/lustre/mathdugre/fast-interpolate/datasets/ds004513/derivatives/flint/antsRegistration/r8-p14/sub-s032/Stage2_level4_Iter0010.nii.gz
2DIAGNOSTIC,    10, -9.129839140110e-02, 1.098632812500e-03, 0.0000e+00, 0.0000e+00, 
*/mnt/lustre/mathdugre/fast-interpolate/datasets/ds004513/derivatives/flint/antsRegistration/r8-p14/sub-s032/Stage2_level4_Iter0011.nii.gz
2DIAGNOSTIC,    11, -9.267179875978e-02, 1.693725585938e-03, 0.0000e+00, 0.0000e+00, 
*/mnt/lustre/mathdugre/fast-interpolate/datasets/ds004513/derivatives/flint/antsRegistration/r8-p14/sub-s032/Stage2_level4_Iter0012.nii.gz
2DIAGNOSTIC,    12, -9.334042807634e-02, 2.201080322266e-03, 0.0000e+00, 0.0000e+00, 
*/mnt/lustre/mathdugre/fast-interpolate/datasets/ds004513/derivatives/flint/antsRegistration/r8-p14/sub-s032/Stage2_level4_Iter0013.nii.gz
2DIAGNOSTIC,    13, -9.504322694238e-02, 2.861022949219e-03, 0.0000e+00, 0.0000e+00, 
*/mnt/lustre/mathdugre/fast-interpolate/datasets/ds004513/derivatives/flint/antsRegistration/r8-p14/sub-s032/Stage2_level4_Iter0014.nii.gz
2DIAGNOSTIC,    14, -9.890771747321e-02, 4.005432128906e-03, 0.0000e+00, 0.0000e+00, 
*/mnt/lustre/mathdugre/fast-interpolate/datasets/ds004513/derivatives/flint/antsRegistration/r8-p14/sub-s032/Stage2_level4_Iter0015.nii.gz
2DIAGNOSTIC,    15, -9.886021329908e-02, 4.608154296875e-03, 0.0000e+00, 0.0000e+00, 
*/mnt/lustre/mathdugre/fast-interpolate/datasets/ds004513/derivatives/flint/antsRegistration/r8-p14/sub-s032/Stage2_level4_Iter0016.nii.gz
2DIAGNOSTIC,    16, -9.888997910473e-02, 4.753112792969e-03, 0.0000e+00, 0.0000e+00, 
*/mnt/lustre/mathdugre/fast-interpolate/datasets/ds004513/derivatives/flint/antsRegistration/r8-p14/sub-s032/Stage2_level4_Iter0017.nii.gz
2DIAGNOSTIC,    17, -9.897618925580e-02, 4.497528076172e-03, 0.0000e+00, 0.0000e+00, 
*/mnt/lustre/mathdugre/fast-interpolate/datasets/ds004513/derivatives/flint/antsRegistration/r8-p14/sub-s032/Stage2_level4_Iter0018.nii.gz
2DIAGNOSTIC,    18, -9.920488005221e-02, 3.923416137695e-03, 0.0000e+00, 0.0000e+00, 
*/mnt/lustre/mathdugre/fast-interpolate/datasets/ds004513/derivatives/flint/antsRegistration/r8-p14/sub-s032/Stage2_level4_Iter0019.nii.gz
2DIAGNOSTIC,    19, -9.957574437843e-02, 3.158569335938e-03, 0.0000e+00, 0.0000e+00, 
*/mnt/lustre/mathdugre/fast-interpolate/datasets/ds004513/derivatives/flint/antsRegistration/r8-p14/sub-s032/Stage2_level4_Iter0020.nii.gz
2DIAGNOSTIC,    20, -9.957860809622e-02, 2.325057983398e-03, 0.0000e+00, 0.0000e+00, 
*/mnt/lustre/mathdugre/fast-interpolate/datasets/ds004513/derivatives/flint/antsRegistration/r8-p14/sub-s032/Stage2_level4_Iter0021.nii.gz
2DIAGNOSTIC,    21, -9.955277255605e-02, 1.562118530273e-03, 0.0000e+00, 0.0000e+00, 
*/mnt/lustre/mathdugre/fast-interpolate/datasets/ds004513/derivatives/flint/antsRegistration/r8-p14/sub-s032/Stage2_level4_Iter0022.nii.gz
2DIAGNOSTIC,    22, -9.952126431698e-02, 8.087158203125e-04, 0.0000e+00, 0.0000e+00, 
*/mnt/lustre/mathdugre/fast-interpolate/datasets/ds004513/derivatives/flint/antsRegistration/r8-p14/sub-s032/Stage2_level4_Iter0023.nii.gz
2DIAGNOSTIC,    23, -9.954236164671e-02, 2.651214599609e-04, 0.0000e+00, 0.0000e+00, 
*/mnt/lustre/mathdugre/fast-interpolate/datasets/ds004513/derivatives/flint/antsRegistration/r8-p14/sub-s032/Stage2_level4_Iter0024.nii.gz
2DIAGNOSTIC,    24, -9.951228769719e-02, 2.250671386719e-04, 0.0000e+00, 0.0000e+00, 
*/mnt/lustre/mathdugre/fast-interpolate/datasets/ds004513/derivatives/flint/antsRegistration/r8-p14/sub-s032/Stage2_level4_Iter0025.nii.gz
2DIAGNOSTIC,    25, -9.955661314843e-02, 1.621246337891e-04, 0.0000e+00, 0.0000e+00, 
*/mnt/lustre/mathdugre/fast-interpolate/datasets/ds004513/derivatives/flint/antsRegistration/r8-p14/sub-s032/Stage2_level4_Iter0026.nii.gz
2DIAGNOSTIC,    26, -9.954735018824e-02, 9.155273437500e-05, 0.0000e+00, 0.0000e+00, 
*/mnt/lustre/mathdugre/fast-interpolate/datasets/ds004513/derivatives/flint/antsRegistration/r8-p14/sub-s032/Stage2_level4_Iter0027.nii.gz
2DIAGNOSTIC,    27, -9.954102708137e-02, 3.242492675781e-05, 0.0000e+00, 0.0000e+00, 
  Elapsed time (stage 1): 0.0000e+00


Stage 2
  iterations = 100x70x50x20
  convergence threshold = 1.0000e-06
  convergence window size = 10
  number of levels = 4
  using the CC metric (radius = 4, weight = 1.0000e+00, use gradient filter = 0)
  preprocessing:  winsorizing the image intensities
  Shrink factors (level 1 out of 4): [8, 8, 8]
  Shrink factors (level 2 out of 4): [4, 4, 4]
  Shrink factors (level 3 out of 4): [2, 2, 2]
  Shrink factors (level 4 out of 4): [1, 1, 1]
  smoothing sigmas per level: [3, 2, 1, 0]
  Using default NONE metricSamplingStrategy 

*** Running SyN registration (varianceForUpdateField = 3.0000e+00, varianceForTotalField = 0.0000e+00) ***

XXDIAGNOSTIC,Iteration,metricValue,convergenceValue,ITERATION_TIME_INDEX,SINCE_LAST
*/mnt/lustre/mathdugre/fast-interpolate/datasets/ds004513/derivatives/flint/antsRegistration/r8-p14/sub-s032/Stage3_level1_Iter0001.nii.gz
1DIAGNOSTIC,     1, -4.708099365234e-01, 1.797693134862e+308, 0.0000e+00, 0.0000e+00, 
*/mnt/lustre/mathdugre/fast-interpolate/datasets/ds004513/derivatives/flint/antsRegistration/r8-p14/sub-s032/Stage3_level1_Iter0002.nii.gz
1DIAGNOSTIC,     2, -4.717407226562e-01, 1.797693134862e+308, 0.0000e+00, 0.0000e+00, 
*/mnt/lustre/mathdugre/fast-interpolate/datasets/ds004513/derivatives/flint/antsRegistration/r8-p14/sub-s032/Stage3_level1_Iter0003.nii.gz
1DIAGNOSTIC,     3, -4.727478027344e-01, 1.797693134862e+308, 0.0000e+00, 0.0000e+00, 
*/mnt/lustre/mathdugre/fast-interpolate/datasets/ds004513/derivatives/flint/antsRegistration/r8-p14/sub-s032/Stage3_level1_Iter0004.nii.gz
1DIAGNOSTIC,     4, -4.733886718750e-01, 1.797693134862e+308, 0.0000e+00, 0.0000e+00, 
*/mnt/lustre/mathdugre/fast-interpolate/datasets/ds004513/derivatives/flint/antsRegistration/r8-p14/sub-s032/Stage3_level1_Iter0005.nii.gz
1DIAGNOSTIC,     5, -4.742279052734e-01, 1.797693134862e+308, 0.0000e+00, 0.0000e+00, 
*/mnt/lustre/mathdugre/fast-interpolate/datasets/ds004513/derivatives/flint/antsRegistration/r8-p14/sub-s032/Stage3_level1_Iter0006.nii.gz
1DIAGNOSTIC,     6, -4.748840332031e-01, 1.797693134862e+308, 0.0000e+00, 0.0000e+00, 
*/mnt/lustre/mathdugre/fast-interpolate/datasets/ds004513/derivatives/flint/antsRegistration/r8-p14/sub-s032/Stage3_level1_Iter0007.nii.gz
1DIAGNOSTIC,     7, -4.752960205078e-01, 1.797693134862e+308, 0.0000e+00, 0.0000e+00, 
*/mnt/lustre/mathdugre/fast-interpolate/datasets/ds004513/derivatives/flint/antsRegistration/r8-p14/sub-s032/Stage3_level1_Iter0008.nii.gz
1DIAGNOSTIC,     8, -4.757690429688e-01, 1.797693134862e+308, 0.0000e+00, 0.0000e+00, 
*/mnt/lustre/mathdugre/fast-interpolate/datasets/ds004513/derivatives/flint/antsRegistration/r8-p14/sub-s032/Stage3_level1_Iter0009.nii.gz
1DIAGNOSTIC,     9, -4.762420654297e-01, 1.797693134862e+308, 0.0000e+00, 0.0000e+00, 
*/mnt/lustre/mathdugre/fast-interpolate/datasets/ds004513/derivatives/flint/antsRegistration/r8-p14/sub-s032/Stage3_level1_Iter0010.nii.gz
1DIAGNOSTIC,    10, -4.765472412109e-01, 7.705688476562e-04, 0.0000e+00, 0.0000e+00, 
*/mnt/lustre/mathdugre/fast-interpolate/datasets/ds004513/derivatives/flint/antsRegistration/r8-p14/sub-s032/Stage3_level1_Iter0011.nii.gz
1DIAGNOSTIC,    11, -4.768676757812e-01, 6.256103515625e-04, 0.0000e+00, 0.0000e+00, 
*/mnt/lustre/mathdugre/fast-interpolate/datasets/ds004513/derivatives/flint/antsRegistration/r8-p14/sub-s032/Stage3_level1_Iter0012.nii.gz
1DIAGNOSTIC,    12, -4.771881103516e-01, 4.997253417969e-04, 0.0000e+00, 0.0000e+00, 
*/mnt/lustre/mathdugre/fast-interpolate/datasets/ds004513/derivatives/flint/antsRegistration/r8-p14/sub-s032/Stage3_level1_Iter0013.nii.gz
1DIAGNOSTIC,    13, -4.774475097656e-01, 4.043579101562e-04, 0.0000e+00, 0.0000e+00, 
*/mnt/lustre/mathdugre/fast-interpolate/datasets/ds004513/derivatives/flint/antsRegistration/r8-p14/sub-s032/Stage3_level1_Iter0014.nii.gz
1DIAGNOSTIC,    14, -4.776153564453e-01, 3.204345703125e-04, 0.0000e+00, 0.0000e+00, 
*/mnt/lustre/mathdugre/fast-interpolate/datasets/ds004513/derivatives/flint/antsRegistration/r8-p14/sub-s032/Stage3_level1_Iter0015.nii.gz
1DIAGNOSTIC,    15, -4.778289794922e-01, 2.670288085938e-04, 0.0000e+00, 0.0000e+00, 
*/mnt/lustre/mathdugre/fast-interpolate/datasets/ds004513/derivatives/flint/antsRegistration/r8-p14/sub-s032/Stage3_level1_Iter0016.nii.gz
1DIAGNOSTIC,    16, -4.779052734375e-01, 2.136230468750e-04, 0.0000e+00, 0.0000e+00, 
*/mnt/lustre/mathdugre/fast-interpolate/datasets/ds004513/derivatives/flint/antsRegistration/r8-p14/sub-s032/Stage3_level1_Iter0017.nii.gz
1DIAGNOSTIC,    17, -4.781341552734e-01, 1.811981201172e-04, 0.0000e+00, 0.0000e+00, 
*/mnt/lustre/mathdugre/fast-interpolate/datasets/ds004513/derivatives/flint/antsRegistration/r8-p14/sub-s032/Stage3_level1_Iter0018.nii.gz
1DIAGNOSTIC,    18, -4.782409667969e-01, 1.430511474609e-04, 0.0000e+00, 0.0000e+00, 
*/mnt/lustre/mathdugre/fast-interpolate/datasets/ds004513/derivatives/flint/antsRegistration/r8-p14/sub-s032/Stage3_level1_Iter0019.nii.gz
1DIAGNOSTIC,    19, -4.785156250000e-01, 1.239776611328e-04, 0.0000e+00, 0.0000e+00, 
*/mnt/lustre/mathdugre/fast-interpolate/datasets/ds004513/derivatives/flint/antsRegistration/r8-p14/sub-s032/Stage3_level1_Iter0020.nii.gz
1DIAGNOSTIC,    20, -4.784545898438e-01, 1.106262207031e-04, 0.0000e+00, 0.0000e+00, 
*/mnt/lustre/mathdugre/fast-interpolate/datasets/ds004513/derivatives/flint/antsRegistration/r8-p14/sub-s032/Stage3_level1_Iter0021.nii.gz
1DIAGNOSTIC,    21, -4.785766601562e-01, 8.964538574219e-05, 0.0000e+00, 0.0000e+00, 
*/mnt/lustre/mathdugre/fast-interpolate/datasets/ds004513/derivatives/flint/antsRegistration/r8-p14/sub-s032/Stage3_level1_Iter0022.nii.gz
1DIAGNOSTIC,    22, -4.786834716797e-01, 7.820129394531e-05, 0.0000e+00, 0.0000e+00, 
*/mnt/lustre/mathdugre/fast-interpolate/datasets/ds004513/derivatives/flint/antsRegistration/r8-p14/sub-s032/Stage3_level1_Iter0023.nii.gz
1DIAGNOSTIC,    23, -4.788513183594e-01, 6.866455078125e-05, 0.0000e+00, 0.0000e+00, 
*/mnt/lustre/mathdugre/fast-interpolate/datasets/ds004513/derivatives/flint/antsRegistration/r8-p14/sub-s032/Stage3_level1_Iter0024.nii.gz
1DIAGNOSTIC,    24, -4.787445068359e-01, 5.912780761719e-05, 0.0000e+00, 0.0000e+00, 
*/mnt/lustre/mathdugre/fast-interpolate/datasets/ds004513/derivatives/flint/antsRegistration/r8-p14/sub-s032/Stage3_level1_Iter0025.nii.gz
1DIAGNOSTIC,    25, -4.787750244141e-01, 4.768371582031e-05, 0.0000e+00, 0.0000e+00, 
*/mnt/lustre/mathdugre/fast-interpolate/datasets/ds004513/derivatives/flint/antsRegistration/r8-p14/sub-s032/Stage3_level1_Iter0026.nii.gz
1DIAGNOSTIC,    26, -4.788360595703e-01, 3.242492675781e-05, 0.0000e+00, 0.0000e+00, 
*/mnt/lustre/mathdugre/fast-interpolate/datasets/ds004513/derivatives/flint/antsRegistration/r8-p14/sub-s032/Stage3_level1_Iter0027.nii.gz
1DIAGNOSTIC,    27, -4.788513183594e-01, 2.861022949219e-05, 0.0000e+00, 0.0000e+00, 
*/mnt/lustre/mathdugre/fast-interpolate/datasets/ds004513/derivatives/flint/antsRegistration/r8-p14/sub-s032/Stage3_level1_Iter0028.nii.gz
1DIAGNOSTIC,    28, -4.788513183594e-01, 2.098083496094e-05, 0.0000e+00, 0.0000e+00, 
*/mnt/lustre/mathdugre/fast-interpolate/datasets/ds004513/derivatives/flint/antsRegistration/r8-p14/sub-s032/Stage3_level1_Iter0029.nii.gz
1DIAGNOSTIC,    29, -4.788970947266e-01, 1.335144042969e-05, 0.0000e+00, 0.0000e+00, 
*/mnt/lustre/mathdugre/fast-interpolate/datasets/ds004513/derivatives/flint/antsRegistration/r8-p14/sub-s032/Stage3_level1_Iter0030.nii.gz
1DIAGNOSTIC,    30, -4.789581298828e-01, 1.144409179688e-05, 0.0000e+00, 0.0000e+00, 
*/mnt/lustre/mathdugre/fast-interpolate/datasets/ds004513/derivatives/flint/antsRegistration/r8-p14/sub-s032/Stage3_level1_Iter0031.nii.gz
1DIAGNOSTIC,    31, -4.789886474609e-01, 1.144409179688e-05, 0.0000e+00, 0.0000e+00, 
*/mnt/lustre/mathdugre/fast-interpolate/datasets/ds004513/derivatives/flint/antsRegistration/r8-p14/sub-s032/Stage3_level1_Iter0032.nii.gz
1DIAGNOSTIC,    32, -4.789123535156e-01, 7.629394531250e-06, 0.0000e+00, 0.0000e+00, 
*/mnt/lustre/mathdugre/fast-interpolate/datasets/ds004513/derivatives/flint/antsRegistration/r8-p14/sub-s032/Stage3_level1_Iter0033.nii.gz
1DIAGNOSTIC,    33, -4.789428710938e-01, 7.629394531250e-06, 0.0000e+00, 0.0000e+00, 
*/mnt/lustre/mathdugre/fast-interpolate/datasets/ds004513/derivatives/flint/antsRegistration/r8-p14/sub-s032/Stage3_level1_Iter0034.nii.gz
1DIAGNOSTIC,    34, -4.789886474609e-01, 6.675720214844e-06, 0.0000e+00, 0.0000e+00, 
*/mnt/lustre/mathdugre/fast-interpolate/datasets/ds004513/derivatives/flint/antsRegistration/r8-p14/sub-s032/Stage3_level1_Iter0035.nii.gz
1DIAGNOSTIC,    35, -4.789428710938e-01, 3.814697265625e-06, 0.0000e+00, 0.0000e+00, 
*/mnt/lustre/mathdugre/fast-interpolate/datasets/ds004513/derivatives/flint/antsRegistration/r8-p14/sub-s032/Stage3_level1_Iter0036.nii.gz
1DIAGNOSTIC,    36, -4.790344238281e-01, 4.768371582031e-06, 0.0000e+00, 0.0000e+00, 
*/mnt/lustre/mathdugre/fast-interpolate/datasets/ds004513/derivatives/flint/antsRegistration/r8-p14/sub-s032/Stage3_level1_Iter0037.nii.gz
1DIAGNOSTIC,    37, -4.790649414062e-01, 5.722045898438e-06, 0.0000e+00, 0.0000e+00, 
*/mnt/lustre/mathdugre/fast-interpolate/datasets/ds004513/derivatives/flint/antsRegistration/r8-p14/sub-s032/Stage3_level1_Iter0038.nii.gz
1DIAGNOSTIC,    38, -4.790802001953e-01, 4.768371582031e-06, 0.0000e+00, 0.0000e+00, 
*/mnt/lustre/mathdugre/fast-interpolate/datasets/ds004513/derivatives/flint/antsRegistration/r8-p14/sub-s032/Stage3_level1_Iter0039.nii.gz
1DIAGNOSTIC,    39, -4.789733886719e-01, 2.861022949219e-06, 0.0000e+00, 0.0000e+00, 
*/mnt/lustre/mathdugre/fast-interpolate/datasets/ds004513/derivatives/flint/antsRegistration/r8-p14/sub-s032/Stage3_level1_Iter0040.nii.gz
1DIAGNOSTIC,    40, -4.790039062500e-01, 2.861022949219e-06, 0.0000e+00, 0.0000e+00, 
*/mnt/lustre/mathdugre/fast-interpolate/datasets/ds004513/derivatives/flint/antsRegistration/r8-p14/sub-s032/Stage3_level1_Iter0041.nii.gz
1DIAGNOSTIC,    41, -4.790802001953e-01, 1.907348632812e-06, 0.0000e+00, 0.0000e+00, 
*/mnt/lustre/mathdugre/fast-interpolate/datasets/ds004513/derivatives/flint/antsRegistration/r8-p14/sub-s032/Stage3_level1_Iter0042.nii.gz
1DIAGNOSTIC,    42, -4.790344238281e-01, 3.814697265625e-06, 0.0000e+00, 0.0000e+00, 
*/mnt/lustre/mathdugre/fast-interpolate/datasets/ds004513/derivatives/flint/antsRegistration/r8-p14/sub-s032/Stage3_level1_Iter0043.nii.gz
1DIAGNOSTIC,    43, -4.790344238281e-01, 9.536743164062e-07, 0.0000e+00, 0.0000e+00, 
XXDIAGNOSTIC,Iteration,metricValue,convergenceValue,ITERATION_TIME_INDEX,SINCE_LAST
*/mnt/lustre/mathdugre/fast-interpolate/datasets/ds004513/derivatives/flint/antsRegistration/r8-p14/sub-s032/Stage3_level2_Iter0001.nii.gz
1DIAGNOSTIC,     1, -7.402648925781e-01, 1.797693134862e+308, 0.0000e+00, 0.0000e+00, 
*/mnt/lustre/mathdugre/fast-interpolate/datasets/ds004513/derivatives/flint/antsRegistration/r8-p14/sub-s032/Stage3_level2_Iter0002.nii.gz
1DIAGNOSTIC,     2, -7.404785156250e-01, 1.797693134862e+308, 0.0000e+00, 0.0000e+00, 
*/mnt/lustre/mathdugre/fast-interpolate/datasets/ds004513/derivatives/flint/antsRegistration/r8-p14/sub-s032/Stage3_level2_Iter0003.nii.gz
1DIAGNOSTIC,     3, -7.408142089844e-01, 1.797693134862e+308, 0.0000e+00, 0.0000e+00, 
*/mnt/lustre/mathdugre/fast-interpolate/datasets/ds004513/derivatives/flint/antsRegistration/r8-p14/sub-s032/Stage3_level2_Iter0004.nii.gz
1DIAGNOSTIC,     4, -7.411193847656e-01, 1.797693134862e+308, 0.0000e+00, 0.0000e+00, 
*/mnt/lustre/mathdugre/fast-interpolate/datasets/ds004513/derivatives/flint/antsRegistration/r8-p14/sub-s032/Stage3_level2_Iter0005.nii.gz
1DIAGNOSTIC,     5, -7.413635253906e-01, 1.797693134862e+308, 0.0000e+00, 0.0000e+00, 
*/mnt/lustre/mathdugre/fast-interpolate/datasets/ds004513/derivatives/flint/antsRegistration/r8-p14/sub-s032/Stage3_level2_Iter0006.nii.gz
1DIAGNOSTIC,     6, -7.415466308594e-01, 1.797693134862e+308, 0.0000e+00, 0.0000e+00, 
*/mnt/lustre/mathdugre/fast-interpolate/datasets/ds004513/derivatives/flint/antsRegistration/r8-p14/sub-s032/Stage3_level2_Iter0007.nii.gz
1DIAGNOSTIC,     7, -7.417297363281e-01, 1.797693134862e+308, 0.0000e+00, 0.0000e+00, 
*/mnt/lustre/mathdugre/fast-interpolate/datasets/ds004513/derivatives/flint/antsRegistration/r8-p14/sub-s032/Stage3_level2_Iter0008.nii.gz
1DIAGNOSTIC,     8, -7.419128417969e-01, 1.797693134862e+308, 0.0000e+00, 0.0000e+00, 
*/mnt/lustre/mathdugre/fast-interpolate/datasets/ds004513/derivatives/flint/antsRegistration/r8-p14/sub-s032/Stage3_level2_Iter0009.nii.gz
1DIAGNOSTIC,     9, -7.420349121094e-01, 1.797693134862e+308, 0.0000e+00, 0.0000e+00, 
*/mnt/lustre/mathdugre/fast-interpolate/datasets/ds004513/derivatives/flint/antsRegistration/r8-p14/sub-s032/Stage3_level2_Iter0010.nii.gz
1DIAGNOSTIC,    10, -7.421875000000e-01, 1.754760742188e-04, 0.0000e+00, 0.0000e+00, 
*/mnt/lustre/mathdugre/fast-interpolate/datasets/ds004513/derivatives/flint/antsRegistration/r8-p14/sub-s032/Stage3_level2_Iter0011.nii.gz
1DIAGNOSTIC,    11, -7.422790527344e-01, 1.449584960938e-04, 0.0000e+00, 0.0000e+00, 
*/mnt/lustre/mathdugre/fast-interpolate/datasets/ds004513/derivatives/flint/antsRegistration/r8-p14/sub-s032/Stage3_level2_Iter0012.nii.gz
1DIAGNOSTIC,    12, -7.423706054688e-01, 1.068115234375e-04, 0.0000e+00, 0.0000e+00, 
*/mnt/lustre/mathdugre/fast-interpolate/datasets/ds004513/derivatives/flint/antsRegistration/r8-p14/sub-s032/Stage3_level2_Iter0013.nii.gz
1DIAGNOSTIC,    13, -7.424621582031e-01, 8.010864257812e-05, 0.0000e+00, 0.0000e+00, 
*/mnt/lustre/mathdugre/fast-interpolate/datasets/ds004513/derivatives/flint/antsRegistration/r8-p14/sub-s032/Stage3_level2_Iter0014.nii.gz
1DIAGNOSTIC,    14, -7.425842285156e-01, 7.247924804688e-05, 0.0000e+00, 0.0000e+00, 
*/mnt/lustre/mathdugre/fast-interpolate/datasets/ds004513/derivatives/flint/antsRegistration/r8-p14/sub-s032/Stage3_level2_Iter0015.nii.gz
1DIAGNOSTIC,    15, -7.426147460938e-01, 5.722045898438e-05, 0.0000e+00, 0.0000e+00, 
*/mnt/lustre/mathdugre/fast-interpolate/datasets/ds004513/derivatives/flint/antsRegistration/r8-p14/sub-s032/Stage3_level2_Iter0016.nii.gz
1DIAGNOSTIC,    16, -7.427673339844e-01, 4.959106445312e-05, 0.0000e+00, 0.0000e+00, 
*/mnt/lustre/mathdugre/fast-interpolate/datasets/ds004513/derivatives/flint/antsRegistration/r8-p14/sub-s032/Stage3_level2_Iter0017.nii.gz
1DIAGNOSTIC,    17, -7.428588867188e-01, 4.577636718750e-05, 0.0000e+00, 0.0000e+00, 
*/mnt/lustre/mathdugre/fast-interpolate/datasets/ds004513/derivatives/flint/antsRegistration/r8-p14/sub-s032/Stage3_level2_Iter0018.nii.gz
1DIAGNOSTIC,    18, -7.429504394531e-01, 4.386901855469e-05, 0.0000e+00, 0.0000e+00, 
*/mnt/lustre/mathdugre/fast-interpolate/datasets/ds004513/derivatives/flint/antsRegistration/r8-p14/sub-s032/Stage3_level2_Iter0019.nii.gz
1DIAGNOSTIC,    19, -7.430419921875e-01, 3.814697265625e-05, 0.0000e+00, 0.0000e+00, 
*/mnt/lustre/mathdugre/fast-interpolate/datasets/ds004513/derivatives/flint/antsRegistration/r8-p14/sub-s032/Stage3_level2_Iter0020.nii.gz
1DIAGNOSTIC,    20, -7.431030273438e-01, 3.814697265625e-05, 0.0000e+00, 0.0000e+00, 
*/mnt/lustre/mathdugre/fast-interpolate/datasets/ds004513/derivatives/flint/antsRegistration/r8-p14/sub-s032/Stage3_level2_Iter0021.nii.gz
1DIAGNOSTIC,    21, -7.431640625000e-01, 3.242492675781e-05, 0.0000e+00, 0.0000e+00, 
*/mnt/lustre/mathdugre/fast-interpolate/datasets/ds004513/derivatives/flint/antsRegistration/r8-p14/sub-s032/Stage3_level2_Iter0022.nii.gz
1DIAGNOSTIC,    22, -7.432250976562e-01, 2.670288085938e-05, 0.0000e+00, 0.0000e+00, 
*/mnt/lustre/mathdugre/fast-interpolate/datasets/ds004513/derivatives/flint/antsRegistration/r8-p14/sub-s032/Stage3_level2_Iter0023.nii.gz
1DIAGNOSTIC,    23, -7.432861328125e-01, 2.670288085938e-05, 0.0000e+00, 0.0000e+00, 
*/mnt/lustre/mathdugre/fast-interpolate/datasets/ds004513/derivatives/flint/antsRegistration/r8-p14/sub-s032/Stage3_level2_Iter0024.nii.gz
1DIAGNOSTIC,    24, -7.433471679688e-01, 2.479553222656e-05, 0.0000e+00, 0.0000e+00, 
*/mnt/lustre/mathdugre/fast-interpolate/datasets/ds004513/derivatives/flint/antsRegistration/r8-p14/sub-s032/Stage3_level2_Iter0025.nii.gz
1DIAGNOSTIC,    25, -7.434082031250e-01, 2.098083496094e-05, 0.0000e+00, 0.0000e+00, 
*/mnt/lustre/mathdugre/fast-interpolate/datasets/ds004513/derivatives/flint/antsRegistration/r8-p14/sub-s032/Stage3_level2_Iter0026.nii.gz
1DIAGNOSTIC,    26, -7.434692382812e-01, 1.335144042969e-05, 0.0000e+00, 0.0000e+00, 
*/mnt/lustre/mathdugre/fast-interpolate/datasets/ds004513/derivatives/flint/antsRegistration/r8-p14/sub-s032/Stage3_level2_Iter0027.nii.gz
1DIAGNOSTIC,    27, -7.435302734375e-01, 1.907348632812e-05, 0.0000e+00, 0.0000e+00, 
*/mnt/lustre/mathdugre/fast-interpolate/datasets/ds004513/derivatives/flint/antsRegistration/r8-p14/sub-s032/Stage3_level2_Iter0028.nii.gz
1DIAGNOSTIC,    28, -7.435607910156e-01, 1.335144042969e-05, 0.0000e+00, 0.0000e+00, 
*/mnt/lustre/mathdugre/fast-interpolate/datasets/ds004513/derivatives/flint/antsRegistration/r8-p14/sub-s032/Stage3_level2_Iter0029.nii.gz
1DIAGNOSTIC,    29, -7.436218261719e-01, 1.335144042969e-05, 0.0000e+00, 0.0000e+00, 
*/mnt/lustre/mathdugre/fast-interpolate/datasets/ds004513/derivatives/flint/antsRegistration/r8-p14/sub-s032/Stage3_level2_Iter0030.nii.gz
1DIAGNOSTIC,    30, -7.436523437500e-01, 1.525878906250e-05, 0.0000e+00, 0.0000e+00, 
*/mnt/lustre/mathdugre/fast-interpolate/datasets/ds004513/derivatives/flint/antsRegistration/r8-p14/sub-s032/Stage3_level2_Iter0031.nii.gz
1DIAGNOSTIC,    31, -7.437133789062e-01, 1.144409179688e-05, 0.0000e+00, 0.0000e+00, 
*/mnt/lustre/mathdugre/fast-interpolate/datasets/ds004513/derivatives/flint/antsRegistration/r8-p14/sub-s032/Stage3_level2_Iter0032.nii.gz
1DIAGNOSTIC,    32, -7.437744140625e-01, 1.144409179688e-05, 0.0000e+00, 0.0000e+00, 
*/mnt/lustre/mathdugre/fast-interpolate/datasets/ds004513/derivatives/flint/antsRegistration/r8-p14/sub-s032/Stage3_level2_Iter0033.nii.gz
1DIAGNOSTIC,    33, -7.438049316406e-01, 1.335144042969e-05, 0.0000e+00, 0.0000e+00, 
*/mnt/lustre/mathdugre/fast-interpolate/datasets/ds004513/derivatives/flint/antsRegistration/r8-p14/sub-s032/Stage3_level2_Iter0034.nii.gz
1DIAGNOSTIC,    34, -7.438354492188e-01, 1.144409179688e-05, 0.0000e+00, 0.0000e+00, 
*/mnt/lustre/mathdugre/fast-interpolate/datasets/ds004513/derivatives/flint/antsRegistration/r8-p14/sub-s032/Stage3_level2_Iter0035.nii.gz
1DIAGNOSTIC,    35, -7.438354492188e-01, 9.536743164062e-06, 0.0000e+00, 0.0000e+00, 
*/mnt/lustre/mathdugre/fast-interpolate/datasets/ds004513/derivatives/flint/antsRegistration/r8-p14/sub-s032/Stage3_level2_Iter0036.nii.gz
1DIAGNOSTIC,    36, -7.438659667969e-01, 8.583068847656e-06, 0.0000e+00, 0.0000e+00, 
*/mnt/lustre/mathdugre/fast-interpolate/datasets/ds004513/derivatives/flint/antsRegistration/r8-p14/sub-s032/Stage3_level2_Iter0037.nii.gz
1DIAGNOSTIC,    37, -7.438964843750e-01, 6.675720214844e-06, 0.0000e+00, 0.0000e+00, 
*/mnt/lustre/mathdugre/fast-interpolate/datasets/ds004513/derivatives/flint/antsRegistration/r8-p14/sub-s032/Stage3_level2_Iter0038.nii.gz
1DIAGNOSTIC,    38, -7.439270019531e-01, 5.722045898438e-06, 0.0000e+00, 0.0000e+00, 
*/mnt/lustre/mathdugre/fast-interpolate/datasets/ds004513/derivatives/flint/antsRegistration/r8-p14/sub-s032/Stage3_level2_Iter0039.nii.gz
1DIAGNOSTIC,    39, -7.439575195312e-01, 3.814697265625e-06, 0.0000e+00, 0.0000e+00, 
*/mnt/lustre/mathdugre/fast-interpolate/datasets/ds004513/derivatives/flint/antsRegistration/r8-p14/sub-s032/Stage3_level2_Iter0040.nii.gz
1DIAGNOSTIC,    40, -7.439880371094e-01, 5.722045898438e-06, 0.0000e+00, 0.0000e+00, 
*/mnt/lustre/mathdugre/fast-interpolate/datasets/ds004513/derivatives/flint/antsRegistration/r8-p14/sub-s032/Stage3_level2_Iter0041.nii.gz
1DIAGNOSTIC,    41, -7.440185546875e-01, 4.768371582031e-06, 0.0000e+00, 0.0000e+00, 
*/mnt/lustre/mathdugre/fast-interpolate/datasets/ds004513/derivatives/flint/antsRegistration/r8-p14/sub-s032/Stage3_level2_Iter0042.nii.gz
1DIAGNOSTIC,    42, -7.440795898438e-01, 5.722045898438e-06, 0.0000e+00, 0.0000e+00, 
*/mnt/lustre/mathdugre/fast-interpolate/datasets/ds004513/derivatives/flint/antsRegistration/r8-p14/sub-s032/Stage3_level2_Iter0043.nii.gz
1DIAGNOSTIC,    43, -7.441101074219e-01, 5.722045898438e-06, 0.0000e+00, 0.0000e+00, 
*/mnt/lustre/mathdugre/fast-interpolate/datasets/ds004513/derivatives/flint/antsRegistration/r8-p14/sub-s032/Stage3_level2_Iter0044.nii.gz
1DIAGNOSTIC,    44, -7.441711425781e-01, 6.675720214844e-06, 0.0000e+00, 0.0000e+00, 
*/mnt/lustre/mathdugre/fast-interpolate/datasets/ds004513/derivatives/flint/antsRegistration/r8-p14/sub-s032/Stage3_level2_Iter0045.nii.gz
1DIAGNOSTIC,    45, -7.442016601562e-01, 5.722045898438e-06, 0.0000e+00, 0.0000e+00, 
*/mnt/lustre/mathdugre/fast-interpolate/datasets/ds004513/derivatives/flint/antsRegistration/r8-p14/sub-s032/Stage3_level2_Iter0046.nii.gz
1DIAGNOSTIC,    46, -7.442321777344e-01, 7.629394531250e-06, 0.0000e+00, 0.0000e+00, 
*/mnt/lustre/mathdugre/fast-interpolate/datasets/ds004513/derivatives/flint/antsRegistration/r8-p14/sub-s032/Stage3_level2_Iter0047.nii.gz
1DIAGNOSTIC,    47, -7.442321777344e-01, 5.722045898438e-06, 0.0000e+00, 0.0000e+00, 
*/mnt/lustre/mathdugre/fast-interpolate/datasets/ds004513/derivatives/flint/antsRegistration/r8-p14/sub-s032/Stage3_level2_Iter0048.nii.gz
1DIAGNOSTIC,    48, -7.442321777344e-01, 4.768371582031e-06, 0.0000e+00, 0.0000e+00, 
*/mnt/lustre/mathdugre/fast-interpolate/datasets/ds004513/derivatives/flint/antsRegistration/r8-p14/sub-s032/Stage3_level2_Iter0049.nii.gz
1DIAGNOSTIC,    49, -7.442321777344e-01, 5.722045898438e-06, 0.0000e+00, 0.0000e+00, 
*/mnt/lustre/mathdugre/fast-interpolate/datasets/ds004513/derivatives/flint/antsRegistration/r8-p14/sub-s032/Stage3_level2_Iter0050.nii.gz
1DIAGNOSTIC,    50, -7.442321777344e-01, 1.907348632812e-06, 0.0000e+00, 0.0000e+00, 
*/mnt/lustre/mathdugre/fast-interpolate/datasets/ds004513/derivatives/flint/antsRegistration/r8-p14/sub-s032/Stage3_level2_Iter0051.nii.gz
1DIAGNOSTIC,    51, -7.442626953125e-01, 1.907348632812e-06, 0.0000e+00, 0.0000e+00, 
*/mnt/lustre/mathdugre/fast-interpolate/datasets/ds004513/derivatives/flint/antsRegistration/r8-p14/sub-s032/Stage3_level2_Iter0052.nii.gz
1DIAGNOSTIC,    52, -7.442626953125e-01, -0.000000000000e+00, 0.0000e+00, 0.0000e+00, 
XXDIAGNOSTIC,Iteration,metricValue,convergenceValue,ITERATION_TIME_INDEX,SINCE_LAST
*/mnt/lustre/mathdugre/fast-interpolate/datasets/ds004513/derivatives/flint/antsRegistration/r8-p14/sub-s032/Stage3_level3_Iter0001.nii.gz
1DIAGNOSTIC,     1, -9.019470214844e-01, 1.797693134862e+308, 0.0000e+00, 0.0000e+00, 
*/mnt/lustre/mathdugre/fast-interpolate/datasets/ds004513/derivatives/flint/antsRegistration/r8-p14/sub-s032/Stage3_level3_Iter0002.nii.gz
1DIAGNOSTIC,     2, -9.020996093750e-01, 1.797693134862e+308, 0.0000e+00, 0.0000e+00, 
*/mnt/lustre/mathdugre/fast-interpolate/datasets/ds004513/derivatives/flint/antsRegistration/r8-p14/sub-s032/Stage3_level3_Iter0003.nii.gz
1DIAGNOSTIC,     3, -9.022827148438e-01, 1.797693134862e+308, 0.0000e+00, 0.0000e+00, 
*/mnt/lustre/mathdugre/fast-interpolate/datasets/ds004513/derivatives/flint/antsRegistration/r8-p14/sub-s032/Stage3_level3_Iter0004.nii.gz
1DIAGNOSTIC,     4, -9.024658203125e-01, 1.797693134862e+308, 0.0000e+00, 0.0000e+00, 
*/mnt/lustre/mathdugre/fast-interpolate/datasets/ds004513/derivatives/flint/antsRegistration/r8-p14/sub-s032/Stage3_level3_Iter0005.nii.gz
1DIAGNOSTIC,     5, -9.025878906250e-01, 1.797693134862e+308, 0.0000e+00, 0.0000e+00, 
*/mnt/lustre/mathdugre/fast-interpolate/datasets/ds004513/derivatives/flint/antsRegistration/r8-p14/sub-s032/Stage3_level3_Iter0006.nii.gz
1DIAGNOSTIC,     6, -9.027404785156e-01, 1.797693134862e+308, 0.0000e+00, 0.0000e+00, 
*/mnt/lustre/mathdugre/fast-interpolate/datasets/ds004513/derivatives/flint/antsRegistration/r8-p14/sub-s032/Stage3_level3_Iter0007.nii.gz
1DIAGNOSTIC,     7, -9.028625488281e-01, 1.797693134862e+308, 0.0000e+00, 0.0000e+00, 
*/mnt/lustre/mathdugre/fast-interpolate/datasets/ds004513/derivatives/flint/antsRegistration/r8-p14/sub-s032/Stage3_level3_Iter0008.nii.gz
1DIAGNOSTIC,     8, -9.029541015625e-01, 1.797693134862e+308, 0.0000e+00, 0.0000e+00, 
*/mnt/lustre/mathdugre/fast-interpolate/datasets/ds004513/derivatives/flint/antsRegistration/r8-p14/sub-s032/Stage3_level3_Iter0009.nii.gz
1DIAGNOSTIC,     9, -9.030761718750e-01, 1.797693134862e+308, 0.0000e+00, 0.0000e+00, 
*/mnt/lustre/mathdugre/fast-interpolate/datasets/ds004513/derivatives/flint/antsRegistration/r8-p14/sub-s032/Stage3_level3_Iter0010.nii.gz
1DIAGNOSTIC,    10, -9.031372070312e-01, 8.010864257812e-05, 0.0000e+00, 0.0000e+00, 
*/mnt/lustre/mathdugre/fast-interpolate/datasets/ds004513/derivatives/flint/antsRegistration/r8-p14/sub-s032/Stage3_level3_Iter0011.nii.gz
1DIAGNOSTIC,    11, -9.032287597656e-01, 7.629394531250e-05, 0.0000e+00, 0.0000e+00, 
*/mnt/lustre/mathdugre/fast-interpolate/datasets/ds004513/derivatives/flint/antsRegistration/r8-p14/sub-s032/Stage3_level3_Iter0012.nii.gz
1DIAGNOSTIC,    12, -9.032897949219e-01, 5.722045898438e-05, 0.0000e+00, 0.0000e+00, 
*/mnt/lustre/mathdugre/fast-interpolate/datasets/ds004513/derivatives/flint/antsRegistration/r8-p14/sub-s032/Stage3_level3_Iter0013.nii.gz
1DIAGNOSTIC,    13, -9.033813476562e-01, 4.577636718750e-05, 0.0000e+00, 0.0000e+00, 
*/mnt/lustre/mathdugre/fast-interpolate/datasets/ds004513/derivatives/flint/antsRegistration/r8-p14/sub-s032/Stage3_level3_Iter0014.nii.gz
1DIAGNOSTIC,    14, -9.034423828125e-01, 4.196166992188e-05, 0.0000e+00, 0.0000e+00, 
*/mnt/lustre/mathdugre/fast-interpolate/datasets/ds004513/derivatives/flint/antsRegistration/r8-p14/sub-s032/Stage3_level3_Iter0015.nii.gz
1DIAGNOSTIC,    15, -9.035034179688e-01, 3.051757812500e-05, 0.0000e+00, 0.0000e+00, 
*/mnt/lustre/mathdugre/fast-interpolate/datasets/ds004513/derivatives/flint/antsRegistration/r8-p14/sub-s032/Stage3_level3_Iter0016.nii.gz
1DIAGNOSTIC,    16, -9.035644531250e-01, 3.051757812500e-05, 0.0000e+00, 0.0000e+00, 
*/mnt/lustre/mathdugre/fast-interpolate/datasets/ds004513/derivatives/flint/antsRegistration/r8-p14/sub-s032/Stage3_level3_Iter0017.nii.gz
1DIAGNOSTIC,    17, -9.036254882812e-01, 2.670288085938e-05, 0.0000e+00, 0.0000e+00, 
*/mnt/lustre/mathdugre/fast-interpolate/datasets/ds004513/derivatives/flint/antsRegistration/r8-p14/sub-s032/Stage3_level3_Iter0018.nii.gz
1DIAGNOSTIC,    18, -9.036560058594e-01, 2.288818359375e-05, 0.0000e+00, 0.0000e+00, 
*/mnt/lustre/mathdugre/fast-interpolate/datasets/ds004513/derivatives/flint/antsRegistration/r8-p14/sub-s032/Stage3_level3_Iter0019.nii.gz
1DIAGNOSTIC,    19, -9.037170410156e-01, 1.907348632812e-05, 0.0000e+00, 0.0000e+00, 
*/mnt/lustre/mathdugre/fast-interpolate/datasets/ds004513/derivatives/flint/antsRegistration/r8-p14/sub-s032/Stage3_level3_Iter0020.nii.gz
1DIAGNOSTIC,    20, -9.037780761719e-01, 1.907348632812e-05, 0.0000e+00, 0.0000e+00, 
*/mnt/lustre/mathdugre/fast-interpolate/datasets/ds004513/derivatives/flint/antsRegistration/r8-p14/sub-s032/Stage3_level3_Iter0021.nii.gz
1DIAGNOSTIC,    21, -9.038085937500e-01, 1.716613769531e-05, 0.0000e+00, 0.0000e+00, 
*/mnt/lustre/mathdugre/fast-interpolate/datasets/ds004513/derivatives/flint/antsRegistration/r8-p14/sub-s032/Stage3_level3_Iter0022.nii.gz
1DIAGNOSTIC,    22, -9.038696289062e-01, 1.525878906250e-05, 0.0000e+00, 0.0000e+00, 
*/mnt/lustre/mathdugre/fast-interpolate/datasets/ds004513/derivatives/flint/antsRegistration/r8-p14/sub-s032/Stage3_level3_Iter0023.nii.gz
1DIAGNOSTIC,    23, -9.039001464844e-01, 1.335144042969e-05, 0.0000e+00, 0.0000e+00, 
*/mnt/lustre/mathdugre/fast-interpolate/datasets/ds004513/derivatives/flint/antsRegistration/r8-p14/sub-s032/Stage3_level3_Iter0024.nii.gz
1DIAGNOSTIC,    24, -9.039611816406e-01, 1.525878906250e-05, 0.0000e+00, 0.0000e+00, 
*/mnt/lustre/mathdugre/fast-interpolate/datasets/ds004513/derivatives/flint/antsRegistration/r8-p14/sub-s032/Stage3_level3_Iter0025.nii.gz
1DIAGNOSTIC,    25, -9.039916992188e-01, 9.536743164062e-06, 0.0000e+00, 0.0000e+00, 
*/mnt/lustre/mathdugre/fast-interpolate/datasets/ds004513/derivatives/flint/antsRegistration/r8-p14/sub-s032/Stage3_level3_Iter0026.nii.gz
1DIAGNOSTIC,    26, -9.040222167969e-01, 1.144409179688e-05, 0.0000e+00, 0.0000e+00, 
*/mnt/lustre/mathdugre/fast-interpolate/datasets/ds004513/derivatives/flint/antsRegistration/r8-p14/sub-s032/Stage3_level3_Iter0027.nii.gz
1DIAGNOSTIC,    27, -9.040832519531e-01, 9.536743164062e-06, 0.0000e+00, 0.0000e+00, 
*/mnt/lustre/mathdugre/fast-interpolate/datasets/ds004513/derivatives/flint/antsRegistration/r8-p14/sub-s032/Stage3_level3_Iter0028.nii.gz
1DIAGNOSTIC,    28, -9.041137695312e-01, 9.536743164062e-06, 0.0000e+00, 0.0000e+00, 
*/mnt/lustre/mathdugre/fast-interpolate/datasets/ds004513/derivatives/flint/antsRegistration/r8-p14/sub-s032/Stage3_level3_Iter0029.nii.gz
1DIAGNOSTIC,    29, -9.041442871094e-01, 5.722045898438e-06, 0.0000e+00, 0.0000e+00, 
*/mnt/lustre/mathdugre/fast-interpolate/datasets/ds004513/derivatives/flint/antsRegistration/r8-p14/sub-s032/Stage3_level3_Iter0030.nii.gz
1DIAGNOSTIC,    30, -9.042053222656e-01, 9.536743164062e-06, 0.0000e+00, 0.0000e+00, 
*/mnt/lustre/mathdugre/fast-interpolate/datasets/ds004513/derivatives/flint/antsRegistration/r8-p14/sub-s032/Stage3_level3_Iter0031.nii.gz
1DIAGNOSTIC,    31, -9.042358398438e-01, 9.536743164062e-06, 0.0000e+00, 0.0000e+00, 
*/mnt/lustre/mathdugre/fast-interpolate/datasets/ds004513/derivatives/flint/antsRegistration/r8-p14/sub-s032/Stage3_level3_Iter0032.nii.gz
1DIAGNOSTIC,    32, -9.042663574219e-01, 7.629394531250e-06, 0.0000e+00, 0.0000e+00, 
*/mnt/lustre/mathdugre/fast-interpolate/datasets/ds004513/derivatives/flint/antsRegistration/r8-p14/sub-s032/Stage3_level3_Iter0033.nii.gz
1DIAGNOSTIC,    33, -9.042968750000e-01, 7.629394531250e-06, 0.0000e+00, 0.0000e+00, 
*/mnt/lustre/mathdugre/fast-interpolate/datasets/ds004513/derivatives/flint/antsRegistration/r8-p14/sub-s032/Stage3_level3_Iter0034.nii.gz
1DIAGNOSTIC,    34, -9.043579101562e-01, 8.583068847656e-06, 0.0000e+00, 0.0000e+00, 
*/mnt/lustre/mathdugre/fast-interpolate/datasets/ds004513/derivatives/flint/antsRegistration/r8-p14/sub-s032/Stage3_level3_Iter0035.nii.gz
1DIAGNOSTIC,    35, -9.043884277344e-01, 6.675720214844e-06, 0.0000e+00, 0.0000e+00, 
*/mnt/lustre/mathdugre/fast-interpolate/datasets/ds004513/derivatives/flint/antsRegistration/r8-p14/sub-s032/Stage3_level3_Iter0036.nii.gz
1DIAGNOSTIC,    36, -9.044189453125e-01, 7.629394531250e-06, 0.0000e+00, 0.0000e+00, 
*/mnt/lustre/mathdugre/fast-interpolate/datasets/ds004513/derivatives/flint/antsRegistration/r8-p14/sub-s032/Stage3_level3_Iter0037.nii.gz
1DIAGNOSTIC,    37, -9.044494628906e-01, 4.768371582031e-06, 0.0000e+00, 0.0000e+00, 
*/mnt/lustre/mathdugre/fast-interpolate/datasets/ds004513/derivatives/flint/antsRegistration/r8-p14/sub-s032/Stage3_level3_Iter0038.nii.gz
1DIAGNOSTIC,    38, -9.044799804688e-01, 5.722045898438e-06, 6.5536e+04, 6.5536e+04, 
*/mnt/lustre/mathdugre/fast-interpolate/datasets/ds004513/derivatives/flint/antsRegistration/r8-p14/sub-s032/Stage3_level3_Iter0039.nii.gz
1DIAGNOSTIC,    39, -9.045104980469e-01, 3.814697265625e-06, 6.5536e+04, 0.0000e+00, 
*/mnt/lustre/mathdugre/fast-interpolate/datasets/ds004513/derivatives/flint/antsRegistration/r8-p14/sub-s032/Stage3_level3_Iter0040.nii.gz
1DIAGNOSTIC,    40, -9.045410156250e-01, 5.722045898438e-06, 6.5536e+04, 0.0000e+00, 
*/mnt/lustre/mathdugre/fast-interpolate/datasets/ds004513/derivatives/flint/antsRegistration/r8-p14/sub-s032/Stage3_level3_Iter0041.nii.gz
1DIAGNOSTIC,    41, -9.045715332031e-01, 4.768371582031e-06, 6.5536e+04, 0.0000e+00, 
*/mnt/lustre/mathdugre/fast-interpolate/datasets/ds004513/derivatives/flint/antsRegistration/r8-p14/sub-s032/Stage3_level3_Iter0042.nii.gz
1DIAGNOSTIC,    42, -9.046020507812e-01, 3.814697265625e-06, 6.5536e+04, 0.0000e+00, 
*/mnt/lustre/mathdugre/fast-interpolate/datasets/ds004513/derivatives/flint/antsRegistration/r8-p14/sub-s032/Stage3_level3_Iter0043.nii.gz
1DIAGNOSTIC,    43, -9.046325683594e-01, 6.675720214844e-06, 6.5536e+04, 0.0000e+00, 
*/mnt/lustre/mathdugre/fast-interpolate/datasets/ds004513/derivatives/flint/antsRegistration/r8-p14/sub-s032/Stage3_level3_Iter0044.nii.gz
1DIAGNOSTIC,    44, -9.046325683594e-01, 3.814697265625e-06, 6.5536e+04, 0.0000e+00, 
*/mnt/lustre/mathdugre/fast-interpolate/datasets/ds004513/derivatives/flint/antsRegistration/r8-p14/sub-s032/Stage3_level3_Iter0045.nii.gz
1DIAGNOSTIC,    45, -9.046630859375e-01, 4.768371582031e-06, 6.5536e+04, 0.0000e+00, 
*/mnt/lustre/mathdugre/fast-interpolate/datasets/ds004513/derivatives/flint/antsRegistration/r8-p14/sub-s032/Stage3_level3_Iter0046.nii.gz
1DIAGNOSTIC,    46, -9.046936035156e-01, 3.814697265625e-06, 6.5536e+04, 0.0000e+00, 
*/mnt/lustre/mathdugre/fast-interpolate/datasets/ds004513/derivatives/flint/antsRegistration/r8-p14/sub-s032/Stage3_level3_Iter0047.nii.gz
1DIAGNOSTIC,    47, -9.047241210938e-01, 2.861022949219e-06, 6.5536e+04, 0.0000e+00, 
*/mnt/lustre/mathdugre/fast-interpolate/datasets/ds004513/derivatives/flint/antsRegistration/r8-p14/sub-s032/Stage3_level3_Iter0048.nii.gz
1DIAGNOSTIC,    48, -9.047546386719e-01, 3.814697265625e-06, 6.5536e+04, 0.0000e+00, 
*/mnt/lustre/mathdugre/fast-interpolate/datasets/ds004513/derivatives/flint/antsRegistration/r8-p14/sub-s032/Stage3_level3_Iter0049.nii.gz
1DIAGNOSTIC,    49, -9.047851562500e-01, 1.907348632812e-06, 6.5536e+04, 0.0000e+00, 
*/mnt/lustre/mathdugre/fast-interpolate/datasets/ds004513/derivatives/flint/antsRegistration/r8-p14/sub-s032/Stage3_level3_Iter0050.nii.gz
1DIAGNOSTIC,    50, -9.048156738281e-01, 4.768371582031e-06, 6.5536e+04, 0.0000e+00, 
XXDIAGNOSTIC,Iteration,metricValue,convergenceValue,ITERATION_TIME_INDEX,SINCE_LAST
*/mnt/lustre/mathdugre/fast-interpolate/datasets/ds004513/derivatives/flint/antsRegistration/r8-p14/sub-s032/Stage3_level4_Iter0001.nii.gz
1DIAGNOSTIC,     1, -9.827575683594e-01, 1.797693134862e+308, 6.5536e+04, 0.0000e+00, 
*/mnt/lustre/mathdugre/fast-interpolate/datasets/ds004513/derivatives/flint/antsRegistration/r8-p14/sub-s032/Stage3_level4_Iter0002.nii.gz
1DIAGNOSTIC,     2, -9.827880859375e-01, 1.797693134862e+308, 6.5536e+04, 0.0000e+00, 
*/mnt/lustre/mathdugre/fast-interpolate/datasets/ds004513/derivatives/flint/antsRegistration/r8-p14/sub-s032/Stage3_level4_Iter0003.nii.gz
1DIAGNOSTIC,     3, -9.828491210938e-01, 1.797693134862e+308, 6.5536e+04, 0.0000e+00, 
*/mnt/lustre/mathdugre/fast-interpolate/datasets/ds004513/derivatives/flint/antsRegistration/r8-p14/sub-s032/Stage3_level4_Iter0004.nii.gz
1DIAGNOSTIC,     4, -9.829101562500e-01, 1.797693134862e+308, 6.5536e+04, 0.0000e+00, 
*/mnt/lustre/mathdugre/fast-interpolate/datasets/ds004513/derivatives/flint/antsRegistration/r8-p14/sub-s032/Stage3_level4_Iter0005.nii.gz
1DIAGNOSTIC,     5, -9.829406738281e-01, 1.797693134862e+308, 6.5536e+04, 0.0000e+00, 
*/mnt/lustre/mathdugre/fast-interpolate/datasets/ds004513/derivatives/flint/antsRegistration/r8-p14/sub-s032/Stage3_level4_Iter0006.nii.gz
1DIAGNOSTIC,     6, -9.830017089844e-01, 1.797693134862e+308, 6.5536e+04, 0.0000e+00, 
*/mnt/lustre/mathdugre/fast-interpolate/datasets/ds004513/derivatives/flint/antsRegistration/r8-p14/sub-s032/Stage3_level4_Iter0007.nii.gz
1DIAGNOSTIC,     7, -9.830322265625e-01, 1.797693134862e+308, 6.5536e+04, 0.0000e+00, 
*/mnt/lustre/mathdugre/fast-interpolate/datasets/ds004513/derivatives/flint/antsRegistration/r8-p14/sub-s032/Stage3_level4_Iter0008.nii.gz
1DIAGNOSTIC,     8, -9.830627441406e-01, 1.797693134862e+308, 6.5536e+04, 0.0000e+00, 
*/mnt/lustre/mathdugre/fast-interpolate/datasets/ds004513/derivatives/flint/antsRegistration/r8-p14/sub-s032/Stage3_level4_Iter0009.nii.gz
1DIAGNOSTIC,     9, -9.830932617188e-01, 1.797693134862e+308, 6.5536e+04, 0.0000e+00, 
*/mnt/lustre/mathdugre/fast-interpolate/datasets/ds004513/derivatives/flint/antsRegistration/r8-p14/sub-s032/Stage3_level4_Iter0010.nii.gz
1DIAGNOSTIC,    10, -9.831237792969e-01, 2.670288085938e-05, 6.5536e+04, 0.0000e+00, 
*/mnt/lustre/mathdugre/fast-interpolate/datasets/ds004513/derivatives/flint/antsRegistration/r8-p14/sub-s032/Stage3_level4_Iter0011.nii.gz
1DIAGNOSTIC,    11, -9.831542968750e-01, 2.670288085938e-05, 6.5536e+04, 0.0000e+00, 
*/mnt/lustre/mathdugre/fast-interpolate/datasets/ds004513/derivatives/flint/antsRegistration/r8-p14/sub-s032/Stage3_level4_Iter0012.nii.gz
1DIAGNOSTIC,    12, -9.831848144531e-01, 2.288818359375e-05, 6.5536e+04, 0.0000e+00, 
*/mnt/lustre/mathdugre/fast-interpolate/datasets/ds004513/derivatives/flint/antsRegistration/r8-p14/sub-s032/Stage3_level4_Iter0013.nii.gz
1DIAGNOSTIC,    13, -9.832153320312e-01, 1.525878906250e-05, 1.3107e+05, 6.5536e+04, 
*/mnt/lustre/mathdugre/fast-interpolate/datasets/ds004513/derivatives/flint/antsRegistration/r8-p14/sub-s032/Stage3_level4_Iter0014.nii.gz
1DIAGNOSTIC,    14, -9.832458496094e-01, 3.814697265625e-06, 1.3107e+05, 0.0000e+00, 
*/mnt/lustre/mathdugre/fast-interpolate/datasets/ds004513/derivatives/flint/antsRegistration/r8-p14/sub-s032/Stage3_level4_Iter0015.nii.gz
1DIAGNOSTIC,    15, -9.832763671875e-01, 7.629394531250e-06, 1.3107e+05, 0.0000e+00, 
*/mnt/lustre/mathdugre/fast-interpolate/datasets/ds004513/derivatives/flint/antsRegistration/r8-p14/sub-s032/Stage3_level4_Iter0016.nii.gz
1DIAGNOSTIC,    16, -9.832763671875e-01, 7.629394531250e-06, 1.3107e+05, 0.0000e+00, 
*/mnt/lustre/mathdugre/fast-interpolate/datasets/ds004513/derivatives/flint/antsRegistration/r8-p14/sub-s032/Stage3_level4_Iter0017.nii.gz
1DIAGNOSTIC,    17, -9.833068847656e-01, 1.144409179688e-05, 1.3107e+05, 0.0000e+00, 
*/mnt/lustre/mathdugre/fast-interpolate/datasets/ds004513/derivatives/flint/antsRegistration/r8-p14/sub-s032/Stage3_level4_Iter0018.nii.gz
1DIAGNOSTIC,    18, -9.833068847656e-01, 9.536743164062e-06, 1.3107e+05, 0.0000e+00, 
*/mnt/lustre/mathdugre/fast-interpolate/datasets/ds004513/derivatives/flint/antsRegistration/r8-p14/sub-s032/Stage3_level4_Iter0019.nii.gz
1DIAGNOSTIC,    19, -9.833374023438e-01, 5.722045898438e-06, 1.3107e+05, 0.0000e+00, 
*/mnt/lustre/mathdugre/fast-interpolate/datasets/ds004513/derivatives/flint/antsRegistration/r8-p14/sub-s032/Stage3_level4_Iter0020.nii.gz
1DIAGNOSTIC,    20, -9.833374023438e-01, 5.722045898438e-06, 1.3107e+05, 0.0000e+00, 
  Elapsed time (stage 2): 1.311e+05


Total elapsed time: 1.311e+05
