
##########################
# Experiment information #
##########################

EXPERIMENT_NAME: r8-p13
VFC_BACKENDS: libinterflop_vprec.so --range-binary32=8 --precision-binary32=13 --range-binary64=8 --precision-binary64=13

SIF_IMG: /mnt/lustre/mathdugre/containers/ants-vprec-no_metric.simg

SUBJECT_ID: s034
INPUT_IMG: /mnt/lustre/mathdugre/fast-interpolate/datasets/ds004513/derivatives/flint/antsBrainExtraction/sub-s034/BrainExtractionBrain.nii.gz
OUTPUT_DIR: /mnt/lustre/mathdugre/fast-interpolate/datasets/ds004513/derivatives/flint/antsRegistration/r8-p13/sub-s034

FIXED_IMG: /templateflow/tpl-MNI152NLin2009cAsym/tpl-MNI152NLin2009cAsym_res-01_desc-brain_T1w.nii.gz
DATA_DIR: /mnt/lustre/mathdugre/fast-interpolate/datasets/ds004513
TEMPLATEFLOW_DIR: /home/mathdugre/.cache/templateflow
ITK_GLOBAL_DEFAULT_NUMBER_OF_THREADS: 4
##########################

Info [verificarlo]: loaded backend libinterflop_vprec.so
Info [interflop-vprec]: load backend with: 
Info [interflop-vprec]: precision-binary32 = 13
Info [interflop-vprec]: range-binary32 = 8
Info [interflop-vprec]: precision-binary64 = 13
Info [interflop-vprec]: range-binary64 = 8
Info [interflop-vprec]: mode = ob
Info [interflop-vprec]: error-mode = rel
Info [interflop-vprec]: max-abs-error-exponent = -1022
Info [interflop-vprec]: daz = false
Info [interflop-vprec]: ftz = false
Info [interflop-vprec]: 	instrument = none
Info [interflop-vprec]: 	prec-input-file = (null)
Info [interflop-vprec]: 	prec-output-file = (null)
Info [interflop-vprec]: 	prec-log-file = (null)
All_Command_lines_OK
Using double precision for computations.
=============================================================================
The composite transform comprises the following transforms (in order): 
  1. Center of mass alignment using fixed image: /templateflow/tpl-MNI152NLin2009cAsym/tpl-MNI152NLin2009cAsym_res-01_desc-brain_T1w.nii.gz and moving image: /mnt/lustre/mathdugre/fast-interpolate/datasets/ds004513/derivatives/flint/antsBrainExtraction/sub-s034/BrainExtractionBrain.nii.gz (type = Euler3DTransform)
=============================================================================
  number of levels = 4
  number of levels = 4
  number of levels = 4
  fixed image: /templateflow/tpl-MNI152NLin2009cAsym/tpl-MNI152NLin2009cAsym_res-01_desc-brain_T1w.nii.gz
  moving image: /mnt/lustre/mathdugre/fast-interpolate/datasets/ds004513/derivatives/flint/antsBrainExtraction/sub-s034/BrainExtractionBrain.nii.gz
  fixed image: /templateflow/tpl-MNI152NLin2009cAsym/tpl-MNI152NLin2009cAsym_res-01_desc-brain_T1w.nii.gz
  moving image: /mnt/lustre/mathdugre/fast-interpolate/datasets/ds004513/derivatives/flint/antsBrainExtraction/sub-s034/BrainExtractionBrain.nii.gz
  fixed image: /templateflow/tpl-MNI152NLin2009cAsym/tpl-MNI152NLin2009cAsym_res-01_desc-brain_T1w.nii.gz
  moving image: /mnt/lustre/mathdugre/fast-interpolate/datasets/ds004513/derivatives/flint/antsBrainExtraction/sub-s034/BrainExtractionBrain.nii.gz
Dimension = 3
Number of stages = 3
Use histogram matching = false
Winsorize image intensities = true
  Lower quantile = 0.005
  Upper quantile = 0.995


Stage 1 State
   Image metric = MattesMI
     Fixed image = Image (0x3235b30)
  RTTI typeinfo:   itk::Image<double, 3u>
  Reference Count: 2
  Modified Time: 2385
  Debug: Off
  Object Name: 
  Observers: 
    none
  Source: (none)
  Source output name: (none)
  Release Data: Off
  Data Released: False
  Global Release Data: Off
  PipelineMTime: 0
  UpdateMTime: 1996
  RealTimeStamp: 0 seconds 
  LargestPossibleRegion: 
    Dimension: 3
    Index: [0, 0, 0]
    Size: [193, 229, 193]
  BufferedRegion: 
    Dimension: 3
    Index: [0, 0, 0]
    Size: [193, 229, 193]
  RequestedRegion: 
    Dimension: 3
    Index: [0, 0, 0]
    Size: [193, 229, 193]
  Spacing: [1, 1, 1]
  Origin: [96, 132, -78]
  Direction: 
-1 0 0
0 -1 0
0 0 1

  IndexToPointMatrix: 
-1 0 0
0 -1 0
0 0 1

  PointToIndexMatrix: 
-1 0 0
0 -1 0
0 0 1

  Inverse Direction: 
-1 0 0
0 -1 0
0 0 1

  PixelContainer: 
    ImportImageContainer (0x325cf20)
      RTTI typeinfo:   itk::ImportImageContainer<unsigned long, double>
      Reference Count: 1
      Modified Time: 1993
      Debug: Off
      Object Name: 
      Observers: 
        none
      Pointer: 0x7f530794b010
      Container manages memory: true
      Size: 8530021
      Capacity: 8530021

     Moving image = Image (0x3231400)
  RTTI typeinfo:   itk::Image<double, 3u>
  Reference Count: 2
  Modified Time: 2386
  Debug: Off
  Object Name: 
  Observers: 
    none
  Source: (none)
  Source output name: (none)
  Release Data: Off
  Data Released: False
  Global Release Data: Off
  PipelineMTime: 0
  UpdateMTime: 2383
  RealTimeStamp: 0 seconds 
  LargestPossibleRegion: 
    Dimension: 3
    Index: [0, 0, 0]
    Size: [160, 240, 256]
  BufferedRegion: 
    Dimension: 3
    Index: [0, 0, 0]
    Size: [160, 240, 256]
  RequestedRegion: 
    Dimension: 3
    Index: [0, 0, 0]
    Size: [160, 240, 256]
  Spacing: [1, 1, 1]
  Origin: [80.0391, 105.5, -130.75]
  Direction: 
-0.999817 0 0.0191994
0 -1 0
0.0191994 0 0.999817

  IndexToPointMatrix: 
-0.999817 0 0.0191994
0 -1 0
0.0191994 0 0.999817

  PointToIndexMatrix: 
-0.999756 0 0.0191994
0 -1 0
0.0191994 0 0.999817

  Inverse Direction: 
-0.999756 0 0.0191994
0 -1 0
0.0191994 0 0.999817

  PixelContainer: 
    ImportImageContainer (0x33b5750)
      RTTI typeinfo:   itk::ImportImageContainer<unsigned long, double>
      Reference Count: 1
      Modified Time: 2380
      Debug: Off
      Object Name: 
      Observers: 
        none
      Pointer: 0x7f5302e4a010
      Container manages memory: true
      Size: 9830400
      Capacity: 9830400

     Weighting = 1
     Sampling strategy = regular
     Number of bins = 32
     Radius = 4
     Sampling percentage  = 0.25
   Transform = Rigid
     Gradient step = 0.1
     Update field sigma (voxel space) = 0
     Total field sigma (voxel space) = 0
     Update field time sigma = 0
     Total field time sigma  = 0
     Number of time indices = 0
     Number of time point samples = 0
Stage 2 State
   Image metric = MattesMI
     Fixed image = Image (0x3256850)
  RTTI typeinfo:   itk::Image<double, 3u>
  Reference Count: 2
  Modified Time: 3161
  Debug: Off
  Object Name: 
  Observers: 
    none
  Source: (none)
  Source output name: (none)
  Release Data: Off
  Data Released: False
  Global Release Data: Off
  PipelineMTime: 0
  UpdateMTime: 2772
  RealTimeStamp: 0 seconds 
  LargestPossibleRegion: 
    Dimension: 3
    Index: [0, 0, 0]
    Size: [193, 229, 193]
  BufferedRegion: 
    Dimension: 3
    Index: [0, 0, 0]
    Size: [193, 229, 193]
  RequestedRegion: 
    Dimension: 3
    Index: [0, 0, 0]
    Size: [193, 229, 193]
  Spacing: [1, 1, 1]
  Origin: [96, 132, -78]
  Direction: 
-1 0 0
0 -1 0
0 0 1

  IndexToPointMatrix: 
-1 0 0
0 -1 0
0 0 1

  PointToIndexMatrix: 
-1 0 0
0 -1 0
0 0 1

  Inverse Direction: 
-1 0 0
0 -1 0
0 0 1

  PixelContainer: 
    ImportImageContainer (0x33fd870)
      RTTI typeinfo:   itk::ImportImageContainer<unsigned long, double>
      Reference Count: 1
      Modified Time: 2769
      Debug: Off
      Object Name: 
      Observers: 
        none
      Pointer: 0x7f52fed35010
      Container manages memory: true
      Size: 8530021
      Capacity: 8530021

     Moving image = Image (0x3374340)
  RTTI typeinfo:   itk::Image<double, 3u>
  Reference Count: 2
  Modified Time: 3162
  Debug: Off
  Object Name: 
  Observers: 
    none
  Source: (none)
  Source output name: (none)
  Release Data: Off
  Data Released: False
  Global Release Data: Off
  PipelineMTime: 0
  UpdateMTime: 3159
  RealTimeStamp: 0 seconds 
  LargestPossibleRegion: 
    Dimension: 3
    Index: [0, 0, 0]
    Size: [160, 240, 256]
  BufferedRegion: 
    Dimension: 3
    Index: [0, 0, 0]
    Size: [160, 240, 256]
  RequestedRegion: 
    Dimension: 3
    Index: [0, 0, 0]
    Size: [160, 240, 256]
  Spacing: [1, 1, 1]
  Origin: [80.0391, 105.5, -130.75]
  Direction: 
-0.999817 0 0.0191994
0 -1 0
0.0191994 0 0.999817

  IndexToPointMatrix: 
-0.999817 0 0.0191994
0 -1 0
0.0191994 0 0.999817

  PointToIndexMatrix: 
-0.999756 0 0.0191994
0 -1 0
0.0191994 0 0.999817

  Inverse Direction: 
-0.999756 0 0.0191994
0 -1 0
0.0191994 0 0.999817

  PixelContainer: 
    ImportImageContainer (0x33f5850)
      RTTI typeinfo:   itk::ImportImageContainer<unsigned long, double>
      Reference Count: 1
      Modified Time: 3156
      Debug: Off
      Object Name: 
      Observers: 
        none
      Pointer: 0x7f52fa234010
      Container manages memory: true
      Size: 9830400
      Capacity: 9830400

     Weighting = 1
     Sampling strategy = regular
     Number of bins = 32
     Radius = 4
     Sampling percentage  = 0.25
   Transform = Affine
     Gradient step = 0.1
     Update field sigma (voxel space) = 0
     Total field sigma (voxel space) = 0
     Update field time sigma = 0
     Total field time sigma  = 0
     Number of time indices = 0
     Number of time point samples = 0
Stage 3 State
   Image metric = CC
     Fixed image = Image (0x33710b0)
  RTTI typeinfo:   itk::Image<double, 3u>
  Reference Count: 2
  Modified Time: 3937
  Debug: Off
  Object Name: 
  Observers: 
    none
  Source: (none)
  Source output name: (none)
  Release Data: Off
  Data Released: False
  Global Release Data: Off
  PipelineMTime: 0
  UpdateMTime: 3548
  RealTimeStamp: 0 seconds 
  LargestPossibleRegion: 
    Dimension: 3
    Index: [0, 0, 0]
    Size: [193, 229, 193]
  BufferedRegion: 
    Dimension: 3
    Index: [0, 0, 0]
    Size: [193, 229, 193]
  RequestedRegion: 
    Dimension: 3
    Index: [0, 0, 0]
    Size: [193, 229, 193]
  Spacing: [1, 1, 1]
  Origin: [96, 132, -78]
  Direction: 
-1 0 0
0 -1 0
0 0 1

  IndexToPointMatrix: 
-1 0 0
0 -1 0
0 0 1

  PointToIndexMatrix: 
-1 0 0
0 -1 0
0 0 1

  Inverse Direction: 
-1 0 0
0 -1 0
0 0 1

  PixelContainer: 
    ImportImageContainer (0x33ad8b0)
      RTTI typeinfo:   itk::ImportImageContainer<unsigned long, double>
      Reference Count: 1
      Modified Time: 3545
      Debug: Off
      Object Name: 
      Observers: 
        none
      Pointer: 0x7f52f611f010
      Container manages memory: true
      Size: 8530021
      Capacity: 8530021

     Moving image = Image (0x3372c30)
  RTTI typeinfo:   itk::Image<double, 3u>
  Reference Count: 2
  Modified Time: 3938
  Debug: Off
  Object Name: 
  Observers: 
    none
  Source: (none)
  Source output name: (none)
  Release Data: Off
  Data Released: False
  Global Release Data: Off
  PipelineMTime: 0
  UpdateMTime: 3935
  RealTimeStamp: 0 seconds 
  LargestPossibleRegion: 
    Dimension: 3
    Index: [0, 0, 0]
    Size: [160, 240, 256]
  BufferedRegion: 
    Dimension: 3
    Index: [0, 0, 0]
    Size: [160, 240, 256]
  RequestedRegion: 
    Dimension: 3
    Index: [0, 0, 0]
    Size: [160, 240, 256]
  Spacing: [1, 1, 1]
  Origin: [80.0391, 105.5, -130.75]
  Direction: 
-0.999817 0 0.0191994
0 -1 0
0.0191994 0 0.999817

  IndexToPointMatrix: 
-0.999817 0 0.0191994
0 -1 0
0.0191994 0 0.999817

  PointToIndexMatrix: 
-0.999756 0 0.0191994
0 -1 0
0.0191994 0 0.999817

  Inverse Direction: 
-0.999756 0 0.0191994
0 -1 0
0.0191994 0 0.999817

  PixelContainer: 
    ImportImageContainer (0x33d57d0)
      RTTI typeinfo:   itk::ImportImageContainer<unsigned long, double>
      Reference Count: 1
      Modified Time: 3932
      Debug: Off
      Object Name: 
      Observers: 
        none
      Pointer: 0x7f52f161e010
      Container manages memory: true
      Size: 9830400
      Capacity: 9830400

     Weighting = 1
     Sampling strategy = none
     Number of bins = 32
     Radius = 4
     Sampling percentage  = 1
   Transform = SyN
     Gradient step = 0.1
     Update field sigma (voxel space) = 3
     Total field sigma (voxel space) = 0
     Update field time sigma = 0
     Total field time sigma  = 0
     Number of time indices = 0
     Number of time point samples = 0
Registration using 3 total stages.

Stage 0
  iterations = 1000x500x250x100
  convergence threshold = 1e-06
  convergence window size = 10
  number of levels = 4
  using the Mattes MI metric (number of bins = 32, weight = 1, use gradient filter = 0)
  preprocessing:  winsorizing the image intensities
  Shrink factors (level 1 out of 4): [8, 8, 8]
  Shrink factors (level 2 out of 4): [4, 4, 4]
  Shrink factors (level 3 out of 4): [2, 2, 2]
  Shrink factors (level 4 out of 4): [1, 1, 1]
  smoothing sigmas per level: [3, 2, 1, 0]
  regular sampling (percentage = 0.25)

*** Running Euler3DTransform registration ***

DIAGNOSTIC,Iteration,metricValue,convergenceValue,ITERATION_TIME_INDEX,SINCE_LAST
*/mnt/lustre/mathdugre/fast-interpolate/datasets/ds004513/derivatives/flint/antsRegistration/r8-p13/sub-s034/Stage1_level1_Iter0001.nii.gz
2DIAGNOSTIC,     1, -8.365608627686e-02, 1.797693134862e+308, 0.0000e+00, 0.0000e+00, 
*/mnt/lustre/mathdugre/fast-interpolate/datasets/ds004513/derivatives/flint/antsRegistration/r8-p13/sub-s034/Stage1_level1_Iter0002.nii.gz
2DIAGNOSTIC,     2, -8.426602921315e-02, 1.797693134862e+308, 0.0000e+00, 0.0000e+00, 
*/mnt/lustre/mathdugre/fast-interpolate/datasets/ds004513/derivatives/flint/antsRegistration/r8-p13/sub-s034/Stage1_level1_Iter0003.nii.gz
2DIAGNOSTIC,     3, -8.579268361399e-02, 1.797693134862e+308, 0.0000e+00, 0.0000e+00, 
*/mnt/lustre/mathdugre/fast-interpolate/datasets/ds004513/derivatives/flint/antsRegistration/r8-p13/sub-s034/Stage1_level1_Iter0004.nii.gz
2DIAGNOSTIC,     4, -8.798832982212e-02, 1.797693134862e+308, 0.0000e+00, 0.0000e+00, 
*/mnt/lustre/mathdugre/fast-interpolate/datasets/ds004513/derivatives/flint/antsRegistration/r8-p13/sub-s034/Stage1_level1_Iter0005.nii.gz
2DIAGNOSTIC,     5, -8.875645384858e-02, 1.797693134862e+308, 0.0000e+00, 0.0000e+00, 
*/mnt/lustre/mathdugre/fast-interpolate/datasets/ds004513/derivatives/flint/antsRegistration/r8-p13/sub-s034/Stage1_level1_Iter0006.nii.gz
2DIAGNOSTIC,     6, -8.901653034172e-02, 1.797693134862e+308, 0.0000e+00, 0.0000e+00, 
*/mnt/lustre/mathdugre/fast-interpolate/datasets/ds004513/derivatives/flint/antsRegistration/r8-p13/sub-s034/Stage1_level1_Iter0007.nii.gz
2DIAGNOSTIC,     7, -8.935610508705e-02, 1.797693134862e+308, 0.0000e+00, 0.0000e+00, 
*/mnt/lustre/mathdugre/fast-interpolate/datasets/ds004513/derivatives/flint/antsRegistration/r8-p13/sub-s034/Stage1_level1_Iter0008.nii.gz
2DIAGNOSTIC,     8, -8.954181170743e-02, 1.797693134862e+308, 0.0000e+00, 0.0000e+00, 
*/mnt/lustre/mathdugre/fast-interpolate/datasets/ds004513/derivatives/flint/antsRegistration/r8-p13/sub-s034/Stage1_level1_Iter0009.nii.gz
2DIAGNOSTIC,     9, -9.032708414019e-02, 1.797693134862e+308, 0.0000e+00, 0.0000e+00, 
*/mnt/lustre/mathdugre/fast-interpolate/datasets/ds004513/derivatives/flint/antsRegistration/r8-p13/sub-s034/Stage1_level1_Iter0010.nii.gz
2DIAGNOSTIC,    10, -9.166901107025e-02, 5.363464355469e-03, 0.0000e+00, 0.0000e+00, 
*/mnt/lustre/mathdugre/fast-interpolate/datasets/ds004513/derivatives/flint/antsRegistration/r8-p13/sub-s034/Stage1_level1_Iter0011.nii.gz
2DIAGNOSTIC,    11, -9.175641088104e-02, 4.287719726562e-03, 0.0000e+00, 0.0000e+00, 
*/mnt/lustre/mathdugre/fast-interpolate/datasets/ds004513/derivatives/flint/antsRegistration/r8-p13/sub-s034/Stage1_level1_Iter0012.nii.gz
2DIAGNOSTIC,    12, -9.185785265995e-02, 3.227233886719e-03, 0.0000e+00, 0.0000e+00, 
*/mnt/lustre/mathdugre/fast-interpolate/datasets/ds004513/derivatives/flint/antsRegistration/r8-p13/sub-s034/Stage1_level1_Iter0013.nii.gz
2DIAGNOSTIC,    13, -9.193085294054e-02, 2.410888671875e-03, 0.0000e+00, 0.0000e+00, 
*/mnt/lustre/mathdugre/fast-interpolate/datasets/ds004513/derivatives/flint/antsRegistration/r8-p13/sub-s034/Stage1_level1_Iter0014.nii.gz
2DIAGNOSTIC,    14, -9.192229736638e-02, 1.998901367188e-03, 0.0000e+00, 0.0000e+00, 
*/mnt/lustre/mathdugre/fast-interpolate/datasets/ds004513/derivatives/flint/antsRegistration/r8-p13/sub-s034/Stage1_level1_Iter0015.nii.gz
2DIAGNOSTIC,    15, -9.200218408788e-02, 1.617431640625e-03, 0.0000e+00, 0.0000e+00, 
*/mnt/lustre/mathdugre/fast-interpolate/datasets/ds004513/derivatives/flint/antsRegistration/r8-p13/sub-s034/Stage1_level1_Iter0016.nii.gz
2DIAGNOSTIC,    16, -9.203014980451e-02, 1.220703125000e-03, 0.0000e+00, 0.0000e+00, 
*/mnt/lustre/mathdugre/fast-interpolate/datasets/ds004513/derivatives/flint/antsRegistration/r8-p13/sub-s034/Stage1_level1_Iter0017.nii.gz
2DIAGNOSTIC,    17, -9.211636540436e-02, 8.239746093750e-04, 0.0000e+00, 0.0000e+00, 
*/mnt/lustre/mathdugre/fast-interpolate/datasets/ds004513/derivatives/flint/antsRegistration/r8-p13/sub-s034/Stage1_level1_Iter0018.nii.gz
2DIAGNOSTIC,    18, -9.214274327517e-02, 4.272460937500e-04, 0.0000e+00, 0.0000e+00, 
*/mnt/lustre/mathdugre/fast-interpolate/datasets/ds004513/derivatives/flint/antsRegistration/r8-p13/sub-s034/Stage1_level1_Iter0019.nii.gz
2DIAGNOSTIC,    19, -9.222723825046e-02, 1.945495605469e-04, 0.0000e+00, 0.0000e+00, 
*/mnt/lustre/mathdugre/fast-interpolate/datasets/ds004513/derivatives/flint/antsRegistration/r8-p13/sub-s034/Stage1_level1_Iter0020.nii.gz
2DIAGNOSTIC,    20, -9.229438320359e-02, 1.792907714844e-04, 0.0000e+00, 0.0000e+00, 
*/mnt/lustre/mathdugre/fast-interpolate/datasets/ds004513/derivatives/flint/antsRegistration/r8-p13/sub-s034/Stage1_level1_Iter0021.nii.gz
2DIAGNOSTIC,    21, -9.228900102961e-02, 1.564025878906e-04, 0.0000e+00, 0.0000e+00, 
*/mnt/lustre/mathdugre/fast-interpolate/datasets/ds004513/derivatives/flint/antsRegistration/r8-p13/sub-s034/Stage1_level1_Iter0022.nii.gz
2DIAGNOSTIC,    22, -9.234237024546e-02, 1.487731933594e-04, 0.0000e+00, 0.0000e+00, 
*/mnt/lustre/mathdugre/fast-interpolate/datasets/ds004513/derivatives/flint/antsRegistration/r8-p13/sub-s034/Stage1_level1_Iter0023.nii.gz
2DIAGNOSTIC,    23, -9.239804964468e-02, 1.449584960938e-04, 0.0000e+00, 0.0000e+00, 
*/mnt/lustre/mathdugre/fast-interpolate/datasets/ds004513/derivatives/flint/antsRegistration/r8-p13/sub-s034/Stage1_level1_Iter0024.nii.gz
2DIAGNOSTIC,    24, -9.250150274944e-02, 1.411437988281e-04, 0.0000e+00, 0.0000e+00, 
*/mnt/lustre/mathdugre/fast-interpolate/datasets/ds004513/derivatives/flint/antsRegistration/r8-p13/sub-s034/Stage1_level1_Iter0025.nii.gz
2DIAGNOSTIC,    25, -9.255230566990e-02, 1.335144042969e-04, 0.0000e+00, 0.0000e+00, 
*/mnt/lustre/mathdugre/fast-interpolate/datasets/ds004513/derivatives/flint/antsRegistration/r8-p13/sub-s034/Stage1_level1_Iter0026.nii.gz
2DIAGNOSTIC,    26, -9.260382156927e-02, 1.411437988281e-04, 0.0000e+00, 0.0000e+00, 
*/mnt/lustre/mathdugre/fast-interpolate/datasets/ds004513/derivatives/flint/antsRegistration/r8-p13/sub-s034/Stage1_level1_Iter0027.nii.gz
2DIAGNOSTIC,    27, -9.253600896584e-02, 1.182556152344e-04, 0.0000e+00, 0.0000e+00, 
*/mnt/lustre/mathdugre/fast-interpolate/datasets/ds004513/derivatives/flint/antsRegistration/r8-p13/sub-s034/Stage1_level1_Iter0028.nii.gz
2DIAGNOSTIC,    28, -9.256508845498e-02, 1.068115234375e-04, 0.0000e+00, 0.0000e+00, 
*/mnt/lustre/mathdugre/fast-interpolate/datasets/ds004513/derivatives/flint/antsRegistration/r8-p13/sub-s034/Stage1_level1_Iter0029.nii.gz
2DIAGNOSTIC,    29, -9.263975536538e-02, 8.773803710938e-05, 0.0000e+00, 0.0000e+00, 
*/mnt/lustre/mathdugre/fast-interpolate/datasets/ds004513/derivatives/flint/antsRegistration/r8-p13/sub-s034/Stage1_level1_Iter0030.nii.gz
2DIAGNOSTIC,    30, -9.263167929200e-02, 8.010864257812e-05, 0.0000e+00, 0.0000e+00, 
*/mnt/lustre/mathdugre/fast-interpolate/datasets/ds004513/derivatives/flint/antsRegistration/r8-p13/sub-s034/Stage1_level1_Iter0031.nii.gz
2DIAGNOSTIC,    31, -9.263017147113e-02, 5.722045898438e-05, 0.0000e+00, 0.0000e+00, 
*/mnt/lustre/mathdugre/fast-interpolate/datasets/ds004513/derivatives/flint/antsRegistration/r8-p13/sub-s034/Stage1_level1_Iter0032.nii.gz
2DIAGNOSTIC,    32, -9.262953615308e-02, 4.196166992188e-05, 0.0000e+00, 0.0000e+00, 
*/mnt/lustre/mathdugre/fast-interpolate/datasets/ds004513/derivatives/flint/antsRegistration/r8-p13/sub-s034/Stage1_level1_Iter0033.nii.gz
2DIAGNOSTIC,    33, -9.262912772998e-02, 2.288818359375e-05, 0.0000e+00, 0.0000e+00, 
*/mnt/lustre/mathdugre/fast-interpolate/datasets/ds004513/derivatives/flint/antsRegistration/r8-p13/sub-s034/Stage1_level1_Iter0034.nii.gz
2DIAGNOSTIC,    34, -9.262889840352e-02, 1.907348632812e-05, 0.0000e+00, 0.0000e+00, 
*/mnt/lustre/mathdugre/fast-interpolate/datasets/ds004513/derivatives/flint/antsRegistration/r8-p13/sub-s034/Stage1_level1_Iter0035.nii.gz
2DIAGNOSTIC,    35, -9.262889840352e-02, 9.536743164062e-06, 0.0000e+00, 0.0000e+00, 
*/mnt/lustre/mathdugre/fast-interpolate/datasets/ds004513/derivatives/flint/antsRegistration/r8-p13/sub-s034/Stage1_level1_Iter0036.nii.gz
2DIAGNOSTIC,    36, -9.262878258454e-02, 9.536743164062e-06, 0.0000e+00, 0.0000e+00, 
*/mnt/lustre/mathdugre/fast-interpolate/datasets/ds004513/derivatives/flint/antsRegistration/r8-p13/sub-s034/Stage1_level1_Iter0037.nii.gz
2DIAGNOSTIC,    37, -9.262878834235e-02, 5.722045898438e-06, 0.0000e+00, 0.0000e+00, 
DIAGNOSTIC,Iteration,metricValue,convergenceValue,ITERATION_TIME_INDEX,SINCE_LAST
*/mnt/lustre/mathdugre/fast-interpolate/datasets/ds004513/derivatives/flint/antsRegistration/r8-p13/sub-s034/Stage1_level2_Iter0001.nii.gz
2DIAGNOSTIC,     1, -2.093543282729e-02, 1.797693134862e+308, 0.0000e+00, 0.0000e+00, 
*/mnt/lustre/mathdugre/fast-interpolate/datasets/ds004513/derivatives/flint/antsRegistration/r8-p13/sub-s034/Stage1_level2_Iter0002.nii.gz
2DIAGNOSTIC,     2, -2.102588558897e-02, 1.797693134862e+308, 0.0000e+00, 0.0000e+00, 
*/mnt/lustre/mathdugre/fast-interpolate/datasets/ds004513/derivatives/flint/antsRegistration/r8-p13/sub-s034/Stage1_level2_Iter0003.nii.gz
2DIAGNOSTIC,     3, -2.114654352596e-02, 1.797693134862e+308, 0.0000e+00, 0.0000e+00, 
*/mnt/lustre/mathdugre/fast-interpolate/datasets/ds004513/derivatives/flint/antsRegistration/r8-p13/sub-s034/Stage1_level2_Iter0004.nii.gz
2DIAGNOSTIC,     4, -2.123444712614e-02, 1.797693134862e+308, 0.0000e+00, 0.0000e+00, 
*/mnt/lustre/mathdugre/fast-interpolate/datasets/ds004513/derivatives/flint/antsRegistration/r8-p13/sub-s034/Stage1_level2_Iter0005.nii.gz
2DIAGNOSTIC,     5, -2.141437216138e-02, 1.797693134862e+308, 0.0000e+00, 0.0000e+00, 
*/mnt/lustre/mathdugre/fast-interpolate/datasets/ds004513/derivatives/flint/antsRegistration/r8-p13/sub-s034/Stage1_level2_Iter0006.nii.gz
2DIAGNOSTIC,     6, -2.155291083691e-02, 1.797693134862e+308, 0.0000e+00, 0.0000e+00, 
*/mnt/lustre/mathdugre/fast-interpolate/datasets/ds004513/derivatives/flint/antsRegistration/r8-p13/sub-s034/Stage1_level2_Iter0007.nii.gz
2DIAGNOSTIC,     7, -2.158308641878e-02, 1.797693134862e+308, 0.0000e+00, 0.0000e+00, 
*/mnt/lustre/mathdugre/fast-interpolate/datasets/ds004513/derivatives/flint/antsRegistration/r8-p13/sub-s034/Stage1_level2_Iter0008.nii.gz
2DIAGNOSTIC,     8, -2.160621524063e-02, 1.797693134862e+308, 0.0000e+00, 0.0000e+00, 
*/mnt/lustre/mathdugre/fast-interpolate/datasets/ds004513/derivatives/flint/antsRegistration/r8-p13/sub-s034/Stage1_level2_Iter0009.nii.gz
2DIAGNOSTIC,     9, -2.162429659016e-02, 1.797693134862e+308, 0.0000e+00, 0.0000e+00, 
*/mnt/lustre/mathdugre/fast-interpolate/datasets/ds004513/derivatives/flint/antsRegistration/r8-p13/sub-s034/Stage1_level2_Iter0010.nii.gz
2DIAGNOSTIC,    10, -2.163434190655e-02, 2.288818359375e-03, 0.0000e+00, 0.0000e+00, 
*/mnt/lustre/mathdugre/fast-interpolate/datasets/ds004513/derivatives/flint/antsRegistration/r8-p13/sub-s034/Stage1_level2_Iter0011.nii.gz
2DIAGNOSTIC,    11, -2.164701596700e-02, 1.731872558594e-03, 0.0000e+00, 0.0000e+00, 
*/mnt/lustre/mathdugre/fast-interpolate/datasets/ds004513/derivatives/flint/antsRegistration/r8-p13/sub-s034/Stage1_level2_Iter0012.nii.gz
2DIAGNOSTIC,    12, -2.164995771406e-02, 1.159667968750e-03, 0.0000e+00, 0.0000e+00, 
*/mnt/lustre/mathdugre/fast-interpolate/datasets/ds004513/derivatives/flint/antsRegistration/r8-p13/sub-s034/Stage1_level2_Iter0013.nii.gz
2DIAGNOSTIC,    13, -2.164494648096e-02, 7.324218750000e-04, 0.0000e+00, 0.0000e+00, 
*/mnt/lustre/mathdugre/fast-interpolate/datasets/ds004513/derivatives/flint/antsRegistration/r8-p13/sub-s034/Stage1_level2_Iter0014.nii.gz
2DIAGNOSTIC,    14, -2.164115360662e-02, 3.509521484375e-04, 0.0000e+00, 0.0000e+00, 
*/mnt/lustre/mathdugre/fast-interpolate/datasets/ds004513/derivatives/flint/antsRegistration/r8-p13/sub-s034/Stage1_level2_Iter0015.nii.gz
2DIAGNOSTIC,    15, -2.164126897554e-02, 1.602172851562e-04, 0.0000e+00, 0.0000e+00, 
*/mnt/lustre/mathdugre/fast-interpolate/datasets/ds004513/derivatives/flint/antsRegistration/r8-p13/sub-s034/Stage1_level2_Iter0016.nii.gz
2DIAGNOSTIC,    16, -2.163875677282e-02, 9.155273437500e-05, 0.0000e+00, 0.0000e+00, 
*/mnt/lustre/mathdugre/fast-interpolate/datasets/ds004513/derivatives/flint/antsRegistration/r8-p13/sub-s034/Stage1_level2_Iter0017.nii.gz
2DIAGNOSTIC,    17, -2.164147025766e-02, 3.814697265625e-05, 0.0000e+00, 0.0000e+00, 
*/mnt/lustre/mathdugre/fast-interpolate/datasets/ds004513/derivatives/flint/antsRegistration/r8-p13/sub-s034/Stage1_level2_Iter0018.nii.gz
2DIAGNOSTIC,    18, -2.164154460755e-02, 1.525878906250e-05, 0.0000e+00, 0.0000e+00, 
DIAGNOSTIC,Iteration,metricValue,convergenceValue,ITERATION_TIME_INDEX,SINCE_LAST
*/mnt/lustre/mathdugre/fast-interpolate/datasets/ds004513/derivatives/flint/antsRegistration/r8-p13/sub-s034/Stage1_level3_Iter0001.nii.gz
2DIAGNOSTIC,     1, -7.002688513899e-03, 1.797693134862e+308, 0.0000e+00, 0.0000e+00, 
*/mnt/lustre/mathdugre/fast-interpolate/datasets/ds004513/derivatives/flint/antsRegistration/r8-p13/sub-s034/Stage1_level3_Iter0002.nii.gz
2DIAGNOSTIC,     2, -7.058784641732e-03, 1.797693134862e+308, 0.0000e+00, 0.0000e+00, 
*/mnt/lustre/mathdugre/fast-interpolate/datasets/ds004513/derivatives/flint/antsRegistration/r8-p13/sub-s034/Stage1_level3_Iter0003.nii.gz
2DIAGNOSTIC,     3, -7.144729828781e-03, 1.797693134862e+308, 0.0000e+00, 0.0000e+00, 
*/mnt/lustre/mathdugre/fast-interpolate/datasets/ds004513/derivatives/flint/antsRegistration/r8-p13/sub-s034/Stage1_level3_Iter0004.nii.gz
2DIAGNOSTIC,     4, -7.175107284799e-03, 1.797693134862e+308, 0.0000e+00, 0.0000e+00, 
*/mnt/lustre/mathdugre/fast-interpolate/datasets/ds004513/derivatives/flint/antsRegistration/r8-p13/sub-s034/Stage1_level3_Iter0005.nii.gz
2DIAGNOSTIC,     5, -7.208729693390e-03, 1.797693134862e+308, 0.0000e+00, 0.0000e+00, 
*/mnt/lustre/mathdugre/fast-interpolate/datasets/ds004513/derivatives/flint/antsRegistration/r8-p13/sub-s034/Stage1_level3_Iter0006.nii.gz
2DIAGNOSTIC,     6, -7.197598101581e-03, 1.797693134862e+308, 0.0000e+00, 0.0000e+00, 
*/mnt/lustre/mathdugre/fast-interpolate/datasets/ds004513/derivatives/flint/antsRegistration/r8-p13/sub-s034/Stage1_level3_Iter0007.nii.gz
2DIAGNOSTIC,     7, -7.196492660846e-03, 1.797693134862e+308, 0.0000e+00, 0.0000e+00, 
*/mnt/lustre/mathdugre/fast-interpolate/datasets/ds004513/derivatives/flint/antsRegistration/r8-p13/sub-s034/Stage1_level3_Iter0008.nii.gz
2DIAGNOSTIC,     8, -7.233176164230e-03, 1.797693134862e+308, 0.0000e+00, 0.0000e+00, 
*/mnt/lustre/mathdugre/fast-interpolate/datasets/ds004513/derivatives/flint/antsRegistration/r8-p13/sub-s034/Stage1_level3_Iter0009.nii.gz
2DIAGNOSTIC,     9, -7.193767962255e-03, 1.797693134862e+308, 0.0000e+00, 0.0000e+00, 
*/mnt/lustre/mathdugre/fast-interpolate/datasets/ds004513/derivatives/flint/antsRegistration/r8-p13/sub-s034/Stage1_level3_Iter0010.nii.gz
2DIAGNOSTIC,    10, -7.247207501417e-03, 1.716613769531e-03, 0.0000e+00, 0.0000e+00, 
*/mnt/lustre/mathdugre/fast-interpolate/datasets/ds004513/derivatives/flint/antsRegistration/r8-p13/sub-s034/Stage1_level3_Iter0011.nii.gz
2DIAGNOSTIC,    11, -7.228170541433e-03, 1.029968261719e-03, 0.0000e+00, 0.0000e+00, 
*/mnt/lustre/mathdugre/fast-interpolate/datasets/ds004513/derivatives/flint/antsRegistration/r8-p13/sub-s034/Stage1_level3_Iter0012.nii.gz
2DIAGNOSTIC,    12, -7.247493396961e-03, 6.103515625000e-04, 0.0000e+00, 0.0000e+00, 
*/mnt/lustre/mathdugre/fast-interpolate/datasets/ds004513/derivatives/flint/antsRegistration/r8-p13/sub-s034/Stage1_level3_Iter0013.nii.gz
2DIAGNOSTIC,    13, -7.199168388643e-03, 2.899169921875e-04, 0.0000e+00, 0.0000e+00, 
*/mnt/lustre/mathdugre/fast-interpolate/datasets/ds004513/derivatives/flint/antsRegistration/r8-p13/sub-s034/Stage1_level3_Iter0014.nii.gz
2DIAGNOSTIC,    14, -7.212474587133e-03, 1.373291015625e-04, 0.0000e+00, 0.0000e+00, 
*/mnt/lustre/mathdugre/fast-interpolate/datasets/ds004513/derivatives/flint/antsRegistration/r8-p13/sub-s034/Stage1_level3_Iter0015.nii.gz
2DIAGNOSTIC,    15, -7.210718764157e-03, 7.629394531250e-05, 0.0000e+00, 0.0000e+00, 
DIAGNOSTIC,Iteration,metricValue,convergenceValue,ITERATION_TIME_INDEX,SINCE_LAST
*/mnt/lustre/mathdugre/fast-interpolate/datasets/ds004513/derivatives/flint/antsRegistration/r8-p13/sub-s034/Stage1_level4_Iter0001.nii.gz
2DIAGNOSTIC,     1, -3.774504838813e-03, 1.797693134862e+308, 0.0000e+00, 0.0000e+00, 
*/mnt/lustre/mathdugre/fast-interpolate/datasets/ds004513/derivatives/flint/antsRegistration/r8-p13/sub-s034/Stage1_level4_Iter0002.nii.gz
2DIAGNOSTIC,     2, -3.831528736979e-03, 1.797693134862e+308, 0.0000e+00, 0.0000e+00, 
*/mnt/lustre/mathdugre/fast-interpolate/datasets/ds004513/derivatives/flint/antsRegistration/r8-p13/sub-s034/Stage1_level4_Iter0003.nii.gz
2DIAGNOSTIC,     3, -3.772661303759e-03, 1.797693134862e+308, 0.0000e+00, 0.0000e+00, 
*/mnt/lustre/mathdugre/fast-interpolate/datasets/ds004513/derivatives/flint/antsRegistration/r8-p13/sub-s034/Stage1_level4_Iter0004.nii.gz
2DIAGNOSTIC,     4, -3.850451626197e-03, 1.797693134862e+308, 0.0000e+00, 0.0000e+00, 
*/mnt/lustre/mathdugre/fast-interpolate/datasets/ds004513/derivatives/flint/antsRegistration/r8-p13/sub-s034/Stage1_level4_Iter0005.nii.gz
2DIAGNOSTIC,     5, -3.843258435474e-03, 1.797693134862e+308, 0.0000e+00, 0.0000e+00, 
*/mnt/lustre/mathdugre/fast-interpolate/datasets/ds004513/derivatives/flint/antsRegistration/r8-p13/sub-s034/Stage1_level4_Iter0006.nii.gz
2DIAGNOSTIC,     6, -3.864254865153e-03, 1.797693134862e+308, 0.0000e+00, 0.0000e+00, 
*/mnt/lustre/mathdugre/fast-interpolate/datasets/ds004513/derivatives/flint/antsRegistration/r8-p13/sub-s034/Stage1_level4_Iter0007.nii.gz
2DIAGNOSTIC,     7, -3.826656244732e-03, 1.797693134862e+308, 0.0000e+00, 0.0000e+00, 
*/mnt/lustre/mathdugre/fast-interpolate/datasets/ds004513/derivatives/flint/antsRegistration/r8-p13/sub-s034/Stage1_level4_Iter0008.nii.gz
2DIAGNOSTIC,     8, -3.884149093185e-03, 1.797693134862e+308, 0.0000e+00, 0.0000e+00, 
*/mnt/lustre/mathdugre/fast-interpolate/datasets/ds004513/derivatives/flint/antsRegistration/r8-p13/sub-s034/Stage1_level4_Iter0009.nii.gz
2DIAGNOSTIC,     9, -3.891074861877e-03, 1.797693134862e+308, 0.0000e+00, 0.0000e+00, 
*/mnt/lustre/mathdugre/fast-interpolate/datasets/ds004513/derivatives/flint/antsRegistration/r8-p13/sub-s034/Stage1_level4_Iter0010.nii.gz
2DIAGNOSTIC,    10, -3.917878800674e-03, 1.960754394531e-03, 0.0000e+00, 0.0000e+00, 
*/mnt/lustre/mathdugre/fast-interpolate/datasets/ds004513/derivatives/flint/antsRegistration/r8-p13/sub-s034/Stage1_level4_Iter0011.nii.gz
2DIAGNOSTIC,    11, -3.930780487816e-03, 1.800537109375e-03, 0.0000e+00, 0.0000e+00, 
*/mnt/lustre/mathdugre/fast-interpolate/datasets/ds004513/derivatives/flint/antsRegistration/r8-p13/sub-s034/Stage1_level4_Iter0012.nii.gz
2DIAGNOSTIC,    12, -3.926780676746e-03, 1.823425292969e-03, 0.0000e+00, 0.0000e+00, 
*/mnt/lustre/mathdugre/fast-interpolate/datasets/ds004513/derivatives/flint/antsRegistration/r8-p13/sub-s034/Stage1_level4_Iter0013.nii.gz
2DIAGNOSTIC,    13, -3.948592942089e-03, 1.480102539062e-03, 0.0000e+00, 0.0000e+00, 
*/mnt/lustre/mathdugre/fast-interpolate/datasets/ds004513/derivatives/flint/antsRegistration/r8-p13/sub-s034/Stage1_level4_Iter0014.nii.gz
2DIAGNOSTIC,    14, -3.984267812574e-03, 1.640319824219e-03, 0.0000e+00, 0.0000e+00, 
*/mnt/lustre/mathdugre/fast-interpolate/datasets/ds004513/derivatives/flint/antsRegistration/r8-p13/sub-s034/Stage1_level4_Iter0015.nii.gz
2DIAGNOSTIC,    15, -3.981870566234e-03, 1.548767089844e-03, 0.0000e+00, 0.0000e+00, 
*/mnt/lustre/mathdugre/fast-interpolate/datasets/ds004513/derivatives/flint/antsRegistration/r8-p13/sub-s034/Stage1_level4_Iter0016.nii.gz
2DIAGNOSTIC,    16, -4.019614772433e-03, 1.632690429688e-03, 0.0000e+00, 0.0000e+00, 
*/mnt/lustre/mathdugre/fast-interpolate/datasets/ds004513/derivatives/flint/antsRegistration/r8-p13/sub-s034/Stage1_level4_Iter0017.nii.gz
2DIAGNOSTIC,    17, -3.989018145556e-03, 1.247406005859e-03, 0.0000e+00, 0.0000e+00, 
*/mnt/lustre/mathdugre/fast-interpolate/datasets/ds004513/derivatives/flint/antsRegistration/r8-p13/sub-s034/Stage1_level4_Iter0018.nii.gz
2DIAGNOSTIC,    18, -4.038673904949e-03, 1.228332519531e-03, 0.0000e+00, 0.0000e+00, 
*/mnt/lustre/mathdugre/fast-interpolate/datasets/ds004513/derivatives/flint/antsRegistration/r8-p13/sub-s034/Stage1_level4_Iter0019.nii.gz
2DIAGNOSTIC,    19, -4.065787294936e-03, 1.216888427734e-03, 0.0000e+00, 0.0000e+00, 
*/mnt/lustre/mathdugre/fast-interpolate/datasets/ds004513/derivatives/flint/antsRegistration/r8-p13/sub-s034/Stage1_level4_Iter0020.nii.gz
2DIAGNOSTIC,    20, -4.054242029561e-03, 1.144409179688e-03, 0.0000e+00, 0.0000e+00, 
*/mnt/lustre/mathdugre/fast-interpolate/datasets/ds004513/derivatives/flint/antsRegistration/r8-p13/sub-s034/Stage1_level4_Iter0021.nii.gz
2DIAGNOSTIC,    21, -4.073572177881e-03, 1.091003417969e-03, 0.0000e+00, 0.0000e+00, 
*/mnt/lustre/mathdugre/fast-interpolate/datasets/ds004513/derivatives/flint/antsRegistration/r8-p13/sub-s034/Stage1_level4_Iter0022.nii.gz
2DIAGNOSTIC,    22, -4.059741503391e-03, 8.888244628906e-04, 0.0000e+00, 0.0000e+00, 
*/mnt/lustre/mathdugre/fast-interpolate/datasets/ds004513/derivatives/flint/antsRegistration/r8-p13/sub-s034/Stage1_level4_Iter0023.nii.gz
2DIAGNOSTIC,    23, -4.032620886153e-03, 5.950927734375e-04, 0.0000e+00, 0.0000e+00, 
*/mnt/lustre/mathdugre/fast-interpolate/datasets/ds004513/derivatives/flint/antsRegistration/r8-p13/sub-s034/Stage1_level4_Iter0024.nii.gz
2DIAGNOSTIC,    24, -4.027303651975e-03, 3.662109375000e-04, 0.0000e+00, 0.0000e+00, 
*/mnt/lustre/mathdugre/fast-interpolate/datasets/ds004513/derivatives/flint/antsRegistration/r8-p13/sub-s034/Stage1_level4_Iter0025.nii.gz
2DIAGNOSTIC,    25, -4.079417238407e-03, 2.555847167969e-04, 0.0000e+00, 0.0000e+00, 
*/mnt/lustre/mathdugre/fast-interpolate/datasets/ds004513/derivatives/flint/antsRegistration/r8-p13/sub-s034/Stage1_level4_Iter0026.nii.gz
2DIAGNOSTIC,    26, -4.025367248034e-03, 8.773803710938e-05, 0.0000e+00, 0.0000e+00, 
  Elapsed time (stage 0): 0.0000e+00


Stage 1
  iterations = 1000x500x250x100
  convergence threshold = 1.0000e-06
  convergence window size = 10
  number of levels = 4
  using the Mattes MI metric (number of bins = 32, weight = 1.0000e+00, use gradient filter = 0)
  preprocessing:  winsorizing the image intensities
  Shrink factors (level 1 out of 4): [8, 8, 8]
  Shrink factors (level 2 out of 4): [4, 4, 4]
  Shrink factors (level 3 out of 4): [2, 2, 2]
  Shrink factors (level 4 out of 4): [1, 1, 1]
  smoothing sigmas per level: [3, 2, 1, 0]
  regular sampling (percentage = 2.5000e-01)

*** Running AffineTransform registration ***

DIAGNOSTIC,Iteration,metricValue,convergenceValue,ITERATION_TIME_INDEX,SINCE_LAST
*/mnt/lustre/mathdugre/fast-interpolate/datasets/ds004513/derivatives/flint/antsRegistration/r8-p13/sub-s034/Stage2_level1_Iter0001.nii.gz
2DIAGNOSTIC,     1, -8.798147239545e-02, 1.797693134862e+308, 0.0000e+00, 0.0000e+00, 
*/mnt/lustre/mathdugre/fast-interpolate/datasets/ds004513/derivatives/flint/antsRegistration/r8-p13/sub-s034/Stage2_level1_Iter0002.nii.gz
2DIAGNOSTIC,     2, -8.831033277968e-02, 1.797693134862e+308, 0.0000e+00, 0.0000e+00, 
*/mnt/lustre/mathdugre/fast-interpolate/datasets/ds004513/derivatives/flint/antsRegistration/r8-p13/sub-s034/Stage2_level1_Iter0003.nii.gz
2DIAGNOSTIC,     3, -8.884662540160e-02, 1.797693134862e+308, 0.0000e+00, 0.0000e+00, 
*/mnt/lustre/mathdugre/fast-interpolate/datasets/ds004513/derivatives/flint/antsRegistration/r8-p13/sub-s034/Stage2_level1_Iter0004.nii.gz
2DIAGNOSTIC,     4, -8.922648254226e-02, 1.797693134862e+308, 0.0000e+00, 0.0000e+00, 
*/mnt/lustre/mathdugre/fast-interpolate/datasets/ds004513/derivatives/flint/antsRegistration/r8-p13/sub-s034/Stage2_level1_Iter0005.nii.gz
2DIAGNOSTIC,     5, -9.082174280263e-02, 1.797693134862e+308, 0.0000e+00, 0.0000e+00, 
*/mnt/lustre/mathdugre/fast-interpolate/datasets/ds004513/derivatives/flint/antsRegistration/r8-p13/sub-s034/Stage2_level1_Iter0006.nii.gz
2DIAGNOSTIC,     6, -9.209858525932e-02, 1.797693134862e+308, 0.0000e+00, 0.0000e+00, 
*/mnt/lustre/mathdugre/fast-interpolate/datasets/ds004513/derivatives/flint/antsRegistration/r8-p13/sub-s034/Stage2_level1_Iter0007.nii.gz
2DIAGNOSTIC,     7, -9.159232878717e-02, 1.797693134862e+308, 0.0000e+00, 0.0000e+00, 
*/mnt/lustre/mathdugre/fast-interpolate/datasets/ds004513/derivatives/flint/antsRegistration/r8-p13/sub-s034/Stage2_level1_Iter0008.nii.gz
2DIAGNOSTIC,     8, -8.715937045906e-02, 1.797693134862e+308, 0.0000e+00, 0.0000e+00, 
*/mnt/lustre/mathdugre/fast-interpolate/datasets/ds004513/derivatives/flint/antsRegistration/r8-p13/sub-s034/Stage2_level1_Iter0009.nii.gz
2DIAGNOSTIC,     9, -8.729979249655e-02, 1.797693134862e+308, 0.0000e+00, 0.0000e+00, 
DIAGNOSTIC,Iteration,metricValue,convergenceValue,ITERATION_TIME_INDEX,SINCE_LAST
*/mnt/lustre/mathdugre/fast-interpolate/datasets/ds004513/derivatives/flint/antsRegistration/r8-p13/sub-s034/Stage2_level2_Iter0001.nii.gz
2DIAGNOSTIC,     1, -2.076481822032e-02, 1.797693134862e+308, 0.0000e+00, 0.0000e+00, 
*/mnt/lustre/mathdugre/fast-interpolate/datasets/ds004513/derivatives/flint/antsRegistration/r8-p13/sub-s034/Stage2_level2_Iter0002.nii.gz
2DIAGNOSTIC,     2, -2.095554185567e-02, 1.797693134862e+308, 0.0000e+00, 0.0000e+00, 
*/mnt/lustre/mathdugre/fast-interpolate/datasets/ds004513/derivatives/flint/antsRegistration/r8-p13/sub-s034/Stage2_level2_Iter0003.nii.gz
2DIAGNOSTIC,     3, -2.144528963031e-02, 1.797693134862e+308, 0.0000e+00, 0.0000e+00, 
*/mnt/lustre/mathdugre/fast-interpolate/datasets/ds004513/derivatives/flint/antsRegistration/r8-p13/sub-s034/Stage2_level2_Iter0004.nii.gz
2DIAGNOSTIC,     4, -2.178311304853e-02, 1.797693134862e+308, 0.0000e+00, 0.0000e+00, 
*/mnt/lustre/mathdugre/fast-interpolate/datasets/ds004513/derivatives/flint/antsRegistration/r8-p13/sub-s034/Stage2_level2_Iter0005.nii.gz
2DIAGNOSTIC,     5, -2.199317633619e-02, 1.797693134862e+308, 0.0000e+00, 0.0000e+00, 
*/mnt/lustre/mathdugre/fast-interpolate/datasets/ds004513/derivatives/flint/antsRegistration/r8-p13/sub-s034/Stage2_level2_Iter0006.nii.gz
2DIAGNOSTIC,     6, -2.224264011742e-02, 1.797693134862e+308, 0.0000e+00, 0.0000e+00, 
*/mnt/lustre/mathdugre/fast-interpolate/datasets/ds004513/derivatives/flint/antsRegistration/r8-p13/sub-s034/Stage2_level2_Iter0007.nii.gz
2DIAGNOSTIC,     7, -2.236442983997e-02, 1.797693134862e+308, 0.0000e+00, 0.0000e+00, 
*/mnt/lustre/mathdugre/fast-interpolate/datasets/ds004513/derivatives/flint/antsRegistration/r8-p13/sub-s034/Stage2_level2_Iter0008.nii.gz
2DIAGNOSTIC,     8, -2.261245322746e-02, 1.797693134862e+308, 0.0000e+00, 0.0000e+00, 
*/mnt/lustre/mathdugre/fast-interpolate/datasets/ds004513/derivatives/flint/antsRegistration/r8-p13/sub-s034/Stage2_level2_Iter0009.nii.gz
2DIAGNOSTIC,     9, -2.307376227684e-02, 1.797693134862e+308, 0.0000e+00, 0.0000e+00, 
*/mnt/lustre/mathdugre/fast-interpolate/datasets/ds004513/derivatives/flint/antsRegistration/r8-p13/sub-s034/Stage2_level2_Iter0010.nii.gz
2DIAGNOSTIC,    10, -2.311879139243e-02, 6.889343261719e-03, 0.0000e+00, 0.0000e+00, 
*/mnt/lustre/mathdugre/fast-interpolate/datasets/ds004513/derivatives/flint/antsRegistration/r8-p13/sub-s034/Stage2_level2_Iter0011.nii.gz
2DIAGNOSTIC,    11, -2.321229594900e-02, 5.760192871094e-03, 0.0000e+00, 0.0000e+00, 
*/mnt/lustre/mathdugre/fast-interpolate/datasets/ds004513/derivatives/flint/antsRegistration/r8-p13/sub-s034/Stage2_level2_Iter0012.nii.gz
2DIAGNOSTIC,    12, -2.332297959397e-02, 4.623413085938e-03, 0.0000e+00, 0.0000e+00, 
*/mnt/lustre/mathdugre/fast-interpolate/datasets/ds004513/derivatives/flint/antsRegistration/r8-p13/sub-s034/Stage2_level2_Iter0013.nii.gz
2DIAGNOSTIC,    13, -2.340913763276e-02, 3.814697265625e-03, 0.0000e+00, 0.0000e+00, 
*/mnt/lustre/mathdugre/fast-interpolate/datasets/ds004513/derivatives/flint/antsRegistration/r8-p13/sub-s034/Stage2_level2_Iter0014.nii.gz
2DIAGNOSTIC,    14, -2.344942533319e-02, 3.105163574219e-03, 0.0000e+00, 0.0000e+00, 
*/mnt/lustre/mathdugre/fast-interpolate/datasets/ds004513/derivatives/flint/antsRegistration/r8-p13/sub-s034/Stage2_level2_Iter0015.nii.gz
2DIAGNOSTIC,    15, -2.353792353173e-02, 2.471923828125e-03, 0.0000e+00, 0.0000e+00, 
*/mnt/lustre/mathdugre/fast-interpolate/datasets/ds004513/derivatives/flint/antsRegistration/r8-p13/sub-s034/Stage2_level2_Iter0016.nii.gz
2DIAGNOSTIC,    16, -2.355369677192e-02, 1.914978027344e-03, 0.0000e+00, 0.0000e+00, 
*/mnt/lustre/mathdugre/fast-interpolate/datasets/ds004513/derivatives/flint/antsRegistration/r8-p13/sub-s034/Stage2_level2_Iter0017.nii.gz
2DIAGNOSTIC,    17, -2.367089533726e-02, 1.403808593750e-03, 0.0000e+00, 0.0000e+00, 
*/mnt/lustre/mathdugre/fast-interpolate/datasets/ds004513/derivatives/flint/antsRegistration/r8-p13/sub-s034/Stage2_level2_Iter0018.nii.gz
2DIAGNOSTIC,    18, -2.375408796914e-02, 1.052856445312e-03, 0.0000e+00, 0.0000e+00, 
*/mnt/lustre/mathdugre/fast-interpolate/datasets/ds004513/derivatives/flint/antsRegistration/r8-p13/sub-s034/Stage2_level2_Iter0019.nii.gz
2DIAGNOSTIC,    19, -2.375492882018e-02, 9.460449218750e-04, 0.0000e+00, 0.0000e+00, 
*/mnt/lustre/mathdugre/fast-interpolate/datasets/ds004513/derivatives/flint/antsRegistration/r8-p13/sub-s034/Stage2_level2_Iter0020.nii.gz
2DIAGNOSTIC,    20, -2.381905481400e-02, 8.354187011719e-04, 0.0000e+00, 0.0000e+00, 
*/mnt/lustre/mathdugre/fast-interpolate/datasets/ds004513/derivatives/flint/antsRegistration/r8-p13/sub-s034/Stage2_level2_Iter0021.nii.gz
2DIAGNOSTIC,    21, -2.386018287190e-02, 7.286071777344e-04, 0.0000e+00, 0.0000e+00, 
*/mnt/lustre/mathdugre/fast-interpolate/datasets/ds004513/derivatives/flint/antsRegistration/r8-p13/sub-s034/Stage2_level2_Iter0022.nii.gz
2DIAGNOSTIC,    22, -2.385532465136e-02, 6.179809570312e-04, 0.0000e+00, 0.0000e+00, 
*/mnt/lustre/mathdugre/fast-interpolate/datasets/ds004513/derivatives/flint/antsRegistration/r8-p13/sub-s034/Stage2_level2_Iter0023.nii.gz
2DIAGNOSTIC,    23, -2.390275101358e-02, 5.493164062500e-04, 0.0000e+00, 0.0000e+00, 
*/mnt/lustre/mathdugre/fast-interpolate/datasets/ds004513/derivatives/flint/antsRegistration/r8-p13/sub-s034/Stage2_level2_Iter0024.nii.gz
2DIAGNOSTIC,    24, -2.392960245272e-02, 4.539489746094e-04, 0.0000e+00, 0.0000e+00, 
*/mnt/lustre/mathdugre/fast-interpolate/datasets/ds004513/derivatives/flint/antsRegistration/r8-p13/sub-s034/Stage2_level2_Iter0025.nii.gz
2DIAGNOSTIC,    25, -2.402599170345e-02, 4.196166992188e-04, 0.0000e+00, 0.0000e+00, 
*/mnt/lustre/mathdugre/fast-interpolate/datasets/ds004513/derivatives/flint/antsRegistration/r8-p13/sub-s034/Stage2_level2_Iter0026.nii.gz
2DIAGNOSTIC,    26, -2.409208668176e-02, 3.967285156250e-04, 0.0000e+00, 0.0000e+00, 
*/mnt/lustre/mathdugre/fast-interpolate/datasets/ds004513/derivatives/flint/antsRegistration/r8-p13/sub-s034/Stage2_level2_Iter0027.nii.gz
2DIAGNOSTIC,    27, -2.411908078164e-02, 3.852844238281e-04, 0.0000e+00, 0.0000e+00, 
*/mnt/lustre/mathdugre/fast-interpolate/datasets/ds004513/derivatives/flint/antsRegistration/r8-p13/sub-s034/Stage2_level2_Iter0028.nii.gz
2DIAGNOSTIC,    28, -2.412431373512e-02, 3.852844238281e-04, 0.0000e+00, 0.0000e+00, 
*/mnt/lustre/mathdugre/fast-interpolate/datasets/ds004513/derivatives/flint/antsRegistration/r8-p13/sub-s034/Stage2_level2_Iter0029.nii.gz
2DIAGNOSTIC,    29, -2.422666004490e-02, 3.967285156250e-04, 0.0000e+00, 0.0000e+00, 
*/mnt/lustre/mathdugre/fast-interpolate/datasets/ds004513/derivatives/flint/antsRegistration/r8-p13/sub-s034/Stage2_level2_Iter0030.nii.gz
2DIAGNOSTIC,    30, -2.424051606654e-02, 3.929138183594e-04, 0.0000e+00, 0.0000e+00, 
*/mnt/lustre/mathdugre/fast-interpolate/datasets/ds004513/derivatives/flint/antsRegistration/r8-p13/sub-s034/Stage2_level2_Iter0031.nii.gz
2DIAGNOSTIC,    31, -2.425467244593e-02, 3.738403320312e-04, 0.0000e+00, 0.0000e+00, 
*/mnt/lustre/mathdugre/fast-interpolate/datasets/ds004513/derivatives/flint/antsRegistration/r8-p13/sub-s034/Stage2_level2_Iter0032.nii.gz
2DIAGNOSTIC,    32, -2.424876672307e-02, 3.242492675781e-04, 0.0000e+00, 0.0000e+00, 
*/mnt/lustre/mathdugre/fast-interpolate/datasets/ds004513/derivatives/flint/antsRegistration/r8-p13/sub-s034/Stage2_level2_Iter0033.nii.gz
2DIAGNOSTIC,    33, -2.426127630737e-02, 2.670288085938e-04, 0.0000e+00, 0.0000e+00, 
*/mnt/lustre/mathdugre/fast-interpolate/datasets/ds004513/derivatives/flint/antsRegistration/r8-p13/sub-s034/Stage2_level2_Iter0034.nii.gz
2DIAGNOSTIC,    34, -2.427281365266e-02, 1.983642578125e-04, 0.0000e+00, 0.0000e+00, 
*/mnt/lustre/mathdugre/fast-interpolate/datasets/ds004513/derivatives/flint/antsRegistration/r8-p13/sub-s034/Stage2_level2_Iter0035.nii.gz
2DIAGNOSTIC,    35, -2.427971735688e-02, 1.487731933594e-04, 0.0000e+00, 0.0000e+00, 
*/mnt/lustre/mathdugre/fast-interpolate/datasets/ds004513/derivatives/flint/antsRegistration/r8-p13/sub-s034/Stage2_level2_Iter0036.nii.gz
2DIAGNOSTIC,    36, -2.430256096684e-02, 1.220703125000e-04, 0.0000e+00, 0.0000e+00, 
*/mnt/lustre/mathdugre/fast-interpolate/datasets/ds004513/derivatives/flint/antsRegistration/r8-p13/sub-s034/Stage2_level2_Iter0037.nii.gz
2DIAGNOSTIC,    37, -2.434957462107e-02, 1.087188720703e-04, 0.0000e+00, 0.0000e+00, 
*/mnt/lustre/mathdugre/fast-interpolate/datasets/ds004513/derivatives/flint/antsRegistration/r8-p13/sub-s034/Stage2_level2_Iter0038.nii.gz
2DIAGNOSTIC,    38, -2.435096842857e-02, 8.773803710938e-05, 0.0000e+00, 0.0000e+00, 
*/mnt/lustre/mathdugre/fast-interpolate/datasets/ds004513/derivatives/flint/antsRegistration/r8-p13/sub-s034/Stage2_level2_Iter0039.nii.gz
2DIAGNOSTIC,    39, -2.434995808849e-02, 8.583068847656e-05, 0.0000e+00, 0.0000e+00, 
*/mnt/lustre/mathdugre/fast-interpolate/datasets/ds004513/derivatives/flint/antsRegistration/r8-p13/sub-s034/Stage2_level2_Iter0040.nii.gz
2DIAGNOSTIC,    40, -2.436170938638e-02, 8.773803710938e-05, 0.0000e+00, 0.0000e+00, 
*/mnt/lustre/mathdugre/fast-interpolate/datasets/ds004513/derivatives/flint/antsRegistration/r8-p13/sub-s034/Stage2_level2_Iter0041.nii.gz
2DIAGNOSTIC,    41, -2.436106422536e-02, 8.392333984375e-05, 0.0000e+00, 0.0000e+00, 
*/mnt/lustre/mathdugre/fast-interpolate/datasets/ds004513/derivatives/flint/antsRegistration/r8-p13/sub-s034/Stage2_level2_Iter0042.nii.gz
2DIAGNOSTIC,    42, -2.436084393599e-02, 7.820129394531e-05, 0.0000e+00, 0.0000e+00, 
*/mnt/lustre/mathdugre/fast-interpolate/datasets/ds004513/derivatives/flint/antsRegistration/r8-p13/sub-s034/Stage2_level2_Iter0043.nii.gz
2DIAGNOSTIC,    43, -2.436224852519e-02, 5.722045898438e-05, 0.0000e+00, 0.0000e+00, 
*/mnt/lustre/mathdugre/fast-interpolate/datasets/ds004513/derivatives/flint/antsRegistration/r8-p13/sub-s034/Stage2_level2_Iter0044.nii.gz
2DIAGNOSTIC,    44, -2.436849137089e-02, 4.386901855469e-05, 0.0000e+00, 0.0000e+00, 
*/mnt/lustre/mathdugre/fast-interpolate/datasets/ds004513/derivatives/flint/antsRegistration/r8-p13/sub-s034/Stage2_level2_Iter0045.nii.gz
2DIAGNOSTIC,    45, -2.436571742908e-02, 2.479553222656e-05, 0.0000e+00, 0.0000e+00, 
*/mnt/lustre/mathdugre/fast-interpolate/datasets/ds004513/derivatives/flint/antsRegistration/r8-p13/sub-s034/Stage2_level2_Iter0046.nii.gz
2DIAGNOSTIC,    46, -2.435867061671e-02, 1.335144042969e-05, 0.0000e+00, 0.0000e+00, 
*/mnt/lustre/mathdugre/fast-interpolate/datasets/ds004513/derivatives/flint/antsRegistration/r8-p13/sub-s034/Stage2_level2_Iter0047.nii.gz
2DIAGNOSTIC,    47, -2.435773721470e-02, 5.722045898438e-06, 0.0000e+00, 0.0000e+00, 
DIAGNOSTIC,Iteration,metricValue,convergenceValue,ITERATION_TIME_INDEX,SINCE_LAST
*/mnt/lustre/mathdugre/fast-interpolate/datasets/ds004513/derivatives/flint/antsRegistration/r8-p13/sub-s034/Stage2_level3_Iter0001.nii.gz
2DIAGNOSTIC,     1, -8.168357896550e-03, 1.797693134862e+308, 0.0000e+00, 0.0000e+00, 
*/mnt/lustre/mathdugre/fast-interpolate/datasets/ds004513/derivatives/flint/antsRegistration/r8-p13/sub-s034/Stage2_level3_Iter0002.nii.gz
2DIAGNOSTIC,     2, -8.203456961533e-03, 1.797693134862e+308, 0.0000e+00, 0.0000e+00, 
*/mnt/lustre/mathdugre/fast-interpolate/datasets/ds004513/derivatives/flint/antsRegistration/r8-p13/sub-s034/Stage2_level3_Iter0003.nii.gz
2DIAGNOSTIC,     3, -8.248794888099e-03, 1.797693134862e+308, 0.0000e+00, 0.0000e+00, 
*/mnt/lustre/mathdugre/fast-interpolate/datasets/ds004513/derivatives/flint/antsRegistration/r8-p13/sub-s034/Stage2_level3_Iter0004.nii.gz
2DIAGNOSTIC,     4, -8.308342711181e-03, 1.797693134862e+308, 0.0000e+00, 0.0000e+00, 
*/mnt/lustre/mathdugre/fast-interpolate/datasets/ds004513/derivatives/flint/antsRegistration/r8-p13/sub-s034/Stage2_level3_Iter0005.nii.gz
2DIAGNOSTIC,     5, -8.321823985408e-03, 1.797693134862e+308, 0.0000e+00, 0.0000e+00, 
*/mnt/lustre/mathdugre/fast-interpolate/datasets/ds004513/derivatives/flint/antsRegistration/r8-p13/sub-s034/Stage2_level3_Iter0006.nii.gz
2DIAGNOSTIC,     6, -8.346665570503e-03, 1.797693134862e+308, 0.0000e+00, 0.0000e+00, 
*/mnt/lustre/mathdugre/fast-interpolate/datasets/ds004513/derivatives/flint/antsRegistration/r8-p13/sub-s034/Stage2_level3_Iter0007.nii.gz
2DIAGNOSTIC,     7, -8.289551711733e-03, 1.797693134862e+308, 0.0000e+00, 0.0000e+00, 
*/mnt/lustre/mathdugre/fast-interpolate/datasets/ds004513/derivatives/flint/antsRegistration/r8-p13/sub-s034/Stage2_level3_Iter0008.nii.gz
2DIAGNOSTIC,     8, -8.338407817395e-03, 1.797693134862e+308, 0.0000e+00, 0.0000e+00, 
*/mnt/lustre/mathdugre/fast-interpolate/datasets/ds004513/derivatives/flint/antsRegistration/r8-p13/sub-s034/Stage2_level3_Iter0009.nii.gz
2DIAGNOSTIC,     9, -8.328439783003e-03, 1.797693134862e+308, 0.0000e+00, 0.0000e+00, 
*/mnt/lustre/mathdugre/fast-interpolate/datasets/ds004513/derivatives/flint/antsRegistration/r8-p13/sub-s034/Stage2_level3_Iter0010.nii.gz
2DIAGNOSTIC,    10, -8.345299756180e-03, 1.182556152344e-03, 0.0000e+00, 0.0000e+00, 
*/mnt/lustre/mathdugre/fast-interpolate/datasets/ds004513/derivatives/flint/antsRegistration/r8-p13/sub-s034/Stage2_level3_Iter0011.nii.gz
2DIAGNOSTIC,    11, -8.346251001668e-03, 7.476806640625e-04, 0.0000e+00, 0.0000e+00, 
*/mnt/lustre/mathdugre/fast-interpolate/datasets/ds004513/derivatives/flint/antsRegistration/r8-p13/sub-s034/Stage2_level3_Iter0012.nii.gz
2DIAGNOSTIC,    12, -8.337336426362e-03, 3.814697265625e-04, 0.0000e+00, 0.0000e+00, 
*/mnt/lustre/mathdugre/fast-interpolate/datasets/ds004513/derivatives/flint/antsRegistration/r8-p13/sub-s034/Stage2_level3_Iter0013.nii.gz
2DIAGNOSTIC,    13, -8.363656088511e-03, 2.517700195312e-04, 0.0000e+00, 0.0000e+00, 
*/mnt/lustre/mathdugre/fast-interpolate/datasets/ds004513/derivatives/flint/antsRegistration/r8-p13/sub-s034/Stage2_level3_Iter0014.nii.gz
2DIAGNOSTIC,    14, -8.320837299722e-03, 1.373291015625e-04, 0.0000e+00, 0.0000e+00, 
*/mnt/lustre/mathdugre/fast-interpolate/datasets/ds004513/derivatives/flint/antsRegistration/r8-p13/sub-s034/Stage2_level3_Iter0015.nii.gz
2DIAGNOSTIC,    15, -8.386885085138e-03, 2.136230468750e-04, 0.0000e+00, 0.0000e+00, 
*/mnt/lustre/mathdugre/fast-interpolate/datasets/ds004513/derivatives/flint/antsRegistration/r8-p13/sub-s034/Stage2_level3_Iter0016.nii.gz
2DIAGNOSTIC,    16, -8.328140295385e-03, 1.754760742188e-04, 0.0000e+00, 0.0000e+00, 
*/mnt/lustre/mathdugre/fast-interpolate/datasets/ds004513/derivatives/flint/antsRegistration/r8-p13/sub-s034/Stage2_level3_Iter0017.nii.gz
2DIAGNOSTIC,    17, -8.371131482595e-03, 1.106262207031e-04, 0.0000e+00, 0.0000e+00, 
*/mnt/lustre/mathdugre/fast-interpolate/datasets/ds004513/derivatives/flint/antsRegistration/r8-p13/sub-s034/Stage2_level3_Iter0018.nii.gz
2DIAGNOSTIC,    18, -8.362326284304e-03, 1.144409179688e-04, 0.0000e+00, 0.0000e+00, 
*/mnt/lustre/mathdugre/fast-interpolate/datasets/ds004513/derivatives/flint/antsRegistration/r8-p13/sub-s034/Stage2_level3_Iter0019.nii.gz
2DIAGNOSTIC,    19, -8.373758945984e-03, 1.144409179688e-04, 0.0000e+00, 0.0000e+00, 
*/mnt/lustre/mathdugre/fast-interpolate/datasets/ds004513/derivatives/flint/antsRegistration/r8-p13/sub-s034/Stage2_level3_Iter0020.nii.gz
2DIAGNOSTIC,    20, -8.386495948919e-03, 1.411437988281e-04, 0.0000e+00, 0.0000e+00, 
*/mnt/lustre/mathdugre/fast-interpolate/datasets/ds004513/derivatives/flint/antsRegistration/r8-p13/sub-s034/Stage2_level3_Iter0021.nii.gz
2DIAGNOSTIC,    21, -8.341822317705e-03, 9.536743164062e-05, 0.0000e+00, 0.0000e+00, 
*/mnt/lustre/mathdugre/fast-interpolate/datasets/ds004513/derivatives/flint/antsRegistration/r8-p13/sub-s034/Stage2_level3_Iter0022.nii.gz
2DIAGNOSTIC,    22, -8.391290099758e-03, 1.029968261719e-04, 0.0000e+00, 0.0000e+00, 
*/mnt/lustre/mathdugre/fast-interpolate/datasets/ds004513/derivatives/flint/antsRegistration/r8-p13/sub-s034/Stage2_level3_Iter0023.nii.gz
2DIAGNOSTIC,    23, -8.328431362174e-03, 4.577636718750e-05, 0.0000e+00, 0.0000e+00, 
*/mnt/lustre/mathdugre/fast-interpolate/datasets/ds004513/derivatives/flint/antsRegistration/r8-p13/sub-s034/Stage2_level3_Iter0024.nii.gz
2DIAGNOSTIC,    24, -8.393958995636e-03, 2.288818359375e-05, 0.0000e+00, 0.0000e+00, 
*/mnt/lustre/mathdugre/fast-interpolate/datasets/ds004513/derivatives/flint/antsRegistration/r8-p13/sub-s034/Stage2_level3_Iter0025.nii.gz
2DIAGNOSTIC,    25, -8.392194479579e-03, 7.629394531250e-05, 0.0000e+00, 0.0000e+00, 
*/mnt/lustre/mathdugre/fast-interpolate/datasets/ds004513/derivatives/flint/antsRegistration/r8-p13/sub-s034/Stage2_level3_Iter0026.nii.gz
2DIAGNOSTIC,    26, -8.384816696282e-03, 4.577636718750e-05, 0.0000e+00, 0.0000e+00, 
DIAGNOSTIC,Iteration,metricValue,convergenceValue,ITERATION_TIME_INDEX,SINCE_LAST
*/mnt/lustre/mathdugre/fast-interpolate/datasets/ds004513/derivatives/flint/antsRegistration/r8-p13/sub-s034/Stage2_level4_Iter0001.nii.gz
2DIAGNOSTIC,     1, -4.898884556770e-03, 1.797693134862e+308, 0.0000e+00, 0.0000e+00, 
*/mnt/lustre/mathdugre/fast-interpolate/datasets/ds004513/derivatives/flint/antsRegistration/r8-p13/sub-s034/Stage2_level4_Iter0002.nii.gz
2DIAGNOSTIC,     2, -4.968856112484e-03, 1.797693134862e+308, 0.0000e+00, 0.0000e+00, 
*/mnt/lustre/mathdugre/fast-interpolate/datasets/ds004513/derivatives/flint/antsRegistration/r8-p13/sub-s034/Stage2_level4_Iter0003.nii.gz
2DIAGNOSTIC,     3, -5.001598406439e-03, 1.797693134862e+308, 0.0000e+00, 0.0000e+00, 
*/mnt/lustre/mathdugre/fast-interpolate/datasets/ds004513/derivatives/flint/antsRegistration/r8-p13/sub-s034/Stage2_level4_Iter0004.nii.gz
2DIAGNOSTIC,     4, -5.016358565450e-03, 1.797693134862e+308, 0.0000e+00, 0.0000e+00, 
*/mnt/lustre/mathdugre/fast-interpolate/datasets/ds004513/derivatives/flint/antsRegistration/r8-p13/sub-s034/Stage2_level4_Iter0005.nii.gz
2DIAGNOSTIC,     5, -5.042500206822e-03, 1.797693134862e+308, 0.0000e+00, 0.0000e+00, 
*/mnt/lustre/mathdugre/fast-interpolate/datasets/ds004513/derivatives/flint/antsRegistration/r8-p13/sub-s034/Stage2_level4_Iter0006.nii.gz
2DIAGNOSTIC,     6, -5.052576774561e-03, 1.797693134862e+308, 0.0000e+00, 0.0000e+00, 
*/mnt/lustre/mathdugre/fast-interpolate/datasets/ds004513/derivatives/flint/antsRegistration/r8-p13/sub-s034/Stage2_level4_Iter0007.nii.gz
2DIAGNOSTIC,     7, -5.061303817899e-03, 1.797693134862e+308, 0.0000e+00, 0.0000e+00, 
*/mnt/lustre/mathdugre/fast-interpolate/datasets/ds004513/derivatives/flint/antsRegistration/r8-p13/sub-s034/Stage2_level4_Iter0008.nii.gz
2DIAGNOSTIC,     8, -5.081059288342e-03, 1.797693134862e+308, 0.0000e+00, 0.0000e+00, 
*/mnt/lustre/mathdugre/fast-interpolate/datasets/ds004513/derivatives/flint/antsRegistration/r8-p13/sub-s034/Stage2_level4_Iter0009.nii.gz
2DIAGNOSTIC,     9, -5.081694448246e-03, 1.797693134862e+308, 0.0000e+00, 0.0000e+00, 
*/mnt/lustre/mathdugre/fast-interpolate/datasets/ds004513/derivatives/flint/antsRegistration/r8-p13/sub-s034/Stage2_level4_Iter0010.nii.gz
2DIAGNOSTIC,    10, -5.055240588334e-03, 1.876831054688e-03, 0.0000e+00, 0.0000e+00, 
*/mnt/lustre/mathdugre/fast-interpolate/datasets/ds004513/derivatives/flint/antsRegistration/r8-p13/sub-s034/Stage2_level4_Iter0011.nii.gz
2DIAGNOSTIC,    11, -5.057756347494e-03, 1.029968261719e-03, 0.0000e+00, 0.0000e+00, 
*/mnt/lustre/mathdugre/fast-interpolate/datasets/ds004513/derivatives/flint/antsRegistration/r8-p13/sub-s034/Stage2_level4_Iter0012.nii.gz
2DIAGNOSTIC,    12, -5.048972613162e-03, 5.187988281250e-04, 0.0000e+00, 0.0000e+00, 
*/mnt/lustre/mathdugre/fast-interpolate/datasets/ds004513/derivatives/flint/antsRegistration/r8-p13/sub-s034/Stage2_level4_Iter0013.nii.gz
2DIAGNOSTIC,    13, -5.049480886170e-03, 1.754760742188e-04, 0.0000e+00, 0.0000e+00, 
  Elapsed time (stage 1): 0.0000e+00


Stage 2
  iterations = 100x70x50x20
  convergence threshold = 1.0000e-06
  convergence window size = 10
  number of levels = 4
  using the CC metric (radius = 4, weight = 1.0000e+00, use gradient filter = 0)
  preprocessing:  winsorizing the image intensities
  Shrink factors (level 1 out of 4): [8, 8, 8]
  Shrink factors (level 2 out of 4): [4, 4, 4]
  Shrink factors (level 3 out of 4): [2, 2, 2]
  Shrink factors (level 4 out of 4): [1, 1, 1]
  smoothing sigmas per level: [3, 2, 1, 0]
  Using default NONE metricSamplingStrategy 

*** Running SyN registration (varianceForUpdateField = 3.0000e+00, varianceForTotalField = 0.0000e+00) ***

XXDIAGNOSTIC,Iteration,metricValue,convergenceValue,ITERATION_TIME_INDEX,SINCE_LAST
*/mnt/lustre/mathdugre/fast-interpolate/datasets/ds004513/derivatives/flint/antsRegistration/r8-p13/sub-s034/Stage3_level1_Iter0001.nii.gz
1DIAGNOSTIC,     1, -4.721679687500e-01, 1.797693134862e+308, 0.0000e+00, 0.0000e+00, 
*/mnt/lustre/mathdugre/fast-interpolate/datasets/ds004513/derivatives/flint/antsRegistration/r8-p13/sub-s034/Stage3_level1_Iter0002.nii.gz
1DIAGNOSTIC,     2, -4.718322753906e-01, 1.797693134862e+308, 0.0000e+00, 0.0000e+00, 
*/mnt/lustre/mathdugre/fast-interpolate/datasets/ds004513/derivatives/flint/antsRegistration/r8-p13/sub-s034/Stage3_level1_Iter0003.nii.gz
1DIAGNOSTIC,     3, -4.703063964844e-01, 1.797693134862e+308, 0.0000e+00, 0.0000e+00, 
*/mnt/lustre/mathdugre/fast-interpolate/datasets/ds004513/derivatives/flint/antsRegistration/r8-p13/sub-s034/Stage3_level1_Iter0004.nii.gz
1DIAGNOSTIC,     4, -4.699401855469e-01, 1.797693134862e+308, 0.0000e+00, 0.0000e+00, 
*/mnt/lustre/mathdugre/fast-interpolate/datasets/ds004513/derivatives/flint/antsRegistration/r8-p13/sub-s034/Stage3_level1_Iter0005.nii.gz
1DIAGNOSTIC,     5, -4.699401855469e-01, 1.797693134862e+308, 0.0000e+00, 0.0000e+00, 
*/mnt/lustre/mathdugre/fast-interpolate/datasets/ds004513/derivatives/flint/antsRegistration/r8-p13/sub-s034/Stage3_level1_Iter0006.nii.gz
1DIAGNOSTIC,     6, -4.696350097656e-01, 1.797693134862e+308, 0.0000e+00, 0.0000e+00, 
*/mnt/lustre/mathdugre/fast-interpolate/datasets/ds004513/derivatives/flint/antsRegistration/r8-p13/sub-s034/Stage3_level1_Iter0007.nii.gz
1DIAGNOSTIC,     7, -4.694824218750e-01, 1.797693134862e+308, 0.0000e+00, 0.0000e+00, 
*/mnt/lustre/mathdugre/fast-interpolate/datasets/ds004513/derivatives/flint/antsRegistration/r8-p13/sub-s034/Stage3_level1_Iter0008.nii.gz
1DIAGNOSTIC,     8, -4.691467285156e-01, 1.797693134862e+308, 0.0000e+00, 0.0000e+00, 
*/mnt/lustre/mathdugre/fast-interpolate/datasets/ds004513/derivatives/flint/antsRegistration/r8-p13/sub-s034/Stage3_level1_Iter0009.nii.gz
1DIAGNOSTIC,     9, -4.682617187500e-01, 1.797693134862e+308, 0.0000e+00, 0.0000e+00, 
*/mnt/lustre/mathdugre/fast-interpolate/datasets/ds004513/derivatives/flint/antsRegistration/r8-p13/sub-s034/Stage3_level1_Iter0010.nii.gz
1DIAGNOSTIC,    10, -4.676208496094e-01, -5.340576171875e-04, 0.0000e+00, 0.0000e+00, 
XXDIAGNOSTIC,Iteration,metricValue,convergenceValue,ITERATION_TIME_INDEX,SINCE_LAST
*/mnt/lustre/mathdugre/fast-interpolate/datasets/ds004513/derivatives/flint/antsRegistration/r8-p13/sub-s034/Stage3_level2_Iter0001.nii.gz
1DIAGNOSTIC,     1, -7.318115234375e-01, 1.797693134862e+308, 0.0000e+00, 0.0000e+00, 
*/mnt/lustre/mathdugre/fast-interpolate/datasets/ds004513/derivatives/flint/antsRegistration/r8-p13/sub-s034/Stage3_level2_Iter0002.nii.gz
1DIAGNOSTIC,     2, -7.318725585938e-01, 1.797693134862e+308, 0.0000e+00, 0.0000e+00, 
*/mnt/lustre/mathdugre/fast-interpolate/datasets/ds004513/derivatives/flint/antsRegistration/r8-p13/sub-s034/Stage3_level2_Iter0003.nii.gz
1DIAGNOSTIC,     3, -7.318725585938e-01, 1.797693134862e+308, 0.0000e+00, 0.0000e+00, 
*/mnt/lustre/mathdugre/fast-interpolate/datasets/ds004513/derivatives/flint/antsRegistration/r8-p13/sub-s034/Stage3_level2_Iter0004.nii.gz
1DIAGNOSTIC,     4, -7.319335937500e-01, 1.797693134862e+308, 0.0000e+00, 0.0000e+00, 
*/mnt/lustre/mathdugre/fast-interpolate/datasets/ds004513/derivatives/flint/antsRegistration/r8-p13/sub-s034/Stage3_level2_Iter0005.nii.gz
1DIAGNOSTIC,     5, -7.319946289062e-01, 1.797693134862e+308, 0.0000e+00, 0.0000e+00, 
*/mnt/lustre/mathdugre/fast-interpolate/datasets/ds004513/derivatives/flint/antsRegistration/r8-p13/sub-s034/Stage3_level2_Iter0006.nii.gz
1DIAGNOSTIC,     6, -7.319946289062e-01, 1.797693134862e+308, 0.0000e+00, 0.0000e+00, 
*/mnt/lustre/mathdugre/fast-interpolate/datasets/ds004513/derivatives/flint/antsRegistration/r8-p13/sub-s034/Stage3_level2_Iter0007.nii.gz
1DIAGNOSTIC,     7, -7.320556640625e-01, 1.797693134862e+308, 0.0000e+00, 0.0000e+00, 
*/mnt/lustre/mathdugre/fast-interpolate/datasets/ds004513/derivatives/flint/antsRegistration/r8-p13/sub-s034/Stage3_level2_Iter0008.nii.gz
1DIAGNOSTIC,     8, -7.320556640625e-01, 1.797693134862e+308, 0.0000e+00, 0.0000e+00, 
*/mnt/lustre/mathdugre/fast-interpolate/datasets/ds004513/derivatives/flint/antsRegistration/r8-p13/sub-s034/Stage3_level2_Iter0009.nii.gz
1DIAGNOSTIC,     9, -7.321166992188e-01, 1.797693134862e+308, 0.0000e+00, 0.0000e+00, 
*/mnt/lustre/mathdugre/fast-interpolate/datasets/ds004513/derivatives/flint/antsRegistration/r8-p13/sub-s034/Stage3_level2_Iter0010.nii.gz
1DIAGNOSTIC,    10, -7.321166992188e-01, 2.288818359375e-05, 0.0000e+00, 0.0000e+00, 
*/mnt/lustre/mathdugre/fast-interpolate/datasets/ds004513/derivatives/flint/antsRegistration/r8-p13/sub-s034/Stage3_level2_Iter0011.nii.gz
1DIAGNOSTIC,    11, -7.321777343750e-01, 1.525878906250e-05, 0.0000e+00, 0.0000e+00, 
*/mnt/lustre/mathdugre/fast-interpolate/datasets/ds004513/derivatives/flint/antsRegistration/r8-p13/sub-s034/Stage3_level2_Iter0012.nii.gz
1DIAGNOSTIC,    12, -7.321777343750e-01, 1.525878906250e-05, 0.0000e+00, 0.0000e+00, 
*/mnt/lustre/mathdugre/fast-interpolate/datasets/ds004513/derivatives/flint/antsRegistration/r8-p13/sub-s034/Stage3_level2_Iter0013.nii.gz
1DIAGNOSTIC,    13, -7.321777343750e-01, 2.288818359375e-05, 0.0000e+00, 0.0000e+00, 
*/mnt/lustre/mathdugre/fast-interpolate/datasets/ds004513/derivatives/flint/antsRegistration/r8-p13/sub-s034/Stage3_level2_Iter0014.nii.gz
1DIAGNOSTIC,    14, -7.322387695312e-01, 1.525878906250e-05, 0.0000e+00, 0.0000e+00, 
*/mnt/lustre/mathdugre/fast-interpolate/datasets/ds004513/derivatives/flint/antsRegistration/r8-p13/sub-s034/Stage3_level2_Iter0015.nii.gz
1DIAGNOSTIC,    15, -7.322998046875e-01, 2.288818359375e-05, 0.0000e+00, 0.0000e+00, 
*/mnt/lustre/mathdugre/fast-interpolate/datasets/ds004513/derivatives/flint/antsRegistration/r8-p13/sub-s034/Stage3_level2_Iter0016.nii.gz
1DIAGNOSTIC,    16, -7.322998046875e-01, 1.525878906250e-05, 0.0000e+00, 0.0000e+00, 
*/mnt/lustre/mathdugre/fast-interpolate/datasets/ds004513/derivatives/flint/antsRegistration/r8-p13/sub-s034/Stage3_level2_Iter0017.nii.gz
1DIAGNOSTIC,    17, -7.322998046875e-01, 3.814697265625e-06, 0.0000e+00, 0.0000e+00, 
*/mnt/lustre/mathdugre/fast-interpolate/datasets/ds004513/derivatives/flint/antsRegistration/r8-p13/sub-s034/Stage3_level2_Iter0018.nii.gz
1DIAGNOSTIC,    18, -7.322998046875e-01, 1.144409179688e-05, 0.0000e+00, 0.0000e+00, 
*/mnt/lustre/mathdugre/fast-interpolate/datasets/ds004513/derivatives/flint/antsRegistration/r8-p13/sub-s034/Stage3_level2_Iter0019.nii.gz
1DIAGNOSTIC,    19, -7.322998046875e-01, 2.288818359375e-05, 0.0000e+00, 0.0000e+00, 
*/mnt/lustre/mathdugre/fast-interpolate/datasets/ds004513/derivatives/flint/antsRegistration/r8-p13/sub-s034/Stage3_level2_Iter0020.nii.gz
1DIAGNOSTIC,    20, -7.322998046875e-01, 7.629394531250e-06, 0.0000e+00, 0.0000e+00, 
*/mnt/lustre/mathdugre/fast-interpolate/datasets/ds004513/derivatives/flint/antsRegistration/r8-p13/sub-s034/Stage3_level2_Iter0021.nii.gz
1DIAGNOSTIC,    21, -7.322998046875e-01, 1.907348632812e-05, 0.0000e+00, 0.0000e+00, 
*/mnt/lustre/mathdugre/fast-interpolate/datasets/ds004513/derivatives/flint/antsRegistration/r8-p13/sub-s034/Stage3_level2_Iter0022.nii.gz
1DIAGNOSTIC,    22, -7.322998046875e-01, -0.000000000000e+00, 0.0000e+00, 0.0000e+00, 
XXDIAGNOSTIC,Iteration,metricValue,convergenceValue,ITERATION_TIME_INDEX,SINCE_LAST
*/mnt/lustre/mathdugre/fast-interpolate/datasets/ds004513/derivatives/flint/antsRegistration/r8-p13/sub-s034/Stage3_level3_Iter0001.nii.gz
1DIAGNOSTIC,     1, -8.896484375000e-01, 1.797693134862e+308, 0.0000e+00, 0.0000e+00, 
*/mnt/lustre/mathdugre/fast-interpolate/datasets/ds004513/derivatives/flint/antsRegistration/r8-p13/sub-s034/Stage3_level3_Iter0002.nii.gz
1DIAGNOSTIC,     2, -8.897094726562e-01, 1.797693134862e+308, 0.0000e+00, 0.0000e+00, 
*/mnt/lustre/mathdugre/fast-interpolate/datasets/ds004513/derivatives/flint/antsRegistration/r8-p13/sub-s034/Stage3_level3_Iter0003.nii.gz
1DIAGNOSTIC,     3, -8.898315429688e-01, 1.797693134862e+308, 0.0000e+00, 0.0000e+00, 
*/mnt/lustre/mathdugre/fast-interpolate/datasets/ds004513/derivatives/flint/antsRegistration/r8-p13/sub-s034/Stage3_level3_Iter0004.nii.gz
1DIAGNOSTIC,     4, -8.898925781250e-01, 1.797693134862e+308, 0.0000e+00, 0.0000e+00, 
*/mnt/lustre/mathdugre/fast-interpolate/datasets/ds004513/derivatives/flint/antsRegistration/r8-p13/sub-s034/Stage3_level3_Iter0005.nii.gz
1DIAGNOSTIC,     5, -8.899536132812e-01, 1.797693134862e+308, 0.0000e+00, 0.0000e+00, 
*/mnt/lustre/mathdugre/fast-interpolate/datasets/ds004513/derivatives/flint/antsRegistration/r8-p13/sub-s034/Stage3_level3_Iter0006.nii.gz
1DIAGNOSTIC,     6, -8.900146484375e-01, 1.797693134862e+308, 0.0000e+00, 0.0000e+00, 
*/mnt/lustre/mathdugre/fast-interpolate/datasets/ds004513/derivatives/flint/antsRegistration/r8-p13/sub-s034/Stage3_level3_Iter0007.nii.gz
1DIAGNOSTIC,     7, -8.900756835938e-01, 1.797693134862e+308, 0.0000e+00, 0.0000e+00, 
*/mnt/lustre/mathdugre/fast-interpolate/datasets/ds004513/derivatives/flint/antsRegistration/r8-p13/sub-s034/Stage3_level3_Iter0008.nii.gz
1DIAGNOSTIC,     8, -8.901367187500e-01, 1.797693134862e+308, 0.0000e+00, 0.0000e+00, 
*/mnt/lustre/mathdugre/fast-interpolate/datasets/ds004513/derivatives/flint/antsRegistration/r8-p13/sub-s034/Stage3_level3_Iter0009.nii.gz
1DIAGNOSTIC,     9, -8.901977539062e-01, 1.797693134862e+308, 0.0000e+00, 0.0000e+00, 
*/mnt/lustre/mathdugre/fast-interpolate/datasets/ds004513/derivatives/flint/antsRegistration/r8-p13/sub-s034/Stage3_level3_Iter0010.nii.gz
1DIAGNOSTIC,    10, -8.902587890625e-01, 3.814697265625e-05, 0.0000e+00, 0.0000e+00, 
*/mnt/lustre/mathdugre/fast-interpolate/datasets/ds004513/derivatives/flint/antsRegistration/r8-p13/sub-s034/Stage3_level3_Iter0011.nii.gz
1DIAGNOSTIC,    11, -8.903198242188e-01, 3.051757812500e-05, 0.0000e+00, 0.0000e+00, 
*/mnt/lustre/mathdugre/fast-interpolate/datasets/ds004513/derivatives/flint/antsRegistration/r8-p13/sub-s034/Stage3_level3_Iter0012.nii.gz
1DIAGNOSTIC,    12, -8.903808593750e-01, 3.051757812500e-05, 0.0000e+00, 0.0000e+00, 
*/mnt/lustre/mathdugre/fast-interpolate/datasets/ds004513/derivatives/flint/antsRegistration/r8-p13/sub-s034/Stage3_level3_Iter0013.nii.gz
1DIAGNOSTIC,    13, -8.904418945312e-01, 4.577636718750e-05, 0.0000e+00, 0.0000e+00, 
*/mnt/lustre/mathdugre/fast-interpolate/datasets/ds004513/derivatives/flint/antsRegistration/r8-p13/sub-s034/Stage3_level3_Iter0014.nii.gz
1DIAGNOSTIC,    14, -8.905029296875e-01, 3.051757812500e-05, 0.0000e+00, 0.0000e+00, 
*/mnt/lustre/mathdugre/fast-interpolate/datasets/ds004513/derivatives/flint/antsRegistration/r8-p13/sub-s034/Stage3_level3_Iter0015.nii.gz
1DIAGNOSTIC,    15, -8.905639648438e-01, 2.288818359375e-05, 0.0000e+00, 0.0000e+00, 
*/mnt/lustre/mathdugre/fast-interpolate/datasets/ds004513/derivatives/flint/antsRegistration/r8-p13/sub-s034/Stage3_level3_Iter0016.nii.gz
1DIAGNOSTIC,    16, -8.906250000000e-01, 2.288818359375e-05, 0.0000e+00, 0.0000e+00, 
*/mnt/lustre/mathdugre/fast-interpolate/datasets/ds004513/derivatives/flint/antsRegistration/r8-p13/sub-s034/Stage3_level3_Iter0017.nii.gz
1DIAGNOSTIC,    17, -8.906860351562e-01, 1.907348632812e-05, 0.0000e+00, 0.0000e+00, 
*/mnt/lustre/mathdugre/fast-interpolate/datasets/ds004513/derivatives/flint/antsRegistration/r8-p13/sub-s034/Stage3_level3_Iter0018.nii.gz
1DIAGNOSTIC,    18, -8.907470703125e-01, 1.907348632812e-05, 0.0000e+00, 0.0000e+00, 
*/mnt/lustre/mathdugre/fast-interpolate/datasets/ds004513/derivatives/flint/antsRegistration/r8-p13/sub-s034/Stage3_level3_Iter0019.nii.gz
1DIAGNOSTIC,    19, -8.908081054688e-01, 2.288818359375e-05, 0.0000e+00, 0.0000e+00, 
*/mnt/lustre/mathdugre/fast-interpolate/datasets/ds004513/derivatives/flint/antsRegistration/r8-p13/sub-s034/Stage3_level3_Iter0020.nii.gz
1DIAGNOSTIC,    20, -8.908081054688e-01, 1.144409179688e-05, 0.0000e+00, 0.0000e+00, 
*/mnt/lustre/mathdugre/fast-interpolate/datasets/ds004513/derivatives/flint/antsRegistration/r8-p13/sub-s034/Stage3_level3_Iter0021.nii.gz
1DIAGNOSTIC,    21, -8.908691406250e-01, 1.525878906250e-05, 0.0000e+00, 0.0000e+00, 
*/mnt/lustre/mathdugre/fast-interpolate/datasets/ds004513/derivatives/flint/antsRegistration/r8-p13/sub-s034/Stage3_level3_Iter0022.nii.gz
1DIAGNOSTIC,    22, -8.909301757812e-01, 1.907348632812e-05, 0.0000e+00, 0.0000e+00, 
*/mnt/lustre/mathdugre/fast-interpolate/datasets/ds004513/derivatives/flint/antsRegistration/r8-p13/sub-s034/Stage3_level3_Iter0023.nii.gz
1DIAGNOSTIC,    23, -8.909301757812e-01, 1.144409179688e-05, 0.0000e+00, 0.0000e+00, 
*/mnt/lustre/mathdugre/fast-interpolate/datasets/ds004513/derivatives/flint/antsRegistration/r8-p13/sub-s034/Stage3_level3_Iter0024.nii.gz
1DIAGNOSTIC,    24, -8.909912109375e-01, 1.144409179688e-05, 0.0000e+00, 0.0000e+00, 
*/mnt/lustre/mathdugre/fast-interpolate/datasets/ds004513/derivatives/flint/antsRegistration/r8-p13/sub-s034/Stage3_level3_Iter0025.nii.gz
1DIAGNOSTIC,    25, -8.910522460938e-01, 1.525878906250e-05, 0.0000e+00, 0.0000e+00, 
*/mnt/lustre/mathdugre/fast-interpolate/datasets/ds004513/derivatives/flint/antsRegistration/r8-p13/sub-s034/Stage3_level3_Iter0026.nii.gz
1DIAGNOSTIC,    26, -8.910522460938e-01, 1.144409179688e-05, 0.0000e+00, 0.0000e+00, 
*/mnt/lustre/mathdugre/fast-interpolate/datasets/ds004513/derivatives/flint/antsRegistration/r8-p13/sub-s034/Stage3_level3_Iter0027.nii.gz
1DIAGNOSTIC,    27, -8.911132812500e-01, 1.525878906250e-05, 0.0000e+00, 0.0000e+00, 
*/mnt/lustre/mathdugre/fast-interpolate/datasets/ds004513/derivatives/flint/antsRegistration/r8-p13/sub-s034/Stage3_level3_Iter0028.nii.gz
1DIAGNOSTIC,    28, -8.911132812500e-01, 1.525878906250e-05, 0.0000e+00, 0.0000e+00, 
*/mnt/lustre/mathdugre/fast-interpolate/datasets/ds004513/derivatives/flint/antsRegistration/r8-p13/sub-s034/Stage3_level3_Iter0029.nii.gz
1DIAGNOSTIC,    29, -8.911743164062e-01, 3.814697265625e-06, 0.0000e+00, 0.0000e+00, 
*/mnt/lustre/mathdugre/fast-interpolate/datasets/ds004513/derivatives/flint/antsRegistration/r8-p13/sub-s034/Stage3_level3_Iter0030.nii.gz
1DIAGNOSTIC,    30, -8.911743164062e-01, 7.629394531250e-06, 0.0000e+00, 0.0000e+00, 
*/mnt/lustre/mathdugre/fast-interpolate/datasets/ds004513/derivatives/flint/antsRegistration/r8-p13/sub-s034/Stage3_level3_Iter0031.nii.gz
1DIAGNOSTIC,    31, -8.911743164062e-01, 3.814697265625e-06, 0.0000e+00, 0.0000e+00, 
*/mnt/lustre/mathdugre/fast-interpolate/datasets/ds004513/derivatives/flint/antsRegistration/r8-p13/sub-s034/Stage3_level3_Iter0032.nii.gz
1DIAGNOSTIC,    32, -8.912353515625e-01, 7.629394531250e-06, 0.0000e+00, 0.0000e+00, 
*/mnt/lustre/mathdugre/fast-interpolate/datasets/ds004513/derivatives/flint/antsRegistration/r8-p13/sub-s034/Stage3_level3_Iter0033.nii.gz
1DIAGNOSTIC,    33, -8.912353515625e-01, 3.814697265625e-06, 0.0000e+00, 0.0000e+00, 
*/mnt/lustre/mathdugre/fast-interpolate/datasets/ds004513/derivatives/flint/antsRegistration/r8-p13/sub-s034/Stage3_level3_Iter0034.nii.gz
1DIAGNOSTIC,    34, -8.912963867188e-01, 7.629394531250e-06, 0.0000e+00, 0.0000e+00, 
*/mnt/lustre/mathdugre/fast-interpolate/datasets/ds004513/derivatives/flint/antsRegistration/r8-p13/sub-s034/Stage3_level3_Iter0035.nii.gz
1DIAGNOSTIC,    35, -8.912963867188e-01, 3.814697265625e-06, 0.0000e+00, 0.0000e+00, 
*/mnt/lustre/mathdugre/fast-interpolate/datasets/ds004513/derivatives/flint/antsRegistration/r8-p13/sub-s034/Stage3_level3_Iter0036.nii.gz
1DIAGNOSTIC,    36, -8.912963867188e-01, 5.722045898438e-06, 0.0000e+00, 0.0000e+00, 
*/mnt/lustre/mathdugre/fast-interpolate/datasets/ds004513/derivatives/flint/antsRegistration/r8-p13/sub-s034/Stage3_level3_Iter0037.nii.gz
1DIAGNOSTIC,    37, -8.913574218750e-01, 7.629394531250e-06, 0.0000e+00, 0.0000e+00, 
*/mnt/lustre/mathdugre/fast-interpolate/datasets/ds004513/derivatives/flint/antsRegistration/r8-p13/sub-s034/Stage3_level3_Iter0038.nii.gz
1DIAGNOSTIC,    38, -8.913574218750e-01, 5.722045898438e-06, 0.0000e+00, 0.0000e+00, 
*/mnt/lustre/mathdugre/fast-interpolate/datasets/ds004513/derivatives/flint/antsRegistration/r8-p13/sub-s034/Stage3_level3_Iter0039.nii.gz
1DIAGNOSTIC,    39, -8.913574218750e-01, 3.814697265625e-06, 0.0000e+00, 0.0000e+00, 
*/mnt/lustre/mathdugre/fast-interpolate/datasets/ds004513/derivatives/flint/antsRegistration/r8-p13/sub-s034/Stage3_level3_Iter0040.nii.gz
1DIAGNOSTIC,    40, -8.913574218750e-01, -0.000000000000e+00, 0.0000e+00, 0.0000e+00, 
XXDIAGNOSTIC,Iteration,metricValue,convergenceValue,ITERATION_TIME_INDEX,SINCE_LAST
*/mnt/lustre/mathdugre/fast-interpolate/datasets/ds004513/derivatives/flint/antsRegistration/r8-p13/sub-s034/Stage3_level4_Iter0001.nii.gz
1DIAGNOSTIC,     1, -9.638061523438e-01, 1.797693134862e+308, 0.0000e+00, 0.0000e+00, 
*/mnt/lustre/mathdugre/fast-interpolate/datasets/ds004513/derivatives/flint/antsRegistration/r8-p13/sub-s034/Stage3_level4_Iter0002.nii.gz
1DIAGNOSTIC,     2, -9.638061523438e-01, 1.797693134862e+308, 0.0000e+00, 0.0000e+00, 
*/mnt/lustre/mathdugre/fast-interpolate/datasets/ds004513/derivatives/flint/antsRegistration/r8-p13/sub-s034/Stage3_level4_Iter0003.nii.gz
1DIAGNOSTIC,     3, -9.638671875000e-01, 1.797693134862e+308, 0.0000e+00, 0.0000e+00, 
*/mnt/lustre/mathdugre/fast-interpolate/datasets/ds004513/derivatives/flint/antsRegistration/r8-p13/sub-s034/Stage3_level4_Iter0004.nii.gz
1DIAGNOSTIC,     4, -9.638671875000e-01, 1.797693134862e+308, 0.0000e+00, 0.0000e+00, 
*/mnt/lustre/mathdugre/fast-interpolate/datasets/ds004513/derivatives/flint/antsRegistration/r8-p13/sub-s034/Stage3_level4_Iter0005.nii.gz
1DIAGNOSTIC,     5, -9.639282226562e-01, 1.797693134862e+308, 0.0000e+00, 0.0000e+00, 
*/mnt/lustre/mathdugre/fast-interpolate/datasets/ds004513/derivatives/flint/antsRegistration/r8-p13/sub-s034/Stage3_level4_Iter0006.nii.gz
1DIAGNOSTIC,     6, -9.639892578125e-01, 1.797693134862e+308, 0.0000e+00, 0.0000e+00, 
*/mnt/lustre/mathdugre/fast-interpolate/datasets/ds004513/derivatives/flint/antsRegistration/r8-p13/sub-s034/Stage3_level4_Iter0007.nii.gz
1DIAGNOSTIC,     7, -9.639892578125e-01, 1.797693134862e+308, 0.0000e+00, 0.0000e+00, 
*/mnt/lustre/mathdugre/fast-interpolate/datasets/ds004513/derivatives/flint/antsRegistration/r8-p13/sub-s034/Stage3_level4_Iter0008.nii.gz
1DIAGNOSTIC,     8, -9.640502929688e-01, 1.797693134862e+308, 0.0000e+00, 0.0000e+00, 
*/mnt/lustre/mathdugre/fast-interpolate/datasets/ds004513/derivatives/flint/antsRegistration/r8-p13/sub-s034/Stage3_level4_Iter0009.nii.gz
1DIAGNOSTIC,     9, -9.640502929688e-01, 1.797693134862e+308, 0.0000e+00, 0.0000e+00, 
*/mnt/lustre/mathdugre/fast-interpolate/datasets/ds004513/derivatives/flint/antsRegistration/r8-p13/sub-s034/Stage3_level4_Iter0010.nii.gz
1DIAGNOSTIC,    10, -9.641113281250e-01, 1.525878906250e-05, 0.0000e+00, 0.0000e+00, 
*/mnt/lustre/mathdugre/fast-interpolate/datasets/ds004513/derivatives/flint/antsRegistration/r8-p13/sub-s034/Stage3_level4_Iter0011.nii.gz
1DIAGNOSTIC,    11, -9.641113281250e-01, 2.288818359375e-05, 0.0000e+00, 0.0000e+00, 
*/mnt/lustre/mathdugre/fast-interpolate/datasets/ds004513/derivatives/flint/antsRegistration/r8-p13/sub-s034/Stage3_level4_Iter0012.nii.gz
1DIAGNOSTIC,    12, -9.641723632812e-01, 7.629394531250e-06, 0.0000e+00, 0.0000e+00, 
*/mnt/lustre/mathdugre/fast-interpolate/datasets/ds004513/derivatives/flint/antsRegistration/r8-p13/sub-s034/Stage3_level4_Iter0013.nii.gz
1DIAGNOSTIC,    13, -9.641723632812e-01, 3.051757812500e-05, 0.0000e+00, 0.0000e+00, 
*/mnt/lustre/mathdugre/fast-interpolate/datasets/ds004513/derivatives/flint/antsRegistration/r8-p13/sub-s034/Stage3_level4_Iter0014.nii.gz
1DIAGNOSTIC,    14, -9.641723632812e-01, 1.525878906250e-05, 0.0000e+00, 0.0000e+00, 
*/mnt/lustre/mathdugre/fast-interpolate/datasets/ds004513/derivatives/flint/antsRegistration/r8-p13/sub-s034/Stage3_level4_Iter0015.nii.gz
1DIAGNOSTIC,    15, -9.642333984375e-01, 1.525878906250e-05, 0.0000e+00, 0.0000e+00, 
*/mnt/lustre/mathdugre/fast-interpolate/datasets/ds004513/derivatives/flint/antsRegistration/r8-p13/sub-s034/Stage3_level4_Iter0016.nii.gz
1DIAGNOSTIC,    16, -9.642333984375e-01, 7.629394531250e-06, 0.0000e+00, 0.0000e+00, 
*/mnt/lustre/mathdugre/fast-interpolate/datasets/ds004513/derivatives/flint/antsRegistration/r8-p13/sub-s034/Stage3_level4_Iter0017.nii.gz
1DIAGNOSTIC,    17, -9.642944335938e-01, 1.144409179688e-05, 1.3107e+05, 1.3107e+05, 
*/mnt/lustre/mathdugre/fast-interpolate/datasets/ds004513/derivatives/flint/antsRegistration/r8-p13/sub-s034/Stage3_level4_Iter0018.nii.gz
1DIAGNOSTIC,    18, -9.642944335938e-01, 7.629394531250e-06, 1.3107e+05, 0.0000e+00, 
*/mnt/lustre/mathdugre/fast-interpolate/datasets/ds004513/derivatives/flint/antsRegistration/r8-p13/sub-s034/Stage3_level4_Iter0019.nii.gz
1DIAGNOSTIC,    19, -9.642944335938e-01, 1.144409179688e-05, 1.3107e+05, 0.0000e+00, 
*/mnt/lustre/mathdugre/fast-interpolate/datasets/ds004513/derivatives/flint/antsRegistration/r8-p13/sub-s034/Stage3_level4_Iter0020.nii.gz
1DIAGNOSTIC,    20, -9.643554687500e-01, 1.144409179688e-05, 1.3107e+05, 0.0000e+00, 
  Elapsed time (stage 2): 1.311e+05


Total elapsed time: 1.311e+05
